# gpu0: NVIDIA GeForce RTX 5060 Ti (15GB, sm_120)
# gpu1: NVIDIA GeForce GTX 1060 6GB (5GB, sm_61)
# gpu2: NVIDIA GeForce GTX 1060 6GB (5GB, sm_61)
epoch 0: loss=2.066392, train_acc=0.2176, time=8.9s
per-rank: rank1[cuda1,share=0.3683,tput=2.82] rank0[cuda0,share=0.3574,tput=6.58] rank2[cuda2,share=0.2743,tput=3.05]
epoch 0: eval=0.3286
epoch 1: loss=1.794156, train_acc=0.3204, time=9.3s
per-rank: rank1[cuda1,share=0.3683,tput=2.14] rank0[cuda0,share=0.3574,tput=3.65] rank2[cuda2,share=0.2743,tput=5.82]
epoch 1: eval=0.3336
epoch 2: loss=1.642205, train_acc=0.3912, time=9.8s
per-rank: rank1[cuda1,share=0.3683,tput=4.31] rank0[cuda0,share=0.3574,tput=2.21] rank2[cuda2,share=0.2743,tput=4.10]
epoch 2: eval=0.3876
epoch 3: loss=1.514852, train_acc=0.4404, time=9.0s
per-rank: rank1[cuda1,share=0.3683,tput=3.23] rank0[cuda0,share=0.3574,tput=3.39] rank2[cuda2,share=0.2743,tput=3.11]
epoch 3: eval=0.3898
epoch 4: loss=1.405217, train_acc=0.4879, time=8.4s
per-rank: rank1[cuda1,share=0.3683,tput=2.93] rank0[cuda0,share=0.3574,tput=4.32] rank2[cuda2,share=0.2743,tput=2.86]
epoch 4: eval=0.3930
epoch 5: loss=1.283864, train_acc=0.5377, time=9.4s
per-rank: rank1[cuda1,share=0.3683,tput=4.06] rank0[cuda0,share=0.3574,tput=2.35] rank2[cuda2,share=0.2743,tput=4.04]
epoch 5: eval=0.5200
epoch 6: loss=1.194162, train_acc=0.5710, time=8.8s
per-rank: rank1[cuda1,share=0.3683,tput=3.20] rank0[cuda0,share=0.3574,tput=4.23] rank2[cuda2,share=0.2743,tput=2.57]
epoch 6: eval=0.4586
epoch 7: loss=1.108207, train_acc=0.6059, time=8.5s
per-rank: rank1[cuda1,share=0.3683,tput=4.79] rank0[cuda0,share=0.3574,tput=3.11] rank2[cuda2,share=0.2743,tput=2.34]
epoch 7: eval=0.5809
epoch 8: loss=1.046693, train_acc=0.6306, time=8.8s
per-rank: rank1[cuda1,share=0.3683,tput=3.51] rank0[cuda0,share=0.3574,tput=2.54] rank2[cuda2,share=0.2743,tput=5.16]
epoch 8: eval=0.6332
epoch 9: loss=0.999790, train_acc=0.6466, time=8.6s
per-rank: rank1[cuda1,share=0.3683,tput=2.48] rank0[cuda0,share=0.3574,tput=4.69] rank2[cuda2,share=0.2743,tput=3.44]
epoch 9: eval=0.6508
epoch 10: loss=0.945479, train_acc=0.6695, time=8.6s
per-rank: rank1[cuda1,share=0.3683,tput=3.83] rank0[cuda0,share=0.3574,tput=3.74] rank2[cuda2,share=0.2743,tput=2.92]
epoch 10: eval=0.6425
epoch 11: loss=0.904326, train_acc=0.6834, time=8.6s
per-rank: rank1[cuda1,share=0.3683,tput=2.34] rank0[cuda0,share=0.3574,tput=4.26] rank2[cuda2,share=0.2743,tput=3.94]
epoch 11: eval=0.6729
epoch 12: loss=0.872695, train_acc=0.6951, time=8.5s
per-rank: rank1[cuda1,share=0.3683,tput=5.00] rank0[cuda0,share=0.3574,tput=2.45] rank2[cuda2,share=0.2743,tput=2.68]
epoch 12: eval=0.6743
epoch 13: loss=0.832473, train_acc=0.7085, time=8.4s
per-rank: rank1[cuda1,share=0.3683,tput=4.58] rank0[cuda0,share=0.3574,tput=2.54] rank2[cuda2,share=0.2743,tput=2.98]
epoch 13: eval=0.6717
epoch 14: loss=0.815527, train_acc=0.7161, time=9.5s
per-rank: rank1[cuda1,share=0.3683,tput=3.50] rank0[cuda0,share=0.3574,tput=2.30] rank2[cuda2,share=0.2743,tput=5.30]
epoch 14: eval=0.7412
epoch 15: loss=0.783196, train_acc=0.7275, time=8.9s
per-rank: rank1[cuda1,share=0.3683,tput=2.45] rank0[cuda0,share=0.3574,tput=3.77] rank2[cuda2,share=0.2743,tput=4.41]
epoch 15: eval=0.7206
epoch 16: loss=0.762660, train_acc=0.7341, time=8.7s
per-rank: rank1[cuda1,share=0.3683,tput=2.28] rank0[cuda0,share=0.3574,tput=3.49] rank2[cuda2,share=0.2743,tput=5.87]
epoch 16: eval=0.7202
epoch 17: loss=0.742126, train_acc=0.7400, time=8.8s
per-rank: rank1[cuda1,share=0.3683,tput=3.58] rank0[cuda0,share=0.3574,tput=3.32] rank2[cuda2,share=0.2743,tput=3.01]
epoch 17: eval=0.7034
epoch 18: loss=0.725150, train_acc=0.7478, time=9.5s
per-rank: rank1[cuda1,share=0.3683,tput=3.79] rank0[cuda0,share=0.3574,tput=2.26] rank2[cuda2,share=0.2743,tput=4.18]
epoch 18: eval=0.7179
epoch 19: loss=0.710459, train_acc=0.7547, time=8.9s
per-rank: rank1[cuda1,share=0.3683,tput=2.55] rank0[cuda0,share=0.3574,tput=4.65] rank2[cuda2,share=0.2743,tput=3.62]
epoch 19: eval=0.7082
epoch 20: loss=0.699356, train_acc=0.7606, time=9.5s
per-rank: rank1[cuda1,share=0.3683,tput=3.09] rank0[cuda0,share=0.3574,tput=2.27] rank2[cuda2,share=0.2743,tput=5.92]
epoch 20: eval=0.6778
epoch 21: loss=0.695978, train_acc=0.7593, time=9.0s
per-rank: rank1[cuda1,share=0.3683,tput=2.38] rank0[cuda0,share=0.3574,tput=4.11] rank2[cuda2,share=0.2743,tput=3.97]
epoch 21: eval=0.7653
epoch 22: loss=0.667798, train_acc=0.7712, time=9.6s
per-rank: rank1[cuda1,share=0.3683,tput=3.38] rank0[cuda0,share=0.3574,tput=2.22] rank2[cuda2,share=0.2743,tput=5.55]
epoch 22: eval=0.6756
epoch 23: loss=0.668644, train_acc=0.7688, time=9.0s
per-rank: rank1[cuda1,share=0.3683,tput=2.48] rank0[cuda0,share=0.3574,tput=4.23] rank2[cuda2,share=0.2743,tput=3.97]
epoch 23: eval=0.7359
epoch 24: loss=0.662336, train_acc=0.7718, time=9.3s
per-rank: rank1[cuda1,share=0.3683,tput=2.15] rank0[cuda0,share=0.3574,tput=4.95] rank2[cuda2,share=0.2743,tput=3.85]
epoch 24: eval=0.6867
epoch 25: loss=0.659037, train_acc=0.7743, time=9.1s
per-rank: rank1[cuda1,share=0.3683,tput=3.66] rank0[cuda0,share=0.3574,tput=2.76] rank2[cuda2,share=0.2743,tput=2.98]
epoch 25: eval=0.7439
epoch 26: loss=0.652835, train_acc=0.7758, time=10.3s
per-rank: rank1[cuda1,share=0.3683,tput=3.24] rank0[cuda0,share=0.3574,tput=2.07] rank2[cuda2,share=0.2743,tput=6.00]
epoch 26: eval=0.7301
epoch 27: loss=0.631450, train_acc=0.7821, time=9.3s
per-rank: rank1[cuda1,share=0.3683,tput=3.45] rank0[cuda0,share=0.3574,tput=2.85] rank2[cuda2,share=0.2743,tput=3.07]
epoch 27: eval=0.7382
epoch 28: loss=0.628056, train_acc=0.7843, time=9.2s
per-rank: rank1[cuda1,share=0.3683,tput=2.15] rank0[cuda0,share=0.3574,tput=3.65] rank2[cuda2,share=0.2743,tput=5.77]
epoch 28: eval=0.7788
epoch 29: loss=0.624942, train_acc=0.7856, time=8.8s
per-rank: rank1[cuda1,share=0.3683,tput=3.78] rank0[cuda0,share=0.3574,tput=2.49] rank2[cuda2,share=0.2743,tput=4.17]
epoch 29: eval=0.7129
epoch 30: loss=0.617296, train_acc=0.7887, time=8.5s
per-rank: rank1[cuda1,share=0.3683,tput=4.13] rank0[cuda0,share=0.3574,tput=3.11] rank2[cuda2,share=0.2743,tput=2.65]
epoch 30: eval=0.6919
epoch 31: loss=0.608404, train_acc=0.7927, time=9.2s
per-rank: rank1[cuda1,share=0.3683,tput=2.16] rank0[cuda0,share=0.3574,tput=4.13] rank2[cuda2,share=0.2743,tput=4.48]
epoch 31: eval=0.7725
epoch 32: loss=0.609890, train_acc=0.7903, time=8.8s
per-rank: rank1[cuda1,share=0.3683,tput=4.42] rank0[cuda0,share=0.3574,tput=2.83] rank2[cuda2,share=0.2743,tput=2.98]
epoch 32: eval=0.7340
epoch 33: loss=0.610266, train_acc=0.7891, time=10.1s
per-rank: rank1[cuda1,share=0.3683,tput=4.23] rank0[cuda0,share=0.3574,tput=2.15] rank2[cuda2,share=0.2743,tput=5.40]
epoch 33: eval=0.7722
epoch 34: loss=0.599276, train_acc=0.7937, time=9.7s
per-rank: rank1[cuda1,share=0.3683,tput=2.06] rank0[cuda0,share=0.3574,tput=4.00] rank2[cuda2,share=0.2743,tput=4.65]
epoch 34: eval=0.7588
epoch 35: loss=0.600607, train_acc=0.7951, time=8.6s
per-rank: rank1[cuda1,share=0.3683,tput=4.19] rank0[cuda0,share=0.3574,tput=3.09] rank2[cuda2,share=0.2743,tput=2.62]
epoch 35: eval=0.7361
epoch 36: loss=0.587080, train_acc=0.8001, time=9.4s
per-rank: rank1[cuda1,share=0.3683,tput=3.74] rank0[cuda0,share=0.3574,tput=2.28] rank2[cuda2,share=0.2743,tput=4.29]
epoch 36: eval=0.7711
epoch 37: loss=0.582072, train_acc=0.8010, time=8.9s
per-rank: rank1[cuda1,share=0.3683,tput=6.09] rank0[cuda0,share=0.3574,tput=2.77] rank2[cuda2,share=0.2743,tput=2.87]
epoch 37: eval=0.7533
epoch 38: loss=0.589831, train_acc=0.7993, time=9.0s
per-rank: rank1[cuda1,share=0.3683,tput=3.36] rank0[cuda0,share=0.3574,tput=2.44] rank2[cuda2,share=0.2743,tput=5.67]
epoch 38: eval=0.7441
epoch 39: loss=0.582475, train_acc=0.7984, time=9.0s
per-rank: rank1[cuda1,share=0.3683,tput=2.23] rank0[cuda0,share=0.3574,tput=4.37] rank2[cuda2,share=0.2743,tput=4.26]
epoch 39: eval=0.7833
epoch 40: loss=0.578647, train_acc=0.8020, time=8.6s
per-rank: rank1[cuda1,share=0.3683,tput=4.79] rank0[cuda0,share=0.3574,tput=2.22] rank2[cuda2,share=0.2743,tput=2.98]
epoch 40: eval=0.7548
epoch 41: loss=0.574806, train_acc=0.8017, time=9.8s
per-rank: rank1[cuda1,share=0.3683,tput=2.84] rank0[cuda0,share=0.3574,tput=2.29] rank2[cuda2,share=0.2743,tput=7.18]
epoch 41: eval=0.7828
epoch 42: loss=0.577072, train_acc=0.8013, time=9.2s
per-rank: rank1[cuda1,share=0.3683,tput=3.21] rank0[cuda0,share=0.3574,tput=3.51] rank2[cuda2,share=0.2743,tput=2.88]
epoch 42: eval=0.7434
epoch 43: loss=0.567070, train_acc=0.8042, time=8.5s
per-rank: rank1[cuda1,share=0.3683,tput=4.39] rank0[cuda0,share=0.3574,tput=2.96] rank2[cuda2,share=0.2743,tput=2.47]
epoch 43: eval=0.7582
epoch 44: loss=0.564973, train_acc=0.8049, time=9.0s
per-rank: rank1[cuda1,share=0.3683,tput=2.21] rank0[cuda0,share=0.3574,tput=4.24] rank2[cuda2,share=0.2743,tput=4.36]
epoch 44: eval=0.7131
epoch 45: loss=0.568812, train_acc=0.8042, time=9.9s
per-rank: rank1[cuda1,share=0.3683,tput=4.39] rank0[cuda0,share=0.3574,tput=2.16] rank2[cuda2,share=0.2743,tput=4.39]
epoch 45: eval=0.7723
epoch 46: loss=0.565100, train_acc=0.8053, time=9.1s
per-rank: rank1[cuda1,share=0.3683,tput=3.16] rank0[cuda0,share=0.3574,tput=3.56] rank2[cuda2,share=0.2743,tput=2.80]
epoch 46: eval=0.8027
epoch 47: loss=0.556324, train_acc=0.8088, time=8.6s
per-rank: rank1[cuda1,share=0.3683,tput=5.44] rank0[cuda0,share=0.3574,tput=1.95] rank2[cuda2,share=0.2743,tput=2.80]
epoch 47: eval=0.7249
epoch 48: loss=0.559799, train_acc=0.8065, time=8.7s
per-rank: rank1[cuda1,share=0.3683,tput=2.31] rank0[cuda0,share=0.3574,tput=2.77] rank2[cuda2,share=0.2743,tput=6.56]
epoch 48: eval=0.7436
epoch 49: loss=0.567511, train_acc=0.8067, time=10.4s
per-rank: rank1[cuda1,share=0.3683,tput=4.54] rank0[cuda0,share=0.3574,tput=2.14] rank2[cuda2,share=0.2743,tput=4.11]
epoch 49: eval=0.7579
epoch 50: loss=0.749489, train_acc=0.7359, time=9.4s
per-rank: rank0[cuda0,share=0.3643,tput=4.00] rank1[cuda1,share=0.3579,tput=4.81] rank2[cuda2,share=0.2777,tput=2.65]
epoch 50: eval=0.2791
epoch 51: loss=1.288008, train_acc=0.5409, time=8.5s
per-rank: rank0[cuda0,share=0.3643,tput=3.89] rank1[cuda1,share=0.3579,tput=2.35] rank2[cuda2,share=0.2777,tput=3.94]
epoch 51: eval=0.4289
epoch 52: loss=1.059851, train_acc=0.6266, time=11.0s
per-rank: rank0[cuda0,share=0.3643,tput=1.99] rank1[cuda1,share=0.3579,tput=3.39] rank2[cuda2,share=0.2777,tput=5.83]
epoch 52: eval=0.5623
epoch 53: loss=0.931627, train_acc=0.6733, time=9.6s
per-rank: rank0[cuda0,share=0.3643,tput=2.39] rank1[cuda1,share=0.3579,tput=3.63] rank2[cuda2,share=0.2777,tput=3.21]
epoch 53: eval=0.5914
epoch 54: loss=0.866674, train_acc=0.6984, time=9.5s
per-rank: rank0[cuda0,share=0.3643,tput=2.33] rank1[cuda1,share=0.3579,tput=3.71] rank2[cuda2,share=0.2777,tput=5.22]
epoch 54: eval=0.6604
epoch 55: loss=0.801645, train_acc=0.7225, time=9.2s
per-rank: rank0[cuda0,share=0.3643,tput=4.25] rank1[cuda1,share=0.3579,tput=2.52] rank2[cuda2,share=0.2777,tput=3.48]
epoch 55: eval=0.7233
epoch 56: loss=0.768429, train_acc=0.7332, time=8.6s
per-rank: rank0[cuda0,share=0.3643,tput=4.39] rank1[cuda1,share=0.3579,tput=2.21] rank2[cuda2,share=0.2777,tput=3.93]
epoch 56: eval=0.7018
epoch 57: loss=0.736192, train_acc=0.7446, time=10.4s
per-rank: rank0[cuda0,share=0.3643,tput=2.10] rank1[cuda1,share=0.3579,tput=3.42] rank2[cuda2,share=0.2777,tput=5.77]
epoch 57: eval=0.6796
epoch 58: loss=0.711663, train_acc=0.7545, time=9.6s
per-rank: rank0[cuda0,share=0.3643,tput=2.72] rank1[cuda1,share=0.3579,tput=3.37] rank2[cuda2,share=0.2777,tput=3.14]
epoch 58: eval=0.7267
epoch 59: loss=0.707287, train_acc=0.7569, time=8.6s
per-rank: rank0[cuda0,share=0.3643,tput=2.35] rank1[cuda1,share=0.3579,tput=4.93] rank2[cuda2,share=0.2777,tput=2.87]
epoch 59: eval=0.6666
epoch 60: loss=0.682219, train_acc=0.7625, time=8.6s
per-rank: rank0[cuda0,share=0.3643,tput=2.23] rank1[cuda1,share=0.3579,tput=5.23] rank2[cuda2,share=0.2777,tput=2.82]
epoch 60: eval=0.7263
epoch 61: loss=0.671563, train_acc=0.7692, time=10.7s
per-rank: rank0[cuda0,share=0.3643,tput=2.06] rank1[cuda1,share=0.3579,tput=3.39] rank2[cuda2,share=0.2777,tput=6.34]
epoch 61: eval=0.7319
epoch 62: loss=0.655194, train_acc=0.7739, time=9.5s
per-rank: rank0[cuda0,share=0.3643,tput=3.20] rank1[cuda1,share=0.3579,tput=4.12] rank2[cuda2,share=0.2777,tput=3.06]
epoch 62: eval=0.7262
epoch 63: loss=0.648755, train_acc=0.7753, time=10.1s
per-rank: rank0[cuda0,share=0.3643,tput=2.21] rank1[cuda1,share=0.3579,tput=3.28] rank2[cuda2,share=0.2777,tput=5.82]
epoch 63: eval=0.7506
epoch 64: loss=0.641241, train_acc=0.7798, time=9.3s
per-rank: rank0[cuda0,share=0.3643,tput=3.38] rank1[cuda1,share=0.3579,tput=2.38] rank2[cuda2,share=0.2777,tput=4.59]
epoch 64: eval=0.7210
epoch 65: loss=0.626392, train_acc=0.7828, time=8.5s
per-rank: rank0[cuda0,share=0.3643,tput=3.93] rank1[cuda1,share=0.3579,tput=2.26] rank2[cuda2,share=0.2777,tput=4.19]
epoch 65: eval=0.7437
epoch 66: loss=0.620969, train_acc=0.7853, time=8.6s
per-rank: rank0[cuda0,share=0.3643,tput=2.91] rank1[cuda1,share=0.3579,tput=5.08] rank2[cuda2,share=0.2777,tput=2.41]
epoch 66: eval=0.7283
epoch 67: loss=0.619318, train_acc=0.7871, time=10.1s
per-rank: rank0[cuda0,share=0.3643,tput=2.23] rank1[cuda1,share=0.3579,tput=3.37] rank2[cuda2,share=0.2777,tput=6.28]
epoch 67: eval=0.7634
epoch 68: loss=0.605898, train_acc=0.7925, time=9.4s
per-rank: rank0[cuda0,share=0.3643,tput=3.63] rank1[cuda1,share=0.3579,tput=3.29] rank2[cuda2,share=0.2777,tput=2.78]
epoch 68: eval=0.7558
epoch 69: loss=0.601799, train_acc=0.7925, time=8.6s
per-rank: rank0[cuda0,share=0.3643,tput=4.28] rank1[cuda1,share=0.3579,tput=4.18] rank2[cuda2,share=0.2777,tput=2.48]
epoch 69: eval=0.7663
epoch 70: loss=0.598457, train_acc=0.7948, time=8.4s
per-rank: rank0[cuda0,share=0.3643,tput=4.25] rank1[cuda1,share=0.3579,tput=3.28] rank2[cuda2,share=0.2777,tput=2.47]
epoch 70: eval=0.6934
epoch 71: loss=0.597799, train_acc=0.7967, time=8.4s
per-rank: rank0[cuda0,share=0.3643,tput=3.01] rank1[cuda1,share=0.3579,tput=2.40] rank2[cuda2,share=0.2777,tput=5.78]
epoch 71: eval=0.7762
epoch 72: loss=0.589148, train_acc=0.7968, time=9.8s
per-rank: rank0[cuda0,share=0.3643,tput=2.32] rank1[cuda1,share=0.3579,tput=4.57] rank2[cuda2,share=0.2777,tput=3.98]
epoch 72: eval=0.7919
epoch 73: loss=0.589823, train_acc=0.7960, time=9.3s
per-rank: rank0[cuda0,share=0.3643,tput=3.42] rank1[cuda1,share=0.3579,tput=2.49] rank2[cuda2,share=0.2777,tput=4.27]
epoch 73: eval=0.7464
epoch 74: loss=0.584854, train_acc=0.7990, time=8.5s
per-rank: rank0[cuda0,share=0.3643,tput=4.15] rank1[cuda1,share=0.3579,tput=2.22] rank2[cuda2,share=0.2777,tput=3.93]
epoch 74: eval=0.7582
epoch 75: loss=0.581036, train_acc=0.8013, time=9.3s
per-rank: rank0[cuda0,share=0.3643,tput=2.43] rank1[cuda1,share=0.3579,tput=5.11] rank2[cuda2,share=0.2777,tput=3.48]
epoch 75: eval=0.7476
epoch 76: loss=0.572117, train_acc=0.8023, time=8.9s
per-rank: rank0[cuda0,share=0.3643,tput=3.10] rank1[cuda1,share=0.3579,tput=4.26] rank2[cuda2,share=0.2777,tput=2.63]
epoch 76: eval=0.7141
epoch 77: loss=0.568944, train_acc=0.8050, time=8.6s
per-rank: rank0[cuda0,share=0.3643,tput=3.83] rank1[cuda1,share=0.3579,tput=2.31] rank2[cuda2,share=0.2777,tput=5.67]
epoch 77: eval=0.7588
epoch 78: loss=0.568863, train_acc=0.8050, time=10.0s
per-rank: rank0[cuda0,share=0.3643,tput=2.24] rank1[cuda1,share=0.3579,tput=3.38] rank2[cuda2,share=0.2777,tput=5.97]
epoch 78: eval=0.7252
epoch 79: loss=0.567966, train_acc=0.8065, time=9.2s
per-rank: rank0[cuda0,share=0.3643,tput=3.51] rank1[cuda1,share=0.3579,tput=4.82] rank2[cuda2,share=0.2777,tput=2.31]
epoch 79: eval=0.7316
epoch 80: loss=0.566595, train_acc=0.8039, time=8.5s
per-rank: rank0[cuda0,share=0.3643,tput=4.28] rank1[cuda1,share=0.3579,tput=2.21] rank2[cuda2,share=0.2777,tput=4.00]
epoch 80: eval=0.7497
epoch 81: loss=0.557058, train_acc=0.8078, time=8.6s
per-rank: rank0[cuda0,share=0.3643,tput=2.93] rank1[cuda1,share=0.3579,tput=4.18] rank2[cuda2,share=0.2777,tput=2.65]
epoch 81: eval=0.7527
epoch 82: loss=0.560450, train_acc=0.8083, time=8.5s
per-rank: rank0[cuda0,share=0.3643,tput=3.15] rank1[cuda1,share=0.3579,tput=2.21] rank2[cuda2,share=0.2777,tput=6.02]
epoch 82: eval=0.7767
epoch 83: loss=0.558001, train_acc=0.8075, time=8.7s
per-rank: rank0[cuda0,share=0.3643,tput=3.51] rank1[cuda1,share=0.3579,tput=2.17] rank2[cuda2,share=0.2777,tput=5.80]
epoch 83: eval=0.8094
epoch 84: loss=0.553885, train_acc=0.8104, time=8.8s
per-rank: rank0[cuda0,share=0.3643,tput=2.69] rank1[cuda1,share=0.3579,tput=4.44] rank2[cuda2,share=0.2777,tput=2.79]
epoch 84: eval=0.7936
epoch 85: loss=0.554128, train_acc=0.8105, time=8.4s
per-rank: rank0[cuda0,share=0.3643,tput=3.58] rank1[cuda1,share=0.3579,tput=4.80] rank2[cuda2,share=0.2777,tput=2.50]
epoch 85: eval=0.8024
epoch 86: loss=0.548340, train_acc=0.8114, time=9.6s
per-rank: rank0[cuda0,share=0.3643,tput=2.32] rank1[cuda1,share=0.3579,tput=3.47] rank2[cuda2,share=0.2777,tput=5.13]
epoch 86: eval=0.7338
epoch 87: loss=0.546456, train_acc=0.8132, time=9.0s
per-rank: rank0[cuda0,share=0.3643,tput=2.76] rank1[cuda1,share=0.3579,tput=4.67] rank2[cuda2,share=0.2777,tput=2.79]
epoch 87: eval=0.7673
epoch 88: loss=0.547656, train_acc=0.8126, time=10.7s
per-rank: rank0[cuda0,share=0.3643,tput=2.07] rank1[cuda1,share=0.3579,tput=5.02] rank2[cuda2,share=0.2777,tput=3.82]
epoch 88: eval=0.7858
epoch 89: loss=0.538352, train_acc=0.8131, time=9.6s
per-rank: rank0[cuda0,share=0.3643,tput=2.85] rank1[cuda1,share=0.3579,tput=3.55] rank2[cuda2,share=0.2777,tput=3.02]
epoch 89: eval=0.7979
epoch 90: loss=0.545169, train_acc=0.8132, time=8.6s
per-rank: rank0[cuda0,share=0.3643,tput=4.21] rank1[cuda1,share=0.3579,tput=2.43] rank2[cuda2,share=0.2777,tput=3.54]
epoch 90: eval=0.7884
epoch 91: loss=0.536033, train_acc=0.8153, time=8.6s
per-rank: rank0[cuda0,share=0.3643,tput=2.89] rank1[cuda1,share=0.3579,tput=2.53] rank2[cuda2,share=0.2777,tput=5.49]
epoch 91: eval=0.7363
epoch 92: loss=0.544462, train_acc=0.8145, time=8.5s
per-rank: rank0[cuda0,share=0.3643,tput=3.14] rank1[cuda1,share=0.3579,tput=2.60] rank2[cuda2,share=0.2777,tput=5.14]
epoch 92: eval=0.8142
epoch 93: loss=0.537223, train_acc=0.8154, time=10.1s
per-rank: rank0[cuda0,share=0.3643,tput=2.22] rank1[cuda1,share=0.3579,tput=4.61] rank2[cuda2,share=0.2777,tput=3.81]
epoch 93: eval=0.7827
epoch 94: loss=0.535135, train_acc=0.8163, time=9.2s
per-rank: rank0[cuda0,share=0.3643,tput=2.90] rank1[cuda1,share=0.3579,tput=2.57] rank2[cuda2,share=0.2777,tput=4.57]
epoch 94: eval=0.7220
epoch 95: loss=0.534644, train_acc=0.8161, time=9.0s
per-rank: rank0[cuda0,share=0.3643,tput=3.20] rank1[cuda1,share=0.3579,tput=2.09] rank2[cuda2,share=0.2777,tput=6.43]
epoch 95: eval=0.7594
epoch 96: loss=0.530839, train_acc=0.8176, time=8.8s
per-rank: rank0[cuda0,share=0.3643,tput=4.04] rank1[cuda1,share=0.3579,tput=4.04] rank2[cuda2,share=0.2777,tput=2.68]
epoch 96: eval=0.7276
epoch 97: loss=0.535791, train_acc=0.8156, time=10.5s
per-rank: rank0[cuda0,share=0.3643,tput=2.13] rank1[cuda1,share=0.3579,tput=3.56] rank2[cuda2,share=0.2777,tput=5.96]
epoch 97: eval=0.7839
epoch 98: loss=0.527213, train_acc=0.8179, time=9.4s
per-rank: rank0[cuda0,share=0.3643,tput=3.84] rank1[cuda1,share=0.3579,tput=2.74] rank2[cuda2,share=0.2777,tput=3.67]
epoch 98: eval=0.7913
epoch 99: loss=0.528289, train_acc=0.8172, time=10.2s
per-rank: rank0[cuda0,share=0.3643,tput=2.18] rank1[cuda1,share=0.3579,tput=4.52] rank2[cuda2,share=0.2777,tput=4.10]
epoch 99: eval=0.7218
epoch 100: loss=0.529404, train_acc=0.8163, time=9.5s
per-rank: rank0[cuda0,share=0.3643,tput=3.82] rank1[cuda1,share=0.3579,tput=2.34] rank2[cuda2,share=0.2777,tput=4.11]
epoch 100: eval=0.7272
epoch 101: loss=0.536285, train_acc=0.8170, time=8.5s
per-rank: rank0[cuda0,share=0.3643,tput=3.08] rank1[cuda1,share=0.3579,tput=2.24] rank2[cuda2,share=0.2777,tput=6.72]
epoch 101: eval=0.7423
epoch 102: loss=0.529294, train_acc=0.8182, time=8.8s
per-rank: rank0[cuda0,share=0.3643,tput=3.02] rank1[cuda1,share=0.3579,tput=4.91] rank2[cuda2,share=0.2777,tput=2.42]
epoch 102: eval=0.7119
epoch 103: loss=0.526991, train_acc=0.8182, time=8.5s
per-rank: rank0[cuda0,share=0.3643,tput=4.08] rank1[cuda1,share=0.3579,tput=2.51] rank2[cuda2,share=0.2777,tput=3.77]
epoch 103: eval=0.8019
epoch 104: loss=0.523679, train_acc=0.8209, time=9.4s
per-rank: rank0[cuda0,share=0.3643,tput=2.42] rank1[cuda1,share=0.3579,tput=5.25] rank2[cuda2,share=0.2777,tput=3.28]
epoch 104: eval=0.8016
epoch 105: loss=0.522628, train_acc=0.8197, time=9.1s
per-rank: rank0[cuda0,share=0.3643,tput=3.50] rank1[cuda1,share=0.3579,tput=2.28] rank2[cuda2,share=0.2777,tput=3.99]
epoch 105: eval=0.7766
epoch 106: loss=0.522233, train_acc=0.8197, time=9.8s
per-rank: rank0[cuda0,share=0.3666,tput=2.28] rank1[cuda1,share=0.3546,tput=3.00] rank2[cuda2,share=0.2788,tput=6.17]
epoch 106: eval=0.8109
epoch 107: loss=0.511946, train_acc=0.8242, time=9.1s
per-rank: rank0[cuda0,share=0.3666,tput=2.84] rank1[cuda1,share=0.3546,tput=4.93] rank2[cuda2,share=0.2788,tput=2.83]
epoch 107: eval=0.8409
epoch 108: loss=0.443661, train_acc=0.8471, time=8.4s
per-rank: rank0[cuda0,share=0.3666,tput=2.85] rank1[cuda1,share=0.3546,tput=2.25] rank2[cuda2,share=0.2788,tput=6.82]
epoch 108: eval=0.8405
epoch 109: loss=0.418853, train_acc=0.8552, time=8.4s
per-rank: rank0[cuda0,share=0.3666,tput=2.49] rank1[cuda1,share=0.3546,tput=2.60] rank2[cuda2,share=0.2788,tput=6.34]
epoch 109: eval=0.8456
epoch 110: loss=0.398531, train_acc=0.8619, time=8.6s
per-rank: rank0[cuda0,share=0.3666,tput=2.74] rank1[cuda1,share=0.3546,tput=5.64] rank2[cuda2,share=0.2788,tput=2.27]
epoch 110: eval=0.8582
epoch 111: loss=0.382690, train_acc=0.8670, time=9.7s
per-rank: rank0[cuda0,share=0.3666,tput=2.32] rank1[cuda1,share=0.3546,tput=3.61] rank2[cuda2,share=0.2788,tput=5.24]
epoch 111: eval=0.8564
epoch 112: loss=0.369421, train_acc=0.8718, time=9.0s
per-rank: rank0[cuda0,share=0.3666,tput=3.64] rank1[cuda1,share=0.3546,tput=2.71] rank2[cuda2,share=0.2788,tput=3.77]
epoch 112: eval=0.8660
epoch 113: loss=0.363196, train_acc=0.8742, time=9.7s
per-rank: rank0[cuda0,share=0.3666,tput=2.35] rank1[cuda1,share=0.3546,tput=3.28] rank2[cuda2,share=0.2788,tput=6.41]
epoch 113: eval=0.8600
epoch 114: loss=0.352309, train_acc=0.8787, time=9.3s
per-rank: rank0[cuda0,share=0.3666,tput=3.88] rank1[cuda1,share=0.3546,tput=2.89] rank2[cuda2,share=0.2788,tput=3.04]
epoch 114: eval=0.8673
epoch 115: loss=0.345436, train_acc=0.8798, time=9.2s
per-rank: rank0[cuda0,share=0.3666,tput=2.45] rank1[cuda1,share=0.3546,tput=3.78] rank2[cuda2,share=0.2788,tput=4.31]
epoch 115: eval=0.8671
epoch 116: loss=0.339511, train_acc=0.8814, time=8.9s
per-rank: rank0[cuda0,share=0.3666,tput=3.07] rank1[cuda1,share=0.3546,tput=2.43] rank2[cuda2,share=0.2788,tput=4.44]
epoch 116: eval=0.8644
epoch 117: loss=0.334074, train_acc=0.8836, time=8.6s
per-rank: rank0[cuda0,share=0.3666,tput=3.18] rank1[cuda1,share=0.3546,tput=2.25] rank2[cuda2,share=0.2788,tput=5.75]
epoch 117: eval=0.8674
epoch 118: loss=0.329607, train_acc=0.8873, time=9.8s
per-rank: rank0[cuda0,share=0.3666,tput=2.26] rank1[cuda1,share=0.3546,tput=4.53] rank2[cuda2,share=0.2788,tput=3.86]
epoch 118: eval=0.8677
epoch 119: loss=0.323864, train_acc=0.8876, time=9.1s
per-rank: rank0[cuda0,share=0.3666,tput=4.06] rank1[cuda1,share=0.3546,tput=3.35] rank2[cuda2,share=0.2788,tput=2.60]
epoch 119: eval=0.8624
epoch 120: loss=0.316766, train_acc=0.8913, time=10.8s
per-rank: rank0[cuda0,share=0.3666,tput=2.03] rank1[cuda1,share=0.3546,tput=4.62] rank2[cuda2,share=0.2788,tput=3.80]
epoch 120: eval=0.8650
epoch 121: loss=0.311584, train_acc=0.8916, time=9.4s
per-rank: rank0[cuda0,share=0.3666,tput=2.58] rank1[cuda1,share=0.3546,tput=5.92] rank2[cuda2,share=0.2788,tput=2.77]
epoch 121: eval=0.8719
epoch 122: loss=0.310296, train_acc=0.8933, time=8.6s
per-rank: rank0[cuda0,share=0.3666,tput=3.96] rank1[cuda1,share=0.3546,tput=2.93] rank2[cuda2,share=0.2788,tput=2.83]
epoch 122: eval=0.8720
epoch 123: loss=0.310723, train_acc=0.8915, time=10.3s
per-rank: rank0[cuda0,share=0.3666,tput=2.22] rank1[cuda1,share=0.3546,tput=4.67] rank2[cuda2,share=0.2788,tput=4.08]
epoch 123: eval=0.8604
epoch 124: loss=0.298495, train_acc=0.8975, time=9.5s
per-rank: rank0[cuda0,share=0.3666,tput=2.85] rank1[cuda1,share=0.3546,tput=3.61] rank2[cuda2,share=0.2788,tput=2.85]
epoch 124: eval=0.8697
epoch 125: loss=0.300231, train_acc=0.8957, time=8.6s
per-rank: rank0[cuda0,share=0.3666,tput=2.19] rank1[cuda1,share=0.3546,tput=5.89] rank2[cuda2,share=0.2788,tput=2.76]
epoch 125: eval=0.8778
epoch 126: loss=0.299972, train_acc=0.8961, time=9.4s
per-rank: rank0[cuda0,share=0.3666,tput=2.39] rank1[cuda1,share=0.3546,tput=4.69] rank2[cuda2,share=0.2788,tput=3.70]
epoch 126: eval=0.8663
epoch 127: loss=0.291504, train_acc=0.8994, time=9.0s
per-rank: rank0[cuda0,share=0.3666,tput=4.19] rank1[cuda1,share=0.3546,tput=2.80] rank2[cuda2,share=0.2788,tput=2.76]
epoch 127: eval=0.8689
epoch 128: loss=0.290266, train_acc=0.8995, time=9.2s
per-rank: rank0[cuda0,share=0.3666,tput=3.27] rank1[cuda1,share=0.3546,tput=2.06] rank2[cuda2,share=0.2788,tput=6.72]
epoch 128: eval=0.8727
epoch 129: loss=0.289551, train_acc=0.8997, time=9.4s
per-rank: rank0[cuda0,share=0.3666,tput=2.38] rank1[cuda1,share=0.3546,tput=4.22] rank2[cuda2,share=0.2788,tput=4.30]
epoch 129: eval=0.8780
epoch 130: loss=0.285884, train_acc=0.8998, time=8.9s
per-rank: rank0[cuda0,share=0.3666,tput=3.30] rank1[cuda1,share=0.3546,tput=3.78] rank2[cuda2,share=0.2788,tput=2.62]
epoch 130: eval=0.8801
epoch 131: loss=0.282700, train_acc=0.9019, time=10.8s
per-rank: rank0[cuda0,share=0.3666,tput=2.04] rank1[cuda1,share=0.3546,tput=4.86] rank2[cuda2,share=0.2788,tput=4.10]
epoch 131: eval=0.8614
epoch 132: loss=0.276228, train_acc=0.9025, time=9.7s
per-rank: rank0[cuda0,share=0.3666,tput=2.64] rank1[cuda1,share=0.3546,tput=2.66] rank2[cuda2,share=0.2788,tput=4.58]
epoch 132: eval=0.8753
epoch 133: loss=0.277327, train_acc=0.9032, time=8.5s
per-rank: rank0[cuda0,share=0.3666,tput=4.36] rank1[cuda1,share=0.3546,tput=2.46] rank2[cuda2,share=0.2788,tput=4.03]
epoch 133: eval=0.8832
epoch 134: loss=0.276497, train_acc=0.9037, time=8.5s
per-rank: rank0[cuda0,share=0.3666,tput=2.70] rank1[cuda1,share=0.3546,tput=2.46] rank2[cuda2,share=0.2788,tput=6.33]
epoch 134: eval=0.8709
epoch 135: loss=0.275593, train_acc=0.9031, time=8.5s
per-rank: rank0[cuda0,share=0.3666,tput=4.25] rank1[cuda1,share=0.3546,tput=2.38] rank2[cuda2,share=0.2788,tput=3.60]
epoch 135: eval=0.8778
epoch 136: loss=0.272000, train_acc=0.9056, time=8.5s
per-rank: rank0[cuda0,share=0.3666,tput=3.18] rank1[cuda1,share=0.3546,tput=4.50] rank2[cuda2,share=0.2788,tput=2.51]
epoch 136: eval=0.8729
epoch 137: loss=0.270249, train_acc=0.9061, time=9.4s
per-rank: rank0[cuda0,share=0.3666,tput=2.37] rank1[cuda1,share=0.3546,tput=4.53] rank2[cuda2,share=0.2788,tput=5.02]
epoch 137: eval=0.8752
epoch 138: loss=0.263756, train_acc=0.9084, time=8.9s
per-rank: rank0[cuda0,share=0.3666,tput=4.66] rank1[cuda1,share=0.3546,tput=2.24] rank2[cuda2,share=0.2788,tput=3.90]
epoch 138: eval=0.8786
epoch 139: loss=0.266640, train_acc=0.9068, time=8.7s
per-rank: rank0[cuda0,share=0.3666,tput=4.34] rank1[cuda1,share=0.3546,tput=2.17] rank2[cuda2,share=0.2788,tput=4.28]
epoch 139: eval=0.8757
epoch 140: loss=0.262919, train_acc=0.9086, time=10.6s
per-rank: rank0[cuda0,share=0.3666,tput=2.17] rank1[cuda1,share=0.3546,tput=4.54] rank2[cuda2,share=0.2788,tput=4.19]
epoch 140: eval=0.8734
epoch 141: loss=0.262277, train_acc=0.9087, time=9.2s
per-rank: rank0[cuda0,share=0.3666,tput=2.91] rank1[cuda1,share=0.3546,tput=2.77] rank2[cuda2,share=0.2788,tput=4.65]
epoch 141: eval=0.8745
epoch 142: loss=0.261689, train_acc=0.9080, time=8.6s
per-rank: rank0[cuda0,share=0.3666,tput=2.53] rank1[cuda1,share=0.3546,tput=5.34] rank2[cuda2,share=0.2788,tput=2.76]
epoch 142: eval=0.8778
epoch 143: loss=0.260712, train_acc=0.9099, time=8.7s
per-rank: rank0[cuda0,share=0.3666,tput=4.66] rank1[cuda1,share=0.3546,tput=4.47] rank2[cuda2,share=0.2788,tput=2.71]
epoch 143: eval=0.8792
epoch 144: loss=0.254017, train_acc=0.9109, time=9.6s
per-rank: rank0[cuda0,share=0.3666,tput=2.37] rank1[cuda1,share=0.3546,tput=3.64] rank2[cuda2,share=0.2788,tput=5.69]
epoch 144: eval=0.8653
epoch 145: loss=0.259467, train_acc=0.9093, time=9.1s
per-rank: rank0[cuda0,share=0.3666,tput=2.66] rank1[cuda1,share=0.3546,tput=2.74] rank2[cuda2,share=0.2788,tput=4.27]
epoch 145: eval=0.8826
epoch 146: loss=0.258132, train_acc=0.9088, time=8.6s
per-rank: rank0[cuda0,share=0.3666,tput=4.20] rank1[cuda1,share=0.3546,tput=2.18] rank2[cuda2,share=0.2788,tput=4.21]
epoch 146: eval=0.8700
epoch 147: loss=0.253646, train_acc=0.9112, time=10.1s
per-rank: rank0[cuda0,share=0.3666,tput=2.18] rank1[cuda1,share=0.3546,tput=4.50] rank2[cuda2,share=0.2788,tput=4.17]
epoch 147: eval=0.8733
epoch 148: loss=0.252055, train_acc=0.9122, time=9.4s
per-rank: rank0[cuda0,share=0.3666,tput=3.37] rank1[cuda1,share=0.3546,tput=2.41] rank2[cuda2,share=0.2788,tput=4.36]
epoch 148: eval=0.8721
epoch 149: loss=0.255923, train_acc=0.9108, time=8.6s
per-rank: rank0[cuda0,share=0.3666,tput=2.55] rank1[cuda1,share=0.3546,tput=2.64] rank2[cuda2,share=0.2788,tput=6.46]
epoch 149: eval=0.8801
epoch 150: loss=0.244647, train_acc=0.9156, time=8.6s
per-rank: rank0[cuda0,share=0.3666,tput=2.27] rank1[cuda1,share=0.3546,tput=5.11] rank2[cuda2,share=0.2788,tput=2.93]
epoch 150: eval=0.8828
epoch 151: loss=0.251171, train_acc=0.9119, time=8.8s
per-rank: rank0[cuda0,share=0.3666,tput=2.85] rank1[cuda1,share=0.3546,tput=2.11] rank2[cuda2,share=0.2788,tput=7.16]
epoch 151: eval=0.8771
epoch 152: loss=0.249535, train_acc=0.9130, time=9.2s
per-rank: rank0[cuda0,share=0.3666,tput=2.45] rank1[cuda1,share=0.3546,tput=5.00] rank2[cuda2,share=0.2788,tput=3.25]
epoch 152: eval=0.8786
epoch 153: loss=0.242737, train_acc=0.9146, time=8.7s
per-rank: rank0[cuda0,share=0.3666,tput=3.95] rank1[cuda1,share=0.3546,tput=2.26] rank2[cuda2,share=0.2788,tput=4.09]
epoch 153: eval=0.8779
epoch 154: loss=0.246453, train_acc=0.9144, time=8.6s
per-rank: rank0[cuda0,share=0.3666,tput=4.32] rank1[cuda1,share=0.3546,tput=2.83] rank2[cuda2,share=0.2788,tput=2.71]
epoch 154: eval=0.8743
epoch 155: loss=0.239713, train_acc=0.9164, time=8.6s
per-rank: rank0[cuda0,share=0.3666,tput=2.86] rank1[cuda1,share=0.3546,tput=4.50] rank2[cuda2,share=0.2788,tput=2.64]
epoch 155: eval=0.8812
epoch 156: loss=0.243053, train_acc=0.9148, time=9.9s
per-rank: rank0[cuda0,share=0.3666,tput=2.25] rank1[cuda1,share=0.3546,tput=4.68] rank2[cuda2,share=0.2788,tput=3.99]
epoch 156: eval=0.8687
epoch 157: loss=0.240939, train_acc=0.9153, time=9.2s
per-rank: rank0[cuda0,share=0.3666,tput=3.77] rank1[cuda1,share=0.3546,tput=2.05] rank2[cuda2,share=0.2788,tput=4.67]
epoch 157: eval=0.8708
epoch 158: loss=0.241983, train_acc=0.9165, time=10.3s
per-rank: rank0[cuda0,share=0.3666,tput=2.17] rank1[cuda1,share=0.3546,tput=4.90] rank2[cuda2,share=0.2788,tput=3.78]
epoch 158: eval=0.8768
epoch 159: loss=0.236580, train_acc=0.9175, time=9.3s
per-rank: rank0[cuda0,share=0.3666,tput=2.29] rank1[cuda1,share=0.3546,tput=4.79] rank2[cuda2,share=0.2788,tput=3.15]
epoch 159: eval=0.8785
epoch 160: loss=0.243234, train_acc=0.9157, time=9.8s
per-rank: rank0[cuda0,share=0.3666,tput=2.29] rank1[cuda1,share=0.3546,tput=4.90] rank2[cuda2,share=0.2788,tput=3.82]
epoch 160: eval=0.8696
epoch 161: loss=0.243286, train_acc=0.9156, time=9.2s
per-rank: rank0[cuda0,share=0.3666,tput=3.38] rank1[cuda1,share=0.3546,tput=4.35] rank2[cuda2,share=0.2788,tput=2.56]
epoch 161: eval=0.8771
epoch 162: loss=0.227703, train_acc=0.9206, time=10.0s
per-rank: rank0[cuda0,share=0.3705,tput=2.26] rank1[cuda1,share=0.3486,tput=3.36] rank2[cuda2,share=0.2809,tput=6.12]
epoch 162: eval=0.9096
epoch 163: loss=0.158289, train_acc=0.9455, time=9.4s
per-rank: rank0[cuda0,share=0.3705,tput=3.14] rank1[cuda1,share=0.3486,tput=2.46] rank2[cuda2,share=0.2809,tput=3.99]
epoch 163: eval=0.9095
epoch 164: loss=0.151998, train_acc=0.9475, time=9.7s
per-rank: rank0[cuda0,share=0.3705,tput=2.38] rank1[cuda1,share=0.3486,tput=3.62] rank2[cuda2,share=0.2809,tput=5.26]
epoch 164: eval=0.9090
epoch 165: loss=0.147298, train_acc=0.9497, time=9.2s
per-rank: rank0[cuda0,share=0.3705,tput=2.95] rank1[cuda1,share=0.3486,tput=2.83] rank2[cuda2,share=0.2809,tput=3.90]
epoch 165: eval=0.9098
epoch 166: loss=0.145225, train_acc=0.9505, time=8.6s
per-rank: rank0[cuda0,share=0.3705,tput=3.61] rank1[cuda1,share=0.3486,tput=3.54] rank2[cuda2,share=0.2809,tput=2.52]
epoch 166: eval=0.9102
epoch 167: loss=0.144430, train_acc=0.9514, time=8.5s
per-rank: rank0[cuda0,share=0.3705,tput=2.82] rank1[cuda1,share=0.3486,tput=5.61] rank2[cuda2,share=0.2809,tput=2.45]
epoch 167: eval=0.9113
epoch 168: loss=0.142977, train_acc=0.9505, time=8.7s
per-rank: rank0[cuda0,share=0.3705,tput=4.09] rank1[cuda1,share=0.3486,tput=2.61] rank2[cuda2,share=0.2809,tput=3.09]
epoch 168: eval=0.9114
epoch 169: loss=0.140210, train_acc=0.9512, time=8.5s
per-rank: rank0[cuda0,share=0.3705,tput=3.40] rank1[cuda1,share=0.3486,tput=2.48] rank2[cuda2,share=0.2809,tput=5.06]
epoch 169: eval=0.9105
epoch 170: loss=0.139230, train_acc=0.9522, time=8.6s
per-rank: rank0[cuda0,share=0.3705,tput=3.64] rank1[cuda1,share=0.3486,tput=4.72] rank2[cuda2,share=0.2809,tput=2.43]
epoch 170: eval=0.9109
epoch 171: loss=0.135213, train_acc=0.9531, time=8.6s
per-rank: rank0[cuda0,share=0.3705,tput=3.94] rank1[cuda1,share=0.3486,tput=3.35] rank2[cuda2,share=0.2809,tput=2.48]
epoch 171: eval=0.9107
epoch 172: loss=0.136474, train_acc=0.9533, time=8.5s
per-rank: rank0[cuda0,share=0.3705,tput=2.99] rank1[cuda1,share=0.3486,tput=5.48] rank2[cuda2,share=0.2809,tput=2.27]
epoch 172: eval=0.9108
epoch 173: loss=0.132428, train_acc=0.9543, time=8.6s
per-rank: rank0[cuda0,share=0.3705,tput=2.87] rank1[cuda1,share=0.3486,tput=2.43] rank2[cuda2,share=0.2809,tput=6.22]
epoch 173: eval=0.9121
epoch 174: loss=0.135815, train_acc=0.9534, time=8.5s
per-rank: rank0[cuda0,share=0.3705,tput=4.07] rank1[cuda1,share=0.3486,tput=3.37] rank2[cuda2,share=0.2809,tput=2.42]
epoch 174: eval=0.9121
epoch 175: loss=0.131557, train_acc=0.9547, time=9.6s
per-rank: rank0[cuda0,share=0.3705,tput=2.38] rank1[cuda1,share=0.3486,tput=3.34] rank2[cuda2,share=0.2809,tput=5.31]
epoch 175: eval=0.9107
epoch 176: loss=0.131645, train_acc=0.9552, time=9.1s
per-rank: rank0[cuda0,share=0.3705,tput=3.92] rank1[cuda1,share=0.3486,tput=2.99] rank2[cuda2,share=0.2809,tput=2.78]
epoch 176: eval=0.9130
epoch 177: loss=0.131930, train_acc=0.9543, time=10.0s
per-rank: rank0[cuda0,share=0.3705,tput=2.27] rank1[cuda1,share=0.3486,tput=5.12] rank2[cuda2,share=0.2809,tput=3.56]
epoch 177: eval=0.9116
epoch 178: loss=0.129042, train_acc=0.9553, time=9.2s
per-rank: rank0[cuda0,share=0.3705,tput=2.78] rank1[cuda1,share=0.3486,tput=3.93] rank2[cuda2,share=0.2809,tput=2.91]
epoch 178: eval=0.9122
epoch 179: loss=0.130617, train_acc=0.9542, time=8.8s
per-rank: rank0[cuda0,share=0.3705,tput=4.23] rank1[cuda1,share=0.3486,tput=2.05] rank2[cuda2,share=0.2809,tput=4.14]
epoch 179: eval=0.9126
epoch 180: loss=0.129513, train_acc=0.9545, time=8.7s
per-rank: rank0[cuda0,share=0.3705,tput=2.52] rank1[cuda1,share=0.3486,tput=5.38] rank2[cuda2,share=0.2809,tput=2.71]
epoch 180: eval=0.9127
epoch 181: loss=0.128632, train_acc=0.9550, time=8.4s
per-rank: rank0[cuda0,share=0.3705,tput=2.69] rank1[cuda1,share=0.3486,tput=5.85] rank2[cuda2,share=0.2809,tput=2.42]
epoch 181: eval=0.9134
epoch 182: loss=0.126045, train_acc=0.9565, time=8.5s
per-rank: rank0[cuda0,share=0.3705,tput=2.59] rank1[cuda1,share=0.3486,tput=5.54] rank2[cuda2,share=0.2809,tput=2.58]
epoch 182: eval=0.9128
epoch 183: loss=0.128481, train_acc=0.9561, time=8.6s
per-rank: rank0[cuda0,share=0.3705,tput=3.77] rank1[cuda1,share=0.3486,tput=3.40] rank2[cuda2,share=0.2809,tput=2.64]
epoch 183: eval=0.9104
epoch 184: loss=0.123113, train_acc=0.9566, time=8.6s
per-rank: rank0[cuda0,share=0.3705,tput=4.77] rank1[cuda1,share=0.3486,tput=2.62] rank2[cuda2,share=0.2809,tput=2.63]
epoch 184: eval=0.9127
epoch 185: loss=0.125675, train_acc=0.9558, time=8.6s
per-rank: rank0[cuda0,share=0.3705,tput=4.27] rank1[cuda1,share=0.3486,tput=2.97] rank2[cuda2,share=0.2809,tput=2.68]
epoch 185: eval=0.9140
epoch 186: loss=0.121674, train_acc=0.9577, time=9.8s
per-rank: rank0[cuda0,share=0.3705,tput=2.35] rank1[cuda1,share=0.3486,tput=4.84] rank2[cuda2,share=0.2809,tput=3.68]
epoch 186: eval=0.9124
epoch 187: loss=0.124528, train_acc=0.9559, time=9.2s
per-rank: rank0[cuda0,share=0.3705,tput=3.73] rank1[cuda1,share=0.3486,tput=3.67] rank2[cuda2,share=0.2809,tput=2.43]
epoch 187: eval=0.9126
epoch 188: loss=0.122970, train_acc=0.9581, time=8.5s
per-rank: rank0[cuda0,share=0.3705,tput=3.45] rank1[cuda1,share=0.3486,tput=2.42] rank2[cuda2,share=0.2809,tput=5.10]
epoch 188: eval=0.9108
epoch 189: loss=0.122097, train_acc=0.9575, time=9.9s
per-rank: rank0[cuda0,share=0.3705,tput=2.30] rank1[cuda1,share=0.3486,tput=3.41] rank2[cuda2,share=0.2809,tput=5.47]
epoch 189: eval=0.9129
epoch 190: loss=0.121062, train_acc=0.9578, time=9.3s
per-rank: rank0[cuda0,share=0.3705,tput=3.44] rank1[cuda1,share=0.3486,tput=2.59] rank2[cuda2,share=0.2809,tput=4.08]
epoch 190: eval=0.9117
epoch 191: loss=0.119455, train_acc=0.9585, time=8.5s
per-rank: rank0[cuda0,share=0.3705,tput=3.40] rank1[cuda1,share=0.3486,tput=2.43] rank2[cuda2,share=0.2809,tput=4.29]
epoch 191: eval=0.9132
epoch 192: loss=0.118872, train_acc=0.9580, time=8.5s
per-rank: rank0[cuda0,share=0.3705,tput=3.11] rank1[cuda1,share=0.3486,tput=5.15] rank2[cuda2,share=0.2809,tput=2.33]
epoch 192: eval=0.9131
epoch 193: loss=0.120796, train_acc=0.9572, time=8.6s
per-rank: rank0[cuda0,share=0.3705,tput=3.79] rank1[cuda1,share=0.3486,tput=3.37] rank2[cuda2,share=0.2809,tput=2.67]
epoch 193: eval=0.9114
epoch 194: loss=0.116738, train_acc=0.9593, time=10.2s
per-rank: rank0[cuda0,share=0.3705,tput=2.24] rank1[cuda1,share=0.3486,tput=4.71] rank2[cuda2,share=0.2809,tput=3.89]
epoch 194: eval=0.9134
epoch 195: loss=0.119508, train_acc=0.9588, time=9.5s
per-rank: rank0[cuda0,share=0.3705,tput=2.96] rank1[cuda1,share=0.3486,tput=4.09] rank2[cuda2,share=0.2809,tput=2.53]
epoch 195: eval=0.9136
epoch 196: loss=0.117408, train_acc=0.9594, time=9.7s
per-rank: rank0[cuda0,share=0.3705,tput=2.36] rank1[cuda1,share=0.3486,tput=3.08] rank2[cuda2,share=0.2809,tput=6.01]
epoch 196: eval=0.9122
epoch 197: loss=0.116964, train_acc=0.9594, time=9.1s
per-rank: rank0[cuda0,share=0.3705,tput=3.53] rank1[cuda1,share=0.3486,tput=2.33] rank2[cuda2,share=0.2809,tput=4.25]
epoch 197: eval=0.9121
epoch 198: loss=0.115848, train_acc=0.9600, time=8.6s
per-rank: rank0[cuda0,share=0.3705,tput=3.33] rank1[cuda1,share=0.3486,tput=3.67] rank2[cuda2,share=0.2809,tput=2.59]
epoch 198: eval=0.9115
epoch 199: loss=0.117573, train_acc=0.9598, time=8.7s
per-rank: rank0[cuda0,share=0.3705,tput=3.51] rank1[cuda1,share=0.3486,tput=3.74] rank2[cuda2,share=0.2809,tput=2.38]
final eval=0.9129
# total: 1693.7s (28m 14s)
