# gpu0: NVIDIA GeForce RTX 5060 Ti (15GB, sm_120)
# gpu1: NVIDIA GeForce GTX 1060 6GB (5GB, sm_61)
# gpu2: NVIDIA GeForce GTX 1060 6GB (5GB, sm_61)
epoch 0: loss=2.010355, train_acc=0.2316, time=9.4s
per-rank: rank0[cuda0,share=0.3774,tput=4.18] rank1[cuda1,share=0.3129,tput=5.22] rank2[cuda2,share=0.3097,tput=3.59]
epoch 0: eval=0.2806
epoch 1: loss=1.722092, train_acc=0.3466, time=11.1s
per-rank: rank0[cuda0,share=0.3995,tput=2.24] rank1[cuda1,share=0.3002,tput=3.50] rank2[cuda2,share=0.3002,tput=5.40]
epoch 1: eval=0.4578
epoch 2: loss=1.539924, train_acc=0.4305, time=10.2s
per-rank: rank0[cuda0,share=0.4075,tput=2.40] rank1[cuda1,share=0.2996,tput=2.91] rank2[cuda2,share=0.2930,tput=3.70]
epoch 2: eval=0.4000
epoch 3: loss=1.361996, train_acc=0.5025, time=8.9s
per-rank: rank0[cuda0,share=0.4076,tput=2.30] rank1[cuda1,share=0.3092,tput=2.67] rank2[cuda2,share=0.2831,tput=6.22]
epoch 3: eval=0.4609
epoch 4: loss=1.226264, train_acc=0.5579, time=8.8s
per-rank: rank0[cuda0,share=0.4042,tput=2.44] rank1[cuda1,share=0.3103,tput=2.54] rank2[cuda2,share=0.2854,tput=6.47]
epoch 4: eval=0.5958
epoch 5: loss=1.126006, train_acc=0.5982, time=8.9s
per-rank: rank0[cuda0,share=0.4069,tput=2.84] rank1[cuda1,share=0.3054,tput=2.42] rank2[cuda2,share=0.2876,tput=5.33]
epoch 5: eval=0.5400
epoch 6: loss=1.047302, train_acc=0.6267, time=8.9s
per-rank: rank0[cuda0,share=0.4081,tput=3.07] rank1[cuda1,share=0.3023,tput=2.73] rank2[cuda2,share=0.2896,tput=3.82]
epoch 6: eval=0.5568
epoch 7: loss=0.972323, train_acc=0.6558, time=9.0s
per-rank: rank0[cuda0,share=0.3782,tput=2.28] rank1[cuda1,share=0.3109,tput=2.63] rank2[cuda2,share=0.3109,tput=5.83]
epoch 7: eval=0.6670
epoch 8: loss=0.912812, train_acc=0.6784, time=8.9s
per-rank: rank0[cuda0,share=0.3797,tput=4.08] rank1[cuda1,share=0.3102,tput=3.69] rank2[cuda2,share=0.3102,tput=2.12]
epoch 8: eval=0.6365
epoch 9: loss=0.852678, train_acc=0.7011, time=8.9s
per-rank: rank0[cuda0,share=0.4054,tput=5.50] rank1[cuda1,share=0.3068,tput=3.64] rank2[cuda2,share=0.2877,tput=2.28]
epoch 9: eval=0.6812
epoch 10: loss=0.800149, train_acc=0.7199, time=8.7s
per-rank: rank0[cuda0,share=0.4155,tput=2.67] rank1[cuda1,share=0.2996,tput=5.77] rank2[cuda2,share=0.2849,tput=2.68]
epoch 10: eval=0.6942
epoch 11: loss=0.759319, train_acc=0.7353, time=8.9s
per-rank: rank0[cuda0,share=0.4129,tput=3.46] rank1[cuda1,share=0.2957,tput=3.60] rank2[cuda2,share=0.2914,tput=2.33]
epoch 11: eval=0.7178
epoch 12: loss=0.729173, train_acc=0.7462, time=8.8s
per-rank: rank0[cuda0,share=0.3888,tput=2.20] rank1[cuda1,share=0.3115,tput=2.77] rank2[cuda2,share=0.2998,tput=6.20]
epoch 12: eval=0.7435
epoch 13: loss=0.695718, train_acc=0.7596, time=8.8s
per-rank: rank0[cuda0,share=0.3768,tput=3.78] rank1[cuda1,share=0.3140,tput=3.77] rank2[cuda2,share=0.3092,tput=2.20]
epoch 13: eval=0.6719
epoch 14: loss=0.692563, train_acc=0.7618, time=9.0s
per-rank: rank0[cuda0,share=0.4082,tput=3.37] rank1[cuda1,share=0.3041,tput=3.57] rank2[cuda2,share=0.2878,tput=2.38]
epoch 14: eval=0.7287
epoch 15: loss=0.664581, train_acc=0.7705, time=8.9s
per-rank: rank0[cuda0,share=0.3967,tput=2.84] rank1[cuda1,share=0.3132,tput=3.99] rank2[cuda2,share=0.2902,tput=2.68]
epoch 15: eval=0.7255
epoch 16: loss=0.645530, train_acc=0.7788, time=9.0s
per-rank: rank0[cuda0,share=0.3736,tput=3.40] rank1[cuda1,share=0.3220,tput=4.83] rank2[cuda2,share=0.3044,tput=2.52]
epoch 16: eval=0.7501
epoch 17: loss=0.639481, train_acc=0.7777, time=8.9s
per-rank: rank0[cuda0,share=0.3821,tput=2.55] rank1[cuda1,share=0.3154,tput=6.13] rank2[cuda2,share=0.3026,tput=2.29]
epoch 17: eval=0.6893
epoch 18: loss=0.632155, train_acc=0.7806, time=11.6s
per-rank: rank0[cuda0,share=0.3912,tput=2.07] rank1[cuda1,share=0.3148,tput=5.65] rank2[cuda2,share=0.2940,tput=3.22]
epoch 18: eval=0.8220
epoch 19: loss=0.614468, train_acc=0.7882, time=10.1s
per-rank: rank0[cuda0,share=0.3886,tput=2.46] rank1[cuda1,share=0.3164,tput=2.91] rank2[cuda2,share=0.2949,tput=4.19]
epoch 19: eval=0.8053
epoch 20: loss=0.602033, train_acc=0.7925, time=8.9s
per-rank: rank0[cuda0,share=0.3878,tput=3.02] rank1[cuda1,share=0.3100,tput=4.86] rank2[cuda2,share=0.3022,tput=2.34]
epoch 20: eval=0.7301
epoch 21: loss=0.593800, train_acc=0.7945, time=9.0s
per-rank: rank0[cuda0,share=0.4073,tput=2.17] rank2[cuda2,share=0.2997,tput=6.10] rank1[cuda1,share=0.2930,tput=2.55]
epoch 21: eval=0.7840
epoch 22: loss=0.573951, train_acc=0.8028, time=8.8s
per-rank: rank0[cuda0,share=0.3966,tput=3.18] rank2[cuda2,share=0.3074,tput=4.93] rank1[cuda1,share=0.2960,tput=2.69]
epoch 22: eval=0.7478
epoch 23: loss=0.572062, train_acc=0.8033, time=11.2s
per-rank: rank0[cuda0,share=0.3992,tput=2.13] rank1[cuda1,share=0.3033,tput=5.41] rank2[cuda2,share=0.2975,tput=3.56]
epoch 23: eval=0.8153
epoch 24: loss=0.564397, train_acc=0.8044, time=10.0s
per-rank: rank0[cuda0,share=0.3956,tput=2.50] rank1[cuda1,share=0.3032,tput=2.72] rank2[cuda2,share=0.3012,tput=4.23]
epoch 24: eval=0.7548
epoch 25: loss=0.557391, train_acc=0.8097, time=10.9s
per-rank: rank0[cuda0,share=0.3974,tput=2.14] rank2[cuda2,share=0.3067,tput=3.61] rank1[cuda1,share=0.2959,tput=5.03]
epoch 25: eval=0.7121
epoch 26: loss=0.547478, train_acc=0.8113, time=10.0s
per-rank: rank0[cuda0,share=0.3971,tput=2.95] rank2[cuda2,share=0.3115,tput=2.77] rank1[cuda1,share=0.2914,tput=3.83]
epoch 26: eval=0.8083
epoch 27: loss=0.538958, train_acc=0.8137, time=11.5s
per-rank: rank0[cuda0,share=0.4084,tput=2.22] rank2[cuda2,share=0.2981,tput=3.83] rank1[cuda1,share=0.2935,tput=5.60]
epoch 27: eval=0.7878
epoch 28: loss=0.535989, train_acc=0.8152, time=10.3s
per-rank: rank0[cuda0,share=0.3982,tput=2.34] rank1[cuda1,share=0.3043,tput=4.36] rank2[cuda2,share=0.2975,tput=2.67]
epoch 28: eval=0.8205
epoch 29: loss=0.594652, train_acc=0.7964, time=10.1s
per-rank: rank0[cuda0,share=0.4052,tput=2.31] rank1[cuda1,share=0.3022,tput=3.44] rank2[cuda2,share=0.2926,tput=5.31]
epoch 29: eval=0.7943
epoch 30: loss=0.585841, train_acc=0.7997, time=9.1s
per-rank: rank0[cuda0,share=0.4052,tput=2.51] rank1[cuda1,share=0.3022,tput=2.91] rank2[cuda2,share=0.2926,tput=3.71]
epoch 30: eval=0.7576
epoch 31: loss=0.565930, train_acc=0.8047, time=10.7s
per-rank: rank0[cuda0,share=0.3995,tput=2.30] rank1[cuda1,share=0.3049,tput=4.05] rank2[cuda2,share=0.2956,tput=5.07]
epoch 31: eval=0.7872
epoch 32: loss=0.564114, train_acc=0.8077, time=9.9s
per-rank: rank0[cuda0,share=0.3995,tput=2.58] rank1[cuda1,share=0.3049,tput=2.71] rank2[cuda2,share=0.2956,tput=3.92]
epoch 32: eval=0.7345
epoch 33: loss=0.561209, train_acc=0.8082, time=10.2s
per-rank: rank0[cuda0,share=0.3991,tput=2.31] rank1[cuda1,share=0.3036,tput=3.12] rank2[cuda2,share=0.2973,tput=5.61]
epoch 33: eval=0.7466
epoch 34: loss=0.551001, train_acc=0.8111, time=9.5s
per-rank: rank0[cuda0,share=0.3988,tput=2.71] rank1[cuda1,share=0.3027,tput=3.66] rank2[cuda2,share=0.2985,tput=2.85]
epoch 34: eval=0.7778
epoch 35: loss=0.547705, train_acc=0.8116, time=8.9s
per-rank: rank0[cuda0,share=0.3988,tput=3.31] rank1[cuda1,share=0.3018,tput=2.51] rank2[cuda2,share=0.2994,tput=3.56]
epoch 35: eval=0.7559
epoch 36: loss=0.547772, train_acc=0.8130, time=10.1s
per-rank: rank0[cuda0,share=0.3988,tput=2.38] rank1[cuda1,share=0.3011,tput=3.56] rank2[cuda2,share=0.3000,tput=5.15]
epoch 36: eval=0.7925
epoch 37: loss=0.541116, train_acc=0.8152, time=9.5s
per-rank: rank0[cuda0,share=0.3995,tput=3.26] rank2[cuda2,share=0.3011,tput=2.71] rank1[cuda1,share=0.2994,tput=3.59]
epoch 37: eval=0.7502
epoch 38: loss=0.539448, train_acc=0.8139, time=8.8s
per-rank: rank0[cuda0,share=0.4001,tput=2.59] rank2[cuda2,share=0.3019,tput=5.90] rank1[cuda1,share=0.2980,tput=2.35]
epoch 38: eval=0.7627
epoch 39: loss=0.538739, train_acc=0.8143, time=10.6s
per-rank: rank0[cuda0,share=0.3995,tput=2.27] rank2[cuda2,share=0.3038,tput=4.57] rank1[cuda1,share=0.2967,tput=4.09]
epoch 39: eval=0.7832
epoch 40: loss=0.537490, train_acc=0.8164, time=9.8s
per-rank: rank0[cuda0,share=0.3996,tput=2.77] rank2[cuda2,share=0.3045,tput=2.27] rank1[cuda1,share=0.2958,tput=4.74]
epoch 40: eval=0.7830
epoch 41: loss=0.532089, train_acc=0.8170, time=11.1s
per-rank: rank0[cuda0,share=0.4016,tput=2.20] rank2[cuda2,share=0.3044,tput=5.01] rank1[cuda1,share=0.2940,tput=3.86]
epoch 41: eval=0.7366
epoch 42: loss=0.529671, train_acc=0.8197, time=9.9s
per-rank: rank0[cuda0,share=0.4028,tput=2.66] rank2[cuda2,share=0.3036,tput=3.37] rank1[cuda1,share=0.2936,tput=3.31]
epoch 42: eval=0.7892
epoch 43: loss=0.527095, train_acc=0.8190, time=8.7s
per-rank: rank0[cuda0,share=0.4048,tput=2.65] rank2[cuda2,share=0.3016,tput=2.36] rank1[cuda1,share=0.2936,tput=6.00]
epoch 43: eval=0.8039
epoch 44: loss=0.532688, train_acc=0.8181, time=11.1s
per-rank: rank0[cuda0,share=0.4067,tput=2.24] rank2[cuda2,share=0.2996,tput=5.60] rank1[cuda1,share=0.2936,tput=3.29]
epoch 44: eval=0.7688
epoch 45: loss=0.527108, train_acc=0.8192, time=9.9s
per-rank: rank0[cuda0,share=0.4067,tput=2.13] rank2[cuda2,share=0.2996,tput=2.77] rank1[cuda1,share=0.2936,tput=4.32]
epoch 45: eval=0.7640
epoch 46: loss=0.520431, train_acc=0.8191, time=10.4s
per-rank: rank0[cuda0,share=0.4080,tput=2.39] rank2[cuda2,share=0.2970,tput=4.94] rank1[cuda1,share=0.2950,tput=3.90]
epoch 46: eval=0.7723
epoch 47: loss=0.516117, train_acc=0.8228, time=9.4s
per-rank: rank0[cuda0,share=0.4089,tput=3.16] rank2[cuda2,share=0.2958,tput=3.94] rank1[cuda1,share=0.2952,tput=2.25]
epoch 47: eval=0.8001
epoch 48: loss=0.520546, train_acc=0.8215, time=8.8s
per-rank: rank0[cuda0,share=0.4084,tput=3.49] rank1[cuda1,share=0.2962,tput=3.40] rank2[cuda2,share=0.2954,tput=2.56]
epoch 48: eval=0.8363
epoch 49: loss=0.513819, train_acc=0.8243, time=8.8s
per-rank: rank0[cuda0,share=0.4078,tput=4.14] rank1[cuda1,share=0.2972,tput=3.90] rank2[cuda2,share=0.2950,tput=2.01]
epoch 49: eval=0.7847
epoch 50: loss=0.506152, train_acc=0.8261, time=10.3s
per-rank: rank0[cuda0,share=0.4090,tput=2.33] rank1[cuda1,share=0.2972,tput=5.37] rank2[cuda2,share=0.2938,tput=3.11]
epoch 50: eval=0.7815
epoch 51: loss=0.519543, train_acc=0.8205, time=9.5s
per-rank: rank0[cuda0,share=0.4101,tput=2.46] rank1[cuda1,share=0.2973,tput=4.36] rank2[cuda2,share=0.2926,tput=2.61]
epoch 51: eval=0.8179
epoch 52: loss=0.510190, train_acc=0.8247, time=10.9s
per-rank: rank0[cuda0,share=0.4120,tput=2.30] rank1[cuda1,share=0.2960,tput=5.44] rank2[cuda2,share=0.2919,tput=3.40]
epoch 52: eval=0.7667
epoch 53: loss=0.507455, train_acc=0.8266, time=9.7s
per-rank: rank0[cuda0,share=0.4120,tput=2.31] rank1[cuda1,share=0.2960,tput=3.02] rank2[cuda2,share=0.2919,tput=3.81]
epoch 53: eval=0.8144
epoch 54: loss=0.509301, train_acc=0.8255, time=12.2s
per-rank: rank0[cuda0,share=0.4109,tput=2.06] rank1[cuda1,share=0.2960,tput=3.95] rank2[cuda2,share=0.2931,tput=5.24]
epoch 54: eval=0.7915
epoch 55: loss=0.514302, train_acc=0.8236, time=10.3s
per-rank: rank0[cuda0,share=0.4109,tput=2.41] rank1[cuda1,share=0.2960,tput=3.41] rank2[cuda2,share=0.2931,tput=4.40]
epoch 55: eval=0.7902
epoch 56: loss=0.505268, train_acc=0.8270, time=10.9s
per-rank: rank0[cuda0,share=0.4101,tput=2.20] rank1[cuda1,share=0.2958,tput=3.69] rank2[cuda2,share=0.2942,tput=5.12]
epoch 56: eval=0.7504
epoch 57: loss=0.505160, train_acc=0.8255, time=9.8s
per-rank: rank0[cuda0,share=0.4101,tput=3.16] rank1[cuda1,share=0.2958,tput=2.50] rank2[cuda2,share=0.2942,tput=4.09]
epoch 57: eval=0.8192
epoch 58: loss=0.496144, train_acc=0.8293, time=10.5s
per-rank: rank0[cuda0,share=0.4089,tput=2.27] rank1[cuda1,share=0.2980,tput=3.87] rank2[cuda2,share=0.2931,tput=4.53]
epoch 58: eval=0.7968
epoch 59: loss=0.506509, train_acc=0.8267, time=9.6s
per-rank: rank0[cuda0,share=0.4089,tput=2.60] rank1[cuda1,share=0.2980,tput=4.46] rank2[cuda2,share=0.2931,tput=2.70]
epoch 59: eval=0.7507
epoch 60: loss=0.496132, train_acc=0.8303, time=10.6s
per-rank: rank0[cuda0,share=0.4088,tput=2.29] rank1[cuda1,share=0.2994,tput=3.21] rank2[cuda2,share=0.2918,tput=5.87]
epoch 60: eval=0.8095
epoch 61: loss=0.507024, train_acc=0.8262, time=10.1s
per-rank: rank0[cuda0,share=0.4088,tput=2.64] rank1[cuda1,share=0.2994,tput=2.90] rank2[cuda2,share=0.2918,tput=3.86]
epoch 61: eval=0.7724
epoch 62: loss=0.488427, train_acc=0.8352, time=10.6s
per-rank: rank0[cuda0,share=0.4069,tput=2.34] rank1[cuda1,share=0.2999,tput=4.17] rank2[cuda2,share=0.2932,tput=4.68]
epoch 62: eval=0.6895
epoch 63: loss=0.501828, train_acc=0.8280, time=9.6s
per-rank: rank0[cuda0,share=0.4039,tput=2.19] rank1[cuda1,share=0.3012,tput=2.97] rank2[cuda2,share=0.2949,tput=4.14]
epoch 63: eval=0.8174
epoch 64: loss=0.482466, train_acc=0.8343, time=8.8s
per-rank: rank0[cuda0,share=0.4033,tput=2.44] rank1[cuda1,share=0.3012,tput=2.37] rank2[cuda2,share=0.2954,tput=6.22]
epoch 64: eval=0.8262
epoch 65: loss=0.484062, train_acc=0.8345, time=8.7s
per-rank: rank0[cuda0,share=0.4027,tput=2.83] rank1[cuda1,share=0.3013,tput=2.30] rank2[cuda2,share=0.2960,tput=6.02]
epoch 65: eval=0.8110
epoch 66: loss=0.492050, train_acc=0.8318, time=8.6s
per-rank: rank0[cuda0,share=0.4021,tput=2.80] rank1[cuda1,share=0.3013,tput=2.63] rank2[cuda2,share=0.2965,tput=5.24]
epoch 66: eval=0.7249
epoch 67: loss=0.492058, train_acc=0.8304, time=8.7s
per-rank: rank0[cuda0,share=0.4015,tput=2.69] rank1[cuda1,share=0.3014,tput=2.71] rank2[cuda2,share=0.2971,tput=5.11]
epoch 67: eval=0.7735
epoch 68: loss=0.494217, train_acc=0.8298, time=12.0s
per-rank: rank0[cuda0,share=0.4015,tput=1.95] rank1[cuda1,share=0.3019,tput=4.00] rank2[cuda2,share=0.2965,tput=5.08]
epoch 68: eval=0.8007
epoch 69: loss=0.499501, train_acc=0.8286, time=10.9s
per-rank: rank0[cuda0,share=0.4009,tput=2.12] rank1[cuda1,share=0.3020,tput=4.47] rank2[cuda2,share=0.2971,tput=2.87]
epoch 69: eval=0.7936
epoch 70: loss=0.489478, train_acc=0.8326, time=9.0s
per-rank: rank0[cuda0,share=0.3994,tput=2.78] rank1[cuda1,share=0.3036,tput=2.92] rank2[cuda2,share=0.2970,tput=3.76]
epoch 70: eval=0.7515
epoch 71: loss=0.492306, train_acc=0.8311, time=8.8s
per-rank: rank0[cuda0,share=0.3963,tput=2.54] rank1[cuda1,share=0.3060,tput=2.58] rank2[cuda2,share=0.2977,tput=6.50]
epoch 71: eval=0.8126
epoch 72: loss=0.481833, train_acc=0.8348, time=8.8s
per-rank: rank0[cuda0,share=0.3931,tput=2.38] rank1[cuda1,share=0.3084,tput=5.69] rank2[cuda2,share=0.2985,tput=2.46]
epoch 72: eval=0.7518
epoch 73: loss=0.481341, train_acc=0.8353, time=11.5s
per-rank: rank0[cuda0,share=0.3887,tput=2.02] rank1[cuda1,share=0.3123,tput=3.99] rank2[cuda2,share=0.2990,tput=5.34]
epoch 73: eval=0.7618
epoch 74: loss=0.484040, train_acc=0.8326, time=10.1s
per-rank: rank0[cuda0,share=0.3871,tput=2.59] rank1[cuda1,share=0.3131,tput=4.01] rank2[cuda2,share=0.2998,tput=2.87]
epoch 74: eval=0.8206
epoch 75: loss=0.478905, train_acc=0.8362, time=9.8s
per-rank: rank0[cuda0,share=0.3855,tput=2.35] rank1[cuda1,share=0.3138,tput=3.29] rank2[cuda2,share=0.3006,tput=4.80]
epoch 75: eval=0.7958
epoch 76: loss=0.483833, train_acc=0.8341, time=9.1s
per-rank: rank0[cuda0,share=0.3845,tput=4.04] rank1[cuda1,share=0.3151,tput=2.95] rank2[cuda2,share=0.3003,tput=2.82]
epoch 76: eval=0.7424
epoch 77: loss=0.480310, train_acc=0.8361, time=8.7s
per-rank: rank0[cuda0,share=0.3868,tput=3.96] rank1[cuda1,share=0.3139,tput=3.90] rank2[cuda2,share=0.2993,tput=2.04]
epoch 77: eval=0.8080
epoch 78: loss=0.482723, train_acc=0.8345, time=8.6s
per-rank: rank0[cuda0,share=0.3887,tput=3.57] rank1[cuda1,share=0.3129,tput=3.53] rank2[cuda2,share=0.2984,tput=2.44]
epoch 78: eval=0.7297
epoch 79: loss=0.482160, train_acc=0.8354, time=8.7s
per-rank: rank0[cuda0,share=0.3923,tput=3.22] rank1[cuda1,share=0.3110,tput=3.79] rank2[cuda2,share=0.2967,tput=2.50]
epoch 79: eval=0.7977
epoch 80: loss=0.478903, train_acc=0.8363, time=8.7s
per-rank: rank0[cuda0,share=0.3959,tput=2.17] rank1[cuda1,share=0.3091,tput=2.93] rank2[cuda2,share=0.2950,tput=5.70]
epoch 80: eval=0.7876
epoch 81: loss=0.478245, train_acc=0.8358, time=8.9s
per-rank: rank0[cuda0,share=0.3989,tput=2.99] rank1[cuda1,share=0.3075,tput=2.77] rank2[cuda2,share=0.2936,tput=3.38]
epoch 81: eval=0.7702
epoch 82: loss=0.479802, train_acc=0.8365, time=8.8s
per-rank: rank0[cuda0,share=0.4003,tput=2.88] rank1[cuda1,share=0.3067,tput=4.03] rank2[cuda2,share=0.2930,tput=2.50]
epoch 82: eval=0.7781
epoch 83: loss=0.474968, train_acc=0.8385, time=8.8s
per-rank: rank0[cuda0,share=0.4015,tput=5.28] rank1[cuda1,share=0.3078,tput=2.18] rank2[cuda2,share=0.2908,tput=3.87]
epoch 83: eval=0.7471
epoch 84: loss=0.476148, train_acc=0.8362, time=8.9s
per-rank: rank0[cuda0,share=0.4025,tput=2.92] rank1[cuda1,share=0.3077,tput=2.19] rank2[cuda2,share=0.2898,tput=6.31]
epoch 84: eval=0.7624
epoch 85: loss=0.468042, train_acc=0.8402, time=9.6s
per-rank: rank0[cuda0,share=0.4011,tput=2.41] rank1[cuda1,share=0.3076,tput=3.83] rank2[cuda2,share=0.2913,tput=4.58]
epoch 85: eval=0.7630
epoch 86: loss=0.472635, train_acc=0.8406, time=9.2s
per-rank: rank0[cuda0,share=0.3995,tput=3.75] rank1[cuda1,share=0.3080,tput=2.56] rank2[cuda2,share=0.2925,tput=3.24]
epoch 86: eval=0.7907
epoch 87: loss=0.469813, train_acc=0.8401, time=10.2s
per-rank: rank0[cuda0,share=0.3973,tput=2.36] rank1[cuda1,share=0.3082,tput=3.51] rank2[cuda2,share=0.2945,tput=4.95]
epoch 87: eval=0.7996
epoch 88: loss=0.467087, train_acc=0.8406, time=9.5s
per-rank: rank0[cuda0,share=0.3968,tput=2.85] rank1[cuda1,share=0.3080,tput=2.98] rank2[cuda2,share=0.2952,tput=3.47]
epoch 88: eval=0.8057
epoch 89: loss=0.472026, train_acc=0.8366, time=8.8s
per-rank: rank0[cuda0,share=0.3989,tput=3.21] rank1[cuda1,share=0.3073,tput=2.79] rank2[cuda2,share=0.2938,tput=3.47]
epoch 89: eval=0.7713
epoch 90: loss=0.472807, train_acc=0.8370, time=10.7s
per-rank: rank0[cuda0,share=0.4045,tput=2.35] rank1[cuda1,share=0.3043,tput=3.92] rank2[cuda2,share=0.2912,tput=5.23]
epoch 90: eval=0.8412
epoch 91: loss=0.479712, train_acc=0.8361, time=9.9s
per-rank: rank0[cuda0,share=0.4045,tput=2.54] rank1[cuda1,share=0.3043,tput=2.40] rank2[cuda2,share=0.2912,tput=4.76]
epoch 91: eval=0.7316
epoch 92: loss=0.466587, train_acc=0.8409, time=10.6s
per-rank: rank0[cuda0,share=0.4086,tput=2.30] rank1[cuda1,share=0.3013,tput=3.49] rank2[cuda2,share=0.2901,tput=5.82]
epoch 92: eval=0.8049
epoch 93: loss=0.461306, train_acc=0.8404, time=9.7s
per-rank: rank0[cuda0,share=0.4099,tput=2.73] rank1[cuda1,share=0.3001,tput=4.45] rank2[cuda2,share=0.2899,tput=2.27]
epoch 93: eval=0.8017
epoch 94: loss=0.466776, train_acc=0.8404, time=8.7s
per-rank: rank0[cuda0,share=0.4099,tput=4.06] rank1[cuda1,share=0.2999,tput=5.43] rank2[cuda2,share=0.2902,tput=2.12]
epoch 94: eval=0.8287
epoch 95: loss=0.461527, train_acc=0.8420, time=10.6s
per-rank: rank0[cuda0,share=0.4095,tput=2.25] rank1[cuda1,share=0.3012,tput=4.13] rank2[cuda2,share=0.2893,tput=4.72]
epoch 95: eval=0.7948
epoch 96: loss=0.465713, train_acc=0.8423, time=9.9s
per-rank: rank0[cuda0,share=0.4091,tput=2.96] rank1[cuda1,share=0.3025,tput=3.63] rank2[cuda2,share=0.2883,tput=2.79]
epoch 96: eval=0.8140
epoch 97: loss=0.461237, train_acc=0.8428, time=8.8s
per-rank: rank0[cuda0,share=0.4081,tput=4.13] rank1[cuda1,share=0.3021,tput=2.86] rank2[cuda2,share=0.2898,tput=2.71]
epoch 97: eval=0.7860
epoch 98: loss=0.463889, train_acc=0.8407, time=11.8s
per-rank: rank0[cuda0,share=0.4101,tput=2.13] rank1[cuda1,share=0.2998,tput=5.42] rank2[cuda2,share=0.2901,tput=3.57]
epoch 98: eval=0.7867
epoch 99: loss=0.468357, train_acc=0.8400, time=11.2s
per-rank: rank0[cuda0,share=0.4092,tput=2.11] rank1[cuda1,share=0.2996,tput=4.37] rank2[cuda2,share=0.2912,tput=2.97]
epoch 99: eval=0.8180
epoch 100: loss=0.347527, train_acc=0.8820, time=9.2s
per-rank: rank0[cuda0,share=0.4101,tput=2.99] rank1[cuda1,share=0.2995,tput=3.90] rank2[cuda2,share=0.2904,tput=2.76]
epoch 100: eval=0.8967
epoch 101: loss=0.246480, train_acc=0.9149, time=8.7s
per-rank: rank0[cuda0,share=0.4097,tput=2.67] rank1[cuda1,share=0.2998,tput=2.24] rank2[cuda2,share=0.2905,tput=6.39]
epoch 101: eval=0.8996
epoch 102: loss=0.230197, train_acc=0.9206, time=8.6s
per-rank: rank0[cuda0,share=0.4082,tput=4.02] rank1[cuda1,share=0.2967,tput=2.64] rank2[cuda2,share=0.2951,tput=3.08]
epoch 102: eval=0.9005
epoch 103: loss=0.221711, train_acc=0.9240, time=10.4s
per-rank: rank0[cuda0,share=0.4082,tput=2.32] rank2[cuda2,share=0.3001,tput=3.39] rank1[cuda1,share=0.2917,tput=5.52]
epoch 103: eval=0.8999
epoch 104: loss=0.215942, train_acc=0.9249, time=9.7s
per-rank: rank0[cuda0,share=0.4075,tput=2.79] rank2[cuda2,share=0.3005,tput=2.88] rank1[cuda1,share=0.2919,tput=3.61]
epoch 104: eval=0.9029
epoch 105: loss=0.206270, train_acc=0.9297, time=8.8s
per-rank: rank0[cuda0,share=0.4068,tput=3.51] rank2[cuda2,share=0.3009,tput=3.37] rank1[cuda1,share=0.2922,tput=2.55]
epoch 105: eval=0.9037
epoch 106: loss=0.200965, train_acc=0.9296, time=11.0s
per-rank: rank0[cuda0,share=0.4063,tput=2.31] rank2[cuda2,share=0.3004,tput=5.27] rank1[cuda1,share=0.2933,tput=3.93]
epoch 106: eval=0.9048
epoch 107: loss=0.196250, train_acc=0.9329, time=10.0s
per-rank: rank0[cuda0,share=0.4085,tput=2.83] rank2[cuda2,share=0.2993,tput=2.43] rank1[cuda1,share=0.2922,tput=4.32]
epoch 107: eval=0.9025
epoch 108: loss=0.190290, train_acc=0.9346, time=10.4s
per-rank: rank0[cuda0,share=0.4142,tput=2.38] rank2[cuda2,share=0.2931,tput=2.91] rank1[cuda1,share=0.2926,tput=6.06]
epoch 108: eval=0.9055
epoch 109: loss=0.187505, train_acc=0.9337, time=9.7s
per-rank: rank0[cuda0,share=0.4167,tput=2.74] rank1[cuda1,share=0.2931,tput=3.88] rank2[cuda2,share=0.2903,tput=2.55]
epoch 109: eval=0.9042
epoch 110: loss=0.183651, train_acc=0.9355, time=8.8s
per-rank: rank0[cuda0,share=0.4191,tput=3.33] rank1[cuda1,share=0.2935,tput=3.30] rank2[cuda2,share=0.2874,tput=2.67]
epoch 110: eval=0.9029
epoch 111: loss=0.184191, train_acc=0.9359, time=11.7s
per-rank: rank0[cuda0,share=0.4172,tput=2.19] rank1[cuda1,share=0.2950,tput=3.80] rank2[cuda2,share=0.2878,tput=5.59]
epoch 111: eval=0.9034
epoch 112: loss=0.175247, train_acc=0.9381, time=10.4s
per-rank: rank0[cuda0,share=0.4181,tput=2.25] rank1[cuda1,share=0.2957,tput=3.07] rank2[cuda2,share=0.2862,tput=3.89]
epoch 112: eval=0.9058
epoch 113: loss=0.175446, train_acc=0.9393, time=8.8s
per-rank: rank0[cuda0,share=0.4178,tput=4.25] rank1[cuda1,share=0.2964,tput=2.06] rank2[cuda2,share=0.2858,tput=3.45]
epoch 113: eval=0.9052
epoch 114: loss=0.168785, train_acc=0.9416, time=8.8s
per-rank: rank0[cuda0,share=0.4161,tput=2.96] rank1[cuda1,share=0.2952,tput=2.14] rank2[cuda2,share=0.2887,tput=6.43]
epoch 114: eval=0.9068
epoch 115: loss=0.166521, train_acc=0.9413, time=8.9s
per-rank: rank0[cuda0,share=0.4124,tput=2.14] rank2[cuda2,share=0.2944,tput=6.30] rank1[cuda1,share=0.2932,tput=2.57]
epoch 115: eval=0.9080
epoch 116: loss=0.167102, train_acc=0.9411, time=8.7s
per-rank: rank0[cuda0,share=0.4100,tput=2.14] rank2[cuda2,share=0.2988,tput=5.56] rank1[cuda1,share=0.2912,tput=2.98]
epoch 116: eval=0.9107
epoch 117: loss=0.163768, train_acc=0.9425, time=8.8s
per-rank: rank0[cuda0,share=0.4064,tput=3.39] rank2[cuda2,share=0.3026,tput=2.54] rank1[cuda1,share=0.2911,tput=3.72]
epoch 117: eval=0.9087
epoch 118: loss=0.158982, train_acc=0.9450, time=10.0s
per-rank: rank0[cuda0,share=0.4069,tput=2.35] rank2[cuda2,share=0.3045,tput=3.68] rank1[cuda1,share=0.2886,tput=4.41]
epoch 118: eval=0.9036
epoch 119: loss=0.158156, train_acc=0.9445, time=9.7s
per-rank: rank0[cuda0,share=0.4086,tput=3.33] rank2[cuda2,share=0.3047,tput=2.71] rank1[cuda1,share=0.2867,tput=3.29]
epoch 119: eval=0.9092
epoch 120: loss=0.155006, train_acc=0.9448, time=8.7s
per-rank: rank0[cuda0,share=0.4108,tput=3.61] rank2[cuda2,share=0.3046,tput=3.23] rank1[cuda1,share=0.2846,tput=2.55]
epoch 120: eval=0.9072
epoch 121: loss=0.155702, train_acc=0.9449, time=10.8s
per-rank: rank0[cuda0,share=0.4141,tput=2.37] rank2[cuda2,share=0.3033,tput=3.72] rank1[cuda1,share=0.2826,tput=5.32]
epoch 121: eval=0.9078
epoch 122: loss=0.152594, train_acc=0.9462, time=9.9s
per-rank: rank0[cuda0,share=0.4206,tput=2.58] rank2[cuda2,share=0.2988,tput=3.96] rank1[cuda1,share=0.2805,tput=2.85]
epoch 122: eval=0.9143
epoch 123: loss=0.150639, train_acc=0.9467, time=8.9s
per-rank: rank0[cuda0,share=0.4246,tput=3.38] rank2[cuda2,share=0.2971,tput=2.57] rank1[cuda1,share=0.2783,tput=3.35]
epoch 123: eval=0.9131
epoch 124: loss=0.149661, train_acc=0.9472, time=8.8s
per-rank: rank0[cuda0,share=0.4224,tput=3.00] rank2[cuda2,share=0.2958,tput=3.72] rank1[cuda1,share=0.2818,tput=2.77]
epoch 124: eval=0.9071
epoch 125: loss=0.146677, train_acc=0.9486, time=8.8s
per-rank: rank0[cuda0,share=0.4153,tput=3.66] rank2[cuda2,share=0.2949,tput=2.27] rank1[cuda1,share=0.2897,tput=3.76]
epoch 125: eval=0.9069
epoch 126: loss=0.143982, train_acc=0.9489, time=8.7s
per-rank: rank0[cuda0,share=0.4081,tput=3.51] rank1[cuda1,share=0.2972,tput=3.78] rank2[cuda2,share=0.2947,tput=2.38]
epoch 126: eval=0.9086
epoch 127: loss=0.141359, train_acc=0.9506, time=10.1s
per-rank: rank0[cuda0,share=0.4028,tput=2.35] rank1[cuda1,share=0.3063,tput=4.28] rank2[cuda2,share=0.2910,tput=3.87]
epoch 127: eval=0.9020
epoch 128: loss=0.141939, train_acc=0.9496, time=9.4s
per-rank: rank0[cuda0,share=0.4022,tput=2.87] rank1[cuda1,share=0.3106,tput=2.87] rank2[cuda2,share=0.2873,tput=3.82]
epoch 128: eval=0.8975
epoch 129: loss=0.143836, train_acc=0.9493, time=8.8s
per-rank: rank0[cuda0,share=0.4066,tput=3.12] rank1[cuda1,share=0.3121,tput=2.86] rank2[cuda2,share=0.2813,tput=4.54]
epoch 129: eval=0.9089
epoch 130: loss=0.146042, train_acc=0.9485, time=12.6s
per-rank: rank0[cuda0,share=0.4066,tput=1.93] rank1[cuda1,share=0.3166,tput=3.52] rank2[cuda2,share=0.2768,tput=5.96]
epoch 130: eval=0.9062
epoch 131: loss=0.146925, train_acc=0.9486, time=11.7s
per-rank: rank0[cuda0,share=0.4066,tput=2.40] rank1[cuda1,share=0.3166,tput=4.18] rank2[cuda2,share=0.2768,tput=3.03]
epoch 131: eval=0.9014
epoch 132: loss=0.144424, train_acc=0.9485, time=11.0s
per-rank: rank0[cuda0,share=0.4047,tput=2.12] rank1[cuda1,share=0.3188,tput=3.52] rank2[cuda2,share=0.2765,tput=5.76]
epoch 132: eval=0.9044
epoch 133: loss=0.144720, train_acc=0.9482, time=9.9s
per-rank: rank0[cuda0,share=0.4020,tput=2.32] rank1[cuda1,share=0.3193,tput=2.66] rank2[cuda2,share=0.2787,tput=4.79]
epoch 133: eval=0.9065
epoch 134: loss=0.146738, train_acc=0.9481, time=8.7s
per-rank: rank0[cuda0,share=0.3966,tput=2.81] rank1[cuda1,share=0.3210,tput=4.00] rank2[cuda2,share=0.2824,tput=2.74]
epoch 134: eval=0.9030
epoch 135: loss=0.145962, train_acc=0.9487, time=8.8s
per-rank: rank0[cuda0,share=0.3912,tput=2.12] rank1[cuda1,share=0.3215,tput=2.62] rank2[cuda2,share=0.2874,tput=6.44]
epoch 135: eval=0.9004
epoch 136: loss=0.138889, train_acc=0.9508, time=8.7s
per-rank: rank0[cuda0,share=0.3880,tput=4.42] rank1[cuda1,share=0.3211,tput=3.95] rank2[cuda2,share=0.2909,tput=2.06]
epoch 136: eval=0.9092
epoch 137: loss=0.142950, train_acc=0.9499, time=8.6s
per-rank: rank0[cuda0,share=0.3853,tput=2.29] rank1[cuda1,share=0.3207,tput=6.67] rank2[cuda2,share=0.2940,tput=2.35]
epoch 137: eval=0.9094
epoch 138: loss=0.140447, train_acc=0.9502, time=8.7s
per-rank: rank0[cuda0,share=0.3828,tput=3.04] rank1[cuda1,share=0.3204,tput=5.32] rank2[cuda2,share=0.2967,tput=2.37]
epoch 138: eval=0.9054
epoch 139: loss=0.141903, train_acc=0.9504, time=10.0s
per-rank: rank0[cuda0,share=0.3818,tput=2.23] rank1[cuda1,share=0.3193,tput=5.88] rank2[cuda2,share=0.2990,tput=2.92]
epoch 139: eval=0.9102
epoch 140: loss=0.136654, train_acc=0.9521, time=9.4s
per-rank: rank0[cuda0,share=0.3808,tput=3.41] rank1[cuda1,share=0.3174,tput=3.85] rank2[cuda2,share=0.3018,tput=2.42]
epoch 140: eval=0.9053
epoch 141: loss=0.139457, train_acc=0.9493, time=10.8s
per-rank: rank0[cuda0,share=0.3825,tput=2.25] rank1[cuda1,share=0.3150,tput=5.36] rank2[cuda2,share=0.3024,tput=3.31]
epoch 141: eval=0.9039
epoch 142: loss=0.139979, train_acc=0.9505, time=9.7s
per-rank: rank0[cuda0,share=0.3825,tput=2.31] rank1[cuda1,share=0.3150,tput=2.79] rank2[cuda2,share=0.3024,tput=4.22]
epoch 142: eval=0.9041
epoch 143: loss=0.137127, train_acc=0.9513, time=11.7s
per-rank: rank0[cuda0,share=0.3858,tput=2.06] rank1[cuda1,share=0.3116,tput=3.79] rank2[cuda2,share=0.3027,tput=5.54]
epoch 143: eval=0.9044
epoch 144: loss=0.139808, train_acc=0.9515, time=10.7s
per-rank: rank0[cuda0,share=0.3858,tput=2.08] rank1[cuda1,share=0.3116,tput=4.36] rank2[cuda2,share=0.3027,tput=3.01]
epoch 144: eval=0.8987
epoch 145: loss=0.141627, train_acc=0.9485, time=10.7s
per-rank: rank0[cuda0,share=0.3902,tput=2.24] rank1[cuda1,share=0.3088,tput=3.32] rank2[cuda2,share=0.3009,tput=5.54]
epoch 145: eval=0.9045
epoch 146: loss=0.138379, train_acc=0.9506, time=9.8s
per-rank: rank0[cuda0,share=0.3902,tput=3.27] rank1[cuda1,share=0.3088,tput=2.42] rank2[cuda2,share=0.3009,tput=4.10]
epoch 146: eval=0.9038
epoch 147: loss=0.135396, train_acc=0.9510, time=10.6s
per-rank: rank0[cuda0,share=0.3936,tput=2.20] rank1[cuda1,share=0.3067,tput=3.61] rank2[cuda2,share=0.2997,tput=5.29]
epoch 147: eval=0.9047
epoch 148: loss=0.138461, train_acc=0.9514, time=9.8s
per-rank: rank0[cuda0,share=0.3936,tput=2.91] rank1[cuda1,share=0.3067,tput=4.54] rank2[cuda2,share=0.2997,tput=2.26]
epoch 148: eval=0.8962
epoch 149: loss=0.133648, train_acc=0.9534, time=10.3s
per-rank: rank0[cuda0,share=0.3970,tput=2.27] rank1[cuda1,share=0.3046,tput=3.53] rank2[cuda2,share=0.2984,tput=5.04]
epoch 149: eval=0.9117
epoch 150: loss=0.099622, train_acc=0.9659, time=9.7s
per-rank: rank0[cuda0,share=0.3970,tput=2.99] rank1[cuda1,share=0.3046,tput=3.39] rank2[cuda2,share=0.2984,tput=2.77]
epoch 150: eval=0.9151
epoch 151: loss=0.085450, train_acc=0.9715, time=11.6s
per-rank: rank0[cuda0,share=0.3969,tput=2.09] rank1[cuda1,share=0.3041,tput=4.17] rank2[cuda2,share=0.2990,tput=4.76]
epoch 151: eval=0.9194
epoch 152: loss=0.080088, train_acc=0.9737, time=10.1s
per-rank: rank0[cuda0,share=0.3969,tput=2.43] rank1[cuda1,share=0.3041,tput=3.18] rank2[cuda2,share=0.2990,tput=3.80]
epoch 152: eval=0.9184
epoch 153: loss=0.079059, train_acc=0.9735, time=12.4s
per-rank: rank0[cuda0,share=0.3966,tput=1.99] rank1[cuda1,share=0.3036,tput=3.37] rank2[cuda2,share=0.2998,tput=4.45]
epoch 153: eval=0.9194
epoch 154: loss=0.077432, train_acc=0.9745, time=10.3s
per-rank: rank0[cuda0,share=0.3966,tput=2.17] rank1[cuda1,share=0.3036,tput=2.99] rank2[cuda2,share=0.2998,tput=3.94]
epoch 154: eval=0.9190
epoch 155: loss=0.075698, train_acc=0.9755, time=11.2s
per-rank: rank0[cuda0,share=0.3981,tput=2.09] rank1[cuda1,share=0.3026,tput=3.61] rank2[cuda2,share=0.2994,tput=5.48]
epoch 155: eval=0.9190
epoch 156: loss=0.074991, train_acc=0.9755, time=10.3s
per-rank: rank0[cuda0,share=0.3982,tput=2.55] rank1[cuda1,share=0.3038,tput=2.78] rank2[cuda2,share=0.2980,tput=3.82]
epoch 156: eval=0.9195
epoch 157: loss=0.073006, train_acc=0.9762, time=8.9s
per-rank: rank0[cuda0,share=0.3984,tput=2.82] rank1[cuda1,share=0.3049,tput=2.18] rank2[cuda2,share=0.2967,tput=5.88]
epoch 157: eval=0.9178
epoch 158: loss=0.072266, train_acc=0.9763, time=9.9s
per-rank: rank0[cuda0,share=0.3986,tput=2.42] rank1[cuda1,share=0.3060,tput=3.46] rank2[cuda2,share=0.2954,tput=5.27]
epoch 158: eval=0.9182
epoch 159: loss=0.072656, train_acc=0.9765, time=9.4s
per-rank: rank0[cuda0,share=0.3997,tput=3.27] rank1[cuda1,share=0.3055,tput=3.32] rank2[cuda2,share=0.2948,tput=2.70]
epoch 159: eval=0.9203
epoch 160: loss=0.073238, train_acc=0.9758, time=11.1s
per-rank: rank0[cuda0,share=0.4010,tput=2.16] rank1[cuda1,share=0.3049,tput=5.48] rank2[cuda2,share=0.2941,tput=3.50]
epoch 160: eval=0.9190
epoch 161: loss=0.069931, train_acc=0.9773, time=10.0s
per-rank: rank0[cuda0,share=0.4022,tput=2.21] rank1[cuda1,share=0.3043,tput=4.36] rank2[cuda2,share=0.2935,tput=2.93]
epoch 161: eval=0.9173
epoch 162: loss=0.070569, train_acc=0.9764, time=8.6s
per-rank: rank0[cuda0,share=0.4028,tput=2.73] rank1[cuda1,share=0.3033,tput=2.85] rank2[cuda2,share=0.2939,tput=5.03]
epoch 162: eval=0.9200
epoch 163: loss=0.069976, train_acc=0.9768, time=10.4s
per-rank: rank0[cuda0,share=0.4034,tput=2.40] rank1[cuda1,share=0.3023,tput=6.37] rank2[cuda2,share=0.2943,tput=2.95]
epoch 163: eval=0.9196
epoch 164: loss=0.070372, train_acc=0.9769, time=9.4s
per-rank: rank0[cuda0,share=0.4034,tput=2.94] rank1[cuda1,share=0.3023,tput=3.01] rank2[cuda2,share=0.2943,tput=3.48]
epoch 164: eval=0.9160
epoch 165: loss=0.067868, train_acc=0.9780, time=11.0s
per-rank: rank0[cuda0,share=0.4071,tput=2.31] rank1[cuda1,share=0.2990,tput=3.74] rank2[cuda2,share=0.2939,tput=5.03]
epoch 165: eval=0.9185
epoch 166: loss=0.068916, train_acc=0.9769, time=10.1s
per-rank: rank0[cuda0,share=0.4071,tput=2.05] rank1[cuda1,share=0.2990,tput=4.17] rank2[cuda2,share=0.2939,tput=2.96]
epoch 166: eval=0.9192
epoch 167: loss=0.067965, train_acc=0.9780, time=12.3s
per-rank: rank0[cuda0,share=0.4093,tput=2.01] rank1[cuda1,share=0.2968,tput=3.92] rank2[cuda2,share=0.2939,tput=5.44]
epoch 167: eval=0.9169
epoch 168: loss=0.066646, train_acc=0.9777, time=10.5s
per-rank: rank0[cuda0,share=0.4101,tput=2.42] rank1[cuda1,share=0.2961,tput=4.48] rank2[cuda2,share=0.2938,tput=3.14]
epoch 168: eval=0.9153
epoch 169: loss=0.067100, train_acc=0.9777, time=11.8s
per-rank: rank0[cuda0,share=0.4091,tput=2.05] rank1[cuda1,share=0.2964,tput=5.44] rank2[cuda2,share=0.2946,tput=3.93]
epoch 169: eval=0.9176
epoch 170: loss=0.065010, train_acc=0.9793, time=10.8s
per-rank: rank0[cuda0,share=0.4077,tput=1.93] rank1[cuda1,share=0.2971,tput=2.88] rank2[cuda2,share=0.2952,tput=4.13]
epoch 170: eval=0.9181
epoch 171: loss=0.065245, train_acc=0.9782, time=8.8s
per-rank: rank0[cuda0,share=0.4050,tput=3.90] rank1[cuda1,share=0.2986,tput=2.58] rank2[cuda2,share=0.2965,tput=3.27]
epoch 171: eval=0.9194
epoch 172: loss=0.064836, train_acc=0.9787, time=8.6s
per-rank: rank0[cuda0,share=0.4022,tput=3.44] rank1[cuda1,share=0.3001,tput=2.61] rank2[cuda2,share=0.2978,tput=3.51]
epoch 172: eval=0.9203
epoch 173: loss=0.065258, train_acc=0.9788, time=10.6s
per-rank: rank0[cuda0,share=0.3993,tput=2.19] rank1[cuda1,share=0.3016,tput=3.75] rank2[cuda2,share=0.2991,tput=4.82]
epoch 173: eval=0.9198
epoch 174: loss=0.066627, train_acc=0.9778, time=9.6s
per-rank: rank0[cuda0,share=0.3964,tput=2.34] rank1[cuda1,share=0.3031,tput=4.60] rank2[cuda2,share=0.3005,tput=2.58]
epoch 174: eval=0.9184
epoch 175: loss=0.062085, train_acc=0.9801, time=8.8s
per-rank: rank0[cuda0,share=0.3934,tput=2.56] rank1[cuda1,share=0.3047,tput=2.57] rank2[cuda2,share=0.3019,tput=5.42]
epoch 175: eval=0.9185
epoch 176: loss=0.062898, train_acc=0.9792, time=8.8s
per-rank: rank0[cuda0,share=0.3904,tput=3.69] rank1[cuda1,share=0.3063,tput=3.44] rank2[cuda2,share=0.3033,tput=2.52]
epoch 176: eval=0.9185
epoch 177: loss=0.061750, train_acc=0.9797, time=8.7s
per-rank: rank0[cuda0,share=0.3873,tput=3.57] rank1[cuda1,share=0.3080,tput=3.92] rank2[cuda2,share=0.3047,tput=2.31]
epoch 177: eval=0.9178
epoch 178: loss=0.061372, train_acc=0.9797, time=11.0s
per-rank: rank0[cuda0,share=0.3864,tput=2.11] rank1[cuda1,share=0.3084,tput=5.51] rank2[cuda2,share=0.3052,tput=3.51]
epoch 178: eval=0.9220
epoch 179: loss=0.062687, train_acc=0.9794, time=9.8s
per-rank: rank0[cuda0,share=0.3876,tput=2.52] rank1[cuda1,share=0.3078,tput=4.13] rank2[cuda2,share=0.3046,tput=2.88]
epoch 179: eval=0.9194
epoch 180: loss=0.061716, train_acc=0.9797, time=8.7s
per-rank: rank0[cuda0,share=0.3883,tput=4.87] rank1[cuda1,share=0.3083,tput=2.49] rank2[cuda2,share=0.3034,tput=3.13]
epoch 180: eval=0.9188
epoch 181: loss=0.061764, train_acc=0.9799, time=11.5s
per-rank: rank0[cuda0,share=0.3889,tput=2.04] rank1[cuda1,share=0.3088,tput=3.65] rank2[cuda2,share=0.3023,tput=5.52]
epoch 181: eval=0.9196
epoch 182: loss=0.060705, train_acc=0.9800, time=10.0s
per-rank: rank0[cuda0,share=0.3895,tput=2.48] rank1[cuda1,share=0.3093,tput=3.02] rank2[cuda2,share=0.3011,tput=4.04]
epoch 182: eval=0.9193
epoch 183: loss=0.059950, train_acc=0.9809, time=8.9s
per-rank: rank0[cuda0,share=0.3902,tput=3.77] rank1[cuda1,share=0.3098,tput=2.44] rank2[cuda2,share=0.3000,tput=3.38]
epoch 183: eval=0.9187
epoch 184: loss=0.058906, train_acc=0.9808, time=8.6s
per-rank: rank0[cuda0,share=0.3908,tput=3.80] rank1[cuda1,share=0.3103,tput=3.45] rank2[cuda2,share=0.2989,tput=2.58]
epoch 184: eval=0.9186
epoch 185: loss=0.059686, train_acc=0.9802, time=8.8s
per-rank: rank0[cuda0,share=0.3923,tput=4.03] rank1[cuda1,share=0.3094,tput=2.23] rank2[cuda2,share=0.2983,tput=3.61]
epoch 185: eval=0.9197
epoch 186: loss=0.059261, train_acc=0.9800, time=8.7s
per-rank: rank0[cuda0,share=0.3938,tput=3.75] rank1[cuda1,share=0.3084,tput=2.38] rank2[cuda2,share=0.2978,tput=3.55]
epoch 186: eval=0.9167
epoch 187: loss=0.060026, train_acc=0.9802, time=8.6s
per-rank: rank0[cuda0,share=0.3965,tput=2.68] rank1[cuda1,share=0.3068,tput=2.32] rank2[cuda2,share=0.2967,tput=6.11]
epoch 187: eval=0.9173
epoch 188: loss=0.058368, train_acc=0.9812, time=8.7s
per-rank: rank0[cuda0,share=0.3985,tput=2.43] rank1[cuda1,share=0.3048,tput=2.60] rank2[cuda2,share=0.2967,tput=5.81]
epoch 188: eval=0.9176
epoch 189: loss=0.058651, train_acc=0.9804, time=9.2s
per-rank: rank0[cuda0,share=0.4006,tput=2.88] rank1[cuda1,share=0.3026,tput=2.88] rank2[cuda2,share=0.2968,tput=3.73]
epoch 189: eval=0.9203
epoch 190: loss=0.057366, train_acc=0.9808, time=9.0s
per-rank: rank0[cuda0,share=0.4010,tput=2.82] rank1[cuda1,share=0.3014,tput=4.22] rank2[cuda2,share=0.2976,tput=2.49]
epoch 190: eval=0.9189
epoch 191: loss=0.055755, train_acc=0.9818, time=11.0s
per-rank: rank0[cuda0,share=0.4014,tput=2.21] rank1[cuda1,share=0.3001,tput=6.25] rank2[cuda2,share=0.2985,tput=3.27]
epoch 191: eval=0.9183
epoch 192: loss=0.057142, train_acc=0.9811, time=10.0s
per-rank: rank0[cuda0,share=0.4018,tput=2.54] rank2[cuda2,share=0.2995,tput=2.57] rank1[cuda1,share=0.2988,tput=4.22]
epoch 192: eval=0.9190
epoch 193: loss=0.057957, train_acc=0.9808, time=10.3s
per-rank: rank0[cuda0,share=0.4022,tput=2.30] rank2[cuda2,share=0.3004,tput=5.06] rank1[cuda1,share=0.2974,tput=3.65]
epoch 193: eval=0.9206
epoch 194: loss=0.055156, train_acc=0.9820, time=9.6s
per-rank: rank0[cuda0,share=0.4026,tput=3.04] rank2[cuda2,share=0.3014,tput=2.72] rank1[cuda1,share=0.2961,tput=3.53]
epoch 194: eval=0.9206
epoch 195: loss=0.054840, train_acc=0.9821, time=8.8s
per-rank: rank0[cuda0,share=0.4042,tput=2.81] rank2[cuda2,share=0.2998,tput=2.00] rank1[cuda1,share=0.2960,tput=6.80]
epoch 195: eval=0.9213
epoch 196: loss=0.057177, train_acc=0.9810, time=8.7s
per-rank: rank0[cuda0,share=0.4042,tput=2.60] rank2[cuda2,share=0.2998,tput=3.43] rank1[cuda1,share=0.2960,tput=3.20]
epoch 196: eval=0.9194
epoch 197: loss=0.056315, train_acc=0.9815, time=10.7s
per-rank: rank0[cuda0,share=0.4059,tput=2.35] rank2[cuda2,share=0.2973,tput=4.57] rank1[cuda1,share=0.2968,tput=4.10]
epoch 197: eval=0.9190
epoch 198: loss=0.053629, train_acc=0.9819, time=9.5s
per-rank: rank0[cuda0,share=0.4052,tput=2.34] rank1[cuda1,share=0.2979,tput=2.93] rank2[cuda2,share=0.2969,tput=4.15]
epoch 198: eval=0.9188
epoch 199: loss=0.056484, train_acc=0.9812, time=10.7s
per-rank: rank0[cuda0,share=0.4050,tput=2.26] rank1[cuda1,share=0.2989,tput=4.83] rank2[cuda2,share=0.2962,tput=3.80]
final eval=0.9183
# total: 1748.8s (29m 9s)
