# gpu0: NVIDIA GeForce RTX 5060 Ti (15GB, sm_120)
# gpu1: NVIDIA GeForce GTX 1060 6GB (5GB, sm_61)
# gpu2: NVIDIA GeForce GTX 1060 6GB (5GB, sm_61)
epoch 0: loss=2.025801, train_acc=0.2349, time=10.3s
per-rank: rank0[cuda0,share=0.4048,tput=2.40] rank2[cuda2,share=0.3032,tput=2.88] rank1[cuda1,share=0.2921,tput=5.20]
epoch 0: eval=0.2835
epoch 1: loss=1.698130, train_acc=0.3637, time=9.6s
per-rank: rank0[cuda0,share=0.3893,tput=2.64] rank1[cuda1,share=0.3053,tput=3.68] rank2[cuda2,share=0.3053,tput=2.41]
epoch 1: eval=0.3868
epoch 2: loss=1.527151, train_acc=0.4383, time=9.6s
per-rank: rank0[cuda0,share=0.3764,tput=3.44] rank1[cuda1,share=0.3187,tput=3.73] rank2[cuda2,share=0.3048,tput=2.09]
epoch 2: eval=0.4955
epoch 3: loss=1.375558, train_acc=0.4988, time=9.6s
per-rank: rank0[cuda0,share=0.3827,tput=2.81] rank1[cuda1,share=0.3171,tput=3.29] rank2[cuda2,share=0.3002,tput=2.53]
epoch 3: eval=0.4595
epoch 4: loss=1.237737, train_acc=0.5545, time=9.6s
per-rank: rank0[cuda0,share=0.3876,tput=3.15] rank1[cuda1,share=0.3084,tput=2.35] rank2[cuda2,share=0.3041,tput=3.49]
epoch 4: eval=0.5973
epoch 5: loss=1.105714, train_acc=0.6036, time=11.2s
per-rank: rank0[cuda0,share=0.3853,tput=2.08] rank2[cuda2,share=0.3116,tput=3.56] rank1[cuda1,share=0.3032,tput=4.90]
epoch 5: eval=0.6435
epoch 6: loss=1.011861, train_acc=0.6415, time=10.2s
per-rank: rank0[cuda0,share=0.3868,tput=2.45] rank2[cuda2,share=0.3086,tput=3.93] rank1[cuda1,share=0.3045,tput=2.68]
epoch 6: eval=0.6026
epoch 7: loss=0.927707, train_acc=0.6734, time=9.3s
per-rank: rank0[cuda0,share=0.3825,tput=3.37] rank1[cuda1,share=0.3112,tput=2.46] rank2[cuda2,share=0.3064,tput=3.26]
epoch 7: eval=0.6426
epoch 8: loss=0.861693, train_acc=0.6999, time=9.2s
per-rank: rank0[cuda0,share=0.3819,tput=2.06] rank1[cuda1,share=0.3157,tput=2.77] rank2[cuda2,share=0.3023,tput=5.47]
epoch 8: eval=0.6280
epoch 9: loss=0.812660, train_acc=0.7164, time=9.3s
per-rank: rank0[cuda0,share=0.3808,tput=2.33] rank1[cuda1,share=0.3161,tput=4.82] rank2[cuda2,share=0.3031,tput=2.57]
epoch 9: eval=0.7078
epoch 10: loss=0.769459, train_acc=0.7340, time=11.7s
per-rank: rank0[cuda0,share=0.3875,tput=2.00] rank2[cuda2,share=0.3092,tput=3.24] rank1[cuda1,share=0.3033,tput=5.61]
epoch 10: eval=0.7641
epoch 11: loss=0.740493, train_acc=0.7432, time=10.4s
per-rank: rank0[cuda0,share=0.3773,tput=2.66] rank1[cuda1,share=0.3124,tput=2.95] rank2[cuda2,share=0.3103,tput=3.82]
epoch 11: eval=0.7013
epoch 12: loss=0.715135, train_acc=0.7502, time=9.6s
per-rank: rank0[cuda0,share=0.3750,tput=3.35] rank1[cuda1,share=0.3136,tput=3.68] rank2[cuda2,share=0.3114,tput=2.27]
epoch 12: eval=0.7336
epoch 13: loss=0.682712, train_acc=0.7636, time=9.3s
per-rank: rank0[cuda0,share=0.3753,tput=3.52] rank1[cuda1,share=0.3258,tput=3.76] rank2[cuda2,share=0.2989,tput=2.15]
epoch 13: eval=0.7612
epoch 14: loss=0.670303, train_acc=0.7693, time=9.4s
per-rank: rank0[cuda0,share=0.3905,tput=2.24] rank1[cuda1,share=0.3168,tput=5.66] rank2[cuda2,share=0.2926,tput=2.36]
epoch 14: eval=0.7006
epoch 15: loss=0.653594, train_acc=0.7738, time=11.8s
per-rank: rank0[cuda0,share=0.3979,tput=2.11] rank2[cuda2,share=0.3030,tput=5.69] rank1[cuda1,share=0.2991,tput=3.32]
epoch 15: eval=0.7512
epoch 16: loss=0.641513, train_acc=0.7795, time=10.2s
per-rank: rank0[cuda0,share=0.3934,tput=2.79] rank2[cuda2,share=0.3073,tput=2.55] rank1[cuda1,share=0.2993,tput=4.30]
epoch 16: eval=0.7535
epoch 17: loss=0.666647, train_acc=0.7695, time=10.3s
per-rank: rank0[cuda0,share=0.4115,tput=2.39] rank1[cuda1,share=0.3016,tput=3.78] rank2[cuda2,share=0.2869,tput=5.17]
epoch 17: eval=0.7151
epoch 18: loss=0.659843, train_acc=0.7732, time=9.0s
per-rank: rank0[cuda0,share=0.4115,tput=3.05] rank1[cuda1,share=0.3016,tput=2.63] rank2[cuda2,share=0.2869,tput=3.85]
epoch 18: eval=0.7435
epoch 19: loss=0.649654, train_acc=0.7784, time=11.4s
per-rank: rank0[cuda0,share=0.4157,tput=2.21] rank1[cuda1,share=0.3023,tput=4.09] rank2[cuda2,share=0.2820,tput=4.80]
epoch 19: eval=0.7054
epoch 20: loss=0.634662, train_acc=0.7813, time=10.4s
per-rank: rank0[cuda0,share=0.4183,tput=2.27] rank1[cuda1,share=0.3028,tput=4.26] rank2[cuda2,share=0.2789,tput=2.73]
epoch 20: eval=0.7408
epoch 21: loss=0.628698, train_acc=0.7848, time=9.1s
per-rank: rank0[cuda0,share=0.4156,tput=3.03] rank1[cuda1,share=0.3054,tput=2.84] rank2[cuda2,share=0.2790,tput=3.62]
epoch 21: eval=0.7656
epoch 22: loss=0.613887, train_acc=0.7888, time=8.8s
per-rank: rank0[cuda0,share=0.4141,tput=3.34] rank1[cuda1,share=0.3072,tput=2.79] rank2[cuda2,share=0.2787,tput=3.36]
epoch 22: eval=0.8009
epoch 23: loss=0.614188, train_acc=0.7879, time=8.9s
per-rank: rank0[cuda0,share=0.4141,tput=3.79] rank1[cuda1,share=0.3072,tput=1.98] rank2[cuda2,share=0.2787,tput=4.04]
epoch 23: eval=0.7376
epoch 24: loss=0.605230, train_acc=0.7900, time=10.5s
per-rank: rank0[cuda0,share=0.4142,tput=2.31] rank1[cuda1,share=0.3056,tput=3.22] rank2[cuda2,share=0.2802,tput=5.63]
epoch 24: eval=0.7229
epoch 25: loss=0.600563, train_acc=0.7945, time=9.6s
per-rank: rank0[cuda0,share=0.4142,tput=2.94] rank1[cuda1,share=0.3056,tput=3.92] rank2[cuda2,share=0.2802,tput=2.57]
epoch 25: eval=0.7370
epoch 26: loss=0.598549, train_acc=0.7950, time=10.9s
per-rank: rank0[cuda0,share=0.4142,tput=2.22] rank1[cuda1,share=0.3050,tput=3.59] rank2[cuda2,share=0.2808,tput=5.48]
epoch 26: eval=0.7614
epoch 27: loss=0.580508, train_acc=0.7994, time=10.0s
per-rank: rank0[cuda0,share=0.4149,tput=2.55] rank1[cuda1,share=0.3028,tput=3.60] rank2[cuda2,share=0.2823,tput=3.03]
epoch 27: eval=0.7164
epoch 28: loss=0.583432, train_acc=0.7994, time=11.1s
per-rank: rank0[cuda0,share=0.4151,tput=2.27] rank1[cuda1,share=0.3007,tput=4.44] rank2[cuda2,share=0.2842,tput=4.50]
epoch 28: eval=0.7653
epoch 29: loss=0.583484, train_acc=0.7988, time=10.1s
per-rank: rank0[cuda0,share=0.4151,tput=2.23] rank1[cuda1,share=0.2993,tput=4.28] rank2[cuda2,share=0.2856,tput=2.66]
epoch 29: eval=0.7299
epoch 30: loss=0.576782, train_acc=0.8029, time=8.9s
per-rank: rank0[cuda0,share=0.4151,tput=3.52] rank1[cuda1,share=0.2978,tput=3.64] rank2[cuda2,share=0.2870,tput=2.40]
epoch 30: eval=0.7467
epoch 31: loss=0.564813, train_acc=0.8066, time=8.7s
per-rank: rank0[cuda0,share=0.4151,tput=3.55] rank1[cuda1,share=0.2963,tput=3.89] rank2[cuda2,share=0.2885,tput=2.22]
epoch 31: eval=0.7819
epoch 32: loss=0.565561, train_acc=0.8054, time=8.8s
per-rank: rank0[cuda0,share=0.4170,tput=3.34] rank1[cuda1,share=0.2947,tput=4.11] rank2[cuda2,share=0.2883,tput=2.18]
epoch 32: eval=0.8034
epoch 33: loss=0.572437, train_acc=0.8050, time=10.4s
per-rank: rank0[cuda0,share=0.4188,tput=2.48] rank1[cuda1,share=0.2930,tput=5.60] rank2[cuda2,share=0.2881,tput=3.75]
epoch 33: eval=0.7778
epoch 34: loss=0.563319, train_acc=0.8075, time=9.4s
per-rank: rank0[cuda0,share=0.4188,tput=3.13] rank1[cuda1,share=0.2930,tput=2.33] rank2[cuda2,share=0.2881,tput=4.20]
epoch 34: eval=0.7754
epoch 35: loss=0.553613, train_acc=0.8085, time=10.4s
per-rank: rank0[cuda0,share=0.4208,tput=2.39] rank1[cuda1,share=0.2926,tput=3.72] rank2[cuda2,share=0.2865,tput=5.62]
epoch 35: eval=0.7478
epoch 36: loss=0.549469, train_acc=0.8110, time=9.2s
per-rank: rank0[cuda0,share=0.4208,tput=2.79] rank1[cuda1,share=0.2926,tput=2.92] rank2[cuda2,share=0.2865,tput=3.73]
epoch 36: eval=0.7564
epoch 37: loss=0.546164, train_acc=0.8111, time=11.0s
per-rank: rank0[cuda0,share=0.4205,tput=2.24] rank1[cuda1,share=0.2947,tput=4.22] rank2[cuda2,share=0.2848,tput=4.53]
epoch 37: eval=0.8220
epoch 38: loss=0.547798, train_acc=0.8104, time=10.0s
per-rank: rank0[cuda0,share=0.4205,tput=2.30] rank1[cuda1,share=0.2947,tput=3.29] rank2[cuda2,share=0.2848,tput=3.80]
epoch 38: eval=0.7488
epoch 39: loss=0.538275, train_acc=0.8142, time=11.2s
per-rank: rank0[cuda0,share=0.4199,tput=2.21] rank1[cuda1,share=0.2957,tput=3.47] rank2[cuda2,share=0.2844,tput=5.86]
epoch 39: eval=0.8106
epoch 40: loss=0.543905, train_acc=0.8127, time=10.1s
per-rank: rank0[cuda0,share=0.4180,tput=2.25] rank1[cuda1,share=0.2974,tput=2.93] rank2[cuda2,share=0.2846,tput=4.21]
epoch 40: eval=0.7773
epoch 41: loss=0.533570, train_acc=0.8179, time=10.6s
per-rank: rank0[cuda0,share=0.4161,tput=2.32] rank1[cuda1,share=0.2990,tput=3.41] rank2[cuda2,share=0.2848,tput=5.81]
epoch 41: eval=0.7876
epoch 42: loss=0.540584, train_acc=0.8168, time=9.7s
per-rank: rank0[cuda0,share=0.4143,tput=2.53] rank1[cuda1,share=0.3007,tput=2.88] rank2[cuda2,share=0.2851,tput=3.96]
epoch 42: eval=0.7586
epoch 43: loss=0.531279, train_acc=0.8179, time=8.6s
per-rank: rank0[cuda0,share=0.4137,tput=2.74] rank1[cuda1,share=0.3001,tput=2.52] rank2[cuda2,share=0.2862,tput=5.37]
epoch 43: eval=0.7714
epoch 44: loss=0.533177, train_acc=0.8170, time=10.7s
per-rank: rank0[cuda0,share=0.4131,tput=2.32] rank1[cuda1,share=0.2995,tput=5.95] rank2[cuda2,share=0.2874,tput=3.29]
epoch 44: eval=0.7693
epoch 45: loss=0.528474, train_acc=0.8191, time=9.8s
per-rank: rank0[cuda0,share=0.4125,tput=2.28] rank1[cuda1,share=0.2990,tput=4.09] rank2[cuda2,share=0.2886,tput=2.85]
epoch 45: eval=0.7845
epoch 46: loss=0.529027, train_acc=0.8201, time=8.6s
per-rank: rank0[cuda0,share=0.4119,tput=3.35] rank1[cuda1,share=0.2984,tput=2.46] rank2[cuda2,share=0.2898,tput=5.05]
epoch 46: eval=0.7745
epoch 47: loss=0.519745, train_acc=0.8216, time=9.0s
per-rank: rank0[cuda0,share=0.4113,tput=2.48] rank1[cuda1,share=0.2977,tput=5.38] rank2[cuda2,share=0.2910,tput=2.51]
epoch 47: eval=0.7776
epoch 48: loss=0.532496, train_acc=0.8176, time=8.9s
per-rank: rank0[cuda0,share=0.4121,tput=3.14] rank1[cuda1,share=0.2964,tput=2.69] rank2[cuda2,share=0.2915,tput=3.35]
epoch 48: eval=0.7302
epoch 49: loss=0.533429, train_acc=0.8170, time=8.9s
per-rank: rank0[cuda0,share=0.4110,tput=2.58] rank1[cuda1,share=0.2977,tput=5.70] rank2[cuda2,share=0.2913,tput=2.35]
epoch 49: eval=0.7458
epoch 50: loss=0.519727, train_acc=0.8212, time=8.9s
per-rank: rank0[cuda0,share=0.4107,tput=3.21] rank1[cuda1,share=0.2978,tput=3.86] rank2[cuda2,share=0.2915,tput=2.39]
epoch 50: eval=0.7694
epoch 51: loss=0.527254, train_acc=0.8199, time=8.8s
per-rank: rank0[cuda0,share=0.4103,tput=3.39] rank1[cuda1,share=0.2979,tput=5.12] rank2[cuda2,share=0.2918,tput=2.39]
epoch 51: eval=0.8044
epoch 52: loss=0.521034, train_acc=0.8219, time=8.9s
per-rank: rank0[cuda0,share=0.4099,tput=2.07] rank1[cuda1,share=0.2980,tput=2.67] rank2[cuda2,share=0.2920,tput=6.01]
epoch 52: eval=0.7369
epoch 53: loss=0.524341, train_acc=0.8203, time=9.0s
per-rank: rank0[cuda0,share=0.4072,tput=3.19] rank1[cuda1,share=0.3002,tput=2.33] rank2[cuda2,share=0.2926,tput=5.21]
epoch 53: eval=0.7977
epoch 54: loss=0.514249, train_acc=0.8244, time=8.8s
per-rank: rank0[cuda0,share=0.4044,tput=2.50] rank1[cuda1,share=0.3024,tput=5.67] rank2[cuda2,share=0.2932,tput=2.40]
epoch 54: eval=0.7344
epoch 55: loss=0.514211, train_acc=0.8247, time=8.9s
per-rank: rank0[cuda0,share=0.4016,tput=2.80] rank1[cuda1,share=0.3046,tput=2.44] rank2[cuda2,share=0.2939,tput=5.12]
epoch 55: eval=0.7646
epoch 56: loss=0.516222, train_acc=0.8223, time=9.1s
per-rank: rank0[cuda0,share=0.3995,tput=2.47] rank1[cuda1,share=0.3054,tput=5.01] rank2[cuda2,share=0.2951,tput=2.53]
epoch 56: eval=0.7860
epoch 57: loss=0.512643, train_acc=0.8246, time=11.1s
per-rank: rank0[cuda0,share=0.3959,tput=2.13] rank1[cuda1,share=0.3076,tput=3.79] rank2[cuda2,share=0.2965,tput=4.31]
epoch 57: eval=0.7280
epoch 58: loss=0.509961, train_acc=0.8240, time=10.2s
per-rank: rank0[cuda0,share=0.3959,tput=2.34] rank1[cuda1,share=0.3076,tput=2.80] rank2[cuda2,share=0.2965,tput=3.61]
epoch 58: eval=0.7915
epoch 59: loss=0.509046, train_acc=0.8258, time=11.4s
per-rank: rank0[cuda0,share=0.3952,tput=2.10] rank1[cuda1,share=0.3074,tput=3.71] rank2[cuda2,share=0.2973,tput=4.99]
epoch 59: eval=0.7838
epoch 60: loss=0.504732, train_acc=0.8281, time=10.2s
per-rank: rank0[cuda0,share=0.3949,tput=2.69] rank1[cuda1,share=0.3074,tput=2.81] rank2[cuda2,share=0.2977,tput=3.45]
epoch 60: eval=0.7805
epoch 61: loss=0.501492, train_acc=0.8286, time=9.2s
per-rank: rank0[cuda0,share=0.3945,tput=3.29] rank1[cuda1,share=0.3073,tput=2.68] rank2[cuda2,share=0.2981,tput=3.28]
epoch 61: eval=0.6762
epoch 62: loss=0.509707, train_acc=0.8250, time=11.3s
per-rank: rank0[cuda0,share=0.3960,tput=2.11] rank1[cuda1,share=0.3063,tput=5.30] rank2[cuda2,share=0.2976,tput=3.43]
epoch 62: eval=0.7365
epoch 63: loss=0.502089, train_acc=0.8275, time=10.2s
per-rank: rank0[cuda0,share=0.3975,tput=2.36] rank1[cuda1,share=0.3053,tput=3.87] rank2[cuda2,share=0.2972,tput=2.78]
epoch 63: eval=0.7792
epoch 64: loss=0.498298, train_acc=0.8293, time=9.0s
per-rank: rank0[cuda0,share=0.3991,tput=3.64] rank1[cuda1,share=0.3043,tput=2.44] rank2[cuda2,share=0.2966,tput=3.28]
epoch 64: eval=0.7392
epoch 65: loss=0.499154, train_acc=0.8282, time=9.2s
per-rank: rank0[cuda0,share=0.3997,tput=2.39] rank1[cuda1,share=0.3048,tput=6.26] rank2[cuda2,share=0.2955,tput=2.07]
epoch 65: eval=0.7984
epoch 66: loss=0.504062, train_acc=0.8264, time=11.4s
per-rank: rank0[cuda0,share=0.4017,tput=2.08] rank1[cuda1,share=0.3063,tput=5.27] rank2[cuda2,share=0.2920,tput=3.17]
epoch 66: eval=0.7822
epoch 67: loss=0.512725, train_acc=0.8238, time=10.2s
per-rank: rank0[cuda0,share=0.4017,tput=2.16] rank1[cuda1,share=0.3063,tput=3.74] rank2[cuda2,share=0.2920,tput=2.86]
epoch 67: eval=0.7377
epoch 68: loss=0.494027, train_acc=0.8313, time=11.4s
per-rank: rank0[cuda0,share=0.4018,tput=2.14] rank1[cuda1,share=0.3071,tput=3.40] rank2[cuda2,share=0.2912,tput=5.56]
epoch 68: eval=0.8078
epoch 69: loss=0.483806, train_acc=0.8341, time=10.1s
per-rank: rank0[cuda0,share=0.4012,tput=2.86] rank1[cuda1,share=0.3073,tput=2.27] rank2[cuda2,share=0.2915,tput=4.11]
epoch 69: eval=0.7559
epoch 70: loss=0.497212, train_acc=0.8301, time=9.1s
per-rank: rank0[cuda0,share=0.4015,tput=3.55] rank1[cuda1,share=0.3060,tput=3.25] rank2[cuda2,share=0.2925,tput=2.44]
epoch 70: eval=0.7726
epoch 71: loss=0.503285, train_acc=0.8274, time=9.1s
per-rank: rank0[cuda0,share=0.4018,tput=3.57] rank1[cuda1,share=0.3047,tput=4.02] rank2[cuda2,share=0.2935,tput=1.91]
epoch 71: eval=0.7420
epoch 72: loss=0.479144, train_acc=0.8371, time=8.9s
per-rank: rank0[cuda0,share=0.4031,tput=2.85] rank1[cuda1,share=0.3024,tput=6.40] rank2[cuda2,share=0.2945,tput=1.99]
epoch 72: eval=0.7983
epoch 73: loss=0.491964, train_acc=0.8314, time=8.9s
per-rank: rank0[cuda0,share=0.4034,tput=3.19] rank1[cuda1,share=0.3026,tput=2.54] rank2[cuda2,share=0.2940,tput=3.52]
epoch 73: eval=0.7875
epoch 74: loss=0.496159, train_acc=0.8314, time=9.0s
per-rank: rank0[cuda0,share=0.4031,tput=2.18] rank1[cuda1,share=0.3022,tput=5.76] rank2[cuda2,share=0.2947,tput=2.60]
epoch 74: eval=0.7778
epoch 75: loss=0.491956, train_acc=0.8296, time=8.9s
per-rank: rank0[cuda0,share=0.4027,tput=3.23] rank1[cuda1,share=0.3018,tput=2.37] rank2[cuda2,share=0.2955,tput=3.91]
epoch 75: eval=0.7748
epoch 76: loss=0.487486, train_acc=0.8323, time=8.9s
per-rank: rank0[cuda0,share=0.4021,tput=3.81] rank1[cuda1,share=0.2996,tput=3.43] rank2[cuda2,share=0.2983,tput=2.25]
epoch 76: eval=0.8306
epoch 77: loss=0.478286, train_acc=0.8363, time=8.9s
per-rank: rank0[cuda0,share=0.4025,tput=3.79] rank2[cuda2,share=0.2990,tput=2.04] rank1[cuda1,share=0.2986,tput=3.96]
epoch 77: eval=0.7870
epoch 78: loss=0.487825, train_acc=0.8329, time=8.9s
per-rank: rank0[cuda0,share=0.4019,tput=3.04] rank1[cuda1,share=0.2993,tput=3.85] rank2[cuda2,share=0.2989,tput=2.54]
epoch 78: eval=0.7709
epoch 79: loss=0.486522, train_acc=0.8340, time=10.5s
per-rank: rank0[cuda0,share=0.4020,tput=2.28] rank1[cuda1,share=0.3017,tput=3.25] rank2[cuda2,share=0.2963,tput=5.43]
epoch 79: eval=0.7910
epoch 80: loss=0.486841, train_acc=0.8337, time=9.7s
per-rank: rank0[cuda0,share=0.4014,tput=2.78] rank1[cuda1,share=0.3024,tput=3.60] rank2[cuda2,share=0.2962,tput=2.95]
epoch 80: eval=0.7537
epoch 81: loss=0.480457, train_acc=0.8349, time=8.9s
per-rank: rank0[cuda0,share=0.4024,tput=2.22] rank1[cuda1,share=0.3004,tput=6.02] rank2[cuda2,share=0.2972,tput=2.44]
epoch 81: eval=0.8170
epoch 82: loss=0.485198, train_acc=0.8343, time=8.9s
per-rank: rank0[cuda0,share=0.4018,tput=2.66] rank1[cuda1,share=0.2991,tput=2.99] rank2[cuda2,share=0.2991,tput=3.38]
epoch 82: eval=0.8105
epoch 83: loss=0.487607, train_acc=0.8328, time=11.2s
per-rank: rank0[cuda0,share=0.3996,tput=2.12] rank2[cuda2,share=0.3022,tput=5.37] rank1[cuda1,share=0.2983,tput=3.84]
epoch 83: eval=0.8201
epoch 84: loss=0.475060, train_acc=0.8382, time=9.9s
per-rank: rank0[cuda0,share=0.3984,tput=2.44] rank2[cuda2,share=0.3023,tput=3.89] rank1[cuda1,share=0.2992,tput=2.94]
epoch 84: eval=0.6995
epoch 85: loss=0.484642, train_acc=0.8334, time=8.8s
per-rank: rank0[cuda0,share=0.3960,tput=3.61] rank2[cuda2,share=0.3027,tput=2.30] rank1[cuda1,share=0.3013,tput=3.76]
epoch 85: eval=0.8259
epoch 86: loss=0.479092, train_acc=0.8365, time=8.7s
per-rank: rank0[cuda0,share=0.3941,tput=3.26] rank2[cuda2,share=0.3041,tput=3.39] rank1[cuda1,share=0.3018,tput=2.81]
epoch 86: eval=0.7955
epoch 87: loss=0.481583, train_acc=0.8363, time=9.2s
per-rank: rank0[cuda0,share=0.3900,tput=3.76] rank2[cuda2,share=0.3071,tput=4.50] rank1[cuda1,share=0.3029,tput=2.19]
epoch 87: eval=0.7987
epoch 88: loss=0.471242, train_acc=0.8397, time=11.0s
per-rank: rank0[cuda0,share=0.3869,tput=2.10] rank2[cuda2,share=0.3078,tput=4.85] rank1[cuda1,share=0.3052,tput=3.58]
epoch 88: eval=0.7772
epoch 89: loss=0.481672, train_acc=0.8351, time=10.3s
per-rank: rank0[cuda0,share=0.3862,tput=2.60] rank1[cuda1,share=0.3073,tput=2.53] rank2[cuda2,share=0.3065,tput=3.81]
epoch 89: eval=0.7938
epoch 90: loss=0.473156, train_acc=0.8381, time=11.3s
per-rank: rank0[cuda0,share=0.3884,tput=2.10] rank1[cuda1,share=0.3074,tput=3.32] rank2[cuda2,share=0.3042,tput=5.09]
epoch 90: eval=0.7942
epoch 91: loss=0.478705, train_acc=0.8355, time=10.4s
per-rank: rank0[cuda0,share=0.3899,tput=2.53] rank1[cuda1,share=0.3064,tput=3.43] rank2[cuda2,share=0.3037,tput=2.69]
epoch 91: eval=0.7764
epoch 92: loss=0.478081, train_acc=0.8358, time=11.3s
per-rank: rank0[cuda0,share=0.3929,tput=2.12] rank1[cuda1,share=0.3044,tput=3.51] rank2[cuda2,share=0.3027,tput=4.70]
epoch 92: eval=0.8274
epoch 93: loss=0.476658, train_acc=0.8362, time=10.4s
per-rank: rank0[cuda0,share=0.3980,tput=2.42] rank2[cuda2,share=0.3015,tput=3.78] rank1[cuda1,share=0.3005,tput=2.62]
epoch 93: eval=0.8152
epoch 94: loss=0.462043, train_acc=0.8413, time=9.2s
per-rank: rank0[cuda0,share=0.3997,tput=2.83] rank2[cuda2,share=0.3009,tput=3.42] rank1[cuda1,share=0.2994,tput=2.57]
epoch 94: eval=0.8181
epoch 95: loss=0.471928, train_acc=0.8376, time=9.1s
per-rank: rank0[cuda0,share=0.4023,tput=2.42] rank2[cuda2,share=0.3010,tput=2.33] rank1[cuda1,share=0.2967,tput=5.64]
epoch 95: eval=0.8362
epoch 96: loss=0.469897, train_acc=0.8384, time=11.0s
per-rank: rank0[cuda0,share=0.4024,tput=2.19] rank2[cuda2,share=0.3010,tput=5.15] rank1[cuda1,share=0.2966,tput=3.71]
epoch 96: eval=0.8093
epoch 97: loss=0.463411, train_acc=0.8423, time=10.2s
per-rank: rank0[cuda0,share=0.4031,tput=2.29] rank2[cuda2,share=0.2999,tput=3.71] rank1[cuda1,share=0.2970,tput=2.88]
epoch 97: eval=0.8058
epoch 98: loss=0.471257, train_acc=0.8381, time=11.5s
per-rank: rank0[cuda0,share=0.4032,tput=2.11] rank1[cuda1,share=0.2985,tput=3.66] rank2[cuda2,share=0.2982,tput=5.15]
epoch 98: eval=0.7873
epoch 99: loss=0.463954, train_acc=0.8421, time=10.1s
per-rank: rank0[cuda0,share=0.4020,tput=2.15] rank1[cuda1,share=0.3009,tput=4.04] rank2[cuda2,share=0.2972,tput=3.02]
epoch 99: eval=0.7809
epoch 100: loss=0.388531, train_acc=0.8681, time=8.9s
per-rank: rank0[cuda0,share=0.3971,tput=3.48] rank1[cuda1,share=0.3028,tput=3.36] rank2[cuda2,share=0.3001,tput=2.54]
epoch 100: eval=0.8916
epoch 101: loss=0.253670, train_acc=0.9127, time=10.5s
per-rank: rank0[cuda0,share=0.3948,tput=2.21] rank1[cuda1,share=0.3051,tput=5.73] rank2[cuda2,share=0.3001,tput=3.18]
epoch 101: eval=0.8964
epoch 102: loss=0.235350, train_acc=0.9199, time=10.0s
per-rank: rank0[cuda0,share=0.3937,tput=2.27] rank1[cuda1,share=0.3062,tput=4.37] rank2[cuda2,share=0.3001,tput=2.48]
epoch 102: eval=0.8971
epoch 103: loss=0.224970, train_acc=0.9222, time=8.8s
per-rank: rank0[cuda0,share=0.3906,tput=3.88] rank1[cuda1,share=0.3081,tput=3.34] rank2[cuda2,share=0.3013,tput=2.42]
epoch 103: eval=0.8999
epoch 104: loss=0.217637, train_acc=0.9246, time=8.9s
per-rank: rank0[cuda0,share=0.3888,tput=2.39] rank1[cuda1,share=0.3094,tput=6.06] rank2[cuda2,share=0.3019,tput=2.40]
epoch 104: eval=0.9004
epoch 105: loss=0.210696, train_acc=0.9276, time=8.8s
per-rank: rank0[cuda0,share=0.3881,tput=3.16] rank1[cuda1,share=0.3113,tput=2.49] rank2[cuda2,share=0.3006,tput=3.60]
epoch 105: eval=0.9026
epoch 106: loss=0.203814, train_acc=0.9293, time=10.4s
per-rank: rank0[cuda0,share=0.3886,tput=2.25] rank1[cuda1,share=0.3120,tput=5.77] rank2[cuda2,share=0.2994,tput=3.13]
epoch 106: eval=0.9021
epoch 107: loss=0.201584, train_acc=0.9294, time=9.8s
per-rank: rank0[cuda0,share=0.3910,tput=3.18] rank1[cuda1,share=0.3124,tput=2.75] rank2[cuda2,share=0.2966,tput=3.41]
epoch 107: eval=0.9027
epoch 108: loss=0.196335, train_acc=0.9304, time=9.0s
per-rank: rank0[cuda0,share=0.3947,tput=3.55] rank1[cuda1,share=0.3122,tput=2.23] rank2[cuda2,share=0.2932,tput=5.30]
epoch 108: eval=0.9083
epoch 109: loss=0.190781, train_acc=0.9332, time=8.9s
per-rank: rank0[cuda0,share=0.3979,tput=3.25] rank1[cuda1,share=0.3097,tput=3.36] rank2[cuda2,share=0.2924,tput=2.69]
epoch 109: eval=0.9013
epoch 110: loss=0.188775, train_acc=0.9342, time=11.2s
per-rank: rank0[cuda0,share=0.4036,tput=2.27] rank1[cuda1,share=0.3047,tput=4.25] rank2[cuda2,share=0.2917,tput=4.73]
epoch 110: eval=0.9075
epoch 111: loss=0.184030, train_acc=0.9360, time=10.1s
per-rank: rank0[cuda0,share=0.4075,tput=2.51] rank1[cuda1,share=0.3026,tput=4.25] rank2[cuda2,share=0.2899,tput=2.47]
epoch 111: eval=0.9060
epoch 112: loss=0.179354, train_acc=0.9379, time=11.4s
per-rank: rank0[cuda0,share=0.4102,tput=2.13] rank1[cuda1,share=0.3010,tput=3.59] rank2[cuda2,share=0.2888,tput=5.61]
epoch 112: eval=0.9001
epoch 113: loss=0.178145, train_acc=0.9382, time=10.3s
per-rank: rank0[cuda0,share=0.4084,tput=2.17] rank1[cuda1,share=0.2994,tput=3.01] rank2[cuda2,share=0.2922,tput=4.24]
epoch 113: eval=0.9047
epoch 114: loss=0.174271, train_acc=0.9392, time=9.0s
per-rank: rank0[cuda0,share=0.4027,tput=3.22] rank1[cuda1,share=0.3034,tput=3.78] rank2[cuda2,share=0.2939,tput=2.36]
epoch 114: eval=0.9076
epoch 115: loss=0.169138, train_acc=0.9399, time=8.8s
per-rank: rank0[cuda0,share=0.3990,tput=4.26] rank1[cuda1,share=0.3065,tput=2.38] rank2[cuda2,share=0.2945,tput=3.58]
epoch 115: eval=0.9078
epoch 116: loss=0.168003, train_acc=0.9406, time=11.2s
per-rank: rank0[cuda0,share=0.3958,tput=2.07] rank1[cuda1,share=0.3078,tput=5.08] rank2[cuda2,share=0.2964,tput=3.44]
epoch 116: eval=0.9048
epoch 117: loss=0.168598, train_acc=0.9413, time=10.1s
per-rank: rank0[cuda0,share=0.3948,tput=2.64] rank1[cuda1,share=0.3086,tput=2.85] rank2[cuda2,share=0.2966,tput=3.67]
epoch 117: eval=0.9025
epoch 118: loss=0.163354, train_acc=0.9440, time=8.8s
per-rank: rank0[cuda0,share=0.3984,tput=3.70] rank1[cuda1,share=0.3084,tput=3.60] rank2[cuda2,share=0.2932,tput=2.35]
epoch 118: eval=0.9037
epoch 119: loss=0.161151, train_acc=0.9433, time=10.6s
per-rank: rank0[cuda0,share=0.4045,tput=2.26] rank1[cuda1,share=0.3056,tput=5.40] rank2[cuda2,share=0.2899,tput=3.41]
epoch 119: eval=0.8997
epoch 120: loss=0.160466, train_acc=0.9446, time=9.9s
per-rank: rank0[cuda0,share=0.4060,tput=2.80] rank1[cuda1,share=0.3046,tput=3.97] rank2[cuda2,share=0.2894,tput=2.56]
epoch 120: eval=0.9064
epoch 121: loss=0.154681, train_acc=0.9462, time=9.0s
per-rank: rank0[cuda0,share=0.4115,tput=4.26] rank1[cuda1,share=0.3009,tput=3.56] rank2[cuda2,share=0.2876,tput=2.29]
epoch 121: eval=0.9043
epoch 122: loss=0.152205, train_acc=0.9464, time=9.1s
per-rank: rank0[cuda0,share=0.4191,tput=2.62] rank1[cuda1,share=0.2978,tput=2.82] rank2[cuda2,share=0.2831,tput=4.88]
epoch 122: eval=0.8987
epoch 123: loss=0.151163, train_acc=0.9461, time=9.2s
per-rank: rank0[cuda0,share=0.4188,tput=3.95] rank1[cuda1,share=0.3004,tput=2.57] rank2[cuda2,share=0.2808,tput=3.75]
epoch 123: eval=0.9023
epoch 124: loss=0.147468, train_acc=0.9486, time=9.2s
per-rank: rank0[cuda0,share=0.4188,tput=3.40] rank1[cuda1,share=0.2977,tput=2.83] rank2[cuda2,share=0.2835,tput=2.71]
epoch 124: eval=0.9066
epoch 125: loss=0.147102, train_acc=0.9487, time=9.1s
per-rank: rank0[cuda0,share=0.4159,tput=2.06] rank1[cuda1,share=0.2945,tput=2.81] rank2[cuda2,share=0.2896,tput=5.57]
epoch 125: eval=0.9070
epoch 126: loss=0.145003, train_acc=0.9487, time=12.4s
per-rank: rank0[cuda0,share=0.4021,tput=2.01] rank2[cuda2,share=0.2996,tput=3.38] rank1[cuda1,share=0.2983,tput=5.87]
epoch 126: eval=0.9039
epoch 127: loss=0.141987, train_acc=0.9497, time=11.1s
per-rank: rank0[cuda0,share=0.3959,tput=2.21] rank1[cuda1,share=0.3041,tput=3.51] rank2[cuda2,share=0.3000,tput=2.88]
epoch 127: eval=0.9052
epoch 128: loss=0.139763, train_acc=0.9504, time=9.1s
per-rank: rank0[cuda0,share=0.3963,tput=3.34] rank2[cuda2,share=0.3034,tput=4.94] rank1[cuda1,share=0.3003,tput=2.26]
epoch 128: eval=0.9029
epoch 129: loss=0.139535, train_acc=0.9502, time=11.6s
per-rank: rank0[cuda0,share=0.4013,tput=2.16] rank2[cuda2,share=0.3092,tput=4.72] rank1[cuda1,share=0.2895,tput=3.93]
epoch 129: eval=0.9068
epoch 130: loss=0.133245, train_acc=0.9537, time=10.5s
per-rank: rank0[cuda0,share=0.3985,tput=1.97] rank2[cuda2,share=0.3035,tput=2.74] rank1[cuda1,share=0.2980,tput=4.21]
epoch 130: eval=0.9030
epoch 131: loss=0.134092, train_acc=0.9524, time=9.3s
per-rank: rank0[cuda0,share=0.3810,tput=1.89] rank1[cuda1,share=0.3145,tput=2.65] rank2[cuda2,share=0.3044,tput=5.95]
epoch 131: eval=0.9077
epoch 132: loss=0.130911, train_acc=0.9530, time=9.4s
per-rank: rank0[cuda0,share=0.3595,tput=3.39] rank1[cuda1,share=0.3246,tput=3.37] rank2[cuda2,share=0.3159,tput=2.31]
epoch 132: eval=0.9054
epoch 133: loss=0.131199, train_acc=0.9536, time=9.4s
per-rank: rank0[cuda0,share=0.3877,tput=3.44] rank1[cuda1,share=0.3062,tput=3.33] rank2[cuda2,share=0.3062,tput=2.35]
epoch 133: eval=0.9016
epoch 134: loss=0.130363, train_acc=0.9536, time=9.6s
per-rank: rank0[cuda0,share=0.4062,tput=2.29] rank1[cuda1,share=0.3014,tput=6.29] rank2[cuda2,share=0.2924,tput=2.00]
epoch 134: eval=0.9021
epoch 135: loss=0.128246, train_acc=0.9550, time=12.0s
per-rank: rank0[cuda0,share=0.3834,tput=2.01] rank1[cuda1,share=0.3159,tput=3.58] rank2[cuda2,share=0.3007,tput=5.22]
epoch 135: eval=0.9061
epoch 136: loss=0.126295, train_acc=0.9557, time=10.6s
per-rank: rank0[cuda0,share=0.3823,tput=2.21] rank1[cuda1,share=0.3100,tput=3.90] rank2[cuda2,share=0.3077,tput=2.65]
epoch 136: eval=0.9056
epoch 137: loss=0.126123, train_acc=0.9554, time=9.2s
per-rank: rank0[cuda0,share=0.4004,tput=2.57] rank2[cuda2,share=0.3020,tput=2.30] rank1[cuda1,share=0.2976,tput=5.71]
epoch 137: eval=0.9065
epoch 138: loss=0.121852, train_acc=0.9571, time=9.4s
per-rank: rank0[cuda0,share=0.4071,tput=2.28] rank2[cuda2,share=0.2985,tput=2.16] rank1[cuda1,share=0.2944,tput=7.00]
epoch 138: eval=0.8996
epoch 139: loss=0.127479, train_acc=0.9539, time=9.4s
per-rank: rank0[cuda0,share=0.3950,tput=3.05] rank1[cuda1,share=0.3122,tput=2.59] rank2[cuda2,share=0.2928,tput=3.36]
epoch 139: eval=0.9026
epoch 140: loss=0.124317, train_acc=0.9550, time=11.3s
per-rank: rank0[cuda0,share=0.3931,tput=2.13] rank1[cuda1,share=0.3172,tput=3.70] rank2[cuda2,share=0.2897,tput=5.14]
epoch 140: eval=0.8979
epoch 141: loss=0.119585, train_acc=0.9577, time=10.6s
per-rank: rank0[cuda0,share=0.3929,tput=2.52] rank1[cuda1,share=0.3095,tput=3.91] rank2[cuda2,share=0.2976,tput=2.56]
epoch 141: eval=0.9058
epoch 142: loss=0.120449, train_acc=0.9571, time=9.3s
per-rank: rank0[cuda0,share=0.4084,tput=2.35] rank1[cuda1,share=0.2995,tput=6.11] rank2[cuda2,share=0.2921,tput=2.26]
epoch 142: eval=0.9007
epoch 143: loss=0.116027, train_acc=0.9592, time=12.8s
per-rank: rank0[cuda0,share=0.4005,tput=1.97] rank2[cuda2,share=0.3025,tput=3.58] rank1[cuda1,share=0.2970,tput=5.35]
epoch 143: eval=0.8995
epoch 144: loss=0.117195, train_acc=0.9587, time=11.1s
per-rank: rank0[cuda0,share=0.3883,tput=2.07] rank1[cuda1,share=0.3059,tput=3.16] rank2[cuda2,share=0.3059,tput=3.70]
epoch 144: eval=0.8969
epoch 145: loss=0.121571, train_acc=0.9569, time=9.0s
per-rank: rank0[cuda0,share=0.3878,tput=3.81] rank1[cuda1,share=0.3137,tput=3.60] rank2[cuda2,share=0.2985,tput=2.32]
epoch 145: eval=0.8976
epoch 146: loss=0.124244, train_acc=0.9554, time=8.9s
per-rank: rank0[cuda0,share=0.3947,tput=2.40] rank1[cuda1,share=0.3099,tput=2.39] rank2[cuda2,share=0.2954,tput=6.43]
epoch 146: eval=0.9022
epoch 147: loss=0.121425, train_acc=0.9568, time=10.8s
per-rank: rank0[cuda0,share=0.3889,tput=2.19] rank2[cuda2,share=0.3097,tput=5.45] rank1[cuda1,share=0.3014,tput=3.73]
epoch 147: eval=0.9015
epoch 148: loss=0.119409, train_acc=0.9570, time=9.9s
per-rank: rank0[cuda0,share=0.3950,tput=2.61] rank2[cuda2,share=0.3083,tput=3.96] rank1[cuda1,share=0.2967,tput=2.77]
epoch 148: eval=0.9032
epoch 149: loss=0.120064, train_acc=0.9571, time=8.7s
per-rank: rank0[cuda0,share=0.4031,tput=3.60] rank2[cuda2,share=0.3019,tput=3.27] rank1[cuda1,share=0.2950,tput=2.67]
epoch 149: eval=0.8891
epoch 150: loss=0.088162, train_acc=0.9700, time=11.2s
per-rank: rank0[cuda0,share=0.4062,tput=2.23] rank1[cuda1,share=0.3042,tput=5.84] rank2[cuda2,share=0.2896,tput=3.57]
epoch 150: eval=0.9122
epoch 151: loss=0.079886, train_acc=0.9732, time=10.2s
per-rank: rank0[cuda0,share=0.3998,tput=2.23] rank1[cuda1,share=0.3006,tput=4.12] rank2[cuda2,share=0.2996,tput=2.99]
epoch 151: eval=0.9134
epoch 152: loss=0.076952, train_acc=0.9736, time=9.0s
per-rank: rank0[cuda0,share=0.4012,tput=3.91] rank2[cuda2,share=0.3092,tput=3.68] rank1[cuda1,share=0.2896,tput=2.16]
epoch 152: eval=0.9146
epoch 153: loss=0.074367, train_acc=0.9761, time=8.9s
per-rank: rank0[cuda0,share=0.4129,tput=3.46] rank2[cuda2,share=0.3040,tput=2.29] rank1[cuda1,share=0.2832,tput=3.76]
epoch 153: eval=0.9145
epoch 154: loss=0.073441, train_acc=0.9757, time=11.3s
per-rank: rank0[cuda0,share=0.3978,tput=2.17] rank1[cuda1,share=0.3093,tput=4.13] rank2[cuda2,share=0.2930,tput=4.85]
epoch 154: eval=0.9141
epoch 155: loss=0.068827, train_acc=0.9777, time=10.1s
per-rank: rank0[cuda0,share=0.3935,tput=2.18] rank1[cuda1,share=0.3085,tput=2.76] rank2[cuda2,share=0.2980,tput=4.18]
epoch 155: eval=0.9128
epoch 156: loss=0.069308, train_acc=0.9775, time=9.1s
per-rank: rank0[cuda0,share=0.3938,tput=4.49] rank1[cuda1,share=0.3106,tput=3.65] rank2[cuda2,share=0.2956,tput=1.96]
epoch 156: eval=0.9143
epoch 157: loss=0.069837, train_acc=0.9773, time=8.8s
per-rank: rank0[cuda0,share=0.4179,tput=2.74] rank1[cuda1,share=0.3076,tput=2.60] rank2[cuda2,share=0.2744,tput=5.62]
epoch 157: eval=0.9139
epoch 158: loss=0.068763, train_acc=0.9765, time=8.8s
per-rank: rank0[cuda0,share=0.4181,tput=2.22] rank1[cuda1,share=0.3018,tput=6.65] rank2[cuda2,share=0.2801,tput=2.60]
epoch 158: eval=0.9102
epoch 159: loss=0.067731, train_acc=0.9772, time=10.5s
per-rank: rank0[cuda0,share=0.4118,tput=2.38] rank1[cuda1,share=0.2941,tput=5.27] rank2[cuda2,share=0.2941,tput=3.59]
epoch 159: eval=0.9145
epoch 160: loss=0.066275, train_acc=0.9781, time=9.7s
per-rank: rank0[cuda0,share=0.4194,tput=2.61] rank1[cuda1,share=0.2903,tput=2.98] rank2[cuda2,share=0.2903,tput=3.66]
epoch 160: eval=0.9133
epoch 161: loss=0.067879, train_acc=0.9773, time=9.0s
per-rank: rank0[cuda0,share=0.4025,tput=3.06] rank1[cuda1,share=0.3142,tput=2.91] rank2[cuda2,share=0.2834,tput=4.59]
epoch 161: eval=0.9110
epoch 162: loss=0.065299, train_acc=0.9789, time=8.7s
per-rank: rank0[cuda0,share=0.4026,tput=2.47] rank1[cuda1,share=0.3084,tput=4.90] rank2[cuda2,share=0.2891,tput=2.79]
epoch 162: eval=0.9110
epoch 163: loss=0.065951, train_acc=0.9786, time=8.9s
per-rank: rank0[cuda0,share=0.4013,tput=3.69] rank2[cuda2,share=0.3049,tput=2.41] rank1[cuda1,share=0.2937,tput=3.51]
epoch 163: eval=0.9109
epoch 164: loss=0.064763, train_acc=0.9787, time=10.8s
per-rank: rank0[cuda0,share=0.4111,tput=2.32] rank1[cuda1,share=0.3029,tput=4.12] rank2[cuda2,share=0.2860,tput=4.61]
epoch 164: eval=0.9147
epoch 165: loss=0.064036, train_acc=0.9787, time=9.9s
per-rank: rank0[cuda0,share=0.4130,tput=2.43] rank1[cuda1,share=0.3004,tput=3.55] rank2[cuda2,share=0.2866,tput=3.12]
epoch 165: eval=0.9152
epoch 166: loss=0.062448, train_acc=0.9804, time=10.9s
per-rank: rank0[cuda0,share=0.4020,tput=2.26] rank1[cuda1,share=0.3001,tput=6.11] rank2[cuda2,share=0.2979,tput=3.36]
epoch 166: eval=0.9133
epoch 167: loss=0.062555, train_acc=0.9797, time=10.0s
per-rank: rank0[cuda0,share=0.3998,tput=2.39] rank1[cuda1,share=0.3024,tput=2.83] rank2[cuda2,share=0.2978,tput=4.10]
epoch 167: eval=0.9109
epoch 168: loss=0.062284, train_acc=0.9792, time=11.1s
per-rank: rank0[cuda0,share=0.3826,tput=2.15] rank1[cuda1,share=0.3148,tput=5.32] rank2[cuda2,share=0.3027,tput=3.53]
epoch 168: eval=0.9133
epoch 169: loss=0.060702, train_acc=0.9797, time=10.1s
per-rank: rank0[cuda0,share=0.3941,tput=3.02] rank1[cuda1,share=0.3103,tput=3.86] rank2[cuda2,share=0.2956,tput=2.56]
epoch 169: eval=0.9110
epoch 170: loss=0.060958, train_acc=0.9806, time=8.9s
per-rank: rank0[cuda0,share=0.4189,tput=3.57] rank2[cuda2,share=0.2954,tput=4.10] rank1[cuda1,share=0.2857,tput=2.42]
epoch 170: eval=0.9114
epoch 171: loss=0.057702, train_acc=0.9817, time=11.8s
per-rank: rank0[cuda0,share=0.3986,tput=2.15] rank1[cuda1,share=0.3090,tput=4.26] rank2[cuda2,share=0.2925,tput=4.97]
epoch 171: eval=0.9147
epoch 172: loss=0.058419, train_acc=0.9815, time=10.4s
per-rank: rank0[cuda0,share=0.3865,tput=2.24] rank1[cuda1,share=0.3124,tput=2.89] rank2[cuda2,share=0.3011,tput=4.07]
epoch 172: eval=0.9134
epoch 173: loss=0.058335, train_acc=0.9811, time=11.0s
per-rank: rank0[cuda0,share=0.3878,tput=2.10] rank1[cuda1,share=0.3108,tput=3.70] rank2[cuda2,share=0.3013,tput=5.13]
epoch 173: eval=0.9121
epoch 174: loss=0.058033, train_acc=0.9812, time=9.8s
per-rank: rank0[cuda0,share=0.3876,tput=2.61] rank1[cuda1,share=0.3120,tput=4.22] rank2[cuda2,share=0.3004,tput=2.78]
epoch 174: eval=0.9142
epoch 175: loss=0.058286, train_acc=0.9811, time=8.8s
per-rank: rank0[cuda0,share=0.3986,tput=2.97] rank1[cuda1,share=0.3017,tput=2.16] rank2[cuda2,share=0.2997,tput=6.12]
epoch 175: eval=0.9122
epoch 176: loss=0.060429, train_acc=0.9800, time=8.9s
per-rank: rank0[cuda0,share=0.3962,tput=2.56] rank2[cuda2,share=0.3067,tput=3.83] rank1[cuda1,share=0.2971,tput=2.88]
epoch 176: eval=0.9132
epoch 177: loss=0.057432, train_acc=0.9819, time=8.8s
per-rank: rank0[cuda0,share=0.3646,tput=2.90] rank1[cuda1,share=0.3188,tput=2.64] rank2[cuda2,share=0.3166,tput=5.02]
epoch 177: eval=0.9125
epoch 178: loss=0.056323, train_acc=0.9818, time=8.8s
per-rank: rank0[cuda0,share=0.3868,tput=4.19] rank1[cuda1,share=0.3095,tput=3.13] rank2[cuda2,share=0.3037,tput=2.48]
epoch 178: eval=0.9112
epoch 179: loss=0.058169, train_acc=0.9811, time=8.9s
per-rank: rank0[cuda0,share=0.4255,tput=2.83] rank2[cuda2,share=0.2941,tput=2.39] rank1[cuda1,share=0.2804,tput=5.91]
epoch 179: eval=0.9138
epoch 180: loss=0.056339, train_acc=0.9821, time=8.9s
per-rank: rank0[cuda0,share=0.4187,tput=2.77] rank2[cuda2,share=0.2982,tput=2.60] rank1[cuda1,share=0.2831,tput=4.23]
epoch 180: eval=0.9125
epoch 181: loss=0.057226, train_acc=0.9811, time=8.9s
per-rank: rank0[cuda0,share=0.3906,tput=3.52] rank1[cuda1,share=0.3063,tput=3.84] rank2[cuda2,share=0.3031,tput=2.34]
epoch 181: eval=0.9141
epoch 182: loss=0.058078, train_acc=0.9804, time=9.9s
per-rank: rank0[cuda0,share=0.3928,tput=2.31] rank1[cuda1,share=0.3079,tput=3.28] rank2[cuda2,share=0.2994,tput=5.27]
epoch 182: eval=0.9124
epoch 183: loss=0.057075, train_acc=0.9805, time=9.3s
per-rank: rank0[cuda0,share=0.4063,tput=3.11] rank2[cuda2,share=0.3009,tput=4.17] rank1[cuda1,share=0.2928,tput=2.54]
epoch 183: eval=0.9132
epoch 184: loss=0.058278, train_acc=0.9808, time=8.9s
per-rank: rank0[cuda0,share=0.3881,tput=2.77] rank2[cuda2,share=0.3132,tput=2.55] rank1[cuda1,share=0.2986,tput=4.43]
epoch 184: eval=0.9151
epoch 185: loss=0.054348, train_acc=0.9817, time=10.0s
per-rank: rank0[cuda0,share=0.3797,tput=2.21] rank1[cuda1,share=0.3216,tput=3.51] rank2[cuda2,share=0.2987,tput=4.93]
epoch 185: eval=0.9124
epoch 186: loss=0.054527, train_acc=0.9826, time=9.2s
per-rank: rank0[cuda0,share=0.3941,tput=3.13] rank1[cuda1,share=0.3205,tput=4.00] rank2[cuda2,share=0.2854,tput=2.50]
epoch 186: eval=0.9136
epoch 187: loss=0.053196, train_acc=0.9825, time=10.8s
per-rank: rank0[cuda0,share=0.4148,tput=2.29] rank1[cuda1,share=0.3029,tput=5.67] rank2[cuda2,share=0.2823,tput=3.27]
epoch 187: eval=0.9126
epoch 188: loss=0.055457, train_acc=0.9818, time=9.9s
per-rank: rank0[cuda0,share=0.4091,tput=2.69] rank2[cuda2,share=0.3013,tput=4.60] rank1[cuda1,share=0.2896,tput=2.45]
epoch 188: eval=0.9124
epoch 189: loss=0.052769, train_acc=0.9833, time=8.8s
per-rank: rank0[cuda0,share=0.3946,tput=2.99] rank2[cuda2,share=0.3097,tput=2.35] rank1[cuda1,share=0.2957,tput=4.72]
epoch 189: eval=0.9125
epoch 190: loss=0.055224, train_acc=0.9828, time=8.9s
per-rank: rank0[cuda0,share=0.3714,tput=2.22] rank1[cuda1,share=0.3253,tput=6.47] rank2[cuda2,share=0.3033,tput=2.38]
epoch 190: eval=0.9133
epoch 191: loss=0.052217, train_acc=0.9829, time=8.7s
per-rank: rank0[cuda0,share=0.3849,tput=4.64] rank1[cuda1,share=0.3230,tput=2.57] rank2[cuda2,share=0.2921,tput=3.07]
epoch 191: eval=0.9128
epoch 192: loss=0.051752, train_acc=0.9829, time=11.0s
per-rank: rank0[cuda0,share=0.4200,tput=2.32] rank1[cuda1,share=0.3028,tput=5.45] rank2[cuda2,share=0.2772,tput=3.53]
epoch 192: eval=0.9109
epoch 193: loss=0.051710, train_acc=0.9833, time=10.0s
per-rank: rank0[cuda0,share=0.4149,tput=2.91] rank1[cuda1,share=0.2960,tput=3.02] rank2[cuda2,share=0.2890,tput=3.89]
epoch 193: eval=0.9119
epoch 194: loss=0.051943, train_acc=0.9835, time=11.0s
per-rank: rank0[cuda0,share=0.4062,tput=2.26] rank1[cuda1,share=0.2969,tput=5.07] rank2[cuda2,share=0.2969,tput=3.67]
epoch 194: eval=0.9119
epoch 195: loss=0.053661, train_acc=0.9826, time=9.9s
per-rank: rank0[cuda0,share=0.4078,tput=2.79] rank1[cuda1,share=0.2961,tput=4.37] rank2[cuda2,share=0.2961,tput=2.69]
epoch 195: eval=0.9113
epoch 196: loss=0.050551, train_acc=0.9846, time=8.9s
per-rank: rank0[cuda0,share=0.4141,tput=3.03] rank1[cuda1,share=0.2995,tput=6.04] rank2[cuda2,share=0.2865,tput=2.34]
epoch 196: eval=0.9112
epoch 197: loss=0.050325, train_acc=0.9839, time=11.4s
per-rank: rank0[cuda0,share=0.4155,tput=2.24] rank2[cuda2,share=0.2949,tput=4.95] rank1[cuda1,share=0.2895,tput=4.19]
epoch 197: eval=0.9135
epoch 198: loss=0.050486, train_acc=0.9837, time=10.3s
per-rank: rank0[cuda0,share=0.3982,tput=1.97] rank1[cuda1,share=0.3061,tput=4.83] rank2[cuda2,share=0.2957,tput=2.83]
epoch 198: eval=0.9126
epoch 199: loss=0.050330, train_acc=0.9837, time=8.8s
per-rank: rank0[cuda0,share=0.3916,tput=3.77] rank1[cuda1,share=0.3124,tput=3.06] rank2[cuda2,share=0.2960,tput=2.73]
final eval=0.9140
# total: 1782.8s (29m 43s)
