# gpu0: NVIDIA GeForce RTX 5060 Ti (15GB, sm_120)
# gpu1: NVIDIA GeForce GTX 1060 6GB (5GB, sm_61)
# gpu2: NVIDIA GeForce GTX 1060 6GB (5GB, sm_61)
epoch 0: loss=1.900356, train_acc=0.2835, time=11.1s
per-rank: rank0[cuda0,share=0.4201,tput=2.52] rank1[cuda1,share=0.2973,tput=2.72] rank2[cuda2,share=0.2826,tput=4.40]
epoch 0: eval=0.3976
epoch 1: loss=1.561886, train_acc=0.4231, time=10.2s
per-rank: rank0[cuda0,share=0.3774,tput=2.56] rank1[cuda1,share=0.3113,tput=2.46] rank2[cuda2,share=0.3113,tput=3.34]
epoch 1: eval=0.5237
epoch 2: loss=1.347947, train_acc=0.5105, time=10.1s
per-rank: rank0[cuda0,share=0.3849,tput=3.44] rank1[cuda1,share=0.3140,tput=3.33] rank2[cuda2,share=0.3011,tput=2.10]
epoch 2: eval=0.5379
epoch 3: loss=1.257619, train_acc=0.5481, time=10.5s
per-rank: rank0[cuda0,share=0.3486,tput=3.61] rank1[cuda1,share=0.3356,tput=3.70] rank2[cuda2,share=0.3159,tput=2.06]
epoch 3: eval=0.5567
epoch 4: loss=1.159386, train_acc=0.5893, time=10.7s
per-rank: rank0[cuda0,share=0.3453,tput=1.94] rank1[cuda1,share=0.3376,tput=4.11] rank2[cuda2,share=0.3171,tput=3.94]
epoch 4: eval=0.5727
epoch 5: loss=1.070678, train_acc=0.6232, time=10.1s
per-rank: rank0[cuda0,share=0.3490,tput=3.61] rank1[cuda1,share=0.3358,tput=3.40] rank2[cuda2,share=0.3152,tput=1.96]
epoch 5: eval=0.5972
epoch 6: loss=0.979360, train_acc=0.6566, time=10.5s
per-rank: rank0[cuda0,share=0.3567,tput=2.10] rank1[cuda1,share=0.3320,tput=3.52] rank2[cuda2,share=0.3113,tput=4.09]
epoch 6: eval=0.6258
epoch 7: loss=0.923759, train_acc=0.6802, time=10.2s
per-rank: rank0[cuda0,share=0.3620,tput=2.65] rank1[cuda1,share=0.3293,tput=3.31] rank2[cuda2,share=0.3087,tput=2.47]
epoch 7: eval=0.6698
epoch 8: loss=0.872299, train_acc=0.6953, time=9.7s
per-rank: rank0[cuda0,share=0.3661,tput=2.73] rank1[cuda1,share=0.3272,tput=2.28] rank2[cuda2,share=0.3067,tput=4.17]
epoch 8: eval=0.6858
epoch 9: loss=0.834794, train_acc=0.7100, time=9.8s
per-rank: rank0[cuda0,share=0.3693,tput=3.05] rank1[cuda1,share=0.3254,tput=2.36] rank2[cuda2,share=0.3053,tput=3.28]
epoch 9: eval=0.5881
epoch 10: loss=0.794542, train_acc=0.7240, time=9.7s
per-rank: rank0[cuda0,share=0.3718,tput=3.92] rank1[cuda1,share=0.3240,tput=2.32] rank2[cuda2,share=0.3042,tput=3.22]
epoch 10: eval=0.7082
epoch 11: loss=0.760213, train_acc=0.7371, time=11.8s
per-rank: rank0[cuda0,share=0.3745,tput=2.00] rank1[cuda1,share=0.3217,tput=2.94] rank2[cuda2,share=0.3038,tput=5.11]
epoch 11: eval=0.6499
epoch 12: loss=0.745234, train_acc=0.7421, time=10.7s
per-rank: rank0[cuda0,share=0.3745,tput=1.97] rank1[cuda1,share=0.3217,tput=3.79] rank2[cuda2,share=0.3038,tput=2.57]
epoch 12: eval=0.6507
epoch 13: loss=0.725412, train_acc=0.7498, time=11.7s
per-rank: rank0[cuda0,share=0.3857,tput=2.04] rank1[cuda1,share=0.3150,tput=4.85] rank2[cuda2,share=0.2992,tput=3.00]
epoch 13: eval=0.6914
epoch 14: loss=0.702386, train_acc=0.7577, time=10.5s
per-rank: rank0[cuda0,share=0.3857,tput=2.58] rank1[cuda1,share=0.3150,tput=3.47] rank2[cuda2,share=0.2992,tput=2.42]
epoch 14: eval=0.7047
epoch 15: loss=0.688432, train_acc=0.7625, time=11.9s
per-rank: rank0[cuda0,share=0.3916,tput=2.02] rank1[cuda1,share=0.3120,tput=4.42] rank2[cuda2,share=0.2964,tput=3.57]
epoch 15: eval=0.7429
epoch 16: loss=0.672095, train_acc=0.7692, time=10.9s
per-rank: rank0[cuda0,share=0.3945,tput=1.91] rank1[cuda1,share=0.3096,tput=3.73] rank2[cuda2,share=0.2959,tput=2.65]
epoch 16: eval=0.7406
epoch 17: loss=0.660161, train_acc=0.7701, time=9.6s
per-rank: rank0[cuda0,share=0.3949,tput=2.56] rank1[cuda1,share=0.3085,tput=4.97] rank2[cuda2,share=0.2966,tput=2.35]
epoch 17: eval=0.7483
epoch 18: loss=0.641102, train_acc=0.7774, time=9.7s
per-rank: rank0[cuda0,share=0.3954,tput=2.70] rank1[cuda1,share=0.3073,tput=2.15] rank2[cuda2,share=0.2974,tput=4.95]
epoch 18: eval=0.7012
epoch 19: loss=0.636801, train_acc=0.7815, time=9.7s
per-rank: rank0[cuda0,share=0.3958,tput=3.32] rank1[cuda1,share=0.3061,tput=2.16] rank2[cuda2,share=0.2981,tput=3.25]
epoch 19: eval=0.7073
epoch 20: loss=0.626803, train_acc=0.7834, time=9.6s
per-rank: rank0[cuda0,share=0.3963,tput=2.38] rank1[cuda1,share=0.3049,tput=6.16] rank2[cuda2,share=0.2988,tput=1.94]
epoch 20: eval=0.7213
epoch 21: loss=0.626657, train_acc=0.7842, time=11.5s
per-rank: rank0[cuda0,share=0.3967,tput=2.04] rank1[cuda1,share=0.3037,tput=3.42] rank2[cuda2,share=0.2996,tput=4.51]
epoch 21: eval=0.7313
epoch 22: loss=0.608111, train_acc=0.7905, time=10.7s
per-rank: rank0[cuda0,share=0.3965,tput=2.96] rank1[cuda1,share=0.3037,tput=3.49] rank2[cuda2,share=0.2998,tput=2.17]
epoch 22: eval=0.7429
epoch 23: loss=0.602669, train_acc=0.7910, time=9.6s
per-rank: rank0[cuda0,share=0.3977,tput=3.25] rank1[cuda1,share=0.3030,tput=2.56] rank2[cuda2,share=0.2992,tput=2.89]
epoch 23: eval=0.7223
epoch 24: loss=0.602395, train_acc=0.7931, time=12.9s
per-rank: rank0[cuda0,share=0.3989,tput=1.89] rank1[cuda1,share=0.3023,tput=5.35] rank2[cuda2,share=0.2988,tput=3.13]
epoch 24: eval=0.7432
epoch 25: loss=0.602737, train_acc=0.7924, time=12.3s
per-rank: rank0[cuda0,share=0.3983,tput=1.84] rank1[cuda1,share=0.3024,tput=2.82] rank2[cuda2,share=0.2992,tput=3.86]
epoch 25: eval=0.7652
epoch 26: loss=0.592664, train_acc=0.7965, time=10.3s
per-rank: rank0[cuda0,share=0.3987,tput=2.38] rank1[cuda1,share=0.3031,tput=2.51] rank2[cuda2,share=0.2983,tput=3.66]
epoch 26: eval=0.7534
epoch 27: loss=0.586871, train_acc=0.7980, time=11.8s
per-rank: rank0[cuda0,share=0.3974,tput=2.01] rank1[cuda1,share=0.3045,tput=4.94] rank2[cuda2,share=0.2981,tput=3.24]
epoch 27: eval=0.7895
epoch 28: loss=0.564243, train_acc=0.8063, time=10.6s
per-rank: rank0[cuda0,share=0.3960,tput=2.44] rank1[cuda1,share=0.3060,tput=4.02] rank2[cuda2,share=0.2979,tput=2.26]
epoch 28: eval=0.7782
epoch 29: loss=0.572258, train_acc=0.8019, time=9.7s
per-rank: rank0[cuda0,share=0.3947,tput=2.55] rank1[cuda1,share=0.3075,tput=4.84] rank2[cuda2,share=0.2978,tput=2.18]
epoch 29: eval=0.7990
epoch 30: loss=0.564466, train_acc=0.8060, time=11.5s
per-rank: rank0[cuda0,share=0.3934,tput=1.99] rank1[cuda1,share=0.3090,tput=4.87] rank2[cuda2,share=0.2976,tput=3.06]
epoch 30: eval=0.7479
epoch 31: loss=0.560878, train_acc=0.8066, time=10.6s
per-rank: rank0[cuda0,share=0.3920,tput=2.42] rank1[cuda1,share=0.3105,tput=3.54] rank2[cuda2,share=0.2974,tput=2.60]
epoch 31: eval=0.7728
epoch 32: loss=0.562247, train_acc=0.8073, time=9.7s
per-rank: rank0[cuda0,share=0.3914,tput=2.18] rank1[cuda1,share=0.3108,tput=2.11] rank2[cuda2,share=0.2978,tput=5.90]
epoch 32: eval=0.7603
epoch 33: loss=0.556294, train_acc=0.8102, time=11.7s
per-rank: rank0[cuda0,share=0.3897,tput=2.05] rank1[cuda1,share=0.3124,tput=4.67] rank2[cuda2,share=0.2979,tput=3.51]
epoch 33: eval=0.7606
epoch 34: loss=0.543462, train_acc=0.8137, time=10.9s
per-rank: rank0[cuda0,share=0.3879,tput=2.69] rank1[cuda1,share=0.3125,tput=3.45] rank2[cuda2,share=0.2996,tput=2.40]
epoch 34: eval=0.7263
epoch 35: loss=0.549323, train_acc=0.8124, time=9.8s
per-rank: rank0[cuda0,share=0.3880,tput=2.21] rank1[cuda1,share=0.3115,tput=5.55] rank2[cuda2,share=0.3004,tput=2.12]
epoch 35: eval=0.7815
epoch 36: loss=0.548895, train_acc=0.8119, time=11.6s
per-rank: rank0[cuda0,share=0.3882,tput=2.07] rank1[cuda1,share=0.3105,tput=3.37] rank2[cuda2,share=0.3013,tput=4.58]
epoch 36: eval=0.7713
epoch 37: loss=0.546659, train_acc=0.8128, time=10.7s
per-rank: rank0[cuda0,share=0.3901,tput=2.81] rank1[cuda1,share=0.3086,tput=2.31] rank2[cuda2,share=0.3012,tput=3.56]
epoch 37: eval=0.7696
epoch 38: loss=0.534951, train_acc=0.8166, time=11.8s
per-rank: rank0[cuda0,share=0.3941,tput=2.08] rank1[cuda1,share=0.3048,tput=2.96] rank2[cuda2,share=0.3011,tput=4.91]
epoch 38: eval=0.7909
epoch 39: loss=0.532013, train_acc=0.8171, time=10.7s
per-rank: rank0[cuda0,share=0.3961,tput=2.78] rank1[cuda1,share=0.3028,tput=2.68] rank2[cuda2,share=0.3011,tput=3.21]
epoch 39: eval=0.8023
epoch 40: loss=0.531180, train_acc=0.8163, time=11.1s
per-rank: rank0[cuda0,share=0.3996,tput=2.16] rank2[cuda2,share=0.3003,tput=3.02] rank1[cuda1,share=0.3001,tput=4.68]
epoch 40: eval=0.7863
epoch 41: loss=0.532512, train_acc=0.8156, time=10.9s
per-rank: rank0[cuda0,share=0.4030,tput=2.37] rank1[cuda1,share=0.2992,tput=2.57] rank2[cuda2,share=0.2978,tput=3.25]
epoch 41: eval=0.7649
epoch 42: loss=0.533208, train_acc=0.8149, time=9.7s
per-rank: rank0[cuda0,share=0.4057,tput=3.15] rank1[cuda1,share=0.2978,tput=3.05] rank2[cuda2,share=0.2964,tput=2.40]
epoch 42: eval=0.7781
epoch 43: loss=0.530140, train_acc=0.8177, time=12.3s
per-rank: rank0[cuda0,share=0.4062,tput=2.03] rank1[cuda1,share=0.2984,tput=3.37] rank2[cuda2,share=0.2954,tput=5.40]
epoch 43: eval=0.7745
epoch 44: loss=0.519950, train_acc=0.8199, time=11.3s
per-rank: rank0[cuda0,share=0.4078,tput=2.38] rank1[cuda1,share=0.2972,tput=3.03] rank2[cuda2,share=0.2950,tput=2.79]
epoch 44: eval=0.7577
epoch 45: loss=0.524136, train_acc=0.8182, time=9.6s
per-rank: rank0[cuda0,share=0.4081,tput=2.90] rank1[cuda1,share=0.2966,tput=3.78] rank2[cuda2,share=0.2953,tput=2.15]
epoch 45: eval=0.7875
epoch 46: loss=0.520437, train_acc=0.8210, time=9.7s
per-rank: rank0[cuda0,share=0.4084,tput=3.10] rank1[cuda1,share=0.2960,tput=2.48] rank2[cuda2,share=0.2956,tput=2.96]
epoch 46: eval=0.7825
epoch 47: loss=0.516061, train_acc=0.8221, time=9.6s
per-rank: rank0[cuda0,share=0.4087,tput=3.07] rank2[cuda2,share=0.2959,tput=1.95] rank1[cuda1,share=0.2954,tput=3.94]
epoch 47: eval=0.7257
epoch 48: loss=0.520480, train_acc=0.8216, time=9.7s
per-rank: rank0[cuda0,share=0.4084,tput=3.00] rank1[cuda1,share=0.2958,tput=5.64] rank2[cuda2,share=0.2958,tput=1.98]
epoch 48: eval=0.7954
epoch 49: loss=0.508323, train_acc=0.8261, time=9.7s
per-rank: rank0[cuda0,share=0.4070,tput=3.38] rank1[cuda1,share=0.2979,tput=2.11] rank2[cuda2,share=0.2951,tput=3.35]
epoch 49: eval=0.8397
epoch 50: loss=0.500551, train_acc=0.8273, time=9.6s
per-rank: rank0[cuda0,share=0.4052,tput=2.48] rank1[cuda1,share=0.2991,tput=5.45] rank2[cuda2,share=0.2957,tput=2.03]
epoch 50: eval=0.8019
epoch 51: loss=0.513239, train_acc=0.8218, time=11.6s
per-rank: rank0[cuda0,share=0.4033,tput=2.10] rank1[cuda1,share=0.3003,tput=4.20] rank2[cuda2,share=0.2964,tput=3.58]
epoch 51: eval=0.7939
epoch 52: loss=0.512899, train_acc=0.8235, time=10.8s
per-rank: rank0[cuda0,share=0.4039,tput=2.84] rank1[cuda1,share=0.2993,tput=3.58] rank2[cuda2,share=0.2968,tput=2.25]
epoch 52: eval=0.7205
epoch 53: loss=0.512214, train_acc=0.8230, time=9.6s
per-rank: rank0[cuda0,share=0.4035,tput=2.99] rank1[cuda1,share=0.3001,tput=3.93] rank2[cuda2,share=0.2965,tput=1.94]
epoch 53: eval=0.7717
epoch 54: loss=0.509774, train_acc=0.8252, time=10.0s
per-rank: rank0[cuda0,share=0.4053,tput=2.48] rank1[cuda1,share=0.3003,tput=5.99] rank2[cuda2,share=0.2944,tput=1.91]
epoch 54: eval=0.8188
epoch 55: loss=0.499547, train_acc=0.8275, time=9.8s
per-rank: rank0[cuda0,share=0.4063,tput=2.78] rank1[cuda1,share=0.3004,tput=3.48] rank2[cuda2,share=0.2933,tput=2.37]
epoch 55: eval=0.8229
epoch 56: loss=0.499207, train_acc=0.8286, time=9.7s
per-rank: rank0[cuda0,share=0.4084,tput=3.00] rank1[cuda1,share=0.2999,tput=2.34] rank2[cuda2,share=0.2917,tput=3.39]
epoch 56: eval=0.7709
epoch 57: loss=0.502401, train_acc=0.8260, time=9.8s
per-rank: rank0[cuda0,share=0.4106,tput=3.73] rank1[cuda1,share=0.2994,tput=5.02] rank2[cuda2,share=0.2900,tput=1.82]
epoch 57: eval=0.7532
epoch 58: loss=0.505218, train_acc=0.8268, time=9.6s
per-rank: rank0[cuda0,share=0.4104,tput=3.22] rank1[cuda1,share=0.2992,tput=2.87] rank2[cuda2,share=0.2903,tput=2.54]
epoch 58: eval=0.7994
epoch 59: loss=0.504633, train_acc=0.8270, time=12.1s
per-rank: rank0[cuda0,share=0.4100,tput=2.01] rank1[cuda1,share=0.2989,tput=3.38] rank2[cuda2,share=0.2911,tput=4.63]
epoch 59: eval=0.7420
epoch 60: loss=0.495381, train_acc=0.8310, time=11.1s
per-rank: rank0[cuda0,share=0.4089,tput=2.08] rank1[cuda1,share=0.3003,tput=3.54] rank2[cuda2,share=0.2908,tput=2.56]
epoch 60: eval=0.7699
epoch 61: loss=0.489309, train_acc=0.8313, time=9.7s
per-rank: rank0[cuda0,share=0.4073,tput=2.09] rank1[cuda1,share=0.3003,tput=4.91] rank2[cuda2,share=0.2923,tput=2.49]
epoch 61: eval=0.7361
epoch 62: loss=0.496000, train_acc=0.8276, time=11.8s
per-rank: rank0[cuda0,share=0.4057,tput=1.99] rank1[cuda1,share=0.3004,tput=3.07] rank2[cuda2,share=0.2939,tput=4.99]
epoch 62: eval=0.7128
epoch 63: loss=0.489131, train_acc=0.8336, time=11.1s
per-rank: rank0[cuda0,share=0.4028,tput=2.83] rank1[cuda1,share=0.3011,tput=2.37] rank2[cuda2,share=0.2961,tput=3.37]
epoch 63: eval=0.8142
epoch 64: loss=0.489429, train_acc=0.8307, time=9.9s
per-rank: rank0[cuda0,share=0.4002,tput=4.39] rank1[cuda1,share=0.3009,tput=2.28] rank2[cuda2,share=0.2989,tput=3.80]
epoch 64: eval=0.8260
epoch 65: loss=0.493290, train_acc=0.8305, time=9.5s
per-rank: rank0[cuda0,share=0.3977,tput=3.51] rank2[cuda2,share=0.3016,tput=2.30] rank1[cuda1,share=0.3006,tput=3.25]
epoch 65: eval=0.7882
epoch 66: loss=0.493500, train_acc=0.8317, time=9.8s
per-rank: rank0[cuda0,share=0.3970,tput=3.40] rank2[cuda2,share=0.3034,tput=1.83] rank1[cuda1,share=0.2995,tput=3.50]
epoch 66: eval=0.8136
epoch 67: loss=0.496077, train_acc=0.8288, time=12.6s
per-rank: rank0[cuda0,share=0.3964,tput=1.85] rank2[cuda2,share=0.3052,tput=3.07] rank1[cuda1,share=0.2984,tput=5.40]
epoch 67: eval=0.7529
epoch 68: loss=0.491858, train_acc=0.8315, time=11.0s
per-rank: rank0[cuda0,share=0.3950,tput=2.43] rank2[cuda2,share=0.3064,tput=3.43] rank1[cuda1,share=0.2985,tput=2.76]
epoch 68: eval=0.6819
epoch 69: loss=0.488116, train_acc=0.8315, time=11.2s
per-rank: rank0[cuda0,share=0.3930,tput=2.08] rank2[cuda2,share=0.3069,tput=4.65] rank1[cuda1,share=0.3001,tput=2.93]
epoch 69: eval=0.8463
epoch 70: loss=0.489767, train_acc=0.8316, time=10.6s
per-rank: rank0[cuda0,share=0.3930,tput=2.79] rank2[cuda2,share=0.3069,tput=3.48] rank1[cuda1,share=0.3001,tput=2.21]
epoch 70: eval=0.7582
epoch 71: loss=0.485781, train_acc=0.8327, time=11.8s
per-rank: rank0[cuda0,share=0.3926,tput=2.00] rank2[cuda2,share=0.3063,tput=4.98] rank1[cuda1,share=0.3011,tput=3.24]
epoch 71: eval=0.7937
epoch 72: loss=0.479657, train_acc=0.8338, time=10.8s
per-rank: rank0[cuda0,share=0.3935,tput=2.10] rank2[cuda2,share=0.3054,tput=2.44] rank1[cuda1,share=0.3011,tput=3.98]
epoch 72: eval=0.8446
epoch 73: loss=0.491288, train_acc=0.8304, time=9.7s
per-rank: rank0[cuda0,share=0.3932,tput=2.95] rank2[cuda2,share=0.3051,tput=2.33] rank1[cuda1,share=0.3017,tput=3.67]
epoch 73: eval=0.7877
epoch 74: loss=0.478478, train_acc=0.8368, time=9.5s
per-rank: rank0[cuda0,share=0.3929,tput=4.89] rank2[cuda2,share=0.3048,tput=3.21] rank1[cuda1,share=0.3023,tput=2.49]
epoch 74: eval=0.7825
epoch 75: loss=0.481423, train_acc=0.8337, time=11.5s
per-rank: rank0[cuda0,share=0.3926,tput=2.04] rank2[cuda2,share=0.3045,tput=2.90] rank1[cuda1,share=0.3029,tput=5.17]
epoch 75: eval=0.8095
epoch 76: loss=0.481309, train_acc=0.8344, time=10.5s
per-rank: rank0[cuda0,share=0.3924,tput=2.55] rank2[cuda2,share=0.3042,tput=2.26] rank1[cuda1,share=0.3035,tput=3.65]
epoch 76: eval=0.7728
epoch 77: loss=0.484016, train_acc=0.8327, time=11.2s
per-rank: rank0[cuda0,share=0.3941,tput=2.15] rank1[cuda1,share=0.3029,tput=3.78] rank2[cuda2,share=0.3029,tput=4.05]
epoch 77: eval=0.7786
epoch 78: loss=0.482679, train_acc=0.8335, time=10.6s
per-rank: rank0[cuda0,share=0.3955,tput=2.69] rank1[cuda1,share=0.3030,tput=3.72] rank2[cuda2,share=0.3015,tput=2.17]
epoch 78: eval=0.8175
epoch 79: loss=0.485979, train_acc=0.8329, time=12.4s
per-rank: rank0[cuda0,share=0.3976,tput=1.91] rank1[cuda1,share=0.3035,tput=4.66] rank2[cuda2,share=0.2989,tput=3.43]
epoch 79: eval=0.7679
epoch 80: loss=0.474756, train_acc=0.8371, time=11.2s
per-rank: rank0[cuda0,share=0.3980,tput=2.03] rank1[cuda1,share=0.3052,tput=2.51] rank2[cuda2,share=0.2967,tput=3.96]
epoch 80: eval=0.7983
epoch 81: loss=0.482193, train_acc=0.8341, time=11.7s
per-rank: rank0[cuda0,share=0.3978,tput=2.07] rank1[cuda1,share=0.3060,tput=4.47] rank2[cuda2,share=0.2962,tput=3.58]
epoch 81: eval=0.7882
epoch 82: loss=0.473662, train_acc=0.8375, time=11.1s
per-rank: rank0[cuda0,share=0.3989,tput=2.70] rank1[cuda1,share=0.3061,tput=3.16] rank2[cuda2,share=0.2950,tput=2.35]
epoch 82: eval=0.7963
epoch 83: loss=0.474898, train_acc=0.8364, time=9.7s
per-rank: rank0[cuda0,share=0.4007,tput=3.48] rank1[cuda1,share=0.3050,tput=2.93] rank2[cuda2,share=0.2943,tput=2.27]
epoch 83: eval=0.8201
epoch 84: loss=0.477649, train_acc=0.8344, time=9.5s
per-rank: rank0[cuda0,share=0.4025,tput=3.17] rank1[cuda1,share=0.3038,tput=3.49] rank2[cuda2,share=0.2937,tput=2.28]
epoch 84: eval=0.7937
epoch 85: loss=0.467178, train_acc=0.8409, time=9.8s
per-rank: rank0[cuda0,share=0.4061,tput=2.28] rank1[cuda1,share=0.3015,tput=2.21] rank2[cuda2,share=0.2924,tput=5.37]
epoch 85: eval=0.8316
epoch 86: loss=0.473696, train_acc=0.8359, time=9.7s
per-rank: rank0[cuda0,share=0.4076,tput=2.73] rank1[cuda1,share=0.3001,tput=3.53] rank2[cuda2,share=0.2923,tput=2.28]
epoch 86: eval=0.8260
epoch 87: loss=0.469148, train_acc=0.8390, time=9.5s
per-rank: rank0[cuda0,share=0.4091,tput=3.85] rank1[cuda1,share=0.2987,tput=2.55] rank2[cuda2,share=0.2922,tput=2.41]
epoch 87: eval=0.7870
epoch 88: loss=0.475595, train_acc=0.8371, time=12.5s
per-rank: rank0[cuda0,share=0.4108,tput=1.96] rank1[cuda1,share=0.2948,tput=3.74] rank2[cuda2,share=0.2944,tput=4.29]
epoch 88: eval=0.8436
epoch 89: loss=0.482006, train_acc=0.8340, time=11.2s
per-rank: rank0[cuda0,share=0.4108,tput=2.37] rank1[cuda1,share=0.2948,tput=2.51] rank2[cuda2,share=0.2944,tput=3.55]
epoch 89: eval=0.7800
epoch 90: loss=0.467589, train_acc=0.8400, time=11.7s
per-rank: rank0[cuda0,share=0.4137,tput=2.16] rank2[cuda2,share=0.2933,tput=4.73] rank1[cuda1,share=0.2930,tput=3.21]
epoch 90: eval=0.7507
epoch 91: loss=0.457353, train_acc=0.8420, time=11.0s
per-rank: rank0[cuda0,share=0.4144,tput=2.07] rank1[cuda1,share=0.2934,tput=2.53] rank2[cuda2,share=0.2922,tput=3.74]
epoch 91: eval=0.8128
epoch 92: loss=0.468978, train_acc=0.8372, time=12.0s
per-rank: rank0[cuda0,share=0.4141,tput=2.08] rank1[cuda1,share=0.2934,tput=5.46] rank2[cuda2,share=0.2924,tput=3.12]
epoch 92: eval=0.7866
epoch 93: loss=0.466446, train_acc=0.8407, time=11.0s
per-rank: rank0[cuda0,share=0.4146,tput=2.27] rank1[cuda1,share=0.2939,tput=4.00] rank2[cuda2,share=0.2915,tput=2.24]
epoch 93: eval=0.7927
epoch 94: loss=0.470133, train_acc=0.8379, time=9.8s
per-rank: rank0[cuda0,share=0.4141,tput=2.81] rank1[cuda1,share=0.2956,tput=2.72] rank2[cuda2,share=0.2903,tput=2.88]
epoch 94: eval=0.8519
epoch 95: loss=0.467191, train_acc=0.8393, time=9.6s
per-rank: rank0[cuda0,share=0.4115,tput=1.94] rank1[cuda1,share=0.2976,tput=6.08] rank2[cuda2,share=0.2909,tput=2.33]
epoch 95: eval=0.7951
epoch 96: loss=0.472561, train_acc=0.8384, time=9.6s
per-rank: rank0[cuda0,share=0.4088,tput=3.50] rank1[cuda1,share=0.2997,tput=2.39] rank2[cuda2,share=0.2914,tput=3.07]
epoch 96: eval=0.7989
epoch 97: loss=0.460729, train_acc=0.8410, time=9.7s
per-rank: rank0[cuda0,share=0.4034,tput=3.82] rank1[cuda1,share=0.3039,tput=3.16] rank2[cuda2,share=0.2926,tput=1.92]
epoch 97: eval=0.8361
epoch 98: loss=0.454983, train_acc=0.8427, time=11.1s
per-rank: rank0[cuda0,share=0.4013,tput=2.10] rank1[cuda1,share=0.3066,tput=4.19] rank2[cuda2,share=0.2922,tput=3.16]
epoch 98: eval=0.7967
epoch 99: loss=0.463630, train_acc=0.8415, time=10.3s
per-rank: rank0[cuda0,share=0.4015,tput=3.30] rank1[cuda1,share=0.3068,tput=1.97] rank2[cuda2,share=0.2916,tput=3.90]
epoch 99: eval=0.7983
epoch 100: loss=0.315479, train_acc=0.8897, time=9.7s
per-rank: rank0[cuda0,share=0.4043,tput=2.16] rank1[cuda1,share=0.3061,tput=4.99] rank2[cuda2,share=0.2895,tput=2.39]
epoch 100: eval=0.8969
epoch 101: loss=0.248922, train_acc=0.9139, time=13.0s
per-rank: rank0[cuda0,share=0.4040,tput=1.95] rank1[cuda1,share=0.3057,tput=5.16] rank2[cuda2,share=0.2903,tput=3.13]
epoch 101: eval=0.9005
epoch 102: loss=0.235252, train_acc=0.9184, time=11.5s
per-rank: rank0[cuda0,share=0.4065,tput=2.41] rank1[cuda1,share=0.3016,tput=2.62] rank2[cuda2,share=0.2919,tput=3.42]
epoch 102: eval=0.9001
epoch 103: loss=0.226729, train_acc=0.9220, time=9.6s
per-rank: rank0[cuda0,share=0.4085,tput=3.19] rank1[cuda1,share=0.2992,tput=2.49] rank2[cuda2,share=0.2923,tput=2.99]
epoch 103: eval=0.9014
epoch 104: loss=0.221347, train_acc=0.9238, time=9.7s
per-rank: rank0[cuda0,share=0.4104,tput=3.10] rank1[cuda1,share=0.2970,tput=2.38] rank2[cuda2,share=0.2927,tput=3.00]
epoch 104: eval=0.9028
epoch 105: loss=0.214554, train_acc=0.9254, time=12.2s
per-rank: rank0[cuda0,share=0.4122,tput=2.00] rank1[cuda1,share=0.2948,tput=3.45] rank2[cuda2,share=0.2930,tput=4.57]
epoch 105: eval=0.9023
epoch 106: loss=0.208094, train_acc=0.9282, time=10.6s
per-rank: rank0[cuda0,share=0.4134,tput=2.06] rank2[cuda2,share=0.2943,tput=2.49] rank1[cuda1,share=0.2923,tput=4.34]
epoch 106: eval=0.9019
epoch 107: loss=0.205477, train_acc=0.9279, time=9.8s
per-rank: rank0[cuda0,share=0.4123,tput=2.37] rank2[cuda2,share=0.2956,tput=5.02] rank1[cuda1,share=0.2921,tput=2.15]
epoch 107: eval=0.9059
epoch 108: loss=0.201501, train_acc=0.9303, time=9.6s
per-rank: rank0[cuda0,share=0.4112,tput=2.59] rank2[cuda2,share=0.2968,tput=2.29] rank1[cuda1,share=0.2919,tput=4.70]
epoch 108: eval=0.9044
epoch 109: loss=0.196858, train_acc=0.9304, time=9.7s
per-rank: rank0[cuda0,share=0.4095,tput=2.04] rank2[cuda2,share=0.2975,tput=5.92] rank1[cuda1,share=0.2931,tput=2.28]
epoch 109: eval=0.9042
epoch 110: loss=0.192402, train_acc=0.9322, time=12.3s
per-rank: rank0[cuda0,share=0.4083,tput=1.97] rank2[cuda2,share=0.2986,tput=5.11] rank1[cuda1,share=0.2930,tput=3.23]
epoch 110: eval=0.9031
epoch 111: loss=0.191973, train_acc=0.9317, time=11.1s
per-rank: rank0[cuda0,share=0.4079,tput=2.11] rank2[cuda2,share=0.2986,tput=3.14] rank1[cuda1,share=0.2935,tput=2.86]
epoch 111: eval=0.9075
epoch 112: loss=0.186755, train_acc=0.9348, time=11.8s
per-rank: rank0[cuda0,share=0.4074,tput=2.06] rank2[cuda2,share=0.2989,tput=4.21] rank1[cuda1,share=0.2937,tput=3.49]
epoch 112: eval=0.9036
epoch 113: loss=0.187605, train_acc=0.9332, time=10.8s
per-rank: rank0[cuda0,share=0.4074,tput=1.84] rank2[cuda2,share=0.2989,tput=3.94] rank1[cuda1,share=0.2937,tput=2.58]
epoch 113: eval=0.9008
epoch 114: loss=0.183011, train_acc=0.9355, time=11.8s
per-rank: rank0[cuda0,share=0.4042,tput=2.06] rank2[cuda2,share=0.3005,tput=4.58] rank1[cuda1,share=0.2953,tput=3.22]
epoch 114: eval=0.9056
epoch 115: loss=0.179998, train_acc=0.9370, time=10.6s
per-rank: rank0[cuda0,share=0.4026,tput=2.72] rank2[cuda2,share=0.3014,tput=3.46] rank1[cuda1,share=0.2960,tput=2.53]
epoch 115: eval=0.9049
epoch 116: loss=0.177356, train_acc=0.9383, time=9.6s
per-rank: rank0[cuda0,share=0.4010,tput=3.13] rank2[cuda2,share=0.3022,tput=2.14] rank1[cuda1,share=0.2968,tput=4.48]
epoch 116: eval=0.9017
epoch 117: loss=0.176464, train_acc=0.9387, time=9.6s
per-rank: rank0[cuda0,share=0.3993,tput=2.32] rank2[cuda2,share=0.3031,tput=2.29] rank1[cuda1,share=0.2977,tput=5.47]
epoch 117: eval=0.9038
epoch 118: loss=0.174301, train_acc=0.9394, time=9.6s
per-rank: rank0[cuda0,share=0.3976,tput=3.55] rank2[cuda2,share=0.3039,tput=2.20] rank1[cuda1,share=0.2985,tput=3.10]
epoch 118: eval=0.9025
epoch 119: loss=0.172632, train_acc=0.9392, time=9.8s
per-rank: rank0[cuda0,share=0.3984,tput=1.91] rank2[cuda2,share=0.3029,tput=2.45] rank1[cuda1,share=0.2987,tput=4.91]
epoch 119: eval=0.9028
epoch 120: loss=0.169489, train_acc=0.9400, time=12.2s
per-rank: rank0[cuda0,share=0.3974,tput=2.03] rank2[cuda2,share=0.3038,tput=4.90] rank1[cuda1,share=0.2988,tput=3.18]
epoch 120: eval=0.9045
epoch 121: loss=0.162693, train_acc=0.9427, time=10.9s
per-rank: rank0[cuda0,share=0.3963,tput=2.76] rank2[cuda2,share=0.3046,tput=2.26] rank1[cuda1,share=0.2991,tput=3.63]
epoch 121: eval=0.9023
epoch 122: loss=0.166572, train_acc=0.9416, time=9.9s
per-rank: rank0[cuda0,share=0.3972,tput=4.15] rank2[cuda2,share=0.3051,tput=2.34] rank1[cuda1,share=0.2977,tput=2.90]
epoch 122: eval=0.8997
epoch 123: loss=0.164365, train_acc=0.9421, time=9.6s
per-rank: rank0[cuda0,share=0.3980,tput=3.27] rank2[cuda2,share=0.3057,tput=1.89] rank1[cuda1,share=0.2963,tput=4.00]
epoch 123: eval=0.9038
epoch 124: loss=0.160169, train_acc=0.9441, time=9.6s
per-rank: rank0[cuda0,share=0.3996,tput=3.01] rank2[cuda2,share=0.3052,tput=1.91] rank1[cuda1,share=0.2952,tput=3.84]
epoch 124: eval=0.9082
epoch 125: loss=0.161662, train_acc=0.9429, time=12.5s
per-rank: rank0[cuda0,share=0.4016,tput=1.94] rank2[cuda2,share=0.3035,tput=4.62] rank1[cuda1,share=0.2949,tput=3.36]
epoch 125: eval=0.9043
epoch 126: loss=0.159273, train_acc=0.9435, time=11.2s
per-rank: rank0[cuda0,share=0.4021,tput=2.00] rank2[cuda2,share=0.3026,tput=4.01] rank1[cuda1,share=0.2953,tput=2.48]
epoch 126: eval=0.9021
epoch 127: loss=0.159176, train_acc=0.9437, time=9.6s
per-rank: rank0[cuda0,share=0.4010,tput=3.34] rank2[cuda2,share=0.3022,tput=2.40] rank1[cuda1,share=0.2968,tput=2.99]
epoch 127: eval=0.9000
epoch 128: loss=0.158122, train_acc=0.9448, time=12.0s
per-rank: rank0[cuda0,share=0.3995,tput=1.99] rank2[cuda2,share=0.3021,tput=4.33] rank1[cuda1,share=0.2984,tput=3.52]
epoch 128: eval=0.9082
epoch 129: loss=0.154654, train_acc=0.9462, time=11.2s
per-rank: rank0[cuda0,share=0.3991,tput=2.44] rank2[cuda2,share=0.3023,tput=3.51] rank1[cuda1,share=0.2986,tput=2.33]
epoch 129: eval=0.9021
epoch 130: loss=0.150234, train_acc=0.9475, time=9.6s
per-rank: rank0[cuda0,share=0.3980,tput=3.94] rank2[cuda2,share=0.3020,tput=3.77] rank1[cuda1,share=0.3000,tput=2.27]
epoch 130: eval=0.8990
epoch 131: loss=0.154162, train_acc=0.9460, time=11.6s
per-rank: rank0[cuda0,share=0.3991,tput=2.03] rank1[cuda1,share=0.3010,tput=5.36] rank2[cuda2,share=0.2999,tput=2.76]
epoch 131: eval=0.9016
epoch 132: loss=0.150451, train_acc=0.9472, time=10.7s
per-rank: rank0[cuda0,share=0.4000,tput=2.51] rank1[cuda1,share=0.3012,tput=2.80] rank2[cuda2,share=0.2987,tput=3.03]
epoch 132: eval=0.9048
epoch 133: loss=0.150178, train_acc=0.9471, time=9.6s
per-rank: rank0[cuda0,share=0.3995,tput=3.42] rank1[cuda1,share=0.3025,tput=2.53] rank2[cuda2,share=0.2980,tput=2.76]
epoch 133: eval=0.8988
epoch 134: loss=0.153775, train_acc=0.9459, time=9.7s
per-rank: rank0[cuda0,share=0.4006,tput=2.50] rank1[cuda1,share=0.3029,tput=2.32] rank2[cuda2,share=0.2965,tput=5.14]
epoch 134: eval=0.8988
epoch 135: loss=0.150480, train_acc=0.9469, time=9.8s
per-rank: rank0[cuda0,share=0.4028,tput=3.02] rank1[cuda1,share=0.3037,tput=2.23] rank2[cuda2,share=0.2935,tput=3.25]
epoch 135: eval=0.9044
epoch 136: loss=0.146200, train_acc=0.9484, time=9.7s
per-rank: rank0[cuda0,share=0.4045,tput=2.28] rank1[cuda1,share=0.3031,tput=4.20] rank2[cuda2,share=0.2924,tput=2.67]
epoch 136: eval=0.9021
epoch 137: loss=0.148901, train_acc=0.9477, time=12.9s
per-rank: rank0[cuda0,share=0.4067,tput=1.90] rank1[cuda1,share=0.3042,tput=3.52] rank2[cuda2,share=0.2891,tput=4.68]
epoch 137: eval=0.9030
epoch 138: loss=0.150586, train_acc=0.9473, time=11.9s
per-rank: rank0[cuda0,share=0.4066,tput=1.88] rank1[cuda1,share=0.3047,tput=4.27] rank2[cuda2,share=0.2887,tput=2.45]
epoch 138: eval=0.9044
epoch 139: loss=0.144715, train_acc=0.9486, time=10.1s
per-rank: rank0[cuda0,share=0.4039,tput=2.29] rank1[cuda1,share=0.3056,tput=3.61] rank2[cuda2,share=0.2905,tput=2.49]
epoch 139: eval=0.9039
epoch 140: loss=0.146889, train_acc=0.9475, time=11.0s
per-rank: rank0[cuda0,share=0.3965,tput=2.13] rank1[cuda1,share=0.3073,tput=2.95] rank2[cuda2,share=0.2962,tput=4.80]
epoch 140: eval=0.9020
epoch 141: loss=0.143025, train_acc=0.9490, time=10.5s
per-rank: rank0[cuda0,share=0.3931,tput=3.00] rank1[cuda1,share=0.3074,tput=2.24] rank2[cuda2,share=0.2996,tput=3.39]
epoch 141: eval=0.9011
epoch 142: loss=0.146720, train_acc=0.9494, time=9.7s
per-rank: rank0[cuda0,share=0.3903,tput=3.36] rank1[cuda1,share=0.3061,tput=2.24] rank2[cuda2,share=0.3035,tput=3.95]
epoch 142: eval=0.9003
epoch 143: loss=0.142002, train_acc=0.9510, time=11.5s
per-rank: rank0[cuda0,share=0.3917,tput=2.15] rank1[cuda1,share=0.3046,tput=3.68] rank2[cuda2,share=0.3037,tput=4.62]
epoch 143: eval=0.9071
epoch 144: loss=0.143115, train_acc=0.9488, time=11.0s
per-rank: rank0[cuda0,share=0.3921,tput=2.42] rank1[cuda1,share=0.3046,tput=3.96] rank2[cuda2,share=0.3034,tput=2.11]
epoch 144: eval=0.9020
epoch 145: loss=0.146080, train_acc=0.9493, time=9.7s
per-rank: rank0[cuda0,share=0.3954,tput=3.43] rank1[cuda1,share=0.3039,tput=3.24] rank2[cuda2,share=0.3007,tput=2.02]
epoch 145: eval=0.8982
epoch 146: loss=0.144987, train_acc=0.9479, time=13.1s
per-rank: rank0[cuda0,share=0.4023,tput=1.91] rank1[cuda1,share=0.3032,tput=5.16] rank2[cuda2,share=0.2945,tput=3.21]
epoch 146: eval=0.9022
epoch 147: loss=0.146347, train_acc=0.9478, time=12.8s
per-rank: rank0[cuda0,share=0.4041,tput=1.75] rank1[cuda1,share=0.3041,tput=4.06] rank2[cuda2,share=0.2918,tput=2.75]
epoch 147: eval=0.8979
epoch 148: loss=0.143728, train_acc=0.9487, time=10.4s
per-rank: rank0[cuda0,share=0.4048,tput=2.18] rank1[cuda1,share=0.3047,tput=2.47] rank2[cuda2,share=0.2906,tput=3.92]
epoch 148: eval=0.8970
epoch 149: loss=0.135311, train_acc=0.9525, time=11.5s
per-rank: rank0[cuda0,share=0.4004,tput=1.97] rank1[cuda1,share=0.3068,tput=4.23] rank2[cuda2,share=0.2927,tput=3.29]
epoch 149: eval=0.9018
epoch 150: loss=0.116463, train_acc=0.9593, time=10.5s
per-rank: rank0[cuda0,share=0.3935,tput=3.36] rank1[cuda1,share=0.3110,tput=2.61] rank2[cuda2,share=0.2955,tput=2.91]
epoch 150: eval=0.9140
epoch 151: loss=0.091646, train_acc=0.9689, time=9.7s
per-rank: rank0[cuda0,share=0.3904,tput=3.61] rank1[cuda1,share=0.3120,tput=2.88] rank2[cuda2,share=0.2976,tput=2.25]
epoch 151: eval=0.9152
epoch 152: loss=0.089413, train_acc=0.9700, time=9.6s
per-rank: rank0[cuda0,share=0.3879,tput=2.26] rank1[cuda1,share=0.3130,tput=2.22] rank2[cuda2,share=0.2991,tput=5.70]
epoch 152: eval=0.9161
epoch 153: loss=0.085126, train_acc=0.9715, time=9.7s
per-rank: rank0[cuda0,share=0.3892,tput=2.03] rank1[cuda1,share=0.3076,tput=6.09] rank2[cuda2,share=0.3032,tput=2.20]
epoch 153: eval=0.9155
epoch 154: loss=0.085562, train_acc=0.9713, time=9.7s
per-rank: rank0[cuda0,share=0.3930,tput=3.28] rank1[cuda1,share=0.3051,tput=3.49] rank2[cuda2,share=0.3018,tput=2.17]
epoch 154: eval=0.9140
epoch 155: loss=0.083564, train_acc=0.9726, time=9.9s
per-rank: rank0[cuda0,share=0.3981,tput=1.85] rank1[cuda1,share=0.3026,tput=6.85] rank2[cuda2,share=0.2993,tput=2.16]
epoch 155: eval=0.9166
epoch 156: loss=0.081264, train_acc=0.9726, time=9.7s
per-rank: rank0[cuda0,share=0.4022,tput=3.74] rank1[cuda1,share=0.3008,tput=2.30] rank2[cuda2,share=0.2969,tput=3.11]
epoch 156: eval=0.9141
epoch 157: loss=0.080789, train_acc=0.9731, time=9.8s
per-rank: rank0[cuda0,share=0.4024,tput=2.17] rank1[cuda1,share=0.3011,tput=2.46] rank2[cuda2,share=0.2965,tput=4.99]
epoch 157: eval=0.9141
epoch 158: loss=0.081452, train_acc=0.9724, time=9.5s
per-rank: rank0[cuda0,share=0.4028,tput=3.31] rank1[cuda1,share=0.3015,tput=3.40] rank2[cuda2,share=0.2957,tput=2.08]
epoch 158: eval=0.9166
epoch 159: loss=0.079658, train_acc=0.9739, time=12.8s
per-rank: rank0[cuda0,share=0.3992,tput=1.91] rank1[cuda1,share=0.3060,tput=4.15] rank2[cuda2,share=0.2948,tput=3.62]
epoch 159: eval=0.9152
epoch 160: loss=0.078846, train_acc=0.9736, time=12.0s
per-rank: rank0[cuda0,share=0.3973,tput=1.66] rank1[cuda1,share=0.3078,tput=4.02] rank2[cuda2,share=0.2950,tput=2.64]
epoch 160: eval=0.9153
epoch 161: loss=0.078915, train_acc=0.9749, time=10.2s
per-rank: rank0[cuda0,share=0.3932,tput=2.99] rank1[cuda1,share=0.3097,tput=2.40] rank2[cuda2,share=0.2971,tput=3.23]
epoch 161: eval=0.9143
epoch 162: loss=0.075168, train_acc=0.9751, time=9.7s
per-rank: rank0[cuda0,share=0.3874,tput=2.87] rank1[cuda1,share=0.3125,tput=5.26] rank2[cuda2,share=0.3001,tput=1.99]
epoch 162: eval=0.9164
epoch 163: loss=0.076241, train_acc=0.9743, time=12.0s
per-rank: rank0[cuda0,share=0.3788,tput=1.84] rank1[cuda1,share=0.3161,tput=4.98] rank2[cuda2,share=0.3051,tput=3.02]
epoch 163: eval=0.9153
epoch 164: loss=0.076362, train_acc=0.9743, time=10.8s
per-rank: rank0[cuda0,share=0.3770,tput=2.36] rank1[cuda1,share=0.3168,tput=2.38] rank2[cuda2,share=0.3063,tput=3.97]
epoch 164: eval=0.9141
epoch 165: loss=0.075973, train_acc=0.9750, time=11.3s
per-rank: rank0[cuda0,share=0.3716,tput=2.03] rank1[cuda1,share=0.3197,tput=3.40] rank2[cuda2,share=0.3088,tput=4.49]
epoch 165: eval=0.9174
epoch 166: loss=0.074007, train_acc=0.9754, time=10.8s
per-rank: rank0[cuda0,share=0.3745,tput=2.54] rank1[cuda1,share=0.3197,tput=2.37] rank2[cuda2,share=0.3058,tput=3.45]
epoch 166: eval=0.9141
epoch 167: loss=0.075419, train_acc=0.9744, time=11.4s
per-rank: rank0[cuda0,share=0.3834,tput=2.02] rank1[cuda1,share=0.3154,tput=4.72] rank2[cuda2,share=0.3012,tput=3.07]
epoch 167: eval=0.9143
epoch 168: loss=0.072561, train_acc=0.9759, time=10.5s
per-rank: rank0[cuda0,share=0.3871,tput=2.51] rank1[cuda1,share=0.3132,tput=3.68] rank2[cuda2,share=0.2996,tput=2.33]
epoch 168: eval=0.9138
epoch 169: loss=0.072774, train_acc=0.9762, time=12.3s
per-rank: rank0[cuda0,share=0.3984,tput=1.98] rank1[cuda1,share=0.3105,tput=4.99] rank2[cuda2,share=0.2911,tput=3.12]
epoch 169: eval=0.9145
epoch 170: loss=0.075915, train_acc=0.9742, time=11.2s
per-rank: rank0[cuda0,share=0.4029,tput=2.20] rank1[cuda1,share=0.3095,tput=3.85] rank2[cuda2,share=0.2877,tput=2.36]
epoch 170: eval=0.9150
epoch 171: loss=0.072089, train_acc=0.9763, time=12.4s
per-rank: rank0[cuda0,share=0.4040,tput=1.93] rank1[cuda1,share=0.3094,tput=3.14] rank2[cuda2,share=0.2866,tput=4.99]
epoch 171: eval=0.9170
epoch 172: loss=0.070502, train_acc=0.9764, time=11.1s
per-rank: rank0[cuda0,share=0.3988,tput=1.82] rank1[cuda1,share=0.3108,tput=3.58] rank2[cuda2,share=0.2904,tput=3.00]
epoch 172: eval=0.9143
epoch 173: loss=0.070121, train_acc=0.9763, time=9.8s
per-rank: rank0[cuda0,share=0.3918,tput=3.35] rank1[cuda1,share=0.3094,tput=2.17] rank2[cuda2,share=0.2989,tput=3.07]
epoch 173: eval=0.9154
epoch 174: loss=0.071445, train_acc=0.9757, time=12.1s
per-rank: rank0[cuda0,share=0.3845,tput=1.88] rank1[cuda1,share=0.3078,tput=4.94] rank2[cuda2,share=0.3078,tput=2.99]
epoch 174: eval=0.9152
epoch 175: loss=0.069927, train_acc=0.9767, time=11.0s
per-rank: rank0[cuda0,share=0.3855,tput=2.37] rank1[cuda1,share=0.3082,tput=2.49] rank2[cuda2,share=0.3062,tput=3.53]
epoch 175: eval=0.9168
epoch 176: loss=0.067656, train_acc=0.9780, time=11.8s
per-rank: rank0[cuda0,share=0.3850,tput=1.99] rank1[cuda1,share=0.3118,tput=3.33] rank2[cuda2,share=0.3032,tput=4.60]
epoch 176: eval=0.9173
epoch 177: loss=0.065980, train_acc=0.9780, time=10.8s
per-rank: rank0[cuda0,share=0.3908,tput=2.99] rank1[cuda1,share=0.3110,tput=2.51] rank2[cuda2,share=0.2982,tput=3.21]
epoch 177: eval=0.9155
epoch 178: loss=0.069655, train_acc=0.9762, time=9.8s
per-rank: rank0[cuda0,share=0.3978,tput=2.21] rank1[cuda1,share=0.3104,tput=2.39] rank2[cuda2,share=0.2918,tput=5.72]
epoch 178: eval=0.9148
epoch 179: loss=0.068292, train_acc=0.9777, time=9.8s
per-rank: rank0[cuda0,share=0.4058,tput=2.95] rank1[cuda1,share=0.3061,tput=2.15] rank2[cuda2,share=0.2881,tput=4.65]
epoch 179: eval=0.9140
epoch 180: loss=0.066512, train_acc=0.9778, time=9.7s
per-rank: rank0[cuda0,share=0.4068,tput=3.22] rank1[cuda1,share=0.3005,tput=4.15] rank2[cuda2,share=0.2927,tput=2.37]
epoch 180: eval=0.9141
epoch 181: loss=0.066147, train_acc=0.9786, time=9.6s
per-rank: rank0[cuda0,share=0.4138,tput=2.33] rank1[cuda1,share=0.2994,tput=2.71] rank2[cuda2,share=0.2867,tput=4.28]
epoch 181: eval=0.9150
epoch 182: loss=0.065771, train_acc=0.9782, time=11.9s
per-rank: rank0[cuda0,share=0.4188,tput=2.12] rank1[cuda1,share=0.3103,tput=3.28] rank2[cuda2,share=0.2709,tput=4.99]
epoch 182: eval=0.9141
epoch 183: loss=0.066009, train_acc=0.9787, time=11.0s
per-rank: rank0[cuda0,share=0.4185,tput=2.09] rank1[cuda1,share=0.3089,tput=3.77] rank2[cuda2,share=0.2726,tput=2.60]
epoch 183: eval=0.9144
epoch 184: loss=0.067028, train_acc=0.9780, time=9.8s
per-rank: rank0[cuda0,share=0.3750,tput=2.85] rank1[cuda1,share=0.3268,tput=3.65] rank2[cuda2,share=0.2982,tput=2.18]
epoch 184: eval=0.9159
epoch 185: loss=0.063078, train_acc=0.9792, time=10.0s
per-rank: rank0[cuda0,share=0.4102,tput=4.05] rank1[cuda1,share=0.3100,tput=2.19] rank2[cuda2,share=0.2798,tput=2.98]
epoch 185: eval=0.9147
epoch 186: loss=0.064319, train_acc=0.9777, time=12.0s
per-rank: rank0[cuda0,share=0.4152,tput=2.05] rank2[cuda2,share=0.3087,tput=3.74] rank1[cuda1,share=0.2761,tput=4.21]
epoch 186: eval=0.9132
epoch 187: loss=0.066744, train_acc=0.9772, time=11.1s
per-rank: rank0[cuda0,share=0.3919,tput=2.20] rank2[cuda2,share=0.3104,tput=3.47] rank1[cuda1,share=0.2977,tput=2.45]
epoch 187: eval=0.9139
epoch 188: loss=0.063255, train_acc=0.9788, time=11.7s
per-rank: rank0[cuda0,share=0.4146,tput=2.09] rank2[cuda2,share=0.2940,tput=4.82] rank1[cuda1,share=0.2915,tput=3.12]
epoch 188: eval=0.9143
epoch 189: loss=0.061063, train_acc=0.9796, time=11.1s
per-rank: rank0[cuda0,share=0.4263,tput=2.63] rank2[cuda2,share=0.2926,tput=3.61] rank1[cuda1,share=0.2811,tput=2.29]
epoch 189: eval=0.9142
epoch 190: loss=0.064365, train_acc=0.9781, time=9.8s
per-rank: rank0[cuda0,share=0.4286,tput=2.63] rank1[cuda1,share=0.2918,tput=6.25] rank2[cuda2,share=0.2797,tput=1.93]
epoch 190: eval=0.9151
epoch 191: loss=0.062898, train_acc=0.9792, time=9.9s
per-rank: rank0[cuda0,share=0.4344,tput=3.06] rank1[cuda1,share=0.2936,tput=3.12] rank2[cuda2,share=0.2721,tput=2.25]
epoch 191: eval=0.9153
epoch 192: loss=0.060737, train_acc=0.9800, time=9.9s
per-rank: rank0[cuda0,share=0.4086,tput=2.72] rank1[cuda1,share=0.3147,tput=2.64] rank2[cuda2,share=0.2766,tput=4.67]
epoch 192: eval=0.9142
epoch 193: loss=0.062504, train_acc=0.9794, time=10.0s
per-rank: rank0[cuda0,share=0.4221,tput=3.16] rank1[cuda1,share=0.3015,tput=2.31] rank2[cuda2,share=0.2764,tput=3.45]
epoch 193: eval=0.9144
epoch 194: loss=0.060978, train_acc=0.9794, time=9.9s
per-rank: rank0[cuda0,share=0.4048,tput=3.29] rank1[cuda1,share=0.3218,tput=2.47] rank2[cuda2,share=0.2734,tput=4.17]
epoch 194: eval=0.9162
epoch 195: loss=0.061161, train_acc=0.9797, time=9.8s
per-rank: rank0[cuda0,share=0.3787,tput=3.06] rank1[cuda1,share=0.3262,tput=3.43] rank2[cuda2,share=0.2950,tput=2.25]
epoch 195: eval=0.9134
epoch 196: loss=0.060086, train_acc=0.9796, time=9.9s
per-rank: rank0[cuda0,share=0.3881,tput=2.27] rank1[cuda1,share=0.3153,tput=5.53] rank2[cuda2,share=0.2966,tput=2.13]
epoch 196: eval=0.9153
epoch 197: loss=0.060730, train_acc=0.9797, time=10.1s
per-rank: rank0[cuda0,share=0.3915,tput=2.85] rank2[cuda2,share=0.3095,tput=2.32] rank1[cuda1,share=0.2989,tput=3.28]
epoch 197: eval=0.9156
epoch 198: loss=0.058651, train_acc=0.9806, time=9.9s
per-rank: rank0[cuda0,share=0.4101,tput=2.38] rank2[cuda2,share=0.3018,tput=2.23] rank1[cuda1,share=0.2880,tput=5.84]
epoch 198: eval=0.9143
epoch 199: loss=0.060433, train_acc=0.9791, time=10.9s
per-rank: rank0[cuda0,share=0.4020,tput=2.39] rank1[cuda1,share=0.2998,tput=5.78] rank2[cuda2,share=0.2982,tput=2.97]
final eval=0.9132
# total: 1927.5s (32m 7s)
