# gpu0: NVIDIA GeForce RTX 5060 Ti (15GB, sm_120)
# gpu1: NVIDIA GeForce GTX 1060 6GB (5GB, sm_61)
# gpu2: NVIDIA GeForce GTX 1060 6GB (5GB, sm_61)
epoch 0: loss=2.004240, train_acc=0.2441, time=9.6s
per-rank: rank0[cuda0,share=0.4032,tput=4.63] rank1[cuda1,share=0.3028,tput=2.34] rank2[cuda2,share=0.2940,tput=3.49]
epoch 0: eval=0.2843
epoch 1: loss=1.656456, train_acc=0.3801, time=9.5s
per-rank: rank0[cuda0,share=0.4103,tput=2.26] rank1[cuda1,share=0.3043,tput=2.53] rank2[cuda2,share=0.2853,tput=5.69]
epoch 1: eval=0.4620
epoch 2: loss=1.464456, train_acc=0.4665, time=9.2s
per-rank: rank0[cuda0,share=0.4089,tput=3.08] rank1[cuda1,share=0.3032,tput=2.43] rank2[cuda2,share=0.2879,tput=3.94]
epoch 2: eval=0.4089
epoch 3: loss=1.292468, train_acc=0.5349, time=9.1s
per-rank: rank0[cuda0,share=0.3829,tput=4.28] rank1[cuda1,share=0.3174,tput=4.47] rank2[cuda2,share=0.2997,tput=2.34]
epoch 3: eval=0.5309
epoch 4: loss=1.154919, train_acc=0.5855, time=9.1s
per-rank: rank0[cuda0,share=0.4000,tput=3.97] rank1[cuda1,share=0.3020,tput=3.26] rank2[cuda2,share=0.2980,tput=2.30]
epoch 4: eval=0.5062
epoch 5: loss=1.049032, train_acc=0.6272, time=9.2s
per-rank: rank0[cuda0,share=0.4008,tput=2.76] rank1[cuda1,share=0.3031,tput=4.14] rank2[cuda2,share=0.2961,tput=2.46]
epoch 5: eval=0.6348
epoch 6: loss=0.952377, train_acc=0.6629, time=9.4s
per-rank: rank0[cuda0,share=0.3736,tput=3.46] rank1[cuda1,share=0.3257,tput=2.51] rank2[cuda2,share=0.3007,tput=3.28]
epoch 6: eval=0.6356
epoch 7: loss=0.878078, train_acc=0.6925, time=10.7s
per-rank: rank0[cuda0,share=0.4037,tput=2.29] rank1[cuda1,share=0.2982,tput=3.60] rank2[cuda2,share=0.2982,tput=4.47]
epoch 7: eval=0.4982
epoch 8: loss=0.824240, train_acc=0.7116, time=10.3s
per-rank: rank0[cuda0,share=0.4238,tput=2.83] rank2[cuda2,share=0.2982,tput=2.65] rank1[cuda1,share=0.2780,tput=3.24]
epoch 8: eval=0.6658
epoch 9: loss=0.770641, train_acc=0.7316, time=11.6s
per-rank: rank0[cuda0,share=0.4144,tput=2.25] rank1[cuda1,share=0.3000,tput=4.21] rank2[cuda2,share=0.2856,tput=4.71]
epoch 9: eval=0.7258
epoch 10: loss=0.737805, train_acc=0.7443, time=11.2s
per-rank: rank0[cuda0,share=0.4072,tput=1.92] rank1[cuda1,share=0.3070,tput=3.86] rank2[cuda2,share=0.2857,tput=2.87]
epoch 10: eval=0.7460
epoch 11: loss=0.704652, train_acc=0.7547, time=9.5s
per-rank: rank0[cuda0,share=0.3677,tput=2.87] rank1[cuda1,share=0.3281,tput=2.52] rank2[cuda2,share=0.3042,tput=3.77]
epoch 11: eval=0.7251
epoch 12: loss=0.689505, train_acc=0.7596, time=9.2s
per-rank: rank0[cuda0,share=0.3569,tput=2.97] rank1[cuda1,share=0.3288,tput=2.47] rank2[cuda2,share=0.3143,tput=3.86]
epoch 12: eval=0.7410
epoch 13: loss=0.669123, train_acc=0.7685, time=10.3s
per-rank: rank0[cuda0,share=0.3660,tput=2.09] rank1[cuda1,share=0.3284,tput=5.16] rank2[cuda2,share=0.3056,tput=3.20]
epoch 13: eval=0.7668
epoch 14: loss=0.647669, train_acc=0.7759, time=10.8s
per-rank: rank0[cuda0,share=0.3759,tput=2.64] rank1[cuda1,share=0.3214,tput=2.05] rank2[cuda2,share=0.3027,tput=3.32]
epoch 14: eval=0.7825
epoch 15: loss=0.640955, train_acc=0.7787, time=9.2s
per-rank: rank0[cuda0,share=0.3865,tput=3.43] rank2[cuda2,share=0.3080,tput=2.31] rank1[cuda1,share=0.3055,tput=3.63]
epoch 15: eval=0.7739
epoch 16: loss=0.621178, train_acc=0.7845, time=9.2s
per-rank: rank0[cuda0,share=0.4020,tput=3.73] rank2[cuda2,share=0.2998,tput=2.20] rank1[cuda1,share=0.2981,tput=3.40]
epoch 16: eval=0.7547
epoch 17: loss=0.608860, train_acc=0.7899, time=9.3s
per-rank: rank0[cuda0,share=0.4019,tput=2.10] rank1[cuda1,share=0.3065,tput=6.34] rank2[cuda2,share=0.2916,tput=2.41]
epoch 17: eval=0.6602
epoch 18: loss=0.595113, train_acc=0.7942, time=9.4s
per-rank: rank0[cuda0,share=0.3685,tput=2.46] rank1[cuda1,share=0.3187,tput=3.67] rank2[cuda2,share=0.3128,tput=2.73]
epoch 18: eval=0.7540
epoch 19: loss=0.588759, train_acc=0.7968, time=9.2s
per-rank: rank0[cuda0,share=0.3723,tput=2.98] rank1[cuda1,share=0.3165,tput=2.21] rank2[cuda2,share=0.3112,tput=4.34]
epoch 19: eval=0.7848
epoch 20: loss=0.581549, train_acc=0.7974, time=11.9s
per-rank: rank0[cuda0,share=0.4082,tput=2.13] rank2[cuda2,share=0.2967,tput=3.83] rank1[cuda1,share=0.2951,tput=4.62]
epoch 20: eval=0.7224
epoch 21: loss=0.569260, train_acc=0.8047, time=11.0s
per-rank: rank0[cuda0,share=0.4109,tput=1.98] rank2[cuda2,share=0.2980,tput=2.66] rank1[cuda1,share=0.2911,tput=4.26]
epoch 21: eval=0.7987
epoch 22: loss=0.554082, train_acc=0.8096, time=9.6s
per-rank: rank0[cuda0,share=0.3961,tput=3.06] rank1[cuda1,share=0.3049,tput=3.59] rank2[cuda2,share=0.2990,tput=2.19]
epoch 22: eval=0.7571
epoch 23: loss=0.549575, train_acc=0.8098, time=9.2s
per-rank: rank0[cuda0,share=0.4012,tput=2.51] rank1[cuda1,share=0.3004,tput=5.05] rank2[cuda2,share=0.2984,tput=2.48]
epoch 23: eval=0.7953
epoch 24: loss=0.543000, train_acc=0.8128, time=11.2s
per-rank: rank0[cuda0,share=0.4057,tput=2.17] rank2[cuda2,share=0.3074,tput=3.73] rank1[cuda1,share=0.2869,tput=4.82]
epoch 24: eval=0.7438
epoch 25: loss=0.541333, train_acc=0.8122, time=10.3s
per-rank: rank0[cuda0,share=0.4022,tput=2.50] rank1[cuda1,share=0.3011,tput=4.29] rank2[cuda2,share=0.2967,tput=2.40]
epoch 25: eval=0.8207
epoch 26: loss=0.532697, train_acc=0.8170, time=9.2s
per-rank: rank0[cuda0,share=0.4032,tput=2.52] rank1[cuda1,share=0.3088,tput=2.35] rank2[cuda2,share=0.2880,tput=6.30]
epoch 26: eval=0.7483
epoch 27: loss=0.522875, train_acc=0.8183, time=9.3s
per-rank: rank0[cuda0,share=0.3729,tput=3.07] rank1[cuda1,share=0.3159,tput=3.83] rank2[cuda2,share=0.3112,tput=2.38]
epoch 27: eval=0.5913
epoch 28: loss=0.526013, train_acc=0.8198, time=9.4s
per-rank: rank0[cuda0,share=0.3871,tput=2.70] rank1[cuda1,share=0.3085,tput=5.28] rank2[cuda2,share=0.3044,tput=2.27]
epoch 28: eval=0.8337
epoch 29: loss=0.520164, train_acc=0.8204, time=9.3s
per-rank: rank0[cuda0,share=0.4043,tput=3.23] rank2[cuda2,share=0.3000,tput=2.32] rank1[cuda1,share=0.2957,tput=3.66]
epoch 29: eval=0.7627
epoch 30: loss=0.508343, train_acc=0.8229, time=9.2s
per-rank: rank0[cuda0,share=0.3928,tput=2.45] rank1[cuda1,share=0.3115,tput=5.74] rank2[cuda2,share=0.2957,tput=2.44]
epoch 30: eval=0.7930
epoch 31: loss=0.502326, train_acc=0.8267, time=9.3s
per-rank: rank0[cuda0,share=0.3898,tput=3.55] rank1[cuda1,share=0.3202,tput=3.49] rank2[cuda2,share=0.2900,tput=2.21]
epoch 31: eval=0.7459
epoch 32: loss=0.496060, train_acc=0.8278, time=12.1s
per-rank: rank0[cuda0,share=0.3777,tput=2.00] rank1[cuda1,share=0.3124,tput=3.30] rank2[cuda2,share=0.3099,tput=5.18]
epoch 32: eval=0.7999
epoch 33: loss=0.499765, train_acc=0.8298, time=10.6s
per-rank: rank0[cuda0,share=0.3691,tput=2.10] rank1[cuda1,share=0.3166,tput=2.91] rank2[cuda2,share=0.3143,tput=3.88]
epoch 33: eval=0.8018
epoch 34: loss=0.506748, train_acc=0.8275, time=9.3s
per-rank: rank0[cuda0,share=0.3649,tput=2.24] rank1[cuda1,share=0.3260,tput=6.24] rank2[cuda2,share=0.3091,tput=2.20]
epoch 34: eval=0.6960
epoch 35: loss=0.495909, train_acc=0.8285, time=9.4s
per-rank: rank0[cuda0,share=0.3889,tput=3.83] rank1[cuda1,share=0.3112,tput=2.84] rank2[cuda2,share=0.2999,tput=2.59]
epoch 35: eval=0.7555
epoch 36: loss=0.490983, train_acc=0.8299, time=9.1s
per-rank: rank0[cuda0,share=0.4064,tput=3.64] rank2[cuda2,share=0.3006,tput=2.21] rank1[cuda1,share=0.2930,tput=3.54]
epoch 36: eval=0.7772
epoch 37: loss=0.497427, train_acc=0.8286, time=9.2s
per-rank: rank0[cuda0,share=0.4127,tput=3.37] rank1[cuda1,share=0.2994,tput=2.39] rank2[cuda2,share=0.2879,tput=3.54]
epoch 37: eval=0.8167
epoch 38: loss=0.483095, train_acc=0.8334, time=11.2s
per-rank: rank0[cuda0,share=0.4213,tput=2.27] rank1[cuda1,share=0.2964,tput=3.55] rank2[cuda2,share=0.2822,tput=4.96]
epoch 38: eval=0.7471
epoch 39: loss=0.483677, train_acc=0.8335, time=10.3s
per-rank: rank0[cuda0,share=0.4287,tput=2.73] rank1[cuda1,share=0.3026,tput=4.36] rank2[cuda2,share=0.2687,tput=2.21]
epoch 39: eval=0.7731
epoch 40: loss=0.472908, train_acc=0.8355, time=9.5s
per-rank: rank0[cuda0,share=0.4155,tput=2.11] rank1[cuda1,share=0.3000,tput=2.52] rank2[cuda2,share=0.2845,tput=6.99]
epoch 40: eval=0.7996
epoch 41: loss=0.475921, train_acc=0.8347, time=9.2s
per-rank: rank0[cuda0,share=0.4018,tput=3.85] rank2[cuda2,share=0.3060,tput=2.49] rank1[cuda1,share=0.2921,tput=3.07]
epoch 41: eval=0.7884
epoch 42: loss=0.486316, train_acc=0.8322, time=11.2s
per-rank: rank0[cuda0,share=0.4154,tput=2.26] rank1[cuda1,share=0.2972,tput=6.01] rank2[cuda2,share=0.2874,tput=3.03]
epoch 42: eval=0.7853
epoch 43: loss=0.491652, train_acc=0.8298, time=10.6s
per-rank: rank0[cuda0,share=0.4198,tput=2.22] rank1[cuda1,share=0.3004,tput=3.74] rank2[cuda2,share=0.2798,tput=2.70]
epoch 43: eval=0.7731
epoch 44: loss=0.477411, train_acc=0.8352, time=9.1s
per-rank: rank0[cuda0,share=0.4119,tput=2.20] rank1[cuda1,share=0.3031,tput=6.16] rank2[cuda2,share=0.2850,tput=2.50]
epoch 44: eval=0.8171
epoch 45: loss=0.465138, train_acc=0.8401, time=9.6s
per-rank: rank0[cuda0,share=0.3990,tput=2.97] rank1[cuda1,share=0.3034,tput=2.41] rank2[cuda2,share=0.2975,tput=3.36]
epoch 45: eval=0.8405
epoch 46: loss=0.463629, train_acc=0.8387, time=9.4s
per-rank: rank0[cuda0,share=0.4072,tput=2.34] rank1[cuda1,share=0.3014,tput=2.38] rank2[cuda2,share=0.2914,tput=5.37]
epoch 46: eval=0.7896
epoch 47: loss=0.454700, train_acc=0.8416, time=9.1s
per-rank: rank0[cuda0,share=0.4105,tput=4.29] rank2[cuda2,share=0.2991,tput=2.21] rank1[cuda1,share=0.2904,tput=3.39]
epoch 47: eval=0.8564
epoch 48: loss=0.453454, train_acc=0.8430, time=9.1s
per-rank: rank0[cuda0,share=0.4180,tput=3.74] rank2[cuda2,share=0.2979,tput=2.54] rank1[cuda1,share=0.2841,tput=3.49]
epoch 48: eval=0.6880
epoch 49: loss=0.456356, train_acc=0.8434, time=9.2s
per-rank: rank0[cuda0,share=0.3819,tput=3.04] rank1[cuda1,share=0.3102,tput=3.78] rank2[cuda2,share=0.3079,tput=2.41]
epoch 49: eval=0.7630
epoch 50: loss=0.454270, train_acc=0.8447, time=11.0s
per-rank: rank0[cuda0,share=0.3722,tput=2.10] rank2[cuda2,share=0.3144,tput=4.91] rank1[cuda1,share=0.3133,tput=3.54]
epoch 50: eval=0.7966
epoch 51: loss=0.462517, train_acc=0.8411, time=10.1s
per-rank: rank0[cuda0,share=0.4033,tput=2.83] rank2[cuda2,share=0.3066,tput=2.49] rank1[cuda1,share=0.2901,tput=3.56]
epoch 51: eval=0.8346
epoch 52: loss=0.462321, train_acc=0.8399, time=12.2s
per-rank: rank0[cuda0,share=0.4029,tput=2.11] rank2[cuda2,share=0.3006,tput=4.73] rank1[cuda1,share=0.2965,tput=4.20]
epoch 52: eval=0.7606
epoch 53: loss=0.444330, train_acc=0.8470, time=10.8s
per-rank: rank0[cuda0,share=0.4006,tput=2.43] rank1[cuda1,share=0.2997,tput=4.01] rank2[cuda2,share=0.2997,tput=2.71]
epoch 53: eval=0.7353
epoch 54: loss=0.471377, train_acc=0.8377, time=11.9s
per-rank: rank0[cuda0,share=0.4198,tput=2.19] rank1[cuda1,share=0.2910,tput=3.95] rank2[cuda2,share=0.2892,tput=4.68]
epoch 54: eval=0.7922
epoch 55: loss=0.458979, train_acc=0.8413, time=10.8s
per-rank: rank0[cuda0,share=0.4146,tput=2.11] rank1[cuda1,share=0.2970,tput=3.18] rank2[cuda2,share=0.2884,tput=3.87]
epoch 55: eval=0.7050
epoch 56: loss=0.452400, train_acc=0.8435, time=9.1s
per-rank: rank0[cuda0,share=0.4072,tput=3.76] rank1[cuda1,share=0.2992,tput=3.26] rank2[cuda2,share=0.2936,tput=2.56]
epoch 56: eval=0.8076
epoch 57: loss=0.447174, train_acc=0.8461, time=11.6s
per-rank: rank0[cuda0,share=0.4127,tput=2.16] rank1[cuda1,share=0.2947,tput=4.09] rank2[cuda2,share=0.2926,tput=4.55]
epoch 57: eval=0.8354
epoch 58: loss=0.439911, train_acc=0.8482, time=10.3s
per-rank: rank0[cuda0,share=0.4034,tput=2.32] rank1[cuda1,share=0.3015,tput=3.93] rank2[cuda2,share=0.2951,tput=2.93]
epoch 58: eval=0.6965
epoch 59: loss=0.448985, train_acc=0.8445, time=11.8s
per-rank: rank0[cuda0,share=0.3933,tput=2.14] rank2[cuda2,share=0.3055,tput=5.49] rank1[cuda1,share=0.3012,tput=3.38]
epoch 59: eval=0.7619
epoch 60: loss=0.435922, train_acc=0.8500, time=10.8s
per-rank: rank0[cuda0,share=0.4152,tput=2.69] rank1[cuda1,share=0.2944,tput=4.09] rank2[cuda2,share=0.2904,tput=2.19]
epoch 60: eval=0.8175
epoch 61: loss=0.442419, train_acc=0.8466, time=8.9s
per-rank: rank0[cuda0,share=0.4144,tput=2.80] rank1[cuda1,share=0.3060,tput=2.78] rank2[cuda2,share=0.2796,tput=3.81]
epoch 61: eval=0.7598
epoch 62: loss=0.428143, train_acc=0.8529, time=11.1s
per-rank: rank0[cuda0,share=0.3909,tput=2.09] rank2[cuda2,share=0.3165,tput=5.58] rank1[cuda1,share=0.2926,tput=3.29]
epoch 62: eval=0.8519
epoch 63: loss=0.434483, train_acc=0.8506, time=10.0s
per-rank: rank0[cuda0,share=0.3843,tput=2.52] rank2[cuda2,share=0.3218,tput=4.04] rank1[cuda1,share=0.2940,tput=2.67]
epoch 63: eval=0.8323
epoch 64: loss=0.439281, train_acc=0.8486, time=8.9s
per-rank: rank0[cuda0,share=0.4035,tput=2.74] rank2[cuda2,share=0.3082,tput=2.30] rank1[cuda1,share=0.2882,tput=6.52]
epoch 64: eval=0.8493
epoch 65: loss=0.431433, train_acc=0.8501, time=9.1s
per-rank: rank0[cuda0,share=0.3963,tput=2.91] rank1[cuda1,share=0.3018,tput=2.59] rank2[cuda2,share=0.3018,tput=5.34]
epoch 65: eval=0.8351
epoch 66: loss=0.422993, train_acc=0.8524, time=9.0s
per-rank: rank0[cuda0,share=0.3619,tput=2.19] rank1[cuda1,share=0.3197,tput=6.05] rank2[cuda2,share=0.3184,tput=2.45]
epoch 66: eval=0.8671
epoch 67: loss=0.442161, train_acc=0.8477, time=10.6s
per-rank: rank0[cuda0,share=0.3699,tput=2.03] rank1[cuda1,share=0.3252,tput=5.16] rank2[cuda2,share=0.3049,tput=3.18]
epoch 67: eval=0.8435
epoch 68: loss=0.440766, train_acc=0.8472, time=10.0s
per-rank: rank0[cuda0,share=0.3762,tput=2.48] rank1[cuda1,share=0.3216,tput=3.60] rank2[cuda2,share=0.3021,tput=2.76]
epoch 68: eval=0.8149
epoch 69: loss=0.428563, train_acc=0.8526, time=9.1s
per-rank: rank0[cuda0,share=0.3578,tput=2.92] rank1[cuda1,share=0.3262,tput=2.61] rank2[cuda2,share=0.3160,tput=3.57]
epoch 69: eval=0.8279
epoch 70: loss=0.425416, train_acc=0.8542, time=9.0s
per-rank: rank0[cuda0,share=0.3721,tput=3.20] rank1[cuda1,share=0.3236,tput=5.22] rank2[cuda2,share=0.3043,tput=2.02]
epoch 70: eval=0.7625
epoch 71: loss=0.444286, train_acc=0.8484, time=11.9s
per-rank: rank0[cuda0,share=0.4031,tput=2.22] rank1[cuda1,share=0.3033,tput=3.75] rank2[cuda2,share=0.2936,tput=5.64]
epoch 71: eval=0.7583
epoch 72: loss=0.430301, train_acc=0.8520, time=10.9s
per-rank: rank0[cuda0,share=0.4098,tput=2.35] rank1[cuda1,share=0.3029,tput=2.91] rank2[cuda2,share=0.2873,tput=3.30]
epoch 72: eval=0.8143
epoch 73: loss=0.431207, train_acc=0.8510, time=11.7s
per-rank: rank0[cuda0,share=0.4181,tput=2.25] rank1[cuda1,share=0.2996,tput=3.95] rank2[cuda2,share=0.2823,tput=5.23]
epoch 73: eval=0.8550
epoch 74: loss=0.431515, train_acc=0.8522, time=10.5s
per-rank: rank0[cuda0,share=0.4154,tput=2.25] rank1[cuda1,share=0.3007,tput=4.07] rank2[cuda2,share=0.2839,tput=2.75]
epoch 74: eval=0.7886
epoch 75: loss=0.432984, train_acc=0.8495, time=12.8s
per-rank: rank0[cuda0,share=0.3846,tput=1.96] rank1[cuda1,share=0.3112,tput=3.62] rank2[cuda2,share=0.3042,tput=5.11]
epoch 75: eval=0.8071
epoch 76: loss=0.428945, train_acc=0.8525, time=10.7s
per-rank: rank0[cuda0,share=0.3793,tput=2.53] rank1[cuda1,share=0.3180,tput=3.14] rank2[cuda2,share=0.3027,tput=3.75]
epoch 76: eval=0.8187
epoch 77: loss=0.438489, train_acc=0.8489, time=9.0s
per-rank: rank0[cuda0,share=0.3951,tput=3.50] rank1[cuda1,share=0.3085,tput=2.12] rank2[cuda2,share=0.2964,tput=5.67]
epoch 77: eval=0.7154
epoch 78: loss=0.425314, train_acc=0.8547, time=9.0s
per-rank: rank0[cuda0,share=0.4175,tput=2.57] rank2[cuda2,share=0.2956,tput=5.67] rank1[cuda1,share=0.2869,tput=2.45]
epoch 78: eval=0.8097
epoch 79: loss=0.424412, train_acc=0.8544, time=9.1s
per-rank: rank0[cuda0,share=0.4266,tput=2.59] rank2[cuda2,share=0.2935,tput=2.44] rank1[cuda1,share=0.2798,tput=5.38]
epoch 79: eval=0.7986
epoch 80: loss=0.430594, train_acc=0.8511, time=9.2s
per-rank: rank0[cuda0,share=0.4248,tput=2.98] rank2[cuda2,share=0.2927,tput=3.15] rank1[cuda1,share=0.2825,tput=2.83]
epoch 80: eval=0.7970
epoch 81: loss=0.420269, train_acc=0.8556, time=9.3s
per-rank: rank0[cuda0,share=0.4143,tput=3.62] rank2[cuda2,share=0.2982,tput=3.56] rank1[cuda1,share=0.2875,tput=2.31]
epoch 81: eval=0.7940
epoch 82: loss=0.426496, train_acc=0.8542, time=9.3s
per-rank: rank0[cuda0,share=0.4255,tput=3.00] rank2[cuda2,share=0.2915,tput=2.37] rank1[cuda1,share=0.2830,tput=3.54]
epoch 82: eval=0.7605
epoch 83: loss=0.416153, train_acc=0.8551, time=9.2s
per-rank: rank0[cuda0,share=0.3980,tput=2.27] rank1[cuda1,share=0.3144,tput=2.77] rank2[cuda2,share=0.2876,tput=5.20]
epoch 83: eval=0.8387
epoch 84: loss=0.421926, train_acc=0.8535, time=10.8s
per-rank: rank0[cuda0,share=0.4022,tput=2.22] rank1[cuda1,share=0.3029,tput=3.20] rank2[cuda2,share=0.2950,tput=5.61]
epoch 84: eval=0.7832
epoch 85: loss=0.425912, train_acc=0.8534, time=10.1s
per-rank: rank0[cuda0,share=0.4119,tput=2.74] rank2[cuda2,share=0.2968,tput=2.69] rank1[cuda1,share=0.2913,tput=3.67]
epoch 85: eval=0.8582
epoch 86: loss=0.423228, train_acc=0.8546, time=9.0s
per-rank: rank0[cuda0,share=0.4112,tput=3.69] rank1[cuda1,share=0.2973,tput=2.64] rank2[cuda2,share=0.2915,tput=2.91]
epoch 86: eval=0.8582
epoch 87: loss=0.415525, train_acc=0.8561, time=9.4s
per-rank: rank0[cuda0,share=0.4065,tput=2.01] rank1[cuda1,share=0.2978,tput=6.04] rank2[cuda2,share=0.2957,tput=2.56]
epoch 87: eval=0.7438
epoch 88: loss=0.414047, train_acc=0.8592, time=9.2s
per-rank: rank0[cuda0,share=0.3922,tput=3.50] rank1[cuda1,share=0.3064,tput=2.49] rank2[cuda2,share=0.3015,tput=3.29]
epoch 88: eval=0.8104
epoch 89: loss=0.419008, train_acc=0.8546, time=11.3s
per-rank: rank0[cuda0,share=0.3844,tput=2.22] rank2[cuda2,share=0.3210,tput=6.39] rank1[cuda1,share=0.2946,tput=3.24]
epoch 89: eval=0.7939
epoch 90: loss=0.435043, train_acc=0.8510, time=10.4s
per-rank: rank0[cuda0,share=0.3931,tput=2.62] rank2[cuda2,share=0.3147,tput=3.16] rank1[cuda1,share=0.2922,tput=3.11]
epoch 90: eval=0.7558
epoch 91: loss=0.425092, train_acc=0.8533, time=11.1s
per-rank: rank0[cuda0,share=0.4173,tput=2.30] rank2[cuda2,share=0.2939,tput=5.43] rank1[cuda1,share=0.2888,tput=3.58]
epoch 91: eval=0.7801
epoch 92: loss=0.427124, train_acc=0.8510, time=10.3s
per-rank: rank0[cuda0,share=0.4201,tput=2.52] rank2[cuda2,share=0.3010,tput=4.08] rank1[cuda1,share=0.2789,tput=2.46]
epoch 92: eval=0.8305
epoch 93: loss=0.422977, train_acc=0.8541, time=11.6s
per-rank: rank0[cuda0,share=0.4165,tput=2.21] rank2[cuda2,share=0.3028,tput=4.92] rank1[cuda1,share=0.2807,tput=3.84]
epoch 93: eval=0.7524
epoch 94: loss=0.412471, train_acc=0.8587, time=10.5s
per-rank: rank0[cuda0,share=0.4075,tput=2.18] rank2[cuda2,share=0.3051,tput=3.92] rank1[cuda1,share=0.2874,tput=2.88]
epoch 94: eval=0.7663
epoch 95: loss=0.411396, train_acc=0.8587, time=9.2s
per-rank: rank0[cuda0,share=0.3885,tput=3.32] rank2[cuda2,share=0.3069,tput=3.11] rank1[cuda1,share=0.3047,tput=2.61]
epoch 95: eval=0.8100
epoch 96: loss=0.411297, train_acc=0.8577, time=9.1s
per-rank: rank0[cuda0,share=0.3890,tput=3.66] rank1[cuda1,share=0.3112,tput=3.39] rank2[cuda2,share=0.2998,tput=2.50]
epoch 96: eval=0.7645
epoch 97: loss=0.414306, train_acc=0.8595, time=9.1s
per-rank: rank0[cuda0,share=0.3743,tput=2.13] rank1[cuda1,share=0.3186,tput=2.78] rank2[cuda2,share=0.3070,tput=5.14]
epoch 97: eval=0.7983
epoch 98: loss=0.430384, train_acc=0.8511, time=9.2s
per-rank: rank0[cuda0,share=0.3779,tput=2.92] rank1[cuda1,share=0.3269,tput=5.73] rank2[cuda2,share=0.2953,tput=1.86]
epoch 98: eval=0.7496
epoch 99: loss=0.426077, train_acc=0.8519, time=9.1s
per-rank: rank0[cuda0,share=0.3959,tput=2.21] rank1[cuda1,share=0.3203,tput=2.40] rank2[cuda2,share=0.2837,tput=7.03]
epoch 99: eval=0.8282
epoch 100: loss=0.300706, train_acc=0.8977, time=11.0s
per-rank: rank0[cuda0,share=0.3840,tput=2.14] rank1[cuda1,share=0.3117,tput=5.16] rank2[cuda2,share=0.3043,tput=3.49]
epoch 100: eval=0.9001
epoch 101: loss=0.221668, train_acc=0.9232, time=10.1s
per-rank: rank0[cuda0,share=0.4013,tput=2.84] rank2[cuda2,share=0.3003,tput=2.36] rank1[cuda1,share=0.2984,tput=3.95]
epoch 101: eval=0.9064
epoch 102: loss=0.207425, train_acc=0.9280, time=9.1s
per-rank: rank0[cuda0,share=0.4205,tput=3.59] rank2[cuda2,share=0.2907,tput=3.17] rank1[cuda1,share=0.2888,tput=2.51]
epoch 102: eval=0.9061
epoch 103: loss=0.194953, train_acc=0.9319, time=12.5s
per-rank: rank0[cuda0,share=0.3965,tput=2.00] rank1[cuda1,share=0.3072,tput=3.61] rank2[cuda2,share=0.2963,tput=4.91]
epoch 103: eval=0.9057
epoch 104: loss=0.190970, train_acc=0.9334, time=10.9s
per-rank: rank0[cuda0,share=0.3661,tput=1.93] rank1[cuda1,share=0.3249,tput=3.25] rank2[cuda2,share=0.3089,tput=4.16]
epoch 104: eval=0.9093
epoch 105: loss=0.181727, train_acc=0.9375, time=9.2s
per-rank: rank0[cuda0,share=0.3630,tput=3.48] rank1[cuda1,share=0.3235,tput=3.46] rank2[cuda2,share=0.3136,tput=2.47]
epoch 105: eval=0.9101
epoch 106: loss=0.178067, train_acc=0.9383, time=9.2s
per-rank: rank0[cuda0,share=0.3892,tput=2.61] rank1[cuda1,share=0.3160,tput=2.40] rank2[cuda2,share=0.2948,tput=5.49]
epoch 106: eval=0.9091
epoch 107: loss=0.173734, train_acc=0.9409, time=9.1s
per-rank: rank0[cuda0,share=0.3988,tput=3.17] rank2[cuda2,share=0.3030,tput=2.45] rank1[cuda1,share=0.2982,tput=3.48]
epoch 107: eval=0.9098
epoch 108: loss=0.169028, train_acc=0.9406, time=9.1s
per-rank: rank0[cuda0,share=0.4148,tput=2.63] rank1[cuda1,share=0.2999,tput=5.98] rank2[cuda2,share=0.2854,tput=2.13]
epoch 108: eval=0.9114
epoch 109: loss=0.163333, train_acc=0.9424, time=9.2s
per-rank: rank0[cuda0,share=0.4182,tput=2.95] rank1[cuda1,share=0.3014,tput=2.52] rank2[cuda2,share=0.2804,tput=5.19]
epoch 109: eval=0.9132
epoch 110: loss=0.162571, train_acc=0.9431, time=9.0s
per-rank: rank0[cuda0,share=0.4142,tput=2.34] rank1[cuda1,share=0.2957,tput=2.46] rank2[cuda2,share=0.2901,tput=6.42]
epoch 110: eval=0.9123
epoch 111: loss=0.157793, train_acc=0.9455, time=11.2s
per-rank: rank0[cuda0,share=0.4039,tput=2.23] rank2[cuda2,share=0.3057,tput=5.41] rank1[cuda1,share=0.2904,tput=3.50]
epoch 111: eval=0.9143
epoch 112: loss=0.157074, train_acc=0.9454, time=10.3s
per-rank: rank0[cuda0,share=0.4133,tput=2.44] rank2[cuda2,share=0.3067,tput=2.86] rank1[cuda1,share=0.2800,tput=3.77]
epoch 112: eval=0.9122
epoch 113: loss=0.152432, train_acc=0.9478, time=9.3s
per-rank: rank0[cuda0,share=0.4222,tput=3.75] rank2[cuda2,share=0.2979,tput=2.92] rank1[cuda1,share=0.2800,tput=2.64]
epoch 113: eval=0.9133
epoch 114: loss=0.149983, train_acc=0.9473, time=10.0s
per-rank: rank0[cuda0,share=0.4034,tput=2.61] rank1[cuda1,share=0.2983,tput=2.48] rank2[cuda2,share=0.2983,tput=3.67]
epoch 114: eval=0.9141
epoch 115: loss=0.147064, train_acc=0.9481, time=9.5s
per-rank: rank0[cuda0,share=0.3850,tput=4.00] rank2[cuda2,share=0.3098,tput=2.27] rank1[cuda1,share=0.3053,tput=3.35]
epoch 115: eval=0.9104
epoch 116: loss=0.145614, train_acc=0.9487, time=9.1s
per-rank: rank0[cuda0,share=0.3829,tput=2.74] rank1[cuda1,share=0.3095,tput=2.80] rank2[cuda2,share=0.3075,tput=3.55]
epoch 116: eval=0.9146
epoch 117: loss=0.144935, train_acc=0.9492, time=10.0s
per-rank: rank0[cuda0,share=0.3796,tput=2.18] rank1[cuda1,share=0.3149,tput=3.36] rank2[cuda2,share=0.3055,tput=4.95]
epoch 117: eval=0.9135
epoch 118: loss=0.141252, train_acc=0.9496, time=10.5s
per-rank: rank0[cuda0,share=0.4032,tput=2.56] rank2[cuda2,share=0.3000,tput=2.58] rank1[cuda1,share=0.2968,tput=3.40]
epoch 118: eval=0.9128
epoch 119: loss=0.136967, train_acc=0.9523, time=9.3s
per-rank: rank0[cuda0,share=0.4124,tput=3.10] rank1[cuda1,share=0.2970,tput=2.75] rank2[cuda2,share=0.2906,tput=3.14]
epoch 119: eval=0.9149
epoch 120: loss=0.136813, train_acc=0.9510, time=9.2s
per-rank: rank0[cuda0,share=0.3991,tput=3.39] rank1[cuda1,share=0.3137,tput=3.67] rank2[cuda2,share=0.2872,tput=2.18]
epoch 120: eval=0.9131
epoch 121: loss=0.137519, train_acc=0.9518, time=9.2s
per-rank: rank0[cuda0,share=0.4073,tput=2.73] rank1[cuda1,share=0.3154,tput=5.84] rank2[cuda2,share=0.2773,tput=2.04]
epoch 121: eval=0.9146
epoch 122: loss=0.131124, train_acc=0.9543, time=9.2s
per-rank: rank0[cuda0,share=0.4212,tput=2.48] rank1[cuda1,share=0.2997,tput=2.18] rank2[cuda2,share=0.2790,tput=7.26]
epoch 122: eval=0.9080
epoch 123: loss=0.132372, train_acc=0.9531, time=9.0s
per-rank: rank0[cuda0,share=0.4200,tput=2.60] rank1[cuda1,share=0.2929,tput=7.49] rank2[cuda2,share=0.2871,tput=2.06]
epoch 123: eval=0.9144
epoch 124: loss=0.130470, train_acc=0.9534, time=12.4s
per-rank: rank0[cuda0,share=0.3970,tput=2.00] rank1[cuda1,share=0.3069,tput=3.78] rank2[cuda2,share=0.2960,tput=4.90]
epoch 124: eval=0.9099
epoch 125: loss=0.127318, train_acc=0.9550, time=10.7s
per-rank: rank0[cuda0,share=0.3824,tput=2.18] rank1[cuda1,share=0.3130,tput=2.86] rank2[cuda2,share=0.3047,tput=4.24]
epoch 125: eval=0.9112
epoch 126: loss=0.126536, train_acc=0.9564, time=9.1s
per-rank: rank0[cuda0,share=0.3983,tput=2.60] rank1[cuda1,share=0.3051,tput=2.46] rank2[cuda2,share=0.2966,tput=5.51]
epoch 126: eval=0.9109
epoch 127: loss=0.127588, train_acc=0.9545, time=11.8s
per-rank: rank0[cuda0,share=0.4074,tput=2.21] rank1[cuda1,share=0.3090,tput=4.18] rank2[cuda2,share=0.2836,tput=4.95]
epoch 127: eval=0.9088
epoch 128: loss=0.120883, train_acc=0.9581, time=10.8s
per-rank: rank0[cuda0,share=0.4119,tput=2.15] rank1[cuda1,share=0.3036,tput=2.72] rank2[cuda2,share=0.2845,tput=4.21]
epoch 128: eval=0.9091
epoch 129: loss=0.122486, train_acc=0.9569, time=9.1s
per-rank: rank0[cuda0,share=0.3984,tput=3.21] rank2[cuda2,share=0.3031,tput=3.37] rank1[cuda1,share=0.2985,tput=2.66]
epoch 129: eval=0.9120
epoch 130: loss=0.118838, train_acc=0.9582, time=10.3s
per-rank: rank0[cuda0,share=0.4017,tput=2.27] rank2[cuda2,share=0.3002,tput=3.14] rank1[cuda1,share=0.2981,tput=5.32]
epoch 130: eval=0.9087
epoch 131: loss=0.122380, train_acc=0.9564, time=9.8s
per-rank: rank0[cuda0,share=0.4168,tput=2.95] rank1[cuda1,share=0.2970,tput=2.57] rank2[cuda2,share=0.2862,tput=3.52]
epoch 131: eval=0.9037
epoch 132: loss=0.120973, train_acc=0.9570, time=12.5s
per-rank: rank0[cuda0,share=0.4016,tput=2.06] rank2[cuda2,share=0.3021,tput=5.40] rank1[cuda1,share=0.2963,tput=3.72]
epoch 132: eval=0.9133
epoch 133: loss=0.120048, train_acc=0.9576, time=11.1s
per-rank: rank0[cuda0,share=0.3941,tput=2.16] rank1[cuda1,share=0.3069,tput=3.40] rank2[cuda2,share=0.2990,tput=3.11]
epoch 133: eval=0.9081
epoch 134: loss=0.121088, train_acc=0.9569, time=9.1s
per-rank: rank0[cuda0,share=0.3964,tput=3.53] rank1[cuda1,share=0.3294,tput=3.94] rank2[cuda2,share=0.2742,tput=2.11]
epoch 134: eval=0.9088
epoch 135: loss=0.117458, train_acc=0.9580, time=9.1s
per-rank: rank0[cuda0,share=0.3991,tput=3.84] rank1[cuda1,share=0.3270,tput=2.38] rank2[cuda2,share=0.2739,tput=3.43]
epoch 135: eval=0.9090
epoch 136: loss=0.138206, train_acc=0.9515, time=10.7s
per-rank: rank0[cuda0,share=0.4141,tput=2.30] rank1[cuda1,share=0.3121,tput=3.82] rank2[cuda2,share=0.2738,tput=4.80]
epoch 136: eval=0.9105
epoch 137: loss=0.138196, train_acc=0.9501, time=9.4s
per-rank: rank0[cuda0,share=0.4141,tput=2.86] rank1[cuda1,share=0.3121,tput=2.59] rank2[cuda2,share=0.2738,tput=3.59]
epoch 137: eval=0.8927
epoch 138: loss=0.137199, train_acc=0.9522, time=12.4s
per-rank: rank0[cuda0,share=0.4119,tput=2.01] rank1[cuda1,share=0.3118,tput=3.82] rank2[cuda2,share=0.2763,tput=3.97]
epoch 138: eval=0.8941
epoch 139: loss=0.137124, train_acc=0.9511, time=11.2s
per-rank: rank0[cuda0,share=0.4099,tput=1.93] rank1[cuda1,share=0.3119,tput=3.50] rank2[cuda2,share=0.2781,tput=2.68]
epoch 139: eval=0.8954
epoch 140: loss=0.137526, train_acc=0.9514, time=9.7s
per-rank: rank0[cuda0,share=0.4062,tput=3.63] rank1[cuda1,share=0.3134,tput=4.16] rank2[cuda2,share=0.2803,tput=2.23]
epoch 140: eval=0.8999
epoch 141: loss=0.137846, train_acc=0.9502, time=9.6s
per-rank: rank0[cuda0,share=0.4045,tput=2.29] rank1[cuda1,share=0.3129,tput=2.28] rank2[cuda2,share=0.2826,tput=5.41]
epoch 141: eval=0.9015
epoch 142: loss=0.139466, train_acc=0.9508, time=11.2s
per-rank: rank0[cuda0,share=0.4033,tput=2.12] rank1[cuda1,share=0.3124,tput=2.91] rank2[cuda2,share=0.2843,tput=4.97]
epoch 142: eval=0.9057
epoch 143: loss=0.137432, train_acc=0.9502, time=9.8s
per-rank: rank0[cuda0,share=0.4019,tput=3.38] rank1[cuda1,share=0.3122,tput=2.83] rank2[cuda2,share=0.2859,tput=2.95]
epoch 143: eval=0.9056
epoch 144: loss=0.139002, train_acc=0.9504, time=10.9s
per-rank: rank0[cuda0,share=0.4009,tput=2.15] rank1[cuda1,share=0.3122,tput=4.77] rank2[cuda2,share=0.2869,tput=3.51]
epoch 144: eval=0.8962
epoch 145: loss=0.139443, train_acc=0.9502, time=10.1s
per-rank: rank0[cuda0,share=0.4005,tput=2.62] rank1[cuda1,share=0.3111,tput=3.51] rank2[cuda2,share=0.2884,tput=2.78]
epoch 145: eval=0.9093
epoch 146: loss=0.138849, train_acc=0.9503, time=9.0s
per-rank: rank0[cuda0,share=0.3980,tput=3.34] rank1[cuda1,share=0.3108,tput=2.68] rank2[cuda2,share=0.2912,tput=3.11]
epoch 146: eval=0.8996
epoch 147: loss=0.129411, train_acc=0.9532, time=10.1s
per-rank: rank0[cuda0,share=0.3961,tput=2.39] rank1[cuda1,share=0.3109,tput=5.12] rank2[cuda2,share=0.2931,tput=3.40]
epoch 147: eval=0.9103
epoch 148: loss=0.137959, train_acc=0.9504, time=9.4s
per-rank: rank0[cuda0,share=0.3964,tput=3.11] rank1[cuda1,share=0.3098,tput=2.39] rank2[cuda2,share=0.2938,tput=3.68]
epoch 148: eval=0.9134
epoch 149: loss=0.133376, train_acc=0.9522, time=9.0s
per-rank: rank0[cuda0,share=0.3974,tput=3.95] rank1[cuda1,share=0.3077,tput=3.11] rank2[cuda2,share=0.2949,tput=2.31]
epoch 149: eval=0.9137
epoch 150: loss=0.093340, train_acc=0.9680, time=9.0s
per-rank: rank0[cuda0,share=0.3974,tput=3.87] rank1[cuda1,share=0.3077,tput=4.79] rank2[cuda2,share=0.2949,tput=2.26]
epoch 150: eval=0.9176
epoch 151: loss=0.078913, train_acc=0.9749, time=11.5s
per-rank: rank0[cuda0,share=0.4021,tput=2.14] rank1[cuda1,share=0.3028,tput=3.51] rank2[cuda2,share=0.2951,tput=5.21]
epoch 151: eval=0.9180
epoch 152: loss=0.076200, train_acc=0.9752, time=10.4s
per-rank: rank0[cuda0,share=0.4021,tput=2.12] rank1[cuda1,share=0.3028,tput=3.78] rank2[cuda2,share=0.2951,tput=3.04]
epoch 152: eval=0.9194
epoch 153: loss=0.075736, train_acc=0.9754, time=11.2s
per-rank: rank0[cuda0,share=0.4068,tput=2.22] rank1[cuda1,share=0.2981,tput=3.49] rank2[cuda2,share=0.2952,tput=5.22]
epoch 153: eval=0.9200
epoch 154: loss=0.072594, train_acc=0.9765, time=10.0s
per-rank: rank0[cuda0,share=0.4068,tput=2.26] rank1[cuda1,share=0.2981,tput=4.34] rank2[cuda2,share=0.2952,tput=2.79]
epoch 154: eval=0.9205
epoch 155: loss=0.071224, train_acc=0.9764, time=11.5s
per-rank: rank0[cuda0,share=0.4078,tput=2.17] rank2[cuda2,share=0.2963,tput=5.02] rank1[cuda1,share=0.2959,tput=3.89]
epoch 155: eval=0.9186
epoch 156: loss=0.071760, train_acc=0.9761, time=10.5s
per-rank: rank0[cuda0,share=0.4081,tput=2.25] rank2[cuda2,share=0.2968,tput=3.27] rank1[cuda1,share=0.2951,tput=3.19]
epoch 156: eval=0.9191
epoch 157: loss=0.069761, train_acc=0.9772, time=11.2s
per-rank: rank0[cuda0,share=0.4084,tput=2.14] rank2[cuda2,share=0.2974,tput=3.06] rank1[cuda1,share=0.2942,tput=5.63]
epoch 157: eval=0.9184
epoch 158: loss=0.069290, train_acc=0.9774, time=10.1s
per-rank: rank0[cuda0,share=0.4080,tput=2.18] rank2[cuda2,share=0.2976,tput=3.63] rank1[cuda1,share=0.2944,tput=2.96]
epoch 158: eval=0.9191
epoch 159: loss=0.068179, train_acc=0.9782, time=9.1s
per-rank: rank0[cuda0,share=0.4076,tput=2.51] rank2[cuda2,share=0.2978,tput=5.60] rank1[cuda1,share=0.2946,tput=2.35]
epoch 159: eval=0.9210
epoch 160: loss=0.067678, train_acc=0.9779, time=8.9s
per-rank: rank0[cuda0,share=0.4066,tput=2.30] rank2[cuda2,share=0.2975,tput=6.41] rank1[cuda1,share=0.2959,tput=2.35]
epoch 160: eval=0.9211
epoch 161: loss=0.066121, train_acc=0.9783, time=8.9s
per-rank: rank0[cuda0,share=0.4055,tput=2.39] rank1[cuda1,share=0.2972,tput=2.53] rank2[cuda2,share=0.2972,tput=6.01]
epoch 161: eval=0.9203
epoch 162: loss=0.064882, train_acc=0.9794, time=11.7s
per-rank: rank0[cuda0,share=0.4026,tput=2.02] rank1[cuda1,share=0.2995,tput=5.35] rank2[cuda2,share=0.2979,tput=3.45]
epoch 162: eval=0.9206
epoch 163: loss=0.066402, train_acc=0.9780, time=10.5s
per-rank: rank0[cuda0,share=0.4005,tput=2.62] rank1[cuda1,share=0.3003,tput=3.70] rank2[cuda2,share=0.2992,tput=2.52]
epoch 163: eval=0.9200
epoch 164: loss=0.066163, train_acc=0.9778, time=10.5s
per-rank: rank0[cuda0,share=0.3977,tput=2.22] rank1[cuda1,share=0.3023,tput=3.99] rank2[cuda2,share=0.3000,tput=4.22]
epoch 164: eval=0.9198
epoch 165: loss=0.062760, train_acc=0.9787, time=10.0s
per-rank: rank0[cuda0,share=0.3960,tput=2.97] rank1[cuda1,share=0.3047,tput=2.88] rank2[cuda2,share=0.2994,tput=3.06]
epoch 165: eval=0.9211
epoch 166: loss=0.063544, train_acc=0.9789, time=9.1s
per-rank: rank0[cuda0,share=0.3960,tput=3.17] rank1[cuda1,share=0.3061,tput=2.53] rank2[cuda2,share=0.2979,tput=3.37]
epoch 166: eval=0.9213
epoch 167: loss=0.064219, train_acc=0.9784, time=11.7s
per-rank: rank0[cuda0,share=0.3966,tput=2.03] rank1[cuda1,share=0.3081,tput=4.16] rank2[cuda2,share=0.2953,tput=4.59]
epoch 167: eval=0.9190
epoch 168: loss=0.062590, train_acc=0.9802, time=10.4s
per-rank: rank0[cuda0,share=0.3972,tput=2.24] rank1[cuda1,share=0.3084,tput=4.05] rank2[cuda2,share=0.2944,tput=2.79]
epoch 168: eval=0.9207
epoch 169: loss=0.063017, train_acc=0.9796, time=8.9s
per-rank: rank0[cuda0,share=0.3979,tput=2.52] rank1[cuda1,share=0.3086,tput=6.54] rank2[cuda2,share=0.2935,tput=2.00]
epoch 169: eval=0.9200
epoch 170: loss=0.062562, train_acc=0.9796, time=11.1s
per-rank: rank0[cuda0,share=0.3972,tput=2.19] rank1[cuda1,share=0.3096,tput=5.17] rank2[cuda2,share=0.2932,tput=3.54]
epoch 170: eval=0.9198
epoch 171: loss=0.060610, train_acc=0.9801, time=10.0s
per-rank: rank0[cuda0,share=0.3965,tput=2.54] rank1[cuda1,share=0.3106,tput=3.78] rank2[cuda2,share=0.2929,tput=2.89]
epoch 171: eval=0.9203
epoch 172: loss=0.062460, train_acc=0.9794, time=8.9s
per-rank: rank0[cuda0,share=0.3977,tput=2.80] rank1[cuda1,share=0.3105,tput=2.59] rank2[cuda2,share=0.2917,tput=5.41]
epoch 172: eval=0.9191
epoch 173: loss=0.060230, train_acc=0.9808, time=9.0s
per-rank: rank0[cuda0,share=0.3993,tput=3.79] rank1[cuda1,share=0.3114,tput=3.44] rank2[cuda2,share=0.2893,tput=2.24]
epoch 173: eval=0.9197
epoch 174: loss=0.060090, train_acc=0.9803, time=9.0s
per-rank: rank0[cuda0,share=0.4009,tput=2.36] rank1[cuda1,share=0.3122,tput=2.32] rank2[cuda2,share=0.2869,tput=6.59]
epoch 174: eval=0.9192
epoch 175: loss=0.061472, train_acc=0.9794, time=11.5s
per-rank: rank0[cuda0,share=0.4027,tput=2.11] rank1[cuda1,share=0.3112,tput=3.50] rank2[cuda2,share=0.2860,tput=5.76]
epoch 175: eval=0.9208
epoch 176: loss=0.060939, train_acc=0.9803, time=10.5s
per-rank: rank0[cuda0,share=0.4027,tput=2.57] rank1[cuda1,share=0.3112,tput=3.46] rank2[cuda2,share=0.2860,tput=2.83]
epoch 176: eval=0.9199
epoch 177: loss=0.058045, train_acc=0.9813, time=11.2s
per-rank: rank0[cuda0,share=0.4017,tput=2.14] rank1[cuda1,share=0.3098,tput=3.65] rank2[cuda2,share=0.2884,tput=4.83]
epoch 177: eval=0.9201
epoch 178: loss=0.059054, train_acc=0.9808, time=10.7s
per-rank: rank0[cuda0,share=0.4010,tput=2.20] rank1[cuda1,share=0.3087,tput=2.68] rank2[cuda2,share=0.2904,tput=3.46]
epoch 178: eval=0.9201
epoch 179: loss=0.058321, train_acc=0.9809, time=9.8s
per-rank: rank0[cuda0,share=0.4016,tput=3.37] rank1[cuda1,share=0.3068,tput=2.02] rank2[cuda2,share=0.2916,tput=3.13]
epoch 179: eval=0.9200
epoch 180: loss=0.057124, train_acc=0.9813, time=9.7s
per-rank: rank0[cuda0,share=0.4022,tput=2.59] rank1[cuda1,share=0.3049,tput=2.35] rank2[cuda2,share=0.2929,tput=4.31]
epoch 180: eval=0.9207
epoch 181: loss=0.056637, train_acc=0.9819, time=11.7s
per-rank: rank0[cuda0,share=0.4048,tput=2.05] rank1[cuda1,share=0.3002,tput=3.74] rank2[cuda2,share=0.2950,tput=3.99]
epoch 181: eval=0.9200
epoch 182: loss=0.055175, train_acc=0.9817, time=11.0s
per-rank: rank0[cuda0,share=0.4048,tput=2.19] rank1[cuda1,share=0.3002,tput=3.75] rank2[cuda2,share=0.2950,tput=2.36]
epoch 182: eval=0.9191
epoch 183: loss=0.057463, train_acc=0.9815, time=12.3s
per-rank: rank0[cuda0,share=0.4077,tput=2.02] rank1[cuda1,share=0.2976,tput=3.42] rank2[cuda2,share=0.2948,tput=4.59]
epoch 183: eval=0.9220
epoch 184: loss=0.054711, train_acc=0.9825, time=11.1s
per-rank: rank0[cuda0,share=0.4092,tput=2.18] rank1[cuda1,share=0.2964,tput=3.52] rank2[cuda2,share=0.2944,tput=2.72]
epoch 184: eval=0.9199
epoch 185: loss=0.054338, train_acc=0.9824, time=9.1s
per-rank: rank0[cuda0,share=0.4088,tput=3.01] rank1[cuda1,share=0.2963,tput=2.72] rank2[cuda2,share=0.2950,tput=3.55]
epoch 185: eval=0.9191
epoch 186: loss=0.056292, train_acc=0.9817, time=9.1s
per-rank: rank0[cuda0,share=0.4088,tput=3.80] rank1[cuda1,share=0.2971,tput=2.31] rank2[cuda2,share=0.2941,tput=3.22]
epoch 186: eval=0.9201
epoch 187: loss=0.056046, train_acc=0.9814, time=8.8s
per-rank: rank0[cuda0,share=0.4095,tput=3.57] rank1[cuda1,share=0.2969,tput=2.42] rank2[cuda2,share=0.2937,tput=3.65]
epoch 187: eval=0.9202
epoch 188: loss=0.055344, train_acc=0.9815, time=11.2s
per-rank: rank0[cuda0,share=0.4108,tput=2.16] rank1[cuda1,share=0.2964,tput=3.62] rank2[cuda2,share=0.2928,tput=4.76]
epoch 188: eval=0.9201
epoch 189: loss=0.052619, train_acc=0.9832, time=10.1s
per-rank: rank0[cuda0,share=0.4108,tput=2.25] rank1[cuda1,share=0.2964,tput=3.01] rank2[cuda2,share=0.2928,tput=3.66]
epoch 189: eval=0.9197
epoch 190: loss=0.053286, train_acc=0.9825, time=11.1s
per-rank: rank0[cuda0,share=0.4100,tput=2.22] rank1[cuda1,share=0.2978,tput=3.18] rank2[cuda2,share=0.2922,tput=5.55]
epoch 190: eval=0.9206
epoch 191: loss=0.052548, train_acc=0.9828, time=10.1s
per-rank: rank0[cuda0,share=0.4099,tput=2.81] rank1[cuda1,share=0.2987,tput=2.88] rank2[cuda2,share=0.2914,tput=3.45]
epoch 191: eval=0.9205
epoch 192: loss=0.052858, train_acc=0.9830, time=9.0s
per-rank: rank0[cuda0,share=0.4091,tput=2.57] rank1[cuda1,share=0.2991,tput=6.21] rank2[cuda2,share=0.2917,tput=2.03]
epoch 192: eval=0.9200
epoch 193: loss=0.052455, train_acc=0.9828, time=8.8s
per-rank: rank0[cuda0,share=0.4083,tput=2.66] rank1[cuda1,share=0.2996,tput=5.75] rank2[cuda2,share=0.2921,tput=2.26]
epoch 193: eval=0.9201
epoch 194: loss=0.051732, train_acc=0.9829, time=9.0s
per-rank: rank0[cuda0,share=0.4096,tput=2.06] rank1[cuda1,share=0.2989,tput=6.82] rank2[cuda2,share=0.2915,tput=2.43]
epoch 194: eval=0.9194
epoch 195: loss=0.052110, train_acc=0.9829, time=11.6s
per-rank: rank0[cuda0,share=0.4116,tput=2.11] rank1[cuda1,share=0.2988,tput=3.72] rank2[cuda2,share=0.2897,tput=5.25]
epoch 195: eval=0.9204
epoch 196: loss=0.053305, train_acc=0.9826, time=10.4s
per-rank: rank0[cuda0,share=0.4094,tput=1.98] rank1[cuda1,share=0.3007,tput=3.13] rank2[cuda2,share=0.2899,tput=3.99]
epoch 196: eval=0.9206
epoch 197: loss=0.053114, train_acc=0.9828, time=9.2s
per-rank: rank0[cuda0,share=0.4079,tput=3.77] rank1[cuda1,share=0.3031,tput=2.43] rank2[cuda2,share=0.2890,tput=3.25]
epoch 197: eval=0.9189
epoch 198: loss=0.052097, train_acc=0.9830, time=9.0s
per-rank: rank0[cuda0,share=0.4063,tput=3.39] rank1[cuda1,share=0.3055,tput=2.35] rank2[cuda2,share=0.2881,tput=3.79]
epoch 198: eval=0.9202
epoch 199: loss=0.052240, train_acc=0.9829, time=9.1s
per-rank: rank0[cuda0,share=0.4023,tput=2.36] rank1[cuda1,share=0.3071,tput=2.37] rank2[cuda2,share=0.2906,tput=6.01]
final eval=0.9204
# total: 1821.8s (30m 22s)
