# gpu0: NVIDIA GeForce RTX 5060 Ti (15GB, sm_120)
# gpu1: NVIDIA GeForce GTX 1060 6GB (5GB, sm_61)
# gpu2: NVIDIA GeForce GTX 1060 6GB (5GB, sm_61)
epoch 0: loss=1.981133, train_acc=0.2553, time=9.7s
per-rank: rank0[cuda0,share=0.4202,tput=4.74] rank2[cuda2,share=0.2941,tput=3.35] rank1[cuda1,share=0.2857,tput=2.37]
epoch 0: eval=0.3528
epoch 1: loss=1.640278, train_acc=0.3895, time=11.4s
per-rank: rank0[cuda0,share=0.4286,tput=2.34] rank2[cuda2,share=0.3117,tput=5.15] rank1[cuda1,share=0.2597,tput=3.59]
epoch 1: eval=0.4508
epoch 2: loss=1.448363, train_acc=0.4686, time=10.3s
per-rank: rank0[cuda0,share=0.4167,tput=2.42] rank2[cuda2,share=0.3137,tput=2.94] rank1[cuda1,share=0.2696,tput=4.14]
epoch 2: eval=0.5007
epoch 3: loss=1.238551, train_acc=0.5528, time=9.0s
per-rank: rank0[cuda0,share=0.4301,tput=2.60] rank2[cuda2,share=0.3031,tput=2.60] rank1[cuda1,share=0.2668,tput=6.26]
epoch 3: eval=0.5694
epoch 4: loss=1.088828, train_acc=0.6122, time=10.8s
per-rank: rank0[cuda0,share=0.4120,tput=2.26] rank1[cuda1,share=0.3011,tput=3.85] rank2[cuda2,share=0.2868,tput=4.94]
epoch 4: eval=0.4371
epoch 5: loss=1.007317, train_acc=0.6443, time=9.7s
per-rank: rank0[cuda0,share=0.4258,tput=2.95] rank1[cuda1,share=0.2957,tput=4.20] rank2[cuda2,share=0.2785,tput=2.51]
epoch 5: eval=0.6038
epoch 6: loss=0.895132, train_acc=0.6873, time=8.8s
per-rank: rank0[cuda0,share=0.4050,tput=3.57] rank1[cuda1,share=0.3108,tput=2.98] rank2[cuda2,share=0.2842,tput=3.40]
epoch 6: eval=0.6454
epoch 7: loss=0.805730, train_acc=0.7176, time=8.9s
per-rank: rank0[cuda0,share=0.3744,tput=2.21] rank2[cuda2,share=0.3191,tput=2.90] rank1[cuda1,share=0.3065,tput=5.98]
epoch 7: eval=0.6335
epoch 8: loss=0.767079, train_acc=0.7335, time=9.0s
per-rank: rank0[cuda0,share=0.4305,tput=3.96] rank1[cuda1,share=0.2960,tput=3.94] rank2[cuda2,share=0.2735,tput=2.10]
epoch 8: eval=0.6702
epoch 9: loss=0.716458, eval=0.6751, train_acc=0.7534, time=9.9s
per-rank: rank0[cuda0,share=0.4102,tput=3.63] rank2[cuda2,share=0.3016,tput=3.77] rank1[cuda1,share=0.2882,tput=2.38]
epoch 10: loss=0.792828, train_acc=0.7277, time=9.0s
per-rank: rank0[cuda0,share=0.4090,tput=2.82] rank1[cuda1,share=0.2960,tput=2.88] rank2[cuda2,share=0.2951,tput=4.87]
epoch 10: eval=0.7193
epoch 11: loss=0.737965, train_acc=0.7461, time=10.4s
per-rank: rank0[cuda0,share=0.4105,tput=2.34] rank1[cuda1,share=0.3008,tput=3.59] rank2[cuda2,share=0.2886,tput=4.92]
epoch 11: eval=0.7444
epoch 12: loss=0.725063, train_acc=0.7485, time=9.6s
per-rank: rank0[cuda0,share=0.4105,tput=2.21] rank1[cuda1,share=0.3008,tput=3.09] rank2[cuda2,share=0.2886,tput=3.87]
epoch 12: eval=0.6536
epoch 13: loss=0.694117, train_acc=0.7601, time=8.6s
per-rank: rank0[cuda0,share=0.4063,tput=2.26] rank1[cuda1,share=0.3060,tput=6.51] rank2[cuda2,share=0.2877,tput=2.47]
epoch 13: eval=0.7092
epoch 14: loss=0.682318, train_acc=0.7654, time=8.5s
per-rank: rank0[cuda0,share=0.4036,tput=2.91] rank1[cuda1,share=0.3093,tput=4.97] rank2[cuda2,share=0.2870,tput=2.46]
epoch 14: eval=0.7511
epoch 15: loss=0.662798, train_acc=0.7730, time=8.6s
per-rank: rank0[cuda0,share=0.4032,tput=3.96] rank1[cuda1,share=0.3091,tput=3.07] rank2[cuda2,share=0.2877,tput=2.59]
epoch 15: eval=0.7502
epoch 16: loss=0.647466, train_acc=0.7783, time=8.7s
per-rank: rank0[cuda0,share=0.4028,tput=2.96] rank1[cuda1,share=0.3089,tput=1.96] rank2[cuda2,share=0.2883,tput=6.57]
epoch 16: eval=0.7608
epoch 17: loss=0.634177, train_acc=0.7816, time=10.5s
per-rank: rank0[cuda0,share=0.4037,tput=2.28] rank1[cuda1,share=0.3068,tput=4.59] rank2[cuda2,share=0.2895,tput=3.89]
epoch 17: eval=0.7267
epoch 18: loss=0.624537, train_acc=0.7828, time=9.7s
per-rank: rank0[cuda0,share=0.4044,tput=2.55] rank1[cuda1,share=0.3053,tput=3.13] rank2[cuda2,share=0.2903,tput=3.79]
epoch 18: eval=0.7397
epoch 19: loss=0.623302, train_acc=0.7853, time=8.7s
per-rank: rank0[cuda0,share=0.4050,tput=3.41] rank1[cuda1,share=0.3039,tput=3.02] rank2[cuda2,share=0.2911,tput=3.80]
epoch 19: eval=0.6683
epoch 20: loss=0.606631, train_acc=0.7900, time=8.7s
per-rank: rank0[cuda0,share=0.4053,tput=3.33] rank1[cuda1,share=0.3030,tput=2.74] rank2[cuda2,share=0.2918,tput=3.37]
epoch 20: eval=0.7424
epoch 21: loss=0.607115, train_acc=0.7927, time=8.8s
per-rank: rank0[cuda0,share=0.4050,tput=2.18] rank1[cuda1,share=0.3030,tput=2.95] rank2[cuda2,share=0.2920,tput=5.53]
epoch 21: eval=0.7884
epoch 22: loss=0.591160, train_acc=0.7960, time=10.5s
per-rank: rank0[cuda0,share=0.4039,tput=2.29] rank1[cuda1,share=0.3025,tput=3.92] rank2[cuda2,share=0.2936,tput=4.61]
epoch 22: eval=0.7868
epoch 23: loss=0.592636, train_acc=0.7998, time=9.8s
per-rank: rank0[cuda0,share=0.4039,tput=2.51] rank1[cuda1,share=0.3025,tput=4.06] rank2[cuda2,share=0.2936,tput=2.69]
epoch 23: eval=0.7472
epoch 24: loss=0.581278, train_acc=0.7997, time=8.7s
per-rank: rank0[cuda0,share=0.4057,tput=2.48] rank1[cuda1,share=0.3009,tput=2.74] rank2[cuda2,share=0.2934,tput=5.76]
epoch 24: eval=0.7124
epoch 25: loss=0.585103, train_acc=0.8019, time=8.6s
per-rank: rank0[cuda0,share=0.4075,tput=2.43] rank1[cuda1,share=0.2992,tput=6.15] rank2[cuda2,share=0.2932,tput=2.51]
epoch 25: eval=0.7236
epoch 26: loss=0.578030, train_acc=0.8024, time=10.4s
per-rank: rank0[cuda0,share=0.4084,tput=2.37] rank1[cuda1,share=0.2992,tput=3.70] rank2[cuda2,share=0.2924,tput=5.53]
epoch 26: eval=0.7353
epoch 27: loss=0.564175, train_acc=0.8053, time=9.7s
per-rank: rank0[cuda0,share=0.4094,tput=2.73] rank1[cuda1,share=0.2991,tput=2.86] rank2[cuda2,share=0.2915,tput=3.79]
epoch 27: eval=0.7556
epoch 28: loss=0.558952, train_acc=0.8058, time=8.5s
per-rank: rank0[cuda0,share=0.4094,tput=3.06] rank1[cuda1,share=0.3006,tput=2.89] rank2[cuda2,share=0.2900,tput=3.83]
epoch 28: eval=0.7831
epoch 29: loss=0.563350, train_acc=0.8057, time=10.7s
per-rank: rank0[cuda0,share=0.4100,tput=2.35] rank1[cuda1,share=0.3010,tput=4.95] rank2[cuda2,share=0.2890,tput=4.01]
epoch 29: eval=0.7770
epoch 30: loss=0.552091, train_acc=0.8094, time=9.8s
per-rank: rank0[cuda0,share=0.4095,tput=2.41] rank1[cuda1,share=0.3019,tput=3.35] rank2[cuda2,share=0.2886,tput=3.46]
epoch 30: eval=0.7884
epoch 31: loss=0.552811, train_acc=0.8102, time=10.8s
per-rank: rank0[cuda0,share=0.4089,tput=2.27] rank1[cuda1,share=0.3029,tput=5.37] rank2[cuda2,share=0.2882,tput=3.66]
epoch 31: eval=0.7785
epoch 32: loss=0.544343, train_acc=0.8120, time=9.8s
per-rank: rank0[cuda0,share=0.4090,tput=2.48] rank1[cuda1,share=0.3029,tput=4.51] rank2[cuda2,share=0.2882,tput=2.49]
epoch 32: eval=0.6987
epoch 33: loss=0.549695, train_acc=0.8109, time=8.8s
per-rank: rank0[cuda0,share=0.4090,tput=4.34] rank1[cuda1,share=0.3028,tput=2.89] rank2[cuda2,share=0.2882,tput=2.39]
epoch 33: eval=0.7049
epoch 34: loss=0.548333, train_acc=0.8117, time=8.8s
per-rank: rank0[cuda0,share=0.4090,tput=2.09] rank1[cuda1,share=0.3028,tput=6.91] rank2[cuda2,share=0.2882,tput=2.49]
epoch 34: eval=0.7594
epoch 35: loss=0.537397, train_acc=0.8151, time=8.7s
per-rank: rank0[cuda0,share=0.4091,tput=3.73] rank1[cuda1,share=0.3027,tput=2.53] rank2[cuda2,share=0.2882,tput=3.24]
epoch 35: eval=0.7850
epoch 36: loss=0.542255, train_acc=0.8130, time=10.8s
per-rank: rank0[cuda0,share=0.4091,tput=2.33] rank1[cuda1,share=0.3026,tput=4.04] rank2[cuda2,share=0.2882,tput=5.08]
epoch 36: eval=0.7922
epoch 37: loss=0.536419, train_acc=0.8151, time=9.9s
per-rank: rank0[cuda0,share=0.4092,tput=2.67] rank1[cuda1,share=0.3026,tput=4.03] rank2[cuda2,share=0.2882,tput=2.61]
epoch 37: eval=0.7820
epoch 38: loss=0.536973, train_acc=0.8157, time=8.7s
per-rank: rank0[cuda0,share=0.4092,tput=2.85] rank1[cuda1,share=0.3026,tput=3.78] rank2[cuda2,share=0.2882,tput=2.78]
epoch 38: eval=0.7695
epoch 39: loss=0.531098, eval=0.7732, train_acc=0.8171, time=9.4s
per-rank: rank0[cuda0,share=0.4066,tput=3.37] rank1[cuda1,share=0.3039,tput=3.31] rank2[cuda2,share=0.2895,tput=2.70]
epoch 40: loss=0.513726, train_acc=0.8236, time=9.0s
per-rank: rank0[cuda0,share=0.4063,tput=2.72] rank1[cuda1,share=0.3043,tput=5.72] rank2[cuda2,share=0.2894,tput=2.30]
epoch 40: eval=0.8053
epoch 41: loss=0.527662, train_acc=0.8181, time=8.7s
per-rank: rank0[cuda0,share=0.4059,tput=3.98] rank1[cuda1,share=0.3048,tput=2.44] rank2[cuda2,share=0.2893,tput=3.48]
epoch 41: eval=0.7744
epoch 42: loss=0.530700, train_acc=0.8182, time=8.7s
per-rank: rank0[cuda0,share=0.4059,tput=3.82] rank1[cuda1,share=0.3048,tput=2.34] rank2[cuda2,share=0.2893,tput=3.68]
epoch 42: eval=0.7480
epoch 43: loss=0.515162, train_acc=0.8222, time=8.7s
per-rank: rank0[cuda0,share=0.4056,tput=3.16] rank1[cuda1,share=0.3052,tput=2.58] rank2[cuda2,share=0.2892,tput=3.94]
epoch 43: eval=0.7932
epoch 44: loss=0.523983, train_acc=0.8210, time=8.7s
per-rank: rank0[cuda0,share=0.4053,tput=2.14] rank1[cuda1,share=0.3056,tput=2.87] rank2[cuda2,share=0.2891,tput=6.21]
epoch 44: eval=0.7950
epoch 45: loss=0.517594, train_acc=0.8227, time=10.9s
per-rank: rank0[cuda0,share=0.4031,tput=2.19] rank1[cuda1,share=0.3062,tput=4.87] rank2[cuda2,share=0.2908,tput=3.83]
epoch 45: eval=0.8124
epoch 46: loss=0.510787, train_acc=0.8252, time=9.9s
per-rank: rank0[cuda0,share=0.4016,tput=2.52] rank1[cuda1,share=0.3055,tput=3.70] rank2[cuda2,share=0.2929,tput=2.85]
epoch 46: eval=0.7765
epoch 47: loss=0.510820, train_acc=0.8257, time=8.7s
per-rank: rank0[cuda0,share=0.4002,tput=4.05] rank1[cuda1,share=0.3048,tput=2.37] rank2[cuda2,share=0.2950,tput=3.38]
epoch 47: eval=0.8047
epoch 48: loss=0.510202, train_acc=0.8255, time=10.7s
per-rank: rank0[cuda0,share=0.3987,tput=2.22] rank1[cuda1,share=0.3041,tput=3.51] rank2[cuda2,share=0.2971,tput=5.18]
epoch 48: eval=0.7509
epoch 49: loss=0.512938, train_acc=0.8230, time=9.7s
per-rank: rank0[cuda0,share=0.3986,tput=2.35] rank1[cuda1,share=0.3028,tput=3.07] rank2[cuda2,share=0.2986,tput=4.02]
epoch 49: eval=0.8025
epoch 50: loss=0.506202, train_acc=0.8248, time=8.7s
per-rank: rank0[cuda0,share=0.3978,tput=3.56] rank1[cuda1,share=0.3026,tput=2.61] rank2[cuda2,share=0.2996,tput=4.55]
epoch 50: eval=0.7348
epoch 51: loss=0.520313, train_acc=0.8225, time=11.5s
per-rank: rank0[cuda0,share=0.3973,tput=2.02] rank1[cuda1,share=0.3020,tput=3.93] rank2[cuda2,share=0.3008,tput=5.26]
epoch 51: eval=0.7709
epoch 52: loss=0.511298, train_acc=0.8229, time=10.0s
per-rank: rank0[cuda0,share=0.3974,tput=2.98] rank1[cuda1,share=0.3018,tput=4.61] rank2[cuda2,share=0.3008,tput=2.64]
epoch 52: eval=0.8404
epoch 53: loss=0.510734, train_acc=0.8251, time=8.8s
per-rank: rank0[cuda0,share=0.3974,tput=3.08] rank1[cuda1,share=0.3018,tput=2.61] rank2[cuda2,share=0.3008,tput=3.64]
epoch 53: eval=0.7521
epoch 54: loss=0.503914, train_acc=0.8271, time=8.7s
per-rank: rank0[cuda0,share=0.3975,tput=5.65] rank1[cuda1,share=0.3017,tput=2.39] rank2[cuda2,share=0.3008,tput=4.56]
epoch 54: eval=0.8136
epoch 55: loss=0.497994, train_acc=0.8279, time=8.7s
per-rank: rank0[cuda0,share=0.3976,tput=2.98] rank1[cuda1,share=0.3016,tput=2.66] rank2[cuda2,share=0.3008,tput=4.71]
epoch 55: eval=0.7696
epoch 56: loss=0.501273, train_acc=0.8265, time=8.7s
per-rank: rank0[cuda0,share=0.3990,tput=3.88] rank1[cuda1,share=0.3008,tput=3.18] rank2[cuda2,share=0.3002,tput=2.58]
epoch 56: eval=0.7346
epoch 57: loss=0.490702, train_acc=0.8322, time=10.8s
per-rank: rank0[cuda0,share=0.4004,tput=2.23] rank1[cuda1,share=0.3018,tput=4.78] rank2[cuda2,share=0.2978,tput=3.76]
epoch 57: eval=0.8106
epoch 58: loss=0.500179, train_acc=0.8273, time=9.9s
per-rank: rank0[cuda0,share=0.4004,tput=2.95] rank1[cuda1,share=0.3018,tput=3.98] rank2[cuda2,share=0.2978,tput=2.48]
epoch 58: eval=0.7351
epoch 59: loss=0.499414, train_acc=0.8295, time=8.6s
per-rank: rank0[cuda0,share=0.4010,tput=3.72] rank1[cuda1,share=0.3023,tput=2.66] rank2[cuda2,share=0.2966,tput=3.41]
epoch 59: eval=0.7591
epoch 60: loss=0.489754, train_acc=0.8314, time=8.7s
per-rank: rank0[cuda0,share=0.4017,tput=2.43] rank1[cuda1,share=0.3028,tput=2.35] rank2[cuda2,share=0.2954,tput=6.58]
epoch 60: eval=0.7382
epoch 61: loss=0.489372, train_acc=0.8310, time=8.9s
per-rank: rank0[cuda0,share=0.4034,tput=3.37] rank1[cuda1,share=0.3017,tput=2.24] rank2[cuda2,share=0.2949,tput=5.23]
epoch 61: eval=0.7685
epoch 62: loss=0.494044, train_acc=0.8301, time=8.6s
per-rank: rank0[cuda0,share=0.4050,tput=3.51] rank1[cuda1,share=0.3006,tput=4.18] rank2[cuda2,share=0.2944,tput=2.24]
epoch 62: eval=0.7645
epoch 63: loss=0.491979, train_acc=0.8313, time=8.6s
per-rank: rank0[cuda0,share=0.4066,tput=3.45] rank1[cuda1,share=0.2995,tput=6.02] rank2[cuda2,share=0.2940,tput=2.10]
epoch 63: eval=0.7801
epoch 64: loss=0.495830, train_acc=0.8284, time=11.3s
per-rank: rank0[cuda0,share=0.4082,tput=2.22] rank1[cuda1,share=0.2983,tput=4.10] rank2[cuda2,share=0.2936,tput=4.89]
epoch 64: eval=0.7209
epoch 65: loss=0.490460, train_acc=0.8308, time=10.3s
per-rank: rank0[cuda0,share=0.4098,tput=2.24] rank1[cuda1,share=0.2971,tput=2.91] rank2[cuda2,share=0.2931,tput=4.23]
epoch 65: eval=0.7725
epoch 66: loss=0.488219, train_acc=0.8326, time=9.0s
per-rank: rank0[cuda0,share=0.4114,tput=2.95] rank1[cuda1,share=0.2959,tput=2.76] rank2[cuda2,share=0.2927,tput=3.74]
epoch 66: eval=0.8036
epoch 67: loss=0.491589, train_acc=0.8313, time=8.7s
per-rank: rank0[cuda0,share=0.4130,tput=3.90] rank1[cuda1,share=0.2947,tput=2.28] rank2[cuda2,share=0.2923,tput=3.48]
epoch 67: eval=0.7417
epoch 68: loss=0.495791, train_acc=0.8294, time=12.4s
per-rank: rank0[cuda0,share=0.4129,tput=1.97] rank1[cuda1,share=0.2944,tput=5.59] rank2[cuda2,share=0.2928,tput=3.80]
epoch 68: eval=0.7945
epoch 69: loss=0.478732, train_acc=0.8357, time=10.8s
per-rank: rank0[cuda0,share=0.4128,tput=2.37] rank1[cuda1,share=0.2940,tput=4.30] rank2[cuda2,share=0.2932,tput=2.78]
epoch 69: eval=0.8027
epoch 70: loss=0.481780, train_acc=0.8345, time=9.0s
per-rank: rank0[cuda0,share=0.4126,tput=3.61] rank1[cuda1,share=0.2937,tput=2.40] rank2[cuda2,share=0.2937,tput=3.47]
epoch 70: eval=0.8012
epoch 71: loss=0.490473, train_acc=0.8316, time=8.9s
per-rank: rank0[cuda0,share=0.4123,tput=2.74] rank2[cuda2,share=0.2940,tput=6.36] rank1[cuda1,share=0.2937,tput=2.19]
epoch 71: eval=0.7245
epoch 72: loss=0.483398, train_acc=0.8348, time=8.6s
per-rank: rank0[cuda0,share=0.4125,tput=2.61] rank1[cuda1,share=0.2941,tput=2.91] rank2[cuda2,share=0.2933,tput=5.41]
epoch 72: eval=0.8043
epoch 73: loss=0.483545, train_acc=0.8355, time=8.6s
per-rank: rank0[cuda0,share=0.4108,tput=4.82] rank1[cuda1,share=0.2948,tput=2.56] rank2[cuda2,share=0.2944,tput=4.58]
epoch 73: eval=0.8243
epoch 74: loss=0.478851, train_acc=0.8353, time=8.8s
per-rank: rank0[cuda0,share=0.4090,tput=3.29] rank2[cuda2,share=0.2956,tput=3.47] rank1[cuda1,share=0.2954,tput=2.61]
epoch 74: eval=0.6677
epoch 75: loss=0.480657, train_acc=0.8338, time=10.4s
per-rank: rank0[cuda0,share=0.4071,tput=2.32] rank2[cuda2,share=0.2968,tput=3.59] rank1[cuda1,share=0.2961,tput=5.11]
epoch 75: eval=0.7556
epoch 76: loss=0.473475, train_acc=0.8360, time=9.6s
per-rank: rank0[cuda0,share=0.4052,tput=2.31] rank2[cuda2,share=0.2980,tput=2.88] rank1[cuda1,share=0.2968,tput=3.97]
epoch 76: eval=0.8078
epoch 77: loss=0.480348, train_acc=0.8352, time=11.7s
per-rank: rank0[cuda0,share=0.4017,tput=2.02] rank2[cuda2,share=0.3003,tput=3.75] rank1[cuda1,share=0.2980,tput=5.05]
epoch 77: eval=0.8146
epoch 78: loss=0.481869, train_acc=0.8348, time=10.4s
per-rank: rank0[cuda0,share=0.4017,tput=2.06] rank2[cuda2,share=0.3003,tput=3.17] rank1[cuda1,share=0.2980,tput=3.76]
epoch 78: eval=0.7852
epoch 79: loss=0.478426, train_acc=0.8359, time=8.9s
per-rank: rank0[cuda0,share=0.4007,tput=3.22] rank2[cuda2,share=0.3019,tput=3.63] rank1[cuda1,share=0.2974,tput=2.54]
epoch 79: eval=0.8099
epoch 80: loss=0.472395, train_acc=0.8376, time=8.8s
per-rank: rank0[cuda0,share=0.3950,tput=2.45] rank2[cuda2,share=0.3053,tput=2.41] rank1[cuda1,share=0.2997,tput=5.70]
epoch 80: eval=0.8321
epoch 81: loss=0.466653, train_acc=0.8396, time=8.6s
per-rank: rank0[cuda0,share=0.3913,tput=4.24] rank2[cuda2,share=0.3073,tput=3.55] rank1[cuda1,share=0.3014,tput=2.23]
epoch 81: eval=0.7931
epoch 82: loss=0.469130, train_acc=0.8381, time=10.0s
per-rank: rank0[cuda0,share=0.3891,tput=2.27] rank2[cuda2,share=0.3085,tput=4.81] rank1[cuda1,share=0.3024,tput=3.56]
epoch 82: eval=0.7787
epoch 83: loss=0.482042, train_acc=0.8352, time=9.5s
per-rank: rank0[cuda0,share=0.3881,tput=3.21] rank2[cuda2,share=0.3091,tput=2.56] rank1[cuda1,share=0.3028,tput=4.07]
epoch 83: eval=0.7947
epoch 84: loss=0.476655, train_acc=0.8371, time=8.6s
per-rank: rank0[cuda0,share=0.3870,tput=3.16] rank2[cuda2,share=0.3098,tput=2.60] rank1[cuda1,share=0.3032,tput=4.16]
epoch 84: eval=0.8400
epoch 85: loss=0.469726, train_acc=0.8387, time=8.7s
per-rank: rank0[cuda0,share=0.3850,tput=2.49] rank2[cuda2,share=0.3110,tput=2.44] rank1[cuda1,share=0.3040,tput=6.15]
epoch 85: eval=0.7843
epoch 86: loss=0.459616, train_acc=0.8424, time=8.7s
per-rank: rank0[cuda0,share=0.3858,tput=4.00] rank2[cuda2,share=0.3107,tput=2.40] rank1[cuda1,share=0.3035,tput=3.35]
epoch 86: eval=0.8173
epoch 87: loss=0.475758, train_acc=0.8350, time=10.4s
per-rank: rank0[cuda0,share=0.3858,tput=2.27] rank2[cuda2,share=0.3099,tput=4.41] rank1[cuda1,share=0.3043,tput=4.06]
epoch 87: eval=0.7790
epoch 88: loss=0.475002, train_acc=0.8367, time=9.6s
per-rank: rank0[cuda0,share=0.3885,tput=3.10] rank2[cuda2,share=0.3068,tput=2.79] rank1[cuda1,share=0.3047,tput=3.58]
epoch 88: eval=0.7875
epoch 89: loss=0.473990, train_acc=0.8375, time=8.7s
per-rank: rank0[cuda0,share=0.3904,tput=2.44] rank2[cuda2,share=0.3050,tput=5.67] rank1[cuda1,share=0.3046,tput=2.62]
epoch 89: eval=0.7687
epoch 90: loss=0.472252, train_acc=0.8371, time=8.8s
per-rank: rank0[cuda0,share=0.3957,tput=3.88] rank2[cuda2,share=0.3023,tput=4.02] rank1[cuda1,share=0.3020,tput=2.11]
epoch 90: eval=0.8380
epoch 91: loss=0.459745, train_acc=0.8423, time=8.7s
per-rank: rank0[cuda0,share=0.3977,tput=2.44] rank2[cuda2,share=0.3021,tput=2.62] rank1[cuda1,share=0.3002,tput=6.21]
epoch 91: eval=0.8204
epoch 92: loss=0.478771, train_acc=0.8348, time=11.8s
per-rank: rank0[cuda0,share=0.3976,tput=2.07] rank2[cuda2,share=0.3030,tput=5.10] rank1[cuda1,share=0.2995,tput=4.01]
epoch 92: eval=0.7749
epoch 93: loss=0.465853, train_acc=0.8398, time=10.6s
per-rank: rank0[cuda0,share=0.3975,tput=2.10] rank2[cuda2,share=0.3038,tput=2.86] rank1[cuda1,share=0.2987,tput=4.40]
epoch 93: eval=0.7520
epoch 94: loss=0.468554, train_acc=0.8396, time=8.9s
per-rank: rank0[cuda0,share=0.3974,tput=3.72] rank2[cuda2,share=0.3047,tput=2.41] rank1[cuda1,share=0.2979,tput=3.48]
epoch 94: eval=0.8075
epoch 95: loss=0.462890, train_acc=0.8417, time=8.8s
per-rank: rank0[cuda0,share=0.3971,tput=3.11] rank2[cuda2,share=0.3049,tput=2.33] rank1[cuda1,share=0.2980,tput=4.23]
epoch 95: eval=0.8116
epoch 96: loss=0.456433, train_acc=0.8422, time=10.7s
per-rank: rank0[cuda0,share=0.3956,tput=2.10] rank2[cuda2,share=0.3066,tput=5.12] rank1[cuda1,share=0.2978,tput=3.70]
epoch 96: eval=0.7172
epoch 97: loss=0.465104, train_acc=0.8397, time=9.7s
per-rank: rank0[cuda0,share=0.3940,tput=2.20] rank2[cuda2,share=0.3084,tput=4.12] rank1[cuda1,share=0.2976,tput=2.93]
epoch 97: eval=0.7268
epoch 98: loss=0.467979, train_acc=0.8397, time=8.9s
per-rank: rank0[cuda0,share=0.3916,tput=2.06] rank2[cuda2,share=0.3096,tput=6.30] rank1[cuda1,share=0.2987,tput=2.63]
epoch 98: eval=0.7641
epoch 99: loss=0.446331, train_acc=0.8475, time=8.7s
per-rank: rank0[cuda0,share=0.3824,tput=2.94] rank2[cuda2,share=0.3135,tput=5.66] rank1[cuda1,share=0.3041,tput=2.18]
epoch 99: eval=0.8106
epoch 100: loss=0.372521, train_acc=0.8721, time=8.8s
per-rank: rank0[cuda0,share=0.3804,tput=2.63] rank2[cuda2,share=0.3145,tput=5.29] rank1[cuda1,share=0.3050,tput=2.43]
epoch 100: eval=0.8953
epoch 101: loss=0.250117, train_acc=0.9133, time=8.8s
per-rank: rank0[cuda0,share=0.3776,tput=3.24] rank2[cuda2,share=0.3143,tput=5.16] rank1[cuda1,share=0.3081,tput=2.28]
epoch 101: eval=0.8982
epoch 102: loss=0.238547, train_acc=0.9183, time=8.6s
per-rank: rank0[cuda0,share=0.3773,tput=2.95] rank2[cuda2,share=0.3145,tput=4.85] rank1[cuda1,share=0.3082,tput=2.52]
epoch 102: eval=0.8962
epoch 103: loss=0.227999, train_acc=0.9216, time=8.7s
per-rank: rank0[cuda0,share=0.3785,tput=3.68] rank2[cuda2,share=0.3139,tput=3.66] rank1[cuda1,share=0.3076,tput=2.75]
epoch 103: eval=0.8964
epoch 104: loss=0.219595, train_acc=0.9229, time=8.8s
per-rank: rank0[cuda0,share=0.3810,tput=5.13] rank2[cuda2,share=0.3127,tput=2.26] rank1[cuda1,share=0.3064,tput=4.81]
epoch 104: eval=0.9029
epoch 105: loss=0.214830, train_acc=0.9246, time=10.4s
per-rank: rank0[cuda0,share=0.3860,tput=2.28] rank2[cuda2,share=0.3094,tput=3.62] rank1[cuda1,share=0.3046,tput=5.47]
epoch 105: eval=0.9026
epoch 106: loss=0.205314, train_acc=0.9284, time=9.6s
per-rank: rank0[cuda0,share=0.3913,tput=3.30] rank2[cuda2,share=0.3059,tput=2.24] rank1[cuda1,share=0.3028,tput=4.22]
epoch 106: eval=0.9036
epoch 107: loss=0.204142, train_acc=0.9290, time=10.7s
per-rank: rank0[cuda0,share=0.3998,tput=2.35] rank1[cuda1,share=0.3010,tput=4.01] rank2[cuda2,share=0.2992,tput=4.90]
epoch 107: eval=0.9073
epoch 108: loss=0.200949, eval=0.9032, train_acc=0.9308, time=10.6s
per-rank: rank0[cuda0,share=0.4037,tput=2.48] rank1[cuda1,share=0.2998,tput=3.62] rank2[cuda2,share=0.2965,tput=3.11]
epoch 109: loss=0.193427, train_acc=0.9322, time=10.5s
per-rank: rank0[cuda0,share=0.4069,tput=2.21] rank1[cuda1,share=0.2991,tput=3.59] rank2[cuda2,share=0.2941,tput=5.14]
epoch 109: eval=0.9036
epoch 110: loss=0.193905, train_acc=0.9324, time=9.5s
per-rank: rank0[cuda0,share=0.4080,tput=2.61] rank1[cuda1,share=0.2993,tput=3.51] rank2[cuda2,share=0.2927,tput=3.14]
epoch 110: eval=0.9068
epoch 111: loss=0.190466, train_acc=0.9336, time=8.6s
per-rank: rank0[cuda0,share=0.4102,tput=3.79] rank1[cuda1,share=0.2978,tput=2.40] rank2[cuda2,share=0.2921,tput=3.66]
epoch 111: eval=0.9062
epoch 112: loss=0.187830, train_acc=0.9345, time=10.8s
per-rank: rank0[cuda0,share=0.4143,tput=2.27] rank1[cuda1,share=0.2948,tput=3.93] rank2[cuda2,share=0.2909,tput=5.07]
epoch 112: eval=0.9037
epoch 113: loss=0.183826, train_acc=0.9358, time=10.0s
per-rank: rank0[cuda0,share=0.4143,tput=2.53] rank1[cuda1,share=0.2948,tput=4.40] rank2[cuda2,share=0.2909,tput=2.43]
epoch 113: eval=0.9057
epoch 114: loss=0.184116, train_acc=0.9354, time=10.7s
per-rank: rank0[cuda0,share=0.4157,tput=2.35] rank2[cuda2,share=0.2925,tput=3.85] rank1[cuda1,share=0.2919,tput=4.74]
epoch 114: eval=0.9056
epoch 115: loss=0.175647, train_acc=0.9381, time=9.8s
per-rank: rank0[cuda0,share=0.4157,tput=2.36] rank2[cuda2,share=0.2935,tput=3.88] rank1[cuda1,share=0.2908,tput=2.86]
epoch 115: eval=0.9074
epoch 116: loss=0.175802, train_acc=0.9374, time=8.6s
per-rank: rank0[cuda0,share=0.4164,tput=2.39] rank2[cuda2,share=0.2934,tput=5.36] rank1[cuda1,share=0.2902,tput=2.85]
epoch 116: eval=0.9078
epoch 117: loss=0.175138, train_acc=0.9389, time=8.7s
per-rank: rank0[cuda0,share=0.4156,tput=3.02] rank2[cuda2,share=0.2941,tput=4.96] rank1[cuda1,share=0.2903,tput=2.73]
epoch 117: eval=0.9045
epoch 118: loss=0.175643, train_acc=0.9390, time=8.8s
per-rank: rank0[cuda0,share=0.4141,tput=2.59] rank2[cuda2,share=0.2953,tput=2.69] rank1[cuda1,share=0.2907,tput=4.09]
epoch 118: eval=0.9007
epoch 119: loss=0.169677, train_acc=0.9422, time=10.2s
per-rank: rank0[cuda0,share=0.4134,tput=2.43] rank2[cuda2,share=0.2953,tput=3.45] rank1[cuda1,share=0.2914,tput=5.20]
epoch 119: eval=0.9073
epoch 120: loss=0.169151, train_acc=0.9408, time=9.5s
per-rank: rank0[cuda0,share=0.4125,tput=2.71] rank2[cuda2,share=0.2949,tput=2.70] rank1[cuda1,share=0.2926,tput=4.00]
epoch 120: eval=0.9070
epoch 121: loss=0.168239, train_acc=0.9401, time=8.6s
per-rank: rank0[cuda0,share=0.4103,tput=3.22] rank2[cuda2,share=0.2952,tput=2.52] rank1[cuda1,share=0.2945,tput=3.85]
epoch 121: eval=0.9041
epoch 122: loss=0.162477, train_acc=0.9427, time=8.9s
per-rank: rank0[cuda0,share=0.4080,tput=3.75] rank1[cuda1,share=0.2964,tput=4.68] rank2[cuda2,share=0.2956,tput=2.53]
epoch 122: eval=0.9023
epoch 123: loss=0.165251, train_acc=0.9420, time=10.2s
per-rank: rank0[cuda0,share=0.4047,tput=2.33] rank1[cuda1,share=0.3013,tput=5.08] rank2[cuda2,share=0.2940,tput=3.45]
epoch 123: eval=0.9019
epoch 124: loss=0.160701, train_acc=0.9438, time=9.5s
per-rank: rank0[cuda0,share=0.4033,tput=3.19] rank1[cuda1,share=0.3016,tput=3.29] rank2[cuda2,share=0.2951,tput=2.89]
epoch 124: eval=0.9077
epoch 125: loss=0.158770, train_acc=0.9441, time=8.8s
per-rank: rank0[cuda0,share=0.4035,tput=2.88] rank1[cuda1,share=0.3011,tput=5.09] rank2[cuda2,share=0.2954,tput=2.53]
epoch 125: eval=0.9000
epoch 126: loss=0.160834, train_acc=0.9434, time=10.6s
per-rank: rank0[cuda0,share=0.4051,tput=2.30] rank1[cuda1,share=0.2981,tput=3.64] rank2[cuda2,share=0.2968,tput=4.82]
epoch 126: eval=0.9032
epoch 127: loss=0.157034, train_acc=0.9451, time=9.7s
per-rank: rank0[cuda0,share=0.4059,tput=2.88] rank2[cuda2,share=0.2976,tput=3.77] rank1[cuda1,share=0.2966,tput=2.82]
epoch 127: eval=0.9019
epoch 128: loss=0.155509, train_acc=0.9449, time=10.4s
per-rank: rank0[cuda0,share=0.4067,tput=2.38] rank2[cuda2,share=0.2984,tput=5.25] rank1[cuda1,share=0.2950,tput=3.47]
epoch 128: eval=0.9003
epoch 129: loss=0.156362, train_acc=0.9436, time=9.7s
per-rank: rank0[cuda0,share=0.4097,tput=2.60] rank2[cuda2,share=0.2972,tput=3.54] rank1[cuda1,share=0.2931,tput=2.94]
epoch 129: eval=0.9037
epoch 130: loss=0.155526, train_acc=0.9446, time=8.7s
per-rank: rank0[cuda0,share=0.4151,tput=3.36] rank2[cuda2,share=0.2960,tput=3.40] rank1[cuda1,share=0.2889,tput=2.75]
epoch 130: eval=0.9011
epoch 131: loss=0.154698, train_acc=0.9457, time=8.7s
per-rank: rank0[cuda0,share=0.4176,tput=3.67] rank2[cuda2,share=0.2960,tput=2.06] rank1[cuda1,share=0.2865,tput=4.30]
epoch 131: eval=0.9021
epoch 132: loss=0.153307, train_acc=0.9469, time=8.7s
per-rank: rank0[cuda0,share=0.4181,tput=3.29] rank2[cuda2,share=0.2946,tput=2.29] rank1[cuda1,share=0.2873,tput=3.98]
epoch 132: eval=0.9013
epoch 133: loss=0.151547, train_acc=0.9461, time=11.4s
per-rank: rank0[cuda0,share=0.4172,tput=2.16] rank2[cuda2,share=0.2922,tput=4.49] rank1[cuda1,share=0.2907,tput=4.13]
epoch 133: eval=0.9001
epoch 134: loss=0.152010, train_acc=0.9464, time=10.2s
per-rank: rank0[cuda0,share=0.4163,tput=2.75] rank1[cuda1,share=0.2937,tput=4.14] rank2[cuda2,share=0.2900,tput=2.63]
epoch 134: eval=0.9068
epoch 135: loss=0.150639, train_acc=0.9475, time=8.6s
per-rank: rank0[cuda0,share=0.4155,tput=4.09] rank1[cuda1,share=0.2968,tput=3.03] rank2[cuda2,share=0.2878,tput=2.51]
epoch 135: eval=0.9070
epoch 136: loss=0.150868, train_acc=0.9471, time=8.9s
per-rank: rank0[cuda0,share=0.4128,tput=2.80] rank1[cuda1,share=0.3006,tput=3.70] rank2[cuda2,share=0.2866,tput=2.82]
epoch 136: eval=0.9073
epoch 137: loss=0.145160, train_acc=0.9486, time=8.7s
per-rank: rank0[cuda0,share=0.4102,tput=3.13] rank1[cuda1,share=0.3027,tput=4.00] rank2[cuda2,share=0.2871,tput=2.42]
epoch 137: eval=0.9041
epoch 138: loss=0.147878, train_acc=0.9482, time=8.8s
per-rank: rank0[cuda0,share=0.4075,tput=3.17] rank1[cuda1,share=0.3049,tput=5.13] rank2[cuda2,share=0.2876,tput=2.47]
epoch 138: eval=0.9040
epoch 139: loss=0.149272, train_acc=0.9466, time=8.7s
per-rank: rank0[cuda0,share=0.3997,tput=3.77] rank1[cuda1,share=0.3104,tput=2.77] rank2[cuda2,share=0.2899,tput=3.04]
epoch 139: eval=0.8944
epoch 140: loss=0.148047, train_acc=0.9471, time=8.9s
per-rank: rank0[cuda0,share=0.3978,tput=3.59] rank1[cuda1,share=0.3121,tput=2.62] rank2[cuda2,share=0.2901,tput=3.29]
epoch 140: eval=0.9001
epoch 141: loss=0.142450, train_acc=0.9497, time=8.8s
per-rank: rank0[cuda0,share=0.3963,tput=3.23] rank1[cuda1,share=0.3134,tput=2.71] rank2[cuda2,share=0.2903,tput=3.67]
epoch 141: eval=0.9003
epoch 142: loss=0.150016, train_acc=0.9462, time=10.6s
per-rank: rank0[cuda0,share=0.3939,tput=2.23] rank1[cuda1,share=0.3145,tput=4.61] rank2[cuda2,share=0.2916,tput=3.64]
epoch 142: eval=0.9037
epoch 143: loss=0.140487, train_acc=0.9502, time=9.6s
per-rank: rank0[cuda0,share=0.3941,tput=2.95] rank1[cuda1,share=0.3143,tput=3.60] rank2[cuda2,share=0.2916,tput=2.93]
epoch 143: eval=0.8974
epoch 144: loss=0.140015, train_acc=0.9509, time=8.7s
per-rank: rank0[cuda0,share=0.3951,tput=2.61] rank1[cuda1,share=0.3128,tput=5.67] rank2[cuda2,share=0.2921,tput=2.55]
epoch 144: eval=0.9008
epoch 145: loss=0.139770, train_acc=0.9506, time=10.6s
per-rank: rank0[cuda0,share=0.4003,tput=2.27] rank1[cuda1,share=0.3075,tput=3.49] rank2[cuda2,share=0.2922,tput=4.90]
epoch 145: eval=0.9015
epoch 146: loss=0.147463, train_acc=0.9480, time=9.5s
per-rank: rank0[cuda0,share=0.4010,tput=2.66] rank1[cuda1,share=0.3053,tput=3.39] rank2[cuda2,share=0.2937,tput=3.42]
epoch 146: eval=0.8951
epoch 147: loss=0.146053, train_acc=0.9482, time=10.9s
per-rank: rank0[cuda0,share=0.4039,tput=2.23] rank1[cuda1,share=0.3016,tput=6.03] rank2[cuda2,share=0.2945,tput=3.20]
epoch 147: eval=0.9007
epoch 148: loss=0.139177, train_acc=0.9506, time=9.9s
per-rank: rank0[cuda0,share=0.4047,tput=2.31] rank1[cuda1,share=0.3008,tput=3.14] rank2[cuda2,share=0.2944,tput=3.68]
epoch 148: eval=0.9021
epoch 149: loss=0.141331, train_acc=0.9504, time=8.6s
per-rank: rank0[cuda0,share=0.4029,tput=3.64] rank1[cuda1,share=0.3031,tput=2.60] rank2[cuda2,share=0.2940,tput=3.46]
epoch 149: eval=0.9001
epoch 150: loss=0.118054, train_acc=0.9581, time=10.2s
per-rank: rank0[cuda0,share=0.4029,tput=2.31] rank1[cuda1,share=0.3048,tput=3.66] rank2[cuda2,share=0.2923,tput=5.39]
epoch 150: eval=0.9146
epoch 151: loss=0.092855, train_acc=0.9685, time=9.6s
per-rank: rank0[cuda0,share=0.4041,tput=2.98] rank1[cuda1,share=0.3046,tput=3.28] rank2[cuda2,share=0.2914,tput=2.94]
epoch 151: eval=0.9155
epoch 152: loss=0.091299, train_acc=0.9690, time=8.8s
per-rank: rank0[cuda0,share=0.4051,tput=3.03] rank1[cuda1,share=0.3039,tput=3.46] rank2[cuda2,share=0.2910,tput=2.71]
epoch 152: eval=0.9141
epoch 153: loss=0.089321, train_acc=0.9701, time=8.9s
per-rank: rank0[cuda0,share=0.4009,tput=3.47] rank1[cuda1,share=0.3033,tput=2.71] rank2[cuda2,share=0.2958,tput=3.84]
epoch 153: eval=0.9165
epoch 154: loss=0.087268, train_acc=0.9709, time=8.8s
per-rank: rank0[cuda0,share=0.3972,tput=3.44] rank1[cuda1,share=0.3023,tput=2.97] rank2[cuda2,share=0.3005,tput=3.32]
epoch 154: eval=0.9174
epoch 155: loss=0.083926, train_acc=0.9718, time=10.0s
per-rank: rank0[cuda0,share=0.3940,tput=2.27] rank2[cuda2,share=0.3042,tput=3.17] rank1[cuda1,share=0.3017,tput=5.66]
epoch 155: eval=0.9158
epoch 156: loss=0.084146, train_acc=0.9726, time=9.5s
per-rank: rank0[cuda0,share=0.3888,tput=3.57] rank2[cuda2,share=0.3077,tput=2.62] rank1[cuda1,share=0.3035,tput=3.28]
epoch 156: eval=0.9171
epoch 157: loss=0.081999, train_acc=0.9728, time=8.8s
per-rank: rank0[cuda0,share=0.3869,tput=3.76] rank2[cuda2,share=0.3077,tput=3.20] rank1[cuda1,share=0.3054,tput=2.61]
epoch 157: eval=0.9193
epoch 158: loss=0.080981, train_acc=0.9724, time=10.8s
per-rank: rank0[cuda0,share=0.3925,tput=2.25] rank1[cuda1,share=0.3054,tput=3.82] rank2[cuda2,share=0.3021,tput=4.90]
epoch 158: eval=0.9197
epoch 159: loss=0.080231, train_acc=0.9738, time=9.7s
per-rank: rank0[cuda0,share=0.3957,tput=2.16] rank1[cuda1,share=0.3047,tput=4.52] rank2[cuda2,share=0.2996,tput=2.81]
epoch 159: eval=0.9173
epoch 160: loss=0.080685, train_acc=0.9723, time=8.7s
per-rank: rank0[cuda0,share=0.3981,tput=3.79] rank1[cuda1,share=0.3052,tput=2.69] rank2[cuda2,share=0.2967,tput=3.20]
epoch 160: eval=0.9183
epoch 161: loss=0.080206, train_acc=0.9728, time=8.7s
per-rank: rank0[cuda0,share=0.4011,tput=3.98] rank1[cuda1,share=0.3072,tput=2.54] rank2[cuda2,share=0.2917,tput=3.19]
epoch 161: eval=0.9162
epoch 162: loss=0.078802, train_acc=0.9735, time=8.7s
per-rank: rank0[cuda0,share=0.4027,tput=3.54] rank1[cuda1,share=0.3080,tput=3.15] rank2[cuda2,share=0.2894,tput=2.67]
epoch 162: eval=0.9182
epoch 163: loss=0.078231, train_acc=0.9734, time=8.8s
per-rank: rank0[cuda0,share=0.4043,tput=3.77] rank1[cuda1,share=0.3065,tput=3.14] rank2[cuda2,share=0.2892,tput=2.54]
epoch 163: eval=0.9198
epoch 164: loss=0.076162, train_acc=0.9747, time=11.0s
per-rank: rank0[cuda0,share=0.4102,tput=2.20] rank1[cuda1,share=0.2996,tput=3.65] rank2[cuda2,share=0.2902,tput=4.97]
epoch 164: eval=0.9191
epoch 165: loss=0.075588, train_acc=0.9751, time=9.9s
per-rank: rank0[cuda0,share=0.4111,tput=2.34] rank1[cuda1,share=0.2964,tput=2.88] rank2[cuda2,share=0.2925,tput=4.08]
epoch 165: eval=0.9168
epoch 166: loss=0.077361, train_acc=0.9741, time=9.1s
per-rank: rank0[cuda0,share=0.4043,tput=2.99] rank2[cuda2,share=0.2999,tput=2.55] rank1[cuda1,share=0.2957,tput=3.64]
epoch 166: eval=0.9182
epoch 167: loss=0.075352, train_acc=0.9746, time=11.0s
per-rank: rank0[cuda0,share=0.3951,tput=2.09] rank2[cuda2,share=0.3036,tput=4.74] rank1[cuda1,share=0.3014,tput=3.78]
epoch 167: eval=0.9185
epoch 168: loss=0.074675, train_acc=0.9749, time=9.8s
per-rank: rank0[cuda0,share=0.3889,tput=2.64] rank1[cuda1,share=0.3067,tput=4.61] rank2[cuda2,share=0.3044,tput=2.34]
epoch 168: eval=0.9180
epoch 169: loss=0.074525, train_acc=0.9752, time=10.5s
per-rank: rank0[cuda0,share=0.3908,tput=2.20] rank1[cuda1,share=0.3089,tput=3.30] rank2[cuda2,share=0.3003,tput=5.23]
epoch 169: eval=0.9168
epoch 170: loss=0.075853, train_acc=0.9741, time=9.6s
per-rank: rank0[cuda0,share=0.3949,tput=2.43] rank1[cuda1,share=0.3065,tput=2.79] rank2[cuda2,share=0.2986,tput=4.17]
epoch 170: eval=0.9166
epoch 171: loss=0.072836, train_acc=0.9758, time=10.4s
per-rank: rank0[cuda0,share=0.3989,tput=2.29] rank1[cuda1,share=0.3032,tput=3.84] rank2[cuda2,share=0.2978,tput=4.87]
epoch 171: eval=0.9191
epoch 172: loss=0.070885, train_acc=0.9766, time=9.7s
per-rank: rank0[cuda0,share=0.4036,tput=2.88] rank2[cuda2,share=0.2987,tput=2.77] rank1[cuda1,share=0.2976,tput=3.54]
epoch 172: eval=0.9172
epoch 173: loss=0.072693, train_acc=0.9754, time=11.5s
per-rank: rank0[cuda0,share=0.4071,tput=2.16] rank2[cuda2,share=0.2977,tput=5.35] rank1[cuda1,share=0.2952,tput=3.90]
epoch 173: eval=0.9160
epoch 174: loss=0.072151, train_acc=0.9759, time=10.3s
per-rank: rank0[cuda0,share=0.4051,tput=2.64] rank2[cuda2,share=0.2991,tput=4.10] rank1[cuda1,share=0.2958,tput=2.83]
epoch 174: eval=0.9180
epoch 175: loss=0.069878, train_acc=0.9763, time=11.4s
per-rank: rank0[cuda0,share=0.3991,tput=2.12] rank1[cuda1,share=0.3024,tput=5.87] rank2[cuda2,share=0.2985,tput=3.31]
epoch 175: eval=0.9189
epoch 176: loss=0.070146, train_acc=0.9767, time=10.2s
per-rank: rank0[cuda0,share=0.3961,tput=2.51] rank2[cuda2,share=0.3047,tput=4.44] rank1[cuda1,share=0.2993,tput=2.78]
epoch 176: eval=0.9176
epoch 177: loss=0.070702, train_acc=0.9762, time=10.7s
per-rank: rank0[cuda0,share=0.4152,tput=2.30] rank2[cuda2,share=0.2947,tput=3.37] rank1[cuda1,share=0.2901,tput=5.52]
epoch 177: eval=0.9169
epoch 178: loss=0.067889, train_acc=0.9776, time=10.0s
per-rank: rank0[cuda0,share=0.4176,tput=2.56] rank2[cuda2,share=0.2983,tput=4.36] rank1[cuda1,share=0.2841,tput=2.56]
epoch 178: eval=0.9177
epoch 179: loss=0.068431, train_acc=0.9765, time=9.1s
per-rank: rank0[cuda0,share=0.4283,tput=3.49] rank1[cuda1,share=0.2982,tput=2.85] rank2[cuda2,share=0.2735,tput=3.02]
epoch 179: eval=0.9184
epoch 180: loss=0.070371, train_acc=0.9764, time=11.1s
per-rank: rank0[cuda0,share=0.4437,tput=2.43] rank2[cuda2,share=0.2883,tput=5.92] rank1[cuda1,share=0.2680,tput=3.62]
epoch 180: eval=0.9179
epoch 181: loss=0.068740, train_acc=0.9761, time=10.2s
per-rank: rank0[cuda0,share=0.4422,tput=2.55] rank2[cuda2,share=0.3022,tput=2.97] rank1[cuda1,share=0.2556,tput=3.90]
epoch 181: eval=0.9166
epoch 182: loss=0.066148, train_acc=0.9783, time=11.8s
per-rank: rank0[cuda0,share=0.3830,tput=2.17] rank1[cuda1,share=0.3168,tput=4.36] rank2[cuda2,share=0.3002,tput=4.44]
epoch 182: eval=0.9144
epoch 183: loss=0.067985, train_acc=0.9773, time=10.5s
per-rank: rank0[cuda0,share=0.3786,tput=2.13] rank1[cuda1,share=0.3217,tput=4.33] rank2[cuda2,share=0.2998,tput=2.87]
epoch 183: eval=0.9185
epoch 184: loss=0.069070, train_acc=0.9768, time=9.1s
per-rank: rank0[cuda0,share=0.3818,tput=3.07] rank1[cuda1,share=0.3145,tput=3.35] rank2[cuda2,share=0.3037,tput=2.80]
epoch 184: eval=0.9173
epoch 185: loss=0.067135, train_acc=0.9779, time=9.0s
per-rank: rank0[cuda0,share=0.3750,tput=2.44] rank1[cuda1,share=0.3221,tput=6.02] rank2[cuda2,share=0.3029,tput=2.40]
epoch 185: eval=0.9168
epoch 186: loss=0.064536, train_acc=0.9789, time=10.1s
per-rank: rank0[cuda0,share=0.4085,tput=2.27] rank1[cuda1,share=0.3018,tput=5.54] rank2[cuda2,share=0.2897,tput=3.15]
epoch 186: eval=0.9165
epoch 187: loss=0.065077, train_acc=0.9779, time=9.7s
per-rank: rank0[cuda0,share=0.3750,tput=2.40] rank1[cuda1,share=0.3264,tput=4.37] rank2[cuda2,share=0.2986,tput=2.58]
epoch 187: eval=0.9168
epoch 188: loss=0.065286, train_acc=0.9783, time=9.1s
per-rank: rank0[cuda0,share=0.3755,tput=2.52] rank1[cuda1,share=0.3241,tput=6.08] rank2[cuda2,share=0.3004,tput=2.20]
epoch 188: eval=0.9156
epoch 189: loss=0.065003, train_acc=0.9781, time=8.9s
per-rank: rank0[cuda0,share=0.3867,tput=4.32] rank1[cuda1,share=0.3117,tput=2.27] rank2[cuda2,share=0.3017,tput=3.55]
epoch 189: eval=0.9173
epoch 190: loss=0.064320, train_acc=0.9786, time=9.0s
per-rank: rank0[cuda0,share=0.4028,tput=2.97] rank2[cuda2,share=0.3009,tput=3.76] rank1[cuda1,share=0.2962,tput=2.49]
epoch 190: eval=0.9177
epoch 191: loss=0.061458, train_acc=0.9790, time=10.5s
per-rank: rank0[cuda0,share=0.4244,tput=2.39] rank2[cuda2,share=0.2989,tput=4.49] rank1[cuda1,share=0.2768,tput=3.95]
epoch 191: eval=0.9185
epoch 192: loss=0.060830, train_acc=0.9798, time=9.9s
per-rank: rank0[cuda0,share=0.4000,tput=2.48] rank2[cuda2,share=0.3037,tput=2.71] rank1[cuda1,share=0.2963,tput=3.89]
epoch 192: eval=0.9170
epoch 193: loss=0.065230, train_acc=0.9783, time=11.1s
per-rank: rank0[cuda0,share=0.4116,tput=2.27] rank1[cuda1,share=0.3103,tput=5.53] rank2[cuda2,share=0.2780,tput=3.47]
epoch 193: eval=0.9165
epoch 194: loss=0.062589, train_acc=0.9788, time=10.0s
per-rank: rank0[cuda0,share=0.4008,tput=2.67] rank1[cuda1,share=0.3122,tput=2.96] rank2[cuda2,share=0.2869,tput=4.16]
epoch 194: eval=0.9195
epoch 195: loss=0.062859, train_acc=0.9792, time=8.9s
per-rank: rank0[cuda0,share=0.4233,tput=2.65] rank1[cuda1,share=0.3094,tput=2.72] rank2[cuda2,share=0.2673,tput=5.86]
epoch 195: eval=0.9173
epoch 196: loss=0.062416, train_acc=0.9793, time=9.2s
per-rank: rank0[cuda0,share=0.4036,tput=3.66] rank1[cuda1,share=0.3085,tput=2.36] rank2[cuda2,share=0.2879,tput=3.94]
epoch 196: eval=0.9158
epoch 197: loss=0.061075, train_acc=0.9790, time=9.1s
per-rank: rank0[cuda0,share=0.4191,tput=3.85] rank2[cuda2,share=0.3113,tput=2.78] rank1[cuda1,share=0.2696,tput=4.46]
epoch 197: eval=0.9175
epoch 198: loss=0.062426, train_acc=0.9790, time=9.1s
per-rank: rank0[cuda0,share=0.4051,tput=3.14] rank1[cuda1,share=0.3171,tput=3.16] rank2[cuda2,share=0.2778,tput=2.97]
epoch 198: eval=0.9167
epoch 199: loss=0.062318, train_acc=0.9785, time=8.9s
per-rank: rank0[cuda0,share=0.4350,tput=3.36] rank1[cuda1,share=0.3049,tput=3.63] rank2[cuda2,share=0.2602,tput=2.35]
final eval=0.9163
# total: 1742.0s (29m 2s)
