# gpu0: NVIDIA GeForce RTX 5060 Ti (15GB, sm_120)
# gpu1: NVIDIA GeForce GTX 1060 6GB (5GB, sm_61)
# gpu2: NVIDIA GeForce GTX 1060 6GB (5GB, sm_61)
epoch 0: loss=2.014950, train_acc=0.2415, time=9.6s
per-rank: rank0[cuda0,share=0.4037,tput=4.39] rank1[cuda1,share=0.3119,tput=4.06] rank2[cuda2,share=0.2844,tput=2.15]
epoch 0: eval=0.3188
epoch 1: loss=1.703541, train_acc=0.3555, time=9.3s
per-rank: rank0[cuda0,share=0.4161,tput=3.64] rank1[cuda1,share=0.2931,tput=2.15] rank2[cuda2,share=0.2908,tput=3.74]
epoch 1: eval=0.3856
epoch 2: loss=1.526172, train_acc=0.4379, time=9.3s
per-rank: rank0[cuda0,share=0.4282,tput=3.23] rank2[cuda2,share=0.2913,tput=3.27] rank1[cuda1,share=0.2806,tput=2.46]
epoch 2: eval=0.4737
epoch 3: loss=1.358097, train_acc=0.5044, time=9.3s
per-rank: rank0[cuda0,share=0.4278,tput=3.71] rank2[cuda2,share=0.2870,tput=2.27] rank1[cuda1,share=0.2852,tput=3.39]
epoch 3: eval=0.5203
epoch 4: loss=1.208238, train_acc=0.5658, time=9.2s
per-rank: rank0[cuda0,share=0.4025,tput=3.69] rank1[cuda1,share=0.3003,tput=4.33] rank2[cuda2,share=0.2972,tput=2.60]
epoch 4: eval=0.5147
epoch 5: loss=1.075529, train_acc=0.6190, time=10.4s
per-rank: rank0[cuda0,share=0.4026,tput=2.21] rank1[cuda1,share=0.3036,tput=3.31] rank2[cuda2,share=0.2938,tput=4.77]
epoch 5: eval=0.6270
epoch 6: loss=0.974898, train_acc=0.6549, time=9.9s
per-rank: rank0[cuda0,share=0.4034,tput=2.69] rank1[cuda1,share=0.2994,tput=2.91] rank2[cuda2,share=0.2971,tput=3.47]
epoch 6: eval=0.6445
epoch 7: loss=0.881193, train_acc=0.6928, time=11.4s
per-rank: rank0[cuda0,share=0.4007,tput=2.15] rank1[cuda1,share=0.3115,tput=5.37] rank2[cuda2,share=0.2878,tput=3.30]
epoch 7: eval=0.6572
epoch 8: loss=0.832017, train_acc=0.7104, time=10.2s
per-rank: rank0[cuda0,share=0.4005,tput=2.38] rank1[cuda1,share=0.3043,tput=2.62] rank2[cuda2,share=0.2952,tput=4.52]
epoch 8: eval=0.6310
epoch 9: loss=0.777989, train_acc=0.7311, time=9.2s
per-rank: rank0[cuda0,share=0.3968,tput=2.37] rank2[cuda2,share=0.3086,tput=5.72] rank1[cuda1,share=0.2946,tput=2.36]
epoch 9: eval=0.7560
epoch 10: loss=0.739280, train_acc=0.7432, time=9.0s
per-rank: rank0[cuda0,share=0.3982,tput=3.42] rank2[cuda2,share=0.3059,tput=3.35] rank1[cuda1,share=0.2959,tput=2.51]
epoch 10: eval=0.6378
epoch 11: loss=0.711938, train_acc=0.7538, time=11.7s
per-rank: rank0[cuda0,share=0.3947,tput=2.13] rank1[cuda1,share=0.3067,tput=3.97] rank2[cuda2,share=0.2986,tput=4.81]
epoch 11: eval=0.7907
epoch 12: loss=0.683014, train_acc=0.7642, time=10.5s
per-rank: rank0[cuda0,share=0.3950,tput=2.48] rank1[cuda1,share=0.3119,tput=3.97] rank2[cuda2,share=0.2931,tput=2.56]
epoch 12: eval=0.7478
epoch 13: loss=0.666280, train_acc=0.7693, time=9.1s
per-rank: rank0[cuda0,share=0.4120,tput=2.51] rank2[cuda2,share=0.2951,tput=2.63] rank1[cuda1,share=0.2929,tput=5.03]
epoch 13: eval=0.7698
epoch 14: loss=0.649345, train_acc=0.7759, time=9.2s
per-rank: rank0[cuda0,share=0.3961,tput=3.21] rank2[cuda2,share=0.3100,tput=3.36] rank1[cuda1,share=0.2939,tput=2.61]
epoch 14: eval=0.7529
epoch 15: loss=0.637963, train_acc=0.7805, time=9.1s
per-rank: rank0[cuda0,share=0.3989,tput=2.50] rank1[cuda1,share=0.3154,tput=2.86] rank2[cuda2,share=0.2857,tput=4.74]
epoch 15: eval=0.7154
epoch 16: loss=0.622682, train_acc=0.7861, time=12.0s
per-rank: rank0[cuda0,share=0.3810,tput=2.01] rank1[cuda1,share=0.3286,tput=3.50] rank2[cuda2,share=0.2903,tput=5.25]
epoch 16: eval=0.7329
epoch 17: loss=0.647924, train_acc=0.7756, time=10.5s
per-rank: rank0[cuda0,share=0.3695,tput=3.04] rank1[cuda1,share=0.3299,tput=2.56] rank2[cuda2,share=0.3006,tput=4.01]
epoch 17: eval=0.7154
epoch 18: loss=0.652893, train_acc=0.7719, time=9.1s
per-rank: rank0[cuda0,share=0.3697,tput=4.60] rank1[cuda1,share=0.3273,tput=2.23] rank2[cuda2,share=0.3030,tput=3.12]
epoch 18: eval=0.7373
epoch 19: loss=0.642626, train_acc=0.7777, time=10.4s
per-rank: rank0[cuda0,share=0.3757,tput=2.19] rank1[cuda1,share=0.3232,tput=3.29] rank2[cuda2,share=0.3012,tput=5.32]
epoch 19: eval=0.7492
epoch 20: loss=0.633442, train_acc=0.7809, time=9.9s
per-rank: rank0[cuda0,share=0.3829,tput=2.84] rank1[cuda1,share=0.3187,tput=3.74] rank2[cuda2,share=0.2984,tput=2.47]
epoch 20: eval=0.6913
epoch 21: loss=0.621839, train_acc=0.7855, time=9.2s
per-rank: rank0[cuda0,share=0.3878,tput=2.10] rank1[cuda1,share=0.3157,tput=2.79] rank2[cuda2,share=0.2965,tput=5.83]
epoch 21: eval=0.7759
epoch 22: loss=0.616000, train_acc=0.7875, time=9.2s
per-rank: rank0[cuda0,share=0.3915,tput=2.39] rank1[cuda1,share=0.3135,tput=2.56] rank2[cuda2,share=0.2950,tput=5.38]
epoch 22: eval=0.7611
epoch 23: loss=0.611242, train_acc=0.7901, time=9.1s
per-rank: rank0[cuda0,share=0.3925,tput=3.21] rank1[cuda1,share=0.3129,tput=2.63] rank2[cuda2,share=0.2946,tput=3.12]
epoch 23: eval=0.7873
epoch 24: loss=0.602381, train_acc=0.7926, time=9.0s
per-rank: rank0[cuda0,share=0.3925,tput=2.52] rank1[cuda1,share=0.3129,tput=2.24] rank2[cuda2,share=0.2946,tput=5.89]
epoch 24: eval=0.6582
epoch 25: loss=0.583953, train_acc=0.8000, time=11.1s
per-rank: rank0[cuda0,share=0.3950,tput=2.17] rank1[cuda1,share=0.3112,tput=3.33] rank2[cuda2,share=0.2938,tput=4.94]
epoch 25: eval=0.7321
epoch 26: loss=0.589744, train_acc=0.7980, time=10.0s
per-rank: rank0[cuda0,share=0.3950,tput=2.71] rank1[cuda1,share=0.3112,tput=2.48] rank2[cuda2,share=0.2938,tput=4.05]
epoch 26: eval=0.7826
epoch 27: loss=0.577780, train_acc=0.8003, time=11.0s
per-rank: rank0[cuda0,share=0.3969,tput=2.15] rank1[cuda1,share=0.3091,tput=3.55] rank2[cuda2,share=0.2940,tput=5.43]
epoch 27: eval=0.7747
epoch 28: loss=0.570188, train_acc=0.8029, time=10.1s
per-rank: rank0[cuda0,share=0.4005,tput=2.59] rank1[cuda1,share=0.3060,tput=3.50] rank2[cuda2,share=0.2934,tput=2.88]
epoch 28: eval=0.7455
epoch 29: loss=0.568102, train_acc=0.8053, time=9.0s
per-rank: rank0[cuda0,share=0.4038,tput=2.40] rank1[cuda1,share=0.3032,tput=5.85] rank2[cuda2,share=0.2930,tput=2.38]
epoch 29: eval=0.7314
epoch 30: loss=0.563689, train_acc=0.8074, time=11.8s
per-rank: rank0[cuda0,share=0.4048,tput=2.06] rank1[cuda1,share=0.3015,tput=3.89] rank2[cuda2,share=0.2937,tput=4.62]
epoch 30: eval=0.7821
epoch 31: loss=0.556594, train_acc=0.8091, time=10.5s
per-rank: rank0[cuda0,share=0.4045,tput=2.42] rank1[cuda1,share=0.3004,tput=3.08] rank2[cuda2,share=0.2951,tput=3.37]
epoch 31: eval=0.7916
epoch 32: loss=0.555693, train_acc=0.8090, time=11.5s
per-rank: rank0[cuda0,share=0.4042,tput=2.13] rank1[cuda1,share=0.2993,tput=3.25] rank2[cuda2,share=0.2965,tput=5.21]
epoch 32: eval=0.7066
epoch 33: loss=0.558539, train_acc=0.8085, time=10.2s
per-rank: rank0[cuda0,share=0.4039,tput=2.15] rank1[cuda1,share=0.2981,tput=4.33] rank2[cuda2,share=0.2980,tput=2.67]
epoch 33: eval=0.7816
epoch 34: loss=0.551231, train_acc=0.8090, time=11.0s
per-rank: rank0[cuda0,share=0.4044,tput=2.24] rank2[cuda2,share=0.2983,tput=2.97] rank1[cuda1,share=0.2973,tput=6.02]
epoch 34: eval=0.7609
epoch 35: loss=0.544327, train_acc=0.8148, time=10.2s
per-rank: rank0[cuda0,share=0.4049,tput=2.43] rank2[cuda2,share=0.2986,tput=3.26] rank1[cuda1,share=0.2965,tput=2.91]
epoch 35: eval=0.7933
epoch 36: loss=0.543716, train_acc=0.8157, time=9.0s
per-rank: rank0[cuda0,share=0.4054,tput=2.65] rank2[cuda2,share=0.2988,tput=4.97] rank1[cuda1,share=0.2957,tput=2.50]
epoch 36: eval=0.8121
epoch 37: loss=0.544138, train_acc=0.8135, time=8.9s
per-rank: rank0[cuda0,share=0.4049,tput=2.24] rank2[cuda2,share=0.2983,tput=6.10] rank1[cuda1,share=0.2968,tput=2.56]
epoch 37: eval=0.7687
epoch 38: loss=0.544872, train_acc=0.8126, time=11.1s
per-rank: rank0[cuda0,share=0.4057,tput=2.16] rank1[cuda1,share=0.2972,tput=5.23] rank2[cuda2,share=0.2972,tput=3.16]
epoch 38: eval=0.7660
epoch 39: loss=0.536252, train_acc=0.8160, time=10.2s
per-rank: rank0[cuda0,share=0.4057,tput=2.17] rank1[cuda1,share=0.2972,tput=2.86] rank2[cuda2,share=0.2972,tput=4.09]
epoch 39: eval=0.7723
epoch 40: loss=0.527545, train_acc=0.8208, time=10.6s
per-rank: rank0[cuda0,share=0.4057,tput=2.30] rank1[cuda1,share=0.3003,tput=3.77] rank2[cuda2,share=0.2940,tput=4.63]
epoch 40: eval=0.8183
epoch 41: loss=0.536258, train_acc=0.8151, time=9.7s
per-rank: rank0[cuda0,share=0.4057,tput=2.78] rank1[cuda1,share=0.3019,tput=2.71] rank2[cuda2,share=0.2925,tput=3.53]
epoch 41: eval=0.8433
epoch 42: loss=0.535342, train_acc=0.8173, time=9.1s
per-rank: rank0[cuda0,share=0.4057,tput=2.27] rank1[cuda1,share=0.3019,tput=2.57] rank2[cuda2,share=0.2925,tput=5.74]
epoch 42: eval=0.7833
epoch 43: loss=0.518905, train_acc=0.8218, time=12.6s
per-rank: rank0[cuda0,share=0.4034,tput=1.94] rank1[cuda1,share=0.3062,tput=3.84] rank2[cuda2,share=0.2904,tput=5.32]
epoch 43: eval=0.7981
epoch 44: loss=0.527685, train_acc=0.8178, time=11.0s
per-rank: rank0[cuda0,share=0.4034,tput=2.15] rank1[cuda1,share=0.3062,tput=3.23] rank2[cuda2,share=0.2904,tput=3.97]
epoch 44: eval=0.7729
epoch 45: loss=0.523479, train_acc=0.8199, time=9.5s
per-rank: rank0[cuda0,share=0.4018,tput=2.21] rank1[cuda1,share=0.3078,tput=5.97] rank2[cuda2,share=0.2904,tput=2.36]
epoch 45: eval=0.7615
epoch 46: loss=0.514927, train_acc=0.8233, time=11.2s
per-rank: rank0[cuda0,share=0.3985,tput=2.14] rank1[cuda1,share=0.3112,tput=5.37] rank2[cuda2,share=0.2903,tput=3.39]
epoch 46: eval=0.7976
epoch 47: loss=0.522040, train_acc=0.8205, time=10.2s
per-rank: rank0[cuda0,share=0.3985,tput=2.58] rank1[cuda1,share=0.3112,tput=2.60] rank2[cuda2,share=0.2903,tput=4.01]
epoch 47: eval=0.7453
epoch 48: loss=0.514977, train_acc=0.8242, time=11.0s
per-rank: rank0[cuda0,share=0.3969,tput=2.13] rank1[cuda1,share=0.3129,tput=3.30] rank2[cuda2,share=0.2902,tput=5.60]
epoch 48: eval=0.8220
epoch 49: loss=0.519079, train_acc=0.8205, time=10.1s
per-rank: rank0[cuda0,share=0.3969,tput=2.52] rank1[cuda1,share=0.3129,tput=3.61] rank2[cuda2,share=0.2902,tput=2.82]
epoch 49: eval=0.7703
epoch 50: loss=0.505279, train_acc=0.8250, time=11.4s
per-rank: rank0[cuda0,share=0.3961,tput=2.10] rank1[cuda1,share=0.3115,tput=3.69] rank2[cuda2,share=0.2924,tput=5.42]
epoch 50: eval=0.7929
epoch 51: loss=0.518425, train_acc=0.8221, time=10.2s
per-rank: rank0[cuda0,share=0.3961,tput=2.67] rank1[cuda1,share=0.3115,tput=3.27] rank2[cuda2,share=0.2924,tput=2.92]
epoch 51: eval=0.7687
epoch 52: loss=0.501773, train_acc=0.8286, time=10.9s
per-rank: rank0[cuda0,share=0.3967,tput=2.25] rank1[cuda1,share=0.3075,tput=3.48] rank2[cuda2,share=0.2958,tput=5.36]
epoch 52: eval=0.7945
epoch 53: loss=0.494739, train_acc=0.8293, time=10.0s
per-rank: rank0[cuda0,share=0.3995,tput=2.69] rank1[cuda1,share=0.3042,tput=2.55] rank2[cuda2,share=0.2963,tput=3.63]
epoch 53: eval=0.8251
epoch 54: loss=0.510790, train_acc=0.8261, time=9.1s
per-rank: rank0[cuda0,share=0.4023,tput=3.48] rank1[cuda1,share=0.3008,tput=3.32] rank2[cuda2,share=0.2969,tput=2.34]
epoch 54: eval=0.7591
epoch 55: loss=0.506124, train_acc=0.8264, time=11.2s
per-rank: rank0[cuda0,share=0.4051,tput=2.19] rank1[cuda1,share=0.2974,tput=5.04] rank2[cuda2,share=0.2974,tput=3.58]
epoch 55: eval=0.7481
epoch 56: loss=0.503557, train_acc=0.8271, time=10.2s
per-rank: rank0[cuda0,share=0.4080,tput=2.16] rank2[cuda2,share=0.2980,tput=2.67] rank1[cuda1,share=0.2940,tput=4.25]
epoch 56: eval=0.7773
epoch 57: loss=0.502192, train_acc=0.8267, time=9.1s
per-rank: rank0[cuda0,share=0.4109,tput=3.46] rank2[cuda2,share=0.2969,tput=2.30] rank1[cuda1,share=0.2922,tput=3.61]
epoch 57: eval=0.7868
epoch 58: loss=0.498774, train_acc=0.8292, time=9.2s
per-rank: rank0[cuda0,share=0.4131,tput=3.11] rank2[cuda2,share=0.2970,tput=2.53] rank1[cuda1,share=0.2899,tput=3.46]
epoch 58: eval=0.7947
epoch 59: loss=0.504409, train_acc=0.8267, time=9.2s
per-rank: rank0[cuda0,share=0.4132,tput=2.23] rank2[cuda2,share=0.2971,tput=2.36] rank1[cuda1,share=0.2896,tput=6.07]
epoch 59: eval=0.7849
epoch 60: loss=0.498866, train_acc=0.8287, time=9.0s
per-rank: rank0[cuda0,share=0.4134,tput=2.59] rank2[cuda2,share=0.2972,tput=6.14] rank1[cuda1,share=0.2894,tput=2.24]
epoch 60: eval=0.7981
epoch 61: loss=0.493095, train_acc=0.8315, time=9.0s
per-rank: rank0[cuda0,share=0.4127,tput=2.31] rank2[cuda2,share=0.2968,tput=2.28] rank1[cuda1,share=0.2905,tput=6.29]
epoch 61: eval=0.7683
epoch 62: loss=0.498349, train_acc=0.8281, time=8.9s
per-rank: rank0[cuda0,share=0.4120,tput=2.05] rank2[cuda2,share=0.2964,tput=2.57] rank1[cuda1,share=0.2917,tput=6.39]
epoch 62: eval=0.7648
epoch 63: loss=0.486717, train_acc=0.8333, time=11.9s
per-rank: rank0[cuda0,share=0.4071,tput=2.05] rank2[cuda2,share=0.2972,tput=5.15] rank1[cuda1,share=0.2957,tput=4.01]
epoch 63: eval=0.8176
epoch 64: loss=0.498543, train_acc=0.8288, time=10.8s
per-rank: rank0[cuda0,share=0.4046,tput=2.00] rank1[cuda1,share=0.2978,tput=4.13] rank2[cuda2,share=0.2976,tput=2.88]
epoch 64: eval=0.8117
epoch 65: loss=0.479344, train_acc=0.8369, time=9.2s
per-rank: rank0[cuda0,share=0.4027,tput=3.75] rank1[cuda1,share=0.3004,tput=3.30] rank2[cuda2,share=0.2969,tput=2.37]
epoch 65: eval=0.8191
epoch 66: loss=0.488654, train_acc=0.8330, time=9.1s
per-rank: rank0[cuda0,share=0.4011,tput=3.89] rank1[cuda1,share=0.3010,tput=2.92] rank2[cuda2,share=0.2980,tput=2.45]
epoch 66: eval=0.8024
epoch 67: loss=0.499733, train_acc=0.8289, time=8.9s
per-rank: rank0[cuda0,share=0.3994,tput=2.52] rank1[cuda1,share=0.3015,tput=2.59] rank2[cuda2,share=0.2991,tput=5.27]
epoch 67: eval=0.7909
epoch 68: loss=0.492541, train_acc=0.8308, time=9.0s
per-rank: rank0[cuda0,share=0.3992,tput=3.06] rank1[cuda1,share=0.3014,tput=4.08] rank2[cuda2,share=0.2995,tput=2.23]
epoch 68: eval=0.7977
epoch 69: loss=0.485545, train_acc=0.8346, time=10.7s
per-rank: rank0[cuda0,share=0.3987,tput=2.28] rank1[cuda1,share=0.3010,tput=3.76] rank2[cuda2,share=0.3003,tput=4.52]
epoch 69: eval=0.7915
epoch 70: loss=0.474636, train_acc=0.8366, time=10.0s
per-rank: rank0[cuda0,share=0.3984,tput=2.93] rank1[cuda1,share=0.3009,tput=2.45] rank2[cuda2,share=0.3007,tput=3.69]
epoch 70: eval=0.7716
epoch 71: loss=0.490789, train_acc=0.8292, time=9.2s
per-rank: rank0[cuda0,share=0.4001,tput=3.64] rank2[cuda2,share=0.3002,tput=2.20] rank1[cuda1,share=0.2998,tput=3.29]
epoch 71: eval=0.7925
epoch 72: loss=0.481753, train_acc=0.8323, time=9.0s
per-rank: rank0[cuda0,share=0.4024,tput=2.83] rank1[cuda1,share=0.2991,tput=2.66] rank2[cuda2,share=0.2985,tput=4.61]
epoch 72: eval=0.7837
epoch 73: loss=0.479783, train_acc=0.8358, time=10.9s
per-rank: rank0[cuda0,share=0.4063,tput=2.28] rank1[cuda1,share=0.2973,tput=3.77] rank2[cuda2,share=0.2965,tput=4.91]
epoch 73: eval=0.7669
epoch 74: loss=0.472328, train_acc=0.8389, time=10.0s
per-rank: rank0[cuda0,share=0.4069,tput=2.85] rank1[cuda1,share=0.2977,tput=2.68] rank2[cuda2,share=0.2954,tput=3.42]
epoch 74: eval=0.7615
epoch 75: loss=0.481367, train_acc=0.8360, time=9.1s
per-rank: rank0[cuda0,share=0.4076,tput=2.53] rank1[cuda1,share=0.2982,tput=2.61] rank2[cuda2,share=0.2942,tput=5.15]
epoch 75: eval=0.7577
epoch 76: loss=0.480714, train_acc=0.8351, time=11.2s
per-rank: rank0[cuda0,share=0.4089,tput=2.19] rank1[cuda1,share=0.2992,tput=5.11] rank2[cuda2,share=0.2920,tput=3.38]
epoch 76: eval=0.8178
epoch 77: loss=0.483213, train_acc=0.8347, time=10.2s
per-rank: rank0[cuda0,share=0.4095,tput=2.36] rank1[cuda1,share=0.2996,tput=2.90] rank2[cuda2,share=0.2909,tput=3.78]
epoch 77: eval=0.8280
epoch 78: loss=0.479065, train_acc=0.8355, time=9.0s
per-rank: rank0[cuda0,share=0.4108,tput=3.52] rank1[cuda1,share=0.3006,tput=2.32] rank2[cuda2,share=0.2886,tput=3.47]
epoch 78: eval=0.7640
epoch 79: loss=0.480937, train_acc=0.8358, time=9.0s
per-rank: rank0[cuda0,share=0.4115,tput=3.12] rank1[cuda1,share=0.3011,tput=3.46] rank2[cuda2,share=0.2874,tput=2.43]
epoch 79: eval=0.7985
epoch 80: loss=0.488883, train_acc=0.8316, time=8.9s
per-rank: rank0[cuda0,share=0.4115,tput=2.60] rank1[cuda1,share=0.3011,tput=2.67] rank2[cuda2,share=0.2873,tput=5.15]
epoch 80: eval=0.7937
epoch 81: loss=0.470239, train_acc=0.8376, time=11.0s
per-rank: rank0[cuda0,share=0.4116,tput=2.26] rank1[cuda1,share=0.3012,tput=5.90] rank2[cuda2,share=0.2872,tput=3.03]
epoch 81: eval=0.7857
epoch 82: loss=0.466604, train_acc=0.8397, time=10.3s
per-rank: rank0[cuda0,share=0.4116,tput=2.74] rank1[cuda1,share=0.3012,tput=2.81] rank2[cuda2,share=0.2872,tput=3.54]
epoch 82: eval=0.7662
epoch 83: loss=0.487168, train_acc=0.8319, time=9.2s
per-rank: rank0[cuda0,share=0.4116,tput=3.25] rank1[cuda1,share=0.3012,tput=2.82] rank2[cuda2,share=0.2871,tput=2.92]
epoch 83: eval=0.8070
epoch 84: loss=0.479215, train_acc=0.8360, time=9.1s
per-rank: rank0[cuda0,share=0.4116,tput=2.22] rank1[cuda1,share=0.3029,tput=2.84] rank2[cuda2,share=0.2856,tput=5.10]
epoch 84: eval=0.7629
epoch 85: loss=0.470337, train_acc=0.8385, time=11.8s
per-rank: rank0[cuda0,share=0.4106,tput=2.10] rank1[cuda1,share=0.3056,tput=3.40] rank2[cuda2,share=0.2838,tput=5.94]
epoch 85: eval=0.8040
epoch 86: loss=0.463937, train_acc=0.8382, time=10.6s
per-rank: rank0[cuda0,share=0.4089,tput=2.02] rank1[cuda1,share=0.3062,tput=2.95] rank2[cuda2,share=0.2849,tput=3.99]
epoch 86: eval=0.7609
epoch 87: loss=0.479342, train_acc=0.8367, time=9.3s
per-rank: rank0[cuda0,share=0.4062,tput=2.97] rank1[cuda1,share=0.3082,tput=2.70] rank2[cuda2,share=0.2856,tput=3.40]
epoch 87: eval=0.7965
epoch 88: loss=0.465104, train_acc=0.8395, time=9.1s
per-rank: rank0[cuda0,share=0.4003,tput=2.95] rank1[cuda1,share=0.3114,tput=2.63] rank2[cuda2,share=0.2883,tput=3.78]
epoch 88: eval=0.8385
epoch 89: loss=0.473139, train_acc=0.8370, time=9.1s
per-rank: rank0[cuda0,share=0.3975,tput=3.07] rank1[cuda1,share=0.3132,tput=5.00] rank2[cuda2,share=0.2893,tput=2.33]
epoch 89: eval=0.6809
epoch 90: loss=0.462122, train_acc=0.8417, time=9.0s
per-rank: rank0[cuda0,share=0.3917,tput=3.63] rank1[cuda1,share=0.3169,tput=3.42] rank2[cuda2,share=0.2914,tput=2.24]
epoch 90: eval=0.8278
epoch 91: loss=0.466048, train_acc=0.8402, time=9.2s
per-rank: rank0[cuda0,share=0.3895,tput=4.60] rank1[cuda1,share=0.3157,tput=2.11] rank2[cuda2,share=0.2947,tput=3.67]
epoch 91: eval=0.7433
epoch 92: loss=0.465595, train_acc=0.8405, time=10.7s
per-rank: rank0[cuda0,share=0.3874,tput=2.19] rank1[cuda1,share=0.3133,tput=5.92] rank2[cuda2,share=0.2994,tput=3.01]
epoch 92: eval=0.8213
epoch 93: loss=0.467436, train_acc=0.8405, time=9.9s
per-rank: rank0[cuda0,share=0.3875,tput=2.73] rank1[cuda1,share=0.3119,tput=2.58] rank2[cuda2,share=0.3006,tput=3.73]
epoch 93: eval=0.8064
epoch 94: loss=0.461724, train_acc=0.8414, time=9.1s
per-rank: rank0[cuda0,share=0.3930,tput=2.90] rank1[cuda1,share=0.3083,tput=5.44] rank2[cuda2,share=0.2987,tput=2.24]
epoch 94: eval=0.7790
epoch 95: loss=0.469066, train_acc=0.8389, time=9.1s
per-rank: rank0[cuda0,share=0.3965,tput=3.67] rank1[cuda1,share=0.3073,tput=3.57] rank2[cuda2,share=0.2962,tput=2.10]
epoch 95: eval=0.7657
epoch 96: loss=0.454984, train_acc=0.8423, time=11.4s
per-rank: rank0[cuda0,share=0.4021,tput=2.15] rank1[cuda1,share=0.3043,tput=3.34] rank2[cuda2,share=0.2936,tput=5.23]
epoch 96: eval=0.8025
epoch 97: loss=0.472374, train_acc=0.8364, time=10.3s
per-rank: rank0[cuda0,share=0.4050,tput=2.12] rank1[cuda1,share=0.3027,tput=4.53] rank2[cuda2,share=0.2923,tput=2.42]
epoch 97: eval=0.7847
epoch 98: loss=0.458261, train_acc=0.8416, time=11.8s
per-rank: rank0[cuda0,share=0.4073,tput=2.05] rank1[cuda1,share=0.3048,tput=4.02] rank2[cuda2,share=0.2879,tput=4.42]
epoch 98: eval=0.7964
epoch 99: loss=0.458752, train_acc=0.8440, time=10.3s
per-rank: rank0[cuda0,share=0.4054,tput=2.51] rank1[cuda1,share=0.3075,tput=2.45] rank2[cuda2,share=0.2871,tput=4.48]
epoch 99: eval=0.8585
epoch 100: loss=0.305628, train_acc=0.8957, time=10.4s
per-rank: rank0[cuda0,share=0.4034,tput=2.28] rank1[cuda1,share=0.3066,tput=4.62] rank2[cuda2,share=0.2900,tput=3.44]
epoch 100: eval=0.8902
epoch 101: loss=0.240515, train_acc=0.9182, time=10.4s
per-rank: rank0[cuda0,share=0.4037,tput=2.41] rank1[cuda1,share=0.3055,tput=3.93] rank2[cuda2,share=0.2908,tput=2.24]
epoch 101: eval=0.8966
epoch 102: loss=0.229201, train_acc=0.9202, time=11.9s
per-rank: rank0[cuda0,share=0.4042,tput=2.10] rank1[cuda1,share=0.3033,tput=4.84] rank2[cuda2,share=0.2925,tput=3.43]
epoch 102: eval=0.8976
epoch 103: loss=0.221436, train_acc=0.9243, time=10.3s
per-rank: rank0[cuda0,share=0.4045,tput=2.21] rank1[cuda1,share=0.3021,tput=3.07] rank2[cuda2,share=0.2933,tput=3.63]
epoch 103: eval=0.8962
epoch 104: loss=0.212871, train_acc=0.9276, time=11.6s
per-rank: rank0[cuda0,share=0.4044,tput=2.12] rank1[cuda1,share=0.2982,tput=3.83] rank2[cuda2,share=0.2974,tput=4.98]
epoch 104: eval=0.9001
epoch 105: loss=0.210948, train_acc=0.9276, time=10.4s
per-rank: rank0[cuda0,share=0.4054,tput=2.21] rank1[cuda1,share=0.2976,tput=4.39] rank2[cuda2,share=0.2970,tput=2.54]
epoch 105: eval=0.9026
epoch 106: loss=0.200996, train_acc=0.9307, time=9.2s
per-rank: rank0[cuda0,share=0.4043,tput=2.11] rank1[cuda1,share=0.2999,tput=2.65] rank2[cuda2,share=0.2958,tput=5.74]
epoch 106: eval=0.9024
epoch 107: loss=0.194307, train_acc=0.9328, time=9.2s
per-rank: rank0[cuda0,share=0.4001,tput=4.27] rank1[cuda1,share=0.3036,tput=2.95] rank2[cuda2,share=0.2964,tput=2.32]
epoch 107: eval=0.9009
epoch 108: loss=0.191740, train_acc=0.9329, time=9.0s
per-rank: rank0[cuda0,share=0.3971,tput=2.56] rank1[cuda1,share=0.3063,tput=2.54] rank2[cuda2,share=0.2965,tput=5.64]
epoch 108: eval=0.9019
epoch 109: loss=0.189512, train_acc=0.9340, time=11.1s
per-rank: rank0[cuda0,share=0.3982,tput=2.16] rank1[cuda1,share=0.3071,tput=5.63] rank2[cuda2,share=0.2947,tput=3.27]
epoch 109: eval=0.9004
epoch 110: loss=0.183702, train_acc=0.9365, time=10.3s
per-rank: rank0[cuda0,share=0.4004,tput=2.68] rank1[cuda1,share=0.3071,tput=2.87] rank2[cuda2,share=0.2925,tput=3.11]
epoch 110: eval=0.9008
epoch 111: loss=0.184831, train_acc=0.9355, time=11.5s
per-rank: rank0[cuda0,share=0.4057,tput=2.18] rank1[cuda1,share=0.3055,tput=3.77] rank2[cuda2,share=0.2889,tput=4.68]
epoch 111: eval=0.9009
epoch 112: loss=0.180271, train_acc=0.9371, time=10.3s
per-rank: rank0[cuda0,share=0.4106,tput=2.14] rank1[cuda1,share=0.3042,tput=2.78] rank2[cuda2,share=0.2852,tput=4.12]
epoch 112: eval=0.9070
epoch 113: loss=0.178523, train_acc=0.9372, time=11.8s
per-rank: rank0[cuda0,share=0.4116,tput=2.07] rank1[cuda1,share=0.3052,tput=5.46] rank2[cuda2,share=0.2832,tput=3.29]
epoch 113: eval=0.8993
epoch 114: loss=0.174363, train_acc=0.9397, time=10.7s
per-rank: rank0[cuda0,share=0.4102,tput=2.00] rank1[cuda1,share=0.3066,tput=4.26] rank2[cuda2,share=0.2832,tput=2.70]
epoch 114: eval=0.9052
epoch 115: loss=0.170250, train_acc=0.9405, time=9.2s
per-rank: rank0[cuda0,share=0.4049,tput=3.10] rank1[cuda1,share=0.3093,tput=2.63] rank2[cuda2,share=0.2858,tput=3.34]
epoch 115: eval=0.9032
epoch 116: loss=0.170219, train_acc=0.9405, time=10.8s
per-rank: rank0[cuda0,share=0.3909,tput=2.09] rank1[cuda1,share=0.3151,tput=4.86] rank2[cuda2,share=0.2939,tput=3.43]
epoch 116: eval=0.9012
epoch 117: loss=0.166632, train_acc=0.9429, time=10.0s
per-rank: rank0[cuda0,share=0.3852,tput=3.33] rank1[cuda1,share=0.3176,tput=2.54] rank2[cuda2,share=0.2972,tput=3.30]
epoch 117: eval=0.9078
epoch 118: loss=0.161613, train_acc=0.9436, time=10.3s
per-rank: rank0[cuda0,share=0.3929,tput=2.31] rank1[cuda1,share=0.3154,tput=3.64] rank2[cuda2,share=0.2917,tput=4.65]
epoch 118: eval=0.9015
epoch 119: loss=0.161447, train_acc=0.9432, time=9.7s
per-rank: rank0[cuda0,share=0.3996,tput=2.53] rank1[cuda1,share=0.3110,tput=2.58] rank2[cuda2,share=0.2894,tput=4.06]
epoch 119: eval=0.9061
epoch 120: loss=0.158178, train_acc=0.9450, time=11.9s
per-rank: rank0[cuda0,share=0.4088,tput=2.04] rank1[cuda1,share=0.3032,tput=4.62] rank2[cuda2,share=0.2880,tput=3.85]
epoch 120: eval=0.9089
epoch 121: loss=0.158115, train_acc=0.9437, time=10.6s
per-rank: rank0[cuda0,share=0.4070,tput=2.42] rank1[cuda1,share=0.3009,tput=2.48] rank2[cuda2,share=0.2921,tput=4.44]
epoch 121: eval=0.9074
epoch 122: loss=0.150987, train_acc=0.9476, time=9.1s
per-rank: rank0[cuda0,share=0.3988,tput=2.58] rank2[cuda2,share=0.3023,tput=1.94] rank1[cuda1,share=0.2989,tput=6.30]
epoch 122: eval=0.9029
epoch 123: loss=0.152464, train_acc=0.9466, time=9.0s
per-rank: rank0[cuda0,share=0.3989,tput=2.26] rank2[cuda2,share=0.3013,tput=2.29] rank1[cuda1,share=0.2998,tput=6.42]
epoch 123: eval=0.9054
epoch 124: loss=0.151407, train_acc=0.9471, time=9.0s
per-rank: rank0[cuda0,share=0.4034,tput=2.40] rank1[cuda1,share=0.3067,tput=6.14] rank2[cuda2,share=0.2899,tput=2.18]
epoch 124: eval=0.9080
epoch 125: loss=0.149384, train_acc=0.9488, time=9.1s
per-rank: rank0[cuda0,share=0.4091,tput=2.50] rank1[cuda1,share=0.3119,tput=2.54] rank2[cuda2,share=0.2790,tput=6.00]
epoch 125: eval=0.9045
epoch 126: loss=0.148660, train_acc=0.9474, time=11.3s
per-rank: rank0[cuda0,share=0.4155,tput=2.20] rank1[cuda1,share=0.3071,tput=3.21] rank2[cuda2,share=0.2774,tput=5.73]
epoch 126: eval=0.9045
epoch 127: loss=0.144482, train_acc=0.9492, time=10.2s
per-rank: rank0[cuda0,share=0.4197,tput=2.33] rank1[cuda1,share=0.3011,tput=4.08] rank2[cuda2,share=0.2792,tput=2.75]
epoch 127: eval=0.9112
epoch 128: loss=0.141394, train_acc=0.9503, time=9.1s
per-rank: rank0[cuda0,share=0.4190,tput=2.31] rank1[cuda1,share=0.2959,tput=2.44] rank2[cuda2,share=0.2851,tput=6.47]
epoch 128: eval=0.9050
epoch 129: loss=0.143411, train_acc=0.9488, time=9.1s
per-rank: rank0[cuda0,share=0.4122,tput=3.77] rank1[cuda1,share=0.3010,tput=2.47] rank2[cuda2,share=0.2869,tput=3.23]
epoch 129: eval=0.9127
epoch 130: loss=0.138107, train_acc=0.9510, time=12.4s
per-rank: rank0[cuda0,share=0.3989,tput=2.08] rank1[cuda1,share=0.3085,tput=5.61] rank2[cuda2,share=0.2926,tput=3.70]
epoch 130: eval=0.9056
epoch 131: loss=0.136237, train_acc=0.9524, time=11.6s
per-rank: rank0[cuda0,share=0.3950,tput=2.03] rank2[cuda2,share=0.3065,tput=3.03] rank1[cuda1,share=0.2985,tput=3.50]
epoch 131: eval=0.9037
epoch 132: loss=0.135320, train_acc=0.9527, time=9.4s
per-rank: rank0[cuda0,share=0.4141,tput=3.68] rank1[cuda1,share=0.2961,tput=3.96] rank2[cuda2,share=0.2899,tput=1.97]
epoch 132: eval=0.9034
epoch 133: loss=0.135066, train_acc=0.9517, time=12.5s
per-rank: rank0[cuda0,share=0.4124,tput=2.07] rank1[cuda1,share=0.3106,tput=5.52] rank2[cuda2,share=0.2770,tput=3.28]
epoch 133: eval=0.9095
epoch 134: loss=0.130170, train_acc=0.9542, time=10.8s
per-rank: rank0[cuda0,share=0.3988,tput=2.97] rank1[cuda1,share=0.3018,tput=2.58] rank2[cuda2,share=0.2994,tput=4.88]
epoch 134: eval=0.9029
epoch 135: loss=0.129688, train_acc=0.9545, time=9.2s
per-rank: rank0[cuda0,share=0.4023,tput=2.64] rank1[cuda1,share=0.3026,tput=6.15] rank2[cuda2,share=0.2951,tput=2.21]
epoch 135: eval=0.9075
epoch 136: loss=0.125154, train_acc=0.9564, time=9.1s
per-rank: rank0[cuda0,share=0.4007,tput=2.67] rank1[cuda1,share=0.3081,tput=6.42] rank2[cuda2,share=0.2912,tput=1.96]
epoch 136: eval=0.9027
epoch 137: loss=0.129616, train_acc=0.9546, time=9.2s
per-rank: rank0[cuda0,share=0.4198,tput=3.29] rank1[cuda1,share=0.3085,tput=3.69] rank2[cuda2,share=0.2717,tput=2.23]
epoch 137: eval=0.9035
epoch 138: loss=0.127613, train_acc=0.9544, time=9.2s
per-rank: rank0[cuda0,share=0.3998,tput=2.82] rank1[cuda1,share=0.3118,tput=5.33] rank2[cuda2,share=0.2884,tput=2.64]
epoch 138: eval=0.9119
epoch 139: loss=0.129159, train_acc=0.9535, time=11.4s
per-rank: rank0[cuda0,share=0.4131,tput=2.22] rank1[cuda1,share=0.2975,tput=3.55] rank2[cuda2,share=0.2894,tput=5.22]
epoch 139: eval=0.9017
epoch 140: loss=0.133613, train_acc=0.9526, time=10.5s
per-rank: rank0[cuda0,share=0.4183,tput=2.10] rank2[cuda2,share=0.2934,tput=4.40] rank1[cuda1,share=0.2882,tput=2.52]
epoch 140: eval=0.9084
epoch 141: loss=0.126353, train_acc=0.9553, time=9.0s
per-rank: rank0[cuda0,share=0.4053,tput=3.67] rank2[cuda2,share=0.3106,tput=2.36] rank1[cuda1,share=0.2841,tput=3.58]
epoch 141: eval=0.9067
epoch 142: loss=0.126381, train_acc=0.9556, time=9.0s
per-rank: rank0[cuda0,share=0.4144,tput=2.82] rank1[cuda1,share=0.2938,tput=2.39] rank2[cuda2,share=0.2918,tput=5.22]
epoch 142: eval=0.8984
epoch 143: loss=0.127057, train_acc=0.9552, time=9.2s
per-rank: rank0[cuda0,share=0.4180,tput=2.83] rank1[cuda1,share=0.2971,tput=6.13] rank2[cuda2,share=0.2848,tput=2.29]
epoch 143: eval=0.9036
epoch 144: loss=0.123904, train_acc=0.9562, time=11.8s
per-rank: rank0[cuda0,share=0.4036,tput=2.11] rank1[cuda1,share=0.3037,tput=4.76] rank2[cuda2,share=0.2926,tput=3.75]
epoch 144: eval=0.8963
epoch 145: loss=0.123165, train_acc=0.9565, time=10.4s
per-rank: rank0[cuda0,share=0.3992,tput=2.25] rank1[cuda1,share=0.3031,tput=4.58] rank2[cuda2,share=0.2978,tput=2.57]
epoch 145: eval=0.9027
epoch 146: loss=0.119402, train_acc=0.9578, time=11.8s
per-rank: rank0[cuda0,share=0.3775,tput=2.00] rank1[cuda1,share=0.3191,tput=3.59] rank2[cuda2,share=0.3034,tput=5.15]
epoch 146: eval=0.9074
epoch 147: loss=0.119531, train_acc=0.9571, time=10.7s
per-rank: rank0[cuda0,share=0.3874,tput=2.61] rank1[cuda1,share=0.3092,tput=3.67] rank2[cuda2,share=0.3034,tput=2.55]
epoch 147: eval=0.9031
epoch 148: loss=0.122848, train_acc=0.9561, time=9.2s
per-rank: rank0[cuda0,share=0.3976,tput=3.34] rank1[cuda1,share=0.3073,tput=2.83] rank2[cuda2,share=0.2951,tput=3.11]
epoch 148: eval=0.9085
epoch 149: loss=0.117550, train_acc=0.9580, time=11.7s
per-rank: rank0[cuda0,share=0.4052,tput=2.11] rank1[cuda1,share=0.3110,tput=5.29] rank2[cuda2,share=0.2838,tput=3.33]
epoch 149: eval=0.9126
epoch 150: loss=0.094514, train_acc=0.9677, time=10.6s
per-rank: rank0[cuda0,share=0.4111,tput=2.68] rank1[cuda1,share=0.3007,tput=2.55] rank2[cuda2,share=0.2881,tput=4.18]
epoch 150: eval=0.9144
epoch 151: loss=0.082177, train_acc=0.9722, time=12.2s
per-rank: rank0[cuda0,share=0.4161,tput=2.10] rank1[cuda1,share=0.3095,tput=4.26] rank2[cuda2,share=0.2744,tput=4.68]
epoch 151: eval=0.9173
epoch 152: loss=0.080814, train_acc=0.9734, time=10.6s
per-rank: rank0[cuda0,share=0.3904,tput=2.27] rank1[cuda1,share=0.3156,tput=2.91] rank2[cuda2,share=0.2940,tput=4.75]
epoch 152: eval=0.9168
epoch 153: loss=0.079802, train_acc=0.9733, time=9.3s
per-rank: rank0[cuda0,share=0.4125,tput=2.46] rank1[cuda1,share=0.2938,tput=2.34] rank2[cuda2,share=0.2938,tput=5.50]
epoch 153: eval=0.9164
epoch 154: loss=0.076547, train_acc=0.9742, time=9.1s
per-rank: rank0[cuda0,share=0.4084,tput=3.98] rank1[cuda1,share=0.2993,tput=3.50] rank2[cuda2,share=0.2923,tput=2.48]
epoch 154: eval=0.9170
epoch 155: loss=0.075079, train_acc=0.9743, time=11.5s
per-rank: rank0[cuda0,share=0.3919,tput=2.08] rank1[cuda1,share=0.3104,tput=5.33] rank2[cuda2,share=0.2976,tput=3.41]
epoch 155: eval=0.9162
epoch 156: loss=0.074309, train_acc=0.9751, time=10.2s
per-rank: rank0[cuda0,share=0.3905,tput=2.70] rank1[cuda1,share=0.3180,tput=4.15] rank2[cuda2,share=0.2915,tput=2.38]
epoch 156: eval=0.9181
epoch 157: loss=0.074286, train_acc=0.9750, time=9.2s
per-rank: rank0[cuda0,share=0.4013,tput=3.12] rank1[cuda1,share=0.3102,tput=3.28] rank2[cuda2,share=0.2885,tput=2.58]
epoch 157: eval=0.9176
epoch 158: loss=0.070092, train_acc=0.9764, time=11.4s
per-rank: rank0[cuda0,share=0.4081,tput=2.11] rank1[cuda1,share=0.2998,tput=5.34] rank2[cuda2,share=0.2921,tput=3.29]
epoch 158: eval=0.9180
epoch 159: loss=0.071065, train_acc=0.9758, time=10.2s
per-rank: rank0[cuda0,share=0.4090,tput=2.50] rank1[cuda1,share=0.3033,tput=2.84] rank2[cuda2,share=0.2877,tput=3.70]
epoch 159: eval=0.9179
epoch 160: loss=0.067819, train_acc=0.9781, time=9.1s
per-rank: rank0[cuda0,share=0.4118,tput=2.66] rank1[cuda1,share=0.2983,tput=2.25] rank2[cuda2,share=0.2899,tput=5.93]
epoch 160: eval=0.9196
epoch 161: loss=0.071262, train_acc=0.9759, time=9.3s
per-rank: rank0[cuda0,share=0.4032,tput=2.85] rank1[cuda1,share=0.2995,tput=3.63] rank2[cuda2,share=0.2972,tput=2.50]
epoch 161: eval=0.9178
epoch 162: loss=0.069307, train_acc=0.9769, time=9.2s
per-rank: rank0[cuda0,share=0.3921,tput=4.13] rank1[cuda1,share=0.3039,tput=3.21] rank2[cuda2,share=0.3039,tput=2.30]
epoch 162: eval=0.9167
epoch 163: loss=0.069741, train_acc=0.9762, time=9.2s
per-rank: rank0[cuda0,share=0.4133,tput=2.54] rank2[cuda2,share=0.2953,tput=5.26] rank1[cuda1,share=0.2914,tput=2.65]
epoch 163: eval=0.9170
epoch 164: loss=0.069716, train_acc=0.9759, time=12.0s
per-rank: rank0[cuda0,share=0.4118,tput=2.14] rank1[cuda1,share=0.2951,tput=5.60] rank2[cuda2,share=0.2931,tput=3.70]
epoch 164: eval=0.9180
epoch 165: loss=0.068316, train_acc=0.9773, time=10.9s
per-rank: rank0[cuda0,share=0.3907,tput=2.10] rank2[cuda2,share=0.3100,tput=4.11] rank1[cuda1,share=0.2992,tput=2.88]
epoch 165: eval=0.9184
epoch 166: loss=0.066814, train_acc=0.9773, time=9.1s
per-rank: rank0[cuda0,share=0.4041,tput=3.81] rank2[cuda2,share=0.3124,tput=3.63] rank1[cuda1,share=0.2836,tput=2.08]
epoch 166: eval=0.9169
epoch 167: loss=0.065829, train_acc=0.9781, time=9.4s
per-rank: rank0[cuda0,share=0.3975,tput=2.51] rank2[cuda2,share=0.3091,tput=3.42] rank1[cuda1,share=0.2934,tput=3.00]
epoch 167: eval=0.9169
epoch 168: loss=0.067524, train_acc=0.9773, time=11.6s
per-rank: rank0[cuda0,share=0.3848,tput=2.06] rank1[cuda1,share=0.3221,tput=3.67] rank2[cuda2,share=0.2931,tput=4.84]
epoch 168: eval=0.9172
epoch 169: loss=0.065505, train_acc=0.9786, time=10.4s
per-rank: rank0[cuda0,share=0.3856,tput=2.51] rank1[cuda1,share=0.3244,tput=2.85] rank2[cuda2,share=0.2900,tput=3.67]
epoch 169: eval=0.9173
epoch 170: loss=0.064902, train_acc=0.9782, time=9.3s
per-rank: rank0[cuda0,share=0.3923,tput=2.15] rank1[cuda1,share=0.3180,tput=5.74] rank2[cuda2,share=0.2897,tput=2.46]
epoch 170: eval=0.9177
epoch 171: loss=0.064471, train_acc=0.9790, time=11.4s
per-rank: rank0[cuda0,share=0.3932,tput=2.09] rank1[cuda1,share=0.3056,tput=4.79] rank2[cuda2,share=0.3013,tput=3.72]
epoch 171: eval=0.9186
epoch 172: loss=0.063804, train_acc=0.9786, time=10.2s
per-rank: rank0[cuda0,share=0.3905,tput=2.33] rank1[cuda1,share=0.3047,tput=2.88] rank2[cuda2,share=0.3047,tput=3.78]
epoch 172: eval=0.9182
epoch 173: loss=0.064220, train_acc=0.9786, time=9.2s
per-rank: rank0[cuda0,share=0.3935,tput=3.58] rank1[cuda1,share=0.3038,tput=2.31] rank2[cuda2,share=0.3027,tput=3.34]
epoch 173: eval=0.9180
epoch 174: loss=0.063685, train_acc=0.9786, time=9.2s
per-rank: rank0[cuda0,share=0.4085,tput=3.40] rank1[cuda1,share=0.2979,tput=3.69] rank2[cuda2,share=0.2936,tput=2.26]
epoch 174: eval=0.9168
epoch 175: loss=0.064017, train_acc=0.9793, time=9.1s
per-rank: rank0[cuda0,share=0.4139,tput=2.27] rank1[cuda1,share=0.3026,tput=2.90] rank2[cuda2,share=0.2835,tput=5.50]
epoch 175: eval=0.9169
epoch 176: loss=0.061808, train_acc=0.9793, time=11.4s
per-rank: rank0[cuda0,share=0.4190,tput=2.22] rank1[cuda1,share=0.3110,tput=5.48] rank2[cuda2,share=0.2700,tput=3.00]
epoch 176: eval=0.9156
epoch 177: loss=0.062913, train_acc=0.9790, time=10.3s
per-rank: rank0[cuda0,share=0.4124,tput=2.30] rank1[cuda1,share=0.3133,tput=2.73] rank2[cuda2,share=0.2743,tput=4.00]
epoch 177: eval=0.9167
epoch 178: loss=0.061713, train_acc=0.9786, time=11.4s
per-rank: rank0[cuda0,share=0.4063,tput=2.18] rank1[cuda1,share=0.3045,tput=3.73] rank2[cuda2,share=0.2892,tput=4.71]
epoch 178: eval=0.9156
epoch 179: loss=0.063198, train_acc=0.9790, time=10.5s
per-rank: rank0[cuda0,share=0.4080,tput=2.20] rank1[cuda1,share=0.2960,tput=3.73] rank2[cuda2,share=0.2960,tput=2.93]
epoch 179: eval=0.9156
epoch 180: loss=0.061630, train_acc=0.9795, time=9.2s
per-rank: rank0[cuda0,share=0.4088,tput=2.65] rank1[cuda1,share=0.2966,tput=6.01] rank2[cuda2,share=0.2946,tput=2.02]
epoch 180: eval=0.9161
epoch 181: loss=0.062831, train_acc=0.9790, time=11.3s
per-rank: rank0[cuda0,share=0.4183,tput=2.20] rank1[cuda1,share=0.3080,tput=3.74] rank2[cuda2,share=0.2738,tput=5.08]
epoch 181: eval=0.9168
epoch 182: loss=0.061031, train_acc=0.9798, time=10.3s
per-rank: rank0[cuda0,share=0.4143,tput=2.31] rank1[cuda1,share=0.3075,tput=4.01] rank2[cuda2,share=0.2782,tput=2.55]
epoch 182: eval=0.9161
epoch 183: loss=0.059998, train_acc=0.9792, time=9.0s
per-rank: rank0[cuda0,share=0.4181,tput=2.71] rank1[cuda1,share=0.2941,tput=4.48] rank2[cuda2,share=0.2878,tput=2.59]
epoch 183: eval=0.9187
epoch 184: loss=0.059787, train_acc=0.9806, time=12.1s
per-rank: rank0[cuda0,share=0.3973,tput=2.09] rank1[cuda1,share=0.3013,tput=5.44] rank2[cuda2,share=0.3013,tput=3.45]
epoch 184: eval=0.9167
epoch 185: loss=0.059312, train_acc=0.9801, time=10.9s
per-rank: rank0[cuda0,share=0.3857,tput=1.95] rank1[cuda1,share=0.3072,tput=2.75] rank2[cuda2,share=0.3072,tput=4.19]
epoch 185: eval=0.9162
epoch 186: loss=0.059767, train_acc=0.9801, time=9.2s
per-rank: rank0[cuda0,share=0.3836,tput=3.54] rank1[cuda1,share=0.3082,tput=3.47] rank2[cuda2,share=0.3082,tput=2.32]
epoch 186: eval=0.9156
epoch 187: loss=0.058395, train_acc=0.9807, time=9.2s
per-rank: rank0[cuda0,share=0.4071,tput=2.43] rank2[cuda2,share=0.3010,tput=2.32] rank1[cuda1,share=0.2919,tput=6.29]
epoch 187: eval=0.9170
epoch 188: loss=0.057211, train_acc=0.9812, time=9.5s
per-rank: rank0[cuda0,share=0.3921,tput=2.57] rank1[cuda1,share=0.3039,tput=6.13] rank2[cuda2,share=0.3039,tput=2.31]
epoch 188: eval=0.9173
epoch 189: loss=0.059244, train_acc=0.9798, time=9.2s
per-rank: rank0[cuda0,share=0.3865,tput=3.01] rank1[cuda1,share=0.3171,tput=3.53] rank2[cuda2,share=0.2964,tput=2.57]
epoch 189: eval=0.9183
epoch 190: loss=0.057461, train_acc=0.9815, time=10.8s
per-rank: rank0[cuda0,share=0.3982,tput=2.16] rank1[cuda1,share=0.3098,tput=5.29] rank2[cuda2,share=0.2920,tput=3.19]
epoch 190: eval=0.9155
epoch 191: loss=0.056086, train_acc=0.9811, time=10.2s
per-rank: rank0[cuda0,share=0.4125,tput=2.69] rank1[cuda1,share=0.3018,tput=3.44] rank2[cuda2,share=0.2857,tput=2.62]
epoch 191: eval=0.9166
epoch 192: loss=0.056663, train_acc=0.9810, time=9.1s
per-rank: rank0[cuda0,share=0.3975,tput=2.81] rank1[cuda1,share=0.3046,tput=3.83] rank2[cuda2,share=0.2979,tput=2.58]
epoch 192: eval=0.9163
epoch 193: loss=0.056909, train_acc=0.9805, time=9.2s
per-rank: rank0[cuda0,share=0.3855,tput=5.07] rank1[cuda1,share=0.3107,tput=3.63] rank2[cuda2,share=0.3037,tput=2.16]
epoch 193: eval=0.9187
epoch 194: loss=0.056265, train_acc=0.9810, time=9.1s
per-rank: rank0[cuda0,share=0.4100,tput=2.46] rank1[cuda1,share=0.2986,tput=5.37] rank2[cuda2,share=0.2915,tput=2.52]
epoch 194: eval=0.9167
epoch 195: loss=0.057369, train_acc=0.9808, time=9.2s
per-rank: rank0[cuda0,share=0.4100,tput=2.25] rank2[cuda2,share=0.3000,tput=5.89] rank1[cuda1,share=0.2900,tput=2.74]
epoch 195: eval=0.9173
epoch 196: loss=0.056683, train_acc=0.9816, time=11.0s
per-rank: rank0[cuda0,share=0.4113,tput=2.25] rank2[cuda2,share=0.2975,tput=3.64] rank1[cuda1,share=0.2912,tput=4.61]
epoch 196: eval=0.9165
epoch 197: loss=0.056047, train_acc=0.9817, time=10.2s
per-rank: rank0[cuda0,share=0.4154,tput=2.52] rank2[cuda2,share=0.3026,tput=2.82] rank1[cuda1,share=0.2820,tput=3.62]
epoch 197: eval=0.9159
epoch 198: loss=0.056225, train_acc=0.9815, time=9.2s
per-rank: rank0[cuda0,share=0.4133,tput=2.36] rank2[cuda2,share=0.3054,tput=2.25] rank1[cuda1,share=0.2814,tput=6.88]
epoch 198: eval=0.9180
epoch 199: loss=0.053912, train_acc=0.9817, time=9.6s
per-rank: rank0[cuda0,share=0.4110,tput=2.64] rank1[cuda1,share=0.2945,tput=5.09] rank2[cuda2,share=0.2945,tput=3.65]
final eval=0.9151
# total: 1813.3s (30m 13s)
