# gpu0: NVIDIA GeForce RTX 5060 Ti (15GB, sm_120)
# gpu1: NVIDIA GeForce GTX 1060 6GB (5GB, sm_61)
# gpu2: NVIDIA GeForce GTX 1060 6GB (5GB, sm_61)
epoch 0: loss=2.060737, train_acc=0.2285, time=9.9s
per-rank: rank2[cuda2,share=0.3581,tput=4.27] rank1[cuda1,share=0.3434,tput=4.26] rank0[cuda0,share=0.2985,tput=2.69]
epoch 0: eval=0.3139
epoch 1: loss=1.759863, train_acc=0.3379, time=9.2s
per-rank: rank2[cuda2,share=0.3581,tput=4.34] rank1[cuda1,share=0.3434,tput=2.02] rank0[cuda0,share=0.2985,tput=3.34]
epoch 1: eval=0.3922
epoch 2: loss=1.593028, train_acc=0.4089, time=9.3s
per-rank: rank2[cuda2,share=0.3581,tput=2.10] rank1[cuda1,share=0.3434,tput=4.57] rank0[cuda0,share=0.2985,tput=3.47]
epoch 2: eval=0.4378
epoch 3: loss=1.458334, train_acc=0.4638, time=8.9s
per-rank: rank2[cuda2,share=0.3581,tput=4.63] rank1[cuda1,share=0.3434,tput=2.17] rank0[cuda0,share=0.2985,tput=3.39]
epoch 3: eval=0.4851
epoch 4: loss=1.345622, train_acc=0.5111, time=8.7s
per-rank: rank2[cuda2,share=0.3581,tput=3.66] rank1[cuda1,share=0.3434,tput=2.29] rank0[cuda0,share=0.2985,tput=4.00]
epoch 4: eval=0.5391
epoch 5: loss=1.246397, train_acc=0.5530, time=9.3s
per-rank: rank2[cuda2,share=0.3581,tput=3.52] rank1[cuda1,share=0.3434,tput=2.91] rank0[cuda0,share=0.2985,tput=2.68]
epoch 5: eval=0.5467
epoch 6: loss=1.150771, train_acc=0.5890, time=8.7s
per-rank: rank2[cuda2,share=0.3581,tput=2.18] rank1[cuda1,share=0.3434,tput=2.67] rank0[cuda0,share=0.2985,tput=6.65]
epoch 6: eval=0.5808
epoch 7: loss=1.082195, train_acc=0.6167, time=8.6s
per-rank: rank2[cuda2,share=0.3581,tput=4.08] rank1[cuda1,share=0.3434,tput=4.33] rank0[cuda0,share=0.2985,tput=2.74]
epoch 7: eval=0.5189
epoch 8: loss=1.021553, train_acc=0.6383, time=9.1s
per-rank: rank2[cuda2,share=0.3581,tput=2.76] rank1[cuda1,share=0.3434,tput=2.06] rank0[cuda0,share=0.2985,tput=6.66]
epoch 8: eval=0.6278
epoch 9: loss=0.967923, train_acc=0.6581, time=9.8s
per-rank: rank2[cuda2,share=0.3581,tput=2.01] rank1[cuda1,share=0.3434,tput=5.01] rank0[cuda0,share=0.2985,tput=2.84]
epoch 9: eval=0.6733
epoch 10: loss=0.914013, train_acc=0.6803, time=9.0s
per-rank: rank2[cuda2,share=0.3581,tput=4.08] rank1[cuda1,share=0.3434,tput=3.69] rank0[cuda0,share=0.2985,tput=2.15]
epoch 10: eval=0.6613
epoch 11: loss=0.874913, train_acc=0.6934, time=9.2s
per-rank: rank2[cuda2,share=0.3581,tput=2.12] rank1[cuda1,share=0.3434,tput=3.60] rank0[cuda0,share=0.2985,tput=4.89]
epoch 11: eval=0.7069
epoch 12: loss=0.844759, train_acc=0.7057, time=9.2s
per-rank: rank2[cuda2,share=0.3581,tput=4.12] rank1[cuda1,share=0.3434,tput=2.99] rank0[cuda0,share=0.2985,tput=2.59]
epoch 12: eval=0.6859
epoch 13: loss=1.235481, train_acc=0.5585, time=8.9s
per-rank: rank2[cuda2,share=0.3540,tput=3.94] rank1[cuda1,share=0.3394,tput=2.08] rank0[cuda0,share=0.3066,tput=4.31]
epoch 13: eval=0.5540
epoch 14: loss=1.040973, train_acc=0.6332, time=9.6s
per-rank: rank2[cuda2,share=0.3540,tput=1.99] rank1[cuda1,share=0.3394,tput=5.10] rank0[cuda0,share=0.3066,tput=3.41]
epoch 14: eval=0.5676
epoch 15: loss=0.932634, train_acc=0.6771, time=9.3s
per-rank: rank2[cuda2,share=0.3540,tput=4.40] rank1[cuda1,share=0.3394,tput=3.38] rank0[cuda0,share=0.3066,tput=2.09]
epoch 15: eval=0.6778
epoch 16: loss=0.862322, train_acc=0.7017, time=9.4s
per-rank: rank2[cuda2,share=0.3540,tput=2.04] rank1[cuda1,share=0.3394,tput=3.67] rank0[cuda0,share=0.3066,tput=4.79]
epoch 16: eval=0.6848
epoch 17: loss=0.816456, train_acc=0.7149, time=9.0s
per-rank: rank2[cuda2,share=0.3540,tput=4.03] rank1[cuda1,share=0.3394,tput=3.29] rank0[cuda0,share=0.3066,tput=2.53]
epoch 17: eval=0.6833
epoch 18: loss=0.782787, train_acc=0.7267, time=8.7s
per-rank: rank2[cuda2,share=0.3540,tput=2.20] rank1[cuda1,share=0.3394,tput=4.17] rank0[cuda0,share=0.3066,tput=3.85]
epoch 18: eval=0.7208
epoch 19: loss=0.760269, train_acc=0.7371, time=8.7s
per-rank: rank2[cuda2,share=0.3540,tput=3.00] rank1[cuda1,share=0.3394,tput=5.82] rank0[cuda0,share=0.3066,tput=2.71]
epoch 19: eval=0.7321
epoch 20: loss=0.741802, train_acc=0.7425, time=8.8s
per-rank: rank2[cuda2,share=0.3540,tput=2.44] rank1[cuda1,share=0.3394,tput=5.60] rank0[cuda0,share=0.3066,tput=2.40]
epoch 20: eval=0.6821
epoch 21: loss=0.722721, train_acc=0.7504, time=8.9s
per-rank: rank2[cuda2,share=0.3540,tput=3.18] rank1[cuda1,share=0.3394,tput=2.47] rank0[cuda0,share=0.3066,tput=4.31]
epoch 21: eval=0.7300
epoch 22: loss=0.690762, train_acc=0.7607, time=9.3s
per-rank: rank2[cuda2,share=0.3540,tput=5.14] rank1[cuda1,share=0.3394,tput=4.37] rank0[cuda0,share=0.3066,tput=2.13]
epoch 22: eval=0.6977
epoch 23: loss=0.686336, train_acc=0.7646, time=9.3s
per-rank: rank2[cuda2,share=0.3540,tput=2.06] rank1[cuda1,share=0.3394,tput=3.31] rank0[cuda0,share=0.3066,tput=5.48]
epoch 23: eval=0.7415
epoch 24: loss=0.675375, train_acc=0.7670, time=9.1s
per-rank: rank2[cuda2,share=0.3540,tput=4.18] rank1[cuda1,share=0.3394,tput=3.88] rank0[cuda0,share=0.3066,tput=2.10]
epoch 24: eval=0.7553
epoch 25: loss=0.665865, train_acc=0.7706, time=8.9s
per-rank: rank2[cuda2,share=0.3505,tput=2.17] rank1[cuda1,share=0.3361,tput=6.73] rank0[cuda0,share=0.3134,tput=3.54]
epoch 25: eval=0.6682
epoch 26: loss=0.696132, train_acc=0.7610, time=8.8s
per-rank: rank2[cuda2,share=0.3505,tput=4.19] rank1[cuda1,share=0.3361,tput=2.50] rank0[cuda0,share=0.3134,tput=3.30]
epoch 26: eval=0.7154
epoch 27: loss=0.688140, train_acc=0.7633, time=8.7s
per-rank: rank2[cuda2,share=0.3505,tput=3.14] rank1[cuda1,share=0.3361,tput=2.35] rank0[cuda0,share=0.3134,tput=4.82]
epoch 27: eval=0.7510
epoch 28: loss=0.669009, train_acc=0.7692, time=9.7s
per-rank: rank2[cuda2,share=0.3505,tput=3.42] rank1[cuda1,share=0.3361,tput=4.97] rank0[cuda0,share=0.3134,tput=2.01]
epoch 28: eval=0.7358
epoch 29: loss=0.662905, train_acc=0.7727, time=9.4s
per-rank: rank2[cuda2,share=0.3505,tput=2.33] rank1[cuda1,share=0.3361,tput=3.69] rank0[cuda0,share=0.3134,tput=3.89]
epoch 29: eval=0.7514
epoch 30: loss=0.644140, train_acc=0.7770, time=9.2s
per-rank: rank2[cuda2,share=0.3505,tput=2.06] rank1[cuda1,share=0.3361,tput=3.19] rank0[cuda0,share=0.3134,tput=5.75]
epoch 30: eval=0.7613
epoch 31: loss=0.638441, train_acc=0.7811, time=9.0s
per-rank: rank2[cuda2,share=0.3505,tput=4.57] rank1[cuda1,share=0.3361,tput=2.52] rank0[cuda0,share=0.3134,tput=2.89]
epoch 31: eval=0.7642
epoch 32: loss=0.628162, train_acc=0.7842, time=8.9s
per-rank: rank2[cuda2,share=0.3505,tput=4.52] rank1[cuda1,share=0.3361,tput=4.16] rank0[cuda0,share=0.3134,tput=2.23]
epoch 32: eval=0.7550
epoch 33: loss=0.627928, train_acc=0.7846, time=8.9s
per-rank: rank2[cuda2,share=0.3505,tput=3.24] rank1[cuda1,share=0.3361,tput=2.42] rank0[cuda0,share=0.3134,tput=4.36]
epoch 33: eval=0.7590
epoch 34: loss=0.618456, train_acc=0.7885, time=9.1s
per-rank: rank2[cuda2,share=0.3505,tput=4.72] rank1[cuda1,share=0.3361,tput=3.36] rank0[cuda0,share=0.3134,tput=2.23]
epoch 34: eval=0.7600
epoch 35: loss=0.611811, train_acc=0.7907, time=8.8s
per-rank: rank2[cuda2,share=0.3505,tput=2.23] rank1[cuda1,share=0.3361,tput=3.42] rank0[cuda0,share=0.3134,tput=5.13]
epoch 35: eval=0.7578
epoch 36: loss=0.608597, train_acc=0.7902, time=8.7s
per-rank: rank2[cuda2,share=0.3505,tput=3.02] rank1[cuda1,share=0.3361,tput=2.44] rank0[cuda0,share=0.3134,tput=4.93]
epoch 36: eval=0.7575
epoch 37: loss=0.598975, train_acc=0.7937, time=8.8s
per-rank: rank2[cuda2,share=0.3505,tput=2.31] rank1[cuda1,share=0.3361,tput=4.01] rank0[cuda0,share=0.3134,tput=3.49]
epoch 37: eval=0.7271
epoch 38: loss=0.596839, train_acc=0.7947, time=9.0s
per-rank: rank2[cuda2,share=0.3505,tput=4.49] rank1[cuda1,share=0.3361,tput=3.37] rank0[cuda0,share=0.3134,tput=2.24]
epoch 38: eval=0.7912
epoch 39: loss=0.563109, train_acc=0.8068, time=8.9s
per-rank: rank2[cuda2,share=0.3488,tput=3.42] rank1[cuda1,share=0.3345,tput=2.32] rank0[cuda0,share=0.3167,tput=4.17]
epoch 39: eval=0.7316
epoch 40: loss=0.588699, train_acc=0.7982, time=8.8s
per-rank: rank2[cuda2,share=0.3488,tput=4.78] rank1[cuda1,share=0.3345,tput=2.17] rank0[cuda0,share=0.3167,tput=3.18]
epoch 40: eval=0.7694
epoch 41: loss=0.583487, train_acc=0.7979, time=8.8s
per-rank: rank2[cuda2,share=0.3488,tput=2.27] rank1[cuda1,share=0.3345,tput=3.24] rank0[cuda0,share=0.3167,tput=4.93]
epoch 41: eval=0.7563
epoch 42: loss=0.583827, train_acc=0.8003, time=9.2s
per-rank: rank2[cuda2,share=0.3488,tput=3.22] rank1[cuda1,share=0.3345,tput=4.72] rank0[cuda0,share=0.3167,tput=2.17]
epoch 42: eval=0.7779
epoch 43: loss=0.579104, train_acc=0.8027, time=8.9s
per-rank: rank2[cuda2,share=0.3488,tput=2.71] rank1[cuda1,share=0.3345,tput=2.67] rank0[cuda0,share=0.3167,tput=4.68]
epoch 43: eval=0.7234
epoch 44: loss=0.580170, train_acc=0.8006, time=10.0s
per-rank: rank2[cuda2,share=0.3488,tput=3.47] rank1[cuda1,share=0.3345,tput=5.21] rank0[cuda0,share=0.3167,tput=1.99]
epoch 44: eval=0.7595
epoch 45: loss=0.575960, train_acc=0.8019, time=9.6s
per-rank: rank2[cuda2,share=0.3488,tput=2.27] rank1[cuda1,share=0.3345,tput=4.01] rank0[cuda0,share=0.3167,tput=3.46]
epoch 45: eval=0.6710
epoch 46: loss=0.572888, train_acc=0.8040, time=9.1s
per-rank: rank2[cuda2,share=0.3488,tput=2.06] rank1[cuda1,share=0.3345,tput=3.93] rank0[cuda0,share=0.3167,tput=4.40]
epoch 46: eval=0.7505
epoch 47: loss=0.557823, train_acc=0.8065, time=9.0s
per-rank: rank2[cuda2,share=0.3488,tput=4.42] rank1[cuda1,share=0.3345,tput=2.33] rank0[cuda0,share=0.3167,tput=3.16]
epoch 47: eval=0.7828
epoch 48: loss=0.566650, train_acc=0.8077, time=8.9s
per-rank: rank2[cuda2,share=0.3488,tput=2.91] rank1[cuda1,share=0.3345,tput=5.00] rank0[cuda0,share=0.3167,tput=2.33]
epoch 48: eval=0.7196
epoch 49: loss=0.565995, train_acc=0.8047, time=8.8s
per-rank: rank2[cuda2,share=0.3488,tput=3.99] rank1[cuda1,share=0.3345,tput=2.73] rank0[cuda0,share=0.3167,tput=3.11]
epoch 49: eval=0.7823
epoch 50: loss=0.556608, train_acc=0.8111, time=8.9s
per-rank: rank2[cuda2,share=0.3488,tput=2.08] rank1[cuda1,share=0.3345,tput=3.69] rank0[cuda0,share=0.3167,tput=4.54]
epoch 50: eval=0.7507
epoch 51: loss=0.563694, train_acc=0.8065, time=8.8s
per-rank: rank2[cuda2,share=0.3488,tput=4.51] rank1[cuda1,share=0.3345,tput=3.34] rank0[cuda0,share=0.3167,tput=2.28]
epoch 51: eval=0.7379
epoch 52: loss=0.531257, train_acc=0.8193, time=9.1s
per-rank: rank2[cuda2,share=0.3463,tput=2.05] rank1[cuda1,share=0.3321,tput=5.23] rank0[cuda0,share=0.3215,tput=3.23]
epoch 52: eval=0.8056
epoch 53: loss=0.548817, train_acc=0.8123, time=9.0s
per-rank: rank2[cuda2,share=0.3463,tput=4.15] rank1[cuda1,share=0.3321,tput=2.65] rank0[cuda0,share=0.3215,tput=2.95]
epoch 53: eval=0.7710
epoch 54: loss=0.557669, train_acc=0.8083, time=8.8s
per-rank: rank2[cuda2,share=0.3463,tput=2.13] rank1[cuda1,share=0.3321,tput=3.31] rank0[cuda0,share=0.3215,tput=4.99]
epoch 54: eval=0.7409
epoch 55: loss=0.553275, train_acc=0.8104, time=9.1s
per-rank: rank2[cuda2,share=0.3463,tput=2.04] rank1[cuda1,share=0.3321,tput=5.09] rank0[cuda0,share=0.3215,tput=3.76]
epoch 55: eval=0.7725
epoch 56: loss=0.551981, train_acc=0.8102, time=9.0s
per-rank: rank2[cuda2,share=0.3463,tput=4.53] rank1[cuda1,share=0.3321,tput=2.36] rank0[cuda0,share=0.3215,tput=3.16]
epoch 56: eval=0.7643
epoch 57: loss=0.550170, train_acc=0.8125, time=9.3s
per-rank: rank2[cuda2,share=0.3463,tput=4.53] rank1[cuda1,share=0.3321,tput=3.18] rank0[cuda0,share=0.3215,tput=2.21]
epoch 57: eval=0.7846
epoch 58: loss=0.545504, train_acc=0.8130, time=9.0s
per-rank: rank2[cuda2,share=0.3463,tput=2.08] rank1[cuda1,share=0.3321,tput=3.45] rank0[cuda0,share=0.3215,tput=4.79]
epoch 58: eval=0.7100
epoch 59: loss=0.550256, train_acc=0.8116, time=8.7s
per-rank: rank2[cuda2,share=0.3463,tput=4.47] rank1[cuda1,share=0.3321,tput=4.52] rank0[cuda0,share=0.3215,tput=2.37]
epoch 59: eval=0.7826
epoch 60: loss=0.539232, train_acc=0.8141, time=8.9s
per-rank: rank2[cuda2,share=0.3463,tput=2.15] rank1[cuda1,share=0.3321,tput=3.59] rank0[cuda0,share=0.3215,tput=4.48]
epoch 60: eval=0.7915
epoch 61: loss=0.539061, train_acc=0.8146, time=8.8s
per-rank: rank2[cuda2,share=0.3463,tput=2.89] rank1[cuda1,share=0.3321,tput=2.41] rank0[cuda0,share=0.3215,tput=4.64]
epoch 61: eval=0.7753
epoch 62: loss=0.544558, train_acc=0.8140, time=8.8s
per-rank: rank2[cuda2,share=0.3463,tput=4.29] rank1[cuda1,share=0.3321,tput=2.13] rank0[cuda0,share=0.3215,tput=3.67]
epoch 62: eval=0.7818
epoch 63: loss=0.538262, train_acc=0.8154, time=9.3s
per-rank: rank2[cuda2,share=0.3463,tput=4.31] rank1[cuda1,share=0.3321,tput=3.37] rank0[cuda0,share=0.3215,tput=2.24]
epoch 63: eval=0.7673
epoch 64: loss=0.536154, train_acc=0.8169, time=9.0s
per-rank: rank2[cuda2,share=0.3463,tput=3.12] rank1[cuda1,share=0.3321,tput=2.35] rank0[cuda0,share=0.3215,tput=4.79]
epoch 64: eval=0.7394
epoch 65: loss=0.507543, train_acc=0.8257, time=9.4s
per-rank: rank0[cuda0,share=0.3367,tput=3.23] rank2[cuda2,share=0.3362,tput=1.98] rank1[cuda1,share=0.3271,tput=5.78]
epoch 65: eval=0.8046
epoch 66: loss=0.524537, train_acc=0.8219, time=10.5s
per-rank: rank0[cuda0,share=0.3367,tput=2.33] rank2[cuda2,share=0.3362,tput=3.91] rank1[cuda1,share=0.3271,tput=4.40]
epoch 66: eval=0.7595
epoch 67: loss=0.538419, train_acc=0.8183, time=9.6s
per-rank: rank0[cuda0,share=0.3367,tput=3.14] rank2[cuda2,share=0.3362,tput=2.65] rank1[cuda1,share=0.3271,tput=3.75]
epoch 67: eval=0.7908
epoch 68: loss=0.531335, train_acc=0.8179, time=8.5s
per-rank: rank0[cuda0,share=0.3367,tput=3.19] rank2[cuda2,share=0.3362,tput=2.82] rank1[cuda1,share=0.3271,tput=3.60]
epoch 68: eval=0.8077
epoch 69: loss=0.534007, train_acc=0.8171, time=10.4s
per-rank: rank0[cuda0,share=0.3367,tput=2.36] rank2[cuda2,share=0.3362,tput=3.54] rank1[cuda1,share=0.3271,tput=5.62]
epoch 69: eval=0.7519
epoch 70: loss=0.530121, train_acc=0.8177, time=9.5s
per-rank: rank0[cuda0,share=0.3367,tput=2.46] rank2[cuda2,share=0.3362,tput=3.95] rank1[cuda1,share=0.3271,tput=3.03]
epoch 70: eval=0.7896
epoch 71: loss=0.535442, train_acc=0.8193, time=8.6s
per-rank: rank0[cuda0,share=0.3367,tput=2.22] rank2[cuda2,share=0.3362,tput=2.70] rank1[cuda1,share=0.3271,tput=5.85]
epoch 71: eval=0.7549
epoch 72: loss=0.527269, train_acc=0.8202, time=8.5s
per-rank: rank0[cuda0,share=0.3367,tput=4.35] rank2[cuda2,share=0.3362,tput=4.06] rank1[cuda1,share=0.3271,tput=2.35]
epoch 72: eval=0.7836
epoch 73: loss=0.532276, train_acc=0.8171, time=8.6s
per-rank: rank0[cuda0,share=0.3367,tput=4.16] rank2[cuda2,share=0.3362,tput=3.19] rank1[cuda1,share=0.3271,tput=2.48]
epoch 73: eval=0.7913
epoch 74: loss=0.529037, train_acc=0.8191, time=11.0s
per-rank: rank0[cuda0,share=0.3367,tput=2.22] rank2[cuda2,share=0.3362,tput=3.64] rank1[cuda1,share=0.3271,tput=5.76]
epoch 74: eval=0.7804
epoch 75: loss=0.526954, train_acc=0.8191, time=10.0s
per-rank: rank0[cuda0,share=0.3367,tput=2.26] rank2[cuda2,share=0.3362,tput=2.78] rank1[cuda1,share=0.3271,tput=4.01]
epoch 75: eval=0.7748
epoch 76: loss=0.525031, train_acc=0.8197, time=8.7s
per-rank: rank0[cuda0,share=0.3367,tput=3.21] rank2[cuda2,share=0.3362,tput=3.73] rank1[cuda1,share=0.3271,tput=2.75]
epoch 76: eval=0.7820
epoch 77: loss=0.522463, train_acc=0.8214, time=8.8s
per-rank: rank0[cuda0,share=0.3367,tput=2.37] rank2[cuda2,share=0.3362,tput=6.06] rank1[cuda1,share=0.3271,tput=2.80]
epoch 77: eval=0.7831
epoch 78: loss=0.522402, train_acc=0.8224, time=8.7s
per-rank: rank0[cuda0,share=0.3367,tput=3.92] rank2[cuda2,share=0.3362,tput=2.39] rank1[cuda1,share=0.3271,tput=3.36]
epoch 78: eval=0.7854
epoch 79: loss=0.521838, train_acc=0.8210, time=8.6s
per-rank: rank0[cuda0,share=0.3367,tput=3.39] rank2[cuda2,share=0.3362,tput=2.70] rank1[cuda1,share=0.3271,tput=3.53]
epoch 79: eval=0.8067
epoch 80: loss=0.521999, train_acc=0.8217, time=8.8s
per-rank: rank0[cuda0,share=0.3367,tput=2.86] rank2[cuda2,share=0.3362,tput=6.33] rank1[cuda1,share=0.3271,tput=2.06]
epoch 80: eval=0.7702
epoch 81: loss=0.520190, train_acc=0.8209, time=8.8s
per-rank: rank0[cuda0,share=0.3367,tput=3.94] rank2[cuda2,share=0.3362,tput=2.47] rank1[cuda1,share=0.3271,tput=3.28]
epoch 81: eval=0.7907
epoch 82: loss=0.518631, train_acc=0.8240, time=10.5s
per-rank: rank0[cuda0,share=0.3472,tput=2.31] rank2[cuda2,share=0.3292,tput=5.55] rank1[cuda1,share=0.3236,tput=3.55]
epoch 82: eval=0.8079
epoch 83: loss=0.485767, train_acc=0.8330, time=9.7s
per-rank: rank0[cuda0,share=0.3472,tput=2.52] rank2[cuda2,share=0.3292,tput=2.85] rank1[cuda1,share=0.3236,tput=4.07]
epoch 83: eval=0.8092
epoch 84: loss=0.510825, train_acc=0.8248, time=8.7s
per-rank: rank0[cuda0,share=0.3472,tput=3.67] rank2[cuda2,share=0.3292,tput=4.63] rank1[cuda1,share=0.3236,tput=2.76]
epoch 84: eval=0.7574
epoch 85: loss=0.519524, train_acc=0.8219, time=11.0s
per-rank: rank0[cuda0,share=0.3472,tput=2.20] rank2[cuda2,share=0.3292,tput=3.49] rank1[cuda1,share=0.3236,tput=5.61]
epoch 85: eval=0.7994
epoch 86: loss=0.520265, train_acc=0.8224, time=9.8s
per-rank: rank0[cuda0,share=0.3472,tput=2.72] rank2[cuda2,share=0.3292,tput=3.91] rank1[cuda1,share=0.3236,tput=2.94]
epoch 86: eval=0.7976
epoch 87: loss=0.521937, train_acc=0.8188, time=8.7s
per-rank: rank0[cuda0,share=0.3472,tput=3.57] rank2[cuda2,share=0.3292,tput=3.35] rank1[cuda1,share=0.3236,tput=2.69]
epoch 87: eval=0.7331
epoch 88: loss=0.525410, train_acc=0.8227, time=10.8s
per-rank: rank0[cuda0,share=0.3472,tput=2.22] rank2[cuda2,share=0.3292,tput=3.15] rank1[cuda1,share=0.3236,tput=5.85]
epoch 88: eval=0.7862
epoch 89: loss=0.513956, train_acc=0.8234, time=9.7s
per-rank: rank0[cuda0,share=0.3472,tput=3.09] rank2[cuda2,share=0.3292,tput=2.44] rank1[cuda1,share=0.3236,tput=4.03]
epoch 89: eval=0.7114
epoch 90: loss=0.521920, train_acc=0.8228, time=10.5s
per-rank: rank0[cuda0,share=0.3472,tput=2.28] rank2[cuda2,share=0.3292,tput=5.35] rank1[cuda1,share=0.3236,tput=3.92]
epoch 90: eval=0.7706
epoch 91: loss=0.514330, train_acc=0.8244, time=9.8s
per-rank: rank0[cuda0,share=0.3472,tput=2.82] rank2[cuda2,share=0.3292,tput=3.90] rank1[cuda1,share=0.3236,tput=2.76]
epoch 91: eval=0.8130
epoch 92: loss=0.510520, train_acc=0.8259, time=8.5s
per-rank: rank0[cuda0,share=0.3472,tput=3.03] rank2[cuda2,share=0.3292,tput=6.61] rank1[cuda1,share=0.3236,tput=2.14]
epoch 92: eval=0.7962
epoch 93: loss=0.514035, train_acc=0.8236, time=10.7s
per-rank: rank0[cuda0,share=0.3472,tput=2.28] rank2[cuda2,share=0.3292,tput=3.98] rank1[cuda1,share=0.3236,tput=4.65]
epoch 93: eval=0.7688
epoch 94: loss=0.507635, train_acc=0.8262, time=9.5s
per-rank: rank0[cuda0,share=0.3472,tput=4.55] rank2[cuda2,share=0.3292,tput=2.98] rank1[cuda1,share=0.3236,tput=4.25]
epoch 94: eval=0.7915
epoch 95: loss=0.513978, train_acc=0.8238, time=8.5s
per-rank: rank0[cuda0,share=0.3472,tput=3.38] rank2[cuda2,share=0.3292,tput=3.69] rank1[cuda1,share=0.3236,tput=2.81]
epoch 95: eval=0.7481
epoch 96: loss=0.515103, train_acc=0.8228, time=8.5s
per-rank: rank0[cuda0,share=0.3472,tput=2.56] rank2[cuda2,share=0.3292,tput=6.22] rank1[cuda1,share=0.3236,tput=2.61]
epoch 96: eval=0.8060
epoch 97: loss=0.503273, train_acc=0.8296, time=8.5s
per-rank: rank0[cuda0,share=0.3472,tput=2.65] rank2[cuda2,share=0.3292,tput=6.22] rank1[cuda1,share=0.3236,tput=2.70]
epoch 97: eval=0.8035
epoch 98: loss=0.504905, train_acc=0.8283, time=10.8s
per-rank: rank0[cuda0,share=0.3472,tput=2.22] rank2[cuda2,share=0.3292,tput=4.85] rank1[cuda1,share=0.3236,tput=4.06]
epoch 98: eval=0.8014
epoch 99: loss=0.507182, train_acc=0.8264, time=9.9s
per-rank: rank0[cuda0,share=0.3472,tput=2.54] rank2[cuda2,share=0.3292,tput=3.02] rank1[cuda1,share=0.3236,tput=3.73]
epoch 99: eval=0.8004
epoch 100: loss=0.356945, train_acc=0.8782, time=8.6s
per-rank: rank0[cuda0,share=0.3550,tput=4.06] rank2[cuda2,share=0.3240,tput=2.68] rank1[cuda1,share=0.3210,tput=2.99]
epoch 100: eval=0.8900
epoch 101: loss=0.282444, train_acc=0.9033, time=10.5s
per-rank: rank0[cuda0,share=0.3550,tput=2.33] rank2[cuda2,share=0.3240,tput=6.07] rank1[cuda1,share=0.3210,tput=3.14]
epoch 101: eval=0.8923
epoch 102: loss=0.271363, train_acc=0.9058, time=9.6s
per-rank: rank0[cuda0,share=0.3550,tput=3.04] rank2[cuda2,share=0.3240,tput=3.80] rank1[cuda1,share=0.3210,tput=2.91]
epoch 102: eval=0.8958
epoch 103: loss=0.263956, train_acc=0.9086, time=8.7s
per-rank: rank0[cuda0,share=0.3550,tput=2.90] rank2[cuda2,share=0.3240,tput=5.99] rank1[cuda1,share=0.3210,tput=2.39]
epoch 103: eval=0.8961
epoch 104: loss=0.259631, train_acc=0.9104, time=8.4s
per-rank: rank0[cuda0,share=0.3550,tput=3.47] rank2[cuda2,share=0.3240,tput=3.38] rank1[cuda1,share=0.3210,tput=2.87]
epoch 104: eval=0.8906
epoch 105: loss=0.249903, train_acc=0.9135, time=8.6s
per-rank: rank0[cuda0,share=0.3550,tput=4.78] rank2[cuda2,share=0.3240,tput=4.33] rank1[cuda1,share=0.3210,tput=2.57]
epoch 105: eval=0.8945
epoch 106: loss=0.241927, train_acc=0.9159, time=8.4s
per-rank: rank0[cuda0,share=0.3550,tput=3.44] rank2[cuda2,share=0.3240,tput=5.78] rank1[cuda1,share=0.3210,tput=2.22]
epoch 106: eval=0.8962
epoch 107: loss=0.241583, train_acc=0.9157, time=8.4s
per-rank: rank0[cuda0,share=0.3550,tput=2.59] rank2[cuda2,share=0.3240,tput=5.75] rank1[cuda1,share=0.3210,tput=2.79]
epoch 107: eval=0.8963
epoch 108: loss=0.236510, train_acc=0.9176, time=8.6s
per-rank: rank0[cuda0,share=0.3550,tput=3.58] rank2[cuda2,share=0.3240,tput=3.27] rank1[cuda1,share=0.3210,tput=2.69]
epoch 108: eval=0.8991
epoch 109: loss=0.228560, train_acc=0.9208, time=11.3s
per-rank: rank0[cuda0,share=0.3550,tput=2.12] rank2[cuda2,share=0.3240,tput=3.78] rank1[cuda1,share=0.3210,tput=5.21]
epoch 109: eval=0.8950
epoch 110: loss=0.228931, train_acc=0.9201, time=10.3s
per-rank: rank0[cuda0,share=0.3550,tput=2.14] rank2[cuda2,share=0.3240,tput=3.97] rank1[cuda1,share=0.3210,tput=3.30]
epoch 110: eval=0.8946
epoch 111: loss=0.223482, train_acc=0.9220, time=8.7s
per-rank: rank0[cuda0,share=0.3550,tput=3.45] rank2[cuda2,share=0.3240,tput=3.97] rank1[cuda1,share=0.3210,tput=2.38]
epoch 111: eval=0.8956
epoch 112: loss=0.219726, train_acc=0.9230, time=10.5s
per-rank: rank0[cuda0,share=0.3550,tput=2.28] rank2[cuda2,share=0.3240,tput=5.48] rank1[cuda1,share=0.3210,tput=3.62]
epoch 112: eval=0.8911
epoch 113: loss=0.222233, train_acc=0.9245, time=9.8s
per-rank: rank0[cuda0,share=0.3550,tput=2.94] rank2[cuda2,share=0.3240,tput=3.71] rank1[cuda1,share=0.3210,tput=2.81]
epoch 113: eval=0.8956
epoch 114: loss=0.217977, train_acc=0.9240, time=10.3s
per-rank: rank0[cuda0,share=0.3550,tput=2.35] rank2[cuda2,share=0.3240,tput=3.78] rank1[cuda1,share=0.3210,tput=4.72]
epoch 114: eval=0.8989
epoch 115: loss=0.212744, train_acc=0.9254, time=9.5s
per-rank: rank0[cuda0,share=0.3550,tput=2.80] rank2[cuda2,share=0.3240,tput=3.57] rank1[cuda1,share=0.3210,tput=3.04]
epoch 115: eval=0.9010
epoch 116: loss=0.212882, train_acc=0.9259, time=11.4s
per-rank: rank0[cuda0,share=0.3609,tput=2.12] rank2[cuda2,share=0.3201,tput=4.79] rank1[cuda1,share=0.3190,tput=4.04]
epoch 116: eval=0.8887
epoch 117: loss=0.203464, train_acc=0.9293, time=10.3s
per-rank: rank0[cuda0,share=0.3609,tput=2.16] rank2[cuda2,share=0.3201,tput=3.01] rank1[cuda1,share=0.3190,tput=4.50]
epoch 117: eval=0.8991
epoch 118: loss=0.200996, train_acc=0.9305, time=8.6s
per-rank: rank0[cuda0,share=0.3609,tput=3.42] rank2[cuda2,share=0.3201,tput=2.56] rank1[cuda1,share=0.3190,tput=3.51]
epoch 118: eval=0.8970
epoch 119: loss=0.203311, train_acc=0.9296, time=8.6s
per-rank: rank0[cuda0,share=0.3609,tput=2.55] rank2[cuda2,share=0.3201,tput=2.37] rank1[cuda1,share=0.3190,tput=6.65]
epoch 119: eval=0.8963
epoch 120: loss=0.201572, train_acc=0.9297, time=8.6s
per-rank: rank0[cuda0,share=0.3609,tput=2.71] rank2[cuda2,share=0.3201,tput=6.08] rank1[cuda1,share=0.3190,tput=2.47]
epoch 120: eval=0.9017
epoch 121: loss=0.201435, train_acc=0.9303, time=8.5s
per-rank: rank0[cuda0,share=0.3609,tput=3.77] rank2[cuda2,share=0.3201,tput=3.58] rank1[cuda1,share=0.3190,tput=2.56]
epoch 121: eval=0.8994
epoch 122: loss=0.197000, train_acc=0.9321, time=8.4s
per-rank: rank0[cuda0,share=0.3609,tput=2.26] rank2[cuda2,share=0.3201,tput=6.53] rank1[cuda1,share=0.3190,tput=2.97]
epoch 122: eval=0.8972
epoch 123: loss=0.197575, train_acc=0.9305, time=8.5s
per-rank: rank0[cuda0,share=0.3609,tput=2.61] rank2[cuda2,share=0.3201,tput=2.48] rank1[cuda1,share=0.3190,tput=5.98]
epoch 123: eval=0.8989
epoch 124: loss=0.197914, train_acc=0.9298, time=8.6s
per-rank: rank0[cuda0,share=0.3609,tput=2.63] rank2[cuda2,share=0.3201,tput=2.06] rank1[cuda1,share=0.3190,tput=6.68]
epoch 124: eval=0.9031
epoch 125: loss=0.198213, train_acc=0.9307, time=10.4s
per-rank: rank0[cuda0,share=0.3609,tput=2.31] rank2[cuda2,share=0.3201,tput=4.91] rank1[cuda1,share=0.3190,tput=3.82]
epoch 125: eval=0.8976
epoch 126: loss=0.197435, train_acc=0.9317, time=9.5s
per-rank: rank0[cuda0,share=0.3609,tput=2.27] rank2[cuda2,share=0.3201,tput=2.90] rank1[cuda1,share=0.3190,tput=4.22]
epoch 126: eval=0.8984
epoch 127: loss=0.192429, train_acc=0.9339, time=10.7s
per-rank: rank0[cuda0,share=0.3609,tput=2.24] rank2[cuda2,share=0.3201,tput=3.51] rank1[cuda1,share=0.3190,tput=5.68]
epoch 127: eval=0.8982
epoch 128: loss=0.190772, train_acc=0.9333, time=9.7s
per-rank: rank0[cuda0,share=0.3609,tput=2.38] rank2[cuda2,share=0.3201,tput=4.02] rank1[cuda1,share=0.3190,tput=2.99]
epoch 128: eval=0.9016
epoch 129: loss=0.187606, train_acc=0.9338, time=8.6s
per-rank: rank0[cuda0,share=0.3609,tput=3.08] rank2[cuda2,share=0.3201,tput=3.86] rank1[cuda1,share=0.3190,tput=2.63]
epoch 129: eval=0.8964
epoch 130: loss=0.191364, train_acc=0.9334, time=8.5s
per-rank: rank0[cuda0,share=0.3609,tput=3.98] rank2[cuda2,share=0.3201,tput=2.67] rank1[cuda1,share=0.3190,tput=3.64]
epoch 130: eval=0.9025
epoch 131: loss=0.187275, train_acc=0.9355, time=8.5s
per-rank: rank0[cuda0,share=0.3609,tput=2.94] rank2[cuda2,share=0.3201,tput=2.57] rank1[cuda1,share=0.3190,tput=4.11]
epoch 131: eval=0.9010
epoch 132: loss=0.188226, train_acc=0.9344, time=8.6s
per-rank: rank0[cuda0,share=0.3609,tput=2.07] rank2[cuda2,share=0.3201,tput=6.76] rank1[cuda1,share=0.3190,tput=2.92]
epoch 132: eval=0.8970
epoch 133: loss=0.187607, train_acc=0.9346, time=8.9s
per-rank: rank0[cuda0,share=0.3609,tput=2.99] rank2[cuda2,share=0.3201,tput=3.43] rank1[cuda1,share=0.3190,tput=3.01]
epoch 133: eval=0.8977
epoch 134: loss=0.189133, train_acc=0.9346, time=8.6s
per-rank: rank0[cuda0,share=0.3609,tput=3.41] rank2[cuda2,share=0.3201,tput=2.22] rank1[cuda1,share=0.3190,tput=4.08]
epoch 134: eval=0.8982
epoch 135: loss=0.168167, train_acc=0.9411, time=8.7s
per-rank: rank0[cuda0,share=0.3656,tput=3.14] rank1[cuda1,share=0.3175,tput=3.95] rank2[cuda2,share=0.3169,tput=2.48]
epoch 135: eval=0.9040
epoch 136: loss=0.173042, train_acc=0.9394, time=11.5s
per-rank: rank0[cuda0,share=0.3656,tput=2.07] rank1[cuda1,share=0.3175,tput=3.61] rank2[cuda2,share=0.3169,tput=5.65]
epoch 136: eval=0.8979
epoch 137: loss=0.178874, train_acc=0.9366, time=10.0s
per-rank: rank0[cuda0,share=0.3656,tput=2.27] rank1[cuda1,share=0.3175,tput=4.12] rank2[cuda2,share=0.3169,tput=3.09]
epoch 137: eval=0.8996
epoch 138: loss=0.175806, train_acc=0.9381, time=8.6s
per-rank: rank0[cuda0,share=0.3656,tput=3.45] rank1[cuda1,share=0.3175,tput=2.48] rank2[cuda2,share=0.3169,tput=3.95]
epoch 138: eval=0.8944
epoch 139: loss=0.183543, train_acc=0.9348, time=8.7s
per-rank: rank0[cuda0,share=0.3656,tput=3.10] rank1[cuda1,share=0.3175,tput=2.46] rank2[cuda2,share=0.3169,tput=5.40]
epoch 139: eval=0.9013
epoch 140: loss=0.180397, train_acc=0.9362, time=8.6s
per-rank: rank0[cuda0,share=0.3656,tput=3.83] rank1[cuda1,share=0.3175,tput=2.41] rank2[cuda2,share=0.3169,tput=3.75]
epoch 140: eval=0.8935
epoch 141: loss=0.179535, train_acc=0.9363, time=10.4s
per-rank: rank0[cuda0,share=0.3656,tput=2.36] rank1[cuda1,share=0.3175,tput=4.73] rank2[cuda2,share=0.3169,tput=3.92]
epoch 141: eval=0.8890
epoch 142: loss=0.183556, train_acc=0.9349, time=9.5s
per-rank: rank0[cuda0,share=0.3656,tput=2.69] rank1[cuda1,share=0.3175,tput=4.03] rank2[cuda2,share=0.3169,tput=2.84]
epoch 142: eval=0.8937
epoch 143: loss=0.180884, train_acc=0.9371, time=8.6s
per-rank: rank0[cuda0,share=0.3656,tput=3.99] rank1[cuda1,share=0.3175,tput=3.19] rank2[cuda2,share=0.3169,tput=2.55]
epoch 143: eval=0.9011
epoch 144: loss=0.182418, train_acc=0.9352, time=8.4s
per-rank: rank0[cuda0,share=0.3656,tput=4.65] rank1[cuda1,share=0.3175,tput=2.62] rank2[cuda2,share=0.3169,tput=4.24]
epoch 144: eval=0.9008
epoch 145: loss=0.181700, train_acc=0.9359, time=8.5s
per-rank: rank0[cuda0,share=0.3656,tput=3.79] rank1[cuda1,share=0.3175,tput=3.45] rank2[cuda2,share=0.3169,tput=2.57]
epoch 145: eval=0.8960
epoch 146: loss=0.180982, train_acc=0.9362, time=11.3s
per-rank: rank0[cuda0,share=0.3656,tput=2.14] rank1[cuda1,share=0.3175,tput=5.61] rank2[cuda2,share=0.3169,tput=3.65]
epoch 146: eval=0.8966
epoch 147: loss=0.176748, train_acc=0.9381, time=10.2s
per-rank: rank0[cuda0,share=0.3656,tput=2.30] rank1[cuda1,share=0.3175,tput=4.56] rank2[cuda2,share=0.3169,tput=2.63]
epoch 147: eval=0.8949
epoch 148: loss=0.179813, train_acc=0.9365, time=8.7s
per-rank: rank0[cuda0,share=0.3656,tput=3.45] rank1[cuda1,share=0.3175,tput=2.54] rank2[cuda2,share=0.3169,tput=3.93]
epoch 148: eval=0.8971
epoch 149: loss=0.177704, train_acc=0.9378, time=8.7s
per-rank: rank0[cuda0,share=0.3656,tput=3.29] rank1[cuda1,share=0.3175,tput=2.83] rank2[cuda2,share=0.3169,tput=3.59]
epoch 149: eval=0.8922
epoch 150: loss=0.178659, train_acc=0.9373, time=8.5s
per-rank: rank0[cuda0,share=0.3656,tput=4.13] rank1[cuda1,share=0.3175,tput=4.92] rank2[cuda2,share=0.3169,tput=2.37]
epoch 150: eval=0.8892
epoch 151: loss=0.178215, train_acc=0.9367, time=9.9s
per-rank: rank0[cuda0,share=0.3656,tput=2.47] rank1[cuda1,share=0.3175,tput=5.02] rank2[cuda2,share=0.3169,tput=3.78]
epoch 151: eval=0.8998
epoch 152: loss=0.160408, train_acc=0.9436, time=9.4s
per-rank: rank0[cuda0,share=0.3759,tput=3.13] rank1[cuda1,share=0.3137,tput=2.55] rank2[cuda2,share=0.3104,tput=4.13]
epoch 152: eval=0.9163
epoch 153: loss=0.114688, train_acc=0.9621, time=10.3s
per-rank: rank0[cuda0,share=0.3759,tput=2.39] rank1[cuda1,share=0.3137,tput=5.15] rank2[cuda2,share=0.3104,tput=3.94]
epoch 153: eval=0.9164
epoch 154: loss=0.112861, train_acc=0.9612, time=9.4s
per-rank: rank0[cuda0,share=0.3759,tput=2.98] rank1[cuda1,share=0.3137,tput=2.76] rank2[cuda2,share=0.3104,tput=3.96]
epoch 154: eval=0.9166
epoch 155: loss=0.110349, train_acc=0.9628, time=8.5s
per-rank: rank0[cuda0,share=0.3759,tput=2.74] rank1[cuda1,share=0.3137,tput=6.60] rank2[cuda2,share=0.3104,tput=2.20]
epoch 155: eval=0.9156
epoch 156: loss=0.106188, train_acc=0.9646, time=8.5s
per-rank: rank0[cuda0,share=0.3759,tput=5.11] rank1[cuda1,share=0.3137,tput=2.83] rank2[cuda2,share=0.3104,tput=3.82]
epoch 156: eval=0.9155
epoch 157: loss=0.107958, train_acc=0.9637, time=8.6s
per-rank: rank0[cuda0,share=0.3759,tput=4.08] rank1[cuda1,share=0.3137,tput=3.91] rank2[cuda2,share=0.3104,tput=2.13]
epoch 157: eval=0.9155
epoch 158: loss=0.103155, train_acc=0.9657, time=8.6s
per-rank: rank0[cuda0,share=0.3759,tput=2.93] rank1[cuda1,share=0.3137,tput=2.90] rank2[cuda2,share=0.3104,tput=4.62]
epoch 158: eval=0.9156
epoch 159: loss=0.104716, train_acc=0.9643, time=8.4s
per-rank: rank0[cuda0,share=0.3759,tput=4.74] rank1[cuda1,share=0.3137,tput=4.92] rank2[cuda2,share=0.3104,tput=2.38]
epoch 159: eval=0.9174
epoch 160: loss=0.102532, train_acc=0.9654, time=8.5s
per-rank: rank0[cuda0,share=0.3759,tput=3.49] rank1[cuda1,share=0.3137,tput=3.75] rank2[cuda2,share=0.3104,tput=2.36]
epoch 160: eval=0.9157
epoch 161: loss=0.103082, train_acc=0.9651, time=8.5s
per-rank: rank0[cuda0,share=0.3759,tput=4.11] rank1[cuda1,share=0.3137,tput=3.74] rank2[cuda2,share=0.3104,tput=2.34]
epoch 161: eval=0.9161
epoch 162: loss=0.102568, train_acc=0.9660, time=8.5s
per-rank: rank0[cuda0,share=0.3759,tput=3.65] rank1[cuda1,share=0.3137,tput=2.75] rank2[cuda2,share=0.3104,tput=3.29]
epoch 162: eval=0.9145
epoch 163: loss=0.101017, train_acc=0.9661, time=8.4s
per-rank: rank0[cuda0,share=0.3759,tput=2.64] rank1[cuda1,share=0.3137,tput=2.37] rank2[cuda2,share=0.3104,tput=6.75]
epoch 163: eval=0.9160
epoch 164: loss=0.100927, train_acc=0.9664, time=8.5s
per-rank: rank0[cuda0,share=0.3759,tput=3.70] rank1[cuda1,share=0.3137,tput=3.37] rank2[cuda2,share=0.3104,tput=2.60]
epoch 164: eval=0.9181
epoch 165: loss=0.096960, train_acc=0.9674, time=11.0s
per-rank: rank0[cuda0,share=0.3759,tput=2.16] rank1[cuda1,share=0.3137,tput=4.00] rank2[cuda2,share=0.3104,tput=5.22]
epoch 165: eval=0.9161
epoch 166: loss=0.094384, train_acc=0.9685, time=10.1s
per-rank: rank0[cuda0,share=0.3759,tput=2.13] rank1[cuda1,share=0.3137,tput=4.29] rank2[cuda2,share=0.3104,tput=2.95]
epoch 166: eval=0.9180
epoch 167: loss=0.097935, train_acc=0.9657, time=8.6s
per-rank: rank0[cuda0,share=0.3759,tput=3.10] rank1[cuda1,share=0.3137,tput=2.91] rank2[cuda2,share=0.3104,tput=3.79]
epoch 167: eval=0.9172
epoch 168: loss=0.095811, train_acc=0.9675, time=8.5s
per-rank: rank0[cuda0,share=0.3759,tput=3.35] rank1[cuda1,share=0.3137,tput=4.40] rank2[cuda2,share=0.3104,tput=2.19]
epoch 168: eval=0.9166
epoch 169: loss=0.097453, train_acc=0.9669, time=11.1s
per-rank: rank0[cuda0,share=0.3847,tput=2.15] rank1[cuda1,share=0.3107,tput=4.13] rank2[cuda2,share=0.3046,tput=4.43]
epoch 169: eval=0.9153
epoch 170: loss=0.095856, train_acc=0.9681, time=9.9s
per-rank: rank0[cuda0,share=0.3847,tput=2.36] rank1[cuda1,share=0.3107,tput=3.28] rank2[cuda2,share=0.3046,tput=4.01]
epoch 170: eval=0.9173
epoch 171: loss=0.093388, train_acc=0.9694, time=8.5s
per-rank: rank0[cuda0,share=0.3847,tput=3.90] rank1[cuda1,share=0.3107,tput=3.90] rank2[cuda2,share=0.3046,tput=2.03]
epoch 171: eval=0.9183
epoch 172: loss=0.093411, train_acc=0.9691, time=10.3s
per-rank: rank0[cuda0,share=0.3847,tput=2.38] rank1[cuda1,share=0.3107,tput=4.11] rank2[cuda2,share=0.3046,tput=4.67]
epoch 172: eval=0.9169
epoch 173: loss=0.093071, train_acc=0.9681, time=9.4s
per-rank: rank0[cuda0,share=0.3847,tput=2.97] rank1[cuda1,share=0.3107,tput=2.91] rank2[cuda2,share=0.3046,tput=3.80]
epoch 173: eval=0.9151
epoch 174: loss=0.093390, train_acc=0.9696, time=10.8s
per-rank: rank0[cuda0,share=0.3847,tput=2.21] rank1[cuda1,share=0.3107,tput=4.16] rank2[cuda2,share=0.3046,tput=4.71]
epoch 174: eval=0.9155
epoch 175: loss=0.092467, train_acc=0.9690, time=9.8s
per-rank: rank0[cuda0,share=0.3847,tput=2.41] rank1[cuda1,share=0.3107,tput=2.94] rank2[cuda2,share=0.3046,tput=4.14]
epoch 175: eval=0.9171
epoch 176: loss=0.090908, train_acc=0.9697, time=8.6s
per-rank: rank0[cuda0,share=0.3847,tput=3.40] rank1[cuda1,share=0.3107,tput=3.96] rank2[cuda2,share=0.3046,tput=2.37]
epoch 176: eval=0.9162
epoch 177: loss=0.088166, train_acc=0.9699, time=8.4s
per-rank: rank0[cuda0,share=0.3847,tput=3.01] rank1[cuda1,share=0.3107,tput=6.17] rank2[cuda2,share=0.3046,tput=2.37]
epoch 177: eval=0.9151
epoch 178: loss=0.090554, train_acc=0.9697, time=9.9s
per-rank: rank0[cuda0,share=0.3847,tput=2.45] rank1[cuda1,share=0.3107,tput=5.02] rank2[cuda2,share=0.3046,tput=3.66]
epoch 178: eval=0.9156
epoch 179: loss=0.090452, train_acc=0.9689, time=9.3s
per-rank: rank0[cuda0,share=0.3847,tput=3.05] rank1[cuda1,share=0.3107,tput=3.68] rank2[cuda2,share=0.3046,tput=2.77]
epoch 179: eval=0.9151
epoch 180: loss=0.091930, train_acc=0.9688, time=8.5s
per-rank: rank0[cuda0,share=0.3847,tput=2.49] rank1[cuda1,share=0.3107,tput=2.72] rank2[cuda2,share=0.3046,tput=5.68]
epoch 180: eval=0.9177
epoch 181: loss=0.089619, train_acc=0.9689, time=11.4s
per-rank: rank0[cuda0,share=0.3847,tput=2.10] rank1[cuda1,share=0.3107,tput=5.37] rank2[cuda2,share=0.3046,tput=3.65]
epoch 181: eval=0.9167
epoch 182: loss=0.088449, train_acc=0.9700, time=10.6s
per-rank: rank0[cuda0,share=0.3847,tput=2.09] rank1[cuda1,share=0.3107,tput=4.31] rank2[cuda2,share=0.3046,tput=2.92]
epoch 182: eval=0.9168
epoch 183: loss=0.089963, train_acc=0.9698, time=8.9s
per-rank: rank0[cuda0,share=0.3847,tput=3.04] rank1[cuda1,share=0.3107,tput=4.12] rank2[cuda2,share=0.3046,tput=2.57]
epoch 183: eval=0.9182
epoch 184: loss=0.089365, train_acc=0.9695, time=8.6s
per-rank: rank0[cuda0,share=0.3847,tput=3.09] rank1[cuda1,share=0.3107,tput=2.95] rank2[cuda2,share=0.3046,tput=3.56]
epoch 184: eval=0.9146
epoch 185: loss=0.087347, train_acc=0.9698, time=8.6s
per-rank: rank0[cuda0,share=0.3847,tput=3.23] rank1[cuda1,share=0.3107,tput=2.92] rank2[cuda2,share=0.3046,tput=3.44]
epoch 185: eval=0.9158
epoch 186: loss=0.086694, train_acc=0.9699, time=10.3s
per-rank: rank0[cuda0,share=0.3847,tput=2.38] rank1[cuda1,share=0.3107,tput=3.76] rank2[cuda2,share=0.3046,tput=5.07]
epoch 186: eval=0.9172
epoch 187: loss=0.085579, train_acc=0.9714, time=9.6s
per-rank: rank0[cuda0,share=0.3923,tput=3.06] rank1[cuda1,share=0.3082,tput=3.71] rank2[cuda2,share=0.2995,tput=2.79]
epoch 187: eval=0.9184
epoch 188: loss=0.084156, train_acc=0.9718, time=8.5s
per-rank: rank0[cuda0,share=0.3923,tput=3.88] rank1[cuda1,share=0.3082,tput=3.46] rank2[cuda2,share=0.2995,tput=2.34]
epoch 188: eval=0.9154
epoch 189: loss=0.083345, train_acc=0.9720, time=10.4s
per-rank: rank0[cuda0,share=0.3923,tput=2.35] rank1[cuda1,share=0.3082,tput=4.03] rank2[cuda2,share=0.2995,tput=4.72]
epoch 189: eval=0.9172
epoch 190: loss=0.085596, train_acc=0.9706, time=9.7s
per-rank: rank0[cuda0,share=0.3923,tput=2.70] rank1[cuda1,share=0.3082,tput=3.09] rank2[cuda2,share=0.2995,tput=3.46]
epoch 190: eval=0.9172
epoch 191: loss=0.084644, train_acc=0.9716, time=8.5s
per-rank: rank0[cuda0,share=0.3923,tput=3.67] rank1[cuda1,share=0.3082,tput=3.58] rank2[cuda2,share=0.2995,tput=2.29]
epoch 191: eval=0.9174
epoch 192: loss=0.081818, train_acc=0.9726, time=8.5s
per-rank: rank0[cuda0,share=0.3923,tput=3.83] rank1[cuda1,share=0.3082,tput=3.05] rank2[cuda2,share=0.2995,tput=2.95]
epoch 192: eval=0.9165
epoch 193: loss=0.085550, train_acc=0.9708, time=10.2s
per-rank: rank0[cuda0,share=0.3923,tput=2.39] rank1[cuda1,share=0.3082,tput=4.27] rank2[cuda2,share=0.2995,tput=4.67]
epoch 193: eval=0.9150
epoch 194: loss=0.081337, train_acc=0.9724, time=9.4s
per-rank: rank0[cuda0,share=0.3923,tput=3.09] rank1[cuda1,share=0.3082,tput=3.66] rank2[cuda2,share=0.2995,tput=2.98]
epoch 194: eval=0.9185
epoch 195: loss=0.082693, train_acc=0.9719, time=8.5s
per-rank: rank0[cuda0,share=0.3923,tput=2.63] rank1[cuda1,share=0.3082,tput=5.93] rank2[cuda2,share=0.2995,tput=2.39]
epoch 195: eval=0.9176
epoch 196: loss=0.080246, train_acc=0.9726, time=8.5s
per-rank: rank0[cuda0,share=0.3923,tput=3.89] rank1[cuda1,share=0.3082,tput=2.59] rank2[cuda2,share=0.2995,tput=3.39]
epoch 196: eval=0.9149
epoch 197: loss=0.083669, train_acc=0.9715, time=8.5s
per-rank: rank0[cuda0,share=0.3923,tput=3.32] rank1[cuda1,share=0.3082,tput=2.49] rank2[cuda2,share=0.2995,tput=5.21]
epoch 197: eval=0.9172
epoch 198: loss=0.080996, train_acc=0.9728, time=10.4s
per-rank: rank0[cuda0,share=0.3923,tput=2.33] rank1[cuda1,share=0.3082,tput=5.46] rank2[cuda2,share=0.2995,tput=3.56]
epoch 198: eval=0.9163
epoch 199: loss=0.083930, train_acc=0.9718, time=9.4s
per-rank: rank0[cuda0,share=0.3923,tput=2.55] rank1[cuda1,share=0.3082,tput=3.31] rank2[cuda2,share=0.2995,tput=3.63]
final eval=0.9176
# total: 1718.6s (28m 39s)
