# gpu0: NVIDIA GeForce RTX 5060 Ti (15GB, sm_120)
# gpu1: NVIDIA GeForce GTX 1060 6GB (5GB, sm_61)
# gpu2: NVIDIA GeForce GTX 1060 6GB (5GB, sm_61)
epoch 0: loss=1.999994, train_acc=0.2417, time=9.4s
per-rank: rank0[cuda0,share=0.4032,tput=2.99] rank1[cuda1,share=0.3258,tput=4.67] rank2[cuda2,share=0.2710,tput=3.26]
epoch 0: eval=0.3365
epoch 1: loss=1.672560, train_acc=0.3711, time=12.0s
per-rank: rank0[cuda0,share=0.3799,tput=2.05] rank1[cuda1,share=0.3127,tput=3.77] rank2[cuda2,share=0.3074,tput=5.32]
epoch 1: eval=0.4381
epoch 2: loss=1.514993, train_acc=0.4427, time=10.8s
per-rank: rank0[cuda0,share=0.3564,tput=1.92] rank1[cuda1,share=0.3243,tput=3.07] rank2[cuda2,share=0.3193,tput=4.28]
epoch 2: eval=0.4933
epoch 3: loss=1.326267, train_acc=0.5189, time=9.0s
per-rank: rank0[cuda0,share=0.3625,tput=3.97] rank1[cuda1,share=0.3187,tput=2.47] rank2[cuda2,share=0.3187,tput=3.48]
epoch 3: eval=0.5141
epoch 4: loss=1.197698, train_acc=0.5712, time=8.6s
per-rank: rank0[cuda0,share=0.4038,tput=3.93] rank1[cuda1,share=0.3077,tput=2.92] rank2[cuda2,share=0.2885,tput=2.91]
epoch 4: eval=0.5589
epoch 5: loss=1.090176, train_acc=0.6133, time=8.9s
per-rank: rank0[cuda0,share=0.4048,tput=2.46] rank1[cuda1,share=0.3107,tput=2.47] rank2[cuda2,share=0.2845,tput=6.52]
epoch 5: eval=0.6006
epoch 6: loss=1.006514, train_acc=0.6445, time=8.8s
per-rank: rank0[cuda0,share=0.4063,tput=2.99] rank1[cuda1,share=0.2979,tput=2.34] rank2[cuda2,share=0.2958,tput=5.51]
epoch 6: eval=0.6595
epoch 7: loss=0.935175, train_acc=0.6713, time=9.0s
per-rank: rank0[cuda0,share=0.4163,tput=2.13] rank1[cuda1,share=0.2928,tput=2.81] rank2[cuda2,share=0.2908,tput=5.82]
epoch 7: eval=0.7067
epoch 8: loss=0.858295, train_acc=0.7014, time=8.9s
per-rank: rank0[cuda0,share=0.3689,tput=3.23] rank2[cuda2,share=0.3178,tput=3.67] rank1[cuda1,share=0.3133,tput=2.65]
epoch 8: eval=0.6666
epoch 9: loss=0.808314, train_acc=0.7165, time=9.5s
per-rank: rank0[cuda0,share=0.4088,tput=2.37] rank2[cuda2,share=0.2990,tput=4.94] rank1[cuda1,share=0.2922,tput=3.28]
epoch 9: eval=0.6873
epoch 10: loss=0.763050, train_acc=0.7345, time=9.1s
per-rank: rank0[cuda0,share=0.4136,tput=3.83] rank2[cuda2,share=0.3037,tput=3.89] rank1[cuda1,share=0.2827,tput=2.79]
epoch 10: eval=0.6912
epoch 11: loss=0.731698, train_acc=0.7467, time=10.4s
per-rank: rank0[cuda0,share=0.4187,tput=2.34] rank2[cuda2,share=0.2953,tput=4.74] rank1[cuda1,share=0.2860,tput=3.77]
epoch 11: eval=0.7083
epoch 12: loss=0.714196, train_acc=0.7528, time=9.7s
per-rank: rank0[cuda0,share=0.4127,tput=3.01] rank2[cuda2,share=0.3039,tput=4.22] rank1[cuda1,share=0.2834,tput=2.49]
epoch 12: eval=0.7336
epoch 13: loss=0.679685, train_acc=0.7655, time=11.6s
per-rank: rank0[cuda0,share=0.4084,tput=2.19] rank1[cuda1,share=0.3054,tput=6.81] rank2[cuda2,share=0.2862,tput=3.12]
epoch 13: eval=0.6889
epoch 14: loss=0.669999, train_acc=0.7685, time=10.6s
per-rank: rank0[cuda0,share=0.3911,tput=2.15] rank1[cuda1,share=0.3193,tput=4.10] rank2[cuda2,share=0.2896,tput=3.08]
epoch 14: eval=0.7164
epoch 15: loss=0.649315, train_acc=0.7761, time=8.9s
per-rank: rank0[cuda0,share=0.3641,tput=2.62] rank1[cuda1,share=0.3191,tput=2.88] rank2[cuda2,share=0.3168,tput=3.85]
epoch 15: eval=0.7515
epoch 16: loss=0.644332, train_acc=0.7782, time=10.0s
per-rank: rank0[cuda0,share=0.3487,tput=2.15] rank1[cuda1,share=0.3277,tput=5.38] rank2[cuda2,share=0.3236,tput=3.49]
epoch 16: eval=0.7480
epoch 17: loss=0.622252, train_acc=0.7843, time=9.4s
per-rank: rank0[cuda0,share=0.3803,tput=3.47] rank2[cuda2,share=0.3147,tput=3.79] rank1[cuda1,share=0.3050,tput=2.45]
epoch 17: eval=0.7402
epoch 18: loss=0.614320, train_acc=0.7884, time=11.5s
per-rank: rank0[cuda0,share=0.3892,tput=2.16] rank2[cuda2,share=0.3085,tput=4.86] rank1[cuda1,share=0.3023,tput=4.13]
epoch 18: eval=0.7490
epoch 19: loss=0.592761, train_acc=0.7956, time=10.3s
per-rank: rank0[cuda0,share=0.3920,tput=2.36] rank2[cuda2,share=0.3061,tput=4.33] rank1[cuda1,share=0.3019,tput=2.66]
epoch 19: eval=0.6924
epoch 20: loss=0.583903, train_acc=0.7992, time=11.3s
per-rank: rank0[cuda0,share=0.3910,tput=2.14] rank2[cuda2,share=0.3146,tput=3.71] rank1[cuda1,share=0.2944,tput=5.25]
epoch 20: eval=0.7775
epoch 21: loss=0.579086, train_acc=0.7994, time=10.2s
per-rank: rank0[cuda0,share=0.3799,tput=2.21] rank2[cuda2,share=0.3123,tput=3.89] rank1[cuda1,share=0.3078,tput=2.95]
epoch 21: eval=0.7641
epoch 22: loss=0.564125, train_acc=0.8082, time=9.9s
per-rank: rank0[cuda0,share=0.3988,tput=2.38] rank2[cuda2,share=0.3016,tput=5.20] rank1[cuda1,share=0.2996,tput=3.31]
epoch 22: eval=0.6548
epoch 23: loss=0.566352, train_acc=0.8064, time=9.6s
per-rank: rank0[cuda0,share=0.4116,tput=2.92] rank1[cuda1,share=0.2942,tput=3.12] rank2[cuda2,share=0.2942,tput=3.19]
epoch 23: eval=0.7466
epoch 24: loss=0.556003, train_acc=0.8082, time=9.0s
per-rank: rank0[cuda0,share=0.3743,tput=2.70] rank1[cuda1,share=0.3200,tput=2.78] rank2[cuda2,share=0.3056,tput=3.91]
epoch 24: eval=0.8037
epoch 25: loss=0.554106, train_acc=0.8092, time=9.9s
per-rank: rank0[cuda0,share=0.3529,tput=2.10] rank1[cuda1,share=0.3267,tput=5.51] rank2[cuda2,share=0.3204,tput=3.23]
epoch 25: eval=0.7246
epoch 26: loss=0.553454, train_acc=0.8092, time=9.3s
per-rank: rank0[cuda0,share=0.3720,tput=3.08] rank1[cuda1,share=0.3219,tput=2.75] rank2[cuda2,share=0.3061,tput=3.72]
epoch 26: eval=0.8170
epoch 27: loss=0.532794, train_acc=0.8167, time=8.8s
per-rank: rank0[cuda0,share=0.3822,tput=3.46] rank1[cuda1,share=0.3166,tput=3.52] rank2[cuda2,share=0.3012,tput=2.54]
epoch 27: eval=0.7963
epoch 28: loss=0.525594, train_acc=0.8199, time=8.9s
per-rank: rank0[cuda0,share=0.3627,tput=3.19] rank1[cuda1,share=0.3244,tput=2.75] rank2[cuda2,share=0.3130,tput=3.71]
epoch 28: eval=0.7239
epoch 29: loss=0.530561, train_acc=0.8183, time=8.8s
per-rank: rank0[cuda0,share=0.3508,tput=3.89] rank1[cuda1,share=0.3272,tput=3.59] rank2[cuda2,share=0.3221,tput=2.47]
epoch 29: eval=0.7580
epoch 30: loss=0.524644, train_acc=0.8201, time=9.5s
per-rank: rank0[cuda0,share=0.3981,tput=2.41] rank1[cuda1,share=0.3019,tput=3.35] rank2[cuda2,share=0.3000,tput=4.75]
epoch 30: eval=0.8137
epoch 31: loss=0.517718, train_acc=0.8221, time=9.1s
per-rank: rank0[cuda0,share=0.4173,tput=2.96] rank2[cuda2,share=0.2941,tput=2.75] rank1[cuda1,share=0.2886,tput=3.82]
epoch 31: eval=0.8248
epoch 32: loss=0.508979, train_acc=0.8256, time=8.8s
per-rank: rank0[cuda0,share=0.4016,tput=2.60] rank1[cuda1,share=0.2992,tput=6.20] rank2[cuda2,share=0.2992,tput=2.42]
epoch 32: eval=0.7758
epoch 33: loss=0.513363, train_acc=0.8241, time=8.8s
per-rank: rank0[cuda0,share=0.4054,tput=2.36] rank1[cuda1,share=0.3072,tput=6.58] rank2[cuda2,share=0.2874,tput=2.22]
epoch 33: eval=0.7243
epoch 34: loss=0.511173, train_acc=0.8243, time=8.8s
per-rank: rank0[cuda0,share=0.4023,tput=2.62] rank1[cuda1,share=0.3203,tput=2.50] rank2[cuda2,share=0.2773,tput=5.78]
epoch 34: eval=0.7796
epoch 35: loss=0.501164, train_acc=0.8269, time=8.7s
per-rank: rank0[cuda0,share=0.4031,tput=2.59] rank1[cuda1,share=0.3120,tput=6.34] rank2[cuda2,share=0.2848,tput=2.34]
epoch 35: eval=0.7798
epoch 36: loss=0.488341, train_acc=0.8326, time=8.8s
per-rank: rank0[cuda0,share=0.4028,tput=4.12] rank1[cuda1,share=0.2998,tput=3.31] rank2[cuda2,share=0.2974,tput=2.73]
epoch 36: eval=0.8182
epoch 37: loss=0.500749, train_acc=0.8280, time=8.7s
per-rank: rank0[cuda0,share=0.4056,tput=3.67] rank1[cuda1,share=0.2983,tput=2.67] rank2[cuda2,share=0.2960,tput=3.42]
epoch 37: eval=0.7725
epoch 38: loss=0.493126, train_acc=0.8322, time=11.2s
per-rank: rank0[cuda0,share=0.4219,tput=2.29] rank2[cuda2,share=0.2901,tput=5.25] rank1[cuda1,share=0.2880,tput=3.68]
epoch 38: eval=0.8290
epoch 39: loss=0.488035, train_acc=0.8325, time=10.1s
per-rank: rank0[cuda0,share=0.4201,tput=2.68] rank2[cuda2,share=0.2921,tput=2.66] rank1[cuda1,share=0.2878,tput=4.27]
epoch 39: eval=0.7563
epoch 40: loss=0.496126, train_acc=0.8312, time=10.9s
per-rank: rank0[cuda0,share=0.4331,tput=2.38] rank1[cuda1,share=0.2857,tput=5.27] rank2[cuda2,share=0.2811,tput=3.54]
epoch 40: eval=0.8107
epoch 41: loss=0.472676, train_acc=0.8383, time=10.0s
per-rank: rank0[cuda0,share=0.4193,tput=2.35] rank1[cuda1,share=0.2973,tput=3.22] rank2[cuda2,share=0.2834,tput=3.77]
epoch 41: eval=0.8093
epoch 42: loss=0.479839, train_acc=0.8374, time=9.0s
per-rank: rank0[cuda0,share=0.4168,tput=4.14] rank1[cuda1,share=0.2933,tput=3.45] rank2[cuda2,share=0.2900,tput=2.26]
epoch 42: eval=0.7680
epoch 43: loss=0.480996, train_acc=0.8338, time=8.8s
per-rank: rank0[cuda0,share=0.4318,tput=3.79] rank1[cuda1,share=0.2933,tput=2.76] rank2[cuda2,share=0.2749,tput=3.18]
epoch 43: eval=0.7679
epoch 44: loss=0.482439, train_acc=0.8324, time=8.9s
per-rank: rank0[cuda0,share=0.4309,tput=2.55] rank1[cuda1,share=0.2992,tput=2.41] rank2[cuda2,share=0.2699,tput=6.32]
epoch 44: eval=0.7372
epoch 45: loss=0.471897, train_acc=0.8381, time=8.9s
per-rank: rank0[cuda0,share=0.4009,tput=3.27] rank1[cuda1,share=0.3029,tput=4.08] rank2[cuda2,share=0.2962,tput=2.29]
epoch 45: eval=0.8032
epoch 46: loss=0.483708, train_acc=0.8332, time=8.6s
per-rank: rank0[cuda0,share=0.4044,tput=2.62] rank1[cuda1,share=0.3098,tput=5.49] rank2[cuda2,share=0.2857,tput=2.70]
epoch 46: eval=0.7685
epoch 47: loss=0.527890, train_acc=0.8204, time=8.6s
per-rank: rank0[cuda0,share=0.4135,tput=3.20] rank1[cuda1,share=0.2982,tput=2.17] rank2[cuda2,share=0.2883,tput=6.13]
epoch 47: eval=0.7902
epoch 48: loss=0.529520, train_acc=0.8193, time=10.9s
per-rank: rank0[cuda0,share=0.4202,tput=2.32] rank2[cuda2,share=0.2903,tput=5.39] rank1[cuda1,share=0.2896,tput=3.63]
epoch 48: eval=0.8066
epoch 49: loss=0.521324, train_acc=0.8195, time=9.8s
per-rank: rank0[cuda0,share=0.4202,tput=2.50] rank2[cuda2,share=0.2903,tput=2.70] rank1[cuda1,share=0.2896,tput=4.43]
epoch 49: eval=0.8191
epoch 50: loss=0.514837, train_acc=0.8237, time=11.4s
per-rank: rank0[cuda0,share=0.4217,tput=2.21] rank2[cuda2,share=0.2914,tput=5.71] rank1[cuda1,share=0.2869,tput=3.60]
epoch 50: eval=0.7839
epoch 51: loss=0.506705, train_acc=0.8269, time=10.4s
per-rank: rank0[cuda0,share=0.4224,tput=2.26] rank2[cuda2,share=0.2926,tput=2.82] rank1[cuda1,share=0.2850,tput=4.38]
epoch 51: eval=0.7969
epoch 52: loss=0.509991, train_acc=0.8263, time=8.8s
per-rank: rank0[cuda0,share=0.4208,tput=3.28] rank2[cuda2,share=0.2944,tput=3.40] rank1[cuda1,share=0.2848,tput=2.83]
epoch 52: eval=0.7264
epoch 53: loss=0.504215, train_acc=0.8274, time=8.7s
per-rank: rank0[cuda0,share=0.4196,tput=3.60] rank2[cuda2,share=0.2958,tput=2.35] rank1[cuda1,share=0.2846,tput=3.78]
epoch 53: eval=0.7421
epoch 54: loss=0.510473, train_acc=0.8258, time=8.7s
per-rank: rank0[cuda0,share=0.4186,tput=4.28] rank2[cuda2,share=0.2968,tput=2.41] rank1[cuda1,share=0.2846,tput=4.68]
epoch 54: eval=0.7875
epoch 55: loss=0.509499, train_acc=0.8252, time=8.6s
per-rank: rank0[cuda0,share=0.4186,tput=3.06] rank2[cuda2,share=0.2968,tput=2.38] rank1[cuda1,share=0.2846,tput=4.23]
epoch 55: eval=0.7987
epoch 56: loss=0.496117, train_acc=0.8314, time=10.2s
per-rank: rank0[cuda0,share=0.4169,tput=2.38] rank2[cuda2,share=0.2983,tput=4.74] rank1[cuda1,share=0.2849,tput=3.97]
epoch 56: eval=0.7711
epoch 57: loss=0.504391, train_acc=0.8261, time=9.7s
per-rank: rank0[cuda0,share=0.4169,tput=3.15] rank2[cuda2,share=0.2983,tput=3.15] rank1[cuda1,share=0.2849,tput=2.87]
epoch 57: eval=0.8048
epoch 58: loss=0.483761, train_acc=0.8342, time=11.3s
per-rank: rank0[cuda0,share=0.4137,tput=2.16] rank2[cuda2,share=0.2976,tput=4.42] rank1[cuda1,share=0.2887,tput=4.32]
epoch 58: eval=0.7836
epoch 59: loss=0.508096, train_acc=0.8261, time=10.2s
per-rank: rank0[cuda0,share=0.4137,tput=2.10] rank2[cuda2,share=0.2976,tput=2.59] rank1[cuda1,share=0.2887,tput=5.01]
epoch 59: eval=0.7028
epoch 60: loss=0.493868, train_acc=0.8321, time=11.4s
per-rank: rank0[cuda0,share=0.4124,tput=2.13] rank2[cuda2,share=0.2966,tput=4.81] rank1[cuda1,share=0.2909,tput=4.15]
epoch 60: eval=0.8073
epoch 61: loss=0.491612, train_acc=0.8330, time=10.4s
per-rank: rank0[cuda0,share=0.4112,tput=2.18] rank2[cuda2,share=0.2957,tput=2.98] rank1[cuda1,share=0.2931,tput=4.38]
epoch 61: eval=0.7915
epoch 62: loss=0.487430, train_acc=0.8327, time=8.9s
per-rank: rank0[cuda0,share=0.4081,tput=3.17] rank1[cuda1,share=0.2963,tput=2.33] rank2[cuda2,share=0.2956,tput=4.07]
epoch 62: eval=0.8000
epoch 63: loss=0.491970, train_acc=0.8313, time=8.7s
per-rank: rank0[cuda0,share=0.4050,tput=3.29] rank1[cuda1,share=0.2994,tput=3.42] rank2[cuda2,share=0.2956,tput=2.70]
epoch 63: eval=0.7333
epoch 64: loss=0.488002, train_acc=0.8333, time=8.7s
per-rank: rank0[cuda0,share=0.4026,tput=2.38] rank1[cuda1,share=0.3013,tput=2.54] rank2[cuda2,share=0.2961,tput=6.49]
epoch 64: eval=0.8287
epoch 65: loss=0.479555, train_acc=0.8351, time=8.8s
per-rank: rank0[cuda0,share=0.4002,tput=2.54] rank1[cuda1,share=0.3032,tput=6.42] rank2[cuda2,share=0.2966,tput=2.20]
epoch 65: eval=0.7926
epoch 66: loss=0.497665, train_acc=0.8303, time=8.7s
per-rank: rank0[cuda0,share=0.3978,tput=1.94] rank1[cuda1,share=0.3052,tput=6.32] rank2[cuda2,share=0.2971,tput=2.65]
epoch 66: eval=0.8137
epoch 67: loss=0.493101, train_acc=0.8315, time=8.7s
per-rank: rank0[cuda0,share=0.3940,tput=2.45] rank1[cuda1,share=0.3078,tput=2.61] rank2[cuda2,share=0.2982,tput=5.97]
epoch 67: eval=0.8287
epoch 68: loss=0.491268, train_acc=0.8316, time=10.6s
per-rank: rank0[cuda0,share=0.3909,tput=2.16] rank1[cuda1,share=0.3093,tput=4.08] rank2[cuda2,share=0.2998,tput=5.15]
epoch 68: eval=0.7904
epoch 69: loss=0.475206, train_acc=0.8367, time=9.5s
per-rank: rank0[cuda0,share=0.3876,tput=3.40] rank1[cuda1,share=0.3109,tput=2.35] rank2[cuda2,share=0.3016,tput=4.06]
epoch 69: eval=0.8001
epoch 70: loss=0.479240, train_acc=0.8365, time=10.1s
per-rank: rank0[cuda0,share=0.3849,tput=2.26] rank1[cuda1,share=0.3112,tput=3.19] rank2[cuda2,share=0.3039,tput=5.64]
epoch 70: eval=0.7956
epoch 71: loss=0.489541, train_acc=0.8331, time=9.4s
per-rank: rank0[cuda0,share=0.3821,tput=2.78] rank1[cuda1,share=0.3116,tput=2.85] rank2[cuda2,share=0.3063,tput=3.88]
epoch 71: eval=0.7667
epoch 72: loss=0.482796, train_acc=0.8349, time=8.9s
per-rank: rank0[cuda0,share=0.3813,tput=2.56] rank1[cuda1,share=0.3109,tput=5.85] rank2[cuda2,share=0.3078,tput=2.32]
epoch 72: eval=0.7700
epoch 73: loss=0.477792, train_acc=0.8362, time=8.8s
per-rank: rank0[cuda0,share=0.3821,tput=2.61] rank1[cuda1,share=0.3095,tput=2.28] rank2[cuda2,share=0.3085,tput=5.92]
epoch 73: eval=0.7975
epoch 74: loss=0.479040, train_acc=0.8363, time=8.7s
per-rank: rank0[cuda0,share=0.3821,tput=3.84] rank1[cuda1,share=0.3094,tput=2.72] rank2[cuda2,share=0.3085,tput=3.08]
epoch 74: eval=0.7757
epoch 75: loss=0.486053, train_acc=0.8330, time=8.8s
per-rank: rank0[cuda0,share=0.3821,tput=2.39] rank1[cuda1,share=0.3093,tput=2.72] rank2[cuda2,share=0.3086,tput=5.78]
epoch 75: eval=0.7661
epoch 76: loss=0.486270, train_acc=0.8321, time=8.7s
per-rank: rank0[cuda0,share=0.3821,tput=3.44] rank1[cuda1,share=0.3092,tput=2.78] rank2[cuda2,share=0.3087,tput=3.32]
epoch 76: eval=0.7774
epoch 77: loss=0.479561, train_acc=0.8363, time=10.2s
per-rank: rank0[cuda0,share=0.3854,tput=2.29] rank1[cuda1,share=0.3082,tput=5.59] rank2[cuda2,share=0.3064,tput=3.14]
epoch 77: eval=0.8319
epoch 78: loss=0.481371, train_acc=0.8355, time=9.5s
per-rank: rank0[cuda0,share=0.3867,tput=3.14] rank1[cuda1,share=0.3073,tput=3.45] rank2[cuda2,share=0.3059,tput=2.76]
epoch 78: eval=0.8090
epoch 79: loss=0.470840, train_acc=0.8396, time=10.5s
per-rank: rank0[cuda0,share=0.3873,tput=2.24] rank1[cuda1,share=0.3078,tput=4.02] rank2[cuda2,share=0.3049,tput=4.67]
epoch 79: eval=0.7657
epoch 80: loss=0.471664, train_acc=0.8368, time=9.7s
per-rank: rank0[cuda0,share=0.3892,tput=2.99] rank1[cuda1,share=0.3076,tput=2.89] rank2[cuda2,share=0.3031,tput=3.43]
epoch 80: eval=0.7326
epoch 81: loss=0.478821, train_acc=0.8358, time=8.7s
per-rank: rank0[cuda0,share=0.3911,tput=2.77] rank1[cuda1,share=0.3075,tput=2.50] rank2[cuda2,share=0.3014,tput=5.54]
epoch 81: eval=0.8151
epoch 82: loss=0.475280, train_acc=0.8362, time=8.7s
per-rank: rank0[cuda0,share=0.3930,tput=3.37] rank1[cuda1,share=0.3073,tput=4.68] rank2[cuda2,share=0.2997,tput=2.47]
epoch 82: eval=0.7661
epoch 83: loss=0.481592, train_acc=0.8338, time=8.7s
per-rank: rank0[cuda0,share=0.3948,tput=3.18] rank1[cuda1,share=0.3072,tput=2.71] rank2[cuda2,share=0.2980,tput=3.85]
epoch 83: eval=0.7937
epoch 84: loss=0.473597, train_acc=0.8383, time=10.8s
per-rank: rank0[cuda0,share=0.3967,tput=2.24] rank1[cuda1,share=0.3070,tput=3.75] rank2[cuda2,share=0.2963,tput=5.20]
epoch 84: eval=0.8124
epoch 85: loss=0.470500, train_acc=0.8386, time=9.9s
per-rank: rank0[cuda0,share=0.3992,tput=2.48] rank1[cuda1,share=0.3058,tput=4.20] rank2[cuda2,share=0.2951,tput=2.47]
epoch 85: eval=0.8152
epoch 86: loss=0.476015, train_acc=0.8382, time=8.7s
per-rank: rank0[cuda0,share=0.4006,tput=3.56] rank1[cuda1,share=0.3058,tput=3.33] rank2[cuda2,share=0.2935,tput=2.49]
epoch 86: eval=0.7320
epoch 87: loss=0.476048, train_acc=0.8379, time=10.9s
per-rank: rank0[cuda0,share=0.4015,tput=2.18] rank1[cuda1,share=0.3055,tput=6.31] rank2[cuda2,share=0.2931,tput=3.03]
epoch 87: eval=0.7588
epoch 88: loss=0.473421, train_acc=0.8390, time=9.7s
per-rank: rank0[cuda0,share=0.4023,tput=2.34] rank1[cuda1,share=0.3051,tput=2.89] rank2[cuda2,share=0.2926,tput=4.54]
epoch 88: eval=0.7986
epoch 89: loss=0.470860, train_acc=0.8391, time=8.8s
per-rank: rank0[cuda0,share=0.4032,tput=3.45] rank1[cuda1,share=0.3047,tput=2.53] rank2[cuda2,share=0.2922,tput=3.73]
epoch 89: eval=0.7631
epoch 90: loss=0.471893, train_acc=0.8377, time=8.7s
per-rank: rank0[cuda0,share=0.4028,tput=2.63] rank1[cuda1,share=0.3049,tput=4.78] rank2[cuda2,share=0.2924,tput=2.84]
epoch 90: eval=0.8181
epoch 91: loss=0.463453, train_acc=0.8406, time=8.7s
per-rank: rank0[cuda0,share=0.4002,tput=2.57] rank1[cuda1,share=0.3036,tput=2.25] rank2[cuda2,share=0.2962,tput=6.86]
epoch 91: eval=0.8269
epoch 92: loss=0.463371, train_acc=0.8396, time=9.0s
per-rank: rank0[cuda0,share=0.3985,tput=3.45] rank1[cuda1,share=0.3028,tput=2.57] rank2[cuda2,share=0.2987,tput=3.39]
epoch 92: eval=0.8005
epoch 93: loss=0.460969, train_acc=0.8423, time=8.9s
per-rank: rank0[cuda0,share=0.3968,tput=3.42] rank1[cuda1,share=0.3019,tput=4.28] rank2[cuda2,share=0.3013,tput=2.10]
epoch 93: eval=0.7962
epoch 94: loss=0.464568, train_acc=0.8418, time=8.7s
per-rank: rank0[cuda0,share=0.3950,tput=2.34] rank1[cuda1,share=0.3027,tput=7.26] rank2[cuda2,share=0.3023,tput=2.32]
epoch 94: eval=0.7507
epoch 95: loss=0.463233, train_acc=0.8403, time=8.6s
per-rank: rank0[cuda0,share=0.3944,tput=3.55] rank2[cuda2,share=0.3036,tput=3.17] rank1[cuda1,share=0.3021,tput=2.84]
epoch 95: eval=0.8103
epoch 96: loss=0.468447, train_acc=0.8399, time=10.6s
per-rank: rank0[cuda0,share=0.3913,tput=2.27] rank2[cuda2,share=0.3049,tput=3.60] rank1[cuda1,share=0.3038,tput=5.66]
epoch 96: eval=0.7873
epoch 97: loss=0.458127, train_acc=0.8430, time=9.8s
per-rank: rank0[cuda0,share=0.3898,tput=3.06] rank2[cuda2,share=0.3056,tput=2.49] rank1[cuda1,share=0.3046,tput=3.84]
epoch 97: eval=0.8025
epoch 98: loss=0.468558, train_acc=0.8390, time=10.5s
per-rank: rank0[cuda0,share=0.3882,tput=2.16] rank2[cuda2,share=0.3063,tput=5.48] rank1[cuda1,share=0.3055,tput=3.44]
epoch 98: eval=0.7901
epoch 99: loss=0.462904, train_acc=0.8409, time=9.7s
per-rank: rank0[cuda0,share=0.3883,tput=3.51] rank2[cuda2,share=0.3065,tput=2.75] rank1[cuda1,share=0.3053,tput=3.23]
epoch 99: eval=0.8116
epoch 100: loss=0.319627, train_acc=0.8905, time=8.7s
per-rank: rank0[cuda0,share=0.3907,tput=3.65] rank1[cuda1,share=0.3060,tput=2.86] rank2[cuda2,share=0.3032,tput=3.07]
epoch 100: eval=0.8978
epoch 101: loss=0.240607, train_acc=0.9167, time=8.7s
per-rank: rank0[cuda0,share=0.3923,tput=2.47] rank1[cuda1,share=0.3066,tput=6.21] rank2[cuda2,share=0.3010,tput=2.29]
epoch 101: eval=0.9023
epoch 102: loss=0.228824, train_acc=0.9216, time=10.6s
per-rank: rank0[cuda0,share=0.3955,tput=2.28] rank1[cuda1,share=0.3061,tput=3.55] rank2[cuda2,share=0.2984,tput=5.20]
epoch 102: eval=0.9031
epoch 103: loss=0.219232, train_acc=0.9240, time=9.7s
per-rank: rank0[cuda0,share=0.3955,tput=2.95] rank1[cuda1,share=0.3061,tput=3.86] rank2[cuda2,share=0.2984,tput=2.64]
epoch 103: eval=0.9044
epoch 104: loss=0.212566, train_acc=0.9272, time=10.6s
per-rank: rank0[cuda0,share=0.4019,tput=2.38] rank1[cuda1,share=0.3017,tput=3.86] rank2[cuda2,share=0.2964,tput=5.51]
epoch 104: eval=0.9025
epoch 105: loss=0.202799, train_acc=0.9303, time=9.7s
per-rank: rank0[cuda0,share=0.4052,tput=2.69] rank1[cuda1,share=0.2994,tput=3.17] rank2[cuda2,share=0.2954,tput=3.41]
epoch 105: eval=0.9037
epoch 106: loss=0.201244, train_acc=0.9313, time=10.7s
per-rank: rank0[cuda0,share=0.4112,tput=2.31] rank1[cuda1,share=0.2975,tput=5.40] rank2[cuda2,share=0.2914,tput=3.65]
epoch 106: eval=0.9065
epoch 107: loss=0.195352, train_acc=0.9322, time=9.7s
per-rank: rank0[cuda0,share=0.4112,tput=2.49] rank1[cuda1,share=0.2975,tput=3.16] rank2[cuda2,share=0.2914,tput=3.75]
epoch 107: eval=0.9061
epoch 108: loss=0.189853, train_acc=0.9337, time=11.1s
per-rank: rank0[cuda0,share=0.4147,tput=2.27] rank1[cuda1,share=0.2981,tput=4.25] rank2[cuda2,share=0.2872,tput=4.96]
epoch 108: eval=0.9072
epoch 109: loss=0.186843, train_acc=0.9349, time=9.7s
per-rank: rank0[cuda0,share=0.4155,tput=2.54] rank1[cuda1,share=0.2985,tput=2.79] rank2[cuda2,share=0.2859,tput=4.06]
epoch 109: eval=0.9072
epoch 110: loss=0.183892, train_acc=0.9361, time=8.6s
per-rank: rank0[cuda0,share=0.4163,tput=2.82] rank1[cuda1,share=0.2990,tput=2.75] rank2[cuda2,share=0.2847,tput=4.83]
epoch 110: eval=0.9032
epoch 111: loss=0.182041, train_acc=0.9370, time=10.4s
per-rank: rank0[cuda0,share=0.4150,tput=2.37] rank1[cuda1,share=0.3013,tput=4.03] rank2[cuda2,share=0.2837,tput=4.86]
epoch 111: eval=0.9084
epoch 112: loss=0.174522, train_acc=0.9384, time=9.9s
per-rank: rank0[cuda0,share=0.4150,tput=3.15] rank1[cuda1,share=0.3029,tput=3.98] rank2[cuda2,share=0.2821,tput=2.52]
epoch 112: eval=0.9086
epoch 113: loss=0.176195, train_acc=0.9393, time=8.6s
per-rank: rank0[cuda0,share=0.4150,tput=3.83] rank1[cuda1,share=0.3045,tput=2.58] rank2[cuda2,share=0.2805,tput=3.42]
epoch 113: eval=0.9065
epoch 114: loss=0.173025, train_acc=0.9395, time=11.1s
per-rank: rank0[cuda0,share=0.4150,tput=2.24] rank1[cuda1,share=0.3059,tput=4.60] rank2[cuda2,share=0.2791,tput=3.97]
epoch 114: eval=0.9074
epoch 115: loss=0.167723, train_acc=0.9420, time=10.6s
per-rank: rank0[cuda0,share=0.4133,tput=1.99] rank1[cuda1,share=0.3066,tput=3.17] rank2[cuda2,share=0.2801,tput=4.24]
epoch 115: eval=0.9085
epoch 116: loss=0.166539, train_acc=0.9419, time=8.9s
per-rank: rank0[cuda0,share=0.4125,tput=3.24] rank1[cuda1,share=0.3058,tput=3.52] rank2[cuda2,share=0.2817,tput=2.64]
epoch 116: eval=0.9093
epoch 117: loss=0.164401, train_acc=0.9422, time=8.6s
per-rank: rank0[cuda0,share=0.4116,tput=3.87] rank1[cuda1,share=0.3051,tput=3.66] rank2[cuda2,share=0.2833,tput=2.32]
epoch 117: eval=0.9033
epoch 118: loss=0.159854, train_acc=0.9443, time=11.0s
per-rank: rank0[cuda0,share=0.4085,tput=2.17] rank1[cuda1,share=0.3059,tput=3.63] rank2[cuda2,share=0.2856,tput=5.47]
epoch 118: eval=0.9066
epoch 119: loss=0.160056, train_acc=0.9443, time=9.8s
per-rank: rank0[cuda0,share=0.4075,tput=2.57] rank1[cuda1,share=0.3052,tput=4.09] rank2[cuda2,share=0.2873,tput=2.78]
epoch 119: eval=0.9041
epoch 120: loss=0.155781, train_acc=0.9458, time=10.3s
per-rank: rank0[cuda0,share=0.4041,tput=2.35] rank1[cuda1,share=0.3027,tput=4.01] rank2[cuda2,share=0.2932,tput=4.72]
epoch 120: eval=0.9066
epoch 121: loss=0.154372, train_acc=0.9461, time=9.7s
per-rank: rank0[cuda0,share=0.4008,tput=2.96] rank1[cuda1,share=0.3012,tput=4.10] rank2[cuda2,share=0.2980,tput=2.46]
epoch 121: eval=0.9122
epoch 122: loss=0.148691, train_acc=0.9491, time=11.2s
per-rank: rank0[cuda0,share=0.4021,tput=2.21] rank1[cuda1,share=0.3003,tput=5.99] rank2[cuda2,share=0.2976,tput=3.26]
epoch 122: eval=0.9045
epoch 123: loss=0.151527, train_acc=0.9466, time=10.2s
per-rank: rank0[cuda0,share=0.4040,tput=2.14] rank1[cuda1,share=0.3002,tput=3.03] rank2[cuda2,share=0.2958,tput=4.04]
epoch 123: eval=0.9060
epoch 124: loss=0.148569, train_acc=0.9478, time=11.0s
per-rank: rank0[cuda0,share=0.4067,tput=2.29] rank1[cuda1,share=0.2998,tput=3.91] rank2[cuda2,share=0.2936,tput=5.06]
epoch 124: eval=0.8983
epoch 125: loss=0.146665, train_acc=0.9486, time=10.0s
per-rank: rank0[cuda0,share=0.4073,tput=2.59] rank1[cuda1,share=0.3003,tput=4.44] rank2[cuda2,share=0.2924,tput=2.56]
epoch 125: eval=0.9095
epoch 126: loss=0.148181, train_acc=0.9489, time=10.6s
per-rank: rank0[cuda0,share=0.4085,tput=2.31] rank1[cuda1,share=0.3030,tput=3.71] rank2[cuda2,share=0.2885,tput=5.29]
epoch 126: eval=0.9128
epoch 127: loss=0.144063, train_acc=0.9498, time=9.8s
per-rank: rank0[cuda0,share=0.4098,tput=2.78] rank1[cuda1,share=0.3032,tput=3.77] rank2[cuda2,share=0.2870,tput=2.81]
epoch 127: eval=0.9024
epoch 128: loss=0.141669, train_acc=0.9497, time=8.7s
per-rank: rank0[cuda0,share=0.4098,tput=2.73] rank1[cuda1,share=0.3040,tput=2.33] rank2[cuda2,share=0.2862,tput=6.34]
epoch 128: eval=0.9020
epoch 129: loss=0.141127, train_acc=0.9491, time=8.6s
per-rank: rank0[cuda0,share=0.4095,tput=2.47] rank1[cuda1,share=0.3025,tput=2.74] rank2[cuda2,share=0.2880,tput=5.82]
epoch 129: eval=0.9106
epoch 130: loss=0.139064, train_acc=0.9513, time=8.8s
per-rank: rank0[cuda0,share=0.4093,tput=2.33] rank1[cuda1,share=0.3025,tput=5.64] rank2[cuda2,share=0.2882,tput=2.65]
epoch 130: eval=0.9078
epoch 131: loss=0.139369, train_acc=0.9508, time=8.7s
per-rank: rank0[cuda0,share=0.4111,tput=3.94] rank1[cuda1,share=0.3006,tput=2.22] rank2[cuda2,share=0.2883,tput=3.58]
epoch 131: eval=0.9038
epoch 132: loss=0.138106, train_acc=0.9524, time=11.3s
per-rank: rank0[cuda0,share=0.4151,tput=2.18] rank2[cuda2,share=0.2930,tput=5.67] rank1[cuda1,share=0.2919,tput=3.41]
epoch 132: eval=0.9061
epoch 133: loss=0.137676, train_acc=0.9516, time=9.9s
per-rank: rank0[cuda0,share=0.4152,tput=2.24] rank2[cuda2,share=0.2941,tput=2.68] rank1[cuda1,share=0.2907,tput=5.12]
epoch 133: eval=0.9042
epoch 134: loss=0.138517, train_acc=0.9519, time=8.8s
per-rank: rank0[cuda0,share=0.4133,tput=4.25] rank2[cuda2,share=0.2948,tput=2.85] rank1[cuda1,share=0.2919,tput=2.76]
epoch 134: eval=0.9085
epoch 135: loss=0.137146, train_acc=0.9522, time=8.7s
per-rank: rank0[cuda0,share=0.4119,tput=2.18] rank2[cuda2,share=0.2949,tput=6.40] rank1[cuda1,share=0.2932,tput=2.72]
epoch 135: eval=0.8982
epoch 136: loss=0.136787, train_acc=0.9516, time=11.1s
per-rank: rank0[cuda0,share=0.4081,tput=2.18] rank1[cuda1,share=0.2967,tput=3.90] rank2[cuda2,share=0.2952,tput=5.39]
epoch 136: eval=0.9061
epoch 137: loss=0.134234, train_acc=0.9530, time=9.9s
per-rank: rank0[cuda0,share=0.4047,tput=1.99] rank1[cuda1,share=0.2986,tput=3.89] rank2[cuda2,share=0.2967,tput=3.22]
epoch 137: eval=0.9056
epoch 138: loss=0.134185, train_acc=0.9525, time=10.4s
per-rank: rank0[cuda0,share=0.3934,tput=2.20] rank1[cuda1,share=0.3060,tput=3.48] rank2[cuda2,share=0.3005,tput=5.59]
epoch 138: eval=0.9102
epoch 139: loss=0.131915, train_acc=0.9535, time=9.7s
per-rank: rank0[cuda0,share=0.3899,tput=3.22] rank1[cuda1,share=0.3062,tput=4.22] rank2[cuda2,share=0.3039,tput=2.25]
epoch 139: eval=0.9044
epoch 140: loss=0.127244, train_acc=0.9549, time=11.3s
per-rank: rank0[cuda0,share=0.3874,tput=2.17] rank2[cuda2,share=0.3068,tput=5.22] rank1[cuda1,share=0.3058,tput=3.93]
epoch 140: eval=0.9029
epoch 141: loss=0.128345, train_acc=0.9541, time=10.2s
per-rank: rank0[cuda0,share=0.3869,tput=2.40] rank2[cuda2,share=0.3089,tput=4.17] rank1[cuda1,share=0.3043,tput=2.73]
epoch 141: eval=0.9048
epoch 142: loss=0.129166, train_acc=0.9553, time=8.8s
per-rank: rank0[cuda0,share=0.3902,tput=3.44] rank2[cuda2,share=0.3083,tput=2.63] rank1[cuda1,share=0.3015,tput=3.36]
epoch 142: eval=0.9058
epoch 143: loss=0.128917, train_acc=0.9543, time=8.8s
per-rank: rank0[cuda0,share=0.3921,tput=3.38] rank2[cuda2,share=0.3071,tput=2.60] rank1[cuda1,share=0.3008,tput=3.71]
epoch 143: eval=0.8999
epoch 144: loss=0.126702, train_acc=0.9557, time=8.8s
per-rank: rank0[cuda0,share=0.3866,tput=2.31] rank2[cuda2,share=0.3106,tput=2.56] rank1[cuda1,share=0.3029,tput=6.50]
epoch 144: eval=0.9069
epoch 145: loss=0.126167, train_acc=0.9559, time=9.2s
per-rank: rank0[cuda0,share=0.3860,tput=2.42] rank2[cuda2,share=0.3137,tput=4.81] rank1[cuda1,share=0.3003,tput=3.46]
epoch 145: eval=0.9042
epoch 146: loss=0.125084, train_acc=0.9551, time=9.1s
per-rank: rank0[cuda0,share=0.3895,tput=3.07] rank2[cuda2,share=0.3108,tput=2.58] rank1[cuda1,share=0.2997,tput=3.90]
epoch 146: eval=0.9047
epoch 147: loss=0.125125, train_acc=0.9550, time=10.6s
per-rank: rank0[cuda0,share=0.4014,tput=2.35] rank2[cuda2,share=0.3038,tput=3.68] rank1[cuda1,share=0.2948,tput=4.88]
epoch 147: eval=0.9104
epoch 148: loss=0.123559, train_acc=0.9557, time=9.6s
per-rank: rank0[cuda0,share=0.4083,tput=2.38] rank2[cuda2,share=0.2991,tput=3.84] rank1[cuda1,share=0.2926,tput=2.94]
epoch 148: eval=0.9097
epoch 149: loss=0.122018, train_acc=0.9576, time=10.7s
per-rank: rank0[cuda0,share=0.4066,tput=2.22] rank1[cuda1,share=0.2972,tput=5.85] rank2[cuda2,share=0.2963,tput=3.19]
epoch 149: eval=0.9146
epoch 150: loss=0.093464, train_acc=0.9679, time=9.6s
per-rank: rank0[cuda0,share=0.4016,tput=2.43] rank1[cuda1,share=0.3011,tput=3.11] rank2[cuda2,share=0.2974,tput=4.09]
epoch 150: eval=0.9189
epoch 151: loss=0.079904, train_acc=0.9738, time=8.7s
per-rank: rank0[cuda0,share=0.3896,tput=4.95] rank1[cuda1,share=0.3139,tput=4.80] rank2[cuda2,share=0.2965,tput=2.12]
epoch 151: eval=0.9167
epoch 152: loss=0.075964, train_acc=0.9752, time=10.9s
per-rank: rank0[cuda0,share=0.3902,tput=2.16] rank1[cuda1,share=0.3157,tput=4.63] rank2[cuda2,share=0.2941,tput=4.04]
epoch 152: eval=0.9172
epoch 153: loss=0.074635, train_acc=0.9757, time=9.9s
per-rank: rank0[cuda0,share=0.3931,tput=2.42] rank1[cuda1,share=0.3100,tput=3.80] rank2[cuda2,share=0.2969,tput=2.96]
epoch 153: eval=0.9171
epoch 154: loss=0.073163, train_acc=0.9759, time=10.5s
per-rank: rank0[cuda0,share=0.4004,tput=2.30] rank1[cuda1,share=0.3007,tput=5.80] rank2[cuda2,share=0.2989,tput=3.32]
epoch 154: eval=0.9162
epoch 155: loss=0.071774, train_acc=0.9759, time=9.8s
per-rank: rank0[cuda0,share=0.4065,tput=3.24] rank1[cuda1,share=0.3013,tput=2.84] rank2[cuda2,share=0.2923,tput=3.51]
epoch 155: eval=0.9179
epoch 156: loss=0.071191, train_acc=0.9776, time=8.8s
per-rank: rank0[cuda0,share=0.4191,tput=3.55] rank1[cuda1,share=0.2979,tput=2.60] rank2[cuda2,share=0.2830,tput=3.53]
epoch 156: eval=0.9175
epoch 157: loss=0.069190, train_acc=0.9771, time=11.4s
per-rank: rank0[cuda0,share=0.4233,tput=2.28] rank1[cuda1,share=0.2906,tput=5.76] rank2[cuda2,share=0.2860,tput=3.69]
epoch 157: eval=0.9192
epoch 158: loss=0.069899, train_acc=0.9770, time=10.3s
per-rank: rank0[cuda0,share=0.4124,tput=2.41] rank2[cuda2,share=0.2979,tput=4.57] rank1[cuda1,share=0.2897,tput=2.87]
epoch 158: eval=0.9189
epoch 159: loss=0.068283, train_acc=0.9777, time=8.9s
per-rank: rank0[cuda0,share=0.3795,tput=3.33] rank2[cuda2,share=0.3154,tput=3.35] rank1[cuda1,share=0.3051,tput=2.84]
epoch 159: eval=0.9181
epoch 160: loss=0.069320, train_acc=0.9771, time=8.7s
per-rank: rank0[cuda0,share=0.3631,tput=3.45] rank1[cuda1,share=0.3299,tput=2.71] rank2[cuda2,share=0.3071,tput=3.51]
epoch 160: eval=0.9184
epoch 161: loss=0.069053, train_acc=0.9769, time=10.6s
per-rank: rank0[cuda0,share=0.3653,tput=2.09] rank1[cuda1,share=0.3278,tput=3.72] rank2[cuda2,share=0.3069,tput=5.31]
epoch 161: eval=0.9195
epoch 162: loss=0.066789, train_acc=0.9779, time=9.9s
per-rank: rank0[cuda0,share=0.3798,tput=3.04] rank1[cuda1,share=0.3177,tput=3.76] rank2[cuda2,share=0.3025,tput=2.49]
epoch 162: eval=0.9183
epoch 163: loss=0.066152, train_acc=0.9778, time=8.8s
per-rank: rank0[cuda0,share=0.3964,tput=2.51] rank1[cuda1,share=0.3107,tput=7.26] rank2[cuda2,share=0.2929,tput=2.22]
epoch 163: eval=0.9173
epoch 164: loss=0.066851, train_acc=0.9781, time=10.4s
per-rank: rank0[cuda0,share=0.3950,tput=2.27] rank1[cuda1,share=0.3097,tput=3.77] rank2[cuda2,share=0.2953,tput=5.19]
epoch 164: eval=0.9169
epoch 165: loss=0.064720, train_acc=0.9791, time=9.7s
per-rank: rank0[cuda0,share=0.4089,tput=3.13] rank2[cuda2,share=0.3018,tput=2.75] rank1[cuda1,share=0.2893,tput=3.53]
epoch 165: eval=0.9176
epoch 166: loss=0.064224, train_acc=0.9799, time=8.7s
per-rank: rank0[cuda0,share=0.3881,tput=2.52] rank2[cuda2,share=0.3144,tput=2.80] rank1[cuda1,share=0.2975,tput=4.31]
epoch 166: eval=0.9186
epoch 167: loss=0.064542, train_acc=0.9794, time=8.9s
per-rank: rank0[cuda0,share=0.3712,tput=4.26] rank1[cuda1,share=0.3204,tput=2.51] rank2[cuda2,share=0.3083,tput=3.44]
epoch 167: eval=0.9192
epoch 168: loss=0.063145, train_acc=0.9792, time=8.8s
per-rank: rank0[cuda0,share=0.3926,tput=4.33] rank1[cuda1,share=0.3105,tput=2.26] rank2[cuda2,share=0.2970,tput=3.59]
epoch 168: eval=0.9184
epoch 169: loss=0.063298, train_acc=0.9794, time=8.7s
per-rank: rank0[cuda0,share=0.4127,tput=3.46] rank1[cuda1,share=0.3057,tput=2.77] rank2[cuda2,share=0.2817,tput=3.41]
epoch 169: eval=0.9167
epoch 170: loss=0.062748, train_acc=0.9796, time=10.9s
per-rank: rank0[cuda0,share=0.4191,tput=2.32] rank1[cuda1,share=0.2927,tput=3.73] rank2[cuda2,share=0.2882,tput=5.92]
epoch 170: eval=0.9176
epoch 171: loss=0.063622, train_acc=0.9794, time=10.2s
per-rank: rank0[cuda0,share=0.4225,tput=2.87] rank2[cuda2,share=0.2934,tput=2.81] rank1[cuda1,share=0.2840,tput=3.57]
epoch 171: eval=0.9193
epoch 172: loss=0.061204, train_acc=0.9799, time=11.4s
per-rank: rank0[cuda0,share=0.4227,tput=2.28] rank2[cuda2,share=0.2947,tput=5.16] rank1[cuda1,share=0.2826,tput=3.96]
epoch 172: eval=0.9180
epoch 173: loss=0.060325, train_acc=0.9800, time=10.7s
per-rank: rank0[cuda0,share=0.4041,tput=2.11] rank2[cuda2,share=0.2991,tput=4.05] rank1[cuda1,share=0.2968,tput=3.24]
epoch 173: eval=0.9185
epoch 174: loss=0.061370, train_acc=0.9805, time=9.1s
per-rank: rank0[cuda0,share=0.3840,tput=3.65] rank1[cuda1,share=0.3198,tput=2.81] rank2[cuda2,share=0.2962,tput=3.23]
epoch 174: eval=0.9180
epoch 175: loss=0.060128, train_acc=0.9806, time=8.8s
per-rank: rank0[cuda0,share=0.3870,tput=2.30] rank1[cuda1,share=0.3276,tput=2.70] rank2[cuda2,share=0.2854,tput=6.06]
epoch 175: eval=0.9188
epoch 176: loss=0.059147, train_acc=0.9812, time=8.9s
per-rank: rank0[cuda0,share=0.3849,tput=3.77] rank1[cuda1,share=0.3157,tput=3.28] rank2[cuda2,share=0.2994,tput=2.55]
epoch 176: eval=0.9183
epoch 177: loss=0.058801, train_acc=0.9808, time=8.9s
per-rank: rank0[cuda0,share=0.4018,tput=3.53] rank1[cuda1,share=0.3021,tput=3.84] rank2[cuda2,share=0.2962,tput=2.26]
epoch 177: eval=0.9177
epoch 178: loss=0.060942, train_acc=0.9797, time=10.5s
per-rank: rank0[cuda0,share=0.4198,tput=2.36] rank1[cuda1,share=0.2927,tput=4.98] rank2[cuda2,share=0.2875,tput=3.79]
epoch 178: eval=0.9178
epoch 179: loss=0.058277, train_acc=0.9809, time=9.9s
per-rank: rank0[cuda0,share=0.4153,tput=2.79] rank2[cuda2,share=0.2935,tput=3.69] rank1[cuda1,share=0.2912,tput=2.88]
epoch 179: eval=0.9190
epoch 180: loss=0.057113, train_acc=0.9820, time=8.9s
per-rank: rank0[cuda0,share=0.4072,tput=3.18] rank1[cuda1,share=0.2969,tput=3.92] rank2[cuda2,share=0.2959,tput=2.43]
epoch 180: eval=0.9185
epoch 181: loss=0.057204, train_acc=0.9814, time=8.8s
per-rank: rank0[cuda0,share=0.3873,tput=3.74] rank1[cuda1,share=0.3085,tput=2.59] rank2[cuda2,share=0.3042,tput=5.19]
epoch 181: eval=0.9186
epoch 182: loss=0.058817, train_acc=0.9806, time=11.8s
per-rank: rank0[cuda0,share=0.3747,tput=1.92] rank2[cuda2,share=0.3208,tput=4.57] rank1[cuda1,share=0.3044,tput=3.21]
epoch 182: eval=0.9168
epoch 183: loss=0.058685, train_acc=0.9808, time=10.0s
per-rank: rank0[cuda0,share=0.3836,tput=3.01] rank2[cuda2,share=0.3196,tput=3.58] rank1[cuda1,share=0.2968,tput=2.59]
epoch 183: eval=0.9185
epoch 184: loss=0.055337, train_acc=0.9821, time=10.8s
per-rank: rank0[cuda0,share=0.4045,tput=2.25] rank1[cuda1,share=0.2977,tput=5.75] rank2[cuda2,share=0.2977,tput=3.43]
epoch 184: eval=0.9188
epoch 185: loss=0.057321, train_acc=0.9813, time=10.0s
per-rank: rank0[cuda0,share=0.4111,tput=2.33] rank1[cuda1,share=0.2979,tput=3.93] rank2[cuda2,share=0.2910,tput=2.70]
epoch 185: eval=0.9187
epoch 186: loss=0.056364, train_acc=0.9813, time=10.6s
per-rank: rank0[cuda0,share=0.4041,tput=2.28] rank1[cuda1,share=0.3046,tput=3.65] rank2[cuda2,share=0.2913,tput=4.71]
epoch 186: eval=0.9179
epoch 187: loss=0.057718, train_acc=0.9809, time=9.7s
per-rank: rank0[cuda0,share=0.4176,tput=3.22] rank1[cuda1,share=0.2951,tput=3.53] rank2[cuda2,share=0.2873,tput=3.00]
epoch 187: eval=0.9190
epoch 188: loss=0.055526, train_acc=0.9823, time=12.0s
per-rank: rank0[cuda0,share=0.4125,tput=2.21] rank1[cuda1,share=0.2948,tput=6.40] rank2[cuda2,share=0.2927,tput=3.60]
epoch 188: eval=0.9191
epoch 189: loss=0.055000, train_acc=0.9820, time=11.3s
per-rank: rank0[cuda0,share=0.3929,tput=2.03] rank1[cuda1,share=0.3143,tput=3.27] rank2[cuda2,share=0.2928,tput=3.86]
epoch 189: eval=0.9199
epoch 190: loss=0.055088, train_acc=0.9817, time=9.1s
per-rank: rank0[cuda0,share=0.3686,tput=2.74] rank1[cuda1,share=0.3222,tput=2.83] rank2[cuda2,share=0.3092,tput=4.25]
epoch 190: eval=0.9190
epoch 191: loss=0.054737, train_acc=0.9821, time=8.9s
per-rank: rank0[cuda0,share=0.3647,tput=3.89] rank1[cuda1,share=0.3213,tput=4.49] rank2[cuda2,share=0.3140,tput=2.61]
epoch 191: eval=0.9192
epoch 192: loss=0.053070, train_acc=0.9829, time=8.9s
per-rank: rank0[cuda0,share=0.4000,tput=4.60] rank2[cuda2,share=0.3102,tput=3.33] rank1[cuda1,share=0.2898,tput=2.16]
epoch 192: eval=0.9178
epoch 193: loss=0.054471, train_acc=0.9820, time=10.7s
per-rank: rank0[cuda0,share=0.4211,tput=2.37] rank1[cuda1,share=0.2906,tput=6.50] rank2[cuda2,share=0.2883,tput=3.20]
epoch 193: eval=0.9182
epoch 194: loss=0.053350, train_acc=0.9826, time=9.9s
per-rank: rank0[cuda0,share=0.4234,tput=2.91] rank1[cuda1,share=0.2950,tput=4.29] rank2[cuda2,share=0.2815,tput=2.66]
epoch 194: eval=0.9190
epoch 195: loss=0.054375, train_acc=0.9822, time=8.7s
per-rank: rank0[cuda0,share=0.4168,tput=2.52] rank1[cuda1,share=0.3025,tput=6.25] rank2[cuda2,share=0.2807,tput=2.58]
epoch 195: eval=0.9213
epoch 196: loss=0.054018, train_acc=0.9813, time=8.8s
per-rank: rank0[cuda0,share=0.3962,tput=2.44] rank2[cuda2,share=0.3041,tput=6.37] rank1[cuda1,share=0.2997,tput=2.73]
epoch 196: eval=0.9186
epoch 197: loss=0.053151, train_acc=0.9823, time=10.5s
per-rank: rank0[cuda0,share=0.3898,tput=2.29] rank2[cuda2,share=0.3135,tput=5.45] rank1[cuda1,share=0.2968,tput=3.49]
epoch 197: eval=0.9193
epoch 198: loss=0.051823, train_acc=0.9832, time=9.8s
per-rank: rank0[cuda0,share=0.4072,tput=2.40] rank2[cuda2,share=0.3085,tput=4.20] rank1[cuda1,share=0.2843,tput=2.58]
epoch 198: eval=0.9198
epoch 199: loss=0.054548, train_acc=0.9823, time=9.4s
per-rank: rank0[cuda0,share=0.4146,tput=2.68] rank2[cuda2,share=0.3064,tput=3.79] rank1[cuda1,share=0.2790,tput=5.09]
final eval=0.9198
# total: 1741.1s (29m 1s)
