# gpu0: NVIDIA GeForce RTX 5060 Ti (15GB, sm_120)
# gpu1: NVIDIA GeForce GTX 1060 6GB (5GB, sm_61)
# gpu2: NVIDIA GeForce GTX 1060 6GB (5GB, sm_61)
epoch 0: loss=1.970007, train_acc=0.2576, time=10.8s
per-rank: rank0[cuda0,share=0.3975,tput=2.66] rank1[cuda1,share=0.3012,tput=2.92] rank2[cuda2,share=0.3012,tput=4.68]
epoch 0: eval=0.3411
epoch 1: loss=1.674458, train_acc=0.3756, time=12.5s
per-rank: rank0[cuda0,share=0.4248,tput=2.11] rank2[cuda2,share=0.2910,tput=5.37] rank1[cuda1,share=0.2841,tput=3.05]
epoch 1: eval=0.4293
epoch 2: loss=1.483260, train_acc=0.4543, time=11.4s
per-rank: rank0[cuda0,share=0.4346,tput=2.05] rank1[cuda1,share=0.2853,tput=3.46] rank2[cuda2,share=0.2801,tput=2.45]
epoch 2: eval=0.4157
epoch 3: loss=1.295683, train_acc=0.5325, time=10.0s
per-rank: rank0[cuda0,share=0.4031,tput=3.83] rank1[cuda1,share=0.3049,tput=2.31] rank2[cuda2,share=0.2920,tput=4.50]
epoch 3: eval=0.5370
epoch 4: loss=1.148987, train_acc=0.5895, time=10.0s
per-rank: rank0[cuda0,share=0.4170,tput=3.19] rank2[cuda2,share=0.2952,tput=3.58] rank1[cuda1,share=0.2878,tput=2.00]
epoch 4: eval=0.6086
epoch 5: loss=1.033131, train_acc=0.6328, time=12.6s
per-rank: rank0[cuda0,share=0.4227,tput=2.08] rank2[cuda2,share=0.2955,tput=4.57] rank1[cuda1,share=0.2818,tput=3.44]
epoch 5: eval=0.6126
epoch 6: loss=0.937550, train_acc=0.6690, time=11.6s
per-rank: rank0[cuda0,share=0.4232,tput=2.20] rank1[cuda1,share=0.2895,tput=2.68] rank2[cuda2,share=0.2873,tput=3.34]
epoch 6: eval=0.6483
epoch 7: loss=0.854608, train_acc=0.7006, time=9.8s
per-rank: rank0[cuda0,share=0.4191,tput=2.92] rank1[cuda1,share=0.2927,tput=2.28] rank2[cuda2,share=0.2882,tput=3.50]
epoch 7: eval=0.6961
epoch 8: loss=0.790621, train_acc=0.7241, time=13.8s
per-rank: rank0[cuda0,share=0.3853,tput=1.84] rank2[cuda2,share=0.3097,tput=3.34] rank1[cuda1,share=0.3050,tput=5.44]
epoch 8: eval=0.5444
epoch 9: loss=0.753414, train_acc=0.7391, time=12.0s
per-rank: rank0[cuda0,share=0.3749,tput=2.21] rank2[cuda2,share=0.3149,tput=3.96] rank1[cuda1,share=0.3102,tput=2.63]
epoch 9: eval=0.6345
epoch 10: loss=0.712810, train_acc=0.7529, time=10.0s
per-rank: rank0[cuda0,share=0.3916,tput=2.51] rank1[cuda1,share=0.3064,tput=5.37] rank2[cuda2,share=0.3020,tput=1.95]
epoch 10: eval=0.7292
epoch 11: loss=0.695967, train_acc=0.7603, time=9.9s
per-rank: rank0[cuda0,share=0.4023,tput=1.85] rank1[cuda1,share=0.3082,tput=2.58] rank2[cuda2,share=0.2896,tput=6.01]
epoch 11: eval=0.6789
epoch 12: loss=0.665149, train_acc=0.7688, time=9.8s
per-rank: rank0[cuda0,share=0.3883,tput=3.37] rank1[cuda1,share=0.3194,tput=2.32] rank2[cuda2,share=0.2923,tput=3.27]
epoch 12: eval=0.7269
epoch 13: loss=0.649726, train_acc=0.7742, time=9.9s
per-rank: rank0[cuda0,share=0.4129,tput=2.27] rank1[cuda1,share=0.3085,tput=5.37] rank2[cuda2,share=0.2786,tput=2.21]
epoch 13: eval=0.7536
epoch 14: loss=0.633994, train_acc=0.7820, time=13.5s
per-rank: rank0[cuda0,share=0.4140,tput=1.93] rank1[cuda1,share=0.3060,tput=5.27] rank2[cuda2,share=0.2800,tput=3.23]
epoch 14: eval=0.7289
epoch 15: loss=0.613264, train_acc=0.7873, time=12.2s
per-rank: rank0[cuda0,share=0.4004,tput=1.93] rank1[cuda1,share=0.3091,tput=2.60] rank2[cuda2,share=0.2905,tput=3.82]
epoch 15: eval=0.7565
epoch 16: loss=0.597709, train_acc=0.7930, time=10.2s
per-rank: rank0[cuda0,share=0.4038,tput=2.84] rank1[cuda1,share=0.3033,tput=3.25] rank2[cuda2,share=0.2929,tput=2.29]
epoch 16: eval=0.7557
epoch 17: loss=0.586195, train_acc=0.7986, time=10.0s
per-rank: rank0[cuda0,share=0.4000,tput=2.79] rank1[cuda1,share=0.3113,tput=2.48] rank2[cuda2,share=0.2887,tput=4.74]
epoch 17: eval=0.7752
epoch 18: loss=0.566318, train_acc=0.8057, time=10.0s
per-rank: rank0[cuda0,share=0.3770,tput=2.83] rank1[cuda1,share=0.3273,tput=2.41] rank2[cuda2,share=0.2957,tput=3.36]
epoch 18: eval=0.6885
epoch 19: loss=0.567918, train_acc=0.8040, time=9.9s
per-rank: rank0[cuda0,share=0.3895,tput=3.36] rank1[cuda1,share=0.3227,tput=3.01] rank2[cuda2,share=0.2878,tput=2.16]
epoch 19: eval=0.7450
epoch 20: loss=0.565792, train_acc=0.8069, time=13.1s
per-rank: rank0[cuda0,share=0.3990,tput=1.91] rank1[cuda1,share=0.3196,tput=5.33] rank2[cuda2,share=0.2814,tput=3.08]
epoch 20: eval=0.7887
epoch 21: loss=0.551116, train_acc=0.8112, time=11.5s
per-rank: rank0[cuda0,share=0.3867,tput=2.02] rank1[cuda1,share=0.3262,tput=3.96] rank2[cuda2,share=0.2872,tput=2.64]
epoch 21: eval=0.7333
epoch 22: loss=0.530547, train_acc=0.8183, time=9.8s
per-rank: rank0[cuda0,share=0.3982,tput=3.66] rank1[cuda1,share=0.3210,tput=2.42] rank2[cuda2,share=0.2808,tput=2.64]
epoch 22: eval=0.7661
epoch 23: loss=0.542328, train_acc=0.8145, time=9.8s
per-rank: rank0[cuda0,share=0.4163,tput=2.63] rank1[cuda1,share=0.3175,tput=3.41] rank2[cuda2,share=0.2662,tput=2.34]
epoch 23: eval=0.7748
epoch 24: loss=0.531914, train_acc=0.8171, time=9.7s
per-rank: rank0[cuda0,share=0.4141,tput=2.41] rank1[cuda1,share=0.3187,tput=2.37] rank2[cuda2,share=0.2672,tput=4.73]
epoch 24: eval=0.7294
epoch 25: loss=0.534267, train_acc=0.8158, time=12.8s
per-rank: rank0[cuda0,share=0.4150,tput=2.02] rank1[cuda1,share=0.3043,tput=4.71] rank2[cuda2,share=0.2806,tput=3.42]
epoch 25: eval=0.7852
epoch 26: loss=0.515297, train_acc=0.8242, time=11.5s
per-rank: rank0[cuda0,share=0.4125,tput=2.16] rank1[cuda1,share=0.2972,tput=2.66] rank2[cuda2,share=0.2903,tput=3.58]
epoch 26: eval=0.7980
epoch 27: loss=0.520321, train_acc=0.8231, time=9.8s
per-rank: rank0[cuda0,share=0.4135,tput=2.54] rank1[cuda1,share=0.2981,tput=2.20] rank2[cuda2,share=0.2885,tput=5.16]
epoch 27: eval=0.7501
epoch 28: loss=0.508401, train_acc=0.8258, time=9.9s
per-rank: rank0[cuda0,share=0.4164,tput=2.04] rank1[cuda1,share=0.3003,tput=6.49] rank2[cuda2,share=0.2833,tput=2.16]
epoch 28: eval=0.7781
epoch 29: loss=0.499263, train_acc=0.8286, time=9.8s
per-rank: rank0[cuda0,share=0.3923,tput=3.58] rank1[cuda1,share=0.3098,tput=4.21] rank2[cuda2,share=0.2979,tput=2.35]
epoch 29: eval=0.7925
epoch 30: loss=0.495075, train_acc=0.8310, time=9.8s
per-rank: rank0[cuda0,share=0.3996,tput=2.34] rank2[cuda2,share=0.3074,tput=5.27] rank1[cuda1,share=0.2930,tput=2.32]
epoch 30: eval=0.7263
epoch 31: loss=0.500078, train_acc=0.8281, time=10.0s
per-rank: rank0[cuda0,share=0.4144,tput=4.38] rank1[cuda1,share=0.2938,tput=2.43] rank2[cuda2,share=0.2918,tput=2.82]
epoch 31: eval=0.8008
epoch 32: loss=0.491366, train_acc=0.8310, time=9.8s
per-rank: rank0[cuda0,share=0.4053,tput=2.70] rank1[cuda1,share=0.3018,tput=2.59] rank2[cuda2,share=0.2930,tput=3.14]
epoch 32: eval=0.7252
epoch 33: loss=0.489936, train_acc=0.8322, time=12.0s
per-rank: rank0[cuda0,share=0.3907,tput=1.99] rank1[cuda1,share=0.3191,tput=4.49] rank2[cuda2,share=0.2901,tput=3.32]
epoch 33: eval=0.7949
epoch 34: loss=0.489104, train_acc=0.8321, time=11.0s
per-rank: rank0[cuda0,share=0.4054,tput=2.68] rank1[cuda1,share=0.3176,tput=4.07] rank2[cuda2,share=0.2770,tput=2.05]
epoch 34: eval=0.8259
epoch 35: loss=0.484007, train_acc=0.8322, time=13.0s
per-rank: rank0[cuda0,share=0.4118,tput=1.93] rank1[cuda1,share=0.3081,tput=3.15] rank2[cuda2,share=0.2801,tput=5.04]
epoch 35: eval=0.7920
epoch 36: loss=0.468859, train_acc=0.8392, time=11.4s
per-rank: rank0[cuda0,share=0.4035,tput=2.17] rank1[cuda1,share=0.3041,tput=3.95] rank2[cuda2,share=0.2924,tput=2.31]
epoch 36: eval=0.7745
epoch 37: loss=0.480007, train_acc=0.8340, time=12.9s
per-rank: rank0[cuda0,share=0.4106,tput=2.03] rank1[cuda1,share=0.2995,tput=4.39] rank2[cuda2,share=0.2899,tput=3.73]
epoch 37: eval=0.8162
epoch 38: loss=0.475626, train_acc=0.8354, time=12.2s
per-rank: rank0[cuda0,share=0.4058,tput=1.91] rank2[cuda2,share=0.3021,tput=2.81] rank1[cuda1,share=0.2920,tput=3.55]
epoch 38: eval=0.8051
epoch 39: loss=0.471184, train_acc=0.8385, time=10.3s
per-rank: rank0[cuda0,share=0.4044,tput=3.35] rank2[cuda2,share=0.3102,tput=3.35] rank1[cuda1,share=0.2854,tput=2.06]
epoch 39: eval=0.7233
epoch 40: loss=0.464669, train_acc=0.8394, time=9.8s
per-rank: rank0[cuda0,share=0.4087,tput=2.77] rank2[cuda2,share=0.3023,tput=1.95] rank1[cuda1,share=0.2890,tput=4.20]
epoch 40: eval=0.8022
epoch 41: loss=0.460097, train_acc=0.8388, time=12.2s
per-rank: rank0[cuda0,share=0.3992,tput=1.97] rank1[cuda1,share=0.3113,tput=3.18] rank2[cuda2,share=0.2895,tput=4.68]
epoch 41: eval=0.8181
epoch 42: loss=0.470780, train_acc=0.8401, time=11.1s
per-rank: rank0[cuda0,share=0.4011,tput=2.39] rank1[cuda1,share=0.3097,tput=3.79] rank2[cuda2,share=0.2892,tput=2.29]
epoch 42: eval=0.7925
epoch 43: loss=0.456200, train_acc=0.8424, time=10.0s
per-rank: rank0[cuda0,share=0.4071,tput=3.02] rank1[cuda1,share=0.3092,tput=2.25] rank2[cuda2,share=0.2836,tput=4.45]
epoch 43: eval=0.8295
epoch 44: loss=0.457627, train_acc=0.8432, time=10.0s
per-rank: rank0[cuda0,share=0.4027,tput=3.13] rank1[cuda1,share=0.3029,tput=3.02] rank2[cuda2,share=0.2944,tput=2.24]
epoch 44: eval=0.7434
epoch 45: loss=0.457866, train_acc=0.8432, time=13.4s
per-rank: rank0[cuda0,share=0.3794,tput=1.83] rank1[cuda1,share=0.3142,tput=4.77] rank2[cuda2,share=0.3063,tput=3.17]
epoch 45: eval=0.8008
epoch 46: loss=0.449521, train_acc=0.8459, time=11.3s
per-rank: rank0[cuda0,share=0.3730,tput=2.30] rank1[cuda1,share=0.3194,tput=2.68] rank2[cuda2,share=0.3075,tput=3.64]
epoch 46: eval=0.8572
epoch 47: loss=0.450721, train_acc=0.8456, time=9.9s
per-rank: rank0[cuda0,share=0.3917,tput=2.54] rank2[cuda2,share=0.3051,tput=2.21] rank1[cuda1,share=0.3031,tput=4.76]
epoch 47: eval=0.7636
epoch 48: loss=0.451235, train_acc=0.8445, time=9.9s
per-rank: rank0[cuda0,share=0.4189,tput=3.29] rank2[cuda2,share=0.2992,tput=3.38] rank1[cuda1,share=0.2819,tput=2.07]
epoch 48: eval=0.8018
epoch 49: loss=0.456714, train_acc=0.8427, time=9.8s
per-rank: rank0[cuda0,share=0.4180,tput=2.13] rank2[cuda2,share=0.3007,tput=5.84] rank1[cuda1,share=0.2813,tput=2.16]
epoch 49: eval=0.8187
epoch 50: loss=0.445321, train_acc=0.8463, time=12.6s
per-rank: rank0[cuda0,share=0.3958,tput=1.94] rank2[cuda2,share=0.3122,tput=4.76] rank1[cuda1,share=0.2920,tput=3.43]
epoch 50: eval=0.7687
epoch 51: loss=0.442717, train_acc=0.8487, time=11.3s
per-rank: rank0[cuda0,share=0.3962,tput=2.33] rank2[cuda2,share=0.3109,tput=2.39] rank1[cuda1,share=0.2929,tput=3.64]
epoch 51: eval=0.7759
epoch 52: loss=0.449261, train_acc=0.8449, time=10.0s
per-rank: rank0[cuda0,share=0.4019,tput=2.90] rank1[cuda1,share=0.3000,tput=2.42] rank2[cuda2,share=0.2981,tput=3.06]
epoch 52: eval=0.7574
epoch 53: loss=0.444295, train_acc=0.8473, time=9.8s
per-rank: rank0[cuda0,share=0.3970,tput=3.54] rank1[cuda1,share=0.3127,tput=2.33] rank2[cuda2,share=0.2903,tput=2.83]
epoch 53: eval=0.7980
epoch 54: loss=0.455581, train_acc=0.8436, time=12.3s
per-rank: rank0[cuda0,share=0.4131,tput=2.02] rank1[cuda1,share=0.3121,tput=3.75] rank2[cuda2,share=0.2748,tput=4.09]
epoch 54: eval=0.7414
epoch 55: loss=0.446337, train_acc=0.8469, time=11.1s
per-rank: rank0[cuda0,share=0.4165,tput=2.26] rank1[cuda1,share=0.3052,tput=2.49] rank2[cuda2,share=0.2783,tput=3.90]
epoch 55: eval=0.8496
epoch 56: loss=0.440539, train_acc=0.8501, time=9.9s
per-rank: rank0[cuda0,share=0.4084,tput=3.45] rank1[cuda1,share=0.2958,tput=2.08] rank2[cuda2,share=0.2958,tput=4.47]
epoch 56: eval=0.8041
epoch 57: loss=0.436591, train_acc=0.8495, time=10.0s
per-rank: rank0[cuda0,share=0.3910,tput=2.71] rank2[cuda2,share=0.3116,tput=3.20] rank1[cuda1,share=0.2975,tput=2.47]
epoch 57: eval=0.7846
epoch 58: loss=0.435825, train_acc=0.8504, time=9.9s
per-rank: rank0[cuda0,share=0.3769,tput=2.33] rank1[cuda1,share=0.3116,tput=2.21] rank2[cuda2,share=0.3116,tput=4.93]
epoch 58: eval=0.8163
epoch 59: loss=0.434435, train_acc=0.8515, time=12.1s
per-rank: rank0[cuda0,share=0.3926,tput=1.97] rank1[cuda1,share=0.3075,tput=3.31] rank2[cuda2,share=0.2998,tput=4.56]
epoch 59: eval=0.8064
epoch 60: loss=0.433592, train_acc=0.8511, time=10.9s
per-rank: rank0[cuda0,share=0.4091,tput=2.85] rank1[cuda1,share=0.3033,tput=2.62] rank2[cuda2,share=0.2876,tput=3.12]
epoch 60: eval=0.8117
epoch 61: loss=0.440870, train_acc=0.8468, time=9.8s
per-rank: rank0[cuda0,share=0.4281,tput=3.11] rank1[cuda1,share=0.2966,tput=5.17] rank2[cuda2,share=0.2753,tput=2.07]
epoch 61: eval=0.8016
epoch 62: loss=0.446384, train_acc=0.8464, time=13.6s
per-rank: rank0[cuda0,share=0.4086,tput=1.96] rank1[cuda1,share=0.3094,tput=3.77] rank2[cuda2,share=0.2821,tput=4.52]
epoch 62: eval=0.8218
epoch 63: loss=0.432283, train_acc=0.8525, time=12.2s
per-rank: rank0[cuda0,share=0.3981,tput=1.95] rank1[cuda1,share=0.3148,tput=2.85] rank2[cuda2,share=0.2870,tput=3.40]
epoch 63: eval=0.7826
epoch 64: loss=0.435319, train_acc=0.8489, time=10.0s
per-rank: rank0[cuda0,share=0.4013,tput=3.00] rank1[cuda1,share=0.3073,tput=2.26] rank2[cuda2,share=0.2914,tput=3.32]
epoch 64: eval=0.8339
epoch 65: loss=0.428327, train_acc=0.8528, time=9.7s
per-rank: rank0[cuda0,share=0.4086,tput=2.54] rank1[cuda1,share=0.3022,tput=2.50] rank2[cuda2,share=0.2892,tput=4.61]
epoch 65: eval=0.7588
epoch 66: loss=0.445241, train_acc=0.8467, time=9.8s
per-rank: rank0[cuda0,share=0.4218,tput=4.25] rank1[cuda1,share=0.3042,tput=3.31] rank2[cuda2,share=0.2741,tput=2.20]
epoch 66: eval=0.7768
epoch 67: loss=0.441507, train_acc=0.8481, time=10.0s
per-rank: rank0[cuda0,share=0.4195,tput=2.72] rank1[cuda1,share=0.3062,tput=2.36] rank2[cuda2,share=0.2743,tput=3.39]
epoch 67: eval=0.6512
epoch 68: loss=0.422397, train_acc=0.8542, time=9.9s
per-rank: rank0[cuda0,share=0.3915,tput=3.19] rank1[cuda1,share=0.3147,tput=2.49] rank2[cuda2,share=0.2938,tput=3.77]
epoch 68: eval=0.7420
epoch 69: loss=0.423439, train_acc=0.8543, time=10.0s
per-rank: rank0[cuda0,share=0.3894,tput=2.93] rank1[cuda1,share=0.3176,tput=2.36] rank2[cuda2,share=0.2930,tput=3.18]
epoch 69: eval=0.7985
epoch 70: loss=0.420042, train_acc=0.8561, time=10.0s
per-rank: rank0[cuda0,share=0.3769,tput=1.98] rank1[cuda1,share=0.3165,tput=2.33] rank2[cuda2,share=0.3066,tput=5.68]
epoch 70: eval=0.7902
epoch 71: loss=0.425981, train_acc=0.8535, time=9.8s
per-rank: rank0[cuda0,share=0.3824,tput=3.52] rank2[cuda2,share=0.3128,tput=2.11] rank1[cuda1,share=0.3047,tput=3.21]
epoch 71: eval=0.7999
epoch 72: loss=0.421875, train_acc=0.8544, time=11.7s
per-rank: rank0[cuda0,share=0.4112,tput=2.08] rank2[cuda2,share=0.2992,tput=3.20] rank1[cuda1,share=0.2896,tput=4.60]
epoch 72: eval=0.8002
epoch 73: loss=0.430745, train_acc=0.8534, time=11.0s
per-rank: rank0[cuda0,share=0.4170,tput=2.10] rank2[cuda2,share=0.2925,tput=2.37] rank1[cuda1,share=0.2906,tput=4.10]
epoch 73: eval=0.7858
epoch 74: loss=0.426516, train_acc=0.8546, time=10.0s
per-rank: rank0[cuda0,share=0.4086,tput=3.26] rank1[cuda1,share=0.3022,tput=2.42] rank2[cuda2,share=0.2892,tput=2.71]
epoch 74: eval=0.8169
epoch 75: loss=0.433735, train_acc=0.8504, time=9.9s
per-rank: rank0[cuda0,share=0.4188,tput=3.13] rank1[cuda1,share=0.3014,tput=2.28] rank2[cuda2,share=0.2798,tput=3.31]
epoch 75: eval=0.7711
epoch 76: loss=0.415661, train_acc=0.8577, time=10.0s
per-rank: rank0[cuda0,share=0.4104,tput=3.38] rank1[cuda1,share=0.3004,tput=2.24] rank2[cuda2,share=0.2892,tput=4.00]
epoch 76: eval=0.7650
epoch 77: loss=0.417941, train_acc=0.8570, time=12.3s
per-rank: rank0[cuda0,share=0.3958,tput=1.95] rank1[cuda1,share=0.3050,tput=5.58] rank2[cuda2,share=0.2992,tput=2.91]
epoch 77: eval=0.8025
epoch 78: loss=0.423422, train_acc=0.8554, time=11.1s
per-rank: rank0[cuda0,share=0.3991,tput=2.32] rank1[cuda1,share=0.3071,tput=3.64] rank2[cuda2,share=0.2938,tput=2.32]
epoch 78: eval=0.8311
epoch 79: loss=0.425797, train_acc=0.8530, time=9.8s
per-rank: rank0[cuda0,share=0.3949,tput=1.93] rank1[cuda1,share=0.3129,tput=5.49] rank2[cuda2,share=0.2922,tput=2.29]
epoch 79: eval=0.8097
epoch 80: loss=0.417699, train_acc=0.8557, time=9.8s
per-rank: rank0[cuda0,share=0.3827,tput=2.54] rank1[cuda1,share=0.3192,tput=2.41] rank2[cuda2,share=0.2981,tput=4.34]
epoch 80: eval=0.8433
epoch 81: loss=0.416188, train_acc=0.8579, time=12.7s
per-rank: rank0[cuda0,share=0.3774,tput=1.84] rank1[cuda1,share=0.3123,tput=3.12] rank2[cuda2,share=0.3103,tput=4.93]
epoch 81: eval=0.8530
epoch 82: loss=0.417993, train_acc=0.8571, time=11.3s
per-rank: rank0[cuda0,share=0.3707,tput=1.88] rank2[cuda2,share=0.3157,tput=2.34] rank1[cuda1,share=0.3136,tput=4.24]
epoch 82: eval=0.8159
epoch 83: loss=0.412938, train_acc=0.8574, time=10.0s
per-rank: rank0[cuda0,share=0.3720,tput=3.48] rank1[cuda1,share=0.3180,tput=3.29] rank2[cuda2,share=0.3100,tput=2.13]
epoch 83: eval=0.7707
epoch 84: loss=0.414837, train_acc=0.8578, time=12.1s
per-rank: rank0[cuda0,share=0.3788,tput=1.90] rank1[cuda1,share=0.3231,tput=5.28] rank2[cuda2,share=0.2981,tput=2.86]
epoch 84: eval=0.8566
epoch 85: loss=0.414218, train_acc=0.8574, time=11.1s
per-rank: rank0[cuda0,share=0.3846,tput=2.32] rank1[cuda1,share=0.3173,tput=2.45] rank2[cuda2,share=0.2981,tput=3.81]
epoch 85: eval=0.7928
epoch 86: loss=0.416760, train_acc=0.8565, time=9.9s
per-rank: rank0[cuda0,share=0.3945,tput=3.39] rank2[cuda2,share=0.3057,tput=2.31] rank1[cuda1,share=0.2998,tput=3.15]
epoch 86: eval=0.7368
epoch 87: loss=0.429599, train_acc=0.8534, time=10.0s
per-rank: rank0[cuda0,share=0.4043,tput=2.31] rank2[cuda2,share=0.3114,tput=2.26] rank1[cuda1,share=0.2843,tput=6.08]
epoch 87: eval=0.8423
epoch 88: loss=0.419598, train_acc=0.8559, time=10.0s
per-rank: rank0[cuda0,share=0.4203,tput=3.15] rank2[cuda2,share=0.2964,tput=2.87] rank1[cuda1,share=0.2833,tput=2.47]
epoch 88: eval=0.8198
epoch 89: loss=0.413523, train_acc=0.8559, time=13.7s
per-rank: rank0[cuda0,share=0.4029,tput=1.86] rank1[cuda1,share=0.2995,tput=3.17] rank2[cuda2,share=0.2976,tput=5.15]
epoch 89: eval=0.8052
epoch 90: loss=0.414726, train_acc=0.8583, time=11.6s
per-rank: rank0[cuda0,share=0.3785,tput=2.14] rank1[cuda1,share=0.3108,tput=4.59] rank2[cuda2,share=0.3108,tput=2.82]
epoch 90: eval=0.7974
epoch 91: loss=0.406625, train_acc=0.8592, time=10.0s
per-rank: rank0[cuda0,share=0.3677,tput=2.77] rank1[cuda1,share=0.3211,tput=1.95] rank2[cuda2,share=0.3112,tput=4.54]
epoch 91: eval=0.7745
epoch 92: loss=0.421237, train_acc=0.8552, time=9.9s
per-rank: rank0[cuda0,share=0.3956,tput=2.22] rank1[cuda1,share=0.3050,tput=5.49] rank2[cuda2,share=0.2994,tput=2.21]
epoch 92: eval=0.7349
epoch 93: loss=0.408571, train_acc=0.8616, time=13.4s
per-rank: rank0[cuda0,share=0.3827,tput=1.89] rank1[cuda1,share=0.3134,tput=3.74] rank2[cuda2,share=0.3039,tput=4.63]
epoch 93: eval=0.8050
epoch 94: loss=0.420231, train_acc=0.8563, time=12.3s
per-rank: rank0[cuda0,share=0.3780,tput=1.80] rank1[cuda1,share=0.3134,tput=2.30] rank2[cuda2,share=0.3086,tput=4.04]
epoch 94: eval=0.8219
epoch 95: loss=0.403406, train_acc=0.8631, time=10.0s
per-rank: rank0[cuda0,share=0.3884,tput=3.55] rank1[cuda1,share=0.3096,tput=3.25] rank2[cuda2,share=0.3021,tput=1.98]
epoch 95: eval=0.8071
epoch 96: loss=0.421581, train_acc=0.8563, time=10.1s
per-rank: rank0[cuda0,share=0.4011,tput=1.95] rank1[cuda1,share=0.3105,tput=2.41] rank2[cuda2,share=0.2884,tput=5.84]
epoch 96: eval=0.8356
epoch 97: loss=0.411905, train_acc=0.8579, time=12.3s
per-rank: rank0[cuda0,share=0.4092,tput=2.00] rank1[cuda1,share=0.2972,tput=3.07] rank2[cuda2,share=0.2936,tput=5.10]
epoch 97: eval=0.7951
epoch 98: loss=0.415056, train_acc=0.8585, time=11.1s
per-rank: rank0[cuda0,share=0.4058,tput=1.90] rank1[cuda1,share=0.2971,tput=2.75] rank2[cuda2,share=0.2971,tput=3.94]
epoch 98: eval=0.8604
epoch 99: loss=0.398371, train_acc=0.8636, time=12.9s
per-rank: rank0[cuda0,share=0.3827,tput=1.87] rank1[cuda1,share=0.3171,tput=3.54] rank2[cuda2,share=0.3002,tput=4.49]
epoch 99: eval=0.8956
epoch 100: loss=0.259690, train_acc=0.9112, time=11.3s
per-rank: rank0[cuda0,share=0.3833,tput=2.03] rank1[cuda1,share=0.3131,tput=2.37] rank2[cuda2,share=0.3036,tput=4.10]
epoch 100: eval=0.9023
epoch 101: loss=0.202604, eval=0.9067, train_acc=0.9298, time=11.0s
per-rank: rank0[cuda0,share=0.4015,tput=3.49] rank1[cuda1,share=0.3011,tput=3.26] rank2[cuda2,share=0.2974,tput=1.90]
epoch 102: loss=0.194941, train_acc=0.9331, time=10.3s
per-rank: rank0[cuda0,share=0.4095,tput=2.35] rank1[cuda1,share=0.3009,tput=1.93] rank2[cuda2,share=0.2896,tput=5.89]
epoch 102: eval=0.9092
epoch 103: loss=0.187247, train_acc=0.9357, time=13.2s
per-rank: rank0[cuda0,share=0.4152,tput=1.86] rank1[cuda1,share=0.2974,tput=4.05] rank2[cuda2,share=0.2873,tput=3.67]
epoch 103: eval=0.9066
epoch 104: loss=0.181620, train_acc=0.9368, time=12.5s
per-rank: rank0[cuda0,share=0.4119,tput=1.88] rank1[cuda1,share=0.2988,tput=2.82] rank2[cuda2,share=0.2893,tput=3.63]
epoch 104: eval=0.9073
epoch 105: loss=0.172193, train_acc=0.9412, time=10.4s
per-rank: rank0[cuda0,share=0.4101,tput=2.58] rank1[cuda1,share=0.2995,tput=2.67] rank2[cuda2,share=0.2904,tput=2.91]
epoch 105: eval=0.9111
epoch 106: loss=0.171478, train_acc=0.9399, time=9.7s
per-rank: rank0[cuda0,share=0.4089,tput=2.30] rank1[cuda1,share=0.2999,tput=2.47] rank2[cuda2,share=0.2912,tput=4.64]
epoch 106: eval=0.9138
epoch 107: loss=0.162988, train_acc=0.9435, time=12.1s
per-rank: rank0[cuda0,share=0.4076,tput=1.99] rank1[cuda1,share=0.3005,tput=3.07] rank2[cuda2,share=0.2919,tput=4.97]
epoch 107: eval=0.9103
epoch 108: loss=0.162927, train_acc=0.9437, time=10.8s
per-rank: rank0[cuda0,share=0.4076,tput=2.48] rank1[cuda1,share=0.3005,tput=3.95] rank2[cuda2,share=0.2919,tput=2.24]
epoch 108: eval=0.9121
epoch 109: loss=0.156997, train_acc=0.9445, time=9.6s
per-rank: rank0[cuda0,share=0.4067,tput=2.48] rank1[cuda1,share=0.3007,tput=2.21] rank2[cuda2,share=0.2926,tput=4.91]
epoch 109: eval=0.9062
epoch 110: loss=0.154333, train_acc=0.9469, time=9.6s
per-rank: rank0[cuda0,share=0.4053,tput=2.51] rank1[cuda1,share=0.3019,tput=4.87] rank2[cuda2,share=0.2928,tput=2.22]
epoch 110: eval=0.9123
epoch 111: loss=0.152316, train_acc=0.9472, time=9.7s
per-rank: rank0[cuda0,share=0.4049,tput=3.20] rank1[cuda1,share=0.3026,tput=2.23] rank2[cuda2,share=0.2925,tput=3.20]
epoch 111: eval=0.9119
epoch 112: loss=0.148602, train_acc=0.9475, time=10.2s
per-rank: rank0[cuda0,share=0.4046,tput=1.95] rank1[cuda1,share=0.3031,tput=2.26] rank2[cuda2,share=0.2923,tput=5.28]
epoch 112: eval=0.9086
epoch 113: loss=0.145305, train_acc=0.9496, time=12.4s
per-rank: rank0[cuda0,share=0.4032,tput=1.96] rank1[cuda1,share=0.3038,tput=5.07] rank2[cuda2,share=0.2930,tput=3.06]
epoch 113: eval=0.9099
epoch 114: loss=0.145641, train_acc=0.9495, time=11.5s
per-rank: rank0[cuda0,share=0.4011,tput=2.04] rank1[cuda1,share=0.3057,tput=3.37] rank2[cuda2,share=0.2932,tput=2.49]
epoch 114: eval=0.9128
epoch 115: loss=0.143066, train_acc=0.9507, time=9.7s
per-rank: rank0[cuda0,share=0.4017,tput=2.95] rank1[cuda1,share=0.3062,tput=3.28] rank2[cuda2,share=0.2921,tput=2.46]
epoch 115: eval=0.9126
epoch 116: loss=0.140439, train_acc=0.9512, time=12.8s
per-rank: rank0[cuda0,share=0.4002,tput=1.92] rank1[cuda1,share=0.3077,tput=3.20] rank2[cuda2,share=0.2921,tput=5.23]
epoch 116: eval=0.9183
epoch 117: loss=0.139249, train_acc=0.9520, time=11.4s
per-rank: rank0[cuda0,share=0.4002,tput=2.18] rank1[cuda1,share=0.3077,tput=3.58] rank2[cuda2,share=0.2921,tput=2.54]
epoch 117: eval=0.9101
epoch 118: loss=0.135484, train_acc=0.9527, time=11.3s
per-rank: rank0[cuda0,share=0.3987,tput=2.06] rank1[cuda1,share=0.3093,tput=4.69] rank2[cuda2,share=0.2921,tput=2.95]
epoch 118: eval=0.9060
epoch 119: loss=0.136704, train_acc=0.9515, time=10.6s
per-rank: rank0[cuda0,share=0.3978,tput=2.60] rank1[cuda1,share=0.3097,tput=2.38] rank2[cuda2,share=0.2925,tput=3.51]
epoch 119: eval=0.9106
epoch 120: loss=0.132873, train_acc=0.9532, time=10.0s
per-rank: rank0[cuda0,share=0.3969,tput=3.13] rank1[cuda1,share=0.3102,tput=3.31] rank2[cuda2,share=0.2929,tput=1.99]
epoch 120: eval=0.9097
epoch 121: loss=0.131533, train_acc=0.9538, time=9.7s
per-rank: rank0[cuda0,share=0.3985,tput=2.57] rank1[cuda1,share=0.3086,tput=2.20] rank2[cuda2,share=0.2929,tput=4.39]
epoch 121: eval=0.9109
epoch 122: loss=0.126294, train_acc=0.9556, time=9.7s
per-rank: rank0[cuda0,share=0.3989,tput=3.42] rank1[cuda1,share=0.3076,tput=3.47] rank2[cuda2,share=0.2935,tput=2.02]
epoch 122: eval=0.9046
epoch 123: loss=0.129079, train_acc=0.9551, time=9.7s
per-rank: rank0[cuda0,share=0.3999,tput=3.05] rank1[cuda1,share=0.3071,tput=4.78] rank2[cuda2,share=0.2930,tput=2.05]
epoch 123: eval=0.9129
epoch 124: loss=0.132588, train_acc=0.9530, time=12.1s
per-rank: rank0[cuda0,share=0.4010,tput=2.11] rank1[cuda1,share=0.3065,tput=3.68] rank2[cuda2,share=0.2925,tput=4.61]
epoch 124: eval=0.9111
epoch 125: loss=0.127254, train_acc=0.9554, time=11.3s
per-rank: rank0[cuda0,share=0.4010,tput=2.04] rank1[cuda1,share=0.3065,tput=3.35] rank2[cuda2,share=0.2925,tput=2.71]
epoch 125: eval=0.9075
epoch 126: loss=0.129094, train_acc=0.9551, time=9.8s
per-rank: rank0[cuda0,share=0.4020,tput=3.27] rank1[cuda1,share=0.3060,tput=2.29] rank2[cuda2,share=0.2920,tput=3.58]
epoch 126: eval=0.9069
epoch 127: loss=0.123609, train_acc=0.9557, time=12.1s
per-rank: rank0[cuda0,share=0.4031,tput=2.08] rank1[cuda1,share=0.3055,tput=4.59] rank2[cuda2,share=0.2915,tput=3.38]
epoch 127: eval=0.9058
epoch 128: loss=0.124121, train_acc=0.9569, time=11.2s
per-rank: rank0[cuda0,share=0.4062,tput=2.18] rank1[cuda1,share=0.3039,tput=2.79] rank2[cuda2,share=0.2899,tput=3.16]
epoch 128: eval=0.9079
epoch 129: loss=0.126254, train_acc=0.9551, time=12.5s
per-rank: rank0[cuda0,share=0.4093,tput=2.00] rank1[cuda1,share=0.3023,tput=4.75] rank2[cuda2,share=0.2884,tput=3.43]
epoch 129: eval=0.9066
epoch 130: loss=0.126159, train_acc=0.9563, time=11.3s
per-rank: rank0[cuda0,share=0.4103,tput=2.00] rank1[cuda1,share=0.3026,tput=2.84] rank2[cuda2,share=0.2872,tput=3.53]
epoch 130: eval=0.9184
epoch 131: loss=0.121600, train_acc=0.9570, time=10.0s
per-rank: rank0[cuda0,share=0.4103,tput=2.48] rank1[cuda1,share=0.3026,tput=3.53] rank2[cuda2,share=0.2872,tput=2.43]
epoch 131: eval=0.9066
epoch 132: loss=0.123169, train_acc=0.9569, time=10.1s
per-rank: rank0[cuda0,share=0.4112,tput=2.49] rank1[cuda1,share=0.3028,tput=3.46] rank2[cuda2,share=0.2860,tput=2.27]
epoch 132: eval=0.9058
epoch 133: loss=0.123938, train_acc=0.9562, time=9.8s
per-rank: rank0[cuda0,share=0.4104,tput=3.09] rank1[cuda1,share=0.3040,tput=2.18] rank2[cuda2,share=0.2856,tput=4.58]
epoch 133: eval=0.9078
epoch 134: loss=0.117629, train_acc=0.9590, time=9.7s
per-rank: rank0[cuda0,share=0.4096,tput=2.33] rank1[cuda1,share=0.3052,tput=2.58] rank2[cuda2,share=0.2852,tput=4.47]
epoch 134: eval=0.9133
epoch 135: loss=0.118934, train_acc=0.9590, time=9.9s
per-rank: rank0[cuda0,share=0.4081,tput=2.14] rank1[cuda1,share=0.3059,tput=4.78] rank2[cuda2,share=0.2859,tput=2.27]
epoch 135: eval=0.9080
epoch 136: loss=0.122206, train_acc=0.9565, time=11.8s
per-rank: rank0[cuda0,share=0.4067,tput=2.03] rank1[cuda1,share=0.3067,tput=4.17] rank2[cuda2,share=0.2866,tput=3.45]
epoch 136: eval=0.9078
epoch 137: loss=0.121170, train_acc=0.9570, time=10.9s
per-rank: rank0[cuda0,share=0.4053,tput=2.31] rank1[cuda1,share=0.3074,tput=2.78] rank2[cuda2,share=0.2873,tput=3.13]
epoch 137: eval=0.9149
epoch 138: loss=0.120268, train_acc=0.9567, time=9.8s
per-rank: rank0[cuda0,share=0.4053,tput=1.84] rank1[cuda1,share=0.3074,tput=2.51] rank2[cuda2,share=0.2873,tput=5.65]
epoch 138: eval=0.9056
epoch 139: loss=0.120246, train_acc=0.9566, time=12.1s
per-rank: rank0[cuda0,share=0.4023,tput=2.03] rank1[cuda1,share=0.3089,tput=4.90] rank2[cuda2,share=0.2887,tput=2.95]
epoch 139: eval=0.9192
epoch 140: loss=0.120657, train_acc=0.9578, time=10.8s
per-rank: rank0[cuda0,share=0.4023,tput=1.97] rank1[cuda1,share=0.3089,tput=2.93] rank2[cuda2,share=0.2887,tput=3.50]
epoch 140: eval=0.9050
epoch 141: loss=0.124625, train_acc=0.9553, time=12.4s
per-rank: rank0[cuda0,share=0.4009,tput=1.92] rank1[cuda1,share=0.3097,tput=3.59] rank2[cuda2,share=0.2894,tput=4.40]
epoch 141: eval=0.8981
epoch 142: loss=0.119430, train_acc=0.9570, time=11.1s
per-rank: rank0[cuda0,share=0.4009,tput=1.96] rank1[cuda1,share=0.3097,tput=2.66] rank2[cuda2,share=0.2894,tput=3.79]
epoch 142: eval=0.9049
epoch 143: loss=0.126353, train_acc=0.9561, time=9.8s
per-rank: rank0[cuda0,share=0.3995,tput=2.07] rank1[cuda1,share=0.3104,tput=2.45] rank2[cuda2,share=0.2901,tput=5.64]
epoch 143: eval=0.9160
epoch 144: loss=0.116010, train_acc=0.9586, time=11.2s
per-rank: rank0[cuda0,share=0.3981,tput=2.07] rank1[cuda1,share=0.3111,tput=2.98] rank2[cuda2,share=0.2908,tput=5.06]
epoch 144: eval=0.9016
epoch 145: loss=0.119216, train_acc=0.9580, time=10.7s
per-rank: rank0[cuda0,share=0.3967,tput=3.25] rank1[cuda1,share=0.3119,tput=2.23] rank2[cuda2,share=0.2915,tput=3.14]
epoch 145: eval=0.9101
epoch 146: loss=0.116835, train_acc=0.9588, time=12.1s
per-rank: rank0[cuda0,share=0.3968,tput=1.91] rank1[cuda1,share=0.3118,tput=3.05] rank2[cuda2,share=0.2914,tput=4.79]
epoch 146: eval=0.9102
epoch 147: loss=0.120327, train_acc=0.9574, time=10.8s
per-rank: rank0[cuda0,share=0.3968,tput=2.30] rank1[cuda1,share=0.3118,tput=2.24] rank2[cuda2,share=0.2914,tput=3.88]
epoch 147: eval=0.8954
epoch 148: loss=0.119171, train_acc=0.9582, time=9.8s
per-rank: rank0[cuda0,share=0.3975,tput=3.41] rank1[cuda1,share=0.3106,tput=2.63] rank2[cuda2,share=0.2919,tput=2.35]
epoch 148: eval=0.9032
epoch 149: loss=0.116413, train_acc=0.9593, time=9.9s
per-rank: rank0[cuda0,share=0.3983,tput=3.10] rank1[cuda1,share=0.3093,tput=2.97] rank2[cuda2,share=0.2924,tput=2.24]
epoch 149: eval=0.8968
epoch 150: loss=0.096380, train_acc=0.9677, time=10.1s
per-rank: rank0[cuda0,share=0.3991,tput=1.80] rank1[cuda1,share=0.3081,tput=6.08] rank2[cuda2,share=0.2928,tput=2.27]
epoch 150: eval=0.9239
epoch 151: loss=0.068842, train_acc=0.9780, time=9.9s
per-rank: rank0[cuda0,share=0.3999,tput=3.12] rank1[cuda1,share=0.3068,tput=2.46] rank2[cuda2,share=0.2933,tput=2.96]
epoch 151: eval=0.9243
epoch 152: loss=0.067625, train_acc=0.9782, time=9.7s
per-rank: rank0[cuda0,share=0.4007,tput=4.49] rank1[cuda1,share=0.3055,tput=2.41] rank2[cuda2,share=0.2938,tput=3.93]
epoch 152: eval=0.9256
epoch 153: loss=0.065089, train_acc=0.9796, time=9.8s
per-rank: rank0[cuda0,share=0.4015,tput=3.19] rank1[cuda1,share=0.3043,tput=2.27] rank2[cuda2,share=0.2942,tput=3.08]
epoch 153: eval=0.9248
epoch 154: loss=0.063909, train_acc=0.9796, time=11.9s
per-rank: rank0[cuda0,share=0.4037,tput=2.07] rank1[cuda1,share=0.3023,tput=3.09] rank2[cuda2,share=0.2940,tput=4.95]
epoch 154: eval=0.9232
epoch 155: loss=0.060333, train_acc=0.9809, time=11.2s
per-rank: rank0[cuda0,share=0.4059,tput=2.51] rank1[cuda1,share=0.3003,tput=2.35] rank2[cuda2,share=0.2938,tput=3.41]
epoch 155: eval=0.9250
epoch 156: loss=0.060961, train_acc=0.9803, time=9.6s
per-rank: rank0[cuda0,share=0.4059,tput=3.59] rank1[cuda1,share=0.3003,tput=3.62] rank2[cuda2,share=0.2938,tput=1.83]
epoch 156: eval=0.9227
epoch 157: loss=0.057106, train_acc=0.9825, time=9.7s
per-rank: rank0[cuda0,share=0.4081,tput=2.94] rank1[cuda1,share=0.2983,tput=3.29] rank2[cuda2,share=0.2936,tput=2.28]
epoch 157: eval=0.9246
epoch 158: loss=0.058125, train_acc=0.9815, time=10.2s
per-rank: rank0[cuda0,share=0.4100,tput=1.89] rank1[cuda1,share=0.2964,tput=2.54] rank2[cuda2,share=0.2935,tput=5.99]
epoch 158: eval=0.9223
epoch 159: loss=0.058699, train_acc=0.9806, time=10.9s
per-rank: rank0[cuda0,share=0.4112,tput=2.85] rank1[cuda1,share=0.2958,tput=2.95] rank2[cuda2,share=0.2929,tput=2.04]
epoch 159: eval=0.9243
epoch 160: loss=0.057149, train_acc=0.9817, time=9.9s
per-rank: rank0[cuda0,share=0.4125,tput=2.73] rank1[cuda1,share=0.2952,tput=3.54] rank2[cuda2,share=0.2923,tput=2.24]
epoch 160: eval=0.9250
epoch 161: loss=0.055909, train_acc=0.9822, time=9.8s
per-rank: rank0[cuda0,share=0.4129,tput=2.73] rank1[cuda1,share=0.2960,tput=2.51] rank2[cuda2,share=0.2912,tput=4.20]
epoch 161: eval=0.9246
epoch 162: loss=0.057134, train_acc=0.9817, time=9.8s
per-rank: rank0[cuda0,share=0.4129,tput=2.80] rank1[cuda1,share=0.2960,tput=2.36] rank2[cuda2,share=0.2912,tput=3.34]
epoch 162: eval=0.9217
epoch 163: loss=0.054181, train_acc=0.9829, time=9.9s
per-rank: rank0[cuda0,share=0.4119,tput=3.40] rank1[cuda1,share=0.2974,tput=2.90] rank2[cuda2,share=0.2907,tput=2.30]
epoch 163: eval=0.9234
epoch 164: loss=0.054938, train_acc=0.9822, time=11.6s
per-rank: rank0[cuda0,share=0.4110,tput=2.10] rank1[cuda1,share=0.2988,tput=4.58] rank2[cuda2,share=0.2902,tput=3.19]
epoch 164: eval=0.9228
epoch 165: loss=0.053212, train_acc=0.9832, time=10.7s
per-rank: rank0[cuda0,share=0.4115,tput=2.72] rank1[cuda1,share=0.2995,tput=3.66] rank2[cuda2,share=0.2891,tput=2.08]
epoch 165: eval=0.9221
epoch 166: loss=0.052523, train_acc=0.9837, time=9.9s
per-rank: rank0[cuda0,share=0.4120,tput=2.08] rank1[cuda1,share=0.3001,tput=2.07] rank2[cuda2,share=0.2879,tput=6.02]
epoch 166: eval=0.9236
epoch 167: loss=0.052756, train_acc=0.9833, time=9.7s
per-rank: rank0[cuda0,share=0.4125,tput=2.83] rank1[cuda1,share=0.3008,tput=2.41] rank2[cuda2,share=0.2867,tput=3.35]
epoch 167: eval=0.9224
epoch 168: loss=0.053423, train_acc=0.9829, time=12.4s
per-rank: rank0[cuda0,share=0.4130,tput=1.98] rank1[cuda1,share=0.3014,tput=3.58] rank2[cuda2,share=0.2856,tput=4.67]
epoch 168: eval=0.9243
epoch 169: loss=0.049599, train_acc=0.9845, time=11.1s
per-rank: rank0[cuda0,share=0.4130,tput=2.18] rank1[cuda1,share=0.3014,tput=2.71] rank2[cuda2,share=0.2856,tput=3.57]
epoch 169: eval=0.9232
epoch 170: loss=0.051779, train_acc=0.9836, time=9.8s
per-rank: rank0[cuda0,share=0.4123,tput=1.99] rank1[cuda1,share=0.3027,tput=5.53] rank2[cuda2,share=0.2850,tput=2.38]
epoch 170: eval=0.9239
epoch 171: loss=0.050839, train_acc=0.9840, time=9.6s
per-rank: rank0[cuda0,share=0.4102,tput=3.25] rank1[cuda1,share=0.3047,tput=2.99] rank2[cuda2,share=0.2851,tput=2.31]
epoch 171: eval=0.9241
epoch 172: loss=0.049519, train_acc=0.9848, time=9.8s
per-rank: rank0[cuda0,share=0.4081,tput=2.92] rank1[cuda1,share=0.3067,tput=2.39] rank2[cuda2,share=0.2853,tput=3.17]
epoch 172: eval=0.9227
epoch 173: loss=0.049107, train_acc=0.9846, time=9.9s
per-rank: rank0[cuda0,share=0.4067,tput=1.90] rank1[cuda1,share=0.3074,tput=5.89] rank2[cuda2,share=0.2859,tput=2.15]
epoch 173: eval=0.9244
epoch 174: loss=0.049455, train_acc=0.9844, time=9.8s
per-rank: rank0[cuda0,share=0.4067,tput=2.40] rank1[cuda1,share=0.3074,tput=4.89] rank2[cuda2,share=0.2859,tput=2.25]
epoch 174: eval=0.9235
epoch 175: loss=0.048447, train_acc=0.9857, time=11.5s
per-rank: rank0[cuda0,share=0.4075,tput=2.07] rank1[cuda1,share=0.3061,tput=3.89] rank2[cuda2,share=0.2865,tput=3.36]
epoch 175: eval=0.9226
epoch 176: loss=0.047620, train_acc=0.9849, time=10.6s
per-rank: rank0[cuda0,share=0.4068,tput=2.46] rank1[cuda1,share=0.3055,tput=3.41] rank2[cuda2,share=0.2877,tput=2.63]
epoch 176: eval=0.9250
epoch 177: loss=0.046521, train_acc=0.9858, time=9.8s
per-rank: rank0[cuda0,share=0.4068,tput=2.92] rank1[cuda1,share=0.3055,tput=2.25] rank2[cuda2,share=0.2877,tput=3.35]
epoch 177: eval=0.9236
epoch 178: loss=0.048590, train_acc=0.9843, time=9.8s
per-rank: rank0[cuda0,share=0.4061,tput=2.95] rank1[cuda1,share=0.3050,tput=3.42] rank2[cuda2,share=0.2889,tput=2.13]
epoch 178: eval=0.9233
epoch 179: loss=0.047235, train_acc=0.9853, time=9.7s
per-rank: rank0[cuda0,share=0.4054,tput=2.00] rank1[cuda1,share=0.3044,tput=2.34] rank2[cuda2,share=0.2902,tput=5.43]
epoch 179: eval=0.9231
epoch 180: loss=0.048133, train_acc=0.9851, time=9.8s
per-rank: rank0[cuda0,share=0.4047,tput=3.34] rank1[cuda1,share=0.3038,tput=2.28] rank2[cuda2,share=0.2915,tput=4.69]
epoch 180: eval=0.9245
epoch 181: loss=0.046944, train_acc=0.9853, time=13.0s
per-rank: rank0[cuda0,share=0.4023,tput=1.85] rank1[cuda1,share=0.3041,tput=3.29] rank2[cuda2,share=0.2936,tput=4.87]
epoch 181: eval=0.9216
epoch 182: loss=0.046489, train_acc=0.9855, time=11.4s
per-rank: rank0[cuda0,share=0.4014,tput=2.00] rank1[cuda1,share=0.3036,tput=3.82] rank2[cuda2,share=0.2949,tput=2.57]
epoch 182: eval=0.9239
epoch 183: loss=0.045082, train_acc=0.9863, time=12.0s
per-rank: rank0[cuda0,share=0.4005,tput=1.96] rank1[cuda1,share=0.3032,tput=5.38] rank2[cuda2,share=0.2963,tput=2.83]
epoch 183: eval=0.9221
epoch 184: loss=0.045093, train_acc=0.9855, time=10.9s
per-rank: rank0[cuda0,share=0.3996,tput=2.31] rank1[cuda1,share=0.3027,tput=2.68] rank2[cuda2,share=0.2978,tput=3.33]
epoch 184: eval=0.9227
epoch 185: loss=0.045032, train_acc=0.9858, time=12.0s
per-rank: rank0[cuda0,share=0.3987,tput=1.99] rank1[cuda1,share=0.3022,tput=3.23] rank2[cuda2,share=0.2992,tput=4.60]
epoch 185: eval=0.9229
epoch 186: loss=0.045990, train_acc=0.9857, time=11.1s
per-rank: rank0[cuda0,share=0.3982,tput=2.52] rank1[cuda1,share=0.3024,tput=3.45] rank2[cuda2,share=0.2994,tput=2.30]
epoch 186: eval=0.9236
epoch 187: loss=0.045298, train_acc=0.9856, time=9.8s
per-rank: rank0[cuda0,share=0.3982,tput=3.23] rank1[cuda1,share=0.3024,tput=2.42] rank2[cuda2,share=0.2994,tput=2.88]
epoch 187: eval=0.9228
epoch 188: loss=0.044300, train_acc=0.9859, time=9.8s
per-rank: rank0[cuda0,share=0.3971,tput=2.13] rank1[cuda1,share=0.3038,tput=5.10] rank2[cuda2,share=0.2991,tput=2.37]
epoch 188: eval=0.9232
epoch 189: loss=0.044319, train_acc=0.9858, time=12.5s
per-rank: rank0[cuda0,share=0.3960,tput=1.91] rank1[cuda1,share=0.3051,tput=2.96] rank2[cuda2,share=0.2989,tput=5.13]
epoch 189: eval=0.9229
epoch 190: loss=0.043493, train_acc=0.9862, time=11.3s
per-rank: rank0[cuda0,share=0.3955,tput=1.79] rank1[cuda1,share=0.3054,tput=2.67] rank2[cuda2,share=0.2991,tput=3.95]
epoch 190: eval=0.9217
epoch 191: loss=0.040776, train_acc=0.9884, time=9.8s
per-rank: rank0[cuda0,share=0.3951,tput=3.48] rank1[cuda1,share=0.3056,tput=2.35] rank2[cuda2,share=0.2993,tput=2.88]
epoch 191: eval=0.9224
epoch 192: loss=0.042274, train_acc=0.9874, time=9.8s
per-rank: rank0[cuda0,share=0.3964,tput=2.39] rank1[cuda1,share=0.3050,tput=5.30] rank2[cuda2,share=0.2987,tput=2.18]
epoch 192: eval=0.9227
epoch 193: loss=0.044096, train_acc=0.9856, time=12.5s
per-rank: rank0[cuda0,share=0.3976,tput=1.92] rank1[cuda1,share=0.3043,tput=3.11] rank2[cuda2,share=0.2981,tput=5.05]
epoch 193: eval=0.9202
epoch 194: loss=0.043143, train_acc=0.9866, time=11.4s
per-rank: rank0[cuda0,share=0.3989,tput=2.31] rank1[cuda1,share=0.3037,tput=2.34] rank2[cuda2,share=0.2974,tput=3.83]
epoch 194: eval=0.9234
epoch 195: loss=0.042640, train_acc=0.9869, time=9.9s
per-rank: rank0[cuda0,share=0.3989,tput=2.61] rank1[cuda1,share=0.3037,tput=2.53] rank2[cuda2,share=0.2974,tput=3.29]
epoch 195: eval=0.9225
epoch 196: loss=0.042979, train_acc=0.9866, time=10.0s
per-rank: rank0[cuda0,share=0.4001,tput=2.76] rank1[cuda1,share=0.3031,tput=2.35] rank2[cuda2,share=0.2968,tput=3.45]
epoch 196: eval=0.9228
epoch 197: loss=0.045288, train_acc=0.9856, time=9.9s
per-rank: rank0[cuda0,share=0.4014,tput=3.10] rank1[cuda1,share=0.3024,tput=2.48] rank2[cuda2,share=0.2962,tput=2.84]
epoch 197: eval=0.9229
epoch 198: loss=0.041566, train_acc=0.9864, time=9.9s
per-rank: rank0[cuda0,share=0.3997,tput=2.13] rank1[cuda1,share=0.3033,tput=2.59] rank2[cuda2,share=0.2970,tput=4.79]
epoch 198: eval=0.9242
epoch 199: loss=0.041729, train_acc=0.9869, time=9.8s
per-rank: rank0[cuda0,share=0.3986,tput=3.16] rank1[cuda1,share=0.3030,tput=2.48] rank2[cuda2,share=0.2984,tput=2.82]
final eval=0.9221
# total: 1957.9s (32m 38s)
