# gpu0: NVIDIA GeForce RTX 5060 Ti (15GB, sm_120)
# gpu1: NVIDIA GeForce GTX 1060 6GB (5GB, sm_61)
# gpu2: NVIDIA GeForce GTX 1060 6GB (5GB, sm_61)
epoch 0: loss=2.040663, train_acc=0.2263, time=9.0s
per-rank: rank2[cuda2,share=0.3440,tput=3.91] rank1[cuda1,share=0.3437,tput=5.06] rank0[cuda0,share=0.3123,tput=2.96]
epoch 0: eval=0.2884
epoch 1: loss=1.803098, train_acc=0.3164, time=8.6s
per-rank: rank2[cuda2,share=0.3440,tput=3.26] rank1[cuda1,share=0.3437,tput=2.33] rank0[cuda0,share=0.3123,tput=5.18]
epoch 1: eval=0.3660
epoch 2: loss=1.654538, train_acc=0.3851, time=8.7s
per-rank: rank2[cuda2,share=0.3440,tput=3.47] rank1[cuda1,share=0.3437,tput=4.88] rank0[cuda0,share=0.3123,tput=2.24]
epoch 2: eval=0.4203
epoch 3: loss=1.521297, train_acc=0.4385, time=8.6s
per-rank: rank2[cuda2,share=0.3440,tput=3.60] rank1[cuda1,share=0.3437,tput=2.55] rank0[cuda0,share=0.3123,tput=4.41]
epoch 3: eval=0.4531
epoch 4: loss=1.389973, train_acc=0.4954, time=9.0s
per-rank: rank2[cuda2,share=0.3440,tput=3.16] rank1[cuda1,share=0.3437,tput=5.19] rank0[cuda0,share=0.3123,tput=2.13]
epoch 4: eval=0.4887
epoch 5: loss=1.265963, train_acc=0.5445, time=8.7s
per-rank: rank2[cuda2,share=0.3440,tput=2.26] rank1[cuda1,share=0.3437,tput=3.69] rank0[cuda0,share=0.3123,tput=5.31]
epoch 5: eval=0.5097
epoch 6: loss=1.170205, train_acc=0.5824, time=8.8s
per-rank: rank2[cuda2,share=0.3440,tput=2.24] rank1[cuda1,share=0.3437,tput=4.42] rank0[cuda0,share=0.3123,tput=3.53]
epoch 6: eval=0.5118
epoch 7: loss=1.086350, train_acc=0.6122, time=9.3s
per-rank: rank2[cuda2,share=0.3440,tput=2.03] rank1[cuda1,share=0.3437,tput=3.30] rank0[cuda0,share=0.3123,tput=5.93]
epoch 7: eval=0.5722
epoch 8: loss=1.027365, train_acc=0.6364, time=8.8s
per-rank: rank2[cuda2,share=0.3440,tput=4.17] rank1[cuda1,share=0.3437,tput=3.48] rank0[cuda0,share=0.3123,tput=2.42]
epoch 8: eval=0.6247
epoch 9: loss=0.967138, train_acc=0.6589, time=8.8s
per-rank: rank2[cuda2,share=0.3440,tput=3.11] rank1[cuda1,share=0.3437,tput=2.12] rank0[cuda0,share=0.3123,tput=6.22]
epoch 9: eval=0.5315
epoch 10: loss=0.916708, train_acc=0.6775, time=8.7s
per-rank: rank2[cuda2,share=0.3440,tput=2.18] rank1[cuda1,share=0.3437,tput=4.53] rank0[cuda0,share=0.3123,tput=3.84]
epoch 10: eval=0.5812
epoch 11: loss=0.870089, train_acc=0.6961, time=8.5s
per-rank: rank2[cuda2,share=0.3440,tput=2.56] rank1[cuda1,share=0.3437,tput=2.44] rank0[cuda0,share=0.3123,tput=6.34]
epoch 11: eval=0.6541
epoch 12: loss=0.841270, train_acc=0.7050, time=8.5s
per-rank: rank2[cuda2,share=0.3440,tput=3.49] rank1[cuda1,share=0.3437,tput=4.58] rank0[cuda0,share=0.3123,tput=2.58]
epoch 12: eval=0.6601
epoch 13: loss=0.810560, train_acc=0.7199, time=8.4s
per-rank: rank2[cuda2,share=0.3440,tput=3.80] rank1[cuda1,share=0.3437,tput=2.49] rank0[cuda0,share=0.3123,tput=3.93]
epoch 13: eval=0.6938
epoch 14: loss=0.791916, train_acc=0.7232, time=8.5s
per-rank: rank2[cuda2,share=0.3440,tput=3.52] rank1[cuda1,share=0.3437,tput=4.80] rank0[cuda0,share=0.3123,tput=2.84]
epoch 14: eval=0.6995
epoch 15: loss=0.769499, train_acc=0.7335, time=8.5s
per-rank: rank2[cuda2,share=0.3440,tput=4.87] rank1[cuda1,share=0.3437,tput=4.16] rank0[cuda0,share=0.3123,tput=2.55]
epoch 15: eval=0.7296
epoch 16: loss=0.740930, train_acc=0.7433, time=9.0s
per-rank: rank2[cuda2,share=0.3440,tput=2.07] rank1[cuda1,share=0.3437,tput=4.56] rank0[cuda0,share=0.3123,tput=3.79]
epoch 16: eval=0.7215
epoch 17: loss=0.735665, train_acc=0.7454, time=9.0s
per-rank: rank2[cuda2,share=0.3440,tput=3.69] rank1[cuda1,share=0.3437,tput=4.06] rank0[cuda0,share=0.3123,tput=2.50]
epoch 17: eval=0.7305
epoch 18: loss=0.709792, train_acc=0.7539, time=8.6s
per-rank: rank2[cuda2,share=0.3440,tput=4.10] rank1[cuda1,share=0.3437,tput=2.38] rank0[cuda0,share=0.3123,tput=4.64]
epoch 18: eval=0.7266
epoch 19: loss=0.702278, train_acc=0.7583, time=8.7s
per-rank: rank2[cuda2,share=0.3440,tput=2.30] rank1[cuda1,share=0.3437,tput=3.64] rank0[cuda0,share=0.3123,tput=4.14]
epoch 19: eval=0.7132
epoch 20: loss=0.680886, train_acc=0.7657, time=8.6s
per-rank: rank2[cuda2,share=0.3440,tput=3.54] rank1[cuda1,share=0.3437,tput=6.06] rank0[cuda0,share=0.3123,tput=2.34]
epoch 20: eval=0.7573
epoch 21: loss=0.685430, train_acc=0.7637, time=8.7s
per-rank: rank2[cuda2,share=0.3440,tput=4.14] rank1[cuda1,share=0.3437,tput=4.92] rank0[cuda0,share=0.3123,tput=2.61]
epoch 21: eval=0.6985
epoch 22: loss=0.662456, train_acc=0.7715, time=9.0s
per-rank: rank2[cuda2,share=0.3440,tput=2.10] rank1[cuda1,share=0.3437,tput=5.05] rank0[cuda0,share=0.3123,tput=3.54]
epoch 22: eval=0.7073
epoch 23: loss=0.660519, train_acc=0.7707, time=8.7s
per-rank: rank2[cuda2,share=0.3440,tput=4.44] rank1[cuda1,share=0.3437,tput=3.56] rank0[cuda0,share=0.3123,tput=2.42]
epoch 23: eval=0.7184
epoch 24: loss=0.658466, train_acc=0.7708, time=8.6s
per-rank: rank2[cuda2,share=0.3440,tput=4.59] rank1[cuda1,share=0.3437,tput=2.16] rank0[cuda0,share=0.3123,tput=3.71]
epoch 24: eval=0.7086
epoch 25: loss=0.645362, train_acc=0.7781, time=9.0s
per-rank: rank2[cuda2,share=0.3440,tput=4.25] rank1[cuda1,share=0.3437,tput=4.22] rank0[cuda0,share=0.3123,tput=2.11]
epoch 25: eval=0.6853
epoch 26: loss=0.643752, train_acc=0.7786, time=9.3s
per-rank: rank2[cuda2,share=0.3440,tput=2.46] rank1[cuda1,share=0.3437,tput=3.80] rank0[cuda0,share=0.3123,tput=3.57]
epoch 26: eval=0.7553
epoch 27: loss=0.626842, train_acc=0.7849, time=9.1s
per-rank: rank2[cuda2,share=0.3440,tput=5.02] rank1[cuda1,share=0.3437,tput=4.21] rank0[cuda0,share=0.3123,tput=2.31]
epoch 27: eval=0.7912
epoch 28: loss=0.619790, train_acc=0.7871, time=8.6s
per-rank: rank2[cuda2,share=0.3440,tput=3.26] rank1[cuda1,share=0.3437,tput=2.16] rank0[cuda0,share=0.3123,tput=5.59]
epoch 28: eval=0.7359
epoch 29: loss=0.622218, train_acc=0.7871, time=8.9s
per-rank: rank2[cuda2,share=0.3440,tput=2.23] rank1[cuda1,share=0.3437,tput=5.13] rank0[cuda0,share=0.3123,tput=2.92]
epoch 29: eval=0.7452
epoch 30: loss=0.616657, train_acc=0.7860, time=8.7s
per-rank: rank2[cuda2,share=0.3440,tput=2.14] rank1[cuda1,share=0.3437,tput=4.10] rank0[cuda0,share=0.3123,tput=4.17]
epoch 30: eval=0.7771
epoch 31: loss=0.607943, train_acc=0.7903, time=8.6s
per-rank: rank2[cuda2,share=0.3440,tput=4.89] rank1[cuda1,share=0.3437,tput=2.23] rank0[cuda0,share=0.3123,tput=3.44]
epoch 31: eval=0.7704
epoch 32: loss=0.606564, train_acc=0.7913, time=8.6s
per-rank: rank2[cuda2,share=0.3440,tput=2.28] rank1[cuda1,share=0.3437,tput=4.82] rank0[cuda0,share=0.3123,tput=3.30]
epoch 32: eval=0.7358
epoch 33: loss=0.604058, train_acc=0.7915, time=8.9s
per-rank: rank2[cuda2,share=0.3440,tput=2.11] rank1[cuda1,share=0.3437,tput=5.08] rank0[cuda0,share=0.3123,tput=3.39]
epoch 33: eval=0.7475
epoch 34: loss=0.598508, train_acc=0.7948, time=8.7s
per-rank: rank2[cuda2,share=0.3440,tput=3.96] rank1[cuda1,share=0.3437,tput=3.64] rank0[cuda0,share=0.3123,tput=2.49]
epoch 34: eval=0.7324
epoch 35: loss=0.591539, train_acc=0.7972, time=8.7s
per-rank: rank2[cuda2,share=0.3440,tput=3.35] rank1[cuda1,share=0.3437,tput=2.16] rank0[cuda0,share=0.3123,tput=5.19]
epoch 35: eval=0.7431
epoch 36: loss=0.589812, train_acc=0.7977, time=8.8s
per-rank: rank2[cuda2,share=0.3440,tput=2.98] rank1[cuda1,share=0.3437,tput=5.52] rank0[cuda0,share=0.3123,tput=2.19]
epoch 36: eval=0.7680
epoch 37: loss=0.590374, train_acc=0.7966, time=8.7s
per-rank: rank2[cuda2,share=0.3440,tput=2.28] rank1[cuda1,share=0.3437,tput=3.96] rank0[cuda0,share=0.3123,tput=4.57]
epoch 37: eval=0.7407
epoch 38: loss=0.584809, train_acc=0.8005, time=8.6s
per-rank: rank2[cuda2,share=0.3440,tput=3.37] rank1[cuda1,share=0.3437,tput=5.07] rank0[cuda0,share=0.3123,tput=2.22]
epoch 38: eval=0.7650
epoch 39: loss=0.575177, train_acc=0.8017, time=8.7s
per-rank: rank2[cuda2,share=0.3440,tput=3.03] rank1[cuda1,share=0.3437,tput=6.15] rank0[cuda0,share=0.3123,tput=2.37]
epoch 39: eval=0.6155
epoch 40: loss=0.577555, train_acc=0.8022, time=8.8s
per-rank: rank2[cuda2,share=0.3440,tput=5.24] rank1[cuda1,share=0.3437,tput=2.08] rank0[cuda0,share=0.3123,tput=3.56]
epoch 40: eval=0.7884
epoch 41: loss=0.577316, train_acc=0.8020, time=8.9s
per-rank: rank2[cuda2,share=0.3440,tput=2.40] rank1[cuda1,share=0.3437,tput=4.28] rank0[cuda0,share=0.3123,tput=3.58]
epoch 41: eval=0.7489
epoch 42: loss=0.580403, train_acc=0.8006, time=8.6s
per-rank: rank2[cuda2,share=0.3440,tput=4.54] rank1[cuda1,share=0.3437,tput=4.91] rank0[cuda0,share=0.3123,tput=2.29]
epoch 42: eval=0.7640
epoch 43: loss=0.566518, train_acc=0.8037, time=8.7s
per-rank: rank2[cuda2,share=0.3440,tput=2.15] rank1[cuda1,share=0.3437,tput=5.95] rank0[cuda0,share=0.3123,tput=2.99]
epoch 43: eval=0.7437
epoch 44: loss=0.568288, train_acc=0.8022, time=8.5s
per-rank: rank2[cuda2,share=0.3440,tput=4.80] rank1[cuda1,share=0.3437,tput=2.52] rank0[cuda0,share=0.3123,tput=3.02]
epoch 44: eval=0.7702
epoch 45: loss=0.566189, train_acc=0.8037, time=8.5s
per-rank: rank2[cuda2,share=0.3440,tput=4.58] rank1[cuda1,share=0.3437,tput=3.25] rank0[cuda0,share=0.3123,tput=2.46]
epoch 45: eval=0.7939
epoch 46: loss=0.564243, train_acc=0.8048, time=8.7s
per-rank: rank2[cuda2,share=0.3440,tput=3.50] rank1[cuda1,share=0.3437,tput=4.49] rank0[cuda0,share=0.3123,tput=2.27]
epoch 46: eval=0.7503
epoch 47: loss=0.556070, train_acc=0.8084, time=8.9s
per-rank: rank2[cuda2,share=0.3440,tput=2.07] rank1[cuda1,share=0.3437,tput=3.58] rank0[cuda0,share=0.3123,tput=4.89]
epoch 47: eval=0.7816
epoch 48: loss=0.561964, train_acc=0.8065, time=9.0s
per-rank: rank2[cuda2,share=0.3440,tput=4.28] rank1[cuda1,share=0.3437,tput=3.58] rank0[cuda0,share=0.3123,tput=2.15]
epoch 48: eval=0.6912
epoch 49: loss=0.563467, train_acc=0.8072, time=9.4s
per-rank: rank2[cuda2,share=0.3440,tput=2.00] rank1[cuda1,share=0.3437,tput=3.49] rank0[cuda0,share=0.3123,tput=5.63]
epoch 49: eval=0.7369
epoch 50: loss=0.560846, train_acc=0.8074, time=8.9s
per-rank: rank2[cuda2,share=0.3440,tput=3.37] rank1[cuda1,share=0.3437,tput=2.61] rank0[cuda0,share=0.3123,tput=3.89]
epoch 50: eval=0.7909
epoch 51: loss=0.555870, train_acc=0.8075, time=8.6s
per-rank: rank2[cuda2,share=0.3440,tput=2.19] rank1[cuda1,share=0.3437,tput=4.37] rank0[cuda0,share=0.3123,tput=4.00]
epoch 51: eval=0.7528
epoch 52: loss=0.559059, train_acc=0.8084, time=9.0s
per-rank: rank2[cuda2,share=0.3440,tput=4.50] rank1[cuda1,share=0.3437,tput=2.05] rank0[cuda0,share=0.3123,tput=4.12]
epoch 52: eval=0.7885
epoch 53: loss=0.547405, train_acc=0.8100, time=9.0s
per-rank: rank2[cuda2,share=0.3440,tput=2.29] rank1[cuda1,share=0.3437,tput=5.03] rank0[cuda0,share=0.3123,tput=2.90]
epoch 53: eval=0.7389
epoch 54: loss=0.555428, train_acc=0.8083, time=8.7s
per-rank: rank2[cuda2,share=0.3440,tput=2.31] rank1[cuda1,share=0.3437,tput=3.88] rank0[cuda0,share=0.3123,tput=3.91]
epoch 54: eval=0.7892
epoch 55: loss=0.548992, train_acc=0.8103, time=8.6s
per-rank: rank2[cuda2,share=0.3440,tput=4.39] rank1[cuda1,share=0.3437,tput=2.23] rank0[cuda0,share=0.3123,tput=3.92]
epoch 55: eval=0.7721
epoch 56: loss=0.547366, train_acc=0.8134, time=8.6s
per-rank: rank2[cuda2,share=0.3440,tput=2.64] rank1[cuda1,share=0.3437,tput=5.84] rank0[cuda0,share=0.3123,tput=2.38]
epoch 56: eval=0.8190
epoch 57: loss=0.545527, train_acc=0.8124, time=8.6s
per-rank: rank2[cuda2,share=0.3440,tput=3.36] rank1[cuda1,share=0.3437,tput=4.68] rank0[cuda0,share=0.3123,tput=2.37]
epoch 57: eval=0.7637
epoch 58: loss=0.537382, train_acc=0.8139, time=8.7s
per-rank: rank2[cuda2,share=0.3440,tput=4.41] rank1[cuda1,share=0.3437,tput=2.14] rank0[cuda0,share=0.3123,tput=3.86]
epoch 58: eval=0.7977
epoch 59: loss=0.548523, train_acc=0.8128, time=8.7s
per-rank: rank2[cuda2,share=0.3440,tput=2.15] rank1[cuda1,share=0.3437,tput=4.88] rank0[cuda0,share=0.3123,tput=3.48]
epoch 59: eval=0.7232
epoch 60: loss=0.537770, train_acc=0.8168, time=8.9s
per-rank: rank2[cuda2,share=0.3440,tput=4.46] rank1[cuda1,share=0.3437,tput=2.18] rank0[cuda0,share=0.3123,tput=3.52]
epoch 60: eval=0.7958
epoch 61: loss=0.541605, train_acc=0.8164, time=8.7s
per-rank: rank2[cuda2,share=0.3440,tput=4.88] rank1[cuda1,share=0.3437,tput=3.21] rank0[cuda0,share=0.3123,tput=2.27]
epoch 61: eval=0.7723
epoch 62: loss=0.539328, train_acc=0.8156, time=9.1s
per-rank: rank2[cuda2,share=0.3440,tput=5.03] rank1[cuda1,share=0.3437,tput=2.06] rank0[cuda0,share=0.3123,tput=3.89]
epoch 62: eval=0.7771
epoch 63: loss=0.537270, train_acc=0.8157, time=8.9s
per-rank: rank2[cuda2,share=0.3440,tput=5.29] rank1[cuda1,share=0.3437,tput=4.69] rank0[cuda0,share=0.3123,tput=2.49]
epoch 63: eval=0.7571
epoch 64: loss=0.542581, train_acc=0.8150, time=8.9s
per-rank: rank2[cuda2,share=0.3440,tput=3.35] rank1[cuda1,share=0.3437,tput=2.10] rank0[cuda0,share=0.3123,tput=5.17]
epoch 64: eval=0.7628
epoch 65: loss=0.530585, train_acc=0.8200, time=8.7s
per-rank: rank2[cuda2,share=0.3440,tput=4.69] rank1[cuda1,share=0.3437,tput=4.93] rank0[cuda0,share=0.3123,tput=2.57]
epoch 65: eval=0.7867
epoch 66: loss=0.538250, train_acc=0.8153, time=8.7s
per-rank: rank2[cuda2,share=0.3440,tput=4.87] rank1[cuda1,share=0.3437,tput=2.93] rank0[cuda0,share=0.3123,tput=2.45]
epoch 66: eval=0.7612
epoch 67: loss=0.540808, train_acc=0.8137, time=8.4s
per-rank: rank2[cuda2,share=0.3440,tput=2.24] rank1[cuda1,share=0.3437,tput=3.09] rank0[cuda0,share=0.3123,tput=6.10]
epoch 67: eval=0.7726
epoch 68: loss=0.530922, train_acc=0.8179, time=8.6s
per-rank: rank2[cuda2,share=0.3440,tput=4.42] rank1[cuda1,share=0.3437,tput=2.49] rank0[cuda0,share=0.3123,tput=3.39]
epoch 68: eval=0.7588
epoch 69: loss=0.527318, train_acc=0.8179, time=8.6s
per-rank: rank2[cuda2,share=0.3440,tput=4.22] rank1[cuda1,share=0.3437,tput=4.45] rank0[cuda0,share=0.3123,tput=2.32]
epoch 69: eval=0.7727
epoch 70: loss=0.534788, train_acc=0.8159, time=9.2s
per-rank: rank2[cuda2,share=0.3440,tput=2.01] rank1[cuda1,share=0.3437,tput=5.36] rank0[cuda0,share=0.3123,tput=3.34]
epoch 70: eval=0.7988
epoch 71: loss=0.530241, train_acc=0.8166, time=8.9s
per-rank: rank2[cuda2,share=0.3440,tput=3.92] rank1[cuda1,share=0.3437,tput=3.31] rank0[cuda0,share=0.3123,tput=2.67]
epoch 71: eval=0.7225
epoch 72: loss=0.522759, train_acc=0.8202, time=9.3s
per-rank: rank2[cuda2,share=0.3440,tput=5.22] rank1[cuda1,share=0.3437,tput=5.39] rank0[cuda0,share=0.3123,tput=2.05]
epoch 72: eval=0.8025
epoch 73: loss=0.519870, train_acc=0.8224, time=9.0s
per-rank: rank2[cuda2,share=0.3440,tput=2.18] rank1[cuda1,share=0.3437,tput=3.58] rank0[cuda0,share=0.3123,tput=4.83]
epoch 73: eval=0.7938
epoch 74: loss=0.524062, train_acc=0.8191, time=8.7s
per-rank: rank2[cuda2,share=0.3440,tput=4.32] rank1[cuda1,share=0.3437,tput=3.80] rank0[cuda0,share=0.3123,tput=2.45]
epoch 74: eval=0.7966
epoch 75: loss=0.528229, train_acc=0.8180, time=9.2s
per-rank: rank2[cuda2,share=0.3440,tput=3.26] rank1[cuda1,share=0.3437,tput=4.77] rank0[cuda0,share=0.3123,tput=2.10]
epoch 75: eval=0.7563
epoch 76: loss=0.518830, train_acc=0.8225, time=9.0s
per-rank: rank2[cuda2,share=0.3440,tput=2.39] rank1[cuda1,share=0.3437,tput=3.43] rank0[cuda0,share=0.3123,tput=4.67]
epoch 76: eval=0.7973
epoch 77: loss=0.520529, train_acc=0.8217, time=8.7s
per-rank: rank2[cuda2,share=0.3440,tput=2.18] rank1[cuda1,share=0.3437,tput=3.51] rank0[cuda0,share=0.3123,tput=4.93]
epoch 77: eval=0.7867
epoch 78: loss=0.520160, train_acc=0.8233, time=8.8s
per-rank: rank2[cuda2,share=0.3440,tput=2.10] rank1[cuda1,share=0.3437,tput=5.29] rank0[cuda0,share=0.3123,tput=3.21]
epoch 78: eval=0.7167
epoch 79: loss=0.522817, train_acc=0.8219, time=8.6s
per-rank: rank2[cuda2,share=0.3440,tput=3.80] rank1[cuda1,share=0.3437,tput=2.56] rank0[cuda0,share=0.3123,tput=3.78]
epoch 79: eval=0.7113
epoch 80: loss=0.520978, train_acc=0.8217, time=8.6s
per-rank: rank2[cuda2,share=0.3440,tput=4.98] rank1[cuda1,share=0.3437,tput=4.57] rank0[cuda0,share=0.3123,tput=2.63]
epoch 80: eval=0.7820
epoch 81: loss=0.520065, train_acc=0.8216, time=8.6s
per-rank: rank2[cuda2,share=0.3440,tput=4.99] rank1[cuda1,share=0.3437,tput=2.60] rank0[cuda0,share=0.3123,tput=2.60]
epoch 81: eval=0.7473
epoch 82: loss=0.526605, train_acc=0.8209, time=8.6s
per-rank: rank2[cuda2,share=0.3440,tput=3.98] rank1[cuda1,share=0.3437,tput=5.43] rank0[cuda0,share=0.3123,tput=2.29]
epoch 82: eval=0.7865
epoch 83: loss=0.517227, train_acc=0.8228, time=8.6s
per-rank: rank2[cuda2,share=0.3440,tput=3.56] rank1[cuda1,share=0.3437,tput=6.23] rank0[cuda0,share=0.3123,tput=2.30]
epoch 83: eval=0.6868
epoch 84: loss=0.513714, train_acc=0.8239, time=8.6s
per-rank: rank2[cuda2,share=0.3440,tput=3.15] rank1[cuda1,share=0.3437,tput=4.55] rank0[cuda0,share=0.3123,tput=2.34]
epoch 84: eval=0.8016
epoch 85: loss=0.516112, train_acc=0.8245, time=8.7s
per-rank: rank2[cuda2,share=0.3440,tput=2.13] rank1[cuda1,share=0.3437,tput=3.22] rank0[cuda0,share=0.3123,tput=5.63]
epoch 85: eval=0.7455
epoch 86: loss=0.522044, train_acc=0.8201, time=8.6s
per-rank: rank2[cuda2,share=0.3440,tput=4.12] rank1[cuda1,share=0.3437,tput=2.20] rank0[cuda0,share=0.3123,tput=3.92]
epoch 86: eval=0.7762
epoch 87: loss=0.523405, train_acc=0.8209, time=8.8s
per-rank: rank2[cuda2,share=0.3440,tput=2.13] rank1[cuda1,share=0.3437,tput=3.33] rank0[cuda0,share=0.3123,tput=5.66]
epoch 87: eval=0.7929
epoch 88: loss=0.513623, train_acc=0.8240, time=8.7s
per-rank: rank2[cuda2,share=0.3440,tput=4.05] rank1[cuda1,share=0.3437,tput=3.26] rank0[cuda0,share=0.3123,tput=2.61]
epoch 88: eval=0.7782
epoch 89: loss=0.513488, train_acc=0.8218, time=8.6s
per-rank: rank2[cuda2,share=0.3440,tput=3.29] rank1[cuda1,share=0.3437,tput=2.50] rank0[cuda0,share=0.3123,tput=5.08]
epoch 89: eval=0.7867
epoch 90: loss=0.516062, train_acc=0.8229, time=8.9s
per-rank: rank2[cuda2,share=0.3440,tput=4.77] rank1[cuda1,share=0.3437,tput=3.45] rank0[cuda0,share=0.3123,tput=2.19]
epoch 90: eval=0.7380
epoch 91: loss=0.510145, train_acc=0.8250, time=8.6s
per-rank: rank2[cuda2,share=0.3440,tput=3.78] rank1[cuda1,share=0.3437,tput=2.47] rank0[cuda0,share=0.3123,tput=4.85]
epoch 91: eval=0.7899
epoch 92: loss=0.513225, train_acc=0.8239, time=9.1s
per-rank: rank2[cuda2,share=0.3440,tput=4.43] rank1[cuda1,share=0.3437,tput=4.89] rank0[cuda0,share=0.3123,tput=2.09]
epoch 92: eval=0.7562
epoch 93: loss=0.513293, train_acc=0.8247, time=9.4s
per-rank: rank2[cuda2,share=0.3440,tput=2.01] rank1[cuda1,share=0.3437,tput=3.85] rank0[cuda0,share=0.3123,tput=5.12]
epoch 93: eval=0.7932
epoch 94: loss=0.511720, train_acc=0.8254, time=8.7s
per-rank: rank2[cuda2,share=0.3440,tput=4.18] rank1[cuda1,share=0.3437,tput=2.52] rank0[cuda0,share=0.3123,tput=3.66]
epoch 94: eval=0.7693
epoch 95: loss=0.507290, train_acc=0.8264, time=8.5s
per-rank: rank2[cuda2,share=0.3440,tput=3.40] rank1[cuda1,share=0.3437,tput=2.61] rank0[cuda0,share=0.3123,tput=4.56]
epoch 95: eval=0.7655
epoch 96: loss=0.510634, train_acc=0.8237, time=9.2s
per-rank: rank2[cuda2,share=0.3440,tput=4.53] rank1[cuda1,share=0.3437,tput=3.70] rank0[cuda0,share=0.3123,tput=2.12]
epoch 96: eval=0.8133
epoch 97: loss=0.510850, train_acc=0.8249, time=8.8s
per-rank: rank2[cuda2,share=0.3440,tput=2.40] rank1[cuda1,share=0.3437,tput=3.30] rank0[cuda0,share=0.3123,tput=4.47]
epoch 97: eval=0.8096
epoch 98: loss=0.512589, train_acc=0.8226, time=9.1s
per-rank: rank2[cuda2,share=0.3440,tput=2.03] rank1[cuda1,share=0.3437,tput=3.85] rank0[cuda0,share=0.3123,tput=5.03]
epoch 98: eval=0.7825
epoch 99: loss=0.508081, train_acc=0.8269, time=8.7s
per-rank: rank2[cuda2,share=0.3440,tput=3.76] rank1[cuda1,share=0.3437,tput=3.85] rank0[cuda0,share=0.3123,tput=2.40]
epoch 99: eval=0.8016
epoch 100: loss=0.504515, train_acc=0.8274, time=8.5s
per-rank: rank2[cuda2,share=0.3440,tput=5.50] rank1[cuda1,share=0.3437,tput=3.03] rank0[cuda0,share=0.3123,tput=2.39]
epoch 100: eval=0.7525
epoch 101: loss=0.510003, train_acc=0.8238, time=8.7s
per-rank: rank2[cuda2,share=0.3440,tput=2.19] rank1[cuda1,share=0.3437,tput=5.18] rank0[cuda0,share=0.3123,tput=3.08]
epoch 101: eval=0.7400
epoch 102: loss=0.510405, train_acc=0.8252, time=8.6s
per-rank: rank2[cuda2,share=0.3440,tput=2.66] rank1[cuda1,share=0.3437,tput=2.30] rank0[cuda0,share=0.3123,tput=5.99]
epoch 102: eval=0.7314
epoch 103: loss=0.510392, train_acc=0.8253, time=8.6s
per-rank: rank2[cuda2,share=0.3440,tput=3.84] rank1[cuda1,share=0.3437,tput=3.63] rank0[cuda0,share=0.3123,tput=2.64]
epoch 103: eval=0.7990
epoch 104: loss=0.503256, train_acc=0.8291, time=8.6s
per-rank: rank2[cuda2,share=0.3440,tput=3.20] rank1[cuda1,share=0.3437,tput=4.99] rank0[cuda0,share=0.3123,tput=2.47]
epoch 104: eval=0.7771
epoch 105: loss=0.504534, train_acc=0.8285, time=9.0s
per-rank: rank2[cuda2,share=0.3440,tput=4.17] rank1[cuda1,share=0.3437,tput=4.83] rank0[cuda0,share=0.3123,tput=2.13]
epoch 105: eval=0.7545
epoch 106: loss=0.498195, train_acc=0.8289, time=8.8s
per-rank: rank2[cuda2,share=0.3440,tput=3.16] rank1[cuda1,share=0.3437,tput=2.30] rank0[cuda0,share=0.3123,tput=5.35]
epoch 106: eval=0.7675
epoch 107: loss=0.510091, train_acc=0.8241, time=8.5s
per-rank: rank2[cuda2,share=0.3440,tput=2.59] rank1[cuda1,share=0.3437,tput=5.65] rank0[cuda0,share=0.3123,tput=2.60]
epoch 107: eval=0.7515
epoch 108: loss=0.505084, train_acc=0.8263, time=8.9s
per-rank: rank2[cuda2,share=0.3440,tput=2.11] rank1[cuda1,share=0.3437,tput=3.17] rank0[cuda0,share=0.3123,tput=5.40]
epoch 108: eval=0.7915
epoch 109: loss=0.508676, train_acc=0.8249, time=8.7s
per-rank: rank2[cuda2,share=0.3440,tput=4.31] rank1[cuda1,share=0.3437,tput=2.53] rank0[cuda0,share=0.3123,tput=3.51]
epoch 109: eval=0.7425
epoch 110: loss=0.504307, train_acc=0.8275, time=8.6s
per-rank: rank2[cuda2,share=0.3440,tput=3.23] rank1[cuda1,share=0.3437,tput=2.37] rank0[cuda0,share=0.3123,tput=4.97]
epoch 110: eval=0.7738
epoch 111: loss=0.509698, train_acc=0.8249, time=8.6s
per-rank: rank2[cuda2,share=0.3440,tput=4.78] rank1[cuda1,share=0.3437,tput=2.22] rank0[cuda0,share=0.3123,tput=3.64]
epoch 111: eval=0.7908
epoch 112: loss=0.506334, train_acc=0.8266, time=9.1s
per-rank: rank2[cuda2,share=0.3440,tput=4.95] rank1[cuda1,share=0.3437,tput=3.29] rank0[cuda0,share=0.3123,tput=2.09]
epoch 112: eval=0.7995
epoch 113: loss=0.502376, train_acc=0.8258, time=8.8s
per-rank: rank2[cuda2,share=0.3440,tput=3.52] rank1[cuda1,share=0.3437,tput=2.45] rank0[cuda0,share=0.3123,tput=4.13]
epoch 113: eval=0.7879
epoch 114: loss=0.496520, train_acc=0.8295, time=8.7s
per-rank: rank2[cuda2,share=0.3440,tput=2.27] rank1[cuda1,share=0.3437,tput=3.43] rank0[cuda0,share=0.3123,tput=4.78]
epoch 114: eval=0.7198
epoch 115: loss=0.499258, train_acc=0.8293, time=8.6s
per-rank: rank2[cuda2,share=0.3440,tput=2.43] rank1[cuda1,share=0.3437,tput=3.45] rank0[cuda0,share=0.3123,tput=4.37]
epoch 115: eval=0.8012
epoch 116: loss=0.502951, train_acc=0.8282, time=9.0s
per-rank: rank2[cuda2,share=0.3440,tput=3.45] rank1[cuda1,share=0.3437,tput=2.07] rank0[cuda0,share=0.3123,tput=5.77]
epoch 116: eval=0.7952
epoch 117: loss=0.506874, train_acc=0.8281, time=9.2s
per-rank: rank2[cuda2,share=0.3440,tput=2.02] rank1[cuda1,share=0.3437,tput=4.85] rank0[cuda0,share=0.3123,tput=3.76]
epoch 117: eval=0.7684
epoch 118: loss=0.500191, train_acc=0.8294, time=9.2s
per-rank: rank2[cuda2,share=0.3440,tput=4.87] rank1[cuda1,share=0.3437,tput=2.03] rank0[cuda0,share=0.3123,tput=3.75]
epoch 118: eval=0.8146
epoch 119: loss=0.501128, train_acc=0.8284, time=8.8s
per-rank: rank2[cuda2,share=0.3440,tput=2.35] rank1[cuda1,share=0.3437,tput=4.13] rank0[cuda0,share=0.3123,tput=3.80]
epoch 119: eval=0.7992
epoch 120: loss=0.497267, train_acc=0.8315, time=8.5s
per-rank: rank2[cuda2,share=0.3440,tput=4.70] rank1[cuda1,share=0.3437,tput=2.20] rank0[cuda0,share=0.3123,tput=3.78]
epoch 120: eval=0.8013
epoch 121: loss=0.501840, train_acc=0.8283, time=8.6s
per-rank: rank2[cuda2,share=0.3440,tput=2.98] rank1[cuda1,share=0.3437,tput=2.17] rank0[cuda0,share=0.3123,tput=5.64]
epoch 121: eval=0.8040
epoch 122: loss=0.496898, train_acc=0.8303, time=8.5s
per-rank: rank2[cuda2,share=0.3440,tput=4.47] rank1[cuda1,share=0.3437,tput=3.25] rank0[cuda0,share=0.3123,tput=2.37]
epoch 122: eval=0.8129
epoch 123: loss=0.496541, train_acc=0.8312, time=8.6s
per-rank: rank2[cuda2,share=0.3440,tput=3.06] rank1[cuda1,share=0.3437,tput=4.55] rank0[cuda0,share=0.3123,tput=2.41]
epoch 123: eval=0.7998
epoch 124: loss=0.495754, train_acc=0.8297, time=9.2s
per-rank: rank2[cuda2,share=0.3440,tput=4.79] rank1[cuda1,share=0.3437,tput=3.40] rank0[cuda0,share=0.3123,tput=2.07]
epoch 124: eval=0.8022
epoch 125: loss=0.490587, train_acc=0.8318, time=8.9s
per-rank: rank2[cuda2,share=0.3440,tput=4.57] rank1[cuda1,share=0.3437,tput=2.45] rank0[cuda0,share=0.3123,tput=4.09]
epoch 125: eval=0.7232
epoch 126: loss=0.497475, train_acc=0.8292, time=8.7s
per-rank: rank2[cuda2,share=0.3440,tput=2.25] rank1[cuda1,share=0.3437,tput=5.42] rank0[cuda0,share=0.3123,tput=2.67]
epoch 126: eval=0.7738
epoch 127: loss=0.497491, train_acc=0.8281, time=9.6s
per-rank: rank2[cuda2,share=0.3440,tput=3.24] rank1[cuda1,share=0.3437,tput=5.51] rank0[cuda0,share=0.3123,tput=2.01]
epoch 127: eval=0.8121
epoch 128: loss=0.500605, train_acc=0.8283, time=9.0s
per-rank: rank2[cuda2,share=0.3440,tput=3.73] rank1[cuda1,share=0.3437,tput=2.16] rank0[cuda0,share=0.3123,tput=4.65]
epoch 128: eval=0.7861
epoch 129: loss=0.493732, train_acc=0.8305, time=8.6s
per-rank: rank2[cuda2,share=0.3440,tput=3.27] rank1[cuda1,share=0.3437,tput=2.23] rank0[cuda0,share=0.3123,tput=5.29]
epoch 129: eval=0.7994
epoch 130: loss=0.500116, train_acc=0.8281, time=8.9s
per-rank: rank2[cuda2,share=0.3440,tput=2.10] rank1[cuda1,share=0.3437,tput=5.18] rank0[cuda0,share=0.3123,tput=3.66]
epoch 130: eval=0.7782
epoch 131: loss=0.496625, train_acc=0.8293, time=8.8s
per-rank: rank2[cuda2,share=0.3440,tput=3.98] rank1[cuda1,share=0.3437,tput=2.57] rank0[cuda0,share=0.3123,tput=3.65]
epoch 131: eval=0.7220
epoch 132: loss=0.498568, train_acc=0.8292, time=9.3s
per-rank: rank2[cuda2,share=0.3440,tput=2.03] rank1[cuda1,share=0.3437,tput=3.55] rank0[cuda0,share=0.3123,tput=5.80]
epoch 132: eval=0.8153
epoch 133: loss=0.497897, train_acc=0.8285, time=8.8s
per-rank: rank2[cuda2,share=0.3440,tput=3.74] rank1[cuda1,share=0.3437,tput=3.38] rank0[cuda0,share=0.3123,tput=2.82]
epoch 133: eval=0.7706
epoch 134: loss=0.488283, train_acc=0.8331, time=8.7s
per-rank: rank2[cuda2,share=0.3440,tput=5.57] rank1[cuda1,share=0.3437,tput=4.34] rank0[cuda0,share=0.3123,tput=2.21]
epoch 134: eval=0.8019
epoch 135: loss=0.498098, train_acc=0.8288, time=8.8s
per-rank: rank2[cuda2,share=0.3440,tput=3.37] rank1[cuda1,share=0.3437,tput=2.38] rank0[cuda0,share=0.3123,tput=4.50]
epoch 135: eval=0.8013
epoch 136: loss=0.492172, train_acc=0.8312, time=9.0s
per-rank: rank2[cuda2,share=0.3440,tput=3.59] rank1[cuda1,share=0.3437,tput=2.06] rank0[cuda0,share=0.3123,tput=5.18]
epoch 136: eval=0.7547
epoch 137: loss=0.493467, train_acc=0.8297, time=8.8s
per-rank: rank2[cuda2,share=0.3440,tput=5.16] rank1[cuda1,share=0.3437,tput=5.33] rank0[cuda0,share=0.3123,tput=2.19]
epoch 137: eval=0.7875
epoch 138: loss=0.495276, train_acc=0.8300, time=8.6s
per-rank: rank2[cuda2,share=0.3440,tput=4.45] rank1[cuda1,share=0.3437,tput=2.23] rank0[cuda0,share=0.3123,tput=3.95]
epoch 138: eval=0.7763
epoch 139: loss=0.496305, train_acc=0.8293, time=8.5s
per-rank: rank2[cuda2,share=0.3440,tput=4.71] rank1[cuda1,share=0.3437,tput=3.63] rank0[cuda0,share=0.3123,tput=2.37]
epoch 139: eval=0.8073
epoch 140: loss=0.493014, train_acc=0.8319, time=8.7s
per-rank: rank2[cuda2,share=0.3440,tput=3.01] rank1[cuda1,share=0.3437,tput=4.70] rank0[cuda0,share=0.3123,tput=2.46]
epoch 140: eval=0.7823
epoch 141: loss=0.497628, train_acc=0.8293, time=9.2s
per-rank: rank2[cuda2,share=0.3440,tput=2.04] rank1[cuda1,share=0.3437,tput=4.39] rank0[cuda0,share=0.3123,tput=4.70]
epoch 141: eval=0.8157
epoch 142: loss=0.497742, train_acc=0.8303, time=8.9s
per-rank: rank2[cuda2,share=0.3440,tput=3.43] rank1[cuda1,share=0.3437,tput=3.86] rank0[cuda0,share=0.3123,tput=2.58]
epoch 142: eval=0.7710
epoch 143: loss=0.496388, train_acc=0.8297, time=8.9s
per-rank: rank2[cuda2,share=0.3440,tput=2.12] rank1[cuda1,share=0.3437,tput=6.50] rank0[cuda0,share=0.3123,tput=3.88]
epoch 143: eval=0.7952
epoch 144: loss=0.501677, train_acc=0.8269, time=8.7s
per-rank: rank2[cuda2,share=0.3440,tput=4.04] rank1[cuda1,share=0.3437,tput=3.48] rank0[cuda0,share=0.3123,tput=2.55]
epoch 144: eval=0.7527
epoch 145: loss=0.498704, train_acc=0.8296, time=8.6s
per-rank: rank2[cuda2,share=0.3440,tput=5.18] rank1[cuda1,share=0.3437,tput=3.12] rank0[cuda0,share=0.3123,tput=2.35]
epoch 145: eval=0.7826
epoch 146: loss=0.492978, train_acc=0.8300, time=8.5s
per-rank: rank2[cuda2,share=0.3440,tput=2.30] rank1[cuda1,share=0.3437,tput=4.08] rank0[cuda0,share=0.3123,tput=4.01]
epoch 146: eval=0.7737
epoch 147: loss=0.488297, train_acc=0.8341, time=8.7s
per-rank: rank2[cuda2,share=0.3440,tput=2.15] rank1[cuda1,share=0.3437,tput=4.30] rank0[cuda0,share=0.3123,tput=5.03]
epoch 147: eval=0.7669
epoch 148: loss=0.496706, train_acc=0.8287, time=8.7s
per-rank: rank2[cuda2,share=0.3440,tput=3.74] rank1[cuda1,share=0.3437,tput=5.17] rank0[cuda0,share=0.3123,tput=2.54]
epoch 148: eval=0.7432
epoch 149: loss=0.488593, train_acc=0.8335, time=8.5s
per-rank: rank2[cuda2,share=0.3440,tput=4.02] rank1[cuda1,share=0.3437,tput=3.41] rank0[cuda0,share=0.3123,tput=2.66]
epoch 149: eval=0.7784
epoch 150: loss=0.488605, train_acc=0.8327, time=8.5s
per-rank: rank2[cuda2,share=0.3440,tput=3.07] rank1[cuda1,share=0.3437,tput=5.56] rank0[cuda0,share=0.3123,tput=2.36]
epoch 150: eval=0.7955
epoch 151: loss=0.484890, train_acc=0.8367, time=8.6s
per-rank: rank2[cuda2,share=0.3440,tput=4.68] rank1[cuda1,share=0.3437,tput=2.47] rank0[cuda0,share=0.3123,tput=3.10]
epoch 151: eval=0.7899
epoch 152: loss=0.496133, train_acc=0.8291, time=8.7s
per-rank: rank2[cuda2,share=0.3440,tput=4.36] rank1[cuda1,share=0.3437,tput=3.20] rank0[cuda0,share=0.3123,tput=2.61]
epoch 152: eval=0.8075
epoch 153: loss=0.493549, train_acc=0.8317, time=9.2s
per-rank: rank2[cuda2,share=0.3440,tput=3.48] rank1[cuda1,share=0.3437,tput=6.26] rank0[cuda0,share=0.3123,tput=2.08]
epoch 153: eval=0.7671
epoch 154: loss=0.480790, train_acc=0.8336, time=9.1s
per-rank: rank2[cuda2,share=0.3440,tput=2.05] rank1[cuda1,share=0.3437,tput=3.77] rank0[cuda0,share=0.3123,tput=5.63]
epoch 154: eval=0.7905
epoch 155: loss=0.489635, train_acc=0.8314, time=9.4s
per-rank: rank2[cuda2,share=0.3440,tput=3.78] rank1[cuda1,share=0.3437,tput=5.42] rank0[cuda0,share=0.3123,tput=2.06]
epoch 155: eval=0.7905
epoch 156: loss=0.487885, train_acc=0.8352, time=8.9s
per-rank: rank2[cuda2,share=0.3440,tput=2.35] rank1[cuda1,share=0.3437,tput=4.66] rank0[cuda0,share=0.3123,tput=4.14]
epoch 156: eval=0.8003
epoch 157: loss=0.488339, train_acc=0.8320, time=8.5s
per-rank: rank2[cuda2,share=0.3440,tput=2.23] rank1[cuda1,share=0.3437,tput=4.13] rank0[cuda0,share=0.3123,tput=4.05]
epoch 157: eval=0.7463
epoch 158: loss=0.488642, train_acc=0.8316, time=8.6s
per-rank: rank2[cuda2,share=0.3440,tput=2.24] rank1[cuda1,share=0.3437,tput=5.34] rank0[cuda0,share=0.3123,tput=2.91]
epoch 158: eval=0.7455
epoch 159: loss=0.483464, train_acc=0.8351, time=8.9s
per-rank: rank2[cuda2,share=0.3440,tput=3.51] rank1[cuda1,share=0.3437,tput=2.09] rank0[cuda0,share=0.3123,tput=5.31]
epoch 159: eval=0.7918
epoch 160: loss=0.484986, train_acc=0.8338, time=8.9s
per-rank: rank2[cuda2,share=0.3440,tput=2.30] rank1[cuda1,share=0.3437,tput=5.25] rank0[cuda0,share=0.3123,tput=2.67]
epoch 160: eval=0.8009
epoch 161: loss=0.483420, train_acc=0.8358, time=8.5s
per-rank: rank2[cuda2,share=0.3440,tput=4.87] rank1[cuda1,share=0.3437,tput=3.30] rank0[cuda0,share=0.3123,tput=2.30]
epoch 161: eval=0.7805
epoch 162: loss=0.483772, train_acc=0.8357, time=8.6s
per-rank: rank2[cuda2,share=0.3440,tput=4.62] rank1[cuda1,share=0.3437,tput=3.31] rank0[cuda0,share=0.3123,tput=2.63]
epoch 162: eval=0.7841
epoch 163: loss=0.491880, train_acc=0.8314, time=8.5s
per-rank: rank2[cuda2,share=0.3440,tput=4.05] rank1[cuda1,share=0.3437,tput=2.56] rank0[cuda0,share=0.3123,tput=3.80]
epoch 163: eval=0.8110
epoch 164: loss=0.489680, train_acc=0.8335, time=8.7s
per-rank: rank2[cuda2,share=0.3440,tput=3.50] rank1[cuda1,share=0.3437,tput=4.90] rank0[cuda0,share=0.3123,tput=2.26]
epoch 164: eval=0.7993
epoch 165: loss=0.484430, train_acc=0.8355, time=8.6s
per-rank: rank2[cuda2,share=0.3440,tput=3.99] rank1[cuda1,share=0.3437,tput=5.25] rank0[cuda0,share=0.3123,tput=2.54]
epoch 165: eval=0.7568
epoch 166: loss=0.482838, train_acc=0.8342, time=9.0s
per-rank: rank2[cuda2,share=0.3440,tput=2.06] rank1[cuda1,share=0.3437,tput=3.66] rank0[cuda0,share=0.3123,tput=5.38]
epoch 166: eval=0.7887
epoch 167: loss=0.485391, train_acc=0.8331, time=8.8s
per-rank: rank2[cuda2,share=0.3440,tput=5.11] rank1[cuda1,share=0.3437,tput=2.52] rank0[cuda0,share=0.3123,tput=2.89]
epoch 167: eval=0.7909
epoch 168: loss=0.486010, train_acc=0.8334, time=8.9s
per-rank: rank2[cuda2,share=0.3440,tput=4.52] rank1[cuda1,share=0.3437,tput=4.40] rank0[cuda0,share=0.3123,tput=2.16]
epoch 168: eval=0.8002
epoch 169: loss=0.483811, train_acc=0.8345, time=8.6s
per-rank: rank2[cuda2,share=0.3440,tput=3.53] rank1[cuda1,share=0.3437,tput=2.35] rank0[cuda0,share=0.3123,tput=4.44]
epoch 169: eval=0.7827
epoch 170: loss=0.488728, train_acc=0.8323, time=8.6s
per-rank: rank2[cuda2,share=0.3440,tput=3.14] rank1[cuda1,share=0.3437,tput=5.04] rank0[cuda0,share=0.3123,tput=2.40]
epoch 170: eval=0.8227
epoch 171: loss=0.487100, train_acc=0.8334, time=8.5s
per-rank: rank2[cuda2,share=0.3440,tput=4.69] rank1[cuda1,share=0.3437,tput=3.50] rank0[cuda0,share=0.3123,tput=2.44]
epoch 171: eval=0.7620
epoch 172: loss=0.482153, train_acc=0.8336, time=8.7s
per-rank: rank2[cuda2,share=0.3440,tput=2.34] rank1[cuda1,share=0.3437,tput=5.09] rank0[cuda0,share=0.3123,tput=2.97]
epoch 172: eval=0.7991
epoch 173: loss=0.489206, train_acc=0.8311, time=9.2s
per-rank: rank2[cuda2,share=0.3440,tput=4.06] rank1[cuda1,share=0.3437,tput=5.00] rank0[cuda0,share=0.3123,tput=2.12]
epoch 173: eval=0.8109
epoch 174: loss=0.480116, train_acc=0.8361, time=8.8s
per-rank: rank2[cuda2,share=0.3440,tput=2.12] rank1[cuda1,share=0.3437,tput=3.57] rank0[cuda0,share=0.3123,tput=5.30]
epoch 174: eval=0.8123
epoch 175: loss=0.481946, train_acc=0.8341, time=8.9s
per-rank: rank2[cuda2,share=0.3440,tput=5.13] rank1[cuda1,share=0.3437,tput=3.10] rank0[cuda0,share=0.3123,tput=2.19]
epoch 175: eval=0.7627
epoch 176: loss=0.484949, train_acc=0.8337, time=8.7s
per-rank: rank2[cuda2,share=0.3440,tput=3.46] rank1[cuda1,share=0.3437,tput=2.28] rank0[cuda0,share=0.3123,tput=4.83]
epoch 176: eval=0.7861
epoch 177: loss=0.489530, train_acc=0.8328, time=9.1s
per-rank: rank2[cuda2,share=0.3440,tput=2.06] rank1[cuda1,share=0.3437,tput=3.83] rank0[cuda0,share=0.3123,tput=4.69]
epoch 177: eval=0.8130
epoch 178: loss=0.482103, train_acc=0.8357, time=9.3s
per-rank: rank2[cuda2,share=0.3440,tput=4.47] rank1[cuda1,share=0.3437,tput=3.71] rank0[cuda0,share=0.3123,tput=2.09]
epoch 178: eval=0.8090
epoch 179: loss=0.485618, train_acc=0.8326, time=8.8s
per-rank: rank2[cuda2,share=0.3440,tput=5.80] rank1[cuda1,share=0.3437,tput=2.59] rank0[cuda0,share=0.3123,tput=2.76]
epoch 179: eval=0.8033
epoch 180: loss=0.487270, train_acc=0.8326, time=9.0s
per-rank: rank2[cuda2,share=0.3440,tput=3.07] rank1[cuda1,share=0.3437,tput=5.48] rank0[cuda0,share=0.3123,tput=2.16]
epoch 180: eval=0.7486
epoch 181: loss=0.484191, train_acc=0.8350, time=8.8s
per-rank: rank2[cuda2,share=0.3440,tput=3.35] rank1[cuda1,share=0.3437,tput=2.33] rank0[cuda0,share=0.3123,tput=4.92]
epoch 181: eval=0.7990
epoch 182: loss=0.484711, train_acc=0.8321, time=9.0s
per-rank: rank2[cuda2,share=0.3440,tput=3.52] rank1[cuda1,share=0.3437,tput=2.06] rank0[cuda0,share=0.3123,tput=5.40]
epoch 182: eval=0.8173
epoch 183: loss=0.485119, train_acc=0.8331, time=8.8s
per-rank: rank2[cuda2,share=0.3440,tput=2.38] rank1[cuda1,share=0.3437,tput=4.39] rank0[cuda0,share=0.3123,tput=3.27]
epoch 183: eval=0.7535
epoch 184: loss=0.482620, train_acc=0.8347, time=8.7s
per-rank: rank2[cuda2,share=0.3440,tput=3.34] rank1[cuda1,share=0.3437,tput=5.77] rank0[cuda0,share=0.3123,tput=2.19]
epoch 184: eval=0.7906
epoch 185: loss=0.489648, eval=0.7951, train_acc=0.8315, time=9.4s
per-rank: rank2[cuda2,share=0.3440,tput=2.00] rank1[cuda1,share=0.3437,tput=3.66] rank0[cuda0,share=0.3123,tput=5.79]
epoch 186: loss=0.483013, train_acc=0.8352, time=9.0s
per-rank: rank2[cuda2,share=0.3440,tput=4.00] rank1[cuda1,share=0.3437,tput=2.20] rank0[cuda0,share=0.3123,tput=4.20]
epoch 186: eval=0.8032
epoch 187: loss=0.494566, train_acc=0.8309, time=8.6s
per-rank: rank2[cuda2,share=0.3440,tput=4.59] rank1[cuda1,share=0.3437,tput=3.92] rank0[cuda0,share=0.3123,tput=2.48]
epoch 187: eval=0.7601
epoch 188: loss=0.477329, train_acc=0.8364, time=8.8s
per-rank: rank2[cuda2,share=0.3440,tput=4.42] rank1[cuda1,share=0.3437,tput=3.53] rank0[cuda0,share=0.3123,tput=2.15]
epoch 188: eval=0.7552
epoch 189: loss=0.479514, train_acc=0.8358, time=8.6s
per-rank: rank2[cuda2,share=0.3440,tput=3.44] rank1[cuda1,share=0.3437,tput=2.25] rank0[cuda0,share=0.3123,tput=5.13]
epoch 189: eval=0.6863
epoch 190: loss=0.489536, train_acc=0.8318, time=9.1s
per-rank: rank2[cuda2,share=0.3440,tput=3.18] rank1[cuda1,share=0.3437,tput=5.34] rank0[cuda0,share=0.3123,tput=2.10]
epoch 190: eval=0.8286
epoch 191: loss=0.477852, train_acc=0.8364, time=8.9s
per-rank: rank2[cuda2,share=0.3440,tput=2.17] rank1[cuda1,share=0.3437,tput=3.63] rank0[cuda0,share=0.3123,tput=4.84]
epoch 191: eval=0.8090
epoch 192: loss=0.489518, train_acc=0.8322, time=8.6s
per-rank: rank2[cuda2,share=0.3440,tput=4.68] rank1[cuda1,share=0.3437,tput=2.35] rank0[cuda0,share=0.3123,tput=3.50]
epoch 192: eval=0.7785
epoch 193: loss=0.486542, train_acc=0.8334, time=9.0s
per-rank: rank2[cuda2,share=0.3440,tput=2.75] rank1[cuda1,share=0.3437,tput=5.54] rank0[cuda0,share=0.3123,tput=2.14]
epoch 193: eval=0.7977
epoch 194: loss=0.480892, train_acc=0.8359, time=8.8s
per-rank: rank2[cuda2,share=0.3440,tput=2.16] rank1[cuda1,share=0.3437,tput=3.32] rank0[cuda0,share=0.3123,tput=5.50]
epoch 194: eval=0.7758
epoch 195: loss=1.432676, train_acc=0.4654, time=9.0s
per-rank: rank2[cuda2,share=0.3382,tput=4.51] rank1[cuda1,share=0.3380,tput=2.07] rank0[cuda0,share=0.3238,tput=3.90]
epoch 195: eval=0.4386
epoch 196: loss=1.480612, train_acc=0.4632, time=8.6s
per-rank: rank2[cuda2,share=0.3382,tput=2.82] rank1[cuda1,share=0.3380,tput=5.07] rank0[cuda0,share=0.3238,tput=2.66]
epoch 196: eval=0.5346
epoch 197: loss=1.312388, train_acc=0.5277, time=8.7s
per-rank: rank2[cuda2,share=0.3382,tput=2.09] rank1[cuda1,share=0.3380,tput=4.82] rank0[cuda0,share=0.3238,tput=3.63]
epoch 197: eval=0.5770
epoch 198: loss=1.207456, train_acc=0.5686, time=8.7s
per-rank: rank2[cuda2,share=0.3382,tput=4.69] rank1[cuda1,share=0.3380,tput=2.47] rank0[cuda0,share=0.3238,tput=3.31]
epoch 198: eval=0.6043
epoch 199: loss=1.126565, train_acc=0.6000, time=8.5s
per-rank: rank2[cuda2,share=0.3382,tput=4.74] rank1[cuda1,share=0.3380,tput=2.44] rank0[cuda0,share=0.3238,tput=3.84]
final eval=0.6322
# total: 1707.2s (28m 27s)
