# gpu0: NVIDIA GeForce RTX 5060 Ti (15GB, sm_120)
# gpu1: NVIDIA GeForce GTX 1060 6GB (5GB, sm_61)
# gpu2: NVIDIA GeForce GTX 1060 6GB (5GB, sm_61)
epoch 0: loss=2.041606, train_acc=0.2313, time=9.4s
per-rank: rank0[cuda0,share=0.3830,tput=3.92] rank1[cuda1,share=0.3100,tput=4.76] rank2[cuda2,share=0.3070,tput=3.67]
epoch 0: eval=0.2882
epoch 1: loss=1.720641, train_acc=0.3520, time=9.7s
per-rank: rank0[cuda0,share=0.4123,tput=1.97] rank2[cuda2,share=0.2984,tput=7.33] rank1[cuda1,share=0.2893,tput=2.28]
epoch 1: eval=0.3420
epoch 2: loss=1.509847, train_acc=0.4451, time=9.3s
per-rank: rank0[cuda0,share=0.3550,tput=3.22] rank1[cuda1,share=0.3315,tput=4.02] rank2[cuda2,share=0.3135,tput=2.24]
epoch 2: eval=0.4471
epoch 3: loss=1.303980, train_acc=0.5292, time=10.0s
per-rank: rank0[cuda0,share=0.3868,tput=2.16] rank1[cuda1,share=0.3185,tput=3.45] rank2[cuda2,share=0.2947,tput=4.87]
epoch 3: eval=0.5016
epoch 4: loss=1.166395, train_acc=0.5815, time=9.5s
per-rank: rank0[cuda0,share=0.4092,tput=3.35] rank1[cuda1,share=0.3059,tput=2.73] rank2[cuda2,share=0.2849,tput=3.50]
epoch 4: eval=0.6107
epoch 5: loss=1.052280, train_acc=0.6268, time=9.1s
per-rank: rank0[cuda0,share=0.4257,tput=2.98] rank1[cuda1,share=0.2983,tput=2.29] rank2[cuda2,share=0.2760,tput=5.84]
epoch 5: eval=0.5862
epoch 6: loss=0.959947, train_acc=0.6619, time=9.1s
per-rank: rank0[cuda0,share=0.3906,tput=2.72] rank1[cuda1,share=0.3070,tput=2.82] rank2[cuda2,share=0.3024,tput=3.69]
epoch 6: eval=0.6590
epoch 7: loss=0.887713, train_acc=0.6896, time=9.2s
per-rank: rank0[cuda0,share=0.3765,tput=4.04] rank1[cuda1,share=0.3118,tput=3.09] rank2[cuda2,share=0.3118,tput=2.37]
epoch 7: eval=0.7112
epoch 8: loss=0.836012, train_acc=0.7072, time=9.1s
per-rank: rank0[cuda0,share=0.4087,tput=2.52] rank2[cuda2,share=0.2979,tput=5.31] rank1[cuda1,share=0.2934,tput=2.53]
epoch 8: eval=0.6825
epoch 9: loss=0.796172, train_acc=0.7215, time=9.0s
per-rank: rank0[cuda0,share=0.4229,tput=4.03] rank2[cuda2,share=0.2979,tput=3.71] rank1[cuda1,share=0.2792,tput=2.13]
epoch 9: eval=0.6825
epoch 10: loss=0.763894, train_acc=0.7359, time=9.0s
per-rank: rank0[cuda0,share=0.4339,tput=3.78] rank2[cuda2,share=0.2851,tput=2.05] rank1[cuda1,share=0.2810,tput=4.56]
epoch 10: eval=0.6661
epoch 11: loss=0.725620, train_acc=0.7463, time=8.9s
per-rank: rank0[cuda0,share=0.4213,tput=3.37] rank1[cuda1,share=0.2914,tput=3.02] rank2[cuda2,share=0.2872,tput=2.91]
epoch 11: eval=0.7620
epoch 12: loss=0.708733, train_acc=0.7547, time=9.1s
per-rank: rank0[cuda0,share=0.4294,tput=3.35] rank1[cuda1,share=0.2883,tput=2.83] rank2[cuda2,share=0.2823,tput=2.83]
epoch 12: eval=0.7577
epoch 13: loss=0.682938, train_acc=0.7631, time=11.6s
per-rank: rank0[cuda0,share=0.4274,tput=2.29] rank1[cuda1,share=0.2945,tput=5.07] rank2[cuda2,share=0.2781,tput=3.68]
epoch 13: eval=0.7494
epoch 14: loss=0.669023, train_acc=0.7696, time=11.3s
per-rank: rank0[cuda0,share=0.4027,tput=1.93] rank2[cuda2,share=0.3015,tput=3.01] rank1[cuda1,share=0.2958,tput=4.15]
epoch 14: eval=0.7355
epoch 15: loss=0.651120, train_acc=0.7760, time=9.5s
per-rank: rank0[cuda0,share=0.3900,tput=4.00] rank2[cuda2,share=0.3073,tput=2.54] rank1[cuda1,share=0.3027,tput=3.15]
epoch 15: eval=0.7257
epoch 16: loss=0.629714, train_acc=0.7813, time=9.2s
per-rank: rank0[cuda0,share=0.4176,tput=2.34] rank2[cuda2,share=0.2953,tput=5.30] rank1[cuda1,share=0.2871,tput=2.48]
epoch 16: eval=0.7596
epoch 17: loss=0.614641, train_acc=0.7869, time=9.3s
per-rank: rank0[cuda0,share=0.4133,tput=2.49] rank1[cuda1,share=0.2977,tput=2.48] rank2[cuda2,share=0.2891,tput=5.48]
epoch 17: eval=0.7446
epoch 18: loss=0.608539, train_acc=0.7894, time=9.2s
per-rank: rank0[cuda0,share=0.4120,tput=3.29] rank1[cuda1,share=0.2986,tput=2.75] rank2[cuda2,share=0.2894,tput=3.32]
epoch 18: eval=0.7430
epoch 19: loss=0.600314, train_acc=0.7929, time=12.3s
per-rank: rank0[cuda0,share=0.4009,tput=2.07] rank1[cuda1,share=0.3050,tput=3.61] rank2[cuda2,share=0.2941,tput=5.63]
epoch 19: eval=0.6833
epoch 20: loss=0.583990, train_acc=0.7988, time=11.5s
per-rank: rank0[cuda0,share=0.3844,tput=1.88] rank1[cuda1,share=0.3089,tput=2.92] rank2[cuda2,share=0.3066,tput=4.03]
epoch 20: eval=0.7610
epoch 21: loss=0.581100, train_acc=0.7996, time=9.4s
per-rank: rank0[cuda0,share=0.3481,tput=2.71] rank1[cuda1,share=0.3361,tput=4.29] rank2[cuda2,share=0.3157,tput=2.51]
epoch 21: eval=0.7762
epoch 22: loss=0.568914, train_acc=0.8041, time=9.8s
per-rank: rank0[cuda0,share=0.3800,tput=2.22] rank1[cuda1,share=0.3236,tput=5.33] rank2[cuda2,share=0.2964,tput=2.93]
epoch 22: eval=0.7505
epoch 23: loss=0.570340, train_acc=0.8031, time=9.3s
per-rank: rank0[cuda0,share=0.4070,tput=2.81] rank1[cuda1,share=0.3046,tput=3.61] rank2[cuda2,share=0.2884,tput=2.85]
epoch 23: eval=0.7795
epoch 24: loss=0.557143, train_acc=0.8094, time=9.1s
per-rank: rank0[cuda0,share=0.4037,tput=3.67] rank1[cuda1,share=0.3043,tput=4.04] rank2[cuda2,share=0.2919,tput=2.01]
epoch 24: eval=0.7907
epoch 25: loss=0.564613, train_acc=0.8074, time=9.1s
per-rank: rank0[cuda0,share=0.4205,tput=4.33] rank1[cuda1,share=0.3037,tput=2.32] rank2[cuda2,share=0.2758,tput=4.61]
epoch 25: eval=0.7349
epoch 26: loss=0.557711, train_acc=0.8080, time=9.5s
per-rank: rank0[cuda0,share=0.4229,tput=2.16] rank1[cuda1,share=0.3001,tput=7.13] rank2[cuda2,share=0.2770,tput=2.39]
epoch 26: eval=0.7944
epoch 27: loss=0.539107, train_acc=0.8143, time=9.2s
per-rank: rank0[cuda0,share=0.4177,tput=3.91] rank1[cuda1,share=0.3080,tput=2.77] rank2[cuda2,share=0.2743,tput=2.78]
epoch 27: eval=0.7723
epoch 28: loss=0.545160, train_acc=0.8115, time=9.1s
per-rank: rank0[cuda0,share=0.4325,tput=2.30] rank1[cuda1,share=0.3059,tput=2.41] rank2[cuda2,share=0.2616,tput=6.45]
epoch 28: eval=0.7415
epoch 29: loss=0.536047, train_acc=0.8156, time=11.3s
per-rank: rank0[cuda0,share=0.4100,tput=2.22] rank2[cuda2,share=0.3000,tput=3.75] rank1[cuda1,share=0.2900,tput=4.92]
epoch 29: eval=0.7762
epoch 30: loss=0.525211, train_acc=0.8203, time=10.3s
per-rank: rank0[cuda0,share=0.4035,tput=2.23] rank2[cuda2,share=0.2989,tput=2.63] rank1[cuda1,share=0.2976,tput=4.37]
epoch 30: eval=0.7675
epoch 31: loss=0.519623, train_acc=0.8205, time=9.9s
per-rank: rank0[cuda0,share=0.4187,tput=2.34] rank2[cuda2,share=0.2919,tput=3.35] rank1[cuda1,share=0.2895,tput=4.40]
epoch 31: eval=0.7048
epoch 32: loss=0.525479, train_acc=0.8193, time=9.6s
per-rank: rank0[cuda0,share=0.4360,tput=3.13] rank1[cuda1,share=0.2881,tput=2.75] rank2[cuda2,share=0.2759,tput=3.26]
epoch 32: eval=0.7809
epoch 33: loss=0.515822, train_acc=0.8245, time=9.1s
per-rank: rank0[cuda0,share=0.4303,tput=3.82] rank2[cuda2,share=0.2885,tput=2.70] rank1[cuda1,share=0.2812,tput=4.47]
epoch 33: eval=0.8297
epoch 34: loss=0.511225, train_acc=0.8237, time=12.0s
per-rank: rank0[cuda0,share=0.4059,tput=2.19] rank2[cuda2,share=0.3024,tput=3.96] rank1[cuda1,share=0.2918,tput=5.38]
epoch 34: eval=0.7613
epoch 35: loss=0.512670, train_acc=0.8222, time=11.1s
per-rank: rank0[cuda0,share=0.4084,tput=2.14] rank1[cuda1,share=0.2981,tput=2.96] rank2[cuda2,share=0.2935,tput=3.55]
epoch 35: eval=0.7720
epoch 36: loss=0.502275, train_acc=0.8259, time=9.5s
per-rank: rank0[cuda0,share=0.4091,tput=3.40] rank2[cuda2,share=0.2990,tput=2.18] rank1[cuda1,share=0.2919,tput=3.52]
epoch 36: eval=0.7866
epoch 37: loss=0.501913, train_acc=0.8256, time=9.1s
per-rank: rank0[cuda0,share=0.4182,tput=2.46] rank1[cuda1,share=0.3002,tput=6.89] rank2[cuda2,share=0.2815,tput=2.06]
epoch 37: eval=0.7794
epoch 38: loss=0.509350, train_acc=0.8264, time=12.3s
per-rank: rank0[cuda0,share=0.4078,tput=2.05] rank1[cuda1,share=0.3109,tput=3.91] rank2[cuda2,share=0.2813,tput=4.69]
epoch 38: eval=0.7776
epoch 39: loss=0.518266, train_acc=0.8200, time=11.0s
per-rank: rank0[cuda0,share=0.3843,tput=2.01] rank1[cuda1,share=0.3170,tput=4.12] rank2[cuda2,share=0.2988,tput=3.15]
epoch 39: eval=0.6975
epoch 40: loss=0.548597, train_acc=0.8123, time=9.4s
per-rank: rank0[cuda0,share=0.3723,tput=4.12] rank1[cuda1,share=0.3198,tput=3.18] rank2[cuda2,share=0.3078,tput=2.31]
epoch 40: eval=0.7989
epoch 41: loss=0.534805, train_acc=0.8163, time=9.1s
per-rank: rank0[cuda0,share=0.3700,tput=3.02] rank1[cuda1,share=0.3191,tput=4.23] rank2[cuda2,share=0.3108,tput=2.32]
epoch 41: eval=0.7898
epoch 42: loss=0.537895, train_acc=0.8172, time=10.1s
per-rank: rank0[cuda0,share=0.3728,tput=2.23] rank1[cuda1,share=0.3142,tput=3.32] rank2[cuda2,share=0.3131,tput=4.75]
epoch 42: eval=0.7641
epoch 43: loss=0.531912, train_acc=0.8172, time=9.6s
per-rank: rank0[cuda0,share=0.3728,tput=3.49] rank1[cuda1,share=0.3142,tput=3.38] rank2[cuda2,share=0.3131,tput=2.36]
epoch 43: eval=0.7560
epoch 44: loss=0.523812, train_acc=0.8201, time=10.5s
per-rank: rank0[cuda0,share=0.3825,tput=2.28] rank2[cuda2,share=0.3112,tput=4.47] rank1[cuda1,share=0.3063,tput=3.77]
epoch 44: eval=0.8153
epoch 45: loss=0.525580, train_acc=0.8200, time=10.0s
per-rank: rank0[cuda0,share=0.3825,tput=2.68] rank2[cuda2,share=0.3112,tput=3.74] rank1[cuda1,share=0.3063,tput=2.43]
epoch 45: eval=0.7950
epoch 46: loss=0.523828, train_acc=0.8213, time=10.9s
per-rank: rank0[cuda0,share=0.3864,tput=2.27] rank2[cuda2,share=0.3102,tput=4.55] rank1[cuda1,share=0.3034,tput=3.90]
epoch 46: eval=0.7670
epoch 47: loss=0.518796, train_acc=0.8222, time=10.2s
per-rank: rank0[cuda0,share=0.3895,tput=2.70] rank2[cuda2,share=0.3091,tput=3.56] rank1[cuda1,share=0.3013,tput=2.62]
epoch 47: eval=0.7500
epoch 48: loss=0.523570, train_acc=0.8194, time=9.0s
per-rank: rank0[cuda0,share=0.3923,tput=2.24] rank2[cuda2,share=0.3082,tput=5.43] rank1[cuda1,share=0.2995,tput=2.87]
epoch 48: eval=0.7767
epoch 49: loss=0.516744, train_acc=0.8228, time=9.1s
per-rank: rank0[cuda0,share=0.3983,tput=2.40] rank2[cuda2,share=0.3060,tput=6.06] rank1[cuda1,share=0.2957,tput=2.30]
epoch 49: eval=0.7799
epoch 50: loss=0.515994, train_acc=0.8222, time=9.1s
per-rank: rank0[cuda0,share=0.4048,tput=2.40] rank2[cuda2,share=0.3027,tput=2.52] rank1[cuda1,share=0.2925,tput=5.34]
epoch 50: eval=0.7796
epoch 51: loss=0.518811, train_acc=0.8223, time=9.0s
per-rank: rank0[cuda0,share=0.4096,tput=2.37] rank2[cuda2,share=0.3003,tput=2.41] rank1[cuda1,share=0.2901,tput=6.40]
epoch 51: eval=0.7999
epoch 52: loss=0.520348, train_acc=0.8201, time=9.1s
per-rank: rank0[cuda0,share=0.4144,tput=2.91] rank2[cuda2,share=0.2979,tput=2.16] rank1[cuda1,share=0.2877,tput=5.90]
epoch 52: eval=0.7831
epoch 53: loss=0.515382, train_acc=0.8244, time=9.2s
per-rank: rank0[cuda0,share=0.4163,tput=3.43] rank2[cuda2,share=0.2961,tput=2.15] rank1[cuda1,share=0.2876,tput=3.81]
epoch 53: eval=0.8185
epoch 54: loss=0.511138, train_acc=0.8234, time=9.8s
per-rank: rank0[cuda0,share=0.4163,tput=2.59] rank2[cuda2,share=0.2961,tput=2.86] rank1[cuda1,share=0.2876,tput=2.49]
epoch 54: eval=0.7748
epoch 55: loss=0.507152, train_acc=0.8252, time=11.9s
per-rank: rank0[cuda0,share=0.4177,tput=2.09] rank2[cuda2,share=0.2937,tput=4.76] rank1[cuda1,share=0.2886,tput=3.94]
epoch 55: eval=0.8063
epoch 56: loss=0.511750, train_acc=0.8247, time=11.1s
per-rank: rank0[cuda0,share=0.4177,tput=1.96] rank2[cuda2,share=0.2937,tput=3.65] rank1[cuda1,share=0.2886,tput=3.10]
epoch 56: eval=0.7875
epoch 57: loss=0.511214, train_acc=0.8260, time=12.4s
per-rank: rank0[cuda0,share=0.4148,tput=2.01] rank2[cuda2,share=0.2935,tput=5.39] rank1[cuda1,share=0.2917,tput=4.06]
epoch 57: eval=0.7951
epoch 58: loss=0.498091, train_acc=0.8293, time=11.6s
per-rank: rank0[cuda0,share=0.4148,tput=2.08] rank2[cuda2,share=0.2935,tput=2.85] rank1[cuda1,share=0.2917,tput=3.68]
epoch 58: eval=0.7811
epoch 59: loss=0.510893, train_acc=0.8260, time=9.2s
per-rank: rank0[cuda0,share=0.4116,tput=4.59] rank2[cuda2,share=0.2943,tput=3.00] rank1[cuda1,share=0.2941,tput=2.96]
epoch 59: eval=0.8108
epoch 60: loss=0.500594, train_acc=0.8281, time=9.0s
per-rank: rank0[cuda0,share=0.4084,tput=2.71] rank1[cuda1,share=0.2966,tput=5.87] rank2[cuda2,share=0.2950,tput=2.10]
epoch 60: eval=0.7928
epoch 61: loss=0.503319, train_acc=0.8275, time=9.1s
per-rank: rank0[cuda0,share=0.4050,tput=2.89] rank1[cuda1,share=0.2991,tput=4.37] rank2[cuda2,share=0.2959,tput=2.53]
epoch 61: eval=0.8167
epoch 62: loss=0.501519, train_acc=0.8289, time=9.0s
per-rank: rank0[cuda0,share=0.4034,tput=2.87] rank1[cuda1,share=0.2999,tput=4.66] rank2[cuda2,share=0.2967,tput=2.48]
epoch 62: eval=0.7682
epoch 63: loss=0.499121, train_acc=0.8275, time=10.7s
per-rank: rank0[cuda0,share=0.4014,tput=2.30] rank1[cuda1,share=0.3009,tput=3.76] rank2[cuda2,share=0.2977,tput=4.70]
epoch 63: eval=0.7995
epoch 64: loss=0.502036, train_acc=0.8278, time=9.9s
per-rank: rank0[cuda0,share=0.4014,tput=2.81] rank1[cuda1,share=0.3009,tput=3.50] rank2[cuda2,share=0.2977,tput=2.70]
epoch 64: eval=0.7371
epoch 65: loss=0.491757, train_acc=0.8314, time=11.5s
per-rank: rank0[cuda0,share=0.4025,tput=2.15] rank2[cuda2,share=0.2991,tput=4.89] rank1[cuda1,share=0.2984,tput=3.73]
epoch 65: eval=0.8148
epoch 66: loss=0.507103, train_acc=0.8266, time=10.4s
per-rank: rank0[cuda0,share=0.4025,tput=2.22] rank2[cuda2,share=0.2991,tput=2.89] rank1[cuda1,share=0.2984,tput=4.19]
epoch 66: eval=0.7138
epoch 67: loss=0.504717, train_acc=0.8270, time=11.4s
per-rank: rank0[cuda0,share=0.4083,tput=2.28] rank2[cuda2,share=0.2981,tput=4.26] rank1[cuda1,share=0.2935,tput=4.55]
epoch 67: eval=0.8318
epoch 68: loss=0.498213, train_acc=0.8281, time=10.5s
per-rank: rank0[cuda0,share=0.4083,tput=2.54] rank2[cuda2,share=0.2981,tput=3.79] rank1[cuda1,share=0.2935,tput=2.76]
epoch 68: eval=0.7943
epoch 69: loss=0.496351, train_acc=0.8313, time=11.3s
per-rank: rank0[cuda0,share=0.4160,tput=2.26] rank2[cuda2,share=0.2956,tput=4.82] rank1[cuda1,share=0.2884,tput=4.14]
epoch 69: eval=0.7797
epoch 70: loss=0.500178, train_acc=0.8278, time=10.4s
per-rank: rank0[cuda0,share=0.4160,tput=2.20] rank2[cuda2,share=0.2956,tput=2.42] rank1[cuda1,share=0.2884,tput=4.49]
epoch 70: eval=0.7513
epoch 71: loss=0.494684, train_acc=0.8314, time=12.1s
per-rank: rank0[cuda0,share=0.4199,tput=2.08] rank2[cuda2,share=0.2934,tput=4.95] rank1[cuda1,share=0.2866,tput=3.74]
epoch 71: eval=0.7796
epoch 72: loss=0.494339, train_acc=0.8294, time=10.6s
per-rank: rank0[cuda0,share=0.4199,tput=2.19] rank2[cuda2,share=0.2934,tput=4.56] rank1[cuda1,share=0.2866,tput=2.43]
epoch 72: eval=0.8211
epoch 73: loss=0.490661, train_acc=0.8321, time=11.3s
per-rank: rank0[cuda0,share=0.4188,tput=2.19] rank2[cuda2,share=0.2947,tput=5.88] rank1[cuda1,share=0.2864,tput=3.14]
epoch 73: eval=0.7791
epoch 74: loss=0.499636, train_acc=0.8291, time=10.2s
per-rank: rank0[cuda0,share=0.4188,tput=2.36] rank2[cuda2,share=0.2947,tput=2.67] rank1[cuda1,share=0.2864,tput=4.24]
epoch 74: eval=0.7901
epoch 75: loss=0.486654, train_acc=0.8320, time=10.4s
per-rank: rank0[cuda0,share=0.4129,tput=2.37] rank2[cuda2,share=0.2973,tput=4.73] rank1[cuda1,share=0.2898,tput=3.69]
epoch 75: eval=0.7870
epoch 76: loss=0.482602, train_acc=0.8351, time=9.7s
per-rank: rank0[cuda0,share=0.4115,tput=3.12] rank2[cuda2,share=0.2983,tput=2.48] rank1[cuda1,share=0.2902,tput=3.76]
epoch 76: eval=0.7975
epoch 77: loss=0.491782, train_acc=0.8302, time=11.1s
per-rank: rank0[cuda0,share=0.4102,tput=2.25] rank2[cuda2,share=0.2993,tput=4.27] rank1[cuda1,share=0.2905,tput=3.97]
epoch 77: eval=0.7509
epoch 78: loss=0.480982, train_acc=0.8360, time=10.1s
per-rank: rank0[cuda0,share=0.4108,tput=2.61] rank2[cuda2,share=0.2985,tput=3.75] rank1[cuda1,share=0.2907,tput=2.67]
epoch 78: eval=0.7820
epoch 79: loss=0.492494, train_acc=0.8313, time=9.0s
per-rank: rank0[cuda0,share=0.4107,tput=3.74] rank2[cuda2,share=0.2988,tput=4.35] rank1[cuda1,share=0.2905,tput=2.66]
epoch 79: eval=0.7754
epoch 80: loss=0.490900, train_acc=0.8306, time=9.0s
per-rank: rank0[cuda0,share=0.4114,tput=3.49] rank2[cuda2,share=0.2996,tput=4.52] rank1[cuda1,share=0.2890,tput=2.89]
epoch 80: eval=0.7451
epoch 81: loss=0.489220, train_acc=0.8304, time=12.4s
per-rank: rank0[cuda0,share=0.4114,tput=1.99] rank2[cuda2,share=0.3000,tput=4.27] rank1[cuda1,share=0.2886,tput=4.12]
epoch 81: eval=0.7530
epoch 82: loss=0.491149, train_acc=0.8324, time=11.4s
per-rank: rank0[cuda0,share=0.4097,tput=2.10] rank2[cuda2,share=0.3003,tput=3.95] rank1[cuda1,share=0.2900,tput=3.21]
epoch 82: eval=0.7469
epoch 83: loss=0.486465, train_acc=0.8323, time=9.6s
per-rank: rank0[cuda0,share=0.4080,tput=3.14] rank2[cuda2,share=0.3006,tput=2.30] rank1[cuda1,share=0.2913,tput=3.75]
epoch 83: eval=0.7997
epoch 84: loss=0.479954, train_acc=0.8354, time=9.1s
per-rank: rank0[cuda0,share=0.4064,tput=2.61] rank2[cuda2,share=0.2994,tput=2.27] rank1[cuda1,share=0.2942,tput=5.39]
epoch 84: eval=0.7918
epoch 85: loss=0.478678, train_acc=0.8349, time=11.0s
per-rank: rank0[cuda0,share=0.4037,tput=2.06] rank2[cuda2,share=0.2992,tput=3.36] rank1[cuda1,share=0.2971,tput=5.20]
epoch 85: eval=0.7221
epoch 86: loss=0.486094, train_acc=0.8340, time=10.3s
per-rank: rank0[cuda0,share=0.4024,tput=2.23] rank1[cuda1,share=0.2994,tput=2.60] rank2[cuda2,share=0.2982,tput=4.13]
epoch 86: eval=0.7976
epoch 87: loss=0.481668, train_acc=0.8359, time=12.0s
per-rank: rank0[cuda0,share=0.4003,tput=2.00] rank1[cuda1,share=0.3011,tput=3.54] rank2[cuda2,share=0.2985,tput=5.19]
epoch 87: eval=0.8266
epoch 88: loss=0.480262, train_acc=0.8369, time=10.3s
per-rank: rank0[cuda0,share=0.3968,tput=2.36] rank1[cuda1,share=0.3037,tput=4.07] rank2[cuda2,share=0.2995,tput=2.83]
epoch 88: eval=0.8011
epoch 89: loss=0.476000, train_acc=0.8363, time=9.0s
per-rank: rank0[cuda0,share=0.3932,tput=4.00] rank1[cuda1,share=0.3063,tput=3.34] rank2[cuda2,share=0.3006,tput=2.19]
epoch 89: eval=0.8116
epoch 90: loss=0.475844, train_acc=0.8381, time=11.3s
per-rank: rank0[cuda0,share=0.3906,tput=2.04] rank1[cuda1,share=0.3067,tput=3.24] rank2[cuda2,share=0.3027,tput=5.41]
epoch 90: eval=0.7881
epoch 91: loss=0.475806, train_acc=0.8353, time=10.0s
per-rank: rank0[cuda0,share=0.3911,tput=2.62] rank1[cuda1,share=0.3056,tput=4.26] rank2[cuda2,share=0.3033,tput=2.52]
epoch 91: eval=0.7672
epoch 92: loss=0.482814, train_acc=0.8342, time=10.9s
per-rank: rank0[cuda0,share=0.3928,tput=2.17] rank1[cuda1,share=0.3038,tput=4.54] rank2[cuda2,share=0.3034,tput=3.82]
epoch 92: eval=0.8172
epoch 93: loss=0.483932, train_acc=0.8342, time=9.9s
per-rank: rank0[cuda0,share=0.3928,tput=2.46] rank1[cuda1,share=0.3038,tput=2.64] rank2[cuda2,share=0.3034,tput=3.83]
epoch 93: eval=0.7828
epoch 94: loss=0.477451, train_acc=0.8356, time=11.7s
per-rank: rank0[cuda0,share=0.3927,tput=2.05] rank2[cuda2,share=0.3055,tput=5.31] rank1[cuda1,share=0.3018,tput=3.67]
epoch 94: eval=0.7974
epoch 95: loss=0.470671, train_acc=0.8372, time=10.3s
per-rank: rank0[cuda0,share=0.3919,tput=2.32] rank2[cuda2,share=0.3069,tput=2.65] rank1[cuda1,share=0.3012,tput=4.49]
epoch 95: eval=0.7990
epoch 96: loss=0.477610, train_acc=0.8362, time=11.3s
per-rank: rank0[cuda0,share=0.3936,tput=2.10] rank2[cuda2,share=0.3082,tput=4.75] rank1[cuda1,share=0.2982,tput=3.93]
epoch 96: eval=0.7907
epoch 97: loss=0.473582, train_acc=0.8376, time=10.2s
per-rank: rank0[cuda0,share=0.3939,tput=2.64] rank2[cuda2,share=0.3084,tput=3.62] rank1[cuda1,share=0.2977,tput=3.02]
epoch 97: eval=0.8036
epoch 98: loss=0.477818, train_acc=0.8344, time=9.1s
per-rank: rank0[cuda0,share=0.3935,tput=2.50] rank2[cuda2,share=0.3080,tput=2.50] rank1[cuda1,share=0.2985,tput=5.63]
epoch 98: eval=0.8109
epoch 99: loss=0.471450, train_acc=0.8385, time=9.0s
per-rank: rank0[cuda0,share=0.3937,tput=2.02] rank2[cuda2,share=0.3064,tput=5.89] rank1[cuda1,share=0.2999,tput=2.61]
epoch 99: eval=0.7748
epoch 100: loss=0.373953, train_acc=0.8714, time=8.9s
per-rank: rank0[cuda0,share=0.3917,tput=2.31] rank2[cuda2,share=0.3071,tput=2.56] rank1[cuda1,share=0.3012,tput=5.52]
epoch 100: eval=0.8908
epoch 101: loss=0.265436, train_acc=0.9086, time=10.5s
per-rank: rank0[cuda0,share=0.3908,tput=2.21] rank2[cuda2,share=0.3068,tput=3.04] rank1[cuda1,share=0.3024,tput=5.43]
epoch 101: eval=0.8969
epoch 102: loss=0.249348, train_acc=0.9147, time=9.8s
per-rank: rank0[cuda0,share=0.3892,tput=3.32] rank2[cuda2,share=0.3061,tput=3.69] rank1[cuda1,share=0.3047,tput=2.34]
epoch 102: eval=0.9008
epoch 103: loss=0.238869, train_acc=0.9183, time=9.0s
per-rank: rank0[cuda0,share=0.3906,tput=2.76] rank2[cuda2,share=0.3054,tput=2.38] rank1[cuda1,share=0.3041,tput=4.67]
epoch 103: eval=0.9019
epoch 104: loss=0.229197, train_acc=0.9206, time=8.9s
per-rank: rank0[cuda0,share=0.3925,tput=3.84] rank1[cuda1,share=0.3038,tput=3.62] rank2[cuda2,share=0.3036,tput=2.27]
epoch 104: eval=0.8986
epoch 105: loss=0.223592, train_acc=0.9218, time=12.0s
per-rank: rank0[cuda0,share=0.3978,tput=2.09] rank1[cuda1,share=0.3012,tput=3.90] rank2[cuda2,share=0.3010,tput=5.19]
epoch 105: eval=0.9022
epoch 106: loss=0.215991, train_acc=0.9247, time=10.3s
per-rank: rank0[cuda0,share=0.3983,tput=2.23] rank2[cuda2,share=0.3016,tput=3.74] rank1[cuda1,share=0.3000,tput=3.01]
epoch 106: eval=0.9035
epoch 107: loss=0.212817, train_acc=0.9262, time=9.2s
per-rank: rank0[cuda0,share=0.4011,tput=3.57] rank2[cuda2,share=0.3002,tput=2.98] rank1[cuda1,share=0.2986,tput=2.72]
epoch 107: eval=0.9058
epoch 108: loss=0.204793, train_acc=0.9295, time=9.1s
per-rank: rank0[cuda0,share=0.4026,tput=3.33] rank2[cuda2,share=0.2995,tput=3.27] rank1[cuda1,share=0.2979,tput=2.55]
epoch 108: eval=0.9048
epoch 109: loss=0.204337, train_acc=0.9284, time=9.1s
per-rank: rank0[cuda0,share=0.4046,tput=3.48] rank1[cuda1,share=0.2977,tput=2.41] rank2[cuda2,share=0.2977,tput=3.31]
epoch 109: eval=0.9022
epoch 110: loss=0.197490, train_acc=0.9321, time=11.6s
per-rank: rank0[cuda0,share=0.4065,tput=2.13] rank1[cuda1,share=0.2992,tput=3.40] rank2[cuda2,share=0.2943,tput=5.04]
epoch 110: eval=0.9061
epoch 111: loss=0.198583, train_acc=0.9310, time=10.4s
per-rank: rank0[cuda0,share=0.4054,tput=2.39] rank1[cuda1,share=0.2994,tput=3.62] rank2[cuda2,share=0.2952,tput=2.95]
epoch 111: eval=0.9047
epoch 112: loss=0.193206, train_acc=0.9322, time=9.0s
per-rank: rank0[cuda0,share=0.4036,tput=3.46] rank1[cuda1,share=0.2989,tput=3.28] rank2[cuda2,share=0.2975,tput=2.52]
epoch 112: eval=0.9104
epoch 113: loss=0.193243, train_acc=0.9329, time=9.0s
per-rank: rank0[cuda0,share=0.4029,tput=2.94] rank2[cuda2,share=0.2989,tput=3.15] rank1[cuda1,share=0.2982,tput=3.01]
epoch 113: eval=0.8976
epoch 114: loss=0.190758, train_acc=0.9328, time=8.9s
per-rank: rank0[cuda0,share=0.4023,tput=2.72] rank1[cuda1,share=0.2988,tput=2.76] rank2[cuda2,share=0.2988,tput=4.62]
epoch 114: eval=0.9031
epoch 115: loss=0.184797, train_acc=0.9350, time=10.7s
per-rank: rank0[cuda0,share=0.4016,tput=2.22] rank1[cuda1,share=0.2996,tput=5.27] rank2[cuda2,share=0.2988,tput=3.22]
epoch 115: eval=0.9093
epoch 116: loss=0.184404, train_acc=0.9359, time=9.9s
per-rank: rank0[cuda0,share=0.4016,tput=2.88] rank1[cuda1,share=0.2993,tput=2.52] rank2[cuda2,share=0.2991,tput=3.90]
epoch 116: eval=0.9072
epoch 117: loss=0.183793, train_acc=0.9357, time=10.7s
per-rank: rank0[cuda0,share=0.4024,tput=2.28] rank1[cuda1,share=0.3004,tput=5.06] rank2[cuda2,share=0.2971,tput=3.28]
epoch 117: eval=0.9013
epoch 118: loss=0.179075, train_acc=0.9379, time=9.9s
per-rank: rank0[cuda0,share=0.4044,tput=2.69] rank1[cuda1,share=0.3000,tput=2.55] rank2[cuda2,share=0.2956,tput=4.08]
epoch 118: eval=0.9044
epoch 119: loss=0.176276, train_acc=0.9391, time=9.1s
per-rank: rank0[cuda0,share=0.4075,tput=2.64] rank1[cuda1,share=0.3011,tput=2.88] rank2[cuda2,share=0.2915,tput=3.57]
epoch 119: eval=0.9069
epoch 120: loss=0.174784, train_acc=0.9391, time=11.3s
per-rank: rank0[cuda0,share=0.4101,tput=2.18] rank1[cuda1,share=0.2996,tput=3.53] rank2[cuda2,share=0.2903,tput=5.09]
epoch 120: eval=0.9109
epoch 121: loss=0.172787, train_acc=0.9386, time=10.2s
per-rank: rank0[cuda0,share=0.4102,tput=2.14] rank1[cuda1,share=0.2999,tput=2.87] rank2[cuda2,share=0.2899,tput=4.00]
epoch 121: eval=0.9088
epoch 122: loss=0.170663, train_acc=0.9408, time=9.1s
per-rank: rank0[cuda0,share=0.4089,tput=3.64] rank1[cuda1,share=0.2993,tput=3.15] rank2[cuda2,share=0.2917,tput=2.40]
epoch 122: eval=0.9099
epoch 123: loss=0.168435, train_acc=0.9411, time=9.0s
per-rank: rank0[cuda0,share=0.4083,tput=2.59] rank1[cuda1,share=0.2990,tput=2.75] rank2[cuda2,share=0.2927,tput=5.11]
epoch 123: eval=0.9057
epoch 124: loss=0.170380, train_acc=0.9397, time=11.4s
per-rank: rank0[cuda0,share=0.4026,tput=2.09] rank1[cuda1,share=0.3010,tput=5.33] rank2[cuda2,share=0.2964,tput=3.34]
epoch 124: eval=0.9087
epoch 125: loss=0.171201, train_acc=0.9393, time=10.6s
per-rank: rank0[cuda0,share=0.4010,tput=1.91] rank1[cuda1,share=0.3025,tput=3.07] rank2[cuda2,share=0.2965,tput=3.71]
epoch 125: eval=0.9081
epoch 126: loss=0.166073, train_acc=0.9416, time=9.1s
per-rank: rank0[cuda0,share=0.3977,tput=3.69] rank1[cuda1,share=0.3057,tput=2.65] rank2[cuda2,share=0.2966,tput=2.87]
epoch 126: eval=0.9071
epoch 127: loss=0.165722, train_acc=0.9416, time=11.1s
per-rank: rank0[cuda0,share=0.3980,tput=2.13] rank1[cuda1,share=0.3071,tput=3.68] rank2[cuda2,share=0.2949,tput=5.05]
epoch 127: eval=0.9097
epoch 128: loss=0.159702, train_acc=0.9442, time=10.0s
per-rank: rank0[cuda0,share=0.3991,tput=3.03] rank1[cuda1,share=0.3088,tput=2.30] rank2[cuda2,share=0.2921,tput=3.98]
epoch 128: eval=0.9067
epoch 129: loss=0.162744, train_acc=0.9429, time=10.8s
per-rank: rank0[cuda0,share=0.4024,tput=2.29] rank1[cuda1,share=0.3067,tput=3.40] rank2[cuda2,share=0.2909,tput=5.36]
epoch 129: eval=0.9036
epoch 130: loss=0.162079, train_acc=0.9437, time=10.1s
per-rank: rank0[cuda0,share=0.4069,tput=2.44] rank1[cuda1,share=0.3036,tput=2.86] rank2[cuda2,share=0.2895,tput=3.61]
epoch 130: eval=0.9077
epoch 131: loss=0.160508, train_acc=0.9433, time=9.1s
per-rank: rank0[cuda0,share=0.4080,tput=2.62] rank1[cuda1,share=0.3027,tput=3.62] rank2[cuda2,share=0.2894,tput=2.67]
epoch 131: eval=0.9084
epoch 132: loss=0.155476, train_acc=0.9455, time=11.5s
per-rank: rank0[cuda0,share=0.4053,tput=2.08] rank1[cuda1,share=0.3005,tput=3.46] rank2[cuda2,share=0.2942,tput=5.17]
epoch 132: eval=0.9038
epoch 133: loss=0.155349, train_acc=0.9452, time=10.4s
per-rank: rank0[cuda0,share=0.4019,tput=2.34] rank1[cuda1,share=0.3003,tput=4.37] rank2[cuda2,share=0.2979,tput=2.53]
epoch 133: eval=0.9069
epoch 134: loss=0.154556, train_acc=0.9459, time=9.1s
per-rank: rank0[cuda0,share=0.3954,tput=2.89] rank1[cuda1,share=0.3029,tput=3.49] rank2[cuda2,share=0.3018,tput=2.61]
epoch 134: eval=0.9052
epoch 135: loss=0.151557, train_acc=0.9467, time=10.4s
per-rank: rank0[cuda0,share=0.3842,tput=2.17] rank2[cuda2,share=0.3085,tput=4.08] rank1[cuda1,share=0.3073,tput=3.75]
epoch 135: eval=0.9055
epoch 136: loss=0.153556, train_acc=0.9450, time=9.5s
per-rank: rank0[cuda0,share=0.3862,tput=3.45] rank1[cuda1,share=0.3077,tput=2.67] rank2[cuda2,share=0.3061,tput=3.33]
epoch 136: eval=0.9059
epoch 137: loss=0.151067, train_acc=0.9470, time=11.9s
per-rank: rank0[cuda0,share=0.3894,tput=2.02] rank1[cuda1,share=0.3081,tput=4.74] rank2[cuda2,share=0.3025,tput=3.89]
epoch 137: eval=0.9052
epoch 138: loss=0.151046, train_acc=0.9466, time=10.7s
per-rank: rank0[cuda0,share=0.3914,tput=2.42] rank1[cuda1,share=0.3073,tput=3.53] rank2[cuda2,share=0.3012,tput=3.06]
epoch 138: eval=0.8992
epoch 139: loss=0.150956, train_acc=0.9463, time=11.3s
per-rank: rank0[cuda0,share=0.3926,tput=2.14] rank2[cuda2,share=0.3048,tput=5.44] rank1[cuda1,share=0.3026,tput=3.36]
epoch 139: eval=0.9021
epoch 140: loss=0.147462, train_acc=0.9487, time=10.2s
per-rank: rank0[cuda0,share=0.3904,tput=2.75] rank2[cuda2,share=0.3107,tput=3.87] rank1[cuda1,share=0.2989,tput=2.56]
epoch 140: eval=0.8972
epoch 141: loss=0.145748, train_acc=0.9482, time=9.0s
per-rank: rank0[cuda0,share=0.3937,tput=2.56] rank2[cuda2,share=0.3133,tput=2.41] rank1[cuda1,share=0.2930,tput=5.93]
epoch 141: eval=0.9035
epoch 142: loss=0.149241, train_acc=0.9472, time=11.3s
per-rank: rank0[cuda0,share=0.3970,tput=2.18] rank2[cuda2,share=0.3092,tput=4.75] rank1[cuda1,share=0.2938,tput=4.10]
epoch 142: eval=0.9040
epoch 143: loss=0.146905, train_acc=0.9488, time=10.5s
per-rank: rank0[cuda0,share=0.3995,tput=2.43] rank2[cuda2,share=0.3069,tput=4.22] rank1[cuda1,share=0.2937,tput=2.43]
epoch 143: eval=0.8938
epoch 144: loss=0.145610, train_acc=0.9477, time=9.1s
per-rank: rank0[cuda0,share=0.4004,tput=3.43] rank2[cuda2,share=0.3042,tput=3.14] rank1[cuda1,share=0.2954,tput=2.57]
epoch 144: eval=0.8993
epoch 145: loss=0.146403, train_acc=0.9483, time=11.7s
per-rank: rank0[cuda0,share=0.4068,tput=2.12] rank2[cuda2,share=0.3011,tput=3.87] rank1[cuda1,share=0.2921,tput=4.74]
epoch 145: eval=0.9015
epoch 146: loss=0.140589, train_acc=0.9510, time=10.3s
per-rank: rank0[cuda0,share=0.4015,tput=3.52] rank2[cuda2,share=0.3011,tput=3.85] rank1[cuda1,share=0.2973,tput=3.10]
epoch 146: eval=0.9046
epoch 147: loss=0.139718, train_acc=0.9499, time=9.1s
per-rank: rank0[cuda0,share=0.3947,tput=4.15] rank2[cuda2,share=0.3065,tput=3.59] rank1[cuda1,share=0.2988,tput=2.11]
epoch 147: eval=0.8955
epoch 148: loss=0.137400, train_acc=0.9519, time=8.9s
per-rank: rank0[cuda0,share=0.4072,tput=2.54] rank2[cuda2,share=0.3008,tput=5.43] rank1[cuda1,share=0.2919,tput=2.52]
epoch 148: eval=0.9053
epoch 149: loss=0.138386, train_acc=0.9515, time=12.1s
per-rank: rank0[cuda0,share=0.4197,tput=2.14] rank2[cuda2,share=0.2934,tput=5.48] rank1[cuda1,share=0.2869,tput=3.47]
epoch 149: eval=0.9145
epoch 150: loss=0.108726, train_acc=0.9633, time=11.1s
per-rank: rank0[cuda0,share=0.4071,tput=2.07] rank1[cuda1,share=0.2982,tput=3.24] rank2[cuda2,share=0.2947,tput=3.58]
epoch 150: eval=0.9167
epoch 151: loss=0.091983, train_acc=0.9695, time=9.2s
per-rank: rank0[cuda0,share=0.3987,tput=3.48] rank1[cuda1,share=0.3108,tput=3.30] rank2[cuda2,share=0.2905,tput=2.49]
epoch 151: eval=0.9195
epoch 152: loss=0.090887, train_acc=0.9693, time=11.5s
per-rank: rank0[cuda0,share=0.4184,tput=2.22] rank1[cuda1,share=0.2942,tput=3.61] rank2[cuda2,share=0.2874,tput=5.46]
epoch 152: eval=0.9192
epoch 153: loss=0.090339, train_acc=0.9692, time=10.6s
per-rank: rank0[cuda0,share=0.4210,tput=2.62] rank1[cuda1,share=0.2936,tput=4.35] rank2[cuda2,share=0.2854,tput=2.55]
epoch 153: eval=0.9180
epoch 154: loss=0.086422, train_acc=0.9704, time=9.2s
per-rank: rank0[cuda0,share=0.4241,tput=3.25] rank1[cuda1,share=0.2932,tput=3.37] rank2[cuda2,share=0.2827,tput=2.48]
epoch 154: eval=0.9204
epoch 155: loss=0.084749, train_acc=0.9720, time=11.5s
per-rank: rank0[cuda0,share=0.4184,tput=2.16] rank1[cuda1,share=0.2980,tput=5.95] rank2[cuda2,share=0.2837,tput=3.02]
epoch 155: eval=0.9205
epoch 156: loss=0.084962, train_acc=0.9716, time=10.4s
per-rank: rank0[cuda0,share=0.4054,tput=2.18] rank1[cuda1,share=0.2997,tput=3.78] rank2[cuda2,share=0.2949,tput=2.98]
epoch 156: eval=0.9196
epoch 157: loss=0.081252, train_acc=0.9733, time=9.1s
per-rank: rank0[cuda0,share=0.3988,tput=3.81] rank2[cuda2,share=0.3016,tput=2.16] rank1[cuda1,share=0.2996,tput=3.56]
epoch 157: eval=0.9189
epoch 158: loss=0.082899, train_acc=0.9726, time=9.2s
per-rank: rank0[cuda0,share=0.4155,tput=3.28] rank1[cuda1,share=0.3029,tput=2.79] rank2[cuda2,share=0.2816,tput=3.07]
epoch 158: eval=0.9184
epoch 159: loss=0.081439, train_acc=0.9724, time=9.6s
per-rank: rank0[cuda0,share=0.4207,tput=2.58] rank1[cuda1,share=0.3085,tput=3.97] rank2[cuda2,share=0.2708,tput=4.57]
epoch 159: eval=0.9194
epoch 160: loss=0.082676, train_acc=0.9718, time=9.0s
per-rank: rank0[cuda0,share=0.4207,tput=3.11] rank1[cuda1,share=0.3085,tput=2.56] rank2[cuda2,share=0.2708,tput=3.48]
epoch 160: eval=0.9183
epoch 161: loss=0.081471, train_acc=0.9723, time=11.4s
per-rank: rank0[cuda0,share=0.4212,tput=2.21] rank1[cuda1,share=0.3097,tput=3.28] rank2[cuda2,share=0.2691,tput=5.85]
epoch 161: eval=0.9189
epoch 162: loss=0.080113, train_acc=0.9738, time=10.2s
per-rank: rank0[cuda0,share=0.4230,tput=2.54] rank1[cuda1,share=0.3073,tput=3.34] rank2[cuda2,share=0.2697,tput=2.99]
epoch 162: eval=0.9185
epoch 163: loss=0.081717, train_acc=0.9721, time=9.0s
per-rank: rank0[cuda0,share=0.4216,tput=2.23] rank1[cuda1,share=0.3071,tput=5.90] rank2[cuda2,share=0.2713,tput=2.63]
epoch 163: eval=0.9182
epoch 164: loss=0.078631, train_acc=0.9739, time=9.1s
per-rank: rank0[cuda0,share=0.4216,tput=2.90] rank1[cuda1,share=0.3071,tput=2.51] rank2[cuda2,share=0.2713,tput=3.73]
epoch 164: eval=0.9198
epoch 165: loss=0.078915, train_acc=0.9740, time=11.6s
per-rank: rank0[cuda0,share=0.4185,tput=2.13] rank1[cuda1,share=0.3046,tput=3.77] rank2[cuda2,share=0.2769,tput=5.17]
epoch 165: eval=0.9182
epoch 166: loss=0.077419, train_acc=0.9741, time=10.3s
per-rank: rank0[cuda0,share=0.4185,tput=2.18] rank1[cuda1,share=0.3046,tput=3.30] rank2[cuda2,share=0.2769,tput=3.58]
epoch 166: eval=0.9189
epoch 167: loss=0.079032, train_acc=0.9737, time=9.0s
per-rank: rank0[cuda0,share=0.4174,tput=2.48] rank1[cuda1,share=0.3037,tput=6.43] rank2[cuda2,share=0.2789,tput=2.12]
epoch 167: eval=0.9192
epoch 168: loss=0.076582, train_acc=0.9737, time=9.1s
per-rank: rank0[cuda0,share=0.4168,tput=2.19] rank1[cuda1,share=0.3027,tput=2.87] rank2[cuda2,share=0.2805,tput=4.83]
epoch 168: eval=0.9175
epoch 169: loss=0.076071, train_acc=0.9742, time=9.5s
per-rank: rank0[cuda0,share=0.4146,tput=1.89] rank1[cuda1,share=0.3028,tput=2.86] rank2[cuda2,share=0.2826,tput=6.22]
epoch 169: eval=0.9169
epoch 170: loss=0.077389, train_acc=0.9740, time=9.2s
per-rank: rank0[cuda0,share=0.4110,tput=3.27] rank1[cuda1,share=0.3034,tput=2.84] rank2[cuda2,share=0.2856,tput=3.14]
epoch 170: eval=0.9176
epoch 171: loss=0.076279, train_acc=0.9745, time=10.7s
per-rank: rank0[cuda0,share=0.4079,tput=2.18] rank1[cuda1,share=0.3046,tput=3.17] rank2[cuda2,share=0.2875,tput=5.46]
epoch 171: eval=0.9193
epoch 172: loss=0.076638, train_acc=0.9744, time=9.8s
per-rank: rank0[cuda0,share=0.4056,tput=2.90] rank1[cuda1,share=0.3043,tput=2.33] rank2[cuda2,share=0.2901,tput=4.08]
epoch 172: eval=0.9179
epoch 173: loss=0.075581, train_acc=0.9748, time=9.0s
per-rank: rank0[cuda0,share=0.4012,tput=3.84] rank1[cuda1,share=0.3063,tput=2.98] rank2[cuda2,share=0.2926,tput=2.50]
epoch 173: eval=0.9189
epoch 174: loss=0.075043, train_acc=0.9749, time=8.9s
per-rank: rank0[cuda0,share=0.3993,tput=2.56] rank1[cuda1,share=0.3058,tput=2.24] rank2[cuda2,share=0.2949,tput=6.16]
epoch 174: eval=0.9174
epoch 175: loss=0.073881, train_acc=0.9740, time=9.0s
per-rank: rank0[cuda0,share=0.3978,tput=3.68] rank1[cuda1,share=0.3062,tput=3.60] rank2[cuda2,share=0.2960,tput=2.23]
epoch 175: eval=0.9177
epoch 176: loss=0.074631, train_acc=0.9747, time=11.0s
per-rank: rank0[cuda0,share=0.3963,tput=2.15] rank1[cuda1,share=0.3066,tput=4.56] rank2[cuda2,share=0.2971,tput=3.66]
epoch 176: eval=0.9162
epoch 177: loss=0.073978, train_acc=0.9755, time=9.9s
per-rank: rank0[cuda0,share=0.3948,tput=2.32] rank1[cuda1,share=0.3070,tput=3.00] rank2[cuda2,share=0.2982,tput=3.63]
epoch 177: eval=0.9170
epoch 178: loss=0.071688, train_acc=0.9753, time=10.7s
per-rank: rank0[cuda0,share=0.3932,tput=2.23] rank1[cuda1,share=0.3075,tput=5.71] rank2[cuda2,share=0.2993,tput=3.12]
epoch 178: eval=0.9185
epoch 179: loss=0.073273, train_acc=0.9747, time=9.9s
per-rank: rank0[cuda0,share=0.3937,tput=2.56] rank1[cuda1,share=0.3069,tput=2.86] rank2[cuda2,share=0.2995,tput=3.31]
epoch 179: eval=0.9172
epoch 180: loss=0.071594, train_acc=0.9762, time=8.8s
per-rank: rank0[cuda0,share=0.3949,tput=2.62] rank1[cuda1,share=0.3048,tput=2.50] rank2[cuda2,share=0.3002,tput=4.94]
epoch 180: eval=0.9193
epoch 181: loss=0.072052, train_acc=0.9756, time=10.6s
per-rank: rank0[cuda0,share=0.3961,tput=2.25] rank1[cuda1,share=0.3027,tput=3.27] rank2[cuda2,share=0.3011,tput=5.16]
epoch 181: eval=0.9166
epoch 182: loss=0.071472, train_acc=0.9760, time=9.9s
per-rank: rank0[cuda0,share=0.3965,tput=2.95] rank1[cuda1,share=0.3022,tput=2.61] rank2[cuda2,share=0.3014,tput=3.46]
epoch 182: eval=0.9162
epoch 183: loss=0.072660, train_acc=0.9753, time=8.9s
per-rank: rank0[cuda0,share=0.3981,tput=3.24] rank1[cuda1,share=0.3010,tput=5.31] rank2[cuda2,share=0.3010,tput=2.25]
epoch 183: eval=0.9168
epoch 184: loss=0.068688, train_acc=0.9765, time=8.9s
per-rank: rank0[cuda0,share=0.3987,tput=2.50] rank1[cuda1,share=0.3015,tput=6.62] rank2[cuda2,share=0.2998,tput=2.09]
epoch 184: eval=0.9158
epoch 185: loss=0.071542, train_acc=0.9750, time=9.0s
per-rank: rank0[cuda0,share=0.3994,tput=2.60] rank1[cuda1,share=0.3019,tput=5.17] rank2[cuda2,share=0.2987,tput=2.47]
epoch 185: eval=0.9188
epoch 186: loss=0.071794, train_acc=0.9751, time=9.0s
per-rank: rank0[cuda0,share=0.4000,tput=3.63] rank1[cuda1,share=0.3024,tput=3.95] rank2[cuda2,share=0.2976,tput=2.30]
epoch 186: eval=0.9177
epoch 187: loss=0.070843, train_acc=0.9755, time=11.7s
per-rank: rank0[cuda0,share=0.4007,tput=2.10] rank1[cuda1,share=0.3029,tput=5.35] rank2[cuda2,share=0.2964,tput=3.54]
epoch 187: eval=0.9162
epoch 188: loss=0.069079, train_acc=0.9769, time=10.1s
per-rank: rank0[cuda0,share=0.4013,tput=2.81] rank1[cuda1,share=0.3034,tput=2.56] rank2[cuda2,share=0.2953,tput=3.77]
epoch 188: eval=0.9181
epoch 189: loss=0.067472, train_acc=0.9772, time=9.1s
per-rank: rank0[cuda0,share=0.4020,tput=2.51] rank1[cuda1,share=0.3039,tput=6.03] rank2[cuda2,share=0.2941,tput=2.10]
epoch 189: eval=0.9178
epoch 190: loss=0.068904, train_acc=0.9766, time=10.9s
per-rank: rank0[cuda0,share=0.4032,tput=2.22] rank1[cuda1,share=0.3049,tput=5.77] rank2[cuda2,share=0.2919,tput=2.87]
epoch 190: eval=0.9178
epoch 191: loss=0.069834, train_acc=0.9759, time=10.2s
per-rank: rank0[cuda0,share=0.4038,tput=2.79] rank1[cuda1,share=0.3053,tput=2.95] rank2[cuda2,share=0.2909,tput=3.06]
epoch 191: eval=0.9167
epoch 192: loss=0.067624, train_acc=0.9767, time=11.3s
per-rank: rank0[cuda0,share=0.4060,tput=2.18] rank1[cuda1,share=0.3050,tput=4.19] rank2[cuda2,share=0.2891,tput=4.43]
epoch 192: eval=0.9172
epoch 193: loss=0.070267, train_acc=0.9761, time=10.2s
per-rank: rank0[cuda0,share=0.4075,tput=2.23] rank1[cuda1,share=0.3058,tput=3.08] rank2[cuda2,share=0.2868,tput=3.70]
epoch 193: eval=0.9177
epoch 194: loss=0.066741, train_acc=0.9769, time=9.2s
per-rank: rank0[cuda0,share=0.4072,tput=3.78] rank1[cuda1,share=0.3074,tput=3.17] rank2[cuda2,share=0.2854,tput=2.83]
epoch 194: eval=0.9163
epoch 195: loss=0.064475, train_acc=0.9787, time=9.0s
per-rank: rank0[cuda0,share=0.4077,tput=3.03] rank1[cuda1,share=0.3078,tput=3.45] rank2[cuda2,share=0.2845,tput=2.62]
epoch 195: eval=0.9171
epoch 196: loss=0.065625, train_acc=0.9786, time=9.1s
per-rank: rank0[cuda0,share=0.4067,tput=2.53] rank1[cuda1,share=0.3089,tput=4.78] rank2[cuda2,share=0.2844,tput=2.56]
epoch 196: eval=0.9159
epoch 197: loss=0.067092, train_acc=0.9770, time=11.0s
per-rank: rank0[cuda0,share=0.4054,tput=2.11] rank1[cuda1,share=0.3089,tput=3.69] rank2[cuda2,share=0.2857,tput=5.20]
epoch 197: eval=0.9156
epoch 198: loss=0.066575, train_acc=0.9775, time=9.9s
per-rank: rank0[cuda0,share=0.4040,tput=2.77] rank1[cuda1,share=0.3090,tput=2.97] rank2[cuda2,share=0.2870,tput=3.27]
epoch 198: eval=0.9152
epoch 199: loss=0.065670, train_acc=0.9773, time=9.6s
per-rank: rank0[cuda0,share=0.4033,tput=2.47] rank1[cuda1,share=0.3095,tput=5.12] rank2[cuda2,share=0.2872,tput=3.19]
final eval=0.9160
# total: 1800.8s (30m 1s)
