# gpu0: NVIDIA GeForce RTX 5060 Ti (15GB, sm_120)
# gpu1: NVIDIA GeForce GTX 1060 6GB (5GB, sm_61)
# gpu2: NVIDIA GeForce GTX 1060 6GB (5GB, sm_61)
epoch 0: loss=1.985451, train_acc=0.2481, time=10.7s
per-rank: rank0[cuda0,share=0.3961,tput=2.87] rank2[cuda2,share=0.3093,tput=4.81] rank1[cuda1,share=0.2946,tput=3.14]
epoch 0: eval=0.3177
epoch 1: loss=1.662969, train_acc=0.3776, time=9.8s
per-rank: rank0[cuda0,share=0.4000,tput=3.15] rank2[cuda2,share=0.3015,tput=2.34] rank1[cuda1,share=0.2985,tput=3.40]
epoch 1: eval=0.3483
epoch 2: loss=1.472650, train_acc=0.4614, time=9.5s
per-rank: rank0[cuda0,share=0.4029,tput=2.57] rank2[cuda2,share=0.3072,tput=5.09] rank1[cuda1,share=0.2899,tput=2.35]
epoch 2: eval=0.4938
epoch 3: loss=1.299703, train_acc=0.5284, time=9.7s
per-rank: rank0[cuda0,share=0.4065,tput=3.31] rank2[cuda2,share=0.3062,tput=3.01] rank1[cuda1,share=0.2873,tput=2.34]
epoch 3: eval=0.5300
epoch 4: loss=1.170147, train_acc=0.5800, time=11.8s
per-rank: rank0[cuda0,share=0.4023,tput=2.09] rank2[cuda2,share=0.3023,tput=3.46] rank1[cuda1,share=0.2955,tput=4.64]
epoch 4: eval=0.5292
epoch 5: loss=1.077176, train_acc=0.6150, time=10.6s
per-rank: rank0[cuda0,share=0.4043,tput=2.30] rank1[cuda1,share=0.3033,tput=4.33] rank2[cuda2,share=0.2924,tput=2.42]
epoch 5: eval=0.3692
epoch 6: loss=0.978592, train_acc=0.6511, time=11.6s
per-rank: rank0[cuda0,share=0.4112,tput=2.18] rank1[cuda1,share=0.3081,tput=3.58] rank2[cuda2,share=0.2807,tput=5.30]
epoch 6: eval=0.6810
epoch 7: loss=0.909257, train_acc=0.6803, time=10.8s
per-rank: rank0[cuda0,share=0.4194,tput=2.21] rank1[cuda1,share=0.2952,tput=2.40] rank2[cuda2,share=0.2854,tput=4.05]
epoch 7: eval=0.6623
epoch 8: loss=0.846566, train_acc=0.7026, time=12.0s
per-rank: rank0[cuda0,share=0.4082,tput=2.11] rank2[cuda2,share=0.2987,tput=4.75] rank1[cuda1,share=0.2931,tput=3.42]
epoch 8: eval=0.6456
epoch 9: loss=0.795445, train_acc=0.7216, time=10.8s
per-rank: rank0[cuda0,share=0.4084,tput=2.35] rank1[cuda1,share=0.2995,tput=2.76] rank2[cuda2,share=0.2921,tput=3.53]
epoch 9: eval=0.6807
epoch 10: loss=0.760941, train_acc=0.7360, time=11.7s
per-rank: rank0[cuda0,share=0.4191,tput=2.16] rank1[cuda1,share=0.2946,tput=3.33] rank2[cuda2,share=0.2863,tput=5.40]
epoch 10: eval=0.6814
epoch 11: loss=0.720907, train_acc=0.7479, time=10.8s
per-rank: rank0[cuda0,share=0.4120,tput=2.08] rank1[cuda1,share=0.2972,tput=2.88] rank2[cuda2,share=0.2908,tput=3.75]
epoch 11: eval=0.6878
epoch 12: loss=0.696182, train_acc=0.7571, time=9.5s
per-rank: rank0[cuda0,share=0.3953,tput=3.29] rank1[cuda1,share=0.3079,tput=2.22] rank2[cuda2,share=0.2968,tput=3.52]
epoch 12: eval=0.7365
epoch 13: loss=0.720526, train_acc=0.7519, time=9.4s
per-rank: rank0[cuda0,share=0.3901,tput=3.26] rank1[cuda1,share=0.3117,tput=3.40] rank2[cuda2,share=0.2982,tput=2.21]
epoch 13: eval=0.7182
epoch 14: loss=0.697417, train_acc=0.7596, time=10.9s
per-rank: rank0[cuda0,share=0.3876,tput=2.13] rank1[cuda1,share=0.3134,tput=3.23] rank2[cuda2,share=0.2990,tput=4.83]
epoch 14: eval=0.7654
epoch 15: loss=0.689648, train_acc=0.7622, time=10.1s
per-rank: rank0[cuda0,share=0.3876,tput=3.08] rank1[cuda1,share=0.3134,tput=2.32] rank2[cuda2,share=0.2990,tput=3.59]
epoch 15: eval=0.7427
epoch 16: loss=0.667861, train_acc=0.7690, time=10.6s
per-rank: rank0[cuda0,share=0.3895,tput=2.20] rank1[cuda1,share=0.3126,tput=3.27] rank2[cuda2,share=0.2979,tput=4.56]
epoch 16: eval=0.7784
epoch 17: loss=0.650659, train_acc=0.7746, time=10.0s
per-rank: rank0[cuda0,share=0.3895,tput=3.12] rank1[cuda1,share=0.3126,tput=2.53] rank2[cuda2,share=0.2979,tput=3.10]
epoch 17: eval=0.6775
epoch 18: loss=0.640613, train_acc=0.7788, time=11.6s
per-rank: rank0[cuda0,share=0.3913,tput=2.06] rank1[cuda1,share=0.3118,tput=3.61] rank2[cuda2,share=0.2969,tput=4.42]
epoch 18: eval=0.7526
epoch 19: loss=0.639657, train_acc=0.7785, time=10.6s
per-rank: rank0[cuda0,share=0.3929,tput=2.37] rank1[cuda1,share=0.3112,tput=2.66] rank2[cuda2,share=0.2960,tput=3.70]
epoch 19: eval=0.7157
epoch 20: loss=0.620666, train_acc=0.7836, time=9.3s
per-rank: rank0[cuda0,share=0.3941,tput=3.21] rank1[cuda1,share=0.3106,tput=2.52] rank2[cuda2,share=0.2953,tput=3.15]
epoch 20: eval=0.7454
epoch 21: loss=0.618421, train_acc=0.7864, time=9.4s
per-rank: rank0[cuda0,share=0.3950,tput=2.07] rank1[cuda1,share=0.3104,tput=6.16] rank2[cuda2,share=0.2946,tput=2.31]
epoch 21: eval=0.7505
epoch 22: loss=0.607369, train_acc=0.7918, time=9.5s
per-rank: rank0[cuda0,share=0.3945,tput=2.38] rank1[cuda1,share=0.3108,tput=5.19] rank2[cuda2,share=0.2946,tput=2.36]
epoch 22: eval=0.7557
epoch 23: loss=0.605548, train_acc=0.7907, time=9.4s
per-rank: rank0[cuda0,share=0.3939,tput=2.02] rank1[cuda1,share=0.3104,tput=5.36] rank2[cuda2,share=0.2957,tput=2.55]
epoch 23: eval=0.7975
epoch 24: loss=0.591696, train_acc=0.7973, time=9.4s
per-rank: rank0[cuda0,share=0.3939,tput=3.57] rank1[cuda1,share=0.3104,tput=2.24] rank2[cuda2,share=0.2957,tput=3.27]
epoch 24: eval=0.8257
epoch 25: loss=0.596219, train_acc=0.7948, time=9.5s
per-rank: rank0[cuda0,share=0.3939,tput=3.21] rank1[cuda1,share=0.3104,tput=4.66] rank2[cuda2,share=0.2957,tput=2.22]
epoch 25: eval=0.7696
epoch 26: loss=0.580601, train_acc=0.8000, time=11.6s
per-rank: rank0[cuda0,share=0.3940,tput=1.98] rank1[cuda1,share=0.3104,tput=3.39] rank2[cuda2,share=0.2956,tput=4.76]
epoch 26: eval=0.7792
epoch 27: loss=0.574177, train_acc=0.8024, time=10.4s
per-rank: rank0[cuda0,share=0.3940,tput=2.87] rank1[cuda1,share=0.3104,tput=4.06] rank2[cuda2,share=0.2956,tput=2.25]
epoch 27: eval=0.7635
epoch 28: loss=0.563943, train_acc=0.8054, time=11.1s
per-rank: rank0[cuda0,share=0.3905,tput=2.08] rank1[cuda1,share=0.3123,tput=3.41] rank2[cuda2,share=0.2972,tput=4.59]
epoch 28: eval=0.7576
epoch 29: loss=0.582766, train_acc=0.8007, time=10.4s
per-rank: rank0[cuda0,share=0.3888,tput=2.69] rank1[cuda1,share=0.3133,tput=2.30] rank2[cuda2,share=0.2980,tput=3.81]
epoch 29: eval=0.7815
epoch 30: loss=0.562029, train_acc=0.8077, time=9.6s
per-rank: rank0[cuda0,share=0.3878,tput=3.53] rank1[cuda1,share=0.3127,tput=1.89] rank2[cuda2,share=0.2995,tput=3.53]
epoch 30: eval=0.8024
epoch 31: loss=0.556738, train_acc=0.8084, time=11.2s
per-rank: rank0[cuda0,share=0.3868,tput=2.16] rank1[cuda1,share=0.3122,tput=3.42] rank2[cuda2,share=0.3010,tput=4.79]
epoch 31: eval=0.7638
epoch 32: loss=0.551001, train_acc=0.8105, time=10.3s
per-rank: rank0[cuda0,share=0.3881,tput=3.06] rank1[cuda1,share=0.3095,tput=2.21] rank2[cuda2,share=0.3024,tput=3.52]
epoch 32: eval=0.7680
epoch 33: loss=0.557593, train_acc=0.8077, time=9.5s
per-rank: rank0[cuda0,share=0.3904,tput=2.94] rank1[cuda1,share=0.3072,tput=3.95] rank2[cuda2,share=0.3024,tput=2.13]
epoch 33: eval=0.7921
epoch 34: loss=0.552996, train_acc=0.8103, time=9.5s
per-rank: rank0[cuda0,share=0.3927,tput=2.71] rank1[cuda1,share=0.3048,tput=3.74] rank2[cuda2,share=0.3025,tput=2.37]
epoch 34: eval=0.8418
epoch 35: loss=0.547565, train_acc=0.8095, time=9.6s
per-rank: rank0[cuda0,share=0.3927,tput=3.67] rank1[cuda1,share=0.3048,tput=2.62] rank2[cuda2,share=0.3025,tput=3.30]
epoch 35: eval=0.7875
epoch 36: loss=0.538301, train_acc=0.8157, time=11.9s
per-rank: rank0[cuda0,share=0.3939,tput=2.08] rank2[cuda2,share=0.3045,tput=4.78] rank1[cuda1,share=0.3016,tput=3.90]
epoch 36: eval=0.8182
epoch 37: loss=0.537360, train_acc=0.8151, time=10.6s
per-rank: rank0[cuda0,share=0.3945,tput=2.60] rank2[cuda2,share=0.3055,tput=3.70] rank1[cuda1,share=0.2999,tput=2.54]
epoch 37: eval=0.7887
epoch 38: loss=0.536170, train_acc=0.8154, time=10.7s
per-rank: rank0[cuda0,share=0.3952,tput=2.20] rank2[cuda2,share=0.3066,tput=4.78] rank1[cuda1,share=0.2982,tput=3.22]
epoch 38: eval=0.7087
epoch 39: loss=0.534401, train_acc=0.8174, time=10.1s
per-rank: rank0[cuda0,share=0.3959,tput=2.74] rank2[cuda2,share=0.3076,tput=3.06] rank1[cuda1,share=0.2965,tput=2.94]
epoch 39: eval=0.8184
epoch 40: loss=0.533768, train_acc=0.8159, time=9.4s
per-rank: rank0[cuda0,share=0.3974,tput=3.35] rank2[cuda2,share=0.3070,tput=2.12] rank1[cuda1,share=0.2955,tput=3.58]
epoch 40: eval=0.7581
epoch 41: loss=0.533576, train_acc=0.8172, time=12.8s
per-rank: rank0[cuda0,share=0.3990,tput=1.86] rank2[cuda2,share=0.3064,tput=4.41] rank1[cuda1,share=0.2946,tput=3.96]
epoch 41: eval=0.7134
epoch 42: loss=0.528606, train_acc=0.8195, time=11.6s
per-rank: rank0[cuda0,share=0.3983,tput=2.10] rank2[cuda2,share=0.3060,tput=3.74] rank1[cuda1,share=0.2958,tput=2.69]
epoch 42: eval=0.7961
epoch 43: loss=0.514804, train_acc=0.8236, time=9.6s
per-rank: rank0[cuda0,share=0.3981,tput=4.06] rank2[cuda2,share=0.3044,tput=3.19] rank1[cuda1,share=0.2974,tput=2.08]
epoch 43: eval=0.8090
epoch 44: loss=0.522792, train_acc=0.8209, time=11.8s
per-rank: rank0[cuda0,share=0.3973,tput=2.03] rank2[cuda2,share=0.3041,tput=5.07] rank1[cuda1,share=0.2986,tput=3.16]
epoch 44: eval=0.7454
epoch 45: loss=0.525500, train_acc=0.8178, time=10.7s
per-rank: rank0[cuda0,share=0.3977,tput=2.40] rank2[cuda2,share=0.3040,tput=3.95] rank1[cuda1,share=0.2983,tput=2.42]
epoch 45: eval=0.7949
epoch 46: loss=0.517691, train_acc=0.8201, time=11.2s
per-rank: rank0[cuda0,share=0.3980,tput=2.14] rank2[cuda2,share=0.3039,tput=3.09] rank1[cuda1,share=0.2980,tput=4.95]
epoch 46: eval=0.7505
epoch 47: loss=0.511235, train_acc=0.8244, time=10.1s
per-rank: rank0[cuda0,share=0.3997,tput=2.38] rank2[cuda2,share=0.3032,tput=3.54] rank1[cuda1,share=0.2971,tput=2.77]
epoch 47: eval=0.7972
epoch 48: loss=0.515477, train_acc=0.8228, time=11.6s
per-rank: rank0[cuda0,share=0.4029,tput=2.13] rank2[cuda2,share=0.3018,tput=3.36] rank1[cuda1,share=0.2953,tput=5.58]
epoch 48: eval=0.7812
epoch 49: loss=0.518989, train_acc=0.8217, time=10.7s
per-rank: rank0[cuda0,share=0.4029,tput=2.29] rank2[cuda2,share=0.3018,tput=2.67] rank1[cuda1,share=0.2953,tput=3.71]
epoch 49: eval=0.6633
epoch 50: loss=0.505206, train_acc=0.8268, time=10.7s
per-rank: rank0[cuda0,share=0.4025,tput=2.27] rank2[cuda2,share=0.3022,tput=4.92] rank1[cuda1,share=0.2953,tput=3.24]
epoch 50: eval=0.7374
epoch 51: loss=0.505531, train_acc=0.8268, time=10.3s
per-rank: rank0[cuda0,share=0.4045,tput=2.61] rank2[cuda2,share=0.3005,tput=3.40] rank1[cuda1,share=0.2950,tput=2.44]
epoch 51: eval=0.8220
epoch 52: loss=0.507739, train_acc=0.8246, time=11.4s
per-rank: rank0[cuda0,share=0.4058,tput=2.15] rank2[cuda2,share=0.2999,tput=3.37] rank1[cuda1,share=0.2942,tput=4.52]
epoch 52: eval=0.7559
epoch 53: loss=0.503604, train_acc=0.8277, time=10.4s
per-rank: rank0[cuda0,share=0.4072,tput=2.56] rank2[cuda2,share=0.2993,tput=3.78] rank1[cuda1,share=0.2934,tput=2.49]
epoch 53: eval=0.7722
epoch 54: loss=0.508627, train_acc=0.8255, time=9.3s
per-rank: rank0[cuda0,share=0.4092,tput=3.85] rank2[cuda2,share=0.2976,tput=2.26] rank1[cuda1,share=0.2933,tput=3.96]
epoch 54: eval=0.7723
epoch 55: loss=0.504182, train_acc=0.8254, time=12.5s
per-rank: rank0[cuda0,share=0.4095,tput=2.00] rank2[cuda2,share=0.2966,tput=5.15] rank1[cuda1,share=0.2939,tput=3.73]
epoch 55: eval=0.7624
epoch 56: loss=0.500849, train_acc=0.8292, time=11.7s
per-rank: rank0[cuda0,share=0.4086,tput=1.89] rank2[cuda2,share=0.2963,tput=4.03] rank1[cuda1,share=0.2952,tput=2.69]
epoch 56: eval=0.8122
epoch 57: loss=0.499178, train_acc=0.8283, time=9.7s
per-rank: rank0[cuda0,share=0.4063,tput=3.62] rank1[cuda1,share=0.2971,tput=3.30] rank2[cuda2,share=0.2966,tput=2.15]
epoch 57: eval=0.7725
epoch 58: loss=0.496712, train_acc=0.8292, time=9.3s
per-rank: rank0[cuda0,share=0.4041,tput=2.22] rank1[cuda1,share=0.2991,tput=5.99] rank2[cuda2,share=0.2969,tput=2.21]
epoch 58: eval=0.8057
epoch 59: loss=0.498608, train_acc=0.8296, time=11.4s
per-rank: rank0[cuda0,share=0.4010,tput=2.02] rank1[cuda1,share=0.3021,tput=2.93] rank2[cuda2,share=0.2969,tput=5.13]
epoch 59: eval=0.7640
epoch 60: loss=0.488220, train_acc=0.8324, time=10.3s
per-rank: rank0[cuda0,share=0.3994,tput=2.50] rank1[cuda1,share=0.3027,tput=2.60] rank2[cuda2,share=0.2978,tput=3.51]
epoch 60: eval=0.7882
epoch 61: loss=0.492964, train_acc=0.8306, time=11.7s
per-rank: rank0[cuda0,share=0.3979,tput=2.04] rank1[cuda1,share=0.3033,tput=5.20] rank2[cuda2,share=0.2988,tput=3.13]
epoch 61: eval=0.8090
epoch 62: loss=0.491281, train_acc=0.8314, time=10.5s
per-rank: rank0[cuda0,share=0.3963,tput=2.53] rank1[cuda1,share=0.3039,tput=2.87] rank2[cuda2,share=0.2998,tput=3.34]
epoch 62: eval=0.7716
epoch 63: loss=0.489524, train_acc=0.8325, time=9.2s
per-rank: rank0[cuda0,share=0.3947,tput=2.47] rank1[cuda1,share=0.3046,tput=6.19] rank2[cuda2,share=0.3007,tput=2.02]
epoch 63: eval=0.7781
epoch 64: loss=0.487480, train_acc=0.8335, time=11.8s
per-rank: rank0[cuda0,share=0.3949,tput=2.04] rank1[cuda1,share=0.3041,tput=3.53] rank2[cuda2,share=0.3010,tput=4.83]
epoch 64: eval=0.7321
epoch 65: loss=0.482057, train_acc=0.8356, time=10.6s
per-rank: rank0[cuda0,share=0.3965,tput=2.34] rank1[cuda1,share=0.3031,tput=4.00] rank2[cuda2,share=0.3004,tput=2.39]
epoch 65: eval=0.7992
epoch 66: loss=0.497749, train_acc=0.8295, time=11.7s
per-rank: rank0[cuda0,share=0.3987,tput=2.01] rank1[cuda1,share=0.3026,tput=5.56] rank2[cuda2,share=0.2987,tput=3.13]
epoch 66: eval=0.7669
epoch 67: loss=0.490797, train_acc=0.8334, time=10.6s
per-rank: rank0[cuda0,share=0.4009,tput=2.66] rank1[cuda1,share=0.3021,tput=3.81] rank2[cuda2,share=0.2970,tput=2.42]
epoch 67: eval=0.8115
epoch 68: loss=0.475534, train_acc=0.8371, time=9.4s
per-rank: rank0[cuda0,share=0.4028,tput=3.60] rank1[cuda1,share=0.3020,tput=1.96] rank2[cuda2,share=0.2952,tput=3.62]
epoch 68: eval=0.8162
epoch 69: loss=0.485047, train_acc=0.8327, time=11.4s
per-rank: rank0[cuda0,share=0.4041,tput=2.18] rank1[cuda1,share=0.3014,tput=3.89] rank2[cuda2,share=0.2946,tput=4.19]
epoch 69: eval=0.7946
epoch 70: loss=0.480319, train_acc=0.8348, time=10.5s
per-rank: rank0[cuda0,share=0.4054,tput=2.46] rank1[cuda1,share=0.3007,tput=3.84] rank2[cuda2,share=0.2939,tput=2.52]
epoch 70: eval=0.7868
epoch 71: loss=0.488925, train_acc=0.8313, time=9.4s
per-rank: rank0[cuda0,share=0.4067,tput=2.39] rank1[cuda1,share=0.3001,tput=2.17] rank2[cuda2,share=0.2933,tput=5.82]
epoch 71: eval=0.7407
epoch 72: loss=0.480925, train_acc=0.8350, time=12.2s
per-rank: rank0[cuda0,share=0.4116,tput=2.05] rank1[cuda1,share=0.2964,tput=3.66] rank2[cuda2,share=0.2920,tput=5.15]
epoch 72: eval=0.7660
epoch 73: loss=0.477078, train_acc=0.8346, time=11.4s
per-rank: rank0[cuda0,share=0.4127,tput=2.47] rank1[cuda1,share=0.2957,tput=3.82] rank2[cuda2,share=0.2916,tput=2.58]
epoch 73: eval=0.7775
epoch 74: loss=0.483472, train_acc=0.8343, time=10.9s
per-rank: rank0[cuda0,share=0.4135,tput=2.22] rank1[cuda1,share=0.2933,tput=4.48] rank2[cuda2,share=0.2933,tput=3.47]
epoch 74: eval=0.8326
epoch 75: loss=0.473629, train_acc=0.8363, time=10.2s
per-rank: rank0[cuda0,share=0.4139,tput=2.92] rank2[cuda2,share=0.2941,tput=3.23] rank1[cuda1,share=0.2920,tput=2.74]
epoch 75: eval=0.8083
epoch 76: loss=0.475923, train_acc=0.8369, time=9.6s
per-rank: rank0[cuda0,share=0.4136,tput=2.52] rank2[cuda2,share=0.2945,tput=2.31] rank1[cuda1,share=0.2919,tput=5.40]
epoch 76: eval=0.7820
epoch 77: loss=0.482905, train_acc=0.8346, time=9.4s
per-rank: rank0[cuda0,share=0.4139,tput=3.22] rank2[cuda2,share=0.2953,tput=3.66] rank1[cuda1,share=0.2908,tput=2.07]
epoch 77: eval=0.7650
epoch 78: loss=0.473288, train_acc=0.8392, time=12.1s
per-rank: rank0[cuda0,share=0.4146,tput=2.04] rank2[cuda2,share=0.2954,tput=4.75] rank1[cuda1,share=0.2900,tput=3.82]
epoch 78: eval=0.7954
epoch 79: loss=0.465979, train_acc=0.8403, time=10.5s
per-rank: rank0[cuda0,share=0.4134,tput=2.88] rank2[cuda2,share=0.2952,tput=3.45] rank1[cuda1,share=0.2914,tput=3.11]
epoch 79: eval=0.8019
epoch 80: loss=0.482998, train_acc=0.8339, time=9.4s
per-rank: rank0[cuda0,share=0.4099,tput=3.51] rank2[cuda2,share=0.2969,tput=3.11] rank1[cuda1,share=0.2931,tput=2.36]
epoch 80: eval=0.7221
epoch 81: loss=0.468362, train_acc=0.8400, time=11.0s
per-rank: rank0[cuda0,share=0.4081,tput=2.14] rank2[cuda2,share=0.2979,tput=4.39] rank1[cuda1,share=0.2940,tput=3.45]
epoch 81: eval=0.7732
epoch 82: loss=0.472465, train_acc=0.8378, time=10.4s
per-rank: rank0[cuda0,share=0.4078,tput=3.43] rank2[cuda2,share=0.2980,tput=2.74] rank1[cuda1,share=0.2942,tput=3.05]
epoch 82: eval=0.7555
epoch 83: loss=0.479486, train_acc=0.8359, time=11.8s
per-rank: rank0[cuda0,share=0.4098,tput=2.11] rank2[cuda2,share=0.2971,tput=4.58] rank1[cuda1,share=0.2931,tput=4.00]
epoch 83: eval=0.7964
epoch 84: loss=0.469068, train_acc=0.8403, time=10.7s
per-rank: rank0[cuda0,share=0.4102,tput=2.32] rank2[cuda2,share=0.2961,tput=2.48] rank1[cuda1,share=0.2937,tput=3.95]
epoch 84: eval=0.6039
epoch 85: loss=0.467915, train_acc=0.8393, time=9.2s
per-rank: rank0[cuda0,share=0.4109,tput=2.39] rank2[cuda2,share=0.2957,tput=5.29] rank1[cuda1,share=0.2934,tput=2.40]
epoch 85: eval=0.8320
epoch 86: loss=0.469564, train_acc=0.8379, time=9.5s
per-rank: rank0[cuda0,share=0.4120,tput=2.78] rank2[cuda2,share=0.2952,tput=3.29] rank1[cuda1,share=0.2928,tput=2.65]
epoch 86: eval=0.7394
epoch 87: loss=0.482152, train_acc=0.8336, time=9.6s
per-rank: rank0[cuda0,share=0.4141,tput=3.19] rank2[cuda2,share=0.2933,tput=3.02] rank1[cuda1,share=0.2926,tput=2.42]
epoch 87: eval=0.8385
epoch 88: loss=0.464123, train_acc=0.8400, time=11.5s
per-rank: rank0[cuda0,share=0.4142,tput=2.13] rank1[cuda1,share=0.2934,tput=3.08] rank2[cuda2,share=0.2924,tput=5.02]
epoch 88: eval=0.7359
epoch 89: loss=0.463413, train_acc=0.8408, time=10.5s
per-rank: rank0[cuda0,share=0.4137,tput=2.61] rank1[cuda1,share=0.2945,tput=2.58] rank2[cuda2,share=0.2918,tput=3.59]
epoch 89: eval=0.8160
epoch 90: loss=0.473601, train_acc=0.8363, time=9.8s
per-rank: rank0[cuda0,share=0.4131,tput=1.81] rank1[cuda1,share=0.2948,tput=2.75] rank2[cuda2,share=0.2921,tput=5.52]
epoch 90: eval=0.8032
epoch 91: loss=0.471806, train_acc=0.8388, time=9.6s
per-rank: rank0[cuda0,share=0.4103,tput=2.51] rank1[cuda1,share=0.2962,tput=2.94] rank2[cuda2,share=0.2935,tput=3.31]
epoch 91: eval=0.7405
epoch 92: loss=0.461118, train_acc=0.8418, time=11.7s
per-rank: rank0[cuda0,share=0.4003,tput=1.97] rank1[cuda1,share=0.3036,tput=3.75] rank2[cuda2,share=0.2961,tput=4.67]
epoch 92: eval=0.8154
epoch 93: loss=0.457209, train_acc=0.8430, time=10.6s
per-rank: rank0[cuda0,share=0.3985,tput=2.38] rank1[cuda1,share=0.3054,tput=2.67] rank2[cuda2,share=0.2962,tput=3.67]
epoch 93: eval=0.7583
epoch 94: loss=0.467774, train_acc=0.8402, time=9.4s
per-rank: rank0[cuda0,share=0.3932,tput=2.48] rank1[cuda1,share=0.3078,tput=2.24] rank2[cuda2,share=0.2990,tput=5.24]
epoch 94: eval=0.7879
epoch 95: loss=0.459886, train_acc=0.8417, time=9.5s
per-rank: rank0[cuda0,share=0.3918,tput=3.39] rank1[cuda1,share=0.3083,tput=2.42] rank2[cuda2,share=0.2999,tput=3.08]
epoch 95: eval=0.7622
epoch 96: loss=0.458359, train_acc=0.8420, time=11.3s
per-rank: rank0[cuda0,share=0.3879,tput=2.11] rank1[cuda1,share=0.3125,tput=3.37] rank2[cuda2,share=0.2996,tput=4.72]
epoch 96: eval=0.7645
epoch 97: loss=0.457941, train_acc=0.8422, time=10.4s
per-rank: rank0[cuda0,share=0.3876,tput=3.00] rank1[cuda1,share=0.3126,tput=2.48] rank2[cuda2,share=0.2999,tput=3.18]
epoch 97: eval=0.8197
epoch 98: loss=0.463979, train_acc=0.8424, time=11.1s
per-rank: rank0[cuda0,share=0.3944,tput=2.17] rank1[cuda1,share=0.3086,tput=3.01] rank2[cuda2,share=0.2970,tput=5.02]
epoch 98: eval=0.7943
epoch 99: loss=0.454945, train_acc=0.8430, time=10.4s
per-rank: rank0[cuda0,share=0.4030,tput=2.56] rank1[cuda1,share=0.3035,tput=3.81] rank2[cuda2,share=0.2935,tput=2.44]
epoch 99: eval=0.8166
epoch 100: loss=0.337983, train_acc=0.8841, time=11.9s
per-rank: rank0[cuda0,share=0.4089,tput=2.14] rank1[cuda1,share=0.2982,tput=4.69] rank2[cuda2,share=0.2929,tput=3.73]
epoch 100: eval=0.8959
epoch 101: loss=0.244056, train_acc=0.9160, time=10.7s
per-rank: rank0[cuda0,share=0.4117,tput=2.05] rank1[cuda1,share=0.2963,tput=3.20] rank2[cuda2,share=0.2919,tput=3.23]
epoch 101: eval=0.9004
epoch 102: loss=0.224294, train_acc=0.9223, time=9.5s
per-rank: rank0[cuda0,share=0.4126,tput=2.15] rank1[cuda1,share=0.2950,tput=5.40] rank2[cuda2,share=0.2923,tput=2.60]
epoch 102: eval=0.9017
epoch 103: loss=0.218371, train_acc=0.9236, time=10.3s
per-rank: rank0[cuda0,share=0.4108,tput=3.27] rank1[cuda1,share=0.2951,tput=1.87] rank2[cuda2,share=0.2941,tput=3.04]
epoch 103: eval=0.9030
epoch 104: loss=0.212875, train_acc=0.9269, time=9.3s
per-rank: rank0[cuda0,share=0.4053,tput=2.43] rank2[cuda2,share=0.2985,tput=5.19] rank1[cuda1,share=0.2962,tput=2.42]
epoch 104: eval=0.9057
epoch 105: loss=0.204790, train_acc=0.9290, time=11.5s
per-rank: rank0[cuda0,share=0.4015,tput=2.06] rank2[cuda2,share=0.3009,tput=3.14] rank1[cuda1,share=0.2976,tput=5.13]
epoch 105: eval=0.9064
epoch 106: loss=0.196797, train_acc=0.9315, time=10.8s
per-rank: rank0[cuda0,share=0.4014,tput=2.65] rank2[cuda2,share=0.3007,tput=3.74] rank1[cuda1,share=0.2979,tput=2.39]
epoch 106: eval=0.9043
epoch 107: loss=0.194750, train_acc=0.9325, time=9.4s
per-rank: rank0[cuda0,share=0.4049,tput=3.37] rank2[cuda2,share=0.3011,tput=3.54] rank1[cuda1,share=0.2940,tput=2.15]
epoch 107: eval=0.9043
epoch 108: loss=0.190452, train_acc=0.9340, time=9.5s
per-rank: rank0[cuda0,share=0.4083,tput=2.91] rank2[cuda2,share=0.3014,tput=3.38] rank1[cuda1,share=0.2903,tput=2.45]
epoch 108: eval=0.9059
epoch 109: loss=0.182589, train_acc=0.9368, time=12.2s
per-rank: rank0[cuda0,share=0.4060,tput=1.98] rank2[cuda2,share=0.3034,tput=4.78] rank1[cuda1,share=0.2906,tput=3.64]
epoch 109: eval=0.9067
epoch 110: loss=0.184861, train_acc=0.9365, time=11.0s
per-rank: rank0[cuda0,share=0.4029,tput=2.26] rank2[cuda2,share=0.3050,tput=2.46] rank1[cuda1,share=0.2921,tput=3.91]
epoch 110: eval=0.9062
epoch 111: loss=0.180838, train_acc=0.9364, time=9.4s
per-rank: rank0[cuda0,share=0.3974,tput=3.04] rank2[cuda2,share=0.3073,tput=3.32] rank1[cuda1,share=0.2953,tput=2.52]
epoch 111: eval=0.9064
epoch 112: loss=0.175570, train_acc=0.9383, time=9.5s
per-rank: rank0[cuda0,share=0.3936,tput=2.99] rank2[cuda2,share=0.3053,tput=2.17] rank1[cuda1,share=0.3011,tput=4.78]
epoch 112: eval=0.9096
epoch 113: loss=0.173410, train_acc=0.9397, time=9.4s
per-rank: rank0[cuda0,share=0.3981,tput=3.30] rank2[cuda2,share=0.3020,tput=2.37] rank1[cuda1,share=0.2999,tput=3.18]
epoch 113: eval=0.9106
epoch 114: loss=0.169706, train_acc=0.9405, time=9.5s
per-rank: rank0[cuda0,share=0.4036,tput=3.26] rank2[cuda2,share=0.3004,tput=2.33] rank1[cuda1,share=0.2960,tput=3.42]
epoch 114: eval=0.9104
epoch 115: loss=0.165793, train_acc=0.9425, time=9.4s
per-rank: rank0[cuda0,share=0.4091,tput=3.28] rank2[cuda2,share=0.3001,tput=3.43] rank1[cuda1,share=0.2908,tput=2.29]
epoch 115: eval=0.9094
epoch 116: loss=0.162707, train_acc=0.9422, time=9.4s
per-rank: rank0[cuda0,share=0.4122,tput=3.37] rank2[cuda2,share=0.2976,tput=2.88] rank1[cuda1,share=0.2902,tput=2.61]
epoch 116: eval=0.9101
epoch 117: loss=0.162176, train_acc=0.9428, time=9.4s
per-rank: rank0[cuda0,share=0.4084,tput=3.48] rank1[cuda1,share=0.2988,tput=3.66] rank2[cuda2,share=0.2927,tput=2.03]
epoch 117: eval=0.9049
epoch 118: loss=0.160806, train_acc=0.9428, time=9.4s
per-rank: rank0[cuda0,share=0.4114,tput=2.31] rank1[cuda1,share=0.3001,tput=5.03] rank2[cuda2,share=0.2885,tput=2.40]
epoch 118: eval=0.9107
epoch 119: loss=0.156048, train_acc=0.9458, time=9.6s
per-rank: rank0[cuda0,share=0.4084,tput=2.02] rank1[cuda1,share=0.3041,tput=2.47] rank2[cuda2,share=0.2875,tput=6.06]
epoch 119: eval=0.9099
epoch 120: loss=0.151278, train_acc=0.9470, time=9.7s
per-rank: rank0[cuda0,share=0.4105,tput=2.27] rank1[cuda1,share=0.2963,tput=2.19] rank2[cuda2,share=0.2932,tput=5.77]
epoch 120: eval=0.9126
epoch 121: loss=0.150246, train_acc=0.9472, time=9.4s
per-rank: rank0[cuda0,share=0.4060,tput=2.49] rank1[cuda1,share=0.2998,tput=2.67] rank2[cuda2,share=0.2942,tput=4.45]
epoch 121: eval=0.9088
epoch 122: loss=0.146826, train_acc=0.9489, time=9.5s
per-rank: rank0[cuda0,share=0.4029,tput=3.14] rank1[cuda1,share=0.3089,tput=3.48] rank2[cuda2,share=0.2881,tput=2.24]
epoch 122: eval=0.9086
epoch 123: loss=0.148165, train_acc=0.9481, time=9.5s
per-rank: rank0[cuda0,share=0.3957,tput=2.45] rank1[cuda1,share=0.3124,tput=4.69] rank2[cuda2,share=0.2919,tput=2.54]
epoch 123: eval=0.9122
epoch 124: loss=0.141973, train_acc=0.9504, time=11.0s
per-rank: rank0[cuda0,share=0.4049,tput=2.19] rank2[cuda2,share=0.3024,tput=3.31] rank1[cuda1,share=0.2927,tput=4.81]
epoch 124: eval=0.9104
epoch 125: loss=0.145550, train_acc=0.9480, time=10.4s
per-rank: rank0[cuda0,share=0.4115,tput=2.42] rank1[cuda1,share=0.2952,tput=2.86] rank2[cuda2,share=0.2933,tput=3.35]
epoch 125: eval=0.9099
epoch 126: loss=0.140210, train_acc=0.9510, time=9.4s
per-rank: rank0[cuda0,share=0.4074,tput=3.52] rank1[cuda1,share=0.3115,tput=3.83] rank2[cuda2,share=0.2811,tput=1.88]
epoch 126: eval=0.9097
epoch 127: loss=0.138445, train_acc=0.9502, time=13.0s
per-rank: rank0[cuda0,share=0.4008,tput=1.99] rank1[cuda1,share=0.3251,tput=3.93] rank2[cuda2,share=0.2741,tput=4.95]
epoch 127: eval=0.9122
epoch 128: loss=0.135560, train_acc=0.9522, time=11.4s
per-rank: rank0[cuda0,share=0.3876,tput=2.13] rank1[cuda1,share=0.3255,tput=3.94] rank2[cuda2,share=0.2869,tput=2.63]
epoch 128: eval=0.9091
epoch 129: loss=0.137125, train_acc=0.9517, time=9.5s
per-rank: rank0[cuda0,share=0.4177,tput=3.78] rank1[cuda1,share=0.3017,tput=2.07] rank2[cuda2,share=0.2806,tput=3.38]
epoch 129: eval=0.9038
epoch 130: loss=0.133449, train_acc=0.9529, time=9.7s
per-rank: rank0[cuda0,share=0.4068,tput=2.09] rank1[cuda1,share=0.2977,tput=2.58] rank2[cuda2,share=0.2955,tput=5.40]
epoch 130: eval=0.9094
epoch 131: loss=0.130577, train_acc=0.9540, time=9.4s
per-rank: rank0[cuda0,share=0.3744,tput=3.52] rank1[cuda1,share=0.3229,tput=4.12] rank2[cuda2,share=0.3027,tput=1.91]
epoch 131: eval=0.9081
epoch 132: loss=0.132476, train_acc=0.9532, time=9.5s
per-rank: rank0[cuda0,share=0.4036,tput=3.75] rank1[cuda1,share=0.3161,tput=3.33] rank2[cuda2,share=0.2803,tput=2.07]
epoch 132: eval=0.9021
epoch 133: loss=0.135119, train_acc=0.9519, time=9.8s
per-rank: rank0[cuda0,share=0.4061,tput=2.73] rank1[cuda1,share=0.3051,tput=2.61] rank2[cuda2,share=0.2889,tput=3.75]
epoch 133: eval=0.9068
epoch 134: loss=0.126655, train_acc=0.9551, time=9.8s
per-rank: rank0[cuda0,share=0.3864,tput=3.50] rank1[cuda1,share=0.3114,tput=2.24] rank2[cuda2,share=0.3023,tput=3.05]
epoch 134: eval=0.9057
epoch 135: loss=0.130136, train_acc=0.9540, time=10.7s
per-rank: rank0[cuda0,share=0.4129,tput=2.21] rank2[cuda2,share=0.3058,tput=3.40] rank1[cuda1,share=0.2812,tput=4.26]
epoch 135: eval=0.9046
epoch 136: loss=0.126390, train_acc=0.9555, time=10.1s
per-rank: rank0[cuda0,share=0.4209,tput=2.67] rank1[cuda1,share=0.2992,tput=3.32] rank2[cuda2,share=0.2799,tput=2.66]
epoch 136: eval=0.9100
epoch 137: loss=0.124244, train_acc=0.9553, time=12.4s
per-rank: rank0[cuda0,share=0.4056,tput=2.03] rank1[cuda1,share=0.3119,tput=4.95] rank2[cuda2,share=0.2825,tput=3.33]
epoch 137: eval=0.9055
epoch 138: loss=0.122924, train_acc=0.9563, time=11.0s
per-rank: rank0[cuda0,share=0.3875,tput=2.34] rank1[cuda1,share=0.3100,tput=3.76] rank2[cuda2,share=0.3026,tput=2.82]
epoch 138: eval=0.9091
epoch 139: loss=0.124275, train_acc=0.9561, time=9.6s
per-rank: rank0[cuda0,share=0.4020,tput=3.46] rank2[cuda2,share=0.3064,tput=3.27] rank1[cuda1,share=0.2917,tput=2.25]
epoch 139: eval=0.9090
epoch 140: loss=0.124562, train_acc=0.9568, time=9.8s
per-rank: rank0[cuda0,share=0.3847,tput=1.83] rank1[cuda1,share=0.3118,tput=7.30] rank2[cuda2,share=0.3035,tput=2.28]
epoch 140: eval=0.9127
epoch 141: loss=0.119669, train_acc=0.9567, time=10.0s
per-rank: rank0[cuda0,share=0.3739,tput=4.46] rank2[cuda2,share=0.3142,tput=3.45] rank1[cuda1,share=0.3119,tput=1.94]
epoch 141: eval=0.9093
epoch 142: loss=0.127412, train_acc=0.9548, time=12.8s
per-rank: rank0[cuda0,share=0.4091,tput=1.99] rank2[cuda2,share=0.3082,tput=3.74] rank1[cuda1,share=0.2827,tput=4.56]
epoch 142: eval=0.9041
epoch 143: loss=0.125622, train_acc=0.9555, time=11.0s
per-rank: rank0[cuda0,share=0.3893,tput=2.14] rank2[cuda2,share=0.3094,tput=3.43] rank1[cuda1,share=0.3013,tput=3.14]
epoch 143: eval=0.9006
epoch 144: loss=0.122905, train_acc=0.9566, time=9.6s
per-rank: rank0[cuda0,share=0.3790,tput=2.93] rank1[cuda1,share=0.3154,tput=2.34] rank2[cuda2,share=0.3056,tput=3.75]
epoch 144: eval=0.9041
epoch 145: loss=0.124223, train_acc=0.9550, time=9.5s
per-rank: rank0[cuda0,share=0.3970,tput=3.03] rank1[cuda1,share=0.3107,tput=2.45] rank2[cuda2,share=0.2924,tput=3.80]
epoch 145: eval=0.8940
epoch 146: loss=0.119743, train_acc=0.9581, time=9.5s
per-rank: rank0[cuda0,share=0.4126,tput=2.77] rank1[cuda1,share=0.3057,tput=2.43] rank2[cuda2,share=0.2817,tput=3.78]
epoch 146: eval=0.9053
epoch 147: loss=0.117211, train_acc=0.9589, time=11.9s
per-rank: rank0[cuda0,share=0.3897,tput=2.00] rank2[cuda2,share=0.3072,tput=3.57] rank1[cuda1,share=0.3031,tput=4.55]
epoch 147: eval=0.9006
epoch 148: loss=0.119505, train_acc=0.9579, time=10.7s
per-rank: rank0[cuda0,share=0.3785,tput=2.05] rank2[cuda2,share=0.3145,tput=2.54] rank1[cuda1,share=0.3069,tput=4.21]
epoch 148: eval=0.9052
epoch 149: loss=0.116229, train_acc=0.9590, time=9.4s
per-rank: rank0[cuda0,share=0.3771,tput=3.51] rank1[cuda1,share=0.3115,tput=3.48] rank2[cuda2,share=0.3115,tput=2.14]
epoch 149: eval=0.9050
epoch 150: loss=0.095349, train_acc=0.9667, time=12.1s
per-rank: rank0[cuda0,share=0.3989,tput=2.02] rank1[cuda1,share=0.3157,tput=3.91] rank2[cuda2,share=0.2854,tput=4.10]
epoch 150: eval=0.9191
epoch 151: loss=0.079197, train_acc=0.9738, time=10.9s
per-rank: rank0[cuda0,share=0.3787,tput=2.30] rank1[cuda1,share=0.3265,tput=2.72] rank2[cuda2,share=0.2948,tput=3.73]
epoch 151: eval=0.9181
epoch 152: loss=0.076633, train_acc=0.9746, time=10.7s
per-rank: rank0[cuda0,share=0.4086,tput=2.16] rank1[cuda1,share=0.2980,tput=3.27] rank2[cuda2,share=0.2935,tput=4.44]
epoch 152: eval=0.9191
epoch 153: loss=0.073980, train_acc=0.9751, time=10.1s
per-rank: rank0[cuda0,share=0.4190,tput=2.71] rank1[cuda1,share=0.2940,tput=2.69] rank2[cuda2,share=0.2870,tput=3.32]
epoch 153: eval=0.9182
epoch 154: loss=0.073426, train_acc=0.9751, time=9.6s
per-rank: rank0[cuda0,share=0.3926,tput=2.46] rank2[cuda2,share=0.3050,tput=3.47] rank1[cuda1,share=0.3024,tput=2.61]
epoch 154: eval=0.9189
epoch 155: loss=0.068730, train_acc=0.9772, time=9.5s
per-rank: rank0[cuda0,share=0.3688,tput=3.37] rank1[cuda1,share=0.3257,tput=3.55] rank2[cuda2,share=0.3055,tput=2.18]
epoch 155: eval=0.9196
epoch 156: loss=0.069722, train_acc=0.9763, time=9.5s
per-rank: rank0[cuda0,share=0.3839,tput=3.49] rank1[cuda1,share=0.3122,tput=3.68] rank2[cuda2,share=0.3039,tput=1.89]
epoch 156: eval=0.9199
epoch 157: loss=0.069446, train_acc=0.9771, time=11.3s
per-rank: rank0[cuda0,share=0.3952,tput=2.10] rank1[cuda1,share=0.3050,tput=3.94] rank2[cuda2,share=0.2998,tput=3.73]
epoch 157: eval=0.9169
epoch 158: loss=0.069799, train_acc=0.9778, time=10.8s
per-rank: rank0[cuda0,share=0.3952,tput=2.58] rank1[cuda1,share=0.3050,tput=3.69] rank2[cuda2,share=0.2998,tput=2.55]
epoch 158: eval=0.9195
epoch 159: loss=0.067894, train_acc=0.9774, time=11.1s
per-rank: rank0[cuda0,share=0.3986,tput=2.15] rank1[cuda1,share=0.3037,tput=3.07] rank2[cuda2,share=0.2977,tput=5.43]
epoch 159: eval=0.9192
epoch 160: loss=0.068520, train_acc=0.9772, time=10.3s
per-rank: rank0[cuda0,share=0.4007,tput=2.23] rank1[cuda1,share=0.3027,tput=2.61] rank2[cuda2,share=0.2966,tput=3.86]
epoch 160: eval=0.9198
epoch 161: loss=0.065989, train_acc=0.9784, time=11.6s
per-rank: rank0[cuda0,share=0.4023,tput=2.08] rank1[cuda1,share=0.3019,tput=3.27] rank2[cuda2,share=0.2958,tput=4.72]
epoch 161: eval=0.9185
epoch 162: loss=0.066778, train_acc=0.9776, time=10.3s
per-rank: rank0[cuda0,share=0.4031,tput=2.50] rank1[cuda1,share=0.3016,tput=4.03] rank2[cuda2,share=0.2953,tput=2.42]
epoch 162: eval=0.9181
epoch 163: loss=0.066483, train_acc=0.9778, time=9.4s
per-rank: rank0[cuda0,share=0.4037,tput=2.34] rank1[cuda1,share=0.3013,tput=5.60] rank2[cuda2,share=0.2950,tput=2.22]
epoch 163: eval=0.9193
epoch 164: loss=0.064235, train_acc=0.9785, time=11.7s
per-rank: rank0[cuda0,share=0.4042,tput=2.06] rank1[cuda1,share=0.3010,tput=3.72] rank2[cuda2,share=0.2947,tput=4.68]
epoch 164: eval=0.9201
epoch 165: loss=0.063633, train_acc=0.9786, time=10.8s
per-rank: rank0[cuda0,share=0.4045,tput=2.82] rank1[cuda1,share=0.3011,tput=3.88] rank2[cuda2,share=0.2944,tput=2.48]
epoch 165: eval=0.9179
epoch 166: loss=0.064781, train_acc=0.9789, time=9.4s
per-rank: rank0[cuda0,share=0.4045,tput=1.92] rank1[cuda1,share=0.3011,tput=6.40] rank2[cuda2,share=0.2944,tput=2.45]
epoch 166: eval=0.9171
epoch 167: loss=0.063714, train_acc=0.9794, time=12.1s
per-rank: rank0[cuda0,share=0.4028,tput=2.01] rank1[cuda1,share=0.3045,tput=3.78] rank2[cuda2,share=0.2926,tput=4.77]
epoch 167: eval=0.9190
epoch 168: loss=0.064934, train_acc=0.9782, time=10.9s
per-rank: rank0[cuda0,share=0.4028,tput=1.96] rank1[cuda1,share=0.3045,tput=2.92] rank2[cuda2,share=0.2926,tput=3.71]
epoch 168: eval=0.9175
epoch 169: loss=0.063435, train_acc=0.9787, time=11.7s
per-rank: rank0[cuda0,share=0.4005,tput=1.99] rank1[cuda1,share=0.3066,tput=3.35] rank2[cuda2,share=0.2930,tput=4.87]
epoch 169: eval=0.9178
epoch 170: loss=0.063023, train_acc=0.9792, time=10.5s
per-rank: rank0[cuda0,share=0.3988,tput=2.72] rank1[cuda1,share=0.3074,tput=2.33] rank2[cuda2,share=0.2938,tput=4.09]
epoch 170: eval=0.9187
epoch 171: loss=0.062237, train_acc=0.9792, time=10.8s
per-rank: rank0[cuda0,share=0.3971,tput=2.17] rank1[cuda1,share=0.3082,tput=4.69] rank2[cuda2,share=0.2947,tput=3.39]
epoch 171: eval=0.9198
epoch 172: loss=0.060780, train_acc=0.9797, time=10.2s
per-rank: rank0[cuda0,share=0.3954,tput=2.83] rank1[cuda1,share=0.3091,tput=2.82] rank2[cuda2,share=0.2955,tput=3.04]
epoch 172: eval=0.9185
epoch 173: loss=0.060145, train_acc=0.9799, time=11.2s
per-rank: rank0[cuda0,share=0.3936,tput=2.09] rank1[cuda1,share=0.3099,tput=3.65] rank2[cuda2,share=0.2964,tput=4.08]
epoch 173: eval=0.9186
epoch 174: loss=0.063015, train_acc=0.9789, time=10.2s
per-rank: rank0[cuda0,share=0.3941,tput=3.34] rank1[cuda1,share=0.3101,tput=2.50] rank2[cuda2,share=0.2958,tput=3.27]
epoch 174: eval=0.9180
epoch 175: loss=0.060687, train_acc=0.9798, time=9.4s
per-rank: rank0[cuda0,share=0.3960,tput=3.38] rank1[cuda1,share=0.3096,tput=2.60] rank2[cuda2,share=0.2944,tput=2.87]
epoch 175: eval=0.9198
epoch 176: loss=0.060910, train_acc=0.9802, time=9.3s
per-rank: rank0[cuda0,share=0.3971,tput=3.23] rank1[cuda1,share=0.3103,tput=2.59] rank2[cuda2,share=0.2926,tput=3.07]
epoch 176: eval=0.9195
epoch 177: loss=0.058378, train_acc=0.9806, time=9.5s
per-rank: rank0[cuda0,share=0.4002,tput=3.13] rank1[cuda1,share=0.3100,tput=3.25] rank2[cuda2,share=0.2899,tput=2.35]
epoch 177: eval=0.9186
epoch 178: loss=0.058409, train_acc=0.9804, time=9.6s
per-rank: rank0[cuda0,share=0.4025,tput=2.17] rank1[cuda1,share=0.3091,tput=2.51] rank2[cuda2,share=0.2884,tput=5.10]
epoch 178: eval=0.9190
epoch 179: loss=0.058679, train_acc=0.9807, time=11.1s
per-rank: rank0[cuda0,share=0.4059,tput=2.24] rank1[cuda1,share=0.3077,tput=3.72] rank2[cuda2,share=0.2863,tput=4.88]
epoch 179: eval=0.9178
epoch 180: loss=0.058628, train_acc=0.9806, time=10.5s
per-rank: rank0[cuda0,share=0.4059,tput=2.43] rank1[cuda1,share=0.3077,tput=2.24] rank2[cuda2,share=0.2863,tput=3.20]
epoch 180: eval=0.9167
epoch 181: loss=0.057980, train_acc=0.9813, time=12.7s
per-rank: rank0[cuda0,share=0.4075,tput=1.92] rank1[cuda1,share=0.3073,tput=3.33] rank2[cuda2,share=0.2852,tput=4.83]
epoch 181: eval=0.9174
epoch 182: loss=0.057546, train_acc=0.9811, time=11.2s
per-rank: rank0[cuda0,share=0.4090,tput=2.18] rank1[cuda1,share=0.3069,tput=3.85] rank2[cuda2,share=0.2842,tput=2.61]
epoch 182: eval=0.9178
epoch 183: loss=0.059233, train_acc=0.9800, time=12.5s
per-rank: rank0[cuda0,share=0.4092,tput=1.91] rank1[cuda1,share=0.3071,tput=3.35] rank2[cuda2,share=0.2837,tput=4.69]
epoch 183: eval=0.9187
epoch 184: loss=0.055689, train_acc=0.9817, time=11.1s
per-rank: rank0[cuda0,share=0.4094,tput=2.51] rank1[cuda1,share=0.3073,tput=2.64] rank2[cuda2,share=0.2832,tput=3.32]
epoch 184: eval=0.9177
epoch 185: loss=0.056081, train_acc=0.9812, time=12.1s
per-rank: rank0[cuda0,share=0.4087,tput=1.94] rank1[cuda1,share=0.3065,tput=2.83] rank2[cuda2,share=0.2848,tput=5.07]
epoch 185: eval=0.9184
epoch 186: loss=0.055922, train_acc=0.9814, time=10.7s
per-rank: rank0[cuda0,share=0.4074,tput=2.34] rank1[cuda1,share=0.3067,tput=2.43] rank2[cuda2,share=0.2859,tput=3.65]
epoch 186: eval=0.9186
epoch 187: loss=0.056454, train_acc=0.9811, time=9.8s
per-rank: rank0[cuda0,share=0.4074,tput=2.96] rank1[cuda1,share=0.3067,tput=3.34] rank2[cuda2,share=0.2859,tput=2.57]
epoch 187: eval=0.9181
epoch 188: loss=0.056280, train_acc=0.9811, time=12.1s
per-rank: rank0[cuda0,share=0.4046,tput=2.02] rank1[cuda1,share=0.3041,tput=3.50] rank2[cuda2,share=0.2913,tput=4.23]
epoch 188: eval=0.9191
epoch 189: loss=0.054338, train_acc=0.9818, time=10.4s
per-rank: rank0[cuda0,share=0.4031,tput=2.94] rank1[cuda1,share=0.3027,tput=2.33] rank2[cuda2,share=0.2941,tput=3.17]
epoch 189: eval=0.9193
epoch 190: loss=0.054898, train_acc=0.9816, time=9.4s
per-rank: rank0[cuda0,share=0.4031,tput=3.26] rank1[cuda1,share=0.3027,tput=2.61] rank2[cuda2,share=0.2941,tput=2.92]
epoch 190: eval=0.9176
epoch 191: loss=0.054412, train_acc=0.9818, time=10.9s
per-rank: rank0[cuda0,share=0.4014,tput=2.20] rank1[cuda1,share=0.3002,tput=2.96] rank2[cuda2,share=0.2984,tput=5.08]
epoch 191: eval=0.9209
epoch 192: loss=0.053348, train_acc=0.9826, time=10.3s
per-rank: rank0[cuda0,share=0.4014,tput=2.74] rank1[cuda1,share=0.3002,tput=3.98] rank2[cuda2,share=0.2984,tput=2.13]
epoch 192: eval=0.9188
epoch 193: loss=0.054588, train_acc=0.9816, time=11.5s
per-rank: rank0[cuda0,share=0.4039,tput=2.10] rank2[cuda2,share=0.2997,tput=3.71] rank1[cuda1,share=0.2964,tput=3.84]
epoch 193: eval=0.9170
epoch 194: loss=0.054119, train_acc=0.9822, time=10.4s
per-rank: rank0[cuda0,share=0.4039,tput=2.85] rank2[cuda2,share=0.2997,tput=2.48] rank1[cuda1,share=0.2964,tput=3.35]
epoch 194: eval=0.9168
epoch 195: loss=0.054495, train_acc=0.9822, time=11.8s
per-rank: rank0[cuda0,share=0.4067,tput=2.09] rank2[cuda2,share=0.2996,tput=4.88] rank1[cuda1,share=0.2937,tput=3.35]
epoch 195: eval=0.9188
epoch 196: loss=0.053518, train_acc=0.9826, time=10.9s
per-rank: rank0[cuda0,share=0.4085,tput=2.64] rank2[cuda2,share=0.2987,tput=3.89] rank1[cuda1,share=0.2928,tput=2.10]
epoch 196: eval=0.9195
epoch 197: loss=0.054496, train_acc=0.9818, time=11.9s
per-rank: rank0[cuda0,share=0.4096,tput=2.08] rank2[cuda2,share=0.2990,tput=4.94] rank1[cuda1,share=0.2915,tput=3.30]
epoch 197: eval=0.9177
epoch 198: loss=0.052984, train_acc=0.9825, time=11.1s
per-rank: rank0[cuda0,share=0.4106,tput=1.88] rank2[cuda2,share=0.2993,tput=2.84] rank1[cuda1,share=0.2901,tput=3.89]
epoch 198: eval=0.9184
epoch 199: loss=0.053864, train_acc=0.9820, time=9.5s
per-rank: rank0[cuda0,share=0.4111,tput=2.94] rank2[cuda2,share=0.2991,tput=3.31] rank1[cuda1,share=0.2899,tput=2.42]
final eval=0.9175
# total: 1881.1s (31m 21s)
