# gpu0: NVIDIA GeForce RTX 5060 Ti (15GB, sm_120)
# gpu1: NVIDIA GeForce GTX 1060 6GB (5GB, sm_61)
# gpu2: NVIDIA GeForce GTX 1060 6GB (5GB, sm_61)
epoch 0: loss=1.993237, train_acc=0.2533, time=10.0s
per-rank: rank0[cuda0,share=0.4300,tput=3.53] rank1[cuda1,share=0.3079,tput=3.08] rank2[cuda2,share=0.2621,tput=5.00]
epoch 0: eval=0.3422
epoch 1: loss=1.667457, train_acc=0.3776, time=9.7s
per-rank: rank0[cuda0,share=0.4282,tput=2.22] rank1[cuda1,share=0.3041,tput=5.88] rank2[cuda2,share=0.2676,tput=2.23]
epoch 1: eval=0.4307
epoch 2: loss=1.478119, train_acc=0.4593, time=9.4s
per-rank: rank0[cuda0,share=0.4391,tput=3.65] rank1[cuda1,share=0.3043,tput=2.55] rank2[cuda2,share=0.2565,tput=4.56]
epoch 2: eval=0.4007
epoch 3: loss=1.343806, train_acc=0.5147, time=10.0s
per-rank: rank0[cuda0,share=0.4346,tput=3.91] rank1[cuda1,share=0.3003,tput=1.98] rank2[cuda2,share=0.2651,tput=3.52]
epoch 3: eval=0.5094
epoch 4: loss=1.201599, train_acc=0.5697, time=9.0s
per-rank: rank0[cuda0,share=0.4367,tput=3.21] rank1[cuda1,share=0.2943,tput=3.18] rank2[cuda2,share=0.2690,tput=2.55]
epoch 4: eval=0.6118
epoch 5: loss=1.094752, train_acc=0.6103, time=13.2s
per-rank: rank0[cuda0,share=0.4308,tput=1.94] rank1[cuda1,share=0.2953,tput=3.65] rank2[cuda2,share=0.2739,tput=5.37]
epoch 5: eval=0.5832
epoch 6: loss=1.015792, train_acc=0.6429, time=11.3s
per-rank: rank0[cuda0,share=0.4240,tput=1.89] rank1[cuda1,share=0.2977,tput=3.95] rank2[cuda2,share=0.2784,tput=3.23]
epoch 6: eval=0.6158
epoch 7: loss=0.951442, train_acc=0.6671, time=9.2s
per-rank: rank0[cuda0,share=0.4195,tput=2.85] rank1[cuda1,share=0.2992,tput=2.57] rank2[cuda2,share=0.2813,tput=3.61]
epoch 7: eval=0.5845
epoch 8: loss=0.881842, train_acc=0.6929, time=9.1s
per-rank: rank0[cuda0,share=0.4195,tput=2.49] rank1[cuda1,share=0.2992,tput=2.34] rank2[cuda2,share=0.2813,tput=5.93]
epoch 8: eval=0.6737
epoch 9: loss=0.834830, train_acc=0.7110, time=11.4s
per-rank: rank0[cuda0,share=0.4114,tput=2.14] rank1[cuda1,share=0.2998,tput=3.44] rank2[cuda2,share=0.2887,tput=5.23]
epoch 9: eval=0.7033
epoch 10: loss=0.804566, train_acc=0.7204, time=10.4s
per-rank: rank0[cuda0,share=0.4114,tput=2.64] rank1[cuda1,share=0.2998,tput=2.81] rank2[cuda2,share=0.2887,tput=3.45]
epoch 10: eval=0.6593
epoch 11: loss=0.770748, train_acc=0.7325, time=9.2s
per-rank: rank0[cuda0,share=0.4087,tput=3.22] rank1[cuda1,share=0.3001,tput=3.44] rank2[cuda2,share=0.2913,tput=2.32]
epoch 11: eval=0.7090
epoch 12: loss=0.756561, train_acc=0.7376, time=9.2s
per-rank: rank0[cuda0,share=0.4066,tput=3.55] rank1[cuda1,share=0.3002,tput=2.37] rank2[cuda2,share=0.2932,tput=3.38]
epoch 12: eval=0.7251
epoch 13: loss=0.727735, train_acc=0.7485, time=10.8s
per-rank: rank0[cuda0,share=0.4049,tput=2.21] rank1[cuda1,share=0.3004,tput=3.18] rank2[cuda2,share=0.2948,tput=5.21]
epoch 13: eval=0.7158
epoch 14: loss=0.715258, train_acc=0.7520, time=10.1s
per-rank: rank0[cuda0,share=0.4003,tput=2.66] rank1[cuda1,share=0.3007,tput=2.33] rank2[cuda2,share=0.2990,tput=4.16]
epoch 14: eval=0.7517
epoch 15: loss=0.692890, train_acc=0.7594, time=9.2s
per-rank: rank0[cuda0,share=0.3964,tput=3.45] rank2[cuda2,share=0.3022,tput=3.83] rank1[cuda1,share=0.3014,tput=2.12]
epoch 15: eval=0.6927
epoch 16: loss=0.681826, train_acc=0.7666, time=9.2s
per-rank: rank0[cuda0,share=0.3951,tput=2.30] rank2[cuda2,share=0.3041,tput=5.41] rank1[cuda1,share=0.3007,tput=2.59]
epoch 16: eval=0.7569
epoch 17: loss=0.672644, train_acc=0.7684, time=9.2s
per-rank: rank0[cuda0,share=0.3957,tput=2.53] rank2[cuda2,share=0.3052,tput=3.25] rank1[cuda1,share=0.2991,tput=3.02]
epoch 17: eval=0.5948
epoch 18: loss=0.654533, train_acc=0.7741, time=9.0s
per-rank: rank0[cuda0,share=0.3962,tput=3.53] rank2[cuda2,share=0.3063,tput=2.24] rank1[cuda1,share=0.2975,tput=4.07]
epoch 18: eval=0.6764
epoch 19: loss=0.648004, train_acc=0.7752, time=9.1s
per-rank: rank0[cuda0,share=0.3963,tput=2.98] rank2[cuda2,share=0.3066,tput=2.50] rank1[cuda1,share=0.2971,tput=3.89]
epoch 19: eval=0.7650
epoch 20: loss=0.635480, train_acc=0.7806, time=12.0s
per-rank: rank0[cuda0,share=0.3958,tput=1.93] rank2[cuda2,share=0.3064,tput=3.26] rank1[cuda1,share=0.2978,tput=5.49]
epoch 20: eval=0.7351
epoch 21: loss=0.625679, train_acc=0.7841, time=10.3s
per-rank: rank0[cuda0,share=0.3952,tput=2.32] rank2[cuda2,share=0.3062,tput=2.66] rank1[cuda1,share=0.2986,tput=4.29]
epoch 21: eval=0.7795
epoch 22: loss=0.605615, train_acc=0.7926, time=9.2s
per-rank: rank0[cuda0,share=0.3947,tput=2.74] rank2[cuda2,share=0.3060,tput=2.34] rank1[cuda1,share=0.2993,tput=4.71]
epoch 22: eval=0.7628
epoch 23: loss=0.611537, train_acc=0.7882, time=10.3s
per-rank: rank0[cuda0,share=0.3949,tput=2.27] rank2[cuda2,share=0.3064,tput=3.72] rank1[cuda1,share=0.2987,tput=4.11]
epoch 23: eval=0.7596
epoch 24: loss=0.606040, train_acc=0.7886, time=9.8s
per-rank: rank0[cuda0,share=0.3951,tput=3.17] rank2[cuda2,share=0.3068,tput=2.43] rank1[cuda1,share=0.2981,tput=3.65]
epoch 24: eval=0.7465
epoch 25: loss=0.604814, train_acc=0.7913, time=9.1s
per-rank: rank0[cuda0,share=0.3943,tput=2.50] rank2[cuda2,share=0.3066,tput=2.17] rank1[cuda1,share=0.2991,tput=5.91]
epoch 25: eval=0.6802
epoch 26: loss=0.604518, train_acc=0.7905, time=9.1s
per-rank: rank0[cuda0,share=0.3935,tput=2.91] rank2[cuda2,share=0.3064,tput=2.30] rank1[cuda1,share=0.3001,tput=3.87]
epoch 26: eval=0.7730
epoch 27: loss=0.581445, train_acc=0.7981, time=9.1s
per-rank: rank0[cuda0,share=0.3927,tput=2.53] rank2[cuda2,share=0.3061,tput=2.24] rank1[cuda1,share=0.3012,tput=6.14]
epoch 27: eval=0.7391
epoch 28: loss=0.577742, train_acc=0.8014, time=9.2s
per-rank: rank0[cuda0,share=0.3919,tput=3.60] rank2[cuda2,share=0.3059,tput=3.37] rank1[cuda1,share=0.3022,tput=2.32]
epoch 28: eval=0.7360
epoch 29: loss=0.578575, train_acc=0.8016, time=9.1s
per-rank: rank0[cuda0,share=0.3938,tput=3.85] rank2[cuda2,share=0.3042,tput=3.09] rank1[cuda1,share=0.3019,tput=2.39]
epoch 29: eval=0.7395
epoch 30: loss=0.576296, train_acc=0.8019, time=9.3s
per-rank: rank0[cuda0,share=0.3965,tput=2.44] rank2[cuda2,share=0.3031,tput=2.37] rank1[cuda1,share=0.3004,tput=5.89]
epoch 30: eval=0.7614
epoch 31: loss=0.569547, train_acc=0.8021, time=9.1s
per-rank: rank0[cuda0,share=0.3991,tput=2.77] rank2[cuda2,share=0.3019,tput=3.36] rank1[cuda1,share=0.2989,tput=2.82]
epoch 31: eval=0.7776
epoch 32: loss=0.567950, train_acc=0.8040, time=11.1s
per-rank: rank0[cuda0,share=0.4018,tput=2.22] rank2[cuda2,share=0.3008,tput=3.38] rank1[cuda1,share=0.2974,tput=5.42]
epoch 32: eval=0.6731
epoch 33: loss=0.565187, train_acc=0.8056, time=10.3s
per-rank: rank0[cuda0,share=0.4037,tput=2.12] rank2[cuda2,share=0.2990,tput=2.72] rank1[cuda1,share=0.2973,tput=4.14]
epoch 33: eval=0.7879
epoch 34: loss=0.554700, train_acc=0.8101, time=9.1s
per-rank: rank0[cuda0,share=0.4040,tput=3.16] rank1[cuda1,share=0.2987,tput=2.31] rank2[cuda2,share=0.2972,tput=3.78]
epoch 34: eval=0.7787
epoch 35: loss=0.552901, train_acc=0.8102, time=9.2s
per-rank: rank0[cuda0,share=0.4044,tput=3.59] rank1[cuda1,share=0.2986,tput=2.13] rank2[cuda2,share=0.2971,tput=3.59]
epoch 35: eval=0.7917
epoch 36: loss=0.549006, train_acc=0.8130, time=11.7s
per-rank: rank0[cuda0,share=0.4047,tput=2.04] rank1[cuda1,share=0.2984,tput=4.82] rank2[cuda2,share=0.2969,tput=3.65]
epoch 36: eval=0.7784
epoch 37: loss=0.550739, train_acc=0.8111, time=10.6s
per-rank: rank0[cuda0,share=0.4050,tput=2.03] rank1[cuda1,share=0.2983,tput=3.95] rank2[cuda2,share=0.2967,tput=3.02]
epoch 37: eval=0.7622
epoch 38: loss=0.546600, train_acc=0.8113, time=9.2s
per-rank: rank0[cuda0,share=0.4044,tput=3.51] rank1[cuda1,share=0.2978,tput=2.46] rank2[cuda2,share=0.2978,tput=3.33]
epoch 38: eval=0.7759
epoch 39: loss=0.538941, train_acc=0.8159, time=9.1s
per-rank: rank0[cuda0,share=0.4026,tput=3.94] rank2[cuda2,share=0.2995,tput=3.45] rank1[cuda1,share=0.2979,tput=2.17]
epoch 39: eval=0.7454
epoch 40: loss=0.545975, train_acc=0.8143, time=9.3s
per-rank: rank0[cuda0,share=0.3989,tput=3.82] rank2[cuda2,share=0.3029,tput=2.11] rank1[cuda1,share=0.2982,tput=3.54]
epoch 40: eval=0.8294
epoch 41: loss=0.522192, train_acc=0.8195, time=9.2s
per-rank: rank0[cuda0,share=0.3981,tput=3.62] rank2[cuda2,share=0.3041,tput=2.02] rank1[cuda1,share=0.2977,tput=3.87]
epoch 41: eval=0.7994
epoch 42: loss=0.536087, train_acc=0.8153, time=9.1s
per-rank: rank0[cuda0,share=0.3980,tput=2.68] rank2[cuda2,share=0.3042,tput=2.15] rank1[cuda1,share=0.2978,tput=6.41]
epoch 42: eval=0.7819
epoch 43: loss=0.530181, train_acc=0.8161, time=9.1s
per-rank: rank0[cuda0,share=0.3995,tput=3.50] rank2[cuda2,share=0.3043,tput=2.30] rank1[cuda1,share=0.2962,tput=3.41]
epoch 43: eval=0.7806
epoch 44: loss=0.527321, train_acc=0.8163, time=12.3s
per-rank: rank0[cuda0,share=0.3997,tput=2.01] rank2[cuda2,share=0.3034,tput=3.36] rank1[cuda1,share=0.2969,tput=5.74]
epoch 44: eval=0.7902
epoch 45: loss=0.532136, train_acc=0.8170, time=10.8s
per-rank: rank0[cuda0,share=0.3999,tput=2.15] rank2[cuda2,share=0.3025,tput=4.09] rank1[cuda1,share=0.2976,tput=2.87]
epoch 45: eval=0.7917
epoch 46: loss=0.525688, train_acc=0.8188, time=9.2s
per-rank: rank0[cuda0,share=0.4001,tput=3.18] rank2[cuda2,share=0.3016,tput=3.40] rank1[cuda1,share=0.2983,tput=2.64]
epoch 46: eval=0.7379
epoch 47: loss=0.518679, train_acc=0.8221, time=11.5s
per-rank: rank0[cuda0,share=0.4004,tput=2.09] rank1[cuda1,share=0.3006,tput=3.34] rank2[cuda2,share=0.2990,tput=5.30]
epoch 47: eval=0.8192
epoch 48: loss=0.527700, train_acc=0.8189, time=10.4s
per-rank: rank0[cuda0,share=0.4004,tput=2.69] rank1[cuda1,share=0.3006,tput=2.47] rank2[cuda2,share=0.2990,tput=4.00]
epoch 48: eval=0.7746
epoch 49: loss=0.509363, train_acc=0.8227, time=9.1s
per-rank: rank0[cuda0,share=0.4012,tput=2.56] rank1[cuda1,share=0.3019,tput=6.87] rank2[cuda2,share=0.2969,tput=2.07]
epoch 49: eval=0.8071
epoch 50: loss=0.507781, train_acc=0.8250, time=9.3s
per-rank: rank0[cuda0,share=0.4011,tput=1.97] rank1[cuda1,share=0.3036,tput=6.98] rank2[cuda2,share=0.2953,tput=2.23]
epoch 50: eval=0.7786
epoch 51: loss=0.510706, train_acc=0.8244, time=9.2s
per-rank: rank0[cuda0,share=0.4004,tput=2.79] rank1[cuda1,share=0.3048,tput=2.31] rank2[cuda2,share=0.2948,tput=5.06]
epoch 51: eval=0.7657
epoch 52: loss=0.511150, train_acc=0.8235, time=9.1s
per-rank: rank0[cuda0,share=0.3996,tput=3.57] rank1[cuda1,share=0.3061,tput=3.12] rank2[cuda2,share=0.2943,tput=2.46]
epoch 52: eval=0.7874
epoch 53: loss=0.507621, train_acc=0.8254, time=9.1s
per-rank: rank0[cuda0,share=0.3995,tput=3.57] rank1[cuda1,share=0.3062,tput=3.57] rank2[cuda2,share=0.2944,tput=2.19]
epoch 53: eval=0.7770
epoch 54: loss=0.509568, train_acc=0.8253, time=9.1s
per-rank: rank0[cuda0,share=0.3994,tput=2.60] rank1[cuda1,share=0.3062,tput=6.26] rank2[cuda2,share=0.2944,tput=1.95]
epoch 54: eval=0.7787
epoch 55: loss=0.511346, train_acc=0.8238, time=9.2s
per-rank: rank0[cuda0,share=0.4006,tput=2.84] rank1[cuda1,share=0.3057,tput=3.36] rank2[cuda2,share=0.2937,tput=2.58]
epoch 55: eval=0.7795
epoch 56: loss=0.490491, train_acc=0.8312, time=9.2s
per-rank: rank0[cuda0,share=0.4013,tput=3.30] rank1[cuda1,share=0.3062,tput=3.66] rank2[cuda2,share=0.2925,tput=2.28]
epoch 56: eval=0.8147
epoch 57: loss=0.504733, train_acc=0.8267, time=9.3s
per-rank: rank0[cuda0,share=0.4026,tput=2.83] rank1[cuda1,share=0.3072,tput=3.20] rank2[cuda2,share=0.2902,tput=2.68]
epoch 57: eval=0.8019
epoch 58: loss=0.499816, train_acc=0.8271, time=9.2s
per-rank: rank0[cuda0,share=0.4027,tput=2.85] rank1[cuda1,share=0.3074,tput=2.05] rank2[cuda2,share=0.2899,tput=6.00]
epoch 58: eval=0.7511
epoch 59: loss=0.505537, train_acc=0.8253, time=9.2s
per-rank: rank0[cuda0,share=0.4027,tput=3.42] rank1[cuda1,share=0.3059,tput=2.34] rank2[cuda2,share=0.2913,tput=3.54]
epoch 59: eval=0.7755
epoch 60: loss=0.491884, train_acc=0.8308, time=11.3s
per-rank: rank0[cuda0,share=0.4029,tput=2.15] rank1[cuda1,share=0.3028,tput=4.07] rank2[cuda2,share=0.2943,tput=4.43]
epoch 60: eval=0.7286
epoch 61: loss=0.485570, train_acc=0.8328, time=10.6s
per-rank: rank0[cuda0,share=0.4029,tput=2.49] rank1[cuda1,share=0.3012,tput=2.51] rank2[cuda2,share=0.2958,tput=3.85]
epoch 61: eval=0.7825
epoch 62: loss=0.493174, train_acc=0.8302, time=9.1s
per-rank: rank0[cuda0,share=0.4030,tput=3.19] rank1[cuda1,share=0.2996,tput=2.56] rank2[cuda2,share=0.2974,tput=3.28]
epoch 62: eval=0.7880
epoch 63: loss=0.496310, train_acc=0.8299, time=8.9s
per-rank: rank0[cuda0,share=0.4031,tput=3.74] rank2[cuda2,share=0.2990,tput=2.90] rank1[cuda1,share=0.2979,tput=2.62]
epoch 63: eval=0.7984
epoch 64: loss=0.478357, train_acc=0.8347, time=9.2s
per-rank: rank0[cuda0,share=0.4046,tput=2.22] rank2[cuda2,share=0.2999,tput=2.33] rank1[cuda1,share=0.2955,tput=6.09]
epoch 64: eval=0.8413
epoch 65: loss=0.487143, train_acc=0.8321, time=11.7s
per-rank: rank0[cuda0,share=0.4047,tput=2.16] rank2[cuda2,share=0.3016,tput=5.49] rank1[cuda1,share=0.2937,tput=3.28]
epoch 65: eval=0.7725
epoch 66: loss=0.497343, train_acc=0.8293, time=10.4s
per-rank: rank0[cuda0,share=0.4062,tput=2.17] rank2[cuda2,share=0.3010,tput=4.11] rank1[cuda1,share=0.2929,tput=2.92]
epoch 66: eval=0.7166
epoch 67: loss=0.490413, train_acc=0.8302, time=9.2s
per-rank: rank0[cuda0,share=0.4047,tput=3.62] rank2[cuda2,share=0.3000,tput=3.36] rank1[cuda1,share=0.2953,tput=2.39]
epoch 67: eval=0.7640
epoch 68: loss=0.480469, train_acc=0.8344, time=9.2s
per-rank: rank0[cuda0,share=0.4053,tput=4.22] rank2[cuda2,share=0.2989,tput=2.00] rank1[cuda1,share=0.2958,tput=3.11]
epoch 68: eval=0.7869
epoch 69: loss=0.492736, train_acc=0.8325, time=9.2s
per-rank: rank0[cuda0,share=0.4065,tput=3.20] rank1[cuda1,share=0.2969,tput=2.76] rank2[cuda2,share=0.2966,tput=3.10]
epoch 69: eval=0.7754
epoch 70: loss=0.483067, train_acc=0.8332, time=9.2s
per-rank: rank0[cuda0,share=0.4089,tput=3.28] rank1[cuda1,share=0.2989,tput=2.44] rank2[cuda2,share=0.2922,tput=3.41]
epoch 70: eval=0.8136
epoch 71: loss=0.485166, train_acc=0.8327, time=12.4s
per-rank: rank0[cuda0,share=0.4076,tput=1.97] rank1[cuda1,share=0.3004,tput=3.59] rank2[cuda2,share=0.2920,tput=5.23]
epoch 71: eval=0.7392
epoch 72: loss=0.471797, train_acc=0.8369, time=10.9s
per-rank: rank0[cuda0,share=0.4063,tput=2.34] rank1[cuda1,share=0.3018,tput=2.86] rank2[cuda2,share=0.2919,tput=3.75]
epoch 72: eval=0.8297
epoch 73: loss=0.475697, train_acc=0.8369, time=9.2s
per-rank: rank0[cuda0,share=0.4036,tput=2.40] rank1[cuda1,share=0.3048,tput=2.71] rank2[cuda2,share=0.2917,tput=5.41]
epoch 73: eval=0.7981
epoch 74: loss=0.478036, train_acc=0.8360, time=9.1s
per-rank: rank0[cuda0,share=0.4043,tput=3.30] rank1[cuda1,share=0.3060,tput=2.60] rank2[cuda2,share=0.2897,tput=3.32]
epoch 74: eval=0.8027
epoch 75: loss=0.481109, train_acc=0.8339, time=9.1s
per-rank: rank0[cuda0,share=0.4050,tput=3.18] rank1[cuda1,share=0.3072,tput=2.14] rank2[cuda2,share=0.2877,tput=4.00]
epoch 75: eval=0.8050
epoch 76: loss=0.469093, train_acc=0.8371, time=9.0s
per-rank: rank0[cuda0,share=0.4040,tput=2.81] rank1[cuda1,share=0.3076,tput=2.02] rank2[cuda2,share=0.2884,tput=6.45]
epoch 76: eval=0.8225
epoch 77: loss=0.486106, train_acc=0.8321, time=9.3s
per-rank: rank0[cuda0,share=0.4032,tput=2.97] rank1[cuda1,share=0.3066,tput=3.49] rank2[cuda2,share=0.2902,tput=2.51]
epoch 77: eval=0.7841
epoch 78: loss=0.465126, train_acc=0.8416, time=9.1s
per-rank: rank0[cuda0,share=0.4042,tput=3.93] rank1[cuda1,share=0.3025,tput=2.19] rank2[cuda2,share=0.2933,tput=3.26]
epoch 78: eval=0.7717
epoch 79: loss=0.479202, train_acc=0.8351, time=9.0s
per-rank: rank0[cuda0,share=0.4066,tput=2.69] rank1[cuda1,share=0.2999,tput=6.08] rank2[cuda2,share=0.2935,tput=2.12]
epoch 79: eval=0.7772
epoch 80: loss=0.461456, train_acc=0.8407, time=9.0s
per-rank: rank0[cuda0,share=0.4123,tput=3.56] rank1[cuda1,share=0.2952,tput=4.27] rank2[cuda2,share=0.2925,tput=1.91]
epoch 80: eval=0.8116
epoch 81: loss=0.478710, train_acc=0.8360, time=9.2s
per-rank: rank0[cuda0,share=0.4148,tput=2.11] rank1[cuda1,share=0.2926,tput=6.42] rank2[cuda2,share=0.2926,tput=2.45]
epoch 81: eval=0.6991
epoch 82: loss=0.469483, train_acc=0.8392, time=9.3s
per-rank: rank0[cuda0,share=0.4158,tput=2.15] rank2[cuda2,share=0.2933,tput=2.59] rank1[cuda1,share=0.2908,tput=6.84]
epoch 82: eval=0.8215
epoch 83: loss=0.470528, train_acc=0.8378, time=9.2s
per-rank: rank0[cuda0,share=0.4164,tput=3.05] rank2[cuda2,share=0.2922,tput=3.69] rank1[cuda1,share=0.2914,tput=2.50]
epoch 83: eval=0.7846
epoch 84: loss=0.461374, train_acc=0.8404, time=9.1s
per-rank: rank0[cuda0,share=0.4142,tput=5.45] rank1[cuda1,share=0.2946,tput=2.51] rank2[cuda2,share=0.2912,tput=4.34]
epoch 84: eval=0.8278
epoch 85: loss=0.469948, train_acc=0.8393, time=9.2s
per-rank: rank0[cuda0,share=0.4100,tput=2.35] rank1[cuda1,share=0.2994,tput=6.35] rank2[cuda2,share=0.2906,tput=2.23]
epoch 85: eval=0.8104
epoch 86: loss=0.456077, train_acc=0.8435, time=10.9s
per-rank: rank0[cuda0,share=0.4076,tput=2.19] rank1[cuda1,share=0.3023,tput=5.85] rank2[cuda2,share=0.2902,tput=2.82]
epoch 86: eval=0.8159
epoch 87: loss=0.465339, train_acc=0.8389, time=10.2s
per-rank: rank0[cuda0,share=0.4063,tput=2.42] rank1[cuda1,share=0.3036,tput=2.83] rank2[cuda2,share=0.2900,tput=3.68]
epoch 87: eval=0.8237
epoch 88: loss=0.474281, train_acc=0.8376, time=9.2s
per-rank: rank0[cuda0,share=0.4054,tput=1.99] rank1[cuda1,share=0.3048,tput=2.50] rank2[cuda2,share=0.2898,tput=6.52]
epoch 88: eval=0.7583
epoch 89: loss=0.455099, train_acc=0.8426, time=9.2s
per-rank: rank0[cuda0,share=0.4025,tput=3.51] rank1[cuda1,share=0.3060,tput=2.42] rank2[cuda2,share=0.2914,tput=3.42]
epoch 89: eval=0.8153
epoch 90: loss=0.460200, train_acc=0.8417, time=9.1s
per-rank: rank0[cuda0,share=0.4015,tput=2.60] rank1[cuda1,share=0.3072,tput=2.56] rank2[cuda2,share=0.2913,tput=5.08]
epoch 90: eval=0.8164
epoch 91: loss=0.464693, train_acc=0.8400, time=9.1s
per-rank: rank0[cuda0,share=0.4017,tput=2.17] rank1[cuda1,share=0.3078,tput=2.36] rank2[cuda2,share=0.2904,tput=6.50]
epoch 91: eval=0.8472
epoch 92: loss=0.464807, train_acc=0.8389, time=9.2s
per-rank: rank0[cuda0,share=0.4006,tput=3.42] rank1[cuda1,share=0.3084,tput=5.04] rank2[cuda2,share=0.2910,tput=2.36]
epoch 92: eval=0.7278
epoch 93: loss=0.450043, train_acc=0.8437, time=11.6s
per-rank: rank0[cuda0,share=0.3889,tput=2.11] rank1[cuda1,share=0.3130,tput=3.82] rank2[cuda2,share=0.2981,tput=5.15]
epoch 93: eval=0.7730
epoch 94: loss=0.456180, train_acc=0.8425, time=10.4s
per-rank: rank0[cuda0,share=0.3882,tput=2.89] rank1[cuda1,share=0.3140,tput=2.98] rank2[cuda2,share=0.2978,tput=3.17]
epoch 94: eval=0.8192
epoch 95: loss=0.452392, train_acc=0.8445, time=10.9s
per-rank: rank0[cuda0,share=0.3900,tput=2.15] rank1[cuda1,share=0.3138,tput=4.98] rank2[cuda2,share=0.2962,tput=3.48]
epoch 95: eval=0.7749
epoch 96: loss=0.450025, train_acc=0.8450, time=10.2s
per-rank: rank0[cuda0,share=0.3933,tput=2.89] rank1[cuda1,share=0.3145,tput=4.05] rank2[cuda2,share=0.2922,tput=2.09]
epoch 96: eval=0.8314
epoch 97: loss=0.450829, train_acc=0.8457, time=11.0s
per-rank: rank0[cuda0,share=0.3981,tput=2.26] rank1[cuda1,share=0.3153,tput=3.98] rank2[cuda2,share=0.2866,tput=4.84]
epoch 97: eval=0.7688
epoch 98: loss=0.462398, train_acc=0.8405, time=10.2s
per-rank: rank0[cuda0,share=0.4075,tput=2.72] rank1[cuda1,share=0.3121,tput=2.74] rank2[cuda2,share=0.2804,tput=3.58]
epoch 98: eval=0.8098
epoch 99: loss=0.451683, train_acc=0.8449, time=9.1s
per-rank: rank0[cuda0,share=0.4090,tput=3.73] rank1[cuda1,share=0.3122,tput=2.34] rank2[cuda2,share=0.2788,tput=3.96]
epoch 99: eval=0.8154
epoch 100: loss=0.308876, train_acc=0.8923, time=9.0s
per-rank: rank0[cuda0,share=0.4121,tput=3.47] rank1[cuda1,share=0.3097,tput=2.53] rank2[cuda2,share=0.2781,tput=3.51]
epoch 100: eval=0.8967
epoch 101: loss=0.242446, train_acc=0.9166, time=9.2s
per-rank: rank0[cuda0,share=0.4117,tput=3.61] rank1[cuda1,share=0.3086,tput=3.29] rank2[cuda2,share=0.2798,tput=2.31]
epoch 101: eval=0.8994
epoch 102: loss=0.229912, train_acc=0.9213, time=9.1s
per-rank: rank0[cuda0,share=0.4119,tput=3.53] rank1[cuda1,share=0.3061,tput=3.87] rank2[cuda2,share=0.2820,tput=2.09]
epoch 102: eval=0.9012
epoch 103: loss=0.221953, train_acc=0.9225, time=11.3s
per-rank: rank0[cuda0,share=0.4138,tput=2.20] rank1[cuda1,share=0.3014,tput=3.18] rank2[cuda2,share=0.2848,tput=5.51]
epoch 103: eval=0.9021
epoch 104: loss=0.214102, train_acc=0.9254, time=10.3s
per-rank: rank0[cuda0,share=0.4168,tput=2.65] rank1[cuda1,share=0.2992,tput=2.83] rank2[cuda2,share=0.2840,tput=3.51]
epoch 104: eval=0.9015
epoch 105: loss=0.208750, train_acc=0.9271, time=9.1s
per-rank: rank0[cuda0,share=0.4206,tput=3.04] rank1[cuda1,share=0.2953,tput=3.17] rank2[cuda2,share=0.2840,tput=2.80]
epoch 105: eval=0.9003
epoch 106: loss=0.198629, train_acc=0.9312, time=9.2s
per-rank: rank0[cuda0,share=0.4214,tput=2.32] rank1[cuda1,share=0.2914,tput=5.57] rank2[cuda2,share=0.2872,tput=2.57]
epoch 106: eval=0.9051
epoch 107: loss=0.198454, train_acc=0.9315, time=11.7s
per-rank: rank0[cuda0,share=0.4148,tput=2.11] rank2[cuda2,share=0.2928,tput=4.37] rank1[cuda1,share=0.2924,tput=4.18]
epoch 107: eval=0.9028
epoch 108: loss=0.192504, train_acc=0.9335, time=10.9s
per-rank: rank0[cuda0,share=0.4087,tput=1.95] rank1[cuda1,share=0.2983,tput=4.66] rank2[cuda2,share=0.2929,tput=2.27]
epoch 108: eval=0.9066
epoch 109: loss=0.187899, train_acc=0.9347, time=9.3s
per-rank: rank0[cuda0,share=0.3956,tput=2.83] rank1[cuda1,share=0.3119,tput=3.73] rank2[cuda2,share=0.2925,tput=2.54]
epoch 109: eval=0.9061
epoch 110: loss=0.183074, train_acc=0.9355, time=9.2s
per-rank: rank0[cuda0,share=0.3973,tput=4.54] rank1[cuda1,share=0.3097,tput=2.38] rank2[cuda2,share=0.2931,tput=2.60]
epoch 110: eval=0.9069
epoch 111: loss=0.181929, train_acc=0.9370, time=9.2s
per-rank: rank0[cuda0,share=0.4093,tput=2.46] rank2[cuda2,share=0.2964,tput=5.66] rank1[cuda1,share=0.2943,tput=2.46]
epoch 111: eval=0.9065
epoch 112: loss=0.178215, train_acc=0.9377, time=9.2s
per-rank: rank0[cuda0,share=0.4271,tput=3.27] rank2[cuda2,share=0.2922,tput=2.04] rank1[cuda1,share=0.2807,tput=3.98]
epoch 112: eval=0.9064
epoch 113: loss=0.172482, train_acc=0.9402, time=12.4s
per-rank: rank0[cuda0,share=0.4309,tput=2.15] rank1[cuda1,share=0.2873,tput=3.73] rank2[cuda2,share=0.2819,tput=5.40]
epoch 113: eval=0.9051
epoch 114: loss=0.173533, train_acc=0.9393, time=11.7s
per-rank: rank0[cuda0,share=0.4198,tput=2.07] rank1[cuda1,share=0.2983,tput=3.12] rank2[cuda2,share=0.2819,tput=3.66]
epoch 114: eval=0.9086
epoch 115: loss=0.167401, train_acc=0.9414, time=9.6s
per-rank: rank0[cuda0,share=0.4082,tput=3.24] rank1[cuda1,share=0.3032,tput=3.43] rank2[cuda2,share=0.2885,tput=2.54]
epoch 115: eval=0.9072
epoch 116: loss=0.164898, train_acc=0.9420, time=9.2s
per-rank: rank0[cuda0,share=0.4131,tput=2.39] rank1[cuda1,share=0.3058,tput=6.35] rank2[cuda2,share=0.2811,tput=2.02]
epoch 116: eval=0.9070
epoch 117: loss=0.160707, train_acc=0.9433, time=9.3s
per-rank: rank0[cuda0,share=0.4040,tput=3.93] rank1[cuda1,share=0.3127,tput=3.30] rank2[cuda2,share=0.2833,tput=2.66]
epoch 117: eval=0.9100
epoch 118: loss=0.154549, train_acc=0.9462, time=9.3s
per-rank: rank0[cuda0,share=0.4018,tput=3.85] rank1[cuda1,share=0.3035,tput=3.54] rank2[cuda2,share=0.2947,tput=2.22]
epoch 118: eval=0.9074
epoch 119: loss=0.151468, train_acc=0.9471, time=11.5s
per-rank: rank0[cuda0,share=0.4200,tput=2.13] rank1[cuda1,share=0.2917,tput=3.38] rank2[cuda2,share=0.2882,tput=4.73]
epoch 119: eval=0.9057
epoch 120: loss=0.149210, train_acc=0.9471, time=10.5s
per-rank: rank0[cuda0,share=0.4265,tput=2.53] rank2[cuda2,share=0.2983,tput=4.22] rank1[cuda1,share=0.2752,tput=2.42]
epoch 120: eval=0.9089
epoch 121: loss=0.148218, train_acc=0.9477, time=9.4s
per-rank: rank0[cuda0,share=0.4264,tput=2.42] rank2[cuda2,share=0.2893,tput=5.86] rank1[cuda1,share=0.2843,tput=2.34]
epoch 121: eval=0.9054
epoch 122: loss=0.140147, train_acc=0.9506, time=9.5s
per-rank: rank0[cuda0,share=0.4419,tput=2.53] rank2[cuda2,share=0.2879,tput=2.48] rank1[cuda1,share=0.2702,tput=5.40]
epoch 122: eval=0.9012
epoch 123: loss=0.141901, train_acc=0.9498, time=9.5s
per-rank: rank0[cuda0,share=0.3828,tput=3.60] rank1[cuda1,share=0.3134,tput=2.84] rank2[cuda2,share=0.3038,tput=3.63]
epoch 123: eval=0.9059
epoch 124: loss=0.139998, train_acc=0.9515, time=9.8s
per-rank: rank0[cuda0,share=0.4055,tput=2.82] rank2[cuda2,share=0.3035,tput=3.81] rank1[cuda1,share=0.2910,tput=2.42]
epoch 124: eval=0.9117
epoch 125: loss=0.140938, train_acc=0.9508, time=9.6s
per-rank: rank0[cuda0,share=0.3753,tput=2.78] rank1[cuda1,share=0.3185,tput=2.63] rank2[cuda2,share=0.3062,tput=3.69]
epoch 125: eval=0.9129
epoch 126: loss=0.141569, train_acc=0.9507, time=9.5s
per-rank: rank0[cuda0,share=0.4179,tput=2.66] rank2[cuda2,share=0.2985,tput=2.42] rank1[cuda1,share=0.2836,tput=4.87]
epoch 126: eval=0.9065
epoch 127: loss=0.138542, train_acc=0.9504, time=9.3s
per-rank: rank0[cuda0,share=0.4426,tput=3.32] rank2[cuda2,share=0.2923,tput=3.37] rank1[cuda1,share=0.2651,tput=2.45]
epoch 127: eval=0.9019
epoch 128: loss=0.132053, train_acc=0.9537, time=9.3s
per-rank: rank0[cuda0,share=0.4537,tput=4.98] rank2[cuda2,share=0.2870,tput=2.53] rank1[cuda1,share=0.2593,tput=3.94]
epoch 128: eval=0.9016
epoch 129: loss=0.132021, train_acc=0.9538, time=9.4s
per-rank: rank0[cuda0,share=0.4362,tput=3.22] rank1[cuda1,share=0.3010,tput=2.82] rank2[cuda2,share=0.2628,tput=2.90]
epoch 129: eval=0.9071
epoch 130: loss=0.129481, train_acc=0.9533, time=12.7s
per-rank: rank0[cuda0,share=0.4011,tput=2.15] rank1[cuda1,share=0.3113,tput=5.02] rank2[cuda2,share=0.2876,tput=3.91]
epoch 130: eval=0.9052
epoch 131: loss=0.133004, train_acc=0.9525, time=11.2s
per-rank: rank0[cuda0,share=0.4163,tput=2.18] rank1[cuda1,share=0.2928,tput=2.80] rank2[cuda2,share=0.2908,tput=4.14]
epoch 131: eval=0.8976
epoch 132: loss=0.130052, train_acc=0.9538, time=9.2s
per-rank: rank0[cuda0,share=0.4179,tput=3.42] rank1[cuda1,share=0.3045,tput=4.07] rank2[cuda2,share=0.2776,tput=1.93]
epoch 132: eval=0.9039
epoch 133: loss=0.128460, train_acc=0.9551, time=9.4s
per-rank: rank0[cuda0,share=0.4197,tput=2.98] rank2[cuda2,share=0.2926,tput=2.99] rank1[cuda1,share=0.2878,tput=4.16]
epoch 133: eval=0.9099
epoch 134: loss=0.126487, train_acc=0.9548, time=9.2s
per-rank: rank0[cuda0,share=0.4247,tput=3.61] rank1[cuda1,share=0.3210,tput=3.87] rank2[cuda2,share=0.2543,tput=2.12]
epoch 134: eval=0.9072
epoch 135: loss=0.123524, train_acc=0.9563, time=9.6s
per-rank: rank0[cuda0,share=0.4073,tput=3.43] rank2[cuda2,share=0.2977,tput=3.82] rank1[cuda1,share=0.2950,tput=2.22]
epoch 135: eval=0.9078
epoch 136: loss=0.123377, train_acc=0.9558, time=9.6s
per-rank: rank0[cuda0,share=0.4405,tput=3.49] rank1[cuda1,share=0.2810,tput=2.28] rank2[cuda2,share=0.2785,tput=3.50]
epoch 136: eval=0.9026
epoch 137: loss=0.122060, train_acc=0.9572, time=9.3s
per-rank: rank0[cuda0,share=0.4384,tput=2.82] rank1[cuda1,share=0.3006,tput=2.90] rank2[cuda2,share=0.2610,tput=4.50]
epoch 137: eval=0.9031
epoch 138: loss=0.124564, train_acc=0.9554, time=12.5s
per-rank: rank0[cuda0,share=0.4283,tput=2.17] rank2[cuda2,share=0.2898,tput=3.98] rank1[cuda1,share=0.2819,tput=5.10]
epoch 138: eval=0.9047
epoch 139: loss=0.124061, train_acc=0.9560, time=11.1s
per-rank: rank0[cuda0,share=0.4252,tput=2.79] rank1[cuda1,share=0.2883,tput=4.65] rank2[cuda2,share=0.2865,tput=2.62]
epoch 139: eval=0.9074
epoch 140: loss=0.119929, train_acc=0.9577, time=9.5s
per-rank: rank0[cuda0,share=0.3606,tput=2.51] rank1[cuda1,share=0.3341,tput=4.58] rank2[cuda2,share=0.3053,tput=2.23]
epoch 140: eval=0.9097
epoch 141: loss=0.114357, train_acc=0.9599, time=12.0s
per-rank: rank0[cuda0,share=0.3885,tput=2.01] rank1[cuda1,share=0.3237,tput=3.47] rank2[cuda2,share=0.2878,tput=5.26]
epoch 141: eval=0.9099
epoch 142: loss=0.117300, train_acc=0.9588, time=10.7s
per-rank: rank0[cuda0,share=0.4005,tput=2.57] rank2[cuda2,share=0.3009,tput=3.96] rank1[cuda1,share=0.2986,tput=2.82]
epoch 142: eval=0.9080
epoch 143: loss=0.121977, train_acc=0.9568, time=9.5s
per-rank: rank0[cuda0,share=0.4251,tput=2.23] rank1[cuda1,share=0.3084,tput=2.77] rank2[cuda2,share=0.2665,tput=5.67]
epoch 143: eval=0.9135
epoch 144: loss=0.114894, train_acc=0.9592, time=12.1s
per-rank: rank0[cuda0,share=0.4175,tput=2.18] rank1[cuda1,share=0.2995,tput=5.37] rank2[cuda2,share=0.2830,tput=3.47]
epoch 144: eval=0.9034
epoch 145: loss=0.115089, train_acc=0.9595, time=11.3s
per-rank: rank0[cuda0,share=0.4160,tput=2.11] rank2[cuda2,share=0.2957,tput=4.20] rank1[cuda1,share=0.2882,tput=2.53]
epoch 145: eval=0.9093
epoch 146: loss=0.115476, train_acc=0.9595, time=9.5s
per-rank: rank0[cuda0,share=0.4048,tput=3.18] rank1[cuda1,share=0.2976,tput=4.00] rank2[cuda2,share=0.2976,tput=2.32]
epoch 146: eval=0.9079
epoch 147: loss=0.111430, train_acc=0.9607, time=9.5s
per-rank: rank0[cuda0,share=0.3914,tput=4.18] rank1[cuda1,share=0.3103,tput=2.47] rank2[cuda2,share=0.2983,tput=3.33]
epoch 147: eval=0.9011
epoch 148: loss=0.114028, train_acc=0.9585, time=9.5s
per-rank: rank0[cuda0,share=0.3956,tput=2.70] rank1[cuda1,share=0.3145,tput=5.69] rank2[cuda2,share=0.2899,tput=2.24]
epoch 148: eval=0.9030
epoch 149: loss=0.111988, train_acc=0.9603, time=11.6s
per-rank: rank0[cuda0,share=0.3942,tput=2.10] rank1[cuda1,share=0.3274,tput=3.85] rank2[cuda2,share=0.2784,tput=4.58]
epoch 149: eval=0.9157
epoch 150: loss=0.087441, train_acc=0.9695, time=10.6s
per-rank: rank0[cuda0,share=0.4278,tput=2.51] rank1[cuda1,share=0.2997,tput=4.00] rank2[cuda2,share=0.2725,tput=2.38]
epoch 150: eval=0.9158
epoch 151: loss=0.080779, train_acc=0.9721, time=9.4s
per-rank: rank0[cuda0,share=0.4049,tput=3.27] rank1[cuda1,share=0.3043,tput=2.52] rank2[cuda2,share=0.2908,tput=3.28]
epoch 151: eval=0.9150
epoch 152: loss=0.076325, train_acc=0.9750, time=9.5s
per-rank: rank0[cuda0,share=0.3862,tput=3.34] rank1[cuda1,share=0.3069,tput=3.52] rank2[cuda2,share=0.3069,tput=2.42]
epoch 152: eval=0.9156
epoch 153: loss=0.075573, train_acc=0.9744, time=9.6s
per-rank: rank0[cuda0,share=0.3694,tput=2.36] rank2[cuda2,share=0.3198,tput=5.76] rank1[cuda1,share=0.3108,tput=2.21]
epoch 153: eval=0.9149
epoch 154: loss=0.071902, train_acc=0.9758, time=9.6s
per-rank: rank0[cuda0,share=0.3835,tput=2.19] rank1[cuda1,share=0.3233,tput=2.78] rank2[cuda2,share=0.2932,tput=5.44]
epoch 154: eval=0.9152
epoch 155: loss=0.070709, train_acc=0.9764, time=11.8s
per-rank: rank0[cuda0,share=0.3946,tput=2.06] rank1[cuda1,share=0.3113,tput=4.76] rank2[cuda2,share=0.2941,tput=3.52]
epoch 155: eval=0.9167
epoch 156: loss=0.071342, train_acc=0.9762, time=10.7s
per-rank: rank0[cuda0,share=0.4061,tput=2.45] rank1[cuda1,share=0.3052,tput=2.95] rank2[cuda2,share=0.2887,tput=3.14]
epoch 156: eval=0.9169
epoch 157: loss=0.067720, train_acc=0.9778, time=12.2s
per-rank: rank0[cuda0,share=0.3873,tput=2.03] rank1[cuda1,share=0.3089,tput=4.82] rank2[cuda2,share=0.3038,tput=3.59]
epoch 157: eval=0.9163
epoch 158: loss=0.067254, train_acc=0.9776, time=10.9s
per-rank: rank0[cuda0,share=0.3906,tput=2.69] rank1[cuda1,share=0.3129,tput=4.16] rank2[cuda2,share=0.2965,tput=2.62]
epoch 158: eval=0.9182
epoch 159: loss=0.068253, train_acc=0.9773, time=10.7s
per-rank: rank0[cuda0,share=0.4170,tput=2.15] rank1[cuda1,share=0.2981,tput=4.94] rank2[cuda2,share=0.2849,tput=3.03]
epoch 159: eval=0.9159
epoch 160: loss=0.066738, train_acc=0.9773, time=10.0s
per-rank: rank0[cuda0,share=0.3974,tput=2.86] rank2[cuda2,share=0.3039,tput=3.67] rank1[cuda1,share=0.2987,tput=2.73]
epoch 160: eval=0.9164
epoch 161: loss=0.066689, train_acc=0.9779, time=9.4s
per-rank: rank0[cuda0,share=0.3983,tput=3.18] rank1[cuda1,share=0.3190,tput=4.31] rank2[cuda2,share=0.2828,tput=2.03]
epoch 161: eval=0.9169
epoch 162: loss=0.066297, train_acc=0.9778, time=9.4s
per-rank: rank0[cuda0,share=0.3673,tput=2.32] rank1[cuda1,share=0.3318,tput=5.32] rank2[cuda2,share=0.3009,tput=2.29]
epoch 162: eval=0.9177
epoch 163: loss=0.065818, train_acc=0.9782, time=9.3s
per-rank: rank0[cuda0,share=0.4338,tput=2.60] rank1[cuda1,share=0.2892,tput=5.48] rank2[cuda2,share=0.2770,tput=2.41]
epoch 163: eval=0.9172
epoch 164: loss=0.066169, train_acc=0.9781, time=12.5s
per-rank: rank0[cuda0,share=0.3989,tput=2.18] rank1[cuda1,share=0.3169,tput=4.05] rank2[cuda2,share=0.2842,tput=4.82]
epoch 164: eval=0.9172
epoch 165: loss=0.065007, train_acc=0.9782, time=11.2s
per-rank: rank0[cuda0,share=0.4056,tput=2.81] rank1[cuda1,share=0.3000,tput=2.77] rank2[cuda2,share=0.2944,tput=4.97]
epoch 165: eval=0.9171
epoch 166: loss=0.062757, train_acc=0.9794, time=9.6s
per-rank: rank0[cuda0,share=0.4279,tput=3.39] rank2[cuda2,share=0.3077,tput=3.60] rank1[cuda1,share=0.2644,tput=2.15]
epoch 166: eval=0.9173
epoch 167: loss=0.065582, train_acc=0.9778, time=9.5s
per-rank: rank0[cuda0,share=0.4236,tput=3.27] rank1[cuda1,share=0.2980,tput=2.81] rank2[cuda2,share=0.2783,tput=2.95]
epoch 167: eval=0.9180
epoch 168: loss=0.062470, train_acc=0.9797, time=11.6s
per-rank: rank0[cuda0,share=0.4244,tput=2.22] rank1[cuda1,share=0.2958,tput=5.18] rank2[cuda2,share=0.2797,tput=3.46]
epoch 168: eval=0.9169
epoch 169: loss=0.061497, train_acc=0.9801, time=10.8s
per-rank: rank0[cuda0,share=0.4336,tput=2.23] rank2[cuda2,share=0.2898,tput=3.03] rank1[cuda1,share=0.2765,tput=3.28]
epoch 169: eval=0.9180
epoch 170: loss=0.062206, train_acc=0.9786, time=9.5s
per-rank: rank0[cuda0,share=0.4155,tput=2.70] rank1[cuda1,share=0.3029,tput=5.42] rank2[cuda2,share=0.2815,tput=2.16]
epoch 170: eval=0.9174
epoch 171: loss=0.062628, train_acc=0.9794, time=9.5s
per-rank: rank0[cuda0,share=0.3677,tput=2.02] rank1[cuda1,share=0.3354,tput=2.60] rank2[cuda2,share=0.2970,tput=6.58]
epoch 171: eval=0.9183
epoch 172: loss=0.061195, train_acc=0.9787, time=9.4s
per-rank: rank0[cuda0,share=0.3897,tput=2.47] rank1[cuda1,share=0.3238,tput=2.42] rank2[cuda2,share=0.2865,tput=6.29]
epoch 172: eval=0.9178
epoch 173: loss=0.061179, train_acc=0.9801, time=9.6s
per-rank: rank0[cuda0,share=0.3645,tput=1.91] rank1[cuda1,share=0.3267,tput=2.60] rank2[cuda2,share=0.3088,tput=6.26]
epoch 173: eval=0.9168
epoch 174: loss=0.060794, train_acc=0.9797, time=9.4s
per-rank: rank0[cuda0,share=0.4059,tput=4.26] rank1[cuda1,share=0.3247,tput=2.60] rank2[cuda2,share=0.2694,tput=2.63]
epoch 174: eval=0.9173
epoch 175: loss=0.060796, train_acc=0.9795, time=13.4s
per-rank: rank0[cuda0,share=0.3691,tput=1.90] rank1[cuda1,share=0.3155,tput=4.83] rank2[cuda2,share=0.3155,tput=4.00]
epoch 175: eval=0.9166
epoch 176: loss=0.058929, train_acc=0.9799, time=11.8s
per-rank: rank0[cuda0,share=0.3882,tput=2.01] rank1[cuda1,share=0.3158,tput=2.88] rank2[cuda2,share=0.2961,tput=3.71]
epoch 176: eval=0.9165
epoch 177: loss=0.059179, train_acc=0.9800, time=9.8s
per-rank: rank0[cuda0,share=0.4279,tput=3.35] rank1[cuda1,share=0.3077,tput=2.77] rank2[cuda2,share=0.2644,tput=2.86]
epoch 177: eval=0.9169
epoch 178: loss=0.060057, train_acc=0.9805, time=11.2s
per-rank: rank0[cuda0,share=0.4378,tput=2.30] rank2[cuda2,share=0.2831,tput=3.72] rank1[cuda1,share=0.2791,tput=4.38]
epoch 178: eval=0.9171
epoch 179: loss=0.060049, train_acc=0.9802, time=10.3s
per-rank: rank0[cuda0,share=0.4319,tput=2.24] rank2[cuda2,share=0.2888,tput=2.75] rank1[cuda1,share=0.2793,tput=4.28]
epoch 179: eval=0.9173
epoch 180: loss=0.056962, train_acc=0.9815, time=9.4s
per-rank: rank0[cuda0,share=0.3902,tput=2.07] rank1[cuda1,share=0.3182,tput=6.43] rank2[cuda2,share=0.2917,tput=2.39]
epoch 180: eval=0.9169
epoch 181: loss=0.057370, train_acc=0.9811, time=10.9s
per-rank: rank0[cuda0,share=0.4069,tput=2.15] rank1[cuda1,share=0.3064,tput=3.31] rank2[cuda2,share=0.2868,tput=4.87]
epoch 181: eval=0.9160
epoch 182: loss=0.057809, train_acc=0.9802, time=10.3s
per-rank: rank0[cuda0,share=0.4220,tput=2.96] rank1[cuda1,share=0.2967,tput=2.66] rank2[cuda2,share=0.2813,tput=3.50]
epoch 182: eval=0.9172
epoch 183: loss=0.058753, train_acc=0.9805, time=9.5s
per-rank: rank0[cuda0,share=0.4229,tput=3.20] rank1[cuda1,share=0.3084,tput=2.65] rank2[cuda2,share=0.2687,tput=3.11]
epoch 183: eval=0.9171
epoch 184: loss=0.057177, train_acc=0.9814, time=9.5s
per-rank: rank0[cuda0,share=0.4005,tput=3.16] rank1[cuda1,share=0.3189,tput=2.54] rank2[cuda2,share=0.2806,tput=3.36]
epoch 184: eval=0.9172
epoch 185: loss=0.057276, train_acc=0.9807, time=9.6s
per-rank: rank0[cuda0,share=0.3795,tput=3.62] rank1[cuda1,share=0.3170,tput=3.37] rank2[cuda2,share=0.3036,tput=2.42]
epoch 185: eval=0.9166
epoch 186: loss=0.054805, train_acc=0.9821, time=9.9s
per-rank: rank0[cuda0,share=0.3684,tput=2.53] rank1[cuda1,share=0.3242,tput=4.85] rank2[cuda2,share=0.3074,tput=2.30]
epoch 186: eval=0.9163
epoch 187: loss=0.055901, train_acc=0.9818, time=11.6s
per-rank: rank0[cuda0,share=0.3959,tput=2.01] rank2[cuda2,share=0.3061,tput=3.31] rank1[cuda1,share=0.2980,tput=4.32]
epoch 187: eval=0.9161
epoch 188: loss=0.055815, train_acc=0.9816, time=10.5s
per-rank: rank0[cuda0,share=0.3995,tput=2.61] rank2[cuda2,share=0.3110,tput=2.66] rank1[cuda1,share=0.2895,tput=3.31]
epoch 188: eval=0.9160
epoch 189: loss=0.056283, train_acc=0.9806, time=9.5s
per-rank: rank0[cuda0,share=0.4218,tput=2.47] rank1[cuda1,share=0.3002,tput=2.56] rank2[cuda2,share=0.2779,tput=5.24]
epoch 189: eval=0.9167
epoch 190: loss=0.055063, train_acc=0.9816, time=12.4s
per-rank: rank0[cuda0,share=0.4000,tput=2.09] rank1[cuda1,share=0.3180,tput=5.50] rank2[cuda2,share=0.2820,tput=3.39]
epoch 190: eval=0.9163
epoch 191: loss=0.056033, train_acc=0.9813, time=11.4s
per-rank: rank0[cuda0,share=0.3876,tput=1.96] rank1[cuda1,share=0.3110,tput=2.94] rank2[cuda2,share=0.3014,tput=4.07]
epoch 191: eval=0.9156
epoch 192: loss=0.054070, train_acc=0.9822, time=9.6s
per-rank: rank0[cuda0,share=0.4060,tput=3.59] rank2[cuda2,share=0.3079,tput=3.36] rank1[cuda1,share=0.2861,tput=2.39]
epoch 192: eval=0.9166
epoch 193: loss=0.053378, train_acc=0.9827, time=9.5s
per-rank: rank0[cuda0,share=0.4037,tput=3.22] rank2[cuda2,share=0.3008,tput=2.50] rank1[cuda1,share=0.2955,tput=5.01]
epoch 193: eval=0.9182
epoch 194: loss=0.053806, train_acc=0.9824, time=11.5s
per-rank: rank0[cuda0,share=0.4122,tput=2.18] rank2[cuda2,share=0.2952,tput=4.72] rank1[cuda1,share=0.2926,tput=3.53]
epoch 194: eval=0.9165
epoch 195: loss=0.054852, train_acc=0.9814, time=10.6s
per-rank: rank0[cuda0,share=0.4105,tput=2.56] rank1[cuda1,share=0.2947,tput=2.28] rank2[cuda2,share=0.2947,tput=4.11]
epoch 195: eval=0.9173
epoch 196: loss=0.055417, train_acc=0.9816, time=12.1s
per-rank: rank0[cuda0,share=0.3836,tput=2.02] rank1[cuda1,share=0.3174,tput=3.89] rank2[cuda2,share=0.2991,tput=4.78]
epoch 196: eval=0.9158
epoch 197: loss=0.052202, train_acc=0.9832, time=10.9s
per-rank: rank0[cuda0,share=0.4065,tput=2.30] rank1[cuda1,share=0.3002,tput=2.60] rank2[cuda2,share=0.2933,tput=3.90]
epoch 197: eval=0.9175
epoch 198: loss=0.053350, train_acc=0.9825, time=12.3s
per-rank: rank0[cuda0,share=0.4380,tput=2.23] rank1[cuda1,share=0.2929,tput=4.63] rank2[cuda2,share=0.2691,tput=3.96]
epoch 198: eval=0.9171
epoch 199: loss=0.054700, train_acc=0.9813, time=11.2s
per-rank: rank0[cuda0,share=0.3969,tput=2.30] rank1[cuda1,share=0.3181,tput=3.39] rank2[cuda2,share=0.2850,tput=3.19]
final eval=0.9167
# total: 1843.2s (30m 43s)
