# gpu0: NVIDIA GeForce RTX 5060 Ti (15GB, sm_120)
# gpu1: NVIDIA GeForce GTX 1060 6GB (5GB, sm_61)
# gpu2: NVIDIA GeForce GTX 1060 6GB (5GB, sm_61)
epoch 0: loss=1.967352, train_acc=0.2577, time=10.5s
per-rank: rank0[cuda0,share=0.3964,tput=2.86] rank2[cuda2,share=0.3055,tput=5.39] rank1[cuda1,share=0.2981,tput=3.30]
epoch 0: eval=0.3144
epoch 1: loss=1.699349, train_acc=0.3665, time=10.0s
per-rank: rank0[cuda0,share=0.4181,tput=3.27] rank1[cuda1,share=0.2928,tput=2.28] rank2[cuda2,share=0.2891,tput=2.83]
epoch 1: eval=0.4302
epoch 2: loss=1.519044, train_acc=0.4414, time=12.9s
per-rank: rank0[cuda0,share=0.4161,tput=2.02] rank1[cuda1,share=0.2975,tput=3.32] rank2[cuda2,share=0.2864,tput=5.01]
epoch 2: eval=0.5004
epoch 3: loss=1.340641, train_acc=0.5158, time=11.4s
per-rank: rank0[cuda0,share=0.4123,tput=2.03] rank1[cuda1,share=0.2992,tput=4.05] rank2[cuda2,share=0.2886,tput=2.37]
epoch 3: eval=0.5206
epoch 4: loss=1.181067, train_acc=0.5794, time=9.7s
per-rank: rank0[cuda0,share=0.4114,tput=2.29] rank1[cuda1,share=0.3013,tput=6.62] rank2[cuda2,share=0.2873,tput=2.02]
epoch 4: eval=0.5506
epoch 5: loss=1.082440, train_acc=0.6164, time=9.9s
per-rank: rank0[cuda0,share=0.4136,tput=1.98] rank1[cuda1,share=0.3039,tput=5.50] rank2[cuda2,share=0.2825,tput=2.54]
epoch 5: eval=0.6225
epoch 6: loss=0.982149, train_acc=0.6526, time=9.7s
per-rank: rank0[cuda0,share=0.4015,tput=3.21] rank1[cuda1,share=0.3007,tput=3.53] rank2[cuda2,share=0.2978,tput=2.01]
epoch 6: eval=0.6284
epoch 7: loss=0.911472, train_acc=0.6797, time=9.6s
per-rank: rank0[cuda0,share=0.4118,tput=2.76] rank1[cuda1,share=0.3022,tput=2.41] rank2[cuda2,share=0.2860,tput=4.41]
epoch 7: eval=0.6287
epoch 8: loss=0.850203, train_acc=0.7017, time=9.5s
per-rank: rank0[cuda0,share=0.4276,tput=2.20] rank1[cuda1,share=0.3013,tput=5.79] rank2[cuda2,share=0.2711,tput=2.34]
epoch 8: eval=0.6909
epoch 9: loss=0.791515, train_acc=0.7238, time=9.5s
per-rank: rank0[cuda0,share=0.4283,tput=5.02] rank1[cuda1,share=0.2867,tput=1.94] rank2[cuda2,share=0.2849,tput=3.36]
epoch 9: eval=0.6912
epoch 10: loss=0.753565, train_acc=0.7393, time=9.6s
per-rank: rank0[cuda0,share=0.4266,tput=2.34] rank2[cuda2,share=0.2872,tput=1.81] rank1[cuda1,share=0.2862,tput=7.86]
epoch 10: eval=0.6765
epoch 11: loss=0.727492, train_acc=0.7485, time=9.7s
per-rank: rank0[cuda0,share=0.4167,tput=4.89] rank1[cuda1,share=0.3104,tput=2.38] rank2[cuda2,share=0.2728,tput=3.86]
epoch 11: eval=0.7442
epoch 12: loss=0.711374, train_acc=0.7532, time=9.8s
per-rank: rank0[cuda0,share=0.4184,tput=2.38] rank1[cuda1,share=0.3114,tput=2.42] rank2[cuda2,share=0.2702,tput=4.82]
epoch 12: eval=0.6884
epoch 13: loss=0.678996, train_acc=0.7665, time=11.9s
per-rank: rank0[cuda0,share=0.4161,tput=2.10] rank1[cuda1,share=0.3084,tput=3.67] rank2[cuda2,share=0.2755,tput=4.48]
epoch 13: eval=0.7172
epoch 14: loss=0.658066, train_acc=0.7724, time=10.9s
per-rank: rank0[cuda0,share=0.4160,tput=2.44] rank1[cuda1,share=0.2979,tput=3.19] rank2[cuda2,share=0.2860,tput=2.79]
epoch 14: eval=0.7198
epoch 15: loss=0.644644, train_acc=0.7801, time=9.8s
per-rank: rank0[cuda0,share=0.4219,tput=3.41] rank2[cuda2,share=0.2914,tput=1.99] rank1[cuda1,share=0.2867,tput=3.56]
epoch 15: eval=0.7104
epoch 16: loss=0.628601, train_acc=0.7830, time=9.6s
per-rank: rank0[cuda0,share=0.4268,tput=2.93] rank1[cuda1,share=0.3010,tput=3.70] rank2[cuda2,share=0.2722,tput=2.05]
epoch 16: eval=0.7188
epoch 17: loss=0.609313, train_acc=0.7895, time=12.4s
per-rank: rank0[cuda0,share=0.3842,tput=1.99] rank1[cuda1,share=0.3182,tput=3.41] rank2[cuda2,share=0.2975,tput=5.18]
epoch 17: eval=0.6895
epoch 18: loss=0.593692, train_acc=0.7951, time=11.3s
per-rank: rank0[cuda0,share=0.3980,tput=2.33] rank1[cuda1,share=0.3123,tput=2.84] rank2[cuda2,share=0.2897,tput=3.35]
epoch 18: eval=0.7830
epoch 19: loss=0.592649, train_acc=0.7956, time=9.6s
per-rank: rank0[cuda0,share=0.3997,tput=1.96] rank1[cuda1,share=0.3147,tput=2.56] rank2[cuda2,share=0.2855,tput=5.86]
epoch 19: eval=0.7161
epoch 20: loss=0.582859, train_acc=0.8002, time=11.1s
per-rank: rank0[cuda0,share=0.4071,tput=2.20] rank1[cuda1,share=0.3158,tput=5.18] rank2[cuda2,share=0.2771,tput=2.83]
epoch 20: eval=0.7540
epoch 21: loss=0.579092, train_acc=0.8003, time=10.6s
per-rank: rank0[cuda0,share=0.4267,tput=2.94] rank1[cuda1,share=0.2973,tput=2.79] rank2[cuda2,share=0.2760,tput=2.66]
epoch 21: eval=0.7486
epoch 22: loss=0.565998, train_acc=0.8044, time=9.8s
per-rank: rank0[cuda0,share=0.4391,tput=2.14] rank2[cuda2,share=0.2966,tput=5.60] rank1[cuda1,share=0.2643,tput=2.41]
epoch 22: eval=0.7475
epoch 23: loss=0.559562, train_acc=0.8064, time=9.7s
per-rank: rank0[cuda0,share=0.4199,tput=2.97] rank2[cuda2,share=0.2941,tput=2.91] rank1[cuda1,share=0.2860,tput=2.72]
epoch 23: eval=0.7416
epoch 24: loss=0.554897, train_acc=0.8088, time=9.8s
per-rank: rank0[cuda0,share=0.4127,tput=2.08] rank1[cuda1,share=0.3006,tput=2.31] rank2[cuda2,share=0.2867,tput=6.23]
epoch 24: eval=0.7407
epoch 25: loss=0.552474, train_acc=0.8100, time=11.8s
per-rank: rank0[cuda0,share=0.4062,tput=2.10] rank2[cuda2,share=0.3055,tput=3.53] rank1[cuda1,share=0.2883,tput=4.54]
epoch 25: eval=0.7429
epoch 26: loss=0.549921, train_acc=0.8101, time=10.8s
per-rank: rank0[cuda0,share=0.4127,tput=2.44] rank2[cuda2,share=0.2962,tput=2.17] rank1[cuda1,share=0.2911,tput=4.42]
epoch 26: eval=0.7392
epoch 27: loss=0.541787, train_acc=0.8137, time=9.8s
per-rank: rank0[cuda0,share=0.4124,tput=3.01] rank1[cuda1,share=0.3059,tput=3.36] rank2[cuda2,share=0.2816,tput=2.17]
epoch 27: eval=0.7746
epoch 28: loss=0.526571, train_acc=0.8193, time=9.7s
per-rank: rank0[cuda0,share=0.4139,tput=2.47] rank1[cuda1,share=0.3003,tput=2.33] rank2[cuda2,share=0.2857,tput=5.23]
epoch 28: eval=0.7614
epoch 29: loss=0.530172, train_acc=0.8177, time=9.6s
per-rank: rank0[cuda0,share=0.4243,tput=3.29] rank1[cuda1,share=0.3092,tput=2.64] rank2[cuda2,share=0.2665,tput=2.93]
epoch 29: eval=0.7954
epoch 30: loss=0.519146, train_acc=0.8193, time=9.7s
per-rank: rank0[cuda0,share=0.4168,tput=2.18] rank1[cuda1,share=0.3181,tput=2.58] rank2[cuda2,share=0.2651,tput=5.97]
epoch 30: eval=0.7788
epoch 31: loss=0.517263, train_acc=0.8222, time=9.8s
per-rank: rank0[cuda0,share=0.4043,tput=3.21] rank1[cuda1,share=0.3168,tput=2.36] rank2[cuda2,share=0.2790,tput=3.09]
epoch 31: eval=0.7018
epoch 32: loss=0.509093, train_acc=0.8240, time=9.9s
per-rank: rank0[cuda0,share=0.4085,tput=2.79] rank1[cuda1,share=0.3127,tput=2.51] rank2[cuda2,share=0.2788,tput=3.04]
epoch 32: eval=0.7129
epoch 33: loss=0.511480, train_acc=0.8248, time=9.7s
per-rank: rank0[cuda0,share=0.4000,tput=3.25] rank1[cuda1,share=0.3051,tput=2.17] rank2[cuda2,share=0.2949,tput=3.40]
epoch 33: eval=0.7883
epoch 34: loss=0.505226, train_acc=0.8255, time=12.1s
per-rank: rank0[cuda0,share=0.4002,tput=2.02] rank2[cuda2,share=0.3068,tput=3.49] rank1[cuda1,share=0.2930,tput=4.45]
epoch 34: eval=0.7284
epoch 35: loss=0.512252, train_acc=0.8235, time=11.0s
per-rank: rank0[cuda0,share=0.4114,tput=2.38] rank2[cuda2,share=0.3005,tput=2.52] rank1[cuda1,share=0.2881,tput=3.46]
epoch 35: eval=0.7970
epoch 36: loss=0.500863, train_acc=0.8290, time=9.7s
per-rank: rank0[cuda0,share=0.3925,tput=2.60] rank2[cuda2,share=0.3059,tput=3.21] rank1[cuda1,share=0.3016,tput=2.67]
epoch 36: eval=0.7439
epoch 37: loss=0.501178, train_acc=0.8282, time=9.7s
per-rank: rank0[cuda0,share=0.3751,tput=2.20] rank1[cuda1,share=0.3204,tput=5.35] rank2[cuda2,share=0.3045,tput=2.20]
epoch 37: eval=0.7624
epoch 38: loss=0.504364, train_acc=0.8267, time=9.7s
per-rank: rank0[cuda0,share=0.4002,tput=4.03] rank1[cuda1,share=0.3045,tput=2.78] rank2[cuda2,share=0.2954,tput=2.21]
epoch 38: eval=0.7515
epoch 39: loss=0.500961, train_acc=0.8281, time=9.9s
per-rank: rank0[cuda0,share=0.4133,tput=3.72] rank2[cuda2,share=0.2961,tput=2.37] rank1[cuda1,share=0.2906,tput=4.76]
epoch 39: eval=0.7364
epoch 40: loss=0.488659, train_acc=0.8333, time=10.8s
per-rank: rank0[cuda0,share=0.3894,tput=2.11] rank2[cuda2,share=0.3119,tput=5.03] rank1[cuda1,share=0.2988,tput=2.78]
epoch 40: eval=0.7835
epoch 41: loss=0.488710, train_acc=0.8313, time=10.2s
per-rank: rank0[cuda0,share=0.4047,tput=2.83] rank2[cuda2,share=0.3031,tput=2.06] rank1[cuda1,share=0.2922,tput=3.87]
epoch 41: eval=0.7997
epoch 42: loss=0.486500, train_acc=0.8336, time=13.1s
per-rank: rank0[cuda0,share=0.4034,tput=1.87] rank1[cuda1,share=0.3132,tput=5.38] rank2[cuda2,share=0.2834,tput=2.69]
epoch 42: eval=0.7421
epoch 43: loss=0.473022, train_acc=0.8360, time=11.3s
per-rank: rank0[cuda0,share=0.3912,tput=2.20] rank1[cuda1,share=0.3173,tput=3.53] rank2[cuda2,share=0.2915,tput=2.70]
epoch 43: eval=0.8202
epoch 44: loss=0.477638, train_acc=0.8348, time=9.6s
per-rank: rank0[cuda0,share=0.4041,tput=2.61] rank1[cuda1,share=0.3070,tput=2.26] rank2[cuda2,share=0.2889,tput=4.85]
epoch 44: eval=0.8200
epoch 45: loss=0.478251, train_acc=0.8354, time=9.8s
per-rank: rank0[cuda0,share=0.4186,tput=2.23] rank1[cuda1,share=0.2986,tput=6.13] rank2[cuda2,share=0.2828,tput=2.00]
epoch 45: eval=0.7526
epoch 46: loss=0.487430, train_acc=0.8306, time=11.8s
per-rank: rank0[cuda0,share=0.4125,tput=2.15] rank1[cuda1,share=0.3112,tput=3.87] rank2[cuda2,share=0.2762,tput=3.93]
epoch 46: eval=0.7828
epoch 47: loss=0.480343, train_acc=0.8329, time=11.4s
per-rank: rank0[cuda0,share=0.4140,tput=2.00] rank1[cuda1,share=0.3062,tput=3.17] rank2[cuda2,share=0.2798,tput=2.69]
epoch 47: eval=0.7533
epoch 48: loss=0.480449, train_acc=0.8347, time=10.1s
per-rank: rank0[cuda0,share=0.4112,tput=2.86] rank1[cuda1,share=0.2953,tput=2.30] rank2[cuda2,share=0.2936,tput=3.21]
epoch 48: eval=0.7514
epoch 49: loss=0.469417, train_acc=0.8398, time=9.8s
per-rank: rank0[cuda0,share=0.3970,tput=3.54] rank1[cuda1,share=0.3080,tput=2.57] rank2[cuda2,share=0.2950,tput=2.75]
epoch 49: eval=0.8123
epoch 50: loss=0.464013, train_acc=0.8399, time=9.7s
per-rank: rank0[cuda0,share=0.3948,tput=2.26] rank1[cuda1,share=0.3115,tput=2.08] rank2[cuda2,share=0.2937,tput=6.30]
epoch 50: eval=0.7995
epoch 51: loss=0.463416, train_acc=0.8422, time=9.6s
per-rank: rank0[cuda0,share=0.4058,tput=3.85] rank2[cuda2,share=0.3049,tput=2.31] rank1[cuda1,share=0.2892,tput=4.59]
epoch 51: eval=0.8166
epoch 52: loss=0.466099, train_acc=0.8395, time=12.5s
per-rank: rank0[cuda0,share=0.3957,tput=1.98] rank2[cuda2,share=0.3056,tput=4.55] rank1[cuda1,share=0.2987,tput=3.72]
epoch 52: eval=0.8028
epoch 53: loss=0.461917, train_acc=0.8421, time=11.2s
per-rank: rank0[cuda0,share=0.4040,tput=2.34] rank1[cuda1,share=0.3024,tput=3.86] rank2[cuda2,share=0.2936,tput=2.24]
epoch 53: eval=0.7250
epoch 54: loss=0.461940, train_acc=0.8411, time=9.8s
per-rank: rank0[cuda0,share=0.4259,tput=2.45] rank2[cuda2,share=0.2942,tput=2.51] rank1[cuda1,share=0.2798,tput=4.30]
epoch 54: eval=0.8436
epoch 55: loss=0.463571, train_acc=0.8404, time=10.1s
per-rank: rank0[cuda0,share=0.4177,tput=1.96] rank2[cuda2,share=0.3088,tput=5.77] rank1[cuda1,share=0.2735,tput=2.36]
epoch 55: eval=0.7262
epoch 56: loss=0.450351, train_acc=0.8448, time=9.9s
per-rank: rank0[cuda0,share=0.3962,tput=3.27] rank1[cuda1,share=0.3152,tput=3.86] rank2[cuda2,share=0.2886,tput=1.91]
epoch 56: eval=0.8145
epoch 57: loss=0.454992, train_acc=0.8433, time=12.7s
per-rank: rank0[cuda0,share=0.3952,tput=1.95] rank1[cuda1,share=0.3117,tput=4.29] rank2[cuda2,share=0.2931,tput=3.69]
epoch 57: eval=0.7694
epoch 58: loss=0.499656, train_acc=0.8284, time=11.2s
per-rank: rank0[cuda0,share=0.3905,tput=2.44] rank1[cuda1,share=0.3088,tput=3.48] rank2[cuda2,share=0.3007,tput=2.67]
epoch 58: eval=0.6989
epoch 59: loss=0.523123, train_acc=0.8224, time=9.6s
per-rank: rank0[cuda0,share=0.3885,tput=2.51] rank1[cuda1,share=0.3075,tput=6.08] rank2[cuda2,share=0.3041,tput=1.95]
epoch 59: eval=0.6931
epoch 60: loss=0.506087, train_acc=0.8258, time=9.6s
per-rank: rank0[cuda0,share=0.3880,tput=2.55] rank1[cuda1,share=0.3068,tput=4.55] rank2[cuda2,share=0.3053,tput=2.27]
epoch 60: eval=0.7619
epoch 61: loss=0.501610, train_acc=0.8293, time=11.8s
per-rank: rank0[cuda0,share=0.3907,tput=1.97] rank1[cuda1,share=0.3048,tput=3.94] rank2[cuda2,share=0.3045,tput=3.90]
epoch 61: eval=0.6936
epoch 62: loss=0.497340, train_acc=0.8285, time=10.9s
per-rank: rank0[cuda0,share=0.3924,tput=2.39] rank1[cuda1,share=0.3038,tput=4.04] rank2[cuda2,share=0.3038,tput=2.12]
epoch 62: eval=0.7907
epoch 63: loss=0.497329, train_acc=0.8297, time=12.7s
per-rank: rank0[cuda0,share=0.3937,tput=1.90] rank2[cuda2,share=0.3034,tput=3.48] rank1[cuda1,share=0.3029,tput=4.75]
epoch 63: eval=0.7412
epoch 64: loss=0.500223, train_acc=0.8278, time=11.1s
per-rank: rank0[cuda0,share=0.3946,tput=2.04] rank2[cuda2,share=0.3031,tput=3.96] rank1[cuda1,share=0.3023,tput=2.77]
epoch 64: eval=0.8269
epoch 65: loss=0.497697, train_acc=0.8272, time=9.6s
per-rank: rank0[cuda0,share=0.3954,tput=2.18] rank2[cuda2,share=0.3028,tput=4.81] rank1[cuda1,share=0.3017,tput=2.51]
epoch 65: eval=0.8105
epoch 66: loss=0.493659, train_acc=0.8298, time=9.6s
per-rank: rank0[cuda0,share=0.3960,tput=2.58] rank2[cuda2,share=0.3026,tput=5.06] rank1[cuda1,share=0.3013,tput=2.04]
epoch 66: eval=0.7933
epoch 67: loss=0.498543, train_acc=0.8290, time=9.6s
per-rank: rank0[cuda0,share=0.3960,tput=2.68] rank2[cuda2,share=0.3026,tput=3.31] rank1[cuda1,share=0.3013,tput=2.54]
epoch 67: eval=0.8043
epoch 68: loss=0.484123, train_acc=0.8335, time=13.0s
per-rank: rank0[cuda0,share=0.3942,tput=1.83] rank2[cuda2,share=0.3037,tput=4.28] rank1[cuda1,share=0.3022,tput=3.58]
epoch 68: eval=0.7624
epoch 69: loss=0.486488, train_acc=0.8326, time=11.1s
per-rank: rank0[cuda0,share=0.3942,tput=1.93] rank2[cuda2,share=0.3037,tput=3.71] rank1[cuda1,share=0.3022,tput=2.93]
epoch 69: eval=0.7532
epoch 70: loss=0.482027, train_acc=0.8339, time=12.1s
per-rank: rank0[cuda0,share=0.3944,tput=1.88] rank1[cuda1,share=0.3029,tput=3.32] rank2[cuda2,share=0.3027,tput=4.48]
epoch 70: eval=0.7865
epoch 71: loss=0.491525, train_acc=0.8318, time=10.9s
per-rank: rank0[cuda0,share=0.3931,tput=1.99] rank1[cuda1,share=0.3044,tput=3.63] rank2[cuda2,share=0.3025,tput=2.63]
epoch 71: eval=0.7981
epoch 72: loss=0.484929, train_acc=0.8342, time=11.2s
per-rank: rank0[cuda0,share=0.3903,tput=1.99] rank1[cuda1,share=0.3066,tput=4.17] rank2[cuda2,share=0.3031,tput=3.34]
epoch 72: eval=0.8064
epoch 73: loss=0.481098, train_acc=0.8360, time=10.4s
per-rank: rank0[cuda0,share=0.3875,tput=2.33] rank1[cuda1,share=0.3089,tput=3.65] rank2[cuda2,share=0.3036,tput=2.55]
epoch 73: eval=0.8068
epoch 74: loss=0.485255, train_acc=0.8347, time=9.8s
per-rank: rank0[cuda0,share=0.3840,tput=3.14] rank1[cuda1,share=0.3107,tput=2.37] rank2[cuda2,share=0.3053,tput=3.03]
epoch 74: eval=0.8204
epoch 75: loss=0.482497, train_acc=0.8341, time=10.5s
per-rank: rank0[cuda0,share=0.3817,tput=2.10] rank1[cuda1,share=0.3118,tput=5.86] rank2[cuda2,share=0.3064,tput=2.30]
epoch 75: eval=0.7981
epoch 76: loss=0.477737, train_acc=0.8348, time=10.2s
per-rank: rank0[cuda0,share=0.3799,tput=3.16] rank1[cuda1,share=0.3138,tput=3.87] rank2[cuda2,share=0.3063,tput=1.96]
epoch 76: eval=0.7591
epoch 77: loss=0.483316, train_acc=0.8359, time=9.5s
per-rank: rank0[cuda0,share=0.3781,tput=3.52] rank1[cuda1,share=0.3158,tput=2.10] rank2[cuda2,share=0.3062,tput=3.22]
epoch 77: eval=0.8128
epoch 78: loss=0.475461, train_acc=0.8365, time=9.6s
per-rank: rank0[cuda0,share=0.3783,tput=2.16] rank1[cuda1,share=0.3167,tput=2.17] rank2[cuda2,share=0.3050,tput=6.08]
epoch 78: eval=0.7574
epoch 79: loss=0.479635, train_acc=0.8349, time=9.6s
per-rank: rank0[cuda0,share=0.3799,tput=3.70] rank1[cuda1,share=0.3170,tput=2.30] rank2[cuda2,share=0.3032,tput=4.12]
epoch 79: eval=0.7818
epoch 80: loss=0.482751, train_acc=0.8335, time=9.6s
per-rank: rank0[cuda0,share=0.3813,tput=2.36] rank1[cuda1,share=0.3172,tput=5.48] rank2[cuda2,share=0.3015,tput=2.15]
epoch 80: eval=0.7521
epoch 81: loss=0.475781, train_acc=0.8373, time=9.6s
per-rank: rank0[cuda0,share=0.3855,tput=2.18] rank1[cuda1,share=0.3146,tput=5.56] rank2[cuda2,share=0.2999,tput=2.17]
epoch 81: eval=0.7941
epoch 82: loss=0.473917, train_acc=0.8374, time=9.7s
per-rank: rank0[cuda0,share=0.3881,tput=3.19] rank1[cuda1,share=0.3129,tput=2.39] rank2[cuda2,share=0.2990,tput=3.03]
epoch 82: eval=0.7977
epoch 83: loss=0.470210, train_acc=0.8388, time=11.7s
per-rank: rank0[cuda0,share=0.3939,tput=2.02] rank1[cuda1,share=0.3099,tput=4.45] rank2[cuda2,share=0.2962,tput=3.18]
epoch 83: eval=0.8521
epoch 84: loss=0.480500, train_acc=0.8356, time=10.7s
per-rank: rank0[cuda0,share=0.3939,tput=2.56] rank1[cuda1,share=0.3099,tput=2.86] rank2[cuda2,share=0.2962,tput=3.07]
epoch 84: eval=0.8131
epoch 85: loss=0.477256, train_acc=0.8364, time=11.3s
per-rank: rank0[cuda0,share=0.3992,tput=2.10] rank1[cuda1,share=0.3078,tput=3.86] rank2[cuda2,share=0.2930,tput=3.78]
epoch 85: eval=0.8105
epoch 86: loss=0.477713, train_acc=0.8368, time=10.6s
per-rank: rank0[cuda0,share=0.3992,tput=2.59] rank1[cuda1,share=0.3078,tput=3.13] rank2[cuda2,share=0.2930,tput=2.63]
epoch 86: eval=0.7297
epoch 87: loss=0.469809, train_acc=0.8378, time=12.3s
per-rank: rank0[cuda0,share=0.4029,tput=1.99] rank1[cuda1,share=0.3055,tput=3.25] rank2[cuda2,share=0.2916,tput=5.18]
epoch 87: eval=0.8366
epoch 88: loss=0.474155, train_acc=0.8365, time=11.0s
per-rank: rank0[cuda0,share=0.4029,tput=2.38] rank1[cuda1,share=0.3055,tput=2.70] rank2[cuda2,share=0.2916,tput=3.50]
epoch 88: eval=0.8175
epoch 89: loss=0.472728, train_acc=0.8361, time=11.6s
per-rank: rank0[cuda0,share=0.4040,tput=2.10] rank1[cuda1,share=0.3044,tput=3.69] rank2[cuda2,share=0.2916,tput=4.26]
epoch 89: eval=0.8058
epoch 90: loss=0.471194, train_acc=0.8377, time=10.7s
per-rank: rank0[cuda0,share=0.4040,tput=2.39] rank1[cuda1,share=0.3044,tput=3.65] rank2[cuda2,share=0.2916,tput=2.40]
epoch 90: eval=0.7942
epoch 91: loss=0.461671, train_acc=0.8417, time=12.1s
per-rank: rank0[cuda0,share=0.4036,tput=2.00] rank1[cuda1,share=0.3061,tput=3.59] rank2[cuda2,share=0.2903,tput=4.44]
epoch 91: eval=0.8004
epoch 92: loss=0.484631, train_acc=0.8329, time=10.9s
per-rank: rank0[cuda0,share=0.4036,tput=2.25] rank1[cuda1,share=0.3061,tput=2.45] rank2[cuda2,share=0.2903,tput=3.89]
epoch 92: eval=0.7689
epoch 93: loss=0.471413, train_acc=0.8371, time=12.3s
per-rank: rank0[cuda0,share=0.4043,tput=1.97] rank1[cuda1,share=0.3064,tput=3.11] rank2[cuda2,share=0.2893,tput=5.14]
epoch 93: eval=0.7647
epoch 94: loss=0.466987, train_acc=0.8388, time=10.9s
per-rank: rank0[cuda0,share=0.4030,tput=2.67] rank1[cuda1,share=0.3070,tput=3.19] rank2[cuda2,share=0.2900,tput=2.57]
epoch 94: eval=0.8268
epoch 95: loss=0.464966, train_acc=0.8412, time=11.1s
per-rank: rank0[cuda0,share=0.4032,tput=2.14] rank1[cuda1,share=0.3050,tput=4.24] rank2[cuda2,share=0.2918,tput=3.42]
epoch 95: eval=0.7703
epoch 96: loss=0.472178, train_acc=0.8362, time=10.6s
per-rank: rank0[cuda0,share=0.4034,tput=2.28] rank1[cuda1,share=0.3030,tput=3.42] rank2[cuda2,share=0.2936,tput=2.56]
epoch 96: eval=0.8057
epoch 97: loss=0.467792, train_acc=0.8412, time=11.7s
per-rank: rank0[cuda0,share=0.4048,tput=2.06] rank1[cuda1,share=0.3020,tput=4.51] rank2[cuda2,share=0.2932,tput=3.18]
epoch 97: eval=0.8147
epoch 98: loss=0.466962, train_acc=0.8402, time=10.9s
per-rank: rank0[cuda0,share=0.4057,tput=2.44] rank1[cuda1,share=0.3005,tput=2.39] rank2[cuda2,share=0.2939,tput=3.63]
epoch 98: eval=0.7929
epoch 99: loss=0.467126, train_acc=0.8402, time=10.0s
per-rank: rank0[cuda0,share=0.4065,tput=2.67] rank1[cuda1,share=0.2989,tput=2.72] rank2[cuda2,share=0.2945,tput=3.02]
epoch 99: eval=0.8035
epoch 100: loss=0.411177, train_acc=0.8592, time=9.8s
per-rank: rank0[cuda0,share=0.4054,tput=2.72] rank1[cuda1,share=0.2984,tput=2.62] rank2[cuda2,share=0.2962,tput=3.16]
epoch 100: eval=0.8883
epoch 101: loss=0.262492, train_acc=0.9101, time=10.0s
per-rank: rank0[cuda0,share=0.4042,tput=2.77] rank2[cuda2,share=0.2980,tput=1.80] rank1[cuda1,share=0.2978,tput=5.27]
epoch 101: eval=0.8955
epoch 102: loss=0.235135, train_acc=0.9186, time=11.5s
per-rank: rank0[cuda0,share=0.4024,tput=2.08] rank2[cuda2,share=0.3003,tput=4.56] rank1[cuda1,share=0.2973,tput=3.19]
epoch 102: eval=0.9010
epoch 103: loss=0.228269, train_acc=0.9216, time=10.6s
per-rank: rank0[cuda0,share=0.4018,tput=2.49] rank2[cuda2,share=0.3008,tput=2.99] rank1[cuda1,share=0.2974,tput=2.74]
epoch 103: eval=0.8996
epoch 104: loss=0.221115, train_acc=0.9222, time=11.9s
per-rank: rank0[cuda0,share=0.4004,tput=1.94] rank2[cuda2,share=0.3006,tput=3.46] rank1[cuda1,share=0.2990,tput=4.35]
epoch 104: eval=0.9001
epoch 105: loss=0.213170, train_acc=0.9251, time=10.6s
per-rank: rank0[cuda0,share=0.3996,tput=2.14] rank1[cuda1,share=0.3010,tput=2.69] rank2[cuda2,share=0.2994,tput=3.80]
epoch 105: eval=0.9013
epoch 106: loss=0.207490, train_acc=0.9281, time=9.6s
per-rank: rank0[cuda0,share=0.3969,tput=3.24] rank1[cuda1,share=0.3033,tput=2.29] rank2[cuda2,share=0.2999,tput=3.15]
epoch 106: eval=0.9018
epoch 107: loss=0.202543, train_acc=0.9301, time=9.6s
per-rank: rank0[cuda0,share=0.3941,tput=2.41] rank1[cuda1,share=0.3055,tput=5.19] rank2[cuda2,share=0.3004,tput=2.13]
epoch 107: eval=0.9026
epoch 108: loss=0.199539, train_acc=0.9308, time=11.1s
per-rank: rank0[cuda0,share=0.3907,tput=2.12] rank1[cuda1,share=0.3090,tput=3.17] rank2[cuda2,share=0.3003,tput=4.72]
epoch 108: eval=0.9061
epoch 109: loss=0.192871, train_acc=0.9333, time=10.6s
per-rank: rank0[cuda0,share=0.3909,tput=3.06] rank1[cuda1,share=0.3087,tput=2.93] rank2[cuda2,share=0.3004,tput=2.57]
epoch 109: eval=0.9033
epoch 110: loss=0.190737, train_acc=0.9337, time=11.9s
per-rank: rank0[cuda0,share=0.3937,tput=1.97] rank1[cuda1,share=0.3069,tput=3.66] rank2[cuda2,share=0.2993,tput=4.31]
epoch 110: eval=0.9031
epoch 111: loss=0.188384, train_acc=0.9347, time=10.8s
per-rank: rank0[cuda0,share=0.3937,tput=2.47] rank1[cuda1,share=0.3069,tput=3.64] rank2[cuda2,share=0.2993,tput=2.59]
epoch 111: eval=0.9022
epoch 112: loss=0.185337, train_acc=0.9344, time=11.2s
per-rank: rank0[cuda0,share=0.3964,tput=2.17] rank1[cuda1,share=0.3068,tput=3.85] rank2[cuda2,share=0.2968,tput=3.83]
epoch 112: eval=0.9025
epoch 113: loss=0.181857, train_acc=0.9374, time=10.6s
per-rank: rank0[cuda0,share=0.3971,tput=3.08] rank1[cuda1,share=0.3062,tput=3.35] rank2[cuda2,share=0.2967,tput=2.20]
epoch 113: eval=0.9019
epoch 114: loss=0.181651, train_acc=0.9359, time=9.5s
per-rank: rank0[cuda0,share=0.3990,tput=3.74] rank1[cuda1,share=0.3050,tput=2.89] rank2[cuda2,share=0.2960,tput=2.37]
epoch 114: eval=0.9053
epoch 115: loss=0.176613, train_acc=0.9396, time=12.1s
per-rank: rank0[cuda0,share=0.4064,tput=2.01] rank1[cuda1,share=0.3007,tput=3.29] rank2[cuda2,share=0.2929,tput=4.66]
epoch 115: eval=0.9056
epoch 116: loss=0.172446, train_acc=0.9382, time=11.2s
per-rank: rank0[cuda0,share=0.4095,tput=2.23] rank1[cuda1,share=0.2977,tput=2.79] rank2[cuda2,share=0.2927,tput=3.44]
epoch 116: eval=0.9027
epoch 117: loss=0.172577, train_acc=0.9387, time=9.6s
per-rank: rank0[cuda0,share=0.4118,tput=3.09] rank1[cuda1,share=0.2963,tput=2.40] rank2[cuda2,share=0.2919,tput=4.66]
epoch 117: eval=0.9055
epoch 118: loss=0.171923, train_acc=0.9402, time=9.7s
per-rank: rank0[cuda0,share=0.4114,tput=4.78] rank1[cuda1,share=0.2970,tput=5.14] rank2[cuda2,share=0.2916,tput=1.96]
epoch 118: eval=0.9043
epoch 119: loss=0.168842, train_acc=0.9409, time=9.6s
per-rank: rank0[cuda0,share=0.4125,tput=3.02] rank1[cuda1,share=0.2970,tput=3.55] rank2[cuda2,share=0.2905,tput=2.11]
epoch 119: eval=0.9057
epoch 120: loss=0.165794, train_acc=0.9412, time=9.4s
per-rank: rank0[cuda0,share=0.4092,tput=2.04] rank1[cuda1,share=0.2995,tput=6.28] rank2[cuda2,share=0.2913,tput=2.38]
epoch 120: eval=0.9040
epoch 121: loss=0.162534, train_acc=0.9430, time=9.6s
per-rank: rank0[cuda0,share=0.4075,tput=3.71] rank1[cuda1,share=0.3008,tput=3.01] rank2[cuda2,share=0.2917,tput=2.15]
epoch 121: eval=0.9061
epoch 122: loss=0.160447, train_acc=0.9438, time=11.5s
per-rank: rank0[cuda0,share=0.4037,tput=2.05] rank1[cuda1,share=0.3020,tput=3.00] rank2[cuda2,share=0.2943,tput=5.24]
epoch 122: eval=0.9094
epoch 123: loss=0.161047, train_acc=0.9429, time=11.0s
per-rank: rank0[cuda0,share=0.4014,tput=2.60] rank1[cuda1,share=0.3035,tput=2.63] rank2[cuda2,share=0.2951,tput=2.99]
epoch 123: eval=0.9061
epoch 124: loss=0.159431, train_acc=0.9444, time=9.6s
per-rank: rank0[cuda0,share=0.3997,tput=2.41] rank1[cuda1,share=0.3059,tput=2.35] rank2[cuda2,share=0.2944,tput=5.02]
epoch 124: eval=0.9024
epoch 125: loss=0.159032, train_acc=0.9446, time=9.7s
per-rank: rank0[cuda0,share=0.3979,tput=1.93] rank1[cuda1,share=0.3084,tput=5.37] rank2[cuda2,share=0.2937,tput=2.47]
epoch 125: eval=0.9013
epoch 126: loss=0.154271, train_acc=0.9468, time=12.2s
per-rank: rank0[cuda0,share=0.3941,tput=1.93] rank1[cuda1,share=0.3102,tput=3.37] rank2[cuda2,share=0.2957,tput=4.82]
epoch 126: eval=0.9061
epoch 127: loss=0.154294, train_acc=0.9457, time=11.1s
per-rank: rank0[cuda0,share=0.3944,tput=2.21] rank1[cuda1,share=0.3092,tput=2.89] rank2[cuda2,share=0.2964,tput=3.20]
epoch 127: eval=0.8989
epoch 128: loss=0.152093, train_acc=0.9467, time=11.9s
per-rank: rank0[cuda0,share=0.3957,tput=1.97] rank1[cuda1,share=0.3076,tput=3.92] rank2[cuda2,share=0.2967,tput=3.88]
epoch 128: eval=0.9040
epoch 129: loss=0.153954, train_acc=0.9453, time=10.7s
per-rank: rank0[cuda0,share=0.3959,tput=2.47] rank1[cuda1,share=0.3084,tput=3.65] rank2[cuda2,share=0.2957,tput=2.47]
epoch 129: eval=0.9051
epoch 130: loss=0.149871, train_acc=0.9471, time=9.7s
per-rank: rank0[cuda0,share=0.3958,tput=3.86] rank1[cuda1,share=0.3093,tput=2.77] rank2[cuda2,share=0.2949,tput=2.33]
epoch 130: eval=0.9015
epoch 131: loss=0.150479, train_acc=0.9458, time=9.7s
per-rank: rank0[cuda0,share=0.3963,tput=2.19] rank1[cuda1,share=0.3080,tput=2.39] rank2[cuda2,share=0.2957,tput=5.52]
epoch 131: eval=0.9026
epoch 132: loss=0.148715, train_acc=0.9480, time=9.6s
per-rank: rank0[cuda0,share=0.3956,tput=2.86] rank1[cuda1,share=0.3069,tput=3.19] rank2[cuda2,share=0.2975,tput=2.39]
epoch 132: eval=0.9110
epoch 133: loss=0.145381, train_acc=0.9479, time=11.3s
per-rank: rank0[cuda0,share=0.3973,tput=2.08] rank1[cuda1,share=0.3071,tput=3.46] rank2[cuda2,share=0.2956,tput=4.31]
epoch 133: eval=0.9102
epoch 134: loss=0.145735, train_acc=0.9490, time=10.7s
per-rank: rank0[cuda0,share=0.3988,tput=3.03] rank1[cuda1,share=0.3060,tput=2.06] rank2[cuda2,share=0.2952,tput=3.50]
epoch 134: eval=0.9047
epoch 135: loss=0.146106, train_acc=0.9487, time=9.5s
per-rank: rank0[cuda0,share=0.4012,tput=4.16] rank1[cuda1,share=0.3017,tput=2.03] rank2[cuda2,share=0.2971,tput=3.36]
epoch 135: eval=0.9079
epoch 136: loss=0.142796, train_acc=0.9494, time=9.4s
per-rank: rank0[cuda0,share=0.4027,tput=2.38] rank1[cuda1,share=0.2989,tput=6.24] rank2[cuda2,share=0.2984,tput=2.05]
epoch 136: eval=0.9053
epoch 137: loss=0.141808, train_acc=0.9494, time=12.6s
per-rank: rank0[cuda0,share=0.4061,tput=1.96] rank2[cuda2,share=0.2980,tput=2.83] rank1[cuda1,share=0.2959,tput=5.42]
epoch 137: eval=0.9008
epoch 138: loss=0.140371, train_acc=0.9503, time=10.8s
per-rank: rank0[cuda0,share=0.4089,tput=2.07] rank2[cuda2,share=0.2966,tput=3.76] rank1[cuda1,share=0.2945,tput=2.86]
epoch 138: eval=0.9003
epoch 139: loss=0.142247, train_acc=0.9489, time=12.0s
per-rank: rank0[cuda0,share=0.4106,tput=2.08] rank2[cuda2,share=0.2967,tput=4.89] rank1[cuda1,share=0.2927,tput=3.56]
epoch 139: eval=0.8936
epoch 140: loss=0.142731, train_acc=0.9486, time=11.1s
per-rank: rank0[cuda0,share=0.4115,tput=2.28] rank2[cuda2,share=0.2964,tput=3.58] rank1[cuda1,share=0.2921,tput=2.51]
epoch 140: eval=0.9008
epoch 141: loss=0.142313, train_acc=0.9492, time=11.7s
per-rank: rank0[cuda0,share=0.4117,tput=2.10] rank1[cuda1,share=0.2944,tput=4.74] rank2[cuda2,share=0.2939,tput=3.09]
epoch 141: eval=0.9017
epoch 142: loss=0.141384, train_acc=0.9498, time=10.9s
per-rank: rank0[cuda0,share=0.4114,tput=1.95] rank1[cuda1,share=0.2962,tput=2.82] rank2[cuda2,share=0.2924,tput=3.23]
epoch 142: eval=0.8996
epoch 143: loss=0.139235, train_acc=0.9502, time=9.6s
per-rank: rank0[cuda0,share=0.4056,tput=2.43] rank1[cuda1,share=0.3008,tput=5.45] rank2[cuda2,share=0.2936,tput=2.33]
epoch 143: eval=0.9083
epoch 144: loss=0.135885, train_acc=0.9522, time=9.6s
per-rank: rank0[cuda0,share=0.4042,tput=3.70] rank1[cuda1,share=0.3030,tput=2.06] rank2[cuda2,share=0.2928,tput=3.31]
epoch 144: eval=0.9016
epoch 145: loss=0.139029, train_acc=0.9512, time=11.8s
per-rank: rank0[cuda0,share=0.4062,tput=2.07] rank1[cuda1,share=0.3016,tput=3.35] rank2[cuda2,share=0.2923,tput=4.71]
epoch 145: eval=0.8988
epoch 146: loss=0.135941, train_acc=0.9522, time=10.9s
per-rank: rank0[cuda0,share=0.4065,tput=2.41] rank1[cuda1,share=0.3003,tput=2.45] rank2[cuda2,share=0.2933,tput=3.47]
epoch 146: eval=0.8941
epoch 147: loss=0.133459, train_acc=0.9528, time=12.6s
per-rank: rank0[cuda0,share=0.4056,tput=1.96] rank1[cuda1,share=0.2995,tput=3.61] rank2[cuda2,share=0.2949,tput=4.57]
epoch 147: eval=0.9040
epoch 148: loss=0.137373, train_acc=0.9517, time=11.2s
per-rank: rank0[cuda0,share=0.4056,tput=1.96] rank1[cuda1,share=0.2990,tput=2.72] rank2[cuda2,share=0.2953,tput=3.80]
epoch 148: eval=0.8996
epoch 149: loss=0.136805, train_acc=0.9519, time=9.7s
per-rank: rank0[cuda0,share=0.4046,tput=3.14] rank1[cuda1,share=0.2996,tput=2.54] rank2[cuda2,share=0.2958,tput=3.16]
epoch 149: eval=0.9024
epoch 150: loss=0.112241, train_acc=0.9600, time=9.5s
per-rank: rank0[cuda0,share=0.4023,tput=3.66] rank1[cuda1,share=0.3021,tput=2.15] rank2[cuda2,share=0.2956,tput=3.16]
epoch 150: eval=0.9158
epoch 151: loss=0.089421, train_acc=0.9699, time=12.0s
per-rank: rank0[cuda0,share=0.3991,tput=2.02] rank1[cuda1,share=0.3051,tput=4.73] rank2[cuda2,share=0.2958,tput=3.36]
epoch 151: eval=0.9174
epoch 152: loss=0.086518, train_acc=0.9714, time=10.8s
per-rank: rank0[cuda0,share=0.4006,tput=1.91] rank1[cuda1,share=0.3041,tput=4.09] rank2[cuda2,share=0.2953,tput=2.37]
epoch 152: eval=0.9159
epoch 153: loss=0.086008, train_acc=0.9713, time=12.3s
per-rank: rank0[cuda0,share=0.4005,tput=2.03] rank1[cuda1,share=0.3045,tput=4.14] rank2[cuda2,share=0.2950,tput=3.95]
epoch 153: eval=0.9150
epoch 154: loss=0.085878, train_acc=0.9705, time=10.9s
per-rank: rank0[cuda0,share=0.4013,tput=2.57] rank1[cuda1,share=0.3059,tput=3.07] rank2[cuda2,share=0.2928,tput=2.98]
epoch 154: eval=0.9161
epoch 155: loss=0.082830, train_acc=0.9712, time=9.6s
per-rank: rank0[cuda0,share=0.4051,tput=3.46] rank1[cuda1,share=0.3076,tput=2.32] rank2[cuda2,share=0.2873,tput=2.97]
epoch 155: eval=0.9172
epoch 156: loss=0.080262, train_acc=0.9729, time=12.1s
per-rank: rank0[cuda0,share=0.4067,tput=2.06] rank1[cuda1,share=0.3104,tput=4.15] rank2[cuda2,share=0.2829,tput=3.79]
epoch 156: eval=0.9155
epoch 157: loss=0.080233, train_acc=0.9728, time=11.1s
per-rank: rank0[cuda0,share=0.4115,tput=2.42] rank1[cuda1,share=0.3068,tput=2.30] rank2[cuda2,share=0.2817,tput=4.02]
epoch 157: eval=0.9179
epoch 158: loss=0.080189, train_acc=0.9724, time=12.2s
per-rank: rank0[cuda0,share=0.4188,tput=2.03] rank1[cuda1,share=0.2953,tput=3.35] rank2[cuda2,share=0.2858,tput=4.80]
epoch 158: eval=0.9164
epoch 159: loss=0.079747, train_acc=0.9727, time=11.1s
per-rank: rank0[cuda0,share=0.4189,tput=2.32] rank1[cuda1,share=0.2916,tput=4.42] rank2[cuda2,share=0.2895,tput=2.00]
epoch 159: eval=0.9175
epoch 160: loss=0.076494, train_acc=0.9745, time=12.8s
per-rank: rank0[cuda0,share=0.4174,tput=1.96] rank1[cuda1,share=0.2922,tput=5.15] rank2[cuda2,share=0.2904,tput=3.14]
epoch 160: eval=0.9168
epoch 161: loss=0.077457, train_acc=0.9746, time=11.3s
per-rank: rank0[cuda0,share=0.4148,tput=2.26] rank1[cuda1,share=0.2981,tput=2.58] rank2[cuda2,share=0.2871,tput=3.82]
epoch 161: eval=0.9171
epoch 162: loss=0.079352, train_acc=0.9736, time=9.8s
per-rank: rank0[cuda0,share=0.4120,tput=2.46] rank1[cuda1,share=0.3039,tput=4.78] rank2[cuda2,share=0.2841,tput=2.26]
epoch 162: eval=0.9149
epoch 163: loss=0.076971, train_acc=0.9738, time=11.1s
per-rank: rank0[cuda0,share=0.4177,tput=2.18] rank1[cuda1,share=0.2969,tput=3.11] rank2[cuda2,share=0.2853,tput=5.06]
epoch 163: eval=0.9158
epoch 164: loss=0.076188, train_acc=0.9747, time=9.7s
per-rank: rank0[cuda0,share=0.4177,tput=2.67] rank1[cuda1,share=0.2969,tput=2.60] rank2[cuda2,share=0.2853,tput=3.30]
epoch 164: eval=0.9167
epoch 165: loss=0.073953, train_acc=0.9758, time=13.1s
per-rank: rank0[cuda0,share=0.4146,tput=1.91] rank1[cuda1,share=0.2957,tput=3.76] rank2[cuda2,share=0.2897,tput=3.99]
epoch 165: eval=0.9169
epoch 166: loss=0.074172, train_acc=0.9751, time=12.2s
per-rank: rank0[cuda0,share=0.4146,tput=1.83] rank1[cuda1,share=0.2957,tput=3.77] rank2[cuda2,share=0.2897,tput=2.75]
epoch 166: eval=0.9166
epoch 167: loss=0.074251, train_acc=0.9749, time=9.9s
per-rank: rank0[cuda0,share=0.4105,tput=2.70] rank1[cuda1,share=0.2963,tput=3.58] rank2[cuda2,share=0.2932,tput=2.50]
epoch 167: eval=0.9171
epoch 168: loss=0.073142, train_acc=0.9755, time=11.4s
per-rank: rank0[cuda0,share=0.4071,tput=2.05] rank1[cuda1,share=0.2968,tput=3.54] rank2[cuda2,share=0.2960,tput=4.36]
epoch 168: eval=0.9170
epoch 169: loss=0.071391, train_acc=0.9757, time=10.8s
per-rank: rank0[cuda0,share=0.4046,tput=2.49] rank2[cuda2,share=0.2978,tput=3.24] rank1[cuda1,share=0.2976,tput=2.60]
epoch 169: eval=0.9167
epoch 170: loss=0.073344, train_acc=0.9759, time=11.1s
per-rank: rank0[cuda0,share=0.4025,tput=2.09] rank2[cuda2,share=0.2993,tput=3.22] rank1[cuda1,share=0.2982,tput=4.68]
epoch 170: eval=0.9161
epoch 171: loss=0.072512, train_acc=0.9755, time=10.6s
per-rank: rank0[cuda0,share=0.4004,tput=2.76] rank2[cuda2,share=0.3004,tput=2.21] rank1[cuda1,share=0.2991,tput=3.67]
epoch 171: eval=0.9171
epoch 172: loss=0.071463, train_acc=0.9758, time=10.8s
per-rank: rank0[cuda0,share=0.4005,tput=2.16] rank2[cuda2,share=0.3005,tput=4.57] rank1[cuda1,share=0.2990,tput=3.01]
epoch 172: eval=0.9164
epoch 173: loss=0.071387, train_acc=0.9760, time=10.4s
per-rank: rank0[cuda0,share=0.3981,tput=2.72] rank2[cuda2,share=0.3017,tput=3.50] rank1[cuda1,share=0.3002,tput=2.27]
epoch 173: eval=0.9170
epoch 174: loss=0.071103, train_acc=0.9762, time=9.8s
per-rank: rank0[cuda0,share=0.3970,tput=2.83] rank2[cuda2,share=0.3023,tput=2.34] rank1[cuda1,share=0.3008,tput=3.38]
epoch 174: eval=0.9160
epoch 175: loss=0.070232, train_acc=0.9761, time=9.7s
per-rank: rank0[cuda0,share=0.3958,tput=2.93] rank2[cuda2,share=0.3029,tput=2.31] rank1[cuda1,share=0.3013,tput=3.15]
epoch 175: eval=0.9162
epoch 176: loss=0.069093, train_acc=0.9770, time=9.6s
per-rank: rank0[cuda0,share=0.3966,tput=3.09] rank2[cuda2,share=0.3032,tput=3.44] rank1[cuda1,share=0.3001,tput=2.07]
epoch 176: eval=0.9159
epoch 177: loss=0.070387, train_acc=0.9757, time=11.6s
per-rank: rank0[cuda0,share=0.3991,tput=2.07] rank2[cuda2,share=0.3028,tput=3.07] rank1[cuda1,share=0.2981,tput=5.11]
epoch 177: eval=0.9161
epoch 178: loss=0.070346, train_acc=0.9767, time=10.4s
per-rank: rank0[cuda0,share=0.3991,tput=1.94] rank2[cuda2,share=0.3028,tput=3.45] rank1[cuda1,share=0.2981,tput=2.89]
epoch 178: eval=0.9158
epoch 179: loss=0.070230, train_acc=0.9762, time=13.0s
per-rank: rank0[cuda0,share=0.4001,tput=1.89] rank2[cuda2,share=0.3039,tput=4.72] rank1[cuda1,share=0.2960,tput=3.44]
epoch 179: eval=0.9162
epoch 180: loss=0.068348, train_acc=0.9774, time=11.1s
per-rank: rank0[cuda0,share=0.4001,tput=2.00] rank2[cuda2,share=0.3039,tput=3.62] rank1[cuda1,share=0.2960,tput=2.74]
epoch 180: eval=0.9172
epoch 181: loss=0.069183, train_acc=0.9762, time=11.2s
per-rank: rank0[cuda0,share=0.4011,tput=2.10] rank2[cuda2,share=0.3050,tput=4.46] rank1[cuda1,share=0.2939,tput=3.30]
epoch 181: eval=0.9165
epoch 182: loss=0.067980, train_acc=0.9771, time=10.4s
per-rank: rank0[cuda0,share=0.3990,tput=2.75] rank2[cuda2,share=0.3062,tput=2.93] rank1[cuda1,share=0.2948,tput=2.88]
epoch 182: eval=0.9184
epoch 183: loss=0.067525, train_acc=0.9774, time=9.5s
per-rank: rank0[cuda0,share=0.3969,tput=2.57] rank2[cuda2,share=0.3074,tput=4.74] rank1[cuda1,share=0.2957,tput=2.15]
epoch 183: eval=0.9153
epoch 184: loss=0.067404, train_acc=0.9777, time=9.7s
per-rank: rank0[cuda0,share=0.3954,tput=2.49] rank2[cuda2,share=0.3074,tput=5.03] rank1[cuda1,share=0.2971,tput=2.16]
epoch 184: eval=0.9159
epoch 185: loss=0.067161, train_acc=0.9769, time=12.2s
per-rank: rank0[cuda0,share=0.3955,tput=1.99] rank2[cuda2,share=0.3067,tput=3.33] rank1[cuda1,share=0.2978,tput=4.80]
epoch 185: eval=0.9159
epoch 186: loss=0.066617, train_acc=0.9775, time=10.8s
per-rank: rank0[cuda0,share=0.3950,tput=2.46] rank2[cuda2,share=0.3054,tput=3.56] rank1[cuda1,share=0.2996,tput=2.50]
epoch 186: eval=0.9157
epoch 187: loss=0.065589, train_acc=0.9777, time=11.8s
per-rank: rank0[cuda0,share=0.3945,tput=2.03] rank2[cuda2,share=0.3041,tput=4.64] rank1[cuda1,share=0.3014,tput=3.44]
epoch 187: eval=0.9157
epoch 188: loss=0.067573, train_acc=0.9768, time=10.8s
per-rank: rank0[cuda0,share=0.3957,tput=2.95] rank2[cuda2,share=0.3031,tput=3.87] rank1[cuda1,share=0.3012,tput=2.04]
epoch 188: eval=0.9161
epoch 189: loss=0.064220, train_acc=0.9783, time=9.6s
per-rank: rank0[cuda0,share=0.3970,tput=2.22] rank2[cuda2,share=0.3022,tput=2.39] rank1[cuda1,share=0.3009,tput=5.37]
epoch 189: eval=0.9165
epoch 190: loss=0.063958, train_acc=0.9777, time=9.6s
per-rank: rank0[cuda0,share=0.3982,tput=3.04] rank2[cuda2,share=0.3012,tput=2.17] rank1[cuda1,share=0.3006,tput=3.58]
epoch 190: eval=0.9162
epoch 191: loss=0.064798, train_acc=0.9784, time=9.7s
per-rank: rank0[cuda0,share=0.3983,tput=1.89] rank1[cuda1,share=0.3009,tput=5.75] rank2[cuda2,share=0.3009,tput=2.40]
epoch 191: eval=0.9140
epoch 192: loss=0.066484, train_acc=0.9776, time=9.8s
per-rank: rank0[cuda0,share=0.3995,tput=2.03] rank2[cuda2,share=0.3014,tput=2.26] rank1[cuda1,share=0.2991,tput=5.51]
epoch 192: eval=0.9167
epoch 193: loss=0.063912, train_acc=0.9777, time=9.6s
per-rank: rank0[cuda0,share=0.4014,tput=2.35] rank2[cuda2,share=0.3009,tput=4.78] rank1[cuda1,share=0.2977,tput=2.28]
epoch 193: eval=0.9154
epoch 194: loss=0.063790, train_acc=0.9788, time=9.5s
per-rank: rank0[cuda0,share=0.4011,tput=2.49] rank2[cuda2,share=0.3023,tput=5.21] rank1[cuda1,share=0.2965,tput=2.10]
epoch 194: eval=0.9181
epoch 195: loss=0.067174, train_acc=0.9778, time=12.0s
per-rank: rank0[cuda0,share=0.4008,tput=1.99] rank2[cuda2,share=0.3038,tput=4.59] rank1[cuda1,share=0.2954,tput=3.52]
epoch 195: eval=0.9153
epoch 196: loss=0.063406, train_acc=0.9793, time=11.1s
per-rank: rank0[cuda0,share=0.4005,tput=2.20] rank2[cuda2,share=0.3053,tput=2.38] rank1[cuda1,share=0.2942,tput=3.66]
epoch 196: eval=0.9150
epoch 197: loss=0.063208, train_acc=0.9789, time=9.6s
per-rank: rank0[cuda0,share=0.4002,tput=2.81] rank2[cuda2,share=0.3068,tput=3.46] rank1[cuda1,share=0.2929,tput=2.38]
epoch 197: eval=0.9157
epoch 198: loss=0.063039, train_acc=0.9794, time=11.6s
per-rank: rank0[cuda0,share=0.3996,tput=2.10] rank2[cuda2,share=0.3064,tput=2.71] rank1[cuda1,share=0.2940,tput=5.74]
epoch 198: eval=0.9151
epoch 199: loss=0.062496, train_acc=0.9790, time=10.7s
per-rank: rank0[cuda0,share=0.3996,tput=3.05] rank2[cuda2,share=0.3064,tput=2.12] rank1[cuda1,share=0.2940,tput=4.16]
final eval=0.9169
# total: 1920.0s (32m 0s)
