# gpu0: NVIDIA GeForce RTX 5060 Ti (15GB, sm_120)
# gpu1: NVIDIA GeForce GTX 1060 6GB (5GB, sm_61)
# gpu2: NVIDIA GeForce GTX 1060 6GB (5GB, sm_61)
epoch 0: loss=2.038614, train_acc=0.2320, time=9.4s
per-rank: rank0[cuda0,share=0.3926,tput=3.64] rank1[cuda1,share=0.3060,tput=4.58] rank2[cuda2,share=0.3014,tput=2.86]
epoch 0: eval=0.3123
epoch 1: loss=1.711514, train_acc=0.3565, time=9.0s
per-rank: rank0[cuda0,share=0.4089,tput=2.48] rank1[cuda1,share=0.2984,tput=6.91] rank2[cuda2,share=0.2926,tput=2.24]
epoch 1: eval=0.3882
epoch 2: loss=1.508796, train_acc=0.4441, time=8.9s
per-rank: rank0[cuda0,share=0.4099,tput=3.84] rank1[cuda1,share=0.2990,tput=2.22] rank2[cuda2,share=0.2911,tput=3.67]
epoch 2: eval=0.4767
epoch 3: loss=1.349479, train_acc=0.5107, time=8.9s
per-rank: rank0[cuda0,share=0.4070,tput=4.06] rank2[cuda2,share=0.2985,tput=2.61] rank1[cuda1,share=0.2945,tput=3.56]
epoch 3: eval=0.5297
epoch 4: loss=1.203791, train_acc=0.5686, time=8.9s
per-rank: rank0[cuda0,share=0.4055,tput=2.92] rank2[cuda2,share=0.2994,tput=5.25] rank1[cuda1,share=0.2951,tput=2.34]
epoch 4: eval=0.5403
epoch 5: loss=1.103167, train_acc=0.6063, time=9.1s
per-rank: rank0[cuda0,share=0.4180,tput=3.08] rank2[cuda2,share=0.2926,tput=4.10] rank1[cuda1,share=0.2894,tput=2.34]
epoch 5: eval=0.6399
epoch 6: loss=1.017810, train_acc=0.6389, time=8.9s
per-rank: rank0[cuda0,share=0.4081,tput=3.89] rank1[cuda1,share=0.3004,tput=2.69] rank2[cuda2,share=0.2915,tput=2.91]
epoch 6: eval=0.6500
epoch 7: loss=0.948313, train_acc=0.6657, time=8.9s
per-rank: rank0[cuda0,share=0.3936,tput=2.60] rank1[cuda1,share=0.3119,tput=3.82] rank2[cuda2,share=0.2946,tput=2.80]
epoch 7: eval=0.5715
epoch 8: loss=0.889411, train_acc=0.6877, time=10.3s
per-rank: rank0[cuda0,share=0.3737,tput=2.16] rank1[cuda1,share=0.3177,tput=5.44] rank2[cuda2,share=0.3086,tput=3.29]
epoch 8: eval=0.6237
epoch 9: loss=0.826583, train_acc=0.7115, time=9.8s
per-rank: rank0[cuda0,share=0.4116,tput=3.54] rank1[cuda1,share=0.3077,tput=4.06] rank2[cuda2,share=0.2807,tput=2.12]
epoch 9: eval=0.7288
epoch 10: loss=0.781151, train_acc=0.7289, time=12.7s
per-rank: rank0[cuda0,share=0.4197,tput=2.08] rank1[cuda1,share=0.3013,tput=5.30] rank2[cuda2,share=0.2791,tput=3.88]
epoch 10: eval=0.7390
epoch 11: loss=0.744760, train_acc=0.7413, time=11.7s
per-rank: rank0[cuda0,share=0.3980,tput=2.00] rank1[cuda1,share=0.3081,tput=2.85] rank2[cuda2,share=0.2939,tput=3.79]
epoch 11: eval=0.7646
epoch 12: loss=0.722000, train_acc=0.7515, time=9.1s
per-rank: rank0[cuda0,share=0.3908,tput=3.81] rank1[cuda1,share=0.3088,tput=3.35] rank2[cuda2,share=0.3003,tput=2.66]
epoch 12: eval=0.7409
epoch 13: loss=0.694788, train_acc=0.7605, time=8.7s
per-rank: rank0[cuda0,share=0.4066,tput=4.16] rank2[cuda2,share=0.2977,tput=2.15] rank1[cuda1,share=0.2957,tput=3.70]
epoch 13: eval=0.7409
epoch 14: loss=0.673698, train_acc=0.7666, time=8.7s
per-rank: rank0[cuda0,share=0.4249,tput=2.53] rank1[cuda1,share=0.2951,tput=6.73] rank2[cuda2,share=0.2799,tput=2.48]
epoch 14: eval=0.7193
epoch 15: loss=0.654164, train_acc=0.7749, time=12.4s
per-rank: rank0[cuda0,share=0.3761,tput=2.09] rank1[cuda1,share=0.3188,tput=5.65] rank2[cuda2,share=0.3050,tput=3.94]
epoch 15: eval=0.7455
epoch 16: loss=0.638539, train_acc=0.7799, time=11.2s
per-rank: rank0[cuda0,share=0.3834,tput=2.27] rank1[cuda1,share=0.3164,tput=2.93] rank2[cuda2,share=0.3002,tput=3.79]
epoch 16: eval=0.7297
epoch 17: loss=0.623243, train_acc=0.7846, time=9.1s
per-rank: rank0[cuda0,share=0.4201,tput=3.71] rank1[cuda1,share=0.3039,tput=2.92] rank2[cuda2,share=0.2761,tput=2.88]
epoch 17: eval=0.6926
epoch 18: loss=0.610920, train_acc=0.7873, time=8.8s
per-rank: rank0[cuda0,share=0.4161,tput=2.62] rank1[cuda1,share=0.3043,tput=2.64] rank2[cuda2,share=0.2795,tput=4.30]
epoch 18: eval=0.7685
epoch 19: loss=0.592904, train_acc=0.7954, time=10.5s
per-rank: rank0[cuda0,share=0.3976,tput=2.24] rank1[cuda1,share=0.3059,tput=5.86] rank2[cuda2,share=0.2965,tput=3.35]
epoch 19: eval=0.7853
epoch 20: loss=0.584401, train_acc=0.7990, time=9.6s
per-rank: rank0[cuda0,share=0.4176,tput=2.72] rank1[cuda1,share=0.2923,tput=2.85] rank2[cuda2,share=0.2900,tput=3.95]
epoch 20: eval=0.7737
epoch 21: loss=0.574465, train_acc=0.8027, time=11.1s
per-rank: rank0[cuda0,share=0.4103,tput=2.24] rank1[cuda1,share=0.2986,tput=3.75] rank2[cuda2,share=0.2911,tput=4.91]
epoch 21: eval=0.6828
epoch 22: loss=0.565246, train_acc=0.8058, time=10.2s
per-rank: rank0[cuda0,share=0.4078,tput=2.26] rank1[cuda1,share=0.3010,tput=2.71] rank2[cuda2,share=0.2913,tput=4.06]
epoch 22: eval=0.7966
epoch 23: loss=0.567839, train_acc=0.8052, time=10.5s
per-rank: rank0[cuda0,share=0.3887,tput=2.21] rank1[cuda1,share=0.3169,tput=5.94] rank2[cuda2,share=0.2944,tput=3.03]
epoch 23: eval=0.7231
epoch 24: loss=0.567966, train_acc=0.8040, time=9.6s
per-rank: rank0[cuda0,share=0.3961,tput=2.60] rank1[cuda1,share=0.3167,tput=3.62] rank2[cuda2,share=0.2872,tput=2.92]
epoch 24: eval=0.7514
epoch 25: loss=0.554815, train_acc=0.8102, time=8.9s
per-rank: rank0[cuda0,share=0.3998,tput=2.56] rank1[cuda1,share=0.3024,tput=2.42] rank2[cuda2,share=0.2978,tput=5.94]
epoch 25: eval=0.7670
epoch 26: loss=0.551141, train_acc=0.8093, time=11.0s
per-rank: rank0[cuda0,share=0.4017,tput=2.33] rank1[cuda1,share=0.3020,tput=4.18] rank2[cuda2,share=0.2962,tput=4.83]
epoch 26: eval=0.7198
epoch 27: loss=0.542971, train_acc=0.8131, time=10.1s
per-rank: rank0[cuda0,share=0.4117,tput=2.64] rank1[cuda1,share=0.3010,tput=3.92] rank2[cuda2,share=0.2874,tput=2.57]
epoch 27: eval=0.7958
epoch 28: loss=0.530233, train_acc=0.8167, time=8.9s
per-rank: rank0[cuda0,share=0.4179,tput=2.57] rank1[cuda1,share=0.2952,tput=2.79] rank2[cuda2,share=0.2869,tput=5.46]
epoch 28: eval=0.7750
epoch 29: loss=0.535779, train_acc=0.8150, time=8.7s
per-rank: rank0[cuda0,share=0.3990,tput=3.62] rank2[cuda2,share=0.3046,tput=2.64] rank1[cuda1,share=0.2964,tput=4.79]
epoch 29: eval=0.7450
epoch 30: loss=0.530989, train_acc=0.8178, time=8.9s
per-rank: rank0[cuda0,share=0.3836,tput=2.07] rank2[cuda2,share=0.3166,tput=2.55] rank1[cuda1,share=0.2998,tput=7.44]
epoch 30: eval=0.7961
epoch 31: loss=0.521683, train_acc=0.8203, time=8.9s
per-rank: rank0[cuda0,share=0.3640,tput=2.50] rank1[cuda1,share=0.3180,tput=5.96] rank2[cuda2,share=0.3180,tput=2.43]
epoch 31: eval=0.7567
epoch 32: loss=0.529866, train_acc=0.8172, time=10.5s
per-rank: rank0[cuda0,share=0.3931,tput=2.24] rank2[cuda2,share=0.3059,tput=3.52] rank1[cuda1,share=0.3010,tput=5.45]
epoch 32: eval=0.7927
epoch 33: loss=0.536413, train_acc=0.8157, time=9.7s
per-rank: rank0[cuda0,share=0.4046,tput=2.92] rank2[cuda2,share=0.3031,tput=4.02] rank1[cuda1,share=0.2924,tput=2.58]
epoch 33: eval=0.7697
epoch 34: loss=0.523284, train_acc=0.8186, time=8.7s
per-rank: rank0[cuda0,share=0.4069,tput=2.28] rank2[cuda2,share=0.3009,tput=2.45] rank1[cuda1,share=0.2922,tput=7.66]
epoch 34: eval=0.7653
epoch 35: loss=0.519706, train_acc=0.8224, time=8.7s
per-rank: rank0[cuda0,share=0.4006,tput=2.47] rank2[cuda2,share=0.3032,tput=2.52] rank1[cuda1,share=0.2962,tput=6.36]
epoch 35: eval=0.7470
epoch 36: loss=0.554781, train_acc=0.8098, time=10.4s
per-rank: rank0[cuda0,share=0.4019,tput=2.32] rank2[cuda2,share=0.3009,tput=5.41] rank1[cuda1,share=0.2972,tput=3.70]
epoch 36: eval=0.8013
epoch 37: loss=0.558694, train_acc=0.8078, time=9.1s
per-rank: rank0[cuda0,share=0.4019,tput=2.39] rank2[cuda2,share=0.3009,tput=4.03] rank1[cuda1,share=0.2972,tput=2.92]
epoch 37: eval=0.7444
epoch 38: loss=0.548654, train_acc=0.8124, time=11.7s
per-rank: rank0[cuda0,share=0.3999,tput=2.08] rank2[cuda2,share=0.3016,tput=5.37] rank1[cuda1,share=0.2985,tput=3.92]
epoch 38: eval=0.8240
epoch 39: loss=0.538389, train_acc=0.8159, time=10.2s
per-rank: rank0[cuda0,share=0.3999,tput=2.59] rank2[cuda2,share=0.3016,tput=3.75] rank1[cuda1,share=0.2985,tput=3.20]
epoch 39: eval=0.7791
epoch 40: loss=0.540285, train_acc=0.8155, time=8.5s
per-rank: rank0[cuda0,share=0.3981,tput=4.23] rank2[cuda2,share=0.3025,tput=3.20] rank1[cuda1,share=0.2995,tput=2.58]
epoch 40: eval=0.7860
epoch 41: loss=0.529680, train_acc=0.8183, time=8.8s
per-rank: rank0[cuda0,share=0.3957,tput=3.51] rank2[cuda2,share=0.3025,tput=2.34] rank1[cuda1,share=0.3018,tput=3.85]
epoch 41: eval=0.7196
epoch 42: loss=0.530209, train_acc=0.8177, time=10.2s
per-rank: rank0[cuda0,share=0.3943,tput=2.26] rank1[cuda1,share=0.3034,tput=4.45] rank2[cuda2,share=0.3022,tput=3.83]
epoch 42: eval=0.7640
epoch 43: loss=0.523656, train_acc=0.8201, time=9.4s
per-rank: rank0[cuda0,share=0.3947,tput=3.19] rank1[cuda1,share=0.3040,tput=3.64] rank2[cuda2,share=0.3013,tput=2.77]
epoch 43: eval=0.7731
epoch 44: loss=0.524912, train_acc=0.8189, time=10.7s
per-rank: rank0[cuda0,share=0.3958,tput=2.17] rank1[cuda1,share=0.3031,tput=3.42] rank2[cuda2,share=0.3011,tput=5.10]
epoch 44: eval=0.7632
epoch 45: loss=0.524699, train_acc=0.8186, time=9.5s
per-rank: rank0[cuda0,share=0.3966,tput=2.22] rank1[cuda1,share=0.3022,tput=4.42] rank2[cuda2,share=0.3013,tput=2.99]
epoch 45: eval=0.8169
epoch 46: loss=0.519228, train_acc=0.8219, time=11.1s
per-rank: rank0[cuda0,share=0.3955,tput=2.16] rank2[cuda2,share=0.3030,tput=5.41] rank1[cuda1,share=0.3015,tput=3.10]
epoch 46: eval=0.7754
epoch 47: loss=0.517153, train_acc=0.8223, time=9.7s
per-rank: rank0[cuda0,share=0.3951,tput=2.14] rank2[cuda2,share=0.3036,tput=2.62] rank1[cuda1,share=0.3013,tput=4.78]
epoch 47: eval=0.7937
epoch 48: loss=0.519265, train_acc=0.8216, time=8.8s
per-rank: rank0[cuda0,share=0.3947,tput=3.94] rank2[cuda2,share=0.3042,tput=3.92] rank1[cuda1,share=0.3011,tput=2.68]
epoch 48: eval=0.8235
epoch 49: loss=0.522106, train_acc=0.8196, time=8.7s
per-rank: rank0[cuda0,share=0.3940,tput=2.29] rank2[cuda2,share=0.3049,tput=5.97] rank1[cuda1,share=0.3010,tput=2.59]
epoch 49: eval=0.8215
epoch 50: loss=0.506401, train_acc=0.8275, time=9.9s
per-rank: rank0[cuda0,share=0.3933,tput=2.36] rank2[cuda2,share=0.3057,tput=5.02] rank1[cuda1,share=0.3010,tput=3.54]
epoch 50: eval=0.7362
epoch 51: loss=0.508911, train_acc=0.8255, time=9.4s
per-rank: rank0[cuda0,share=0.3944,tput=3.35] rank2[cuda2,share=0.3063,tput=2.37] rank1[cuda1,share=0.2993,tput=4.03]
epoch 51: eval=0.7901
epoch 52: loss=0.519968, train_acc=0.8231, time=8.8s
per-rank: rank0[cuda0,share=0.3955,tput=2.33] rank2[cuda2,share=0.3070,tput=5.29] rank1[cuda1,share=0.2975,tput=2.81]
epoch 52: eval=0.8255
epoch 53: loss=0.510023, train_acc=0.8252, time=10.7s
per-rank: rank0[cuda0,share=0.3952,tput=2.22] rank2[cuda2,share=0.3084,tput=4.90] rank1[cuda1,share=0.2964,tput=3.67]
epoch 53: eval=0.8052
epoch 54: loss=0.505302, train_acc=0.8271, time=9.8s
per-rank: rank0[cuda0,share=0.3941,tput=2.66] rank2[cuda2,share=0.3092,tput=3.59] rank1[cuda1,share=0.2966,tput=3.01]
epoch 54: eval=0.7606
epoch 55: loss=0.509229, train_acc=0.8236, time=8.7s
per-rank: rank0[cuda0,share=0.3923,tput=4.20] rank2[cuda2,share=0.3095,tput=2.73] rank1[cuda1,share=0.2982,tput=2.72]
epoch 55: eval=0.7744
epoch 56: loss=0.505515, train_acc=0.8268, time=8.6s
per-rank: rank0[cuda0,share=0.3927,tput=3.20] rank2[cuda2,share=0.3074,tput=2.13] rank1[cuda1,share=0.2999,tput=5.92]
epoch 56: eval=0.7797
epoch 57: loss=0.509899, train_acc=0.8246, time=10.7s
per-rank: rank0[cuda0,share=0.3931,tput=2.31] rank2[cuda2,share=0.3054,tput=3.29] rank1[cuda1,share=0.3015,tput=5.91]
epoch 57: eval=0.7768
epoch 58: loss=0.495147, train_acc=0.8308, time=9.9s
per-rank: rank0[cuda0,share=0.3935,tput=2.90] rank2[cuda2,share=0.3034,tput=2.68] rank1[cuda1,share=0.3031,tput=3.80]
epoch 58: eval=0.7703
epoch 59: loss=0.500407, train_acc=0.8271, time=8.7s
per-rank: rank0[cuda0,share=0.3974,tput=2.87] rank1[cuda1,share=0.3029,tput=2.31] rank2[cuda2,share=0.2997,tput=6.23]
epoch 59: eval=0.8210
epoch 60: loss=0.500898, train_acc=0.8270, time=8.8s
per-rank: rank0[cuda0,share=0.4012,tput=2.43] rank1[cuda1,share=0.3028,tput=5.73] rank2[cuda2,share=0.2960,tput=2.55]
epoch 60: eval=0.7967
epoch 61: loss=0.502458, train_acc=0.8286, time=8.7s
per-rank: rank0[cuda0,share=0.4038,tput=3.71] rank1[cuda1,share=0.3032,tput=3.68] rank2[cuda2,share=0.2930,tput=2.21]
epoch 61: eval=0.7544
epoch 62: loss=0.506393, train_acc=0.8249, time=8.7s
per-rank: rank0[cuda0,share=0.4072,tput=2.68] rank1[cuda1,share=0.3023,tput=5.57] rank2[cuda2,share=0.2905,tput=2.68]
epoch 62: eval=0.7995
epoch 63: loss=0.498240, train_acc=0.8292, time=8.7s
per-rank: rank0[cuda0,share=0.4072,tput=2.35] rank1[cuda1,share=0.3023,tput=3.01] rank2[cuda2,share=0.2905,tput=5.76]
epoch 63: eval=0.7798
epoch 64: loss=0.492611, train_acc=0.8318, time=11.0s
per-rank: rank0[cuda0,share=0.4108,tput=2.32] rank1[cuda1,share=0.3021,tput=3.98] rank2[cuda2,share=0.2872,tput=5.21]
epoch 64: eval=0.7838
epoch 65: loss=0.496807, train_acc=0.8310, time=10.1s
per-rank: rank0[cuda0,share=0.4108,tput=2.48] rank1[cuda1,share=0.3021,tput=3.95] rank2[cuda2,share=0.2872,tput=2.90]
epoch 65: eval=0.8078
epoch 66: loss=0.497951, train_acc=0.8298, time=10.3s
per-rank: rank0[cuda0,share=0.4159,tput=2.37] rank1[cuda1,share=0.2992,tput=3.39] rank2[cuda2,share=0.2849,tput=5.70]
epoch 66: eval=0.7969
epoch 67: loss=0.501572, train_acc=0.8277, time=9.5s
per-rank: rank0[cuda0,share=0.4179,tput=2.77] rank1[cuda1,share=0.2972,tput=2.66] rank2[cuda2,share=0.2849,tput=3.88]
epoch 67: eval=0.8269
epoch 68: loss=0.489478, train_acc=0.8315, time=11.1s
per-rank: rank0[cuda0,share=0.4207,tput=2.28] rank1[cuda1,share=0.2939,tput=4.85] rank2[cuda2,share=0.2855,tput=4.06]
epoch 68: eval=0.7917
epoch 69: loss=0.498005, train_acc=0.8293, time=10.2s
per-rank: rank0[cuda0,share=0.4195,tput=2.09] rank1[cuda1,share=0.2926,tput=3.26] rank2[cuda2,share=0.2880,tput=4.02]
epoch 69: eval=0.7675
epoch 70: loss=0.476069, train_acc=0.8367, time=9.0s
per-rank: rank0[cuda0,share=0.4182,tput=3.46] rank1[cuda1,share=0.2912,tput=3.47] rank2[cuda2,share=0.2905,tput=2.54]
epoch 70: eval=0.7780
epoch 71: loss=0.497766, train_acc=0.8299, time=8.7s
per-rank: rank0[cuda0,share=0.4157,tput=2.62] rank2[cuda2,share=0.2938,tput=3.61] rank1[cuda1,share=0.2905,tput=3.01]
epoch 71: eval=0.8241
epoch 72: loss=0.486956, train_acc=0.8335, time=8.8s
per-rank: rank0[cuda0,share=0.4122,tput=3.21] rank2[cuda2,share=0.2966,tput=3.40] rank1[cuda1,share=0.2911,tput=2.84]
epoch 72: eval=0.8192
epoch 73: loss=0.486072, train_acc=0.8354, time=10.1s
per-rank: rank0[cuda0,share=0.4096,tput=2.31] rank2[cuda2,share=0.2981,tput=2.75] rank1[cuda1,share=0.2923,tput=6.00]
epoch 73: eval=0.8253
epoch 74: loss=0.487488, train_acc=0.8330, time=9.5s
per-rank: rank0[cuda0,share=0.4069,tput=3.23] rank2[cuda2,share=0.2995,tput=3.26] rank1[cuda1,share=0.2936,tput=2.84]
epoch 74: eval=0.7973
epoch 75: loss=0.484112, train_acc=0.8352, time=8.7s
per-rank: rank0[cuda0,share=0.4049,tput=2.84] rank2[cuda2,share=0.2999,tput=5.99] rank1[cuda1,share=0.2953,tput=2.22]
epoch 75: eval=0.7699
epoch 76: loss=0.484092, train_acc=0.8334, time=8.7s
per-rank: rank0[cuda0,share=0.4027,tput=2.78] rank2[cuda2,share=0.3001,tput=5.56] rank1[cuda1,share=0.2971,tput=2.60]
epoch 76: eval=0.8054
epoch 77: loss=0.480347, train_acc=0.8362, time=8.8s
per-rank: rank0[cuda0,share=0.4006,tput=3.81] rank2[cuda2,share=0.3004,tput=2.19] rank1[cuda1,share=0.2990,tput=3.68]
epoch 77: eval=0.8060
epoch 78: loss=0.483013, train_acc=0.8344, time=10.7s
per-rank: rank0[cuda0,share=0.3975,tput=2.32] rank1[cuda1,share=0.3041,tput=3.58] rank2[cuda2,share=0.2984,tput=5.32]
epoch 78: eval=0.7821
epoch 79: loss=0.480518, train_acc=0.8357, time=9.4s
per-rank: rank0[cuda0,share=0.3980,tput=2.71] rank1[cuda1,share=0.3049,tput=2.86] rank2[cuda2,share=0.2971,tput=4.15]
epoch 79: eval=0.8241
epoch 80: loss=0.489949, train_acc=0.8312, time=8.6s
per-rank: rank0[cuda0,share=0.3999,tput=3.13] rank1[cuda1,share=0.3049,tput=2.81] rank2[cuda2,share=0.2952,tput=3.46]
epoch 80: eval=0.7726
epoch 81: loss=0.477688, train_acc=0.8351, time=8.6s
per-rank: rank0[cuda0,share=0.4018,tput=2.69] rank1[cuda1,share=0.3049,tput=6.87] rank2[cuda2,share=0.2932,tput=2.15]
epoch 81: eval=0.7529
epoch 82: loss=0.482615, train_acc=0.8362, time=8.8s
per-rank: rank0[cuda0,share=0.4045,tput=3.55] rank1[cuda1,share=0.3036,tput=3.92] rank2[cuda2,share=0.2919,tput=2.25]
epoch 82: eval=0.7756
epoch 83: loss=0.479476, train_acc=0.8348, time=11.2s
per-rank: rank0[cuda0,share=0.4079,tput=2.21] rank1[cuda1,share=0.3027,tput=3.83] rank2[cuda2,share=0.2894,tput=5.11]
epoch 83: eval=0.7742
epoch 84: loss=0.483585, train_acc=0.8334, time=10.1s
per-rank: rank0[cuda0,share=0.4106,tput=2.21] rank1[cuda1,share=0.3014,tput=2.96] rank2[cuda2,share=0.2880,tput=3.91]
epoch 84: eval=0.7759
epoch 85: loss=0.487277, train_acc=0.8337, time=8.7s
per-rank: rank0[cuda0,share=0.4101,tput=3.37] rank1[cuda1,share=0.3017,tput=3.85] rank2[cuda2,share=0.2882,tput=2.68]
epoch 85: eval=0.8050
epoch 86: loss=0.479523, train_acc=0.8377, time=10.1s
per-rank: rank0[cuda0,share=0.4095,tput=2.39] rank1[cuda1,share=0.3012,tput=4.66] rank2[cuda2,share=0.2892,tput=3.77]
epoch 86: eval=0.8152
epoch 87: loss=0.484148, train_acc=0.8352, time=9.6s
per-rank: rank0[cuda0,share=0.4096,tput=2.72] rank1[cuda1,share=0.3004,tput=3.79] rank2[cuda2,share=0.2900,tput=2.68]
epoch 87: eval=0.8048
epoch 88: loss=0.471739, train_acc=0.8366, time=10.4s
per-rank: rank0[cuda0,share=0.4090,tput=2.35] rank1[cuda1,share=0.3008,tput=5.24] rank2[cuda2,share=0.2902,tput=3.41]
epoch 88: eval=0.8024
epoch 89: loss=0.478926, train_acc=0.8366, time=9.6s
per-rank: rank0[cuda0,share=0.4084,tput=2.93] rank1[cuda1,share=0.3011,tput=3.82] rank2[cuda2,share=0.2905,tput=2.69]
epoch 89: eval=0.8026
epoch 90: loss=0.476517, train_acc=0.8361, time=9.1s
per-rank: rank0[cuda0,share=0.4090,tput=3.49] rank1[cuda1,share=0.3008,tput=3.57] rank2[cuda2,share=0.2902,tput=2.38]
epoch 90: eval=0.7965
epoch 91: loss=0.471148, train_acc=0.8370, time=8.9s
per-rank: rank0[cuda0,share=0.4096,tput=3.63] rank1[cuda1,share=0.3006,tput=3.48] rank2[cuda2,share=0.2898,tput=2.47]
epoch 91: eval=0.8204
epoch 92: loss=0.473103, train_acc=0.8374, time=11.0s
per-rank: rank0[cuda0,share=0.4082,tput=2.27] rank1[cuda1,share=0.2996,tput=4.00] rank2[cuda2,share=0.2922,tput=5.25]
epoch 92: eval=0.8078
epoch 93: loss=0.468912, train_acc=0.8398, time=10.4s
per-rank: rank0[cuda0,share=0.4089,tput=2.27] rank1[cuda1,share=0.2984,tput=4.30] rank2[cuda2,share=0.2927,tput=2.56]
epoch 93: eval=0.8225
epoch 94: loss=0.476772, train_acc=0.8372, time=8.8s
per-rank: rank0[cuda0,share=0.4097,tput=3.20] rank1[cuda1,share=0.2972,tput=2.57] rank2[cuda2,share=0.2932,tput=3.70]
epoch 94: eval=0.8052
epoch 95: loss=0.479414, train_acc=0.8350, time=8.7s
per-rank: rank0[cuda0,share=0.4082,tput=2.55] rank1[cuda1,share=0.2979,tput=5.67] rank2[cuda2,share=0.2939,tput=2.58]
epoch 95: eval=0.8028
epoch 96: loss=0.465728, train_acc=0.8418, time=9.0s
per-rank: rank0[cuda0,share=0.4057,tput=3.82] rank1[cuda1,share=0.3000,tput=2.42] rank2[cuda2,share=0.2943,tput=3.50]
epoch 96: eval=0.8332
epoch 97: loss=0.465064, train_acc=0.8427, time=9.0s
per-rank: rank0[cuda0,share=0.4055,tput=3.29] rank1[cuda1,share=0.3000,tput=2.67] rank2[cuda2,share=0.2945,tput=3.51]
epoch 97: eval=0.8360
epoch 98: loss=0.470639, train_acc=0.8377, time=10.8s
per-rank: rank0[cuda0,share=0.4024,tput=2.24] rank1[cuda1,share=0.3014,tput=4.03] rank2[cuda2,share=0.2962,tput=5.08]
epoch 98: eval=0.7624
epoch 99: loss=0.471822, train_acc=0.8402, time=10.0s
per-rank: rank0[cuda0,share=0.4001,tput=2.74] rank1[cuda1,share=0.3033,tput=4.46] rank2[cuda2,share=0.2965,tput=2.26]
epoch 99: eval=0.8125
epoch 100: loss=0.315683, train_acc=0.8911, time=8.8s
per-rank: rank0[cuda0,share=0.4009,tput=4.32] rank1[cuda1,share=0.3037,tput=2.66] rank2[cuda2,share=0.2954,tput=2.77]
epoch 100: eval=0.8949
epoch 101: loss=0.248564, train_acc=0.9128, time=10.8s
per-rank: rank0[cuda0,share=0.4030,tput=2.25] rank1[cuda1,share=0.3049,tput=4.04] rank2[cuda2,share=0.2921,tput=4.68]
epoch 101: eval=0.9023
epoch 102: loss=0.236624, train_acc=0.9184, time=10.1s
per-rank: rank0[cuda0,share=0.4030,tput=2.26] rank1[cuda1,share=0.3049,tput=2.95] rank2[cuda2,share=0.2921,tput=4.04]
epoch 102: eval=0.8985
epoch 103: loss=0.227332, train_acc=0.9217, time=10.7s
per-rank: rank0[cuda0,share=0.4091,tput=2.32] rank1[cuda1,share=0.3048,tput=3.54] rank2[cuda2,share=0.2860,tput=5.61]
epoch 103: eval=0.8996
epoch 104: loss=0.221019, train_acc=0.9231, time=9.8s
per-rank: rank0[cuda0,share=0.4104,tput=2.44] rank1[cuda1,share=0.3040,tput=2.79] rank2[cuda2,share=0.2856,tput=4.02]
epoch 104: eval=0.8990
epoch 105: loss=0.214732, train_acc=0.9254, time=10.8s
per-rank: rank0[cuda0,share=0.4114,tput=2.24] rank1[cuda1,share=0.3051,tput=3.48] rank2[cuda2,share=0.2836,tput=5.26]
epoch 105: eval=0.9025
epoch 106: loss=0.205978, train_acc=0.9285, time=9.7s
per-rank: rank0[cuda0,share=0.4119,tput=2.86] rank1[cuda1,share=0.3056,tput=4.36] rank2[cuda2,share=0.2825,tput=2.37]
epoch 106: eval=0.8998
epoch 107: loss=0.203742, train_acc=0.9290, time=8.9s
per-rank: rank0[cuda0,share=0.4137,tput=3.20] rank1[cuda1,share=0.3054,tput=4.95] rank2[cuda2,share=0.2809,tput=2.46]
epoch 107: eval=0.9023
epoch 108: loss=0.199926, train_acc=0.9309, time=9.0s
per-rank: rank0[cuda0,share=0.4122,tput=3.64] rank1[cuda1,share=0.3068,tput=3.39] rank2[cuda2,share=0.2809,tput=2.60]
epoch 108: eval=0.9076
epoch 109: loss=0.198070, train_acc=0.9313, time=8.8s
per-rank: rank0[cuda0,share=0.4112,tput=3.36] rank1[cuda1,share=0.3065,tput=3.45] rank2[cuda2,share=0.2823,tput=2.57]
epoch 109: eval=0.9023
epoch 110: loss=0.191196, train_acc=0.9343, time=11.9s
per-rank: rank0[cuda0,share=0.4055,tput=2.04] rank1[cuda1,share=0.3061,tput=3.96] rank2[cuda2,share=0.2885,tput=5.14]
epoch 110: eval=0.9078
epoch 111: loss=0.192925, train_acc=0.9330, time=11.0s
per-rank: rank0[cuda0,share=0.4021,tput=1.99] rank1[cuda1,share=0.3069,tput=4.50] rank2[cuda2,share=0.2910,tput=2.79]
epoch 111: eval=0.9027
epoch 112: loss=0.187324, train_acc=0.9343, time=8.9s
per-rank: rank0[cuda0,share=0.3993,tput=4.10] rank1[cuda1,share=0.3083,tput=3.38] rank2[cuda2,share=0.2924,tput=2.59]
epoch 112: eval=0.9038
epoch 113: loss=0.180068, train_acc=0.9378, time=8.8s
per-rank: rank0[cuda0,share=0.3944,tput=2.66] rank1[cuda1,share=0.3097,tput=2.39] rank2[cuda2,share=0.2959,tput=5.60]
epoch 113: eval=0.9076
epoch 114: loss=0.182320, train_acc=0.9355, time=8.7s
per-rank: rank0[cuda0,share=0.3917,tput=2.77] rank1[cuda1,share=0.3070,tput=6.73] rank2[cuda2,share=0.3014,tput=2.05]
epoch 114: eval=0.9060
epoch 115: loss=0.179033, train_acc=0.9378, time=8.7s
per-rank: rank0[cuda0,share=0.3910,tput=3.47] rank1[cuda1,share=0.3062,tput=3.39] rank2[cuda2,share=0.3028,tput=2.58]
epoch 115: eval=0.9030
epoch 116: loss=0.179009, train_acc=0.9370, time=11.6s
per-rank: rank0[cuda0,share=0.3907,tput=2.10] rank1[cuda1,share=0.3071,tput=3.87] rank2[cuda2,share=0.3023,tput=5.54]
epoch 116: eval=0.9085
epoch 117: loss=0.174025, train_acc=0.9403, time=10.7s
per-rank: rank0[cuda0,share=0.3915,tput=2.00] rank1[cuda1,share=0.3060,tput=2.83] rank2[cuda2,share=0.3025,tput=4.25]
epoch 117: eval=0.9101
epoch 118: loss=0.169947, train_acc=0.9399, time=8.8s
per-rank: rank0[cuda0,share=0.3915,tput=3.67] rank1[cuda1,share=0.3044,tput=2.67] rank2[cuda2,share=0.3041,tput=3.26]
epoch 118: eval=0.9082
epoch 119: loss=0.169820, train_acc=0.9404, time=8.6s
per-rank: rank0[cuda0,share=0.3925,tput=2.69] rank2[cuda2,share=0.3048,tput=2.22] rank1[cuda1,share=0.3026,tput=6.39]
epoch 119: eval=0.9054
epoch 120: loss=0.166452, train_acc=0.9422, time=8.7s
per-rank: rank0[cuda0,share=0.3921,tput=2.43] rank1[cuda1,share=0.3045,tput=2.84] rank2[cuda2,share=0.3034,tput=5.64]
epoch 120: eval=0.9067
epoch 121: loss=0.167285, train_acc=0.9432, time=9.1s
per-rank: rank0[cuda0,share=0.3885,tput=4.12] rank1[cuda1,share=0.3080,tput=2.58] rank2[cuda2,share=0.3035,tput=3.73]
epoch 121: eval=0.9050
epoch 122: loss=0.163679, train_acc=0.9429, time=8.9s
per-rank: rank0[cuda0,share=0.3867,tput=3.04] rank1[cuda1,share=0.3094,tput=3.75] rank2[cuda2,share=0.3039,tput=2.55]
epoch 122: eval=0.9060
epoch 123: loss=0.160600, train_acc=0.9438, time=8.8s
per-rank: rank0[cuda0,share=0.3842,tput=3.26] rank1[cuda1,share=0.3126,tput=4.04] rank2[cuda2,share=0.3032,tput=2.68]
epoch 123: eval=0.9049
epoch 124: loss=0.159058, train_acc=0.9449, time=9.0s
per-rank: rank0[cuda0,share=0.3805,tput=3.48] rank1[cuda1,share=0.3170,tput=2.33] rank2[cuda2,share=0.3026,tput=3.71]
epoch 124: eval=0.9103
epoch 125: loss=0.157961, train_acc=0.9439, time=8.8s
per-rank: rank0[cuda0,share=0.3751,tput=3.15] rank1[cuda1,share=0.3203,tput=2.36] rank2[cuda2,share=0.3046,tput=4.82]
epoch 125: eval=0.9041
epoch 126: loss=0.157227, train_acc=0.9447, time=10.2s
per-rank: rank0[cuda0,share=0.3742,tput=2.28] rank1[cuda1,share=0.3201,tput=5.28] rank2[cuda2,share=0.3057,tput=3.68]
epoch 126: eval=0.8969
epoch 127: loss=0.155388, train_acc=0.9450, time=9.7s
per-rank: rank0[cuda0,share=0.3783,tput=3.42] rank1[cuda1,share=0.3178,tput=3.97] rank2[cuda2,share=0.3040,tput=2.32]
epoch 127: eval=0.9019
epoch 128: loss=0.155207, train_acc=0.9446, time=10.9s
per-rank: rank0[cuda0,share=0.3950,tput=2.26] rank1[cuda1,share=0.3098,tput=3.75] rank2[cuda2,share=0.2953,tput=4.94]
epoch 128: eval=0.9056
epoch 129: loss=0.154818, train_acc=0.9448, time=10.0s
per-rank: rank0[cuda0,share=0.4010,tput=2.31] rank1[cuda1,share=0.3076,tput=3.02] rank2[cuda2,share=0.2915,tput=3.68]
epoch 129: eval=0.9043
epoch 130: loss=0.153477, train_acc=0.9466, time=9.7s
per-rank: rank0[cuda0,share=0.4051,tput=1.96] rank1[cuda1,share=0.3072,tput=7.15] rank2[cuda2,share=0.2877,tput=2.65]
epoch 130: eval=0.9017
epoch 131: loss=0.149274, train_acc=0.9481, time=9.2s
per-rank: rank0[cuda0,share=0.4040,tput=3.24] rank1[cuda1,share=0.3096,tput=3.93] rank2[cuda2,share=0.2864,tput=2.35]
epoch 131: eval=0.9017
epoch 132: loss=0.148344, train_acc=0.9475, time=8.8s
per-rank: rank0[cuda0,share=0.3979,tput=3.18] rank1[cuda1,share=0.3145,tput=2.27] rank2[cuda2,share=0.2876,tput=4.93]
epoch 132: eval=0.9033
epoch 133: loss=0.148088, train_acc=0.9473, time=8.7s
per-rank: rank0[cuda0,share=0.3946,tput=3.09] rank1[cuda1,share=0.3176,tput=2.64] rank2[cuda2,share=0.2879,tput=5.21]
epoch 133: eval=0.8970
epoch 134: loss=0.149052, train_acc=0.9482, time=11.4s
per-rank: rank0[cuda0,share=0.3968,tput=2.13] rank1[cuda1,share=0.3165,tput=3.68] rank2[cuda2,share=0.2868,tput=4.96]
epoch 134: eval=0.9047
epoch 135: loss=0.146083, train_acc=0.9481, time=10.3s
per-rank: rank0[cuda0,share=0.3968,tput=1.96] rank1[cuda1,share=0.3152,tput=3.02] rank2[cuda2,share=0.2880,tput=4.43]
epoch 135: eval=0.9068
epoch 136: loss=0.146863, train_acc=0.9478, time=8.9s
per-rank: rank0[cuda0,share=0.3964,tput=3.18] rank1[cuda1,share=0.3123,tput=3.92] rank2[cuda2,share=0.2914,tput=2.51]
epoch 136: eval=0.9040
epoch 137: loss=0.141525, train_acc=0.9505, time=8.8s
per-rank: rank0[cuda0,share=0.3852,tput=2.61] rank1[cuda1,share=0.3156,tput=2.59] rank2[cuda2,share=0.2992,tput=5.62]
epoch 137: eval=0.9039
epoch 138: loss=0.140862, train_acc=0.9507, time=10.5s
per-rank: rank0[cuda0,share=0.3746,tput=2.14] rank1[cuda1,share=0.3199,tput=5.08] rank2[cuda2,share=0.3056,tput=3.47]
epoch 138: eval=0.8984
epoch 139: loss=0.143491, train_acc=0.9493, time=9.6s
per-rank: rank0[cuda0,share=0.3782,tput=2.88] rank1[cuda1,share=0.3202,tput=3.06] rank2[cuda2,share=0.3016,tput=3.28]
epoch 139: eval=0.9057
epoch 140: loss=0.141407, train_acc=0.9505, time=10.1s
per-rank: rank0[cuda0,share=0.3851,tput=2.25] rank1[cuda1,share=0.3203,tput=5.18] rank2[cuda2,share=0.2946,tput=3.26]
epoch 140: eval=0.9007
epoch 141: loss=0.136766, train_acc=0.9516, time=9.5s
per-rank: rank0[cuda0,share=0.3919,tput=3.27] rank1[cuda1,share=0.3165,tput=2.49] rank2[cuda2,share=0.2917,tput=3.74]
epoch 141: eval=0.8952
epoch 142: loss=0.141090, train_acc=0.9513, time=8.9s
per-rank: rank0[cuda0,share=0.4045,tput=2.35] rank1[cuda1,share=0.3070,tput=5.99] rank2[cuda2,share=0.2885,tput=2.37]
epoch 142: eval=0.9072
epoch 143: loss=0.136139, train_acc=0.9521, time=8.8s
per-rank: rank0[cuda0,share=0.4050,tput=3.12] rank1[cuda1,share=0.3050,tput=2.92] rank2[cuda2,share=0.2899,tput=3.43]
epoch 143: eval=0.9070
epoch 144: loss=0.132805, train_acc=0.9537, time=8.7s
per-rank: rank0[cuda0,share=0.4048,tput=3.27] rank1[cuda1,share=0.3105,tput=2.58] rank2[cuda2,share=0.2847,tput=4.51]
epoch 144: eval=0.9062
epoch 145: loss=0.139846, train_acc=0.9507, time=8.8s
per-rank: rank0[cuda0,share=0.4060,tput=2.52] rank1[cuda1,share=0.3147,tput=2.55] rank2[cuda2,share=0.2793,tput=6.53]
epoch 145: eval=0.9017
epoch 146: loss=0.132925, train_acc=0.9531, time=11.6s
per-rank: rank0[cuda0,share=0.4152,tput=2.21] rank1[cuda1,share=0.3067,tput=4.03] rank2[cuda2,share=0.2781,tput=5.54]
epoch 146: eval=0.9045
epoch 147: loss=0.130833, train_acc=0.9538, time=10.3s
per-rank: rank0[cuda0,share=0.4083,tput=2.46] rank1[cuda1,share=0.3026,tput=4.02] rank2[cuda2,share=0.2891,tput=2.83]
epoch 147: eval=0.9047
epoch 148: loss=0.130589, train_acc=0.9543, time=8.9s
per-rank: rank0[cuda0,share=0.4077,tput=2.29] rank1[cuda1,share=0.3033,tput=6.88] rank2[cuda2,share=0.2891,tput=2.46]
epoch 148: eval=0.9072
epoch 149: loss=0.128411, train_acc=0.9550, time=8.9s
per-rank: rank0[cuda0,share=0.4088,tput=4.19] rank1[cuda1,share=0.3062,tput=4.11] rank2[cuda2,share=0.2850,tput=2.16]
epoch 149: eval=0.9049
epoch 150: loss=0.101054, train_acc=0.9658, time=10.6s
per-rank: rank0[cuda0,share=0.4112,tput=2.26] rank1[cuda1,share=0.3012,tput=4.21] rank2[cuda2,share=0.2876,tput=3.98]
epoch 150: eval=0.9158
epoch 151: loss=0.085269, train_acc=0.9715, time=9.8s
per-rank: rank0[cuda0,share=0.4142,tput=2.80] rank1[cuda1,share=0.2995,tput=4.86] rank2[cuda2,share=0.2863,tput=2.33]
epoch 151: eval=0.9164
epoch 152: loss=0.083422, train_acc=0.9718, time=11.4s
per-rank: rank0[cuda0,share=0.4182,tput=2.14] rank1[cuda1,share=0.3067,tput=3.73] rank2[cuda2,share=0.2751,tput=5.22]
epoch 152: eval=0.9190
epoch 153: loss=0.081479, train_acc=0.9732, time=11.1s
per-rank: rank0[cuda0,share=0.4182,tput=2.35] rank1[cuda1,share=0.3067,tput=3.47] rank2[cuda2,share=0.2751,tput=3.66]
epoch 153: eval=0.9174
epoch 154: loss=0.080908, train_acc=0.9731, time=10.9s
per-rank: rank0[cuda0,share=0.4148,tput=2.29] rank1[cuda1,share=0.3069,tput=2.95] rank2[cuda2,share=0.2783,tput=6.51]
epoch 154: eval=0.9181
epoch 155: loss=0.079799, train_acc=0.9736, time=9.8s
per-rank: rank0[cuda0,share=0.4096,tput=3.11] rank1[cuda1,share=0.3089,tput=2.78] rank2[cuda2,share=0.2815,tput=3.98]
epoch 155: eval=0.9181
epoch 156: loss=0.077046, train_acc=0.9751, time=8.9s
per-rank: rank0[cuda0,share=0.4059,tput=5.29] rank1[cuda1,share=0.3103,tput=2.81] rank2[cuda2,share=0.2838,tput=3.26]
epoch 156: eval=0.9184
epoch 157: loss=0.075498, train_acc=0.9760, time=8.7s
per-rank: rank0[cuda0,share=0.4033,tput=3.70] rank1[cuda1,share=0.3110,tput=2.38] rank2[cuda2,share=0.2857,tput=3.69]
epoch 157: eval=0.9178
epoch 158: loss=0.074124, train_acc=0.9750, time=8.7s
per-rank: rank0[cuda0,share=0.4026,tput=4.16] rank1[cuda1,share=0.3094,tput=2.97] rank2[cuda2,share=0.2880,tput=2.55]
epoch 158: eval=0.9209
epoch 159: loss=0.075817, train_acc=0.9751, time=11.0s
per-rank: rank0[cuda0,share=0.4021,tput=2.19] rank1[cuda1,share=0.3077,tput=4.08] rank2[cuda2,share=0.2902,tput=4.78]
epoch 159: eval=0.9180
epoch 160: loss=0.074786, train_acc=0.9759, time=9.9s
per-rank: rank0[cuda0,share=0.4015,tput=2.49] rank1[cuda1,share=0.3062,tput=3.18] rank2[cuda2,share=0.2923,tput=3.85]
epoch 160: eval=0.9182
epoch 161: loss=0.075740, train_acc=0.9749, time=8.6s
per-rank: rank0[cuda0,share=0.4011,tput=5.05] rank1[cuda1,share=0.3049,tput=3.41] rank2[cuda2,share=0.2940,tput=2.62]
epoch 161: eval=0.9181
epoch 162: loss=0.074104, train_acc=0.9759, time=10.2s
per-rank: rank0[cuda0,share=0.3988,tput=2.34] rank1[cuda1,share=0.3033,tput=3.72] rank2[cuda2,share=0.2979,tput=4.93]
epoch 162: eval=0.9184
epoch 163: loss=0.073054, train_acc=0.9753, time=9.2s
per-rank: rank0[cuda0,share=0.3988,tput=2.97] rank1[cuda1,share=0.3033,tput=2.84] rank2[cuda2,share=0.2979,tput=3.68]
epoch 163: eval=0.9159
epoch 164: loss=0.074372, train_acc=0.9747, time=12.0s
per-rank: rank0[cuda0,share=0.3973,tput=2.01] rank1[cuda1,share=0.3016,tput=4.08] rank2[cuda2,share=0.3011,tput=5.19]
epoch 164: eval=0.9184
epoch 165: loss=0.071363, train_acc=0.9757, time=10.3s
per-rank: rank0[cuda0,share=0.3973,tput=2.47] rank1[cuda1,share=0.3016,tput=4.27] rank2[cuda2,share=0.3011,tput=3.01]
epoch 165: eval=0.9164
epoch 166: loss=0.072230, train_acc=0.9756, time=11.0s
per-rank: rank0[cuda0,share=0.3990,tput=2.18] rank2[cuda2,share=0.3007,tput=4.85] rank1[cuda1,share=0.3003,tput=3.86]
epoch 166: eval=0.9169
epoch 167: loss=0.071971, train_acc=0.9762, time=10.0s
per-rank: rank0[cuda0,share=0.4007,tput=2.07] rank2[cuda2,share=0.3003,tput=2.73] rank1[cuda1,share=0.2989,tput=4.57]
epoch 167: eval=0.9152
epoch 168: loss=0.069145, train_acc=0.9769, time=8.7s
per-rank: rank0[cuda0,share=0.4008,tput=2.67] rank2[cuda2,share=0.3008,tput=2.26] rank1[cuda1,share=0.2984,tput=6.40]
epoch 168: eval=0.9176
epoch 169: loss=0.070726, train_acc=0.9762, time=8.7s
per-rank: rank0[cuda0,share=0.3998,tput=3.55] rank2[cuda2,share=0.3004,tput=3.43] rank1[cuda1,share=0.2998,tput=2.70]
epoch 169: eval=0.9186
epoch 170: loss=0.071823, train_acc=0.9760, time=10.7s
per-rank: rank0[cuda0,share=0.4000,tput=2.19] rank1[cuda1,share=0.3005,tput=3.82] rank2[cuda2,share=0.2994,tput=4.67]
epoch 170: eval=0.9168
epoch 171: loss=0.069265, train_acc=0.9778, time=9.8s
per-rank: rank0[cuda0,share=0.4002,tput=2.63] rank1[cuda1,share=0.3013,tput=2.79] rank2[cuda2,share=0.2985,tput=3.77]
epoch 171: eval=0.9148
epoch 172: loss=0.068960, train_acc=0.9771, time=8.8s
per-rank: rank0[cuda0,share=0.3990,tput=3.59] rank1[cuda1,share=0.3028,tput=4.87] rank2[cuda2,share=0.2982,tput=2.75]
epoch 172: eval=0.9190
epoch 173: loss=0.066891, train_acc=0.9773, time=8.8s
per-rank: rank0[cuda0,share=0.3977,tput=3.32] rank1[cuda1,share=0.3043,tput=2.83] rank2[cuda2,share=0.2980,tput=3.32]
epoch 173: eval=0.9190
epoch 174: loss=0.067442, train_acc=0.9771, time=8.7s
per-rank: rank0[cuda0,share=0.3963,tput=2.81] rank1[cuda1,share=0.3058,tput=5.68] rank2[cuda2,share=0.2979,tput=2.36]
epoch 174: eval=0.9167
epoch 175: loss=0.065533, train_acc=0.9780, time=10.8s
per-rank: rank0[cuda0,share=0.3941,tput=2.19] rank1[cuda1,share=0.3070,tput=5.36] rank2[cuda2,share=0.2990,tput=3.62]
epoch 175: eval=0.9180
epoch 176: loss=0.066878, train_acc=0.9771, time=9.7s
per-rank: rank0[cuda0,share=0.3918,tput=2.80] rank1[cuda1,share=0.3081,tput=3.86] rank2[cuda2,share=0.3000,tput=2.75]
epoch 176: eval=0.9169
epoch 177: loss=0.066122, train_acc=0.9776, time=8.8s
per-rank: rank0[cuda0,share=0.3895,tput=3.47] rank1[cuda1,share=0.3093,tput=2.44] rank2[cuda2,share=0.3012,tput=3.78]
epoch 177: eval=0.9135
epoch 178: loss=0.066286, train_acc=0.9781, time=8.7s
per-rank: rank0[cuda0,share=0.3890,tput=3.10] rank1[cuda1,share=0.3096,tput=5.57] rank2[cuda2,share=0.3014,tput=1.97]
epoch 178: eval=0.9182
epoch 179: loss=0.066366, train_acc=0.9778, time=10.7s
per-rank: rank0[cuda0,share=0.3907,tput=2.14] rank1[cuda1,share=0.3088,tput=3.86] rank2[cuda2,share=0.3005,tput=4.74]
epoch 179: eval=0.9173
epoch 180: loss=0.064453, train_acc=0.9786, time=9.9s
per-rank: rank0[cuda0,share=0.3911,tput=2.78] rank1[cuda1,share=0.3086,tput=3.72] rank2[cuda2,share=0.3003,tput=2.68]
epoch 180: eval=0.9179
epoch 181: loss=0.065272, train_acc=0.9786, time=8.8s
per-rank: rank0[cuda0,share=0.3915,tput=3.73] rank1[cuda1,share=0.3084,tput=3.48] rank2[cuda2,share=0.3001,tput=2.47]
epoch 181: eval=0.9147
epoch 182: loss=0.064301, train_acc=0.9785, time=10.5s
per-rank: rank0[cuda0,share=0.3968,tput=2.32] rank1[cuda1,share=0.3057,tput=3.69] rank2[cuda2,share=0.2975,tput=5.31]
epoch 182: eval=0.9185
epoch 183: loss=0.064399, train_acc=0.9792, time=9.8s
per-rank: rank0[cuda0,share=0.3968,tput=2.88] rank1[cuda1,share=0.3057,tput=3.31] rank2[cuda2,share=0.2975,tput=2.89]
epoch 183: eval=0.9177
epoch 184: loss=0.064993, train_acc=0.9782, time=11.1s
per-rank: rank0[cuda0,share=0.4036,tput=2.26] rank1[cuda1,share=0.3004,tput=3.58] rank2[cuda2,share=0.2960,tput=5.56]
epoch 184: eval=0.9162
epoch 185: loss=0.064084, train_acc=0.9782, time=10.2s
per-rank: rank0[cuda0,share=0.4036,tput=2.45] rank1[cuda1,share=0.3004,tput=3.55] rank2[cuda2,share=0.2960,tput=3.04]
epoch 185: eval=0.9172
epoch 186: loss=0.062223, train_acc=0.9794, time=10.8s
per-rank: rank0[cuda0,share=0.4121,tput=2.35] rank1[cuda1,share=0.2941,tput=3.55] rank2[cuda2,share=0.2938,tput=5.40]
epoch 186: eval=0.9161
epoch 187: loss=0.063031, train_acc=0.9785, time=9.8s
per-rank: rank0[cuda0,share=0.4121,tput=2.21] rank1[cuda1,share=0.2941,tput=3.83] rank2[cuda2,share=0.2938,tput=2.98]
epoch 187: eval=0.9164
epoch 188: loss=0.061222, train_acc=0.9801, time=10.8s
per-rank: rank0[cuda0,share=0.4164,tput=2.34] rank2[cuda2,share=0.2952,tput=5.28] rank1[cuda1,share=0.2884,tput=3.71]
epoch 188: eval=0.9165
epoch 189: loss=0.061711, train_acc=0.9798, time=9.7s
per-rank: rank0[cuda0,share=0.4175,tput=2.47] rank2[cuda2,share=0.2965,tput=3.76] rank1[cuda1,share=0.2860,tput=2.90]
epoch 189: eval=0.9182
epoch 190: loss=0.061346, train_acc=0.9796, time=8.8s
per-rank: rank0[cuda0,share=0.4186,tput=2.46] rank2[cuda2,share=0.2978,tput=2.04] rank1[cuda1,share=0.2835,tput=7.62]
epoch 190: eval=0.9161
epoch 191: loss=0.060710, train_acc=0.9800, time=8.6s
per-rank: rank0[cuda0,share=0.4194,tput=3.45] rank2[cuda2,share=0.2973,tput=2.91] rank1[cuda1,share=0.2833,tput=3.13]
epoch 191: eval=0.9182
epoch 192: loss=0.060265, train_acc=0.9799, time=8.7s
per-rank: rank0[cuda0,share=0.4187,tput=2.61] rank2[cuda2,share=0.2974,tput=2.51] rank1[cuda1,share=0.2838,tput=5.92]
epoch 192: eval=0.9161
epoch 193: loss=0.063028, train_acc=0.9794, time=11.0s
per-rank: rank0[cuda0,share=0.4181,tput=2.22] rank2[cuda2,share=0.2975,tput=4.99] rank1[cuda1,share=0.2844,tput=4.00]
epoch 193: eval=0.9179
epoch 194: loss=0.060757, train_acc=0.9799, time=10.0s
per-rank: rank0[cuda0,share=0.4166,tput=2.38] rank2[cuda2,share=0.2970,tput=3.81] rank1[cuda1,share=0.2863,tput=3.14]
epoch 194: eval=0.9153
epoch 195: loss=0.058585, train_acc=0.9805, time=8.7s
per-rank: rank0[cuda0,share=0.4152,tput=2.51] rank2[cuda2,share=0.2965,tput=2.07] rank1[cuda1,share=0.2883,tput=7.07]
epoch 195: eval=0.9157
epoch 196: loss=0.060641, train_acc=0.9794, time=10.7s
per-rank: rank0[cuda0,share=0.4126,tput=2.31] rank1[cuda1,share=0.2937,tput=5.53] rank2[cuda2,share=0.2937,tput=3.13]
epoch 196: eval=0.9173
epoch 197: loss=0.059193, train_acc=0.9798, time=9.8s
per-rank: rank0[cuda0,share=0.4126,tput=3.70] rank1[cuda1,share=0.2937,tput=4.57] rank2[cuda2,share=0.2937,tput=2.05]
epoch 197: eval=0.9176
epoch 198: loss=0.057410, train_acc=0.9809, time=11.2s
per-rank: rank0[cuda0,share=0.4133,tput=2.14] rank1[cuda1,share=0.2990,tput=3.84] rank2[cuda2,share=0.2877,tput=4.91]
epoch 198: eval=0.9164
epoch 199: loss=0.059510, train_acc=0.9804, time=10.6s
per-rank: rank0[cuda0,share=0.4133,tput=2.19] rank1[cuda1,share=0.2990,tput=3.11] rank2[cuda2,share=0.2877,tput=3.60]
final eval=0.9177
# total: 1746.8s (29m 7s)
