# gpu0: NVIDIA GeForce RTX 5060 Ti (15GB, sm_120)
# gpu1: NVIDIA GeForce GTX 1060 6GB (5GB, sm_61)
# gpu2: NVIDIA GeForce GTX 1060 6GB (5GB, sm_61)
epoch 0: loss=1.993452, train_acc=0.2500, time=10.3s
per-rank: rank0[cuda0,share=0.4150,tput=3.26] rank2[cuda2,share=0.3039,tput=2.87] rank1[cuda1,share=0.2812,tput=5.03]
epoch 0: eval=0.3153
epoch 1: loss=1.641849, train_acc=0.3900, time=9.8s
per-rank: rank0[cuda0,share=0.3684,tput=1.99] rank2[cuda2,share=0.3283,tput=5.91] rank1[cuda1,share=0.3033,tput=2.25]
epoch 1: eval=0.4182
epoch 2: loss=1.440787, train_acc=0.4731, time=9.7s
per-rank: rank0[cuda0,share=0.3898,tput=3.42] rank2[cuda2,share=0.3096,tput=3.16] rank1[cuda1,share=0.3007,tput=2.35]
epoch 2: eval=0.5273
epoch 3: loss=1.237116, train_acc=0.5532, time=9.7s
per-rank: rank0[cuda0,share=0.4196,tput=3.64] rank2[cuda2,share=0.2913,tput=3.04] rank1[cuda1,share=0.2891,tput=2.35]
epoch 3: eval=0.5269
epoch 4: loss=1.088802, train_acc=0.6114, time=9.4s
per-rank: rank0[cuda0,share=0.4108,tput=3.44] rank1[cuda1,share=0.2983,tput=2.69] rank2[cuda2,share=0.2910,tput=3.18]
epoch 4: eval=0.6568
epoch 5: loss=0.984072, train_acc=0.6518, time=9.9s
per-rank: rank0[cuda0,share=0.4000,tput=2.18] rank2[cuda2,share=0.3009,tput=5.36] rank1[cuda1,share=0.2991,tput=2.22]
epoch 5: eval=0.6335
epoch 6: loss=0.881344, train_acc=0.6893, time=11.0s
per-rank: rank0[cuda0,share=0.4305,tput=2.31] rank2[cuda2,share=0.2960,tput=6.25] rank1[cuda1,share=0.2735,tput=2.86]
epoch 6: eval=0.6519
epoch 7: loss=0.809042, train_acc=0.7177, time=10.1s
per-rank: rank0[cuda0,share=0.4169,tput=2.46] rank1[cuda1,share=0.3052,tput=4.50] rank2[cuda2,share=0.2779,tput=2.56]
epoch 7: eval=0.6497
epoch 8: loss=0.757402, train_acc=0.7377, time=9.0s
per-rank: rank0[cuda0,share=0.3939,tput=2.35] rank1[cuda1,share=0.3248,tput=6.75] rank2[cuda2,share=0.2813,tput=2.26]
epoch 8: eval=0.6611
epoch 9: loss=0.715746, train_acc=0.7503, time=9.1s
per-rank: rank0[cuda0,share=0.3854,tput=3.19] rank1[cuda1,share=0.3127,tput=3.25] rank2[cuda2,share=0.3019,tput=2.81]
epoch 9: eval=0.7442
epoch 10: loss=0.686393, train_acc=0.7612, time=9.2s
per-rank: rank0[cuda0,share=0.3794,tput=3.20] rank2[cuda2,share=0.3115,tput=2.74] rank1[cuda1,share=0.3091,tput=3.52]
epoch 10: eval=0.6959
epoch 11: loss=0.743380, train_acc=0.7430, time=9.1s
per-rank: rank0[cuda0,share=0.3700,tput=3.80] rank2[cuda2,share=0.3170,tput=3.08] rank1[cuda1,share=0.3130,tput=2.50]
epoch 11: eval=0.6982
epoch 12: loss=0.729079, train_acc=0.7467, time=9.7s
per-rank: rank0[cuda0,share=0.3695,tput=2.28] rank2[cuda2,share=0.3172,tput=3.54] rank1[cuda1,share=0.3132,tput=4.51]
epoch 12: eval=0.6567
epoch 13: loss=0.703458, train_acc=0.7566, time=9.2s
per-rank: rank0[cuda0,share=0.3730,tput=4.22] rank2[cuda2,share=0.3155,tput=2.26] rank1[cuda1,share=0.3115,tput=3.49]
epoch 13: eval=0.6970
epoch 14: loss=0.688448, train_acc=0.7644, time=10.2s
per-rank: rank0[cuda0,share=0.3785,tput=2.29] rank2[cuda2,share=0.3127,tput=3.34] rank1[cuda1,share=0.3088,tput=5.13]
epoch 14: eval=0.7669
epoch 15: loss=0.671562, train_acc=0.7679, time=9.8s
per-rank: rank0[cuda0,share=0.3893,tput=3.96] rank2[cuda2,share=0.3073,tput=3.26] rank1[cuda1,share=0.3034,tput=2.45]
epoch 15: eval=0.7809
epoch 16: loss=0.659235, train_acc=0.7733, time=11.2s
per-rank: rank0[cuda0,share=0.3935,tput=2.29] rank2[cuda2,share=0.3039,tput=3.04] rank1[cuda1,share=0.3026,tput=6.48]
epoch 16: eval=0.7541
epoch 17: loss=0.645863, train_acc=0.7775, time=10.1s
per-rank: rank0[cuda0,share=0.3935,tput=2.35] rank2[cuda2,share=0.3039,tput=2.49] rank1[cuda1,share=0.3026,tput=4.72]
epoch 17: eval=0.7255
epoch 18: loss=0.626268, train_acc=0.7820, time=11.7s
per-rank: rank0[cuda0,share=0.3998,tput=2.13] rank1[cuda1,share=0.3014,tput=4.02] rank2[cuda2,share=0.2987,tput=4.96]
epoch 18: eval=0.7351
epoch 19: loss=0.637591, train_acc=0.7823, time=11.0s
per-rank: rank0[cuda0,share=0.3998,tput=2.09] rank1[cuda1,share=0.3014,tput=2.83] rank2[cuda2,share=0.2987,tput=4.39]
epoch 19: eval=0.7617
epoch 20: loss=0.613725, train_acc=0.7881, time=9.1s
per-rank: rank0[cuda0,share=0.4053,tput=2.47] rank1[cuda1,share=0.2997,tput=2.87] rank2[cuda2,share=0.2950,tput=3.85]
epoch 20: eval=0.7586
epoch 21: loss=0.611470, train_acc=0.7899, time=8.8s
per-rank: rank0[cuda0,share=0.4082,tput=3.99] rank1[cuda1,share=0.2992,tput=4.81] rank2[cuda2,share=0.2926,tput=2.52]
epoch 21: eval=0.7407
epoch 22: loss=0.594660, train_acc=0.7956, time=8.7s
per-rank: rank0[cuda0,share=0.4110,tput=3.59] rank1[cuda1,share=0.2988,tput=3.48] rank2[cuda2,share=0.2903,tput=2.45]
epoch 22: eval=0.7335
epoch 23: loss=0.598951, train_acc=0.7962, time=10.5s
per-rank: rank0[cuda0,share=0.4123,tput=2.28] rank1[cuda1,share=0.2991,tput=5.05] rank2[cuda2,share=0.2886,tput=3.84]
epoch 23: eval=0.7200
epoch 24: loss=0.588314, train_acc=0.7984, time=9.7s
per-rank: rank0[cuda0,share=0.4128,tput=2.60] rank1[cuda1,share=0.2989,tput=2.87] rank2[cuda2,share=0.2883,tput=3.84]
epoch 24: eval=0.7811
epoch 25: loss=0.581662, train_acc=0.8014, time=8.8s
per-rank: rank0[cuda0,share=0.4133,tput=2.45] rank1[cuda1,share=0.2987,tput=6.07] rank2[cuda2,share=0.2880,tput=2.54]
epoch 25: eval=0.7015
epoch 26: loss=0.591034, train_acc=0.7947, time=8.7s
per-rank: rank0[cuda0,share=0.4107,tput=3.42] rank1[cuda1,share=0.3001,tput=3.42] rank2[cuda2,share=0.2892,tput=2.60]
epoch 26: eval=0.7427
epoch 27: loss=0.572375, train_acc=0.8028, time=8.8s
per-rank: rank0[cuda0,share=0.4077,tput=2.55] rank1[cuda1,share=0.3008,tput=2.46] rank2[cuda2,share=0.2915,tput=5.82]
epoch 27: eval=0.7116
epoch 28: loss=0.562022, train_acc=0.8075, time=8.7s
per-rank: rank0[cuda0,share=0.4053,tput=3.52] rank1[cuda1,share=0.3003,tput=2.49] rank2[cuda2,share=0.2945,tput=3.48]
epoch 28: eval=0.7861
epoch 29: loss=0.569214, train_acc=0.8028, time=8.6s
per-rank: rank0[cuda0,share=0.4034,tput=3.92] rank1[cuda1,share=0.3002,tput=2.59] rank2[cuda2,share=0.2964,tput=3.22]
epoch 29: eval=0.7858
epoch 30: loss=0.556566, train_acc=0.8079, time=10.7s
per-rank: rank0[cuda0,share=0.4022,tput=2.28] rank2[cuda2,share=0.2990,tput=3.70] rank1[cuda1,share=0.2988,tput=5.02]
epoch 30: eval=0.7897
epoch 31: loss=0.562110, train_acc=0.8067, time=9.8s
per-rank: rank0[cuda0,share=0.4022,tput=2.28] rank2[cuda2,share=0.2990,tput=2.61] rank1[cuda1,share=0.2988,tput=4.49]
epoch 31: eval=0.7910
epoch 32: loss=0.555074, train_acc=0.8091, time=8.8s
per-rank: rank0[cuda0,share=0.4030,tput=2.27] rank2[cuda2,share=0.2996,tput=5.56] rank1[cuda1,share=0.2974,tput=2.83]
epoch 32: eval=0.7632
epoch 33: loss=0.545483, train_acc=0.8110, time=8.7s
per-rank: rank0[cuda0,share=0.4037,tput=3.40] rank2[cuda2,share=0.3004,tput=2.30] rank1[cuda1,share=0.2959,tput=5.21]
epoch 33: eval=0.7869
epoch 34: loss=0.546995, train_acc=0.8120, time=9.0s
per-rank: rank0[cuda0,share=0.4037,tput=3.57] rank2[cuda2,share=0.3005,tput=2.17] rank1[cuda1,share=0.2958,tput=3.47]
epoch 34: eval=0.7674
epoch 35: loss=0.543242, train_acc=0.8134, time=10.6s
per-rank: rank0[cuda0,share=0.4030,tput=2.28] rank2[cuda2,share=0.3002,tput=2.88] rank1[cuda1,share=0.2968,tput=6.51]
epoch 35: eval=0.7391
epoch 36: loss=0.539592, train_acc=0.8132, time=9.6s
per-rank: rank0[cuda0,share=0.4038,tput=2.67] rank2[cuda2,share=0.2991,tput=3.50] rank1[cuda1,share=0.2971,tput=3.17]
epoch 36: eval=0.7392
epoch 37: loss=0.541526, train_acc=0.8122, time=8.7s
per-rank: rank0[cuda0,share=0.4044,tput=4.82] rank1[cuda1,share=0.2992,tput=4.80] rank2[cuda2,share=0.2964,tput=2.55]
epoch 37: eval=0.6996
epoch 38: loss=0.542162, train_acc=0.8141, time=10.6s
per-rank: rank0[cuda0,share=0.4044,tput=2.27] rank1[cuda1,share=0.3008,tput=4.14] rank2[cuda2,share=0.2948,tput=5.00]
epoch 38: eval=0.7907
epoch 39: loss=0.529225, train_acc=0.8160, time=9.7s
per-rank: rank0[cuda0,share=0.4044,tput=2.90] rank1[cuda1,share=0.3024,tput=4.20] rank2[cuda2,share=0.2932,tput=2.46]
epoch 39: eval=0.7579
epoch 40: loss=0.528692, train_acc=0.8194, time=8.7s
per-rank: rank0[cuda0,share=0.4044,tput=3.35] rank1[cuda1,share=0.3040,tput=2.49] rank2[cuda2,share=0.2916,tput=3.79]
epoch 40: eval=0.7895
epoch 41: loss=0.526511, train_acc=0.8180, time=10.7s
per-rank: rank0[cuda0,share=0.4022,tput=2.27] rank1[cuda1,share=0.3074,tput=4.59] rank2[cuda2,share=0.2904,tput=3.97]
epoch 41: eval=0.7888
epoch 42: loss=0.536276, train_acc=0.8166, time=9.8s
per-rank: rank0[cuda0,share=0.4022,tput=2.97] rank1[cuda1,share=0.3074,tput=2.90] rank2[cuda2,share=0.2904,tput=3.71]
epoch 42: eval=0.7685
epoch 43: loss=0.521147, train_acc=0.8194, time=10.3s
per-rank: rank0[cuda0,share=0.4008,tput=2.32] rank1[cuda1,share=0.3094,tput=3.74] rank2[cuda2,share=0.2898,tput=4.71]
epoch 43: eval=0.7809
epoch 44: loss=0.519426, train_acc=0.8219, time=9.6s
per-rank: rank0[cuda0,share=0.4022,tput=2.99] rank1[cuda1,share=0.3083,tput=2.37] rank2[cuda2,share=0.2895,tput=4.27]
epoch 44: eval=0.7580
epoch 45: loss=0.522198, train_acc=0.8199, time=8.7s
per-rank: rank0[cuda0,share=0.4036,tput=2.48] rank1[cuda1,share=0.3071,tput=5.92] rank2[cuda2,share=0.2893,tput=2.71]
epoch 45: eval=0.7919
epoch 46: loss=0.519229, train_acc=0.8192, time=8.8s
per-rank: rank0[cuda0,share=0.4044,tput=3.23] rank1[cuda1,share=0.3054,tput=2.39] rank2[cuda2,share=0.2902,tput=3.81]
epoch 46: eval=0.7839
epoch 47: loss=0.511747, train_acc=0.8252, time=8.6s
per-rank: rank0[cuda0,share=0.4042,tput=3.50] rank1[cuda1,share=0.3032,tput=3.52] rank2[cuda2,share=0.2925,tput=2.62]
epoch 47: eval=0.8064
epoch 48: loss=0.505542, train_acc=0.8261, time=8.6s
per-rank: rank0[cuda0,share=0.4040,tput=2.70] rank1[cuda1,share=0.2987,tput=6.53] rank2[cuda2,share=0.2973,tput=2.37]
epoch 48: eval=0.8133
epoch 49: loss=0.514317, train_acc=0.8240, time=8.8s
per-rank: rank0[cuda0,share=0.4055,tput=2.08] rank2[cuda2,share=0.2990,tput=6.00] rank1[cuda1,share=0.2955,tput=2.73]
epoch 49: eval=0.7900
epoch 50: loss=0.498651, train_acc=0.8281, time=8.8s
per-rank: rank0[cuda0,share=0.4047,tput=2.43] rank2[cuda2,share=0.3008,tput=5.88] rank1[cuda1,share=0.2945,tput=2.48]
epoch 50: eval=0.7726
epoch 51: loss=0.505595, train_acc=0.8256, time=10.1s
per-rank: rank0[cuda0,share=0.4044,tput=2.36] rank2[cuda2,share=0.3022,tput=3.45] rank1[cuda1,share=0.2933,tput=5.01]
epoch 51: eval=0.8239
epoch 52: loss=0.496904, train_acc=0.8288, time=9.5s
per-rank: rank0[cuda0,share=0.4026,tput=3.11] rank2[cuda2,share=0.3034,tput=3.76] rank1[cuda1,share=0.2940,tput=2.64]
epoch 52: eval=0.8301
epoch 53: loss=0.500461, train_acc=0.8282, time=10.7s
per-rank: rank0[cuda0,share=0.4021,tput=2.18] rank2[cuda2,share=0.3039,tput=3.57] rank1[cuda1,share=0.2940,tput=5.20]
epoch 53: eval=0.7727
epoch 54: loss=0.510062, train_acc=0.8245, time=9.7s
per-rank: rank0[cuda0,share=0.4017,tput=2.65] rank2[cuda2,share=0.3043,tput=4.03] rank1[cuda1,share=0.2940,tput=2.75]
epoch 54: eval=0.7211
epoch 55: loss=0.506509, train_acc=0.8266, time=8.7s
per-rank: rank0[cuda0,share=0.4027,tput=2.60] rank2[cuda2,share=0.3022,tput=5.45] rank1[cuda1,share=0.2951,tput=2.78]
epoch 55: eval=0.8280
epoch 56: loss=0.487725, train_acc=0.8296, time=8.6s
per-rank: rank0[cuda0,share=0.4033,tput=5.15] rank2[cuda2,share=0.3011,tput=2.40] rank1[cuda1,share=0.2956,tput=4.40]
epoch 56: eval=0.7532
epoch 57: loss=0.505595, train_acc=0.8274, time=11.1s
per-rank: rank0[cuda0,share=0.4029,tput=2.21] rank2[cuda2,share=0.2996,tput=5.59] rank1[cuda1,share=0.2975,tput=3.93]
epoch 57: eval=0.8008
epoch 58: loss=0.495137, train_acc=0.8303, time=10.0s
per-rank: rank0[cuda0,share=0.4040,tput=2.38] rank1[cuda1,share=0.2986,tput=2.86] rank2[cuda2,share=0.2974,tput=4.18]
epoch 58: eval=0.7839
epoch 59: loss=0.500917, train_acc=0.8291, time=10.7s
per-rank: rank0[cuda0,share=0.4046,tput=2.24] rank1[cuda1,share=0.2987,tput=4.95] rank2[cuda2,share=0.2966,tput=3.97]
epoch 59: eval=0.7661
epoch 60: loss=0.481324, train_acc=0.8344, time=9.8s
per-rank: rank0[cuda0,share=0.4048,tput=3.56] rank1[cuda1,share=0.2982,tput=3.57] rank2[cuda2,share=0.2969,tput=3.04]
epoch 60: eval=0.7343
epoch 61: loss=0.491788, train_acc=0.8311, time=8.7s
per-rank: rank0[cuda0,share=0.4024,tput=5.30] rank2[cuda2,share=0.2990,tput=2.25] rank1[cuda1,share=0.2986,tput=4.23]
epoch 61: eval=0.8362
epoch 62: loss=0.488235, train_acc=0.8318, time=10.6s
per-rank: rank0[cuda0,share=0.4018,tput=2.26] rank1[cuda1,share=0.2992,tput=5.66] rank2[cuda2,share=0.2990,tput=3.24]
epoch 62: eval=0.7625
epoch 63: loss=0.497122, train_acc=0.8303, time=9.6s
per-rank: rank0[cuda0,share=0.4011,tput=3.56] rank1[cuda1,share=0.2999,tput=3.02] rank2[cuda2,share=0.2990,tput=3.75]
epoch 63: eval=0.7556
epoch 64: loss=0.477619, train_acc=0.8357, time=8.8s
per-rank: rank0[cuda0,share=0.4008,tput=3.43] rank1[cuda1,share=0.2998,tput=2.72] rank2[cuda2,share=0.2994,tput=3.28]
epoch 64: eval=0.6874
epoch 65: loss=0.486662, train_acc=0.8335, time=10.7s
per-rank: rank0[cuda0,share=0.4016,tput=2.31] rank2[cuda2,share=0.3001,tput=3.26] rank1[cuda1,share=0.2983,tput=5.99]
epoch 65: eval=0.7961
epoch 66: loss=0.489093, train_acc=0.8327, time=9.9s
per-rank: rank0[cuda0,share=0.4022,tput=2.40] rank2[cuda2,share=0.2990,tput=3.82] rank1[cuda1,share=0.2988,tput=2.95]
epoch 66: eval=0.8570
epoch 67: loss=0.480922, train_acc=0.8335, time=8.6s
per-rank: rank0[cuda0,share=0.4035,tput=2.56] rank1[cuda1,share=0.2997,tput=5.73] rank2[cuda2,share=0.2967,tput=2.51]
epoch 67: eval=0.7959
epoch 68: loss=0.475326, train_acc=0.8355, time=10.8s
per-rank: rank0[cuda0,share=0.4037,tput=2.24] rank1[cuda1,share=0.3018,tput=3.14] rank2[cuda2,share=0.2945,tput=6.05]
epoch 68: eval=0.7812
epoch 69: loss=0.475219, train_acc=0.8374, time=9.7s
per-rank: rank0[cuda0,share=0.4037,tput=2.99] rank1[cuda1,share=0.3015,tput=2.52] rank2[cuda2,share=0.2949,tput=4.15]
epoch 69: eval=0.7830
epoch 70: loss=0.478158, train_acc=0.8345, time=8.7s
per-rank: rank0[cuda0,share=0.4035,tput=3.95] rank1[cuda1,share=0.3009,tput=2.65] rank2[cuda2,share=0.2956,tput=2.99]
epoch 70: eval=0.7897
epoch 71: loss=0.474856, train_acc=0.8366, time=8.6s
per-rank: rank0[cuda0,share=0.4048,tput=3.96] rank1[cuda1,share=0.2999,tput=2.67] rank2[cuda2,share=0.2953,tput=3.10]
epoch 71: eval=0.8060
epoch 72: loss=0.480466, train_acc=0.8355, time=8.7s
per-rank: rank0[cuda0,share=0.4067,tput=2.44] rank1[cuda1,share=0.2994,tput=2.83] rank2[cuda2,share=0.2939,tput=5.94]
epoch 72: eval=0.7768
epoch 73: loss=0.468394, train_acc=0.8400, time=8.7s
per-rank: rank0[cuda0,share=0.4071,tput=2.40] rank1[cuda1,share=0.3003,tput=5.89] rank2[cuda2,share=0.2926,tput=2.71]
epoch 73: eval=0.8213
epoch 74: loss=0.477189, train_acc=0.8368, time=10.1s
per-rank: rank0[cuda0,share=0.4057,tput=2.44] rank1[cuda1,share=0.2993,tput=4.73] rank2[cuda2,share=0.2950,tput=3.60]
epoch 74: eval=0.7772
epoch 75: loss=0.465267, train_acc=0.8405, time=9.9s
per-rank: rank0[cuda0,share=0.4065,tput=2.84] rank1[cuda1,share=0.2988,tput=4.30] rank2[cuda2,share=0.2947,tput=2.28]
epoch 75: eval=0.7749
epoch 76: loss=0.469586, train_acc=0.8371, time=8.8s
per-rank: rank0[cuda0,share=0.4094,tput=2.96] rank1[cuda1,share=0.2986,tput=4.23] rank2[cuda2,share=0.2920,tput=2.60]
epoch 76: eval=0.7807
epoch 77: loss=0.471972, train_acc=0.8381, time=11.2s
per-rank: rank0[cuda0,share=0.4081,tput=2.21] rank1[cuda1,share=0.3006,tput=4.94] rank2[cuda2,share=0.2912,tput=3.84]
epoch 77: eval=0.8244
epoch 78: loss=0.469981, train_acc=0.8387, time=10.0s
per-rank: rank0[cuda0,share=0.4032,tput=2.22] rank1[cuda1,share=0.3029,tput=2.84] rank2[cuda2,share=0.2939,tput=4.29]
epoch 78: eval=0.7910
epoch 79: loss=0.473113, train_acc=0.8371, time=10.3s
per-rank: rank0[cuda0,share=0.3989,tput=2.17] rank1[cuda1,share=0.3038,tput=3.96] rank2[cuda2,share=0.2973,tput=4.77]
epoch 79: eval=0.7774
epoch 80: loss=0.458150, train_acc=0.8426, time=9.7s
per-rank: rank0[cuda0,share=0.3987,tput=3.50] rank1[cuda1,share=0.3045,tput=2.55] rank2[cuda2,share=0.2967,tput=3.63]
epoch 80: eval=0.7676
epoch 81: loss=0.463282, train_acc=0.8402, time=11.0s
per-rank: rank0[cuda0,share=0.3956,tput=2.16] rank1[cuda1,share=0.3070,tput=4.04] rank2[cuda2,share=0.2974,tput=4.97]
epoch 81: eval=0.8174
epoch 82: loss=0.475401, train_acc=0.8369, time=9.9s
per-rank: rank0[cuda0,share=0.3937,tput=2.28] rank1[cuda1,share=0.3080,tput=3.86] rank2[cuda2,share=0.2983,tput=3.02]
epoch 82: eval=0.7922
epoch 83: loss=0.464165, train_acc=0.8412, time=8.7s
per-rank: rank0[cuda0,share=0.3910,tput=3.43] rank1[cuda1,share=0.3097,tput=2.35] rank2[cuda2,share=0.2994,tput=3.94]
epoch 83: eval=0.8260
epoch 84: loss=0.461892, train_acc=0.8409, time=8.7s
per-rank: rank0[cuda0,share=0.3947,tput=4.66] rank1[cuda1,share=0.3061,tput=2.38] rank2[cuda2,share=0.2992,tput=4.53]
epoch 84: eval=0.7825
epoch 85: loss=0.455654, train_acc=0.8424, time=9.5s
per-rank: rank0[cuda0,share=0.3990,tput=3.92] rank1[cuda1,share=0.3022,tput=4.42] rank2[cuda2,share=0.2988,tput=1.81]
epoch 85: eval=0.7759
epoch 86: loss=0.466850, train_acc=0.8400, time=9.0s
per-rank: rank0[cuda0,share=0.4004,tput=3.22] rank1[cuda1,share=0.3036,tput=2.78] rank2[cuda2,share=0.2959,tput=4.61]
epoch 86: eval=0.7931
epoch 87: loss=0.459286, train_acc=0.8417, time=10.3s
per-rank: rank0[cuda0,share=0.4033,tput=2.38] rank1[cuda1,share=0.3027,tput=3.93] rank2[cuda2,share=0.2939,tput=4.36]
epoch 87: eval=0.8007
epoch 88: loss=0.450620, train_acc=0.8454, time=9.7s
per-rank: rank0[cuda0,share=0.4100,tput=3.05] rank1[cuda1,share=0.2955,tput=3.39] rank2[cuda2,share=0.2945,tput=2.80]
epoch 88: eval=0.7750
epoch 89: loss=0.465313, train_acc=0.8389, time=8.7s
per-rank: rank0[cuda0,share=0.4149,tput=2.72] rank2[cuda2,share=0.2930,tput=3.36] rank1[cuda1,share=0.2921,tput=3.14]
epoch 89: eval=0.8534
epoch 90: loss=0.453588, train_acc=0.8432, time=10.9s
per-rank: rank0[cuda0,share=0.4155,tput=2.22] rank1[cuda1,share=0.2936,tput=6.18] rank2[cuda2,share=0.2910,tput=3.13]
epoch 90: eval=0.7821
epoch 91: loss=0.449085, train_acc=0.8469, time=9.9s
per-rank: rank0[cuda0,share=0.4127,tput=2.21] rank1[cuda1,share=0.2940,tput=4.34] rank2[cuda2,share=0.2933,tput=2.87]
epoch 91: eval=0.7965
epoch 92: loss=0.454104, train_acc=0.8439, time=8.8s
per-rank: rank0[cuda0,share=0.4095,tput=2.45] rank1[cuda1,share=0.2964,tput=2.39] rank2[cuda2,share=0.2942,tput=6.60]
epoch 92: eval=0.8103
epoch 93: loss=0.443203, train_acc=0.8480, time=8.8s
per-rank: rank0[cuda0,share=0.4002,tput=2.60] rank1[cuda1,share=0.3078,tput=5.21] rank2[cuda2,share=0.2920,tput=2.66]
epoch 93: eval=0.8184
epoch 94: loss=0.446669, train_acc=0.8486, time=10.6s
per-rank: rank0[cuda0,share=0.3973,tput=2.25] rank1[cuda1,share=0.3071,tput=5.08] rank2[cuda2,share=0.2956,tput=3.71]
epoch 94: eval=0.7821
epoch 95: loss=0.446476, train_acc=0.8474, time=9.9s
per-rank: rank0[cuda0,share=0.3997,tput=2.32] rank1[cuda1,share=0.3032,tput=3.09] rank2[cuda2,share=0.2971,tput=3.60]
epoch 95: eval=0.7782
epoch 96: loss=0.445808, train_acc=0.8480, time=8.8s
per-rank: rank0[cuda0,share=0.3947,tput=3.18] rank1[cuda1,share=0.3048,tput=3.62] rank2[cuda2,share=0.3005,tput=2.54]
epoch 96: eval=0.8528
epoch 97: loss=0.440479, train_acc=0.8475, time=8.9s
per-rank: rank0[cuda0,share=0.3847,tput=3.29] rank1[cuda1,share=0.3108,tput=2.47] rank2[cuda2,share=0.3045,tput=3.77]
epoch 97: eval=0.8234
epoch 98: loss=0.431087, train_acc=0.8525, time=9.6s
per-rank: rank0[cuda0,share=0.3743,tput=2.31] rank1[cuda1,share=0.3157,tput=4.52] rank2[cuda2,share=0.3100,tput=3.60]
epoch 98: eval=0.7894
epoch 99: loss=0.436901, train_acc=0.8523, time=9.3s
per-rank: rank0[cuda0,share=0.3769,tput=3.53] rank1[cuda1,share=0.3116,tput=2.56] rank2[cuda2,share=0.3116,tput=3.54]
epoch 99: eval=0.7873
epoch 100: loss=0.305500, train_acc=0.8962, time=8.7s
per-rank: rank0[cuda0,share=0.3915,tput=2.77] rank2[cuda2,share=0.3075,tput=2.52] rank1[cuda1,share=0.3010,tput=5.34]
epoch 100: eval=0.8942
epoch 101: loss=0.232118, train_acc=0.9198, time=8.8s
per-rank: rank0[cuda0,share=0.4125,tput=3.62] rank2[cuda2,share=0.2974,tput=3.38] rank1[cuda1,share=0.2901,tput=2.48]
epoch 101: eval=0.9006
epoch 102: loss=0.220246, train_acc=0.9249, time=10.5s
per-rank: rank0[cuda0,share=0.4208,tput=2.39] rank2[cuda2,share=0.2935,tput=5.43] rank1[cuda1,share=0.2857,tput=3.26]
epoch 102: eval=0.9010
epoch 103: loss=0.211273, train_acc=0.9272, time=9.8s
per-rank: rank0[cuda0,share=0.4227,tput=2.51] rank2[cuda2,share=0.2936,tput=2.93] rank1[cuda1,share=0.2837,tput=3.75]
epoch 103: eval=0.9019
epoch 104: loss=0.206337, train_acc=0.9290, time=8.8s
per-rank: rank0[cuda0,share=0.4161,tput=2.32] rank2[cuda2,share=0.2984,tput=6.16] rank1[cuda1,share=0.2855,tput=2.74]
epoch 104: eval=0.9030
epoch 105: loss=0.197998, train_acc=0.9313, time=8.8s
per-rank: rank0[cuda0,share=0.4063,tput=3.19] rank2[cuda2,share=0.2991,tput=3.65] rank1[cuda1,share=0.2946,tput=2.57]
epoch 105: eval=0.9092
epoch 106: loss=0.191286, train_acc=0.9331, time=10.9s
per-rank: rank0[cuda0,share=0.3923,tput=2.23] rank1[cuda1,share=0.3048,tput=3.87] rank2[cuda2,share=0.3029,tput=5.42]
epoch 106: eval=0.9077
epoch 107: loss=0.186735, train_acc=0.9358, time=9.9s
per-rank: rank0[cuda0,share=0.4045,tput=2.79] rank2[cuda2,share=0.3000,tput=2.74] rank1[cuda1,share=0.2955,tput=3.75]
epoch 107: eval=0.9057
epoch 108: loss=0.181666, train_acc=0.9374, time=8.9s
per-rank: rank0[cuda0,share=0.4206,tput=2.57] rank1[cuda1,share=0.3002,tput=7.19] rank2[cuda2,share=0.2792,tput=2.09]
epoch 108: eval=0.9077
epoch 109: loss=0.172822, train_acc=0.9408, time=11.1s
per-rank: rank0[cuda0,share=0.4251,tput=2.38] rank1[cuda1,share=0.2895,tput=4.04] rank2[cuda2,share=0.2854,tput=5.07]
epoch 109: eval=0.9089
epoch 110: loss=0.170689, train_acc=0.9406, time=10.1s
per-rank: rank0[cuda0,share=0.4289,tput=2.54] rank2[cuda2,share=0.3005,tput=4.43] rank1[cuda1,share=0.2706,tput=2.66]
epoch 110: eval=0.9114
epoch 111: loss=0.168333, train_acc=0.9407, time=9.1s
per-rank: rank0[cuda0,share=0.4182,tput=2.41] rank2[cuda2,share=0.3137,tput=2.76] rank1[cuda1,share=0.2681,tput=5.95]
epoch 111: eval=0.9106
epoch 112: loss=0.162962, train_acc=0.9433, time=9.2s
per-rank: rank0[cuda0,share=0.4171,tput=3.56] rank2[cuda2,share=0.3066,tput=2.49] rank1[cuda1,share=0.2762,tput=3.49]
epoch 112: eval=0.9123
epoch 113: loss=0.158340, train_acc=0.9454, time=11.9s
per-rank: rank0[cuda0,share=0.3945,tput=2.18] rank1[cuda1,share=0.3151,tput=4.33] rank2[cuda2,share=0.2904,tput=4.62]
epoch 113: eval=0.9084
epoch 114: loss=0.157437, train_acc=0.9451, time=10.5s
per-rank: rank0[cuda0,share=0.3712,tput=2.17] rank2[cuda2,share=0.3157,tput=4.39] rank1[cuda1,share=0.3131,tput=2.97]
epoch 114: eval=0.9113
epoch 115: loss=0.154465, train_acc=0.9462, time=8.9s
per-rank: rank0[cuda0,share=0.4075,tput=2.70] rank1[cuda1,share=0.3062,tput=5.84] rank2[cuda2,share=0.2863,tput=2.27]
epoch 115: eval=0.9056
epoch 116: loss=0.151577, train_acc=0.9466, time=12.3s
per-rank: rank0[cuda0,share=0.3840,tput=2.15] rank1[cuda1,share=0.3228,tput=5.76] rank2[cuda2,share=0.2932,tput=3.60]
epoch 116: eval=0.9112
epoch 117: loss=0.149842, train_acc=0.9477, time=11.0s
per-rank: rank0[cuda0,share=0.4301,tput=2.27] rank1[cuda1,share=0.3054,tput=4.48] rank2[cuda2,share=0.2645,tput=2.41]
epoch 117: eval=0.9013
epoch 118: loss=0.145648, eval=0.9082, train_acc=0.9481, time=10.1s
per-rank: rank0[cuda0,share=0.4115,tput=2.93] rank1[cuda1,share=0.2942,tput=3.27] rank2[cuda2,share=0.2942,tput=2.80]
epoch 119: loss=0.156571, train_acc=0.9451, time=11.0s
per-rank: rank0[cuda0,share=0.4087,tput=2.11] rank1[cuda1,share=0.2971,tput=4.01] rank2[cuda2,share=0.2941,tput=4.84]
epoch 119: eval=0.9079
epoch 120: loss=0.155633, train_acc=0.9446, time=9.7s
per-rank: rank0[cuda0,share=0.4044,tput=2.34] rank1[cuda1,share=0.2998,tput=4.03] rank2[cuda2,share=0.2958,tput=2.84]
epoch 120: eval=0.9033
epoch 121: loss=0.156415, train_acc=0.9452, time=10.4s
per-rank: rank0[cuda0,share=0.4009,tput=2.29] rank1[cuda1,share=0.3005,tput=4.92] rank2[cuda2,share=0.2986,tput=3.86]
epoch 121: eval=0.9071
epoch 122: loss=0.155951, train_acc=0.9455, time=9.6s
per-rank: rank0[cuda0,share=0.3975,tput=2.98] rank1[cuda1,share=0.3014,tput=4.17] rank2[cuda2,share=0.3011,tput=2.80]
epoch 122: eval=0.9080
epoch 123: loss=0.152352, train_acc=0.9466, time=8.8s
per-rank: rank0[cuda0,share=0.3949,tput=3.32] rank2[cuda2,share=0.3030,tput=3.50] rank1[cuda1,share=0.3021,tput=2.45]
epoch 123: eval=0.9042
epoch 124: loss=0.151231, train_acc=0.9463, time=8.8s
per-rank: rank0[cuda0,share=0.3934,tput=3.65] rank2[cuda2,share=0.3040,tput=3.44] rank1[cuda1,share=0.3026,tput=2.45]
epoch 124: eval=0.9121
epoch 125: loss=0.148676, train_acc=0.9472, time=8.7s
per-rank: rank0[cuda0,share=0.3932,tput=2.45] rank2[cuda2,share=0.3046,tput=2.29] rank1[cuda1,share=0.3022,tput=6.55]
epoch 125: eval=0.9096
epoch 126: loss=0.150424, train_acc=0.9476, time=10.1s
per-rank: rank0[cuda0,share=0.3905,tput=2.34] rank2[cuda2,share=0.3078,tput=3.52] rank1[cuda1,share=0.3017,tput=5.07]
epoch 126: eval=0.9076
epoch 127: loss=0.148982, train_acc=0.9472, time=9.6s
per-rank: rank0[cuda0,share=0.3907,tput=3.01] rank2[cuda2,share=0.3087,tput=2.37] rank1[cuda1,share=0.3007,tput=4.14]
epoch 127: eval=0.9048
epoch 128: loss=0.148811, train_acc=0.9478, time=8.8s
per-rank: rank0[cuda0,share=0.3924,tput=4.02] rank2[cuda2,share=0.3088,tput=3.46] rank1[cuda1,share=0.2989,tput=2.23]
epoch 128: eval=0.9031
epoch 129: loss=0.147356, train_acc=0.9485, time=8.9s
per-rank: rank0[cuda0,share=0.3974,tput=2.13] rank2[cuda2,share=0.3046,tput=2.63] rank1[cuda1,share=0.2979,tput=6.00]
epoch 129: eval=0.9058
epoch 130: loss=0.143044, train_acc=0.9488, time=8.7s
per-rank: rank0[cuda0,share=0.3997,tput=3.02] rank2[cuda2,share=0.3027,tput=5.47] rank1[cuda1,share=0.2976,tput=2.51]
epoch 130: eval=0.9073
epoch 131: loss=0.143411, train_acc=0.9503, time=10.4s
per-rank: rank0[cuda0,share=0.4039,tput=2.32] rank2[cuda2,share=0.3019,tput=3.56] rank1[cuda1,share=0.2942,tput=4.95]
epoch 131: eval=0.9012
epoch 132: loss=0.143000, train_acc=0.9490, time=9.5s
per-rank: rank0[cuda0,share=0.4057,tput=2.67] rank2[cuda2,share=0.3013,tput=2.53] rank1[cuda1,share=0.2930,tput=4.48]
epoch 132: eval=0.9053
epoch 133: loss=0.144690, train_acc=0.9505, time=8.8s
per-rank: rank0[cuda0,share=0.4100,tput=2.49] rank2[cuda2,share=0.2988,tput=2.46] rank1[cuda1,share=0.2912,tput=6.23]
epoch 133: eval=0.9117
epoch 134: loss=0.138400, train_acc=0.9521, time=8.6s
per-rank: rank0[cuda0,share=0.4126,tput=3.85] rank2[cuda2,share=0.2969,tput=2.44] rank1[cuda1,share=0.2905,tput=3.69]
epoch 134: eval=0.9067
epoch 135: loss=0.143902, train_acc=0.9489, time=11.0s
per-rank: rank0[cuda0,share=0.4125,tput=2.27] rank2[cuda2,share=0.2967,tput=3.43] rank1[cuda1,share=0.2908,tput=5.74]
epoch 135: eval=0.9012
epoch 136: loss=0.141801, train_acc=0.9500, time=9.8s
per-rank: rank0[cuda0,share=0.4114,tput=2.48] rank2[cuda2,share=0.2975,tput=2.67] rank1[cuda1,share=0.2911,tput=4.61]
epoch 136: eval=0.9006
epoch 137: loss=0.140939, train_acc=0.9500, time=10.7s
per-rank: rank0[cuda0,share=0.4114,tput=2.28] rank2[cuda2,share=0.2962,tput=4.40] rank1[cuda1,share=0.2924,tput=4.32]
epoch 137: eval=0.9035
epoch 138: loss=0.135367, train_acc=0.9532, time=9.7s
per-rank: rank0[cuda0,share=0.4113,tput=2.73] rank2[cuda2,share=0.2946,tput=2.76] rank1[cuda1,share=0.2941,tput=4.15]
epoch 138: eval=0.8969
epoch 139: loss=0.141415, train_acc=0.9500, time=10.8s
per-rank: rank0[cuda0,share=0.4110,tput=2.26] rank1[cuda1,share=0.2975,tput=3.77] rank2[cuda2,share=0.2915,tput=5.11]
epoch 139: eval=0.9001
epoch 140: loss=0.138695, train_acc=0.9515, time=9.7s
per-rank: rank0[cuda0,share=0.4108,tput=2.32] rank1[cuda1,share=0.2977,tput=4.21] rank2[cuda2,share=0.2916,tput=2.88]
epoch 140: eval=0.8993
epoch 141: loss=0.139916, train_acc=0.9498, time=8.6s
per-rank: rank0[cuda0,share=0.4091,tput=3.53] rank1[cuda1,share=0.2993,tput=2.72] rank2[cuda2,share=0.2916,tput=3.45]
epoch 141: eval=0.9024
epoch 142: loss=0.140706, train_acc=0.9507, time=8.8s
per-rank: rank0[cuda0,share=0.4083,tput=3.05] rank1[cuda1,share=0.3005,tput=2.37] rank2[cuda2,share=0.2913,tput=5.57]
epoch 142: eval=0.9000
epoch 143: loss=0.136998, train_acc=0.9522, time=8.6s
per-rank: rank0[cuda0,share=0.4073,tput=3.99] rank1[cuda1,share=0.3009,tput=3.87] rank2[cuda2,share=0.2918,tput=2.12]
epoch 143: eval=0.8971
epoch 144: loss=0.132808, train_acc=0.9532, time=8.6s
per-rank: rank0[cuda0,share=0.4056,tput=4.05] rank1[cuda1,share=0.2999,tput=3.67] rank2[cuda2,share=0.2945,tput=2.18]
epoch 144: eval=0.9034
epoch 145: loss=0.136083, train_acc=0.9523, time=8.9s
per-rank: rank0[cuda0,share=0.4059,tput=2.49] rank1[cuda1,share=0.3004,tput=7.18] rank2[cuda2,share=0.2937,tput=2.15]
epoch 145: eval=0.9011
epoch 146: loss=0.139491, train_acc=0.9497, time=8.7s
per-rank: rank0[cuda0,share=0.4051,tput=2.90] rank1[cuda1,share=0.3023,tput=3.71] rank2[cuda2,share=0.2926,tput=2.75]
epoch 146: eval=0.8928
epoch 147: loss=0.132403, train_acc=0.9529, time=8.7s
per-rank: rank0[cuda0,share=0.4018,tput=3.23] rank1[cuda1,share=0.3054,tput=2.51] rank2[cuda2,share=0.2929,tput=3.99]
epoch 147: eval=0.8986
epoch 148: loss=0.131726, train_acc=0.9545, time=8.9s
per-rank: rank0[cuda0,share=0.3976,tput=3.03] rank1[cuda1,share=0.3079,tput=2.82] rank2[cuda2,share=0.2945,tput=5.00]
epoch 148: eval=0.9067
epoch 149: loss=0.129881, train_acc=0.9544, time=8.7s
per-rank: rank0[cuda0,share=0.3951,tput=4.38] rank1[cuda1,share=0.3096,tput=2.10] rank2[cuda2,share=0.2953,tput=3.78]
epoch 149: eval=0.8932
epoch 150: loss=0.110357, train_acc=0.9621, time=8.7s
per-rank: rank0[cuda0,share=0.3904,tput=4.27] rank1[cuda1,share=0.3106,tput=2.39] rank2[cuda2,share=0.2989,tput=3.09]
epoch 150: eval=0.9155
epoch 151: loss=0.085518, train_acc=0.9718, time=10.2s
per-rank: rank0[cuda0,share=0.3929,tput=2.37] rank1[cuda1,share=0.3053,tput=3.60] rank2[cuda2,share=0.3018,tput=4.94]
epoch 151: eval=0.9184
epoch 152: loss=0.082770, train_acc=0.9727, time=9.6s
per-rank: rank0[cuda0,share=0.3954,tput=2.46] rank1[cuda1,share=0.3029,tput=2.85] rank2[cuda2,share=0.3016,tput=4.07]
epoch 152: eval=0.9158
epoch 153: loss=0.081533, train_acc=0.9730, time=11.2s
per-rank: rank0[cuda0,share=0.4050,tput=2.23] rank2[cuda2,share=0.2983,tput=3.23] rank1[cuda1,share=0.2967,tput=6.21]
epoch 153: eval=0.9177
epoch 154: loss=0.077645, train_acc=0.9745, time=10.1s
per-rank: rank0[cuda0,share=0.4062,tput=2.13] rank1[cuda1,share=0.2969,tput=4.30] rank2[cuda2,share=0.2969,tput=2.92]
epoch 154: eval=0.9158
epoch 155: loss=0.077399, train_acc=0.9747, time=8.7s
per-rank: rank0[cuda0,share=0.4072,tput=4.00] rank1[cuda1,share=0.2990,tput=3.60] rank2[cuda2,share=0.2938,tput=2.33]
epoch 155: eval=0.9177
epoch 156: loss=0.074164, train_acc=0.9762, time=8.7s
per-rank: rank0[cuda0,share=0.4053,tput=3.87] rank1[cuda1,share=0.3018,tput=2.69] rank2[cuda2,share=0.2930,tput=2.99]
epoch 156: eval=0.9173
epoch 157: loss=0.072765, train_acc=0.9755, time=8.9s
per-rank: rank0[cuda0,share=0.4060,tput=3.05] rank1[cuda1,share=0.3057,tput=2.67] rank2[cuda2,share=0.2883,tput=4.95]
epoch 157: eval=0.9172
epoch 158: loss=0.073503, train_acc=0.9763, time=11.3s
per-rank: rank0[cuda0,share=0.4081,tput=2.18] rank1[cuda1,share=0.3048,tput=3.13] rank2[cuda2,share=0.2872,tput=6.16]
epoch 158: eval=0.9184
epoch 159: loss=0.074059, train_acc=0.9754, time=10.1s
per-rank: rank0[cuda0,share=0.4093,tput=2.20] rank1[cuda1,share=0.3030,tput=2.97] rank2[cuda2,share=0.2878,tput=4.21]
epoch 159: eval=0.9179
epoch 160: loss=0.071106, train_acc=0.9764, time=8.7s
per-rank: rank0[cuda0,share=0.4059,tput=2.47] rank1[cuda1,share=0.3014,tput=6.02] rank2[cuda2,share=0.2927,tput=2.44]
epoch 160: eval=0.9171
epoch 161: loss=0.070830, train_acc=0.9768, time=8.9s
per-rank: rank0[cuda0,share=0.3961,tput=3.30] rank2[cuda2,share=0.3024,tput=3.65] rank1[cuda1,share=0.3015,tput=2.56]
epoch 161: eval=0.9196
epoch 162: loss=0.069938, train_acc=0.9782, time=8.8s
per-rank: rank0[cuda0,share=0.3811,tput=4.43] rank2[cuda2,share=0.3113,tput=2.45] rank1[cuda1,share=0.3076,tput=4.26]
epoch 162: eval=0.9154
epoch 163: loss=0.068961, train_acc=0.9769, time=10.5s
per-rank: rank0[cuda0,share=0.3735,tput=2.12] rank1[cuda1,share=0.3142,tput=3.43] rank2[cuda2,share=0.3123,tput=5.38]
epoch 163: eval=0.9179
epoch 164: loss=0.070583, train_acc=0.9767, time=9.8s
per-rank: rank0[cuda0,share=0.3722,tput=2.63] rank1[cuda1,share=0.3152,tput=2.89] rank2[cuda2,share=0.3126,tput=3.57]
epoch 164: eval=0.9182
epoch 165: loss=0.069457, train_acc=0.9767, time=8.8s
per-rank: rank0[cuda0,share=0.3763,tput=2.87] rank1[cuda1,share=0.3200,tput=2.51] rank2[cuda2,share=0.3037,tput=5.52]
epoch 165: eval=0.9177
epoch 166: loss=0.068728, train_acc=0.9772, time=8.8s
per-rank: rank0[cuda0,share=0.3868,tput=3.34] rank1[cuda1,share=0.3166,tput=2.39] rank2[cuda2,share=0.2965,tput=3.90]
epoch 166: eval=0.9176
epoch 167: loss=0.069727, train_acc=0.9772, time=8.9s
per-rank: rank0[cuda0,share=0.3930,tput=3.27] rank1[cuda1,share=0.3120,tput=3.62] rank2[cuda2,share=0.2950,tput=2.47]
epoch 167: eval=0.9180
epoch 168: loss=0.066956, train_acc=0.9787, time=10.1s
per-rank: rank0[cuda0,share=0.4003,tput=2.37] rank1[cuda1,share=0.3051,tput=3.67] rank2[cuda2,share=0.2947,tput=4.67]
epoch 168: eval=0.9175
epoch 169: loss=0.065218, train_acc=0.9786, time=9.7s
per-rank: rank0[cuda0,share=0.4139,tput=3.16] rank1[cuda1,share=0.2968,tput=2.30] rank2[cuda2,share=0.2893,tput=4.04]
epoch 169: eval=0.9174
epoch 170: loss=0.068047, train_acc=0.9783, time=9.0s
per-rank: rank0[cuda0,share=0.4221,tput=3.42] rank2[cuda2,share=0.2913,tput=2.32] rank1[cuda1,share=0.2866,tput=3.77]
epoch 170: eval=0.9185
epoch 171: loss=0.066051, train_acc=0.9784, time=11.1s
per-rank: rank0[cuda0,share=0.4234,tput=2.25] rank2[cuda2,share=0.2927,tput=5.18] rank1[cuda1,share=0.2839,tput=4.04]
epoch 171: eval=0.9169
epoch 172: loss=0.066086, train_acc=0.9782, time=10.4s
per-rank: rank0[cuda0,share=0.4208,tput=2.08] rank2[cuda2,share=0.2951,tput=3.94] rank1[cuda1,share=0.2841,tput=2.99]
epoch 172: eval=0.9156
epoch 173: loss=0.065280, train_acc=0.9790, time=8.9s
per-rank: rank0[cuda0,share=0.4173,tput=3.40] rank2[cuda2,share=0.2969,tput=2.41] rank1[cuda1,share=0.2858,tput=3.93]
epoch 173: eval=0.9193
epoch 174: loss=0.063661, train_acc=0.9792, time=8.7s
per-rank: rank0[cuda0,share=0.4139,tput=3.31] rank2[cuda2,share=0.2986,tput=3.60] rank1[cuda1,share=0.2875,tput=2.51]
epoch 174: eval=0.9180
epoch 175: loss=0.066253, train_acc=0.9780, time=10.6s
per-rank: rank0[cuda0,share=0.4047,tput=2.26] rank2[cuda2,share=0.3027,tput=5.32] rank1[cuda1,share=0.2926,tput=3.49]
epoch 175: eval=0.9165
epoch 176: loss=0.062366, train_acc=0.9796, time=9.8s
per-rank: rank0[cuda0,share=0.4026,tput=3.24] rank2[cuda2,share=0.3035,tput=4.10] rank1[cuda1,share=0.2939,tput=2.28]
epoch 176: eval=0.9183
epoch 177: loss=0.062769, train_acc=0.9793, time=8.8s
per-rank: rank0[cuda0,share=0.3998,tput=3.49] rank2[cuda2,share=0.3052,tput=5.54] rank1[cuda1,share=0.2950,tput=2.09]
epoch 177: eval=0.9143
epoch 178: loss=0.061577, train_acc=0.9794, time=8.8s
per-rank: rank0[cuda0,share=0.4001,tput=4.03] rank2[cuda2,share=0.3054,tput=1.93] rank1[cuda1,share=0.2945,tput=3.89]
epoch 178: eval=0.9171
epoch 179: loss=0.061394, train_acc=0.9804, time=8.8s
per-rank: rank0[cuda0,share=0.4004,tput=2.45] rank2[cuda2,share=0.3056,tput=5.23] rank1[cuda1,share=0.2940,tput=3.06]
epoch 179: eval=0.9168
epoch 180: loss=0.063783, train_acc=0.9788, time=8.7s
per-rank: rank0[cuda0,share=0.4018,tput=3.30] rank2[cuda2,share=0.3042,tput=2.39] rank1[cuda1,share=0.2940,tput=4.22]
epoch 180: eval=0.9174
epoch 181: loss=0.064473, train_acc=0.9788, time=8.7s
per-rank: rank0[cuda0,share=0.4039,tput=2.43] rank2[cuda2,share=0.3032,tput=6.74] rank1[cuda1,share=0.2929,tput=2.48]
epoch 181: eval=0.9201
epoch 182: loss=0.058842, train_acc=0.9812, time=8.6s
per-rank: rank0[cuda0,share=0.4085,tput=2.62] rank2[cuda2,share=0.3003,tput=5.30] rank1[cuda1,share=0.2912,tput=2.75]
epoch 182: eval=0.9185
epoch 183: loss=0.060395, train_acc=0.9802, time=9.0s
per-rank: rank0[cuda0,share=0.4111,tput=3.04] rank2[cuda2,share=0.2983,tput=3.85] rank1[cuda1,share=0.2906,tput=2.37]
epoch 183: eval=0.9171
epoch 184: loss=0.061168, train_acc=0.9798, time=8.7s
per-rank: rank0[cuda0,share=0.4128,tput=2.83] rank2[cuda2,share=0.2974,tput=2.53] rank1[cuda1,share=0.2899,tput=4.96]
epoch 184: eval=0.9190
epoch 185: loss=0.059717, train_acc=0.9807, time=8.7s
per-rank: rank0[cuda0,share=0.4154,tput=2.49] rank2[cuda2,share=0.2949,tput=4.97] rank1[cuda1,share=0.2897,tput=2.88]
epoch 185: eval=0.9182
epoch 186: loss=0.059122, train_acc=0.9802, time=8.8s
per-rank: rank0[cuda0,share=0.4142,tput=2.66] rank2[cuda2,share=0.2944,tput=2.01] rank1[cuda1,share=0.2914,tput=6.80]
epoch 186: eval=0.9195
epoch 187: loss=0.061586, train_acc=0.9794, time=8.6s
per-rank: rank0[cuda0,share=0.4140,tput=2.84] rank1[cuda1,share=0.2941,tput=2.63] rank2[cuda2,share=0.2919,tput=5.21]
epoch 187: eval=0.9185
epoch 188: loss=0.058930, train_acc=0.9810, time=10.9s
per-rank: rank0[cuda0,share=0.4151,tput=2.31] rank1[cuda1,share=0.2951,tput=3.72] rank2[cuda2,share=0.2898,tput=5.29]
epoch 188: eval=0.9178
epoch 189: loss=0.058841, train_acc=0.9808, time=10.2s
per-rank: rank0[cuda0,share=0.4161,tput=2.10] rank1[cuda1,share=0.2961,tput=4.47] rank2[cuda2,share=0.2878,tput=2.76]
epoch 189: eval=0.9178
epoch 190: loss=0.058882, train_acc=0.9806, time=8.8s
per-rank: rank0[cuda0,share=0.4162,tput=2.90] rank1[cuda1,share=0.2967,tput=2.77] rank2[cuda2,share=0.2870,tput=3.97]
epoch 190: eval=0.9181
epoch 191: loss=0.059368, train_acc=0.9806, time=11.1s
per-rank: rank0[cuda0,share=0.4150,tput=2.21] rank1[cuda1,share=0.2976,tput=3.70] rank2[cuda2,share=0.2874,tput=5.05]
epoch 191: eval=0.9173
epoch 192: loss=0.057338, train_acc=0.9815, time=10.1s
per-rank: rank0[cuda0,share=0.4128,tput=2.83] rank1[cuda1,share=0.2993,tput=3.94] rank2[cuda2,share=0.2879,tput=2.77]
epoch 192: eval=0.9188
epoch 193: loss=0.056847, train_acc=0.9811, time=10.6s
per-rank: rank0[cuda0,share=0.4097,tput=2.21] rank1[cuda1,share=0.3038,tput=5.43] rank2[cuda2,share=0.2866,tput=3.35]
epoch 193: eval=0.9181
epoch 194: loss=0.058289, train_acc=0.9812, time=9.8s
per-rank: rank0[cuda0,share=0.4088,tput=2.40] rank1[cuda1,share=0.3047,tput=3.78] rank2[cuda2,share=0.2865,tput=2.89]
epoch 194: eval=0.9182
epoch 195: loss=0.054614, train_acc=0.9824, time=10.7s
per-rank: rank0[cuda0,share=0.4039,tput=2.25] rank1[cuda1,share=0.3051,tput=3.73] rank2[cuda2,share=0.2910,tput=5.37]
epoch 195: eval=0.9185
epoch 196: loss=0.056421, train_acc=0.9816, time=9.9s
per-rank: rank0[cuda0,share=0.3998,tput=2.41] rank1[cuda1,share=0.3060,tput=2.91] rank2[cuda2,share=0.2942,tput=3.82]
epoch 196: eval=0.9172
epoch 197: loss=0.056710, train_acc=0.9811, time=9.7s
per-rank: rank0[cuda0,share=0.3962,tput=2.41] rank1[cuda1,share=0.3081,tput=5.64] rank2[cuda2,share=0.2957,tput=3.13]
epoch 197: eval=0.9163
epoch 198: loss=0.055837, train_acc=0.9816, time=10.0s
per-rank: rank0[cuda0,share=0.4010,tput=3.15] rank1[cuda1,share=0.3070,tput=3.05] rank2[cuda2,share=0.2920,tput=2.58]
epoch 198: eval=0.9187
epoch 199: loss=0.058156, train_acc=0.9805, time=9.0s
per-rank: rank0[cuda0,share=0.4037,tput=3.29] rank1[cuda1,share=0.3042,tput=1.99] rank2[cuda2,share=0.2921,tput=4.24]
final eval=0.9189
# total: 1745.6s (29m 6s)
