# gpu0: NVIDIA GeForce RTX 5060 Ti (15GB, sm_120)
# gpu1: NVIDIA GeForce GTX 1060 6GB (5GB, sm_61)
# gpu2: NVIDIA GeForce GTX 1060 6GB (5GB, sm_61)
epoch 0: loss=1.972727, train_acc=0.2532, time=11.3s
per-rank: rank0[cuda0,share=0.3836,tput=2.11] rank1[cuda1,share=0.3200,tput=3.24] rank2[cuda2,share=0.2964,tput=3.86]
epoch 0: eval=0.3465
epoch 1: loss=1.641812, train_acc=0.3889, time=10.3s
per-rank: rank0[cuda0,share=0.4063,tput=2.53] rank1[cuda1,share=0.3047,tput=5.06] rank2[cuda2,share=0.2890,tput=2.34]
epoch 1: eval=0.4301
epoch 2: loss=1.399981, train_acc=0.4890, time=10.2s
per-rank: rank0[cuda0,share=0.4154,tput=2.70] rank2[cuda2,share=0.2982,tput=2.31] rank1[cuda1,share=0.2864,tput=4.76]
epoch 2: eval=0.4895
epoch 3: loss=1.197868, train_acc=0.5692, time=13.6s
per-rank: rank0[cuda0,share=0.3837,tput=1.89] rank2[cuda2,share=0.3122,tput=3.11] rank1[cuda1,share=0.3041,tput=5.19]
epoch 3: eval=0.5220
epoch 4: loss=1.082258, train_acc=0.6167, time=12.3s
per-rank: rank0[cuda0,share=0.3973,tput=1.86] rank2[cuda2,share=0.3047,tput=3.50] rank1[cuda1,share=0.2980,tput=2.41]
epoch 4: eval=0.4944
epoch 5: loss=0.987045, train_acc=0.6515, time=10.4s
per-rank: rank0[cuda0,share=0.3760,tput=2.91] rank1[cuda1,share=0.3195,tput=2.30] rank2[cuda2,share=0.3045,tput=3.27]
epoch 5: eval=0.6403
epoch 6: loss=0.899083, train_acc=0.6836, time=10.4s
per-rank: rank0[cuda0,share=0.4007,tput=2.97] rank1[cuda1,share=0.3054,tput=3.35] rank2[cuda2,share=0.2939,tput=1.96]
epoch 6: eval=0.6853
epoch 7: loss=0.824968, train_acc=0.7129, time=10.3s
per-rank: rank0[cuda0,share=0.3795,tput=2.57] rank1[cuda1,share=0.3282,tput=2.40] rank2[cuda2,share=0.2923,tput=3.22]
epoch 7: eval=0.6450
epoch 8: loss=0.772648, train_acc=0.7318, time=12.1s
per-rank: rank0[cuda0,share=0.3949,tput=1.92] rank1[cuda1,share=0.3146,tput=4.68] rank2[cuda2,share=0.2905,tput=2.86]
epoch 8: eval=0.5393
epoch 9: loss=0.732421, train_acc=0.7472, time=11.1s
per-rank: rank0[cuda0,share=0.3955,tput=2.32] rank1[cuda1,share=0.3048,tput=3.45] rank2[cuda2,share=0.2997,tput=2.48]
epoch 9: eval=0.5780
epoch 10: loss=0.700740, train_acc=0.7574, time=10.4s
per-rank: rank0[cuda0,share=0.3967,tput=2.06] rank1[cuda1,share=0.3083,tput=2.21] rank2[cuda2,share=0.2950,tput=4.93]
epoch 10: eval=0.6785
epoch 11: loss=0.666789, train_acc=0.7699, time=10.2s
per-rank: rank0[cuda0,share=0.4136,tput=3.44] rank2[cuda2,share=0.2949,tput=2.47] rank1[cuda1,share=0.2915,tput=2.88]
epoch 11: eval=0.7691
epoch 12: loss=0.653315, train_acc=0.7725, time=10.2s
per-rank: rank0[cuda0,share=0.3990,tput=3.09] rank1[cuda1,share=0.3022,tput=2.38] rank2[cuda2,share=0.2988,tput=3.17]
epoch 12: eval=0.7803
epoch 13: loss=0.627292, train_acc=0.7839, time=10.5s
per-rank: rank0[cuda0,share=0.3987,tput=1.96] rank2[cuda2,share=0.3056,tput=5.38] rank1[cuda1,share=0.2958,tput=2.07]
epoch 13: eval=0.7512
epoch 14: loss=0.617424, train_acc=0.7887, time=10.0s
per-rank: rank0[cuda0,share=0.3626,tput=2.77] rank2[cuda2,share=0.3243,tput=2.14] rank1[cuda1,share=0.3131,tput=3.83]
epoch 14: eval=0.7837
epoch 15: loss=0.611132, train_acc=0.7903, time=10.0s
per-rank: rank0[cuda0,share=0.3597,tput=3.14] rank1[cuda1,share=0.3275,tput=2.44] rank2[cuda2,share=0.3128,tput=3.01]
epoch 15: eval=0.7611
epoch 16: loss=0.608409, train_acc=0.7881, time=10.0s
per-rank: rank0[cuda0,share=0.3692,tput=2.28] rank1[cuda1,share=0.3224,tput=2.07] rank2[cuda2,share=0.3084,tput=5.40]
epoch 16: eval=0.7737
epoch 17: loss=0.586095, train_acc=0.7968, time=9.9s
per-rank: rank0[cuda0,share=0.3941,tput=2.33] rank1[cuda1,share=0.3063,tput=5.82] rank2[cuda2,share=0.2995,tput=1.92]
epoch 17: eval=0.7098
epoch 18: loss=0.581305, train_acc=0.8015, time=10.0s
per-rank: rank0[cuda0,share=0.4114,tput=3.27] rank1[cuda1,share=0.2960,tput=2.53] rank2[cuda2,share=0.2926,tput=2.49]
epoch 18: eval=0.8114
epoch 19: loss=0.574931, train_acc=0.8013, time=10.3s
per-rank: rank0[cuda0,share=0.4222,tput=3.08] rank2[cuda2,share=0.3019,tput=3.08] rank1[cuda1,share=0.2759,tput=2.19]
epoch 19: eval=0.7702
epoch 20: loss=0.555478, train_acc=0.8095, time=12.3s
per-rank: rank0[cuda0,share=0.4198,tput=2.02] rank1[cuda1,share=0.2901,tput=5.21] rank2[cuda2,share=0.2901,tput=3.04]
epoch 20: eval=0.7371
epoch 21: loss=0.544911, train_acc=0.8136, time=11.4s
per-rank: rank0[cuda0,share=0.3862,tput=1.74] rank1[cuda1,share=0.3144,tput=4.02] rank2[cuda2,share=0.2994,tput=2.68]
epoch 21: eval=0.8006
epoch 22: loss=0.530936, train_acc=0.8175, time=9.9s
per-rank: rank0[cuda0,share=0.3833,tput=4.06] rank2[cuda2,share=0.3155,tput=2.14] rank1[cuda1,share=0.3013,tput=3.12]
epoch 22: eval=0.7769
epoch 23: loss=0.522245, train_acc=0.8217, time=9.8s
per-rank: rank0[cuda0,share=0.4178,tput=3.40] rank2[cuda2,share=0.2934,tput=2.93] rank1[cuda1,share=0.2888,tput=2.33]
epoch 23: eval=0.7925
epoch 24: loss=0.523894, train_acc=0.8193, time=9.9s
per-rank: rank0[cuda0,share=0.4242,tput=2.49] rank2[cuda2,share=0.2886,tput=1.97] rank1[cuda1,share=0.2872,tput=6.17]
epoch 24: eval=0.6428
epoch 25: loss=0.519982, train_acc=0.8206, time=10.1s
per-rank: rank0[cuda0,share=0.3928,tput=1.92] rank1[cuda1,share=0.3050,tput=6.44] rank2[cuda2,share=0.3022,tput=2.36]
epoch 25: eval=0.7300
epoch 26: loss=0.515693, train_acc=0.8216, time=10.0s
per-rank: rank0[cuda0,share=0.3844,tput=3.38] rank1[cuda1,share=0.3231,tput=2.39] rank2[cuda2,share=0.2925,tput=3.05]
epoch 26: eval=0.8152
epoch 27: loss=0.500248, train_acc=0.8290, time=9.9s
per-rank: rank0[cuda0,share=0.3819,tput=1.95] rank1[cuda1,share=0.3139,tput=2.22] rank2[cuda2,share=0.3042,tput=6.52]
epoch 27: eval=0.7395
epoch 28: loss=0.494588, train_acc=0.8288, time=12.9s
per-rank: rank0[cuda0,share=0.3705,tput=1.83] rank2[cuda2,share=0.3203,tput=4.78] rank1[cuda1,share=0.3093,tput=3.11]
epoch 28: eval=0.6960
epoch 29: loss=0.497387, train_acc=0.8290, time=11.2s
per-rank: rank0[cuda0,share=0.3953,tput=2.95] rank1[cuda1,share=0.3031,tput=3.77] rank2[cuda2,share=0.3016,tput=2.21]
epoch 29: eval=0.7746
epoch 30: loss=0.500387, train_acc=0.8267, time=9.6s
per-rank: rank0[cuda0,share=0.4169,tput=2.15] rank1[cuda1,share=0.3025,tput=2.60] rank2[cuda2,share=0.2807,tput=5.87]
epoch 30: eval=0.7629
epoch 31: loss=0.485312, train_acc=0.8330, time=11.4s
per-rank: rank0[cuda0,share=0.4144,tput=2.09] rank1[cuda1,share=0.2954,tput=4.44] rank2[cuda2,share=0.2902,tput=3.37]
epoch 31: eval=0.7283
epoch 32: loss=0.492382, train_acc=0.8305, time=10.5s
per-rank: rank0[cuda0,share=0.3902,tput=2.04] rank2[cuda2,share=0.3161,tput=2.68] rank1[cuda1,share=0.2937,tput=4.02]
epoch 32: eval=0.7650
epoch 33: loss=0.485663, train_acc=0.8331, time=9.6s
per-rank: rank0[cuda0,share=0.3943,tput=2.25] rank2[cuda2,share=0.3111,tput=5.46] rank1[cuda1,share=0.2947,tput=2.25]
epoch 33: eval=0.8018
epoch 34: loss=0.489506, train_acc=0.8314, time=13.0s
per-rank: rank0[cuda0,share=0.3801,tput=1.88] rank2[cuda2,share=0.3170,tput=4.59] rank1[cuda1,share=0.3029,tput=3.28]
epoch 34: eval=0.8195
epoch 35: loss=0.471420, train_acc=0.8385, time=11.1s
per-rank: rank0[cuda0,share=0.3837,tput=2.50] rank1[cuda1,share=0.3140,tput=4.33] rank2[cuda2,share=0.3023,tput=2.26]
epoch 35: eval=0.7825
epoch 36: loss=0.472192, train_acc=0.8377, time=9.8s
per-rank: rank0[cuda0,share=0.4158,tput=3.13] rank1[cuda1,share=0.2984,tput=3.16] rank2[cuda2,share=0.2857,tput=2.32]
epoch 36: eval=0.8146
epoch 37: loss=0.469806, train_acc=0.8403, time=9.8s
per-rank: rank0[cuda0,share=0.4076,tput=3.53] rank2[cuda2,share=0.3061,tput=3.30] rank1[cuda1,share=0.2864,tput=2.07]
epoch 37: eval=0.7955
epoch 38: loss=0.471577, train_acc=0.8375, time=11.7s
per-rank: rank0[cuda0,share=0.4163,tput=2.11] rank2[cuda2,share=0.3079,tput=5.00] rank1[cuda1,share=0.2758,tput=3.08]
epoch 38: eval=0.8297
epoch 39: loss=0.463599, train_acc=0.8407, time=10.8s
per-rank: rank0[cuda0,share=0.4088,tput=2.44] rank2[cuda2,share=0.3055,tput=2.57] rank1[cuda1,share=0.2857,tput=3.80]
epoch 39: eval=0.8252
epoch 40: loss=0.465376, train_acc=0.8396, time=12.4s
per-rank: rank0[cuda0,share=0.3956,tput=1.92] rank1[cuda1,share=0.3118,tput=3.20] rank2[cuda2,share=0.2926,tput=4.75]
epoch 40: eval=0.7629
epoch 41: loss=0.460692, train_acc=0.8391, time=11.2s
per-rank: rank0[cuda0,share=0.4124,tput=2.47] rank1[cuda1,share=0.2966,tput=2.26] rank2[cuda2,share=0.2910,tput=3.85]
epoch 41: eval=0.8218
epoch 42: loss=0.452773, train_acc=0.8442, time=9.8s
per-rank: rank0[cuda0,share=0.4068,tput=2.74] rank1[cuda1,share=0.3107,tput=5.55] rank2[cuda2,share=0.2825,tput=2.02]
epoch 42: eval=0.7895
epoch 43: loss=0.451363, train_acc=0.8442, time=12.5s
per-rank: rank0[cuda0,share=0.3895,tput=1.98] rank1[cuda1,share=0.3215,tput=4.80] rank2[cuda2,share=0.2890,tput=3.19]
epoch 43: eval=0.8107
epoch 44: loss=0.450002, train_acc=0.8441, time=11.2s
per-rank: rank0[cuda0,share=0.4082,tput=2.30] rank1[cuda1,share=0.3033,tput=3.36] rank2[cuda2,share=0.2885,tput=2.61]
epoch 44: eval=0.6779
epoch 45: loss=0.543381, train_acc=0.8127, time=10.4s
per-rank: rank0[cuda0,share=0.4016,tput=4.21] rank1[cuda1,share=0.3049,tput=2.35] rank2[cuda2,share=0.2934,tput=3.00]
epoch 45: eval=0.7337
epoch 46: loss=0.527001, train_acc=0.8197, time=9.5s
per-rank: rank0[cuda0,share=0.3977,tput=2.36] rank1[cuda1,share=0.3069,tput=5.77] rank2[cuda2,share=0.2954,tput=2.09]
epoch 46: eval=0.7688
epoch 47: loss=0.517059, train_acc=0.8212, time=9.8s
per-rank: rank0[cuda0,share=0.3922,tput=3.16] rank1[cuda1,share=0.3097,tput=2.08] rank2[cuda2,share=0.2981,tput=4.76]
epoch 47: eval=0.7611
epoch 48: loss=0.511209, train_acc=0.8237, time=11.5s
per-rank: rank0[cuda0,share=0.3883,tput=1.94] rank1[cuda1,share=0.3116,tput=2.93] rank2[cuda2,share=0.3000,tput=4.88]
epoch 48: eval=0.7936
epoch 49: loss=0.505793, train_acc=0.8266, time=10.5s
per-rank: rank0[cuda0,share=0.3855,tput=2.59] rank1[cuda1,share=0.3134,tput=3.27] rank2[cuda2,share=0.3012,tput=2.62]
epoch 49: eval=0.8182
epoch 50: loss=0.497178, train_acc=0.8290, time=9.4s
per-rank: rank0[cuda0,share=0.3843,tput=2.56] rank1[cuda1,share=0.3127,tput=4.84] rank2[cuda2,share=0.3029,tput=2.30]
epoch 50: eval=0.7803
epoch 51: loss=0.505123, train_acc=0.8260, time=11.9s
per-rank: rank0[cuda0,share=0.3834,tput=1.92] rank1[cuda1,share=0.3124,tput=4.93] rank2[cuda2,share=0.3042,tput=3.10]
epoch 51: eval=0.7608
epoch 52: loss=0.492873, train_acc=0.8298, time=11.0s
per-rank: rank0[cuda0,share=0.3830,tput=2.30] rank1[cuda1,share=0.3119,tput=3.96] rank2[cuda2,share=0.3052,tput=2.30]
epoch 52: eval=0.7646
epoch 53: loss=0.496841, train_acc=0.8282, time=11.4s
per-rank: rank0[cuda0,share=0.3827,tput=1.99] rank1[cuda1,share=0.3114,tput=2.98] rank2[cuda2,share=0.3059,tput=5.07]
epoch 53: eval=0.7936
epoch 54: loss=0.495992, train_acc=0.8306, time=10.9s
per-rank: rank0[cuda0,share=0.3827,tput=2.39] rank1[cuda1,share=0.3110,tput=3.26] rank2[cuda2,share=0.3064,tput=2.53]
epoch 54: eval=0.7726
epoch 55: loss=0.489359, train_acc=0.8324, time=10.0s
per-rank: rank0[cuda0,share=0.3820,tput=2.13] rank1[cuda1,share=0.3104,tput=2.11] rank2[cuda2,share=0.3076,tput=5.52]
epoch 55: eval=0.7365
epoch 56: loss=0.489523, train_acc=0.8328, time=9.7s
per-rank: rank0[cuda0,share=0.3814,tput=2.03] rank1[cuda1,share=0.3098,tput=5.36] rank2[cuda2,share=0.3088,tput=2.29]
epoch 56: eval=0.7786
epoch 57: loss=0.492347, train_acc=0.8305, time=9.3s
per-rank: rank0[cuda0,share=0.3821,tput=2.40] rank2[cuda2,share=0.3094,tput=2.06] rank1[cuda1,share=0.3085,tput=6.11]
epoch 57: eval=0.7699
epoch 58: loss=0.491123, train_acc=0.8296, time=11.7s
per-rank: rank0[cuda0,share=0.3828,tput=1.99] rank2[cuda2,share=0.3100,tput=4.11] rank1[cuda1,share=0.3072,tput=3.52]
epoch 58: eval=0.7895
epoch 59: loss=0.492899, train_acc=0.8283, time=10.8s
per-rank: rank0[cuda0,share=0.3835,tput=2.24] rank2[cuda2,share=0.3106,tput=3.35] rank1[cuda1,share=0.3059,tput=2.64]
epoch 59: eval=0.8220
epoch 60: loss=0.484142, train_acc=0.8341, time=9.6s
per-rank: rank0[cuda0,share=0.3835,tput=3.72] rank2[cuda2,share=0.3106,tput=2.34] rank1[cuda1,share=0.3059,tput=2.94]
epoch 60: eval=0.7758
epoch 61: loss=0.485129, train_acc=0.8311, time=11.7s
per-rank: rank0[cuda0,share=0.3849,tput=1.98] rank2[cuda2,share=0.3099,tput=4.32] rank1[cuda1,share=0.3052,tput=3.12]
epoch 61: eval=0.7907
epoch 62: loss=0.488088, train_acc=0.8325, time=10.6s
per-rank: rank0[cuda0,share=0.3862,tput=2.19] rank2[cuda2,share=0.3092,tput=3.60] rank1[cuda1,share=0.3046,tput=2.69]
epoch 62: eval=0.8274
epoch 63: loss=0.494239, train_acc=0.8314, time=12.1s
per-rank: rank0[cuda0,share=0.3875,tput=1.96] rank2[cuda2,share=0.3085,tput=4.46] rank1[cuda1,share=0.3039,tput=3.29]
epoch 63: eval=0.6611
epoch 64: loss=0.478511, train_acc=0.8350, time=10.9s
per-rank: rank0[cuda0,share=0.3889,tput=2.29] rank2[cuda2,share=0.3079,tput=3.49] rank1[cuda1,share=0.3033,tput=2.59]
epoch 64: eval=0.8350
epoch 65: loss=0.476464, train_acc=0.8362, time=9.8s
per-rank: rank0[cuda0,share=0.3889,tput=2.27] rank2[cuda2,share=0.3079,tput=4.31] rank1[cuda1,share=0.3033,tput=2.55]
epoch 65: eval=0.7293
epoch 66: loss=0.485685, train_acc=0.8341, time=9.7s
per-rank: rank0[cuda0,share=0.3902,tput=2.77] rank2[cuda2,share=0.3072,tput=2.13] rank1[cuda1,share=0.3026,tput=3.99]
epoch 66: eval=0.8110
epoch 67: loss=0.480957, train_acc=0.8342, time=9.5s
per-rank: rank0[cuda0,share=0.3909,tput=3.61] rank2[cuda2,share=0.3061,tput=2.42] rank1[cuda1,share=0.3030,tput=2.96]
epoch 67: eval=0.7451
epoch 68: loss=0.480542, train_acc=0.8339, time=9.5s
per-rank: rank0[cuda0,share=0.3916,tput=2.36] rank2[cuda2,share=0.3050,tput=2.11] rank1[cuda1,share=0.3034,tput=5.25]
epoch 68: eval=0.7741
epoch 69: loss=0.486654, train_acc=0.8317, time=10.6s
per-rank: rank0[cuda0,share=0.3923,tput=2.22] rank1[cuda1,share=0.3039,tput=3.70] rank2[cuda2,share=0.3039,tput=4.06]
epoch 69: eval=0.7227
epoch 70: loss=0.477900, train_acc=0.8357, time=10.2s
per-rank: rank0[cuda0,share=0.3930,tput=3.46] rank1[cuda1,share=0.3043,tput=3.13] rank2[cuda2,share=0.3028,tput=2.17]
epoch 70: eval=0.8127
epoch 71: loss=0.479355, train_acc=0.8344, time=9.5s
per-rank: rank0[cuda0,share=0.3949,tput=2.24] rank1[cuda1,share=0.3040,tput=5.47] rank2[cuda2,share=0.3010,tput=2.25]
epoch 71: eval=0.8123
epoch 72: loss=0.467834, train_acc=0.8401, time=9.4s
per-rank: rank0[cuda0,share=0.3956,tput=3.24] rank1[cuda1,share=0.3044,tput=2.23] rank2[cuda2,share=0.2999,tput=3.36]
epoch 72: eval=0.8024
epoch 73: loss=0.480202, train_acc=0.8346, time=12.6s
per-rank: rank0[cuda0,share=0.3963,tput=1.89] rank1[cuda1,share=0.3048,tput=3.37] rank2[cuda2,share=0.2989,tput=4.97]
epoch 73: eval=0.7817
epoch 74: loss=0.480164, train_acc=0.8348, time=11.0s
per-rank: rank0[cuda0,share=0.3970,tput=2.21] rank1[cuda1,share=0.3052,tput=2.65] rank2[cuda2,share=0.2978,tput=3.95]
epoch 74: eval=0.8288
epoch 75: loss=0.484474, train_acc=0.8332, time=9.8s
per-rank: rank0[cuda0,share=0.3976,tput=3.43] rank1[cuda1,share=0.3056,tput=2.72] rank2[cuda2,share=0.2967,tput=2.62]
epoch 75: eval=0.8027
epoch 76: loss=0.479686, train_acc=0.8335, time=9.9s
per-rank: rank0[cuda0,share=0.3976,tput=2.71] rank1[cuda1,share=0.3056,tput=3.37] rank2[cuda2,share=0.2967,tput=2.51]
epoch 76: eval=0.8071
epoch 77: loss=0.475626, train_acc=0.8362, time=9.6s
per-rank: rank0[cuda0,share=0.3961,tput=3.28] rank1[cuda1,share=0.3072,tput=2.20] rank2[cuda2,share=0.2968,tput=3.47]
epoch 77: eval=0.7882
epoch 78: loss=0.467181, train_acc=0.8377, time=9.5s
per-rank: rank0[cuda0,share=0.3951,tput=3.28] rank1[cuda1,share=0.3077,tput=2.29] rank2[cuda2,share=0.2973,tput=3.45]
epoch 78: eval=0.7840
epoch 79: loss=0.469984, train_acc=0.8371, time=9.7s
per-rank: rank0[cuda0,share=0.3941,tput=3.32] rank1[cuda1,share=0.3082,tput=3.31] rank2[cuda2,share=0.2978,tput=2.17]
epoch 79: eval=0.7542
epoch 80: loss=0.474239, train_acc=0.8368, time=9.5s
per-rank: rank0[cuda0,share=0.3931,tput=3.71] rank1[cuda1,share=0.3087,tput=3.45] rank2[cuda2,share=0.2982,tput=1.98]
epoch 80: eval=0.7244
epoch 81: loss=0.471901, train_acc=0.8377, time=9.4s
per-rank: rank0[cuda0,share=0.3921,tput=4.03] rank1[cuda1,share=0.3092,tput=3.29] rank2[cuda2,share=0.2987,tput=1.95]
epoch 81: eval=0.8036
epoch 82: loss=0.471019, train_acc=0.8387, time=9.4s
per-rank: rank0[cuda0,share=0.3920,tput=2.57] rank1[cuda1,share=0.3092,tput=5.78] rank2[cuda2,share=0.2988,tput=1.92]
epoch 82: eval=0.7374
epoch 83: loss=0.474916, train_acc=0.8375, time=9.4s
per-rank: rank0[cuda0,share=0.3919,tput=3.54] rank1[cuda1,share=0.3093,tput=1.92] rank2[cuda2,share=0.2988,tput=3.72]
epoch 83: eval=0.7989
epoch 84: loss=0.471735, train_acc=0.8390, time=11.6s
per-rank: rank0[cuda0,share=0.3918,tput=2.06] rank1[cuda1,share=0.3093,tput=3.14] rank2[cuda2,share=0.2989,tput=4.96]
epoch 84: eval=0.7556
epoch 85: loss=0.471664, train_acc=0.8381, time=10.6s
per-rank: rank0[cuda0,share=0.3917,tput=2.10] rank1[cuda1,share=0.3094,tput=2.70] rank2[cuda2,share=0.2989,tput=3.90]
epoch 85: eval=0.7606
epoch 86: loss=0.474079, train_acc=0.8377, time=9.5s
per-rank: rank0[cuda0,share=0.3916,tput=2.79] rank1[cuda1,share=0.3094,tput=3.75] rank2[cuda2,share=0.2990,tput=2.24]
epoch 86: eval=0.8226
epoch 87: loss=0.481228, train_acc=0.8343, time=12.8s
per-rank: rank0[cuda0,share=0.3923,tput=1.89] rank1[cuda1,share=0.3091,tput=3.56] rank2[cuda2,share=0.2986,tput=4.93]
epoch 87: eval=0.8186
epoch 88: loss=0.477827, train_acc=0.8360, time=11.9s
per-rank: rank0[cuda0,share=0.3923,tput=1.79] rank1[cuda1,share=0.3091,tput=3.93] rank2[cuda2,share=0.2986,tput=2.90]
epoch 88: eval=0.8045
epoch 89: loss=0.468357, train_acc=0.8381, time=9.9s
per-rank: rank0[cuda0,share=0.3919,tput=2.86] rank1[cuda1,share=0.3085,tput=2.11] rank2[cuda2,share=0.2996,tput=3.87]
epoch 89: eval=0.8126
epoch 90: loss=0.468733, train_acc=0.8393, time=9.4s
per-rank: rank0[cuda0,share=0.3916,tput=3.76] rank1[cuda1,share=0.3078,tput=3.14] rank2[cuda2,share=0.3006,tput=2.20]
epoch 90: eval=0.8144
epoch 91: loss=0.470143, train_acc=0.8375, time=9.5s
per-rank: rank0[cuda0,share=0.3912,tput=4.07] rank1[cuda1,share=0.3072,tput=2.17] rank2[cuda2,share=0.3016,tput=2.80]
epoch 91: eval=0.7303
epoch 92: loss=0.458868, train_acc=0.8416, time=10.0s
per-rank: rank0[cuda0,share=0.3900,tput=2.30] rank1[cuda1,share=0.3061,tput=2.91] rank2[cuda2,share=0.3039,tput=4.81]
epoch 92: eval=0.8387
epoch 93: loss=0.468118, train_acc=0.8395, time=9.8s
per-rank: rank0[cuda0,share=0.3909,tput=3.50] rank1[cuda1,share=0.3048,tput=3.33] rank2[cuda2,share=0.3042,tput=2.10]
epoch 93: eval=0.8408
epoch 94: loss=0.471525, train_acc=0.8381, time=9.4s
per-rank: rank0[cuda0,share=0.3909,tput=3.81] rank1[cuda1,share=0.3048,tput=3.98] rank2[cuda2,share=0.3042,tput=2.59]
epoch 94: eval=0.8074
epoch 95: loss=0.468188, train_acc=0.8394, time=9.8s
per-rank: rank0[cuda0,share=0.3919,tput=2.07] rank2[cuda2,share=0.3046,tput=5.36] rank1[cuda1,share=0.3035,tput=2.37]
epoch 95: eval=0.7556
epoch 96: loss=0.467568, train_acc=0.8393, time=9.5s
per-rank: rank0[cuda0,share=0.3928,tput=2.37] rank2[cuda2,share=0.3050,tput=4.99] rank1[cuda1,share=0.3022,tput=2.49]
epoch 96: eval=0.7418
epoch 97: loss=0.461139, train_acc=0.8429, time=9.3s
per-rank: rank0[cuda0,share=0.3937,tput=2.85] rank2[cuda2,share=0.3053,tput=3.43] rank1[cuda1,share=0.3009,tput=2.61]
epoch 97: eval=0.7778
epoch 98: loss=0.462150, train_acc=0.8403, time=9.4s
per-rank: rank0[cuda0,share=0.3962,tput=3.66] rank2[cuda2,share=0.3049,tput=1.89] rank1[cuda1,share=0.2988,tput=3.46]
epoch 98: eval=0.7879
epoch 99: loss=0.463025, train_acc=0.8376, time=9.4s
per-rank: rank0[cuda0,share=0.3997,tput=2.22] rank2[cuda2,share=0.3032,tput=4.87] rank1[cuda1,share=0.2971,tput=2.49]
epoch 99: eval=0.7950
epoch 100: loss=0.421272, train_acc=0.8555, time=11.7s
per-rank: rank0[cuda0,share=0.4032,tput=2.09] rank2[cuda2,share=0.3014,tput=3.65] rank1[cuda1,share=0.2954,tput=4.43]
epoch 100: eval=0.8960
epoch 101: loss=0.258131, train_acc=0.9109, time=10.5s
per-rank: rank0[cuda0,share=0.4066,tput=2.36] rank2[cuda2,share=0.2997,tput=3.74] rank1[cuda1,share=0.2937,tput=2.60]
epoch 101: eval=0.8986
epoch 102: loss=0.238097, train_acc=0.9170, time=12.0s
per-rank: rank0[cuda0,share=0.4099,tput=2.04] rank2[cuda2,share=0.2980,tput=4.98] rank1[cuda1,share=0.2921,tput=3.56]
epoch 102: eval=0.8997
epoch 103: loss=0.227677, train_acc=0.9204, time=10.8s
per-rank: rank0[cuda0,share=0.4099,tput=2.35] rank2[cuda2,share=0.2980,tput=3.91] rank1[cuda1,share=0.2921,tput=2.49]
epoch 103: eval=0.8956
epoch 104: loss=0.219869, train_acc=0.9223, time=11.9s
per-rank: rank0[cuda0,share=0.4107,tput=2.06] rank2[cuda2,share=0.2985,tput=3.31] rank1[cuda1,share=0.2907,tput=5.17]
epoch 104: eval=0.9045
epoch 105: loss=0.214566, train_acc=0.9249, time=10.6s
per-rank: rank0[cuda0,share=0.4107,tput=2.40] rank2[cuda2,share=0.2985,tput=2.65] rank1[cuda1,share=0.2907,tput=3.83]
epoch 105: eval=0.9052
epoch 106: loss=0.207581, train_acc=0.9283, time=9.4s
per-rank: rank0[cuda0,share=0.4099,tput=2.99] rank2[cuda2,share=0.2999,tput=2.22] rank1[cuda1,share=0.2903,tput=3.82]
epoch 106: eval=0.9029
epoch 107: loss=0.200542, train_acc=0.9312, time=9.3s
per-rank: rank0[cuda0,share=0.4090,tput=3.64] rank2[cuda2,share=0.3012,tput=2.82] rank1[cuda1,share=0.2898,tput=2.43]
epoch 107: eval=0.9057
epoch 108: loss=0.198121, train_acc=0.9311, time=9.5s
per-rank: rank0[cuda0,share=0.4082,tput=3.02] rank2[cuda2,share=0.3026,tput=3.40] rank1[cuda1,share=0.2893,tput=2.37]
epoch 108: eval=0.9061
epoch 109: loss=0.195644, train_acc=0.9313, time=9.3s
per-rank: rank0[cuda0,share=0.4073,tput=3.09] rank2[cuda2,share=0.3040,tput=3.22] rank1[cuda1,share=0.2888,tput=2.48]
epoch 109: eval=0.9086
epoch 110: loss=0.191433, train_acc=0.9335, time=12.1s
per-rank: rank0[cuda0,share=0.4064,tput=1.97] rank2[cuda2,share=0.3053,tput=4.46] rank1[cuda1,share=0.2882,tput=3.90]
epoch 110: eval=0.9093
epoch 111: loss=0.188520, train_acc=0.9337, time=10.8s
per-rank: rank0[cuda0,share=0.4055,tput=2.20] rank2[cuda2,share=0.3067,tput=2.74] rank1[cuda1,share=0.2877,tput=3.84]
epoch 111: eval=0.9091
epoch 112: loss=0.185074, train_acc=0.9354, time=9.4s
per-rank: rank0[cuda0,share=0.4053,tput=2.55] rank2[cuda2,share=0.3070,tput=4.90] rank1[cuda1,share=0.2877,tput=2.43]
epoch 112: eval=0.9107
epoch 113: loss=0.183063, train_acc=0.9359, time=9.3s
per-rank: rank0[cuda0,share=0.4051,tput=3.78] rank2[cuda2,share=0.3072,tput=1.85] rank1[cuda1,share=0.2877,tput=3.59]
epoch 113: eval=0.9084
epoch 114: loss=0.180342, train_acc=0.9377, time=9.3s
per-rank: rank0[cuda0,share=0.4042,tput=2.39] rank2[cuda2,share=0.3070,tput=4.53] rank1[cuda1,share=0.2889,tput=2.66]
epoch 114: eval=0.9095
epoch 115: loss=0.176264, train_acc=0.9380, time=9.4s
per-rank: rank0[cuda0,share=0.4042,tput=2.09] rank2[cuda2,share=0.3052,tput=2.37] rank1[cuda1,share=0.2906,tput=5.88]
epoch 115: eval=0.9099
epoch 116: loss=0.175858, train_acc=0.9382, time=11.2s
per-rank: rank0[cuda0,share=0.4042,tput=2.18] rank2[cuda2,share=0.3035,tput=3.70] rank1[cuda1,share=0.2923,tput=4.14]
epoch 116: eval=0.9086
epoch 117: loss=0.170833, train_acc=0.9409, time=10.5s
per-rank: rank0[cuda0,share=0.4042,tput=2.60] rank2[cuda2,share=0.3018,tput=3.94] rank1[cuda1,share=0.2940,tput=2.37]
epoch 117: eval=0.9083
epoch 118: loss=0.170759, train_acc=0.9398, time=9.5s
per-rank: rank0[cuda0,share=0.4048,tput=3.51] rank2[cuda2,share=0.3006,tput=3.20] rank1[cuda1,share=0.2946,tput=2.18]
epoch 118: eval=0.9133
epoch 119: loss=0.168118, train_acc=0.9405, time=11.9s
per-rank: rank0[cuda0,share=0.4054,tput=2.05] rank2[cuda2,share=0.2993,tput=4.49] rank1[cuda1,share=0.2952,tput=3.60]
epoch 119: eval=0.9124
epoch 120: loss=0.166190, train_acc=0.9414, time=10.5s
per-rank: rank0[cuda0,share=0.4054,tput=2.16] rank2[cuda2,share=0.2993,tput=2.54] rank1[cuda1,share=0.2952,tput=4.12]
epoch 120: eval=0.9034
epoch 121: loss=0.162809, train_acc=0.9419, time=9.3s
per-rank: rank0[cuda0,share=0.4061,tput=3.39] rank2[cuda2,share=0.2981,tput=2.93] rank1[cuda1,share=0.2959,tput=2.47]
epoch 121: eval=0.9089
epoch 122: loss=0.159400, train_acc=0.9442, time=11.7s
per-rank: rank0[cuda0,share=0.4067,tput=2.11] rank2[cuda2,share=0.2967,tput=4.50] rank1[cuda1,share=0.2966,tput=3.80]
epoch 122: eval=0.9099
epoch 123: loss=0.164292, train_acc=0.9432, time=10.8s
per-rank: rank0[cuda0,share=0.4067,tput=3.17] rank2[cuda2,share=0.2967,tput=2.59] rank1[cuda1,share=0.2966,tput=3.34]
epoch 123: eval=0.9089
epoch 124: loss=0.158605, train_acc=0.9442, time=9.6s
per-rank: rank0[cuda0,share=0.4066,tput=2.24] rank1[cuda1,share=0.2967,tput=5.42] rank2[cuda2,share=0.2967,tput=2.33]
epoch 124: eval=0.9125
epoch 125: loss=0.158810, train_acc=0.9445, time=9.4s
per-rank: rank0[cuda0,share=0.4072,tput=3.00] rank2[cuda2,share=0.2972,tput=2.45] rank1[cuda1,share=0.2956,tput=3.31]
epoch 125: eval=0.9102
epoch 126: loss=0.161386, train_acc=0.9424, time=9.4s
per-rank: rank0[cuda0,share=0.4079,tput=2.81] rank2[cuda2,share=0.2976,tput=3.38] rank1[cuda1,share=0.2945,tput=2.59]
epoch 126: eval=0.9037
epoch 127: loss=0.155077, train_acc=0.9450, time=9.4s
per-rank: rank0[cuda0,share=0.4069,tput=1.96] rank2[cuda2,share=0.2989,tput=5.05] rank1[cuda1,share=0.2942,tput=2.75]
epoch 127: eval=0.9070
epoch 128: loss=0.154094, train_acc=0.9453, time=9.3s
per-rank: rank0[cuda0,share=0.4066,tput=2.59] rank2[cuda2,share=0.2991,tput=1.87] rank1[cuda1,share=0.2943,tput=6.28]
epoch 128: eval=0.9097
epoch 129: loss=0.158327, train_acc=0.9438, time=12.6s
per-rank: rank0[cuda0,share=0.4057,tput=1.91] rank2[cuda2,share=0.2988,tput=3.35] rank1[cuda1,share=0.2956,tput=5.40]
epoch 129: eval=0.9042
epoch 130: loss=0.155058, train_acc=0.9459, time=11.2s
per-rank: rank0[cuda0,share=0.4047,tput=2.24] rank2[cuda2,share=0.2985,tput=3.56] rank1[cuda1,share=0.2969,tput=2.76]
epoch 130: eval=0.9092
epoch 131: loss=0.152150, train_acc=0.9469, time=11.8s
per-rank: rank0[cuda0,share=0.4037,tput=2.01] rank1[cuda1,share=0.2981,tput=4.82] rank2[cuda2,share=0.2981,tput=3.47]
epoch 131: eval=0.9104
epoch 132: loss=0.150759, train_acc=0.9471, time=10.7s
per-rank: rank0[cuda0,share=0.4027,tput=2.62] rank1[cuda1,share=0.2994,tput=3.49] rank2[cuda2,share=0.2978,tput=2.53]
epoch 132: eval=0.9049
epoch 133: loss=0.151380, train_acc=0.9473, time=9.4s
per-rank: rank0[cuda0,share=0.4017,tput=2.03] rank1[cuda1,share=0.3008,tput=2.68] rank2[cuda2,share=0.2975,tput=5.17]
epoch 133: eval=0.9032
epoch 134: loss=0.149440, train_acc=0.9472, time=9.3s
per-rank: rank0[cuda0,share=0.4007,tput=2.67] rank1[cuda1,share=0.3021,tput=3.90] rank2[cuda2,share=0.2972,tput=2.33]
epoch 134: eval=0.9062
epoch 135: loss=0.148968, train_acc=0.9468, time=9.2s
per-rank: rank0[cuda0,share=0.3997,tput=2.65] rank1[cuda1,share=0.3034,tput=2.44] rank2[cuda2,share=0.2969,tput=4.83]
epoch 135: eval=0.9105
epoch 136: loss=0.147557, train_acc=0.9479, time=9.4s
per-rank: rank0[cuda0,share=0.3987,tput=3.04] rank1[cuda1,share=0.3048,tput=2.32] rank2[cuda2,share=0.2965,tput=3.38]
epoch 136: eval=0.9016
epoch 137: loss=0.146381, train_acc=0.9475, time=11.6s
per-rank: rank0[cuda0,share=0.3993,tput=2.05] rank1[cuda1,share=0.3053,tput=5.20] rank2[cuda2,share=0.2954,tput=3.06]
epoch 137: eval=0.9049
epoch 138: loss=0.144942, train_acc=0.9484, time=10.5s
per-rank: rank0[cuda0,share=0.3993,tput=2.38] rank1[cuda1,share=0.3053,tput=3.83] rank2[cuda2,share=0.2954,tput=2.44]
epoch 138: eval=0.9069
epoch 139: loss=0.147709, train_acc=0.9469, time=9.4s
per-rank: rank0[cuda0,share=0.3993,tput=3.44] rank1[cuda1,share=0.3053,tput=3.36] rank2[cuda2,share=0.2954,tput=2.25]
epoch 139: eval=0.8981
epoch 140: loss=0.146200, train_acc=0.9489, time=9.3s
per-rank: rank0[cuda0,share=0.3993,tput=2.66] rank1[cuda1,share=0.3053,tput=5.84] rank2[cuda2,share=0.2954,tput=1.88]
epoch 140: eval=0.9007
epoch 141: loss=0.142436, train_acc=0.9499, time=9.4s
per-rank: rank0[cuda0,share=0.3993,tput=2.44] rank1[cuda1,share=0.3053,tput=2.41] rank2[cuda2,share=0.2954,tput=5.32]
epoch 141: eval=0.9034
epoch 142: loss=0.143830, train_acc=0.9490, time=12.2s
per-rank: rank0[cuda0,share=0.4006,tput=1.99] rank1[cuda1,share=0.3046,tput=3.03] rank2[cuda2,share=0.2947,tput=5.25]
epoch 142: eval=0.8973
epoch 143: loss=0.142330, train_acc=0.9504, time=10.6s
per-rank: rank0[cuda0,share=0.4019,tput=2.30] rank1[cuda1,share=0.3040,tput=3.88] rank2[cuda2,share=0.2941,tput=2.73]
epoch 143: eval=0.9060
epoch 144: loss=0.144014, train_acc=0.9491, time=11.5s
per-rank: rank0[cuda0,share=0.4032,tput=2.12] rank1[cuda1,share=0.3033,tput=3.11] rank2[cuda2,share=0.2935,tput=5.02]
epoch 144: eval=0.9002
epoch 145: loss=0.140669, train_acc=0.9492, time=10.6s
per-rank: rank0[cuda0,share=0.4037,tput=2.17] rank1[cuda1,share=0.3022,tput=2.92] rank2[cuda2,share=0.2940,tput=3.48]
epoch 145: eval=0.9055
epoch 146: loss=0.141522, train_acc=0.9507, time=11.1s
per-rank: rank0[cuda0,share=0.4043,tput=2.19] rank1[cuda1,share=0.3011,tput=4.61] rank2[cuda2,share=0.2946,tput=3.32]
epoch 146: eval=0.8956
epoch 147: loss=0.143908, train_acc=0.9493, time=10.3s
per-rank: rank0[cuda0,share=0.4049,tput=2.89] rank1[cuda1,share=0.3000,tput=2.57] rank2[cuda2,share=0.2951,tput=3.37]
epoch 147: eval=0.8975
epoch 148: loss=0.141869, train_acc=0.9500, time=9.3s
per-rank: rank0[cuda0,share=0.4055,tput=3.67] rank1[cuda1,share=0.2989,tput=3.60] rank2[cuda2,share=0.2956,tput=1.98]
epoch 148: eval=0.9041
epoch 149: loss=0.143741, train_acc=0.9483, time=9.6s
per-rank: rank0[cuda0,share=0.4060,tput=3.09] rank1[cuda1,share=0.2978,tput=2.32] rank2[cuda2,share=0.2962,tput=3.20]
epoch 149: eval=0.8889
epoch 150: loss=0.117201, train_acc=0.9596, time=9.6s
per-rank: rank0[cuda0,share=0.4066,tput=3.33] rank1[cuda1,share=0.2967,tput=3.39] rank2[cuda2,share=0.2967,tput=2.06]
epoch 150: eval=0.9159
epoch 151: loss=0.091158, train_acc=0.9697, time=9.3s
per-rank: rank0[cuda0,share=0.4078,tput=2.94] rank2[cuda2,share=0.2962,tput=5.05] rank1[cuda1,share=0.2960,tput=2.22]
epoch 151: eval=0.9189
epoch 152: loss=0.089856, train_acc=0.9697, time=11.4s
per-rank: rank0[cuda0,share=0.4089,tput=2.18] rank2[cuda2,share=0.2958,tput=3.43] rank1[cuda1,share=0.2953,tput=4.61]
epoch 152: eval=0.9208
epoch 153: loss=0.087049, train_acc=0.9703, time=10.5s
per-rank: rank0[cuda0,share=0.4089,tput=2.33] rank2[cuda2,share=0.2958,tput=2.47] rank1[cuda1,share=0.2953,tput=3.92]
epoch 153: eval=0.9186
epoch 154: loss=0.082963, train_acc=0.9724, time=11.4s
per-rank: rank0[cuda0,share=0.4120,tput=2.24] rank1[cuda1,share=0.2944,tput=3.67] rank2[cuda2,share=0.2936,tput=4.48]
epoch 154: eval=0.9200
epoch 155: loss=0.086856, train_acc=0.9709, time=10.7s
per-rank: rank0[cuda0,share=0.4120,tput=1.94] rank1[cuda1,share=0.2944,tput=3.91] rank2[cuda2,share=0.2936,tput=2.55]
epoch 155: eval=0.9198
epoch 156: loss=0.080901, train_acc=0.9727, time=9.5s
per-rank: rank0[cuda0,share=0.4139,tput=2.22] rank1[cuda1,share=0.2942,tput=5.72] rank2[cuda2,share=0.2919,tput=2.36]
epoch 156: eval=0.9197
epoch 157: loss=0.080350, train_acc=0.9734, time=9.4s
per-rank: rank0[cuda0,share=0.4158,tput=2.93] rank1[cuda1,share=0.2940,tput=4.78] rank2[cuda2,share=0.2902,tput=2.41]
epoch 157: eval=0.9180
epoch 158: loss=0.080818, train_acc=0.9729, time=9.4s
per-rank: rank0[cuda0,share=0.4165,tput=3.32] rank1[cuda1,share=0.2945,tput=2.38] rank2[cuda2,share=0.2891,tput=3.32]
epoch 158: eval=0.9198
epoch 159: loss=0.080433, train_acc=0.9730, time=9.4s
per-rank: rank0[cuda0,share=0.4171,tput=3.46] rank1[cuda1,share=0.2949,tput=2.09] rank2[cuda2,share=0.2880,tput=3.52]
epoch 159: eval=0.9199
epoch 160: loss=0.081241, train_acc=0.9732, time=9.3s
per-rank: rank0[cuda0,share=0.4177,tput=2.61] rank1[cuda1,share=0.2954,tput=5.06] rank2[cuda2,share=0.2869,tput=2.31]
epoch 160: eval=0.9192
epoch 161: loss=0.080315, train_acc=0.9726, time=9.5s
per-rank: rank0[cuda0,share=0.4184,tput=3.26] rank1[cuda1,share=0.2943,tput=2.29] rank2[cuda2,share=0.2874,tput=4.70]
epoch 161: eval=0.9195
epoch 162: loss=0.076993, train_acc=0.9750, time=9.5s
per-rank: rank0[cuda0,share=0.4184,tput=3.45] rank1[cuda1,share=0.2928,tput=3.93] rank2[cuda2,share=0.2889,tput=2.38]
epoch 162: eval=0.9207
epoch 163: loss=0.077734, train_acc=0.9744, time=12.0s
per-rank: rank0[cuda0,share=0.4177,tput=2.07] rank1[cuda1,share=0.2923,tput=3.23] rank2[cuda2,share=0.2900,tput=5.16]
epoch 163: eval=0.9203
epoch 164: loss=0.075712, train_acc=0.9751, time=10.8s
per-rank: rank0[cuda0,share=0.4171,tput=2.41] rank1[cuda1,share=0.2919,tput=3.54] rank2[cuda2,share=0.2910,tput=2.70]
epoch 164: eval=0.9200
epoch 165: loss=0.076504, train_acc=0.9734, time=9.4s
per-rank: rank0[cuda0,share=0.4164,tput=2.19] rank2[cuda2,share=0.2921,tput=5.70] rank1[cuda1,share=0.2915,tput=2.35]
epoch 165: eval=0.9192
epoch 166: loss=0.075342, train_acc=0.9755, time=9.5s
per-rank: rank0[cuda0,share=0.4144,tput=2.72] rank2[cuda2,share=0.2939,tput=2.43] rank1[cuda1,share=0.2917,tput=3.73]
epoch 166: eval=0.9211
epoch 167: loss=0.077245, train_acc=0.9739, time=9.5s
per-rank: rank0[cuda0,share=0.4137,tput=3.28] rank2[cuda2,share=0.2950,tput=2.33] rank1[cuda1,share=0.2912,tput=3.31]
epoch 167: eval=0.9199
epoch 168: loss=0.074004, train_acc=0.9754, time=9.4s
per-rank: rank0[cuda0,share=0.4131,tput=2.29] rank2[cuda2,share=0.2962,tput=2.35] rank1[cuda1,share=0.2908,tput=5.96]
epoch 168: eval=0.9196
epoch 169: loss=0.074433, train_acc=0.9750, time=9.3s
per-rank: rank0[cuda0,share=0.4124,tput=3.49] rank2[cuda2,share=0.2973,tput=1.99] rank1[cuda1,share=0.2903,tput=3.84]
epoch 169: eval=0.9206
epoch 170: loss=0.074953, train_acc=0.9745, time=9.4s
per-rank: rank0[cuda0,share=0.4110,tput=2.15] rank2[cuda2,share=0.2980,tput=5.69] rank1[cuda1,share=0.2910,tput=2.36]
epoch 170: eval=0.9178
epoch 171: loss=0.072918, train_acc=0.9755, time=12.0s
per-rank: rank0[cuda0,share=0.4097,tput=1.97] rank2[cuda2,share=0.2987,tput=4.78] rank1[cuda1,share=0.2916,tput=3.44]
epoch 171: eval=0.9196
epoch 172: loss=0.073014, train_acc=0.9764, time=10.8s
per-rank: rank0[cuda0,share=0.4083,tput=2.51] rank2[cuda2,share=0.2993,tput=2.85] rank1[cuda1,share=0.2923,tput=3.43]
epoch 172: eval=0.9191
epoch 173: loss=0.070924, train_acc=0.9766, time=11.6s
per-rank: rank0[cuda0,share=0.4070,tput=2.09] rank2[cuda2,share=0.3000,tput=3.11] rank1[cuda1,share=0.2930,tput=5.42]
epoch 173: eval=0.9184
epoch 174: loss=0.071354, train_acc=0.9756, time=10.5s
per-rank: rank0[cuda0,share=0.4056,tput=2.61] rank2[cuda2,share=0.3007,tput=2.45] rank1[cuda1,share=0.2936,tput=3.84]
epoch 174: eval=0.9191
epoch 175: loss=0.070828, train_acc=0.9763, time=11.2s
per-rank: rank0[cuda0,share=0.4043,tput=2.16] rank2[cuda2,share=0.3014,tput=4.68] rank1[cuda1,share=0.2943,tput=3.45]
epoch 175: eval=0.9195
epoch 176: loss=0.070467, train_acc=0.9762, time=10.6s
per-rank: rank0[cuda0,share=0.4043,tput=2.23] rank2[cuda2,share=0.3014,tput=3.95] rank1[cuda1,share=0.2943,tput=2.41]
epoch 176: eval=0.9180
epoch 177: loss=0.068081, train_acc=0.9779, time=11.7s
per-rank: rank0[cuda0,share=0.4043,tput=2.06] rank2[cuda2,share=0.3014,tput=4.84] rank1[cuda1,share=0.2943,tput=3.38]
epoch 177: eval=0.9189
epoch 178: loss=0.070367, train_acc=0.9765, time=10.6s
per-rank: rank0[cuda0,share=0.4043,tput=2.05] rank2[cuda2,share=0.3014,tput=3.66] rank1[cuda1,share=0.2943,tput=2.90]
epoch 178: eval=0.9172
epoch 179: loss=0.068920, train_acc=0.9762, time=9.2s
per-rank: rank0[cuda0,share=0.4043,tput=2.50] rank2[cuda2,share=0.3014,tput=2.05] rank1[cuda1,share=0.2943,tput=6.54]
epoch 179: eval=0.9188
epoch 180: loss=0.068057, train_acc=0.9768, time=9.3s
per-rank: rank0[cuda0,share=0.4043,tput=2.60] rank2[cuda2,share=0.3014,tput=4.93] rank1[cuda1,share=0.2943,tput=2.26]
epoch 180: eval=0.9202
epoch 181: loss=0.069898, train_acc=0.9769, time=9.2s
per-rank: rank0[cuda0,share=0.4048,tput=2.48] rank2[cuda2,share=0.3002,tput=5.31] rank1[cuda1,share=0.2949,tput=2.46]
epoch 181: eval=0.9197
epoch 182: loss=0.067148, train_acc=0.9774, time=11.0s
per-rank: rank0[cuda0,share=0.4053,tput=2.23] rank2[cuda2,share=0.2991,tput=3.46] rank1[cuda1,share=0.2956,tput=4.72]
epoch 182: eval=0.9219
epoch 183: loss=0.069832, train_acc=0.9761, time=10.4s
per-rank: rank0[cuda0,share=0.4059,tput=1.99] rank2[cuda2,share=0.2979,tput=3.84] rank1[cuda1,share=0.2962,tput=2.79]
epoch 183: eval=0.9192
epoch 184: loss=0.066352, train_acc=0.9781, time=12.0s
per-rank: rank0[cuda0,share=0.4064,tput=2.05] rank1[cuda1,share=0.2968,tput=4.89] rank2[cuda2,share=0.2968,tput=3.61]
epoch 184: eval=0.9190
epoch 185: loss=0.069316, train_acc=0.9763, time=10.9s
per-rank: rank0[cuda0,share=0.4070,tput=2.23] rank1[cuda1,share=0.2974,tput=3.10] rank2[cuda2,share=0.2957,tput=3.36]
epoch 185: eval=0.9195
epoch 186: loss=0.066551, train_acc=0.9773, time=9.3s
per-rank: rank0[cuda0,share=0.4075,tput=3.44] rank1[cuda1,share=0.2980,tput=2.27] rank2[cuda2,share=0.2945,tput=3.31]
epoch 186: eval=0.9201
epoch 187: loss=0.066877, train_acc=0.9775, time=9.4s
per-rank: rank0[cuda0,share=0.4080,tput=3.31] rank1[cuda1,share=0.2986,tput=3.25] rank2[cuda2,share=0.2934,tput=2.16]
epoch 187: eval=0.9195
epoch 188: loss=0.063594, train_acc=0.9792, time=12.0s
per-rank: rank0[cuda0,share=0.4085,tput=2.02] rank1[cuda1,share=0.2992,tput=3.81] rank2[cuda2,share=0.2923,tput=4.46]
epoch 188: eval=0.9199
epoch 189: loss=0.064271, train_acc=0.9788, time=10.6s
per-rank: rank0[cuda0,share=0.4090,tput=2.49] rank1[cuda1,share=0.2998,tput=3.68] rank2[cuda2,share=0.2912,tput=2.57]
epoch 189: eval=0.9175
epoch 190: loss=0.065520, train_acc=0.9775, time=9.3s
per-rank: rank0[cuda0,share=0.4096,tput=3.32] rank1[cuda1,share=0.3003,tput=3.45] rank2[cuda2,share=0.2901,tput=2.23]
epoch 190: eval=0.9180
epoch 191: loss=0.064866, train_acc=0.9786, time=9.4s
per-rank: rank0[cuda0,share=0.4096,tput=2.18] rank1[cuda1,share=0.3003,tput=2.36] rank2[cuda2,share=0.2901,tput=6.11]
epoch 191: eval=0.9201
epoch 192: loss=0.062496, train_acc=0.9788, time=9.3s
per-rank: rank0[cuda0,share=0.4096,tput=3.15] rank1[cuda1,share=0.3003,tput=4.56] rank2[cuda2,share=0.2901,tput=2.43]
epoch 192: eval=0.9186
epoch 193: loss=0.065455, train_acc=0.9775, time=11.8s
per-rank: rank0[cuda0,share=0.4096,tput=2.09] rank1[cuda1,share=0.3003,tput=5.32] rank2[cuda2,share=0.2901,tput=3.13]
epoch 193: eval=0.9187
epoch 194: loss=0.065051, train_acc=0.9782, time=10.8s
per-rank: rank0[cuda0,share=0.4096,tput=2.25] rank1[cuda1,share=0.3003,tput=2.84] rank2[cuda2,share=0.2901,tput=3.56]
epoch 194: eval=0.9208
epoch 195: loss=0.062953, train_acc=0.9784, time=12.0s
per-rank: rank0[cuda0,share=0.4096,tput=1.99] rank1[cuda1,share=0.3003,tput=3.22] rank2[cuda2,share=0.2901,tput=4.84]
epoch 195: eval=0.9195
epoch 196: loss=0.061822, train_acc=0.9796, time=10.5s
per-rank: rank0[cuda0,share=0.4096,tput=2.67] rank1[cuda1,share=0.3003,tput=2.87] rank2[cuda2,share=0.2901,tput=3.53]
epoch 196: eval=0.9174
epoch 197: loss=0.063496, train_acc=0.9786, time=9.2s
per-rank: rank0[cuda0,share=0.4096,tput=2.15] rank1[cuda1,share=0.3003,tput=2.34] rank2[cuda2,share=0.2901,tput=6.27]
epoch 197: eval=0.9181
epoch 198: loss=0.062776, train_acc=0.9792, time=11.8s
per-rank: rank0[cuda0,share=0.4096,tput=2.06] rank1[cuda1,share=0.3003,tput=5.05] rank2[cuda2,share=0.2901,tput=3.49]
epoch 198: eval=0.9191
epoch 199: loss=0.064129, train_acc=0.9783, time=10.7s
per-rank: rank0[cuda0,share=0.4096,tput=2.48] rank1[cuda1,share=0.3003,tput=3.39] rank2[cuda2,share=0.2901,tput=2.61]
final eval=0.9200
# total: 1899.3s (31m 39s)
