# gpu0: NVIDIA GeForce RTX 5060 Ti (15GB, sm_120)
# gpu1: NVIDIA GeForce GTX 1060 6GB (5GB, sm_61)
# gpu2: NVIDIA GeForce GTX 1060 6GB (5GB, sm_61)
epoch 0: loss=1.991283, train_acc=0.2450, time=9.4s
per-rank: rank0[cuda0,share=0.3888,tput=2.70] rank2[cuda2,share=0.3222,tput=4.30] rank1[cuda1,share=0.2890,tput=4.19]
epoch 0: eval=0.2893
epoch 1: loss=1.687388, train_acc=0.3703, time=9.0s
per-rank: rank0[cuda0,share=0.3860,tput=2.13] rank2[cuda2,share=0.3116,tput=2.38] rank1[cuda1,share=0.3023,tput=6.64]
epoch 1: eval=0.3469
epoch 2: loss=1.519020, train_acc=0.4435, time=8.7s
per-rank: rank0[cuda0,share=0.3772,tput=4.73] rank1[cuda1,share=0.3190,tput=2.36] rank2[cuda2,share=0.3039,tput=3.38]
epoch 2: eval=0.4525
epoch 3: loss=1.402522, train_acc=0.4910, time=10.7s
per-rank: rank0[cuda0,share=0.3986,tput=2.32] rank1[cuda1,share=0.3121,tput=3.73] rank2[cuda2,share=0.2892,tput=5.63]
epoch 3: eval=0.5350
epoch 4: loss=1.292409, train_acc=0.5359, time=9.3s
per-rank: rank0[cuda0,share=0.3986,tput=3.19] rank1[cuda1,share=0.3121,tput=2.55] rank2[cuda2,share=0.2892,tput=3.63]
epoch 4: eval=0.5463
epoch 5: loss=1.181802, train_acc=0.5809, time=10.2s
per-rank: rank0[cuda0,share=0.4044,tput=2.29] rank1[cuda1,share=0.3072,tput=3.58] rank2[cuda2,share=0.2884,tput=5.43]
epoch 5: eval=0.6318
epoch 6: loss=1.096720, train_acc=0.6110, time=9.5s
per-rank: rank0[cuda0,share=0.4044,tput=2.86] rank1[cuda1,share=0.3072,tput=4.31] rank2[cuda2,share=0.2884,tput=2.49]
epoch 6: eval=0.6119
epoch 7: loss=1.024754, train_acc=0.6389, time=11.4s
per-rank: rank0[cuda0,share=0.4032,tput=2.09] rank1[cuda1,share=0.3075,tput=4.26] rank2[cuda2,share=0.2893,tput=4.97]
epoch 7: eval=0.6262
epoch 8: loss=0.955779, train_acc=0.6661, time=10.1s
per-rank: rank0[cuda0,share=0.4022,tput=2.31] rank1[cuda1,share=0.3076,tput=4.52] rank2[cuda2,share=0.2902,tput=2.62]
epoch 8: eval=0.6622
epoch 9: loss=0.901762, train_acc=0.6833, time=8.8s
per-rank: rank0[cuda0,share=0.4014,tput=3.65] rank1[cuda1,share=0.3076,tput=3.44] rank2[cuda2,share=0.2909,tput=2.44]
epoch 9: eval=0.6620
epoch 10: loss=0.858108, train_acc=0.7013, time=8.7s
per-rank: rank0[cuda0,share=0.4005,tput=2.29] rank1[cuda1,share=0.3078,tput=2.90] rank2[cuda2,share=0.2917,tput=5.23]
epoch 10: eval=0.6922
epoch 11: loss=0.824521, train_acc=0.7128, time=9.0s
per-rank: rank0[cuda0,share=0.3980,tput=3.46] rank1[cuda1,share=0.3088,tput=4.13] rank2[cuda2,share=0.2932,tput=2.71]
epoch 11: eval=0.6817
epoch 12: loss=0.793417, train_acc=0.7226, time=8.8s
per-rank: rank0[cuda0,share=0.3980,tput=3.05] rank1[cuda1,share=0.3088,tput=2.68] rank2[cuda2,share=0.2932,tput=3.57]
epoch 12: eval=0.7260
epoch 13: loss=0.762827, train_acc=0.7369, time=10.5s
per-rank: rank0[cuda0,share=0.3904,tput=2.17] rank1[cuda1,share=0.3107,tput=3.34] rank2[cuda2,share=0.2989,tput=5.67]
epoch 13: eval=0.7372
epoch 14: loss=0.742256, train_acc=0.7426, time=9.7s
per-rank: rank0[cuda0,share=0.3904,tput=3.68] rank1[cuda1,share=0.3107,tput=3.75] rank2[cuda2,share=0.2989,tput=2.77]
epoch 14: eval=0.7259
epoch 15: loss=0.723955, train_acc=0.7478, time=10.2s
per-rank: rank0[cuda0,share=0.3845,tput=2.16] rank1[cuda1,share=0.3128,tput=3.49] rank2[cuda2,share=0.3027,tput=5.06]
epoch 15: eval=0.7117
epoch 16: loss=0.708879, train_acc=0.7562, time=9.6s
per-rank: rank0[cuda0,share=0.3811,tput=3.10] rank1[cuda1,share=0.3145,tput=3.73] rank2[cuda2,share=0.3044,tput=2.60]
epoch 16: eval=0.7293
epoch 17: loss=0.686103, train_acc=0.7643, time=8.9s
per-rank: rank0[cuda0,share=0.3820,tput=3.19] rank1[cuda1,share=0.3131,tput=4.85] rank2[cuda2,share=0.3050,tput=2.21]
epoch 17: eval=0.7403
epoch 18: loss=0.672891, train_acc=0.7685, time=8.8s
per-rank: rank0[cuda0,share=0.3829,tput=4.77] rank1[cuda1,share=0.3116,tput=2.72] rank2[cuda2,share=0.3055,tput=3.36]
epoch 18: eval=0.7050
epoch 19: loss=0.668640, train_acc=0.7686, time=8.7s
per-rank: rank0[cuda0,share=0.3839,tput=3.05] rank1[cuda1,share=0.3101,tput=2.59] rank2[cuda2,share=0.3060,tput=3.71]
epoch 19: eval=0.7484
epoch 20: loss=0.659448, train_acc=0.7719, time=10.7s
per-rank: rank0[cuda0,share=0.3861,tput=2.24] rank1[cuda1,share=0.3080,tput=3.63] rank2[cuda2,share=0.3059,tput=5.27]
epoch 20: eval=0.7388
epoch 21: loss=0.652340, train_acc=0.7758, time=9.8s
per-rank: rank0[cuda0,share=0.3901,tput=2.23] rank1[cuda1,share=0.3049,tput=2.82] rank2[cuda2,share=0.3049,tput=4.09]
epoch 21: eval=0.8092
epoch 22: loss=0.632657, train_acc=0.7831, time=8.6s
per-rank: rank0[cuda0,share=0.3901,tput=2.51] rank1[cuda1,share=0.3049,tput=6.53] rank2[cuda2,share=0.3049,tput=2.45]
epoch 22: eval=0.7687
epoch 23: loss=0.631910, train_acc=0.7813, time=11.4s
per-rank: rank0[cuda0,share=0.3960,tput=2.17] rank2[cuda2,share=0.3031,tput=5.33] rank1[cuda1,share=0.3009,tput=4.11]
epoch 23: eval=0.7499
epoch 24: loss=0.627615, train_acc=0.7840, time=10.3s
per-rank: rank0[cuda0,share=0.3960,tput=2.30] rank2[cuda2,share=0.3031,tput=2.79] rank1[cuda1,share=0.3009,tput=4.41]
epoch 24: eval=0.7441
epoch 25: loss=0.614438, train_acc=0.7890, time=10.2s
per-rank: rank0[cuda0,share=0.4025,tput=2.31] rank2[cuda2,share=0.3002,tput=4.45] rank1[cuda1,share=0.2973,tput=4.20]
epoch 25: eval=0.6826
epoch 26: loss=0.617711, train_acc=0.7846, time=9.5s
per-rank: rank0[cuda0,share=0.4025,tput=2.61] rank2[cuda2,share=0.3002,tput=2.54] rank1[cuda1,share=0.2973,tput=4.25]
epoch 26: eval=0.7408
epoch 27: loss=0.598556, train_acc=0.7941, time=10.5s
per-rank: rank0[cuda0,share=0.4055,tput=2.34] rank1[cuda1,share=0.2973,tput=4.41] rank2[cuda2,share=0.2972,tput=4.25]
epoch 27: eval=0.7659
epoch 28: loss=0.597869, train_acc=0.7941, time=9.8s
per-rank: rank0[cuda0,share=0.4055,tput=2.71] rank1[cuda1,share=0.2973,tput=4.04] rank2[cuda2,share=0.2972,tput=2.67]
epoch 28: eval=0.7228
epoch 29: loss=0.590535, train_acc=0.7971, time=10.3s
per-rank: rank0[cuda0,share=0.4062,tput=2.31] rank1[cuda1,share=0.3004,tput=3.23] rank2[cuda2,share=0.2935,tput=5.63]
epoch 29: eval=0.7416
epoch 30: loss=0.590214, train_acc=0.7960, time=9.7s
per-rank: rank0[cuda0,share=0.4062,tput=2.96] rank1[cuda1,share=0.3004,tput=3.86] rank2[cuda2,share=0.2935,tput=2.50]
epoch 30: eval=0.7340
epoch 31: loss=0.576156, train_acc=0.8012, time=10.9s
per-rank: rank0[cuda0,share=0.4065,tput=2.24] rank1[cuda1,share=0.3026,tput=3.69] rank2[cuda2,share=0.2909,tput=4.99]
epoch 31: eval=0.7739
epoch 32: loss=0.578162, train_acc=0.8022, time=9.6s
per-rank: rank0[cuda0,share=0.4065,tput=2.65] rank1[cuda1,share=0.3026,tput=4.28] rank2[cuda2,share=0.2909,tput=2.85]
epoch 32: eval=0.7597
epoch 33: loss=0.573437, train_acc=0.8029, time=10.9s
per-rank: rank0[cuda0,share=0.4116,tput=2.30] rank1[cuda1,share=0.3014,tput=3.64] rank2[cuda2,share=0.2869,tput=5.60]
epoch 33: eval=0.7849
epoch 34: loss=0.572667, train_acc=0.8043, time=10.1s
per-rank: rank0[cuda0,share=0.4116,tput=2.27] rank1[cuda1,share=0.3014,tput=2.66] rank2[cuda2,share=0.2869,tput=4.25]
epoch 34: eval=0.7692
epoch 35: loss=0.567118, train_acc=0.8046, time=11.7s
per-rank: rank0[cuda0,share=0.4132,tput=2.18] rank1[cuda1,share=0.3004,tput=3.78] rank2[cuda2,share=0.2864,tput=5.47]
epoch 35: eval=0.7706
epoch 36: loss=0.563447, train_acc=0.8087, time=10.5s
per-rank: rank0[cuda0,share=0.4132,tput=2.39] rank1[cuda1,share=0.3004,tput=2.67] rank2[cuda2,share=0.2864,tput=4.46]
epoch 36: eval=0.7593
epoch 37: loss=0.557080, train_acc=0.8093, time=10.5s
per-rank: rank0[cuda0,share=0.4133,tput=2.33] rank1[cuda1,share=0.2969,tput=3.38] rank2[cuda2,share=0.2898,tput=5.71]
epoch 37: eval=0.7828
epoch 38: loss=0.547512, train_acc=0.8107, time=9.7s
per-rank: rank0[cuda0,share=0.4138,tput=3.03] rank1[cuda1,share=0.2945,tput=3.10] rank2[cuda2,share=0.2918,tput=3.17]
epoch 38: eval=0.7860
epoch 39: loss=0.556814, train_acc=0.8059, time=8.8s
per-rank: rank0[cuda0,share=0.4124,tput=2.76] rank2[cuda2,share=0.2941,tput=3.43] rank1[cuda1,share=0.2935,tput=3.01]
epoch 39: eval=0.7711
epoch 40: loss=0.556938, train_acc=0.8108, time=8.8s
per-rank: rank0[cuda0,share=0.4110,tput=2.65] rank2[cuda2,share=0.2964,tput=5.22] rank1[cuda1,share=0.2926,tput=2.67]
epoch 40: eval=0.7297
epoch 41: loss=0.547401, train_acc=0.8114, time=8.8s
per-rank: rank0[cuda0,share=0.4080,tput=2.65] rank2[cuda2,share=0.2977,tput=5.16] rank1[cuda1,share=0.2943,tput=2.77]
epoch 41: eval=0.7746
epoch 42: loss=0.540260, train_acc=0.8145, time=10.7s
per-rank: rank0[cuda0,share=0.4056,tput=2.16] rank2[cuda2,share=0.2980,tput=3.42] rank1[cuda1,share=0.2964,tput=5.14]
epoch 42: eval=0.7477
epoch 43: loss=0.538695, train_acc=0.8134, time=9.8s
per-rank: rank0[cuda0,share=0.4018,tput=2.66] rank1[cuda1,share=0.2993,tput=4.08] rank2[cuda2,share=0.2988,tput=2.58]
epoch 43: eval=0.7341
epoch 44: loss=0.536031, train_acc=0.8152, time=8.9s
per-rank: rank0[cuda0,share=0.4000,tput=3.42] rank1[cuda1,share=0.3013,tput=4.58] rank2[cuda2,share=0.2986,tput=2.69]
epoch 44: eval=0.7568
epoch 45: loss=0.540577, train_acc=0.8134, time=8.8s
per-rank: rank0[cuda0,share=0.3982,tput=3.30] rank1[cuda1,share=0.3033,tput=3.65] rank2[cuda2,share=0.2985,tput=2.46]
epoch 45: eval=0.7227
epoch 46: loss=0.535542, train_acc=0.8164, time=8.8s
per-rank: rank0[cuda0,share=0.3985,tput=2.87] rank1[cuda1,share=0.3044,tput=4.90] rank2[cuda2,share=0.2971,tput=2.51]
epoch 46: eval=0.7562
epoch 47: loss=0.525827, train_acc=0.8209, time=8.7s
per-rank: rank0[cuda0,share=0.3991,tput=3.79] rank1[cuda1,share=0.3067,tput=2.52] rank2[cuda2,share=0.2943,tput=3.23]
epoch 47: eval=0.8172
epoch 48: loss=0.528978, train_acc=0.8194, time=8.7s
per-rank: rank0[cuda0,share=0.3999,tput=3.90] rank1[cuda1,share=0.3068,tput=2.81] rank2[cuda2,share=0.2933,tput=3.08]
epoch 48: eval=0.7889
epoch 49: loss=0.530802, train_acc=0.8187, time=10.7s
per-rank: rank0[cuda0,share=0.4008,tput=2.24] rank1[cuda1,share=0.3069,tput=3.79] rank2[cuda2,share=0.2923,tput=4.96]
epoch 49: eval=0.8040
epoch 50: loss=0.517491, train_acc=0.8226, time=9.7s
per-rank: rank0[cuda0,share=0.4030,tput=2.53] rank1[cuda1,share=0.3064,tput=3.18] rank2[cuda2,share=0.2906,tput=3.71]
epoch 50: eval=0.7128
epoch 51: loss=0.527354, train_acc=0.8196, time=10.9s
per-rank: rank0[cuda0,share=0.4045,tput=2.26] rank1[cuda1,share=0.3054,tput=5.70] rank2[cuda2,share=0.2901,tput=3.38]
epoch 51: eval=0.7749
epoch 52: loss=0.522231, train_acc=0.8200, time=9.8s
per-rank: rank0[cuda0,share=0.4061,tput=2.65] rank1[cuda1,share=0.3044,tput=3.10] rank2[cuda2,share=0.2896,tput=3.93]
epoch 52: eval=0.7971
epoch 53: loss=0.518201, train_acc=0.8223, time=10.5s
per-rank: rank0[cuda0,share=0.4092,tput=2.37] rank1[cuda1,share=0.3023,tput=3.59] rank2[cuda2,share=0.2885,tput=5.39]
epoch 53: eval=0.8123
epoch 54: loss=0.526776, train_acc=0.8200, time=10.0s
per-rank: rank0[cuda0,share=0.4092,tput=2.87] rank1[cuda1,share=0.3023,tput=2.43] rank2[cuda2,share=0.2885,tput=4.15]
epoch 54: eval=0.7904
epoch 55: loss=0.511815, train_acc=0.8246, time=11.6s
per-rank: rank0[cuda0,share=0.4099,tput=2.13] rank1[cuda1,share=0.3020,tput=4.27] rank2[cuda2,share=0.2881,tput=5.22]
epoch 55: eval=0.7184
epoch 56: loss=0.509773, train_acc=0.8252, time=9.8s
per-rank: rank0[cuda0,share=0.4092,tput=2.55] rank1[cuda1,share=0.3025,tput=2.98] rank2[cuda2,share=0.2884,tput=3.96]
epoch 56: eval=0.7988
epoch 57: loss=0.521218, train_acc=0.8209, time=8.9s
per-rank: rank0[cuda0,share=0.4072,tput=2.98] rank1[cuda1,share=0.3042,tput=2.81] rank2[cuda2,share=0.2885,tput=3.35]
epoch 57: eval=0.7733
epoch 58: loss=0.510831, train_acc=0.8243, time=8.8s
per-rank: rank0[cuda0,share=0.4053,tput=4.22] rank1[cuda1,share=0.3061,tput=3.33] rank2[cuda2,share=0.2886,tput=2.40]
epoch 58: eval=0.7858
epoch 59: loss=0.514579, train_acc=0.8251, time=9.0s
per-rank: rank0[cuda0,share=0.4026,tput=2.21] rank1[cuda1,share=0.3074,tput=2.74] rank2[cuda2,share=0.2900,tput=6.05]
epoch 59: eval=0.7705
epoch 60: loss=0.497584, train_acc=0.8285, time=9.9s
per-rank: rank0[cuda0,share=0.3977,tput=2.26] rank1[cuda1,share=0.3091,tput=3.37] rank2[cuda2,share=0.2932,tput=5.20]
epoch 60: eval=0.8204
epoch 61: loss=0.508551, train_acc=0.8264, time=9.2s
per-rank: rank0[cuda0,share=0.3954,tput=3.43] rank1[cuda1,share=0.3094,tput=2.91] rank2[cuda2,share=0.2952,tput=3.18]
epoch 61: eval=0.7779
epoch 62: loss=0.504567, train_acc=0.8258, time=9.8s
per-rank: rank0[cuda0,share=0.3901,tput=2.41] rank1[cuda1,share=0.3113,tput=5.04] rank2[cuda2,share=0.2986,tput=3.58]
epoch 62: eval=0.7160
epoch 63: loss=0.499324, train_acc=0.8291, time=9.7s
per-rank: rank0[cuda0,share=0.3909,tput=3.25] rank1[cuda1,share=0.3107,tput=2.35] rank2[cuda2,share=0.2984,tput=3.90]
epoch 63: eval=0.7368
epoch 64: loss=0.505006, train_acc=0.8277, time=8.8s
per-rank: rank0[cuda0,share=0.3917,tput=3.36] rank1[cuda1,share=0.3100,tput=2.48] rank2[cuda2,share=0.2983,tput=3.72]
epoch 64: eval=0.7906
epoch 65: loss=0.499534, train_acc=0.8292, time=10.3s
per-rank: rank0[cuda0,share=0.3974,tput=2.39] rank1[cuda1,share=0.3034,tput=5.19] rank2[cuda2,share=0.2992,tput=3.76]
epoch 65: eval=0.7365
epoch 66: loss=0.500162, train_acc=0.8292, time=9.6s
per-rank: rank0[cuda0,share=0.4003,tput=3.07] rank1[cuda1,share=0.3001,tput=2.59] rank2[cuda2,share=0.2997,tput=3.74]
epoch 66: eval=0.6983
epoch 67: loss=0.506242, train_acc=0.8247, time=8.8s
per-rank: rank0[cuda0,share=0.4032,tput=2.52] rank2[cuda2,share=0.3001,tput=2.50] rank1[cuda1,share=0.2967,tput=5.79]
epoch 67: eval=0.8013
epoch 68: loss=0.498464, train_acc=0.8293, time=11.1s
per-rank: rank0[cuda0,share=0.4084,tput=2.23] rank2[cuda2,share=0.2990,tput=4.79] rank1[cuda1,share=0.2926,tput=4.14]
epoch 68: eval=0.7549
epoch 69: loss=0.495931, train_acc=0.8289, time=10.0s
per-rank: rank0[cuda0,share=0.4114,tput=2.22] rank2[cuda2,share=0.2978,tput=3.85] rank1[cuda1,share=0.2908,tput=3.07]
epoch 69: eval=0.7704
epoch 70: loss=0.496038, train_acc=0.8281, time=8.9s
per-rank: rank0[cuda0,share=0.4144,tput=3.38] rank2[cuda2,share=0.2967,tput=3.09] rank1[cuda1,share=0.2889,tput=2.88]
epoch 70: eval=0.7816
epoch 71: loss=0.490780, train_acc=0.8316, time=8.9s
per-rank: rank0[cuda0,share=0.4143,tput=2.04] rank2[cuda2,share=0.2968,tput=2.79] rank1[cuda1,share=0.2889,tput=6.12]
epoch 71: eval=0.8220
epoch 72: loss=0.490305, train_acc=0.8319, time=9.0s
per-rank: rank0[cuda0,share=0.4116,tput=2.92] rank2[cuda2,share=0.2974,tput=3.76] rank1[cuda1,share=0.2911,tput=2.65]
epoch 72: eval=0.7619
epoch 73: loss=0.493504, train_acc=0.8325, time=8.9s
per-rank: rank0[cuda0,share=0.4087,tput=3.24] rank2[cuda2,share=0.2980,tput=2.64] rank1[cuda1,share=0.2932,tput=3.36]
epoch 73: eval=0.7785
epoch 74: loss=0.487934, train_acc=0.8340, time=9.0s
per-rank: rank0[cuda0,share=0.4022,tput=3.29] rank2[cuda2,share=0.3000,tput=4.62] rank1[cuda1,share=0.2979,tput=2.70]
epoch 74: eval=0.8007
epoch 75: loss=0.485514, train_acc=0.8343, time=11.0s
per-rank: rank0[cuda0,share=0.3945,tput=2.06] rank2[cuda2,share=0.3032,tput=3.20] rank1[cuda1,share=0.3023,tput=5.74]
epoch 75: eval=0.8142
epoch 76: loss=0.477751, train_acc=0.8347, time=10.1s
per-rank: rank0[cuda0,share=0.3902,tput=2.62] rank2[cuda2,share=0.3055,tput=2.80] rank1[cuda1,share=0.3043,tput=3.99]
epoch 76: eval=0.7732
epoch 77: loss=0.489445, train_acc=0.8328, time=8.9s
per-rank: rank0[cuda0,share=0.3816,tput=2.14] rank2[cuda2,share=0.3101,tput=5.70] rank1[cuda1,share=0.3083,tput=2.70]
epoch 77: eval=0.8276
epoch 78: loss=0.475328, train_acc=0.8397, time=8.8s
per-rank: rank0[cuda0,share=0.3779,tput=3.41] rank2[cuda2,share=0.3112,tput=2.40] rank1[cuda1,share=0.3109,tput=4.01]
epoch 78: eval=0.7945
epoch 79: loss=0.477207, train_acc=0.8358, time=8.9s
per-rank: rank0[cuda0,share=0.3728,tput=2.95] rank1[cuda1,share=0.3150,tput=5.18] rank2[cuda2,share=0.3122,tput=2.41]
epoch 79: eval=0.8061
epoch 80: loss=0.476725, train_acc=0.8371, time=9.0s
per-rank: rank0[cuda0,share=0.3745,tput=2.80] rank1[cuda1,share=0.3151,tput=5.49] rank2[cuda2,share=0.3104,tput=2.19]
epoch 80: eval=0.8032
epoch 81: loss=0.482660, train_acc=0.8336, time=10.1s
per-rank: rank0[cuda0,share=0.3800,tput=2.32] rank1[cuda1,share=0.3131,tput=3.65] rank2[cuda2,share=0.3068,tput=4.88]
epoch 81: eval=0.8251
epoch 82: loss=0.480812, train_acc=0.8367, time=9.6s
per-rank: rank0[cuda0,share=0.3843,tput=2.87] rank1[cuda1,share=0.3118,tput=2.85] rank2[cuda2,share=0.3039,tput=3.36]
epoch 82: eval=0.8318
epoch 83: loss=0.488099, train_acc=0.8316, time=8.9s
per-rank: rank0[cuda0,share=0.3865,tput=3.23] rank1[cuda1,share=0.3115,tput=2.68] rank2[cuda2,share=0.3020,tput=5.02]
epoch 83: eval=0.8179
epoch 84: loss=0.465374, train_acc=0.8393, time=10.5s
per-rank: rank0[cuda0,share=0.3970,tput=2.29] rank1[cuda1,share=0.3068,tput=4.16] rank2[cuda2,share=0.2962,tput=4.64]
epoch 84: eval=0.7892
epoch 85: loss=0.477018, train_acc=0.8359, time=9.8s
per-rank: rank0[cuda0,share=0.4017,tput=2.76] rank1[cuda1,share=0.3051,tput=4.16] rank2[cuda2,share=0.2932,tput=2.48]
epoch 85: eval=0.8134
epoch 86: loss=0.486420, train_acc=0.8328, time=11.5s
per-rank: rank0[cuda0,share=0.4057,tput=2.11] rank1[cuda1,share=0.3055,tput=3.67] rank2[cuda2,share=0.2889,tput=5.08]
epoch 86: eval=0.7593
epoch 87: loss=0.476966, train_acc=0.8361, time=10.1s
per-rank: rank0[cuda0,share=0.4065,tput=2.33] rank1[cuda1,share=0.3058,tput=2.72] rank2[cuda2,share=0.2877,tput=4.39]
epoch 87: eval=0.8248
epoch 88: loss=0.471410, train_acc=0.8377, time=8.8s
per-rank: rank0[cuda0,share=0.4028,tput=3.90] rank1[cuda1,share=0.3065,tput=2.25] rank2[cuda2,share=0.2908,tput=3.57]
epoch 88: eval=0.8276
epoch 89: loss=0.468512, train_acc=0.8395, time=8.6s
per-rank: rank0[cuda0,share=0.4028,tput=3.50] rank1[cuda1,share=0.3050,tput=3.87] rank2[cuda2,share=0.2922,tput=2.47]
epoch 89: eval=0.7837
epoch 90: loss=0.469156, train_acc=0.8394, time=8.8s
per-rank: rank0[cuda0,share=0.4036,tput=4.51] rank1[cuda1,share=0.3021,tput=4.37] rank2[cuda2,share=0.2942,tput=2.57]
epoch 90: eval=0.7999
epoch 91: loss=0.475146, train_acc=0.8352, time=8.8s
per-rank: rank0[cuda0,share=0.4036,tput=3.29] rank1[cuda1,share=0.2985,tput=3.65] rank2[cuda2,share=0.2979,tput=2.57]
epoch 91: eval=0.8331
epoch 92: loss=0.478260, train_acc=0.8353, time=8.7s
per-rank: rank0[cuda0,share=0.4020,tput=2.33] rank2[cuda2,share=0.3023,tput=6.51] rank1[cuda1,share=0.2957,tput=2.48]
epoch 92: eval=0.7862
epoch 93: loss=0.468756, train_acc=0.8403, time=11.2s
per-rank: rank0[cuda0,share=0.3968,tput=2.09] rank2[cuda2,share=0.3063,tput=3.56] rank1[cuda1,share=0.2969,tput=5.29]
epoch 93: eval=0.8152
epoch 94: loss=0.455173, train_acc=0.8443, time=9.9s
per-rank: rank0[cuda0,share=0.3931,tput=2.39] rank2[cuda2,share=0.3076,tput=3.70] rank1[cuda1,share=0.2993,tput=3.13]
epoch 94: eval=0.8130
epoch 95: loss=0.460473, train_acc=0.8396, time=10.2s
per-rank: rank0[cuda0,share=0.3860,tput=2.25] rank2[cuda2,share=0.3087,tput=3.44] rank1[cuda1,share=0.3053,tput=4.68]
epoch 95: eval=0.8532
epoch 96: loss=0.469721, train_acc=0.8389, time=9.6s
per-rank: rank0[cuda0,share=0.3843,tput=2.80] rank2[cuda2,share=0.3098,tput=2.68] rank1[cuda1,share=0.3059,tput=3.55]
epoch 96: eval=0.7860
epoch 97: loss=0.462664, train_acc=0.8420, time=10.7s
per-rank: rank0[cuda0,share=0.3856,tput=2.21] rank1[cuda1,share=0.3074,tput=3.74] rank2[cuda2,share=0.3070,tput=5.17]
epoch 97: eval=0.7553
epoch 98: loss=0.454148, train_acc=0.8433, time=9.9s
per-rank: rank0[cuda0,share=0.3874,tput=2.72] rank1[cuda1,share=0.3079,tput=3.14] rank2[cuda2,share=0.3046,tput=3.44]
epoch 98: eval=0.8016
epoch 99: loss=0.453274, train_acc=0.8452, time=10.7s
per-rank: rank0[cuda0,share=0.3944,tput=2.19] rank1[cuda1,share=0.3067,tput=5.43] rank2[cuda2,share=0.2989,tput=3.25]
epoch 99: eval=0.8760
epoch 100: loss=0.314451, train_acc=0.8906, time=9.8s
per-rank: rank0[cuda0,share=0.3955,tput=2.15] rank1[cuda1,share=0.3077,tput=3.02] rank2[cuda2,share=0.2968,tput=4.18]
epoch 100: eval=0.8919
epoch 101: loss=0.246353, train_acc=0.9153, time=10.6s
per-rank: rank0[cuda0,share=0.3940,tput=2.22] rank1[cuda1,share=0.3137,tput=4.05] rank2[cuda2,share=0.2923,tput=4.51]
epoch 101: eval=0.8988
epoch 102: loss=0.236892, train_acc=0.9184, time=9.8s
per-rank: rank0[cuda0,share=0.3971,tput=2.95] rank1[cuda1,share=0.3173,tput=3.78] rank2[cuda2,share=0.2856,tput=2.58]
epoch 102: eval=0.9008
epoch 103: loss=0.229158, train_acc=0.9194, time=8.9s
per-rank: rank0[cuda0,share=0.4019,tput=2.75] rank1[cuda1,share=0.3150,tput=2.31] rank2[cuda2,share=0.2831,tput=6.32]
epoch 103: eval=0.8978
epoch 104: loss=0.220722, train_acc=0.9229, time=8.7s
per-rank: rank0[cuda0,share=0.4064,tput=3.35] rank1[cuda1,share=0.3105,tput=5.69] rank2[cuda2,share=0.2831,tput=2.28]
epoch 104: eval=0.9020
epoch 105: loss=0.214673, train_acc=0.9251, time=9.2s
per-rank: rank0[cuda0,share=0.4101,tput=2.24] rank1[cuda1,share=0.3082,tput=5.81] rank2[cuda2,share=0.2817,tput=2.59]
epoch 105: eval=0.9027
epoch 106: loss=0.207617, train_acc=0.9278, time=9.5s
per-rank: rank0[cuda0,share=0.4093,tput=3.64] rank1[cuda1,share=0.3029,tput=2.26] rank2[cuda2,share=0.2878,tput=4.83]
epoch 106: eval=0.9031
epoch 107: loss=0.203025, train_acc=0.9299, time=9.6s
per-rank: rank0[cuda0,share=0.4013,tput=3.12] rank1[cuda1,share=0.3060,tput=2.43] rank2[cuda2,share=0.2928,tput=3.45]
epoch 107: eval=0.9030
epoch 108: loss=0.197751, train_acc=0.9304, time=9.0s
per-rank: rank0[cuda0,share=0.3967,tput=3.66] rank1[cuda1,share=0.3051,tput=2.35] rank2[cuda2,share=0.2982,tput=4.92]
epoch 108: eval=0.9042
epoch 109: loss=0.197948, train_acc=0.9300, time=9.1s
per-rank: rank0[cuda0,share=0.4043,tput=3.25] rank1[cuda1,share=0.3036,tput=3.53] rank2[cuda2,share=0.2921,tput=2.23]
epoch 109: eval=0.9012
epoch 110: loss=0.191567, train_acc=0.9333, time=12.0s
per-rank: rank0[cuda0,share=0.4136,tput=2.13] rank1[cuda1,share=0.2997,tput=3.21] rank2[cuda2,share=0.2867,tput=5.55]
epoch 110: eval=0.9065
epoch 111: loss=0.187800, train_acc=0.9348, time=10.5s
per-rank: rank0[cuda0,share=0.4140,tput=2.61] rank1[cuda1,share=0.2961,tput=3.61] rank2[cuda2,share=0.2899,tput=2.84]
epoch 111: eval=0.9021
epoch 112: loss=0.183813, train_acc=0.9347, time=9.4s
per-rank: rank0[cuda0,share=0.4156,tput=3.41] rank2[cuda2,share=0.2925,tput=2.49] rank1[cuda1,share=0.2919,tput=3.22]
epoch 112: eval=0.9083
epoch 113: loss=0.181395, train_acc=0.9367, time=12.4s
per-rank: rank0[cuda0,share=0.4054,tput=1.99] rank2[cuda2,share=0.3044,tput=4.74] rank1[cuda1,share=0.2902,tput=3.40]
epoch 113: eval=0.9033
epoch 114: loss=0.178608, train_acc=0.9376, time=10.7s
per-rank: rank0[cuda0,share=0.3997,tput=2.81] rank2[cuda2,share=0.3095,tput=2.63] rank1[cuda1,share=0.2908,tput=3.63]
epoch 114: eval=0.9098
epoch 115: loss=0.172444, train_acc=0.9399, time=9.5s
per-rank: rank0[cuda0,share=0.4102,tput=3.14] rank2[cuda2,share=0.3021,tput=2.18] rank1[cuda1,share=0.2878,tput=3.49]
epoch 115: eval=0.9031
epoch 116: loss=0.171909, train_acc=0.9405, time=12.7s
per-rank: rank0[cuda0,share=0.4053,tput=2.00] rank2[cuda2,share=0.3014,tput=3.49] rank1[cuda1,share=0.2933,tput=5.14]
epoch 116: eval=0.9061
epoch 117: loss=0.168664, train_acc=0.9414, time=11.5s
per-rank: rank0[cuda0,share=0.3895,tput=1.89] rank1[cuda1,share=0.3122,tput=4.18] rank2[cuda2,share=0.2983,tput=2.42]
epoch 117: eval=0.9071
epoch 118: loss=0.167312, train_acc=0.9414, time=9.6s
per-rank: rank0[cuda0,share=0.3935,tput=4.25] rank1[cuda1,share=0.3130,tput=3.37] rank2[cuda2,share=0.2935,tput=2.08]
epoch 118: eval=0.9081
epoch 119: loss=0.164615, train_acc=0.9420, time=9.6s
per-rank: rank0[cuda0,share=0.4062,tput=2.57] rank1[cuda1,share=0.2975,tput=4.92] rank2[cuda2,share=0.2963,tput=2.50]
epoch 119: eval=0.9080
epoch 120: loss=0.161193, train_acc=0.9434, time=9.0s
per-rank: rank0[cuda0,share=0.3935,tput=2.21] rank2[cuda2,share=0.3102,tput=2.38] rank1[cuda1,share=0.2963,tput=6.42]
epoch 120: eval=0.9049
epoch 121: loss=0.156314, train_acc=0.9446, time=11.8s
per-rank: rank0[cuda0,share=0.3594,tput=1.89] rank1[cuda1,share=0.3281,tput=3.54] rank2[cuda2,share=0.3125,tput=4.41]
epoch 121: eval=0.9093
epoch 122: loss=0.155968, train_acc=0.9453, time=10.8s
per-rank: rank0[cuda0,share=0.3624,tput=2.28] rank1[cuda1,share=0.3280,tput=4.18] rank2[cuda2,share=0.3096,tput=2.44]
epoch 122: eval=0.9098
epoch 123: loss=0.156176, train_acc=0.9443, time=9.7s
per-rank: rank0[cuda0,share=0.3816,tput=3.90] rank1[cuda1,share=0.3153,tput=3.21] rank2[cuda2,share=0.3031,tput=2.09]
epoch 123: eval=0.9007
epoch 124: loss=0.153106, train_acc=0.9465, time=11.8s
per-rank: rank0[cuda0,share=0.3924,tput=2.13] rank2[cuda2,share=0.3139,tput=5.05] rank1[cuda1,share=0.2937,tput=3.24]
epoch 124: eval=0.9091
epoch 125: loss=0.152771, train_acc=0.9463, time=11.0s
per-rank: rank0[cuda0,share=0.4100,tput=2.54] rank2[cuda2,share=0.3075,tput=3.61] rank1[cuda1,share=0.2825,tput=2.32]
epoch 125: eval=0.9052
epoch 126: loss=0.149921, train_acc=0.9477, time=9.4s
per-rank: rank0[cuda0,share=0.4133,tput=3.03] rank1[cuda1,share=0.2945,tput=2.72] rank2[cuda2,share=0.2922,tput=2.91]
epoch 126: eval=0.9048
epoch 127: loss=0.149335, train_acc=0.9474, time=11.0s
per-rank: rank0[cuda0,share=0.4195,tput=2.22] rank2[cuda2,share=0.2909,tput=3.74] rank1[cuda1,share=0.2897,tput=4.22]
epoch 127: eval=0.9087
epoch 128: loss=0.146064, train_acc=0.9485, time=10.6s
per-rank: rank0[cuda0,share=0.4172,tput=2.39] rank1[cuda1,share=0.2931,tput=2.90] rank2[cuda2,share=0.2897,tput=3.25]
epoch 128: eval=0.9044
epoch 129: loss=0.151060, train_acc=0.9466, time=9.7s
per-rank: rank0[cuda0,share=0.4095,tput=2.23] rank1[cuda1,share=0.3131,tput=2.34] rank2[cuda2,share=0.2774,tput=5.58]
epoch 129: eval=0.8911
epoch 130: loss=0.146668, train_acc=0.9484, time=11.7s
per-rank: rank0[cuda0,share=0.4062,tput=2.12] rank1[cuda1,share=0.3053,tput=3.43] rank2[cuda2,share=0.2885,tput=5.46]
epoch 130: eval=0.9065
epoch 131: loss=0.138350, train_acc=0.9516, time=10.8s
per-rank: rank0[cuda0,share=0.4143,tput=2.30] rank1[cuda1,share=0.3000,tput=2.66] rank2[cuda2,share=0.2857,tput=3.76]
epoch 131: eval=0.9027
epoch 132: loss=0.142936, train_acc=0.9500, time=9.5s
per-rank: rank0[cuda0,share=0.4120,tput=2.89] rank1[cuda1,share=0.3046,tput=3.82] rank2[cuda2,share=0.2834,tput=2.22]
epoch 132: eval=0.9137
epoch 133: loss=0.142510, train_acc=0.9498, time=9.5s
per-rank: rank0[cuda0,share=0.4058,tput=2.69] rank1[cuda1,share=0.3139,tput=2.52] rank2[cuda2,share=0.2803,tput=4.45]
epoch 133: eval=0.9037
epoch 134: loss=0.137386, train_acc=0.9510, time=9.6s
per-rank: rank0[cuda0,share=0.4106,tput=3.22] rank1[cuda1,share=0.3075,tput=3.06] rank2[cuda2,share=0.2819,tput=2.61]
epoch 134: eval=0.9004
epoch 135: loss=0.139082, train_acc=0.9509, time=9.9s
per-rank: rank0[cuda0,share=0.4179,tput=3.01] rank2[cuda2,share=0.3029,tput=3.30] rank1[cuda1,share=0.2793,tput=2.21]
epoch 135: eval=0.9018
epoch 136: loss=0.137176, train_acc=0.9514, time=9.9s
per-rank: rank0[cuda0,share=0.4119,tput=3.39] rank1[cuda1,share=0.2994,tput=2.78] rank2[cuda2,share=0.2887,tput=2.54]
epoch 136: eval=0.9084
epoch 137: loss=0.134872, train_acc=0.9531, time=9.7s
per-rank: rank0[cuda0,share=0.3987,tput=2.90] rank1[cuda1,share=0.3211,tput=3.11] rank2[cuda2,share=0.2802,tput=2.49]
epoch 137: eval=0.9042
epoch 138: loss=0.135739, train_acc=0.9519, time=9.7s
per-rank: rank0[cuda0,share=0.4056,tput=3.48] rank1[cuda1,share=0.2984,tput=3.31] rank2[cuda2,share=0.2960,tput=2.15]
epoch 138: eval=0.9069
epoch 139: loss=0.136354, train_acc=0.9523, time=9.6s
per-rank: rank0[cuda0,share=0.4248,tput=3.58] rank1[cuda1,share=0.2876,tput=3.10] rank2[cuda2,share=0.2876,tput=2.22]
epoch 139: eval=0.9052
epoch 140: loss=0.133032, train_acc=0.9540, time=12.4s
per-rank: rank0[cuda0,share=0.4194,tput=2.17] rank1[cuda1,share=0.3046,tput=4.05] rank2[cuda2,share=0.2759,tput=4.85]
epoch 140: eval=0.8994
epoch 141: loss=0.134557, train_acc=0.9519, time=11.9s
per-rank: rank0[cuda0,share=0.4200,tput=1.96] rank1[cuda1,share=0.3044,tput=3.96] rank2[cuda2,share=0.2756,tput=2.37]
epoch 141: eval=0.9037
epoch 142: loss=0.132363, train_acc=0.9532, time=9.7s
per-rank: rank0[cuda0,share=0.4055,tput=3.93] rank1[cuda1,share=0.3166,tput=3.73] rank2[cuda2,share=0.2779,tput=2.20]
epoch 142: eval=0.9071
epoch 143: loss=0.136079, train_acc=0.9509, time=9.4s
per-rank: rank0[cuda0,share=0.3907,tput=2.08] rank1[cuda1,share=0.3163,tput=5.09] rank2[cuda2,share=0.2930,tput=2.58]
epoch 143: eval=0.9007
epoch 144: loss=0.132558, train_acc=0.9531, time=12.7s
per-rank: rank0[cuda0,share=0.3791,tput=1.84] rank1[cuda1,share=0.3150,tput=5.37] rank2[cuda2,share=0.3060,tput=2.92]
epoch 144: eval=0.8971
epoch 145: loss=0.135964, train_acc=0.9521, time=11.0s
per-rank: rank0[cuda0,share=0.3757,tput=2.63] rank1[cuda1,share=0.3133,tput=3.78] rank2[cuda2,share=0.3110,tput=2.73]
epoch 145: eval=0.8980
epoch 146: loss=0.131743, train_acc=0.9535, time=9.6s
per-rank: rank0[cuda0,share=0.4089,tput=2.61] rank2[cuda2,share=0.3018,tput=2.12] rank1[cuda1,share=0.2893,tput=5.77]
epoch 146: eval=0.8981
epoch 147: loss=0.134035, train_acc=0.9519, time=9.7s
per-rank: rank0[cuda0,share=0.4172,tput=2.76] rank1[cuda1,share=0.3027,tput=2.85] rank2[cuda2,share=0.2802,tput=2.98]
epoch 147: eval=0.8954
epoch 148: loss=0.131835, train_acc=0.9531, time=9.7s
per-rank: rank0[cuda0,share=0.3928,tput=3.21] rank1[cuda1,share=0.3108,tput=2.12] rank2[cuda2,share=0.2964,tput=3.59]
epoch 148: eval=0.8999
epoch 149: loss=0.147920, train_acc=0.9471, time=9.6s
per-rank: rank0[cuda0,share=0.3701,tput=2.39] rank2[cuda2,share=0.3209,tput=2.24] rank1[cuda1,share=0.3090,tput=4.98]
epoch 149: eval=0.8936
epoch 150: loss=0.125946, train_acc=0.9560, time=11.1s
per-rank: rank0[cuda0,share=0.3652,tput=1.96] rank2[cuda2,share=0.3231,tput=3.80] rank1[cuda1,share=0.3117,tput=3.64]
epoch 150: eval=0.9157
epoch 151: loss=0.094370, train_acc=0.9680, time=10.3s
per-rank: rank0[cuda0,share=0.3661,tput=3.20] rank2[cuda2,share=0.3224,tput=3.27] rank1[cuda1,share=0.3115,tput=2.51]
epoch 151: eval=0.9185
epoch 152: loss=0.089807, train_acc=0.9701, time=9.2s
per-rank: rank0[cuda0,share=0.3689,tput=3.92] rank2[cuda2,share=0.3191,tput=1.87] rank1[cuda1,share=0.3120,tput=3.84]
epoch 152: eval=0.9173
epoch 153: loss=0.086194, train_acc=0.9715, time=11.8s
per-rank: rank0[cuda0,share=0.3710,tput=1.93] rank2[cuda2,share=0.3167,tput=4.99] rank1[cuda1,share=0.3123,tput=3.18]
epoch 153: eval=0.9172
epoch 154: loss=0.082723, train_acc=0.9730, time=10.5s
per-rank: rank0[cuda0,share=0.3726,tput=2.22] rank2[cuda2,share=0.3147,tput=2.65] rank1[cuda1,share=0.3127,tput=3.90]
epoch 154: eval=0.9191
epoch 155: loss=0.083669, train_acc=0.9717, time=11.0s
per-rank: rank0[cuda0,share=0.3739,tput=2.10] rank1[cuda1,share=0.3131,tput=3.95] rank2[cuda2,share=0.3131,tput=3.37]
epoch 155: eval=0.9188
epoch 156: loss=0.080746, train_acc=0.9727, time=10.1s
per-rank: rank0[cuda0,share=0.3749,tput=3.05] rank1[cuda1,share=0.3133,tput=2.62] rank2[cuda2,share=0.3118,tput=3.35]
epoch 156: eval=0.9188
epoch 157: loss=0.079840, train_acc=0.9732, time=10.8s
per-rank: rank0[cuda0,share=0.3767,tput=2.14] rank1[cuda1,share=0.3121,tput=4.94] rank2[cuda2,share=0.3113,tput=3.07]
epoch 157: eval=0.9178
epoch 158: loss=0.079852, train_acc=0.9741, time=10.1s
per-rank: rank0[cuda0,share=0.3798,tput=2.63] rank1[cuda1,share=0.3111,tput=2.80] rank2[cuda2,share=0.3091,tput=3.24]
epoch 158: eval=0.9195
epoch 159: loss=0.078575, train_acc=0.9740, time=9.4s
per-rank: rank0[cuda0,share=0.3798,tput=1.96] rank1[cuda1,share=0.3111,tput=6.46] rank2[cuda2,share=0.3091,tput=2.26]
epoch 159: eval=0.9180
epoch 160: loss=0.076887, train_acc=0.9751, time=11.8s
per-rank: rank0[cuda0,share=0.3878,tput=1.96] rank1[cuda1,share=0.3092,tput=3.30] rank2[cuda2,share=0.3030,tput=4.47]
epoch 160: eval=0.9174
epoch 161: loss=0.075429, train_acc=0.9754, time=10.9s
per-rank: rank0[cuda0,share=0.3878,tput=2.24] rank1[cuda1,share=0.3092,tput=3.28] rank2[cuda2,share=0.3030,tput=2.70]
epoch 161: eval=0.9166
epoch 162: loss=0.078041, train_acc=0.9741, time=11.9s
per-rank: rank0[cuda0,share=0.3904,tput=2.02] rank1[cuda1,share=0.3085,tput=3.60] rank2[cuda2,share=0.3011,tput=4.51]
epoch 162: eval=0.9182
epoch 163: loss=0.076796, train_acc=0.9748, time=10.8s
per-rank: rank0[cuda0,share=0.3906,tput=1.85] rank1[cuda1,share=0.3082,tput=3.67] rank2[cuda2,share=0.3012,tput=2.74]
epoch 163: eval=0.9176
epoch 164: loss=0.075416, train_acc=0.9756, time=11.8s
per-rank: rank0[cuda0,share=0.3908,tput=1.95] rank1[cuda1,share=0.3080,tput=3.37] rank2[cuda2,share=0.3012,tput=5.01]
epoch 164: eval=0.9196
epoch 165: loss=0.073542, train_acc=0.9758, time=10.4s
per-rank: rank0[cuda0,share=0.3911,tput=2.58] rank1[cuda1,share=0.3077,tput=2.59] rank2[cuda2,share=0.3012,tput=3.71]
epoch 165: eval=0.9183
epoch 166: loss=0.074668, train_acc=0.9759, time=10.9s
per-rank: rank0[cuda0,share=0.3913,tput=2.16] rank1[cuda1,share=0.3075,tput=3.28] rank2[cuda2,share=0.3012,tput=4.59]
epoch 166: eval=0.9181
epoch 167: loss=0.072620, train_acc=0.9758, time=10.2s
per-rank: rank0[cuda0,share=0.3915,tput=2.49] rank1[cuda1,share=0.3072,tput=2.52] rank2[cuda2,share=0.3012,tput=3.53]
epoch 167: eval=0.9186
epoch 168: loss=0.071802, train_acc=0.9769, time=10.0s
per-rank: rank0[cuda0,share=0.3910,tput=1.71] rank1[cuda1,share=0.3084,tput=5.93] rank2[cuda2,share=0.3006,tput=2.40]
epoch 168: eval=0.9184
epoch 169: loss=0.073222, train_acc=0.9755, time=11.5s
per-rank: rank0[cuda0,share=0.3911,tput=2.03] rank1[cuda1,share=0.3084,tput=4.06] rank2[cuda2,share=0.3006,tput=3.49]
epoch 169: eval=0.9178
epoch 170: loss=0.072311, train_acc=0.9763, time=10.2s
per-rank: rank0[cuda0,share=0.3911,tput=2.81] rank1[cuda1,share=0.3083,tput=3.26] rank2[cuda2,share=0.3006,tput=2.63]
epoch 170: eval=0.9180
epoch 171: loss=0.070711, train_acc=0.9764, time=11.7s
per-rank: rank0[cuda0,share=0.3897,tput=2.05] rank1[cuda1,share=0.3089,tput=4.67] rank2[cuda2,share=0.3014,tput=3.24]
epoch 171: eval=0.9163
epoch 172: loss=0.069304, train_acc=0.9772, time=11.0s
per-rank: rank0[cuda0,share=0.3889,tput=2.98] rank1[cuda1,share=0.3085,tput=2.42] rank2[cuda2,share=0.3026,tput=2.99]
epoch 172: eval=0.9173
epoch 173: loss=0.068297, train_acc=0.9776, time=11.2s
per-rank: rank0[cuda0,share=0.3944,tput=2.10] rank1[cuda1,share=0.3039,tput=3.65] rank2[cuda2,share=0.3016,tput=3.71]
epoch 173: eval=0.9177
epoch 174: loss=0.070035, train_acc=0.9761, time=10.4s
per-rank: rank0[cuda0,share=0.3944,tput=2.79] rank1[cuda1,share=0.3039,tput=2.43] rank2[cuda2,share=0.3016,tput=3.30]
epoch 174: eval=0.9169
epoch 175: loss=0.070549, train_acc=0.9763, time=11.4s
per-rank: rank0[cuda0,share=0.4003,tput=2.21] rank1[cuda1,share=0.3007,tput=3.45] rank2[cuda2,share=0.2990,tput=4.64]
epoch 175: eval=0.9177
epoch 176: loss=0.070432, train_acc=0.9764, time=10.6s
per-rank: rank0[cuda0,share=0.4003,tput=2.47] rank1[cuda1,share=0.3007,tput=2.54] rank2[cuda2,share=0.2990,tput=3.74]
epoch 176: eval=0.9175
epoch 177: loss=0.067003, train_acc=0.9774, time=12.1s
per-rank: rank0[cuda0,share=0.4061,tput=2.05] rank1[cuda1,share=0.2974,tput=3.49] rank2[cuda2,share=0.2964,tput=4.87]
epoch 177: eval=0.9180
epoch 178: loss=0.068508, train_acc=0.9766, time=11.1s
per-rank: rank0[cuda0,share=0.4061,tput=1.96] rank1[cuda1,share=0.2974,tput=2.84] rank2[cuda2,share=0.2964,tput=3.66]
epoch 178: eval=0.9186
epoch 179: loss=0.066429, train_acc=0.9780, time=12.7s
per-rank: rank0[cuda0,share=0.4083,tput=1.97] rank1[cuda1,share=0.2985,tput=4.07] rank2[cuda2,share=0.2932,tput=4.55]
epoch 179: eval=0.9196
epoch 180: loss=0.068379, train_acc=0.9771, time=11.3s
per-rank: rank0[cuda0,share=0.4083,tput=1.99] rank1[cuda1,share=0.2985,tput=2.97] rank2[cuda2,share=0.2932,tput=3.25]
epoch 180: eval=0.9176
epoch 181: loss=0.066880, train_acc=0.9779, time=13.4s
per-rank: rank0[cuda0,share=0.4099,tput=1.85] rank1[cuda1,share=0.2999,tput=3.72] rank2[cuda2,share=0.2903,tput=5.31]
epoch 181: eval=0.9175
epoch 182: loss=0.066455, train_acc=0.9776, time=11.6s
per-rank: rank0[cuda0,share=0.4099,tput=2.60] rank1[cuda1,share=0.2999,tput=2.70] rank2[cuda2,share=0.2903,tput=4.14]
epoch 182: eval=0.9176
epoch 183: loss=0.066405, train_acc=0.9776, time=9.6s
per-rank: rank0[cuda0,share=0.4076,tput=3.11] rank1[cuda1,share=0.3025,tput=3.29] rank2[cuda2,share=0.2899,tput=2.38]
epoch 183: eval=0.9177
epoch 184: loss=0.065604, train_acc=0.9782, time=10.9s
per-rank: rank0[cuda0,share=0.4016,tput=2.12] rank1[cuda1,share=0.3070,tput=4.71] rank2[cuda2,share=0.2914,tput=3.06]
epoch 184: eval=0.9167
epoch 185: loss=0.064205, train_acc=0.9784, time=10.2s
per-rank: rank0[cuda0,share=0.4016,tput=2.61] rank1[cuda1,share=0.3070,tput=3.27] rank2[cuda2,share=0.2914,tput=2.48]
epoch 185: eval=0.9165
epoch 186: loss=0.064024, train_acc=0.9790, time=12.1s
per-rank: rank0[cuda0,share=0.3968,tput=1.92] rank1[cuda1,share=0.3092,tput=3.22] rank2[cuda2,share=0.2940,tput=4.68]
epoch 186: eval=0.9158
epoch 187: loss=0.065788, train_acc=0.9779, time=10.6s
per-rank: rank0[cuda0,share=0.3949,tput=2.57] rank1[cuda1,share=0.3108,tput=2.51] rank2[cuda2,share=0.2943,tput=3.38]
epoch 187: eval=0.9176
epoch 188: loss=0.063597, train_acc=0.9782, time=9.8s
per-rank: rank0[cuda0,share=0.3938,tput=3.81] rank1[cuda1,share=0.3112,tput=2.27] rank2[cuda2,share=0.2949,tput=3.16]
epoch 188: eval=0.9172
epoch 189: loss=0.063594, train_acc=0.9788, time=9.7s
per-rank: rank0[cuda0,share=0.3914,tput=2.27] rank1[cuda1,share=0.3124,tput=5.10] rank2[cuda2,share=0.2963,tput=2.27]
epoch 189: eval=0.9160
epoch 190: loss=0.063752, train_acc=0.9791, time=9.5s
per-rank: rank0[cuda0,share=0.3895,tput=3.71] rank1[cuda1,share=0.3124,tput=3.00] rank2[cuda2,share=0.2981,tput=2.15]
epoch 190: eval=0.9194
epoch 191: loss=0.063695, train_acc=0.9789, time=11.7s
per-rank: rank0[cuda0,share=0.3907,tput=1.99] rank1[cuda1,share=0.3099,tput=4.88] rank2[cuda2,share=0.2994,tput=3.18]
epoch 191: eval=0.9170
epoch 192: loss=0.061650, train_acc=0.9793, time=10.9s
per-rank: rank0[cuda0,share=0.3931,tput=2.79] rank1[cuda1,share=0.3077,tput=2.84] rank2[cuda2,share=0.2992,tput=2.93]
epoch 192: eval=0.9160
epoch 193: loss=0.062787, train_acc=0.9787, time=9.7s
per-rank: rank0[cuda0,share=0.3947,tput=2.93] rank1[cuda1,share=0.3069,tput=2.58] rank2[cuda2,share=0.2983,tput=2.97]
epoch 193: eval=0.9157
epoch 194: loss=0.061985, train_acc=0.9794, time=9.6s
per-rank: rank0[cuda0,share=0.3964,tput=2.32] rank1[cuda1,share=0.3061,tput=6.17] rank2[cuda2,share=0.2975,tput=2.10]
epoch 194: eval=0.9163
epoch 195: loss=0.060749, train_acc=0.9795, time=11.1s
per-rank: rank0[cuda0,share=0.3979,tput=2.22] rank1[cuda1,share=0.3072,tput=3.94] rank2[cuda2,share=0.2949,tput=3.86]
epoch 195: eval=0.9174
epoch 196: loss=0.062839, train_acc=0.9787, time=10.6s
per-rank: rank0[cuda0,share=0.3987,tput=2.61] rank1[cuda1,share=0.3078,tput=2.39] rank2[cuda2,share=0.2935,tput=3.26]
epoch 196: eval=0.9170
epoch 197: loss=0.059733, train_acc=0.9802, time=12.1s
per-rank: rank0[cuda0,share=0.4035,tput=2.01] rank1[cuda1,share=0.3055,tput=3.84] rank2[cuda2,share=0.2911,tput=3.70]
epoch 197: eval=0.9159
epoch 198: loss=0.059968, train_acc=0.9799, time=10.9s
per-rank: rank0[cuda0,share=0.4035,tput=2.45] rank1[cuda1,share=0.3055,tput=2.60] rank2[cuda2,share=0.2911,tput=3.54]
epoch 198: eval=0.9175
epoch 199: loss=0.061525, train_acc=0.9793, time=10.3s
per-rank: rank0[cuda0,share=0.4093,tput=2.46] rank1[cuda1,share=0.3030,tput=3.32] rank2[cuda2,share=0.2877,tput=5.06]
final eval=0.9182
# total: 1818.1s (30m 18s)
