# gpu0: NVIDIA GeForce RTX 5060 Ti (15GB, sm_120)
# gpu1: NVIDIA GeForce GTX 1060 6GB (5GB, sm_61)
# gpu2: NVIDIA GeForce GTX 1060 6GB (5GB, sm_61)
epoch 0: loss=1.992958, train_acc=0.2423, time=10.4s
per-rank: rank0[cuda0,share=0.4156,tput=4.76] rank1[cuda1,share=0.3019,tput=5.22] rank2[cuda2,share=0.2825,tput=2.05]
epoch 0: eval=0.3286
epoch 1: loss=1.657998, train_acc=0.3801, time=12.7s
per-rank: rank0[cuda0,share=0.4085,tput=2.07] rank1[cuda1,share=0.3023,tput=3.79] rank2[cuda2,share=0.2892,tput=4.45]
epoch 1: eval=0.4427
epoch 2: loss=1.488078, train_acc=0.4534, time=11.5s
per-rank: rank0[cuda0,share=0.4175,tput=2.13] rank1[cuda1,share=0.3073,tput=2.78] rank2[cuda2,share=0.2752,tput=3.23]
epoch 2: eval=0.4915
epoch 3: loss=1.300855, train_acc=0.5299, time=9.6s
per-rank: rank0[cuda0,share=0.4272,tput=3.59] rank1[cuda1,share=0.2991,tput=2.06] rank2[cuda2,share=0.2737,tput=3.47]
epoch 3: eval=0.5155
epoch 4: loss=1.169485, train_acc=0.5814, time=10.0s
per-rank: rank0[cuda0,share=0.4133,tput=3.71] rank1[cuda1,share=0.2998,tput=2.66] rank2[cuda2,share=0.2869,tput=3.33]
epoch 4: eval=0.5140
epoch 5: loss=1.068372, train_acc=0.6203, time=10.0s
per-rank: rank0[cuda0,share=0.3689,tput=3.20] rank2[cuda2,share=0.3179,tput=2.34] rank1[cuda1,share=0.3132,tput=2.95]
epoch 5: eval=0.5182
epoch 6: loss=0.990583, train_acc=0.6515, time=9.7s
per-rank: rank0[cuda0,share=0.3903,tput=2.62] rank2[cuda2,share=0.3165,tput=5.26] rank1[cuda1,share=0.2932,tput=1.92]
epoch 6: eval=0.5919
epoch 7: loss=0.911759, train_acc=0.6810, time=9.7s
per-rank: rank0[cuda0,share=0.4194,tput=2.26] rank2[cuda2,share=0.3035,tput=2.27] rank1[cuda1,share=0.2771,tput=6.07]
epoch 7: eval=0.7038
epoch 8: loss=0.835684, train_acc=0.7078, time=12.7s
per-rank: rank0[cuda0,share=0.3962,tput=1.98] rank1[cuda1,share=0.3019,tput=3.28] rank2[cuda2,share=0.3019,tput=5.07]
epoch 8: eval=0.6831
epoch 9: loss=0.791123, train_acc=0.7249, time=11.2s
per-rank: rank0[cuda0,share=0.3971,tput=2.12] rank1[cuda1,share=0.3105,tput=2.94] rank2[cuda2,share=0.2925,tput=3.23]
epoch 9: eval=0.6919
epoch 10: loss=0.747255, train_acc=0.7408, time=9.7s
per-rank: rank0[cuda0,share=0.4069,tput=2.37] rank1[cuda1,share=0.3165,tput=2.35] rank2[cuda2,share=0.2766,tput=5.65]
epoch 10: eval=0.7278
epoch 11: loss=0.716196, train_acc=0.7522, time=9.7s
per-rank: rank0[cuda0,share=0.3998,tput=2.14] rank1[cuda1,share=0.3137,tput=2.47] rank2[cuda2,share=0.2865,tput=5.77]
epoch 11: eval=0.6353
epoch 12: loss=0.690608, train_acc=0.7611, time=10.8s
per-rank: rank0[cuda0,share=0.3974,tput=2.16] rank1[cuda1,share=0.3056,tput=3.14] rank2[cuda2,share=0.2970,tput=4.79]
epoch 12: eval=0.6908
epoch 13: loss=0.673125, train_acc=0.7681, time=10.2s
per-rank: rank0[cuda0,share=0.4095,tput=2.66] rank1[cuda1,share=0.3004,tput=3.50] rank2[cuda2,share=0.2901,tput=2.41]
epoch 13: eval=0.7320
epoch 14: loss=0.656101, train_acc=0.7749, time=11.6s
per-rank: rank0[cuda0,share=0.4074,tput=2.09] rank1[cuda1,share=0.2985,tput=3.56] rank2[cuda2,share=0.2941,tput=4.71]
epoch 14: eval=0.7595
epoch 15: loss=0.636657, train_acc=0.7797, time=10.9s
per-rank: rank0[cuda0,share=0.4201,tput=2.64] rank1[cuda1,share=0.2954,tput=3.70] rank2[cuda2,share=0.2845,tput=2.30]
epoch 15: eval=0.7785
epoch 16: loss=0.620412, train_acc=0.7852, time=12.1s
per-rank: rank0[cuda0,share=0.4273,tput=2.14] rank1[cuda1,share=0.2952,tput=3.79] rank2[cuda2,share=0.2775,tput=4.46]
epoch 16: eval=0.6999
epoch 17: loss=0.601109, train_acc=0.7906, time=10.9s
per-rank: rank0[cuda0,share=0.4128,tput=2.11] rank1[cuda1,share=0.3001,tput=3.61] rank2[cuda2,share=0.2871,tput=2.80]
epoch 17: eval=0.7686
epoch 18: loss=0.589303, train_acc=0.7954, time=11.3s
per-rank: rank0[cuda0,share=0.4074,tput=2.14] rank1[cuda1,share=0.3032,tput=5.72] rank2[cuda2,share=0.2894,tput=2.67]
epoch 18: eval=0.7984
epoch 19: loss=0.593661, train_acc=0.7952, time=10.6s
per-rank: rank0[cuda0,share=0.4120,tput=2.11] rank1[cuda1,share=0.3077,tput=2.86] rank2[cuda2,share=0.2803,tput=3.18]
epoch 19: eval=0.8115
epoch 20: loss=0.561964, train_acc=0.8064, time=9.8s
per-rank: rank0[cuda0,share=0.3716,tput=3.35] rank2[cuda2,share=0.3154,tput=2.61] rank1[cuda1,share=0.3131,tput=2.95]
epoch 20: eval=0.7623
epoch 21: loss=0.576137, train_acc=0.8016, time=9.9s
per-rank: rank0[cuda0,share=0.3953,tput=3.54] rank2[cuda2,share=0.3182,tput=2.95] rank1[cuda1,share=0.2866,tput=2.18]
epoch 21: eval=0.7115
epoch 22: loss=0.554524, train_acc=0.8077, time=9.7s
per-rank: rank0[cuda0,share=0.4175,tput=2.56] rank2[cuda2,share=0.3054,tput=2.23] rank1[cuda1,share=0.2771,tput=5.35]
epoch 22: eval=0.7490
epoch 23: loss=0.556579, train_acc=0.8096, time=9.6s
per-rank: rank0[cuda0,share=0.4195,tput=2.23] rank2[cuda2,share=0.2984,tput=5.51] rank1[cuda1,share=0.2821,tput=2.41]
epoch 23: eval=0.7994
epoch 24: loss=0.541818, train_acc=0.8132, time=9.9s
per-rank: rank0[cuda0,share=0.4110,tput=2.24] rank1[cuda1,share=0.2998,tput=6.30] rank2[cuda2,share=0.2892,tput=1.85]
epoch 24: eval=0.7797
epoch 25: loss=0.538897, train_acc=0.8138, time=9.8s
per-rank: rank0[cuda0,share=0.3992,tput=2.24] rank1[cuda1,share=0.3234,tput=2.38] rank2[cuda2,share=0.2774,tput=5.42]
epoch 25: eval=0.7502
epoch 26: loss=0.533536, train_acc=0.8163, time=11.8s
per-rank: rank0[cuda0,share=0.3950,tput=2.01] rank2[cuda2,share=0.3079,tput=3.66] rank1[cuda1,share=0.2971,tput=4.05]
epoch 26: eval=0.7870
epoch 27: loss=0.521474, train_acc=0.8201, time=10.9s
per-rank: rank0[cuda0,share=0.3784,tput=2.14] rank2[cuda2,share=0.3159,tput=2.40] rank1[cuda1,share=0.3057,tput=4.31]
epoch 27: eval=0.7758
epoch 28: loss=0.523131, train_acc=0.8191, time=9.7s
per-rank: rank0[cuda0,share=0.3957,tput=3.23] rank1[cuda1,share=0.3085,tput=4.71] rank2[cuda2,share=0.2957,tput=1.89]
epoch 28: eval=0.7695
epoch 29: loss=0.518276, train_acc=0.8209, time=12.0s
per-rank: rank0[cuda0,share=0.4136,tput=2.17] rank1[cuda1,share=0.2985,tput=3.61] rank2[cuda2,share=0.2878,tput=4.98]
epoch 29: eval=0.7670
epoch 30: loss=0.513139, train_acc=0.8223, time=10.9s
per-rank: rank0[cuda0,share=0.4241,tput=2.30] rank1[cuda1,share=0.2911,tput=3.83] rank2[cuda2,share=0.2848,tput=2.48]
epoch 30: eval=0.7874
epoch 31: loss=0.505267, train_acc=0.8259, time=9.9s
per-rank: rank0[cuda0,share=0.4069,tput=1.96] rank2[cuda2,share=0.2989,tput=6.14] rank1[cuda1,share=0.2943,tput=2.45]
epoch 31: eval=0.8104
epoch 32: loss=0.504494, train_acc=0.8262, time=9.7s
per-rank: rank0[cuda0,share=0.4126,tput=3.45] rank2[cuda2,share=0.3017,tput=2.04] rank1[cuda1,share=0.2857,tput=3.67]
epoch 32: eval=0.7272
epoch 33: loss=0.501355, train_acc=0.8266, time=9.8s
per-rank: rank0[cuda0,share=0.4114,tput=2.28] rank2[cuda2,share=0.2948,tput=2.36] rank1[cuda1,share=0.2937,tput=5.59]
epoch 33: eval=0.7679
epoch 34: loss=0.505747, train_acc=0.8276, time=9.7s
per-rank: rank0[cuda0,share=0.4041,tput=3.41] rank2[cuda2,share=0.3038,tput=3.39] rank1[cuda1,share=0.2921,tput=2.19]
epoch 34: eval=0.8012
epoch 35: loss=0.497363, train_acc=0.8310, time=11.4s
per-rank: rank0[cuda0,share=0.4077,tput=2.11] rank2[cuda2,share=0.3038,tput=4.17] rank1[cuda1,share=0.2885,tput=3.57]
epoch 35: eval=0.8016
epoch 36: loss=0.492458, train_acc=0.8307, time=10.7s
per-rank: rank0[cuda0,share=0.4168,tput=2.88] rank2[cuda2,share=0.2975,tput=2.50] rank1[cuda1,share=0.2857,tput=3.40]
epoch 36: eval=0.8015
epoch 37: loss=0.501222, train_acc=0.8269, time=12.9s
per-rank: rank0[cuda0,share=0.4070,tput=2.05] rank2[cuda2,share=0.2991,tput=4.11] rank1[cuda1,share=0.2939,tput=4.16]
epoch 37: eval=0.7790
epoch 38: loss=0.480516, train_acc=0.8352, time=11.7s
per-rank: rank0[cuda0,share=0.4074,tput=2.15] rank1[cuda1,share=0.2978,tput=3.45] rank2[cuda2,share=0.2947,tput=2.52]
epoch 38: eval=0.7181
epoch 39: loss=0.479931, train_acc=0.8337, time=9.7s
per-rank: rank0[cuda0,share=0.4134,tput=2.70] rank1[cuda1,share=0.2944,tput=2.48] rank2[cuda2,share=0.2923,tput=3.34]
epoch 39: eval=0.8171
epoch 40: loss=0.480712, train_acc=0.8364, time=11.6s
per-rank: rank0[cuda0,share=0.3937,tput=2.03] rank1[cuda1,share=0.3054,tput=5.03] rank2[cuda2,share=0.3009,tput=3.11]
epoch 40: eval=0.7704
epoch 41: loss=0.474452, train_acc=0.8360, time=10.8s
per-rank: rank0[cuda0,share=0.4030,tput=2.42] rank1[cuda1,share=0.3116,tput=2.59] rank2[cuda2,share=0.2854,tput=3.47]
epoch 41: eval=0.7350
epoch 42: loss=0.477117, train_acc=0.8365, time=12.9s
per-rank: rank0[cuda0,share=0.3941,tput=1.97] rank2[cuda2,share=0.3079,tput=3.43] rank1[cuda1,share=0.2980,tput=4.98]
epoch 42: eval=0.8091
epoch 43: loss=0.461674, train_acc=0.8403, time=11.4s
per-rank: rank0[cuda0,share=0.3924,tput=2.14] rank2[cuda2,share=0.3057,tput=2.59] rank1[cuda1,share=0.3019,tput=3.58]
epoch 43: eval=0.8097
epoch 44: loss=0.468597, train_acc=0.8380, time=9.7s
per-rank: rank0[cuda0,share=0.4051,tput=2.39] rank1[cuda1,share=0.3133,tput=2.53] rank2[cuda2,share=0.2815,tput=4.35]
epoch 44: eval=0.8249
epoch 45: loss=0.471477, train_acc=0.8364, time=9.7s
per-rank: rank0[cuda0,share=0.4130,tput=2.29] rank1[cuda1,share=0.3092,tput=4.56] rank2[cuda2,share=0.2778,tput=2.49]
epoch 45: eval=0.7331
epoch 46: loss=0.470043, train_acc=0.8370, time=9.8s
per-rank: rank0[cuda0,share=0.4227,tput=2.47] rank2[cuda2,share=0.2954,tput=2.38] rank1[cuda1,share=0.2818,tput=4.79]
epoch 46: eval=0.7787
epoch 47: loss=0.459367, train_acc=0.8419, time=12.4s
per-rank: rank0[cuda0,share=0.4167,tput=2.10] rank2[cuda2,share=0.3015,tput=3.36] rank1[cuda1,share=0.2819,tput=4.91]
epoch 47: eval=0.8234
epoch 48: loss=0.458671, train_acc=0.8422, time=11.2s
per-rank: rank0[cuda0,share=0.3874,tput=1.87] rank2[cuda2,share=0.3077,tput=2.76] rank1[cuda1,share=0.3049,tput=4.04]
epoch 48: eval=0.8383
epoch 49: loss=0.459591, train_acc=0.8416, time=9.9s
per-rank: rank0[cuda0,share=0.3878,tput=3.40] rank1[cuda1,share=0.3085,tput=2.06] rank2[cuda2,share=0.3037,tput=3.36]
epoch 49: eval=0.7532
epoch 50: loss=0.463365, train_acc=0.8419, time=11.7s
per-rank: rank0[cuda0,share=0.4010,tput=2.06] rank1[cuda1,share=0.3162,tput=3.77] rank2[cuda2,share=0.2827,tput=4.07]
epoch 50: eval=0.7940
epoch 51: loss=0.474621, train_acc=0.8362, time=10.7s
per-rank: rank0[cuda0,share=0.4066,tput=2.19] rank1[cuda1,share=0.3174,tput=2.74] rank2[cuda2,share=0.2759,tput=3.61]
epoch 51: eval=0.7927
epoch 52: loss=0.453244, train_acc=0.8443, time=12.6s
per-rank: rank0[cuda0,share=0.3856,tput=1.92] rank1[cuda1,share=0.3271,tput=3.32] rank2[cuda2,share=0.2873,tput=5.32]
epoch 52: eval=0.7776
epoch 53: loss=0.457163, train_acc=0.8428, time=11.2s
per-rank: rank0[cuda0,share=0.3908,tput=2.07] rank1[cuda1,share=0.3221,tput=3.95] rank2[cuda2,share=0.2872,tput=2.48]
epoch 53: eval=0.8119
epoch 54: loss=0.461333, train_acc=0.8424, time=9.6s
per-rank: rank0[cuda0,share=0.3998,tput=2.25] rank1[cuda1,share=0.3001,tput=4.99] rank2[cuda2,share=0.3001,tput=2.50]
epoch 54: eval=0.7718
epoch 55: loss=0.455519, train_acc=0.8448, time=9.7s
per-rank: rank0[cuda0,share=0.3845,tput=2.44] rank2[cuda2,share=0.3156,tput=3.19] rank1[cuda1,share=0.2999,tput=2.77]
epoch 55: eval=0.7173
epoch 56: loss=0.505201, train_acc=0.8260, time=9.7s
per-rank: rank0[cuda0,share=0.3722,tput=4.05] rank1[cuda1,share=0.3182,tput=2.22] rank2[cuda2,share=0.3096,tput=2.81]
epoch 56: eval=0.8005
epoch 57: loss=0.512239, train_acc=0.8241, time=9.6s
per-rank: rank0[cuda0,share=0.3760,tput=3.09] rank1[cuda1,share=0.3204,tput=3.44] rank2[cuda2,share=0.3036,tput=2.31]
epoch 57: eval=0.7759
epoch 58: loss=0.507484, train_acc=0.8265, time=9.6s
per-rank: rank0[cuda0,share=0.3818,tput=3.85] rank1[cuda1,share=0.3200,tput=2.16] rank2[cuda2,share=0.2982,tput=3.07]
epoch 58: eval=0.8247
epoch 59: loss=0.506958, train_acc=0.8277, time=9.7s
per-rank: rank0[cuda0,share=0.3818,tput=2.32] rank1[cuda1,share=0.3200,tput=2.18] rank2[cuda2,share=0.2982,tput=5.97]
epoch 59: eval=0.6816
epoch 60: loss=0.495779, train_acc=0.8296, time=11.3s
per-rank: rank0[cuda0,share=0.3862,tput=2.16] rank1[cuda1,share=0.3191,tput=2.90] rank2[cuda2,share=0.2947,tput=5.49]
epoch 60: eval=0.7606
epoch 61: loss=0.485404, train_acc=0.8328, time=10.6s
per-rank: rank0[cuda0,share=0.3914,tput=2.17] rank1[cuda1,share=0.3152,tput=2.43] rank2[cuda2,share=0.2935,tput=3.94]
epoch 61: eval=0.7239
epoch 62: loss=0.497372, train_acc=0.8295, time=11.9s
per-rank: rank0[cuda0,share=0.3926,tput=2.09] rank1[cuda1,share=0.3136,tput=5.74] rank2[cuda2,share=0.2938,tput=2.95]
epoch 62: eval=0.7956
epoch 63: loss=0.485860, train_acc=0.8345, time=10.9s
per-rank: rank0[cuda0,share=0.3940,tput=2.55] rank1[cuda1,share=0.3121,tput=3.30] rank2[cuda2,share=0.2939,tput=2.51]
epoch 63: eval=0.7827
epoch 64: loss=0.477730, train_acc=0.8352, time=9.6s
per-rank: rank0[cuda0,share=0.3960,tput=2.46] rank1[cuda1,share=0.3095,tput=4.77] rank2[cuda2,share=0.2944,tput=2.26]
epoch 64: eval=0.7849
epoch 65: loss=0.483926, train_acc=0.8346, time=9.7s
per-rank: rank0[cuda0,share=0.3977,tput=3.39] rank1[cuda1,share=0.3073,tput=2.61] rank2[cuda2,share=0.2950,tput=2.57]
epoch 65: eval=0.7361
epoch 66: loss=0.484338, train_acc=0.8321, time=9.6s
per-rank: rank0[cuda0,share=0.4013,tput=4.40] rank1[cuda1,share=0.3038,tput=3.86] rank2[cuda2,share=0.2949,tput=2.21]
epoch 66: eval=0.5482
epoch 67: loss=0.494096, train_acc=0.8315, time=12.0s
per-rank: rank0[cuda0,share=0.4049,tput=2.00] rank1[cuda1,share=0.3002,tput=3.12] rank2[cuda2,share=0.2949,tput=4.88]
epoch 67: eval=0.7764
epoch 68: loss=0.478320, train_acc=0.8341, time=11.1s
per-rank: rank0[cuda0,share=0.4068,tput=1.88] rank1[cuda1,share=0.2977,tput=2.51] rank2[cuda2,share=0.2955,tput=3.63]
epoch 68: eval=0.8328
epoch 69: loss=0.489316, train_acc=0.8335, time=9.7s
per-rank: rank0[cuda0,share=0.4071,tput=1.90] rank2[cuda2,share=0.2969,tput=5.36] rank1[cuda1,share=0.2960,tput=2.62]
epoch 69: eval=0.8320
epoch 70: loss=0.476507, train_acc=0.8380, time=12.6s
per-rank: rank0[cuda0,share=0.4053,tput=1.94] rank2[cuda2,share=0.2994,tput=4.99] rank1[cuda1,share=0.2953,tput=3.43]
epoch 70: eval=0.7679
epoch 71: loss=0.480114, train_acc=0.8357, time=10.8s
per-rank: rank0[cuda0,share=0.4020,tput=2.32] rank2[cuda2,share=0.3011,tput=3.51] rank1[cuda1,share=0.2968,tput=2.48]
epoch 71: eval=0.8141
epoch 72: loss=0.470910, train_acc=0.8382, time=9.7s
per-rank: rank0[cuda0,share=0.4010,tput=3.67] rank2[cuda2,share=0.3018,tput=2.12] rank1[cuda1,share=0.2972,tput=2.96]
epoch 72: eval=0.7940
epoch 73: loss=0.478299, train_acc=0.8372, time=11.2s
per-rank: rank0[cuda0,share=0.4000,tput=2.08] rank2[cuda2,share=0.3024,tput=3.23] rank1[cuda1,share=0.2976,tput=4.29]
epoch 73: eval=0.8000
epoch 74: loss=0.473371, train_acc=0.8373, time=10.4s
per-rank: rank0[cuda0,share=0.3989,tput=2.84] rank2[cuda2,share=0.3029,tput=3.48] rank1[cuda1,share=0.2982,tput=2.38]
epoch 74: eval=0.7952
epoch 75: loss=0.476473, train_acc=0.8363, time=11.1s
per-rank: rank0[cuda0,share=0.3990,tput=2.14] rank2[cuda2,share=0.3029,tput=3.11] rank1[cuda1,share=0.2981,tput=5.10]
epoch 75: eval=0.7479
epoch 76: loss=0.475125, train_acc=0.8347, time=10.5s
per-rank: rank0[cuda0,share=0.3991,tput=2.78] rank2[cuda2,share=0.3028,tput=2.43] rank1[cuda1,share=0.2980,tput=3.22]
epoch 76: eval=0.7205
epoch 77: loss=0.473433, train_acc=0.8378, time=9.7s
per-rank: rank0[cuda0,share=0.3993,tput=2.42] rank2[cuda2,share=0.3028,tput=1.99] rank1[cuda1,share=0.2980,tput=6.15]
epoch 77: eval=0.7891
epoch 78: loss=0.474161, train_acc=0.8378, time=9.8s
per-rank: rank0[cuda0,share=0.3994,tput=3.15] rank2[cuda2,share=0.3027,tput=3.03] rank1[cuda1,share=0.2979,tput=2.29]
epoch 78: eval=0.7818
epoch 79: loss=0.472713, train_acc=0.8371, time=9.6s
per-rank: rank0[cuda0,share=0.3995,tput=1.91] rank2[cuda2,share=0.3027,tput=5.81] rank1[cuda1,share=0.2978,tput=2.57]
epoch 79: eval=0.8112
epoch 80: loss=0.484140, train_acc=0.8335, time=10.2s
per-rank: rank0[cuda0,share=0.4002,tput=2.54] rank2[cuda2,share=0.3023,tput=3.45] rank1[cuda1,share=0.2974,tput=2.53]
epoch 80: eval=0.8166
epoch 81: loss=0.480088, train_acc=0.8337, time=10.1s
per-rank: rank0[cuda0,share=0.3998,tput=2.62] rank2[cuda2,share=0.3026,tput=3.41] rank1[cuda1,share=0.2976,tput=2.44]
epoch 81: eval=0.8145
epoch 82: loss=0.470299, train_acc=0.8388, time=9.6s
per-rank: rank0[cuda0,share=0.3993,tput=3.52] rank2[cuda2,share=0.3028,tput=3.04] rank1[cuda1,share=0.2979,tput=2.40]
epoch 82: eval=0.8144
epoch 83: loss=0.474050, train_acc=0.8375, time=11.9s
per-rank: rank0[cuda0,share=0.3988,tput=1.91] rank2[cuda2,share=0.3031,tput=2.85] rank1[cuda1,share=0.2981,tput=5.28]
epoch 83: eval=0.8154
epoch 84: loss=0.473600, train_acc=0.8380, time=10.8s
per-rank: rank0[cuda0,share=0.3977,tput=2.37] rank2[cuda2,share=0.3028,tput=3.62] rank1[cuda1,share=0.2995,tput=2.46]
epoch 84: eval=0.8309
epoch 85: loss=0.467952, train_acc=0.8395, time=11.3s
per-rank: rank0[cuda0,share=0.3952,tput=2.04] rank2[cuda2,share=0.3032,tput=2.56] rank1[cuda1,share=0.3015,tput=5.62]
epoch 85: eval=0.8032
epoch 86: loss=0.475808, train_acc=0.8369, time=10.7s
per-rank: rank0[cuda0,share=0.3927,tput=2.14] rank1[cuda1,share=0.3036,tput=4.07] rank2[cuda2,share=0.3036,tput=2.34]
epoch 86: eval=0.8124
epoch 87: loss=0.467254, train_acc=0.8399, time=9.5s
per-rank: rank0[cuda0,share=0.3908,tput=3.63] rank1[cuda1,share=0.3062,tput=3.32] rank2[cuda2,share=0.3030,tput=2.06]
epoch 87: eval=0.7794
epoch 88: loss=0.475226, train_acc=0.8359, time=11.2s
per-rank: rank0[cuda0,share=0.3881,tput=2.10] rank1[cuda1,share=0.3084,tput=4.81] rank2[cuda2,share=0.3035,tput=3.16]
epoch 88: eval=0.7915
epoch 89: loss=0.473687, train_acc=0.8369, time=10.5s
per-rank: rank0[cuda0,share=0.3854,tput=3.17] rank1[cuda1,share=0.3105,tput=3.17] rank2[cuda2,share=0.3041,tput=2.47]
epoch 89: eval=0.8118
epoch 90: loss=0.467911, train_acc=0.8413, time=13.2s
per-rank: rank0[cuda0,share=0.3861,tput=1.73] rank1[cuda1,share=0.3108,tput=3.14] rank2[cuda2,share=0.3031,tput=4.66]
epoch 90: eval=0.8354
epoch 91: loss=0.470473, train_acc=0.8390, time=11.1s
per-rank: rank0[cuda0,share=0.3861,tput=1.95] rank1[cuda1,share=0.3108,tput=4.07] rank2[cuda2,share=0.3031,tput=2.68]
epoch 91: eval=0.8095
epoch 92: loss=0.461445, train_acc=0.8416, time=11.6s
per-rank: rank0[cuda0,share=0.3873,tput=2.05] rank1[cuda1,share=0.3099,tput=3.12] rank2[cuda2,share=0.3028,tput=5.04]
epoch 92: eval=0.8021
epoch 93: loss=0.456931, train_acc=0.8421, time=11.4s
per-rank: rank0[cuda0,share=0.3878,tput=2.54] rank1[cuda1,share=0.3087,tput=2.48] rank2[cuda2,share=0.3035,tput=3.24]
epoch 93: eval=0.8329
epoch 94: loss=0.465656, train_acc=0.8412, time=9.7s
per-rank: rank0[cuda0,share=0.3867,tput=2.86] rank1[cuda1,share=0.3083,tput=2.66] rank2[cuda2,share=0.3050,tput=2.87]
epoch 94: eval=0.8367
epoch 95: loss=0.464539, train_acc=0.8422, time=9.6s
per-rank: rank0[cuda0,share=0.3863,tput=3.20] rank1[cuda1,share=0.3083,tput=2.52] rank2[cuda2,share=0.3054,tput=3.01]
epoch 95: eval=0.7380
epoch 96: loss=0.462062, train_acc=0.8418, time=9.7s
per-rank: rank0[cuda0,share=0.3852,tput=1.92] rank1[cuda1,share=0.3079,tput=6.18] rank2[cuda2,share=0.3070,tput=2.21]
epoch 96: eval=0.7602
epoch 97: loss=0.467025, train_acc=0.8404, time=9.7s
per-rank: rank0[cuda0,share=0.3840,tput=2.95] rank2[cuda2,share=0.3085,tput=3.12] rank1[cuda1,share=0.3074,tput=2.42]
epoch 97: eval=0.7175
epoch 98: loss=0.456208, train_acc=0.8435, time=12.0s
per-rank: rank0[cuda0,share=0.3771,tput=1.89] rank2[cuda2,share=0.3124,tput=3.18] rank1[cuda1,share=0.3105,tput=5.08]
epoch 98: eval=0.7708
epoch 99: loss=0.454642, train_acc=0.8446, time=10.8s
per-rank: rank0[cuda0,share=0.3728,tput=2.93] rank2[cuda2,share=0.3137,tput=2.35] rank1[cuda1,share=0.3135,tput=3.46]
epoch 99: eval=0.8333
epoch 100: loss=0.387944, train_acc=0.8674, time=9.6s
per-rank: rank0[cuda0,share=0.3691,tput=2.58] rank2[cuda2,share=0.3157,tput=2.18] rank1[cuda1,share=0.3152,tput=4.72]
epoch 100: eval=0.8914
epoch 101: loss=0.250317, train_acc=0.9141, time=10.4s
per-rank: rank0[cuda0,share=0.3686,tput=2.11] rank1[cuda1,share=0.3159,tput=4.59] rank2[cuda2,share=0.3155,tput=3.08]
epoch 101: eval=0.8997
epoch 102: loss=0.231289, train_acc=0.9213, time=10.0s
per-rank: rank0[cuda0,share=0.3718,tput=3.34] rank1[cuda1,share=0.3149,tput=2.15] rank2[cuda2,share=0.3133,tput=3.34]
epoch 102: eval=0.9050
epoch 103: loss=0.222091, train_acc=0.9230, time=9.8s
per-rank: rank0[cuda0,share=0.3743,tput=2.21] rank1[cuda1,share=0.3133,tput=5.62] rank2[cuda2,share=0.3123,tput=2.13]
epoch 103: eval=0.9038
epoch 104: loss=0.218357, train_acc=0.9239, time=11.3s
per-rank: rank0[cuda0,share=0.3794,tput=2.14] rank2[cuda2,share=0.3104,tput=4.90] rank1[cuda1,share=0.3102,tput=3.17]
epoch 104: eval=0.9059
epoch 105: loss=0.207012, train_acc=0.9294, time=10.7s
per-rank: rank0[cuda0,share=0.3844,tput=2.57] rank2[cuda2,share=0.3091,tput=2.38] rank1[cuda1,share=0.3065,tput=3.67]
epoch 105: eval=0.9049
epoch 106: loss=0.200779, train_acc=0.9300, time=11.4s
per-rank: rank0[cuda0,share=0.3894,tput=2.16] rank2[cuda2,share=0.3078,tput=3.21] rank1[cuda1,share=0.3028,tput=4.81]
epoch 106: eval=0.9074
epoch 107: loss=0.197829, train_acc=0.9320, time=10.6s
per-rank: rank0[cuda0,share=0.3944,tput=2.63] rank2[cuda2,share=0.3065,tput=3.37] rank1[cuda1,share=0.2991,tput=2.51]
epoch 107: eval=0.9066
epoch 108: loss=0.195439, train_acc=0.9309, time=9.5s
per-rank: rank0[cuda0,share=0.3986,tput=3.44] rank2[cuda2,share=0.3045,tput=2.98] rank1[cuda1,share=0.2969,tput=2.43]
epoch 108: eval=0.9066
epoch 109: loss=0.189572, train_acc=0.9345, time=12.5s
per-rank: rank0[cuda0,share=0.4041,tput=1.89] rank2[cuda2,share=0.3004,tput=4.09] rank1[cuda1,share=0.2955,tput=3.94]
epoch 109: eval=0.9038
epoch 110: loss=0.184268, train_acc=0.9355, time=10.7s
per-rank: rank0[cuda0,share=0.4048,tput=2.35] rank2[cuda2,share=0.2992,tput=3.15] rank1[cuda1,share=0.2960,tput=2.87]
epoch 110: eval=0.9052
epoch 111: loss=0.182554, train_acc=0.9378, time=11.8s
per-rank: rank0[cuda0,share=0.4054,tput=2.07] rank2[cuda2,share=0.2981,tput=3.23] rank1[cuda1,share=0.2965,tput=5.16]
epoch 111: eval=0.9079
epoch 112: loss=0.178354, train_acc=0.9371, time=11.0s
per-rank: rank0[cuda0,share=0.4046,tput=2.55] rank1[cuda1,share=0.2977,tput=3.22] rank2[cuda2,share=0.2977,tput=2.62]
epoch 112: eval=0.9059
epoch 113: loss=0.175939, train_acc=0.9387, time=10.9s
per-rank: rank0[cuda0,share=0.4050,tput=2.19] rank1[cuda1,share=0.2991,tput=3.79] rank2[cuda2,share=0.2959,tput=3.68]
epoch 113: eval=0.9069
epoch 114: loss=0.175375, train_acc=0.9389, time=10.4s
per-rank: rank0[cuda0,share=0.4061,tput=2.85] rank1[cuda1,share=0.2994,tput=3.76] rank2[cuda2,share=0.2945,tput=2.17]
epoch 114: eval=0.9086
epoch 115: loss=0.169845, train_acc=0.9412, time=11.7s
per-rank: rank0[cuda0,share=0.4111,tput=2.12] rank1[cuda1,share=0.3002,tput=5.65] rank2[cuda2,share=0.2887,tput=2.62]
epoch 115: eval=0.9089
epoch 116: loss=0.169981, train_acc=0.9407, time=10.7s
per-rank: rank0[cuda0,share=0.4135,tput=2.59] rank1[cuda1,share=0.2998,tput=3.58] rank2[cuda2,share=0.2867,tput=2.43]
epoch 116: eval=0.9083
epoch 117: loss=0.167715, train_acc=0.9414, time=12.1s
per-rank: rank0[cuda0,share=0.4160,tput=2.14] rank1[cuda1,share=0.2993,tput=3.60] rank2[cuda2,share=0.2847,tput=4.59]
epoch 117: eval=0.9076
epoch 118: loss=0.164766, train_acc=0.9420, time=11.4s
per-rank: rank0[cuda0,share=0.4185,tput=2.01] rank1[cuda1,share=0.2989,tput=3.48] rank2[cuda2,share=0.2826,tput=2.71]
epoch 118: eval=0.9069
epoch 119: loss=0.157743, train_acc=0.9447, time=9.6s
per-rank: rank0[cuda0,share=0.4194,tput=2.73] rank1[cuda1,share=0.2982,tput=2.13] rank2[cuda2,share=0.2824,tput=3.79]
epoch 119: eval=0.9042
epoch 120: loss=0.162647, train_acc=0.9433, time=9.5s
per-rank: rank0[cuda0,share=0.4204,tput=2.98] rank1[cuda1,share=0.2974,tput=2.42] rank2[cuda2,share=0.2822,tput=4.85]
epoch 120: eval=0.9051
epoch 121: loss=0.156088, train_acc=0.9453, time=11.9s
per-rank: rank0[cuda0,share=0.4210,tput=2.05] rank1[cuda1,share=0.2962,tput=3.44] rank2[cuda2,share=0.2828,tput=4.87]
epoch 121: eval=0.9025
epoch 122: loss=0.151272, train_acc=0.9477, time=10.9s
per-rank: rank0[cuda0,share=0.4203,tput=2.47] rank1[cuda1,share=0.2961,tput=4.00] rank2[cuda2,share=0.2836,tput=2.19]
epoch 122: eval=0.9065
epoch 123: loss=0.155057, train_acc=0.9457, time=11.1s
per-rank: rank0[cuda0,share=0.4160,tput=2.17] rank1[cuda1,share=0.2956,tput=3.71] rank2[cuda2,share=0.2884,tput=4.26]
epoch 123: eval=0.9057
epoch 124: loss=0.150247, train_acc=0.9470, time=10.7s
per-rank: rank0[cuda0,share=0.4146,tput=2.84] rank1[cuda1,share=0.2949,tput=2.33] rank2[cuda2,share=0.2905,tput=3.34]
epoch 124: eval=0.9119
epoch 125: loss=0.151652, train_acc=0.9465, time=9.5s
per-rank: rank0[cuda0,share=0.4132,tput=2.82] rank1[cuda1,share=0.2942,tput=4.72] rank2[cuda2,share=0.2926,tput=2.46]
epoch 125: eval=0.9078
epoch 126: loss=0.151839, train_acc=0.9457, time=13.5s
per-rank: rank0[cuda0,share=0.4087,tput=1.87] rank1[cuda1,share=0.2963,tput=3.84] rank2[cuda2,share=0.2949,tput=4.96]
epoch 126: eval=0.9041
epoch 127: loss=0.148430, train_acc=0.9473, time=12.4s
per-rank: rank0[cuda0,share=0.4068,tput=1.88] rank1[cuda1,share=0.2979,tput=2.84] rank2[cuda2,share=0.2953,tput=3.79]
epoch 127: eval=0.9096
epoch 128: loss=0.147637, train_acc=0.9483, time=10.2s
per-rank: rank0[cuda0,share=0.4006,tput=2.80] rank1[cuda1,share=0.3027,tput=2.50] rank2[cuda2,share=0.2967,tput=3.09]
epoch 128: eval=0.9068
epoch 129: loss=0.147592, train_acc=0.9475, time=10.7s
per-rank: rank0[cuda0,share=0.3924,tput=2.08] rank1[cuda1,share=0.3086,tput=3.35] rank2[cuda2,share=0.2991,tput=4.43]
epoch 129: eval=0.9101
epoch 130: loss=0.142204, train_acc=0.9506, time=10.3s
per-rank: rank0[cuda0,share=0.3912,tput=3.59] rank1[cuda1,share=0.3098,tput=2.91] rank2[cuda2,share=0.2990,tput=2.38]
epoch 130: eval=0.9041
epoch 131: loss=0.142916, train_acc=0.9497, time=9.6s
per-rank: rank0[cuda0,share=0.3865,tput=2.55] rank1[cuda1,share=0.3136,tput=5.40] rank2[cuda2,share=0.2999,tput=1.95]
epoch 131: eval=0.9026
epoch 132: loss=0.141847, train_acc=0.9501, time=11.4s
per-rank: rank0[cuda0,share=0.3871,tput=2.16] rank1[cuda1,share=0.3128,tput=3.95] rank2[cuda2,share=0.3001,tput=3.86]
epoch 132: eval=0.9080
epoch 133: loss=0.141212, train_acc=0.9503, time=10.9s
per-rank: rank0[cuda0,share=0.3898,tput=2.33] rank1[cuda1,share=0.3112,tput=3.83] rank2[cuda2,share=0.2990,tput=2.51]
epoch 133: eval=0.9079
epoch 134: loss=0.139550, train_acc=0.9518, time=9.6s
per-rank: rank0[cuda0,share=0.3985,tput=2.48] rank1[cuda1,share=0.3080,tput=5.02] rank2[cuda2,share=0.2936,tput=2.20]
epoch 134: eval=0.9102
epoch 135: loss=0.141984, train_acc=0.9496, time=9.5s
per-rank: rank0[cuda0,share=0.4023,tput=3.66] rank1[cuda1,share=0.3066,tput=3.44] rank2[cuda2,share=0.2911,tput=2.19]
epoch 135: eval=0.9079
epoch 136: loss=0.137111, train_acc=0.9521, time=9.6s
per-rank: rank0[cuda0,share=0.4093,tput=2.78] rank1[cuda1,share=0.3014,tput=3.93] rank2[cuda2,share=0.2894,tput=2.44]
epoch 136: eval=0.9018
epoch 137: loss=0.136923, train_acc=0.9514, time=9.7s
per-rank: rank0[cuda0,share=0.4129,tput=2.32] rank1[cuda1,share=0.2980,tput=2.28] rank2[cuda2,share=0.2890,tput=5.24]
epoch 137: eval=0.9019
epoch 138: loss=0.137676, train_acc=0.9512, time=9.6s
per-rank: rank0[cuda0,share=0.4171,tput=2.59] rank1[cuda1,share=0.2936,tput=2.10] rank2[cuda2,share=0.2893,tput=5.14]
epoch 138: eval=0.9098
epoch 139: loss=0.136311, train_acc=0.9522, time=9.4s
per-rank: rank0[cuda0,share=0.4193,tput=2.11] rank1[cuda1,share=0.2913,tput=6.68] rank2[cuda2,share=0.2894,tput=2.16]
epoch 139: eval=0.9002
epoch 140: loss=0.137098, train_acc=0.9514, time=9.6s
per-rank: rank0[cuda0,share=0.4218,tput=3.19] rank2[cuda2,share=0.2916,tput=2.66] rank1[cuda1,share=0.2866,tput=2.61]
epoch 140: eval=0.9070
epoch 141: loss=0.135482, train_acc=0.9519, time=9.7s
per-rank: rank0[cuda0,share=0.4238,tput=4.10] rank2[cuda2,share=0.2912,tput=3.25] rank1[cuda1,share=0.2850,tput=2.48]
epoch 141: eval=0.9071
epoch 142: loss=0.131061, train_acc=0.9550, time=12.3s
per-rank: rank0[cuda0,share=0.4253,tput=2.02] rank1[cuda1,share=0.2881,tput=3.85] rank2[cuda2,share=0.2866,tput=4.47]
epoch 142: eval=0.9077
epoch 143: loss=0.136017, train_acc=0.9509, time=11.5s
per-rank: rank0[cuda0,share=0.4225,tput=1.92] rank1[cuda1,share=0.2902,tput=2.89] rank2[cuda2,share=0.2873,tput=3.44]
epoch 143: eval=0.9004
epoch 144: loss=0.131165, train_acc=0.9544, time=9.7s
per-rank: rank0[cuda0,share=0.4165,tput=3.41] rank1[cuda1,share=0.2979,tput=3.32] rank2[cuda2,share=0.2855,tput=2.09]
epoch 144: eval=0.9092
epoch 145: loss=0.134311, train_acc=0.9519, time=9.6s
per-rank: rank0[cuda0,share=0.4118,tput=2.42] rank1[cuda1,share=0.3034,tput=5.07] rank2[cuda2,share=0.2848,tput=2.27]
epoch 145: eval=0.9129
epoch 146: loss=0.132146, train_acc=0.9535, time=9.9s
per-rank: rank0[cuda0,share=0.4107,tput=2.20] rank1[cuda1,share=0.3040,tput=2.32] rank2[cuda2,share=0.2852,tput=5.45]
epoch 146: eval=0.9011
epoch 147: loss=0.134702, train_acc=0.9523, time=9.7s
per-rank: rank0[cuda0,share=0.4061,tput=3.48] rank1[cuda1,share=0.3063,tput=2.37] rank2[cuda2,share=0.2876,tput=3.27]
epoch 147: eval=0.9050
epoch 148: loss=0.129145, train_acc=0.9542, time=9.6s
per-rank: rank0[cuda0,share=0.4016,tput=2.19] rank1[cuda1,share=0.3085,tput=2.52] rank2[cuda2,share=0.2899,tput=5.17]
epoch 148: eval=0.9071
epoch 149: loss=0.129449, train_acc=0.9544, time=11.0s
per-rank: rank0[cuda0,share=0.4008,tput=2.10] rank1[cuda1,share=0.3088,tput=3.47] rank2[cuda2,share=0.2904,tput=4.22]
epoch 149: eval=0.8949
epoch 150: loss=0.104316, train_acc=0.9633, time=10.5s
per-rank: rank0[cuda0,share=0.4004,tput=2.74] rank1[cuda1,share=0.3099,tput=3.23] rank2[cuda2,share=0.2897,tput=2.52]
epoch 150: eval=0.9211
epoch 151: loss=0.084135, train_acc=0.9721, time=9.8s
per-rank: rank0[cuda0,share=0.4001,tput=3.33] rank1[cuda1,share=0.3108,tput=2.27] rank2[cuda2,share=0.2891,tput=2.95]
epoch 151: eval=0.9221
epoch 152: loss=0.080632, train_acc=0.9728, time=13.0s
per-rank: rank0[cuda0,share=0.4081,tput=1.91] rank1[cuda1,share=0.3065,tput=3.85] rank2[cuda2,share=0.2854,tput=4.24]
epoch 152: eval=0.9231
epoch 153: loss=0.077710, train_acc=0.9753, time=11.2s
per-rank: rank0[cuda0,share=0.4114,tput=2.65] rank1[cuda1,share=0.3053,tput=4.02] rank2[cuda2,share=0.2833,tput=2.74]
epoch 153: eval=0.9234
epoch 154: loss=0.077071, train_acc=0.9746, time=9.5s
per-rank: rank0[cuda0,share=0.4097,tput=3.61] rank1[cuda1,share=0.3025,tput=2.02] rank2[cuda2,share=0.2878,tput=3.60]
epoch 154: eval=0.9239
epoch 155: loss=0.073516, train_acc=0.9757, time=9.7s
per-rank: rank0[cuda0,share=0.4058,tput=3.32] rank1[cuda1,share=0.3024,tput=3.35] rank2[cuda2,share=0.2919,tput=2.32]
epoch 155: eval=0.9247
epoch 156: loss=0.074233, train_acc=0.9767, time=9.5s
per-rank: rank0[cuda0,share=0.3972,tput=3.62] rank1[cuda1,share=0.3044,tput=2.57] rank2[cuda2,share=0.2984,tput=2.75]
epoch 156: eval=0.9244
epoch 157: loss=0.073132, train_acc=0.9753, time=11.6s
per-rank: rank0[cuda0,share=0.3967,tput=2.05] rank1[cuda1,share=0.3044,tput=3.28] rank2[cuda2,share=0.2989,tput=4.93]
epoch 157: eval=0.9234
epoch 158: loss=0.072808, train_acc=0.9757, time=10.7s
per-rank: rank0[cuda0,share=0.3955,tput=2.75] rank1[cuda1,share=0.3070,tput=3.74] rank2[cuda2,share=0.2976,tput=2.20]
epoch 158: eval=0.9238
epoch 159: loss=0.071886, train_acc=0.9771, time=9.6s
per-rank: rank0[cuda0,share=0.4030,tput=2.32] rank1[cuda1,share=0.3067,tput=4.96] rank2[cuda2,share=0.2903,tput=2.44]
epoch 159: eval=0.9220
epoch 160: loss=0.070505, train_acc=0.9769, time=9.6s
per-rank: rank0[cuda0,share=0.4113,tput=2.76] rank1[cuda1,share=0.2987,tput=2.17] rank2[cuda2,share=0.2900,tput=4.66]
epoch 160: eval=0.9231
epoch 161: loss=0.070113, train_acc=0.9772, time=9.4s
per-rank: rank0[cuda0,share=0.4194,tput=3.54] rank1[cuda1,share=0.2914,tput=2.46] rank2[cuda2,share=0.2892,tput=2.80]
epoch 161: eval=0.9233
epoch 162: loss=0.070227, train_acc=0.9770, time=12.8s
per-rank: rank0[cuda0,share=0.4212,tput=2.00] rank1[cuda1,share=0.2903,tput=4.64] rank2[cuda2,share=0.2885,tput=3.31]
epoch 162: eval=0.9221
epoch 163: loss=0.069488, train_acc=0.9771, time=11.1s
per-rank: rank0[cuda0,share=0.4155,tput=2.44] rank1[cuda1,share=0.2980,tput=4.04] rank2[cuda2,share=0.2864,tput=2.35]
epoch 163: eval=0.9217
epoch 164: loss=0.069971, train_acc=0.9765, time=9.5s
per-rank: rank0[cuda0,share=0.4121,tput=4.52] rank1[cuda1,share=0.3032,tput=3.34] rank2[cuda2,share=0.2846,tput=2.38]
epoch 164: eval=0.9213
epoch 165: loss=0.067266, train_acc=0.9783, time=12.9s
per-rank: rank0[cuda0,share=0.4196,tput=2.02] rank1[cuda1,share=0.2976,tput=5.50] rank2[cuda2,share=0.2827,tput=3.27]
epoch 165: eval=0.9227
epoch 166: loss=0.066542, train_acc=0.9783, time=11.3s
per-rank: rank0[cuda0,share=0.4189,tput=2.26] rank1[cuda1,share=0.2970,tput=2.78] rank2[cuda2,share=0.2841,tput=3.36]
epoch 166: eval=0.9239
epoch 167: loss=0.066478, train_acc=0.9776, time=9.6s
per-rank: rank0[cuda0,share=0.4257,tput=2.75] rank2[cuda2,share=0.2919,tput=5.38] rank1[cuda1,share=0.2824,tput=2.01]
epoch 167: eval=0.9225
epoch 168: loss=0.066492, train_acc=0.9772, time=9.7s
per-rank: rank0[cuda0,share=0.4172,tput=3.58] rank1[cuda1,share=0.2914,tput=3.05] rank2[cuda2,share=0.2914,tput=3.52]
epoch 168: eval=0.9222
epoch 169: loss=0.066449, train_acc=0.9779, time=9.8s
per-rank: rank0[cuda0,share=0.3901,tput=2.27] rank1[cuda1,share=0.3138,tput=2.16] rank2[cuda2,share=0.2961,tput=5.55]
epoch 169: eval=0.9225
epoch 170: loss=0.065244, train_acc=0.9783, time=11.4s
per-rank: rank0[cuda0,share=0.3909,tput=2.07] rank1[cuda1,share=0.3056,tput=3.69] rank2[cuda2,share=0.3036,tput=4.01]
epoch 170: eval=0.9205
epoch 171: loss=0.065441, train_acc=0.9783, time=10.6s
per-rank: rank0[cuda0,share=0.4216,tput=3.00] rank1[cuda1,share=0.2955,tput=2.23] rank2[cuda2,share=0.2829,tput=3.70]
epoch 171: eval=0.9214
epoch 172: loss=0.064914, train_acc=0.9785, time=9.8s
per-rank: rank0[cuda0,share=0.4405,tput=3.12] rank1[cuda1,share=0.2934,tput=3.84] rank2[cuda2,share=0.2661,tput=1.81]
epoch 172: eval=0.9230
epoch 173: loss=0.065188, train_acc=0.9779, time=9.7s
per-rank: rank0[cuda0,share=0.4242,tput=2.59] rank1[cuda1,share=0.3099,tput=2.46] rank2[cuda2,share=0.2659,tput=3.78]
epoch 173: eval=0.9233
epoch 174: loss=0.064470, train_acc=0.9785, time=12.7s
per-rank: rank0[cuda0,share=0.3775,tput=1.89] rank2[cuda2,share=0.3119,tput=5.18] rank1[cuda1,share=0.3106,tput=3.30]
epoch 174: eval=0.9225
epoch 175: loss=0.063741, train_acc=0.9793, time=11.0s
per-rank: rank0[cuda0,share=0.3747,tput=2.60] rank1[cuda1,share=0.3134,tput=4.08] rank2[cuda2,share=0.3119,tput=2.33]
epoch 175: eval=0.9226
epoch 176: loss=0.063975, train_acc=0.9789, time=9.5s
per-rank: rank0[cuda0,share=0.3732,tput=3.89] rank1[cuda1,share=0.3152,tput=2.38] rank2[cuda2,share=0.3116,tput=2.83]
epoch 176: eval=0.9217
epoch 177: loss=0.063838, train_acc=0.9790, time=9.5s
per-rank: rank0[cuda0,share=0.3761,tput=3.76] rank1[cuda1,share=0.3143,tput=3.31] rank2[cuda2,share=0.3096,tput=2.08]
epoch 177: eval=0.9225
epoch 178: loss=0.063173, train_acc=0.9790, time=9.7s
per-rank: rank0[cuda0,share=0.3783,tput=2.48] rank1[cuda1,share=0.3136,tput=5.45] rank2[cuda2,share=0.3081,tput=2.02]
epoch 178: eval=0.9237
epoch 179: loss=0.064709, train_acc=0.9780, time=9.6s
per-rank: rank0[cuda0,share=0.3799,tput=1.98] rank1[cuda1,share=0.3135,tput=2.30] rank2[cuda2,share=0.3067,tput=5.72]
epoch 179: eval=0.9230
epoch 180: loss=0.062218, train_acc=0.9788, time=9.6s
per-rank: rank0[cuda0,share=0.3810,tput=2.08] rank1[cuda1,share=0.3134,tput=2.48] rank2[cuda2,share=0.3056,tput=5.43]
epoch 180: eval=0.9221
epoch 181: loss=0.063419, train_acc=0.9791, time=9.7s
per-rank: rank0[cuda0,share=0.3816,tput=2.99] rank1[cuda1,share=0.3134,tput=3.27] rank2[cuda2,share=0.3050,tput=2.30]
epoch 181: eval=0.9220
epoch 182: loss=0.060272, train_acc=0.9805, time=11.4s
per-rank: rank0[cuda0,share=0.3820,tput=2.03] rank1[cuda1,share=0.3135,tput=3.11] rank2[cuda2,share=0.3045,tput=5.02]
epoch 182: eval=0.9227
epoch 183: loss=0.062190, train_acc=0.9788, time=10.5s
per-rank: rank0[cuda0,share=0.3818,tput=2.44] rank1[cuda1,share=0.3127,tput=2.36] rank2[cuda2,share=0.3055,tput=3.80]
epoch 183: eval=0.9226
epoch 184: loss=0.062098, train_acc=0.9788, time=9.6s
per-rank: rank0[cuda0,share=0.3816,tput=4.47] rank1[cuda1,share=0.3120,tput=4.25] rank2[cuda2,share=0.3065,tput=1.85]
epoch 184: eval=0.9219
epoch 185: loss=0.060926, train_acc=0.9795, time=9.5s
per-rank: rank0[cuda0,share=0.3841,tput=2.86] rank1[cuda1,share=0.3098,tput=4.64] rank2[cuda2,share=0.3061,tput=2.28]
epoch 185: eval=0.9212
epoch 186: loss=0.057966, train_acc=0.9813, time=11.1s
per-rank: rank0[cuda0,share=0.3872,tput=2.15] rank1[cuda1,share=0.3082,tput=4.83] rank2[cuda2,share=0.3046,tput=3.10]
epoch 186: eval=0.9196
epoch 187: loss=0.059185, train_acc=0.9806, time=10.4s
per-rank: rank0[cuda0,share=0.3889,tput=2.85] rank1[cuda1,share=0.3072,tput=3.49] rank2[cuda2,share=0.3038,tput=2.26]
epoch 187: eval=0.9214
epoch 188: loss=0.060353, train_acc=0.9801, time=12.1s
per-rank: rank0[cuda0,share=0.3925,tput=1.99] rank1[cuda1,share=0.3054,tput=3.30] rank2[cuda2,share=0.3022,tput=4.62]
epoch 188: eval=0.9192
epoch 189: loss=0.059235, train_acc=0.9804, time=10.8s
per-rank: rank0[cuda0,share=0.3953,tput=1.94] rank1[cuda1,share=0.3031,tput=2.81] rank2[cuda2,share=0.3017,tput=3.95]
epoch 189: eval=0.9215
epoch 190: loss=0.058729, train_acc=0.9808, time=9.7s
per-rank: rank0[cuda0,share=0.3981,tput=3.01] rank2[cuda2,share=0.3012,tput=2.10] rank1[cuda1,share=0.3007,tput=3.63]
epoch 190: eval=0.9225
epoch 191: loss=0.055943, train_acc=0.9816, time=11.7s
per-rank: rank0[cuda0,share=0.4010,tput=2.11] rank2[cuda2,share=0.3007,tput=4.22] rank1[cuda1,share=0.2984,tput=3.62]
epoch 191: eval=0.9222
epoch 192: loss=0.056393, train_acc=0.9816, time=10.5s
per-rank: rank0[cuda0,share=0.4038,tput=2.50] rank2[cuda2,share=0.3002,tput=3.31] rank1[cuda1,share=0.2960,tput=2.57]
epoch 192: eval=0.9236
epoch 193: loss=0.057244, train_acc=0.9812, time=9.7s
per-rank: rank0[cuda0,share=0.4067,tput=2.45] rank2[cuda2,share=0.2980,tput=4.63] rank1[cuda1,share=0.2953,tput=2.50]
epoch 193: eval=0.9236
epoch 194: loss=0.057767, train_acc=0.9802, time=11.0s
per-rank: rank0[cuda0,share=0.4096,tput=2.24] rank2[cuda2,share=0.2957,tput=4.26] rank1[cuda1,share=0.2946,tput=3.61]
epoch 194: eval=0.9226
epoch 195: loss=0.057434, train_acc=0.9810, time=10.3s
per-rank: rank0[cuda0,share=0.4120,tput=3.08] rank1[cuda1,share=0.2942,tput=2.64] rank2[cuda2,share=0.2938,tput=2.90]
epoch 195: eval=0.9231
epoch 196: loss=0.056629, train_acc=0.9816, time=9.7s
per-rank: rank0[cuda0,share=0.4144,tput=2.60] rank1[cuda1,share=0.2937,tput=2.28] rank2[cuda2,share=0.2919,tput=5.08]
epoch 196: eval=0.9222
epoch 197: loss=0.057579, train_acc=0.9811, time=12.1s
per-rank: rank0[cuda0,share=0.4167,tput=2.09] rank1[cuda1,share=0.2933,tput=4.89] rank2[cuda2,share=0.2900,tput=3.61]
epoch 197: eval=0.9216
epoch 198: loss=0.054032, train_acc=0.9825, time=10.2s
per-rank: rank0[cuda0,share=0.4167,tput=2.32] rank1[cuda1,share=0.2933,tput=2.48] rank2[cuda2,share=0.2900,tput=3.72]
epoch 198: eval=0.9213
epoch 199: loss=0.056053, train_acc=0.9816, time=12.1s
per-rank: rank0[cuda0,share=0.4150,tput=2.08] rank1[cuda1,share=0.2949,tput=3.57] rank2[cuda2,share=0.2902,tput=5.54]
final eval=0.9249
# total: 1919.7s (31m 60s)
