# gpu0: NVIDIA GeForce RTX 5060 Ti (15GB, sm_120)
# gpu1: NVIDIA GeForce GTX 1060 6GB (5GB, sm_61)
# gpu2: NVIDIA GeForce GTX 1060 6GB (5GB, sm_61)
epoch 0: loss=2.070741, train_acc=0.2274, time=9.6s
per-rank: rank0[cuda0,share=0.3725,tput=3.02] rank1[cuda1,share=0.3188,tput=5.18] rank2[cuda2,share=0.3087,tput=3.31]
epoch 0: eval=0.2445
epoch 1: loss=1.724574, train_acc=0.3524, time=10.7s
per-rank: rank0[cuda0,share=0.3944,tput=2.25] rank1[cuda1,share=0.3174,tput=3.87] rank2[cuda2,share=0.2882,tput=4.48]
epoch 1: eval=0.3952
epoch 2: loss=1.572372, train_acc=0.4182, time=10.1s
per-rank: rank0[cuda0,share=0.4106,tput=3.06] rank1[cuda1,share=0.3145,tput=3.60] rank2[cuda2,share=0.2749,tput=2.39]
epoch 2: eval=0.4416
epoch 3: loss=1.417641, train_acc=0.4830, time=11.3s
per-rank: rank0[cuda0,share=0.4234,tput=2.33] rank1[cuda1,share=0.2909,tput=3.54] rank2[cuda2,share=0.2857,tput=5.52]
epoch 3: eval=0.5184
epoch 4: loss=1.275846, train_acc=0.5416, time=10.4s
per-rank: rank0[cuda0,share=0.4160,tput=2.23] rank2[cuda2,share=0.2925,tput=2.88] rank1[cuda1,share=0.2914,tput=3.89]
epoch 4: eval=0.4841
epoch 5: loss=1.135983, train_acc=0.5956, time=9.2s
per-rank: rank0[cuda0,share=0.3963,tput=3.06] rank1[cuda1,share=0.3088,tput=3.67] rank2[cuda2,share=0.2950,tput=2.40]
epoch 5: eval=0.5956
epoch 6: loss=1.034402, train_acc=0.6324, time=9.1s
per-rank: rank0[cuda0,share=0.3715,tput=3.10] rank1[cuda1,share=0.3153,tput=3.54] rank2[cuda2,share=0.3133,tput=2.55]
epoch 6: eval=0.6126
epoch 7: loss=0.991233, train_acc=0.6505, time=9.0s
per-rank: rank0[cuda0,share=0.3714,tput=3.65] rank1[cuda1,share=0.3175,tput=2.52] rank2[cuda2,share=0.3110,tput=3.30]
epoch 7: eval=0.6497
epoch 8: loss=0.922199, train_acc=0.6758, time=10.3s
per-rank: rank0[cuda0,share=0.3757,tput=2.18] rank1[cuda1,share=0.3170,tput=3.42] rank2[cuda2,share=0.3073,tput=4.96]
epoch 8: eval=0.6708
epoch 9: loss=0.877481, train_acc=0.6926, time=9.5s
per-rank: rank0[cuda0,share=0.3757,tput=2.71] rank1[cuda1,share=0.3170,tput=2.73] rank2[cuda2,share=0.3073,tput=3.79]
epoch 9: eval=0.6627
epoch 10: loss=0.833817, train_acc=0.7092, time=10.5s
per-rank: rank0[cuda0,share=0.3789,tput=2.24] rank1[cuda1,share=0.3158,tput=3.17] rank2[cuda2,share=0.3053,tput=5.35]
epoch 10: eval=0.7385
epoch 11: loss=0.799399, train_acc=0.7221, time=9.7s
per-rank: rank0[cuda0,share=0.3830,tput=3.11] rank1[cuda1,share=0.3126,tput=3.29] rank2[cuda2,share=0.3044,tput=2.80]
epoch 11: eval=0.6927
epoch 12: loss=0.775779, train_acc=0.7301, time=11.1s
per-rank: rank0[cuda0,share=0.3860,tput=2.16] rank1[cuda1,share=0.3102,tput=3.25] rank2[cuda2,share=0.3038,tput=5.31]
epoch 12: eval=0.6798
epoch 13: loss=0.751870, train_acc=0.7396, time=10.1s
per-rank: rank0[cuda0,share=0.3883,tput=1.91] rank1[cuda1,share=0.3084,tput=3.07] rank2[cuda2,share=0.3033,tput=3.88]
epoch 13: eval=0.6880
epoch 14: loss=0.732052, train_acc=0.7475, time=8.8s
per-rank: rank0[cuda0,share=0.3903,tput=3.78] rank1[cuda1,share=0.3069,tput=2.45] rank2[cuda2,share=0.3028,tput=3.21]
epoch 14: eval=0.6333
epoch 15: loss=0.717606, train_acc=0.7546, time=9.0s
per-rank: rank0[cuda0,share=0.3920,tput=2.80] rank1[cuda1,share=0.3056,tput=2.94] rank2[cuda2,share=0.3024,tput=3.33]
epoch 15: eval=0.6761
epoch 16: loss=0.702805, train_acc=0.7573, time=8.9s
per-rank: rank0[cuda0,share=0.3932,tput=3.58] rank1[cuda1,share=0.3046,tput=4.03] rank2[cuda2,share=0.3022,tput=2.06]
epoch 16: eval=0.7626
epoch 17: loss=0.682811, train_acc=0.7644, time=9.1s
per-rank: rank0[cuda0,share=0.3957,tput=2.43] rank1[cuda1,share=0.3023,tput=5.75] rank2[cuda2,share=0.3020,tput=2.31]
epoch 17: eval=0.7452
epoch 18: loss=0.672078, train_acc=0.7677, time=11.2s
per-rank: rank0[cuda0,share=0.3990,tput=2.11] rank2[cuda2,share=0.3006,tput=5.14] rank1[cuda1,share=0.3004,tput=3.33]
epoch 18: eval=0.7701
epoch 19: loss=0.666728, train_acc=0.7702, time=10.0s
per-rank: rank0[cuda0,share=0.4005,tput=2.27] rank2[cuda2,share=0.3001,tput=3.48] rank1[cuda1,share=0.2995,tput=3.19]
epoch 19: eval=0.7782
epoch 20: loss=0.654595, train_acc=0.7758, time=9.0s
per-rank: rank0[cuda0,share=0.4005,tput=2.29] rank2[cuda2,share=0.3001,tput=2.22] rank1[cuda1,share=0.2995,tput=6.35]
epoch 20: eval=0.7449
epoch 21: loss=0.637361, train_acc=0.7800, time=11.5s
per-rank: rank0[cuda0,share=0.4012,tput=2.10] rank1[cuda1,share=0.2997,tput=3.86] rank2[cuda2,share=0.2991,tput=4.98]
epoch 21: eval=0.7527
epoch 22: loss=0.629991, train_acc=0.7816, time=10.4s
per-rank: rank0[cuda0,share=0.4012,tput=2.63] rank1[cuda1,share=0.2997,tput=3.84] rank2[cuda2,share=0.2991,tput=2.62]
epoch 22: eval=0.6510
epoch 23: loss=0.618428, train_acc=0.7871, time=11.0s
per-rank: rank0[cuda0,share=0.3996,tput=2.19] rank1[cuda1,share=0.3022,tput=3.85] rank2[cuda2,share=0.2982,tput=4.95]
epoch 23: eval=0.7837
epoch 24: loss=0.616636, train_acc=0.7880, time=10.1s
per-rank: rank0[cuda0,share=0.3996,tput=2.68] rank1[cuda1,share=0.3022,tput=2.57] rank2[cuda2,share=0.2982,tput=4.01]
epoch 24: eval=0.7317
epoch 25: loss=0.612104, train_acc=0.7892, time=10.4s
per-rank: rank0[cuda0,share=0.3991,tput=2.25] rank1[cuda1,share=0.3028,tput=3.22] rank2[cuda2,share=0.2981,tput=5.59]
epoch 25: eval=0.7811
epoch 26: loss=0.607489, train_acc=0.7901, time=9.8s
per-rank: rank0[cuda0,share=0.3991,tput=2.90] rank1[cuda1,share=0.3028,tput=2.52] rank2[cuda2,share=0.2981,tput=4.00]
epoch 26: eval=0.6931
epoch 27: loss=0.592640, train_acc=0.7950, time=11.3s
per-rank: rank0[cuda0,share=0.3997,tput=2.15] rank1[cuda1,share=0.3014,tput=4.12] rank2[cuda2,share=0.2989,tput=4.77]
epoch 27: eval=0.7618
epoch 28: loss=0.590365, train_acc=0.7968, time=10.3s
per-rank: rank0[cuda0,share=0.3997,tput=2.72] rank1[cuda1,share=0.3014,tput=4.58] rank2[cuda2,share=0.2989,tput=2.38]
epoch 28: eval=0.7275
epoch 29: loss=0.583171, train_acc=0.7998, time=11.0s
per-rank: rank0[cuda0,share=0.4003,tput=2.19] rank1[cuda1,share=0.2999,tput=3.29] rank2[cuda2,share=0.2999,tput=5.28]
epoch 29: eval=0.7727
epoch 30: loss=0.583572, train_acc=0.8009, time=10.0s
per-rank: rank0[cuda0,share=0.4003,tput=2.78] rank1[cuda1,share=0.2999,tput=3.07] rank2[cuda2,share=0.2999,tput=3.35]
epoch 30: eval=0.7632
epoch 31: loss=0.568529, train_acc=0.8057, time=11.4s
per-rank: rank0[cuda0,share=0.4017,tput=2.16] rank2[cuda2,share=0.2997,tput=4.37] rank1[cuda1,share=0.2986,tput=4.06]
epoch 31: eval=0.7728
epoch 32: loss=0.566145, train_acc=0.8060, time=10.5s
per-rank: rank0[cuda0,share=0.4017,tput=2.40] rank2[cuda2,share=0.2997,tput=3.43] rank1[cuda1,share=0.2986,tput=3.05]
epoch 32: eval=0.7670
epoch 33: loss=0.563120, train_acc=0.8068, time=11.2s
per-rank: rank0[cuda0,share=0.4042,tput=2.19] rank2[cuda2,share=0.2983,tput=4.37] rank1[cuda1,share=0.2975,tput=4.01]
epoch 33: eval=0.7607
epoch 34: loss=0.571290, train_acc=0.8041, time=10.0s
per-rank: rank0[cuda0,share=0.4042,tput=2.18] rank2[cuda2,share=0.2983,tput=2.78] rank1[cuda1,share=0.2975,tput=4.33]
epoch 34: eval=0.7141
epoch 35: loss=0.557052, train_acc=0.8102, time=11.2s
per-rank: rank0[cuda0,share=0.4056,tput=2.17] rank1[cuda1,share=0.2984,tput=3.41] rank2[cuda2,share=0.2960,tput=5.61]
epoch 35: eval=0.8003
epoch 36: loss=0.558754, train_acc=0.8086, time=10.3s
per-rank: rank0[cuda0,share=0.4056,tput=2.59] rank1[cuda1,share=0.2984,tput=3.75] rank2[cuda2,share=0.2960,tput=2.50]
epoch 36: eval=0.7763
epoch 37: loss=0.550599, train_acc=0.8120, time=11.2s
per-rank: rank0[cuda0,share=0.4055,tput=2.15] rank1[cuda1,share=0.3012,tput=3.21] rank2[cuda2,share=0.2933,tput=5.61]
epoch 37: eval=0.8044
epoch 38: loss=0.550549, train_acc=0.8103, time=10.2s
per-rank: rank0[cuda0,share=0.4055,tput=2.52] rank1[cuda1,share=0.3012,tput=3.39] rank2[cuda2,share=0.2933,tput=3.00]
epoch 38: eval=0.7464
epoch 39: loss=0.536970, train_acc=0.8166, time=11.3s
per-rank: rank0[cuda0,share=0.4044,tput=2.14] rank1[cuda1,share=0.3017,tput=3.77] rank2[cuda2,share=0.2939,tput=5.08]
epoch 39: eval=0.7575
epoch 40: loss=0.551142, train_acc=0.8107, time=10.1s
per-rank: rank0[cuda0,share=0.4044,tput=2.16] rank1[cuda1,share=0.3017,tput=2.93] rank2[cuda2,share=0.2939,tput=4.14]
epoch 40: eval=0.7521
epoch 41: loss=0.534197, train_acc=0.8154, time=10.9s
per-rank: rank0[cuda0,share=0.4045,tput=2.25] rank1[cuda1,share=0.3001,tput=4.00] rank2[cuda2,share=0.2954,tput=4.33]
epoch 41: eval=0.7400
epoch 42: loss=0.532876, train_acc=0.8171, time=10.1s
per-rank: rank0[cuda0,share=0.4042,tput=3.26] rank1[cuda1,share=0.3001,tput=4.28] rank2[cuda2,share=0.2958,tput=2.06]
epoch 42: eval=0.7750
epoch 43: loss=0.533093, train_acc=0.8176, time=8.9s
per-rank: rank0[cuda0,share=0.4048,tput=2.56] rank1[cuda1,share=0.3003,tput=6.98] rank2[cuda2,share=0.2950,tput=2.00]
epoch 43: eval=0.7859
epoch 44: loss=0.534220, train_acc=0.8134, time=11.1s
per-rank: rank0[cuda0,share=0.4054,tput=2.21] rank1[cuda1,share=0.3005,tput=3.84] rank2[cuda2,share=0.2941,tput=4.86]
epoch 44: eval=0.7853
epoch 45: loss=0.532114, train_acc=0.8145, time=10.0s
per-rank: rank0[cuda0,share=0.4060,tput=2.15] rank1[cuda1,share=0.3007,tput=4.10] rank2[cuda2,share=0.2933,tput=2.84]
epoch 45: eval=0.7553
epoch 46: loss=0.528004, train_acc=0.8172, time=9.0s
per-rank: rank0[cuda0,share=0.4073,tput=2.89] rank1[cuda1,share=0.3013,tput=2.63] rank2[cuda2,share=0.2914,tput=5.04]
epoch 46: eval=0.7778
epoch 47: loss=0.522795, train_acc=0.8194, time=8.8s
per-rank: rank0[cuda0,share=0.4088,tput=3.69] rank1[cuda1,share=0.3023,tput=2.69] rank2[cuda2,share=0.2889,tput=3.22]
epoch 47: eval=0.7606
epoch 48: loss=0.525380, train_acc=0.8210, time=9.0s
per-rank: rank0[cuda0,share=0.4089,tput=2.32] rank1[cuda1,share=0.3040,tput=6.28] rank2[cuda2,share=0.2872,tput=2.25]
epoch 48: eval=0.7513
epoch 49: loss=0.530238, train_acc=0.8162, time=8.9s
per-rank: rank0[cuda0,share=0.4090,tput=2.15] rank1[cuda1,share=0.3055,tput=5.51] rank2[cuda2,share=0.2855,tput=2.57]
epoch 49: eval=0.7825
epoch 50: loss=0.517608, train_acc=0.8236, time=9.1s
per-rank: rank0[cuda0,share=0.4079,tput=2.53] rank1[cuda1,share=0.3077,tput=5.58] rank2[cuda2,share=0.2844,tput=2.58]
epoch 50: eval=0.7283
epoch 51: loss=0.517671, train_acc=0.8204, time=9.0s
per-rank: rank0[cuda0,share=0.4068,tput=3.75] rank1[cuda1,share=0.3099,tput=2.28] rank2[cuda2,share=0.2833,tput=3.36]
epoch 51: eval=0.7737
epoch 52: loss=0.519397, train_acc=0.8219, time=8.9s
per-rank: rank0[cuda0,share=0.4073,tput=3.75] rank1[cuda1,share=0.3094,tput=3.17] rank2[cuda2,share=0.2833,tput=2.57]
epoch 52: eval=0.7727
epoch 53: loss=0.514639, train_acc=0.8231, time=8.9s
per-rank: rank0[cuda0,share=0.4069,tput=3.72] rank1[cuda1,share=0.3086,tput=3.52] rank2[cuda2,share=0.2845,tput=2.62]
epoch 53: eval=0.7599
epoch 54: loss=0.517522, train_acc=0.8217, time=8.9s
per-rank: rank0[cuda0,share=0.4060,tput=3.34] rank1[cuda1,share=0.3070,tput=2.32] rank2[cuda2,share=0.2870,tput=3.79]
epoch 54: eval=0.8061
epoch 55: loss=0.512928, train_acc=0.8249, time=12.4s
per-rank: rank0[cuda0,share=0.4031,tput=1.94] rank1[cuda1,share=0.3050,tput=4.01] rank2[cuda2,share=0.2918,tput=4.98]
epoch 55: eval=0.7446
epoch 56: loss=0.502030, train_acc=0.8274, time=11.3s
per-rank: rank0[cuda0,share=0.4004,tput=1.95] rank1[cuda1,share=0.3042,tput=3.91] rank2[cuda2,share=0.2954,tput=3.13]
epoch 56: eval=0.7867
epoch 57: loss=0.507019, train_acc=0.8257, time=8.9s
per-rank: rank0[cuda0,share=0.3975,tput=3.46] rank1[cuda1,share=0.3034,tput=4.77] rank2[cuda2,share=0.2992,tput=2.54]
epoch 57: eval=0.7744
epoch 58: loss=0.505641, train_acc=0.8254, time=8.9s
per-rank: rank0[cuda0,share=0.3936,tput=3.27] rank1[cuda1,share=0.3039,tput=2.51] rank2[cuda2,share=0.3025,tput=3.47]
epoch 58: eval=0.7624
epoch 59: loss=0.508493, train_acc=0.8252, time=9.0s
per-rank: rank0[cuda0,share=0.3884,tput=2.90] rank2[cuda2,share=0.3081,tput=2.20] rank1[cuda1,share=0.3035,tput=5.29]
epoch 59: eval=0.8199
epoch 60: loss=0.494569, train_acc=0.8310, time=8.9s
per-rank: rank0[cuda0,share=0.3847,tput=3.58] rank2[cuda2,share=0.3103,tput=3.06] rank1[cuda1,share=0.3050,tput=2.63]
epoch 60: eval=0.7652
epoch 61: loss=0.499643, train_acc=0.8265, time=9.1s
per-rank: rank0[cuda0,share=0.3835,tput=3.73] rank2[cuda2,share=0.3104,tput=4.27] rank1[cuda1,share=0.3061,tput=2.49]
epoch 61: eval=0.7453
epoch 62: loss=0.495239, train_acc=0.8305, time=9.7s
per-rank: rank0[cuda0,share=0.3828,tput=3.67] rank1[cuda1,share=0.3090,tput=2.15] rank2[cuda2,share=0.3082,tput=3.08]
epoch 62: eval=0.7954
epoch 63: loss=0.498241, train_acc=0.8292, time=9.9s
per-rank: rank0[cuda0,share=0.3847,tput=3.59] rank1[cuda1,share=0.3089,tput=1.79] rank2[cuda2,share=0.3064,tput=3.41]
epoch 63: eval=0.8116
epoch 64: loss=0.498320, train_acc=0.8270, time=9.8s
per-rank: rank0[cuda0,share=0.3875,tput=2.27] rank1[cuda1,share=0.3071,tput=2.12] rank2[cuda2,share=0.3054,tput=5.04]
epoch 64: eval=0.8048
epoch 65: loss=0.493325, train_acc=0.8297, time=9.8s
per-rank: rank0[cuda0,share=0.3924,tput=2.32] rank1[cuda1,share=0.3042,tput=3.72] rank2[cuda2,share=0.3034,tput=2.41]
epoch 65: eval=0.7998
epoch 66: loss=0.502743, train_acc=0.8281, time=12.1s
per-rank: rank0[cuda0,share=0.4005,tput=2.07] rank2[cuda2,share=0.3001,tput=2.80] rank1[cuda1,share=0.2993,tput=5.65]
epoch 66: eval=0.7916
epoch 67: loss=0.490286, train_acc=0.8302, time=11.2s
per-rank: rank0[cuda0,share=0.4045,tput=2.13] rank1[cuda1,share=0.2978,tput=2.71] rank2[cuda2,share=0.2978,tput=3.39]
epoch 67: eval=0.7913
epoch 68: loss=0.493449, train_acc=0.8311, time=11.2s
per-rank: rank0[cuda0,share=0.4071,tput=2.18] rank1[cuda1,share=0.2969,tput=4.75] rank2[cuda2,share=0.2960,tput=3.80]
epoch 68: eval=0.7994
epoch 69: loss=0.494397, train_acc=0.8297, time=10.3s
per-rank: rank0[cuda0,share=0.4072,tput=1.91] rank1[cuda1,share=0.2964,tput=4.27] rank2[cuda2,share=0.2964,tput=2.80]
epoch 69: eval=0.8009
epoch 70: loss=0.487377, train_acc=0.8337, time=10.8s
per-rank: rank0[cuda0,share=0.4060,tput=2.24] rank2[cuda2,share=0.2979,tput=4.80] rank1[cuda1,share=0.2962,tput=3.92]
epoch 70: eval=0.7786
epoch 71: loss=0.486708, train_acc=0.8331, time=9.9s
per-rank: rank0[cuda0,share=0.4046,tput=2.72] rank2[cuda2,share=0.2990,tput=2.68] rank1[cuda1,share=0.2964,tput=3.87]
epoch 71: eval=0.8040
epoch 72: loss=0.484263, train_acc=0.8331, time=11.1s
per-rank: rank0[cuda0,share=0.3978,tput=2.14] rank1[cuda1,share=0.3023,tput=3.62] rank2[cuda2,share=0.2999,tput=5.35]
epoch 72: eval=0.8199
epoch 73: loss=0.480721, train_acc=0.8361, time=11.5s
per-rank: rank0[cuda0,share=0.3952,tput=2.09] rank1[cuda1,share=0.3045,tput=3.68] rank2[cuda2,share=0.3003,tput=2.15]
epoch 73: eval=0.8150
epoch 74: loss=0.493498, train_acc=0.8304, time=9.1s
per-rank: rank0[cuda0,share=0.3943,tput=2.67] rank1[cuda1,share=0.3059,tput=5.40] rank2[cuda2,share=0.2998,tput=2.28]
epoch 74: eval=0.7596
epoch 75: loss=0.474127, train_acc=0.8362, time=9.2s
per-rank: rank0[cuda0,share=0.3932,tput=2.47] rank1[cuda1,share=0.3057,tput=2.15] rank2[cuda2,share=0.3011,tput=5.84]
epoch 75: eval=0.7930
epoch 76: loss=0.484470, train_acc=0.8351, time=9.3s
per-rank: rank0[cuda0,share=0.3937,tput=2.37] rank1[cuda1,share=0.3046,tput=5.89] rank2[cuda2,share=0.3017,tput=2.35]
epoch 76: eval=0.7595
epoch 77: loss=0.485369, train_acc=0.8339, time=11.3s
per-rank: rank0[cuda0,share=0.3953,tput=2.10] rank1[cuda1,share=0.3030,tput=3.56] rank2[cuda2,share=0.3016,tput=4.64]
epoch 77: eval=0.7828
epoch 78: loss=0.476753, train_acc=0.8353, time=10.3s
per-rank: rank0[cuda0,share=0.3965,tput=2.56] rank1[cuda1,share=0.3024,tput=2.56] rank2[cuda2,share=0.3010,tput=3.77]
epoch 78: eval=0.7580
epoch 79: loss=0.489302, train_acc=0.8324, time=9.3s
per-rank: rank0[cuda0,share=0.4011,tput=2.88] rank2[cuda2,share=0.2995,tput=2.15] rank1[cuda1,share=0.2993,tput=4.04]
epoch 79: eval=0.8246
epoch 80: loss=0.474429, train_acc=0.8370, time=9.2s
per-rank: rank0[cuda0,share=0.4025,tput=3.14] rank2[cuda2,share=0.2989,tput=3.18] rank1[cuda1,share=0.2986,tput=2.69]
epoch 80: eval=0.7772
epoch 81: loss=0.479981, train_acc=0.8357, time=9.5s
per-rank: rank0[cuda0,share=0.4020,tput=2.72] rank2[cuda2,share=0.2991,tput=2.40] rank1[cuda1,share=0.2989,tput=3.69]
epoch 81: eval=0.7869
epoch 82: loss=0.481710, train_acc=0.8339, time=11.8s
per-rank: rank0[cuda0,share=0.3993,tput=2.02] rank1[cuda1,share=0.3019,tput=3.74] rank2[cuda2,share=0.2988,tput=5.15]
epoch 82: eval=0.7917
epoch 83: loss=0.472390, train_acc=0.8372, time=10.5s
per-rank: rank0[cuda0,share=0.3971,tput=2.56] rank1[cuda1,share=0.3047,tput=2.67] rank2[cuda2,share=0.2981,tput=3.76]
epoch 83: eval=0.8065
epoch 84: loss=0.470177, train_acc=0.8387, time=11.2s
per-rank: rank0[cuda0,share=0.3890,tput=2.07] rank1[cuda1,share=0.3124,tput=3.40] rank2[cuda2,share=0.2986,tput=4.79]
epoch 84: eval=0.8195
epoch 85: loss=0.467674, train_acc=0.8398, time=10.3s
per-rank: rank0[cuda0,share=0.3881,tput=2.89] rank1[cuda1,share=0.3129,tput=3.43] rank2[cuda2,share=0.2990,tput=2.50]
epoch 85: eval=0.7820
epoch 86: loss=0.475958, train_acc=0.8368, time=11.9s
per-rank: rank0[cuda0,share=0.3880,tput=2.03] rank1[cuda1,share=0.3137,tput=4.52] rank2[cuda2,share=0.2982,tput=3.61]
epoch 86: eval=0.7374
epoch 87: loss=0.470000, train_acc=0.8387, time=10.6s
per-rank: rank0[cuda0,share=0.3892,tput=2.08] rank1[cuda1,share=0.3131,tput=2.63] rank2[cuda2,share=0.2977,tput=4.01]
epoch 87: eval=0.7903
epoch 88: loss=0.471157, train_acc=0.8377, time=11.4s
per-rank: rank0[cuda0,share=0.3940,tput=2.10] rank1[cuda1,share=0.3078,tput=4.60] rank2[cuda2,share=0.2982,tput=3.54]
epoch 88: eval=0.7937
epoch 89: loss=0.470483, train_acc=0.8371, time=10.2s
per-rank: rank0[cuda0,share=0.3956,tput=2.50] rank1[cuda1,share=0.3050,tput=2.98] rank2[cuda2,share=0.2994,tput=3.45]
epoch 89: eval=0.7476
epoch 90: loss=0.470622, train_acc=0.8377, time=9.5s
per-rank: rank0[cuda0,share=0.4001,tput=2.20] rank1[cuda1,share=0.3004,tput=6.19] rank2[cuda2,share=0.2995,tput=2.18]
epoch 90: eval=0.8084
epoch 91: loss=0.464488, train_acc=0.8422, time=11.0s
per-rank: rank0[cuda0,share=0.4025,tput=2.24] rank2[cuda2,share=0.2999,tput=3.91] rank1[cuda1,share=0.2976,tput=4.61]
epoch 91: eval=0.7582
epoch 92: loss=0.466905, train_acc=0.8399, time=10.0s
per-rank: rank0[cuda0,share=0.4005,tput=2.93] rank2[cuda2,share=0.3022,tput=3.11] rank1[cuda1,share=0.2973,tput=3.12]
epoch 92: eval=0.8104
epoch 93: loss=0.469225, train_acc=0.8375, time=10.6s
per-rank: rank0[cuda0,share=0.4034,tput=2.27] rank1[cuda1,share=0.2983,tput=5.64] rank2[cuda2,share=0.2983,tput=3.08]
epoch 93: eval=0.7742
epoch 94: loss=0.467318, train_acc=0.8391, time=10.0s
per-rank: rank0[cuda0,share=0.4045,tput=2.34] rank1[cuda1,share=0.2995,tput=2.60] rank2[cuda2,share=0.2960,tput=3.95]
epoch 94: eval=0.8000
epoch 95: loss=0.462773, train_acc=0.8391, time=9.4s
per-rank: rank0[cuda0,share=0.4054,tput=2.91] rank1[cuda1,share=0.3008,tput=3.31] rank2[cuda2,share=0.2938,tput=2.61]
epoch 95: eval=0.7960
epoch 96: loss=0.466587, train_acc=0.8395, time=12.2s
per-rank: rank0[cuda0,share=0.4010,tput=1.94] rank1[cuda1,share=0.3032,tput=5.03] rank2[cuda2,share=0.2958,tput=3.49]
epoch 96: eval=0.8141
epoch 97: loss=0.456017, train_acc=0.8431, time=10.6s
per-rank: rank0[cuda0,share=0.3991,tput=2.24] rank1[cuda1,share=0.3042,tput=2.97] rank2[cuda2,share=0.2967,tput=3.43]
epoch 97: eval=0.7917
epoch 98: loss=0.456101, train_acc=0.8426, time=9.2s
per-rank: rank0[cuda0,share=0.3925,tput=3.53] rank1[cuda1,share=0.3074,tput=2.63] rank2[cuda2,share=0.3001,tput=4.53]
epoch 98: eval=0.7399
epoch 99: loss=0.456657, train_acc=0.8413, time=9.1s
per-rank: rank0[cuda0,share=0.3826,tput=3.38] rank1[cuda1,share=0.3122,tput=2.49] rank2[cuda2,share=0.3052,tput=3.36]
epoch 99: eval=0.7443
epoch 100: loss=0.338856, train_acc=0.8845, time=11.2s
per-rank: rank0[cuda0,share=0.3719,tput=1.99] rank1[cuda1,share=0.3193,tput=3.60] rank2[cuda2,share=0.3088,tput=4.83]
epoch 100: eval=0.8955
epoch 101: loss=0.253060, train_acc=0.9141, time=10.2s
per-rank: rank0[cuda0,share=0.3715,tput=3.31] rank1[cuda1,share=0.3201,tput=3.34] rank2[cuda2,share=0.3084,tput=2.56]
epoch 101: eval=0.8970
epoch 102: loss=0.233548, train_acc=0.9193, time=11.2s
per-rank: rank0[cuda0,share=0.3805,tput=2.04] rank1[cuda1,share=0.3129,tput=4.95] rank2[cuda2,share=0.3066,tput=3.18]
epoch 102: eval=0.9008
epoch 103: loss=0.225475, train_acc=0.9216, time=10.3s
per-rank: rank0[cuda0,share=0.3834,tput=2.71] rank1[cuda1,share=0.3102,tput=4.00] rank2[cuda2,share=0.3065,tput=2.58]
epoch 103: eval=0.8982
epoch 104: loss=0.218466, train_acc=0.9254, time=11.0s
per-rank: rank0[cuda0,share=0.3961,tput=2.19] rank2[cuda2,share=0.3049,tput=5.01] rank1[cuda1,share=0.2990,tput=3.44]
epoch 104: eval=0.9043
epoch 105: loss=0.213117, train_acc=0.9270, time=10.2s
per-rank: rank0[cuda0,share=0.4013,tput=2.86] rank2[cuda2,share=0.3041,tput=2.60] rank1[cuda1,share=0.2946,tput=3.41]
epoch 105: eval=0.9039
epoch 106: loss=0.206499, train_acc=0.9288, time=9.2s
per-rank: rank0[cuda0,share=0.4029,tput=3.73] rank2[cuda2,share=0.3022,tput=2.47] rank1[cuda1,share=0.2948,tput=3.05]
epoch 106: eval=0.9028
epoch 107: loss=0.203472, train_acc=0.9290, time=12.0s
per-rank: rank0[cuda0,share=0.4065,tput=2.07] rank2[cuda2,share=0.3006,tput=3.28] rank1[cuda1,share=0.2929,tput=5.65]
epoch 107: eval=0.9057
epoch 108: loss=0.195174, train_acc=0.9324, time=10.8s
per-rank: rank0[cuda0,share=0.4048,tput=2.12] rank2[cuda2,share=0.3014,tput=3.73] rank1[cuda1,share=0.2939,tput=3.08]
epoch 108: eval=0.9068
epoch 109: loss=0.193206, train_acc=0.9333, time=9.5s
per-rank: rank0[cuda0,share=0.4042,tput=3.20] rank2[cuda2,share=0.2995,tput=3.13] rank1[cuda1,share=0.2963,tput=2.41]
epoch 109: eval=0.9052
epoch 110: loss=0.187272, train_acc=0.9336, time=11.5s
per-rank: rank0[cuda0,share=0.3942,tput=2.14] rank1[cuda1,share=0.3058,tput=3.54] rank2[cuda2,share=0.3000,tput=4.59]
epoch 110: eval=0.9029
epoch 111: loss=0.189306, train_acc=0.9338, time=10.1s
per-rank: rank0[cuda0,share=0.3943,tput=2.59] rank1[cuda1,share=0.3104,tput=2.93] rank2[cuda2,share=0.2953,tput=3.81]
epoch 111: eval=0.9069
epoch 112: loss=0.180116, train_acc=0.9358, time=9.2s
per-rank: rank0[cuda0,share=0.3983,tput=2.70] rank1[cuda1,share=0.3090,tput=2.21] rank2[cuda2,share=0.2927,tput=5.80]
epoch 112: eval=0.9053
epoch 113: loss=0.180685, train_acc=0.9366, time=9.3s
per-rank: rank0[cuda0,share=0.4017,tput=2.89] rank1[cuda1,share=0.3068,tput=2.71] rank2[cuda2,share=0.2915,tput=3.44]
epoch 113: eval=0.9092
epoch 114: loss=0.178967, train_acc=0.9370, time=9.3s
per-rank: rank0[cuda0,share=0.3956,tput=3.50] rank1[cuda1,share=0.3053,tput=2.44] rank2[cuda2,share=0.2991,tput=3.36]
epoch 114: eval=0.9081
epoch 115: loss=0.170609, train_acc=0.9399, time=9.2s
per-rank: rank0[cuda0,share=0.3839,tput=2.16] rank1[cuda1,share=0.3111,tput=6.17] rank2[cuda2,share=0.3049,tput=2.40]
epoch 115: eval=0.9092
epoch 116: loss=0.173120, train_acc=0.9393, time=11.7s
per-rank: rank0[cuda0,share=0.3784,tput=2.05] rank1[cuda1,share=0.3174,tput=5.73] rank2[cuda2,share=0.3042,tput=3.39]
epoch 116: eval=0.9070
epoch 117: loss=0.168201, train_acc=0.9415, time=10.7s
per-rank: rank0[cuda0,share=0.3851,tput=2.47] rank1[cuda1,share=0.3124,tput=3.59] rank2[cuda2,share=0.3025,tput=2.65]
epoch 117: eval=0.9081
epoch 118: loss=0.162593, train_acc=0.9418, time=9.3s
per-rank: rank0[cuda0,share=0.4073,tput=2.45] rank1[cuda1,share=0.2964,tput=2.60] rank2[cuda2,share=0.2964,tput=4.74]
epoch 118: eval=0.9065
epoch 119: loss=0.163311, train_acc=0.9430, time=9.2s
per-rank: rank0[cuda0,share=0.4181,tput=3.96] rank1[cuda1,share=0.2989,tput=3.80] rank2[cuda2,share=0.2829,tput=2.10]
epoch 119: eval=0.9097
epoch 120: loss=0.160157, train_acc=0.9439, time=11.2s
per-rank: rank0[cuda0,share=0.4265,tput=2.26] rank1[cuda1,share=0.3049,tput=3.92] rank2[cuda2,share=0.2686,tput=4.63]
epoch 120: eval=0.9050
epoch 121: loss=0.161300, train_acc=0.9434, time=10.3s
per-rank: rank0[cuda0,share=0.4267,tput=2.51] rank1[cuda1,share=0.3010,tput=2.62] rank2[cuda2,share=0.2724,tput=4.08]
epoch 121: eval=0.9116
epoch 122: loss=0.158802, train_acc=0.9457, time=11.6s
per-rank: rank0[cuda0,share=0.4181,tput=2.21] rank1[cuda1,share=0.3017,tput=5.46] rank2[cuda2,share=0.2802,tput=3.14]
epoch 122: eval=0.9025
epoch 123: loss=0.151539, train_acc=0.9466, time=10.5s
per-rank: rank0[cuda0,share=0.4136,tput=2.44] rank1[cuda1,share=0.3092,tput=2.90] rank2[cuda2,share=0.2772,tput=3.71]
epoch 123: eval=0.9103
epoch 124: loss=0.152114, train_acc=0.9470, time=11.0s
per-rank: rank0[cuda0,share=0.4169,tput=2.27] rank1[cuda1,share=0.2921,tput=4.36] rank2[cuda2,share=0.2910,tput=4.01]
epoch 124: eval=0.9117
epoch 125: loss=0.147488, train_acc=0.9478, time=10.4s
per-rank: rank0[cuda0,share=0.4248,tput=2.47] rank2[cuda2,share=0.2913,tput=2.66] rank1[cuda1,share=0.2840,tput=3.55]
epoch 125: eval=0.9030
epoch 126: loss=0.151723, train_acc=0.9456, time=9.2s
per-rank: rank0[cuda0,share=0.4255,tput=2.23] rank1[cuda1,share=0.3004,tput=2.88] rank2[cuda2,share=0.2741,tput=5.27]
epoch 126: eval=0.9091
epoch 127: loss=0.144707, train_acc=0.9485, time=9.0s
per-rank: rank0[cuda0,share=0.4130,tput=2.71] rank1[cuda1,share=0.3048,tput=4.88] rank2[cuda2,share=0.2822,tput=2.39]
epoch 127: eval=0.9070
epoch 128: loss=0.146186, train_acc=0.9489, time=9.2s
per-rank: rank0[cuda0,share=0.4192,tput=2.24] rank1[cuda1,share=0.2969,tput=6.04] rank2[cuda2,share=0.2838,tput=2.29]
epoch 128: eval=0.9098
epoch 129: loss=0.150340, train_acc=0.9469, time=9.1s
per-rank: rank0[cuda0,share=0.3995,tput=2.81] rank1[cuda1,share=0.3156,tput=2.85] rank2[cuda2,share=0.2849,tput=3.35]
epoch 129: eval=0.9078
epoch 130: loss=0.144080, train_acc=0.9490, time=9.2s
per-rank: rank0[cuda0,share=0.3482,tput=3.50] rank1[cuda1,share=0.3399,tput=2.39] rank2[cuda2,share=0.3119,tput=3.87]
epoch 130: eval=0.9136
epoch 131: loss=0.142366, train_acc=0.9498, time=9.2s
per-rank: rank0[cuda0,share=0.3498,tput=3.81] rank1[cuda1,share=0.3296,tput=3.34] rank2[cuda2,share=0.3206,tput=2.27]
epoch 131: eval=0.9043
epoch 132: loss=0.140812, train_acc=0.9506, time=9.0s
per-rank: rank0[cuda0,share=0.3897,tput=2.70] rank2[cuda2,share=0.3141,tput=5.75] rank1[cuda1,share=0.2962,tput=2.20]
epoch 132: eval=0.9017
epoch 133: loss=0.143357, train_acc=0.9492, time=11.2s
per-rank: rank0[cuda0,share=0.4125,tput=2.23] rank2[cuda2,share=0.3023,tput=4.93] rank1[cuda1,share=0.2853,tput=3.61]
epoch 133: eval=0.9086
epoch 134: loss=0.140837, train_acc=0.9501, time=10.3s
per-rank: rank0[cuda0,share=0.4100,tput=2.25] rank2[cuda2,share=0.2987,tput=3.46] rank1[cuda1,share=0.2913,tput=3.12]
epoch 134: eval=0.9068
epoch 135: loss=0.138296, train_acc=0.9514, time=10.7s
per-rank: rank0[cuda0,share=0.4121,tput=2.25] rank2[cuda2,share=0.2975,tput=3.55] rank1[cuda1,share=0.2905,tput=4.87]
epoch 135: eval=0.9036
epoch 136: loss=0.137203, train_acc=0.9508, time=10.3s
per-rank: rank0[cuda0,share=0.4163,tput=3.92] rank2[cuda2,share=0.3038,tput=2.71] rank1[cuda1,share=0.2800,tput=3.77]
epoch 136: eval=0.9073
epoch 137: loss=0.135434, train_acc=0.9522, time=9.3s
per-rank: rank0[cuda0,share=0.3929,tput=2.98] rank1[cuda1,share=0.3036,tput=2.78] rank2[cuda2,share=0.3036,tput=3.26]
epoch 137: eval=0.9088
epoch 138: loss=0.132594, train_acc=0.9527, time=10.6s
per-rank: rank0[cuda0,share=0.3901,tput=2.18] rank1[cuda1,share=0.3165,tput=4.92] rank2[cuda2,share=0.2934,tput=3.44]
epoch 138: eval=0.9101
epoch 139: loss=0.138260, train_acc=0.9517, time=10.1s
per-rank: rank0[cuda0,share=0.3976,tput=2.21] rank1[cuda1,share=0.3119,tput=2.82] rank2[cuda2,share=0.2905,tput=3.70]
epoch 139: eval=0.9005
epoch 140: loss=0.136056, train_acc=0.9517, time=9.0s
per-rank: rank0[cuda0,share=0.3945,tput=4.01] rank1[cuda1,share=0.3180,tput=2.42] rank2[cuda2,share=0.2875,tput=3.16]
epoch 140: eval=0.9012
epoch 141: loss=0.132063, train_acc=0.9538, time=8.9s
per-rank: rank0[cuda0,share=0.4162,tput=3.55] rank1[cuda1,share=0.3010,tput=2.50] rank2[cuda2,share=0.2828,tput=3.55]
epoch 141: eval=0.8947
epoch 142: loss=0.133339, train_acc=0.9528, time=11.7s
per-rank: rank0[cuda0,share=0.4196,tput=2.28] rank1[cuda1,share=0.3094,tput=4.38] rank2[cuda2,share=0.2710,tput=4.30]
epoch 142: eval=0.9007
epoch 143: loss=0.135593, train_acc=0.9510, time=10.7s
per-rank: rank0[cuda0,share=0.4154,tput=2.12] rank1[cuda1,share=0.3182,tput=3.11] rank2[cuda2,share=0.2664,tput=3.52]
epoch 143: eval=0.9084
epoch 144: loss=0.130320, train_acc=0.9537, time=9.4s
per-rank: rank0[cuda0,share=0.4174,tput=3.76] rank1[cuda1,share=0.3029,tput=3.03] rank2[cuda2,share=0.2797,tput=2.55]
epoch 144: eval=0.9049
epoch 145: loss=0.134514, train_acc=0.9511, time=9.2s
per-rank: rank0[cuda0,share=0.4078,tput=3.01] rank1[cuda1,share=0.3037,tput=2.71] rank2[cuda2,share=0.2885,tput=3.34]
epoch 145: eval=0.9004
epoch 146: loss=0.130373, train_acc=0.9531, time=12.0s
per-rank: rank0[cuda0,share=0.3841,tput=2.03] rank1[cuda1,share=0.3115,tput=4.60] rank2[cuda2,share=0.3044,tput=3.84]
epoch 146: eval=0.8935
epoch 147: loss=0.128965, train_acc=0.9537, time=10.6s
per-rank: rank0[cuda0,share=0.3986,tput=2.43] rank2[cuda2,share=0.3042,tput=2.59] rank1[cuda1,share=0.2972,tput=3.94]
epoch 147: eval=0.9067
epoch 148: loss=0.130798, train_acc=0.9544, time=9.0s
per-rank: rank0[cuda0,share=0.4183,tput=3.64] rank2[cuda2,share=0.2931,tput=2.23] rank1[cuda1,share=0.2886,tput=3.49]
epoch 148: eval=0.9011
epoch 149: loss=0.135625, train_acc=0.9515, time=9.1s
per-rank: rank0[cuda0,share=0.4236,tput=2.25] rank1[cuda1,share=0.2930,tput=2.76] rank2[cuda2,share=0.2834,tput=5.41]
epoch 149: eval=0.9037
epoch 150: loss=0.104510, train_acc=0.9639, time=10.9s
per-rank: rank0[cuda0,share=0.4150,tput=2.31] rank1[cuda1,share=0.3039,tput=3.75] rank2[cuda2,share=0.2811,tput=4.70]
epoch 150: eval=0.9163
epoch 151: loss=0.089996, train_acc=0.9686, time=10.4s
per-rank: rank0[cuda0,share=0.4231,tput=2.59] rank1[cuda1,share=0.2981,tput=2.78] rank2[cuda2,share=0.2788,tput=3.58]
epoch 151: eval=0.9177
epoch 152: loss=0.085519, train_acc=0.9715, time=9.3s
per-rank: rank0[cuda0,share=0.4168,tput=3.18] rank1[cuda1,share=0.3046,tput=2.49] rank2[cuda2,share=0.2786,tput=3.38]
epoch 152: eval=0.9188
epoch 153: loss=0.083759, train_acc=0.9723, time=9.4s
per-rank: rank0[cuda0,share=0.4072,tput=2.39] rank1[cuda1,share=0.2964,tput=5.16] rank2[cuda2,share=0.2964,tput=2.38]
epoch 153: eval=0.9182
epoch 154: loss=0.080965, train_acc=0.9729, time=9.2s
per-rank: rank0[cuda0,share=0.3958,tput=3.23] rank1[cuda1,share=0.3055,tput=2.74] rank2[cuda2,share=0.2988,tput=4.27]
epoch 154: eval=0.9187
epoch 155: loss=0.079400, train_acc=0.9733, time=10.8s
per-rank: rank0[cuda0,share=0.3984,tput=2.22] rank1[cuda1,share=0.3076,tput=3.72] rank2[cuda2,share=0.2940,tput=4.71]
epoch 155: eval=0.9186
epoch 156: loss=0.078439, train_acc=0.9738, time=10.5s
per-rank: rank0[cuda0,share=0.4110,tput=2.79] rank1[cuda1,share=0.2949,tput=3.33] rank2[cuda2,share=0.2941,tput=2.52]
epoch 156: eval=0.9176
epoch 157: loss=0.075470, train_acc=0.9752, time=12.7s
per-rank: rank0[cuda0,share=0.4227,tput=2.17] rank1[cuda1,share=0.2927,tput=3.77] rank2[cuda2,share=0.2846,tput=2.87]
epoch 157: eval=0.9167
epoch 158: loss=0.076775, train_acc=0.9740, time=11.4s
per-rank: rank0[cuda0,share=0.4227,tput=2.62] rank1[cuda1,share=0.2927,tput=2.91] rank2[cuda2,share=0.2846,tput=3.40]
epoch 158: eval=0.9168
epoch 159: loss=0.074963, train_acc=0.9750, time=11.8s
per-rank: rank0[cuda0,share=0.4247,tput=2.14] rank1[cuda1,share=0.2921,tput=3.74] rank2[cuda2,share=0.2832,tput=5.31]
epoch 159: eval=0.9173
epoch 160: loss=0.074233, train_acc=0.9753, time=10.8s
per-rank: rank0[cuda0,share=0.4258,tput=2.25] rank1[cuda1,share=0.2921,tput=2.82] rank2[cuda2,share=0.2822,tput=4.13]
epoch 160: eval=0.9181
epoch 161: loss=0.076806, train_acc=0.9742, time=9.1s
per-rank: rank0[cuda0,share=0.4264,tput=3.46] rank1[cuda1,share=0.2924,tput=2.85] rank2[cuda2,share=0.2813,tput=2.73]
epoch 161: eval=0.9165
epoch 162: loss=0.074031, train_acc=0.9753, time=9.1s
per-rank: rank0[cuda0,share=0.4264,tput=2.02] rank1[cuda1,share=0.2924,tput=2.55] rank2[cuda2,share=0.2813,tput=6.68]
epoch 162: eval=0.9173
epoch 163: loss=0.073217, train_acc=0.9752, time=13.0s
per-rank: rank0[cuda0,share=0.4201,tput=1.92] rank1[cuda1,share=0.2930,tput=3.89] rank2[cuda2,share=0.2869,tput=5.48]
epoch 163: eval=0.9198
epoch 164: loss=0.074072, train_acc=0.9754, time=10.7s
per-rank: rank0[cuda0,share=0.4201,tput=2.06] rank1[cuda1,share=0.2930,tput=4.83] rank2[cuda2,share=0.2869,tput=3.10]
epoch 164: eval=0.9170
epoch 165: loss=0.072710, train_acc=0.9755, time=9.0s
per-rank: rank0[cuda0,share=0.4166,tput=3.82] rank1[cuda1,share=0.2940,tput=4.98] rank2[cuda2,share=0.2893,tput=2.35]
epoch 165: eval=0.9172
epoch 166: loss=0.072027, train_acc=0.9758, time=11.3s
per-rank: rank0[cuda0,share=0.4124,tput=2.07] rank1[cuda1,share=0.2955,tput=5.20] rank2[cuda2,share=0.2920,tput=3.56]
epoch 166: eval=0.9164
epoch 167: loss=0.070877, train_acc=0.9765, time=10.3s
per-rank: rank0[cuda0,share=0.4088,tput=2.31] rank1[cuda1,share=0.2967,tput=2.90] rank2[cuda2,share=0.2945,tput=3.54]
epoch 167: eval=0.9175
epoch 168: loss=0.070371, train_acc=0.9766, time=9.7s
per-rank: rank0[cuda0,share=0.4038,tput=4.45] rank2[cuda2,share=0.2984,tput=4.58] rank1[cuda1,share=0.2978,tput=2.06]
epoch 168: eval=0.9184
epoch 169: loss=0.072014, train_acc=0.9760, time=9.5s
per-rank: rank0[cuda0,share=0.3993,tput=3.70] rank2[cuda2,share=0.3013,tput=2.21] rank1[cuda1,share=0.2995,tput=3.12]
epoch 169: eval=0.9181
epoch 170: loss=0.068611, train_acc=0.9763, time=10.5s
per-rank: rank0[cuda0,share=0.3958,tput=2.21] rank2[cuda2,share=0.3037,tput=3.47] rank1[cuda1,share=0.3006,tput=4.74]
epoch 170: eval=0.9161
epoch 171: loss=0.070197, train_acc=0.9760, time=9.8s
per-rank: rank0[cuda0,share=0.3922,tput=3.12] rank2[cuda2,share=0.3061,tput=2.33] rank1[cuda1,share=0.3017,tput=3.91]
epoch 171: eval=0.9175
epoch 172: loss=0.068046, train_acc=0.9776, time=9.0s
per-rank: rank0[cuda0,share=0.3885,tput=3.23] rank2[cuda2,share=0.3086,tput=3.56] rank1[cuda1,share=0.3029,tput=2.53]
epoch 172: eval=0.9172
epoch 173: loss=0.068366, train_acc=0.9770, time=9.0s
per-rank: rank0[cuda0,share=0.3866,tput=3.51] rank2[cuda2,share=0.3087,tput=3.08] rank1[cuda1,share=0.3047,tput=2.60]
epoch 173: eval=0.9177
epoch 174: loss=0.067233, train_acc=0.9774, time=10.9s
per-rank: rank0[cuda0,share=0.3884,tput=2.16] rank2[cuda2,share=0.3069,tput=3.46] rank1[cuda1,share=0.3047,tput=5.00]
epoch 174: eval=0.9179
epoch 175: loss=0.068104, train_acc=0.9772, time=10.0s
per-rank: rank0[cuda0,share=0.3901,tput=2.24] rank2[cuda2,share=0.3052,tput=4.10] rank1[cuda1,share=0.3047,tput=2.67]
epoch 175: eval=0.9182
epoch 176: loss=0.067893, train_acc=0.9771, time=8.8s
per-rank: rank0[cuda0,share=0.3932,tput=3.44] rank1[cuda1,share=0.3040,tput=2.64] rank2[cuda2,share=0.3028,tput=4.72]
epoch 176: eval=0.9175
epoch 177: loss=0.067064, train_acc=0.9776, time=9.1s
per-rank: rank0[cuda0,share=0.3963,tput=3.92] rank1[cuda1,share=0.3034,tput=2.92] rank2[cuda2,share=0.3004,tput=2.49]
epoch 177: eval=0.9151
epoch 178: loss=0.067948, train_acc=0.9769, time=9.0s
per-rank: rank0[cuda0,share=0.4001,tput=3.33] rank1[cuda1,share=0.3014,tput=3.44] rank2[cuda2,share=0.2985,tput=2.42]
epoch 178: eval=0.9167
epoch 179: loss=0.066618, train_acc=0.9770, time=9.0s
per-rank: rank0[cuda0,share=0.4039,tput=3.64] rank1[cuda1,share=0.2993,tput=3.83] rank2[cuda2,share=0.2968,tput=2.19]
epoch 179: eval=0.9172
epoch 180: loss=0.066221, train_acc=0.9769, time=9.0s
per-rank: rank0[cuda0,share=0.4065,tput=3.29] rank1[cuda1,share=0.2979,tput=2.63] rank2[cuda2,share=0.2957,tput=3.26]
epoch 180: eval=0.9176
epoch 181: loss=0.065600, train_acc=0.9781, time=8.9s
per-rank: rank0[cuda0,share=0.4091,tput=2.41] rank1[cuda1,share=0.2964,tput=2.49] rank2[cuda2,share=0.2945,tput=5.61]
epoch 181: eval=0.9155
epoch 182: loss=0.065512, train_acc=0.9777, time=9.0s
per-rank: rank0[cuda0,share=0.4118,tput=5.27] rank1[cuda1,share=0.2949,tput=2.25] rank2[cuda2,share=0.2933,tput=4.59]
epoch 182: eval=0.9167
epoch 183: loss=0.065062, train_acc=0.9783, time=11.5s
per-rank: rank0[cuda0,share=0.4144,tput=2.20] rank1[cuda1,share=0.2934,tput=3.45] rank2[cuda2,share=0.2922,tput=5.50]
epoch 183: eval=0.9172
epoch 184: loss=0.064524, train_acc=0.9780, time=10.2s
per-rank: rank0[cuda0,share=0.4152,tput=2.64] rank2[cuda2,share=0.2928,tput=4.15] rank1[cuda1,share=0.2920,tput=2.31]
epoch 184: eval=0.9177
epoch 185: loss=0.063633, train_acc=0.9782, time=10.9s
per-rank: rank0[cuda0,share=0.4160,tput=2.27] rank2[cuda2,share=0.2935,tput=5.09] rank1[cuda1,share=0.2906,tput=3.34]
epoch 185: eval=0.9168
epoch 186: loss=0.065888, train_acc=0.9775, time=10.2s
per-rank: rank0[cuda0,share=0.4168,tput=2.57] rank2[cuda2,share=0.2941,tput=2.44] rank1[cuda1,share=0.2891,tput=4.11]
epoch 186: eval=0.9163
epoch 187: loss=0.064067, train_acc=0.9787, time=12.4s
per-rank: rank0[cuda0,share=0.4176,tput=1.94] rank2[cuda2,share=0.2948,tput=2.89] rank1[cuda1,share=0.2876,tput=6.34]
epoch 187: eval=0.9182
epoch 188: loss=0.061804, train_acc=0.9791, time=10.6s
per-rank: rank0[cuda0,share=0.4182,tput=2.02] rank2[cuda2,share=0.2938,tput=2.39] rank1[cuda1,share=0.2879,tput=4.40]
epoch 188: eval=0.9188
epoch 189: loss=0.062409, train_acc=0.9791, time=8.9s
per-rank: rank0[cuda0,share=0.4175,tput=2.46] rank2[cuda2,share=0.2936,tput=2.15] rank1[cuda1,share=0.2889,tput=6.65]
epoch 189: eval=0.9158
epoch 190: loss=0.062770, train_acc=0.9786, time=9.1s
per-rank: rank0[cuda0,share=0.4167,tput=2.31] rank2[cuda2,share=0.2933,tput=5.58] rank1[cuda1,share=0.2900,tput=2.57]
epoch 190: eval=0.9163
epoch 191: loss=0.062021, train_acc=0.9793, time=8.9s
per-rank: rank0[cuda0,share=0.4143,tput=3.18] rank2[cuda2,share=0.2939,tput=2.71] rank1[cuda1,share=0.2918,tput=3.72]
epoch 191: eval=0.9182
epoch 192: loss=0.061951, train_acc=0.9792, time=11.5s
per-rank: rank0[cuda0,share=0.4118,tput=2.04] rank2[cuda2,share=0.2944,tput=3.19] rank1[cuda1,share=0.2937,tput=5.41]
epoch 192: eval=0.9166
epoch 193: loss=0.062015, train_acc=0.9794, time=10.0s
per-rank: rank0[cuda0,share=0.4081,tput=2.30] rank1[cuda1,share=0.2963,tput=4.15] rank2[cuda2,share=0.2956,tput=2.86]
epoch 193: eval=0.9154
epoch 194: loss=0.060205, train_acc=0.9796, time=9.0s
per-rank: rank0[cuda0,share=0.4051,tput=3.48] rank1[cuda1,share=0.2994,tput=2.33] rank2[cuda2,share=0.2955,tput=3.55]
epoch 194: eval=0.9189
epoch 195: loss=0.061852, train_acc=0.9788, time=11.3s
per-rank: rank0[cuda0,share=0.4027,tput=2.03] rank1[cuda1,share=0.3015,tput=5.20] rank2[cuda2,share=0.2958,tput=3.15]
epoch 195: eval=0.9175
epoch 196: loss=0.061947, train_acc=0.9792, time=10.0s
per-rank: rank0[cuda0,share=0.4003,tput=2.46] rank1[cuda1,share=0.3036,tput=4.25] rank2[cuda2,share=0.2961,tput=2.57]
epoch 196: eval=0.9168
epoch 197: loss=0.059537, train_acc=0.9801, time=8.9s
per-rank: rank0[cuda0,share=0.3973,tput=3.13] rank1[cuda1,share=0.3068,tput=5.32] rank2[cuda2,share=0.2959,tput=2.40]
epoch 197: eval=0.9183
epoch 198: loss=0.059769, train_acc=0.9800, time=10.9s
per-rank: rank0[cuda0,share=0.3936,tput=2.13] rank1[cuda1,share=0.3096,tput=3.14] rank2[cuda2,share=0.2969,tput=5.11]
epoch 198: eval=0.9168
epoch 199: loss=0.061460, train_acc=0.9790, time=9.9s
per-rank: rank0[cuda0,share=0.3905,tput=2.66] rank1[cuda1,share=0.3112,tput=3.91] rank2[cuda2,share=0.2983,tput=2.68]
final eval=0.9179
# total: 1817.0s (30m 17s)
