# gpu0: NVIDIA GeForce RTX 5060 Ti (15GB, sm_120)
# gpu1: NVIDIA GeForce GTX 1060 6GB (5GB, sm_61)
# gpu2: NVIDIA GeForce GTX 1060 6GB (5GB, sm_61)
epoch 0: loss=2.456865, train_acc=0.1180, time=24.7s
per-rank: rank0[cuda0,share=0.3413,tput=0.82] rank1[cuda1,share=0.3349,tput=2.05] rank2[cuda2,share=0.3238,tput=1.14]
epoch 0: eval=0.1806
epoch 1: loss=2.026419, train_acc=0.2300, time=24.6s
per-rank: rank1[cuda1,share=0.3376,tput=0.84] rank0[cuda0,share=0.3354,tput=1.46] rank2[cuda2,share=0.3270,tput=1.30]
epoch 1: eval=0.2466
epoch 2: loss=1.851198, train_acc=0.2943, time=26.3s
per-rank: rank0[cuda0,share=0.3586,tput=0.80] rank1[cuda1,share=0.3272,tput=1.16] rank2[cuda2,share=0.3142,tput=1.73]
epoch 2: eval=0.3208
epoch 3: loss=1.746303, train_acc=0.3362, time=25.8s
per-rank: rank0[cuda0,share=0.3628,tput=1.25] rank1[cuda1,share=0.3220,tput=0.91] rank2[cuda2,share=0.3152,tput=1.22]
epoch 3: eval=0.3281
epoch 4: loss=1.672744, train_acc=0.3710, time=24.5s
per-rank: rank0[cuda0,share=0.3560,tput=1.46] rank1[cuda1,share=0.3255,tput=0.83] rank2[cuda2,share=0.3185,tput=1.25]
epoch 4: eval=0.4071
epoch 5: loss=1.598371, train_acc=0.4067, time=24.8s
per-rank: rank0[cuda0,share=0.3689,tput=1.47] rank1[cuda1,share=0.3239,tput=1.22] rank2[cuda2,share=0.3072,tput=0.79]
epoch 5: eval=0.3930
epoch 6: loss=1.506576, train_acc=0.4416, time=25.1s
per-rank: rank0[cuda0,share=0.3677,tput=0.89] rank1[cuda1,share=0.3175,tput=0.85] rank2[cuda2,share=0.3148,tput=2.09]
epoch 6: eval=0.4643
epoch 7: loss=1.400176, train_acc=0.4878, time=24.9s
per-rank: rank0[cuda0,share=0.3504,tput=1.41] rank2[cuda2,share=0.3279,tput=0.86] rank1[cuda1,share=0.3217,tput=1.26]
epoch 7: eval=0.4753
epoch 8: loss=1.292020, train_acc=0.5362, time=24.7s
per-rank: rank0[cuda0,share=0.3649,tput=1.27] rank2[cuda2,share=0.3208,tput=1.09] rank1[cuda1,share=0.3143,tput=0.98]
epoch 8: eval=0.5196
epoch 9: loss=1.171767, train_acc=0.5815, time=30.9s
per-rank: rank1[cuda1,share=0.3434,tput=1.94] rank0[cuda0,share=0.3356,tput=0.72] rank2[cuda2,share=0.3210,tput=1.18]
epoch 9: eval=0.6040
epoch 10: loss=1.085946, train_acc=0.6155, time=28.1s
per-rank: rank0[cuda0,share=0.3445,tput=1.20] rank1[cuda1,share=0.3369,tput=1.36] rank2[cuda2,share=0.3186,tput=0.85]
epoch 10: eval=0.5872
epoch 11: loss=0.985572, train_acc=0.6540, time=24.8s
per-rank: rank0[cuda0,share=0.3727,tput=1.16] rank2[cuda2,share=0.3169,tput=1.93] rank1[cuda1,share=0.3104,tput=0.74]
epoch 11: eval=0.6030
epoch 12: loss=0.925168, train_acc=0.6763, time=24.8s
per-rank: rank0[cuda0,share=0.3852,tput=1.42] rank2[cuda2,share=0.3122,tput=1.12] rank1[cuda1,share=0.3026,tput=0.89]
epoch 12: eval=0.6838
epoch 13: loss=0.858421, train_acc=0.7012, time=33.7s
per-rank: rank0[cuda0,share=0.3368,tput=0.68] rank1[cuda1,share=0.3347,tput=2.03] rank2[cuda2,share=0.3285,tput=1.21]
epoch 13: eval=0.6920
epoch 14: loss=0.815072, train_acc=0.7188, time=29.2s
per-rank: rank1[cuda1,share=0.3372,tput=1.40] rank2[cuda2,share=0.3340,tput=0.98] rank0[cuda0,share=0.3287,tput=1.00]
epoch 14: eval=0.6438
epoch 15: loss=0.776508, train_acc=0.7322, time=29.0s
per-rank: rank0[cuda0,share=0.3577,tput=0.76] rank1[cuda1,share=0.3216,tput=1.80] rank2[cuda2,share=0.3206,tput=1.14]
epoch 15: eval=0.7277
epoch 16: loss=0.740537, train_acc=0.7449, time=26.7s
per-rank: rank0[cuda0,share=0.3569,tput=1.28] rank1[cuda1,share=0.3267,tput=1.29] rank2[cuda2,share=0.3163,tput=0.90]
epoch 16: eval=0.7192
epoch 17: loss=0.713945, train_acc=0.7529, time=25.3s
per-rank: rank0[cuda0,share=0.3531,tput=0.84] rank1[cuda1,share=0.3256,tput=2.25] rank2[cuda2,share=0.3212,tput=0.86]
epoch 17: eval=0.6856
epoch 18: loss=0.682512, train_acc=0.7653, time=28.4s
per-rank: rank0[cuda0,share=0.3493,tput=0.75] rank1[cuda1,share=0.3311,tput=1.87] rank2[cuda2,share=0.3196,tput=1.18]
epoch 18: eval=0.7297
epoch 19: loss=0.662146, train_acc=0.7725, time=27.1s
per-rank: rank0[cuda0,share=0.3581,tput=1.13] rank1[cuda1,share=0.3266,tput=1.29] rank2[cuda2,share=0.3153,tput=0.92]
epoch 19: eval=0.6971
epoch 20: loss=0.646721, train_acc=0.7785, time=25.0s
per-rank: rank0[cuda0,share=0.3531,tput=1.28] rank1[cuda1,share=0.3246,tput=0.88] rank2[cuda2,share=0.3223,tput=1.28]
epoch 20: eval=0.7516
epoch 21: loss=0.632275, train_acc=0.7830, time=24.7s
per-rank: rank0[cuda0,share=0.3602,tput=1.13] rank1[cuda1,share=0.3260,tput=0.85] rank2[cuda2,share=0.3138,tput=1.70]
epoch 21: eval=0.7570
epoch 22: loss=0.616842, train_acc=0.7892, time=31.0s
per-rank: rank0[cuda0,share=0.3607,tput=0.75] rank1[cuda1,share=0.3248,tput=1.65] rank2[cuda2,share=0.3145,tput=1.37]
epoch 22: eval=0.7610
epoch 23: loss=0.597006, train_acc=0.7947, time=28.0s
per-rank: rank0[cuda0,share=0.3556,tput=1.24] rank2[cuda2,share=0.3232,tput=0.91] rank1[cuda1,share=0.3212,tput=1.31]
epoch 23: eval=0.7383
epoch 24: loss=0.595432, train_acc=0.7961, time=30.9s
per-rank: rank0[cuda0,share=0.3685,tput=0.74] rank2[cuda2,share=0.3203,tput=1.76] rank1[cuda1,share=0.3112,tput=1.20]
epoch 24: eval=0.7484
epoch 25: loss=0.585684, train_acc=0.7986, time=27.9s
per-rank: rank0[cuda0,share=0.3474,tput=0.95] rank2[cuda2,share=0.3293,tput=1.38] rank1[cuda1,share=0.3233,tput=0.97]
epoch 25: eval=0.7428
epoch 26: loss=0.568747, train_acc=0.8040, time=25.0s
per-rank: rank0[cuda0,share=0.3347,tput=1.38] rank1[cuda1,share=0.3326,tput=0.84] rank2[cuda2,share=0.3326,tput=1.23]
epoch 26: eval=0.7850
epoch 27: loss=0.554294, train_acc=0.8090, time=24.5s
per-rank: rank0[cuda0,share=0.3545,tput=1.18] rank1[cuda1,share=0.3237,tput=0.86] rank2[cuda2,share=0.3218,tput=1.68]
epoch 27: eval=0.7588
epoch 28: loss=0.552336, train_acc=0.8097, time=24.6s
per-rank: rank0[cuda0,share=0.3667,tput=1.21] rank1[cuda1,share=0.3253,tput=0.92] rank2[cuda2,share=0.3080,tput=1.32]
epoch 28: eval=0.7714
epoch 29: loss=0.540878, train_acc=0.8161, time=28.4s
per-rank: rank0[cuda0,share=0.3614,tput=0.75] rank1[cuda1,share=0.3198,tput=1.20] rank2[cuda2,share=0.3188,tput=1.77]
epoch 29: eval=0.7519
epoch 30: loss=0.535237, train_acc=0.8169, time=26.1s
per-rank: rank0[cuda0,share=0.3499,tput=1.03] rank1[cuda1,share=0.3270,tput=1.01] rank2[cuda2,share=0.3231,tput=1.41]
epoch 30: eval=0.7481
epoch 31: loss=0.545631, train_acc=0.8122, time=26.3s
per-rank: rank0[cuda0,share=0.3453,tput=0.78] rank1[cuda1,share=0.3328,tput=1.69] rank2[cuda2,share=0.3219,tput=1.17]
epoch 31: eval=0.8111
epoch 32: loss=0.521897, train_acc=0.8206, time=25.7s
per-rank: rank0[cuda0,share=0.3508,tput=1.15] rank1[cuda1,share=0.3307,tput=0.94] rank2[cuda2,share=0.3186,tput=1.28]
epoch 32: eval=0.7535
epoch 33: loss=0.571892, train_acc=0.8026, time=24.9s
per-rank: rank0[cuda0,share=0.3510,tput=1.65] rank1[cuda1,share=0.3310,tput=0.82] rank2[cuda2,share=0.3180,tput=1.17]
epoch 33: eval=0.8141
epoch 34: loss=0.562313, train_acc=0.8077, time=24.6s
per-rank: rank0[cuda0,share=0.3503,tput=1.06] rank1[cuda1,share=0.3314,tput=1.88] rank2[cuda2,share=0.3183,tput=0.82]
epoch 34: eval=0.7720
epoch 35: loss=0.556229, train_acc=0.8072, time=27.1s
per-rank: rank0[cuda0,share=0.3520,tput=0.78] rank1[cuda1,share=0.3311,tput=1.16] rank2[cuda2,share=0.3170,tput=1.85]
epoch 35: eval=0.7716
epoch 36: loss=0.545887, train_acc=0.8115, time=26.1s
per-rank: rank0[cuda0,share=0.3529,tput=1.23] rank1[cuda1,share=0.3306,tput=1.34] rank2[cuda2,share=0.3165,tput=0.88]
epoch 36: eval=0.7746
epoch 37: loss=0.546596, train_acc=0.8131, time=24.4s
per-rank: rank0[cuda0,share=0.3535,tput=1.03] rank1[cuda1,share=0.3302,tput=2.07] rank2[cuda2,share=0.3162,tput=0.74]
epoch 37: eval=0.7914
epoch 38: loss=0.537523, train_acc=0.8162, time=24.4s
per-rank: rank0[cuda0,share=0.3542,tput=1.25] rank1[cuda1,share=0.3299,tput=1.88] rank2[cuda2,share=0.3158,tput=0.78]
epoch 38: eval=0.7547
epoch 39: loss=0.531388, train_acc=0.8178, time=24.6s
per-rank: rank0[cuda0,share=0.3548,tput=1.25] rank1[cuda1,share=0.3297,tput=0.91] rank2[cuda2,share=0.3155,tput=1.32]
epoch 39: eval=0.6974
epoch 40: loss=0.537665, train_acc=0.8147, time=24.4s
per-rank: rank0[cuda0,share=0.3556,tput=1.12] rank1[cuda1,share=0.3293,tput=0.83] rank2[cuda2,share=0.3151,tput=1.98]
epoch 40: eval=0.7672
epoch 41: loss=0.521351, train_acc=0.8208, time=28.3s
per-rank: rank0[cuda0,share=0.3548,tput=0.78] rank1[cuda1,share=0.3297,tput=1.20] rank2[cuda2,share=0.3155,tput=1.91]
epoch 41: eval=0.8047
epoch 42: loss=0.521421, train_acc=0.8232, time=27.0s
per-rank: rank0[cuda0,share=0.3553,tput=1.34] rank1[cuda1,share=0.3283,tput=0.85] rank2[cuda2,share=0.3164,tput=1.31]
epoch 42: eval=0.7806
epoch 43: loss=0.512924, train_acc=0.8246, time=26.4s
per-rank: rank0[cuda0,share=0.3565,tput=0.81] rank1[cuda1,share=0.3274,tput=1.27] rank2[cuda2,share=0.3161,tput=1.59]
epoch 43: eval=0.8082
epoch 44: loss=0.513119, train_acc=0.8266, time=25.2s
per-rank: rank0[cuda0,share=0.3577,tput=1.36] rank1[cuda1,share=0.3265,tput=1.24] rank2[cuda2,share=0.3158,tput=0.87]
epoch 44: eval=0.7744
epoch 45: loss=0.514238, train_acc=0.8229, time=24.6s
per-rank: rank0[cuda0,share=0.3575,tput=0.98] rank1[cuda1,share=0.3260,tput=2.04] rank2[cuda2,share=0.3165,tput=0.83]
epoch 45: eval=0.8282
epoch 46: loss=0.500662, train_acc=0.8286, time=24.5s
per-rank: rank0[cuda0,share=0.3575,tput=1.27] rank1[cuda1,share=0.3257,tput=0.86] rank2[cuda2,share=0.3168,tput=1.30]
epoch 46: eval=0.8140
epoch 47: loss=0.498978, train_acc=0.8292, time=24.8s
per-rank: rank0[cuda0,share=0.3574,tput=0.94] rank1[cuda1,share=0.3255,tput=2.04] rank2[cuda2,share=0.3171,tput=0.79]
epoch 47: eval=0.7823
epoch 48: loss=0.499754, train_acc=0.8272, time=24.7s
per-rank: rank0[cuda0,share=0.3574,tput=1.46] rank1[cuda1,share=0.3252,tput=1.29] rank2[cuda2,share=0.3174,tput=0.80]
epoch 48: eval=0.8055
epoch 49: loss=0.498975, train_acc=0.8297, time=24.6s
per-rank: rank0[cuda0,share=0.3573,tput=0.84] rank1[cuda1,share=0.3249,tput=0.90] rank2[cuda2,share=0.3178,tput=2.08]
epoch 49: eval=0.7809
epoch 50: loss=0.499280, train_acc=0.8281, time=29.5s
per-rank: rank0[cuda0,share=0.3572,tput=0.73] rank1[cuda1,share=0.3247,tput=1.83] rank2[cuda2,share=0.3182,tput=1.20]
epoch 50: eval=0.7837
epoch 51: loss=0.496105, train_acc=0.8299, time=27.6s
per-rank: rank0[cuda0,share=0.3561,tput=1.10] rank1[cuda1,share=0.3262,tput=0.91] rank2[cuda2,share=0.3178,tput=1.35]
epoch 51: eval=0.7988
epoch 52: loss=0.498624, train_acc=0.8304, time=24.4s
per-rank: rank0[cuda0,share=0.3555,tput=0.90] rank1[cuda1,share=0.3265,tput=0.86] rank2[cuda2,share=0.3180,tput=1.99]
epoch 52: eval=0.7562
epoch 53: loss=0.487175, train_acc=0.8333, time=27.8s
per-rank: rank0[cuda0,share=0.3545,tput=0.77] rank1[cuda1,share=0.3271,tput=1.16] rank2[cuda2,share=0.3185,tput=1.79]
epoch 53: eval=0.8348
epoch 54: loss=0.490680, train_acc=0.8328, time=25.8s
per-rank: rank0[cuda0,share=0.3539,tput=1.23] rank1[cuda1,share=0.3274,tput=1.32] rank2[cuda2,share=0.3187,tput=0.88]
epoch 54: eval=0.8048
epoch 55: loss=0.483651, train_acc=0.8343, time=28.7s
per-rank: rank0[cuda0,share=0.3533,tput=0.75] rank1[cuda1,share=0.3277,tput=1.24] rank2[cuda2,share=0.3190,tput=1.78]
epoch 55: eval=0.7952
epoch 56: loss=0.484543, train_acc=0.8334, time=26.5s
per-rank: rank0[cuda0,share=0.3528,tput=1.24] rank1[cuda1,share=0.3280,tput=1.27] rank2[cuda2,share=0.3193,tput=0.89]
epoch 56: eval=0.7772
epoch 57: loss=0.485417, train_acc=0.8337, time=24.8s
per-rank: rank0[cuda0,share=0.3522,tput=0.92] rank1[cuda1,share=0.3283,tput=0.84] rank2[cuda2,share=0.3195,tput=2.02]
epoch 57: eval=0.8192
epoch 58: loss=0.478860, train_acc=0.8343, time=27.9s
per-rank: rank0[cuda0,share=0.3504,tput=0.78] rank1[cuda1,share=0.3292,tput=1.87] rank2[cuda2,share=0.3204,tput=1.24]
epoch 58: eval=0.7633
epoch 59: loss=0.484415, train_acc=0.8341, time=27.2s
per-rank: rank0[cuda0,share=0.3519,tput=1.25] rank1[cuda1,share=0.3282,tput=0.87] rank2[cuda2,share=0.3198,tput=1.20]
epoch 59: eval=0.8054
epoch 60: loss=0.476677, train_acc=0.8360, time=29.1s
per-rank: rank0[cuda0,share=0.3537,tput=0.74] rank1[cuda1,share=0.3270,tput=1.31] rank2[cuda2,share=0.3194,tput=1.76]
epoch 60: eval=0.8029
epoch 61: loss=0.484999, train_acc=0.8336, time=26.6s
per-rank: rank0[cuda0,share=0.3539,tput=1.22] rank1[cuda1,share=0.3266,tput=0.86] rank2[cuda2,share=0.3195,tput=1.40]
epoch 61: eval=0.8238
epoch 62: loss=0.471885, train_acc=0.8388, time=27.4s
per-rank: rank0[cuda0,share=0.3541,tput=0.80] rank1[cuda1,share=0.3263,tput=1.85] rank2[cuda2,share=0.3196,tput=1.19]
epoch 62: eval=0.7866
epoch 63: loss=0.473845, train_acc=0.8384, time=26.4s
per-rank: rank0[cuda0,share=0.3544,tput=1.16] rank1[cuda1,share=0.3260,tput=1.36] rank2[cuda2,share=0.3197,tput=0.89]
epoch 63: eval=0.8361
epoch 64: loss=0.469457, train_acc=0.8408, time=24.4s
per-rank: rank0[cuda0,share=0.3546,tput=0.95] rank1[cuda1,share=0.3257,tput=0.84] rank2[cuda2,share=0.3197,tput=1.96]
epoch 64: eval=0.8310
epoch 65: loss=0.467186, train_acc=0.8406, time=24.6s
per-rank: rank0[cuda0,share=0.3548,tput=0.95] rank1[cuda1,share=0.3254,tput=1.99] rank2[cuda2,share=0.3198,tput=0.81]
epoch 65: eval=0.8091
epoch 66: loss=0.477336, train_acc=0.8380, time=29.2s
per-rank: rank0[cuda0,share=0.3550,tput=0.75] rank1[cuda1,share=0.3251,tput=1.97] rank2[cuda2,share=0.3199,tput=1.17]
epoch 66: eval=0.7927
epoch 67: loss=0.470700, train_acc=0.8416, time=27.1s
per-rank: rank0[cuda0,share=0.3550,tput=1.04] rank1[cuda1,share=0.3249,tput=1.34] rank2[cuda2,share=0.3201,tput=0.92]
epoch 67: eval=0.8055
epoch 68: loss=0.462675, train_acc=0.8413, time=24.7s
per-rank: rank0[cuda0,share=0.3544,tput=1.08] rank1[cuda1,share=0.3243,tput=0.78] rank2[cuda2,share=0.3213,tput=1.91]
epoch 68: eval=0.7908
epoch 69: loss=0.467790, train_acc=0.8409, time=24.7s
per-rank: rank0[cuda0,share=0.3544,tput=1.02] rank1[cuda1,share=0.3243,tput=0.86] rank2[cuda2,share=0.3213,tput=1.69]
epoch 69: eval=0.7150
epoch 70: loss=0.468556, train_acc=0.8382, time=24.9s
per-rank: rank0[cuda0,share=0.3544,tput=1.01] rank1[cuda1,share=0.3243,tput=0.79] rank2[cuda2,share=0.3213,tput=1.99]
epoch 70: eval=0.8241
epoch 71: loss=0.467210, train_acc=0.8401, time=24.8s
per-rank: rank0[cuda0,share=0.3544,tput=1.34] rank1[cuda1,share=0.3244,tput=0.88] rank2[cuda2,share=0.3212,tput=1.20]
epoch 71: eval=0.8064
epoch 72: loss=0.457199, train_acc=0.8435, time=24.7s
per-rank: rank0[cuda0,share=0.3544,tput=0.93] rank1[cuda1,share=0.3244,tput=0.85] rank2[cuda2,share=0.3212,tput=2.04]
epoch 72: eval=0.8076
epoch 73: loss=0.459660, train_acc=0.8432, time=24.5s
per-rank: rank0[cuda0,share=0.3544,tput=1.36] rank1[cuda1,share=0.3244,tput=1.27] rank2[cuda2,share=0.3212,tput=0.86]
epoch 73: eval=0.7760
epoch 74: loss=0.451179, train_acc=0.8460, time=24.7s
per-rank: rank0[cuda0,share=0.3544,tput=1.53] rank1[cuda1,share=0.3244,tput=0.85] rank2[cuda2,share=0.3212,tput=1.13]
epoch 74: eval=0.7789
epoch 75: loss=0.450567, train_acc=0.8466, time=24.1s
per-rank: rank0[cuda0,share=0.3544,tput=1.67] rank1[cuda1,share=0.3244,tput=0.88] rank2[cuda2,share=0.3212,tput=1.09]
epoch 75: eval=0.8050
epoch 76: loss=0.458214, train_acc=0.8429, time=25.0s
per-rank: rank0[cuda0,share=0.3558,tput=1.51] rank1[cuda1,share=0.3237,tput=1.29] rank2[cuda2,share=0.3205,tput=0.74]
epoch 76: eval=0.8181
epoch 77: loss=0.456292, train_acc=0.8425, time=24.4s
per-rank: rank0[cuda0,share=0.3564,tput=0.83] rank1[cuda1,share=0.3243,tput=2.17] rank2[cuda2,share=0.3193,tput=0.89]
epoch 77: eval=0.7807
epoch 78: loss=0.458459, train_acc=0.8435, time=24.8s
per-rank: rank0[cuda0,share=0.3570,tput=0.99] rank1[cuda1,share=0.3249,tput=0.87] rank2[cuda2,share=0.3181,tput=1.86]
epoch 78: eval=0.8046
epoch 79: loss=0.459765, train_acc=0.8433, time=24.7s
per-rank: rank0[cuda0,share=0.3576,tput=1.43] rank1[cuda1,share=0.3254,tput=0.79] rank2[cuda2,share=0.3169,tput=1.32]
epoch 79: eval=0.7660
epoch 80: loss=0.455516, train_acc=0.8450, time=24.4s
per-rank: rank0[cuda0,share=0.3570,tput=1.19] rank1[cuda1,share=0.3266,tput=0.93] rank2[cuda2,share=0.3164,tput=1.28]
epoch 80: eval=0.8030
epoch 81: loss=0.444129, train_acc=0.8471, time=24.5s
per-rank: rank0[cuda0,share=0.3566,tput=1.46] rank1[cuda1,share=0.3274,tput=0.84] rank2[cuda2,share=0.3159,tput=1.28]
epoch 81: eval=0.8363
epoch 82: loss=0.446892, train_acc=0.8476, time=27.2s
per-rank: rank0[cuda0,share=0.3568,tput=0.80] rank1[cuda1,share=0.3271,tput=1.20] rank2[cuda2,share=0.3161,tput=1.84]
epoch 82: eval=0.8302
epoch 83: loss=0.441984, train_acc=0.8494, time=26.2s
per-rank: rank0[cuda0,share=0.3570,tput=1.24] rank1[cuda1,share=0.3268,tput=0.89] rank2[cuda2,share=0.3162,tput=1.30]
epoch 83: eval=0.7901
epoch 84: loss=0.438973, train_acc=0.8500, time=24.3s
per-rank: rank0[cuda0,share=0.3572,tput=0.95] rank1[cuda1,share=0.3265,tput=2.10] rank2[cuda2,share=0.3163,tput=0.79]
epoch 84: eval=0.7840
epoch 85: loss=0.453867, train_acc=0.8456, time=27.4s
per-rank: rank0[cuda0,share=0.3582,tput=0.79] rank1[cuda1,share=0.3263,tput=1.21] rank2[cuda2,share=0.3155,tput=1.77]
epoch 85: eval=0.8393
epoch 86: loss=0.439371, train_acc=0.8498, time=26.2s
per-rank: rank0[cuda0,share=0.3583,tput=1.30] rank1[cuda1,share=0.3259,tput=0.87] rank2[cuda2,share=0.3158,tput=1.23]
epoch 86: eval=0.8223
epoch 87: loss=0.442320, train_acc=0.8489, time=24.7s
per-rank: rank0[cuda0,share=0.3585,tput=1.42] rank1[cuda1,share=0.3255,tput=0.83] rank2[cuda2,share=0.3160,tput=1.25]
epoch 87: eval=0.7855
epoch 88: loss=0.448212, train_acc=0.8461, time=24.5s
per-rank: rank0[cuda0,share=0.3606,tput=1.32] rank1[cuda1,share=0.3232,tput=1.26] rank2[cuda2,share=0.3162,tput=0.87]
epoch 88: eval=0.8130
epoch 89: loss=0.442233, train_acc=0.8487, time=24.3s
per-rank: rank0[cuda0,share=0.3611,tput=1.18] rank1[cuda1,share=0.3217,tput=0.94] rank2[cuda2,share=0.3172,tput=1.31]
epoch 89: eval=0.8187
epoch 90: loss=0.449401, train_acc=0.8480, time=24.5s
per-rank: rank0[cuda0,share=0.3609,tput=1.48] rank1[cuda1,share=0.3218,tput=1.33] rank2[cuda2,share=0.3174,tput=0.78]
epoch 90: eval=0.7946
epoch 91: loss=0.434655, train_acc=0.8513, time=24.7s
per-rank: rank0[cuda0,share=0.3603,tput=0.89] rank1[cuda1,share=0.3219,tput=2.08] rank2[cuda2,share=0.3178,tput=0.82]
epoch 91: eval=0.8302
epoch 92: loss=0.444906, train_acc=0.8473, time=27.7s
per-rank: rank0[cuda0,share=0.3588,tput=0.78] rank1[cuda1,share=0.3226,tput=1.72] rank2[cuda2,share=0.3187,tput=1.25]
epoch 92: eval=0.8184
epoch 93: loss=0.435808, train_acc=0.8501, time=26.5s
per-rank: rank0[cuda0,share=0.3577,tput=1.27] rank1[cuda1,share=0.3239,tput=1.34] rank2[cuda2,share=0.3184,tput=0.84]
epoch 93: eval=0.7956
epoch 94: loss=0.432048, train_acc=0.8539, time=27.8s
per-rank: rank0[cuda0,share=0.3544,tput=0.76] rank1[cuda1,share=0.3254,tput=1.24] rank2[cuda2,share=0.3202,tput=1.80]
epoch 94: eval=0.7845
epoch 95: loss=0.439986, train_acc=0.8492, time=26.6s
per-rank: rank0[cuda0,share=0.3534,tput=1.20] rank1[cuda1,share=0.3248,tput=0.82] rank2[cuda2,share=0.3217,tput=1.37]
epoch 95: eval=0.8501
epoch 96: loss=0.442937, train_acc=0.8492, time=24.7s
per-rank: rank0[cuda0,share=0.3517,tput=0.98] rank1[cuda1,share=0.3256,tput=0.80] rank2[cuda2,share=0.3227,tput=1.93]
epoch 96: eval=0.7928
epoch 97: loss=0.427984, train_acc=0.8536, time=24.6s
per-rank: rank0[cuda0,share=0.3515,tput=1.46] rank1[cuda1,share=0.3255,tput=1.25] rank2[cuda2,share=0.3229,tput=0.80]
epoch 97: eval=0.7990
epoch 98: loss=0.436972, train_acc=0.8497, time=24.7s
per-rank: rank0[cuda0,share=0.3520,tput=0.96] rank1[cuda1,share=0.3244,tput=1.96] rank2[cuda2,share=0.3236,tput=0.85]
epoch 98: eval=0.8117
epoch 99: loss=0.436511, train_acc=0.8507, time=24.5s
per-rank: rank0[cuda0,share=0.3525,tput=1.45] rank2[cuda2,share=0.3243,tput=0.80] rank1[cuda1,share=0.3233,tput=1.31]
epoch 99: eval=0.8116
epoch 100: loss=0.278798, train_acc=0.9049, time=24.5s
per-rank: rank0[cuda0,share=0.3570,tput=0.95] rank2[cuda2,share=0.3229,tput=0.76] rank1[cuda1,share=0.3201,tput=2.27]
epoch 100: eval=0.9092
epoch 101: loss=0.203960, train_acc=0.9308, time=27.9s
per-rank: rank0[cuda0,share=0.3590,tput=0.79] rank2[cuda2,share=0.3229,tput=1.29] rank1[cuda1,share=0.3182,tput=1.67]
epoch 101: eval=0.9143
epoch 102: loss=0.190279, train_acc=0.9368, time=26.2s
per-rank: rank0[cuda0,share=0.3622,tput=1.20] rank2[cuda2,share=0.3221,tput=1.30] rank1[cuda1,share=0.3157,tput=0.95]
epoch 102: eval=0.9149
epoch 103: loss=0.181557, train_acc=0.9379, time=24.3s
per-rank: rank0[cuda0,share=0.3635,tput=0.98] rank2[cuda2,share=0.3214,tput=0.73] rank1[cuda1,share=0.3152,tput=2.32]
epoch 103: eval=0.9160
epoch 104: loss=0.174488, train_acc=0.9404, time=28.1s
per-rank: rank0[cuda0,share=0.3661,tput=0.78] rank2[cuda2,share=0.3199,tput=1.57] rank1[cuda1,share=0.3141,tput=1.36]
epoch 104: eval=0.9176
epoch 105: loss=0.165177, train_acc=0.9438, time=26.2s
per-rank: rank0[cuda0,share=0.3674,tput=1.10] rank2[cuda2,share=0.3175,tput=1.34] rank1[cuda1,share=0.3152,tput=1.03]
epoch 105: eval=0.9163
epoch 106: loss=0.159900, train_acc=0.9445, time=28.9s
per-rank: rank0[cuda0,share=0.3687,tput=0.79] rank1[cuda1,share=0.3163,tput=1.78] rank2[cuda2,share=0.3150,tput=1.28]
epoch 106: eval=0.9180
epoch 107: loss=0.150602, train_acc=0.9478, time=27.1s
per-rank: rank0[cuda0,share=0.3681,tput=1.10] rank1[cuda1,share=0.3174,tput=1.31] rank2[cuda2,share=0.3145,tput=0.92]
epoch 107: eval=0.9188
epoch 108: loss=0.149964, train_acc=0.9481, time=24.9s
per-rank: rank0[cuda0,share=0.3657,tput=0.84] rank1[cuda1,share=0.3203,tput=2.08] rank2[cuda2,share=0.3140,tput=0.84]
epoch 108: eval=0.9205
epoch 109: loss=0.145332, train_acc=0.9501, time=24.3s
per-rank: rank0[cuda0,share=0.3639,tput=1.06] rank1[cuda1,share=0.3221,tput=2.02] rank2[cuda2,share=0.3140,tput=0.76]
epoch 109: eval=0.9195
epoch 110: loss=0.140317, train_acc=0.9526, time=24.3s
per-rank: rank0[cuda0,share=0.3602,tput=0.99] rank1[cuda1,share=0.3257,tput=0.86] rank2[cuda2,share=0.3141,tput=2.00]
epoch 110: eval=0.9204
epoch 111: loss=0.136933, train_acc=0.9521, time=26.6s
per-rank: rank0[cuda0,share=0.3590,tput=0.79] rank1[cuda1,share=0.3281,tput=1.85] rank2[cuda2,share=0.3129,tput=1.17]
epoch 111: eval=0.9213
epoch 112: loss=0.132449, train_acc=0.9540, time=25.4s
per-rank: rank0[cuda0,share=0.3589,tput=1.30] rank1[cuda1,share=0.3291,tput=0.84] rank2[cuda2,share=0.3119,tput=1.37]
epoch 112: eval=0.9198
epoch 113: loss=0.133278, train_acc=0.9543, time=27.8s
per-rank: rank0[cuda0,share=0.3577,tput=0.78] rank1[cuda1,share=0.3299,tput=1.29] rank2[cuda2,share=0.3124,tput=1.67]
epoch 113: eval=0.9206
epoch 114: loss=0.128866, train_acc=0.9544, time=26.4s
per-rank: rank0[cuda0,share=0.3577,tput=1.05] rank1[cuda1,share=0.3299,tput=1.35] rank2[cuda2,share=0.3124,tput=0.93]
epoch 114: eval=0.9169
epoch 115: loss=0.126730, train_acc=0.9557, time=27.6s
per-rank: rank0[cuda0,share=0.3587,tput=0.80] rank1[cuda1,share=0.3296,tput=1.25] rank2[cuda2,share=0.3117,tput=1.75]
epoch 115: eval=0.9235
epoch 116: loss=0.123857, train_acc=0.9567, time=26.0s
per-rank: rank0[cuda0,share=0.3587,tput=1.17] rank1[cuda1,share=0.3296,tput=1.35] rank2[cuda2,share=0.3117,tput=0.87]
epoch 116: eval=0.9206
epoch 117: loss=0.118738, train_acc=0.9593, time=30.2s
per-rank: rank0[cuda0,share=0.3587,tput=0.74] rank1[cuda1,share=0.3297,tput=1.30] rank2[cuda2,share=0.3116,tput=1.85]
epoch 117: eval=0.9205
epoch 118: loss=0.117304, train_acc=0.9590, time=27.9s
per-rank: rank0[cuda0,share=0.3587,tput=1.12] rank1[cuda1,share=0.3297,tput=1.38] rank2[cuda2,share=0.3115,tput=0.89]
epoch 118: eval=0.9260
epoch 119: loss=0.111574, train_acc=0.9612, time=24.6s
per-rank: rank0[cuda0,share=0.3588,tput=1.41] rank1[cuda1,share=0.3298,tput=1.22] rank2[cuda2,share=0.3115,tput=0.83]
epoch 119: eval=0.9195
epoch 120: loss=0.111559, train_acc=0.9609, time=28.6s
per-rank: rank0[cuda0,share=0.3591,tput=0.74] rank1[cuda1,share=0.3280,tput=1.62] rank2[cuda2,share=0.3129,tput=1.21]
epoch 120: eval=0.9151
epoch 121: loss=0.109876, train_acc=0.9613, time=26.5s
per-rank: rank0[cuda0,share=0.3586,tput=1.17] rank1[cuda1,share=0.3272,tput=1.47] rank2[cuda2,share=0.3143,tput=0.86]
epoch 121: eval=0.9213
epoch 122: loss=0.106418, train_acc=0.9633, time=28.5s
per-rank: rank0[cuda0,share=0.3587,tput=0.77] rank1[cuda1,share=0.3269,tput=2.01] rank2[cuda2,share=0.3144,tput=1.11]
epoch 122: eval=0.9211
epoch 123: loss=0.104828, train_acc=0.9630, time=26.1s
per-rank: rank0[cuda0,share=0.3575,tput=1.11] rank1[cuda1,share=0.3273,tput=1.43] rank2[cuda2,share=0.3152,tput=0.92]
epoch 123: eval=0.9209
epoch 124: loss=0.102998, train_acc=0.9640, time=24.6s
per-rank: rank0[cuda0,share=0.3562,tput=1.10] rank1[cuda1,share=0.3278,tput=1.80] rank2[cuda2,share=0.3160,tput=0.79]
epoch 124: eval=0.9207
epoch 125: loss=0.104625, train_acc=0.9627, time=28.4s
per-rank: rank0[cuda0,share=0.3549,tput=0.75] rank1[cuda1,share=0.3282,tput=1.80] rank2[cuda2,share=0.3169,tput=1.17]
epoch 125: eval=0.9161
epoch 126: loss=0.100111, train_acc=0.9652, time=26.1s
per-rank: rank0[cuda0,share=0.3550,tput=0.89] rank1[cuda1,share=0.3280,tput=0.96] rank2[cuda2,share=0.3170,tput=1.44]
epoch 126: eval=0.9220
epoch 127: loss=0.098619, train_acc=0.9656, time=24.3s
per-rank: rank0[cuda0,share=0.3551,tput=1.36] rank1[cuda1,share=0.3277,tput=1.22] rank2[cuda2,share=0.3172,tput=0.90]
epoch 127: eval=0.9177
epoch 128: loss=0.099484, train_acc=0.9649, time=24.8s
per-rank: rank0[cuda0,share=0.3546,tput=1.25] rank1[cuda1,share=0.3268,tput=1.28] rank2[cuda2,share=0.3186,tput=0.87]
epoch 128: eval=0.9213
epoch 129: loss=0.098345, train_acc=0.9655, time=24.9s
per-rank: rank0[cuda0,share=0.3527,tput=1.53] rank1[cuda1,share=0.3264,tput=0.89] rank2[cuda2,share=0.3208,tput=1.08]
epoch 129: eval=0.9151
epoch 130: loss=0.090930, train_acc=0.9687, time=27.1s
per-rank: rank0[cuda0,share=0.3514,tput=0.78] rank1[cuda1,share=0.3270,tput=1.86] rank2[cuda2,share=0.3216,tput=1.08]
epoch 130: eval=0.9190
epoch 131: loss=0.095034, train_acc=0.9663, time=25.6s
per-rank: rank0[cuda0,share=0.3499,tput=1.28] rank1[cuda1,share=0.3276,tput=0.92] rank2[cuda2,share=0.3225,tput=1.29]
epoch 131: eval=0.9173
epoch 132: loss=0.091589, train_acc=0.9673, time=24.7s
per-rank: rank0[cuda0,share=0.3499,tput=1.22] rank1[cuda1,share=0.3275,tput=1.77] rank2[cuda2,share=0.3226,tput=0.76]
epoch 132: eval=0.9152
epoch 133: loss=0.092213, train_acc=0.9670, time=24.7s
per-rank: rank0[cuda0,share=0.3510,tput=1.13] rank1[cuda1,share=0.3267,tput=0.77] rank2[cuda2,share=0.3222,tput=1.88]
epoch 133: eval=0.9065
epoch 134: loss=0.089716, train_acc=0.9680, time=27.0s
per-rank: rank0[cuda0,share=0.3532,tput=0.80] rank1[cuda1,share=0.3253,tput=1.88] rank2[cuda2,share=0.3215,tput=1.18]
epoch 134: eval=0.9180
epoch 135: loss=0.088255, train_acc=0.9693, time=26.2s
per-rank: rank0[cuda0,share=0.3544,tput=1.33] rank1[cuda1,share=0.3246,tput=1.36] rank2[cuda2,share=0.3211,tput=0.80]
epoch 135: eval=0.9209
epoch 136: loss=0.092896, train_acc=0.9679, time=24.5s
per-rank: rank0[cuda0,share=0.3561,tput=1.30] rank1[cuda1,share=0.3246,tput=1.29] rank2[cuda2,share=0.3193,tput=0.85]
epoch 136: eval=0.9158
epoch 137: loss=0.089534, train_acc=0.9684, time=28.1s
per-rank: rank0[cuda0,share=0.3579,tput=0.78] rank1[cuda1,share=0.3246,tput=1.22] rank2[cuda2,share=0.3175,tput=1.74]
epoch 137: eval=0.9080
epoch 138: loss=0.087718, train_acc=0.9691, time=26.2s
per-rank: rank0[cuda0,share=0.3596,tput=1.22] rank1[cuda1,share=0.3246,tput=0.89] rank2[cuda2,share=0.3158,tput=1.34]
epoch 138: eval=0.9159
epoch 139: loss=0.095782, train_acc=0.9655, time=24.9s
per-rank: rank0[cuda0,share=0.3626,tput=0.91] rank1[cuda1,share=0.3239,tput=0.81] rank2[cuda2,share=0.3135,tput=2.05]
epoch 139: eval=0.9125
epoch 140: loss=0.085200, train_acc=0.9704, time=30.3s
per-rank: rank0[cuda0,share=0.3628,tput=0.75] rank1[cuda1,share=0.3237,tput=1.29] rank2[cuda2,share=0.3135,tput=1.94]
epoch 140: eval=0.9172
epoch 141: loss=0.087971, train_acc=0.9692, time=28.6s
per-rank: rank0[cuda0,share=0.3624,tput=1.05] rank1[cuda1,share=0.3229,tput=0.90] rank2[cuda2,share=0.3147,tput=1.36]
epoch 141: eval=0.9180
epoch 142: loss=0.087646, train_acc=0.9697, time=29.4s
per-rank: rank0[cuda0,share=0.3620,tput=0.73] rank1[cuda1,share=0.3222,tput=1.93] rank2[cuda2,share=0.3158,tput=1.12]
epoch 142: eval=0.9180
epoch 143: loss=0.085034, train_acc=0.9698, time=26.4s
per-rank: rank0[cuda0,share=0.3603,tput=0.92] rank1[cuda1,share=0.3220,tput=1.03] rank2[cuda2,share=0.3177,tput=1.35]
epoch 143: eval=0.9107
epoch 144: loss=0.084124, train_acc=0.9705, time=24.6s
per-rank: rank0[cuda0,share=0.3568,tput=1.04] rank1[cuda1,share=0.3218,tput=2.10] rank2[cuda2,share=0.3214,tput=0.76]
epoch 144: eval=0.9218
epoch 145: loss=0.081225, train_acc=0.9708, time=25.8s
per-rank: rank0[cuda0,share=0.3550,tput=0.80] rank2[cuda2,share=0.3234,tput=1.58] rank1[cuda1,share=0.3217,tput=1.33]
epoch 145: eval=0.9046
epoch 146: loss=0.081276, train_acc=0.9718, time=25.2s
per-rank: rank0[cuda0,share=0.3537,tput=1.49] rank2[cuda2,share=0.3242,tput=1.13] rank1[cuda1,share=0.3221,tput=0.91]
epoch 146: eval=0.9190
epoch 147: loss=0.083882, train_acc=0.9711, time=24.7s
per-rank: rank0[cuda0,share=0.3536,tput=1.50] rank2[cuda2,share=0.3245,tput=0.78] rank1[cuda1,share=0.3220,tput=1.24]
epoch 147: eval=0.9212
epoch 148: loss=0.087384, train_acc=0.9689, time=28.5s
per-rank: rank0[cuda0,share=0.3548,tput=0.76] rank2[cuda2,share=0.3240,tput=1.21] rank1[cuda1,share=0.3213,tput=1.81]
epoch 148: eval=0.9165
epoch 149: loss=0.083569, train_acc=0.9707, time=26.7s
per-rank: rank0[cuda0,share=0.3552,tput=1.24] rank2[cuda2,share=0.3229,tput=0.84] rank1[cuda1,share=0.3219,tput=1.40]
epoch 149: eval=0.9113
epoch 150: loss=0.061117, train_acc=0.9791, time=29.5s
per-rank: rank0[cuda0,share=0.3562,tput=0.74] rank1[cuda1,share=0.3231,tput=1.76] rank2[cuda2,share=0.3206,tput=1.22]
epoch 150: eval=0.9316
epoch 151: loss=0.039151, train_acc=0.9879, time=26.5s
per-rank: rank0[cuda0,share=0.3568,tput=1.36] rank1[cuda1,share=0.3238,tput=0.87] rank2[cuda2,share=0.3195,tput=1.29]
epoch 151: eval=0.9313
epoch 152: loss=0.035443, train_acc=0.9896, time=24.4s
per-rank: rank0[cuda0,share=0.3580,tput=1.42] rank1[cuda1,share=0.3231,tput=0.82] rank2[cuda2,share=0.3190,tput=1.22]
epoch 152: eval=0.9328
epoch 153: loss=0.032894, train_acc=0.9901, time=28.9s
per-rank: rank0[cuda0,share=0.3611,tput=0.74] rank1[cuda1,share=0.3223,tput=1.34] rank2[cuda2,share=0.3167,tput=1.63]
epoch 153: eval=0.9312
epoch 154: loss=0.031840, train_acc=0.9906, time=26.9s
per-rank: rank0[cuda0,share=0.3610,tput=0.98] rank1[cuda1,share=0.3222,tput=1.42] rank2[cuda2,share=0.3168,tput=0.88]
epoch 154: eval=0.9307
epoch 155: loss=0.029633, train_acc=0.9917, time=25.0s
per-rank: rank0[cuda0,share=0.3594,tput=0.75] rank1[cuda1,share=0.3229,tput=0.93] rank2[cuda2,share=0.3177,tput=2.05]
epoch 155: eval=0.9297
epoch 156: loss=0.029586, train_acc=0.9914, time=26.7s
per-rank: rank0[cuda0,share=0.3562,tput=1.32] rank1[cuda1,share=0.3244,tput=0.81] rank2[cuda2,share=0.3194,tput=1.15]
epoch 156: eval=0.9326
epoch 157: loss=0.027718, train_acc=0.9921, time=25.6s
per-rank: rank0[cuda0,share=0.3532,tput=1.25] rank1[cuda1,share=0.3258,tput=0.86] rank2[cuda2,share=0.3210,tput=1.15]
epoch 157: eval=0.9323
epoch 158: loss=0.027832, train_acc=0.9921, time=25.9s
per-rank: rank0[cuda0,share=0.3506,tput=1.65] rank1[cuda1,share=0.3278,tput=0.81] rank2[cuda2,share=0.3216,tput=1.18]
epoch 158: eval=0.9321
epoch 159: loss=0.026653, train_acc=0.9921, time=24.6s
per-rank: rank0[cuda0,share=0.3499,tput=1.48] rank1[cuda1,share=0.3299,tput=1.28] rank2[cuda2,share=0.3201,tput=0.83]
epoch 159: eval=0.9320
epoch 160: loss=0.024685, train_acc=0.9925, time=24.9s
per-rank: rank0[cuda0,share=0.3486,tput=1.37] rank1[cuda1,share=0.3315,tput=0.82] rank2[cuda2,share=0.3199,tput=1.35]
epoch 160: eval=0.9318
epoch 161: loss=0.024983, train_acc=0.9937, time=25.3s
per-rank: rank0[cuda0,share=0.3474,tput=1.04] rank1[cuda1,share=0.3317,tput=0.77] rank2[cuda2,share=0.3209,tput=1.89]
epoch 161: eval=0.9335
epoch 162: loss=0.023906, train_acc=0.9934, time=25.0s
per-rank: rank0[cuda0,share=0.3469,tput=0.88] rank1[cuda1,share=0.3318,tput=1.89] rank2[cuda2,share=0.3213,tput=0.86]
epoch 162: eval=0.9314
epoch 163: loss=0.025212, train_acc=0.9925, time=27.7s
per-rank: rank0[cuda0,share=0.3459,tput=0.75] rank1[cuda1,share=0.3319,tput=1.89] rank2[cuda2,share=0.3222,tput=1.11]
epoch 163: eval=0.9317
epoch 164: loss=0.025035, train_acc=0.9926, time=26.3s
per-rank: rank0[cuda0,share=0.3490,tput=1.31] rank1[cuda1,share=0.3318,tput=1.37] rank2[cuda2,share=0.3192,tput=0.81]
epoch 164: eval=0.9327
epoch 165: loss=0.022532, train_acc=0.9934, time=25.0s
per-rank: rank0[cuda0,share=0.3500,tput=0.94] rank1[cuda1,share=0.3311,tput=0.81] rank2[cuda2,share=0.3189,tput=2.01]
epoch 165: eval=0.9327
epoch 166: loss=0.022569, train_acc=0.9938, time=28.0s
per-rank: rank0[cuda0,share=0.3503,tput=0.76] rank1[cuda1,share=0.3297,tput=1.15] rank2[cuda2,share=0.3201,tput=1.79]
epoch 166: eval=0.9325
epoch 167: loss=0.022870, train_acc=0.9935, time=28.1s
per-rank: rank0[cuda0,share=0.3499,tput=1.10] rank1[cuda1,share=0.3299,tput=1.26] rank2[cuda2,share=0.3202,tput=0.91]
epoch 167: eval=0.9310
epoch 168: loss=0.022200, train_acc=0.9935, time=27.3s
per-rank: rank0[cuda0,share=0.3494,tput=1.28] rank1[cuda1,share=0.3292,tput=0.75] rank2[cuda2,share=0.3214,tput=1.52]
epoch 168: eval=0.9311
epoch 169: loss=0.021075, train_acc=0.9941, time=25.9s
per-rank: rank0[cuda0,share=0.3502,tput=0.87] rank1[cuda1,share=0.3287,tput=0.83] rank2[cuda2,share=0.3211,tput=1.81]
epoch 169: eval=0.9318
epoch 170: loss=0.021357, train_acc=0.9940, time=28.2s
per-rank: rank0[cuda0,share=0.3514,tput=0.76] rank1[cuda1,share=0.3270,tput=1.26] rank2[cuda2,share=0.3217,tput=1.49]
epoch 170: eval=0.9324
epoch 171: loss=0.021624, train_acc=0.9939, time=26.8s
per-rank: rank0[cuda0,share=0.3518,tput=1.44] rank1[cuda1,share=0.3246,tput=1.21] rank2[cuda2,share=0.3236,tput=0.82]
epoch 171: eval=0.9320
epoch 172: loss=0.019885, train_acc=0.9941, time=27.4s
per-rank: rank0[cuda0,share=0.3522,tput=0.77] rank1[cuda1,share=0.3240,tput=1.15] rank2[cuda2,share=0.3238,tput=1.74]
epoch 172: eval=0.9314
epoch 173: loss=0.019756, train_acc=0.9946, time=26.0s
per-rank: rank0[cuda0,share=0.3531,tput=1.35] rank2[cuda2,share=0.3236,tput=1.24] rank1[cuda1,share=0.3233,tput=0.85]
epoch 173: eval=0.9305
epoch 174: loss=0.020480, train_acc=0.9939, time=30.2s
per-rank: rank0[cuda0,share=0.3564,tput=0.72] rank1[cuda1,share=0.3223,tput=1.22] rank2[cuda2,share=0.3213,tput=1.81]
epoch 174: eval=0.9310
epoch 175: loss=0.020251, train_acc=0.9942, time=27.9s
per-rank: rank0[cuda0,share=0.3565,tput=1.13] rank1[cuda1,share=0.3220,tput=1.36] rank2[cuda2,share=0.3215,tput=0.86]
epoch 175: eval=0.9322
epoch 176: loss=0.019361, train_acc=0.9945, time=25.3s
per-rank: rank0[cuda0,share=0.3566,tput=0.92] rank1[cuda1,share=0.3218,tput=0.82] rank2[cuda2,share=0.3216,tput=1.90]
epoch 176: eval=0.9319
epoch 177: loss=0.018177, train_acc=0.9948, time=25.6s
per-rank: rank0[cuda0,share=0.3580,tput=0.95] rank1[cuda1,share=0.3227,tput=0.80] rank2[cuda2,share=0.3193,tput=1.68]
epoch 177: eval=0.9322
epoch 178: loss=0.018193, train_acc=0.9951, time=29.1s
per-rank: rank0[cuda0,share=0.3583,tput=0.75] rank1[cuda1,share=0.3222,tput=1.56] rank2[cuda2,share=0.3195,tput=1.20]
epoch 178: eval=0.9338
epoch 179: loss=0.018573, train_acc=0.9948, time=27.0s
per-rank: rank0[cuda0,share=0.3560,tput=1.23] rank1[cuda1,share=0.3231,tput=0.85] rank2[cuda2,share=0.3209,tput=1.27]
epoch 179: eval=0.9307
epoch 180: loss=0.018310, train_acc=0.9950, time=25.3s
per-rank: rank0[cuda0,share=0.3563,tput=1.33] rank1[cuda1,share=0.3244,tput=0.90] rank2[cuda2,share=0.3194,tput=1.17]
epoch 180: eval=0.9331
epoch 181: loss=0.017810, train_acc=0.9949, time=26.1s
per-rank: rank0[cuda0,share=0.3547,tput=1.09] rank1[cuda1,share=0.3266,tput=1.30] rank2[cuda2,share=0.3187,tput=0.83]
epoch 181: eval=0.9313
epoch 182: loss=0.017570, train_acc=0.9946, time=25.1s
per-rank: rank0[cuda0,share=0.3523,tput=1.60] rank1[cuda1,share=0.3263,tput=1.09] rank2[cuda2,share=0.3214,tput=0.82]
epoch 182: eval=0.9323
epoch 183: loss=0.016642, train_acc=0.9954, time=25.2s
per-rank: rank0[cuda0,share=0.3523,tput=0.97] rank1[cuda1,share=0.3267,tput=0.79] rank2[cuda2,share=0.3211,tput=1.78]
epoch 183: eval=0.9317
epoch 184: loss=0.016037, train_acc=0.9959, time=25.5s
per-rank: rank0[cuda0,share=0.3541,tput=0.92] rank1[cuda1,share=0.3255,tput=1.94] rank2[cuda2,share=0.3204,tput=0.82]
epoch 184: eval=0.9324
epoch 185: loss=0.016602, train_acc=0.9955, time=29.8s
per-rank: rank0[cuda0,share=0.3530,tput=0.73] rank1[cuda1,share=0.3239,tput=1.90] rank2[cuda2,share=0.3230,tput=1.13]
epoch 185: eval=0.9317
epoch 186: loss=0.016111, train_acc=0.9953, time=27.6s
per-rank: rank0[cuda0,share=0.3553,tput=1.24] rank1[cuda1,share=0.3225,tput=1.34] rank2[cuda2,share=0.3222,tput=0.82]
epoch 186: eval=0.9333
epoch 187: loss=0.016160, train_acc=0.9958, time=25.6s
per-rank: rank0[cuda0,share=0.3569,tput=1.27] rank1[cuda1,share=0.3225,tput=1.23] rank2[cuda2,share=0.3206,tput=0.84]
epoch 187: eval=0.9330
epoch 188: loss=0.016262, train_acc=0.9953, time=25.3s
per-rank: rank0[cuda0,share=0.3552,tput=0.88] rank1[cuda1,share=0.3230,tput=0.82] rank2[cuda2,share=0.3217,tput=1.99]
epoch 188: eval=0.9287
epoch 189: loss=0.015907, train_acc=0.9953, time=25.7s
per-rank: rank0[cuda0,share=0.3480,tput=1.26] rank1[cuda1,share=0.3287,tput=1.28] rank2[cuda2,share=0.3233,tput=0.85]
epoch 189: eval=0.9319
epoch 190: loss=0.015944, train_acc=0.9955, time=25.8s
per-rank: rank0[cuda0,share=0.3475,tput=1.61] rank1[cuda1,share=0.3285,tput=0.78] rank2[cuda2,share=0.3240,tput=1.18]
epoch 190: eval=0.9328
epoch 191: loss=0.015774, train_acc=0.9955, time=25.2s
per-rank: rank0[cuda0,share=0.3466,tput=1.66] rank1[cuda1,share=0.3279,tput=0.84] rank2[cuda2,share=0.3254,tput=1.06]
epoch 191: eval=0.9323
epoch 192: loss=0.015627, train_acc=0.9953, time=25.3s
per-rank: rank0[cuda0,share=0.3480,tput=1.53] rank1[cuda1,share=0.3278,tput=1.23] rank2[cuda2,share=0.3242,tput=0.78]
epoch 192: eval=0.9325
epoch 193: loss=0.014769, train_acc=0.9957, time=29.8s
per-rank: rank0[cuda0,share=0.3558,tput=0.73] rank1[cuda1,share=0.3240,tput=1.69] rank2[cuda2,share=0.3202,tput=1.13]
epoch 193: eval=0.9313
epoch 194: loss=0.014935, train_acc=0.9958, time=26.9s
per-rank: rank0[cuda0,share=0.3574,tput=1.06] rank1[cuda1,share=0.3251,tput=0.98] rank2[cuda2,share=0.3175,tput=1.27]
epoch 194: eval=0.9337
epoch 195: loss=0.015013, train_acc=0.9959, time=29.6s
per-rank: rank0[cuda0,share=0.3584,tput=0.74] rank1[cuda1,share=0.3276,tput=1.24] rank2[cuda2,share=0.3140,tput=1.71]
epoch 195: eval=0.9322
epoch 196: loss=0.014258, train_acc=0.9960, time=27.8s
per-rank: rank0[cuda0,share=0.3577,tput=1.14] rank1[cuda1,share=0.3302,tput=1.28] rank2[cuda2,share=0.3121,tput=0.87]
epoch 196: eval=0.9316
epoch 197: loss=0.014313, train_acc=0.9961, time=25.7s
per-rank: rank0[cuda0,share=0.3538,tput=0.98] rank1[cuda1,share=0.3329,tput=0.89] rank2[cuda2,share=0.3133,tput=1.75]
epoch 197: eval=0.9333
epoch 198: loss=0.014833, train_acc=0.9959, time=25.2s
per-rank: rank0[cuda0,share=0.3471,tput=0.83] rank1[cuda1,share=0.3348,tput=1.85] rank2[cuda2,share=0.3181,tput=0.84]
epoch 198: eval=0.9333
epoch 199: loss=0.015120, train_acc=0.9957, time=25.3s
per-rank: rank0[cuda0,share=0.3365,tput=1.31] rank1[cuda1,share=0.3365,tput=1.34] rank2[cuda2,share=0.3269,tput=0.80]
final eval=0.9321
# total: 4925.7s (82m 6s)
