# gpu0: NVIDIA GeForce RTX 5060 Ti (15GB, sm_120)
# gpu1: NVIDIA GeForce GTX 1060 6GB (5GB, sm_61)
# gpu2: NVIDIA GeForce GTX 1060 6GB (5GB, sm_61)
epoch 0: loss=2.056001, train_acc=0.2186, time=9.0s
per-rank: rank0[cuda0,share=0.3427,tput=6.13] rank2[cuda2,share=0.3308,tput=2.19] rank1[cuda1,share=0.3265,tput=4.08]
epoch 0: eval=0.2659
epoch 1: loss=1.773632, train_acc=0.3281, time=8.7s
per-rank: rank0[cuda0,share=0.3427,tput=3.03] rank2[cuda2,share=0.3308,tput=5.24] rank1[cuda1,share=0.3265,tput=2.28]
epoch 1: eval=0.3746
epoch 2: loss=1.614232, train_acc=0.4018, time=8.6s
per-rank: rank0[cuda0,share=0.3427,tput=3.06] rank2[cuda2,share=0.3308,tput=5.28] rank1[cuda1,share=0.3265,tput=2.44]
epoch 2: eval=0.4235
epoch 3: loss=1.477033, train_acc=0.4551, time=9.0s
per-rank: rank0[cuda0,share=0.3427,tput=2.36] rank2[cuda2,share=0.3308,tput=5.11] rank1[cuda1,share=0.3265,tput=3.10]
epoch 3: eval=0.4868
epoch 4: loss=1.344713, train_acc=0.5105, time=8.7s
per-rank: rank0[cuda0,share=0.3427,tput=4.21] rank2[cuda2,share=0.3308,tput=3.72] rank1[cuda1,share=0.3265,tput=2.27]
epoch 4: eval=0.5192
epoch 5: loss=1.225605, train_acc=0.5599, time=9.5s
per-rank: rank0[cuda0,share=0.3427,tput=2.23] rank2[cuda2,share=0.3308,tput=5.24] rank1[cuda1,share=0.3265,tput=3.12]
epoch 5: eval=0.5495
epoch 6: loss=1.118001, train_acc=0.6029, time=9.2s
per-rank: rank0[cuda0,share=0.3427,tput=4.19] rank2[cuda2,share=0.3308,tput=1.96] rank1[cuda1,share=0.3265,tput=4.28]
epoch 6: eval=0.5284
epoch 7: loss=1.033306, train_acc=0.6351, time=8.6s
per-rank: rank0[cuda0,share=0.3427,tput=3.58] rank2[cuda2,share=0.3308,tput=3.80] rank1[cuda1,share=0.3265,tput=2.73]
epoch 7: eval=0.6255
epoch 8: loss=0.972804, train_acc=0.6568, time=8.5s
per-rank: rank0[cuda0,share=0.3427,tput=4.28] rank2[cuda2,share=0.3308,tput=4.09] rank1[cuda1,share=0.3265,tput=2.44]
epoch 8: eval=0.6451
epoch 9: loss=0.914810, train_acc=0.6806, time=8.5s
per-rank: rank0[cuda0,share=0.3427,tput=3.37] rank2[cuda2,share=0.3308,tput=4.89] rank1[cuda1,share=0.3265,tput=2.37]
epoch 9: eval=0.6429
epoch 10: loss=0.873707, train_acc=0.6939, time=9.2s
per-rank: rank0[cuda0,share=0.3427,tput=2.30] rank2[cuda2,share=0.3308,tput=4.92] rank1[cuda1,share=0.3265,tput=3.39]
epoch 10: eval=0.6976
epoch 11: loss=0.838786, train_acc=0.7060, time=8.9s
per-rank: rank0[cuda0,share=0.3427,tput=4.16] rank2[cuda2,share=0.3308,tput=2.08] rank1[cuda1,share=0.3265,tput=4.05]
epoch 11: eval=0.6701
epoch 12: loss=0.810163, train_acc=0.7175, time=8.6s
per-rank: rank0[cuda0,share=0.3427,tput=2.93] rank2[cuda2,share=0.3308,tput=4.68] rank1[cuda1,share=0.3265,tput=2.66]
epoch 12: eval=0.7334
epoch 13: loss=0.791921, train_acc=0.7232, time=10.1s
per-rank: rank0[cuda0,share=0.3427,tput=2.06] rank2[cuda2,share=0.3308,tput=4.93] rank1[cuda1,share=0.3265,tput=3.65]
epoch 13: eval=0.6707
epoch 14: loss=0.775047, train_acc=0.7318, time=9.4s
per-rank: rank0[cuda0,share=0.3427,tput=4.58] rank2[cuda2,share=0.3308,tput=3.44] rank1[cuda1,share=0.3265,tput=2.25]
epoch 14: eval=0.7320
epoch 15: loss=0.750845, train_acc=0.7405, time=9.0s
per-rank: rank0[cuda0,share=0.3427,tput=2.30] rank2[cuda2,share=0.3308,tput=4.25] rank1[cuda1,share=0.3265,tput=3.67]
epoch 15: eval=0.6886
epoch 16: loss=0.733330, train_acc=0.7460, time=8.7s
per-rank: rank0[cuda0,share=0.3427,tput=4.90] rank2[cuda2,share=0.3308,tput=2.51] rank1[cuda1,share=0.3265,tput=3.03]
epoch 16: eval=0.7420
epoch 17: loss=0.716129, train_acc=0.7508, time=9.0s
per-rank: rank0[cuda0,share=0.3427,tput=2.31] rank2[cuda2,share=0.3308,tput=3.54] rank1[cuda1,share=0.3265,tput=4.33]
epoch 17: eval=0.7347
epoch 18: loss=0.706898, train_acc=0.7544, time=8.8s
per-rank: rank0[cuda0,share=0.3427,tput=4.99] rank2[cuda2,share=0.3308,tput=2.23] rank1[cuda1,share=0.3265,tput=3.25]
epoch 18: eval=0.7161
epoch 19: loss=0.694778, train_acc=0.7605, time=8.7s
per-rank: rank0[cuda0,share=0.3427,tput=3.47] rank2[cuda2,share=0.3308,tput=2.06] rank1[cuda1,share=0.3265,tput=5.34]
epoch 19: eval=0.7642
epoch 20: loss=0.683014, train_acc=0.7650, time=8.8s
per-rank: rank0[cuda0,share=0.3427,tput=3.26] rank2[cuda2,share=0.3308,tput=5.30] rank1[cuda1,share=0.3265,tput=2.13]
epoch 20: eval=0.7328
epoch 21: loss=0.673728, train_acc=0.7647, time=9.2s
per-rank: rank0[cuda0,share=0.3427,tput=2.27] rank2[cuda2,share=0.3308,tput=4.51] rank1[cuda1,share=0.3265,tput=3.43]
epoch 21: eval=0.7490
epoch 22: loss=0.659535, train_acc=0.7730, time=8.9s
per-rank: rank0[cuda0,share=0.3427,tput=4.33] rank2[cuda2,share=0.3308,tput=2.91] rank1[cuda1,share=0.3265,tput=2.75]
epoch 22: eval=0.7664
epoch 23: loss=0.653583, train_acc=0.7761, time=8.6s
per-rank: rank0[cuda0,share=0.3427,tput=2.50] rank2[cuda2,share=0.3308,tput=5.43] rank1[cuda1,share=0.3265,tput=2.63]
epoch 23: eval=0.7604
epoch 24: loss=0.648804, train_acc=0.7753, time=8.7s
per-rank: rank0[cuda0,share=0.3427,tput=5.13] rank2[cuda2,share=0.3308,tput=2.33] rank1[cuda1,share=0.3265,tput=2.94]
epoch 24: eval=0.7308
epoch 25: loss=0.645688, train_acc=0.7764, time=8.6s
per-rank: rank0[cuda0,share=0.3427,tput=3.13] rank2[cuda2,share=0.3308,tput=2.16] rank1[cuda1,share=0.3265,tput=5.58]
epoch 25: eval=0.7335
epoch 26: loss=0.643375, train_acc=0.7787, time=8.5s
per-rank: rank0[cuda0,share=0.3427,tput=3.05] rank2[cuda2,share=0.3308,tput=5.01] rank1[cuda1,share=0.3265,tput=2.60]
epoch 26: eval=0.7636
epoch 27: loss=0.621012, train_acc=0.7854, time=8.5s
per-rank: rank0[cuda0,share=0.3427,tput=3.90] rank2[cuda2,share=0.3308,tput=4.65] rank1[cuda1,share=0.3265,tput=2.16]
epoch 27: eval=0.7506
epoch 28: loss=0.620855, train_acc=0.7854, time=8.7s
per-rank: rank0[cuda0,share=0.3427,tput=4.67] rank2[cuda2,share=0.3308,tput=3.30] rank1[cuda1,share=0.3265,tput=2.31]
epoch 28: eval=0.7379
epoch 29: loss=0.619068, train_acc=0.7862, time=8.7s
per-rank: rank0[cuda0,share=0.3427,tput=4.53] rank2[cuda2,share=0.3308,tput=3.42] rank1[cuda1,share=0.3265,tput=2.38]
epoch 29: eval=0.7552
epoch 30: loss=0.608229, train_acc=0.7900, time=8.6s
per-rank: rank0[cuda0,share=0.3427,tput=4.76] rank2[cuda2,share=0.3308,tput=2.98] rank1[cuda1,share=0.3265,tput=2.59]
epoch 30: eval=0.7836
epoch 31: loss=0.609133, train_acc=0.7917, time=8.5s
per-rank: rank0[cuda0,share=0.3427,tput=3.53] rank2[cuda2,share=0.3308,tput=4.21] rank1[cuda1,share=0.3265,tput=2.61]
epoch 31: eval=0.7296
epoch 32: loss=0.597570, train_acc=0.7936, time=8.5s
per-rank: rank0[cuda0,share=0.3427,tput=3.08] rank2[cuda2,share=0.3308,tput=2.27] rank1[cuda1,share=0.3265,tput=5.28]
epoch 32: eval=0.7688
epoch 33: loss=0.603697, train_acc=0.7920, time=8.4s
per-rank: rank0[cuda0,share=0.3427,tput=5.29] rank2[cuda2,share=0.3308,tput=2.21] rank1[cuda1,share=0.3265,tput=3.20]
epoch 33: eval=0.7369
epoch 34: loss=0.595028, train_acc=0.7955, time=8.6s
per-rank: rank0[cuda0,share=0.3427,tput=3.02] rank2[cuda2,share=0.3308,tput=2.09] rank1[cuda1,share=0.3265,tput=5.92]
epoch 34: eval=0.7627
epoch 35: loss=0.595965, train_acc=0.7953, time=9.8s
per-rank: rank0[cuda0,share=0.3427,tput=2.08] rank2[cuda2,share=0.3308,tput=4.83] rank1[cuda1,share=0.3265,tput=3.52]
epoch 35: eval=0.7547
epoch 36: loss=0.586153, train_acc=0.7990, time=9.1s
per-rank: rank0[cuda0,share=0.3427,tput=3.62] rank2[cuda2,share=0.3308,tput=2.62] rank1[cuda1,share=0.3265,tput=3.80]
epoch 36: eval=0.7574
epoch 37: loss=0.590438, train_acc=0.7964, time=8.4s
per-rank: rank0[cuda0,share=0.3427,tput=5.80] rank2[cuda2,share=0.3308,tput=2.90] rank1[cuda1,share=0.3265,tput=2.33]
epoch 37: eval=0.7385
epoch 38: loss=0.580735, train_acc=0.7990, time=8.6s
per-rank: rank0[cuda0,share=0.3427,tput=3.78] rank2[cuda2,share=0.3308,tput=4.28] rank1[cuda1,share=0.3265,tput=2.55]
epoch 38: eval=0.6995
epoch 39: loss=0.583364, train_acc=0.7989, time=8.6s
per-rank: rank0[cuda0,share=0.3427,tput=4.89] rank2[cuda2,share=0.3308,tput=3.03] rank1[cuda1,share=0.3265,tput=2.36]
epoch 39: eval=0.7285
epoch 40: loss=0.574995, train_acc=0.8033, time=8.7s
per-rank: rank0[cuda0,share=0.3427,tput=3.41] rank2[cuda2,share=0.3308,tput=4.41] rank1[cuda1,share=0.3265,tput=2.38]
epoch 40: eval=0.7810
epoch 41: loss=0.570788, train_acc=0.8021, time=8.7s
per-rank: rank0[cuda0,share=0.3427,tput=4.14] rank2[cuda2,share=0.3308,tput=2.40] rank1[cuda1,share=0.3265,tput=3.60]
epoch 41: eval=0.7949
epoch 42: loss=0.575441, train_acc=0.8035, time=9.7s
per-rank: rank0[cuda0,share=0.3427,tput=2.18] rank2[cuda2,share=0.3308,tput=4.57] rank1[cuda1,share=0.3265,tput=4.08]
epoch 42: eval=0.7669
epoch 43: loss=0.565953, train_acc=0.8051, time=9.2s
per-rank: rank0[cuda0,share=0.3427,tput=4.60] rank2[cuda2,share=0.3308,tput=2.10] rank1[cuda1,share=0.3265,tput=3.76]
epoch 43: eval=0.7520
epoch 44: loss=0.563453, train_acc=0.8045, time=9.2s
per-rank: rank0[cuda0,share=0.3427,tput=2.28] rank2[cuda2,share=0.3308,tput=4.99] rank1[cuda1,share=0.3265,tput=3.50]
epoch 44: eval=0.7156
epoch 45: loss=0.565467, train_acc=0.8055, time=8.8s
per-rank: rank0[cuda0,share=0.3427,tput=4.06] rank2[cuda2,share=0.3308,tput=2.07] rank1[cuda1,share=0.3265,tput=4.03]
epoch 45: eval=0.7648
epoch 46: loss=0.556888, train_acc=0.8074, time=9.2s
per-rank: rank0[cuda0,share=0.3427,tput=3.30] rank2[cuda2,share=0.3308,tput=1.96] rank1[cuda1,share=0.3265,tput=5.97]
epoch 46: eval=0.6875
epoch 47: loss=0.560849, train_acc=0.8093, time=8.7s
per-rank: rank0[cuda0,share=0.3427,tput=3.46] rank2[cuda2,share=0.3308,tput=4.85] rank1[cuda1,share=0.3265,tput=2.34]
epoch 47: eval=0.8034
epoch 48: loss=0.561124, train_acc=0.8060, time=9.2s
per-rank: rank0[cuda0,share=0.3427,tput=2.29] rank2[cuda2,share=0.3308,tput=3.29] rank1[cuda1,share=0.3265,tput=5.37]
epoch 48: eval=0.7339
epoch 49: loss=0.563980, train_acc=0.8080, time=9.0s
per-rank: rank0[cuda0,share=0.3427,tput=4.24] rank2[cuda2,share=0.3308,tput=2.26] rank1[cuda1,share=0.3265,tput=3.71]
epoch 49: eval=0.8025
epoch 50: loss=0.545924, train_acc=0.8143, time=8.8s
per-rank: rank0[cuda0,share=0.3427,tput=2.38] rank2[cuda2,share=0.3308,tput=5.30] rank1[cuda1,share=0.3265,tput=2.92]
epoch 50: eval=0.7562
epoch 51: loss=0.557319, train_acc=0.8075, time=8.7s
per-rank: rank0[cuda0,share=0.3427,tput=4.78] rank2[cuda2,share=0.3308,tput=3.50] rank1[cuda1,share=0.3265,tput=2.16]
epoch 51: eval=0.8017
epoch 52: loss=0.553778, train_acc=0.8110, time=8.5s
per-rank: rank0[cuda0,share=0.3427,tput=3.00] rank2[cuda2,share=0.3308,tput=3.98] rank1[cuda1,share=0.3265,tput=2.94]
epoch 52: eval=0.7490
epoch 53: loss=0.548425, train_acc=0.8118, time=8.6s
per-rank: rank0[cuda0,share=0.3427,tput=3.97] rank2[cuda2,share=0.3308,tput=2.40] rank1[cuda1,share=0.3265,tput=3.70]
epoch 53: eval=0.6660
epoch 54: loss=0.549180, train_acc=0.8096, time=8.6s
per-rank: rank0[cuda0,share=0.3427,tput=2.46] rank2[cuda2,share=0.3308,tput=3.44] rank1[cuda1,share=0.3265,tput=4.47]
epoch 54: eval=0.8015
epoch 55: loss=0.545895, train_acc=0.8120, time=8.6s
per-rank: rank0[cuda0,share=0.3427,tput=4.08] rank2[cuda2,share=0.3308,tput=2.33] rank1[cuda1,share=0.3265,tput=3.77]
epoch 55: eval=0.7100
epoch 56: loss=0.542662, train_acc=0.8133, time=9.5s
per-rank: rank0[cuda0,share=0.3427,tput=2.16] rank2[cuda2,share=0.3308,tput=3.56] rank1[cuda1,share=0.3265,tput=4.37]
epoch 56: eval=0.7807
epoch 57: loss=0.544471, train_acc=0.8126, time=8.9s
per-rank: rank0[cuda0,share=0.3427,tput=3.95] rank2[cuda2,share=0.3308,tput=2.33] rank1[cuda1,share=0.3265,tput=4.06]
epoch 57: eval=0.8036
epoch 58: loss=0.536144, train_acc=0.8166, time=8.6s
per-rank: rank0[cuda0,share=0.3427,tput=4.22] rank2[cuda2,share=0.3308,tput=3.28] rank1[cuda1,share=0.3265,tput=2.52]
epoch 58: eval=0.7806
epoch 59: loss=0.549366, train_acc=0.8120, time=8.7s
per-rank: rank0[cuda0,share=0.3427,tput=3.08] rank2[cuda2,share=0.3308,tput=2.18] rank1[cuda1,share=0.3265,tput=5.69]
epoch 59: eval=0.7094
epoch 60: loss=0.532627, train_acc=0.8187, time=8.7s
per-rank: rank0[cuda0,share=0.3427,tput=4.25] rank2[cuda2,share=0.3308,tput=2.08] rank1[cuda1,share=0.3265,tput=3.86]
epoch 60: eval=0.7987
epoch 61: loss=0.535820, train_acc=0.8155, time=8.7s
per-rank: rank0[cuda0,share=0.3427,tput=2.80] rank2[cuda2,share=0.3308,tput=2.19] rank1[cuda1,share=0.3265,tput=6.06]
epoch 61: eval=0.7918
epoch 62: loss=0.537826, train_acc=0.8145, time=8.6s
per-rank: rank0[cuda0,share=0.3427,tput=2.99] rank2[cuda2,share=0.3308,tput=2.28] rank1[cuda1,share=0.3265,tput=5.36]
epoch 62: eval=0.8058
epoch 63: loss=0.538860, train_acc=0.8148, time=9.6s
per-rank: rank0[cuda0,share=0.3427,tput=2.14] rank2[cuda2,share=0.3308,tput=4.94] rank1[cuda1,share=0.3265,tput=3.53]
epoch 63: eval=0.7770
epoch 64: loss=0.537811, train_acc=0.8142, time=9.2s
per-rank: rank0[cuda0,share=0.3427,tput=4.20] rank2[cuda2,share=0.3308,tput=1.99] rank1[cuda1,share=0.3265,tput=4.32]
epoch 64: eval=0.7105
epoch 65: loss=0.534963, train_acc=0.8168, time=8.8s
per-rank: rank0[cuda0,share=0.3427,tput=2.39] rank2[cuda2,share=0.3308,tput=4.18] rank1[cuda1,share=0.3265,tput=3.79]
epoch 65: eval=0.7746
epoch 66: loss=0.531396, train_acc=0.8190, time=8.6s
per-rank: rank0[cuda0,share=0.3427,tput=4.87] rank2[cuda2,share=0.3308,tput=3.07] rank1[cuda1,share=0.3265,tput=2.45]
epoch 66: eval=0.7972
epoch 67: loss=0.535345, train_acc=0.8137, time=8.6s
per-rank: rank0[cuda0,share=0.3427,tput=4.01] rank2[cuda2,share=0.3308,tput=2.28] rank1[cuda1,share=0.3265,tput=3.93]
epoch 67: eval=0.7986
epoch 68: loss=1.236366, train_acc=0.5535, time=10.0s
per-rank: rank0[cuda0,share=0.3503,tput=2.05] rank2[cuda2,share=0.3270,tput=4.23] rank1[cuda1,share=0.3227,tput=3.82]
epoch 68: eval=0.4273
epoch 69: loss=1.101417, train_acc=0.6129, time=9.5s
per-rank: rank0[cuda0,share=0.3503,tput=3.06] rank2[cuda2,share=0.3270,tput=2.35] rank1[cuda1,share=0.3227,tput=3.64]
epoch 69: eval=0.6049
epoch 70: loss=0.946020, train_acc=0.6697, time=10.3s
per-rank: rank0[cuda0,share=0.3503,tput=2.07] rank2[cuda2,share=0.3270,tput=5.00] rank1[cuda1,share=0.3227,tput=3.87]
epoch 70: eval=0.6581
epoch 71: loss=0.865105, train_acc=0.7019, time=9.5s
per-rank: rank0[cuda0,share=0.3503,tput=3.04] rank2[cuda2,share=0.3270,tput=2.52] rank1[cuda1,share=0.3227,tput=4.28]
epoch 71: eval=0.6545
epoch 72: loss=0.812801, train_acc=0.7187, time=9.7s
per-rank: rank0[cuda0,share=0.3503,tput=2.26] rank2[cuda2,share=0.3270,tput=4.53] rank1[cuda1,share=0.3227,tput=3.95]
epoch 72: eval=0.7004
epoch 73: loss=0.770046, train_acc=0.7330, time=9.0s
per-rank: rank0[cuda0,share=0.3503,tput=4.07] rank2[cuda2,share=0.3270,tput=2.46] rank1[cuda1,share=0.3227,tput=3.81]
epoch 73: eval=0.7082
epoch 74: loss=0.750597, train_acc=0.7417, time=9.3s
per-rank: rank0[cuda0,share=0.3503,tput=2.33] rank2[cuda2,share=0.3270,tput=4.10] rank1[cuda1,share=0.3227,tput=3.85]
epoch 74: eval=0.6906
epoch 75: loss=0.724802, train_acc=0.7503, time=8.9s
per-rank: rank0[cuda0,share=0.3503,tput=4.26] rank2[cuda2,share=0.3270,tput=2.43] rank1[cuda1,share=0.3227,tput=3.46]
epoch 75: eval=0.6697
epoch 76: loss=0.703757, train_acc=0.7569, time=8.5s
per-rank: rank0[cuda0,share=0.3503,tput=3.47] rank2[cuda2,share=0.3270,tput=5.00] rank1[cuda1,share=0.3227,tput=2.30]
epoch 76: eval=0.7529
epoch 77: loss=0.685923, train_acc=0.7630, time=8.8s
per-rank: rank0[cuda0,share=0.3503,tput=2.83] rank2[cuda2,share=0.3270,tput=5.77] rank1[cuda1,share=0.3227,tput=2.21]
epoch 77: eval=0.7497
epoch 78: loss=0.672282, train_acc=0.7688, time=8.7s
per-rank: rank0[cuda0,share=0.3503,tput=3.01] rank2[cuda2,share=0.3270,tput=5.10] rank1[cuda1,share=0.3227,tput=2.38]
epoch 78: eval=0.7199
epoch 79: loss=0.659876, train_acc=0.7733, time=10.4s
per-rank: rank0[cuda0,share=0.3503,tput=2.15] rank2[cuda2,share=0.3270,tput=3.54] rank1[cuda1,share=0.3227,tput=5.53]
epoch 79: eval=0.7241
epoch 80: loss=0.652748, train_acc=0.7748, time=9.6s
per-rank: rank0[cuda0,share=0.3503,tput=3.58] rank2[cuda2,share=0.3270,tput=3.52] rank1[cuda1,share=0.3227,tput=2.58]
epoch 80: eval=0.7473
epoch 81: loss=0.646870, train_acc=0.7766, time=8.7s
per-rank: rank0[cuda0,share=0.3503,tput=2.96] rank2[cuda2,share=0.3270,tput=5.28] rank1[cuda1,share=0.3227,tput=2.31]
epoch 81: eval=0.7917
epoch 82: loss=0.632409, train_acc=0.7820, time=8.4s
per-rank: rank0[cuda0,share=0.3503,tput=3.48] rank2[cuda2,share=0.3270,tput=5.07] rank1[cuda1,share=0.3227,tput=2.17]
epoch 82: eval=0.7719
epoch 83: loss=0.632298, train_acc=0.7818, time=9.0s
per-rank: rank0[cuda0,share=0.3503,tput=2.40] rank2[cuda2,share=0.3270,tput=3.52] rank1[cuda1,share=0.3227,tput=4.56]
epoch 83: eval=0.7608
epoch 84: loss=0.615284, train_acc=0.7877, time=8.9s
per-rank: rank0[cuda0,share=0.3503,tput=4.33] rank2[cuda2,share=0.3270,tput=2.16] rank1[cuda1,share=0.3227,tput=3.91]
epoch 84: eval=0.7928
epoch 85: loss=0.607187, train_acc=0.7912, time=8.5s
per-rank: rank0[cuda0,share=0.3503,tput=3.15] rank2[cuda2,share=0.3270,tput=2.25] rank1[cuda1,share=0.3227,tput=5.37]
epoch 85: eval=0.7470
epoch 86: loss=0.612940, train_acc=0.7897, time=8.6s
per-rank: rank0[cuda0,share=0.3503,tput=2.95] rank2[cuda2,share=0.3270,tput=5.64] rank1[cuda1,share=0.3227,tput=2.21]
epoch 86: eval=0.6966
epoch 87: loss=0.601308, train_acc=0.7938, time=8.7s
per-rank: rank0[cuda0,share=0.3503,tput=3.59] rank2[cuda2,share=0.3270,tput=3.70] rank1[cuda1,share=0.3227,tput=2.46]
epoch 87: eval=0.7651
epoch 88: loss=0.597752, train_acc=0.7944, time=8.7s
per-rank: rank0[cuda0,share=0.3503,tput=2.64] rank2[cuda2,share=0.3270,tput=5.61] rank1[cuda1,share=0.3227,tput=2.43]
epoch 88: eval=0.7642
epoch 89: loss=0.597259, train_acc=0.7961, time=8.6s
per-rank: rank0[cuda0,share=0.3503,tput=4.71] rank2[cuda2,share=0.3270,tput=3.48] rank1[cuda1,share=0.3227,tput=2.27]
epoch 89: eval=0.7427
epoch 90: loss=0.590529, train_acc=0.7973, time=8.8s
per-rank: rank0[cuda0,share=0.3503,tput=2.49] rank2[cuda2,share=0.3270,tput=5.46] rank1[cuda1,share=0.3227,tput=2.48]
epoch 90: eval=0.6896
epoch 91: loss=0.575513, train_acc=0.8043, time=8.7s
per-rank: rank0[cuda0,share=0.3503,tput=3.33] rank2[cuda2,share=0.3270,tput=3.51] rank1[cuda1,share=0.3227,tput=2.84]
epoch 91: eval=0.7634
epoch 92: loss=0.589410, train_acc=0.7958, time=8.7s
per-rank: rank0[cuda0,share=0.3503,tput=4.81] rank2[cuda2,share=0.3270,tput=2.03] rank1[cuda1,share=0.3227,tput=3.97]
epoch 92: eval=0.7563
epoch 93: loss=0.572780, train_acc=0.8042, time=9.7s
per-rank: rank0[cuda0,share=0.3503,tput=2.25] rank2[cuda2,share=0.3270,tput=4.86] rank1[cuda1,share=0.3227,tput=3.41]
epoch 93: eval=0.7717
epoch 94: loss=0.568433, train_acc=0.8044, time=9.0s
per-rank: rank0[cuda0,share=0.3503,tput=3.66] rank2[cuda2,share=0.3270,tput=3.63] rank1[cuda1,share=0.3227,tput=2.59]
epoch 94: eval=0.7773
epoch 95: loss=0.572121, train_acc=0.8048, time=8.6s
per-rank: rank0[cuda0,share=0.3503,tput=3.31] rank2[cuda2,share=0.3270,tput=5.15] rank1[cuda1,share=0.3227,tput=2.30]
epoch 95: eval=0.7395
epoch 96: loss=0.570594, train_acc=0.8026, time=8.6s
per-rank: rank0[cuda0,share=0.3503,tput=2.73] rank2[cuda2,share=0.3270,tput=2.16] rank1[cuda1,share=0.3227,tput=5.94]
epoch 96: eval=0.7933
epoch 97: loss=0.566525, train_acc=0.8055, time=10.0s
per-rank: rank0[cuda0,share=0.3503,tput=2.22] rank2[cuda2,share=0.3270,tput=4.49] rank1[cuda1,share=0.3227,tput=3.96]
epoch 97: eval=0.8085
epoch 98: loss=0.559201, train_acc=0.8059, time=9.2s
per-rank: rank0[cuda0,share=0.3503,tput=3.68] rank2[cuda2,share=0.3270,tput=2.41] rank1[cuda1,share=0.3227,tput=3.80]
epoch 98: eval=0.7810
epoch 99: loss=0.555251, train_acc=0.8102, time=8.6s
per-rank: rank0[cuda0,share=0.3503,tput=3.99] rank2[cuda2,share=0.3270,tput=3.60] rank1[cuda1,share=0.3227,tput=2.43]
epoch 99: eval=0.7840
epoch 100: loss=0.552190, train_acc=0.8107, time=8.8s
per-rank: rank0[cuda0,share=0.3503,tput=3.09] rank2[cuda2,share=0.3270,tput=2.50] rank1[cuda1,share=0.3227,tput=4.02]
epoch 100: eval=0.7430
epoch 101: loss=0.564640, train_acc=0.8057, time=9.7s
per-rank: rank0[cuda0,share=0.3503,tput=2.26] rank2[cuda2,share=0.3270,tput=4.58] rank1[cuda1,share=0.3227,tput=4.00]
epoch 101: eval=0.7511
epoch 102: loss=0.553995, train_acc=0.8113, time=9.3s
per-rank: rank0[cuda0,share=0.3503,tput=4.04] rank2[cuda2,share=0.3270,tput=3.36] rank1[cuda1,share=0.3227,tput=2.51]
epoch 102: eval=0.7599
epoch 103: loss=0.555781, train_acc=0.8101, time=9.9s
per-rank: rank0[cuda0,share=0.3503,tput=2.23] rank2[cuda2,share=0.3270,tput=5.05] rank1[cuda1,share=0.3227,tput=3.50]
epoch 103: eval=0.7742
epoch 104: loss=0.554275, train_acc=0.8067, time=9.3s
per-rank: rank0[cuda0,share=0.3503,tput=4.05] rank2[cuda2,share=0.3270,tput=2.52] rank1[cuda1,share=0.3227,tput=3.32]
epoch 104: eval=0.7907
epoch 105: loss=0.548084, train_acc=0.8112, time=8.5s
per-rank: rank0[cuda0,share=0.3503,tput=3.20] rank2[cuda2,share=0.3270,tput=2.06] rank1[cuda1,share=0.3227,tput=5.75]
epoch 105: eval=0.7594
epoch 106: loss=0.539831, train_acc=0.8137, time=9.1s
per-rank: rank0[cuda0,share=0.3503,tput=2.39] rank2[cuda2,share=0.3270,tput=3.54] rank1[cuda1,share=0.3227,tput=5.20]
epoch 106: eval=0.7608
epoch 107: loss=0.544864, train_acc=0.8127, time=8.9s
per-rank: rank0[cuda0,share=0.3503,tput=4.31] rank2[cuda2,share=0.3270,tput=2.94] rank1[cuda1,share=0.3227,tput=2.84]
epoch 107: eval=0.7456
epoch 108: loss=0.541474, train_acc=0.8145, time=9.2s
per-rank: rank0[cuda0,share=0.3503,tput=2.40] rank2[cuda2,share=0.3270,tput=5.05] rank1[cuda1,share=0.3227,tput=3.22]
epoch 108: eval=0.7737
epoch 109: loss=0.538055, train_acc=0.8156, time=9.0s
per-rank: rank0[cuda0,share=0.3503,tput=4.53] rank2[cuda2,share=0.3270,tput=2.26] rank1[cuda1,share=0.3227,tput=3.37]
epoch 109: eval=0.7712
epoch 110: loss=0.537025, train_acc=0.8171, time=8.6s
per-rank: rank0[cuda0,share=0.3503,tput=3.09] rank2[cuda2,share=0.3270,tput=2.11] rank1[cuda1,share=0.3227,tput=6.05]
epoch 110: eval=0.7812
epoch 111: loss=0.544599, train_acc=0.8126, time=8.6s
per-rank: rank0[cuda0,share=0.3503,tput=3.00] rank2[cuda2,share=0.3270,tput=5.60] rank1[cuda1,share=0.3227,tput=2.25]
epoch 111: eval=0.7730
epoch 112: loss=0.540358, train_acc=0.8127, time=8.5s
per-rank: rank0[cuda0,share=0.3503,tput=3.20] rank2[cuda2,share=0.3270,tput=2.28] rank1[cuda1,share=0.3227,tput=5.48]
epoch 112: eval=0.7830
epoch 113: loss=0.538414, train_acc=0.8141, time=8.6s
per-rank: rank0[cuda0,share=0.3503,tput=2.62] rank2[cuda2,share=0.3270,tput=2.30] rank1[cuda1,share=0.3227,tput=5.82]
epoch 113: eval=0.8156
epoch 114: loss=0.538468, train_acc=0.8145, time=8.7s
per-rank: rank0[cuda0,share=0.3503,tput=2.90] rank2[cuda2,share=0.3270,tput=4.94] rank1[cuda1,share=0.3227,tput=2.58]
epoch 114: eval=0.7480
epoch 115: loss=0.529708, train_acc=0.8182, time=8.7s
per-rank: rank0[cuda0,share=0.3503,tput=2.97] rank2[cuda2,share=0.3270,tput=2.22] rank1[cuda1,share=0.3227,tput=5.83]
epoch 115: eval=0.7988
epoch 116: loss=0.529975, train_acc=0.8184, time=8.5s
per-rank: rank0[cuda0,share=0.3503,tput=4.76] rank2[cuda2,share=0.3270,tput=2.94] rank1[cuda1,share=0.3227,tput=2.61]
epoch 116: eval=0.8053
epoch 117: loss=0.534323, train_acc=0.8181, time=9.5s
per-rank: rank0[cuda0,share=0.3503,tput=2.26] rank2[cuda2,share=0.3270,tput=3.36] rank1[cuda1,share=0.3227,tput=5.36]
epoch 117: eval=0.8072
epoch 118: loss=0.531767, train_acc=0.8174, time=9.0s
per-rank: rank0[cuda0,share=0.3503,tput=4.42] rank2[cuda2,share=0.3270,tput=3.13] rank1[cuda1,share=0.3227,tput=2.53]
epoch 118: eval=0.8072
epoch 119: loss=0.527468, train_acc=0.8174, time=8.7s
per-rank: rank0[cuda0,share=0.3503,tput=2.91] rank2[cuda2,share=0.3270,tput=4.35] rank1[cuda1,share=0.3227,tput=2.71]
epoch 119: eval=0.7969
epoch 120: loss=0.523008, train_acc=0.8193, time=8.6s
per-rank: rank0[cuda0,share=0.3503,tput=4.56] rank2[cuda2,share=0.3270,tput=3.18] rank1[cuda1,share=0.3227,tput=2.31]
epoch 120: eval=0.7771
epoch 121: loss=0.527346, train_acc=0.8163, time=9.1s
per-rank: rank0[cuda0,share=0.3503,tput=2.37] rank2[cuda2,share=0.3270,tput=4.93] rank1[cuda1,share=0.3227,tput=3.58]
epoch 121: eval=0.7834
epoch 122: loss=0.523136, train_acc=0.8203, time=8.9s
per-rank: rank0[cuda0,share=0.3503,tput=2.88] rank2[cuda2,share=0.3270,tput=2.52] rank1[cuda1,share=0.3227,tput=4.36]
epoch 122: eval=0.7656
epoch 123: loss=0.520754, train_acc=0.8226, time=8.7s
per-rank: rank0[cuda0,share=0.3503,tput=2.38] rank2[cuda2,share=0.3270,tput=5.49] rank1[cuda1,share=0.3227,tput=2.80]
epoch 123: eval=0.7742
epoch 124: loss=0.525812, train_acc=0.8199, time=10.2s
per-rank: rank0[cuda0,share=0.3503,tput=2.13] rank2[cuda2,share=0.3270,tput=3.08] rank1[cuda1,share=0.3227,tput=5.98]
epoch 124: eval=0.8182
epoch 125: loss=0.519141, train_acc=0.8210, time=9.4s
per-rank: rank0[cuda0,share=0.3503,tput=3.54] rank2[cuda2,share=0.3270,tput=3.21] rank1[cuda1,share=0.3227,tput=2.77]
epoch 125: eval=0.7666
epoch 126: loss=0.518473, train_acc=0.8228, time=8.6s
per-rank: rank0[cuda0,share=0.3503,tput=3.98] rank2[cuda2,share=0.3270,tput=3.53] rank1[cuda1,share=0.3227,tput=2.53]
epoch 126: eval=0.7488
epoch 127: loss=0.520602, train_acc=0.8201, time=8.6s
per-rank: rank0[cuda0,share=0.3503,tput=4.73] rank2[cuda2,share=0.3270,tput=3.22] rank1[cuda1,share=0.3227,tput=2.39]
epoch 127: eval=0.7909
epoch 128: loss=0.519167, train_acc=0.8203, time=10.2s
per-rank: rank0[cuda0,share=0.3503,tput=2.10] rank2[cuda2,share=0.3270,tput=3.27] rank1[cuda1,share=0.3227,tput=5.87]
epoch 128: eval=0.8103
epoch 129: loss=0.514548, train_acc=0.8244, time=9.4s
per-rank: rank0[cuda0,share=0.3503,tput=3.37] rank2[cuda2,share=0.3270,tput=2.35] rank1[cuda1,share=0.3227,tput=4.10]
epoch 129: eval=0.7921
epoch 130: loss=0.522974, train_acc=0.8203, time=9.3s
per-rank: rank0[cuda0,share=0.3503,tput=2.32] rank2[cuda2,share=0.3270,tput=4.89] rank1[cuda1,share=0.3227,tput=3.44]
epoch 130: eval=0.7487
epoch 131: loss=0.520574, train_acc=0.8189, time=9.1s
per-rank: rank0[cuda0,share=0.3503,tput=4.28] rank2[cuda2,share=0.3270,tput=3.21] rank1[cuda1,share=0.3227,tput=2.47]
epoch 131: eval=0.7548
epoch 132: loss=0.518493, train_acc=0.8222, time=8.6s
per-rank: rank0[cuda0,share=0.3503,tput=4.92] rank2[cuda2,share=0.3270,tput=3.47] rank1[cuda1,share=0.3227,tput=2.24]
epoch 132: eval=0.8129
epoch 133: loss=0.520287, train_acc=0.8225, time=8.6s
per-rank: rank0[cuda0,share=0.3503,tput=3.29] rank2[cuda2,share=0.3270,tput=2.17] rank1[cuda1,share=0.3227,tput=5.05]
epoch 133: eval=0.7454
epoch 134: loss=0.508773, train_acc=0.8244, time=10.1s
per-rank: rank0[cuda0,share=0.3503,tput=2.12] rank2[cuda2,share=0.3270,tput=3.21] rank1[cuda1,share=0.3227,tput=5.70]
epoch 134: eval=0.8148
epoch 135: loss=0.513202, train_acc=0.8225, time=9.2s
per-rank: rank0[cuda0,share=0.3503,tput=3.16] rank2[cuda2,share=0.3270,tput=2.41] rank1[cuda1,share=0.3227,tput=4.19]
epoch 135: eval=0.7903
epoch 136: loss=0.516875, train_acc=0.8209, time=8.6s
per-rank: rank0[cuda0,share=0.3503,tput=5.33] rank2[cuda2,share=0.3270,tput=3.81] rank1[cuda1,share=0.3227,tput=2.66]
epoch 136: eval=0.8077
epoch 137: loss=0.512072, train_acc=0.8237, time=9.3s
per-rank: rank0[cuda0,share=0.3503,tput=2.30] rank2[cuda2,share=0.3270,tput=4.29] rank1[cuda1,share=0.3227,tput=3.83]
epoch 137: eval=0.7895
epoch 138: loss=0.508408, train_acc=0.8250, time=8.9s
per-rank: rank0[cuda0,share=0.3503,tput=4.13] rank2[cuda2,share=0.3270,tput=3.12] rank1[cuda1,share=0.3227,tput=2.61]
epoch 138: eval=0.8064
epoch 139: loss=0.517356, train_acc=0.8248, time=8.8s
per-rank: rank0[cuda0,share=0.3503,tput=4.81] rank2[cuda2,share=0.3270,tput=3.00] rank1[cuda1,share=0.3227,tput=2.34]
epoch 139: eval=0.7738
epoch 140: loss=0.509090, train_acc=0.8252, time=8.9s
per-rank: rank0[cuda0,share=0.3503,tput=2.44] rank2[cuda2,share=0.3270,tput=5.36] rank1[cuda1,share=0.3227,tput=3.19]
epoch 140: eval=0.8071
epoch 141: loss=0.554478, train_acc=0.8106, time=8.9s
per-rank: rank0[cuda0,share=0.3529,tput=3.74] rank2[cuda2,share=0.3257,tput=3.46] rank1[cuda1,share=0.3214,tput=2.67]
epoch 141: eval=0.8115
epoch 142: loss=0.496421, train_acc=0.8296, time=10.4s
per-rank: rank0[cuda0,share=0.3529,tput=2.11] rank2[cuda2,share=0.3257,tput=4.87] rank1[cuda1,share=0.3214,tput=4.05]
epoch 142: eval=0.8353
epoch 143: loss=0.447054, train_acc=0.8476, time=9.7s
per-rank: rank0[cuda0,share=0.3529,tput=3.40] rank2[cuda2,share=0.3257,tput=3.53] rank1[cuda1,share=0.3214,tput=2.69]
epoch 143: eval=0.8409
epoch 144: loss=0.416790, train_acc=0.8563, time=8.6s
per-rank: rank0[cuda0,share=0.3529,tput=3.09] rank2[cuda2,share=0.3257,tput=5.73] rank1[cuda1,share=0.3214,tput=2.22]
epoch 144: eval=0.8420
epoch 145: loss=0.401755, train_acc=0.8611, time=8.5s
per-rank: rank0[cuda0,share=0.3529,tput=3.72] rank2[cuda2,share=0.3257,tput=3.56] rank1[cuda1,share=0.3214,tput=2.52]
epoch 145: eval=0.8550
epoch 146: loss=0.390550, train_acc=0.8645, time=8.6s
per-rank: rank0[cuda0,share=0.3529,tput=2.90] rank2[cuda2,share=0.3257,tput=5.17] rank1[cuda1,share=0.3214,tput=2.46]
epoch 146: eval=0.8538
epoch 147: loss=0.374617, train_acc=0.8707, time=8.6s
per-rank: rank0[cuda0,share=0.3529,tput=4.55] rank2[cuda2,share=0.3257,tput=2.01] rank1[cuda1,share=0.3214,tput=3.96]
epoch 147: eval=0.8561
epoch 148: loss=0.364080, train_acc=0.8735, time=8.5s
per-rank: rank0[cuda0,share=0.3529,tput=3.02] rank2[cuda2,share=0.3257,tput=5.18] rank1[cuda1,share=0.3214,tput=2.43]
epoch 148: eval=0.8530
epoch 149: loss=0.355136, train_acc=0.8757, time=8.9s
per-rank: rank0[cuda0,share=0.3529,tput=2.45] rank2[cuda2,share=0.3257,tput=5.08] rank1[cuda1,share=0.3214,tput=3.34]
epoch 149: eval=0.8622
epoch 150: loss=0.342985, train_acc=0.8807, time=8.7s
per-rank: rank0[cuda0,share=0.3529,tput=4.42] rank2[cuda2,share=0.3257,tput=3.31] rank1[cuda1,share=0.3214,tput=2.45]
epoch 150: eval=0.8679
epoch 151: loss=0.340976, train_acc=0.8825, time=9.5s
per-rank: rank0[cuda0,share=0.3529,tput=2.32] rank2[cuda2,share=0.3257,tput=4.72] rank1[cuda1,share=0.3214,tput=3.50]
epoch 151: eval=0.8637
epoch 152: loss=0.336382, train_acc=0.8840, time=9.1s
per-rank: rank0[cuda0,share=0.3529,tput=4.51] rank2[cuda2,share=0.3257,tput=3.41] rank1[cuda1,share=0.3214,tput=2.26]
epoch 152: eval=0.8658
epoch 153: loss=0.326972, train_acc=0.8860, time=8.7s
per-rank: rank0[cuda0,share=0.3529,tput=4.42] rank2[cuda2,share=0.3257,tput=3.45] rank1[cuda1,share=0.3214,tput=2.37]
epoch 153: eval=0.8619
epoch 154: loss=0.322574, train_acc=0.8873, time=8.7s
per-rank: rank0[cuda0,share=0.3529,tput=3.30] rank2[cuda2,share=0.3257,tput=2.57] rank1[cuda1,share=0.3214,tput=3.94]
epoch 154: eval=0.8604
epoch 155: loss=0.316025, train_acc=0.8901, time=8.6s
per-rank: rank0[cuda0,share=0.3529,tput=4.55] rank2[cuda2,share=0.3257,tput=3.11] rank1[cuda1,share=0.3214,tput=2.42]
epoch 155: eval=0.8637
epoch 156: loss=0.313572, train_acc=0.8911, time=8.6s
per-rank: rank0[cuda0,share=0.3529,tput=3.19] rank2[cuda2,share=0.3257,tput=2.08] rank1[cuda1,share=0.3214,tput=5.68]
epoch 156: eval=0.8662
epoch 157: loss=0.313135, train_acc=0.8918, time=9.6s
per-rank: rank0[cuda0,share=0.3529,tput=2.25] rank2[cuda2,share=0.3257,tput=3.56] rank1[cuda1,share=0.3214,tput=4.53]
epoch 157: eval=0.8720
epoch 158: loss=0.304049, train_acc=0.8956, time=9.2s
per-rank: rank0[cuda0,share=0.3529,tput=3.98] rank2[cuda2,share=0.3257,tput=2.32] rank1[cuda1,share=0.3214,tput=3.54]
epoch 158: eval=0.8572
epoch 159: loss=0.304569, train_acc=0.8942, time=8.7s
per-rank: rank0[cuda0,share=0.3529,tput=2.84] rank2[cuda2,share=0.3257,tput=2.41] rank1[cuda1,share=0.3214,tput=5.14]
epoch 159: eval=0.8700
epoch 160: loss=0.294304, train_acc=0.8972, time=8.5s
per-rank: rank0[cuda0,share=0.3529,tput=4.50] rank2[cuda2,share=0.3257,tput=4.18] rank1[cuda1,share=0.3214,tput=2.65]
epoch 160: eval=0.8676
epoch 161: loss=0.297580, train_acc=0.8952, time=8.7s
per-rank: rank0[cuda0,share=0.3529,tput=3.14] rank2[cuda2,share=0.3257,tput=4.63] rank1[cuda1,share=0.3214,tput=2.37]
epoch 161: eval=0.8677
epoch 162: loss=0.293312, train_acc=0.8978, time=8.5s
per-rank: rank0[cuda0,share=0.3529,tput=4.36] rank2[cuda2,share=0.3257,tput=3.08] rank1[cuda1,share=0.3214,tput=2.68]
epoch 162: eval=0.8749
epoch 163: loss=0.293118, train_acc=0.8957, time=8.7s
per-rank: rank0[cuda0,share=0.3529,tput=3.04] rank2[cuda2,share=0.3257,tput=4.64] rank1[cuda1,share=0.3214,tput=2.60]
epoch 163: eval=0.8786
epoch 164: loss=0.289115, train_acc=0.8987, time=9.6s
per-rank: rank0[cuda0,share=0.3529,tput=2.26] rank2[cuda2,share=0.3257,tput=3.22] rank1[cuda1,share=0.3214,tput=5.38]
epoch 164: eval=0.8742
epoch 165: loss=0.282923, train_acc=0.9010, time=9.0s
per-rank: rank0[cuda0,share=0.3529,tput=4.18] rank2[cuda2,share=0.3257,tput=3.02] rank1[cuda1,share=0.3214,tput=2.89]
epoch 165: eval=0.8778
epoch 166: loss=0.265625, train_acc=0.9087, time=8.6s
per-rank: rank0[cuda0,share=0.3529,tput=3.63] rank2[cuda2,share=0.3257,tput=2.14] rank1[cuda1,share=0.3214,tput=4.96]
epoch 166: eval=0.8757
epoch 167: loss=0.253594, train_acc=0.9119, time=8.5s
per-rank: rank0[cuda0,share=0.3529,tput=4.90] rank2[cuda2,share=0.3257,tput=2.84] rank1[cuda1,share=0.3214,tput=2.52]
epoch 167: eval=0.8743
epoch 168: loss=0.237156, train_acc=0.9184, time=9.2s
per-rank: rank0[cuda0,share=0.3529,tput=2.36] rank2[cuda2,share=0.3257,tput=4.30] rank1[cuda1,share=0.3214,tput=3.90]
epoch 168: eval=0.8923
epoch 169: loss=0.223896, train_acc=0.9226, time=9.0s
per-rank: rank0[cuda0,share=0.3529,tput=4.39] rank2[cuda2,share=0.3257,tput=3.52] rank1[cuda1,share=0.3214,tput=2.15]
epoch 169: eval=0.8921
epoch 170: loss=0.218906, train_acc=0.9251, time=8.7s
per-rank: rank0[cuda0,share=0.3529,tput=3.11] rank2[cuda2,share=0.3257,tput=4.36] rank1[cuda1,share=0.3214,tput=2.72]
epoch 170: eval=0.8961
epoch 171: loss=0.214359, train_acc=0.9254, time=8.6s
per-rank: rank0[cuda0,share=0.3529,tput=3.31] rank2[cuda2,share=0.3257,tput=4.37] rank1[cuda1,share=0.3214,tput=2.47]
epoch 171: eval=0.8978
epoch 172: loss=0.210435, train_acc=0.9274, time=8.4s
per-rank: rank0[cuda0,share=0.3529,tput=4.88] rank2[cuda2,share=0.3257,tput=2.93] rank1[cuda1,share=0.3214,tput=2.42]
epoch 172: eval=0.8992
epoch 173: loss=0.210115, train_acc=0.9280, time=9.2s
per-rank: rank0[cuda0,share=0.3529,tput=2.36] rank2[cuda2,share=0.3257,tput=3.31] rank1[cuda1,share=0.3214,tput=4.80]
epoch 173: eval=0.8966
epoch 174: loss=0.205568, train_acc=0.9295, time=9.0s
per-rank: rank0[cuda0,share=0.3529,tput=3.08] rank2[cuda2,share=0.3257,tput=3.33] rank1[cuda1,share=0.3214,tput=2.81]
epoch 174: eval=0.9002
epoch 175: loss=0.204424, train_acc=0.9281, time=8.5s
per-rank: rank0[cuda0,share=0.3529,tput=3.17] rank2[cuda2,share=0.3257,tput=4.79] rank1[cuda1,share=0.3214,tput=2.51]
epoch 175: eval=0.8974
epoch 176: loss=0.205966, train_acc=0.9295, time=9.6s
per-rank: rank0[cuda0,share=0.3529,tput=2.27] rank2[cuda2,share=0.3257,tput=4.88] rank1[cuda1,share=0.3214,tput=3.57]
epoch 176: eval=0.8995
epoch 177: loss=0.202673, train_acc=0.9305, time=9.2s
per-rank: rank0[cuda0,share=0.3529,tput=4.16] rank2[cuda2,share=0.3257,tput=3.09] rank1[cuda1,share=0.3214,tput=2.62]
epoch 177: eval=0.8982
epoch 178: loss=0.198037, train_acc=0.9322, time=8.7s
per-rank: rank0[cuda0,share=0.3529,tput=4.46] rank2[cuda2,share=0.3257,tput=2.09] rank1[cuda1,share=0.3214,tput=3.73]
epoch 178: eval=0.8977
epoch 179: loss=0.199198, train_acc=0.9317, time=9.3s
per-rank: rank0[cuda0,share=0.3529,tput=2.34] rank2[cuda2,share=0.3257,tput=4.27] rank1[cuda1,share=0.3214,tput=3.98]
epoch 179: eval=0.9003
epoch 180: loss=0.197699, train_acc=0.9324, time=9.0s
per-rank: rank0[cuda0,share=0.3529,tput=4.30] rank2[cuda2,share=0.3257,tput=3.69] rank1[cuda1,share=0.3214,tput=2.30]
epoch 180: eval=0.8985
epoch 181: loss=0.196657, train_acc=0.9319, time=8.6s
per-rank: rank0[cuda0,share=0.3529,tput=2.69] rank2[cuda2,share=0.3257,tput=5.47] rank1[cuda1,share=0.3214,tput=2.42]
epoch 181: eval=0.9007
epoch 182: loss=0.193581, train_acc=0.9335, time=8.6s
per-rank: rank0[cuda0,share=0.3529,tput=5.07] rank2[cuda2,share=0.3257,tput=3.31] rank1[cuda1,share=0.3214,tput=2.29]
epoch 182: eval=0.8970
epoch 183: loss=0.193878, train_acc=0.9328, time=8.6s
per-rank: rank0[cuda0,share=0.3529,tput=4.56] rank2[cuda2,share=0.3257,tput=3.40] rank1[cuda1,share=0.3214,tput=2.33]
epoch 183: eval=0.9019
epoch 184: loss=0.190047, train_acc=0.9340, time=8.6s
per-rank: rank0[cuda0,share=0.3529,tput=2.91] rank2[cuda2,share=0.3257,tput=4.54] rank1[cuda1,share=0.3214,tput=2.81]
epoch 184: eval=0.9015
epoch 185: loss=0.190761, train_acc=0.9335, time=9.0s
per-rank: rank0[cuda0,share=0.3529,tput=4.96] rank2[cuda2,share=0.3257,tput=1.96] rank1[cuda1,share=0.3214,tput=3.55]
epoch 185: eval=0.9030
epoch 186: loss=0.190012, train_acc=0.9346, time=9.4s
per-rank: rank0[cuda0,share=0.3529,tput=2.30] rank2[cuda2,share=0.3257,tput=4.98] rank1[cuda1,share=0.3214,tput=3.40]
epoch 186: eval=0.8988
epoch 187: loss=0.189772, train_acc=0.9351, time=9.1s
per-rank: rank0[cuda0,share=0.3529,tput=3.41] rank2[cuda2,share=0.3257,tput=2.45] rank1[cuda1,share=0.3214,tput=3.76]
epoch 187: eval=0.8999
epoch 188: loss=0.186908, train_acc=0.9364, time=8.6s
per-rank: rank0[cuda0,share=0.3529,tput=4.33] rank2[cuda2,share=0.3257,tput=2.20] rank1[cuda1,share=0.3214,tput=3.80]
epoch 188: eval=0.9015
epoch 189: loss=0.184781, train_acc=0.9358, time=8.6s
per-rank: rank0[cuda0,share=0.3529,tput=5.31] rank2[cuda2,share=0.3257,tput=2.20] rank1[cuda1,share=0.3214,tput=4.98]
epoch 189: eval=0.8995
epoch 190: loss=0.184074, train_acc=0.9355, time=9.1s
per-rank: rank0[cuda0,share=0.3529,tput=2.41] rank2[cuda2,share=0.3257,tput=4.83] rank1[cuda1,share=0.3214,tput=3.41]
epoch 190: eval=0.9007
epoch 191: loss=0.182126, train_acc=0.9365, time=8.9s
per-rank: rank0[cuda0,share=0.3529,tput=4.24] rank2[cuda2,share=0.3257,tput=3.00] rank1[cuda1,share=0.3214,tput=2.61]
epoch 191: eval=0.8985
epoch 192: loss=0.178398, train_acc=0.9379, time=8.5s
per-rank: rank0[cuda0,share=0.3529,tput=3.10] rank2[cuda2,share=0.3257,tput=2.18] rank1[cuda1,share=0.3214,tput=5.79]
epoch 192: eval=0.9010
epoch 193: loss=0.182617, train_acc=0.9366, time=9.2s
per-rank: rank0[cuda0,share=0.3529,tput=2.39] rank2[cuda2,share=0.3257,tput=2.81] rank1[cuda1,share=0.3214,tput=6.11]
epoch 193: eval=0.9018
epoch 194: loss=0.180572, train_acc=0.9364, time=9.0s
per-rank: rank0[cuda0,share=0.3529,tput=4.21] rank2[cuda2,share=0.3257,tput=3.21] rank1[cuda1,share=0.3214,tput=2.45]
epoch 194: eval=0.9015
epoch 195: loss=0.178973, train_acc=0.9383, time=8.6s
per-rank: rank0[cuda0,share=0.3529,tput=2.46] rank2[cuda2,share=0.3257,tput=5.56] rank1[cuda1,share=0.3214,tput=2.66]
epoch 195: eval=0.9033
epoch 196: loss=0.178264, train_acc=0.9378, time=8.8s
per-rank: rank0[cuda0,share=0.3529,tput=3.42] rank2[cuda2,share=0.3257,tput=2.35] rank1[cuda1,share=0.3214,tput=4.13]
epoch 196: eval=0.9027
epoch 197: loss=0.176439, train_acc=0.9394, time=8.7s
per-rank: rank0[cuda0,share=0.3529,tput=3.97] rank2[cuda2,share=0.3257,tput=2.08] rank1[cuda1,share=0.3214,tput=4.16]
epoch 197: eval=0.9033
epoch 198: loss=0.175065, train_acc=0.9395, time=8.7s
per-rank: rank0[cuda0,share=0.3529,tput=2.64] rank2[cuda2,share=0.3257,tput=4.75] rank1[cuda1,share=0.3214,tput=2.61]
epoch 198: eval=0.9009
epoch 199: loss=0.177820, train_acc=0.9383, time=9.2s
per-rank: rank0[cuda0,share=0.3529,tput=2.33] rank2[cuda2,share=0.3257,tput=4.46] rank1[cuda1,share=0.3214,tput=4.02]
final eval=0.9053
# total: 1706.2s (28m 26s)
