# gpu0: NVIDIA GeForce RTX 5060 Ti (15GB, sm_120)
# gpu1: NVIDIA GeForce GTX 1060 6GB (5GB, sm_61)
# gpu2: NVIDIA GeForce GTX 1060 6GB (5GB, sm_61)
epoch 0: loss=1.978544, train_acc=0.2602, time=10.4s
per-rank: rank0[cuda0,share=0.3877,tput=3.03] rank1[cuda1,share=0.3090,tput=3.62] rank2[cuda2,share=0.3033,tput=4.53]
epoch 0: eval=0.3301
epoch 1: loss=1.655311, train_acc=0.3811, time=9.9s
per-rank: rank0[cuda0,share=0.3601,tput=2.05] rank2[cuda2,share=0.3224,tput=5.16] rank1[cuda1,share=0.3175,tput=2.44]
epoch 1: eval=0.4256
epoch 2: loss=1.476049, train_acc=0.4585, time=9.6s
per-rank: rank0[cuda0,share=0.4069,tput=2.41] rank2[cuda2,share=0.3007,tput=5.04] rank1[cuda1,share=0.2924,tput=2.23]
epoch 2: eval=0.4619
epoch 3: loss=1.306090, train_acc=0.5289, time=9.5s
per-rank: rank0[cuda0,share=0.4196,tput=2.11] rank1[cuda1,share=0.2928,tput=2.75] rank2[cuda2,share=0.2876,tput=4.82]
epoch 3: eval=0.5331
epoch 4: loss=1.178699, train_acc=0.5782, time=13.3s
per-rank: rank0[cuda0,share=0.3939,tput=1.92] rank1[cuda1,share=0.3190,tput=3.68] rank2[cuda2,share=0.2871,tput=5.48]
epoch 4: eval=0.5604
epoch 5: loss=1.077784, train_acc=0.6169, time=11.7s
per-rank: rank0[cuda0,share=0.3929,tput=1.95] rank1[cuda1,share=0.3048,tput=2.31] rank2[cuda2,share=0.3023,tput=4.23]
epoch 5: eval=0.5842
epoch 6: loss=0.980584, train_acc=0.6536, time=9.7s
per-rank: rank0[cuda0,share=0.3699,tput=2.49] rank2[cuda2,share=0.3197,tput=3.29] rank1[cuda1,share=0.3104,tput=2.79]
epoch 6: eval=0.6246
epoch 7: loss=0.907501, train_acc=0.6837, time=9.5s
per-rank: rank0[cuda0,share=0.3911,tput=3.02] rank2[cuda2,share=0.3081,tput=4.90] rank1[cuda1,share=0.3008,tput=2.06]
epoch 7: eval=0.6587
epoch 8: loss=0.845443, train_acc=0.7069, time=9.4s
per-rank: rank0[cuda0,share=0.4065,tput=2.19] rank2[cuda2,share=0.3037,tput=2.27] rank1[cuda1,share=0.2897,tput=5.66]
epoch 8: eval=0.6576
epoch 9: loss=0.791469, train_acc=0.7250, time=9.6s
per-rank: rank0[cuda0,share=0.3823,tput=3.84] rank1[cuda1,share=0.3147,tput=3.54] rank2[cuda2,share=0.3030,tput=2.43]
epoch 9: eval=0.6914
epoch 10: loss=0.743388, train_acc=0.7437, time=9.6s
per-rank: rank0[cuda0,share=0.3825,tput=4.01] rank1[cuda1,share=0.3180,tput=2.25] rank2[cuda2,share=0.2995,tput=4.00]
epoch 10: eval=0.6691
epoch 11: loss=0.712498, train_acc=0.7536, time=11.5s
per-rank: rank0[cuda0,share=0.4114,tput=2.17] rank1[cuda1,share=0.3025,tput=3.85] rank2[cuda2,share=0.2860,tput=4.28]
epoch 11: eval=0.6749
epoch 12: loss=0.683301, train_acc=0.7626, time=10.7s
per-rank: rank0[cuda0,share=0.4245,tput=2.59] rank2[cuda2,share=0.2888,tput=4.38] rank1[cuda1,share=0.2866,tput=2.18]
epoch 12: eval=0.6986
epoch 13: loss=0.662744, train_acc=0.7715, time=9.5s
per-rank: rank0[cuda0,share=0.4215,tput=2.10] rank1[cuda1,share=0.2892,tput=2.66] rank2[cuda2,share=0.2892,tput=5.50]
epoch 13: eval=0.6799
epoch 14: loss=0.642094, train_acc=0.7791, time=9.5s
per-rank: rank0[cuda0,share=0.4171,tput=3.40] rank1[cuda1,share=0.2995,tput=3.04] rank2[cuda2,share=0.2834,tput=2.39]
epoch 14: eval=0.7660
epoch 15: loss=0.629264, train_acc=0.7815, time=9.5s
per-rank: rank0[cuda0,share=0.3979,tput=2.00] rank1[cuda1,share=0.3034,tput=6.53] rank2[cuda2,share=0.2987,tput=2.39]
epoch 15: eval=0.8071
epoch 16: loss=0.606634, train_acc=0.7896, time=9.5s
per-rank: rank0[cuda0,share=0.3814,tput=3.59] rank1[cuda1,share=0.3233,tput=2.62] rank2[cuda2,share=0.2953,tput=2.76]
epoch 16: eval=0.7162
epoch 17: loss=0.597925, train_acc=0.7941, time=9.5s
per-rank: rank0[cuda0,share=0.4040,tput=2.54] rank1[cuda1,share=0.3106,tput=2.04] rank2[cuda2,share=0.2854,tput=5.99]
epoch 17: eval=0.6388
epoch 18: loss=0.584684, train_acc=0.7988, time=9.6s
per-rank: rank0[cuda0,share=0.4123,tput=2.42] rank2[cuda2,share=0.3014,tput=5.13] rank1[cuda1,share=0.2863,tput=2.37]
epoch 18: eval=0.7023
epoch 19: loss=0.575918, train_acc=0.8025, time=9.5s
per-rank: rank0[cuda0,share=0.4223,tput=3.79] rank2[cuda2,share=0.2920,tput=1.88] rank1[cuda1,share=0.2857,tput=3.52]
epoch 19: eval=0.7435
epoch 20: loss=0.577784, train_acc=0.8025, time=9.4s
per-rank: rank0[cuda0,share=0.4280,tput=3.07] rank1[cuda1,share=0.2977,tput=3.47] rank2[cuda2,share=0.2742,tput=2.34]
epoch 20: eval=0.8163
epoch 21: loss=0.552022, train_acc=0.8110, time=9.5s
per-rank: rank0[cuda0,share=0.4031,tput=4.02] rank1[cuda1,share=0.3067,tput=2.45] rank2[cuda2,share=0.2902,tput=4.21]
epoch 21: eval=0.7641
epoch 22: loss=0.542365, train_acc=0.8139, time=12.9s
per-rank: rank0[cuda0,share=0.3907,tput=1.93] rank1[cuda1,share=0.3121,tput=5.56] rank2[cuda2,share=0.2972,tput=3.37]
epoch 22: eval=0.7966
epoch 23: loss=0.542731, train_acc=0.8133, time=11.4s
per-rank: rank0[cuda0,share=0.3929,tput=2.02] rank1[cuda1,share=0.3130,tput=2.64] rank2[cuda2,share=0.2941,tput=3.71]
epoch 23: eval=0.8185
epoch 24: loss=0.534452, train_acc=0.8162, time=9.7s
per-rank: rank0[cuda0,share=0.3955,tput=2.88] rank1[cuda1,share=0.3074,tput=2.46] rank2[cuda2,share=0.2971,tput=3.45]
epoch 24: eval=0.7811
epoch 25: loss=0.530540, train_acc=0.8179, time=9.5s
per-rank: rank0[cuda0,share=0.4012,tput=2.71] rank1[cuda1,share=0.2994,tput=2.24] rank2[cuda2,share=0.2994,tput=5.15]
epoch 25: eval=0.7880
epoch 26: loss=0.537030, train_acc=0.8145, time=12.1s
per-rank: rank0[cuda0,share=0.4320,tput=2.16] rank1[cuda1,share=0.2941,tput=5.72] rank2[cuda2,share=0.2740,tput=3.10]
epoch 26: eval=0.7480
epoch 27: loss=0.520222, train_acc=0.8230, time=11.1s
per-rank: rank0[cuda0,share=0.4345,tput=2.17] rank1[cuda1,share=0.2962,tput=3.87] rank2[cuda2,share=0.2693,tput=2.55]
epoch 27: eval=0.8185
epoch 28: loss=0.512287, train_acc=0.8247, time=9.4s
per-rank: rank0[cuda0,share=0.4267,tput=3.45] rank1[cuda1,share=0.2950,tput=3.19] rank2[cuda2,share=0.2783,tput=2.36]
epoch 28: eval=0.7945
epoch 29: loss=0.514158, train_acc=0.8230, time=9.4s
per-rank: rank0[cuda0,share=0.4267,tput=3.30] rank1[cuda1,share=0.2985,tput=4.18] rank2[cuda2,share=0.2747,tput=1.81]
epoch 29: eval=0.7389
epoch 30: loss=0.506042, train_acc=0.8245, time=9.4s
per-rank: rank0[cuda0,share=0.4194,tput=2.10] rank1[cuda1,share=0.3118,tput=2.45] rank2[cuda2,share=0.2688,tput=6.26]
epoch 30: eval=0.8220
epoch 31: loss=0.491165, train_acc=0.8317, time=9.4s
per-rank: rank0[cuda0,share=0.3962,tput=3.81] rank1[cuda1,share=0.3073,tput=3.07] rank2[cuda2,share=0.2964,tput=2.30]
epoch 31: eval=0.7371
epoch 32: loss=0.497831, train_acc=0.8302, time=9.6s
per-rank: rank0[cuda0,share=0.4138,tput=2.01] rank1[cuda1,share=0.2941,tput=2.68] rank2[cuda2,share=0.2921,tput=5.28]
epoch 32: eval=0.7835
epoch 33: loss=0.489181, train_acc=0.8336, time=9.6s
per-rank: rank0[cuda0,share=0.3897,tput=2.81] rank1[cuda1,share=0.3082,tput=2.46] rank2[cuda2,share=0.3021,tput=3.56]
epoch 33: eval=0.8234
epoch 34: loss=0.489993, train_acc=0.8321, time=9.5s
per-rank: rank0[cuda0,share=0.3745,tput=2.91] rank1[cuda1,share=0.3169,tput=2.49] rank2[cuda2,share=0.3086,tput=3.44]
epoch 34: eval=0.8320
epoch 35: loss=0.479267, train_acc=0.8336, time=9.6s
per-rank: rank0[cuda0,share=0.3555,tput=2.99] rank1[cuda1,share=0.3233,tput=2.37] rank2[cuda2,share=0.3212,tput=3.30]
epoch 35: eval=0.8079
epoch 36: loss=0.487231, train_acc=0.8339, time=9.6s
per-rank: rank0[cuda0,share=0.3658,tput=2.07] rank1[cuda1,share=0.3171,tput=2.39] rank2[cuda2,share=0.3171,tput=5.65]
epoch 36: eval=0.8366
epoch 37: loss=0.481822, train_acc=0.8347, time=9.5s
per-rank: rank0[cuda0,share=0.3843,tput=2.35] rank2[cuda2,share=0.3099,tput=5.15] rank1[cuda1,share=0.3058,tput=2.31]
epoch 37: eval=0.8161
epoch 38: loss=0.483316, train_acc=0.8329, time=11.7s
per-rank: rank0[cuda0,share=0.3989,tput=2.05] rank1[cuda1,share=0.3176,tput=3.92] rank2[cuda2,share=0.2836,tput=3.96]
epoch 38: eval=0.8379
epoch 39: loss=0.474936, train_acc=0.8354, time=10.7s
per-rank: rank0[cuda0,share=0.4009,tput=2.96] rank1[cuda1,share=0.3251,tput=3.51] rank2[cuda2,share=0.2740,tput=2.34]
epoch 39: eval=0.8221
epoch 40: loss=0.478094, train_acc=0.8369, time=9.5s
per-rank: rank0[cuda0,share=0.4158,tput=2.58] rank1[cuda1,share=0.3112,tput=1.92] rank2[cuda2,share=0.2730,tput=6.83]
epoch 40: eval=0.7634
epoch 41: loss=0.468992, train_acc=0.8376, time=13.1s
per-rank: rank0[cuda0,share=0.4088,tput=1.94] rank2[cuda2,share=0.2971,tput=3.49] rank1[cuda1,share=0.2941,tput=5.11]
epoch 41: eval=0.6735
epoch 42: loss=0.467304, train_acc=0.8404, time=11.7s
per-rank: rank0[cuda0,share=0.3753,tput=1.89] rank1[cuda1,share=0.3196,tput=3.02] rank2[cuda2,share=0.3052,tput=4.08]
epoch 42: eval=0.8249
epoch 43: loss=0.475722, train_acc=0.8356, time=9.8s
per-rank: rank0[cuda0,share=0.3707,tput=3.04] rank1[cuda1,share=0.3289,tput=4.74] rank2[cuda2,share=0.3004,tput=2.15]
epoch 43: eval=0.7726
epoch 44: loss=0.465392, train_acc=0.8400, time=9.5s
per-rank: rank0[cuda0,share=0.3966,tput=2.77] rank1[cuda1,share=0.3177,tput=2.12] rank2[cuda2,share=0.2857,tput=5.67]
epoch 44: eval=0.7619
epoch 45: loss=0.470450, train_acc=0.8379, time=9.6s
per-rank: rank0[cuda0,share=0.4021,tput=2.77] rank1[cuda1,share=0.3124,tput=3.69] rank2[cuda2,share=0.2855,tput=2.15]
epoch 45: eval=0.7388
epoch 46: loss=0.465014, train_acc=0.8401, time=9.5s
per-rank: rank0[cuda0,share=0.3959,tput=2.31] rank1[cuda1,share=0.3172,tput=2.24] rank2[cuda2,share=0.2869,tput=5.73]
epoch 46: eval=0.7219
epoch 47: loss=0.463651, train_acc=0.8391, time=9.5s
per-rank: rank0[cuda0,share=0.4020,tput=3.75] rank1[cuda1,share=0.3061,tput=2.16] rank2[cuda2,share=0.2919,tput=3.44]
epoch 47: eval=0.8487
epoch 48: loss=0.462613, train_acc=0.8412, time=9.4s
per-rank: rank0[cuda0,share=0.4081,tput=3.30] rank1[cuda1,share=0.2968,tput=3.47] rank2[cuda2,share=0.2951,tput=2.31]
epoch 48: eval=0.8263
epoch 49: loss=0.466058, train_acc=0.8399, time=9.4s
per-rank: rank0[cuda0,share=0.4167,tput=2.22] rank1[cuda1,share=0.2917,tput=2.45] rank2[cuda2,share=0.2917,tput=5.54]
epoch 49: eval=0.7936
epoch 50: loss=0.456127, train_acc=0.8430, time=12.9s
per-rank: rank0[cuda0,share=0.3920,tput=1.99] rank1[cuda1,share=0.3116,tput=5.97] rank2[cuda2,share=0.2964,tput=3.37]
epoch 50: eval=0.8118
epoch 51: loss=0.458889, train_acc=0.8412, time=11.7s
per-rank: rank0[cuda0,share=0.3838,tput=2.01] rank1[cuda1,share=0.3215,tput=3.89] rank2[cuda2,share=0.2946,tput=2.53]
epoch 51: eval=0.8096
epoch 52: loss=0.452878, train_acc=0.8442, time=9.6s
per-rank: rank0[cuda0,share=0.4017,tput=3.68] rank1[cuda1,share=0.3091,tput=3.07] rank2[cuda2,share=0.2893,tput=2.30]
epoch 52: eval=0.8005
epoch 53: loss=0.458704, train_acc=0.8439, time=9.3s
per-rank: rank0[cuda0,share=0.4184,tput=3.71] rank1[cuda1,share=0.2989,tput=2.45] rank2[cuda2,share=0.2827,tput=3.02]
epoch 53: eval=0.7361
epoch 54: loss=0.463979, train_acc=0.8422, time=9.5s
per-rank: rank0[cuda0,share=0.4240,tput=2.01] rank1[cuda1,share=0.3032,tput=2.55] rank2[cuda2,share=0.2728,tput=5.85]
epoch 54: eval=0.8046
epoch 55: loss=0.449385, train_acc=0.8469, time=9.6s
per-rank: rank0[cuda0,share=0.4087,tput=3.22] rank1[cuda1,share=0.3086,tput=3.01] rank2[cuda2,share=0.2827,tput=2.34]
epoch 55: eval=0.8169
epoch 56: loss=0.450668, train_acc=0.8459, time=11.5s
per-rank: rank0[cuda0,share=0.4019,tput=2.10] rank1[cuda1,share=0.3033,tput=5.01] rank2[cuda2,share=0.2949,tput=3.40]
epoch 56: eval=0.8473
epoch 57: loss=0.448098, train_acc=0.8455, time=10.7s
per-rank: rank0[cuda0,share=0.4034,tput=2.33] rank1[cuda1,share=0.3025,tput=3.73] rank2[cuda2,share=0.2941,tput=2.57]
epoch 57: eval=0.7645
epoch 58: loss=0.444540, train_acc=0.8471, time=9.3s
per-rank: rank0[cuda0,share=0.4061,tput=3.47] rank1[cuda1,share=0.2978,tput=2.06] rank2[cuda2,share=0.2961,tput=3.50]
epoch 58: eval=0.7997
epoch 59: loss=0.451578, train_acc=0.8439, time=9.4s
per-rank: rank0[cuda0,share=0.4152,tput=2.05] rank1[cuda1,share=0.2924,tput=6.67] rank2[cuda2,share=0.2924,tput=2.16]
epoch 59: eval=0.7465
epoch 60: loss=0.446194, train_acc=0.8478, time=9.5s
per-rank: rank0[cuda0,share=0.4078,tput=2.29] rank1[cuda1,share=0.3067,tput=2.47] rank2[cuda2,share=0.2855,tput=5.40]
epoch 60: eval=0.8007
epoch 61: loss=0.443551, train_acc=0.8480, time=9.5s
per-rank: rank0[cuda0,share=0.3901,tput=2.93] rank1[cuda1,share=0.3175,tput=3.20] rank2[cuda2,share=0.2924,tput=2.69]
epoch 61: eval=0.8012
epoch 62: loss=0.440740, train_acc=0.8489, time=9.6s
per-rank: rank0[cuda0,share=0.3937,tput=2.25] rank1[cuda1,share=0.3087,tput=2.48] rank2[cuda2,share=0.2976,tput=4.95]
epoch 62: eval=0.8191
epoch 63: loss=0.440010, train_acc=0.8488, time=9.4s
per-rank: rank0[cuda0,share=0.3903,tput=3.30] rank1[cuda1,share=0.3074,tput=2.19] rank2[cuda2,share=0.3023,tput=3.53]
epoch 63: eval=0.8078
epoch 64: loss=0.431365, train_acc=0.8515, time=10.8s
per-rank: rank0[cuda0,share=0.3881,tput=2.18] rank2[cuda2,share=0.3068,tput=3.21] rank1[cuda1,share=0.3051,tput=4.95]
epoch 64: eval=0.8307
epoch 65: loss=0.442485, train_acc=0.8481, time=10.2s
per-rank: rank0[cuda0,share=0.4100,tput=3.06] rank1[cuda1,share=0.2966,tput=2.34] rank2[cuda2,share=0.2934,tput=3.44]
epoch 65: eval=0.7565
epoch 66: loss=0.442500, train_acc=0.8466, time=9.5s
per-rank: rank0[cuda0,share=0.4303,tput=2.47] rank1[cuda1,share=0.2848,tput=2.02] rank2[cuda2,share=0.2848,tput=6.63]
epoch 66: eval=0.7927
epoch 67: loss=0.444829, train_acc=0.8495, time=11.8s
per-rank: rank0[cuda0,share=0.4286,tput=2.21] rank2[cuda2,share=0.2964,tput=5.24] rank1[cuda1,share=0.2751,tput=3.20]
epoch 67: eval=0.8200
epoch 68: loss=0.446601, train_acc=0.8477, time=10.8s
per-rank: rank0[cuda0,share=0.4284,tput=2.13] rank2[cuda2,share=0.2971,tput=3.55] rank1[cuda1,share=0.2746,tput=2.76]
epoch 68: eval=0.7537
epoch 69: loss=0.435221, train_acc=0.8511, time=12.0s
per-rank: rank0[cuda0,share=0.4246,tput=2.10] rank1[cuda1,share=0.2877,tput=5.10] rank2[cuda2,share=0.2877,tput=3.18]
epoch 69: eval=0.8047
epoch 70: loss=0.438633, train_acc=0.8507, time=10.7s
per-rank: rank0[cuda0,share=0.4208,tput=2.59] rank1[cuda1,share=0.2960,tput=3.84] rank2[cuda2,share=0.2832,tput=2.52]
epoch 70: eval=0.7693
epoch 71: loss=0.439519, train_acc=0.8480, time=9.5s
per-rank: rank0[cuda0,share=0.4290,tput=3.82] rank1[cuda1,share=0.2918,tput=2.08] rank2[cuda2,share=0.2792,tput=3.18]
epoch 71: eval=0.7869
epoch 72: loss=0.443634, train_acc=0.8477, time=9.5s
per-rank: rank0[cuda0,share=0.4303,tput=2.64] rank2[cuda2,share=0.2879,tput=3.27] rank1[cuda1,share=0.2818,tput=2.61]
epoch 72: eval=0.7884
epoch 73: loss=0.436996, train_acc=0.8480, time=9.5s
per-rank: rank0[cuda0,share=0.4173,tput=2.15] rank2[cuda2,share=0.3020,tput=2.34] rank1[cuda1,share=0.2807,tput=5.74]
epoch 73: eval=0.8245
epoch 74: loss=0.429802, train_acc=0.8537, time=9.6s
per-rank: rank0[cuda0,share=0.3888,tput=2.73] rank2[cuda2,share=0.3141,tput=2.28] rank1[cuda1,share=0.2972,tput=3.80]
epoch 74: eval=0.8289
epoch 75: loss=0.430600, train_acc=0.8524, time=9.5s
per-rank: rank0[cuda0,share=0.3901,tput=2.42] rank2[cuda2,share=0.3098,tput=2.33] rank1[cuda1,share=0.3001,tput=4.82]
epoch 75: eval=0.8510
epoch 76: loss=0.421477, train_acc=0.8561, time=9.5s
per-rank: rank0[cuda0,share=0.4143,tput=2.65] rank1[cuda1,share=0.2937,tput=5.61] rank2[cuda2,share=0.2921,tput=1.90]
epoch 76: eval=0.8495
epoch 77: loss=0.434754, train_acc=0.8513, time=9.6s
per-rank: rank0[cuda0,share=0.4162,tput=3.27] rank1[cuda1,share=0.2988,tput=2.23] rank2[cuda2,share=0.2849,tput=5.39]
epoch 77: eval=0.8501
epoch 78: loss=0.428731, train_acc=0.8528, time=10.9s
per-rank: rank0[cuda0,share=0.4149,tput=2.19] rank1[cuda1,share=0.3002,tput=5.12] rank2[cuda2,share=0.2848,tput=3.00]
epoch 78: eval=0.8244
epoch 79: loss=0.435338, train_acc=0.8523, time=10.4s
per-rank: rank0[cuda0,share=0.4143,tput=2.44] rank1[cuda1,share=0.2960,tput=2.26] rank2[cuda2,share=0.2897,tput=3.97]
epoch 79: eval=0.7689
epoch 80: loss=0.426875, train_acc=0.8525, time=12.1s
per-rank: rank0[cuda0,share=0.4111,tput=2.04] rank2[cuda2,share=0.2998,tput=4.89] rank1[cuda1,share=0.2890,tput=3.34]
epoch 80: eval=0.7700
epoch 81: loss=0.462257, train_acc=0.8434, time=11.0s
per-rank: rank0[cuda0,share=0.4094,tput=2.90] rank2[cuda2,share=0.3016,tput=3.03] rank1[cuda1,share=0.2891,tput=2.69]
epoch 81: eval=0.7716
epoch 82: loss=0.485582, train_acc=0.8326, time=11.8s
per-rank: rank0[cuda0,share=0.4109,tput=2.08] rank2[cuda2,share=0.3001,tput=3.05] rank1[cuda1,share=0.2889,tput=5.66]
epoch 82: eval=0.7712
epoch 83: loss=0.475232, train_acc=0.8375, time=10.7s
per-rank: rank0[cuda0,share=0.4132,tput=2.06] rank2[cuda2,share=0.2960,tput=3.26] rank1[cuda1,share=0.2908,tput=3.23]
epoch 83: eval=0.7544
epoch 84: loss=0.473237, train_acc=0.8381, time=9.6s
per-rank: rank0[cuda0,share=0.4117,tput=2.67] rank2[cuda2,share=0.2943,tput=3.39] rank1[cuda1,share=0.2940,tput=2.64]
epoch 84: eval=0.7612
epoch 85: loss=0.465097, train_acc=0.8389, time=9.4s
per-rank: rank0[cuda0,share=0.4105,tput=2.97] rank1[cuda1,share=0.2964,tput=2.43] rank2[cuda2,share=0.2931,tput=3.49]
epoch 85: eval=0.7658
epoch 86: loss=0.472685, train_acc=0.8364, time=9.4s
per-rank: rank0[cuda0,share=0.4071,tput=2.90] rank1[cuda1,share=0.2996,tput=3.27] rank2[cuda2,share=0.2933,tput=2.47]
epoch 86: eval=0.7856
epoch 87: loss=0.465306, train_acc=0.8412, time=9.4s
per-rank: rank0[cuda0,share=0.4043,tput=2.74] rank1[cuda1,share=0.3021,tput=5.34] rank2[cuda2,share=0.2935,tput=1.96]
epoch 87: eval=0.8181
epoch 88: loss=0.465112, train_acc=0.8406, time=9.6s
per-rank: rank0[cuda0,share=0.4018,tput=4.42] rank1[cuda1,share=0.3040,tput=3.48] rank2[cuda2,share=0.2941,tput=2.43]
epoch 88: eval=0.7090
epoch 89: loss=0.462912, train_acc=0.8417, time=9.5s
per-rank: rank0[cuda0,share=0.3997,tput=2.55] rank1[cuda1,share=0.3057,tput=2.61] rank2[cuda2,share=0.2947,tput=3.54]
epoch 89: eval=0.7764
epoch 90: loss=0.458688, train_acc=0.8415, time=9.3s
per-rank: rank0[cuda0,share=0.3976,tput=2.65] rank1[cuda1,share=0.3082,tput=2.09] rank2[cuda2,share=0.2942,tput=5.41]
epoch 90: eval=0.8285
epoch 91: loss=0.462695, train_acc=0.8402, time=11.5s
per-rank: rank0[cuda0,share=0.3951,tput=2.01] rank1[cuda1,share=0.3096,tput=5.09] rank2[cuda2,share=0.2953,tput=3.12]
epoch 91: eval=0.7230
epoch 92: loss=0.452577, train_acc=0.8450, time=10.4s
per-rank: rank0[cuda0,share=0.3918,tput=2.60] rank1[cuda1,share=0.3105,tput=2.52] rank2[cuda2,share=0.2977,tput=3.60]
epoch 92: eval=0.8260
epoch 93: loss=0.455168, train_acc=0.8442, time=9.4s
per-rank: rank0[cuda0,share=0.3909,tput=2.89] rank1[cuda1,share=0.3109,tput=2.66] rank2[cuda2,share=0.2982,tput=3.90]
epoch 93: eval=0.7938
epoch 94: loss=0.454813, train_acc=0.8438, time=9.3s
per-rank: rank0[cuda0,share=0.3919,tput=4.06] rank1[cuda1,share=0.3104,tput=2.41] rank2[cuda2,share=0.2977,tput=2.68]
epoch 94: eval=0.7872
epoch 95: loss=0.458677, train_acc=0.8439, time=9.7s
per-rank: rank0[cuda0,share=0.3956,tput=2.82] rank1[cuda1,share=0.3096,tput=3.31] rank2[cuda2,share=0.2948,tput=2.41]
epoch 95: eval=0.8041
epoch 96: loss=0.461222, train_acc=0.8421, time=9.4s
per-rank: rank0[cuda0,share=0.3992,tput=2.84] rank1[cuda1,share=0.3088,tput=2.57] rank2[cuda2,share=0.2920,tput=3.65]
epoch 96: eval=0.8093
epoch 97: loss=0.463843, train_acc=0.8420, time=9.3s
per-rank: rank0[cuda0,share=0.4027,tput=3.08] rank1[cuda1,share=0.3081,tput=3.41] rank2[cuda2,share=0.2892,tput=2.54]
epoch 97: eval=0.8548
epoch 98: loss=0.462516, train_acc=0.8412, time=9.5s
per-rank: rank0[cuda0,share=0.4039,tput=3.18] rank1[cuda1,share=0.3084,tput=2.31] rank2[cuda2,share=0.2876,tput=3.48]
epoch 98: eval=0.8616
epoch 99: loss=0.458808, train_acc=0.8421, time=9.4s
per-rank: rank0[cuda0,share=0.4046,tput=3.50] rank1[cuda1,share=0.3083,tput=3.20] rank2[cuda2,share=0.2871,tput=2.25]
epoch 99: eval=0.8362
epoch 100: loss=0.315527, train_acc=0.8918, time=9.4s
per-rank: rank0[cuda0,share=0.4036,tput=2.13] rank1[cuda1,share=0.3090,tput=2.47] rank2[cuda2,share=0.2874,tput=5.54]
epoch 100: eval=0.8997
epoch 101: loss=0.226659, train_acc=0.9222, time=9.2s
per-rank: rank0[cuda0,share=0.4032,tput=3.30] rank1[cuda1,share=0.3102,tput=2.37] rank2[cuda2,share=0.2867,tput=3.54]
epoch 101: eval=0.9047
epoch 102: loss=0.215603, train_acc=0.9258, time=11.3s
per-rank: rank0[cuda0,share=0.4042,tput=2.05] rank1[cuda1,share=0.3106,tput=3.55] rank2[cuda2,share=0.2852,tput=4.26]
epoch 102: eval=0.9059
epoch 103: loss=0.206835, train_acc=0.9279, time=10.2s
per-rank: rank0[cuda0,share=0.4045,tput=2.66] rank1[cuda1,share=0.3106,tput=2.64] rank2[cuda2,share=0.2849,tput=3.38]
epoch 103: eval=0.9054
epoch 104: loss=0.201539, train_acc=0.9300, time=11.7s
per-rank: rank0[cuda0,share=0.4032,tput=2.03] rank1[cuda1,share=0.3114,tput=3.20] rank2[cuda2,share=0.2853,tput=5.31]
epoch 104: eval=0.9062
epoch 105: loss=0.192875, train_acc=0.9332, time=10.6s
per-rank: rank0[cuda0,share=0.4014,tput=2.07] rank1[cuda1,share=0.3116,tput=3.71] rank2[cuda2,share=0.2870,tput=2.79]
epoch 105: eval=0.9095
epoch 106: loss=0.187853, train_acc=0.9348, time=11.7s
per-rank: rank0[cuda0,share=0.3996,tput=2.04] rank1[cuda1,share=0.3117,tput=3.84] rank2[cuda2,share=0.2886,tput=4.43]
epoch 106: eval=0.9098
epoch 107: loss=0.182488, train_acc=0.9374, time=10.7s
per-rank: rank0[cuda0,share=0.3978,tput=2.59] rank1[cuda1,share=0.3119,tput=2.27] rank2[cuda2,share=0.2903,tput=4.17]
epoch 107: eval=0.9106
epoch 108: loss=0.179673, train_acc=0.9374, time=9.4s
per-rank: rank0[cuda0,share=0.3990,tput=2.43] rank1[cuda1,share=0.3094,tput=2.17] rank2[cuda2,share=0.2916,tput=5.81]
epoch 108: eval=0.9122
epoch 109: loss=0.176129, train_acc=0.9385, time=9.3s
per-rank: rank0[cuda0,share=0.3996,tput=3.44] rank1[cuda1,share=0.3081,tput=2.60] rank2[cuda2,share=0.2923,tput=2.96]
epoch 109: eval=0.9116
epoch 110: loss=0.174538, train_acc=0.9390, time=9.3s
per-rank: rank0[cuda0,share=0.4019,tput=3.85] rank1[cuda1,share=0.3058,tput=2.41] rank2[cuda2,share=0.2923,tput=3.99]
epoch 110: eval=0.9109
epoch 111: loss=0.169741, train_acc=0.9409, time=9.3s
per-rank: rank0[cuda0,share=0.4041,tput=3.00] rank1[cuda1,share=0.3036,tput=3.74] rank2[cuda2,share=0.2923,tput=2.27]
epoch 111: eval=0.9128
epoch 112: loss=0.164812, train_acc=0.9422, time=9.5s
per-rank: rank0[cuda0,share=0.4058,tput=2.86] rank1[cuda1,share=0.3024,tput=2.29] rank2[cuda2,share=0.2918,tput=4.80]
epoch 112: eval=0.9092
epoch 113: loss=0.162362, train_acc=0.9419, time=9.7s
per-rank: rank0[cuda0,share=0.4075,tput=2.83] rank1[cuda1,share=0.3013,tput=2.63] rank2[cuda2,share=0.2913,tput=3.40]
epoch 113: eval=0.9103
epoch 114: loss=0.162966, train_acc=0.9422, time=9.5s
per-rank: rank0[cuda0,share=0.4091,tput=4.26] rank1[cuda1,share=0.3001,tput=2.35] rank2[cuda2,share=0.2908,tput=3.27]
epoch 114: eval=0.9094
epoch 115: loss=0.157285, train_acc=0.9450, time=9.5s
per-rank: rank0[cuda0,share=0.4107,tput=3.11] rank1[cuda1,share=0.2989,tput=3.53] rank2[cuda2,share=0.2903,tput=2.13]
epoch 115: eval=0.9085
epoch 116: loss=0.155395, train_acc=0.9445, time=9.4s
per-rank: rank0[cuda0,share=0.4124,tput=3.38] rank1[cuda1,share=0.2978,tput=2.00] rank2[cuda2,share=0.2898,tput=3.90]
epoch 116: eval=0.9137
epoch 117: loss=0.154562, train_acc=0.9457, time=9.3s
per-rank: rank0[cuda0,share=0.4118,tput=2.65] rank1[cuda1,share=0.2978,tput=2.85] rank2[cuda2,share=0.2905,tput=3.30]
epoch 117: eval=0.9128
epoch 118: loss=0.150967, train_acc=0.9472, time=9.4s
per-rank: rank0[cuda0,share=0.4103,tput=1.87] rank1[cuda1,share=0.2993,tput=6.05] rank2[cuda2,share=0.2905,tput=2.44]
epoch 118: eval=0.9132
epoch 119: loss=0.148423, train_acc=0.9478, time=9.2s
per-rank: rank0[cuda0,share=0.4075,tput=2.09] rank1[cuda1,share=0.3014,tput=2.48] rank2[cuda2,share=0.2911,tput=5.76]
epoch 119: eval=0.9147
epoch 120: loss=0.144944, train_acc=0.9481, time=9.3s
per-rank: rank0[cuda0,share=0.4047,tput=4.02] rank1[cuda1,share=0.3036,tput=2.83] rank2[cuda2,share=0.2917,tput=2.29]
epoch 120: eval=0.9132
epoch 121: loss=0.145213, train_acc=0.9500, time=11.3s
per-rank: rank0[cuda0,share=0.4019,tput=2.05] rank1[cuda1,share=0.3057,tput=5.18] rank2[cuda2,share=0.2923,tput=3.09]
epoch 121: eval=0.9089
epoch 122: loss=0.142284, train_acc=0.9496, time=10.3s
per-rank: rank0[cuda0,share=0.3983,tput=2.35] rank1[cuda1,share=0.3076,tput=4.12] rank2[cuda2,share=0.2941,tput=2.34]
epoch 122: eval=0.9104
epoch 123: loss=0.139094, train_acc=0.9515, time=9.2s
per-rank: rank0[cuda0,share=0.3947,tput=3.98] rank1[cuda1,share=0.3094,tput=3.46] rank2[cuda2,share=0.2959,tput=2.37]
epoch 123: eval=0.9107
epoch 124: loss=0.141567, train_acc=0.9488, time=11.6s
per-rank: rank0[cuda0,share=0.3909,tput=1.97] rank1[cuda1,share=0.3113,tput=4.65] rank2[cuda2,share=0.2977,tput=3.32]
epoch 124: eval=0.9058
epoch 125: loss=0.136179, train_acc=0.9525, time=10.5s
per-rank: rank0[cuda0,share=0.3872,tput=2.88] rank1[cuda1,share=0.3132,tput=4.09] rank2[cuda2,share=0.2996,tput=2.03]
epoch 125: eval=0.9103
epoch 126: loss=0.136570, train_acc=0.9521, time=9.4s
per-rank: rank0[cuda0,share=0.3847,tput=2.84] rank1[cuda1,share=0.3145,tput=2.21] rank2[cuda2,share=0.3008,tput=5.21]
epoch 126: eval=0.9073
epoch 127: loss=0.137429, train_acc=0.9510, time=11.4s
per-rank: rank0[cuda0,share=0.3839,tput=2.06] rank1[cuda1,share=0.3158,tput=3.75] rank2[cuda2,share=0.3003,tput=4.42]
epoch 127: eval=0.9033
epoch 128: loss=0.133415, train_acc=0.9532, time=10.4s
per-rank: rank0[cuda0,share=0.3845,tput=2.61] rank1[cuda1,share=0.3163,tput=2.63] rank2[cuda2,share=0.2992,tput=3.76]
epoch 128: eval=0.9089
epoch 129: loss=0.135150, train_acc=0.9526, time=9.3s
per-rank: rank0[cuda0,share=0.3865,tput=2.93] rank1[cuda1,share=0.3161,tput=3.50] rank2[cuda2,share=0.2974,tput=2.45]
epoch 129: eval=0.9038
epoch 130: loss=0.132099, train_acc=0.9525, time=9.4s
per-rank: rank0[cuda0,share=0.3899,tput=2.18] rank1[cuda1,share=0.3152,tput=5.27] rank2[cuda2,share=0.2950,tput=2.45]
epoch 130: eval=0.9105
epoch 131: loss=0.130948, train_acc=0.9540, time=9.4s
per-rank: rank0[cuda0,share=0.3932,tput=3.52] rank1[cuda1,share=0.3143,tput=2.33] rank2[cuda2,share=0.2925,tput=3.23]
epoch 131: eval=0.9073
epoch 132: loss=0.128971, train_acc=0.9545, time=9.3s
per-rank: rank0[cuda0,share=0.3958,tput=3.57] rank1[cuda1,share=0.3127,tput=2.95] rank2[cuda2,share=0.2915,tput=2.28]
epoch 132: eval=0.9059
epoch 133: loss=0.132663, train_acc=0.9533, time=11.5s
per-rank: rank0[cuda0,share=0.3984,tput=2.11] rank1[cuda1,share=0.3111,tput=5.36] rank2[cuda2,share=0.2905,tput=2.92]
epoch 133: eval=0.9061
epoch 134: loss=0.130472, train_acc=0.9532, time=10.6s
per-rank: rank0[cuda0,share=0.4010,tput=2.22] rank1[cuda1,share=0.3095,tput=2.89] rank2[cuda2,share=0.2895,tput=3.42]
epoch 134: eval=0.9060
epoch 135: loss=0.132662, train_acc=0.9527, time=9.3s
per-rank: rank0[cuda0,share=0.4029,tput=2.13] rank1[cuda1,share=0.3091,tput=6.34] rank2[cuda2,share=0.2880,tput=2.28]
epoch 135: eval=0.9022
epoch 136: loss=0.132180, train_acc=0.9532, time=9.3s
per-rank: rank0[cuda0,share=0.4036,tput=3.59] rank1[cuda1,share=0.3093,tput=3.75] rank2[cuda2,share=0.2871,tput=2.20]
epoch 136: eval=0.9042
epoch 137: loss=0.124283, train_acc=0.9564, time=10.9s
per-rank: rank0[cuda0,share=0.4050,tput=2.20] rank1[cuda1,share=0.3083,tput=3.59] rank2[cuda2,share=0.2867,tput=4.50]
epoch 137: eval=0.8995
epoch 138: loss=0.122477, train_acc=0.9567, time=10.2s
per-rank: rank0[cuda0,share=0.4051,tput=3.03] rank1[cuda1,share=0.3080,tput=2.88] rank2[cuda2,share=0.2869,tput=2.95]
epoch 138: eval=0.9031
epoch 139: loss=0.126440, train_acc=0.9552, time=9.4s
per-rank: rank0[cuda0,share=0.4045,tput=2.17] rank1[cuda1,share=0.3089,tput=5.26] rank2[cuda2,share=0.2866,tput=2.43]
epoch 139: eval=0.8996
epoch 140: loss=0.124052, train_acc=0.9561, time=9.3s
per-rank: rank0[cuda0,share=0.4026,tput=3.56] rank1[cuda1,share=0.3104,tput=2.31] rank2[cuda2,share=0.2870,tput=3.25]
epoch 140: eval=0.9067
epoch 141: loss=0.127417, train_acc=0.9552, time=11.2s
per-rank: rank0[cuda0,share=0.4029,tput=2.15] rank1[cuda1,share=0.3108,tput=3.42] rank2[cuda2,share=0.2863,tput=4.77]
epoch 141: eval=0.9028
epoch 142: loss=0.126499, train_acc=0.9555, time=10.4s
per-rank: rank0[cuda0,share=0.4038,tput=2.55] rank1[cuda1,share=0.3119,tput=2.21] rank2[cuda2,share=0.2843,tput=4.13]
epoch 142: eval=0.9091
epoch 143: loss=0.127105, train_acc=0.9537, time=12.5s
per-rank: rank0[cuda0,share=0.4042,tput=1.95] rank1[cuda1,share=0.3119,tput=3.25] rank2[cuda2,share=0.2840,tput=5.28]
epoch 143: eval=0.9031
epoch 144: loss=0.126159, train_acc=0.9550, time=11.7s
per-rank: rank0[cuda0,share=0.4045,tput=1.86] rank1[cuda1,share=0.3118,tput=3.16] rank2[cuda2,share=0.2836,tput=3.55]
epoch 144: eval=0.9057
epoch 145: loss=0.126061, train_acc=0.9549, time=9.8s
per-rank: rank0[cuda0,share=0.4043,tput=2.77] rank1[cuda1,share=0.3113,tput=2.28] rank2[cuda2,share=0.2844,tput=3.60]
epoch 145: eval=0.9077
epoch 146: loss=0.125278, train_acc=0.9558, time=9.4s
per-rank: rank0[cuda0,share=0.4040,tput=2.29] rank1[cuda1,share=0.3109,tput=2.33] rank2[cuda2,share=0.2851,tput=5.52]
epoch 146: eval=0.9024
epoch 147: loss=0.122699, train_acc=0.9576, time=11.2s
per-rank: rank0[cuda0,share=0.4038,tput=2.14] rank1[cuda1,share=0.3104,tput=3.65] rank2[cuda2,share=0.2859,tput=4.12]
epoch 147: eval=0.9029
epoch 148: loss=0.120085, train_acc=0.9574, time=10.2s
per-rank: rank0[cuda0,share=0.4035,tput=2.74] rank1[cuda1,share=0.3099,tput=2.69] rank2[cuda2,share=0.2866,tput=3.55]
epoch 148: eval=0.8981
epoch 149: loss=0.120066, train_acc=0.9567, time=11.5s
per-rank: rank0[cuda0,share=0.4039,tput=2.08] rank1[cuda1,share=0.3082,tput=3.46] rank2[cuda2,share=0.2878,tput=4.86]
epoch 149: eval=0.8906
epoch 150: loss=0.102661, train_acc=0.9654, time=10.6s
per-rank: rank0[cuda0,share=0.4058,tput=2.82] rank1[cuda1,share=0.3058,tput=2.44] rank2[cuda2,share=0.2884,tput=3.48]
epoch 150: eval=0.9194
epoch 151: loss=0.076474, train_acc=0.9747, time=9.3s
per-rank: rank0[cuda0,share=0.4055,tput=3.46] rank1[cuda1,share=0.3046,tput=2.20] rank2[cuda2,share=0.2900,tput=3.31]
epoch 151: eval=0.9188
epoch 152: loss=0.073300, train_acc=0.9759, time=11.4s
per-rank: rank0[cuda0,share=0.4051,tput=2.17] rank1[cuda1,share=0.3033,tput=4.62] rank2[cuda2,share=0.2916,tput=3.52]
epoch 152: eval=0.9188
epoch 153: loss=0.072124, train_acc=0.9766, time=10.5s
per-rank: rank0[cuda0,share=0.4053,tput=1.96] rank1[cuda1,share=0.3032,tput=3.03] rank2[cuda2,share=0.2915,tput=3.31]
epoch 153: eval=0.9179
epoch 154: loss=0.070251, train_acc=0.9767, time=9.3s
per-rank: rank0[cuda0,share=0.4055,tput=2.07] rank1[cuda1,share=0.3031,tput=6.40] rank2[cuda2,share=0.2914,tput=2.43]
epoch 154: eval=0.9171
epoch 155: loss=0.069988, train_acc=0.9777, time=9.5s
per-rank: rank0[cuda0,share=0.4070,tput=2.49] rank1[cuda1,share=0.3023,tput=2.18] rank2[cuda2,share=0.2907,tput=5.68]
epoch 155: eval=0.9167
epoch 156: loss=0.067236, train_acc=0.9789, time=9.4s
per-rank: rank0[cuda0,share=0.4085,tput=3.70] rank1[cuda1,share=0.3016,tput=3.05] rank2[cuda2,share=0.2900,tput=2.30]
epoch 156: eval=0.9198
epoch 157: loss=0.067182, train_acc=0.9781, time=9.4s
per-rank: rank0[cuda0,share=0.4099,tput=2.95] rank1[cuda1,share=0.3008,tput=5.18] rank2[cuda2,share=0.2893,tput=2.09]
epoch 157: eval=0.9186
epoch 158: loss=0.063879, train_acc=0.9795, time=12.2s
per-rank: rank0[cuda0,share=0.4114,tput=2.02] rank1[cuda1,share=0.3001,tput=5.37] rank2[cuda2,share=0.2885,tput=3.11]
epoch 158: eval=0.9192
epoch 159: loss=0.065258, train_acc=0.9787, time=11.2s
per-rank: rank0[cuda0,share=0.4128,tput=1.87] rank1[cuda1,share=0.2993,tput=2.62] rank2[cuda2,share=0.2878,tput=4.03]
epoch 159: eval=0.9205
epoch 160: loss=0.062256, train_acc=0.9801, time=9.5s
per-rank: rank0[cuda0,share=0.4116,tput=2.85] rank1[cuda1,share=0.3000,tput=3.48] rank2[cuda2,share=0.2884,tput=2.58]
epoch 160: eval=0.9171
epoch 161: loss=0.062521, train_acc=0.9800, time=9.4s
per-rank: rank0[cuda0,share=0.4103,tput=2.51] rank1[cuda1,share=0.3006,tput=4.97] rank2[cuda2,share=0.2891,tput=2.46]
epoch 161: eval=0.9178
epoch 162: loss=0.062367, train_acc=0.9803, time=11.6s
per-rank: rank0[cuda0,share=0.4076,tput=2.04] rank1[cuda1,share=0.3020,tput=5.63] rank2[cuda2,share=0.2904,tput=3.26]
epoch 162: eval=0.9202
epoch 163: loss=0.065054, train_acc=0.9790, time=10.6s
per-rank: rank0[cuda0,share=0.4048,tput=2.53] rank1[cuda1,share=0.3034,tput=2.56] rank2[cuda2,share=0.2918,tput=3.63]
epoch 163: eval=0.9174
epoch 164: loss=0.061497, train_acc=0.9803, time=11.3s
per-rank: rank0[cuda0,share=0.4020,tput=2.05] rank1[cuda1,share=0.3049,tput=5.24] rank2[cuda2,share=0.2931,tput=3.04]
epoch 164: eval=0.9185
epoch 165: loss=0.060222, train_acc=0.9809, time=10.3s
per-rank: rank0[cuda0,share=0.3992,tput=1.92] rank1[cuda1,share=0.3063,tput=2.66] rank2[cuda2,share=0.2945,tput=3.99]
epoch 165: eval=0.9182
epoch 166: loss=0.059294, train_acc=0.9814, time=11.3s
per-rank: rank0[cuda0,share=0.3935,tput=2.07] rank1[cuda1,share=0.3092,tput=4.85] rank2[cuda2,share=0.2973,tput=3.48]
epoch 166: eval=0.9195
epoch 167: loss=0.059638, train_acc=0.9806, time=10.5s
per-rank: rank0[cuda0,share=0.3935,tput=3.01] rank1[cuda1,share=0.3092,tput=2.29] rank2[cuda2,share=0.2973,tput=3.61]
epoch 167: eval=0.9192
epoch 168: loss=0.060729, train_acc=0.9802, time=9.6s
per-rank: rank0[cuda0,share=0.3877,tput=3.60] rank1[cuda1,share=0.3122,tput=2.40] rank2[cuda2,share=0.3002,tput=3.05]
epoch 168: eval=0.9188
epoch 169: loss=0.058172, train_acc=0.9819, time=9.4s
per-rank: rank0[cuda0,share=0.3867,tput=2.80] rank1[cuda1,share=0.3118,tput=4.32] rank2[cuda2,share=0.3015,tput=2.52]
epoch 169: eval=0.9187
epoch 170: loss=0.058749, train_acc=0.9810, time=9.4s
per-rank: rank0[cuda0,share=0.3879,tput=3.63] rank1[cuda1,share=0.3103,tput=4.54] rank2[cuda2,share=0.3017,tput=2.24]
epoch 170: eval=0.9179
epoch 171: loss=0.058152, train_acc=0.9811, time=9.4s
per-rank: rank0[cuda0,share=0.3907,tput=3.15] rank1[cuda1,share=0.3081,tput=3.33] rank2[cuda2,share=0.3012,tput=2.35]
epoch 171: eval=0.9196
epoch 172: loss=0.057206, train_acc=0.9817, time=11.6s
per-rank: rank0[cuda0,share=0.3935,tput=2.11] rank1[cuda1,share=0.3058,tput=5.27] rank2[cuda2,share=0.3007,tput=3.22]
epoch 172: eval=0.9181
epoch 173: loss=0.056970, train_acc=0.9813, time=10.6s
per-rank: rank0[cuda0,share=0.3962,tput=2.42] rank1[cuda1,share=0.3036,tput=3.54] rank2[cuda2,share=0.3002,tput=2.74]
epoch 173: eval=0.9172
epoch 174: loss=0.057202, train_acc=0.9816, time=9.3s
per-rank: rank0[cuda0,share=0.3990,tput=2.65] rank1[cuda1,share=0.3014,tput=2.21] rank2[cuda2,share=0.2997,tput=5.38]
epoch 174: eval=0.9191
epoch 175: loss=0.054022, train_acc=0.9833, time=9.3s
per-rank: rank0[cuda0,share=0.4017,tput=2.36] rank1[cuda1,share=0.2991,tput=5.29] rank2[cuda2,share=0.2991,tput=2.34]
epoch 175: eval=0.9155
epoch 176: loss=0.055741, train_acc=0.9820, time=9.3s
per-rank: rank0[cuda0,share=0.4044,tput=2.90] rank2[cuda2,share=0.2986,tput=2.33] rank1[cuda1,share=0.2969,tput=3.64]
epoch 176: eval=0.9184
epoch 177: loss=0.057265, train_acc=0.9812, time=9.4s
per-rank: rank0[cuda0,share=0.4072,tput=2.33] rank2[cuda2,share=0.2981,tput=2.23] rank1[cuda1,share=0.2947,tput=6.32]
epoch 177: eval=0.9168
epoch 178: loss=0.054059, train_acc=0.9825, time=9.8s
per-rank: rank0[cuda0,share=0.4099,tput=2.55] rank2[cuda2,share=0.2976,tput=4.66] rank1[cuda1,share=0.2925,tput=2.62]
epoch 178: eval=0.9191
epoch 179: loss=0.054831, train_acc=0.9819, time=9.5s
per-rank: rank0[cuda0,share=0.4119,tput=3.12] rank2[cuda2,share=0.2966,tput=3.15] rank1[cuda1,share=0.2915,tput=2.57]
epoch 179: eval=0.9190
epoch 180: loss=0.053908, train_acc=0.9830, time=9.2s
per-rank: rank0[cuda0,share=0.4112,tput=4.06] rank2[cuda2,share=0.2962,tput=2.87] rank1[cuda1,share=0.2926,tput=2.27]
epoch 180: eval=0.9183
epoch 181: loss=0.053327, train_acc=0.9829, time=10.8s
per-rank: rank0[cuda0,share=0.4106,tput=2.24] rank2[cuda2,share=0.2957,tput=3.45] rank1[cuda1,share=0.2937,tput=4.33]
epoch 181: eval=0.9207
epoch 182: loss=0.052765, train_acc=0.9832, time=10.1s
per-rank: rank0[cuda0,share=0.4100,tput=2.80] rank2[cuda2,share=0.2953,tput=3.47] rank1[cuda1,share=0.2948,tput=2.55]
epoch 182: eval=0.9181
epoch 183: loss=0.055516, train_acc=0.9818, time=9.3s
per-rank: rank0[cuda0,share=0.4109,tput=2.53] rank1[cuda1,share=0.2951,tput=5.85] rank2[cuda2,share=0.2941,tput=2.19]
epoch 183: eval=0.9174
epoch 184: loss=0.052846, train_acc=0.9834, time=12.5s
per-rank: rank0[cuda0,share=0.4117,tput=1.98] rank1[cuda1,share=0.2954,tput=3.73] rank2[cuda2,share=0.2929,tput=4.82]
epoch 184: eval=0.9171
epoch 185: loss=0.053306, train_acc=0.9831, time=11.4s
per-rank: rank0[cuda0,share=0.4126,tput=2.15] rank1[cuda1,share=0.2957,tput=4.20] rank2[cuda2,share=0.2917,tput=2.70]
epoch 185: eval=0.9202
epoch 186: loss=0.052261, train_acc=0.9832, time=9.7s
per-rank: rank0[cuda0,share=0.4134,tput=3.06] rank1[cuda1,share=0.2960,tput=2.81] rank2[cuda2,share=0.2906,tput=2.64]
epoch 186: eval=0.9195
epoch 187: loss=0.053406, train_acc=0.9820, time=9.4s
per-rank: rank0[cuda0,share=0.4136,tput=2.60] rank1[cuda1,share=0.2975,tput=2.48] rank2[cuda2,share=0.2889,tput=4.57]
epoch 187: eval=0.9197
epoch 188: loss=0.050780, train_acc=0.9838, time=9.4s
per-rank: rank0[cuda0,share=0.4137,tput=3.64] rank1[cuda1,share=0.2990,tput=2.89] rank2[cuda2,share=0.2873,tput=2.31]
epoch 188: eval=0.9179
epoch 189: loss=0.050479, train_acc=0.9834, time=9.3s
per-rank: rank0[cuda0,share=0.4139,tput=4.07] rank1[cuda1,share=0.3004,tput=2.20] rank2[cuda2,share=0.2857,tput=3.81]
epoch 189: eval=0.9180
epoch 190: loss=0.051095, train_acc=0.9838, time=9.4s
per-rank: rank0[cuda0,share=0.4146,tput=2.51] rank1[cuda1,share=0.3008,tput=2.00] rank2[cuda2,share=0.2846,tput=6.39]
epoch 190: eval=0.9186
epoch 191: loss=0.049640, train_acc=0.9840, time=9.3s
per-rank: rank0[cuda0,share=0.4149,tput=4.39] rank1[cuda1,share=0.3003,tput=3.50] rank2[cuda2,share=0.2848,tput=2.28]
epoch 191: eval=0.9168
epoch 192: loss=0.050414, train_acc=0.9843, time=11.6s
per-rank: rank0[cuda0,share=0.4151,tput=2.07] rank1[cuda1,share=0.2998,tput=3.74] rank2[cuda2,share=0.2851,tput=4.43]
epoch 192: eval=0.9186
epoch 193: loss=0.048631, train_acc=0.9848, time=10.7s
per-rank: rank0[cuda0,share=0.4139,tput=2.68] rank1[cuda1,share=0.3000,tput=3.53] rank2[cuda2,share=0.2861,tput=2.43]
epoch 193: eval=0.9191
epoch 194: loss=0.048581, train_acc=0.9845, time=11.3s
per-rank: rank0[cuda0,share=0.4127,tput=2.13] rank1[cuda1,share=0.3002,tput=3.67] rank2[cuda2,share=0.2871,tput=4.39]
epoch 194: eval=0.9187
epoch 195: loss=0.049454, train_acc=0.9843, time=10.5s
per-rank: rank0[cuda0,share=0.4115,tput=2.84] rank1[cuda1,share=0.3004,tput=3.15] rank2[cuda2,share=0.2881,tput=2.78]
epoch 195: eval=0.9200
epoch 196: loss=0.047473, train_acc=0.9849, time=9.3s
per-rank: rank0[cuda0,share=0.4103,tput=2.70] rank1[cuda1,share=0.3006,tput=4.84] rank2[cuda2,share=0.2891,tput=2.28]
epoch 196: eval=0.9199
epoch 197: loss=0.049385, train_acc=0.9840, time=9.3s
per-rank: rank0[cuda0,share=0.4111,tput=2.59] rank1[cuda1,share=0.2990,tput=2.18] rank2[cuda2,share=0.2899,tput=5.26]
epoch 197: eval=0.9195
epoch 198: loss=0.048282, train_acc=0.9846, time=9.3s
per-rank: rank0[cuda0,share=0.4120,tput=3.22] rank1[cuda1,share=0.2973,tput=3.32] rank2[cuda2,share=0.2907,tput=2.37]
epoch 198: eval=0.9202
epoch 199: loss=0.048578, train_acc=0.9844, time=9.6s
per-rank: rank0[cuda0,share=0.4128,tput=2.76] rank1[cuda1,share=0.2957,tput=2.58] rank2[cuda2,share=0.2915,tput=3.46]
final eval=0.9200
# total: 1870.7s (31m 11s)
