# gpu0: NVIDIA GeForce RTX 5060 Ti (15GB, sm_120)
# gpu1: NVIDIA GeForce GTX 1060 6GB (5GB, sm_61)
# gpu2: NVIDIA GeForce GTX 1060 6GB (5GB, sm_61)
epoch 0: loss=2.418702, train_acc=0.1235, time=25.2s
per-rank: rank0[cuda0,share=0.3708,tput=0.91] rank1[cuda1,share=0.3170,tput=1.37] rank2[cuda2,share=0.3122,tput=1.65]
epoch 0: eval=0.2081
epoch 1: loss=2.026663, train_acc=0.2042, time=25.1s
per-rank: rank0[cuda0,share=0.3648,tput=1.00] rank1[cuda1,share=0.3248,tput=0.76] rank2[cuda2,share=0.3103,tput=2.12]
epoch 1: eval=0.2209
epoch 2: loss=1.864501, train_acc=0.2741, time=25.4s
per-rank: rank0[cuda0,share=0.3653,tput=1.39] rank1[cuda1,share=0.3215,tput=0.86] rank2[cuda2,share=0.3132,tput=1.14]
epoch 2: eval=0.3091
epoch 3: loss=1.718121, train_acc=0.3491, time=25.3s
per-rank: rank0[cuda0,share=0.3633,tput=0.93] rank1[cuda1,share=0.3239,tput=1.94] rank2[cuda2,share=0.3128,tput=0.77]
epoch 3: eval=0.3846
epoch 4: loss=1.642631, train_acc=0.3894, time=25.4s
per-rank: rank0[cuda0,share=0.3599,tput=1.44] rank1[cuda1,share=0.3217,tput=1.28] rank2[cuda2,share=0.3184,tput=0.76]
epoch 4: eval=0.4216
epoch 5: loss=1.567761, train_acc=0.4200, time=29.4s
per-rank: rank0[cuda0,share=0.3608,tput=0.75] rank1[cuda1,share=0.3258,tput=1.18] rank2[cuda2,share=0.3134,tput=1.70]
epoch 5: eval=0.4259
epoch 6: loss=1.498066, train_acc=0.4466, time=27.1s
per-rank: rank0[cuda0,share=0.3493,tput=0.96] rank1[cuda1,share=0.3285,tput=0.93] rank2[cuda2,share=0.3222,tput=1.39]
epoch 6: eval=0.3859
epoch 7: loss=1.425680, train_acc=0.4773, time=25.3s
per-rank: rank0[cuda0,share=0.3370,tput=1.46] rank1[cuda1,share=0.3370,tput=1.28] rank2[cuda2,share=0.3261,tput=0.79]
epoch 7: eval=0.4874
epoch 8: loss=1.355843, train_acc=0.5082, time=25.3s
per-rank: rank0[cuda0,share=0.3434,tput=1.46] rank1[cuda1,share=0.3311,tput=0.80] rank2[cuda2,share=0.3255,tput=1.21]
epoch 8: eval=0.4958
epoch 9: loss=1.276376, train_acc=0.5398, time=29.5s
per-rank: rank0[cuda0,share=0.3559,tput=0.74] rank2[cuda2,share=0.3243,tput=1.80] rank1[cuda1,share=0.3198,tput=1.21]
epoch 9: eval=0.5258
epoch 10: loss=1.200457, train_acc=0.5723, time=27.8s
per-rank: rank0[cuda0,share=0.3588,tput=1.12] rank1[cuda1,share=0.3241,tput=0.94] rank2[cuda2,share=0.3171,tput=1.23]
epoch 10: eval=0.5278
epoch 11: loss=1.128980, train_acc=0.5955, time=29.9s
per-rank: rank0[cuda0,share=0.3548,tput=0.73] rank1[cuda1,share=0.3226,tput=1.18] rank2[cuda2,share=0.3226,tput=1.85]
epoch 11: eval=0.5887
epoch 12: loss=1.075123, train_acc=0.6164, time=27.5s
per-rank: rank0[cuda0,share=0.3437,tput=1.26] rank1[cuda1,share=0.3359,tput=1.41] rank2[cuda2,share=0.3204,tput=0.86]
epoch 12: eval=0.5232
epoch 13: loss=1.016822, train_acc=0.6386, time=28.0s
per-rank: rank0[cuda0,share=0.3632,tput=0.76] rank1[cuda1,share=0.3333,tput=1.82] rank2[cuda2,share=0.3034,tput=1.08]
epoch 13: eval=0.6034
epoch 14: loss=0.957481, train_acc=0.6636, time=26.9s
per-rank: rank0[cuda0,share=0.3560,tput=1.23] rank1[cuda1,share=0.3294,tput=0.87] rank2[cuda2,share=0.3146,tput=1.38]
epoch 14: eval=0.6613
epoch 15: loss=0.908114, train_acc=0.6810, time=29.3s
per-rank: rank0[cuda0,share=0.3646,tput=0.76] rank1[cuda1,share=0.3267,tput=2.02] rank2[cuda2,share=0.3087,tput=1.04]
epoch 15: eval=0.6725
epoch 16: loss=0.850381, train_acc=0.7017, time=27.0s
per-rank: rank0[cuda0,share=0.3631,tput=1.15] rank1[cuda1,share=0.3327,tput=0.84] rank2[cuda2,share=0.3041,tput=1.41]
epoch 16: eval=0.6785
epoch 17: loss=0.816805, train_acc=0.7128, time=29.0s
per-rank: rank0[cuda0,share=0.3616,tput=0.77] rank2[cuda2,share=0.3206,tput=1.90] rank1[cuda1,share=0.3179,tput=1.04]
epoch 17: eval=0.6611
epoch 18: loss=0.766682, train_acc=0.7329, time=27.1s
per-rank: rank0[cuda0,share=0.3619,tput=1.11] rank2[cuda2,share=0.3217,tput=1.27] rank1[cuda1,share=0.3164,tput=0.96]
epoch 18: eval=0.6272
epoch 19: loss=0.746686, train_acc=0.7412, time=25.0s
per-rank: rank0[cuda0,share=0.3408,tput=1.09] rank1[cuda1,share=0.3333,tput=0.90] rank2[cuda2,share=0.3258,tput=1.41]
epoch 19: eval=0.6542
epoch 20: loss=0.710221, train_acc=0.7544, time=25.0s
per-rank: rank2[cuda2,share=0.3373,tput=1.81] rank0[cuda0,share=0.3327,tput=1.13] rank1[cuda1,share=0.3299,tput=0.77]
epoch 20: eval=0.7090
epoch 21: loss=0.691673, train_acc=0.7605, time=28.2s
per-rank: rank0[cuda0,share=0.3553,tput=0.76] rank2[cuda2,share=0.3251,tput=1.62] rank1[cuda1,share=0.3196,tput=1.26]
epoch 21: eval=0.7283
epoch 22: loss=0.664778, train_acc=0.7700, time=26.6s
per-rank: rank0[cuda0,share=0.3539,tput=1.20] rank1[cuda1,share=0.3277,tput=1.42] rank2[cuda2,share=0.3184,tput=0.84]
epoch 22: eval=0.6999
epoch 23: loss=0.649062, train_acc=0.7752, time=25.2s
per-rank: rank0[cuda0,share=0.3624,tput=1.54] rank1[cuda1,share=0.3314,tput=0.86] rank2[cuda2,share=0.3062,tput=1.07]
epoch 23: eval=0.7309
epoch 24: loss=0.638929, train_acc=0.7794, time=31.2s
per-rank: rank0[cuda0,share=0.3566,tput=0.73] rank1[cuda1,share=0.3354,tput=1.28] rank2[cuda2,share=0.3081,tput=1.88]
epoch 24: eval=0.7200
epoch 25: loss=0.618672, train_acc=0.7880, time=28.1s
per-rank: rank0[cuda0,share=0.3417,tput=0.95] rank1[cuda1,share=0.3344,tput=0.94] rank2[cuda2,share=0.3239,tput=1.48]
epoch 25: eval=0.7474
epoch 26: loss=0.608611, train_acc=0.7910, time=24.9s
per-rank: rank0[cuda0,share=0.3459,tput=1.55] rank2[cuda2,share=0.3308,tput=1.26] rank1[cuda1,share=0.3232,tput=0.76]
epoch 26: eval=0.7488
epoch 27: loss=0.658243, train_acc=0.7740, time=29.1s
per-rank: rank0[cuda0,share=0.3575,tput=0.72] rank2[cuda2,share=0.3261,tput=1.17] rank1[cuda1,share=0.3164,tput=1.86]
epoch 27: eval=0.7641
epoch 28: loss=0.639424, train_acc=0.7798, time=26.7s
per-rank: rank0[cuda0,share=0.3597,tput=1.20] rank2[cuda2,share=0.3252,tput=1.25] rank1[cuda1,share=0.3151,tput=0.93]
epoch 28: eval=0.7818
epoch 29: loss=0.630311, train_acc=0.7834, time=29.1s
per-rank: rank0[cuda0,share=0.3605,tput=0.75] rank2[cuda2,share=0.3247,tput=1.13] rank1[cuda1,share=0.3148,tput=1.84]
epoch 29: eval=0.7323
epoch 30: loss=0.615512, train_acc=0.7885, time=27.0s
per-rank: rank0[cuda0,share=0.3611,tput=1.30] rank2[cuda2,share=0.3244,tput=1.16] rank1[cuda1,share=0.3145,tput=0.97]
epoch 30: eval=0.7375
epoch 31: loss=0.605184, train_acc=0.7939, time=29.1s
per-rank: rank0[cuda0,share=0.3615,tput=0.74] rank2[cuda2,share=0.3242,tput=1.70] rank1[cuda1,share=0.3143,tput=1.23]
epoch 31: eval=0.7349
epoch 32: loss=0.600216, train_acc=0.7928, time=26.8s
per-rank: rank0[cuda0,share=0.3618,tput=1.06] rank2[cuda2,share=0.3240,tput=0.90] rank1[cuda1,share=0.3142,tput=1.39]
epoch 32: eval=0.7452
epoch 33: loss=0.596203, train_acc=0.7972, time=28.7s
per-rank: rank0[cuda0,share=0.3621,tput=0.76] rank2[cuda2,share=0.3238,tput=1.15] rank1[cuda1,share=0.3141,tput=1.92]
epoch 33: eval=0.7387
epoch 34: loss=0.588492, train_acc=0.7992, time=27.3s
per-rank: rank0[cuda0,share=0.3623,tput=0.86] rank2[cuda2,share=0.3237,tput=1.29] rank1[cuda1,share=0.3140,tput=1.05]
epoch 34: eval=0.7889
epoch 35: loss=0.579713, train_acc=0.8014, time=29.6s
per-rank: rank0[cuda0,share=0.3609,tput=0.74] rank2[cuda2,share=0.3244,tput=1.71] rank1[cuda1,share=0.3147,tput=1.28]
epoch 35: eval=0.7127
epoch 36: loss=0.567345, train_acc=0.8054, time=27.2s
per-rank: rank0[cuda0,share=0.3593,tput=1.13] rank2[cuda2,share=0.3252,tput=1.29] rank1[cuda1,share=0.3154,tput=0.99]
epoch 36: eval=0.7511
epoch 37: loss=0.569749, train_acc=0.8033, time=24.6s
per-rank: rank0[cuda0,share=0.3584,tput=1.47] rank2[cuda2,share=0.3248,tput=0.76] rank1[cuda1,share=0.3168,tput=1.33]
epoch 37: eval=0.7553
epoch 38: loss=0.559641, train_acc=0.8086, time=27.4s
per-rank: rank0[cuda0,share=0.3566,tput=0.78] rank2[cuda2,share=0.3239,tput=1.13] rank1[cuda1,share=0.3195,tput=1.83]
epoch 38: eval=0.7883
epoch 39: loss=0.561069, train_acc=0.8071, time=26.7s
per-rank: rank0[cuda0,share=0.3556,tput=1.28] rank2[cuda2,share=0.3235,tput=0.84] rank1[cuda1,share=0.3209,tput=1.25]
epoch 39: eval=0.8185
epoch 40: loss=0.550741, train_acc=0.8108, time=24.6s
per-rank: rank0[cuda0,share=0.3547,tput=0.97] rank2[cuda2,share=0.3231,tput=0.81] rank1[cuda1,share=0.3223,tput=2.04]
epoch 40: eval=0.7978
epoch 41: loss=0.542940, train_acc=0.8117, time=28.3s
per-rank: rank0[cuda0,share=0.3537,tput=0.74] rank1[cuda1,share=0.3237,tput=1.85] rank2[cuda2,share=0.3227,tput=1.12]
epoch 41: eval=0.7499
epoch 42: loss=0.546642, train_acc=0.8128, time=27.8s
per-rank: rank0[cuda0,share=0.3527,tput=1.09] rank1[cuda1,share=0.3251,tput=0.92] rank2[cuda2,share=0.3222,tput=1.17]
epoch 42: eval=0.7248
epoch 43: loss=0.540825, train_acc=0.8143, time=28.9s
per-rank: rank0[cuda0,share=0.3517,tput=0.74] rank1[cuda1,share=0.3265,tput=1.25] rank2[cuda2,share=0.3218,tput=1.60]
epoch 43: eval=0.7906
epoch 44: loss=0.540691, train_acc=0.8148, time=27.5s
per-rank: rank0[cuda0,share=0.3524,tput=1.18] rank1[cuda1,share=0.3271,tput=0.90] rank2[cuda2,share=0.3205,tput=1.27]
epoch 44: eval=0.7327
epoch 45: loss=0.540506, train_acc=0.8140, time=25.5s
per-rank: rank0[cuda0,share=0.3530,tput=0.99] rank1[cuda1,share=0.3277,tput=1.97] rank2[cuda2,share=0.3193,tput=0.75]
epoch 45: eval=0.6792
epoch 46: loss=0.531628, train_acc=0.8172, time=25.2s
per-rank: rank0[cuda0,share=0.3536,tput=1.02] rank1[cuda1,share=0.3283,tput=0.78] rank2[cuda2,share=0.3181,tput=1.89]
epoch 46: eval=0.7633
epoch 47: loss=0.526592, train_acc=0.8198, time=25.5s
per-rank: rank0[cuda0,share=0.3550,tput=0.96] rank1[cuda1,share=0.3283,tput=0.81] rank2[cuda2,share=0.3167,tput=1.92]
epoch 47: eval=0.8101
epoch 48: loss=0.530471, train_acc=0.8186, time=24.9s
per-rank: rank0[cuda0,share=0.3556,tput=0.92] rank1[cuda1,share=0.3284,tput=1.90] rank2[cuda2,share=0.3160,tput=0.85]
epoch 48: eval=0.8364
epoch 49: loss=0.520584, train_acc=0.8225, time=25.9s
per-rank: rank0[cuda0,share=0.3569,tput=1.37] rank1[cuda1,share=0.3272,tput=1.12] rank2[cuda2,share=0.3159,tput=0.80]
epoch 49: eval=0.7897
epoch 50: loss=0.519845, train_acc=0.8214, time=25.3s
per-rank: rank0[cuda0,share=0.3582,tput=1.23] rank1[cuda1,share=0.3260,tput=0.87] rank2[cuda2,share=0.3158,tput=1.26]
epoch 50: eval=0.8043
epoch 51: loss=0.520928, train_acc=0.8189, time=29.3s
per-rank: rank0[cuda0,share=0.3582,tput=0.75] rank1[cuda1,share=0.3255,tput=1.21] rank2[cuda2,share=0.3163,tput=1.65]
epoch 51: eval=0.7444
epoch 52: loss=0.515367, train_acc=0.8228, time=28.0s
per-rank: rank0[cuda0,share=0.3582,tput=1.04] rank1[cuda1,share=0.3250,tput=1.42] rank2[cuda2,share=0.3168,tput=0.84]
epoch 52: eval=0.7957
epoch 53: loss=0.512102, train_acc=0.8234, time=26.4s
per-rank: rank0[cuda0,share=0.3582,tput=1.37] rank1[cuda1,share=0.3245,tput=1.19] rank2[cuda2,share=0.3173,tput=0.79]
epoch 53: eval=0.7862
epoch 54: loss=0.512989, train_acc=0.8250, time=25.1s
per-rank: rank0[cuda0,share=0.3582,tput=1.52] rank1[cuda1,share=0.3240,tput=0.85] rank2[cuda2,share=0.3178,tput=1.09]
epoch 54: eval=0.7824
epoch 55: loss=0.512044, train_acc=0.8248, time=31.0s
per-rank: rank0[cuda0,share=0.3577,tput=0.70] rank1[cuda1,share=0.3230,tput=1.88] rank2[cuda2,share=0.3193,tput=1.13]
epoch 55: eval=0.7414
epoch 56: loss=0.516269, train_acc=0.8217, time=28.5s
per-rank: rank0[cuda0,share=0.3571,tput=0.91] rank1[cuda1,share=0.3224,tput=1.41] rank2[cuda2,share=0.3205,tput=0.90]
epoch 56: eval=0.7640
epoch 57: loss=0.501474, train_acc=0.8286, time=26.1s
per-rank: rank0[cuda0,share=0.3559,tput=0.89] rank1[cuda1,share=0.3230,tput=0.87] rank2[cuda2,share=0.3211,tput=1.61]
epoch 57: eval=0.7971
epoch 58: loss=0.497397, train_acc=0.8293, time=25.3s
per-rank: rank0[cuda0,share=0.3548,tput=1.43] rank1[cuda1,share=0.3236,tput=1.19] rank2[cuda2,share=0.3216,tput=0.81]
epoch 58: eval=0.7432
epoch 59: loss=0.506561, train_acc=0.8252, time=26.8s
per-rank: rank0[cuda0,share=0.3530,tput=0.78] rank1[cuda1,share=0.3254,tput=1.70] rank2[cuda2,share=0.3216,tput=1.14]
epoch 59: eval=0.8008
epoch 60: loss=0.497640, train_acc=0.8302, time=26.2s
per-rank: rank0[cuda0,share=0.3512,tput=1.27] rank1[cuda1,share=0.3272,tput=1.27] rank2[cuda2,share=0.3216,tput=0.83]
epoch 60: eval=0.7695
epoch 61: loss=0.498145, train_acc=0.8280, time=28.9s
per-rank: rank0[cuda0,share=0.3501,tput=0.74] rank1[cuda1,share=0.3296,tput=1.28] rank2[cuda2,share=0.3203,tput=1.73]
epoch 61: eval=0.7611
epoch 62: loss=0.486293, train_acc=0.8340, time=26.9s
per-rank: rank0[cuda0,share=0.3502,tput=1.09] rank1[cuda1,share=0.3296,tput=1.32] rank2[cuda2,share=0.3202,tput=0.90]
epoch 62: eval=0.7394
epoch 63: loss=0.497224, train_acc=0.8317, time=25.6s
per-rank: rank0[cuda0,share=0.3503,tput=0.84] rank1[cuda1,share=0.3295,tput=2.04] rank2[cuda2,share=0.3202,tput=0.81]
epoch 63: eval=0.7996
epoch 64: loss=0.486069, train_acc=0.8340, time=25.9s
per-rank: rank0[cuda0,share=0.3489,tput=0.85] rank1[cuda1,share=0.3303,tput=0.85] rank2[cuda2,share=0.3208,tput=1.84]
epoch 64: eval=0.7899
epoch 65: loss=0.483063, train_acc=0.8344, time=25.6s
per-rank: rank0[cuda0,share=0.3474,tput=0.96] rank1[cuda1,share=0.3311,tput=0.79] rank2[cuda2,share=0.3215,tput=1.86]
epoch 65: eval=0.7932
epoch 66: loss=0.494331, train_acc=0.8321, time=25.7s
per-rank: rank0[cuda0,share=0.3471,tput=1.05] rank1[cuda1,share=0.3312,tput=0.76] rank2[cuda2,share=0.3218,tput=1.71]
epoch 66: eval=0.7859
epoch 67: loss=0.483947, train_acc=0.8338, time=28.4s
per-rank: rank0[cuda0,share=0.3464,tput=0.73] rank1[cuda1,share=0.3314,tput=1.19] rank2[cuda2,share=0.3222,tput=1.66]
epoch 67: eval=0.7766
epoch 68: loss=0.477402, train_acc=0.8349, time=27.0s
per-rank: rank0[cuda0,share=0.3467,tput=1.21] rank1[cuda1,share=0.3303,tput=1.20] rank2[cuda2,share=0.3230,tput=0.86]
epoch 68: eval=0.7123
epoch 69: loss=0.486235, train_acc=0.8334, time=29.6s
per-rank: rank0[cuda0,share=0.3470,tput=0.72] rank1[cuda1,share=0.3292,tput=1.22] rank2[cuda2,share=0.3238,tput=1.73]
epoch 69: eval=0.7859
epoch 70: loss=0.484254, train_acc=0.8333, time=27.4s
per-rank: rank0[cuda0,share=0.3473,tput=1.05] rank1[cuda1,share=0.3281,tput=0.91] rank2[cuda2,share=0.3246,tput=1.29]
epoch 70: eval=0.8080
epoch 71: loss=0.494506, train_acc=0.8303, time=25.7s
per-rank: rank0[cuda0,share=0.3469,tput=0.96] rank1[cuda1,share=0.3283,tput=1.78] rank2[cuda2,share=0.3248,tput=0.77]
epoch 71: eval=0.7653
epoch 72: loss=0.475102, train_acc=0.8379, time=25.6s
per-rank: rank0[cuda0,share=0.3477,tput=0.77] rank1[cuda1,share=0.3279,tput=2.12] rank2[cuda2,share=0.3243,tput=0.83]
epoch 72: eval=0.8163
epoch 73: loss=0.479842, train_acc=0.8369, time=30.7s
per-rank: rank0[cuda0,share=0.3484,tput=0.69] rank1[cuda1,share=0.3284,tput=1.24] rank2[cuda2,share=0.3232,tput=1.61]
epoch 73: eval=0.7871
epoch 74: loss=0.477964, train_acc=0.8364, time=28.1s
per-rank: rank0[cuda0,share=0.3484,tput=1.05] rank1[cuda1,share=0.3283,tput=0.88] rank2[cuda2,share=0.3232,tput=1.36]
epoch 74: eval=0.7990
epoch 75: loss=0.472225, train_acc=0.8387, time=26.1s
per-rank: rank0[cuda0,share=0.3484,tput=1.39] rank1[cuda1,share=0.3283,tput=1.14] rank2[cuda2,share=0.3233,tput=0.78]
epoch 75: eval=0.7899
epoch 76: loss=0.478663, train_acc=0.8367, time=25.7s
per-rank: rank0[cuda0,share=0.3485,tput=1.20] rank1[cuda1,share=0.3282,tput=1.23] rank2[cuda2,share=0.3234,tput=0.82]
epoch 76: eval=0.7618
epoch 77: loss=0.465111, train_acc=0.8416, time=28.9s
per-rank: rank0[cuda0,share=0.3472,tput=0.73] rank1[cuda1,share=0.3305,tput=1.25] rank2[cuda2,share=0.3223,tput=1.68]
epoch 77: eval=0.7806
epoch 78: loss=0.474605, train_acc=0.8385, time=26.5s
per-rank: rank0[cuda0,share=0.3466,tput=1.16] rank1[cuda1,share=0.3317,tput=1.42] rank2[cuda2,share=0.3218,tput=0.86]
epoch 78: eval=0.7469
epoch 79: loss=0.473703, train_acc=0.8395, time=25.2s
per-rank: rank0[cuda0,share=0.3459,tput=1.38] rank1[cuda1,share=0.3328,tput=1.19] rank2[cuda2,share=0.3212,tput=0.84]
epoch 79: eval=0.8001
epoch 80: loss=0.470238, train_acc=0.8381, time=25.4s
per-rank: rank0[cuda0,share=0.3444,tput=1.26] rank1[cuda1,share=0.3336,tput=1.27] rank2[cuda2,share=0.3220,tput=0.85]
epoch 80: eval=0.7929
epoch 81: loss=0.461588, train_acc=0.8413, time=25.3s
per-rank: rank0[cuda0,share=0.3437,tput=1.01] rank1[cuda1,share=0.3348,tput=1.72] rank2[cuda2,share=0.3215,tput=0.80]
epoch 81: eval=0.8372
epoch 82: loss=0.468882, train_acc=0.8399, time=24.9s
per-rank: rank0[cuda0,share=0.3438,tput=1.46] rank1[cuda1,share=0.3348,tput=0.87] rank2[cuda2,share=0.3215,tput=1.18]
epoch 82: eval=0.8048
epoch 83: loss=0.473198, train_acc=0.8363, time=25.1s
per-rank: rank0[cuda0,share=0.3438,tput=1.58] rank1[cuda1,share=0.3347,tput=0.79] rank2[cuda2,share=0.3215,tput=1.25]
epoch 83: eval=0.7621
epoch 84: loss=0.466378, train_acc=0.8406, time=26.0s
per-rank: rank0[cuda0,share=0.3438,tput=1.25] rank1[cuda1,share=0.3347,tput=1.14] rank2[cuda2,share=0.3215,tput=0.82]
epoch 84: eval=0.8231
epoch 85: loss=0.471866, train_acc=0.8389, time=25.9s
per-rank: rank0[cuda0,share=0.3438,tput=0.88] rank1[cuda1,share=0.3347,tput=0.82] rank2[cuda2,share=0.3215,tput=1.90]
epoch 85: eval=0.8156
epoch 86: loss=0.472130, train_acc=0.8395, time=25.7s
per-rank: rank0[cuda0,share=0.3438,tput=1.41] rank1[cuda1,share=0.3347,tput=0.83] rank2[cuda2,share=0.3215,tput=1.14]
epoch 86: eval=0.8086
epoch 87: loss=0.467264, train_acc=0.8404, time=26.2s
per-rank: rank0[cuda0,share=0.3444,tput=1.26] rank1[cuda1,share=0.3334,tput=1.23] rank2[cuda2,share=0.3222,tput=0.81]
epoch 87: eval=0.7430
epoch 88: loss=0.467077, train_acc=0.8392, time=25.9s
per-rank: rank0[cuda0,share=0.3450,tput=1.35] rank1[cuda1,share=0.3322,tput=0.84] rank2[cuda2,share=0.3227,tput=1.12]
epoch 88: eval=0.7147
epoch 89: loss=0.464185, train_acc=0.8409, time=29.7s
per-rank: rank0[cuda0,share=0.3452,tput=0.72] rank1[cuda1,share=0.3320,tput=1.64] rank2[cuda2,share=0.3228,tput=1.16]
epoch 89: eval=0.8256
epoch 90: loss=0.461348, train_acc=0.8422, time=27.3s
per-rank: rank0[cuda0,share=0.3447,tput=1.25] rank1[cuda1,share=0.3314,tput=1.43] rank2[cuda2,share=0.3239,tput=0.77]
epoch 90: eval=0.7932
epoch 91: loss=0.461333, train_acc=0.8412, time=27.5s
per-rank: rank0[cuda0,share=0.3448,tput=0.75] rank1[cuda1,share=0.3314,tput=1.77] rank2[cuda2,share=0.3238,tput=1.13]
epoch 91: eval=0.8399
epoch 92: loss=0.457096, train_acc=0.8453, time=26.6s
per-rank: rank0[cuda0,share=0.3449,tput=1.37] rank1[cuda1,share=0.3314,tput=0.87] rank2[cuda2,share=0.3238,tput=1.20]
epoch 92: eval=0.8086
epoch 93: loss=0.456645, train_acc=0.8427, time=25.2s
per-rank: rank0[cuda0,share=0.3449,tput=0.93] rank1[cuda1,share=0.3313,tput=0.87] rank2[cuda2,share=0.3237,tput=2.00]
epoch 93: eval=0.8237
epoch 94: loss=0.455457, train_acc=0.8452, time=25.2s
per-rank: rank0[cuda0,share=0.3450,tput=1.08] rank1[cuda1,share=0.3313,tput=1.72] rank2[cuda2,share=0.3237,tput=0.85]
epoch 94: eval=0.7713
epoch 95: loss=0.456893, train_acc=0.8430, time=29.3s
per-rank: rank0[cuda0,share=0.3450,tput=0.71] rank1[cuda1,share=0.3313,tput=1.79] rank2[cuda2,share=0.3236,tput=1.15]
epoch 95: eval=0.7650
epoch 96: loss=0.461261, train_acc=0.8424, time=27.3s
per-rank: rank0[cuda0,share=0.3445,tput=1.01] rank1[cuda1,share=0.3325,tput=1.33] rank2[cuda2,share=0.3230,tput=0.91]
epoch 96: eval=0.8099
epoch 97: loss=0.458227, train_acc=0.8436, time=25.7s
per-rank: rank0[cuda0,share=0.3429,tput=0.88] rank1[cuda1,share=0.3334,tput=1.93] rank2[cuda2,share=0.3237,tput=0.82]
epoch 97: eval=0.7818
epoch 98: loss=0.462055, train_acc=0.8421, time=25.7s
per-rank: rank0[cuda0,share=0.3421,tput=1.54] rank1[cuda1,share=0.3338,tput=1.16] rank2[cuda2,share=0.3241,tput=0.78]
epoch 98: eval=0.8422
epoch 99: loss=0.431816, train_acc=0.8519, time=25.6s
per-rank: rank0[cuda0,share=0.3416,tput=1.08] rank1[cuda1,share=0.3340,tput=1.85] rank2[cuda2,share=0.3244,tput=0.75]
epoch 99: eval=0.8200
epoch 100: loss=0.375043, train_acc=0.8736, time=27.0s
per-rank: rank0[cuda0,share=0.3411,tput=0.77] rank1[cuda1,share=0.3342,tput=1.62] rank2[cuda2,share=0.3247,tput=1.19]
epoch 100: eval=0.8960
epoch 101: loss=0.230325, train_acc=0.9210, time=26.0s
per-rank: rank0[cuda0,share=0.3430,tput=1.40] rank1[cuda1,share=0.3323,tput=0.79] rank2[cuda2,share=0.3247,tput=1.27]
epoch 101: eval=0.9049
epoch 102: loss=0.207862, train_acc=0.9286, time=31.8s
per-rank: rank0[cuda0,share=0.3467,tput=0.68] rank1[cuda1,share=0.3286,tput=1.79] rank2[cuda2,share=0.3247,tput=1.12]
epoch 102: eval=0.9113
epoch 103: loss=0.199363, train_acc=0.9319, time=28.4s
per-rank: rank0[cuda0,share=0.3473,tput=0.92] rank1[cuda1,share=0.3273,tput=0.99] rank2[cuda2,share=0.3254,tput=1.36]
epoch 103: eval=0.9120
epoch 104: loss=0.189954, train_acc=0.9352, time=26.2s
per-rank: rank0[cuda0,share=0.3478,tput=0.86] rank1[cuda1,share=0.3261,tput=1.79] rank2[cuda2,share=0.3261,tput=0.80]
epoch 104: eval=0.9124
epoch 105: loss=0.180132, train_acc=0.9384, time=25.5s
per-rank: rank0[cuda0,share=0.3494,tput=1.33] rank1[cuda1,share=0.3253,tput=0.81] rank2[cuda2,share=0.3253,tput=1.26]
epoch 105: eval=0.9134
epoch 106: loss=0.173540, train_acc=0.9397, time=30.6s
per-rank: rank0[cuda0,share=0.3496,tput=0.70] rank1[cuda1,share=0.3252,tput=1.71] rank2[cuda2,share=0.3252,tput=1.12]
epoch 106: eval=0.9154
epoch 107: loss=0.168049, train_acc=0.9421, time=28.2s
per-rank: rank0[cuda0,share=0.3504,tput=1.08] rank1[cuda1,share=0.3256,tput=1.38] rank2[cuda2,share=0.3240,tput=0.85]
epoch 107: eval=0.9152
epoch 108: loss=0.163730, train_acc=0.9431, time=25.7s
per-rank: rank0[cuda0,share=0.3513,tput=1.35] rank2[cuda2,share=0.3246,tput=1.22] rank1[cuda1,share=0.3241,tput=0.77]
epoch 108: eval=0.9165
epoch 109: loss=0.160033, train_acc=0.9444, time=25.0s
per-rank: rank0[cuda0,share=0.3497,tput=1.49] rank2[cuda2,share=0.3255,tput=1.14] rank1[cuda1,share=0.3248,tput=0.81]
epoch 109: eval=0.9159
epoch 110: loss=0.153267, train_acc=0.9477, time=30.5s
per-rank: rank0[cuda0,share=0.3480,tput=0.69] rank2[cuda2,share=0.3265,tput=1.70] rank1[cuda1,share=0.3255,tput=1.21]
epoch 110: eval=0.9147
epoch 111: loss=0.152161, train_acc=0.9469, time=28.6s
per-rank: rank0[cuda0,share=0.3463,tput=0.96] rank2[cuda2,share=0.3274,tput=1.27] rank1[cuda1,share=0.3263,tput=0.91]
epoch 111: eval=0.9112
epoch 112: loss=0.144055, train_acc=0.9498, time=26.2s
per-rank: rank0[cuda0,share=0.3458,tput=0.85] rank2[cuda2,share=0.3279,tput=0.80] rank1[cuda1,share=0.3263,tput=1.97]
epoch 112: eval=0.9176
epoch 113: loss=0.141462, train_acc=0.9510, time=25.7s
per-rank: rank0[cuda0,share=0.3443,tput=0.87] rank2[cuda2,share=0.3287,tput=0.79] rank1[cuda1,share=0.3270,tput=2.00]
epoch 113: eval=0.9154
epoch 114: loss=0.138729, train_acc=0.9522, time=28.6s
per-rank: rank0[cuda0,share=0.3449,tput=0.71] rank2[cuda2,share=0.3277,tput=1.60] rank1[cuda1,share=0.3274,tput=1.20]
epoch 114: eval=0.9215
epoch 115: loss=0.135108, train_acc=0.9533, time=27.2s
per-rank: rank0[cuda0,share=0.3449,tput=1.28] rank2[cuda2,share=0.3278,tput=0.83] rank1[cuda1,share=0.3273,tput=1.27]
epoch 115: eval=0.9148
epoch 116: loss=0.132742, train_acc=0.9541, time=29.5s
per-rank: rank0[cuda0,share=0.3442,tput=0.71] rank1[cuda1,share=0.3285,tput=1.66] rank2[cuda2,share=0.3273,tput=1.14]
epoch 116: eval=0.9182
epoch 117: loss=0.131792, train_acc=0.9546, time=27.6s
per-rank: rank0[cuda0,share=0.3435,tput=1.03] rank1[cuda1,share=0.3297,tput=0.87] rank2[cuda2,share=0.3268,tput=1.34]
epoch 117: eval=0.9158
epoch 118: loss=0.123735, train_acc=0.9565, time=29.7s
per-rank: rank0[cuda0,share=0.3429,tput=0.69] rank1[cuda1,share=0.3307,tput=1.16] rank2[cuda2,share=0.3264,tput=1.69]
epoch 118: eval=0.9132
epoch 119: loss=0.122731, train_acc=0.9570, time=28.1s
per-rank: rank0[cuda0,share=0.3430,tput=1.13] rank1[cuda1,share=0.3305,tput=1.31] rank2[cuda2,share=0.3265,tput=0.81]
epoch 119: eval=0.9165
epoch 120: loss=0.120611, train_acc=0.9575, time=26.2s
per-rank: rank0[cuda0,share=0.3418,tput=1.25] rank1[cuda1,share=0.3309,tput=0.81] rank2[cuda2,share=0.3273,tput=1.18]
epoch 120: eval=0.9175
epoch 121: loss=0.116137, train_acc=0.9606, time=28.3s
per-rank: rank0[cuda0,share=0.3428,tput=0.73] rank1[cuda1,share=0.3309,tput=1.25] rank2[cuda2,share=0.3262,tput=1.53]
epoch 121: eval=0.9156
epoch 122: loss=0.113757, train_acc=0.9602, time=27.3s
per-rank: rank0[cuda0,share=0.3430,tput=1.28] rank1[cuda1,share=0.3307,tput=0.80] rank2[cuda2,share=0.3263,tput=1.28]
epoch 122: eval=0.9136
epoch 123: loss=0.112480, train_acc=0.9619, time=29.0s
per-rank: rank0[cuda0,share=0.3434,tput=0.71] rank1[cuda1,share=0.3301,tput=1.15] rank2[cuda2,share=0.3265,tput=1.71]
epoch 123: eval=0.9186
epoch 124: loss=0.106785, train_acc=0.9618, time=27.5s
per-rank: rank0[cuda0,share=0.3436,tput=1.20] rank1[cuda1,share=0.3298,tput=0.89] rank2[cuda2,share=0.3266,tput=1.22]
epoch 124: eval=0.9133
epoch 125: loss=0.109183, train_acc=0.9618, time=25.9s
per-rank: rank0[cuda0,share=0.3445,tput=0.86] rank1[cuda1,share=0.3282,tput=1.88] rank2[cuda2,share=0.3273,tput=0.81]
epoch 125: eval=0.9197
epoch 126: loss=0.108372, train_acc=0.9628, time=29.3s
per-rank: rank0[cuda0,share=0.3452,tput=0.72] rank1[cuda1,share=0.3287,tput=1.20] rank2[cuda2,share=0.3261,tput=1.62]
epoch 126: eval=0.9175
epoch 127: loss=0.105615, train_acc=0.9628, time=27.7s
per-rank: rank0[cuda0,share=0.3484,tput=1.14] rank1[cuda1,share=0.3279,tput=0.82] rank2[cuda2,share=0.3237,tput=1.33]
epoch 127: eval=0.9130
epoch 128: loss=0.098715, train_acc=0.9653, time=25.6s
per-rank: rank0[cuda0,share=0.3497,tput=1.41] rank1[cuda1,share=0.3271,tput=0.86] rank2[cuda2,share=0.3232,tput=1.08]
epoch 128: eval=0.9112
epoch 129: loss=0.101070, train_acc=0.9641, time=30.1s
per-rank: rank0[cuda0,share=0.3523,tput=0.71] rank1[cuda1,share=0.3256,tput=1.61] rank2[cuda2,share=0.3221,tput=1.15]
epoch 129: eval=0.9192
epoch 130: loss=0.099238, train_acc=0.9651, time=27.7s
per-rank: rank0[cuda0,share=0.3536,tput=1.04] rank1[cuda1,share=0.3248,tput=0.88] rank2[cuda2,share=0.3215,tput=1.29]
epoch 130: eval=0.9100
epoch 131: loss=0.097540, train_acc=0.9662, time=25.8s
per-rank: rank0[cuda0,share=0.3535,tput=1.25] rank1[cuda1,share=0.3248,tput=1.18] rank2[cuda2,share=0.3217,tput=0.84]
epoch 131: eval=0.9165
epoch 132: loss=0.092144, train_acc=0.9680, time=28.3s
per-rank: rank0[cuda0,share=0.3547,tput=0.73] rank1[cuda1,share=0.3256,tput=1.75] rank2[cuda2,share=0.3197,tput=1.10]
epoch 132: eval=0.9072
epoch 133: loss=0.100207, train_acc=0.9643, time=26.3s
per-rank: rank0[cuda0,share=0.3536,tput=0.94] rank1[cuda1,share=0.3259,tput=0.97] rank2[cuda2,share=0.3205,tput=1.37]
epoch 133: eval=0.9144
epoch 134: loss=0.091633, train_acc=0.9674, time=28.8s
per-rank: rank0[cuda0,share=0.3511,tput=0.73] rank1[cuda1,share=0.3267,tput=1.21] rank2[cuda2,share=0.3221,tput=1.75]
epoch 134: eval=0.9091
epoch 135: loss=0.096521, train_acc=0.9650, time=27.3s
per-rank: rank0[cuda0,share=0.3486,tput=1.28] rank1[cuda1,share=0.3276,tput=1.22] rank2[cuda2,share=0.3238,tput=0.82]
epoch 135: eval=0.9204
epoch 136: loss=0.091461, train_acc=0.9686, time=25.2s
per-rank: rank0[cuda0,share=0.3479,tput=1.07] rank1[cuda1,share=0.3285,tput=1.75] rank2[cuda2,share=0.3236,tput=0.77]
epoch 136: eval=0.9122
epoch 137: loss=0.088563, train_acc=0.9697, time=29.0s
per-rank: rank0[cuda0,share=0.3494,tput=0.74] rank1[cuda1,share=0.3271,tput=1.22] rank2[cuda2,share=0.3235,tput=1.71]
epoch 137: eval=0.9140
epoch 138: loss=0.087862, train_acc=0.9690, time=27.3s
per-rank: rank0[cuda0,share=0.3494,tput=1.20] rank1[cuda1,share=0.3269,tput=1.25] rank2[cuda2,share=0.3237,tput=0.85]
epoch 138: eval=0.9197
epoch 139: loss=0.094932, train_acc=0.9661, time=25.7s
per-rank: rank0[cuda0,share=0.3507,tput=0.87] rank1[cuda1,share=0.3261,tput=0.85] rank2[cuda2,share=0.3232,tput=1.95]
epoch 139: eval=0.9099
epoch 140: loss=0.088318, train_acc=0.9688, time=25.4s
per-rank: rank0[cuda0,share=0.3545,tput=1.45] rank1[cuda1,share=0.3240,tput=0.78] rank2[cuda2,share=0.3215,tput=1.21]
epoch 140: eval=0.9166
epoch 141: loss=0.083717, train_acc=0.9706, time=25.5s
per-rank: rank0[cuda0,share=0.3582,tput=1.33] rank1[cuda1,share=0.3219,tput=0.89] rank2[cuda2,share=0.3199,tput=1.11]
epoch 141: eval=0.9122
epoch 142: loss=0.091740, train_acc=0.9668, time=25.3s
per-rank: rank0[cuda0,share=0.3587,tput=1.23] rank1[cuda1,share=0.3206,tput=1.25] rank2[cuda2,share=0.3206,tput=0.84]
epoch 142: eval=0.9049
epoch 143: loss=0.087361, train_acc=0.9684, time=28.1s
per-rank: rank0[cuda0,share=0.3584,tput=0.77] rank1[cuda1,share=0.3208,tput=1.17] rank2[cuda2,share=0.3208,tput=1.69]
epoch 143: eval=0.9108
epoch 144: loss=0.082373, train_acc=0.9715, time=27.4s
per-rank: rank0[cuda0,share=0.3593,tput=1.25] rank1[cuda1,share=0.3204,tput=1.18] rank2[cuda2,share=0.3204,tput=0.85]
epoch 144: eval=0.9129
epoch 145: loss=0.082112, train_acc=0.9705, time=25.6s
per-rank: rank0[cuda0,share=0.3588,tput=1.26] rank1[cuda1,share=0.3206,tput=1.22] rank2[cuda2,share=0.3206,tput=0.80]
epoch 145: eval=0.9138
epoch 146: loss=0.082662, train_acc=0.9711, time=25.5s
per-rank: rank0[cuda0,share=0.3556,tput=0.82] rank1[cuda1,share=0.3222,tput=0.86] rank2[cuda2,share=0.3222,tput=1.93]
epoch 146: eval=0.9153
epoch 147: loss=0.085040, train_acc=0.9707, time=28.2s
per-rank: rank0[cuda0,share=0.3561,tput=0.76] rank1[cuda1,share=0.3228,tput=1.77] rank2[cuda2,share=0.3211,tput=1.11]
epoch 147: eval=0.9134
epoch 148: loss=0.082354, train_acc=0.9710, time=26.9s
per-rank: rank0[cuda0,share=0.3555,tput=1.17] rank1[cuda1,share=0.3231,tput=1.28] rank2[cuda2,share=0.3214,tput=0.83]
epoch 148: eval=0.9192
epoch 149: loss=0.081391, train_acc=0.9713, time=29.1s
per-rank: rank0[cuda0,share=0.3535,tput=0.73] rank1[cuda1,share=0.3241,tput=1.24] rank2[cuda2,share=0.3224,tput=1.59]
epoch 149: eval=0.9224
epoch 150: loss=0.052249, train_acc=0.9834, time=27.3s
per-rank: rank0[cuda0,share=0.3532,tput=0.99] rank1[cuda1,share=0.3243,tput=0.94] rank2[cuda2,share=0.3225,tput=1.37]
epoch 150: eval=0.9272
epoch 151: loss=0.039003, train_acc=0.9886, time=25.4s
per-rank: rank0[cuda0,share=0.3512,tput=1.52] rank1[cuda1,share=0.3270,tput=0.80] rank2[cuda2,share=0.3217,tput=1.13]
epoch 151: eval=0.9267
epoch 152: loss=0.036763, train_acc=0.9893, time=27.5s
per-rank: rank0[cuda0,share=0.3513,tput=0.76] rank1[cuda1,share=0.3279,tput=1.67] rank2[cuda2,share=0.3208,tput=1.14]
epoch 152: eval=0.9286
epoch 153: loss=0.033441, train_acc=0.9907, time=26.3s
per-rank: rank0[cuda0,share=0.3509,tput=1.31] rank1[cuda1,share=0.3278,tput=0.89] rank2[cuda2,share=0.3214,tput=1.15]
epoch 153: eval=0.9280
epoch 154: loss=0.033057, train_acc=0.9900, time=25.2s
per-rank: rank0[cuda0,share=0.3529,tput=0.90] rank1[cuda1,share=0.3271,tput=0.86] rank2[cuda2,share=0.3200,tput=1.85]
epoch 154: eval=0.9296
epoch 155: loss=0.031992, train_acc=0.9910, time=25.5s
per-rank: rank0[cuda0,share=0.3546,tput=0.90] rank1[cuda1,share=0.3265,tput=0.81] rank2[cuda2,share=0.3188,tput=1.94]
epoch 155: eval=0.9275
epoch 156: loss=0.030729, train_acc=0.9910, time=25.4s
per-rank: rank0[cuda0,share=0.3545,tput=0.90] rank1[cuda1,share=0.3269,tput=0.85] rank2[cuda2,share=0.3186,tput=1.87]
epoch 156: eval=0.9294
epoch 157: loss=0.029865, train_acc=0.9916, time=25.7s
per-rank: rank0[cuda0,share=0.3544,tput=0.96] rank1[cuda1,share=0.3271,tput=1.92] rank2[cuda2,share=0.3184,tput=0.76]
epoch 157: eval=0.9302
epoch 158: loss=0.028404, train_acc=0.9922, time=26.0s
per-rank: rank0[cuda0,share=0.3544,tput=1.43] rank1[cuda1,share=0.3274,tput=0.83] rank2[cuda2,share=0.3182,tput=1.11]
epoch 158: eval=0.9294
epoch 159: loss=0.027534, train_acc=0.9921, time=25.7s
per-rank: rank0[cuda0,share=0.3547,tput=1.30] rank1[cuda1,share=0.3269,tput=0.81] rank2[cuda2,share=0.3184,tput=1.20]
epoch 159: eval=0.9289
epoch 160: loss=0.027258, train_acc=0.9922, time=25.6s
per-rank: rank0[cuda0,share=0.3550,tput=1.37] rank1[cuda1,share=0.3265,tput=1.24] rank2[cuda2,share=0.3185,tput=0.79]
epoch 160: eval=0.9283
epoch 161: loss=0.026931, train_acc=0.9924, time=25.0s
per-rank: rank0[cuda0,share=0.3549,tput=0.90] rank1[cuda1,share=0.3265,tput=1.82] rank2[cuda2,share=0.3186,tput=0.90]
epoch 161: eval=0.9289
epoch 162: loss=0.026037, train_acc=0.9930, time=25.3s
per-rank: rank0[cuda0,share=0.3561,tput=1.37] rank1[cuda1,share=0.3259,tput=1.19] rank2[cuda2,share=0.3180,tput=0.85]
epoch 162: eval=0.9300
epoch 163: loss=0.025083, train_acc=0.9931, time=30.5s
per-rank: rank0[cuda0,share=0.3544,tput=0.72] rank1[cuda1,share=0.3266,tput=1.81] rank2[cuda2,share=0.3190,tput=1.14]
epoch 163: eval=0.9283
epoch 164: loss=0.025081, train_acc=0.9931, time=28.2s
per-rank: rank0[cuda0,share=0.3544,tput=1.03] rank1[cuda1,share=0.3266,tput=0.90] rank2[cuda2,share=0.3190,tput=1.27]
epoch 164: eval=0.9293
epoch 165: loss=0.024114, train_acc=0.9931, time=29.4s
per-rank: rank0[cuda0,share=0.3527,tput=0.72] rank1[cuda1,share=0.3274,tput=1.23] rank2[cuda2,share=0.3200,tput=1.68]
epoch 165: eval=0.9295
epoch 166: loss=0.023862, train_acc=0.9932, time=28.2s
per-rank: rank0[cuda0,share=0.3525,tput=0.99] rank1[cuda1,share=0.3274,tput=1.36] rank2[cuda2,share=0.3201,tput=0.90]
epoch 166: eval=0.9301
epoch 167: loss=0.024349, train_acc=0.9929, time=25.8s
per-rank: rank0[cuda0,share=0.3524,tput=0.85] rank1[cuda1,share=0.3274,tput=2.01] rank2[cuda2,share=0.3202,tput=0.80]
epoch 167: eval=0.9292
epoch 168: loss=0.023780, train_acc=0.9934, time=25.5s
per-rank: rank0[cuda0,share=0.3509,tput=1.31] rank1[cuda1,share=0.3281,tput=0.81] rank2[cuda2,share=0.3210,tput=1.23]
epoch 168: eval=0.9294
epoch 169: loss=0.021463, train_acc=0.9938, time=25.1s
per-rank: rank0[cuda0,share=0.3494,tput=0.98] rank1[cuda1,share=0.3288,tput=0.84] rank2[cuda2,share=0.3218,tput=1.81]
epoch 169: eval=0.9290
epoch 170: loss=0.023021, train_acc=0.9932, time=30.4s
per-rank: rank0[cuda0,share=0.3479,tput=0.67] rank1[cuda1,share=0.3295,tput=1.20] rank2[cuda2,share=0.3226,tput=1.68]
epoch 170: eval=0.9276
epoch 171: loss=0.021623, train_acc=0.9939, time=29.1s
per-rank: rank0[cuda0,share=0.3456,tput=0.97] rank1[cuda1,share=0.3315,tput=1.39] rank2[cuda2,share=0.3229,tput=0.80]
epoch 171: eval=0.9290
epoch 172: loss=0.022025, train_acc=0.9937, time=26.1s
per-rank: rank0[cuda0,share=0.3448,tput=0.86] rank1[cuda1,share=0.3328,tput=1.81] rank2[cuda2,share=0.3224,tput=0.80]
epoch 172: eval=0.9294
epoch 173: loss=0.021217, train_acc=0.9940, time=25.4s
per-rank: rank0[cuda0,share=0.3433,tput=1.52] rank1[cuda1,share=0.3353,tput=1.17] rank2[cuda2,share=0.3214,tput=0.76]
epoch 173: eval=0.9295
epoch 174: loss=0.020287, train_acc=0.9944, time=25.3s
per-rank: rank0[cuda0,share=0.3425,tput=1.48] rank1[cuda1,share=0.3366,tput=0.78] rank2[cuda2,share=0.3209,tput=1.20]
epoch 174: eval=0.9300
epoch 175: loss=0.021516, train_acc=0.9942, time=25.3s
per-rank: rank0[cuda0,share=0.3426,tput=0.93] rank1[cuda1,share=0.3363,tput=1.73] rank2[cuda2,share=0.3212,tput=0.85]
epoch 175: eval=0.9294
epoch 176: loss=0.019672, train_acc=0.9947, time=30.5s
per-rank: rank0[cuda0,share=0.3426,tput=0.70] rank1[cuda1,share=0.3359,tput=1.20] rank2[cuda2,share=0.3214,tput=1.74]
epoch 176: eval=0.9290
epoch 177: loss=0.019080, train_acc=0.9951, time=28.8s
per-rank: rank0[cuda0,share=0.3441,tput=1.04] rank1[cuda1,share=0.3349,tput=0.84] rank2[cuda2,share=0.3210,tput=1.27]
epoch 177: eval=0.9287
epoch 178: loss=0.018550, train_acc=0.9951, time=29.5s
per-rank: rank0[cuda0,share=0.3471,tput=0.73] rank1[cuda1,share=0.3327,tput=1.73] rank2[cuda2,share=0.3203,tput=1.19]
epoch 178: eval=0.9285
epoch 179: loss=0.019620, train_acc=0.9947, time=27.4s
per-rank: rank0[cuda0,share=0.3480,tput=1.19] rank1[cuda1,share=0.3309,tput=1.26] rank2[cuda2,share=0.3211,tput=0.90]
epoch 179: eval=0.9279
epoch 180: loss=0.019171, train_acc=0.9949, time=25.6s
per-rank: rank0[cuda0,share=0.3489,tput=1.42] rank1[cuda1,share=0.3291,tput=1.31] rank2[cuda2,share=0.3220,tput=0.75]
epoch 180: eval=0.9281
epoch 181: loss=0.019640, train_acc=0.9945, time=25.5s
per-rank: rank0[cuda0,share=0.3498,tput=1.33] rank1[cuda1,share=0.3273,tput=0.84] rank2[cuda2,share=0.3229,tput=1.18]
epoch 181: eval=0.9280
epoch 182: loss=0.018730, train_acc=0.9950, time=29.6s
per-rank: rank0[cuda0,share=0.3517,tput=0.73] rank2[cuda2,share=0.3247,tput=1.68] rank1[cuda1,share=0.3236,tput=1.23]
epoch 182: eval=0.9271
epoch 183: loss=0.018087, train_acc=0.9952, time=27.4s
per-rank: rank0[cuda0,share=0.3517,tput=1.02] rank2[cuda2,share=0.3248,tput=1.30] rank1[cuda1,share=0.3235,tput=0.93]
epoch 183: eval=0.9268
epoch 184: loss=0.018059, train_acc=0.9954, time=26.3s
per-rank: rank0[cuda0,share=0.3517,tput=0.94] rank2[cuda2,share=0.3249,tput=1.71] rank1[cuda1,share=0.3234,tput=0.79]
epoch 184: eval=0.9277
epoch 185: loss=0.018697, train_acc=0.9950, time=25.9s
per-rank: rank0[cuda0,share=0.3518,tput=1.30] rank2[cuda2,share=0.3250,tput=1.14] rank1[cuda1,share=0.3233,tput=0.88]
epoch 185: eval=0.9286
epoch 186: loss=0.017876, train_acc=0.9953, time=26.0s
per-rank: rank0[cuda0,share=0.3505,tput=0.79] rank1[cuda1,share=0.3255,tput=1.96] rank2[cuda2,share=0.3240,tput=0.82]
epoch 186: eval=0.9295
epoch 187: loss=0.018076, train_acc=0.9952, time=29.5s
per-rank: rank0[cuda0,share=0.3499,tput=0.71] rank1[cuda1,share=0.3267,tput=1.66] rank2[cuda2,share=0.3234,tput=1.16]
epoch 187: eval=0.9289
epoch 188: loss=0.016321, train_acc=0.9959, time=27.5s
per-rank: rank0[cuda0,share=0.3499,tput=1.22] rank1[cuda1,share=0.3267,tput=1.25] rank2[cuda2,share=0.3234,tput=0.85]
epoch 188: eval=0.9293
epoch 189: loss=0.017065, train_acc=0.9954, time=30.4s
per-rank: rank0[cuda0,share=0.3498,tput=0.71] rank1[cuda1,share=0.3268,tput=1.71] rank2[cuda2,share=0.3234,tput=1.11]
epoch 189: eval=0.9296
epoch 190: loss=0.016369, train_acc=0.9954, time=27.9s
per-rank: rank0[cuda0,share=0.3497,tput=1.13] rank1[cuda1,share=0.3268,tput=1.33] rank2[cuda2,share=0.3235,tput=0.80]
epoch 190: eval=0.9285
epoch 191: loss=0.016041, train_acc=0.9958, time=25.6s
per-rank: rank0[cuda0,share=0.3497,tput=1.29] rank1[cuda1,share=0.3268,tput=1.27] rank2[cuda2,share=0.3235,tput=0.80]
epoch 191: eval=0.9283
epoch 192: loss=0.016017, train_acc=0.9957, time=25.5s
per-rank: rank0[cuda0,share=0.3502,tput=0.93] rank1[cuda1,share=0.3275,tput=0.85] rank2[cuda2,share=0.3223,tput=1.70]
epoch 192: eval=0.9284
epoch 193: loss=0.016117, train_acc=0.9959, time=25.5s
per-rank: rank0[cuda0,share=0.3503,tput=1.31] rank1[cuda1,share=0.3275,tput=1.21] rank2[cuda2,share=0.3222,tput=0.81]
epoch 193: eval=0.9295
epoch 194: loss=0.015516, train_acc=0.9960, time=29.2s
per-rank: rank0[cuda0,share=0.3505,tput=0.72] rank1[cuda1,share=0.3274,tput=1.64] rank2[cuda2,share=0.3221,tput=1.15]
epoch 194: eval=0.9301
epoch 195: loss=0.016027, train_acc=0.9957, time=27.7s
per-rank: rank0[cuda0,share=0.3507,tput=1.21] rank1[cuda1,share=0.3272,tput=0.83] rank2[cuda2,share=0.3221,tput=1.29]
epoch 195: eval=0.9280
epoch 196: loss=0.015311, train_acc=0.9961, time=26.0s
per-rank: rank0[cuda0,share=0.3509,tput=1.39] rank1[cuda1,share=0.3271,tput=1.20] rank2[cuda2,share=0.3221,tput=0.78]
epoch 196: eval=0.9294
epoch 197: loss=0.016852, train_acc=0.9952, time=26.2s
per-rank: rank0[cuda0,share=0.3512,tput=0.89] rank1[cuda1,share=0.3267,tput=1.89] rank2[cuda2,share=0.3221,tput=0.78]
epoch 197: eval=0.9294
epoch 198: loss=0.014577, train_acc=0.9964, time=25.7s
per-rank: rank0[cuda0,share=0.3520,tput=0.94] rank1[cuda1,share=0.3271,tput=0.89] rank2[cuda2,share=0.3210,tput=1.58]
epoch 198: eval=0.9293
epoch 199: loss=0.015464, train_acc=0.9961, time=25.5s
per-rank: rank0[cuda0,share=0.3529,tput=1.28] rank1[cuda1,share=0.3272,tput=0.85] rank2[cuda2,share=0.3199,tput=1.22]
final eval=0.9303
# total: 5061.8s (84m 22s)
