# gpu0: NVIDIA GeForce RTX 5060 Ti (15GB, sm_120)
# gpu1: NVIDIA GeForce GTX 1060 6GB (5GB, sm_61)
# gpu2: NVIDIA GeForce GTX 1060 6GB (5GB, sm_61)
epoch 0: loss=2.022946, train_acc=0.2261, time=8.9s
per-rank: rank0[cuda0,share=0.3896,tput=5.54] rank2[cuda2,share=0.3196,tput=3.54] rank1[cuda1,share=0.2908,tput=2.55]
epoch 0: eval=0.2818
epoch 1: loss=1.771273, train_acc=0.3233, time=8.7s
per-rank: rank0[cuda0,share=0.3896,tput=2.69] rank2[cuda2,share=0.3196,tput=2.12] rank1[cuda1,share=0.2908,tput=6.66]
epoch 1: eval=0.3782
epoch 2: loss=1.613170, train_acc=0.4010, time=8.5s
per-rank: rank0[cuda0,share=0.3896,tput=2.27] rank2[cuda2,share=0.3196,tput=5.97] rank1[cuda1,share=0.2908,tput=2.82]
epoch 2: eval=0.4140
epoch 3: loss=1.487318, train_acc=0.4524, time=8.5s
per-rank: rank0[cuda0,share=0.3896,tput=2.44] rank2[cuda2,share=0.3196,tput=5.64] rank1[cuda1,share=0.2908,tput=2.84]
epoch 3: eval=0.4178
epoch 4: loss=1.363193, train_acc=0.5037, time=8.6s
per-rank: rank0[cuda0,share=0.3896,tput=3.55] rank2[cuda2,share=0.3196,tput=4.77] rank1[cuda1,share=0.2908,tput=2.62]
epoch 4: eval=0.4985
epoch 5: loss=1.257078, train_acc=0.5509, time=10.6s
per-rank: rank0[cuda0,share=0.3896,tput=2.18] rank2[cuda2,share=0.3196,tput=4.57] rank1[cuda1,share=0.2908,tput=4.15]
epoch 5: eval=0.4599
epoch 6: loss=1.158331, train_acc=0.5859, time=9.6s
per-rank: rank0[cuda0,share=0.3896,tput=3.06] rank2[cuda2,share=0.3196,tput=3.58] rank1[cuda1,share=0.2908,tput=3.03]
epoch 6: eval=0.5261
epoch 7: loss=1.079319, train_acc=0.6174, time=8.6s
per-rank: rank0[cuda0,share=0.3896,tput=2.26] rank2[cuda2,share=0.3196,tput=2.44] rank1[cuda1,share=0.2908,tput=7.07]
epoch 7: eval=0.5769
epoch 8: loss=1.012890, train_acc=0.6424, time=10.5s
per-rank: rank0[cuda0,share=0.3896,tput=2.26] rank2[cuda2,share=0.3196,tput=3.52] rank1[cuda1,share=0.2908,tput=5.83]
epoch 8: eval=0.6000
epoch 9: loss=0.948808, train_acc=0.6673, time=9.6s
per-rank: rank0[cuda0,share=0.3896,tput=3.06] rank2[cuda2,share=0.3196,tput=3.55] rank1[cuda1,share=0.2908,tput=2.84]
epoch 9: eval=0.6683
epoch 10: loss=0.901392, train_acc=0.6834, time=10.2s
per-rank: rank0[cuda0,share=0.3896,tput=2.30] rank2[cuda2,share=0.3196,tput=3.33] rank1[cuda1,share=0.2908,tput=5.53]
epoch 10: eval=0.7046
epoch 11: loss=0.851413, train_acc=0.7021, time=9.4s
per-rank: rank0[cuda0,share=0.3896,tput=2.73] rank2[cuda2,share=0.3196,tput=2.40] rank1[cuda1,share=0.2908,tput=4.78]
epoch 11: eval=0.6927
epoch 12: loss=0.819743, train_acc=0.7135, time=10.0s
per-rank: rank0[cuda0,share=0.3896,tput=2.35] rank2[cuda2,share=0.3196,tput=3.02] rank1[cuda1,share=0.2908,tput=6.53]
epoch 12: eval=0.7086
epoch 13: loss=0.793586, train_acc=0.7273, time=9.5s
per-rank: rank0[cuda0,share=0.3896,tput=3.37] rank2[cuda2,share=0.3196,tput=2.25] rank1[cuda1,share=0.2908,tput=4.42]
epoch 13: eval=0.6932
epoch 14: loss=0.777850, train_acc=0.7309, time=10.7s
per-rank: rank0[cuda0,share=0.3896,tput=2.15] rank2[cuda2,share=0.3196,tput=3.11] rank1[cuda1,share=0.2908,tput=5.96]
epoch 14: eval=0.7098
epoch 15: loss=0.747312, train_acc=0.7413, time=9.6s
per-rank: rank0[cuda0,share=0.3896,tput=2.66] rank2[cuda2,share=0.3196,tput=3.88] rank1[cuda1,share=0.2908,tput=3.16]
epoch 15: eval=0.7224
epoch 16: loss=0.735147, train_acc=0.7449, time=8.6s
per-rank: rank0[cuda0,share=0.3896,tput=4.25] rank2[cuda2,share=0.3196,tput=2.16] rank1[cuda1,share=0.2908,tput=3.80]
epoch 16: eval=0.7015
epoch 17: loss=0.720606, train_acc=0.7516, time=8.5s
per-rank: rank0[cuda0,share=0.3896,tput=4.58] rank2[cuda2,share=0.3196,tput=3.19] rank1[cuda1,share=0.2908,tput=2.32]
epoch 17: eval=0.6467
epoch 18: loss=0.706388, train_acc=0.7552, time=8.7s
per-rank: rank0[cuda0,share=0.3896,tput=3.11] rank2[cuda2,share=0.3196,tput=1.98] rank1[cuda1,share=0.2908,tput=6.58]
epoch 18: eval=0.7443
epoch 19: loss=0.694873, train_acc=0.7590, time=10.2s
per-rank: rank0[cuda0,share=0.3896,tput=2.28] rank2[cuda2,share=0.3196,tput=4.57] rank1[cuda1,share=0.2908,tput=3.90]
epoch 19: eval=0.7420
epoch 20: loss=0.681048, train_acc=0.7660, time=9.4s
per-rank: rank0[cuda0,share=0.3896,tput=3.17] rank2[cuda2,share=0.3196,tput=3.35] rank1[cuda1,share=0.2908,tput=3.05]
epoch 20: eval=0.7174
epoch 21: loss=0.676808, train_acc=0.7683, time=8.5s
per-rank: rank0[cuda0,share=0.3896,tput=3.99] rank2[cuda2,share=0.3196,tput=2.19] rank1[cuda1,share=0.2908,tput=4.08]
epoch 21: eval=0.7801
epoch 22: loss=0.655362, train_acc=0.7749, time=9.7s
per-rank: rank0[cuda0,share=0.3896,tput=2.43] rank2[cuda2,share=0.3196,tput=4.96] rank1[cuda1,share=0.2908,tput=3.51]
epoch 22: eval=0.7400
epoch 23: loss=0.650239, train_acc=0.7751, time=9.2s
per-rank: rank0[cuda0,share=0.3896,tput=3.66] rank2[cuda2,share=0.3196,tput=2.41] rank1[cuda1,share=0.2908,tput=3.85]
epoch 23: eval=0.7672
epoch 24: loss=0.646751, train_acc=0.7761, time=8.6s
per-rank: rank0[cuda0,share=0.3896,tput=2.92] rank2[cuda2,share=0.3196,tput=5.06] rank1[cuda1,share=0.2908,tput=2.56]
epoch 24: eval=0.7372
epoch 25: loss=0.640970, train_acc=0.7788, time=8.5s
per-rank: rank0[cuda0,share=0.3896,tput=4.41] rank2[cuda2,share=0.3196,tput=2.12] rank1[cuda1,share=0.2908,tput=3.81]
epoch 25: eval=0.7285
epoch 26: loss=0.636137, train_acc=0.7809, time=8.5s
per-rank: rank0[cuda0,share=0.3896,tput=3.16] rank2[cuda2,share=0.3196,tput=4.67] rank1[cuda1,share=0.2908,tput=2.62]
epoch 26: eval=0.7252
epoch 27: loss=0.625034, train_acc=0.7838, time=8.5s
per-rank: rank0[cuda0,share=0.3896,tput=4.17] rank2[cuda2,share=0.3196,tput=2.85] rank1[cuda1,share=0.2908,tput=2.76]
epoch 27: eval=0.7647
epoch 28: loss=0.618293, train_acc=0.7863, time=8.5s
per-rank: rank0[cuda0,share=0.3896,tput=4.25] rank2[cuda2,share=0.3196,tput=2.75] rank1[cuda1,share=0.2908,tput=2.83]
epoch 28: eval=0.7420
epoch 29: loss=0.618808, train_acc=0.7873, time=10.1s
per-rank: rank0[cuda0,share=0.3896,tput=2.36] rank2[cuda2,share=0.3196,tput=4.10] rank1[cuda1,share=0.2908,tput=4.39]
epoch 29: eval=0.7444
epoch 30: loss=0.606407, train_acc=0.7914, time=9.5s
per-rank: rank0[cuda0,share=0.3896,tput=3.58] rank2[cuda2,share=0.3196,tput=3.57] rank1[cuda1,share=0.2908,tput=3.22]
epoch 30: eval=0.7768
epoch 31: loss=0.601852, train_acc=0.7924, time=8.8s
per-rank: rank0[cuda0,share=0.3896,tput=3.17] rank2[cuda2,share=0.3196,tput=3.31] rank1[cuda1,share=0.2908,tput=2.87]
epoch 31: eval=0.7774
epoch 32: loss=0.595382, train_acc=0.7947, time=8.9s
per-rank: rank0[cuda0,share=0.3896,tput=3.84] rank2[cuda2,share=0.3196,tput=1.95] rank1[cuda1,share=0.2908,tput=4.49]
epoch 32: eval=0.7422
epoch 33: loss=0.602483, train_acc=0.7930, time=8.6s
per-rank: rank0[cuda0,share=0.3896,tput=3.08] rank2[cuda2,share=0.3196,tput=5.47] rank1[cuda1,share=0.2908,tput=2.28]
epoch 33: eval=0.7400
epoch 34: loss=0.594865, train_acc=0.7967, time=10.8s
per-rank: rank0[cuda0,share=0.3896,tput=2.12] rank2[cuda2,share=0.3196,tput=4.64] rank1[cuda1,share=0.2908,tput=4.18]
epoch 34: eval=0.7763
epoch 35: loss=0.585439, train_acc=0.7970, time=9.9s
per-rank: rank0[cuda0,share=0.3896,tput=2.15] rank2[cuda2,share=0.3196,tput=2.55] rank1[cuda1,share=0.2908,tput=4.83]
epoch 35: eval=0.7535
epoch 36: loss=0.581202, train_acc=0.8005, time=10.5s
per-rank: rank0[cuda0,share=0.3896,tput=2.21] rank2[cuda2,share=0.3196,tput=3.44] rank1[cuda1,share=0.2908,tput=5.56]
epoch 36: eval=0.7658
epoch 37: loss=0.584736, train_acc=0.8002, time=9.5s
per-rank: rank0[cuda0,share=0.3896,tput=3.12] rank2[cuda2,share=0.3196,tput=3.84] rank1[cuda1,share=0.2908,tput=2.70]
epoch 37: eval=0.7008
epoch 38: loss=0.579398, train_acc=0.8010, time=10.5s
per-rank: rank0[cuda0,share=0.3896,tput=2.22] rank2[cuda2,share=0.3196,tput=3.39] rank1[cuda1,share=0.2908,tput=5.73]
epoch 38: eval=0.7821
epoch 39: loss=0.572249, train_acc=0.8016, time=9.6s
per-rank: rank0[cuda0,share=0.3896,tput=2.73] rank2[cuda2,share=0.3196,tput=2.47] rank1[cuda1,share=0.2908,tput=4.77]
epoch 39: eval=0.7724
epoch 40: loss=0.577211, train_acc=0.8009, time=10.2s
per-rank: rank0[cuda0,share=0.3896,tput=2.31] rank2[cuda2,share=0.3196,tput=3.24] rank1[cuda1,share=0.2908,tput=5.92]
epoch 40: eval=0.7224
epoch 41: loss=0.568254, train_acc=0.8014, time=9.6s
per-rank: rank0[cuda0,share=0.3896,tput=2.75] rank2[cuda2,share=0.3196,tput=3.19] rank1[cuda1,share=0.2908,tput=2.96]
epoch 41: eval=0.7576
epoch 42: loss=0.571592, train_acc=0.8034, time=8.6s
per-rank: rank0[cuda0,share=0.3896,tput=2.30] rank2[cuda2,share=0.3196,tput=2.22] rank1[cuda1,share=0.2908,tput=7.70]
epoch 42: eval=0.7893
epoch 43: loss=0.560189, train_acc=0.8082, time=8.5s
per-rank: rank0[cuda0,share=0.3896,tput=3.53] rank2[cuda2,share=0.3196,tput=2.35] rank1[cuda1,share=0.2908,tput=4.32]
epoch 43: eval=0.7720
epoch 44: loss=0.564002, train_acc=0.8069, time=8.5s
per-rank: rank0[cuda0,share=0.3896,tput=3.12] rank2[cuda2,share=0.3196,tput=3.39] rank1[cuda1,share=0.2908,tput=2.98]
epoch 44: eval=0.7571
epoch 45: loss=0.563173, train_acc=0.8057, time=8.5s
per-rank: rank0[cuda0,share=0.3896,tput=2.73] rank2[cuda2,share=0.3196,tput=2.16] rank1[cuda1,share=0.2908,tput=7.26]
epoch 45: eval=0.7814
epoch 46: loss=0.555535, train_acc=0.8108, time=8.6s
per-rank: rank0[cuda0,share=0.3896,tput=3.73] rank2[cuda2,share=0.3196,tput=2.08] rank1[cuda1,share=0.2908,tput=4.28]
epoch 46: eval=0.7730
epoch 47: loss=0.551593, train_acc=0.8109, time=8.9s
per-rank: rank0[cuda0,share=0.3896,tput=3.72] rank2[cuda2,share=0.3196,tput=1.95] rank1[cuda1,share=0.2908,tput=4.43]
epoch 47: eval=0.7474
epoch 48: loss=0.558267, train_acc=0.8088, time=8.7s
per-rank: rank0[cuda0,share=0.3896,tput=2.76] rank2[cuda2,share=0.3196,tput=4.42] rank1[cuda1,share=0.2908,tput=3.08]
epoch 48: eval=0.7530
epoch 49: loss=0.561868, train_acc=0.8081, time=9.8s
per-rank: rank0[cuda0,share=0.3896,tput=2.38] rank2[cuda2,share=0.3196,tput=3.09] rank1[cuda1,share=0.2908,tput=6.55]
epoch 49: eval=0.7532
epoch 50: loss=0.549511, train_acc=0.8109, time=9.5s
per-rank: rank0[cuda0,share=0.3896,tput=3.57] rank2[cuda2,share=0.3196,tput=3.33] rank1[cuda1,share=0.2908,tput=2.68]
epoch 50: eval=0.7563
epoch 51: loss=0.555321, train_acc=0.8114, time=8.5s
per-rank: rank0[cuda0,share=0.3896,tput=4.04] rank2[cuda2,share=0.3196,tput=2.96] rank1[cuda1,share=0.2908,tput=2.74]
epoch 51: eval=0.7734
epoch 52: loss=0.548842, train_acc=0.8119, time=10.5s
per-rank: rank0[cuda0,share=0.3896,tput=2.22] rank2[cuda2,share=0.3196,tput=4.21] rank1[cuda1,share=0.2908,tput=4.30]
epoch 52: eval=0.7445
epoch 53: loss=0.542442, train_acc=0.8136, time=9.4s
per-rank: rank0[cuda0,share=0.3896,tput=2.72] rank2[cuda2,share=0.3196,tput=2.34] rank1[cuda1,share=0.2908,tput=5.02]
epoch 53: eval=0.7815
epoch 54: loss=0.555738, train_acc=0.8092, time=8.7s
per-rank: rank0[cuda0,share=0.3896,tput=2.87] rank2[cuda2,share=0.3196,tput=2.03] rank1[cuda1,share=0.2908,tput=6.66]
epoch 54: eval=0.7406
epoch 55: loss=0.544452, train_acc=0.8137, time=8.5s
per-rank: rank0[cuda0,share=0.3896,tput=4.13] rank2[cuda2,share=0.3196,tput=3.87] rank1[cuda1,share=0.2908,tput=2.75]
epoch 55: eval=0.7837
epoch 56: loss=0.536581, train_acc=0.8156, time=10.3s
per-rank: rank0[cuda0,share=0.3896,tput=2.27] rank2[cuda2,share=0.3196,tput=4.69] rank1[cuda1,share=0.2908,tput=4.04]
epoch 56: eval=0.7826
epoch 57: loss=0.539850, train_acc=0.8129, time=9.6s
per-rank: rank0[cuda0,share=0.3896,tput=2.93] rank2[cuda2,share=0.3196,tput=4.09] rank1[cuda1,share=0.2908,tput=2.46]
epoch 57: eval=0.7665
epoch 58: loss=0.537392, train_acc=0.8145, time=8.5s
per-rank: rank0[cuda0,share=0.3896,tput=3.57] rank2[cuda2,share=0.3196,tput=3.07] rank1[cuda1,share=0.2908,tput=3.04]
epoch 58: eval=0.7735
epoch 59: loss=0.543218, train_acc=0.8133, time=10.0s
per-rank: rank0[cuda0,share=0.3896,tput=2.34] rank2[cuda2,share=0.3196,tput=4.21] rank1[cuda1,share=0.2908,tput=4.11]
epoch 59: eval=0.7919
epoch 60: loss=0.534780, train_acc=0.8165, time=9.4s
per-rank: rank0[cuda0,share=0.3896,tput=2.90] rank2[cuda2,share=0.3196,tput=3.42] rank1[cuda1,share=0.2908,tput=2.97]
epoch 60: eval=0.7822
epoch 61: loss=0.536355, train_acc=0.8146, time=8.6s
per-rank: rank0[cuda0,share=0.3896,tput=2.86] rank2[cuda2,share=0.3196,tput=2.01] rank1[cuda1,share=0.2908,tput=6.97]
epoch 61: eval=0.7865
epoch 62: loss=0.541831, train_acc=0.8141, time=8.6s
per-rank: rank0[cuda0,share=0.3896,tput=2.93] rank2[cuda2,share=0.3196,tput=5.20] rank1[cuda1,share=0.2908,tput=2.33]
epoch 62: eval=0.7615
epoch 63: loss=0.544598, train_acc=0.8145, time=8.5s
per-rank: rank0[cuda0,share=0.3896,tput=3.91] rank2[cuda2,share=0.3196,tput=2.45] rank1[cuda1,share=0.2908,tput=3.60]
epoch 63: eval=0.7898
epoch 64: loss=0.531604, train_acc=0.8180, time=8.6s
per-rank: rank0[cuda0,share=0.3896,tput=3.19] rank2[cuda2,share=0.3196,tput=2.22] rank1[cuda1,share=0.2908,tput=5.52]
epoch 64: eval=0.8024
epoch 65: loss=0.529025, train_acc=0.8185, time=8.5s
per-rank: rank0[cuda0,share=0.3896,tput=3.20] rank2[cuda2,share=0.3196,tput=4.55] rank1[cuda1,share=0.2908,tput=2.51]
epoch 65: eval=0.7515
epoch 66: loss=0.535271, train_acc=0.8176, time=9.8s
per-rank: rank0[cuda0,share=0.3896,tput=2.39] rank2[cuda2,share=0.3196,tput=2.89] rank1[cuda1,share=0.2908,tput=6.13]
epoch 66: eval=0.7257
epoch 67: loss=0.534535, train_acc=0.8179, time=9.3s
per-rank: rank0[cuda0,share=0.3896,tput=2.90] rank2[cuda2,share=0.3196,tput=3.17] rank1[cuda1,share=0.2908,tput=3.36]
epoch 67: eval=0.7773
epoch 68: loss=0.528199, train_acc=0.8178, time=8.6s
per-rank: rank0[cuda0,share=0.3896,tput=4.09] rank2[cuda2,share=0.3196,tput=2.48] rank1[cuda1,share=0.2908,tput=3.29]
epoch 68: eval=0.7927
epoch 69: loss=0.527301, train_acc=0.8188, time=10.0s
per-rank: rank0[cuda0,share=0.3896,tput=2.36] rank2[cuda2,share=0.3196,tput=3.34] rank1[cuda1,share=0.2908,tput=5.37]
epoch 69: eval=0.7964
epoch 70: loss=0.525622, train_acc=0.8214, time=9.3s
per-rank: rank0[cuda0,share=0.3896,tput=3.80] rank2[cuda2,share=0.3196,tput=3.34] rank1[cuda1,share=0.2908,tput=2.61]
epoch 70: eval=0.7880
epoch 71: loss=0.528931, train_acc=0.8189, time=9.8s
per-rank: rank0[cuda0,share=0.3896,tput=2.38] rank2[cuda2,share=0.3196,tput=3.22] rank1[cuda1,share=0.2908,tput=6.03]
epoch 71: eval=0.7782
epoch 72: loss=0.526277, train_acc=0.8190, time=9.2s
per-rank: rank0[cuda0,share=0.3896,tput=3.21] rank2[cuda2,share=0.3196,tput=2.82] rank1[cuda1,share=0.2908,tput=3.51]
epoch 72: eval=0.7522
epoch 73: loss=0.523566, train_acc=0.8214, time=8.6s
per-rank: rank0[cuda0,share=0.3896,tput=2.97] rank2[cuda2,share=0.3196,tput=2.19] rank1[cuda1,share=0.2908,tput=6.49]
epoch 73: eval=0.7924
epoch 74: loss=0.530970, train_acc=0.8183, time=8.6s
per-rank: rank0[cuda0,share=0.3896,tput=4.14] rank2[cuda2,share=0.3196,tput=3.17] rank1[cuda1,share=0.2908,tput=2.57]
epoch 74: eval=0.7653
epoch 75: loss=0.518640, train_acc=0.8216, time=8.7s
per-rank: rank0[cuda0,share=0.3896,tput=2.35] rank2[cuda2,share=0.3196,tput=2.39] rank1[cuda1,share=0.2908,tput=6.13]
epoch 75: eval=0.6949
epoch 76: loss=0.520327, train_acc=0.8211, time=8.6s
per-rank: rank0[cuda0,share=0.3896,tput=3.45] rank2[cuda2,share=0.3196,tput=3.60] rank1[cuda1,share=0.2908,tput=2.58]
epoch 76: eval=0.8175
epoch 77: loss=0.521200, train_acc=0.8213, time=8.6s
per-rank: rank0[cuda0,share=0.3896,tput=2.25] rank2[cuda2,share=0.3196,tput=2.49] rank1[cuda1,share=0.2908,tput=6.86]
epoch 77: eval=0.7944
epoch 78: loss=0.516309, train_acc=0.8251, time=8.6s
per-rank: rank0[cuda0,share=0.3896,tput=3.57] rank2[cuda2,share=0.3196,tput=3.43] rank1[cuda1,share=0.2908,tput=2.55]
epoch 78: eval=0.7972
epoch 79: loss=0.520684, train_acc=0.8225, time=9.8s
per-rank: rank0[cuda0,share=0.3896,tput=2.36] rank2[cuda2,share=0.3196,tput=4.98] rank1[cuda1,share=0.2908,tput=3.47]
epoch 79: eval=0.7789
epoch 80: loss=0.523388, train_acc=0.8195, time=9.4s
per-rank: rank0[cuda0,share=0.3896,tput=3.20] rank2[cuda2,share=0.3196,tput=2.67] rank1[cuda1,share=0.2908,tput=3.85]
epoch 80: eval=0.8011
epoch 81: loss=0.519336, train_acc=0.8211, time=8.5s
per-rank: rank0[cuda0,share=0.3896,tput=4.45] rank2[cuda2,share=0.3196,tput=2.97] rank1[cuda1,share=0.2908,tput=2.65]
epoch 81: eval=0.8072
epoch 82: loss=0.512982, train_acc=0.8243, time=8.6s
per-rank: rank0[cuda0,share=0.3896,tput=2.40] rank2[cuda2,share=0.3196,tput=2.22] rank1[cuda1,share=0.2908,tput=7.43]
epoch 82: eval=0.7907
epoch 83: loss=0.529205, train_acc=0.8165, time=10.6s
per-rank: rank0[cuda0,share=0.3896,tput=2.20] rank2[cuda2,share=0.3196,tput=3.18] rank1[cuda1,share=0.2908,tput=6.45]
epoch 83: eval=0.8114
epoch 84: loss=0.521527, train_acc=0.8206, time=9.7s
per-rank: rank0[cuda0,share=0.3896,tput=2.49] rank2[cuda2,share=0.3196,tput=2.61] rank1[cuda1,share=0.2908,tput=4.35]
epoch 84: eval=0.8138
epoch 85: loss=0.509961, train_acc=0.8253, time=8.6s
per-rank: rank0[cuda0,share=0.3896,tput=3.94] rank2[cuda2,share=0.3196,tput=3.32] rank1[cuda1,share=0.2908,tput=3.14]
epoch 85: eval=0.7933
epoch 86: loss=0.659658, train_acc=0.7678, time=12.1s
per-rank: rank0[cuda0,share=0.3896,tput=1.93] rank2[cuda2,share=0.3196,tput=3.34] rank1[cuda1,share=0.2908,tput=6.72]
epoch 86: eval=0.3653
epoch 87: loss=1.267968, train_acc=0.5409, time=10.2s
per-rank: rank0[cuda0,share=0.3896,tput=2.55] rank2[cuda2,share=0.3196,tput=3.09] rank1[cuda1,share=0.2908,tput=4.68]
epoch 87: eval=0.4969
epoch 88: loss=1.055935, train_acc=0.6297, time=8.6s
per-rank: rank0[cuda0,share=0.3896,tput=2.83] rank2[cuda2,share=0.3196,tput=5.31] rank1[cuda1,share=0.2908,tput=2.56]
epoch 88: eval=0.6003
epoch 89: loss=0.910791, train_acc=0.6846, time=8.5s
per-rank: rank0[cuda0,share=0.3896,tput=4.77] rank2[cuda2,share=0.3196,tput=2.20] rank1[cuda1,share=0.2908,tput=3.51]
epoch 89: eval=0.6640
epoch 90: loss=0.831263, train_acc=0.7112, time=8.6s
per-rank: rank0[cuda0,share=0.3896,tput=4.04] rank2[cuda2,share=0.3196,tput=2.23] rank1[cuda1,share=0.2908,tput=3.99]
epoch 90: eval=0.6964
epoch 91: loss=0.776796, train_acc=0.7303, time=8.6s
per-rank: rank0[cuda0,share=0.3896,tput=2.67] rank2[cuda2,share=0.3196,tput=2.30] rank1[cuda1,share=0.2908,tput=6.17]
epoch 91: eval=0.7228
epoch 92: loss=0.744415, train_acc=0.7419, time=8.6s
per-rank: rank0[cuda0,share=0.3896,tput=2.29] rank2[cuda2,share=0.3196,tput=2.25] rank1[cuda1,share=0.2908,tput=7.71]
epoch 92: eval=0.7081
epoch 93: loss=0.717363, train_acc=0.7530, time=9.8s
per-rank: rank0[cuda0,share=0.3896,tput=2.41] rank2[cuda2,share=0.3196,tput=4.91] rank1[cuda1,share=0.2908,tput=3.77]
epoch 93: eval=0.7505
epoch 94: loss=0.698927, train_acc=0.7600, time=9.4s
per-rank: rank0[cuda0,share=0.3896,tput=3.47] rank2[cuda2,share=0.3196,tput=2.52] rank1[cuda1,share=0.2908,tput=3.74]
epoch 94: eval=0.6903
epoch 95: loss=0.667306, train_acc=0.7710, time=10.3s
per-rank: rank0[cuda0,share=0.3896,tput=2.30] rank2[cuda2,share=0.3196,tput=5.11] rank1[cuda1,share=0.2908,tput=3.46]
epoch 95: eval=0.6859
epoch 96: loss=0.665216, train_acc=0.7724, time=9.6s
per-rank: rank0[cuda0,share=0.3896,tput=3.12] rank2[cuda2,share=0.3196,tput=3.69] rank1[cuda1,share=0.2908,tput=2.81]
epoch 96: eval=0.7558
epoch 97: loss=0.651284, train_acc=0.7750, time=10.2s
per-rank: rank0[cuda0,share=0.3896,tput=2.31] rank2[cuda2,share=0.3196,tput=3.10] rank1[cuda1,share=0.2908,tput=6.29]
epoch 97: eval=0.7725
epoch 98: loss=0.634323, train_acc=0.7824, time=9.4s
per-rank: rank0[cuda0,share=0.3896,tput=2.87] rank2[cuda2,share=0.3196,tput=2.33] rank1[cuda1,share=0.2908,tput=4.81]
epoch 98: eval=0.6762
epoch 99: loss=0.627652, train_acc=0.7833, time=9.8s
per-rank: rank0[cuda0,share=0.3896,tput=2.37] rank2[cuda2,share=0.3196,tput=4.38] rank1[cuda1,share=0.2908,tput=3.98]
epoch 99: eval=0.7766
epoch 100: loss=0.616209, train_acc=0.7887, time=9.2s
per-rank: rank0[cuda0,share=0.3896,tput=3.64] rank2[cuda2,share=0.3196,tput=3.03] rank1[cuda1,share=0.2908,tput=2.93]
epoch 100: eval=0.7582
epoch 101: loss=0.615975, train_acc=0.7886, time=10.8s
per-rank: rank0[cuda0,share=0.3896,tput=2.14] rank2[cuda2,share=0.3196,tput=4.46] rank1[cuda1,share=0.2908,tput=4.20]
epoch 101: eval=0.6976
epoch 102: loss=0.607170, train_acc=0.7912, time=9.7s
per-rank: rank0[cuda0,share=0.3896,tput=2.51] rank2[cuda2,share=0.3196,tput=3.68] rank1[cuda1,share=0.2908,tput=3.20]
epoch 102: eval=0.7533
epoch 103: loss=0.599558, train_acc=0.7943, time=8.6s
per-rank: rank0[cuda0,share=0.3896,tput=2.40] rank2[cuda2,share=0.3196,tput=5.77] rank1[cuda1,share=0.2908,tput=2.65]
epoch 103: eval=0.7940
epoch 104: loss=0.595922, train_acc=0.7960, time=10.4s
per-rank: rank0[cuda0,share=0.3896,tput=2.28] rank2[cuda2,share=0.3196,tput=3.52] rank1[cuda1,share=0.2908,tput=6.18]
epoch 104: eval=0.7737
epoch 105: loss=0.589725, train_acc=0.7968, time=9.7s
per-rank: rank0[cuda0,share=0.3896,tput=2.89] rank2[cuda2,share=0.3196,tput=3.95] rank1[cuda1,share=0.2908,tput=2.64]
epoch 105: eval=0.7689
epoch 106: loss=0.581870, train_acc=0.8002, time=8.5s
per-rank: rank0[cuda0,share=0.3896,tput=3.62] rank2[cuda2,share=0.3196,tput=3.47] rank1[cuda1,share=0.2908,tput=2.69]
epoch 106: eval=0.7926
epoch 107: loss=0.579710, train_acc=0.7994, time=8.6s
per-rank: rank0[cuda0,share=0.3896,tput=2.61] rank2[cuda2,share=0.3196,tput=2.47] rank1[cuda1,share=0.2908,tput=6.42]
epoch 107: eval=0.7263
epoch 108: loss=0.577672, train_acc=0.8019, time=8.7s
per-rank: rank0[cuda0,share=0.3896,tput=2.34] rank2[cuda2,share=0.3196,tput=2.50] rank1[cuda1,share=0.2908,tput=6.61]
epoch 108: eval=0.7645
epoch 109: loss=0.569206, train_acc=0.8040, time=8.5s
per-rank: rank0[cuda0,share=0.3896,tput=3.53] rank2[cuda2,share=0.3196,tput=4.42] rank1[cuda1,share=0.2908,tput=2.65]
epoch 109: eval=0.7669
epoch 110: loss=0.561760, eval=0.7720, train_acc=0.8072, time=9.4s
per-rank: rank0[cuda0,share=0.3896,tput=3.07] rank2[cuda2,share=0.3196,tput=1.82] rank1[cuda1,share=0.2908,tput=7.15]
epoch 111: loss=0.572024, train_acc=0.8025, time=9.0s
per-rank: rank0[cuda0,share=0.3896,tput=3.02] rank2[cuda2,share=0.3196,tput=3.47] rank1[cuda1,share=0.2908,tput=3.09]
epoch 111: eval=0.7780
epoch 112: loss=0.558101, train_acc=0.8080, time=8.9s
per-rank: rank0[cuda0,share=0.3896,tput=2.93] rank2[cuda2,share=0.3196,tput=1.95] rank1[cuda1,share=0.2908,tput=6.36]
epoch 112: eval=0.7717
epoch 113: loss=0.560196, train_acc=0.8060, time=8.7s
per-rank: rank0[cuda0,share=0.3896,tput=2.43] rank2[cuda2,share=0.3196,tput=5.06] rank1[cuda1,share=0.2908,tput=3.04]
epoch 113: eval=0.7910
epoch 114: loss=0.554751, train_acc=0.8095, time=10.8s
per-rank: rank0[cuda0,share=0.3896,tput=2.19] rank2[cuda2,share=0.3196,tput=4.79] rank1[cuda1,share=0.2908,tput=3.94]
epoch 114: eval=0.7585
epoch 115: loss=0.556267, train_acc=0.8078, time=9.6s
per-rank: rank0[cuda0,share=0.3896,tput=2.79] rank2[cuda2,share=0.3196,tput=3.77] rank1[cuda1,share=0.2908,tput=2.98]
epoch 115: eval=0.7901
epoch 116: loss=0.546458, train_acc=0.8141, time=10.0s
per-rank: rank0[cuda0,share=0.3896,tput=2.35] rank2[cuda2,share=0.3196,tput=3.22] rank1[cuda1,share=0.2908,tput=5.95]
epoch 116: eval=0.7919
epoch 117: loss=0.553042, train_acc=0.8113, time=9.5s
per-rank: rank0[cuda0,share=0.3896,tput=2.92] rank2[cuda2,share=0.3196,tput=2.69] rank1[cuda1,share=0.2908,tput=3.76]
epoch 117: eval=0.7682
epoch 118: loss=0.547728, train_acc=0.8130, time=8.6s
per-rank: rank0[cuda0,share=0.3896,tput=2.84] rank2[cuda2,share=0.3196,tput=5.54] rank1[cuda1,share=0.2908,tput=2.33]
epoch 118: eval=0.7495
epoch 119: loss=0.543621, train_acc=0.8129, time=8.4s
per-rank: rank0[cuda0,share=0.3896,tput=4.61] rank2[cuda2,share=0.3196,tput=3.06] rank1[cuda1,share=0.2908,tput=2.42]
epoch 119: eval=0.6584
epoch 120: loss=0.537641, train_acc=0.8164, time=8.5s
per-rank: rank0[cuda0,share=0.3896,tput=4.20] rank2[cuda2,share=0.3196,tput=2.61] rank1[cuda1,share=0.2908,tput=2.97]
epoch 120: eval=0.8085
epoch 121: loss=0.547075, train_acc=0.8124, time=8.9s
per-rank: rank0[cuda0,share=0.3896,tput=3.34] rank2[cuda2,share=0.3196,tput=1.96] rank1[cuda1,share=0.2908,tput=6.05]
epoch 121: eval=0.7606
epoch 122: loss=0.541311, train_acc=0.8153, time=8.7s
per-rank: rank0[cuda0,share=0.3896,tput=2.68] rank2[cuda2,share=0.3196,tput=4.81] rank1[cuda1,share=0.2908,tput=2.83]
epoch 122: eval=0.7604
epoch 123: loss=0.531283, train_acc=0.8192, time=9.6s
per-rank: rank0[cuda0,share=0.3896,tput=2.45] rank2[cuda2,share=0.3196,tput=4.19] rank1[cuda1,share=0.2908,tput=4.22]
epoch 123: eval=0.7739
epoch 124: loss=0.495083, train_acc=0.8298, time=9.1s
per-rank: rank0[cuda0,share=0.3896,tput=3.79] rank2[cuda2,share=0.3196,tput=2.41] rank1[cuda1,share=0.2908,tput=3.78]
epoch 124: eval=0.7891
epoch 125: loss=0.479487, train_acc=0.8361, time=10.3s
per-rank: rank0[cuda0,share=0.3896,tput=2.28] rank2[cuda2,share=0.3196,tput=5.29] rank1[cuda1,share=0.2908,tput=3.68]
epoch 125: eval=0.7643
epoch 126: loss=0.409980, train_acc=0.8589, time=9.6s
per-rank: rank0[cuda0,share=0.3896,tput=2.89] rank2[cuda2,share=0.3196,tput=3.66] rank1[cuda1,share=0.2908,tput=2.82]
epoch 126: eval=0.7748
epoch 127: loss=0.389072, train_acc=0.8661, time=8.6s
per-rank: rank0[cuda0,share=0.3896,tput=3.97] rank2[cuda2,share=0.3196,tput=3.32] rank1[cuda1,share=0.2908,tput=2.51]
epoch 127: eval=0.8550
epoch 128: loss=0.335125, train_acc=0.8853, time=10.0s
per-rank: rank0[cuda0,share=0.3896,tput=2.35] rank2[cuda2,share=0.3196,tput=2.93] rank1[cuda1,share=0.2908,tput=6.75]
epoch 128: eval=0.8716
epoch 129: loss=0.318644, train_acc=0.8898, time=9.5s
per-rank: rank0[cuda0,share=0.3896,tput=3.02] rank2[cuda2,share=0.3196,tput=2.54] rank1[cuda1,share=0.2908,tput=4.23]
epoch 129: eval=0.8710
epoch 130: loss=0.307761, train_acc=0.8944, time=8.5s
per-rank: rank0[cuda0,share=0.3896,tput=2.63] rank2[cuda2,share=0.3196,tput=5.38] rank1[cuda1,share=0.2908,tput=2.56]
epoch 130: eval=0.8762
epoch 131: loss=0.304982, train_acc=0.8947, time=10.1s
per-rank: rank0[cuda0,share=0.3896,tput=2.31] rank2[cuda2,share=0.3196,tput=3.12] rank1[cuda1,share=0.2908,tput=5.57]
epoch 131: eval=0.8767
epoch 132: loss=0.292422, train_acc=0.8987, time=9.4s
per-rank: rank0[cuda0,share=0.3896,tput=3.03] rank2[cuda2,share=0.3196,tput=2.89] rank1[cuda1,share=0.2908,tput=3.41]
epoch 132: eval=0.8827
epoch 133: loss=0.290989, train_acc=0.8986, time=8.6s
per-rank: rank0[cuda0,share=0.3896,tput=3.17] rank2[cuda2,share=0.3196,tput=3.40] rank1[cuda1,share=0.2908,tput=2.88]
epoch 133: eval=0.8793
epoch 134: loss=0.283954, train_acc=0.9014, time=10.8s
per-rank: rank0[cuda0,share=0.3896,tput=2.16] rank2[cuda2,share=0.3196,tput=4.95] rank1[cuda1,share=0.2908,tput=3.80]
epoch 134: eval=0.8821
epoch 135: loss=0.279373, train_acc=0.9027, time=9.7s
per-rank: rank0[cuda0,share=0.3896,tput=2.15] rank2[cuda2,share=0.3196,tput=2.72] rank1[cuda1,share=0.2908,tput=4.82]
epoch 135: eval=0.8796
epoch 136: loss=0.275562, train_acc=0.9044, time=8.6s
per-rank: rank0[cuda0,share=0.3896,tput=2.30] rank2[cuda2,share=0.3196,tput=5.74] rank1[cuda1,share=0.2908,tput=2.70]
epoch 136: eval=0.8832
epoch 137: loss=0.273538, train_acc=0.9063, time=8.5s
per-rank: rank0[cuda0,share=0.3896,tput=3.80] rank2[cuda2,share=0.3196,tput=2.93] rank1[cuda1,share=0.2908,tput=3.00]
epoch 137: eval=0.8837
epoch 138: loss=0.263290, train_acc=0.9087, time=8.7s
per-rank: rank0[cuda0,share=0.3896,tput=3.27] rank2[cuda2,share=0.3196,tput=2.20] rank1[cuda1,share=0.2908,tput=4.63]
epoch 138: eval=0.8842
epoch 139: loss=0.265340, train_acc=0.9084, time=10.5s
per-rank: rank0[cuda0,share=0.3896,tput=2.25] rank2[cuda2,share=0.3196,tput=3.16] rank1[cuda1,share=0.2908,tput=6.11]
epoch 139: eval=0.8874
epoch 140: loss=0.262205, train_acc=0.9091, time=9.3s
per-rank: rank0[cuda0,share=0.3896,tput=2.89] rank2[cuda2,share=0.3196,tput=2.59] rank1[cuda1,share=0.2908,tput=4.64]
epoch 140: eval=0.8887
epoch 141: loss=0.258589, train_acc=0.9097, time=8.5s
per-rank: rank0[cuda0,share=0.3896,tput=4.69] rank2[cuda2,share=0.3196,tput=2.44] rank1[cuda1,share=0.2908,tput=4.01]
epoch 141: eval=0.8886
epoch 142: loss=0.257866, train_acc=0.9114, time=10.0s
per-rank: rank0[cuda0,share=0.3896,tput=2.35] rank2[cuda2,share=0.3196,tput=2.97] rank1[cuda1,share=0.2908,tput=6.46]
epoch 142: eval=0.8927
epoch 143: loss=0.250678, train_acc=0.9134, time=9.3s
per-rank: rank0[cuda0,share=0.3896,tput=3.32] rank2[cuda2,share=0.3196,tput=3.14] rank1[cuda1,share=0.2908,tput=3.02]
epoch 143: eval=0.8874
epoch 144: loss=0.254467, train_acc=0.9114, time=11.5s
per-rank: rank0[cuda0,share=0.3896,tput=2.06] rank2[cuda2,share=0.3196,tput=3.29] rank1[cuda1,share=0.2908,tput=6.56]
epoch 144: eval=0.8881
epoch 145: loss=0.244207, train_acc=0.9163, time=10.0s
per-rank: rank0[cuda0,share=0.3896,tput=2.10] rank2[cuda2,share=0.3196,tput=2.71] rank1[cuda1,share=0.2908,tput=4.94]
epoch 145: eval=0.8874
epoch 146: loss=0.246944, train_acc=0.9140, time=8.6s
per-rank: rank0[cuda0,share=0.3896,tput=3.69] rank2[cuda2,share=0.3196,tput=3.03] rank1[cuda1,share=0.2908,tput=2.97]
epoch 146: eval=0.8879
epoch 147: loss=0.242816, train_acc=0.9155, time=10.5s
per-rank: rank0[cuda0,share=0.3896,tput=2.22] rank2[cuda2,share=0.3196,tput=4.35] rank1[cuda1,share=0.2908,tput=4.33]
epoch 147: eval=0.8846
epoch 148: loss=0.236211, train_acc=0.9180, time=9.6s
per-rank: rank0[cuda0,share=0.3896,tput=2.30] rank2[cuda2,share=0.3196,tput=2.58] rank1[cuda1,share=0.2908,tput=4.59]
epoch 148: eval=0.8889
epoch 149: loss=0.238639, train_acc=0.9177, time=8.7s
per-rank: rank0[cuda0,share=0.3896,tput=2.21] rank2[cuda2,share=0.3196,tput=5.99] rank1[cuda1,share=0.2908,tput=2.49]
epoch 149: eval=0.8897
epoch 150: loss=0.235074, train_acc=0.9188, time=8.6s
per-rank: rank0[cuda0,share=0.3896,tput=2.52] rank2[cuda2,share=0.3196,tput=5.68] rank1[cuda1,share=0.2908,tput=2.52]
epoch 150: eval=0.8814
epoch 151: loss=0.239173, train_acc=0.9176, time=8.5s
per-rank: rank0[cuda0,share=0.3896,tput=4.33] rank2[cuda2,share=0.3196,tput=2.52] rank1[cuda1,share=0.2908,tput=3.21]
epoch 151: eval=0.8913
epoch 152: loss=0.231319, train_acc=0.9186, time=8.5s
per-rank: rank0[cuda0,share=0.3896,tput=2.77] rank2[cuda2,share=0.3196,tput=4.60] rank1[cuda1,share=0.2908,tput=3.01]
epoch 152: eval=0.8897
epoch 153: loss=0.231215, train_acc=0.9198, time=8.6s
per-rank: rank0[cuda0,share=0.3896,tput=4.10] rank2[cuda2,share=0.3196,tput=3.28] rank1[cuda1,share=0.2908,tput=2.40]
epoch 153: eval=0.8879
epoch 154: loss=0.228059, train_acc=0.9213, time=10.2s
per-rank: rank0[cuda0,share=0.3896,tput=2.28] rank2[cuda2,share=0.3196,tput=4.11] rank1[cuda1,share=0.2908,tput=4.39]
epoch 154: eval=0.8865
epoch 155: loss=0.227060, train_acc=0.9202, time=9.5s
per-rank: rank0[cuda0,share=0.3896,tput=3.07] rank2[cuda2,share=0.3196,tput=2.97] rank1[cuda1,share=0.2908,tput=3.33]
epoch 155: eval=0.8899
epoch 156: loss=0.225928, train_acc=0.9205, time=8.5s
per-rank: rank0[cuda0,share=0.3896,tput=3.20] rank2[cuda2,share=0.3196,tput=4.76] rank1[cuda1,share=0.2908,tput=2.74]
epoch 156: eval=0.8938
epoch 157: loss=0.224555, train_acc=0.9199, time=8.6s
per-rank: rank0[cuda0,share=0.3896,tput=4.39] rank2[cuda2,share=0.3196,tput=2.10] rank1[cuda1,share=0.2908,tput=3.44]
epoch 157: eval=0.8893
epoch 158: loss=0.221309, train_acc=0.9225, time=8.5s
per-rank: rank0[cuda0,share=0.3896,tput=4.17] rank2[cuda2,share=0.3196,tput=2.81] rank1[cuda1,share=0.2908,tput=2.87]
epoch 158: eval=0.8916
epoch 159: loss=0.221959, train_acc=0.9233, time=10.9s
per-rank: rank0[cuda0,share=0.3896,tput=2.12] rank2[cuda2,share=0.3196,tput=4.88] rank1[cuda1,share=0.2908,tput=3.91]
epoch 159: eval=0.8891
epoch 160: loss=0.216789, train_acc=0.9254, time=9.6s
per-rank: rank0[cuda0,share=0.3896,tput=2.20] rank2[cuda2,share=0.3196,tput=2.76] rank1[cuda1,share=0.2908,tput=5.02]
epoch 160: eval=0.8898
epoch 161: loss=0.223914, train_acc=0.9209, time=8.4s
per-rank: rank0[cuda0,share=0.3896,tput=4.13] rank2[cuda2,share=0.3196,tput=3.74] rank1[cuda1,share=0.2908,tput=3.07]
epoch 161: eval=0.8896
epoch 162: loss=0.220058, train_acc=0.9226, time=8.5s
per-rank: rank0[cuda0,share=0.3896,tput=4.09] rank2[cuda2,share=0.3196,tput=2.15] rank1[cuda1,share=0.2908,tput=4.12]
epoch 162: eval=0.8859
epoch 163: loss=0.220378, train_acc=0.9242, time=8.5s
per-rank: rank0[cuda0,share=0.3896,tput=3.96] rank2[cuda2,share=0.3196,tput=2.05] rank1[cuda1,share=0.2908,tput=4.21]
epoch 163: eval=0.8832
epoch 164: loss=0.218788, train_acc=0.9230, time=10.3s
per-rank: rank0[cuda0,share=0.3896,tput=2.29] rank2[cuda2,share=0.3196,tput=4.17] rank1[cuda1,share=0.2908,tput=4.27]
epoch 164: eval=0.8844
epoch 165: loss=0.214786, train_acc=0.9256, time=9.6s
per-rank: rank0[cuda0,share=0.3896,tput=3.13] rank2[cuda2,share=0.3196,tput=3.81] rank1[cuda1,share=0.2908,tput=2.65]
epoch 165: eval=0.8862
epoch 166: loss=0.214612, train_acc=0.9240, time=8.7s
per-rank: rank0[cuda0,share=0.3896,tput=2.53] rank2[cuda2,share=0.3196,tput=2.28] rank1[cuda1,share=0.2908,tput=6.80]
epoch 166: eval=0.8880
epoch 167: loss=0.209771, train_acc=0.9275, time=8.6s
per-rank: rank0[cuda0,share=0.3896,tput=3.93] rank2[cuda2,share=0.3196,tput=2.38] rank1[cuda1,share=0.2908,tput=3.83]
epoch 167: eval=0.8881
epoch 168: loss=0.213188, train_acc=0.9252, time=10.0s
per-rank: rank0[cuda0,share=0.3896,tput=2.35] rank2[cuda2,share=0.3196,tput=4.55] rank1[cuda1,share=0.2908,tput=4.22]
epoch 168: eval=0.8906
epoch 169: loss=0.210932, train_acc=0.9257, time=9.5s
per-rank: rank0[cuda0,share=0.3896,tput=3.27] rank2[cuda2,share=0.3196,tput=2.12] rank1[cuda1,share=0.2908,tput=4.40]
epoch 169: eval=0.8958
epoch 170: loss=0.213613, train_acc=0.9251, time=8.5s
per-rank: rank0[cuda0,share=0.3896,tput=2.82] rank2[cuda2,share=0.3196,tput=4.44] rank1[cuda1,share=0.2908,tput=3.03]
epoch 170: eval=0.8921
epoch 171: loss=0.209497, train_acc=0.9254, time=8.5s
per-rank: rank0[cuda0,share=0.3896,tput=2.85] rank2[cuda2,share=0.3196,tput=3.41] rank1[cuda1,share=0.2908,tput=3.17]
epoch 171: eval=0.8920
epoch 172: loss=0.209740, train_acc=0.9261, time=11.2s
per-rank: rank0[cuda0,share=0.3896,tput=2.07] rank2[cuda2,share=0.3196,tput=3.34] rank1[cuda1,share=0.2908,tput=6.24]
epoch 172: eval=0.8901
epoch 173: loss=0.209185, train_acc=0.9264, time=9.9s
per-rank: rank0[cuda0,share=0.3896,tput=2.10] rank2[cuda2,share=0.3196,tput=2.81] rank1[cuda1,share=0.2908,tput=4.87]
epoch 173: eval=0.8927
epoch 174: loss=0.345739, train_acc=0.8805, time=8.6s
per-rank: rank0[cuda0,share=0.3924,tput=2.99] rank2[cuda2,share=0.3147,tput=2.35] rank1[cuda1,share=0.2929,tput=4.62]
epoch 174: eval=0.8284
epoch 175: loss=0.422759, train_acc=0.8530, time=8.6s
per-rank: rank0[cuda0,share=0.3924,tput=4.10] rank2[cuda2,share=0.3147,tput=2.46] rank1[cuda1,share=0.2929,tput=3.44]
epoch 175: eval=0.8487
epoch 176: loss=0.382326, train_acc=0.8686, time=8.6s
per-rank: rank0[cuda0,share=0.3924,tput=3.77] rank2[cuda2,share=0.3147,tput=2.58] rank1[cuda1,share=0.2929,tput=3.47]
epoch 176: eval=0.8541
epoch 177: loss=0.360191, train_acc=0.8736, time=8.6s
per-rank: rank0[cuda0,share=0.3924,tput=3.18] rank2[cuda2,share=0.3147,tput=2.49] rank1[cuda1,share=0.2929,tput=3.99]
epoch 177: eval=0.8587
epoch 178: loss=0.343520, train_acc=0.8803, time=8.6s
per-rank: rank0[cuda0,share=0.3924,tput=3.74] rank2[cuda2,share=0.3147,tput=2.49] rank1[cuda1,share=0.2929,tput=3.66]
epoch 178: eval=0.8650
epoch 179: loss=0.332380, train_acc=0.8844, time=8.6s
per-rank: rank0[cuda0,share=0.3924,tput=3.66] rank2[cuda2,share=0.3147,tput=2.80] rank1[cuda1,share=0.2929,tput=3.40]
epoch 179: eval=0.8668
epoch 180: loss=0.325202, train_acc=0.8871, time=8.5s
per-rank: rank0[cuda0,share=0.3924,tput=2.36] rank2[cuda2,share=0.3147,tput=6.17] rank1[cuda1,share=0.2929,tput=2.61]
epoch 180: eval=0.8723
epoch 181: loss=0.313825, train_acc=0.8918, time=8.6s
per-rank: rank0[cuda0,share=0.3924,tput=2.25] rank2[cuda2,share=0.3147,tput=5.83] rank1[cuda1,share=0.2929,tput=2.82]
epoch 181: eval=0.8739
epoch 182: loss=0.304715, train_acc=0.8927, time=8.7s
per-rank: rank0[cuda0,share=0.3924,tput=3.33] rank2[cuda2,share=0.3147,tput=2.54] rank1[cuda1,share=0.2929,tput=3.70]
epoch 182: eval=0.8723
epoch 183: loss=0.300901, train_acc=0.8940, time=8.8s
per-rank: rank0[cuda0,share=0.3924,tput=3.07] rank2[cuda2,share=0.3147,tput=2.32] rank1[cuda1,share=0.2929,tput=4.22]
epoch 183: eval=0.8768
epoch 184: loss=0.294626, train_acc=0.8974, time=10.7s
per-rank: rank0[cuda0,share=0.3924,tput=2.25] rank2[cuda2,share=0.3147,tput=3.45] rank1[cuda1,share=0.2929,tput=6.05]
epoch 184: eval=0.8769
epoch 185: loss=0.288881, train_acc=0.8993, time=9.6s
per-rank: rank0[cuda0,share=0.3924,tput=2.31] rank2[cuda2,share=0.3147,tput=3.96] rank1[cuda1,share=0.2929,tput=3.14]
epoch 185: eval=0.8802
epoch 186: loss=0.284725, train_acc=0.9020, time=8.8s
per-rank: rank0[cuda0,share=0.3924,tput=3.66] rank2[cuda2,share=0.3147,tput=3.35] rank1[cuda1,share=0.2929,tput=2.47]
epoch 186: eval=0.8794
epoch 187: loss=0.282346, train_acc=0.9018, time=8.5s
per-rank: rank0[cuda0,share=0.3924,tput=4.16] rank2[cuda2,share=0.3147,tput=2.24] rank1[cuda1,share=0.2929,tput=3.77]
epoch 187: eval=0.8831
epoch 188: loss=0.277951, train_acc=0.9023, time=8.5s
per-rank: rank0[cuda0,share=0.3924,tput=2.95] rank2[cuda2,share=0.3147,tput=2.22] rank1[cuda1,share=0.2929,tput=6.29]
epoch 188: eval=0.8828
epoch 189: loss=0.274992, train_acc=0.9031, time=10.5s
per-rank: rank0[cuda0,share=0.3924,tput=2.27] rank2[cuda2,share=0.3147,tput=3.21] rank1[cuda1,share=0.2929,tput=6.38]
epoch 189: eval=0.8841
epoch 190: loss=0.269066, train_acc=0.9069, time=9.6s
per-rank: rank0[cuda0,share=0.3924,tput=3.04] rank2[cuda2,share=0.3147,tput=2.28] rank1[cuda1,share=0.2929,tput=4.69]
epoch 190: eval=0.8823
epoch 191: loss=0.265181, train_acc=0.9068, time=8.5s
per-rank: rank0[cuda0,share=0.3924,tput=4.95] rank2[cuda2,share=0.3147,tput=3.61] rank1[cuda1,share=0.2929,tput=2.96]
epoch 191: eval=0.8860
epoch 192: loss=0.260594, train_acc=0.9092, time=8.6s
per-rank: rank0[cuda0,share=0.3924,tput=3.76] rank2[cuda2,share=0.3147,tput=4.91] rank1[cuda1,share=0.2929,tput=2.39]
epoch 192: eval=0.8853
epoch 193: loss=0.258147, train_acc=0.9102, time=8.5s
per-rank: rank0[cuda0,share=0.3924,tput=3.28] rank2[cuda2,share=0.3147,tput=5.26] rank1[cuda1,share=0.2929,tput=2.38]
epoch 193: eval=0.8872
epoch 194: loss=0.255390, train_acc=0.9116, time=8.6s
per-rank: rank0[cuda0,share=0.3924,tput=2.67] rank2[cuda2,share=0.3147,tput=2.09] rank1[cuda1,share=0.2929,tput=6.88]
epoch 194: eval=0.8875
epoch 195: loss=0.252073, train_acc=0.9105, time=8.5s
per-rank: rank0[cuda0,share=0.3924,tput=4.99] rank2[cuda2,share=0.3147,tput=2.31] rank1[cuda1,share=0.2929,tput=4.00]
epoch 195: eval=0.8885
epoch 196: loss=0.251125, train_acc=0.9124, time=8.6s
per-rank: rank0[cuda0,share=0.3924,tput=3.60] rank2[cuda2,share=0.3147,tput=2.58] rank1[cuda1,share=0.2929,tput=3.65]
epoch 196: eval=0.8883
epoch 197: loss=0.247443, train_acc=0.9151, time=8.7s
per-rank: rank0[cuda0,share=0.3924,tput=3.73] rank2[cuda2,share=0.3147,tput=2.66] rank1[cuda1,share=0.2929,tput=4.25]
epoch 197: eval=0.8877
epoch 198: loss=0.242771, train_acc=0.9165, time=8.8s
per-rank: rank0[cuda0,share=0.3924,tput=2.29] rank2[cuda2,share=0.3147,tput=5.74] rank1[cuda1,share=0.2929,tput=2.72]
epoch 198: eval=0.8898
epoch 199: loss=0.239149, train_acc=0.9164, time=8.6s
per-rank: rank0[cuda0,share=0.3924,tput=3.22] rank2[cuda2,share=0.3147,tput=3.56] rank1[cuda1,share=0.2929,tput=2.80]
final eval=0.8932
# total: 1701.8s (28m 22s)
