# gpu0: NVIDIA GeForce RTX 5060 Ti (15GB, sm_120)
# gpu1: NVIDIA GeForce GTX 1060 6GB (5GB, sm_61)
# gpu2: NVIDIA GeForce GTX 1060 6GB (5GB, sm_61)
epoch 0: loss=1.998168, train_acc=0.2413, time=10.5s
per-rank: rank0[cuda0,share=0.4203,tput=5.44] rank2[cuda2,share=0.2956,tput=3.30] rank1[cuda1,share=0.2841,tput=2.08]
epoch 0: eval=0.3189
epoch 1: loss=1.685721, train_acc=0.3714, time=12.1s
per-rank: rank0[cuda0,share=0.3974,tput=2.02] rank1[cuda1,share=0.3087,tput=5.38] rank2[cuda2,share=0.2939,tput=3.02]
epoch 1: eval=0.4486
epoch 2: loss=1.518635, train_acc=0.4451, time=10.6s
per-rank: rank0[cuda0,share=0.3836,tput=1.85] rank1[cuda1,share=0.3090,tput=2.69] rank2[cuda2,share=0.3075,tput=4.02]
epoch 2: eval=0.5021
epoch 3: loss=1.335530, train_acc=0.5182, time=10.7s
per-rank: rank0[cuda0,share=0.3799,tput=2.06] rank1[cuda1,share=0.3119,tput=5.29] rank2[cuda2,share=0.3083,tput=3.04]
epoch 3: eval=0.5431
epoch 4: loss=1.191996, train_acc=0.5745, time=10.0s
per-rank: rank0[cuda0,share=0.3946,tput=3.36] rank2[cuda2,share=0.3039,tput=2.52] rank1[cuda1,share=0.3015,tput=3.36]
epoch 4: eval=0.5899
epoch 5: loss=1.066955, train_acc=0.6207, time=9.4s
per-rank: rank0[cuda0,share=0.4338,tput=3.85] rank2[cuda2,share=0.2922,tput=2.11] rank1[cuda1,share=0.2740,tput=3.31]
epoch 5: eval=0.5751
epoch 6: loss=0.962451, train_acc=0.6595, time=9.4s
per-rank: rank0[cuda0,share=0.4224,tput=2.70] rank2[cuda2,share=0.3008,tput=3.51] rank1[cuda1,share=0.2768,tput=2.63]
epoch 6: eval=0.6822
epoch 7: loss=0.886399, train_acc=0.6882, time=9.5s
per-rank: rank0[cuda0,share=0.3878,tput=4.99] rank2[cuda2,share=0.3189,tput=2.38] rank1[cuda1,share=0.2934,tput=4.36]
epoch 7: eval=0.5757
epoch 8: loss=0.822197, train_acc=0.7161, time=9.4s
per-rank: rank0[cuda0,share=0.3764,tput=2.21] rank1[cuda1,share=0.3159,tput=6.68] rank2[cuda2,share=0.3077,tput=2.13]
epoch 8: eval=0.6619
epoch 9: loss=0.783397, train_acc=0.7283, time=9.5s
per-rank: rank0[cuda0,share=0.4132,tput=2.58] rank1[cuda1,share=0.2947,tput=2.03] rank2[cuda2,share=0.2921,tput=6.04]
epoch 9: eval=0.7362
epoch 10: loss=0.745353, train_acc=0.7419, time=11.6s
per-rank: rank0[cuda0,share=0.4142,tput=2.20] rank1[cuda1,share=0.2929,tput=4.81] rank2[cuda2,share=0.2929,tput=3.64]
epoch 10: eval=0.7336
epoch 11: loss=0.696815, train_acc=0.7578, time=10.8s
per-rank: rank0[cuda0,share=0.4269,tput=2.90] rank1[cuda1,share=0.2865,tput=2.56] rank2[cuda2,share=0.2865,tput=3.39]
epoch 11: eval=0.6154
epoch 12: loss=0.681033, train_acc=0.7643, time=9.4s
per-rank: rank0[cuda0,share=0.4311,tput=3.27] rank1[cuda1,share=0.2919,tput=2.56] rank2[cuda2,share=0.2769,tput=4.64]
epoch 12: eval=0.7701
epoch 13: loss=0.662612, train_acc=0.7701, time=12.3s
per-rank: rank0[cuda0,share=0.4053,tput=2.07] rank1[cuda1,share=0.3001,tput=4.92] rank2[cuda2,share=0.2945,tput=3.54]
epoch 13: eval=0.7149
epoch 14: loss=0.640674, train_acc=0.7781, time=11.2s
per-rank: rank0[cuda0,share=0.4064,tput=2.09] rank1[cuda1,share=0.3024,tput=4.07] rank2[cuda2,share=0.2913,tput=2.61]
epoch 14: eval=0.7406
epoch 15: loss=0.626163, train_acc=0.7830, time=9.5s
per-rank: rank0[cuda0,share=0.4076,tput=3.48] rank1[cuda1,share=0.3075,tput=3.23] rank2[cuda2,share=0.2849,tput=2.28]
epoch 15: eval=0.7608
epoch 16: loss=0.609633, train_acc=0.7887, time=12.5s
per-rank: rank0[cuda0,share=0.3926,tput=2.03] rank2[cuda2,share=0.3152,tput=5.52] rank1[cuda1,share=0.2923,tput=3.31]
epoch 16: eval=0.6590
epoch 17: loss=0.595099, train_acc=0.7944, time=11.1s
per-rank: rank0[cuda0,share=0.4017,tput=2.32] rank1[cuda1,share=0.3020,tput=3.97] rank2[cuda2,share=0.2963,tput=2.41]
epoch 17: eval=0.7504
epoch 18: loss=0.587890, train_acc=0.7988, time=12.2s
per-rank: rank0[cuda0,share=0.4167,tput=2.14] rank2[cuda2,share=0.2969,tput=3.23] rank1[cuda1,share=0.2865,tput=5.63]
epoch 18: eval=0.7953
epoch 19: loss=0.579521, train_acc=0.8032, time=11.3s
per-rank: rank0[cuda0,share=0.3973,tput=1.97] rank2[cuda2,share=0.3054,tput=2.89] rank1[cuda1,share=0.2973,tput=3.63]
epoch 19: eval=0.8215
epoch 20: loss=0.565680, train_acc=0.8050, time=9.7s
per-rank: rank0[cuda0,share=0.4050,tput=3.73] rank1[cuda1,share=0.3017,tput=3.59] rank2[cuda2,share=0.2933,tput=2.01]
epoch 20: eval=0.7388
epoch 21: loss=0.557375, train_acc=0.8093, time=9.4s
per-rank: rank0[cuda0,share=0.4226,tput=2.38] rank1[cuda1,share=0.2948,tput=2.11] rank2[cuda2,share=0.2826,tput=7.19]
epoch 21: eval=0.7724
epoch 22: loss=0.543777, train_acc=0.8127, time=9.3s
per-rank: rank0[cuda0,share=0.4169,tput=3.30] rank2[cuda2,share=0.2997,tput=3.59] rank1[cuda1,share=0.2834,tput=2.19]
epoch 22: eval=0.6503
epoch 23: loss=0.542327, train_acc=0.8132, time=11.9s
per-rank: rank0[cuda0,share=0.4141,tput=2.13] rank1[cuda1,share=0.3036,tput=3.99] rank2[cuda2,share=0.2823,tput=4.26]
epoch 23: eval=0.8278
epoch 24: loss=0.539031, train_acc=0.8139, time=10.9s
per-rank: rank0[cuda0,share=0.4151,tput=2.19] rank1[cuda1,share=0.3082,tput=3.74] rank2[cuda2,share=0.2767,tput=2.61]
epoch 24: eval=0.8336
epoch 25: loss=0.536001, train_acc=0.8161, time=9.4s
per-rank: rank0[cuda0,share=0.4185,tput=4.41] rank1[cuda1,share=0.3025,tput=2.56] rank2[cuda2,share=0.2790,tput=3.65]
epoch 25: eval=0.7596
epoch 26: loss=0.534007, train_acc=0.8177, time=9.6s
per-rank: rank0[cuda0,share=0.4037,tput=2.72] rank1[cuda1,share=0.3155,tput=3.18] rank2[cuda2,share=0.2807,tput=2.66]
epoch 26: eval=0.7635
epoch 27: loss=0.514708, train_acc=0.8224, time=9.4s
per-rank: rank0[cuda0,share=0.3908,tput=3.60] rank1[cuda1,share=0.3046,tput=3.70] rank2[cuda2,share=0.3046,tput=2.11]
epoch 27: eval=0.7392
epoch 28: loss=0.511703, train_acc=0.8235, time=9.5s
per-rank: rank0[cuda0,share=0.3935,tput=2.18] rank1[cuda1,share=0.3159,tput=2.40] rank2[cuda2,share=0.2906,tput=6.13]
epoch 28: eval=0.7812
epoch 29: loss=0.516720, train_acc=0.8231, time=9.5s
per-rank: rank0[cuda0,share=0.4035,tput=4.27] rank2[cuda2,share=0.3089,tput=2.54] rank1[cuda1,share=0.2876,tput=2.60]
epoch 29: eval=0.7837
epoch 30: loss=0.507320, train_acc=0.8243, time=12.4s
per-rank: rank0[cuda0,share=0.4018,tput=2.04] rank2[cuda2,share=0.3162,tput=3.61] rank1[cuda1,share=0.2819,tput=4.66]
epoch 30: eval=0.7709
epoch 31: loss=0.503854, train_acc=0.8251, time=11.0s
per-rank: rank0[cuda0,share=0.3981,tput=2.15] rank1[cuda1,share=0.3016,tput=3.05] rank2[cuda2,share=0.3003,tput=3.58]
epoch 31: eval=0.8238
epoch 32: loss=0.498757, train_acc=0.8287, time=9.5s
per-rank: rank0[cuda0,share=0.4114,tput=3.28] rank1[cuda1,share=0.3203,tput=3.23] rank2[cuda2,share=0.2684,tput=2.38]
epoch 32: eval=0.7601
epoch 33: loss=0.497025, train_acc=0.8290, time=9.4s
per-rank: rank0[cuda0,share=0.4301,tput=3.28] rank1[cuda1,share=0.2979,tput=3.48] rank2[cuda2,share=0.2720,tput=2.28]
epoch 33: eval=0.8361
epoch 34: loss=0.489535, train_acc=0.8323, time=11.7s
per-rank: rank0[cuda0,share=0.4065,tput=2.16] rank1[cuda1,share=0.3017,tput=3.61] rank2[cuda2,share=0.2918,tput=4.65]
epoch 34: eval=0.8163
epoch 35: loss=0.478853, train_acc=0.8351, time=10.7s
per-rank: rank0[cuda0,share=0.4070,tput=2.59] rank1[cuda1,share=0.3000,tput=2.65] rank2[cuda2,share=0.2930,tput=3.49]
epoch 35: eval=0.7976
epoch 36: loss=0.477197, train_acc=0.8351, time=9.4s
per-rank: rank0[cuda0,share=0.4092,tput=2.95] rank1[cuda1,share=0.3026,tput=3.15] rank2[cuda2,share=0.2882,tput=2.66]
epoch 36: eval=0.8197
epoch 37: loss=0.477993, train_acc=0.8344, time=9.5s
per-rank: rank0[cuda0,share=0.4053,tput=3.11] rank1[cuda1,share=0.2988,tput=2.61] rank2[cuda2,share=0.2959,tput=3.09]
epoch 37: eval=0.8040
epoch 38: loss=0.469185, train_acc=0.8387, time=9.5s
per-rank: rank0[cuda0,share=0.3942,tput=3.53] rank1[cuda1,share=0.3122,tput=3.26] rank2[cuda2,share=0.2935,tput=2.28]
epoch 38: eval=0.8045
epoch 39: loss=0.476672, train_acc=0.8349, time=9.4s
per-rank: rank0[cuda0,share=0.4213,tput=3.03] rank1[cuda1,share=0.2936,tput=3.31] rank2[cuda2,share=0.2851,tput=2.48]
epoch 39: eval=0.7729
epoch 40: loss=0.474683, train_acc=0.8371, time=9.2s
per-rank: rank0[cuda0,share=0.4208,tput=3.91] rank1[cuda1,share=0.2896,tput=3.56] rank2[cuda2,share=0.2896,tput=1.95]
epoch 40: eval=0.8016
epoch 41: loss=0.462444, train_acc=0.8391, time=9.5s
per-rank: rank0[cuda0,share=0.4153,tput=2.08] rank1[cuda1,share=0.3042,tput=2.54] rank2[cuda2,share=0.2806,tput=6.90]
epoch 41: eval=0.8103
epoch 42: loss=0.471315, train_acc=0.8363, time=9.5s
per-rank: rank0[cuda0,share=0.3880,tput=2.71] rank1[cuda1,share=0.3155,tput=2.59] rank2[cuda2,share=0.2965,tput=3.59]
epoch 42: eval=0.7912
epoch 43: loss=0.453756, train_acc=0.8445, time=10.5s
per-rank: rank0[cuda0,share=0.4334,tput=2.26] rank1[cuda1,share=0.2873,tput=3.12] rank2[cuda2,share=0.2793,tput=4.73]
epoch 43: eval=0.8080
epoch 44: loss=0.466923, train_acc=0.8400, time=10.2s
per-rank: rank0[cuda0,share=0.4279,tput=2.84] rank1[cuda1,share=0.3056,tput=3.72] rank2[cuda2,share=0.2665,tput=2.23]
epoch 44: eval=0.8291
epoch 45: loss=0.453853, train_acc=0.8440, time=9.6s
per-rank: rank0[cuda0,share=0.3923,tput=3.20] rank1[cuda1,share=0.3088,tput=3.37] rank2[cuda2,share=0.2988,tput=2.35]
epoch 45: eval=0.7641
epoch 46: loss=0.449421, train_acc=0.8442, time=9.5s
per-rank: rank0[cuda0,share=0.3742,tput=2.49] rank2[cuda2,share=0.3137,tput=5.41] rank1[cuda1,share=0.3121,tput=2.21]
epoch 46: eval=0.7985
epoch 47: loss=0.467700, train_acc=0.8388, time=9.3s
per-rank: rank0[cuda0,share=0.4034,tput=2.25] rank2[cuda2,share=0.3023,tput=5.17] rank1[cuda1,share=0.2943,tput=2.65]
epoch 47: eval=0.8123
epoch 48: loss=0.470232, train_acc=0.8390, time=10.9s
per-rank: rank0[cuda0,share=0.4115,tput=2.23] rank1[cuda1,share=0.3002,tput=3.04] rank2[cuda2,share=0.2883,tput=5.42]
epoch 48: eval=0.8034
epoch 49: loss=0.468496, train_acc=0.8397, time=10.3s
per-rank: rank0[cuda0,share=0.4240,tput=2.24] rank1[cuda1,share=0.2926,tput=4.20] rank2[cuda2,share=0.2834,tput=2.49]
epoch 49: eval=0.8082
epoch 50: loss=0.449158, train_acc=0.8445, time=11.7s
per-rank: rank0[cuda0,share=0.4218,tput=2.20] rank2[cuda2,share=0.3009,tput=3.66] rank1[cuda1,share=0.2773,tput=4.63]
epoch 50: eval=0.8107
epoch 51: loss=0.456198, train_acc=0.8434, time=10.5s
per-rank: rank0[cuda0,share=0.4241,tput=2.22] rank2[cuda2,share=0.3013,tput=3.62] rank1[cuda1,share=0.2746,tput=2.90]
epoch 51: eval=0.8332
epoch 52: loss=0.451691, train_acc=0.8444, time=9.3s
per-rank: rank0[cuda0,share=0.4107,tput=2.31] rank2[cuda2,share=0.2985,tput=2.38] rank1[cuda1,share=0.2908,tput=6.06]
epoch 52: eval=0.8219
epoch 53: loss=0.439647, train_acc=0.8493, time=9.4s
per-rank: rank0[cuda0,share=0.4140,tput=2.63] rank2[cuda2,share=0.2937,tput=2.30] rank1[cuda1,share=0.2923,tput=5.25]
epoch 53: eval=0.8442
epoch 54: loss=0.442420, train_acc=0.8478, time=9.6s
per-rank: rank0[cuda0,share=0.4117,tput=2.28] rank1[cuda1,share=0.3129,tput=2.74] rank2[cuda2,share=0.2754,tput=5.28]
epoch 54: eval=0.8278
epoch 55: loss=0.431910, train_acc=0.8509, time=9.4s
per-rank: rank0[cuda0,share=0.4138,tput=2.48] rank1[cuda1,share=0.3119,tput=5.61] rank2[cuda2,share=0.2743,tput=2.22]
epoch 55: eval=0.7077
epoch 56: loss=0.533537, train_acc=0.8162, time=9.9s
per-rank: rank0[cuda0,share=0.4227,tput=3.78] rank1[cuda1,share=0.2934,tput=2.30] rank2[cuda2,share=0.2839,tput=3.16]
epoch 56: eval=0.7662
epoch 57: loss=0.519790, train_acc=0.8219, time=9.5s
per-rank: rank0[cuda0,share=0.4246,tput=2.15] rank1[cuda1,share=0.2890,tput=2.71] rank2[cuda2,share=0.2864,tput=4.61]
epoch 57: eval=0.7591
epoch 58: loss=0.511952, train_acc=0.8236, time=9.3s
per-rank: rank0[cuda0,share=0.4257,tput=3.56] rank2[cuda2,share=0.2878,tput=3.12] rank1[cuda1,share=0.2866,tput=2.31]
epoch 58: eval=0.7611
epoch 59: loss=0.509316, train_acc=0.8246, time=9.3s
per-rank: rank0[cuda0,share=0.4261,tput=3.43] rank2[cuda2,share=0.2885,tput=2.45] rank1[cuda1,share=0.2854,tput=3.00]
epoch 59: eval=0.7859
epoch 60: loss=0.500400, train_acc=0.8298, time=9.1s
per-rank: rank0[cuda0,share=0.4264,tput=3.30] rank2[cuda2,share=0.2891,tput=2.83] rank1[cuda1,share=0.2845,tput=2.86]
epoch 60: eval=0.7936
epoch 61: loss=0.498947, train_acc=0.8282, time=9.3s
per-rank: rank0[cuda0,share=0.4247,tput=3.39] rank2[cuda2,share=0.2881,tput=1.88] rank1[cuda1,share=0.2872,tput=4.08]
epoch 61: eval=0.7753
epoch 62: loss=0.499490, train_acc=0.8290, time=11.0s
per-rank: rank0[cuda0,share=0.4234,tput=2.26] rank1[cuda1,share=0.2892,tput=3.27] rank2[cuda2,share=0.2874,tput=4.78]
epoch 62: eval=0.7700
epoch 63: loss=0.497263, train_acc=0.8285, time=10.3s
per-rank: rank0[cuda0,share=0.4234,tput=2.54] rank1[cuda1,share=0.2892,tput=3.34] rank2[cuda2,share=0.2874,tput=2.66]
epoch 63: eval=0.7633
epoch 64: loss=0.484890, train_acc=0.8341, time=9.3s
per-rank: rank0[cuda0,share=0.4223,tput=3.25] rank1[cuda1,share=0.2907,tput=3.34] rank2[cuda2,share=0.2870,tput=2.77]
epoch 64: eval=0.7314
epoch 65: loss=0.487862, train_acc=0.8333, time=12.6s
per-rank: rank0[cuda0,share=0.4213,tput=1.96] rank1[cuda1,share=0.2921,tput=4.76] rank2[cuda2,share=0.2866,tput=3.76]
epoch 65: eval=0.7933
epoch 66: loss=0.489588, train_acc=0.8339, time=11.2s
per-rank: rank0[cuda0,share=0.4193,tput=2.18] rank1[cuda1,share=0.2939,tput=4.13] rank2[cuda2,share=0.2868,tput=2.53]
epoch 66: eval=0.7528
epoch 67: loss=0.491695, train_acc=0.8306, time=9.4s
per-rank: rank0[cuda0,share=0.4175,tput=3.23] rank1[cuda1,share=0.2953,tput=3.25] rank2[cuda2,share=0.2872,tput=2.41]
epoch 67: eval=0.8187
epoch 68: loss=0.487354, train_acc=0.8315, time=9.3s
per-rank: rank0[cuda0,share=0.4142,tput=3.15] rank1[cuda1,share=0.2975,tput=3.87] rank2[cuda2,share=0.2883,tput=1.97]
epoch 68: eval=0.8068
epoch 69: loss=0.494691, train_acc=0.8311, time=9.3s
per-rank: rank0[cuda0,share=0.4108,tput=2.29] rank1[cuda1,share=0.2998,tput=5.33] rank2[cuda2,share=0.2895,tput=2.40]
epoch 69: eval=0.8416
epoch 70: loss=0.487749, train_acc=0.8324, time=9.3s
per-rank: rank0[cuda0,share=0.4108,tput=3.84] rank1[cuda1,share=0.2998,tput=2.31] rank2[cuda2,share=0.2895,tput=3.37]
epoch 70: eval=0.7571
epoch 71: loss=0.480952, train_acc=0.8346, time=11.4s
per-rank: rank0[cuda0,share=0.4039,tput=2.06] rank1[cuda1,share=0.3042,tput=5.18] rank2[cuda2,share=0.2918,tput=3.38]
epoch 71: eval=0.7706
epoch 72: loss=0.485944, train_acc=0.8325, time=10.3s
per-rank: rank0[cuda0,share=0.4039,tput=2.77] rank1[cuda1,share=0.3042,tput=4.09] rank2[cuda2,share=0.2918,tput=2.29]
epoch 72: eval=0.7746
epoch 73: loss=0.480951, train_acc=0.8351, time=9.3s
per-rank: rank0[cuda0,share=0.4016,tput=2.46] rank1[cuda1,share=0.3045,tput=5.55] rank2[cuda2,share=0.2939,tput=2.18]
epoch 73: eval=0.7787
epoch 74: loss=0.479864, train_acc=0.8366, time=9.1s
per-rank: rank0[cuda0,share=0.3993,tput=3.73] rank1[cuda1,share=0.3047,tput=2.50] rank2[cuda2,share=0.2960,tput=3.03]
epoch 74: eval=0.7898
epoch 75: loss=0.476999, train_acc=0.8370, time=9.3s
per-rank: rank0[cuda0,share=0.3987,tput=2.74] rank1[cuda1,share=0.3041,tput=2.39] rank2[cuda2,share=0.2972,tput=5.00]
epoch 75: eval=0.7876
epoch 76: loss=0.486772, train_acc=0.8323, time=9.3s
per-rank: rank0[cuda0,share=0.3981,tput=3.48] rank1[cuda1,share=0.3034,tput=2.46] rank2[cuda2,share=0.2985,tput=3.06]
epoch 76: eval=0.7822
epoch 77: loss=0.482729, train_acc=0.8340, time=9.4s
per-rank: rank0[cuda0,share=0.4005,tput=3.64] rank1[cuda1,share=0.3012,tput=2.02] rank2[cuda2,share=0.2982,tput=3.44]
epoch 77: eval=0.7713
epoch 78: loss=0.479744, train_acc=0.8363, time=12.2s
per-rank: rank0[cuda0,share=0.4021,tput=2.06] rank1[cuda1,share=0.3004,tput=5.28] rank2[cuda2,share=0.2974,tput=3.25]
epoch 78: eval=0.7929
epoch 79: loss=0.486081, train_acc=0.8339, time=10.8s
per-rank: rank0[cuda0,share=0.4054,tput=2.17] rank1[cuda1,share=0.2988,tput=3.06] rank2[cuda2,share=0.2958,tput=3.69]
epoch 79: eval=0.8298
epoch 80: loss=0.486089, train_acc=0.8327, time=9.4s
per-rank: rank0[cuda0,share=0.4080,tput=3.25] rank1[cuda1,share=0.2983,tput=4.24] rank2[cuda2,share=0.2937,tput=1.81]
epoch 80: eval=0.8314
epoch 81: loss=0.475599, train_acc=0.8383, time=12.3s
per-rank: rank0[cuda0,share=0.4105,tput=1.99] rank1[cuda1,share=0.2978,tput=5.65] rank2[cuda2,share=0.2917,tput=3.14]
epoch 81: eval=0.7995
epoch 82: loss=0.486226, train_acc=0.8349, time=11.4s
per-rank: rank0[cuda0,share=0.4105,tput=2.04] rank1[cuda1,share=0.2978,tput=2.80] rank2[cuda2,share=0.2917,tput=4.17]
epoch 82: eval=0.7418
epoch 83: loss=0.476668, train_acc=0.8363, time=9.6s
per-rank: rank0[cuda0,share=0.4117,tput=3.13] rank1[cuda1,share=0.2980,tput=2.16] rank2[cuda2,share=0.2903,tput=3.86]
epoch 83: eval=0.7926
epoch 84: loss=0.472811, train_acc=0.8374, time=9.2s
per-rank: rank0[cuda0,share=0.4128,tput=4.48] rank1[cuda1,share=0.2982,tput=2.09] rank2[cuda2,share=0.2890,tput=3.65]
epoch 84: eval=0.7436
epoch 85: loss=0.477650, train_acc=0.8361, time=9.2s
per-rank: rank0[cuda0,share=0.4146,tput=3.74] rank1[cuda1,share=0.2973,tput=2.73] rank2[cuda2,share=0.2881,tput=2.56]
epoch 85: eval=0.7545
epoch 86: loss=0.484824, train_acc=0.8351, time=10.8s
per-rank: rank0[cuda0,share=0.4155,tput=2.28] rank1[cuda1,share=0.2959,tput=3.15] rank2[cuda2,share=0.2886,tput=5.15]
epoch 86: eval=0.8040
epoch 87: loss=0.470729, train_acc=0.8389, time=10.1s
per-rank: rank0[cuda0,share=0.4164,tput=2.90] rank1[cuda1,share=0.2944,tput=2.97] rank2[cuda2,share=0.2892,tput=3.07]
epoch 87: eval=0.7876
epoch 88: loss=0.483656, train_acc=0.8345, time=12.8s
per-rank: rank0[cuda0,share=0.4159,tput=1.93] rank1[cuda1,share=0.2936,tput=3.98] rank2[cuda2,share=0.2904,tput=4.29]
epoch 88: eval=0.7882
epoch 89: loss=0.475981, train_acc=0.8367, time=11.8s
per-rank: rank0[cuda0,share=0.4159,tput=2.13] rank1[cuda1,share=0.2936,tput=4.11] rank2[cuda2,share=0.2904,tput=2.65]
epoch 89: eval=0.7721
epoch 90: loss=0.473917, train_acc=0.8377, time=9.7s
per-rank: rank0[cuda0,share=0.4154,tput=2.62] rank1[cuda1,share=0.2929,tput=4.34] rank2[cuda2,share=0.2917,tput=2.20]
epoch 90: eval=0.7791
epoch 91: loss=0.461738, train_acc=0.8403, time=9.3s
per-rank: rank0[cuda0,share=0.4139,tput=3.21] rank1[cuda1,share=0.2939,tput=3.75] rank2[cuda2,share=0.2923,tput=2.13]
epoch 91: eval=0.7916
epoch 92: loss=0.467163, train_acc=0.8394, time=9.3s
per-rank: rank0[cuda0,share=0.4130,tput=3.44] rank1[cuda1,share=0.2937,tput=2.29] rank2[cuda2,share=0.2933,tput=3.40]
epoch 92: eval=0.7873
epoch 93: loss=0.474326, train_acc=0.8381, time=11.1s
per-rank: rank0[cuda0,share=0.4108,tput=2.22] rank2[cuda2,share=0.2950,tput=5.27] rank1[cuda1,share=0.2942,tput=3.31]
epoch 93: eval=0.6678
epoch 94: loss=0.468530, train_acc=0.8389, time=10.4s
per-rank: rank0[cuda0,share=0.4099,tput=2.55] rank2[cuda2,share=0.2960,tput=3.82] rank1[cuda1,share=0.2941,tput=2.62]
epoch 94: eval=0.8280
epoch 95: loss=0.466361, train_acc=0.8400, time=9.3s
per-rank: rank0[cuda0,share=0.4091,tput=3.51] rank2[cuda2,share=0.2970,tput=2.80] rank1[cuda1,share=0.2939,tput=2.56]
epoch 95: eval=0.8094
epoch 96: loss=0.465046, train_acc=0.8398, time=9.2s
per-rank: rank0[cuda0,share=0.4089,tput=4.30] rank2[cuda2,share=0.2969,tput=2.03] rank1[cuda1,share=0.2942,tput=5.00]
epoch 96: eval=0.7980
epoch 97: loss=0.478847, train_acc=0.8351, time=11.2s
per-rank: rank0[cuda0,share=0.4079,tput=2.17] rank2[cuda2,share=0.2961,tput=3.36] rank1[cuda1,share=0.2960,tput=4.69]
epoch 97: eval=0.7904
epoch 98: loss=0.463764, train_acc=0.8409, time=10.5s
per-rank: rank0[cuda0,share=0.4069,tput=3.69] rank1[cuda1,share=0.2977,tput=3.55] rank2[cuda2,share=0.2954,tput=2.49]
epoch 98: eval=0.8449
epoch 99: loss=0.479134, train_acc=0.8364, time=9.2s
per-rank: rank0[cuda0,share=0.4059,tput=2.49] rank1[cuda1,share=0.2995,tput=2.40] rank2[cuda2,share=0.2946,tput=5.59]
epoch 99: eval=0.8552
epoch 100: loss=0.278070, train_acc=0.9045, time=9.2s
per-rank: rank0[cuda0,share=0.4059,tput=3.63] rank1[cuda1,share=0.2995,tput=2.81] rank2[cuda2,share=0.2946,tput=4.08]
epoch 100: eval=0.8952
epoch 101: loss=0.246070, train_acc=0.9143, time=11.3s
per-rank: rank0[cuda0,share=0.4048,tput=2.16] rank1[cuda1,share=0.3012,tput=4.86] rank2[cuda2,share=0.2939,tput=3.37]
epoch 101: eval=0.8999
epoch 102: loss=0.236349, train_acc=0.9184, time=10.4s
per-rank: rank0[cuda0,share=0.4048,tput=2.16] rank1[cuda1,share=0.3012,tput=2.79] rank2[cuda2,share=0.2939,tput=3.67]
epoch 102: eval=0.9004
epoch 103: loss=0.227318, train_acc=0.9215, time=9.2s
per-rank: rank0[cuda0,share=0.4048,tput=2.49] rank1[cuda1,share=0.3012,tput=2.30] rank2[cuda2,share=0.2939,tput=5.98]
epoch 103: eval=0.8993
epoch 104: loss=0.221475, train_acc=0.9233, time=9.4s
per-rank: rank0[cuda0,share=0.4062,tput=2.34] rank1[cuda1,share=0.3006,tput=2.23] rank2[cuda2,share=0.2933,tput=5.61]
epoch 104: eval=0.9016
epoch 105: loss=0.216003, train_acc=0.9251, time=9.5s
per-rank: rank0[cuda0,share=0.4075,tput=2.81] rank1[cuda1,share=0.2999,tput=3.51] rank2[cuda2,share=0.2926,tput=2.42]
epoch 105: eval=0.9046
epoch 106: loss=0.208696, train_acc=0.9285, time=9.3s
per-rank: rank0[cuda0,share=0.4081,tput=3.44] rank1[cuda1,share=0.2987,tput=3.30] rank2[cuda2,share=0.2932,tput=2.37]
epoch 106: eval=0.9065
epoch 107: loss=0.203501, train_acc=0.9301, time=10.7s
per-rank: rank0[cuda0,share=0.4074,tput=2.23] rank1[cuda1,share=0.2982,tput=5.09] rank2[cuda2,share=0.2944,tput=3.24]
epoch 107: eval=0.9079
epoch 108: loss=0.200542, train_acc=0.9299, time=10.2s
per-rank: rank0[cuda0,share=0.4067,tput=2.58] rank1[cuda1,share=0.2977,tput=3.89] rank2[cuda2,share=0.2956,tput=2.37]
epoch 108: eval=0.9058
epoch 109: loss=0.194245, train_acc=0.9311, time=9.2s
per-rank: rank0[cuda0,share=0.4067,tput=3.55] rank1[cuda1,share=0.2977,tput=2.24] rank2[cuda2,share=0.2956,tput=3.34]
epoch 109: eval=0.9054
epoch 110: loss=0.193802, train_acc=0.9324, time=9.2s
per-rank: rank0[cuda0,share=0.4061,tput=3.45] rank1[cuda1,share=0.2971,tput=4.00] rank2[cuda2,share=0.2968,tput=1.90]
epoch 110: eval=0.9031
epoch 111: loss=0.190014, train_acc=0.9337, time=11.2s
per-rank: rank0[cuda0,share=0.4047,tput=2.16] rank2[cuda2,share=0.2993,tput=4.52] rank1[cuda1,share=0.2960,tput=3.49]
epoch 111: eval=0.9078
epoch 112: loss=0.185454, train_acc=0.9351, time=10.4s
per-rank: rank0[cuda0,share=0.4047,tput=2.52] rank2[cuda2,share=0.2993,tput=2.29] rank1[cuda1,share=0.2960,tput=3.87]
epoch 112: eval=0.9075
epoch 113: loss=0.185696, train_acc=0.9359, time=9.3s
per-rank: rank0[cuda0,share=0.4040,tput=3.35] rank2[cuda2,share=0.2990,tput=2.04] rank1[cuda1,share=0.2970,tput=3.89]
epoch 113: eval=0.9105
epoch 114: loss=0.183114, train_acc=0.9363, time=11.8s
per-rank: rank0[cuda0,share=0.4034,tput=2.01] rank2[cuda2,share=0.2986,tput=3.59] rank1[cuda1,share=0.2980,tput=4.41]
epoch 114: eval=0.9050
epoch 115: loss=0.179135, train_acc=0.9378, time=10.3s
per-rank: rank0[cuda0,share=0.4027,tput=2.74] rank1[cuda1,share=0.2990,tput=3.46] rank2[cuda2,share=0.2983,tput=2.74]
epoch 115: eval=0.9053
epoch 116: loss=0.177255, train_acc=0.9378, time=11.5s
per-rank: rank0[cuda0,share=0.4021,tput=2.07] rank1[cuda1,share=0.3000,tput=3.25] rank2[cuda2,share=0.2979,tput=5.13]
epoch 116: eval=0.9098
epoch 117: loss=0.173214, train_acc=0.9397, time=10.4s
per-rank: rank0[cuda0,share=0.4021,tput=2.19] rank1[cuda1,share=0.3016,tput=2.90] rank2[cuda2,share=0.2963,tput=3.82]
epoch 117: eval=0.9055
epoch 118: loss=0.171603, train_acc=0.9397, time=9.2s
per-rank: rank0[cuda0,share=0.4030,tput=2.55] rank1[cuda1,share=0.3018,tput=2.39] rank2[cuda2,share=0.2952,tput=5.70]
epoch 118: eval=0.9021
epoch 119: loss=0.169912, train_acc=0.9413, time=11.3s
per-rank: rank0[cuda0,share=0.4039,tput=2.19] rank1[cuda1,share=0.3020,tput=3.22] rank2[cuda2,share=0.2942,tput=5.11]
epoch 119: eval=0.9049
epoch 120: loss=0.168442, train_acc=0.9409, time=10.7s
per-rank: rank0[cuda0,share=0.4047,tput=2.25] rank1[cuda1,share=0.3022,tput=2.58] rank2[cuda2,share=0.2931,tput=3.67]
epoch 120: eval=0.9085
epoch 121: loss=0.166378, train_acc=0.9425, time=9.9s
per-rank: rank0[cuda0,share=0.4056,tput=1.96] rank1[cuda1,share=0.3024,tput=5.38] rank2[cuda2,share=0.2921,tput=2.20]
epoch 121: eval=0.9088
epoch 122: loss=0.162988, train_acc=0.9433, time=11.3s
per-rank: rank0[cuda0,share=0.4065,tput=2.16] rank1[cuda1,share=0.3025,tput=3.39] rank2[cuda2,share=0.2910,tput=4.83]
epoch 122: eval=0.9086
epoch 123: loss=0.163330, train_acc=0.9426, time=10.4s
per-rank: rank0[cuda0,share=0.4073,tput=2.50] rank1[cuda1,share=0.3011,tput=2.88] rank2[cuda2,share=0.2916,tput=3.34]
epoch 123: eval=0.9097
epoch 124: loss=0.161422, train_acc=0.9427, time=9.2s
per-rank: rank0[cuda0,share=0.4073,tput=2.88] rank1[cuda1,share=0.3011,tput=2.70] rank2[cuda2,share=0.2916,tput=3.28]
epoch 124: eval=0.9066
epoch 125: loss=0.159971, train_acc=0.9435, time=9.1s
per-rank: rank0[cuda0,share=0.4064,tput=4.46] rank1[cuda1,share=0.3006,tput=4.51] rank2[cuda2,share=0.2930,tput=2.65]
epoch 125: eval=0.9039
epoch 126: loss=0.160072, train_acc=0.9437, time=11.5s
per-rank: rank0[cuda0,share=0.4045,tput=2.03] rank1[cuda1,share=0.2996,tput=5.10] rank2[cuda2,share=0.2960,tput=3.38]
epoch 126: eval=0.9089
epoch 127: loss=0.158678, train_acc=0.9441, time=10.5s
per-rank: rank0[cuda0,share=0.4045,tput=2.35] rank1[cuda1,share=0.2996,tput=2.82] rank2[cuda2,share=0.2960,tput=3.43]
epoch 127: eval=0.9058
epoch 128: loss=0.155498, train_acc=0.9453, time=9.2s
per-rank: rank0[cuda0,share=0.4023,tput=4.90] rank1[cuda1,share=0.2996,tput=2.23] rank2[cuda2,share=0.2981,tput=3.50]
epoch 128: eval=0.8997
epoch 129: loss=0.155539, train_acc=0.9456, time=10.4s
per-rank: rank0[cuda0,share=0.3971,tput=2.20] rank2[cuda2,share=0.3018,tput=5.22] rank1[cuda1,share=0.3011,tput=2.87]
epoch 129: eval=0.9092
epoch 130: loss=0.154914, train_acc=0.9460, time=9.8s
per-rank: rank0[cuda0,share=0.3971,tput=2.77] rank2[cuda2,share=0.3018,tput=2.45] rank1[cuda1,share=0.3011,tput=3.64]
epoch 130: eval=0.9056
epoch 131: loss=0.150282, train_acc=0.9463, time=9.3s
per-rank: rank0[cuda0,share=0.3926,tput=2.32] rank2[cuda2,share=0.3063,tput=2.23] rank1[cuda1,share=0.3011,tput=6.18]
epoch 131: eval=0.9138
epoch 132: loss=0.148465, train_acc=0.9473, time=11.5s
per-rank: rank0[cuda0,share=0.3904,tput=2.03] rank2[cuda2,share=0.3086,tput=3.06] rank1[cuda1,share=0.3011,tput=5.80]
epoch 132: eval=0.9065
epoch 133: loss=0.155452, train_acc=0.9445, time=10.6s
per-rank: rank0[cuda0,share=0.3881,tput=2.37] rank2[cuda2,share=0.3109,tput=2.34] rank1[cuda1,share=0.3010,tput=3.95]
epoch 133: eval=0.9117
epoch 134: loss=0.148928, train_acc=0.9481, time=9.3s
per-rank: rank0[cuda0,share=0.3869,tput=4.10] rank2[cuda2,share=0.3117,tput=2.87] rank1[cuda1,share=0.3013,tput=2.32]
epoch 134: eval=0.9112
epoch 135: loss=0.152015, train_acc=0.9462, time=10.4s
per-rank: rank0[cuda0,share=0.3883,tput=2.20] rank2[cuda2,share=0.3105,tput=3.31] rank1[cuda1,share=0.3012,tput=4.17]
epoch 135: eval=0.9069
epoch 136: loss=0.148297, train_acc=0.9484, time=9.9s
per-rank: rank0[cuda0,share=0.3896,tput=3.02] rank2[cuda2,share=0.3092,tput=3.17] rank1[cuda1,share=0.3011,tput=2.78]
epoch 136: eval=0.9072
epoch 137: loss=0.146936, train_acc=0.9480, time=11.0s
per-rank: rank0[cuda0,share=0.3938,tput=2.21] rank2[cuda2,share=0.3066,tput=3.77] rank1[cuda1,share=0.2997,tput=4.38]
epoch 137: eval=0.9015
epoch 138: loss=0.147111, train_acc=0.9485, time=10.4s
per-rank: rank0[cuda0,share=0.3979,tput=2.63] rank2[cuda2,share=0.3039,tput=3.99] rank1[cuda1,share=0.2982,tput=2.27]
epoch 138: eval=0.8985
epoch 139: loss=0.154784, train_acc=0.9456, time=9.2s
per-rank: rank0[cuda0,share=0.4017,tput=3.66] rank2[cuda2,share=0.3011,tput=2.16] rank1[cuda1,share=0.2972,tput=3.22]
epoch 139: eval=0.9026
epoch 140: loss=0.148721, train_acc=0.9485, time=9.2s
per-rank: rank0[cuda0,share=0.4055,tput=3.44] rank2[cuda2,share=0.2983,tput=3.35] rank1[cuda1,share=0.2962,tput=2.19]
epoch 140: eval=0.9058
epoch 141: loss=0.142861, train_acc=0.9500, time=9.2s
per-rank: rank0[cuda0,share=0.4093,tput=3.49] rank2[cuda2,share=0.2955,tput=3.14] rank1[cuda1,share=0.2952,tput=2.32]
epoch 141: eval=0.9023
epoch 142: loss=0.141149, train_acc=0.9507, time=9.5s
per-rank: rank0[cuda0,share=0.4131,tput=3.71] rank1[cuda1,share=0.2942,tput=2.63] rank2[cuda2,share=0.2927,tput=2.55]
epoch 142: eval=0.9022
epoch 143: loss=0.146992, train_acc=0.9482, time=9.4s
per-rank: rank0[cuda0,share=0.4168,tput=3.83] rank1[cuda1,share=0.2932,tput=3.15] rank2[cuda2,share=0.2900,tput=2.50]
epoch 143: eval=0.9034
epoch 144: loss=0.148431, train_acc=0.9474, time=9.3s
per-rank: rank0[cuda0,share=0.4212,tput=2.19] rank1[cuda1,share=0.2910,tput=5.83] rank2[cuda2,share=0.2878,tput=2.45]
epoch 144: eval=0.9092
epoch 145: loss=0.150176, train_acc=0.9474, time=9.3s
per-rank: rank0[cuda0,share=0.4212,tput=2.49] rank1[cuda1,share=0.2910,tput=2.63] rank2[cuda2,share=0.2878,tput=3.81]
epoch 145: eval=0.9026
epoch 146: loss=0.147050, train_acc=0.9472, time=9.4s
per-rank: rank0[cuda0,share=0.4212,tput=4.40] rank1[cuda1,share=0.2902,tput=3.07] rank2[cuda2,share=0.2886,tput=2.49]
epoch 146: eval=0.8973
epoch 147: loss=0.144169, train_acc=0.9482, time=9.2s
per-rank: rank0[cuda0,share=0.4213,tput=2.30] rank1[cuda1,share=0.2894,tput=5.52] rank2[cuda2,share=0.2894,tput=2.51]
epoch 147: eval=0.8965
epoch 148: loss=0.143237, train_acc=0.9487, time=9.2s
per-rank: rank0[cuda0,share=0.4159,tput=2.85] rank2[cuda2,share=0.2959,tput=2.46] rank1[cuda1,share=0.2883,tput=4.55]
epoch 148: eval=0.9057
epoch 149: loss=0.138933, train_acc=0.9517, time=9.3s
per-rank: rank0[cuda0,share=0.4124,tput=3.17] rank2[cuda2,share=0.2987,tput=2.30] rank1[cuda1,share=0.2889,tput=3.54]
epoch 149: eval=0.9054
epoch 150: loss=0.121012, train_acc=0.9583, time=9.3s
per-rank: rank0[cuda0,share=0.4088,tput=3.91] rank2[cuda2,share=0.3017,tput=2.95] rank1[cuda1,share=0.2895,tput=2.18]
epoch 150: eval=0.9186
epoch 151: loss=0.092347, train_acc=0.9692, time=9.1s
per-rank: rank0[cuda0,share=0.4064,tput=3.48] rank2[cuda2,share=0.3040,tput=2.99] rank1[cuda1,share=0.2896,tput=2.65]
epoch 151: eval=0.9175
epoch 152: loss=0.090906, train_acc=0.9697, time=11.0s
per-rank: rank0[cuda0,share=0.4031,tput=2.22] rank2[cuda2,share=0.3058,tput=2.84] rank1[cuda1,share=0.2911,tput=5.76]
epoch 152: eval=0.9190
epoch 153: loss=0.088445, train_acc=0.9710, time=10.2s
per-rank: rank0[cuda0,share=0.4012,tput=2.67] rank2[cuda2,share=0.3069,tput=3.22] rank1[cuda1,share=0.2920,tput=2.81]
epoch 153: eval=0.9185
epoch 154: loss=0.084531, train_acc=0.9720, time=9.6s
per-rank: rank0[cuda0,share=0.3992,tput=2.65] rank2[cuda2,share=0.3080,tput=3.25] rank1[cuda1,share=0.2928,tput=2.72]
epoch 154: eval=0.9176
epoch 155: loss=0.084167, train_acc=0.9731, time=9.3s
per-rank: rank0[cuda0,share=0.3994,tput=2.94] rank2[cuda2,share=0.3079,tput=2.64] rank1[cuda1,share=0.2926,tput=3.43]
epoch 155: eval=0.9169
epoch 156: loss=0.082006, train_acc=0.9729, time=11.3s
per-rank: rank0[cuda0,share=0.3997,tput=2.14] rank2[cuda2,share=0.3079,tput=3.26] rank1[cuda1,share=0.2924,tput=5.32]
epoch 156: eval=0.9176
epoch 157: loss=0.081996, train_acc=0.9735, time=10.3s
per-rank: rank0[cuda0,share=0.3996,tput=2.42] rank2[cuda2,share=0.3069,tput=2.72] rank1[cuda1,share=0.2935,tput=3.83]
epoch 157: eval=0.9185
epoch 158: loss=0.082434, train_acc=0.9722, time=9.2s
per-rank: rank0[cuda0,share=0.3995,tput=4.11] rank2[cuda2,share=0.3059,tput=2.31] rank1[cuda1,share=0.2946,tput=2.80]
epoch 158: eval=0.9196
epoch 159: loss=0.081197, train_acc=0.9730, time=9.4s
per-rank: rank0[cuda0,share=0.4000,tput=2.41] rank2[cuda2,share=0.3054,tput=2.20] rank1[cuda1,share=0.2946,tput=5.05]
epoch 159: eval=0.9180
epoch 160: loss=0.078821, train_acc=0.9732, time=11.4s
per-rank: rank0[cuda0,share=0.3998,tput=2.05] rank2[cuda2,share=0.3049,tput=3.14] rank1[cuda1,share=0.2952,tput=5.47]
epoch 160: eval=0.9193
epoch 161: loss=0.080055, train_acc=0.9733, time=10.4s
per-rank: rank0[cuda0,share=0.3998,tput=2.64] rank2[cuda2,share=0.3049,tput=2.38] rank1[cuda1,share=0.2952,tput=3.79]
epoch 161: eval=0.9168
epoch 162: loss=0.078525, train_acc=0.9741, time=9.3s
per-rank: rank0[cuda0,share=0.3999,tput=2.65] rank2[cuda2,share=0.3057,tput=4.93] rank1[cuda1,share=0.2944,tput=2.28]
epoch 162: eval=0.9186
epoch 163: loss=0.079191, train_acc=0.9730, time=11.2s
per-rank: rank0[cuda0,share=0.3992,tput=2.20] rank2[cuda2,share=0.3067,tput=2.87] rank1[cuda1,share=0.2940,tput=5.86]
epoch 163: eval=0.9168
epoch 164: loss=0.080733, train_acc=0.9726, time=10.4s
per-rank: rank0[cuda0,share=0.4002,tput=3.12] rank2[cuda2,share=0.3061,tput=2.15] rank1[cuda1,share=0.2937,tput=3.99]
epoch 164: eval=0.9185
epoch 165: loss=0.078117, train_acc=0.9743, time=9.3s
per-rank: rank0[cuda0,share=0.4012,tput=3.38] rank2[cuda2,share=0.3056,tput=3.13] rank1[cuda1,share=0.2933,tput=2.44]
epoch 165: eval=0.9197
epoch 166: loss=0.078057, train_acc=0.9738, time=12.0s
per-rank: rank0[cuda0,share=0.4039,tput=2.06] rank2[cuda2,share=0.3041,tput=4.52] rank1[cuda1,share=0.2920,tput=3.92]
epoch 166: eval=0.9183
epoch 167: loss=0.076433, train_acc=0.9745, time=10.9s
per-rank: rank0[cuda0,share=0.4067,tput=2.17] rank2[cuda2,share=0.3026,tput=3.87] rank1[cuda1,share=0.2907,tput=2.48]
epoch 167: eval=0.9189
epoch 168: loss=0.076051, train_acc=0.9753, time=9.2s
per-rank: rank0[cuda0,share=0.4067,tput=2.64] rank2[cuda2,share=0.3026,tput=2.33] rank1[cuda1,share=0.2907,tput=3.89]
epoch 168: eval=0.9183
epoch 169: loss=0.074521, train_acc=0.9749, time=9.4s
per-rank: rank0[cuda0,share=0.4071,tput=2.15] rank2[cuda2,share=0.3015,tput=3.60] rank1[cuda1,share=0.2914,tput=2.84]
epoch 169: eval=0.9202
epoch 170: loss=0.074652, train_acc=0.9755, time=9.5s
per-rank: rank0[cuda0,share=0.4053,tput=1.98] rank2[cuda2,share=0.3015,tput=2.35] rank1[cuda1,share=0.2931,tput=6.21]
epoch 170: eval=0.9179
epoch 171: loss=0.076519, train_acc=0.9748, time=10.9s
per-rank: rank0[cuda0,share=0.4018,tput=2.08] rank2[cuda2,share=0.3017,tput=3.11] rank1[cuda1,share=0.2966,tput=5.02]
epoch 171: eval=0.9199
epoch 172: loss=0.073409, train_acc=0.9755, time=10.1s
per-rank: rank0[cuda0,share=0.3988,tput=3.31] rank2[cuda2,share=0.3023,tput=2.31] rank1[cuda1,share=0.2989,tput=3.54]
epoch 172: eval=0.9196
epoch 173: loss=0.072817, train_acc=0.9755, time=9.2s
per-rank: rank0[cuda0,share=0.3964,tput=2.43] rank2[cuda2,share=0.3035,tput=5.15] rank1[cuda1,share=0.3001,tput=2.34]
epoch 173: eval=0.9180
epoch 174: loss=0.075684, train_acc=0.9744, time=9.2s
per-rank: rank0[cuda0,share=0.3938,tput=2.63] rank2[cuda2,share=0.3048,tput=4.95] rank1[cuda1,share=0.3014,tput=2.35]
epoch 174: eval=0.9197
epoch 175: loss=0.073795, train_acc=0.9751, time=10.6s
per-rank: rank0[cuda0,share=0.3912,tput=2.22] rank2[cuda2,share=0.3061,tput=4.93] rank1[cuda1,share=0.3027,tput=3.35]
epoch 175: eval=0.9175
epoch 176: loss=0.071365, train_acc=0.9759, time=10.0s
per-rank: rank0[cuda0,share=0.3904,tput=2.72] rank2[cuda2,share=0.3065,tput=3.38] rank1[cuda1,share=0.3031,tput=2.58]
epoch 176: eval=0.9163
epoch 177: loss=0.070907, train_acc=0.9767, time=9.2s
per-rank: rank0[cuda0,share=0.3896,tput=2.88] rank2[cuda2,share=0.3069,tput=2.21] rank1[cuda1,share=0.3035,tput=4.04]
epoch 177: eval=0.9181
epoch 178: loss=0.072256, train_acc=0.9753, time=9.6s
per-rank: rank0[cuda0,share=0.3892,tput=2.80] rank2[cuda2,share=0.3071,tput=2.46] rank1[cuda1,share=0.3037,tput=3.86]
epoch 178: eval=0.9177
epoch 179: loss=0.069773, train_acc=0.9770, time=9.3s
per-rank: rank0[cuda0,share=0.3910,tput=3.42] rank2[cuda2,share=0.3062,tput=2.96] rank1[cuda1,share=0.3028,tput=2.47]
epoch 179: eval=0.9193
epoch 180: loss=0.071860, train_acc=0.9756, time=9.2s
per-rank: rank0[cuda0,share=0.3929,tput=2.51] rank2[cuda2,share=0.3053,tput=2.12] rank1[cuda1,share=0.3018,tput=5.99]
epoch 180: eval=0.9185
epoch 181: loss=0.069709, train_acc=0.9768, time=10.5s
per-rank: rank0[cuda0,share=0.3948,tput=2.25] rank2[cuda2,share=0.3043,tput=3.04] rank1[cuda1,share=0.3009,tput=5.12]
epoch 181: eval=0.9187
epoch 182: loss=0.070804, train_acc=0.9759, time=10.0s
per-rank: rank0[cuda0,share=0.3973,tput=3.00] rank2[cuda2,share=0.3023,tput=3.15] rank1[cuda1,share=0.3004,tput=2.70]
epoch 182: eval=0.9179
epoch 183: loss=0.069700, train_acc=0.9768, time=11.6s
per-rank: rank0[cuda0,share=0.3999,tput=2.06] rank2[cuda2,share=0.3002,tput=5.47] rank1[cuda1,share=0.2999,tput=3.06]
epoch 183: eval=0.9165
epoch 184: loss=0.069889, train_acc=0.9762, time=10.6s
per-rank: rank0[cuda0,share=0.4010,tput=2.50] rank1[cuda1,share=0.3001,tput=2.94] rank2[cuda2,share=0.2989,tput=3.18]
epoch 184: eval=0.9167
epoch 185: loss=0.068607, train_acc=0.9772, time=9.3s
per-rank: rank0[cuda0,share=0.4021,tput=3.27] rank1[cuda1,share=0.3003,tput=3.16] rank2[cuda2,share=0.2976,tput=2.56]
epoch 185: eval=0.9190
epoch 186: loss=0.070049, train_acc=0.9761, time=11.0s
per-rank: rank0[cuda0,share=0.4015,tput=2.18] rank1[cuda1,share=0.3013,tput=3.57] rank2[cuda2,share=0.2972,tput=4.27]
epoch 186: eval=0.9187
epoch 187: loss=0.067082, train_acc=0.9775, time=10.2s
per-rank: rank0[cuda0,share=0.4009,tput=3.19] rank1[cuda1,share=0.3024,tput=3.61] rank2[cuda2,share=0.2968,tput=2.50]
epoch 187: eval=0.9171
epoch 188: loss=0.068603, train_acc=0.9774, time=11.7s
per-rank: rank0[cuda0,share=0.4030,tput=2.07] rank1[cuda1,share=0.3019,tput=4.66] rank2[cuda2,share=0.2951,tput=3.60]
epoch 188: eval=0.9173
epoch 189: loss=0.068656, train_acc=0.9770, time=10.6s
per-rank: rank0[cuda0,share=0.4030,tput=2.59] rank1[cuda1,share=0.3019,tput=2.24] rank2[cuda2,share=0.2951,tput=4.09]
epoch 189: eval=0.9166
epoch 190: loss=0.066181, train_acc=0.9775, time=9.0s
per-rank: rank0[cuda0,share=0.4044,tput=3.59] rank1[cuda1,share=0.3010,tput=3.18] rank2[cuda2,share=0.2946,tput=2.39]
epoch 190: eval=0.9187
epoch 191: loss=0.066326, train_acc=0.9775, time=9.1s
per-rank: rank0[cuda0,share=0.4058,tput=2.45] rank1[cuda1,share=0.3001,tput=6.02] rank2[cuda2,share=0.2941,tput=2.32]
epoch 191: eval=0.9157
epoch 192: loss=0.064805, train_acc=0.9785, time=9.2s
per-rank: rank0[cuda0,share=0.4073,tput=2.56] rank1[cuda1,share=0.2975,tput=5.37] rank2[cuda2,share=0.2952,tput=2.33]
epoch 192: eval=0.9189
epoch 193: loss=0.067298, train_acc=0.9785, time=9.2s
per-rank: rank0[cuda0,share=0.4089,tput=2.47] rank2[cuda2,share=0.2963,tput=5.28] rank1[cuda1,share=0.2948,tput=2.49]
epoch 193: eval=0.9172
epoch 194: loss=0.062823, train_acc=0.9792, time=9.4s
per-rank: rank0[cuda0,share=0.4104,tput=1.96] rank2[cuda2,share=0.2974,tput=4.93] rank1[cuda1,share=0.2921,tput=2.81]
epoch 194: eval=0.9179
epoch 195: loss=0.067060, train_acc=0.9773, time=9.2s
per-rank: rank0[cuda0,share=0.4113,tput=3.48] rank2[cuda2,share=0.2980,tput=2.79] rank1[cuda1,share=0.2907,tput=2.51]
epoch 195: eval=0.9149
epoch 196: loss=0.064482, train_acc=0.9782, time=11.6s
per-rank: rank0[cuda0,share=0.4129,tput=2.11] rank2[cuda2,share=0.2992,tput=4.47] rank1[cuda1,share=0.2879,tput=3.69]
epoch 196: eval=0.9186
epoch 197: loss=0.064878, train_acc=0.9778, time=10.5s
per-rank: rank0[cuda0,share=0.4129,tput=2.01] rank2[cuda2,share=0.2992,tput=3.31] rank1[cuda1,share=0.2879,tput=3.07]
epoch 197: eval=0.9185
epoch 198: loss=0.062611, train_acc=0.9793, time=9.3s
per-rank: rank0[cuda0,share=0.4131,tput=3.05] rank2[cuda2,share=0.2994,tput=2.31] rank1[cuda1,share=0.2875,tput=3.61]
epoch 198: eval=0.9193
epoch 199: loss=0.063339, train_acc=0.9793, time=10.7s
per-rank: rank0[cuda0,share=0.4126,tput=2.28] rank2[cuda2,share=0.2990,tput=3.54] rank1[cuda1,share=0.2885,tput=5.25]
final eval=0.9187
# total: 1852.1s (30m 52s)
