# gpu0: NVIDIA GeForce RTX 5060 Ti (15GB, sm_120)
# gpu1: NVIDIA GeForce GTX 1060 6GB (5GB, sm_61)
# gpu2: NVIDIA GeForce GTX 1060 6GB (5GB, sm_61)
epoch 0: loss=1.994335, train_acc=0.2460, time=11.1s
per-rank: rank0[cuda0,share=0.4079,tput=2.74] rank1[cuda1,share=0.3195,tput=4.96] rank2[cuda2,share=0.2726,tput=2.51]
epoch 0: eval=0.2936
epoch 1: loss=1.701530, train_acc=0.3688, time=10.3s
per-rank: rank0[cuda0,share=0.4301,tput=2.20] rank1[cuda1,share=0.3013,tput=2.20] rank2[cuda2,share=0.2686,tput=5.98]
epoch 1: eval=0.3819
epoch 2: loss=1.560959, train_acc=0.4275, time=10.3s
per-rank: rank0[cuda0,share=0.4176,tput=2.11] rank1[cuda1,share=0.2993,tput=2.19] rank2[cuda2,share=0.2831,tput=5.83]
epoch 2: eval=0.3912
epoch 3: loss=1.411199, train_acc=0.4870, time=10.1s
per-rank: rank0[cuda0,share=0.4129,tput=3.11] rank1[cuda1,share=0.3133,tput=2.49] rank2[cuda2,share=0.2739,tput=3.03]
epoch 3: eval=0.4246
epoch 4: loss=1.240391, train_acc=0.5549, time=12.6s
per-rank: rank0[cuda0,share=0.3842,tput=1.83] rank1[cuda1,share=0.3174,tput=3.20] rank2[cuda2,share=0.2983,tput=4.43]
epoch 4: eval=0.5397
epoch 5: loss=1.104733, eval=0.5779, train_acc=0.6057, time=12.1s
per-rank: rank0[cuda0,share=0.4014,tput=2.51] rank1[cuda1,share=0.3039,tput=3.33] rank2[cuda2,share=0.2947,tput=2.29]
epoch 6: loss=1.051805, train_acc=0.6274, time=10.6s
per-rank: rank0[cuda0,share=0.3712,tput=1.91] rank2[cuda2,share=0.3155,tput=3.79] rank1[cuda1,share=0.3133,tput=3.34]
epoch 6: eval=0.6476
epoch 7: loss=0.964190, train_acc=0.6632, time=10.1s
per-rank: rank0[cuda0,share=0.3726,tput=3.61] rank2[cuda2,share=0.3153,tput=1.89] rank1[cuda1,share=0.3121,tput=3.35]
epoch 7: eval=0.6809
epoch 8: loss=0.900591, train_acc=0.6856, time=11.7s
per-rank: rank0[cuda0,share=0.3806,tput=1.97] rank1[cuda1,share=0.3097,tput=5.38] rank2[cuda2,share=0.3097,tput=2.57]
epoch 8: eval=0.6426
epoch 9: loss=0.849531, train_acc=0.7053, time=10.9s
per-rank: rank0[cuda0,share=0.3806,tput=2.63] rank1[cuda1,share=0.3097,tput=3.96] rank2[cuda2,share=0.3097,tput=1.94]
epoch 9: eval=0.6851
epoch 10: loss=0.804986, train_acc=0.7205, time=10.1s
per-rank: rank0[cuda0,share=0.3865,tput=3.07] rank1[cuda1,share=0.3093,tput=2.03] rank2[cuda2,share=0.3042,tput=3.48]
epoch 10: eval=0.6452
epoch 11: loss=0.770794, train_acc=0.7322, time=10.1s
per-rank: rank0[cuda0,share=0.3886,tput=3.07] rank1[cuda1,share=0.3090,tput=2.04] rank2[cuda2,share=0.3024,tput=3.44]
epoch 11: eval=0.7230
epoch 12: loss=0.753052, train_acc=0.7399, time=10.0s
per-rank: rank0[cuda0,share=0.3912,tput=3.09] rank1[cuda1,share=0.3072,tput=3.17] rank2[cuda2,share=0.3016,tput=2.14]
epoch 12: eval=0.7410
epoch 13: loss=0.726196, train_acc=0.7487, time=12.1s
per-rank: rank0[cuda0,share=0.3926,tput=2.04] rank1[cuda1,share=0.3071,tput=4.34] rank2[cuda2,share=0.3003,tput=3.12]
epoch 13: eval=0.7330
epoch 14: loss=0.710845, train_acc=0.7569, time=11.0s
per-rank: rank0[cuda0,share=0.3965,tput=2.61] rank1[cuda1,share=0.3062,tput=2.45] rank2[cuda2,share=0.2973,tput=3.35]
epoch 14: eval=0.7486
epoch 15: loss=0.690158, train_acc=0.7610, time=10.1s
per-rank: rank0[cuda0,share=0.4005,tput=2.22] rank1[cuda1,share=0.3053,tput=2.18] rank2[cuda2,share=0.2942,tput=5.25]
epoch 15: eval=0.7404
epoch 16: loss=0.682266, train_acc=0.7663, time=10.0s
per-rank: rank0[cuda0,share=0.4026,tput=3.19] rank1[cuda1,share=0.3053,tput=2.15] rank2[cuda2,share=0.2921,tput=3.21]
epoch 16: eval=0.7553
epoch 17: loss=0.669517, train_acc=0.7683, time=10.0s
per-rank: rank0[cuda0,share=0.4036,tput=3.38] rank1[cuda1,share=0.3059,tput=3.08] rank2[cuda2,share=0.2905,tput=2.02]
epoch 17: eval=0.7213
epoch 18: loss=0.646507, train_acc=0.7783, time=10.1s
per-rank: rank0[cuda0,share=0.4037,tput=2.79] rank1[cuda1,share=0.3058,tput=2.33] rank2[cuda2,share=0.2905,tput=3.36]
epoch 18: eval=0.7422
epoch 19: loss=0.633225, train_acc=0.7831, time=10.0s
per-rank: rank0[cuda0,share=0.4055,tput=2.50] rank1[cuda1,share=0.3028,tput=2.16] rank2[cuda2,share=0.2917,tput=5.11]
epoch 19: eval=0.7956
epoch 20: loss=0.640022, train_acc=0.7782, time=10.3s
per-rank: rank0[cuda0,share=0.4053,tput=2.01] rank1[cuda1,share=0.3026,tput=2.80] rank2[cuda2,share=0.2921,tput=3.32]
epoch 20: eval=0.7359
epoch 21: loss=0.620086, train_acc=0.7846, time=12.3s
per-rank: rank0[cuda0,share=0.4043,tput=1.93] rank1[cuda1,share=0.3037,tput=3.32] rank2[cuda2,share=0.2920,tput=4.39]
epoch 21: eval=0.7425
epoch 22: loss=0.604155, train_acc=0.7923, time=11.2s
per-rank: rank0[cuda0,share=0.4040,tput=2.49] rank1[cuda1,share=0.3036,tput=3.36] rank2[cuda2,share=0.2924,tput=2.40]
epoch 22: eval=0.7720
epoch 23: loss=0.603331, train_acc=0.7931, time=12.7s
per-rank: rank0[cuda0,share=0.4014,tput=1.86] rank1[cuda1,share=0.3044,tput=3.24] rank2[cuda2,share=0.2942,tput=4.74]
epoch 23: eval=0.7999
epoch 24: loss=0.611825, train_acc=0.7903, time=11.3s
per-rank: rank0[cuda0,share=0.4014,tput=1.98] rank1[cuda1,share=0.3044,tput=2.60] rank2[cuda2,share=0.2942,tput=3.77]
epoch 24: eval=0.7027
epoch 25: loss=0.585646, train_acc=0.8001, time=9.9s
per-rank: rank0[cuda0,share=0.3998,tput=3.91] rank1[cuda1,share=0.3030,tput=2.34] rank2[cuda2,share=0.2972,tput=2.57]
epoch 25: eval=0.7586
epoch 26: loss=0.588851, train_acc=0.7972, time=9.9s
per-rank: rank0[cuda0,share=0.3998,tput=3.30] rank1[cuda1,share=0.3018,tput=3.31] rank2[cuda2,share=0.2984,tput=1.98]
epoch 26: eval=0.7486
epoch 27: loss=0.574615, train_acc=0.8028, time=10.0s
per-rank: rank0[cuda0,share=0.3995,tput=2.71] rank1[cuda1,share=0.3027,tput=2.30] rank2[cuda2,share=0.2978,tput=4.49]
epoch 27: eval=0.7375
epoch 28: loss=0.573644, train_acc=0.8029, time=10.0s
per-rank: rank0[cuda0,share=0.3992,tput=2.16] rank1[cuda1,share=0.3036,tput=2.34] rank2[cuda2,share=0.2973,tput=5.29]
epoch 28: eval=0.7903
epoch 29: loss=0.554253, train_acc=0.8104, time=10.0s
per-rank: rank0[cuda0,share=0.4012,tput=2.73] rank1[cuda1,share=0.3024,tput=2.40] rank2[cuda2,share=0.2964,tput=4.29]
epoch 29: eval=0.7921
epoch 30: loss=0.568689, train_acc=0.8032, time=9.9s
per-rank: rank0[cuda0,share=0.4023,tput=1.99] rank1[cuda1,share=0.3017,tput=2.26] rank2[cuda2,share=0.2960,tput=5.79]
epoch 30: eval=0.6999
epoch 31: loss=0.558335, train_acc=0.8079, time=10.0s
per-rank: rank0[cuda0,share=0.4033,tput=2.79] rank1[cuda1,share=0.3011,tput=3.18] rank2[cuda2,share=0.2956,tput=2.28]
epoch 31: eval=0.7928
epoch 32: loss=0.552147, train_acc=0.8072, time=10.1s
per-rank: rank0[cuda0,share=0.4048,tput=1.96] rank1[cuda1,share=0.3003,tput=5.66] rank2[cuda2,share=0.2949,tput=2.03]
epoch 32: eval=0.7781
epoch 33: loss=0.548146, train_acc=0.8117, time=10.0s
per-rank: rank0[cuda0,share=0.4041,tput=4.33] rank1[cuda1,share=0.3032,tput=2.18] rank2[cuda2,share=0.2927,tput=3.57]
epoch 33: eval=0.7849
epoch 34: loss=0.542528, train_acc=0.8142, time=12.6s
per-rank: rank0[cuda0,share=0.4026,tput=1.87] rank1[cuda1,share=0.3056,tput=3.16] rank2[cuda2,share=0.2917,tput=4.93]
epoch 34: eval=0.7993
epoch 35: loss=0.545145, train_acc=0.8144, time=11.4s
per-rank: rank0[cuda0,share=0.4012,tput=2.12] rank1[cuda1,share=0.3062,tput=2.16] rank2[cuda2,share=0.2926,tput=4.15]
epoch 35: eval=0.7248
epoch 36: loss=0.531722, train_acc=0.8178, time=12.0s
per-rank: rank0[cuda0,share=0.3984,tput=2.02] rank1[cuda1,share=0.3073,tput=3.16] rank2[cuda2,share=0.2943,tput=4.64]
epoch 36: eval=0.7674
epoch 37: loss=0.537510, train_acc=0.8164, time=11.2s
per-rank: rank0[cuda0,share=0.3967,tput=2.34] rank1[cuda1,share=0.3068,tput=2.26] rank2[cuda2,share=0.2965,tput=3.66]
epoch 37: eval=0.7596
epoch 38: loss=0.524936, train_acc=0.8189, time=11.4s
per-rank: rank0[cuda0,share=0.3955,tput=2.09] rank1[cuda1,share=0.3054,tput=2.88] rank2[cuda2,share=0.2991,tput=4.55]
epoch 38: eval=0.7730
epoch 39: loss=0.530488, train_acc=0.8172, time=10.8s
per-rank: rank0[cuda0,share=0.3982,tput=2.36] rank1[cuda1,share=0.3026,tput=3.13] rank2[cuda2,share=0.2992,tput=2.63]
epoch 39: eval=0.7759
epoch 40: loss=0.532977, train_acc=0.8177, time=10.0s
per-rank: rank0[cuda0,share=0.3998,tput=2.28] rank1[cuda1,share=0.3003,tput=2.63] rank2[cuda2,share=0.2999,tput=3.27]
epoch 40: eval=0.7657
epoch 41: loss=0.509128, train_acc=0.8249, time=10.0s
per-rank: rank0[cuda0,share=0.4022,tput=1.84] rank2[cuda2,share=0.3036,tput=2.32] rank1[cuda1,share=0.2942,tput=6.49]
epoch 41: eval=0.7853
epoch 42: loss=0.526321, train_acc=0.8178, time=10.2s
per-rank: rank0[cuda0,share=0.3984,tput=2.23] rank2[cuda2,share=0.3083,tput=5.14] rank1[cuda1,share=0.2933,tput=2.15]
epoch 42: eval=0.8031
epoch 43: loss=0.505234, train_acc=0.8270, time=10.1s
per-rank: rank0[cuda0,share=0.3970,tput=2.79] rank2[cuda2,share=0.3096,tput=1.93] rank1[cuda1,share=0.2933,tput=4.48]
epoch 43: eval=0.7188
epoch 44: loss=0.506368, train_acc=0.8250, time=11.3s
per-rank: rank0[cuda0,share=0.3995,tput=2.05] rank2[cuda2,share=0.3076,tput=3.21] rank1[cuda1,share=0.2929,tput=4.25]
epoch 44: eval=0.7939
epoch 45: loss=0.521138, train_acc=0.8209, time=10.6s
per-rank: rank0[cuda0,share=0.3993,tput=2.96] rank2[cuda2,share=0.3078,tput=1.84] rank1[cuda1,share=0.2929,tput=3.95]
epoch 45: eval=0.8161
epoch 46: loss=0.511060, train_acc=0.8242, time=9.9s
per-rank: rank0[cuda0,share=0.3998,tput=2.01] rank2[cuda2,share=0.3067,tput=2.07] rank1[cuda1,share=0.2935,tput=6.28]
epoch 46: eval=0.7905
epoch 47: loss=0.514204, train_acc=0.8235, time=10.0s
per-rank: rank0[cuda0,share=0.4024,tput=3.09] rank2[cuda2,share=0.3038,tput=2.60] rank1[cuda1,share=0.2938,tput=2.52]
epoch 47: eval=0.7802
epoch 48: loss=0.494063, train_acc=0.8307, time=10.1s
per-rank: rank0[cuda0,share=0.4075,tput=2.53] rank1[cuda1,share=0.2974,tput=2.13] rank2[cuda2,share=0.2951,tput=5.17]
epoch 48: eval=0.7687
epoch 49: loss=0.513436, train_acc=0.8243, time=10.0s
per-rank: rank0[cuda0,share=0.4132,tput=3.23] rank1[cuda1,share=0.2974,tput=2.19] rank2[cuda2,share=0.2894,tput=3.29]
epoch 49: eval=0.8126
epoch 50: loss=0.497543, train_acc=0.8270, time=10.0s
per-rank: rank0[cuda0,share=0.4137,tput=2.01] rank1[cuda1,share=0.2982,tput=5.62] rank2[cuda2,share=0.2881,tput=2.19]
epoch 50: eval=0.7645
epoch 51: loss=0.518002, train_acc=0.8233, time=10.2s
per-rank: rank0[cuda0,share=0.4129,tput=2.23] rank1[cuda1,share=0.3019,tput=1.88] rank2[cuda2,share=0.2851,tput=5.59]
epoch 51: eval=0.7992
epoch 52: loss=0.502337, train_acc=0.8255, time=10.0s
per-rank: rank0[cuda0,share=0.4115,tput=2.58] rank1[cuda1,share=0.3035,tput=2.34] rank2[cuda2,share=0.2850,tput=3.36]
epoch 52: eval=0.7896
epoch 53: loss=0.487057, train_acc=0.8326, time=10.1s
per-rank: rank0[cuda0,share=0.4058,tput=2.91] rank1[cuda1,share=0.3050,tput=2.85] rank2[cuda2,share=0.2891,tput=2.42]
epoch 53: eval=0.8100
epoch 54: loss=0.492084, train_acc=0.8312, time=9.9s
per-rank: rank0[cuda0,share=0.3999,tput=2.06] rank1[cuda1,share=0.3037,tput=2.32] rank2[cuda2,share=0.2965,tput=5.17]
epoch 54: eval=0.8220
epoch 55: loss=0.487467, train_acc=0.8310, time=9.9s
per-rank: rank0[cuda0,share=0.3966,tput=2.32] rank1[cuda1,share=0.3023,tput=4.64] rank2[cuda2,share=0.3011,tput=2.25]
epoch 55: eval=0.8153
epoch 56: loss=0.486366, train_acc=0.8314, time=10.1s
per-rank: rank0[cuda0,share=0.3913,tput=3.30] rank2[cuda2,share=0.3067,tput=3.05] rank1[cuda1,share=0.3020,tput=2.00]
epoch 56: eval=0.8325
epoch 57: loss=0.485953, train_acc=0.8301, time=12.2s
per-rank: rank0[cuda0,share=0.3910,tput=1.93] rank2[cuda2,share=0.3106,tput=4.80] rank1[cuda1,share=0.2983,tput=2.74]
epoch 57: eval=0.7466
epoch 58: loss=0.495988, train_acc=0.8318, time=11.1s
per-rank: rank0[cuda0,share=0.3926,tput=2.22] rank2[cuda2,share=0.3099,tput=3.22] rank1[cuda1,share=0.2975,tput=2.66]
epoch 58: eval=0.7922
epoch 59: loss=0.483691, train_acc=0.8341, time=10.1s
per-rank: rank0[cuda0,share=0.3946,tput=3.26] rank2[cuda2,share=0.3091,tput=2.38] rank1[cuda1,share=0.2964,tput=3.47]
epoch 59: eval=0.7713
epoch 60: loss=0.482400, train_acc=0.8348, time=10.1s
per-rank: rank0[cuda0,share=0.3935,tput=2.25] rank2[cuda2,share=0.3099,tput=4.14] rank1[cuda1,share=0.2966,tput=2.35]
epoch 60: eval=0.7753
epoch 61: loss=0.479582, train_acc=0.8350, time=10.0s
per-rank: rank0[cuda0,share=0.3917,tput=3.22] rank2[cuda2,share=0.3068,tput=2.87] rank1[cuda1,share=0.3015,tput=2.43]
epoch 61: eval=0.8287
epoch 62: loss=0.479823, train_acc=0.8376, time=12.6s
per-rank: rank0[cuda0,share=0.3882,tput=1.88] rank1[cuda1,share=0.3084,tput=3.23] rank2[cuda2,share=0.3034,tput=4.87]
epoch 62: eval=0.8064
epoch 63: loss=0.475006, train_acc=0.8389, time=11.7s
per-rank: rank0[cuda0,share=0.3844,tput=2.04] rank1[cuda1,share=0.3134,tput=3.46] rank2[cuda2,share=0.3022,tput=2.56]
epoch 63: eval=0.8341
epoch 64: loss=0.470475, train_acc=0.8383, time=11.4s
per-rank: rank0[cuda0,share=0.3884,tput=2.06] rank1[cuda1,share=0.3122,tput=3.07] rank2[cuda2,share=0.2994,tput=4.48]
epoch 64: eval=0.7250
epoch 65: loss=0.471902, train_acc=0.8382, time=10.9s
per-rank: rank0[cuda0,share=0.3924,tput=3.02] rank1[cuda1,share=0.3110,tput=2.16] rank2[cuda2,share=0.2966,tput=3.12]
epoch 65: eval=0.8124
epoch 66: loss=0.472528, train_acc=0.8380, time=10.1s
per-rank: rank0[cuda0,share=0.4048,tput=4.09] rank1[cuda1,share=0.3023,tput=2.09] rank2[cuda2,share=0.2929,tput=3.07]
epoch 66: eval=0.7941
epoch 67: loss=0.474886, train_acc=0.8372, time=10.6s
per-rank: rank0[cuda0,share=0.4110,tput=1.86] rank1[cuda1,share=0.2956,tput=5.71] rank2[cuda2,share=0.2934,tput=2.48]
epoch 67: eval=0.7781
epoch 68: loss=0.464290, train_acc=0.8398, time=10.4s
per-rank: rank0[cuda0,share=0.4114,tput=2.67] rank1[cuda1,share=0.2949,tput=3.44] rank2[cuda2,share=0.2937,tput=2.26]
epoch 68: eval=0.8030
epoch 69: loss=0.471247, train_acc=0.8396, time=10.1s
per-rank: rank0[cuda0,share=0.4094,tput=2.83] rank1[cuda1,share=0.2965,tput=3.33] rank2[cuda2,share=0.2941,tput=2.29]
epoch 69: eval=0.7741
epoch 70: loss=0.455037, train_acc=0.8438, time=13.0s
per-rank: rank0[cuda0,share=0.3901,tput=1.77] rank1[cuda1,share=0.3058,tput=4.49] rank2[cuda2,share=0.3041,tput=3.09]
epoch 70: eval=0.7648
epoch 71: loss=0.467908, train_acc=0.8400, time=11.5s
per-rank: rank0[cuda0,share=0.3782,tput=1.75] rank1[cuda1,share=0.3145,tput=2.63] rank2[cuda2,share=0.3073,tput=3.72]
epoch 71: eval=0.8074
epoch 72: loss=0.447432, train_acc=0.8452, time=11.4s
per-rank: rank0[cuda0,share=0.3684,tput=1.90] rank1[cuda1,share=0.3182,tput=4.07] rank2[cuda2,share=0.3134,tput=3.22]
epoch 72: eval=0.8205
epoch 73: loss=0.458731, train_acc=0.8441, time=10.8s
per-rank: rank0[cuda0,share=0.3699,tput=2.61] rank1[cuda1,share=0.3155,tput=3.60] rank2[cuda2,share=0.3145,tput=2.13]
epoch 73: eval=0.8281
epoch 74: loss=0.450849, train_acc=0.8442, time=10.2s
per-rank: rank0[cuda0,share=0.3812,tput=2.97] rank2[cuda2,share=0.3107,tput=2.98] rank1[cuda1,share=0.3081,tput=2.28]
epoch 74: eval=0.7450
epoch 75: loss=0.449379, train_acc=0.8430, time=10.1s
per-rank: rank0[cuda0,share=0.3888,tput=1.82] rank2[cuda2,share=0.3064,tput=5.62] rank1[cuda1,share=0.3048,tput=2.31]
epoch 75: eval=0.8210
epoch 76: loss=0.444832, train_acc=0.8476, time=10.0s
per-rank: rank0[cuda0,share=0.3881,tput=3.33] rank1[cuda1,share=0.3086,tput=2.34] rank2[cuda2,share=0.3033,tput=2.93]
epoch 76: eval=0.8233
epoch 77: loss=0.444354, train_acc=0.8478, time=11.8s
per-rank: rank0[cuda0,share=0.3983,tput=2.03] rank1[cuda1,share=0.3121,tput=3.43] rank2[cuda2,share=0.2896,tput=4.23]
epoch 77: eval=0.8442
epoch 78: loss=0.449162, train_acc=0.8462, time=11.1s
per-rank: rank0[cuda0,share=0.4100,tput=2.53] rank1[cuda1,share=0.3140,tput=2.63] rank2[cuda2,share=0.2759,tput=3.22]
epoch 78: eval=0.7832
epoch 79: loss=0.441899, train_acc=0.8494, time=10.0s
per-rank: rank0[cuda0,share=0.4132,tput=2.52] rank1[cuda1,share=0.3139,tput=4.15] rank2[cuda2,share=0.2729,tput=2.65]
epoch 79: eval=0.8210
epoch 80: loss=0.429468, train_acc=0.8508, time=12.1s
per-rank: rank0[cuda0,share=0.3980,tput=1.96] rank1[cuda1,share=0.3106,tput=4.53] rank2[cuda2,share=0.2914,tput=3.00]
epoch 80: eval=0.7966
epoch 81: loss=0.423620, train_acc=0.8530, time=11.3s
per-rank: rank0[cuda0,share=0.4043,tput=2.09] rank1[cuda1,share=0.2984,tput=2.96] rank2[cuda2,share=0.2973,tput=2.82]
epoch 81: eval=0.8024
epoch 82: loss=0.396130, train_acc=0.8645, time=10.4s
per-rank: rank0[cuda0,share=0.3847,tput=2.95] rank2[cuda2,share=0.3164,tput=4.11] rank1[cuda1,share=0.2989,tput=2.24]
epoch 82: eval=0.8349
epoch 83: loss=0.392753, train_acc=0.8639, time=12.9s
per-rank: rank0[cuda0,share=0.3929,tput=1.93] rank1[cuda1,share=0.3201,tput=3.52] rank2[cuda2,share=0.2870,tput=4.24]
epoch 83: eval=0.8146
epoch 84: loss=0.385006, train_acc=0.8664, time=11.7s
per-rank: rank0[cuda0,share=0.4097,tput=2.24] rank1[cuda1,share=0.3181,tput=2.62] rank2[cuda2,share=0.2723,tput=3.30]
epoch 84: eval=0.8379
epoch 85: loss=0.381107, train_acc=0.8676, time=12.5s
per-rank: rank0[cuda0,share=0.3799,tput=1.89] rank1[cuda1,share=0.3162,tput=3.46] rank2[cuda2,share=0.3039,tput=4.18]
epoch 85: eval=0.7593
epoch 86: loss=0.394949, train_acc=0.8642, time=11.5s
per-rank: rank0[cuda0,share=0.3723,tput=2.27] rank1[cuda1,share=0.3160,tput=3.61] rank2[cuda2,share=0.3117,tput=2.57]
epoch 86: eval=0.8197
epoch 87: loss=0.436949, train_acc=0.8511, time=10.2s
per-rank: rank0[cuda0,share=0.3643,tput=2.45] rank1[cuda1,share=0.3223,tput=3.72] rank2[cuda2,share=0.3133,tput=2.28]
epoch 87: eval=0.8446
epoch 88: loss=0.403720, train_acc=0.8614, time=11.3s
per-rank: rank0[cuda0,share=0.4068,tput=1.95] rank1[cuda1,share=0.3371,tput=5.28] rank2[cuda2,share=0.2561,tput=2.22]
epoch 88: eval=0.8121
epoch 89: loss=0.389065, train_acc=0.8651, time=10.6s
per-rank: rank0[cuda0,share=0.4205,tput=2.44] rank1[cuda1,share=0.3007,tput=5.15] rank2[cuda2,share=0.2789,tput=2.72]
epoch 89: eval=0.8637
epoch 90: loss=0.389193, train_acc=0.8675, time=10.4s
per-rank: rank0[cuda0,share=0.3901,tput=2.44] rank2[cuda2,share=0.3089,tput=2.48] rank1[cuda1,share=0.3010,tput=3.31]
epoch 90: eval=0.8450
epoch 91: loss=0.401384, train_acc=0.8615, time=12.4s
per-rank: rank0[cuda0,share=0.4289,tput=2.02] rank2[cuda2,share=0.2910,tput=2.92] rank1[cuda1,share=0.2801,tput=5.18]
epoch 91: eval=0.7927
epoch 92: loss=0.397505, train_acc=0.8631, time=11.3s
per-rank: rank0[cuda0,share=0.4211,tput=2.23] rank1[cuda1,share=0.2998,tput=2.66] rank2[cuda2,share=0.2792,tput=3.47]
epoch 92: eval=0.7212
epoch 93: loss=0.388261, train_acc=0.8658, time=10.2s
per-rank: rank0[cuda0,share=0.4128,tput=2.22] rank1[cuda1,share=0.3211,tput=6.00] rank2[cuda2,share=0.2661,tput=1.88]
epoch 93: eval=0.8367
epoch 94: loss=0.385563, train_acc=0.8680, time=10.5s
per-rank: rank0[cuda0,share=0.4342,tput=2.41] rank1[cuda1,share=0.3026,tput=2.11] rank2[cuda2,share=0.2632,tput=5.92]
epoch 94: eval=0.7930
epoch 95: loss=0.376096, train_acc=0.8708, time=10.4s
per-rank: rank0[cuda0,share=0.3877,tput=2.79] rank1[cuda1,share=0.3102,tput=3.00] rank2[cuda2,share=0.3021,tput=2.42]
epoch 95: eval=0.8286
epoch 96: loss=0.536546, train_acc=0.8163, time=10.8s
per-rank: rank0[cuda0,share=0.3814,tput=3.89] rank1[cuda1,share=0.3108,tput=2.14] rank2[cuda2,share=0.3078,tput=2.81]
epoch 96: eval=0.7740
epoch 97: loss=0.495396, train_acc=0.8296, time=10.1s
per-rank: rank0[cuda0,share=0.3819,tput=2.29] rank1[cuda1,share=0.3103,tput=5.36] rank2[cuda2,share=0.3078,tput=1.97]
epoch 97: eval=0.7608
epoch 98: loss=0.486245, train_acc=0.8340, time=10.1s
per-rank: rank0[cuda0,share=0.3820,tput=3.18] rank1[cuda1,share=0.3104,tput=2.88] rank2[cuda2,share=0.3077,tput=2.30]
epoch 98: eval=0.7702
epoch 99: loss=0.471613, train_acc=0.8392, time=12.3s
per-rank: rank0[cuda0,share=0.3831,tput=1.89] rank1[cuda1,share=0.3099,tput=3.02] rank2[cuda2,share=0.3070,tput=4.87]
epoch 99: eval=0.8822
epoch 100: loss=0.321502, train_acc=0.8897, time=11.4s
per-rank: rank0[cuda0,share=0.3831,tput=2.65] rank1[cuda1,share=0.3099,tput=3.37] rank2[cuda2,share=0.3070,tput=2.32]
epoch 100: eval=0.8964
epoch 101: loss=0.237861, train_acc=0.9188, time=10.1s
per-rank: rank0[cuda0,share=0.3836,tput=2.63] rank1[cuda1,share=0.3097,tput=3.32] rank2[cuda2,share=0.3067,tput=2.32]
epoch 101: eval=0.8995
epoch 102: loss=0.222613, train_acc=0.9234, time=10.0s
per-rank: rank0[cuda0,share=0.3848,tput=2.29] rank1[cuda1,share=0.3079,tput=2.09] rank2[cuda2,share=0.3073,tput=5.33]
epoch 102: eval=0.9029
epoch 103: loss=0.212857, train_acc=0.9261, time=12.5s
per-rank: rank0[cuda0,share=0.3857,tput=1.86] rank2[cuda2,share=0.3077,tput=4.18] rank1[cuda1,share=0.3066,tput=3.55]
epoch 103: eval=0.9016
epoch 104: loss=0.207806, train_acc=0.9283, time=11.4s
per-rank: rank0[cuda0,share=0.3865,tput=2.32] rank2[cuda2,share=0.3080,tput=1.99] rank1[cuda1,share=0.3055,tput=4.02]
epoch 104: eval=0.9025
epoch 105: loss=0.198589, train_acc=0.9311, time=10.0s
per-rank: rank0[cuda0,share=0.3863,tput=3.66] rank2[cuda2,share=0.3078,tput=1.71] rank1[cuda1,share=0.3058,tput=3.48]
epoch 105: eval=0.9074
epoch 106: loss=0.192626, train_acc=0.9325, time=10.1s
per-rank: rank0[cuda0,share=0.3877,tput=3.21] rank2[cuda2,share=0.3072,tput=1.92] rank1[cuda1,share=0.3052,tput=4.65]
epoch 106: eval=0.9070
epoch 107: loss=0.186443, train_acc=0.9356, time=10.1s
per-rank: rank0[cuda0,share=0.3896,tput=2.84] rank2[cuda2,share=0.3053,tput=3.97] rank1[cuda1,share=0.3050,tput=2.41]
epoch 107: eval=0.9052
epoch 108: loss=0.185254, train_acc=0.9348, time=12.7s
per-rank: rank0[cuda0,share=0.3916,tput=1.91] rank1[cuda1,share=0.3049,tput=4.20] rank2[cuda2,share=0.3035,tput=3.48]
epoch 108: eval=0.9061
epoch 109: loss=0.179394, train_acc=0.9370, time=11.6s
per-rank: rank0[cuda0,share=0.3936,tput=2.50] rank1[cuda1,share=0.3048,tput=2.10] rank2[cuda2,share=0.3017,tput=3.73]
epoch 109: eval=0.9078
epoch 110: loss=0.173994, train_acc=0.9392, time=12.8s
per-rank: rank0[cuda0,share=0.3962,tput=1.88] rank1[cuda1,share=0.3034,tput=4.34] rank2[cuda2,share=0.3004,tput=3.25]
epoch 110: eval=0.9067
epoch 111: loss=0.174897, train_acc=0.9398, time=11.7s
per-rank: rank0[cuda0,share=0.3973,tput=1.76] rank1[cuda1,share=0.3029,tput=2.69] rank2[cuda2,share=0.2998,tput=3.79]
epoch 111: eval=0.9085
epoch 112: loss=0.169431, train_acc=0.9409, time=10.4s
per-rank: rank0[cuda0,share=0.3985,tput=2.99] rank1[cuda1,share=0.3024,tput=3.02] rank2[cuda2,share=0.2991,tput=2.24]
epoch 112: eval=0.9117
epoch 113: loss=0.166019, train_acc=0.9417, time=12.2s
per-rank: rank0[cuda0,share=0.3996,tput=1.98] rank1[cuda1,share=0.3019,tput=5.27] rank2[cuda2,share=0.2985,tput=2.77]
epoch 113: eval=0.9068
epoch 114: loss=0.162604, train_acc=0.9431, time=11.5s
per-rank: rank0[cuda0,share=0.4007,tput=2.46] rank1[cuda1,share=0.3014,tput=3.48] rank2[cuda2,share=0.2979,tput=2.20]
epoch 114: eval=0.9134
epoch 115: loss=0.158806, train_acc=0.9446, time=10.0s
per-rank: rank0[cuda0,share=0.4025,tput=2.24] rank1[cuda1,share=0.2998,tput=2.22] rank2[cuda2,share=0.2977,tput=5.07]
epoch 115: eval=0.9088
epoch 116: loss=0.161523, train_acc=0.9425, time=11.8s
per-rank: rank0[cuda0,share=0.4030,tput=2.03] rank1[cuda1,share=0.2987,tput=3.13] rank2[cuda2,share=0.2982,tput=4.26]
epoch 116: eval=0.9086
epoch 117: loss=0.155039, train_acc=0.9459, time=10.9s
per-rank: rank0[cuda0,share=0.4047,tput=2.67] rank1[cuda1,share=0.2978,tput=2.78] rank2[cuda2,share=0.2975,tput=2.75]
epoch 117: eval=0.9080
epoch 118: loss=0.152767, train_acc=0.9464, time=10.1s
per-rank: rank0[cuda0,share=0.4063,tput=2.77] rank1[cuda1,share=0.2969,tput=3.64] rank2[cuda2,share=0.2968,tput=1.94]
epoch 118: eval=0.9048
epoch 119: loss=0.146936, train_acc=0.9491, time=13.6s
per-rank: rank0[cuda0,share=0.4079,tput=1.87] rank1[cuda1,share=0.2960,tput=5.36] rank2[cuda2,share=0.2960,tput=3.18]
epoch 119: eval=0.9073
epoch 120: loss=0.150797, train_acc=0.9470, time=12.9s
per-rank: rank0[cuda0,share=0.4079,tput=1.90] rank1[cuda1,share=0.2960,tput=2.73] rank2[cuda2,share=0.2960,tput=3.37]
epoch 120: eval=0.9073
epoch 121: loss=0.149260, train_acc=0.9477, time=10.3s
per-rank: rank0[cuda0,share=0.4073,tput=2.27] rank1[cuda1,share=0.2971,tput=3.46] rank2[cuda2,share=0.2955,tput=2.52]
epoch 121: eval=0.9071
epoch 122: loss=0.145079, train_acc=0.9506, time=13.8s
per-rank: rank0[cuda0,share=0.4069,tput=1.79] rank1[cuda1,share=0.2982,tput=3.36] rank2[cuda2,share=0.2950,tput=5.10]
epoch 122: eval=0.9054
epoch 123: loss=0.143683, train_acc=0.9487, time=12.5s
per-rank: rank0[cuda0,share=0.4057,tput=1.83] rank1[cuda1,share=0.3004,tput=3.78] rank2[cuda2,share=0.2939,tput=2.32]
epoch 123: eval=0.9075
epoch 124: loss=0.143354, train_acc=0.9497, time=10.3s
per-rank: rank0[cuda0,share=0.4034,tput=3.25] rank1[cuda1,share=0.3031,tput=1.98] rank2[cuda2,share=0.2935,tput=3.19]
epoch 124: eval=0.9081
epoch 125: loss=0.140611, train_acc=0.9522, time=10.0s
per-rank: rank0[cuda0,share=0.4018,tput=2.25] rank1[cuda1,share=0.3047,tput=2.40] rank2[cuda2,share=0.2935,tput=4.85]
epoch 125: eval=0.9073
epoch 126: loss=0.146298, train_acc=0.9488, time=11.6s
per-rank: rank0[cuda0,share=0.4002,tput=2.01] rank1[cuda1,share=0.3063,tput=5.28] rank2[cuda2,share=0.2935,tput=2.77]
epoch 126: eval=0.8946
epoch 127: loss=0.139755, train_acc=0.9514, time=10.9s
per-rank: rank0[cuda0,share=0.4008,tput=2.61] rank1[cuda1,share=0.3075,tput=2.69] rank2[cuda2,share=0.2917,tput=2.71]
epoch 127: eval=0.9075
epoch 128: loss=0.135659, train_acc=0.9516, time=12.8s
per-rank: rank0[cuda0,share=0.3983,tput=1.94] rank1[cuda1,share=0.3085,tput=3.37] rank2[cuda2,share=0.2932,tput=4.59]
epoch 128: eval=0.9110
epoch 129: loss=0.136466, train_acc=0.9515, time=11.8s
per-rank: rank0[cuda0,share=0.3983,tput=1.79] rank1[cuda1,share=0.3085,tput=2.46] rank2[cuda2,share=0.2932,tput=3.72]
epoch 129: eval=0.9084
epoch 130: loss=0.134904, train_acc=0.9519, time=10.1s
per-rank: rank0[cuda0,share=0.3970,tput=2.63] rank1[cuda1,share=0.3090,tput=3.41] rank2[cuda2,share=0.2940,tput=2.30]
epoch 130: eval=0.9058
epoch 131: loss=0.133781, train_acc=0.9537, time=9.9s
per-rank: rank0[cuda0,share=0.3958,tput=3.57] rank1[cuda1,share=0.3095,tput=1.93] rank2[cuda2,share=0.2947,tput=3.23]
epoch 131: eval=0.8988
epoch 132: loss=0.134768, train_acc=0.9528, time=10.1s
per-rank: rank0[cuda0,share=0.3968,tput=3.10] rank1[cuda1,share=0.3081,tput=2.26] rank2[cuda2,share=0.2951,tput=3.01]
epoch 132: eval=0.9054
epoch 133: loss=0.131591, train_acc=0.9533, time=9.8s
per-rank: rank0[cuda0,share=0.4001,tput=3.46] rank1[cuda1,share=0.3044,tput=2.87] rank2[cuda2,share=0.2955,tput=2.28]
epoch 133: eval=0.9086
epoch 134: loss=0.125084, train_acc=0.9552, time=10.2s
per-rank: rank0[cuda0,share=0.4025,tput=2.52] rank1[cuda1,share=0.3020,tput=1.84] rank2[cuda2,share=0.2955,tput=4.84]
epoch 134: eval=0.9113
epoch 135: loss=0.131876, train_acc=0.9529, time=10.0s
per-rank: rank0[cuda0,share=0.4056,tput=1.91] rank1[cuda1,share=0.3001,tput=2.64] rank2[cuda2,share=0.2943,tput=4.96]
epoch 135: eval=0.9056
epoch 136: loss=0.128831, train_acc=0.9550, time=10.0s
per-rank: rank0[cuda0,share=0.4063,tput=2.98] rank1[cuda1,share=0.2985,tput=2.51] rank2[cuda2,share=0.2952,tput=2.72]
epoch 136: eval=0.8922
epoch 137: loss=0.129201, train_acc=0.9536, time=10.1s
per-rank: rank0[cuda0,share=0.4070,tput=2.91] rank1[cuda1,share=0.2969,tput=3.87] rank2[cuda2,share=0.2961,tput=1.97]
epoch 137: eval=0.9075
epoch 138: loss=0.127549, train_acc=0.9550, time=10.0s
per-rank: rank0[cuda0,share=0.4069,tput=2.22] rank1[cuda1,share=0.2968,tput=2.35] rank2[cuda2,share=0.2963,tput=4.63]
epoch 138: eval=0.9028
epoch 139: loss=0.128524, train_acc=0.9548, time=10.1s
per-rank: rank0[cuda0,share=0.4067,tput=2.38] rank1[cuda1,share=0.2967,tput=5.09] rank2[cuda2,share=0.2965,tput=2.00]
epoch 139: eval=0.9018
epoch 140: loss=0.126717, train_acc=0.9549, time=10.1s
per-rank: rank0[cuda0,share=0.4082,tput=2.67] rank2[cuda2,share=0.2960,tput=3.31] rank1[cuda1,share=0.2958,tput=2.40]
epoch 140: eval=0.9030
epoch 141: loss=0.126044, train_acc=0.9554, time=9.9s
per-rank: rank0[cuda0,share=0.4075,tput=3.24] rank1[cuda1,share=0.2969,tput=1.95] rank2[cuda2,share=0.2956,tput=4.85]
epoch 141: eval=0.9022
epoch 142: loss=0.131953, train_acc=0.9541, time=10.1s
per-rank: rank0[cuda0,share=0.4077,tput=2.88] rank1[cuda1,share=0.2965,tput=3.11] rank2[cuda2,share=0.2958,tput=2.27]
epoch 142: eval=0.9066
epoch 143: loss=0.127471, train_acc=0.9560, time=10.1s
per-rank: rank0[cuda0,share=0.4079,tput=3.14] rank1[cuda1,share=0.2962,tput=2.19] rank2[cuda2,share=0.2960,tput=3.08]
epoch 143: eval=0.9023
epoch 144: loss=0.121556, train_acc=0.9562, time=12.0s
per-rank: rank0[cuda0,share=0.4040,tput=2.00] rank1[cuda1,share=0.3008,tput=5.20] rank2[cuda2,share=0.2952,tput=2.55]
epoch 144: eval=0.8995
epoch 145: loss=0.122952, train_acc=0.9571, time=11.1s
per-rank: rank0[cuda0,share=0.4031,tput=2.69] rank1[cuda1,share=0.3022,tput=3.52] rank2[cuda2,share=0.2947,tput=2.23]
epoch 145: eval=0.9048
epoch 146: loss=0.129540, train_acc=0.9540, time=10.0s
per-rank: rank0[cuda0,share=0.4021,tput=1.97] rank1[cuda1,share=0.3036,tput=5.33] rank2[cuda2,share=0.2943,tput=2.32]
epoch 146: eval=0.9003
epoch 147: loss=0.126010, train_acc=0.9560, time=10.1s
per-rank: rank0[cuda0,share=0.4021,tput=3.27] rank1[cuda1,share=0.3035,tput=2.27] rank2[cuda2,share=0.2944,tput=2.79]
epoch 147: eval=0.9022
epoch 148: loss=0.127389, train_acc=0.9553, time=10.1s
per-rank: rank0[cuda0,share=0.4020,tput=2.03] rank1[cuda1,share=0.3034,tput=2.15] rank2[cuda2,share=0.2946,tput=5.66]
epoch 148: eval=0.9048
epoch 149: loss=0.124937, train_acc=0.9566, time=12.7s
per-rank: rank0[cuda0,share=0.4006,tput=1.92] rank1[cuda1,share=0.3037,tput=3.45] rank2[cuda2,share=0.2957,tput=4.39]
epoch 149: eval=0.9155
epoch 150: loss=0.088948, train_acc=0.9705, time=11.3s
per-rank: rank0[cuda0,share=0.4013,tput=1.96] rank1[cuda1,share=0.3040,tput=2.48] rank2[cuda2,share=0.2947,tput=3.82]
epoch 150: eval=0.9173
epoch 151: loss=0.076597, train_acc=0.9744, time=9.9s
per-rank: rank0[cuda0,share=0.4020,tput=2.40] rank1[cuda1,share=0.3043,tput=2.21] rank2[cuda2,share=0.2938,tput=4.84]
epoch 151: eval=0.9172
epoch 152: loss=0.076980, train_acc=0.9750, time=12.5s
per-rank: rank0[cuda0,share=0.4035,tput=1.97] rank1[cuda1,share=0.3033,tput=4.05] rank2[cuda2,share=0.2933,tput=3.57]
epoch 152: eval=0.9172
epoch 153: loss=0.073212, train_acc=0.9759, time=11.5s
per-rank: rank0[cuda0,share=0.4050,tput=1.98] rank1[cuda1,share=0.3022,tput=2.32] rank2[cuda2,share=0.2928,tput=3.81]
epoch 153: eval=0.9181
epoch 154: loss=0.071418, train_acc=0.9764, time=10.0s
per-rank: rank0[cuda0,share=0.4042,tput=1.78] rank1[cuda1,share=0.3014,tput=2.38] rank2[cuda2,share=0.2944,tput=5.43]
epoch 154: eval=0.9174
epoch 155: loss=0.068692, train_acc=0.9773, time=10.1s
per-rank: rank0[cuda0,share=0.4027,tput=3.38] rank1[cuda1,share=0.2996,tput=2.37] rank2[cuda2,share=0.2977,tput=2.73]
epoch 155: eval=0.9196
epoch 156: loss=0.067328, train_acc=0.9790, time=10.0s
per-rank: rank0[cuda0,share=0.4019,tput=2.94] rank2[cuda2,share=0.2995,tput=1.96] rank1[cuda1,share=0.2986,tput=3.54]
epoch 156: eval=0.9203
epoch 157: loss=0.067692, train_acc=0.9786, time=9.9s
per-rank: rank0[cuda0,share=0.4027,tput=2.30] rank2[cuda2,share=0.2989,tput=2.06] rank1[cuda1,share=0.2985,tput=5.76]
epoch 157: eval=0.9197
epoch 158: loss=0.068125, train_acc=0.9780, time=12.4s
per-rank: rank0[cuda0,share=0.4026,tput=1.93] rank1[cuda1,share=0.2992,tput=2.83] rank2[cuda2,share=0.2982,tput=4.90]
epoch 158: eval=0.9183
epoch 159: loss=0.067165, train_acc=0.9783, time=11.2s
per-rank: rank0[cuda0,share=0.4025,tput=2.55] rank1[cuda1,share=0.2988,tput=3.36] rank2[cuda2,share=0.2986,tput=2.42]
epoch 159: eval=0.9170
epoch 160: loss=0.064100, train_acc=0.9801, time=9.9s
per-rank: rank0[cuda0,share=0.4025,tput=3.42] rank2[cuda2,share=0.2991,tput=1.88] rank1[cuda1,share=0.2984,tput=3.32]
epoch 160: eval=0.9194
epoch 161: loss=0.064857, train_acc=0.9786, time=10.0s
per-rank: rank0[cuda0,share=0.4033,tput=3.07] rank2[cuda2,share=0.2985,tput=1.85] rank1[cuda1,share=0.2983,tput=3.61]
epoch 161: eval=0.9193
epoch 162: loss=0.062961, train_acc=0.9798, time=9.7s
per-rank: rank0[cuda0,share=0.4041,tput=2.25] rank1[cuda1,share=0.3000,tput=6.18] rank2[cuda2,share=0.2959,tput=1.90]
epoch 162: eval=0.9179
epoch 163: loss=0.063411, train_acc=0.9794, time=12.8s
per-rank: rank0[cuda0,share=0.4087,tput=1.90] rank1[cuda1,share=0.3020,tput=3.66] rank2[cuda2,share=0.2893,tput=3.91]
epoch 163: eval=0.9183
epoch 164: loss=0.061259, train_acc=0.9804, time=11.9s
per-rank: rank0[cuda0,share=0.4094,tput=1.90] rank1[cuda1,share=0.3022,tput=2.64] rank2[cuda2,share=0.2884,tput=3.70]
epoch 164: eval=0.9191
epoch 165: loss=0.061871, train_acc=0.9805, time=10.2s
per-rank: rank0[cuda0,share=0.4101,tput=2.86] rank1[cuda1,share=0.3025,tput=3.22] rank2[cuda2,share=0.2875,tput=2.46]
epoch 165: eval=0.9207
epoch 166: loss=0.061125, train_acc=0.9802, time=13.2s
per-rank: rank0[cuda0,share=0.4073,tput=1.82] rank1[cuda1,share=0.3048,tput=3.54] rank2[cuda2,share=0.2879,tput=4.04]
epoch 166: eval=0.9190
epoch 167: loss=0.062249, train_acc=0.9796, time=11.8s
per-rank: rank0[cuda0,share=0.4059,tput=1.98] rank1[cuda1,share=0.3067,tput=3.45] rank2[cuda2,share=0.2874,tput=2.44]
epoch 167: eval=0.9200
epoch 168: loss=0.061146, train_acc=0.9802, time=10.2s
per-rank: rank0[cuda0,share=0.4045,tput=3.23] rank1[cuda1,share=0.3086,tput=2.28] rank2[cuda2,share=0.2869,tput=2.86]
epoch 168: eval=0.9189
epoch 169: loss=0.060347, train_acc=0.9804, time=10.0s
per-rank: rank0[cuda0,share=0.4031,tput=2.04] rank1[cuda1,share=0.3105,tput=4.97] rank2[cuda2,share=0.2864,tput=2.26]
epoch 169: eval=0.9185
epoch 170: loss=0.058397, train_acc=0.9817, time=12.2s
per-rank: rank0[cuda0,share=0.3986,tput=1.92] rank1[cuda1,share=0.3121,tput=4.92] rank2[cuda2,share=0.2893,tput=2.85]
epoch 170: eval=0.9201
epoch 171: loss=0.059689, train_acc=0.9810, time=11.1s
per-rank: rank0[cuda0,share=0.3955,tput=2.50] rank1[cuda1,share=0.3133,tput=2.58] rank2[cuda2,share=0.2912,tput=3.16]
epoch 171: eval=0.9195
epoch 172: loss=0.060487, train_acc=0.9807, time=9.9s
per-rank: rank0[cuda0,share=0.3941,tput=5.01] rank1[cuda1,share=0.3130,tput=1.75] rank2[cuda2,share=0.2929,tput=4.24]
epoch 172: eval=0.9196
epoch 173: loss=0.057222, train_acc=0.9818, time=12.9s
per-rank: rank0[cuda0,share=0.3973,tput=1.87] rank1[cuda1,share=0.3102,tput=3.06] rank2[cuda2,share=0.2926,tput=4.96]
epoch 173: eval=0.9176
epoch 174: loss=0.057342, train_acc=0.9816, time=11.5s
per-rank: rank0[cuda0,share=0.3980,tput=2.28] rank1[cuda1,share=0.3084,tput=2.46] rank2[cuda2,share=0.2936,tput=3.54]
epoch 174: eval=0.9166
epoch 175: loss=0.058372, train_acc=0.9809, time=10.0s
per-rank: rank0[cuda0,share=0.3996,tput=2.97] rank1[cuda1,share=0.3047,tput=2.52] rank2[cuda2,share=0.2957,tput=2.72]
epoch 175: eval=0.9191
epoch 176: loss=0.056450, train_acc=0.9826, time=12.4s
per-rank: rank0[cuda0,share=0.4025,tput=1.94] rank1[cuda1,share=0.3018,tput=4.04] rank2[cuda2,share=0.2957,tput=3.17]
epoch 176: eval=0.9187
epoch 177: loss=0.055078, train_acc=0.9828, time=11.0s
per-rank: rank0[cuda0,share=0.4024,tput=1.75] rank1[cuda1,share=0.3011,tput=2.65] rank2[cuda2,share=0.2965,tput=3.90]
epoch 177: eval=0.9197
epoch 178: loss=0.057125, train_acc=0.9816, time=12.4s
per-rank: rank0[cuda0,share=0.4017,tput=1.89] rank2[cuda2,share=0.2995,tput=3.02] rank1[cuda1,share=0.2987,tput=4.74]
epoch 178: eval=0.9168
epoch 179: loss=0.057588, train_acc=0.9814, time=11.3s
per-rank: rank0[cuda0,share=0.4004,tput=2.42] rank2[cuda2,share=0.3014,tput=2.24] rank1[cuda1,share=0.2982,tput=3.65]
epoch 179: eval=0.9176
epoch 180: loss=0.056910, train_acc=0.9811, time=10.1s
per-rank: rank0[cuda0,share=0.3985,tput=1.81] rank1[cuda1,share=0.3008,tput=2.57] rank2[cuda2,share=0.3008,tput=4.80]
epoch 180: eval=0.9186
epoch 181: loss=0.056509, train_acc=0.9816, time=13.0s
per-rank: rank0[cuda0,share=0.3964,tput=1.84] rank1[cuda1,share=0.3035,tput=3.63] rank2[cuda2,share=0.3001,tput=4.22]
epoch 181: eval=0.9169
epoch 182: loss=0.055753, train_acc=0.9814, time=11.9s
per-rank: rank0[cuda0,share=0.3935,tput=1.68] rank1[cuda1,share=0.3050,tput=2.70] rank2[cuda2,share=0.3016,tput=3.37]
epoch 182: eval=0.9189
epoch 183: loss=0.053883, train_acc=0.9828, time=10.5s
per-rank: rank0[cuda0,share=0.3861,tput=2.29] rank1[cuda1,share=0.3096,tput=2.28] rank2[cuda2,share=0.3043,tput=3.34]
epoch 183: eval=0.9202
epoch 184: loss=0.054607, train_acc=0.9826, time=10.2s
per-rank: rank0[cuda0,share=0.3789,tput=2.67] rank1[cuda1,share=0.3159,tput=1.97] rank2[cuda2,share=0.3052,tput=4.98]
epoch 184: eval=0.9210
epoch 185: loss=0.055113, train_acc=0.9819, time=10.1s
per-rank: rank0[cuda0,share=0.3758,tput=4.03] rank1[cuda1,share=0.3176,tput=1.84] rank2[cuda2,share=0.3066,tput=3.03]
epoch 185: eval=0.9198
epoch 186: loss=0.053987, train_acc=0.9825, time=10.1s
per-rank: rank0[cuda0,share=0.3808,tput=2.81] rank1[cuda1,share=0.3149,tput=2.27] rank2[cuda2,share=0.3043,tput=3.13]
epoch 186: eval=0.9179
epoch 187: loss=0.054419, train_acc=0.9827, time=10.8s
per-rank: rank0[cuda0,share=0.3826,tput=1.76] rank1[cuda1,share=0.3128,tput=6.23] rank2[cuda2,share=0.3046,tput=2.23]
epoch 187: eval=0.9158
epoch 188: loss=0.052507, train_acc=0.9833, time=10.3s
per-rank: rank0[cuda0,share=0.3891,tput=3.17] rank1[cuda1,share=0.3072,tput=2.04] rank2[cuda2,share=0.3037,tput=3.24]
epoch 188: eval=0.9178
epoch 189: loss=0.052128, train_acc=0.9835, time=11.7s
per-rank: rank0[cuda0,share=0.4017,tput=2.04] rank2[cuda2,share=0.3020,tput=4.86] rank1[cuda1,share=0.2963,tput=2.72]
epoch 189: eval=0.9173
epoch 190: loss=0.051587, train_acc=0.9831, time=11.0s
per-rank: rank0[cuda0,share=0.4048,tput=2.67] rank2[cuda2,share=0.3011,tput=1.97] rank1[cuda1,share=0.2941,tput=3.68]
epoch 190: eval=0.9178
epoch 191: loss=0.050294, train_acc=0.9842, time=10.0s
per-rank: rank0[cuda0,share=0.4069,tput=3.05] rank2[cuda2,share=0.3005,tput=2.50] rank1[cuda1,share=0.2926,tput=2.66]
epoch 191: eval=0.9200
epoch 192: loss=0.050207, train_acc=0.9838, time=10.0s
per-rank: rank0[cuda0,share=0.4125,tput=2.20] rank2[cuda2,share=0.2951,tput=4.37] rank1[cuda1,share=0.2924,tput=2.59]
epoch 192: eval=0.9176
epoch 193: loss=0.051844, train_acc=0.9839, time=10.0s
per-rank: rank0[cuda0,share=0.4167,tput=2.91] rank1[cuda1,share=0.2947,tput=3.79] rank2[cuda2,share=0.2885,tput=1.95]
epoch 193: eval=0.9185
epoch 194: loss=0.050082, train_acc=0.9835, time=13.7s
per-rank: rank0[cuda0,share=0.4157,tput=1.78] rank1[cuda1,share=0.3040,tput=3.37] rank2[cuda2,share=0.2803,tput=4.50]
epoch 194: eval=0.9195
epoch 195: loss=0.049005, train_acc=0.9846, time=12.5s
per-rank: rank0[cuda0,share=0.4063,tput=1.79] rank1[cuda1,share=0.3135,tput=3.14] rank2[cuda2,share=0.2802,tput=2.74]
epoch 195: eval=0.9186
epoch 196: loss=0.049651, train_acc=0.9837, time=10.5s
per-rank: rank0[cuda0,share=0.3978,tput=3.04] rank1[cuda1,share=0.3166,tput=2.16] rank2[cuda2,share=0.2856,tput=3.36]
epoch 196: eval=0.9174
epoch 197: loss=0.051060, train_acc=0.9835, time=10.1s
per-rank: rank0[cuda0,share=0.3907,tput=3.91] rank1[cuda1,share=0.3159,tput=2.85] rank2[cuda2,share=0.2934,tput=1.92]
epoch 197: eval=0.9180
epoch 198: loss=0.049175, train_acc=0.9845, time=11.8s
per-rank: rank0[cuda0,share=0.3971,tput=2.08] rank1[cuda1,share=0.3055,tput=3.16] rank2[cuda2,share=0.2974,tput=4.23]
epoch 198: eval=0.9184
epoch 199: loss=0.049580, train_acc=0.9838, time=11.1s
per-rank: rank0[cuda0,share=0.4107,tput=3.03] rank2[cuda2,share=0.2949,tput=2.92] rank1[cuda1,share=0.2944,tput=2.65]
final eval=0.9206
# total: 1999.5s (33m 19s)
