# gpu0: NVIDIA GeForce RTX 5060 Ti (15GB, sm_120)
# gpu1: NVIDIA GeForce GTX 1060 6GB (5GB, sm_61)
# gpu2: NVIDIA GeForce GTX 1060 6GB (5GB, sm_61)
epoch 0: loss=2.048859, train_acc=0.2228, time=9.0s
per-rank: rank0[cuda0,share=0.3789,tput=5.80] rank1[cuda1,share=0.3256,tput=2.61] rank2[cuda2,share=0.2955,tput=3.22]
epoch 0: eval=0.2793
epoch 1: loss=1.794100, train_acc=0.3224, time=10.0s
per-rank: rank0[cuda0,share=0.3789,tput=2.39] rank1[cuda1,share=0.3256,tput=3.87] rank2[cuda2,share=0.2955,tput=4.82]
epoch 1: eval=0.3248
epoch 2: loss=1.648327, train_acc=0.3857, time=9.4s
per-rank: rank0[cuda0,share=0.3789,tput=3.43] rank1[cuda1,share=0.3256,tput=3.93] rank2[cuda2,share=0.2955,tput=2.37]
epoch 2: eval=0.3772
epoch 3: loss=1.525193, train_acc=0.4362, time=9.4s
per-rank: rank0[cuda0,share=0.3789,tput=2.39] rank1[cuda1,share=0.3256,tput=5.36] rank2[cuda2,share=0.2955,tput=3.26]
epoch 3: eval=0.4252
epoch 4: loss=1.428411, train_acc=0.4782, time=8.9s
per-rank: rank0[cuda0,share=0.3789,tput=3.49] rank1[cuda1,share=0.3256,tput=4.18] rank2[cuda2,share=0.2955,tput=2.30]
epoch 4: eval=0.5445
epoch 5: loss=1.319287, train_acc=0.5239, time=10.3s
per-rank: rank0[cuda0,share=0.3789,tput=2.26] rank1[cuda1,share=0.3256,tput=4.78] rank2[cuda2,share=0.2955,tput=3.47]
epoch 5: eval=0.5085
epoch 6: loss=1.234516, train_acc=0.5558, time=9.2s
per-rank: rank0[cuda0,share=0.3789,tput=3.20] rank1[cuda1,share=0.3256,tput=2.54] rank2[cuda2,share=0.2955,tput=4.14]
epoch 6: eval=0.5916
epoch 7: loss=1.131844, train_acc=0.5949, time=8.6s
per-rank: rank0[cuda0,share=0.3789,tput=2.95] rank1[cuda1,share=0.3256,tput=2.37] rank2[cuda2,share=0.2955,tput=5.97]
epoch 7: eval=0.5586
epoch 8: loss=1.062612, train_acc=0.6228, time=10.9s
per-rank: rank0[cuda0,share=0.3789,tput=2.07] rank1[cuda1,share=0.3256,tput=4.15] rank2[cuda2,share=0.2955,tput=4.63]
epoch 8: eval=0.5777
epoch 9: loss=1.012289, train_acc=0.6404, time=9.7s
per-rank: rank0[cuda0,share=0.3789,tput=2.13] rank1[cuda1,share=0.3256,tput=4.13] rank2[cuda2,share=0.2955,tput=2.97]
epoch 9: eval=0.6345
epoch 10: loss=0.959621, train_acc=0.6620, time=8.6s
per-rank: rank0[cuda0,share=0.3789,tput=3.07] rank1[cuda1,share=0.3256,tput=2.28] rank2[cuda2,share=0.2955,tput=5.82]
epoch 10: eval=0.6538
epoch 11: loss=0.908835, train_acc=0.6817, time=8.6s
per-rank: rank0[cuda0,share=0.3789,tput=2.63] rank1[cuda1,share=0.3256,tput=5.39] rank2[cuda2,share=0.2955,tput=2.49]
epoch 11: eval=0.6602
epoch 12: loss=0.864890, train_acc=0.6967, time=10.6s
per-rank: rank0[cuda0,share=0.3789,tput=2.15] rank1[cuda1,share=0.3256,tput=3.64] rank2[cuda2,share=0.2955,tput=5.53]
epoch 12: eval=0.7045
epoch 13: loss=0.840079, train_acc=0.7080, time=9.6s
per-rank: rank0[cuda0,share=0.3789,tput=2.63] rank1[cuda1,share=0.3256,tput=4.01] rank2[cuda2,share=0.2955,tput=2.76]
epoch 13: eval=0.7093
epoch 14: loss=0.813919, train_acc=0.7177, time=8.6s
per-rank: rank0[cuda0,share=0.3789,tput=2.85] rank1[cuda1,share=0.3256,tput=6.25] rank2[cuda2,share=0.2955,tput=2.35]
epoch 14: eval=0.7001
epoch 15: loss=0.785898, train_acc=0.7276, time=10.0s
per-rank: rank0[cuda0,share=0.3789,tput=2.24] rank1[cuda1,share=0.3256,tput=3.93] rank2[cuda2,share=0.2955,tput=4.89]
epoch 15: eval=0.6023
epoch 16: loss=0.767376, train_acc=0.7358, time=9.4s
per-rank: rank0[cuda0,share=0.3789,tput=3.51] rank1[cuda1,share=0.3256,tput=4.11] rank2[cuda2,share=0.2955,tput=2.30]
epoch 16: eval=0.7115
epoch 17: loss=0.740717, train_acc=0.7427, time=8.5s
per-rank: rank0[cuda0,share=0.3789,tput=3.23] rank1[cuda1,share=0.3256,tput=2.30] rank2[cuda2,share=0.2955,tput=5.77]
epoch 17: eval=0.7488
epoch 18: loss=0.729870, train_acc=0.7468, time=8.4s
per-rank: rank0[cuda0,share=0.3789,tput=5.15] rank1[cuda1,share=0.3256,tput=2.44] rank2[cuda2,share=0.2955,tput=3.30]
epoch 18: eval=0.7234
epoch 19: loss=0.712846, train_acc=0.7540, time=8.5s
per-rank: rank0[cuda0,share=0.3789,tput=3.27] rank1[cuda1,share=0.3256,tput=4.82] rank2[cuda2,share=0.2955,tput=2.51]
epoch 19: eval=0.7374
epoch 20: loss=0.705089, train_acc=0.7569, time=8.7s
per-rank: rank0[cuda0,share=0.3789,tput=3.95] rank1[cuda1,share=0.3256,tput=3.32] rank2[cuda2,share=0.2955,tput=2.49]
epoch 20: eval=0.6961
epoch 21: loss=0.694253, train_acc=0.7615, time=8.6s
per-rank: rank0[cuda0,share=0.3789,tput=3.61] rank1[cuda1,share=0.3256,tput=2.46] rank2[cuda2,share=0.2955,tput=3.82]
epoch 21: eval=0.7511
epoch 22: loss=0.674351, train_acc=0.7674, time=8.5s
per-rank: rank0[cuda0,share=0.3789,tput=4.90] rank1[cuda1,share=0.3256,tput=2.80] rank2[cuda2,share=0.2955,tput=2.52]
epoch 22: eval=0.6503
epoch 23: loss=0.678931, train_acc=0.7659, time=8.5s
per-rank: rank0[cuda0,share=0.3789,tput=4.63] rank1[cuda1,share=0.3256,tput=4.21] rank2[cuda2,share=0.2955,tput=2.28]
epoch 23: eval=0.7556
epoch 24: loss=0.661359, train_acc=0.7718, time=10.0s
per-rank: rank0[cuda0,share=0.3789,tput=2.31] rank1[cuda1,share=0.3256,tput=4.83] rank2[cuda2,share=0.2955,tput=3.60]
epoch 24: eval=0.7598
epoch 25: loss=0.657616, train_acc=0.7724, time=9.1s
per-rank: rank0[cuda0,share=0.3789,tput=3.80] rank1[cuda1,share=0.3256,tput=2.21] rank2[cuda2,share=0.2955,tput=4.26]
epoch 25: eval=0.7499
epoch 26: loss=0.654509, train_acc=0.7752, time=8.6s
per-rank: rank0[cuda0,share=0.3789,tput=4.00] rank1[cuda1,share=0.3256,tput=2.20] rank2[cuda2,share=0.2955,tput=3.87]
epoch 26: eval=0.7520
epoch 27: loss=0.640355, train_acc=0.7793, time=10.1s
per-rank: rank0[cuda0,share=0.3789,tput=2.23] rank1[cuda1,share=0.3256,tput=5.28] rank2[cuda2,share=0.2955,tput=3.25]
epoch 27: eval=0.7646
epoch 28: loss=0.635210, train_acc=0.7818, time=9.4s
per-rank: rank0[cuda0,share=0.3789,tput=3.09] rank1[cuda1,share=0.3256,tput=2.88] rank2[cuda2,share=0.2955,tput=4.03]
epoch 28: eval=0.7468
epoch 29: loss=0.710890, train_acc=0.7523, time=8.8s
per-rank: rank0[cuda0,share=0.3789,tput=4.03] rank1[cuda1,share=0.3256,tput=3.48] rank2[cuda2,share=0.2955,tput=2.29]
epoch 29: eval=0.1744
epoch 30: loss=1.252891, train_acc=0.5534, time=8.7s
per-rank: rank0[cuda0,share=0.3789,tput=2.45] rank1[cuda1,share=0.3256,tput=2.40] rank2[cuda2,share=0.2955,tput=5.97]
epoch 30: eval=0.5963
epoch 31: loss=0.965266, train_acc=0.6614, time=8.6s
per-rank: rank0[cuda0,share=0.3789,tput=2.69] rank1[cuda1,share=0.3256,tput=5.53] rank2[cuda2,share=0.2955,tput=2.44]
epoch 31: eval=0.6261
epoch 32: loss=0.867938, train_acc=0.6963, time=8.5s
per-rank: rank0[cuda0,share=0.3789,tput=4.38] rank1[cuda1,share=0.3256,tput=3.67] rank2[cuda2,share=0.2955,tput=2.74]
epoch 32: eval=0.6781
epoch 33: loss=0.820551, train_acc=0.7176, time=8.6s
per-rank: rank0[cuda0,share=0.3789,tput=4.83] rank1[cuda1,share=0.3256,tput=2.15] rank2[cuda2,share=0.2955,tput=3.25]
epoch 33: eval=0.6883
epoch 34: loss=0.775970, train_acc=0.7329, time=9.1s
per-rank: rank0[cuda0,share=0.3789,tput=3.29] rank1[cuda1,share=0.3256,tput=1.94] rank2[cuda2,share=0.2955,tput=6.30]
epoch 34: eval=0.6908
epoch 35: loss=0.742789, train_acc=0.7433, time=9.7s
per-rank: rank0[cuda0,share=0.3789,tput=2.35] rank1[cuda1,share=0.3256,tput=4.10] rank2[cuda2,share=0.2955,tput=3.96]
epoch 35: eval=0.7444
epoch 36: loss=0.718779, train_acc=0.7535, time=9.1s
per-rank: rank0[cuda0,share=0.3789,tput=3.31] rank1[cuda1,share=0.3256,tput=2.50] rank2[cuda2,share=0.2955,tput=4.09]
epoch 36: eval=0.7338
epoch 37: loss=0.711318, train_acc=0.7549, time=9.8s
per-rank: rank0[cuda0,share=0.3789,tput=2.34] rank1[cuda1,share=0.3256,tput=5.32] rank2[cuda2,share=0.2955,tput=3.48]
epoch 37: eval=0.7490
epoch 38: loss=0.680310, train_acc=0.7669, time=9.2s
per-rank: rank0[cuda0,share=0.3789,tput=2.87] rank1[cuda1,share=0.3256,tput=3.87] rank2[cuda2,share=0.2955,tput=2.68]
epoch 38: eval=0.6547
epoch 39: loss=0.665646, train_acc=0.7710, time=8.5s
per-rank: rank0[cuda0,share=0.3789,tput=4.64] rank1[cuda1,share=0.3256,tput=2.27] rank2[cuda2,share=0.2955,tput=3.44]
epoch 39: eval=0.6828
epoch 40: loss=0.666372, train_acc=0.7701, time=8.4s
per-rank: rank0[cuda0,share=0.3789,tput=2.40] rank1[cuda1,share=0.3256,tput=2.71] rank2[cuda2,share=0.2955,tput=5.78]
epoch 40: eval=0.7054
epoch 41: loss=0.649278, train_acc=0.7751, time=8.6s
per-rank: rank0[cuda0,share=0.3789,tput=2.68] rank1[cuda1,share=0.3256,tput=5.24] rank2[cuda2,share=0.2955,tput=2.56]
epoch 41: eval=0.6975
epoch 42: loss=0.649660, train_acc=0.7787, time=9.9s
per-rank: rank0[cuda0,share=0.3789,tput=2.36] rank1[cuda1,share=0.3256,tput=4.97] rank2[cuda2,share=0.2955,tput=3.66]
epoch 42: eval=0.7193
epoch 43: loss=0.629319, train_acc=0.7848, time=9.2s
per-rank: rank0[cuda0,share=0.3789,tput=3.78] rank1[cuda1,share=0.3256,tput=3.15] rank2[cuda2,share=0.2955,tput=2.77]
epoch 43: eval=0.7166
epoch 44: loss=0.627219, train_acc=0.7841, time=10.5s
per-rank: rank0[cuda0,share=0.3789,tput=2.15] rank1[cuda1,share=0.3256,tput=5.27] rank2[cuda2,share=0.2955,tput=3.50]
epoch 44: eval=0.6881
epoch 45: loss=0.620520, train_acc=0.7862, time=9.6s
per-rank: rank0[cuda0,share=0.3789,tput=3.11] rank1[cuda1,share=0.3256,tput=3.88] rank2[cuda2,share=0.2955,tput=2.72]
epoch 45: eval=0.7657
epoch 46: loss=0.611288, train_acc=0.7896, time=8.5s
per-rank: rank0[cuda0,share=0.3789,tput=3.37] rank1[cuda1,share=0.3256,tput=2.71] rank2[cuda2,share=0.2955,tput=3.90]
epoch 46: eval=0.6567
epoch 47: loss=0.605294, train_acc=0.7894, time=8.7s
per-rank: rank0[cuda0,share=0.3789,tput=2.83] rank1[cuda1,share=0.3256,tput=2.36] rank2[cuda2,share=0.2955,tput=5.36]
epoch 47: eval=0.7142
epoch 48: loss=0.606087, train_acc=0.7924, time=9.9s
per-rank: rank0[cuda0,share=0.3789,tput=2.30] rank1[cuda1,share=0.3256,tput=3.44] rank2[cuda2,share=0.2955,tput=5.42]
epoch 48: eval=0.7873
epoch 49: loss=0.602090, train_acc=0.7925, time=9.3s
per-rank: rank0[cuda0,share=0.3789,tput=3.29] rank1[cuda1,share=0.3256,tput=2.69] rank2[cuda2,share=0.2955,tput=3.86]
epoch 49: eval=0.7503
epoch 50: loss=0.593395, train_acc=0.7965, time=8.5s
per-rank: rank0[cuda0,share=0.3789,tput=3.89] rank1[cuda1,share=0.3256,tput=3.44] rank2[cuda2,share=0.2955,tput=2.57]
epoch 50: eval=0.7264
epoch 51: loss=0.596521, train_acc=0.7942, time=8.6s
per-rank: rank0[cuda0,share=0.3789,tput=5.40] rank1[cuda1,share=0.3256,tput=3.10] rank2[cuda2,share=0.2955,tput=2.73]
epoch 51: eval=0.7764
epoch 52: loss=0.586936, train_acc=0.8010, time=8.6s
per-rank: rank0[cuda0,share=0.3789,tput=3.96] rank1[cuda1,share=0.3256,tput=2.61] rank2[cuda2,share=0.2955,tput=3.39]
epoch 52: eval=0.7448
epoch 53: loss=0.587481, train_acc=0.7994, time=10.4s
per-rank: rank0[cuda0,share=0.3789,tput=2.20] rank1[cuda1,share=0.3256,tput=4.91] rank2[cuda2,share=0.2955,tput=3.88]
epoch 53: eval=0.7745
epoch 54: loss=0.583641, train_acc=0.8026, time=9.6s
per-rank: rank0[cuda0,share=0.3789,tput=3.29] rank1[cuda1,share=0.3256,tput=2.30] rank2[cuda2,share=0.2955,tput=4.53]
epoch 54: eval=0.7603
epoch 55: loss=0.586337, train_acc=0.7973, time=10.3s
per-rank: rank0[cuda0,share=0.3789,tput=2.16] rank1[cuda1,share=0.3256,tput=3.89] rank2[cuda2,share=0.2955,tput=4.71]
epoch 55: eval=0.7135
epoch 56: loss=0.570184, train_acc=0.8053, time=9.4s
per-rank: rank0[cuda0,share=0.3789,tput=3.14] rank1[cuda1,share=0.3256,tput=2.79] rank2[cuda2,share=0.2955,tput=3.90]
epoch 56: eval=0.7811
epoch 57: loss=0.578096, train_acc=0.8009, time=8.6s
per-rank: rank0[cuda0,share=0.3789,tput=4.24] rank1[cuda1,share=0.3256,tput=3.66] rank2[cuda2,share=0.2955,tput=2.24]
epoch 57: eval=0.7783
epoch 58: loss=0.568780, train_acc=0.8043, time=8.6s
per-rank: rank0[cuda0,share=0.3789,tput=4.19] rank1[cuda1,share=0.3256,tput=3.76] rank2[cuda2,share=0.2955,tput=2.09]
epoch 58: eval=0.7044
epoch 59: loss=0.575852, train_acc=0.8017, time=9.4s
per-rank: rank0[cuda0,share=0.3789,tput=2.46] rank1[cuda1,share=0.3256,tput=3.91] rank2[cuda2,share=0.2955,tput=4.47]
epoch 59: eval=0.7834
epoch 60: loss=0.629126, train_acc=0.7842, time=9.0s
per-rank: rank0[cuda0,share=0.3834,tput=3.94] rank1[cuda1,share=0.3232,tput=2.20] rank2[cuda2,share=0.2934,tput=3.99]
epoch 60: eval=0.7424
epoch 61: loss=0.656624, train_acc=0.7759, time=9.9s
per-rank: rank0[cuda0,share=0.3834,tput=2.40] rank1[cuda1,share=0.3232,tput=4.46] rank2[cuda2,share=0.2934,tput=4.13]
epoch 61: eval=0.7281
epoch 62: loss=0.638938, train_acc=0.7826, time=9.3s
per-rank: rank0[cuda0,share=0.3834,tput=2.96] rank1[cuda1,share=0.3232,tput=2.51] rank2[cuda2,share=0.2934,tput=4.28]
epoch 62: eval=0.6945
epoch 63: loss=0.625926, train_acc=0.7855, time=10.0s
per-rank: rank0[cuda0,share=0.3834,tput=2.36] rank1[cuda1,share=0.3232,tput=4.13] rank2[cuda2,share=0.2934,tput=4.13]
epoch 63: eval=0.7674
epoch 64: loss=0.611167, train_acc=0.7901, time=9.3s
per-rank: rank0[cuda0,share=0.3834,tput=3.54] rank1[cuda1,share=0.3232,tput=2.35] rank2[cuda2,share=0.2934,tput=3.96]
epoch 64: eval=0.7345
epoch 65: loss=0.595681, train_acc=0.7965, time=10.1s
per-rank: rank0[cuda0,share=0.3834,tput=2.37] rank1[cuda1,share=0.3232,tput=4.73] rank2[cuda2,share=0.2934,tput=3.98]
epoch 65: eval=0.7718
epoch 66: loss=0.595793, train_acc=0.7985, time=9.4s
per-rank: rank0[cuda0,share=0.3834,tput=3.11] rank1[cuda1,share=0.3232,tput=2.68] rank2[cuda2,share=0.2934,tput=3.74]
epoch 66: eval=0.7334
epoch 67: loss=0.588694, train_acc=0.7992, time=8.6s
per-rank: rank0[cuda0,share=0.3834,tput=4.12] rank1[cuda1,share=0.3232,tput=2.16] rank2[cuda2,share=0.2934,tput=3.98]
epoch 67: eval=0.7796
epoch 68: loss=0.581952, train_acc=0.7999, time=8.6s
per-rank: rank0[cuda0,share=0.3834,tput=2.45] rank1[cuda1,share=0.3232,tput=2.56] rank2[cuda2,share=0.2934,tput=6.22]
epoch 68: eval=0.7633
epoch 69: loss=0.575380, train_acc=0.8046, time=8.6s
per-rank: rank0[cuda0,share=0.3834,tput=3.52] rank1[cuda1,share=0.3232,tput=3.51] rank2[cuda2,share=0.2934,tput=2.71]
epoch 69: eval=0.7735
epoch 70: loss=0.569173, train_acc=0.8065, time=10.0s
per-rank: rank0[cuda0,share=0.3834,tput=2.34] rank1[cuda1,share=0.3232,tput=5.34] rank2[cuda2,share=0.2934,tput=3.24]
epoch 70: eval=0.7824
epoch 71: loss=0.569539, train_acc=0.8047, time=9.3s
per-rank: rank0[cuda0,share=0.3834,tput=2.84] rank1[cuda1,share=0.3232,tput=4.05] rank2[cuda2,share=0.2934,tput=2.69]
epoch 71: eval=0.7412
epoch 72: loss=0.549771, train_acc=0.8134, time=8.5s
per-rank: rank0[cuda0,share=0.3834,tput=2.64] rank1[cuda1,share=0.3232,tput=2.67] rank2[cuda2,share=0.2934,tput=6.12]
epoch 72: eval=0.7947
epoch 73: loss=0.559810, train_acc=0.8097, time=8.4s
per-rank: rank0[cuda0,share=0.3834,tput=4.26] rank1[cuda1,share=0.3232,tput=5.07] rank2[cuda2,share=0.2934,tput=2.14]
epoch 73: eval=0.8002
epoch 74: loss=0.559839, train_acc=0.8079, time=10.1s
per-rank: rank0[cuda0,share=0.3834,tput=2.37] rank1[cuda1,share=0.3232,tput=3.85] rank2[cuda2,share=0.2934,tput=4.70]
epoch 74: eval=0.7401
epoch 75: loss=0.550686, train_acc=0.8103, time=9.3s
per-rank: rank0[cuda0,share=0.3834,tput=3.25] rank1[cuda1,share=0.3232,tput=2.34] rank2[cuda2,share=0.2934,tput=4.39]
epoch 75: eval=0.7360
epoch 76: loss=0.546909, train_acc=0.8111, time=10.4s
per-rank: rank0[cuda0,share=0.3834,tput=2.27] rank1[cuda1,share=0.3232,tput=5.10] rank2[cuda2,share=0.2934,tput=3.69]
epoch 76: eval=0.7304
epoch 77: loss=0.549540, train_acc=0.8132, time=9.6s
per-rank: rank0[cuda0,share=0.3834,tput=3.35] rank1[cuda1,share=0.3232,tput=2.69] rank2[cuda2,share=0.2934,tput=3.77]
epoch 77: eval=0.7940
epoch 78: loss=0.556198, train_acc=0.8087, time=10.3s
per-rank: rank0[cuda0,share=0.3834,tput=2.27] rank1[cuda1,share=0.3232,tput=5.48] rank2[cuda2,share=0.2934,tput=3.28]
epoch 78: eval=0.7840
epoch 79: loss=0.549118, train_acc=0.8117, time=9.7s
per-rank: rank0[cuda0,share=0.3834,tput=2.48] rank1[cuda1,share=0.3232,tput=3.96] rank2[cuda2,share=0.2934,tput=2.83]
epoch 79: eval=0.7804
epoch 80: loss=0.545215, train_acc=0.8131, time=8.6s
per-rank: rank0[cuda0,share=0.3834,tput=3.68] rank1[cuda1,share=0.3232,tput=2.62] rank2[cuda2,share=0.2934,tput=3.62]
epoch 80: eval=0.7972
epoch 81: loss=0.539687, train_acc=0.8154, time=9.9s
per-rank: rank0[cuda0,share=0.3834,tput=2.41] rank1[cuda1,share=0.3232,tput=3.80] rank2[cuda2,share=0.2934,tput=4.96]
epoch 81: eval=0.7688
epoch 82: loss=0.544609, train_acc=0.8133, time=9.3s
per-rank: rank0[cuda0,share=0.3834,tput=3.10] rank1[cuda1,share=0.3232,tput=2.44] rank2[cuda2,share=0.2934,tput=4.36]
epoch 82: eval=0.8159
epoch 83: loss=0.537742, train_acc=0.8150, time=8.6s
per-rank: rank0[cuda0,share=0.3834,tput=2.26] rank1[cuda1,share=0.3232,tput=6.37] rank2[cuda2,share=0.2934,tput=2.74]
epoch 83: eval=0.7943
epoch 84: loss=0.540199, train_acc=0.8155, time=10.2s
per-rank: rank0[cuda0,share=0.3834,tput=2.33] rank1[cuda1,share=0.3232,tput=3.44] rank2[cuda2,share=0.2934,tput=5.62]
epoch 84: eval=0.7873
epoch 85: loss=0.538774, train_acc=0.8148, time=9.4s
per-rank: rank0[cuda0,share=0.3834,tput=3.06] rank1[cuda1,share=0.3232,tput=4.40] rank2[cuda2,share=0.2934,tput=2.32]
epoch 85: eval=0.7822
epoch 86: loss=0.543690, train_acc=0.8132, time=8.5s
per-rank: rank0[cuda0,share=0.3834,tput=2.30] rank1[cuda1,share=0.3232,tput=5.98] rank2[cuda2,share=0.2934,tput=2.60]
epoch 86: eval=0.7523
epoch 87: loss=0.535600, train_acc=0.8170, time=8.7s
per-rank: rank0[cuda0,share=0.3834,tput=5.44] rank1[cuda1,share=0.3232,tput=2.39] rank2[cuda2,share=0.2934,tput=5.01]
epoch 87: eval=0.7935
epoch 88: loss=0.540192, train_acc=0.8148, time=8.7s
per-rank: rank0[cuda0,share=0.3834,tput=3.26] rank1[cuda1,share=0.3232,tput=2.45] rank2[cuda2,share=0.2934,tput=3.90]
epoch 88: eval=0.7554
epoch 89: loss=0.534922, train_acc=0.8159, time=8.6s
per-rank: rank0[cuda0,share=0.3834,tput=4.43] rank1[cuda1,share=0.3232,tput=2.50] rank2[cuda2,share=0.2934,tput=5.12]
epoch 89: eval=0.8153
epoch 90: loss=0.534663, train_acc=0.8186, time=8.5s
per-rank: rank0[cuda0,share=0.3834,tput=2.11] rank1[cuda1,share=0.3232,tput=2.76] rank2[cuda2,share=0.2934,tput=6.57]
epoch 90: eval=0.7854
epoch 91: loss=0.528375, train_acc=0.8201, time=8.6s
per-rank: rank0[cuda0,share=0.3834,tput=3.17] rank1[cuda1,share=0.3232,tput=2.69] rank2[cuda2,share=0.2934,tput=3.80]
epoch 91: eval=0.7558
epoch 92: loss=0.508387, train_acc=0.8246, time=8.7s
per-rank: rank0[cuda0,share=0.3856,tput=2.67] rank1[cuda1,share=0.3221,tput=5.88] rank2[cuda2,share=0.2923,tput=2.41]
epoch 92: eval=0.7815
epoch 93: loss=0.528507, train_acc=0.8175, time=8.6s
per-rank: rank0[cuda0,share=0.3856,tput=2.79] rank1[cuda1,share=0.3221,tput=5.23] rank2[cuda2,share=0.2923,tput=2.46]
epoch 93: eval=0.7812
epoch 94: loss=0.537847, train_acc=0.8155, time=8.6s
per-rank: rank0[cuda0,share=0.3856,tput=2.69] rank1[cuda1,share=0.3221,tput=5.10] rank2[cuda2,share=0.2923,tput=2.65]
epoch 94: eval=0.7637
epoch 95: loss=0.531274, train_acc=0.8179, time=8.5s
per-rank: rank0[cuda0,share=0.3856,tput=4.96] rank1[cuda1,share=0.3221,tput=4.24] rank2[cuda2,share=0.2923,tput=2.28]
epoch 95: eval=0.7826
epoch 96: loss=0.534004, train_acc=0.8170, time=10.1s
per-rank: rank0[cuda0,share=0.3856,tput=2.34] rank1[cuda1,share=0.3221,tput=3.66] rank2[cuda2,share=0.2923,tput=5.13]
epoch 96: eval=0.7984
epoch 97: loss=0.531844, train_acc=0.8189, time=9.4s
per-rank: rank0[cuda0,share=0.3856,tput=2.51] rank1[cuda1,share=0.3221,tput=3.01] rank2[cuda2,share=0.2923,tput=3.92]
epoch 97: eval=0.7695
epoch 98: loss=0.523531, train_acc=0.8212, time=10.0s
per-rank: rank0[cuda0,share=0.3856,tput=2.37] rank1[cuda1,share=0.3221,tput=5.17] rank2[cuda2,share=0.2923,tput=3.38]
epoch 98: eval=0.7979
epoch 99: loss=0.527929, train_acc=0.8191, time=9.4s
per-rank: rank0[cuda0,share=0.3856,tput=3.11] rank1[cuda1,share=0.3221,tput=4.12] rank2[cuda2,share=0.2923,tput=2.46]
epoch 99: eval=0.8093
epoch 100: loss=0.520566, train_acc=0.8213, time=8.5s
per-rank: rank0[cuda0,share=0.3856,tput=3.08] rank1[cuda1,share=0.3221,tput=6.04] rank2[cuda2,share=0.2923,tput=2.18]
epoch 100: eval=0.8086
epoch 101: loss=0.522006, train_acc=0.8212, time=8.6s
per-rank: rank0[cuda0,share=0.3856,tput=3.60] rank1[cuda1,share=0.3221,tput=2.83] rank2[cuda2,share=0.2923,tput=3.27]
epoch 101: eval=0.8033
epoch 102: loss=0.524558, train_acc=0.8201, time=10.3s
per-rank: rank0[cuda0,share=0.3856,tput=2.27] rank1[cuda1,share=0.3221,tput=3.74] rank2[cuda2,share=0.2923,tput=4.91]
epoch 102: eval=0.8062
epoch 103: loss=0.526675, train_acc=0.8202, time=9.4s
per-rank: rank0[cuda0,share=0.3856,tput=3.04] rank1[cuda1,share=0.3221,tput=3.82] rank2[cuda2,share=0.2923,tput=2.71]
epoch 103: eval=0.7629
epoch 104: loss=0.517479, train_acc=0.8236, time=8.6s
per-rank: rank0[cuda0,share=0.3856,tput=4.36] rank1[cuda1,share=0.3221,tput=2.74] rank2[cuda2,share=0.2923,tput=2.57]
epoch 104: eval=0.8114
epoch 105: loss=0.519551, train_acc=0.8211, time=8.5s
per-rank: rank0[cuda0,share=0.3856,tput=4.03] rank1[cuda1,share=0.3221,tput=3.21] rank2[cuda2,share=0.2923,tput=2.61]
epoch 105: eval=0.7688
epoch 106: loss=0.511003, train_acc=0.8257, time=9.9s
per-rank: rank0[cuda0,share=0.3856,tput=2.36] rank1[cuda1,share=0.3221,tput=5.69] rank2[cuda2,share=0.2923,tput=3.13]
epoch 106: eval=0.7741
epoch 107: loss=0.514539, train_acc=0.8246, time=9.3s
per-rank: rank0[cuda0,share=0.3856,tput=3.44] rank1[cuda1,share=0.3221,tput=3.22] rank2[cuda2,share=0.2923,tput=3.01]
epoch 107: eval=0.7850
epoch 108: loss=0.523310, train_acc=0.8193, time=8.5s
per-rank: rank0[cuda0,share=0.3856,tput=2.73] rank1[cuda1,share=0.3221,tput=2.60] rank2[cuda2,share=0.2923,tput=5.37]
epoch 108: eval=0.7912
epoch 109: loss=0.519222, train_acc=0.8241, time=8.4s
per-rank: rank0[cuda0,share=0.3856,tput=4.07] rank1[cuda1,share=0.3221,tput=2.28] rank2[cuda2,share=0.2923,tput=3.70]
epoch 109: eval=0.7620
epoch 110: loss=0.516440, train_acc=0.8238, time=10.4s
per-rank: rank0[cuda0,share=0.3856,tput=2.28] rank1[cuda1,share=0.3221,tput=4.93] rank2[cuda2,share=0.2923,tput=3.71]
epoch 110: eval=0.7994
epoch 111: loss=0.517692, train_acc=0.8227, time=9.5s
per-rank: rank0[cuda0,share=0.3856,tput=2.97] rank1[cuda1,share=0.3221,tput=2.84] rank2[cuda2,share=0.2923,tput=4.02]
epoch 111: eval=0.7953
epoch 112: loss=0.514919, train_acc=0.8225, time=8.6s
per-rank: rank0[cuda0,share=0.3856,tput=2.66] rank1[cuda1,share=0.3221,tput=5.40] rank2[cuda2,share=0.2923,tput=2.48]
epoch 112: eval=0.8102
epoch 113: loss=0.515986, train_acc=0.8227, time=8.5s
per-rank: rank0[cuda0,share=0.3856,tput=4.44] rank1[cuda1,share=0.3221,tput=3.44] rank2[cuda2,share=0.2923,tput=2.17]
epoch 113: eval=0.7638
epoch 114: loss=0.480238, train_acc=0.8361, time=8.5s
per-rank: rank0[cuda0,share=0.3856,tput=3.89] rank1[cuda1,share=0.3221,tput=3.33] rank2[cuda2,share=0.2923,tput=2.55]
epoch 114: eval=0.8268
epoch 115: loss=0.424283, train_acc=0.8553, time=11.0s
per-rank: rank0[cuda0,share=0.3856,tput=2.11] rank1[cuda1,share=0.3221,tput=3.77] rank2[cuda2,share=0.2923,tput=5.56]
epoch 115: eval=0.8692
epoch 116: loss=0.330390, train_acc=0.8866, time=9.6s
per-rank: rank0[cuda0,share=0.3856,tput=2.32] rank1[cuda1,share=0.3221,tput=4.30] rank2[cuda2,share=0.2923,tput=2.98]
epoch 116: eval=0.8764
epoch 117: loss=0.314299, train_acc=0.8908, time=8.6s
per-rank: rank0[cuda0,share=0.3856,tput=4.62] rank1[cuda1,share=0.3221,tput=2.59] rank2[cuda2,share=0.2923,tput=4.11]
epoch 117: eval=0.8824
epoch 118: loss=0.299758, train_acc=0.8968, time=10.6s
per-rank: rank0[cuda0,share=0.3856,tput=2.22] rank1[cuda1,share=0.3221,tput=3.43] rank2[cuda2,share=0.2923,tput=5.57]
epoch 118: eval=0.8831
epoch 119: loss=0.283089, train_acc=0.9023, time=9.6s
per-rank: rank0[cuda0,share=0.3856,tput=2.71] rank1[cuda1,share=0.3221,tput=2.47] rank2[cuda2,share=0.2923,tput=4.56]
epoch 119: eval=0.8836
epoch 120: loss=0.285266, train_acc=0.9002, time=10.2s
per-rank: rank0[cuda0,share=0.3856,tput=2.31] rank1[cuda1,share=0.3221,tput=3.29] rank2[cuda2,share=0.2923,tput=6.02]
epoch 120: eval=0.8854
epoch 121: loss=0.273731, train_acc=0.9045, time=9.4s
per-rank: rank0[cuda0,share=0.3856,tput=3.30] rank1[cuda1,share=0.3221,tput=3.85] rank2[cuda2,share=0.2923,tput=2.56]
epoch 121: eval=0.8840
epoch 122: loss=0.264332, train_acc=0.9088, time=8.7s
per-rank: rank0[cuda0,share=0.3856,tput=2.52] rank1[cuda1,share=0.3221,tput=2.43] rank2[cuda2,share=0.2923,tput=6.95]
epoch 122: eval=0.8900
epoch 123: loss=0.261806, train_acc=0.9087, time=8.6s
per-rank: rank0[cuda0,share=0.3869,tput=3.67] rank1[cuda1,share=0.3214,tput=2.15] rank2[cuda2,share=0.2917,tput=4.01]
epoch 123: eval=0.8954
epoch 124: loss=0.245319, train_acc=0.9140, time=9.6s
per-rank: rank0[cuda0,share=0.3869,tput=2.46] rank1[cuda1,share=0.3214,tput=4.67] rank2[cuda2,share=0.2917,tput=3.71]
epoch 124: eval=0.8956
epoch 125: loss=0.241451, train_acc=0.9170, time=9.0s
per-rank: rank0[cuda0,share=0.3869,tput=3.47] rank1[cuda1,share=0.3214,tput=2.79] rank2[cuda2,share=0.2917,tput=3.55]
epoch 125: eval=0.8955
epoch 126: loss=0.241052, train_acc=0.9182, time=10.8s
per-rank: rank0[cuda0,share=0.3869,tput=2.17] rank1[cuda1,share=0.3214,tput=5.46] rank2[cuda2,share=0.2917,tput=3.78]
epoch 126: eval=0.8974
epoch 127: loss=0.238060, train_acc=0.9184, time=9.9s
per-rank: rank0[cuda0,share=0.3869,tput=2.85] rank1[cuda1,share=0.3214,tput=2.52] rank2[cuda2,share=0.2917,tput=4.08]
epoch 127: eval=0.8969
epoch 128: loss=0.234366, train_acc=0.9190, time=8.6s
per-rank: rank0[cuda0,share=0.3869,tput=2.58] rank1[cuda1,share=0.3214,tput=5.37] rank2[cuda2,share=0.2917,tput=2.60]
epoch 128: eval=0.8991
epoch 129: loss=0.230621, train_acc=0.9198, time=11.0s
per-rank: rank0[cuda0,share=0.3869,tput=2.11] rank1[cuda1,share=0.3214,tput=5.01] rank2[cuda2,share=0.2917,tput=3.95]
epoch 129: eval=0.8946
epoch 130: loss=0.224953, train_acc=0.9237, time=9.9s
per-rank: rank0[cuda0,share=0.3869,tput=2.03] rank1[cuda1,share=0.3214,tput=3.00] rank2[cuda2,share=0.2917,tput=4.43]
epoch 130: eval=0.8965
epoch 131: loss=0.226868, train_acc=0.9212, time=8.7s
per-rank: rank0[cuda0,share=0.3869,tput=3.53] rank1[cuda1,share=0.3214,tput=2.42] rank2[cuda2,share=0.2917,tput=3.85]
epoch 131: eval=0.8959
epoch 132: loss=0.219714, train_acc=0.9234, time=8.5s
per-rank: rank0[cuda0,share=0.3869,tput=4.04] rank1[cuda1,share=0.3214,tput=3.30] rank2[cuda2,share=0.2917,tput=2.51]
epoch 132: eval=0.8996
epoch 133: loss=0.219578, train_acc=0.9242, time=8.6s
per-rank: rank0[cuda0,share=0.3869,tput=2.72] rank1[cuda1,share=0.3214,tput=2.41] rank2[cuda2,share=0.2917,tput=5.96]
epoch 133: eval=0.8982
epoch 134: loss=0.217006, train_acc=0.9252, time=8.5s
per-rank: rank0[cuda0,share=0.3869,tput=2.69] rank1[cuda1,share=0.3214,tput=6.52] rank2[cuda2,share=0.2917,tput=2.20]
epoch 134: eval=0.8984
epoch 135: loss=0.215623, train_acc=0.9251, time=8.5s
per-rank: rank0[cuda0,share=0.3869,tput=4.00] rank1[cuda1,share=0.3214,tput=3.65] rank2[cuda2,share=0.2917,tput=2.26]
epoch 135: eval=0.8990
epoch 136: loss=0.211295, train_acc=0.9267, time=10.4s
per-rank: rank0[cuda0,share=0.3869,tput=2.27] rank1[cuda1,share=0.3214,tput=4.85] rank2[cuda2,share=0.2917,tput=3.99]
epoch 136: eval=0.8982
epoch 137: loss=0.208236, train_acc=0.9274, time=9.5s
per-rank: rank0[cuda0,share=0.3869,tput=2.68] rank1[cuda1,share=0.3214,tput=3.77] rank2[cuda2,share=0.2917,tput=3.02]
epoch 137: eval=0.8916
epoch 138: loss=0.204323, train_acc=0.9295, time=9.6s
per-rank: rank0[cuda0,share=0.3869,tput=2.47] rank1[cuda1,share=0.3214,tput=3.26] rank2[cuda2,share=0.2917,tput=5.75]
epoch 138: eval=0.8925
epoch 139: loss=0.211472, train_acc=0.9268, time=9.2s
per-rank: rank0[cuda0,share=0.3869,tput=5.72] rank1[cuda1,share=0.3214,tput=2.43] rank2[cuda2,share=0.2917,tput=4.15]
epoch 139: eval=0.8953
epoch 140: loss=0.206719, train_acc=0.9276, time=8.6s
per-rank: rank0[cuda0,share=0.3869,tput=2.21] rank1[cuda1,share=0.3214,tput=6.05] rank2[cuda2,share=0.2917,tput=2.81]
epoch 140: eval=0.8962
epoch 141: loss=0.204563, train_acc=0.9277, time=11.0s
per-rank: rank0[cuda0,share=0.3869,tput=2.12] rank1[cuda1,share=0.3214,tput=3.59] rank2[cuda2,share=0.2917,tput=5.59]
epoch 141: eval=0.8922
epoch 142: loss=0.203165, train_acc=0.9282, time=9.8s
per-rank: rank0[cuda0,share=0.3869,tput=2.62] rank1[cuda1,share=0.3214,tput=3.50] rank2[cuda2,share=0.2917,tput=3.11]
epoch 142: eval=0.8951
epoch 143: loss=0.200857, train_acc=0.9297, time=9.9s
per-rank: rank0[cuda0,share=0.3869,tput=2.39] rank1[cuda1,share=0.3214,tput=4.89] rank2[cuda2,share=0.2917,tput=3.84]
epoch 143: eval=0.8945
epoch 144: loss=0.201440, train_acc=0.9314, time=9.5s
per-rank: rank0[cuda0,share=0.3869,tput=3.39] rank1[cuda1,share=0.3214,tput=3.68] rank2[cuda2,share=0.2917,tput=2.43]
epoch 144: eval=0.9015
epoch 145: loss=0.200903, train_acc=0.9303, time=8.6s
per-rank: rank0[cuda0,share=0.3869,tput=4.00] rank1[cuda1,share=0.3214,tput=3.61] rank2[cuda2,share=0.2917,tput=2.34]
epoch 145: eval=0.8906
epoch 146: loss=0.195553, train_acc=0.9317, time=8.7s
per-rank: rank0[cuda0,share=0.3869,tput=3.14] rank1[cuda1,share=0.3214,tput=2.71] rank2[cuda2,share=0.2917,tput=3.87]
epoch 146: eval=0.9017
epoch 147: loss=0.195366, train_acc=0.9313, time=8.7s
per-rank: rank0[cuda0,share=0.3869,tput=2.97] rank1[cuda1,share=0.3214,tput=3.83] rank2[cuda2,share=0.2917,tput=2.59]
epoch 147: eval=0.8965
epoch 148: loss=0.195095, train_acc=0.9311, time=10.4s
per-rank: rank0[cuda0,share=0.3869,tput=2.31] rank1[cuda1,share=0.3214,tput=3.40] rank2[cuda2,share=0.2917,tput=5.81]
epoch 148: eval=0.8964
epoch 149: loss=0.196681, train_acc=0.9311, time=9.6s
per-rank: rank0[cuda0,share=0.3869,tput=2.56] rank1[cuda1,share=0.3214,tput=2.69] rank2[cuda2,share=0.2917,tput=4.31]
epoch 149: eval=0.8916
epoch 150: loss=0.191072, train_acc=0.9335, time=8.6s
per-rank: rank0[cuda0,share=0.3869,tput=3.92] rank1[cuda1,share=0.3214,tput=3.54] rank2[cuda2,share=0.2917,tput=2.34]
epoch 150: eval=0.8965
epoch 151: loss=0.193788, train_acc=0.9325, time=11.2s
per-rank: rank0[cuda0,share=0.3869,tput=2.09] rank1[cuda1,share=0.3214,tput=4.87] rank2[cuda2,share=0.2917,tput=3.33]
epoch 151: eval=0.8956
epoch 152: loss=0.196433, train_acc=0.9321, time=9.9s
per-rank: rank0[cuda0,share=0.3869,tput=2.99] rank1[cuda1,share=0.3214,tput=3.86] rank2[cuda2,share=0.2917,tput=2.53]
epoch 152: eval=0.8963
epoch 153: loss=0.191469, train_acc=0.9323, time=8.5s
per-rank: rank0[cuda0,share=0.3869,tput=3.30] rank1[cuda1,share=0.3214,tput=2.49] rank2[cuda2,share=0.2917,tput=5.61]
epoch 153: eval=0.9006
epoch 154: loss=0.195052, train_acc=0.9310, time=8.5s
per-rank: rank0[cuda0,share=0.3869,tput=4.19] rank1[cuda1,share=0.3214,tput=2.50] rank2[cuda2,share=0.2917,tput=3.55]
epoch 154: eval=0.9004
epoch 155: loss=0.190875, train_acc=0.9329, time=8.6s
per-rank: rank0[cuda0,share=0.3869,tput=4.03] rank1[cuda1,share=0.3214,tput=2.87] rank2[cuda2,share=0.2917,tput=2.69]
epoch 155: eval=0.8958
epoch 156: loss=0.147116, train_acc=0.9499, time=8.6s
per-rank: rank0[cuda0,share=0.3901,tput=2.83] rank1[cuda1,share=0.3181,tput=2.81] rank2[cuda2,share=0.2917,tput=5.64]
epoch 156: eval=0.9146
epoch 157: loss=0.132753, train_acc=0.9547, time=9.0s
per-rank: rank0[cuda0,share=0.3901,tput=1.97] rank1[cuda1,share=0.3181,tput=6.71] rank2[cuda2,share=0.2917,tput=2.60]
epoch 157: eval=0.9127
epoch 158: loss=0.134563, train_acc=0.9535, time=9.0s
per-rank: rank0[cuda0,share=0.3901,tput=2.86] rank1[cuda1,share=0.3181,tput=4.01] rank2[cuda2,share=0.2917,tput=2.73]
epoch 158: eval=0.9131
epoch 159: loss=0.130753, train_acc=0.9555, time=8.7s
per-rank: rank0[cuda0,share=0.3901,tput=3.57] rank1[cuda1,share=0.3181,tput=2.40] rank2[cuda2,share=0.2917,tput=3.91]
epoch 159: eval=0.9119
epoch 160: loss=0.130485, train_acc=0.9552, time=11.7s
per-rank: rank0[cuda0,share=0.3901,tput=2.07] rank1[cuda1,share=0.3181,tput=5.64] rank2[cuda2,share=0.2917,tput=3.73]
epoch 160: eval=0.9118
epoch 161: loss=0.130603, train_acc=0.9550, time=10.7s
per-rank: rank0[cuda0,share=0.3901,tput=1.94] rank1[cuda1,share=0.3181,tput=4.40] rank2[cuda2,share=0.2917,tput=3.26]
epoch 161: eval=0.9131
epoch 162: loss=0.128610, train_acc=0.9564, time=9.3s
per-rank: rank0[cuda0,share=0.3901,tput=3.02] rank1[cuda1,share=0.3181,tput=2.66] rank2[cuda2,share=0.2917,tput=3.75]
epoch 162: eval=0.9106
epoch 163: loss=0.128216, train_acc=0.9563, time=8.6s
per-rank: rank0[cuda0,share=0.3901,tput=3.53] rank1[cuda1,share=0.3181,tput=4.30] rank2[cuda2,share=0.2917,tput=2.18]
epoch 163: eval=0.9116
epoch 164: loss=0.128713, train_acc=0.9566, time=8.5s
per-rank: rank0[cuda0,share=0.3901,tput=3.39] rank1[cuda1,share=0.3181,tput=2.57] rank2[cuda2,share=0.2917,tput=5.27]
epoch 164: eval=0.9121
epoch 165: loss=0.127065, train_acc=0.9562, time=10.5s
per-rank: rank0[cuda0,share=0.3901,tput=2.32] rank1[cuda1,share=0.3181,tput=5.86] rank2[cuda2,share=0.2917,tput=3.13]
epoch 165: eval=0.9129
epoch 166: loss=0.126167, train_acc=0.9581, time=9.6s
per-rank: rank0[cuda0,share=0.3901,tput=2.42] rank1[cuda1,share=0.3181,tput=4.25] rank2[cuda2,share=0.2917,tput=2.76]
epoch 166: eval=0.9134
epoch 167: loss=0.126684, train_acc=0.9562, time=8.7s
per-rank: rank0[cuda0,share=0.3901,tput=5.19] rank1[cuda1,share=0.3181,tput=2.62] rank2[cuda2,share=0.2917,tput=4.13]
epoch 167: eval=0.9129
epoch 168: loss=0.122943, train_acc=0.9576, time=10.9s
per-rank: rank0[cuda0,share=0.3901,tput=2.19] rank1[cuda1,share=0.3181,tput=3.89] rank2[cuda2,share=0.2917,tput=5.16]
epoch 168: eval=0.9109
epoch 169: loss=0.123017, train_acc=0.9587, time=9.6s
per-rank: rank0[cuda0,share=0.3901,tput=2.69] rank1[cuda1,share=0.3181,tput=4.25] rank2[cuda2,share=0.2917,tput=2.98]
epoch 169: eval=0.9136
epoch 170: loss=0.125096, train_acc=0.9571, time=8.6s
per-rank: rank0[cuda0,share=0.3901,tput=2.73] rank1[cuda1,share=0.3181,tput=5.68] rank2[cuda2,share=0.2917,tput=2.53]
epoch 170: eval=0.9113
epoch 171: loss=0.122299, train_acc=0.9577, time=8.6s
per-rank: rank0[cuda0,share=0.3901,tput=2.70] rank1[cuda1,share=0.3181,tput=6.10] rank2[cuda2,share=0.2917,tput=2.50]
epoch 171: eval=0.9092
epoch 172: loss=0.121506, train_acc=0.9574, time=8.6s
per-rank: rank0[cuda0,share=0.3901,tput=4.01] rank1[cuda1,share=0.3181,tput=3.90] rank2[cuda2,share=0.2917,tput=2.21]
epoch 172: eval=0.9123
epoch 173: loss=0.120249, train_acc=0.9598, time=8.6s
per-rank: rank0[cuda0,share=0.3901,tput=3.70] rank1[cuda1,share=0.3181,tput=4.14] rank2[cuda2,share=0.2917,tput=2.18]
epoch 173: eval=0.9136
epoch 174: loss=0.117702, train_acc=0.9593, time=10.8s
per-rank: rank0[cuda0,share=0.3901,tput=2.24] rank1[cuda1,share=0.3181,tput=3.85] rank2[cuda2,share=0.2917,tput=5.30]
epoch 174: eval=0.9120
epoch 175: loss=0.120317, train_acc=0.9589, time=9.8s
per-rank: rank0[cuda0,share=0.3901,tput=2.87] rank1[cuda1,share=0.3181,tput=2.85] rank2[cuda2,share=0.2917,tput=3.90]
epoch 175: eval=0.9125
epoch 176: loss=0.119204, train_acc=0.9594, time=8.6s
per-rank: rank0[cuda0,share=0.3901,tput=2.69] rank1[cuda1,share=0.3181,tput=2.61] rank2[cuda2,share=0.2917,tput=5.58]
epoch 176: eval=0.9127
epoch 177: loss=0.117813, train_acc=0.9589, time=8.5s
per-rank: rank0[cuda0,share=0.3901,tput=5.11] rank1[cuda1,share=0.3181,tput=2.29] rank2[cuda2,share=0.2917,tput=4.93]
epoch 177: eval=0.9119
epoch 178: loss=0.117095, train_acc=0.9605, time=8.6s
per-rank: rank0[cuda0,share=0.3901,tput=2.91] rank1[cuda1,share=0.3181,tput=5.13] rank2[cuda2,share=0.2917,tput=2.55]
epoch 178: eval=0.9135
epoch 179: loss=0.119097, train_acc=0.9592, time=8.5s
per-rank: rank0[cuda0,share=0.3901,tput=3.25] rank1[cuda1,share=0.3181,tput=4.08] rank2[cuda2,share=0.2917,tput=2.46]
epoch 179: eval=0.9127
epoch 180: loss=0.118083, train_acc=0.9598, time=10.3s
per-rank: rank0[cuda0,share=0.3901,tput=2.36] rank1[cuda1,share=0.3181,tput=4.11] rank2[cuda2,share=0.2917,tput=5.15]
epoch 180: eval=0.9126
epoch 181: loss=0.117409, train_acc=0.9608, time=9.6s
per-rank: rank0[cuda0,share=0.3901,tput=2.26] rank1[cuda1,share=0.3181,tput=4.33] rank2[cuda2,share=0.2917,tput=2.69]
epoch 181: eval=0.9122
epoch 182: loss=0.116112, train_acc=0.9594, time=8.6s
per-rank: rank0[cuda0,share=0.3901,tput=3.79] rank1[cuda1,share=0.3181,tput=2.50] rank2[cuda2,share=0.2917,tput=3.39]
epoch 182: eval=0.9143
epoch 183: loss=0.115507, train_acc=0.9601, time=8.7s
per-rank: rank0[cuda0,share=0.3901,tput=2.87] rank1[cuda1,share=0.3181,tput=2.34] rank2[cuda2,share=0.2917,tput=5.85]
epoch 183: eval=0.9110
epoch 184: loss=0.115190, train_acc=0.9608, time=8.5s
per-rank: rank0[cuda0,share=0.3901,tput=3.98] rank1[cuda1,share=0.3181,tput=3.82] rank2[cuda2,share=0.2917,tput=2.20]
epoch 184: eval=0.9114
epoch 185: loss=0.113612, train_acc=0.9610, time=8.7s
per-rank: rank0[cuda0,share=0.3901,tput=3.60] rank1[cuda1,share=0.3181,tput=2.93] rank2[cuda2,share=0.2917,tput=4.53]
epoch 185: eval=0.9133
epoch 186: loss=0.112932, train_acc=0.9615, time=10.7s
per-rank: rank0[cuda0,share=0.3901,tput=2.24] rank1[cuda1,share=0.3181,tput=4.20] rank2[cuda2,share=0.2917,tput=4.83]
epoch 186: eval=0.9140
epoch 187: loss=0.115527, train_acc=0.9594, time=9.7s
per-rank: rank0[cuda0,share=0.3901,tput=2.82] rank1[cuda1,share=0.3181,tput=3.70] rank2[cuda2,share=0.2917,tput=3.04]
epoch 187: eval=0.9119
epoch 188: loss=0.111882, train_acc=0.9613, time=10.2s
per-rank: rank0[cuda0,share=0.3901,tput=2.39] rank1[cuda1,share=0.3181,tput=3.55] rank2[cuda2,share=0.2917,tput=5.28]
epoch 188: eval=0.9136
epoch 189: loss=0.113383, train_acc=0.9608, time=9.4s
per-rank: rank0[cuda0,share=0.3901,tput=3.13] rank1[cuda1,share=0.3181,tput=2.77] rank2[cuda2,share=0.2917,tput=3.88]
epoch 189: eval=0.9118
epoch 190: loss=0.111923, train_acc=0.9612, time=8.7s
per-rank: rank0[cuda0,share=0.3924,tput=3.70] rank1[cuda1,share=0.3159,tput=2.36] rank2[cuda2,share=0.2917,tput=3.73]
epoch 190: eval=0.9124
epoch 191: loss=0.106870, train_acc=0.9639, time=8.5s
per-rank: rank0[cuda0,share=0.3924,tput=4.04] rank1[cuda1,share=0.3159,tput=2.91] rank2[cuda2,share=0.2917,tput=2.74]
epoch 191: eval=0.9153
epoch 192: loss=0.108937, train_acc=0.9617, time=8.6s
per-rank: rank0[cuda0,share=0.3924,tput=3.22] rank1[cuda1,share=0.3159,tput=2.57] rank2[cuda2,share=0.2917,tput=3.69]
epoch 192: eval=0.9135
epoch 193: loss=0.108643, train_acc=0.9629, time=8.5s
per-rank: rank0[cuda0,share=0.3924,tput=4.20] rank1[cuda1,share=0.3159,tput=2.17] rank2[cuda2,share=0.2917,tput=3.88]
epoch 193: eval=0.9131
epoch 194: loss=0.108598, train_acc=0.9621, time=8.6s
per-rank: rank0[cuda0,share=0.3924,tput=2.40] rank1[cuda1,share=0.3159,tput=2.50] rank2[cuda2,share=0.2917,tput=6.53]
epoch 194: eval=0.9145
epoch 195: loss=0.107582, train_acc=0.9638, time=10.3s
per-rank: rank0[cuda0,share=0.3924,tput=2.35] rank1[cuda1,share=0.3159,tput=4.83] rank2[cuda2,share=0.2917,tput=3.81]
epoch 195: eval=0.9144
epoch 196: loss=0.106239, train_acc=0.9644, time=9.6s
per-rank: rank0[cuda0,share=0.3924,tput=2.80] rank1[cuda1,share=0.3159,tput=3.18] rank2[cuda2,share=0.2917,tput=3.37]
epoch 196: eval=0.9110
epoch 197: loss=0.109271, train_acc=0.9619, time=8.4s
per-rank: rank0[cuda0,share=0.3924,tput=4.12] rank1[cuda1,share=0.3159,tput=3.63] rank2[cuda2,share=0.2917,tput=2.38]
epoch 197: eval=0.9123
epoch 198: loss=0.107183, train_acc=0.9637, time=8.4s
per-rank: rank0[cuda0,share=0.3924,tput=4.26] rank1[cuda1,share=0.3159,tput=2.54] rank2[cuda2,share=0.2917,tput=3.33]
epoch 198: eval=0.9125
epoch 199: loss=0.108655, train_acc=0.9626, time=8.6s
per-rank: rank0[cuda0,share=0.3924,tput=3.03] rank1[cuda1,share=0.3159,tput=2.90] rank2[cuda2,share=0.2917,tput=4.99]
final eval=0.9131
# total: 1701.6s (28m 22s)
