# gpu0: NVIDIA GeForce RTX 5060 Ti (15GB, sm_120)
# gpu1: NVIDIA GeForce GTX 1060 6GB (5GB, sm_61)
# gpu2: NVIDIA GeForce GTX 1060 6GB (5GB, sm_61)
epoch 0: loss=2.058380, train_acc=0.2202, time=9.3s
per-rank: rank0[cuda0,share=0.3981,tput=2.83] rank1[cuda1,share=0.3050,tput=4.21] rank2[cuda2,share=0.2970,tput=3.56]
epoch 0: eval=0.2486
epoch 1: loss=1.770518, train_acc=0.3225, time=9.3s
per-rank: rank0[cuda0,share=0.3934,tput=3.45] rank2[cuda2,share=0.3044,tput=3.27] rank1[cuda1,share=0.3021,tput=2.53]
epoch 1: eval=0.3806
epoch 2: loss=1.574357, train_acc=0.4152, time=12.2s
per-rank: rank0[cuda0,share=0.3779,tput=2.03] rank2[cuda2,share=0.3122,tput=3.69] rank1[cuda1,share=0.3099,tput=5.21]
epoch 2: eval=0.4790
epoch 3: loss=1.385012, train_acc=0.4952, time=10.9s
per-rank: rank0[cuda0,share=0.3829,tput=2.12] rank2[cuda2,share=0.3091,tput=3.67] rank1[cuda1,share=0.3080,tput=2.77]
epoch 3: eval=0.5144
epoch 4: loss=1.210294, train_acc=0.5638, time=9.2s
per-rank: rank0[cuda0,share=0.4070,tput=3.61] rank1[cuda1,share=0.3144,tput=2.79] rank2[cuda2,share=0.2786,tput=2.97]
epoch 4: eval=0.5140
epoch 5: loss=1.104278, train_acc=0.6061, time=9.2s
per-rank: rank0[cuda0,share=0.4123,tput=3.56] rank1[cuda1,share=0.3222,tput=3.41] rank2[cuda2,share=0.2656,tput=2.19]
epoch 5: eval=0.4469
epoch 6: loss=1.005296, train_acc=0.6437, time=11.5s
per-rank: rank0[cuda0,share=0.4098,tput=2.15] rank1[cuda1,share=0.3051,tput=3.41] rank2[cuda2,share=0.2851,tput=5.62]
epoch 6: eval=0.5864
epoch 7: loss=0.923890, train_acc=0.6745, time=10.5s
per-rank: rank0[cuda0,share=0.3875,tput=2.06] rank2[cuda2,share=0.3125,tput=4.38] rank1[cuda1,share=0.3000,tput=2.64]
epoch 7: eval=0.6157
epoch 8: loss=0.852391, train_acc=0.7019, time=9.1s
per-rank: rank0[cuda0,share=0.3709,tput=3.54] rank2[cuda2,share=0.3158,tput=2.19] rank1[cuda1,share=0.3133,tput=3.87]
epoch 8: eval=0.6533
epoch 9: loss=0.815549, train_acc=0.7180, time=10.6s
per-rank: rank0[cuda0,share=0.4034,tput=2.19] rank2[cuda2,share=0.2993,tput=3.58] rank1[cuda1,share=0.2973,tput=4.23]
epoch 9: eval=0.6372
epoch 10: loss=0.767655, train_acc=0.7338, time=9.8s
per-rank: rank0[cuda0,share=0.4146,tput=2.69] rank1[cuda1,share=0.2938,tput=4.08] rank2[cuda2,share=0.2917,tput=2.68]
epoch 10: eval=0.6745
epoch 11: loss=0.741066, train_acc=0.7418, time=12.2s
per-rank: rank0[cuda0,share=0.3945,tput=2.13] rank1[cuda1,share=0.3116,tput=3.85] rank2[cuda2,share=0.2938,tput=5.35]
epoch 11: eval=0.7448
epoch 12: loss=0.716331, train_acc=0.7505, time=10.8s
per-rank: rank0[cuda0,share=0.3988,tput=2.45] rank1[cuda1,share=0.3035,tput=3.72] rank2[cuda2,share=0.2977,tput=2.85]
epoch 12: eval=0.6910
epoch 13: loss=0.700122, train_acc=0.7589, time=11.3s
per-rank: rank0[cuda0,share=0.4158,tput=2.28] rank2[cuda2,share=0.3009,tput=5.08] rank1[cuda1,share=0.2833,tput=3.76]
epoch 13: eval=0.7462
epoch 14: loss=0.672749, train_acc=0.7688, time=10.4s
per-rank: rank0[cuda0,share=0.4208,tput=2.66] rank2[cuda2,share=0.2966,tput=3.91] rank1[cuda1,share=0.2827,tput=2.65]
epoch 14: eval=0.7199
epoch 15: loss=0.653870, train_acc=0.7734, time=9.1s
per-rank: rank0[cuda0,share=0.4263,tput=3.30] rank1[cuda1,share=0.2884,tput=2.60] rank2[cuda2,share=0.2853,tput=3.38]
epoch 15: eval=0.7117
epoch 16: loss=0.639190, train_acc=0.7794, time=9.1s
per-rank: rank0[cuda0,share=0.4075,tput=2.35] rank2[cuda2,share=0.2997,tput=6.64] rank1[cuda1,share=0.2928,tput=2.36]
epoch 16: eval=0.7210
epoch 17: loss=0.622963, train_acc=0.7855, time=10.9s
per-rank: rank0[cuda0,share=0.4037,tput=2.25] rank2[cuda2,share=0.3079,tput=5.19] rank1[cuda1,share=0.2885,tput=3.48]
epoch 17: eval=0.6950
epoch 18: loss=0.616421, train_acc=0.7859, time=10.2s
per-rank: rank0[cuda0,share=0.4189,tput=2.53] rank2[cuda2,share=0.2968,tput=2.59] rank1[cuda1,share=0.2842,tput=3.99]
epoch 18: eval=0.7469
epoch 19: loss=0.608230, train_acc=0.7891, time=9.1s
per-rank: rank0[cuda0,share=0.4153,tput=2.45] rank2[cuda2,share=0.2957,tput=6.15] rank1[cuda1,share=0.2889,tput=2.50]
epoch 19: eval=0.7460
epoch 20: loss=0.597567, train_acc=0.7942, time=9.0s
per-rank: rank0[cuda0,share=0.4116,tput=3.57] rank2[cuda2,share=0.2977,tput=3.41] rank1[cuda1,share=0.2907,tput=2.53]
epoch 20: eval=0.7740
epoch 21: loss=0.591122, train_acc=0.7957, time=9.1s
per-rank: rank0[cuda0,share=0.4239,tput=2.42] rank1[cuda1,share=0.2904,tput=7.11] rank2[cuda2,share=0.2857,tput=2.25]
epoch 21: eval=0.7514
epoch 22: loss=0.579624, train_acc=0.7992, time=9.2s
per-rank: rank0[cuda0,share=0.4033,tput=2.73] rank1[cuda1,share=0.3103,tput=2.78] rank2[cuda2,share=0.2864,tput=4.64]
epoch 22: eval=0.7837
epoch 23: loss=0.573325, train_acc=0.8013, time=9.0s
per-rank: rank0[cuda0,share=0.3712,tput=3.74] rank1[cuda1,share=0.3201,tput=3.61] rank2[cuda2,share=0.3087,tput=2.42]
epoch 23: eval=0.7516
epoch 24: loss=0.574742, train_acc=0.8006, time=10.2s
per-rank: rank0[cuda0,share=0.3974,tput=2.30] rank2[cuda2,share=0.3022,tput=3.21] rank1[cuda1,share=0.3004,tput=5.18]
epoch 24: eval=0.7588
epoch 25: loss=0.574902, train_acc=0.8019, time=9.6s
per-rank: rank0[cuda0,share=0.4116,tput=2.71] rank2[cuda2,share=0.2978,tput=3.94] rank1[cuda1,share=0.2906,tput=2.72]
epoch 25: eval=0.7113
epoch 26: loss=0.569383, train_acc=0.8022, time=9.2s
per-rank: rank0[cuda0,share=0.4045,tput=3.25] rank2[cuda2,share=0.3046,tput=3.40] rank1[cuda1,share=0.2908,tput=2.55]
epoch 26: eval=0.7964
epoch 27: loss=0.555509, train_acc=0.8092, time=9.0s
per-rank: rank0[cuda0,share=0.3880,tput=3.02] rank1[cuda1,share=0.3080,tput=3.88] rank2[cuda2,share=0.3040,tput=2.38]
epoch 27: eval=0.7972
epoch 28: loss=0.552482, train_acc=0.8090, time=10.3s
per-rank: rank0[cuda0,share=0.3906,tput=2.26] rank1[cuda1,share=0.3128,tput=3.58] rank2[cuda2,share=0.2966,tput=4.93]
epoch 28: eval=0.7810
epoch 29: loss=0.548380, train_acc=0.8100, time=9.7s
per-rank: rank0[cuda0,share=0.4097,tput=3.28] rank1[cuda1,share=0.3051,tput=4.17] rank2[cuda2,share=0.2852,tput=2.23]
epoch 29: eval=0.7836
epoch 30: loss=0.544266, train_acc=0.8129, time=11.5s
per-rank: rank0[cuda0,share=0.4097,tput=2.21] rank1[cuda1,share=0.2993,tput=4.89] rank2[cuda2,share=0.2910,tput=3.87]
epoch 30: eval=0.8119
epoch 31: loss=0.531844, train_acc=0.8162, time=10.6s
per-rank: rank0[cuda0,share=0.4115,tput=2.32] rank2[cuda2,share=0.2953,tput=3.63] rank1[cuda1,share=0.2932,tput=2.73]
epoch 31: eval=0.7618
epoch 32: loss=0.530077, train_acc=0.8179, time=11.2s
per-rank: rank0[cuda0,share=0.4182,tput=2.27] rank2[cuda2,share=0.2955,tput=3.85] rank1[cuda1,share=0.2864,tput=4.96]
epoch 32: eval=0.7633
epoch 33: loss=0.537098, train_acc=0.8152, time=10.3s
per-rank: rank0[cuda0,share=0.4198,tput=2.50] rank1[cuda1,share=0.2912,tput=4.55] rank2[cuda2,share=0.2890,tput=2.51]
epoch 33: eval=0.7806
epoch 34: loss=0.524242, train_acc=0.8217, time=11.5s
per-rank: rank0[cuda0,share=0.4080,tput=2.16] rank1[cuda1,share=0.2972,tput=3.55] rank2[cuda2,share=0.2948,tput=5.43]
epoch 34: eval=0.8050
epoch 35: loss=0.520234, train_acc=0.8205, time=10.3s
per-rank: rank0[cuda0,share=0.4182,tput=2.50] rank2[cuda2,share=0.2977,tput=4.24] rank1[cuda1,share=0.2841,tput=2.46]
epoch 35: eval=0.8184
epoch 36: loss=0.513848, train_acc=0.8237, time=9.0s
per-rank: rank0[cuda0,share=0.4170,tput=2.23] rank2[cuda2,share=0.3027,tput=2.62] rank1[cuda1,share=0.2803,tput=6.28]
epoch 36: eval=0.7620
epoch 37: loss=0.512242, train_acc=0.8226, time=9.1s
per-rank: rank0[cuda0,share=0.3920,tput=2.94] rank2[cuda2,share=0.3064,tput=4.79] rank1[cuda1,share=0.3016,tput=2.56]
epoch 37: eval=0.7541
epoch 38: loss=0.512473, train_acc=0.8232, time=11.9s
per-rank: rank0[cuda0,share=0.3944,tput=2.06] rank1[cuda1,share=0.3173,tput=5.28] rank2[cuda2,share=0.2882,tput=3.33]
epoch 38: eval=0.7789
epoch 39: loss=0.506993, train_acc=0.8246, time=10.5s
per-rank: rank0[cuda0,share=0.3687,tput=2.25] rank1[cuda1,share=0.3338,tput=3.03] rank2[cuda2,share=0.2975,tput=3.98]
epoch 39: eval=0.7823
epoch 40: loss=0.508786, train_acc=0.8258, time=9.2s
per-rank: rank0[cuda0,share=0.3781,tput=2.63] rank1[cuda1,share=0.3284,tput=5.75] rank2[cuda2,share=0.2935,tput=2.09]
epoch 40: eval=0.7547
epoch 41: loss=0.513703, train_acc=0.8229, time=8.9s
per-rank: rank0[cuda0,share=0.4035,tput=3.53] rank1[cuda1,share=0.3143,tput=2.46] rank2[cuda2,share=0.2823,tput=3.53]
epoch 41: eval=0.8005
epoch 42: loss=0.512440, train_acc=0.8247, time=9.0s
per-rank: rank0[cuda0,share=0.4163,tput=3.65] rank1[cuda1,share=0.3085,tput=2.60] rank2[cuda2,share=0.2752,tput=3.22]
epoch 42: eval=0.7784
epoch 43: loss=0.507005, train_acc=0.8259, time=9.0s
per-rank: rank0[cuda0,share=0.4192,tput=3.53] rank1[cuda1,share=0.2981,tput=2.20] rank2[cuda2,share=0.2827,tput=4.08]
epoch 43: eval=0.7584
epoch 44: loss=0.504262, train_acc=0.8273, time=8.9s
per-rank: rank0[cuda0,share=0.4129,tput=3.67] rank2[cuda2,share=0.3011,tput=2.26] rank1[cuda1,share=0.2860,tput=3.69]
epoch 44: eval=0.7774
epoch 45: loss=0.497250, train_acc=0.8300, time=9.0s
per-rank: rank0[cuda0,share=0.4172,tput=2.46] rank1[cuda1,share=0.2946,tput=5.96] rank2[cuda2,share=0.2882,tput=2.39]
epoch 45: eval=0.7694
epoch 46: loss=0.492187, train_acc=0.8305, time=9.0s
per-rank: rank0[cuda0,share=0.4261,tput=3.06] rank1[cuda1,share=0.2913,tput=5.14] rank2[cuda2,share=0.2826,tput=2.39]
epoch 46: eval=0.7520
epoch 47: loss=0.489303, train_acc=0.8332, time=12.2s
per-rank: rank0[cuda0,share=0.4018,tput=2.20] rank1[cuda1,share=0.3014,tput=4.77] rank2[cuda2,share=0.2968,tput=4.06]
epoch 47: eval=0.7683
epoch 48: loss=0.491296, train_acc=0.8315, time=11.5s
per-rank: rank0[cuda0,share=0.4056,tput=2.11] rank1[cuda1,share=0.3039,tput=4.18] rank2[cuda2,share=0.2905,tput=2.51]
epoch 48: eval=0.7764
epoch 49: loss=0.488821, train_acc=0.8310, time=9.4s
per-rank: rank0[cuda0,share=0.3933,tput=2.99] rank1[cuda1,share=0.3078,tput=2.58] rank2[cuda2,share=0.2989,tput=4.19]
epoch 49: eval=0.8018
epoch 50: loss=0.485044, train_acc=0.8345, time=11.6s
per-rank: rank0[cuda0,share=0.3816,tput=2.05] rank2[cuda2,share=0.3145,tput=3.46] rank1[cuda1,share=0.3040,tput=5.56]
epoch 50: eval=0.8005
epoch 51: loss=0.485481, train_acc=0.8328, time=10.3s
per-rank: rank0[cuda0,share=0.3826,tput=2.97] rank2[cuda2,share=0.3108,tput=2.55] rank1[cuda1,share=0.3065,tput=3.96]
epoch 51: eval=0.7526
epoch 52: loss=0.486556, train_acc=0.8316, time=11.5s
per-rank: rank0[cuda0,share=0.4183,tput=2.20] rank2[cuda2,share=0.2972,tput=5.38] rank1[cuda1,share=0.2845,tput=3.52]
epoch 52: eval=0.7630
epoch 53: loss=0.476986, train_acc=0.8345, time=10.2s
per-rank: rank0[cuda0,share=0.4126,tput=2.45] rank2[cuda2,share=0.2960,tput=3.01] rank1[cuda1,share=0.2915,tput=4.09]
epoch 53: eval=0.7646
epoch 54: loss=0.484788, train_acc=0.8347, time=9.0s
per-rank: rank0[cuda0,share=0.4123,tput=2.34] rank2[cuda2,share=0.3120,tput=2.61] rank1[cuda1,share=0.2756,tput=5.73]
epoch 54: eval=0.7422
epoch 55: loss=0.477905, train_acc=0.8360, time=9.1s
per-rank: rank0[cuda0,share=0.3903,tput=3.25] rank2[cuda2,share=0.3132,tput=2.41] rank1[cuda1,share=0.2966,tput=4.03]
epoch 55: eval=0.7705
epoch 56: loss=0.476347, train_acc=0.8363, time=11.2s
per-rank: rank0[cuda0,share=0.3960,tput=2.16] rank1[cuda1,share=0.3065,tput=5.66] rank2[cuda2,share=0.2975,tput=3.23]
epoch 56: eval=0.7954
epoch 57: loss=0.487400, train_acc=0.8326, time=10.0s
per-rank: rank0[cuda0,share=0.3953,tput=2.83] rank1[cuda1,share=0.3075,tput=3.80] rank2[cuda2,share=0.2972,tput=2.80]
epoch 57: eval=0.8083
epoch 58: loss=0.485080, train_acc=0.8338, time=9.0s
per-rank: rank0[cuda0,share=0.4020,tput=2.35] rank1[cuda1,share=0.3022,tput=2.53] rank2[cuda2,share=0.2959,tput=6.07]
epoch 58: eval=0.8114
epoch 59: loss=0.489776, train_acc=0.8312, time=9.1s
per-rank: rank0[cuda0,share=0.4012,tput=3.28] rank1[cuda1,share=0.3011,tput=2.63] rank2[cuda2,share=0.2977,tput=3.62]
epoch 59: eval=0.8103
epoch 60: loss=0.478406, train_acc=0.8338, time=9.2s
per-rank: rank0[cuda0,share=0.3942,tput=2.03] rank1[cuda1,share=0.3091,tput=5.89] rank2[cuda2,share=0.2967,tput=2.45]
epoch 60: eval=0.7715
epoch 61: loss=0.468004, train_acc=0.8398, time=11.3s
per-rank: rank0[cuda0,share=0.3626,tput=2.03] rank1[cuda1,share=0.3251,tput=3.62] rank2[cuda2,share=0.3123,tput=4.77]
epoch 61: eval=0.7917
epoch 62: loss=0.471680, train_acc=0.8376, time=10.1s
per-rank: rank0[cuda0,share=0.3792,tput=2.96] rank1[cuda1,share=0.3157,tput=3.84] rank2[cuda2,share=0.3051,tput=2.57]
epoch 62: eval=0.8115
epoch 63: loss=0.476850, train_acc=0.8362, time=11.0s
per-rank: rank0[cuda0,share=0.4057,tput=2.19] rank1[cuda1,share=0.3017,tput=3.82] rank2[cuda2,share=0.2926,tput=4.78]
epoch 63: eval=0.7205
epoch 64: loss=0.471336, train_acc=0.8377, time=9.8s
per-rank: rank0[cuda0,share=0.4088,tput=3.12] rank1[cuda1,share=0.2977,tput=2.42] rank2[cuda2,share=0.2936,tput=4.16]
epoch 64: eval=0.7876
epoch 65: loss=0.463799, train_acc=0.8405, time=12.5s
per-rank: rank0[cuda0,share=0.4036,tput=2.06] rank2[cuda2,share=0.3014,tput=4.88] rank1[cuda1,share=0.2950,tput=3.98]
epoch 65: eval=0.7675
epoch 66: loss=0.485951, train_acc=0.8327, time=11.0s
per-rank: rank0[cuda0,share=0.3909,tput=2.02] rank1[cuda1,share=0.3062,tput=2.95] rank2[cuda2,share=0.3028,tput=4.10]
epoch 66: eval=0.8109
epoch 67: loss=0.515856, train_acc=0.8226, time=9.2s
per-rank: rank0[cuda0,share=0.3849,tput=3.20] rank1[cuda1,share=0.3115,tput=2.45] rank2[cuda2,share=0.3035,tput=3.72]
epoch 67: eval=0.7774
epoch 68: loss=0.510325, train_acc=0.8237, time=8.9s
per-rank: rank0[cuda0,share=0.3814,tput=2.13] rank1[cuda1,share=0.3146,tput=2.68] rank2[cuda2,share=0.3040,tput=5.84]
epoch 68: eval=0.8039
epoch 69: loss=0.502471, train_acc=0.8279, time=9.2s
per-rank: rank0[cuda0,share=0.3770,tput=2.44] rank1[cuda1,share=0.3174,tput=2.33] rank2[cuda2,share=0.3056,tput=5.46]
epoch 69: eval=0.8032
epoch 70: loss=0.498389, train_acc=0.8284, time=10.8s
per-rank: rank0[cuda0,share=0.3739,tput=2.00] rank1[cuda1,share=0.3193,tput=3.39] rank2[cuda2,share=0.3067,tput=4.94]
epoch 70: eval=0.7935
epoch 71: loss=0.499655, train_acc=0.8288, time=9.7s
per-rank: rank0[cuda0,share=0.3722,tput=2.97] rank1[cuda1,share=0.3202,tput=3.83] rank2[cuda2,share=0.3075,tput=2.57]
epoch 71: eval=0.8122
epoch 72: loss=0.487692, train_acc=0.8330, time=8.8s
per-rank: rank0[cuda0,share=0.3709,tput=4.41] rank1[cuda1,share=0.3209,tput=2.40] rank2[cuda2,share=0.3082,tput=3.14]
epoch 72: eval=0.7751
epoch 73: loss=0.492024, train_acc=0.8309, time=9.4s
per-rank: rank0[cuda0,share=0.3723,tput=2.36] rank1[cuda1,share=0.3202,tput=4.76] rank2[cuda2,share=0.3075,tput=3.32]
epoch 73: eval=0.8095
epoch 74: loss=0.498658, train_acc=0.8270, time=9.1s
per-rank: rank0[cuda0,share=0.3736,tput=4.00] rank1[cuda1,share=0.3196,tput=2.33] rank2[cuda2,share=0.3068,tput=3.41]
epoch 74: eval=0.8257
epoch 75: loss=0.492406, train_acc=0.8304, time=9.1s
per-rank: rank0[cuda0,share=0.3765,tput=3.48] rank1[cuda1,share=0.3181,tput=3.08] rank2[cuda2,share=0.3054,tput=2.60]
epoch 75: eval=0.7927
epoch 76: loss=0.494786, train_acc=0.8315, time=10.9s
per-rank: rank0[cuda0,share=0.3790,tput=2.23] rank1[cuda1,share=0.3169,tput=3.66] rank2[cuda2,share=0.3042,tput=5.40]
epoch 76: eval=0.8090
epoch 77: loss=0.487726, train_acc=0.8326, time=10.0s
per-rank: rank0[cuda0,share=0.3821,tput=2.72] rank1[cuda1,share=0.3144,tput=2.55] rank2[cuda2,share=0.3035,tput=4.02]
epoch 77: eval=0.7815
epoch 78: loss=0.493120, train_acc=0.8316, time=10.7s
per-rank: rank0[cuda0,share=0.3852,tput=2.28] rank1[cuda1,share=0.3120,tput=4.44] rank2[cuda2,share=0.3028,tput=3.75]
epoch 78: eval=0.8160
epoch 79: loss=0.493182, train_acc=0.8311, time=9.9s
per-rank: rank0[cuda0,share=0.3901,tput=2.50] rank1[cuda1,share=0.3094,tput=4.06] rank2[cuda2,share=0.3005,tput=2.56]
epoch 79: eval=0.8111
epoch 80: loss=0.492076, train_acc=0.8304, time=9.1s
per-rank: rank0[cuda0,share=0.3950,tput=2.52] rank1[cuda1,share=0.3069,tput=6.66] rank2[cuda2,share=0.2981,tput=1.95]
epoch 80: eval=0.7671
epoch 81: loss=0.489207, train_acc=0.8313, time=9.0s
per-rank: rank0[cuda0,share=0.4007,tput=2.47] rank1[cuda1,share=0.3049,tput=5.06] rank2[cuda2,share=0.2944,tput=2.59]
epoch 81: eval=0.7906
epoch 82: loss=0.488103, train_acc=0.8332, time=11.3s
per-rank: rank0[cuda0,share=0.4063,tput=2.22] rank1[cuda1,share=0.3029,tput=3.43] rank2[cuda2,share=0.2907,tput=5.93]
epoch 82: eval=0.7949
epoch 83: loss=0.487855, train_acc=0.8336, time=10.3s
per-rank: rank0[cuda0,share=0.4095,tput=2.53] rank1[cuda1,share=0.3015,tput=2.36] rank2[cuda2,share=0.2890,tput=4.59]
epoch 83: eval=0.8230
epoch 84: loss=0.490498, train_acc=0.8298, time=11.3s
per-rank: rank0[cuda0,share=0.4127,tput=2.17] rank1[cuda1,share=0.3001,tput=3.43] rank2[cuda2,share=0.2872,tput=5.52]
epoch 84: eval=0.7629
epoch 85: loss=0.486251, train_acc=0.8336, time=10.3s
per-rank: rank0[cuda0,share=0.4137,tput=2.52] rank1[cuda1,share=0.2990,tput=2.56] rank2[cuda2,share=0.2872,tput=4.25]
epoch 85: eval=0.8080
epoch 86: loss=0.486224, train_acc=0.8334, time=11.3s
per-rank: rank0[cuda0,share=0.4147,tput=2.18] rank1[cuda1,share=0.2980,tput=5.30] rank2[cuda2,share=0.2873,tput=3.30]
epoch 86: eval=0.7595
epoch 87: loss=0.484866, train_acc=0.8334, time=10.1s
per-rank: rank0[cuda0,share=0.4156,tput=2.39] rank1[cuda1,share=0.2971,tput=3.23] rank2[cuda2,share=0.2873,tput=3.36]
epoch 87: eval=0.7822
epoch 88: loss=0.485019, train_acc=0.8333, time=8.8s
per-rank: rank0[cuda0,share=0.4157,tput=2.32] rank1[cuda1,share=0.2981,tput=7.21] rank2[cuda2,share=0.2863,tput=2.19]
epoch 88: eval=0.8086
epoch 89: loss=0.489095, train_acc=0.8327, time=8.9s
per-rank: rank0[cuda0,share=0.4151,tput=2.29] rank1[cuda1,share=0.2986,tput=2.54] rank2[cuda2,share=0.2864,tput=5.90]
epoch 89: eval=0.8226
epoch 90: loss=0.484226, train_acc=0.8338, time=8.8s
per-rank: rank0[cuda0,share=0.4145,tput=2.48] rank1[cuda1,share=0.2991,tput=2.51] rank2[cuda2,share=0.2865,tput=6.46]
epoch 90: eval=0.7630
epoch 91: loss=0.487281, train_acc=0.8318, time=11.1s
per-rank: rank0[cuda0,share=0.4125,tput=2.20] rank1[cuda1,share=0.3001,tput=5.51] rank2[cuda2,share=0.2874,tput=3.24]
epoch 91: eval=0.7220
epoch 92: loss=0.483058, train_acc=0.8328, time=10.2s
per-rank: rank0[cuda0,share=0.4105,tput=2.40] rank1[cuda1,share=0.3012,tput=2.79] rank2[cuda2,share=0.2883,tput=3.83]
epoch 92: eval=0.8062
epoch 93: loss=0.481036, train_acc=0.8341, time=9.1s
per-rank: rank0[cuda0,share=0.4090,tput=2.64] rank1[cuda1,share=0.3027,tput=2.54] rank2[cuda2,share=0.2883,tput=5.06]
epoch 93: eval=0.7994
epoch 94: loss=0.481703, train_acc=0.8342, time=9.0s
per-rank: rank0[cuda0,share=0.4082,tput=3.23] rank1[cuda1,share=0.3038,tput=3.79] rank2[cuda2,share=0.2880,tput=2.30]
epoch 94: eval=0.7775
epoch 95: loss=0.481851, train_acc=0.8358, time=9.0s
per-rank: rank0[cuda0,share=0.4081,tput=2.23] rank1[cuda1,share=0.3053,tput=6.47] rank2[cuda2,share=0.2866,tput=2.36]
epoch 95: eval=0.7643
epoch 96: loss=0.484449, train_acc=0.8351, time=8.8s
per-rank: rank0[cuda0,share=0.4079,tput=2.51] rank1[cuda1,share=0.3069,tput=2.58] rank2[cuda2,share=0.2852,tput=6.10]
epoch 96: eval=0.7460
epoch 97: loss=0.480096, train_acc=0.8358, time=8.9s
per-rank: rank0[cuda0,share=0.4071,tput=3.05] rank1[cuda1,share=0.3096,tput=2.37] rank2[cuda2,share=0.2833,tput=4.08]
epoch 97: eval=0.7938
epoch 98: loss=0.476258, train_acc=0.8353, time=9.0s
per-rank: rank0[cuda0,share=0.4055,tput=2.36] rank1[cuda1,share=0.3103,tput=2.52] rank2[cuda2,share=0.2841,tput=6.29]
epoch 98: eval=0.8165
epoch 99: loss=0.474839, train_acc=0.8375, time=10.5s
per-rank: rank0[cuda0,share=0.4040,tput=2.30] rank1[cuda1,share=0.3110,tput=5.34] rank2[cuda2,share=0.2849,tput=3.31]
epoch 99: eval=0.7978
epoch 100: loss=0.410285, train_acc=0.8595, time=9.8s
per-rank: rank0[cuda0,share=0.4033,tput=3.17] rank1[cuda1,share=0.3103,tput=3.38] rank2[cuda2,share=0.2863,tput=2.61]
epoch 100: eval=0.8884
epoch 101: loss=0.278185, train_acc=0.9034, time=9.0s
per-rank: rank0[cuda0,share=0.4033,tput=3.49] rank1[cuda1,share=0.3084,tput=3.94] rank2[cuda2,share=0.2883,tput=2.07]
epoch 101: eval=0.8962
epoch 102: loss=0.254849, train_acc=0.9118, time=9.7s
per-rank: rank0[cuda0,share=0.4032,tput=3.21] rank1[cuda1,share=0.3065,tput=3.35] rank2[cuda2,share=0.2903,tput=2.16]
epoch 102: eval=0.9012
epoch 103: loss=0.243028, train_acc=0.9163, time=11.8s
per-rank: rank0[cuda0,share=0.4037,tput=2.07] rank1[cuda1,share=0.3050,tput=3.66] rank2[cuda2,share=0.2912,tput=5.03]
epoch 103: eval=0.8964
epoch 104: loss=0.233980, train_acc=0.9196, time=10.5s
per-rank: rank0[cuda0,share=0.4035,tput=2.40] rank1[cuda1,share=0.3041,tput=4.38] rank2[cuda2,share=0.2924,tput=2.50]
epoch 104: eval=0.8993
epoch 105: loss=0.228388, train_acc=0.9212, time=9.0s
per-rank: rank0[cuda0,share=0.4033,tput=3.29] rank1[cuda1,share=0.3031,tput=2.60] rank2[cuda2,share=0.2936,tput=3.23]
epoch 105: eval=0.9012
epoch 106: loss=0.220998, train_acc=0.9240, time=11.7s
per-rank: rank0[cuda0,share=0.4029,tput=2.09] rank1[cuda1,share=0.3011,tput=3.75] rank2[cuda2,share=0.2960,tput=4.92]
epoch 106: eval=0.9066
epoch 107: loss=0.216312, train_acc=0.9250, time=10.4s
per-rank: rank0[cuda0,share=0.4029,tput=2.18] rank1[cuda1,share=0.3011,tput=3.18] rank2[cuda2,share=0.2960,tput=3.88]
epoch 107: eval=0.9043
epoch 108: loss=0.214345, train_acc=0.9261, time=10.9s
per-rank: rank0[cuda0,share=0.4034,tput=2.28] rank1[cuda1,share=0.3004,tput=3.21] rank2[cuda2,share=0.2963,tput=5.71]
epoch 108: eval=0.9060
epoch 109: loss=0.205470, train_acc=0.9288, time=10.0s
per-rank: rank0[cuda0,share=0.4027,tput=3.02] rank1[cuda1,share=0.3015,tput=4.01] rank2[cuda2,share=0.2958,tput=2.31]
epoch 109: eval=0.9050
epoch 110: loss=0.202813, train_acc=0.9297, time=10.4s
per-rank: rank0[cuda0,share=0.4021,tput=2.29] rank1[cuda1,share=0.3026,tput=4.07] rank2[cuda2,share=0.2953,tput=4.36]
epoch 110: eval=0.8984
epoch 111: loss=0.201953, train_acc=0.9302, time=10.0s
per-rank: rank0[cuda0,share=0.4033,tput=2.64] rank1[cuda1,share=0.3037,tput=4.35] rank2[cuda2,share=0.2930,tput=2.21]
epoch 111: eval=0.9005
epoch 112: loss=0.198282, train_acc=0.9301, time=9.0s
per-rank: rank0[cuda0,share=0.4038,tput=3.04] rank1[cuda1,share=0.3042,tput=2.83] rank2[cuda2,share=0.2919,tput=3.46]
epoch 112: eval=0.9054
epoch 113: loss=0.197277, train_acc=0.9317, time=8.9s
per-rank: rank0[cuda0,share=0.4044,tput=2.46] rank1[cuda1,share=0.3048,tput=6.63] rank2[cuda2,share=0.2908,tput=2.21]
epoch 113: eval=0.9048
epoch 114: loss=0.192998, train_acc=0.9328, time=9.0s
per-rank: rank0[cuda0,share=0.4049,tput=3.55] rank1[cuda1,share=0.3053,tput=2.49] rank2[cuda2,share=0.2897,tput=3.41]
epoch 114: eval=0.9073
epoch 115: loss=0.188322, train_acc=0.9337, time=9.0s
per-rank: rank0[cuda0,share=0.4055,tput=3.13] rank1[cuda1,share=0.3059,tput=2.45] rank2[cuda2,share=0.2886,tput=3.68]
epoch 115: eval=0.9028
epoch 116: loss=0.186484, train_acc=0.9347, time=11.3s
per-rank: rank0[cuda0,share=0.4053,tput=2.17] rank1[cuda1,share=0.3061,tput=3.09] rank2[cuda2,share=0.2886,tput=5.73]
epoch 116: eval=0.9085
epoch 117: loss=0.186254, train_acc=0.9356, time=10.1s
per-rank: rank0[cuda0,share=0.4066,tput=2.44] rank1[cuda1,share=0.3047,tput=2.79] rank2[cuda2,share=0.2887,tput=3.95]
epoch 117: eval=0.9027
epoch 118: loss=0.184574, train_acc=0.9361, time=9.1s
per-rank: rank0[cuda0,share=0.4069,tput=2.92] rank1[cuda1,share=0.3045,tput=2.83] rank2[cuda2,share=0.2886,tput=3.25]
epoch 118: eval=0.9045
epoch 119: loss=0.181980, train_acc=0.9368, time=9.0s
per-rank: rank0[cuda0,share=0.4073,tput=3.71] rank1[cuda1,share=0.3043,tput=2.92] rank2[cuda2,share=0.2884,tput=2.71]
epoch 119: eval=0.9047
epoch 120: loss=0.176774, train_acc=0.9374, time=9.1s
per-rank: rank0[cuda0,share=0.4057,tput=3.27] rank1[cuda1,share=0.3042,tput=2.46] rank2[cuda2,share=0.2901,tput=3.66]
epoch 120: eval=0.9009
epoch 121: loss=0.179327, train_acc=0.9363, time=9.0s
per-rank: rank0[cuda0,share=0.4002,tput=3.65] rank1[cuda1,share=0.3045,tput=3.55] rank2[cuda2,share=0.2954,tput=2.33]
epoch 121: eval=0.9104
epoch 122: loss=0.173770, train_acc=0.9392, time=9.0s
per-rank: rank0[cuda0,share=0.3976,tput=2.77] rank1[cuda1,share=0.3040,tput=5.71] rank2[cuda2,share=0.2984,tput=2.18]
epoch 122: eval=0.9081
epoch 123: loss=0.173232, train_acc=0.9384, time=8.9s
per-rank: rank0[cuda0,share=0.3950,tput=4.03] rank1[cuda1,share=0.3035,tput=2.65] rank2[cuda2,share=0.3015,tput=2.95]
epoch 123: eval=0.9047
epoch 124: loss=0.174292, train_acc=0.9391, time=10.0s
per-rank: rank0[cuda0,share=0.3984,tput=3.57] rank1[cuda1,share=0.3008,tput=2.20] rank2[cuda2,share=0.3008,tput=2.67]
epoch 124: eval=0.8991
epoch 125: loss=0.171053, train_acc=0.9409, time=9.1s
per-rank: rank0[cuda0,share=0.3998,tput=2.60] rank1[cuda1,share=0.3009,tput=2.56] rank2[cuda2,share=0.2993,tput=3.86]
epoch 125: eval=0.9014
epoch 126: loss=0.171772, train_acc=0.9401, time=11.7s
per-rank: rank0[cuda0,share=0.4004,tput=2.16] rank1[cuda1,share=0.3006,tput=3.25] rank2[cuda2,share=0.2990,tput=5.65]
epoch 126: eval=0.9087
epoch 127: loss=0.166712, train_acc=0.9413, time=10.6s
per-rank: rank0[cuda0,share=0.4010,tput=1.98] rank1[cuda1,share=0.3004,tput=2.79] rank2[cuda2,share=0.2987,tput=3.94]
epoch 127: eval=0.9003
epoch 128: loss=0.167531, train_acc=0.9410, time=11.3s
per-rank: rank0[cuda0,share=0.4011,tput=2.12] rank2[cuda2,share=0.3007,tput=3.40] rank1[cuda1,share=0.2982,tput=5.43]
epoch 128: eval=0.9030
epoch 129: loss=0.168630, train_acc=0.9405, time=10.4s
per-rank: rank0[cuda0,share=0.4012,tput=2.56] rank2[cuda2,share=0.3009,tput=3.59] rank1[cuda1,share=0.2979,tput=2.76]
epoch 129: eval=0.9040
epoch 130: loss=0.165833, train_acc=0.9417, time=11.6s
per-rank: rank0[cuda0,share=0.4027,tput=2.00] rank2[cuda2,share=0.2991,tput=3.42] rank1[cuda1,share=0.2982,tput=4.99]
epoch 130: eval=0.9060
epoch 131: loss=0.164058, train_acc=0.9434, time=10.3s
per-rank: rank0[cuda0,share=0.4007,tput=2.44] rank1[cuda1,share=0.2998,tput=2.49] rank2[cuda2,share=0.2995,tput=4.19]
epoch 131: eval=0.9047
epoch 132: loss=0.160493, train_acc=0.9442, time=9.1s
per-rank: rank0[cuda0,share=0.3986,tput=2.38] rank2[cuda2,share=0.3017,tput=5.11] rank1[cuda1,share=0.2997,tput=2.48]
epoch 132: eval=0.9021
epoch 133: loss=0.167535, train_acc=0.9416, time=9.0s
per-rank: rank0[cuda0,share=0.3952,tput=3.14] rank2[cuda2,share=0.3046,tput=3.32] rank1[cuda1,share=0.3003,tput=2.59]
epoch 133: eval=0.8926
epoch 134: loss=0.159846, train_acc=0.9441, time=10.8s
per-rank: rank0[cuda0,share=0.3923,tput=2.16] rank2[cuda2,share=0.3084,tput=4.65] rank1[cuda1,share=0.2994,tput=3.77]
epoch 134: eval=0.9042
epoch 135: loss=0.158954, train_acc=0.9440, time=9.9s
per-rank: rank0[cuda0,share=0.3953,tput=3.00] rank2[cuda2,share=0.3053,tput=3.26] rank1[cuda1,share=0.2994,tput=2.83]
epoch 135: eval=0.9046
epoch 136: loss=0.163451, train_acc=0.9429, time=11.0s
per-rank: rank0[cuda0,share=0.3976,tput=2.21] rank2[cuda2,share=0.3033,tput=3.80] rank1[cuda1,share=0.2991,tput=4.75]
epoch 136: eval=0.8961
epoch 137: loss=0.161356, train_acc=0.9435, time=9.9s
per-rank: rank0[cuda0,share=0.3994,tput=2.20] rank2[cuda2,share=0.3024,tput=2.73] rank1[cuda1,share=0.2982,tput=4.20]
epoch 137: eval=0.8991
epoch 138: loss=0.157881, train_acc=0.9438, time=11.6s
per-rank: rank0[cuda0,share=0.4012,tput=2.11] rank2[cuda2,share=0.3015,tput=5.05] rank1[cuda1,share=0.2973,tput=3.64]
epoch 138: eval=0.9032
epoch 139: loss=0.158279, train_acc=0.9438, time=10.3s
per-rank: rank0[cuda0,share=0.4013,tput=2.41] rank2[cuda2,share=0.3016,tput=3.88] rank1[cuda1,share=0.2971,tput=2.78]
epoch 139: eval=0.9020
epoch 140: loss=0.154569, train_acc=0.9454, time=8.8s
per-rank: rank0[cuda0,share=0.4021,tput=3.70] rank2[cuda2,share=0.2998,tput=2.46] rank1[cuda1,share=0.2981,tput=3.41]
epoch 140: eval=0.9054
epoch 141: loss=0.154571, train_acc=0.9456, time=12.0s
per-rank: rank0[cuda0,share=0.4023,tput=1.96] rank2[cuda2,share=0.2991,tput=3.11] rank1[cuda1,share=0.2986,tput=5.36]
epoch 141: eval=0.9039
epoch 142: loss=0.156662, train_acc=0.9451, time=11.3s
per-rank: rank0[cuda0,share=0.4002,tput=1.69] rank2[cuda2,share=0.3003,tput=3.90] rank1[cuda1,share=0.2995,tput=2.79]
epoch 142: eval=0.8953
epoch 143: loss=0.157818, train_acc=0.9452, time=9.5s
per-rank: rank0[cuda0,share=0.3941,tput=3.25] rank1[cuda1,share=0.3031,tput=3.39] rank2[cuda2,share=0.3028,tput=2.12]
epoch 143: eval=0.9004
epoch 144: loss=0.156035, train_acc=0.9452, time=11.3s
per-rank: rank0[cuda0,share=0.3902,tput=2.10] rank1[cuda1,share=0.3064,tput=3.35] rank2[cuda2,share=0.3035,tput=4.65]
epoch 144: eval=0.9053
epoch 145: loss=0.155206, train_acc=0.9453, time=10.1s
per-rank: rank0[cuda0,share=0.3883,tput=2.78] rank1[cuda1,share=0.3090,tput=4.29] rank2[cuda2,share=0.3027,tput=2.18]
epoch 145: eval=0.8973
epoch 146: loss=0.155304, train_acc=0.9446, time=10.5s
per-rank: rank0[cuda0,share=0.3914,tput=2.21] rank1[cuda1,share=0.3090,tput=5.58] rank2[cuda2,share=0.2995,tput=2.91]
epoch 146: eval=0.9021
epoch 147: loss=0.150761, train_acc=0.9459, time=9.9s
per-rank: rank0[cuda0,share=0.3937,tput=3.26] rank1[cuda1,share=0.3095,tput=2.51] rank2[cuda2,share=0.2968,tput=3.46]
epoch 147: eval=0.9021
epoch 148: loss=0.150101, train_acc=0.9466, time=9.2s
per-rank: rank0[cuda0,share=0.3981,tput=3.72] rank1[cuda1,share=0.3105,tput=3.34] rank2[cuda2,share=0.2914,tput=2.12]
epoch 148: eval=0.9014
epoch 149: loss=0.150864, train_acc=0.9473, time=10.9s
per-rank: rank0[cuda0,share=0.4044,tput=2.26] rank1[cuda1,share=0.3097,tput=5.58] rank2[cuda2,share=0.2859,tput=3.05]
epoch 149: eval=0.8984
epoch 150: loss=0.130564, train_acc=0.9544, time=9.9s
per-rank: rank0[cuda0,share=0.4073,tput=2.75] rank1[cuda1,share=0.3090,tput=3.04] rank2[cuda2,share=0.2837,tput=3.27]
epoch 150: eval=0.9162
epoch 151: loss=0.104590, train_acc=0.9645, time=9.6s
per-rank: rank0[cuda0,share=0.4149,tput=2.16] rank1[cuda1,share=0.3076,tput=5.27] rank2[cuda2,share=0.2775,tput=2.50]
epoch 151: eval=0.9168
epoch 152: loss=0.099949, train_acc=0.9660, time=9.6s
per-rank: rank0[cuda0,share=0.4144,tput=2.67] rank1[cuda1,share=0.3088,tput=3.37] rank2[cuda2,share=0.2768,tput=2.47]
epoch 152: eval=0.9179
epoch 153: loss=0.097883, train_acc=0.9669, time=11.1s
per-rank: rank0[cuda0,share=0.4112,tput=2.21] rank1[cuda1,share=0.3088,tput=3.57] rank2[cuda2,share=0.2800,tput=5.10]
epoch 153: eval=0.9191
epoch 154: loss=0.093471, train_acc=0.9683, time=10.4s
per-rank: rank0[cuda0,share=0.4107,tput=2.81] rank1[cuda1,share=0.3082,tput=2.61] rank2[cuda2,share=0.2811,tput=3.26]
epoch 154: eval=0.9192
epoch 155: loss=0.091380, train_acc=0.9696, time=11.6s
per-rank: rank0[cuda0,share=0.4091,tput=2.13] rank1[cuda1,share=0.3061,tput=4.79] rank2[cuda2,share=0.2848,tput=3.61]
epoch 155: eval=0.9173
epoch 156: loss=0.092481, train_acc=0.9692, time=10.5s
per-rank: rank0[cuda0,share=0.4093,tput=2.49] rank1[cuda1,share=0.3038,tput=2.54] rank2[cuda2,share=0.2870,tput=3.96]
epoch 156: eval=0.9201
epoch 157: loss=0.088421, train_acc=0.9702, time=9.3s
per-rank: rank0[cuda0,share=0.4087,tput=2.67] rank1[cuda1,share=0.3005,tput=2.59] rank2[cuda2,share=0.2908,tput=4.98]
epoch 157: eval=0.9178
epoch 158: loss=0.088149, train_acc=0.9708, time=11.4s
per-rank: rank0[cuda0,share=0.4098,tput=2.20] rank1[cuda1,share=0.2972,tput=4.89] rank2[cuda2,share=0.2930,tput=3.69]
epoch 158: eval=0.9185
epoch 159: loss=0.088787, train_acc=0.9698, time=10.4s
per-rank: rank0[cuda0,share=0.4105,tput=2.46] rank1[cuda1,share=0.2966,tput=4.14] rank2[cuda2,share=0.2930,tput=2.37]
epoch 159: eval=0.9182
epoch 160: loss=0.088691, train_acc=0.9696, time=12.8s
per-rank: rank0[cuda0,share=0.4070,tput=1.96] rank1[cuda1,share=0.2973,tput=3.71] rank2[cuda2,share=0.2956,tput=5.35]
epoch 160: eval=0.9189
epoch 161: loss=0.088019, train_acc=0.9701, time=11.0s
per-rank: rank0[cuda0,share=0.4043,tput=2.28] rank1[cuda1,share=0.2982,tput=2.51] rank2[cuda2,share=0.2975,tput=4.02]
epoch 161: eval=0.9175
epoch 162: loss=0.087647, train_acc=0.9706, time=9.4s
per-rank: rank0[cuda0,share=0.3987,tput=2.37] rank1[cuda1,share=0.3012,tput=2.35] rank2[cuda2,share=0.3001,tput=5.72]
epoch 162: eval=0.9180
epoch 163: loss=0.087117, train_acc=0.9702, time=9.4s
per-rank: rank0[cuda0,share=0.3999,tput=3.54] rank1[cuda1,share=0.3004,tput=3.14] rank2[cuda2,share=0.2997,tput=2.40]
epoch 163: eval=0.9174
epoch 164: loss=0.086244, train_acc=0.9709, time=9.5s
per-rank: rank0[cuda0,share=0.3979,tput=1.95] rank2[cuda2,share=0.3026,tput=6.08] rank1[cuda1,share=0.2995,tput=2.49]
epoch 164: eval=0.9201
epoch 165: loss=0.083551, train_acc=0.9724, time=9.6s
per-rank: rank0[cuda0,share=0.4030,tput=2.67] rank2[cuda2,share=0.3005,tput=1.83] rank1[cuda1,share=0.2965,tput=6.26]
epoch 165: eval=0.9179
epoch 166: loss=0.084055, train_acc=0.9717, time=9.3s
per-rank: rank0[cuda0,share=0.4110,tput=2.16] rank1[cuda1,share=0.2949,tput=2.77] rank2[cuda2,share=0.2941,tput=4.99]
epoch 166: eval=0.9163
epoch 167: loss=0.083792, train_acc=0.9711, time=11.7s
per-rank: rank0[cuda0,share=0.4108,tput=2.20] rank1[cuda1,share=0.3009,tput=3.54] rank2[cuda2,share=0.2883,tput=5.40]
epoch 167: eval=0.9185
epoch 168: loss=0.082103, train_acc=0.9724, time=10.6s
per-rank: rank0[cuda0,share=0.4123,tput=2.44] rank1[cuda1,share=0.3044,tput=3.06] rank2[cuda2,share=0.2833,tput=3.40]
epoch 168: eval=0.9186
epoch 169: loss=0.082088, train_acc=0.9723, time=9.3s
per-rank: rank0[cuda0,share=0.4160,tput=2.40] rank1[cuda1,share=0.3061,tput=6.36] rank2[cuda2,share=0.2779,tput=2.08]
epoch 169: eval=0.9192
epoch 170: loss=0.082345, train_acc=0.9719, time=9.3s
per-rank: rank0[cuda0,share=0.4132,tput=2.00] rank1[cuda1,share=0.3099,tput=2.46] rank2[cuda2,share=0.2769,tput=6.92]
epoch 170: eval=0.9195
epoch 171: loss=0.082589, train_acc=0.9722, time=9.2s
per-rank: rank0[cuda0,share=0.4120,tput=3.56] rank1[cuda1,share=0.3082,tput=2.33] rank2[cuda2,share=0.2798,tput=3.40]
epoch 171: eval=0.9176
epoch 172: loss=0.080869, train_acc=0.9729, time=9.3s
per-rank: rank0[cuda0,share=0.4065,tput=3.13] rank1[cuda1,share=0.3067,tput=2.72] rank2[cuda2,share=0.2868,tput=3.18]
epoch 172: eval=0.9182
epoch 173: loss=0.079902, train_acc=0.9730, time=9.3s
per-rank: rank0[cuda0,share=0.3977,tput=3.44] rank1[cuda1,share=0.3062,tput=2.57] rank2[cuda2,share=0.2960,tput=3.04]
epoch 173: eval=0.9184
epoch 174: loss=0.081338, train_acc=0.9723, time=11.9s
per-rank: rank0[cuda0,share=0.3975,tput=2.06] rank1[cuda1,share=0.3086,tput=3.57] rank2[cuda2,share=0.2938,tput=5.59]
epoch 174: eval=0.9193
epoch 175: loss=0.079928, train_acc=0.9726, time=11.2s
per-rank: rank0[cuda0,share=0.3971,tput=1.96] rank1[cuda1,share=0.3077,tput=3.63] rank2[cuda2,share=0.2952,tput=3.02]
epoch 175: eval=0.9170
epoch 176: loss=0.078250, train_acc=0.9733, time=9.5s
per-rank: rank0[cuda0,share=0.3884,tput=3.29] rank2[cuda2,share=0.3097,tput=2.52] rank1[cuda1,share=0.3019,tput=3.40]
epoch 176: eval=0.9185
epoch 177: loss=0.077112, train_acc=0.9739, time=9.4s
per-rank: rank0[cuda0,share=0.3941,tput=3.42] rank2[cuda2,share=0.3085,tput=2.02] rank1[cuda1,share=0.2975,tput=3.72]
epoch 177: eval=0.9166
epoch 178: loss=0.077860, train_acc=0.9734, time=11.7s
per-rank: rank0[cuda0,share=0.4051,tput=2.08] rank2[cuda2,share=0.3029,tput=5.94] rank1[cuda1,share=0.2920,tput=3.17]
epoch 178: eval=0.9182
epoch 179: loss=0.076476, train_acc=0.9742, time=10.8s
per-rank: rank0[cuda0,share=0.4002,tput=2.00] rank2[cuda2,share=0.3051,tput=2.45] rank1[cuda1,share=0.2947,tput=4.56]
epoch 179: eval=0.9165
epoch 180: loss=0.078157, train_acc=0.9737, time=9.4s
per-rank: rank0[cuda0,share=0.4006,tput=3.95] rank1[cuda1,share=0.3096,tput=3.51] rank2[cuda2,share=0.2899,tput=2.10]
epoch 180: eval=0.9160
epoch 181: loss=0.076684, train_acc=0.9740, time=9.3s
per-rank: rank0[cuda0,share=0.3968,tput=2.25] rank1[cuda1,share=0.3144,tput=2.70] rank2[cuda2,share=0.2888,tput=6.02]
epoch 181: eval=0.9172
epoch 182: loss=0.077240, train_acc=0.9733, time=11.3s
per-rank: rank0[cuda0,share=0.4084,tput=2.13] rank1[cuda1,share=0.3073,tput=3.72] rank2[cuda2,share=0.2843,tput=4.46]
epoch 182: eval=0.9182
epoch 183: loss=0.075562, train_acc=0.9743, time=10.2s
per-rank: rank0[cuda0,share=0.4065,tput=2.70] rank1[cuda1,share=0.3017,tput=2.38] rank2[cuda2,share=0.2919,tput=4.18]
epoch 183: eval=0.9182
epoch 184: loss=0.075334, train_acc=0.9738, time=9.3s
per-rank: rank0[cuda0,share=0.4210,tput=2.62] rank2[cuda2,share=0.2945,tput=5.57] rank1[cuda1,share=0.2846,tput=2.21]
epoch 184: eval=0.9177
epoch 185: loss=0.073683, train_acc=0.9756, time=12.0s
per-rank: rank0[cuda0,share=0.4376,tput=2.25] rank2[cuda2,share=0.2817,tput=5.08] rank1[cuda1,share=0.2808,tput=3.73]
epoch 185: eval=0.9174
epoch 186: loss=0.074785, train_acc=0.9748, time=11.5s
per-rank: rank0[cuda0,share=0.4243,tput=1.96] rank1[cuda1,share=0.2955,tput=4.36] rank2[cuda2,share=0.2802,tput=2.60]
epoch 186: eval=0.9183
epoch 187: loss=0.073402, train_acc=0.9759, time=9.8s
per-rank: rank0[cuda0,share=0.3876,tput=2.88] rank2[cuda2,share=0.3086,tput=2.64] rank1[cuda1,share=0.3038,tput=3.40]
epoch 187: eval=0.9176
epoch 188: loss=0.072807, train_acc=0.9745, time=10.9s
per-rank: rank0[cuda0,share=0.4131,tput=2.21] rank1[cuda1,share=0.2945,tput=4.68] rank2[cuda2,share=0.2924,tput=3.26]
epoch 188: eval=0.9192
epoch 189: loss=0.074830, train_acc=0.9751, time=10.1s
per-rank: rank0[cuda0,share=0.4135,tput=2.15] rank1[cuda1,share=0.2964,tput=2.91] rank2[cuda2,share=0.2902,tput=3.72]
epoch 189: eval=0.9190
epoch 190: loss=0.071315, train_acc=0.9753, time=11.1s
per-rank: rank0[cuda0,share=0.3965,tput=2.06] rank2[cuda2,share=0.3028,tput=3.16] rank1[cuda1,share=0.3007,tput=5.03]
epoch 190: eval=0.9182
epoch 191: loss=0.072256, train_acc=0.9759, time=10.1s
per-rank: rank0[cuda0,share=0.3883,tput=2.21] rank1[cuda1,share=0.3078,tput=4.49] rank2[cuda2,share=0.3039,tput=2.64]
epoch 191: eval=0.9177
epoch 192: loss=0.070509, train_acc=0.9757, time=9.4s
per-rank: rank0[cuda0,share=0.3703,tput=2.27] rank1[cuda1,share=0.3201,tput=2.28] rank2[cuda2,share=0.3096,tput=5.78]
epoch 192: eval=0.9164
epoch 193: loss=0.071079, train_acc=0.9755, time=9.4s
per-rank: rank0[cuda0,share=0.3750,tput=2.35] rank1[cuda1,share=0.3183,tput=5.97] rank2[cuda2,share=0.3067,tput=2.14]
epoch 193: eval=0.9182
epoch 194: loss=0.068708, train_acc=0.9766, time=9.2s
per-rank: rank0[cuda0,share=0.3776,tput=2.68] rank1[cuda1,share=0.3270,tput=2.59] rank2[cuda2,share=0.2953,tput=4.89]
epoch 194: eval=0.9189
epoch 195: loss=0.071430, train_acc=0.9762, time=9.3s
per-rank: rank0[cuda0,share=0.3914,tput=3.54] rank1[cuda1,share=0.3245,tput=2.23] rank2[cuda2,share=0.2842,tput=3.69]
epoch 195: eval=0.9168
epoch 196: loss=0.069699, train_acc=0.9760, time=9.2s
per-rank: rank0[cuda0,share=0.3962,tput=3.09] rank1[cuda1,share=0.3129,tput=3.82] rank2[cuda2,share=0.2908,tput=2.43]
epoch 196: eval=0.9181
epoch 197: loss=0.071299, train_acc=0.9758, time=11.4s
per-rank: rank0[cuda0,share=0.3938,tput=2.07] rank1[cuda1,share=0.3040,tput=5.23] rank2[cuda2,share=0.3022,tput=3.33]
epoch 197: eval=0.9182
epoch 198: loss=0.069249, train_acc=0.9769, time=10.2s
per-rank: rank0[cuda0,share=0.3992,tput=2.57] rank2[cuda2,share=0.3032,tput=3.85] rank1[cuda1,share=0.2976,tput=2.70]
epoch 198: eval=0.9180
epoch 199: loss=0.070984, train_acc=0.9759, time=10.0s
per-rank: rank0[cuda0,share=0.4120,tput=2.51] rank2[cuda2,share=0.3029,tput=3.64] rank1[cuda1,share=0.2852,tput=4.44]
final eval=0.9182
# total: 1811.5s (30m 12s)
