# gpu0: NVIDIA GeForce RTX 5060 Ti (15GB, sm_120)
# gpu1: NVIDIA GeForce GTX 1060 6GB (5GB, sm_61)
# gpu2: NVIDIA GeForce GTX 1060 6GB (5GB, sm_61)
epoch 0: loss=2.071865, train_acc=0.2256, time=9.2s
per-rank: rank0[cuda0,share=0.3912,tput=2.93] rank1[cuda1,share=0.3226,tput=4.92] rank2[cuda2,share=0.2861,tput=3.34]
epoch 0: eval=0.3065
epoch 1: loss=1.725609, train_acc=0.3511, time=9.0s
per-rank: rank0[cuda0,share=0.3947,tput=3.40] rank1[cuda1,share=0.3103,tput=3.82] rank2[cuda2,share=0.2950,tput=2.36]
epoch 1: eval=0.3711
epoch 2: loss=1.524358, train_acc=0.4353, time=9.1s
per-rank: rank0[cuda0,share=0.3715,tput=2.66] rank1[cuda1,share=0.3170,tput=3.85] rank2[cuda2,share=0.3115,tput=2.74]
epoch 2: eval=0.4952
epoch 3: loss=1.319316, train_acc=0.5190, time=8.8s
per-rank: rank0[cuda0,share=0.3735,tput=3.33] rank2[cuda2,share=0.3180,tput=2.29] rank1[cuda1,share=0.3084,tput=5.37]
epoch 3: eval=0.4746
epoch 4: loss=1.176036, train_acc=0.5758, time=8.9s
per-rank: rank0[cuda0,share=0.3873,tput=4.50] rank2[cuda2,share=0.3094,tput=2.53] rank1[cuda1,share=0.3032,tput=5.50]
epoch 4: eval=0.5557
epoch 5: loss=1.064151, train_acc=0.6228, time=10.6s
per-rank: rank0[cuda0,share=0.3738,tput=2.13] rank1[cuda1,share=0.3174,tput=3.55] rank2[cuda2,share=0.3088,tput=5.09]
epoch 5: eval=0.5317
epoch 6: loss=0.974197, train_acc=0.6560, time=9.9s
per-rank: rank0[cuda0,share=0.3814,tput=2.60] rank2[cuda2,share=0.3104,tput=3.97] rank1[cuda1,share=0.3082,tput=2.68]
epoch 6: eval=0.5857
epoch 7: loss=0.897448, train_acc=0.6855, time=8.9s
per-rank: rank0[cuda0,share=0.3556,tput=2.90] rank1[cuda1,share=0.3222,tput=5.74] rank2[cuda2,share=0.3222,tput=2.62]
epoch 7: eval=0.6873
epoch 8: loss=0.839593, train_acc=0.7068, time=8.8s
per-rank: rank0[cuda0,share=0.3735,tput=4.52] rank1[cuda1,share=0.3155,tput=2.35] rank2[cuda2,share=0.3109,tput=3.35]
epoch 8: eval=0.6527
epoch 9: loss=0.796419, train_acc=0.7221, time=8.7s
per-rank: rank0[cuda0,share=0.4106,tput=2.85] rank1[cuda1,share=0.2979,tput=2.36] rank2[cuda2,share=0.2915,tput=5.93]
epoch 9: eval=0.7127
epoch 10: loss=0.756011, train_acc=0.7362, time=8.8s
per-rank: rank0[cuda0,share=0.4244,tput=2.46] rank2[cuda2,share=0.2911,tput=2.46] rank1[cuda1,share=0.2844,tput=7.04]
epoch 10: eval=0.6424
epoch 11: loss=0.727502, train_acc=0.7472, time=8.8s
per-rank: rank0[cuda0,share=0.4218,tput=3.38] rank1[cuda1,share=0.2931,tput=3.04] rank2[cuda2,share=0.2851,tput=3.01]
epoch 11: eval=0.7554
epoch 12: loss=0.703241, train_acc=0.7554, time=8.9s
per-rank: rank0[cuda0,share=0.3874,tput=3.12] rank1[cuda1,share=0.3220,tput=2.84] rank2[cuda2,share=0.2906,tput=4.00]
epoch 12: eval=0.7230
epoch 13: loss=0.681582, train_acc=0.7645, time=9.9s
per-rank: rank0[cuda0,share=0.3656,tput=2.15] rank1[cuda1,share=0.3247,tput=3.30] rank2[cuda2,share=0.3098,tput=5.36]
epoch 13: eval=0.7238
epoch 14: loss=0.664552, train_acc=0.7686, time=9.3s
per-rank: rank0[cuda0,share=0.3817,tput=3.82] rank1[cuda1,share=0.3157,tput=4.21] rank2[cuda2,share=0.3025,tput=2.26]
epoch 14: eval=0.6620
epoch 15: loss=0.644101, train_acc=0.7775, time=8.8s
per-rank: rank0[cuda0,share=0.4147,tput=2.82] rank1[cuda1,share=0.3068,tput=2.40] rank2[cuda2,share=0.2785,tput=6.15]
epoch 15: eval=0.7559
epoch 16: loss=0.637608, train_acc=0.7803, time=11.2s
per-rank: rank0[cuda0,share=0.4123,tput=2.26] rank1[cuda1,share=0.3043,tput=4.23] rank2[cuda2,share=0.2835,tput=4.64]
epoch 16: eval=0.7430
epoch 17: loss=0.613463, train_acc=0.7869, time=10.2s
per-rank: rank0[cuda0,share=0.4031,tput=2.52] rank1[cuda1,share=0.3046,tput=3.86] rank2[cuda2,share=0.2923,tput=2.85]
epoch 17: eval=0.6978
epoch 18: loss=0.610153, train_acc=0.7856, time=8.9s
per-rank: rank0[cuda0,share=0.4020,tput=3.24] rank1[cuda1,share=0.3041,tput=3.80] rank2[cuda2,share=0.2939,tput=2.50]
epoch 18: eval=0.7295
epoch 19: loss=0.598505, train_acc=0.7937, time=10.7s
per-rank: rank0[cuda0,share=0.3915,tput=2.25] rank2[cuda2,share=0.3080,tput=3.73] rank1[cuda1,share=0.3005,tput=5.27]
epoch 19: eval=0.7680
epoch 20: loss=0.598714, train_acc=0.7943, time=9.8s
per-rank: rank0[cuda0,share=0.3987,tput=3.17] rank2[cuda2,share=0.3060,tput=3.61] rank1[cuda1,share=0.2953,tput=2.68]
epoch 20: eval=0.6611
epoch 21: loss=0.598730, train_acc=0.7940, time=8.8s
per-rank: rank0[cuda0,share=0.4098,tput=3.34] rank2[cuda2,share=0.2991,tput=3.80] rank1[cuda1,share=0.2911,tput=2.46]
epoch 21: eval=0.8141
epoch 22: loss=0.572940, train_acc=0.8028, time=10.3s
per-rank: rank0[cuda0,share=0.4151,tput=2.37] rank2[cuda2,share=0.2994,tput=3.53] rank1[cuda1,share=0.2855,tput=5.48]
epoch 22: eval=0.7854
epoch 23: loss=0.567133, train_acc=0.8053, time=9.6s
per-rank: rank0[cuda0,share=0.4159,tput=2.53] rank2[cuda2,share=0.2977,tput=2.76] rank1[cuda1,share=0.2863,tput=4.39]
epoch 23: eval=0.7773
epoch 24: loss=0.556872, train_acc=0.8077, time=8.8s
per-rank: rank0[cuda0,share=0.4065,tput=3.17] rank2[cuda2,share=0.2972,tput=2.32] rank1[cuda1,share=0.2963,tput=6.28]
epoch 24: eval=0.7517
epoch 25: loss=0.554585, train_acc=0.8099, time=8.8s
per-rank: rank0[cuda0,share=0.4067,tput=3.55] rank1[cuda1,share=0.2986,tput=3.93] rank2[cuda2,share=0.2947,tput=2.30]
epoch 25: eval=0.8025
epoch 26: loss=0.549700, train_acc=0.8112, time=10.7s
per-rank: rank0[cuda0,share=0.4191,tput=2.35] rank2[cuda2,share=0.2909,tput=4.70] rank1[cuda1,share=0.2899,tput=4.17]
epoch 26: eval=0.6691
epoch 27: loss=0.535434, train_acc=0.8154, time=9.8s
per-rank: rank0[cuda0,share=0.4169,tput=2.40] rank2[cuda2,share=0.2958,tput=2.86] rank1[cuda1,share=0.2872,tput=4.23]
epoch 27: eval=0.7904
epoch 28: loss=0.518394, train_acc=0.8206, time=10.3s
per-rank: rank0[cuda0,share=0.4171,tput=2.35] rank2[cuda2,share=0.3003,tput=3.88] rank1[cuda1,share=0.2825,tput=4.58]
epoch 28: eval=0.7101
epoch 29: loss=0.528981, train_acc=0.8168, time=9.7s
per-rank: rank0[cuda0,share=0.4141,tput=2.70] rank2[cuda2,share=0.3062,tput=2.72] rank1[cuda1,share=0.2797,tput=4.05]
epoch 29: eval=0.7472
epoch 30: loss=0.516269, train_acc=0.8230, time=8.8s
per-rank: rank0[cuda0,share=0.3877,tput=2.41] rank1[cuda1,share=0.3143,tput=6.59] rank2[cuda2,share=0.2980,tput=2.43]
epoch 30: eval=0.7034
epoch 31: loss=0.526283, train_acc=0.8192, time=10.1s
per-rank: rank0[cuda0,share=0.4251,tput=2.44] rank1[cuda1,share=0.2874,tput=4.73] rank2[cuda2,share=0.2874,tput=3.94]
epoch 31: eval=0.7843
epoch 32: loss=0.516927, train_acc=0.8211, time=9.5s
per-rank: rank0[cuda0,share=0.4351,tput=2.69] rank2[cuda2,share=0.2885,tput=3.78] rank1[cuda1,share=0.2764,tput=2.91]
epoch 32: eval=0.7278
epoch 33: loss=0.517349, train_acc=0.8222, time=8.8s
per-rank: rank0[cuda0,share=0.4192,tput=4.59] rank1[cuda1,share=0.2925,tput=2.93] rank2[cuda2,share=0.2884,tput=3.07]
epoch 33: eval=0.8074
epoch 34: loss=0.504759, train_acc=0.8268, time=8.7s
per-rank: rank0[cuda0,share=0.4199,tput=3.70] rank1[cuda1,share=0.3079,tput=3.67] rank2[cuda2,share=0.2723,tput=2.37]
epoch 34: eval=0.7620
epoch 35: loss=0.504764, train_acc=0.8262, time=8.9s
per-rank: rank0[cuda0,share=0.4036,tput=2.18] rank1[cuda1,share=0.3049,tput=2.43] rank2[cuda2,share=0.2915,tput=8.03]
epoch 35: eval=0.8021
epoch 36: loss=0.490476, train_acc=0.8311, time=8.8s
per-rank: rank0[cuda0,share=0.3869,tput=3.97] rank2[cuda2,share=0.3180,tput=2.39] rank1[cuda1,share=0.2950,tput=3.69]
epoch 36: eval=0.7300
epoch 37: loss=0.501266, train_acc=0.8274, time=10.6s
per-rank: rank0[cuda0,share=0.3967,tput=2.24] rank1[cuda1,share=0.3016,tput=5.52] rank2[cuda2,share=0.3016,tput=3.35]
epoch 37: eval=0.7936
epoch 38: loss=0.505271, train_acc=0.8256, time=9.8s
per-rank: rank0[cuda0,share=0.4086,tput=3.44] rank1[cuda1,share=0.3013,tput=2.59] rank2[cuda2,share=0.2901,tput=3.96]
epoch 38: eval=0.8033
epoch 39: loss=0.507285, train_acc=0.8245, time=8.7s
per-rank: rank0[cuda0,share=0.4135,tput=3.11] rank1[cuda1,share=0.3024,tput=3.84] rank2[cuda2,share=0.2840,tput=2.56]
epoch 39: eval=0.7323
epoch 40: loss=0.544553, train_acc=0.8120, time=10.1s
per-rank: rank0[cuda0,share=0.3960,tput=2.31] rank1[cuda1,share=0.3036,tput=3.53] rank2[cuda2,share=0.3004,tput=5.45]
epoch 40: eval=0.7862
epoch 41: loss=0.534722, train_acc=0.8161, time=9.2s
per-rank: rank0[cuda0,share=0.3926,tput=3.71] rank2[cuda2,share=0.3044,tput=3.46] rank1[cuda1,share=0.3030,tput=2.41]
epoch 41: eval=0.7556
epoch 42: loss=0.543011, train_acc=0.8143, time=10.7s
per-rank: rank0[cuda0,share=0.3904,tput=2.15] rank2[cuda2,share=0.3071,tput=4.70] rank1[cuda1,share=0.3025,tput=3.84]
epoch 42: eval=0.7966
epoch 43: loss=0.519151, train_acc=0.8218, time=9.8s
per-rank: rank0[cuda0,share=0.3887,tput=3.00] rank2[cuda2,share=0.3091,tput=3.78] rank1[cuda1,share=0.3022,tput=2.62]
epoch 43: eval=0.8000
epoch 44: loss=0.534996, train_acc=0.8162, time=8.8s
per-rank: rank0[cuda0,share=0.3887,tput=2.73] rank2[cuda2,share=0.3091,tput=3.63] rank1[cuda1,share=0.3022,tput=2.95]
epoch 44: eval=0.7745
epoch 45: loss=0.516782, train_acc=0.8228, time=10.5s
per-rank: rank0[cuda0,share=0.3863,tput=2.24] rank2[cuda2,share=0.3121,tput=5.00] rank1[cuda1,share=0.3016,tput=3.64]
epoch 45: eval=0.7793
epoch 46: loss=0.522164, train_acc=0.8211, time=9.7s
per-rank: rank0[cuda0,share=0.3863,tput=2.82] rank2[cuda2,share=0.3121,tput=2.68] rank1[cuda1,share=0.3016,tput=4.28]
epoch 46: eval=0.7979
epoch 47: loss=0.508382, train_acc=0.8246, time=10.6s
per-rank: rank0[cuda0,share=0.3850,tput=2.17] rank2[cuda2,share=0.3140,tput=4.57] rank1[cuda1,share=0.3010,tput=3.73]
epoch 47: eval=0.7662
epoch 48: loss=0.512952, train_acc=0.8258, time=10.1s
per-rank: rank0[cuda0,share=0.3850,tput=3.46] rank2[cuda2,share=0.3143,tput=2.71] rank1[cuda1,share=0.3006,tput=3.29]
epoch 48: eval=0.8164
epoch 49: loss=0.511937, train_acc=0.8248, time=8.7s
per-rank: rank0[cuda0,share=0.3876,tput=2.83] rank2[cuda2,share=0.3141,tput=4.70] rank1[cuda1,share=0.2984,tput=2.64]
epoch 49: eval=0.8134
epoch 50: loss=0.512988, train_acc=0.8242, time=8.8s
per-rank: rank0[cuda0,share=0.3900,tput=2.88] rank2[cuda2,share=0.3120,tput=4.54] rank1[cuda1,share=0.2980,tput=2.84]
epoch 50: eval=0.8263
epoch 51: loss=0.515216, train_acc=0.8222, time=8.8s
per-rank: rank0[cuda0,share=0.3900,tput=3.06] rank2[cuda2,share=0.3120,tput=5.02] rank1[cuda1,share=0.2980,tput=2.81]
epoch 51: eval=0.7771
epoch 52: loss=0.500003, train_acc=0.8289, time=10.9s
per-rank: rank0[cuda0,share=0.3947,tput=2.24] rank2[cuda2,share=0.3079,tput=4.89] rank1[cuda1,share=0.2974,tput=3.99]
epoch 52: eval=0.7975
epoch 53: loss=0.506263, train_acc=0.8245, time=9.8s
per-rank: rank0[cuda0,share=0.3947,tput=2.10] rank2[cuda2,share=0.3079,tput=2.79] rank1[cuda1,share=0.2974,tput=4.45]
epoch 53: eval=0.7804
epoch 54: loss=0.505665, train_acc=0.8259, time=11.8s
per-rank: rank0[cuda0,share=0.3965,tput=2.08] rank2[cuda2,share=0.3053,tput=4.85] rank1[cuda1,share=0.2982,tput=4.14]
epoch 54: eval=0.7800
epoch 55: loss=0.510570, train_acc=0.8241, time=10.4s
per-rank: rank0[cuda0,share=0.3967,tput=2.27] rank2[cuda2,share=0.3036,tput=3.93] rank1[cuda1,share=0.2997,tput=3.26]
epoch 55: eval=0.7688
epoch 56: loss=0.502772, train_acc=0.8271, time=8.8s
per-rank: rank0[cuda0,share=0.3968,tput=3.69] rank2[cuda2,share=0.3019,tput=3.55] rank1[cuda1,share=0.3013,tput=2.60]
epoch 56: eval=0.7983
epoch 57: loss=0.498526, train_acc=0.8280, time=10.3s
per-rank: rank0[cuda0,share=0.3970,tput=2.27] rank1[cuda1,share=0.3028,tput=3.35] rank2[cuda2,share=0.3002,tput=5.24]
epoch 57: eval=0.7271
epoch 58: loss=0.502469, train_acc=0.8280, time=9.5s
per-rank: rank0[cuda0,share=0.3971,tput=2.63] rank1[cuda1,share=0.3044,tput=4.03] rank2[cuda2,share=0.2985,tput=2.81]
epoch 58: eval=0.7875
epoch 59: loss=0.497845, train_acc=0.8307, time=8.6s
per-rank: rank0[cuda0,share=0.3973,tput=4.32] rank1[cuda1,share=0.3060,tput=3.72] rank2[cuda2,share=0.2968,tput=1.97]
epoch 59: eval=0.7940
epoch 60: loss=0.495667, train_acc=0.8302, time=8.7s
per-rank: rank0[cuda0,share=0.3973,tput=2.81] rank1[cuda1,share=0.3076,tput=5.91] rank2[cuda2,share=0.2951,tput=2.18]
epoch 60: eval=0.7558
epoch 61: loss=0.499096, train_acc=0.8279, time=10.3s
per-rank: rank0[cuda0,share=0.3973,tput=2.34] rank1[cuda1,share=0.3091,tput=3.19] rank2[cuda2,share=0.2935,tput=5.66]
epoch 61: eval=0.7944
epoch 62: loss=0.497531, train_acc=0.8295, time=9.5s
per-rank: rank0[cuda0,share=0.3982,tput=3.05] rank1[cuda1,share=0.3093,tput=3.47] rank2[cuda2,share=0.2926,tput=2.78]
epoch 62: eval=0.7897
epoch 63: loss=0.497475, train_acc=0.8291, time=10.4s
per-rank: rank0[cuda0,share=0.3990,tput=2.39] rank1[cuda1,share=0.3095,tput=5.30] rank2[cuda2,share=0.2916,tput=3.52]
epoch 63: eval=0.7838
epoch 64: loss=0.492145, train_acc=0.8291, time=9.7s
per-rank: rank0[cuda0,share=0.4004,tput=2.69] rank1[cuda1,share=0.3085,tput=2.90] rank2[cuda2,share=0.2911,tput=3.86]
epoch 64: eval=0.7849
epoch 65: loss=0.490293, train_acc=0.8330, time=8.7s
per-rank: rank0[cuda0,share=0.4035,tput=3.68] rank1[cuda1,share=0.3068,tput=3.86] rank2[cuda2,share=0.2898,tput=2.19]
epoch 65: eval=0.7760
epoch 66: loss=0.491326, train_acc=0.8318, time=8.6s
per-rank: rank0[cuda0,share=0.4065,tput=2.63] rank1[cuda1,share=0.3050,tput=2.80] rank2[cuda2,share=0.2885,tput=5.24]
epoch 66: eval=0.8004
epoch 67: loss=0.501892, train_acc=0.8296, time=8.7s
per-rank: rank0[cuda0,share=0.4096,tput=2.44] rank1[cuda1,share=0.3033,tput=4.40] rank2[cuda2,share=0.2872,tput=2.70]
epoch 67: eval=0.8048
epoch 68: loss=0.489250, train_acc=0.8319, time=8.8s
per-rank: rank0[cuda0,share=0.4111,tput=3.62] rank1[cuda1,share=0.3023,tput=2.79] rank2[cuda2,share=0.2866,tput=3.14]
epoch 68: eval=0.8084
epoch 69: loss=0.492109, train_acc=0.8318, time=8.8s
per-rank: rank0[cuda0,share=0.4126,tput=3.70] rank1[cuda1,share=0.3013,tput=3.44] rank2[cuda2,share=0.2861,tput=2.29]
epoch 69: eval=0.8112
epoch 70: loss=0.492174, train_acc=0.8329, time=9.0s
per-rank: rank0[cuda0,share=0.4131,tput=3.23] rank1[cuda1,share=0.3016,tput=5.59] rank2[cuda2,share=0.2853,tput=2.43]
epoch 70: eval=0.8004
epoch 71: loss=0.489468, train_acc=0.8321, time=8.8s
per-rank: rank0[cuda0,share=0.4110,tput=3.30] rank1[cuda1,share=0.3024,tput=3.11] rank2[cuda2,share=0.2866,tput=2.85]
epoch 71: eval=0.8086
epoch 72: loss=0.479316, train_acc=0.8355, time=8.6s
per-rank: rank0[cuda0,share=0.4087,tput=2.77] rank1[cuda1,share=0.3035,tput=5.60] rank2[cuda2,share=0.2878,tput=2.52]
epoch 72: eval=0.7445
epoch 73: loss=0.487712, train_acc=0.8333, time=10.6s
per-rank: rank0[cuda0,share=0.4063,tput=2.21] rank1[cuda1,share=0.3046,tput=5.46] rank2[cuda2,share=0.2891,tput=3.46]
epoch 73: eval=0.8126
epoch 74: loss=0.486335, train_acc=0.8320, time=9.9s
per-rank: rank0[cuda0,share=0.4046,tput=2.42] rank1[cuda1,share=0.3046,tput=2.48] rank2[cuda2,share=0.2909,tput=4.37]
epoch 74: eval=0.8222
epoch 75: loss=0.483125, train_acc=0.8368, time=8.7s
per-rank: rank0[cuda0,share=0.4028,tput=3.37] rank1[cuda1,share=0.3045,tput=2.59] rank2[cuda2,share=0.2927,tput=3.58]
epoch 75: eval=0.8064
epoch 76: loss=0.484296, train_acc=0.8339, time=11.0s
per-rank: rank0[cuda0,share=0.4010,tput=2.18] rank1[cuda1,share=0.3045,tput=5.35] rank2[cuda2,share=0.2946,tput=3.55]
epoch 76: eval=0.8284
epoch 77: loss=0.482502, train_acc=0.8348, time=9.8s
per-rank: rank0[cuda0,share=0.3991,tput=2.85] rank1[cuda1,share=0.3044,tput=4.73] rank2[cuda2,share=0.2965,tput=2.32]
epoch 77: eval=0.8005
epoch 78: loss=0.482812, train_acc=0.8358, time=10.5s
per-rank: rank0[cuda0,share=0.3990,tput=2.33] rank1[cuda1,share=0.3034,tput=4.41] rank2[cuda2,share=0.2975,tput=4.41]
epoch 78: eval=0.7917
epoch 79: loss=0.479897, train_acc=0.8348, time=9.7s
per-rank: rank0[cuda0,share=0.3989,tput=2.82] rank1[cuda1,share=0.3041,tput=2.94] rank2[cuda2,share=0.2970,tput=3.57]
epoch 79: eval=0.8018
epoch 80: loss=0.479053, train_acc=0.8349, time=10.1s
per-rank: rank0[cuda0,share=0.4017,tput=2.40] rank1[cuda1,share=0.3022,tput=3.93] rank2[cuda2,share=0.2962,tput=4.89]
epoch 80: eval=0.7450
epoch 81: loss=0.490516, train_acc=0.8305, time=9.6s
per-rank: rank0[cuda0,share=0.4017,tput=2.58] rank1[cuda1,share=0.3022,tput=3.84] rank2[cuda2,share=0.2962,tput=2.58]
epoch 81: eval=0.7736
epoch 82: loss=0.469812, train_acc=0.8392, time=10.7s
per-rank: rank0[cuda0,share=0.4071,tput=2.40] rank1[cuda1,share=0.3009,tput=4.23] rank2[cuda2,share=0.2920,tput=5.40]
epoch 82: eval=0.8090
epoch 83: loss=0.483973, train_acc=0.8337, time=9.8s
per-rank: rank0[cuda0,share=0.4068,tput=1.89] rank1[cuda1,share=0.3026,tput=3.15] rank2[cuda2,share=0.2906,tput=3.99]
epoch 83: eval=0.8169
epoch 84: loss=0.474304, train_acc=0.8375, time=8.8s
per-rank: rank0[cuda0,share=0.4065,tput=3.08] rank1[cuda1,share=0.3044,tput=3.88] rank2[cuda2,share=0.2892,tput=2.57]
epoch 84: eval=0.8032
epoch 85: loss=0.470254, train_acc=0.8408, time=10.8s
per-rank: rank0[cuda0,share=0.4045,tput=2.20] rank1[cuda1,share=0.3062,tput=5.08] rank2[cuda2,share=0.2893,tput=3.64]
epoch 85: eval=0.7881
epoch 86: loss=0.470046, train_acc=0.8381, time=9.8s
per-rank: rank0[cuda0,share=0.4025,tput=2.88] rank1[cuda1,share=0.3081,tput=2.45] rank2[cuda2,share=0.2895,tput=4.17]
epoch 86: eval=0.7959
epoch 87: loss=0.475804, train_acc=0.8379, time=8.6s
per-rank: rank0[cuda0,share=0.4021,tput=3.04] rank1[cuda1,share=0.3087,tput=4.53] rank2[cuda2,share=0.2892,tput=2.62]
epoch 87: eval=0.7348
epoch 88: loss=0.476227, train_acc=0.8369, time=8.7s
per-rank: rank0[cuda0,share=0.4017,tput=2.74] rank1[cuda1,share=0.3077,tput=2.28] rank2[cuda2,share=0.2906,tput=6.01]
epoch 88: eval=0.7479
epoch 89: loss=0.460730, train_acc=0.8416, time=9.9s
per-rank: rank0[cuda0,share=0.4015,tput=2.44] rank1[cuda1,share=0.3037,tput=3.50] rank2[cuda2,share=0.2948,tput=5.41]
epoch 89: eval=0.8231
epoch 90: loss=0.474099, train_acc=0.8379, time=9.4s
per-rank: rank0[cuda0,share=0.4010,tput=2.81] rank1[cuda1,share=0.3019,tput=4.66] rank2[cuda2,share=0.2971,tput=2.34]
epoch 90: eval=0.8242
epoch 91: loss=0.477811, train_acc=0.8374, time=8.7s
per-rank: rank0[cuda0,share=0.4005,tput=3.02] rank1[cuda1,share=0.3000,tput=4.16] rank2[cuda2,share=0.2996,tput=2.36]
epoch 91: eval=0.8043
epoch 92: loss=0.474548, train_acc=0.8366, time=9.4s
per-rank: rank0[cuda0,share=0.4019,tput=1.98] rank2[cuda2,share=0.3003,tput=5.98] rank1[cuda1,share=0.2978,tput=2.58]
epoch 92: eval=0.7989
epoch 93: loss=0.465636, train_acc=0.8411, time=10.6s
per-rank: rank0[cuda0,share=0.4042,tput=2.33] rank2[cuda2,share=0.3005,tput=3.38] rank1[cuda1,share=0.2953,tput=5.80]
epoch 93: eval=0.8025
epoch 94: loss=0.469061, train_acc=0.8382, time=9.8s
per-rank: rank0[cuda0,share=0.4066,tput=3.05] rank2[cuda2,share=0.2991,tput=3.01] rank1[cuda1,share=0.2943,tput=3.06]
epoch 94: eval=0.8234
epoch 95: loss=0.469387, train_acc=0.8375, time=10.3s
per-rank: rank0[cuda0,share=0.4073,tput=2.34] rank2[cuda2,share=0.2981,tput=3.51] rank1[cuda1,share=0.2947,tput=5.49]
epoch 95: eval=0.7713
epoch 96: loss=0.473013, train_acc=0.8369, time=9.6s
per-rank: rank0[cuda0,share=0.4095,tput=3.05] rank2[cuda2,share=0.2962,tput=2.47] rank1[cuda1,share=0.2942,tput=4.07]
epoch 96: eval=0.7921
epoch 97: loss=0.470879, train_acc=0.8397, time=8.7s
per-rank: rank0[cuda0,share=0.4110,tput=2.81] rank1[cuda1,share=0.2951,tput=5.85] rank2[cuda2,share=0.2939,tput=2.24]
epoch 97: eval=0.7906
epoch 98: loss=0.462529, train_acc=0.8414, time=11.0s
per-rank: rank0[cuda0,share=0.4113,tput=2.25] rank1[cuda1,share=0.2981,tput=3.66] rank2[cuda2,share=0.2906,tput=5.09]
epoch 98: eval=0.7982
epoch 99: loss=0.460867, train_acc=0.8417, time=9.8s
per-rank: rank0[cuda0,share=0.4114,tput=2.59] rank1[cuda1,share=0.2997,tput=2.41] rank2[cuda2,share=0.2889,tput=4.51]
epoch 99: eval=0.7819
epoch 100: loss=0.409349, train_acc=0.8594, time=11.5s
per-rank: rank0[cuda0,share=0.4116,tput=2.15] rank1[cuda1,share=0.3001,tput=3.65] rank2[cuda2,share=0.2883,tput=5.51]
epoch 100: eval=0.8895
epoch 101: loss=0.266302, train_acc=0.9087, time=10.6s
per-rank: rank0[cuda0,share=0.4134,tput=2.19] rank1[cuda1,share=0.2998,tput=3.39] rank2[cuda2,share=0.2869,tput=3.80]
epoch 101: eval=0.8980
epoch 102: loss=0.239907, train_acc=0.9179, time=9.0s
per-rank: rank0[cuda0,share=0.4132,tput=2.98] rank1[cuda1,share=0.2996,tput=2.96] rank2[cuda2,share=0.2872,tput=3.43]
epoch 102: eval=0.8969
epoch 103: loss=0.233663, train_acc=0.9193, time=10.6s
per-rank: rank0[cuda0,share=0.4128,tput=2.30] rank1[cuda1,share=0.2993,tput=3.77] rank2[cuda2,share=0.2879,tput=5.30]
epoch 103: eval=0.8977
epoch 104: loss=0.224633, train_acc=0.9239, time=9.9s
per-rank: rank0[cuda0,share=0.4109,tput=2.99] rank1[cuda1,share=0.3000,tput=2.49] rank2[cuda2,share=0.2892,tput=4.08]
epoch 104: eval=0.9001
epoch 105: loss=0.216644, train_acc=0.9247, time=8.9s
per-rank: rank0[cuda0,share=0.4087,tput=2.66] rank1[cuda1,share=0.2999,tput=2.19] rank2[cuda2,share=0.2914,tput=6.09]
epoch 105: eval=0.9050
epoch 106: loss=0.208197, train_acc=0.9287, time=11.5s
per-rank: rank0[cuda0,share=0.4084,tput=2.17] rank1[cuda1,share=0.2991,tput=4.50] rank2[cuda2,share=0.2924,tput=4.77]
epoch 106: eval=0.9009
epoch 107: loss=0.204617, train_acc=0.9289, time=10.8s
per-rank: rank0[cuda0,share=0.4082,tput=2.16] rank1[cuda1,share=0.2983,tput=3.01] rank2[cuda2,share=0.2935,tput=4.12]
epoch 107: eval=0.9012
epoch 108: loss=0.202306, train_acc=0.9307, time=9.0s
per-rank: rank0[cuda0,share=0.4050,tput=3.36] rank1[cuda1,share=0.2995,tput=4.41] rank2[cuda2,share=0.2955,tput=2.08]
epoch 108: eval=0.9060
epoch 109: loss=0.198266, train_acc=0.9314, time=10.9s
per-rank: rank0[cuda0,share=0.4045,tput=2.18] rank1[cuda1,share=0.3000,tput=3.85] rank2[cuda2,share=0.2955,tput=5.16]
epoch 109: eval=0.9029
epoch 110: loss=0.195290, train_acc=0.9323, time=9.8s
per-rank: rank0[cuda0,share=0.4028,tput=2.79] rank1[cuda1,share=0.3011,tput=3.53] rank2[cuda2,share=0.2961,tput=3.05]
epoch 110: eval=0.9031
epoch 111: loss=0.191708, train_acc=0.9333, time=8.7s
per-rank: rank0[cuda0,share=0.4012,tput=3.75] rank1[cuda1,share=0.3032,tput=3.80] rank2[cuda2,share=0.2956,tput=2.32]
epoch 111: eval=0.8998
epoch 112: loss=0.187861, train_acc=0.9348, time=10.5s
per-rank: rank0[cuda0,share=0.3983,tput=2.27] rank1[cuda1,share=0.3059,tput=3.72] rank2[cuda2,share=0.2958,tput=5.06]
epoch 112: eval=0.9053
epoch 113: loss=0.183456, train_acc=0.9368, time=9.6s
per-rank: rank0[cuda0,share=0.3958,tput=3.36] rank1[cuda1,share=0.3081,tput=3.88] rank2[cuda2,share=0.2961,tput=2.58]
epoch 113: eval=0.9040
epoch 114: loss=0.184285, train_acc=0.9362, time=8.7s
per-rank: rank0[cuda0,share=0.3933,tput=4.08] rank1[cuda1,share=0.3105,tput=3.22] rank2[cuda2,share=0.2962,tput=2.43]
epoch 114: eval=0.9074
epoch 115: loss=0.180314, train_acc=0.9380, time=8.9s
per-rank: rank0[cuda0,share=0.3947,tput=2.57] rank1[cuda1,share=0.3099,tput=2.49] rank2[cuda2,share=0.2954,tput=6.10]
epoch 115: eval=0.9009
epoch 116: loss=0.179814, train_acc=0.9363, time=8.8s
per-rank: rank0[cuda0,share=0.3995,tput=3.37] rank1[cuda1,share=0.3066,tput=2.53] rank2[cuda2,share=0.2939,tput=3.70]
epoch 116: eval=0.9067
epoch 117: loss=0.175621, train_acc=0.9396, time=11.1s
per-rank: rank0[cuda0,share=0.4026,tput=2.25] rank1[cuda1,share=0.3023,tput=4.01] rank2[cuda2,share=0.2951,tput=5.05]
epoch 117: eval=0.9030
epoch 118: loss=0.170456, train_acc=0.9414, time=10.0s
per-rank: rank0[cuda0,share=0.4029,tput=2.65] rank1[cuda1,share=0.3012,tput=2.62] rank2[cuda2,share=0.2959,tput=4.30]
epoch 118: eval=0.9068
epoch 119: loss=0.170928, train_acc=0.9406, time=8.7s
per-rank: rank0[cuda0,share=0.4046,tput=4.03] rank1[cuda1,share=0.2991,tput=3.20] rank2[cuda2,share=0.2963,tput=2.54]
epoch 119: eval=0.9031
epoch 120: loss=0.165716, train_acc=0.9422, time=11.5s
per-rank: rank0[cuda0,share=0.4093,tput=2.14] rank2[cuda2,share=0.2969,tput=5.20] rank1[cuda1,share=0.2938,tput=4.00]
epoch 120: eval=0.9070
epoch 121: loss=0.166378, train_acc=0.9422, time=10.3s
per-rank: rank0[cuda0,share=0.4096,tput=2.24] rank2[cuda2,share=0.2981,tput=3.80] rank1[cuda1,share=0.2923,tput=3.33]
epoch 121: eval=0.9055
epoch 122: loss=0.162214, train_acc=0.9438, time=8.9s
per-rank: rank0[cuda0,share=0.4086,tput=3.51] rank2[cuda2,share=0.3000,tput=2.43] rank1[cuda1,share=0.2914,tput=3.32]
epoch 122: eval=0.8961
epoch 123: loss=0.163108, train_acc=0.9423, time=9.0s
per-rank: rank0[cuda0,share=0.4059,tput=2.38] rank2[cuda2,share=0.3004,tput=2.32] rank1[cuda1,share=0.2937,tput=5.60]
epoch 123: eval=0.9031
epoch 124: loss=0.160139, train_acc=0.9438, time=8.8s
per-rank: rank0[cuda0,share=0.4074,tput=3.49] rank2[cuda2,share=0.2985,tput=3.55] rank1[cuda1,share=0.2940,tput=2.56]
epoch 124: eval=0.9073
epoch 125: loss=0.161145, train_acc=0.9452, time=10.4s
per-rank: rank0[cuda0,share=0.4069,tput=2.35] rank2[cuda2,share=0.2984,tput=3.83] rank1[cuda1,share=0.2947,tput=4.72]
epoch 125: eval=0.9050
epoch 126: loss=0.161551, train_acc=0.9441, time=9.7s
per-rank: rank0[cuda0,share=0.4087,tput=2.97] rank2[cuda2,share=0.2967,tput=3.59] rank1[cuda1,share=0.2946,tput=2.62]
epoch 126: eval=0.9103
epoch 127: loss=0.155843, train_acc=0.9467, time=11.1s
per-rank: rank0[cuda0,share=0.4122,tput=2.25] rank2[cuda2,share=0.2941,tput=4.33] rank1[cuda1,share=0.2938,tput=4.20]
epoch 127: eval=0.9056
epoch 128: loss=0.153981, train_acc=0.9467, time=10.2s
per-rank: rank0[cuda0,share=0.4122,tput=2.11] rank2[cuda2,share=0.2945,tput=3.95] rank1[cuda1,share=0.2933,tput=3.39]
epoch 128: eval=0.9001
epoch 129: loss=0.156825, train_acc=0.9444, time=8.9s
per-rank: rank0[cuda0,share=0.4124,tput=3.30] rank1[cuda1,share=0.2938,tput=3.72] rank2[cuda2,share=0.2938,tput=2.59]
epoch 129: eval=0.9072
epoch 130: loss=0.154897, train_acc=0.9463, time=10.2s
per-rank: rank0[cuda0,share=0.4097,tput=2.36] rank2[cuda2,share=0.2956,tput=3.87] rank1[cuda1,share=0.2947,tput=4.80]
epoch 130: eval=0.9022
epoch 131: loss=0.150455, train_acc=0.9479, time=9.7s
per-rank: rank0[cuda0,share=0.4070,tput=3.22] rank2[cuda2,share=0.2966,tput=2.44] rank1[cuda1,share=0.2963,tput=3.69]
epoch 131: eval=0.9030
epoch 132: loss=0.150966, train_acc=0.9461, time=8.8s
per-rank: rank0[cuda0,share=0.4059,tput=2.38] rank2[cuda2,share=0.2979,tput=2.46] rank1[cuda1,share=0.2962,tput=7.20]
epoch 132: eval=0.8979
epoch 133: loss=0.151425, train_acc=0.9466, time=11.1s
per-rank: rank0[cuda0,share=0.4081,tput=2.24] rank2[cuda2,share=0.2978,tput=4.63] rank1[cuda1,share=0.2941,tput=4.23]
epoch 133: eval=0.9028
epoch 134: loss=0.150328, train_acc=0.9477, time=10.0s
per-rank: rank0[cuda0,share=0.4096,tput=2.28] rank2[cuda2,share=0.2974,tput=3.05] rank1[cuda1,share=0.2930,tput=3.85]
epoch 134: eval=0.9018
epoch 135: loss=0.149550, train_acc=0.9477, time=8.8s
per-rank: rank0[cuda0,share=0.4140,tput=2.41] rank2[cuda2,share=0.2965,tput=6.84] rank1[cuda1,share=0.2895,tput=2.39]
epoch 135: eval=0.9071
epoch 136: loss=0.148572, train_acc=0.9484, time=10.3s
per-rank: rank0[cuda0,share=0.4153,tput=2.32] rank2[cuda2,share=0.2974,tput=3.73] rank1[cuda1,share=0.2873,tput=4.84]
epoch 136: eval=0.8993
epoch 137: loss=0.142701, train_acc=0.9500, time=9.6s
per-rank: rank0[cuda0,share=0.4148,tput=3.03] rank2[cuda2,share=0.2981,tput=3.89] rank1[cuda1,share=0.2870,tput=2.55]
epoch 137: eval=0.9018
epoch 138: loss=0.143033, train_acc=0.9501, time=8.8s
per-rank: rank0[cuda0,share=0.4128,tput=3.22] rank2[cuda2,share=0.3008,tput=2.67] rank1[cuda1,share=0.2864,tput=3.59]
epoch 138: eval=0.9076
epoch 139: loss=0.138727, train_acc=0.9506, time=8.8s
per-rank: rank0[cuda0,share=0.4103,tput=3.46] rank2[cuda2,share=0.3027,tput=3.23] rank1[cuda1,share=0.2870,tput=2.75]
epoch 139: eval=0.8905
epoch 140: loss=0.142083, train_acc=0.9497, time=8.7s
per-rank: rank0[cuda0,share=0.4041,tput=3.12] rank2[cuda2,share=0.3017,tput=3.40] rank1[cuda1,share=0.2942,tput=2.95]
epoch 140: eval=0.9048
epoch 141: loss=0.139978, train_acc=0.9513, time=8.7s
per-rank: rank0[cuda0,share=0.3977,tput=2.84] rank1[cuda1,share=0.3026,tput=6.22] rank2[cuda2,share=0.2996,tput=2.19]
epoch 141: eval=0.9048
epoch 142: loss=0.141256, train_acc=0.9508, time=8.8s
per-rank: rank0[cuda0,share=0.3977,tput=2.33] rank1[cuda1,share=0.3062,tput=6.26] rank2[cuda2,share=0.2961,tput=2.37]
epoch 142: eval=0.9035
epoch 143: loss=0.142220, train_acc=0.9489, time=8.7s
per-rank: rank0[cuda0,share=0.4030,tput=4.38] rank1[cuda1,share=0.3073,tput=4.61] rank2[cuda2,share=0.2897,tput=2.54]
epoch 143: eval=0.9011
epoch 144: loss=0.138602, train_acc=0.9513, time=8.8s
per-rank: rank0[cuda0,share=0.4081,tput=2.36] rank1[cuda1,share=0.3044,tput=2.67] rank2[cuda2,share=0.2875,tput=5.73]
epoch 144: eval=0.9057
epoch 145: loss=0.138114, train_acc=0.9497, time=8.8s
per-rank: rank0[cuda0,share=0.4055,tput=3.55] rank1[cuda1,share=0.3045,tput=2.56] rank2[cuda2,share=0.2899,tput=3.52]
epoch 145: eval=0.9031
epoch 146: loss=0.136566, train_acc=0.9515, time=11.0s
per-rank: rank0[cuda0,share=0.3964,tput=2.09] rank1[cuda1,share=0.3080,tput=3.60] rank2[cuda2,share=0.2956,tput=5.03]
epoch 146: eval=0.9098
epoch 147: loss=0.130940, train_acc=0.9540, time=9.8s
per-rank: rank0[cuda0,share=0.3886,tput=2.56] rank1[cuda1,share=0.3133,tput=4.51] rank2[cuda2,share=0.2982,tput=2.61]
epoch 147: eval=0.9104
epoch 148: loss=0.131940, train_acc=0.9531, time=8.8s
per-rank: rank0[cuda0,share=0.3914,tput=3.92] rank1[cuda1,share=0.3136,tput=2.44] rank2[cuda2,share=0.2950,tput=3.30]
epoch 148: eval=0.9047
epoch 149: loss=0.127255, train_acc=0.9556, time=10.9s
per-rank: rank0[cuda0,share=0.4056,tput=2.27] rank1[cuda1,share=0.3028,tput=4.71] rank2[cuda2,share=0.2916,tput=3.94]
epoch 149: eval=0.9140
epoch 150: loss=0.099795, train_acc=0.9660, time=9.8s
per-rank: rank0[cuda0,share=0.4079,tput=2.67] rank1[cuda1,share=0.2986,tput=3.99] rank2[cuda2,share=0.2935,tput=2.92]
epoch 150: eval=0.9173
epoch 151: loss=0.090244, train_acc=0.9697, time=11.2s
per-rank: rank0[cuda0,share=0.4092,tput=2.18] rank1[cuda1,share=0.2962,tput=5.25] rank2[cuda2,share=0.2946,tput=3.77]
epoch 151: eval=0.9178
epoch 152: loss=0.087412, train_acc=0.9711, time=10.2s
per-rank: rank0[cuda0,share=0.4101,tput=2.39] rank2[cuda2,share=0.2953,tput=4.08] rank1[cuda1,share=0.2946,tput=2.70]
epoch 152: eval=0.9189
epoch 153: loss=0.086422, train_acc=0.9708, time=8.7s
per-rank: rank0[cuda0,share=0.4099,tput=2.59] rank2[cuda2,share=0.2960,tput=2.50] rank1[cuda1,share=0.2941,tput=5.36]
epoch 153: eval=0.9177
epoch 154: loss=0.083833, train_acc=0.9722, time=8.5s
per-rank: rank0[cuda0,share=0.4098,tput=3.44] rank2[cuda2,share=0.2966,tput=3.56] rank1[cuda1,share=0.2936,tput=2.69]
epoch 154: eval=0.9190
epoch 155: loss=0.083234, train_acc=0.9727, time=8.8s
per-rank: rank0[cuda0,share=0.4093,tput=3.57] rank2[cuda2,share=0.2968,tput=3.49] rank1[cuda1,share=0.2939,tput=2.50]
epoch 155: eval=0.9178
epoch 156: loss=0.081169, train_acc=0.9733, time=8.7s
per-rank: rank0[cuda0,share=0.4093,tput=3.40] rank2[cuda2,share=0.2968,tput=3.61] rank1[cuda1,share=0.2939,tput=2.59]
epoch 156: eval=0.9156
epoch 157: loss=0.078926, train_acc=0.9736, time=10.9s
per-rank: rank0[cuda0,share=0.4090,tput=2.21] rank2[cuda2,share=0.2971,tput=4.97] rank1[cuda1,share=0.2939,tput=3.91]
epoch 157: eval=0.9171
epoch 158: loss=0.081945, train_acc=0.9722, time=9.8s
per-rank: rank0[cuda0,share=0.4090,tput=2.35] rank2[cuda2,share=0.2971,tput=2.79] rank1[cuda1,share=0.2939,tput=4.14]
epoch 158: eval=0.9168
epoch 159: loss=0.078992, train_acc=0.9731, time=11.7s
per-rank: rank0[cuda0,share=0.4070,tput=2.08] rank2[cuda2,share=0.2981,tput=5.31] rank1[cuda1,share=0.2950,tput=4.01]
epoch 159: eval=0.9184
epoch 160: loss=0.079140, train_acc=0.9737, time=10.2s
per-rank: rank0[cuda0,share=0.4053,tput=2.35] rank2[cuda2,share=0.2989,tput=3.72] rank1[cuda1,share=0.2959,tput=3.24]
epoch 160: eval=0.9172
epoch 161: loss=0.079044, train_acc=0.9735, time=8.8s
per-rank: rank0[cuda0,share=0.4039,tput=3.91] rank2[cuda2,share=0.2986,tput=3.20] rank1[cuda1,share=0.2975,tput=2.39]
epoch 161: eval=0.9176
epoch 162: loss=0.076512, train_acc=0.9744, time=8.9s
per-rank: rank0[cuda0,share=0.4026,tput=2.29] rank1[cuda1,share=0.2991,tput=5.54] rank2[cuda2,share=0.2982,tput=2.61]
epoch 162: eval=0.9178
epoch 163: loss=0.078429, train_acc=0.9734, time=8.9s
per-rank: rank0[cuda0,share=0.4013,tput=3.60] rank1[cuda1,share=0.3008,tput=3.38] rank2[cuda2,share=0.2979,tput=2.49]
epoch 163: eval=0.9174
epoch 164: loss=0.076463, train_acc=0.9744, time=8.8s
per-rank: rank0[cuda0,share=0.4007,tput=2.62] rank1[cuda1,share=0.3012,tput=2.36] rank2[cuda2,share=0.2981,tput=6.53]
epoch 164: eval=0.9174
epoch 165: loss=0.074006, train_acc=0.9755, time=8.7s
per-rank: rank0[cuda0,share=0.4000,tput=3.69] rank1[cuda1,share=0.3017,tput=3.90] rank2[cuda2,share=0.2983,tput=2.17]
epoch 165: eval=0.9194
epoch 166: loss=0.074309, train_acc=0.9756, time=8.7s
per-rank: rank0[cuda0,share=0.3993,tput=4.13] rank1[cuda1,share=0.3022,tput=2.76] rank2[cuda2,share=0.2985,tput=2.95]
epoch 166: eval=0.9194
epoch 167: loss=0.074886, train_acc=0.9750, time=10.3s
per-rank: rank0[cuda0,share=0.3987,tput=2.38] rank1[cuda1,share=0.3027,tput=4.06] rank2[cuda2,share=0.2986,tput=4.65]
epoch 167: eval=0.9180
epoch 168: loss=0.071868, train_acc=0.9762, time=9.5s
per-rank: rank0[cuda0,share=0.3999,tput=3.49] rank1[cuda1,share=0.3022,tput=2.68] rank2[cuda2,share=0.2979,tput=3.25]
epoch 168: eval=0.9162
epoch 169: loss=0.072153, train_acc=0.9766, time=8.6s
per-rank: rank0[cuda0,share=0.3999,tput=2.66] rank1[cuda1,share=0.3022,tput=7.79] rank2[cuda2,share=0.2979,tput=1.95]
epoch 169: eval=0.9158
epoch 170: loss=0.072797, train_acc=0.9755, time=11.1s
per-rank: rank0[cuda0,share=0.4039,tput=2.29] rank1[cuda1,share=0.3027,tput=4.44] rank2[cuda2,share=0.2934,tput=4.24]
epoch 170: eval=0.9176
epoch 171: loss=0.070671, train_acc=0.9765, time=10.0s
per-rank: rank0[cuda0,share=0.4039,tput=2.39] rank1[cuda1,share=0.3027,tput=3.12] rank2[cuda2,share=0.2934,tput=3.78]
epoch 171: eval=0.9157
epoch 172: loss=0.070696, train_acc=0.9764, time=11.3s
per-rank: rank0[cuda0,share=0.4061,tput=2.16] rank1[cuda1,share=0.3026,tput=3.87] rank2[cuda2,share=0.2912,tput=5.62]
epoch 172: eval=0.9172
epoch 173: loss=0.071066, train_acc=0.9757, time=10.2s
per-rank: rank0[cuda0,share=0.4084,tput=2.43] rank1[cuda1,share=0.3026,tput=4.43] rank2[cuda2,share=0.2890,tput=2.60]
epoch 173: eval=0.9168
epoch 174: loss=0.071972, train_acc=0.9757, time=10.7s
per-rank: rank0[cuda0,share=0.4106,tput=2.35] rank1[cuda1,share=0.3026,tput=3.67] rank2[cuda2,share=0.2868,tput=5.35]
epoch 174: eval=0.9183
epoch 175: loss=0.070381, train_acc=0.9760, time=9.9s
per-rank: rank0[cuda0,share=0.4122,tput=2.77] rank1[cuda1,share=0.3036,tput=3.61] rank2[cuda2,share=0.2842,tput=2.72]
epoch 175: eval=0.9178
epoch 176: loss=0.069124, train_acc=0.9767, time=8.8s
per-rank: rank0[cuda0,share=0.4122,tput=2.83] rank1[cuda1,share=0.3036,tput=3.45] rank2[cuda2,share=0.2842,tput=2.94]
epoch 176: eval=0.9174
epoch 177: loss=0.068938, train_acc=0.9772, time=11.4s
per-rank: rank0[cuda0,share=0.4124,tput=2.19] rank1[cuda1,share=0.3049,tput=3.88] rank2[cuda2,share=0.2827,tput=5.64]
epoch 177: eval=0.9185
epoch 178: loss=0.068331, train_acc=0.9771, time=10.2s
per-rank: rank0[cuda0,share=0.4124,tput=2.21] rank1[cuda1,share=0.3049,tput=4.00] rank2[cuda2,share=0.2827,tput=3.02]
epoch 178: eval=0.9170
epoch 179: loss=0.069292, train_acc=0.9765, time=11.9s
per-rank: rank0[cuda0,share=0.4088,tput=2.03] rank1[cuda1,share=0.3082,tput=4.21] rank2[cuda2,share=0.2830,tput=4.81]
epoch 179: eval=0.9184
epoch 180: loss=0.066905, train_acc=0.9767, time=10.8s
per-rank: rank0[cuda0,share=0.4088,tput=2.02] rank1[cuda1,share=0.3082,tput=4.32] rank2[cuda2,share=0.2830,tput=2.97]
epoch 180: eval=0.9177
epoch 181: loss=0.070678, train_acc=0.9762, time=9.0s
per-rank: rank0[cuda0,share=0.4052,tput=3.01] rank1[cuda1,share=0.3090,tput=2.48] rank2[cuda2,share=0.2858,tput=4.07]
epoch 181: eval=0.9192
epoch 182: loss=0.066669, train_acc=0.9781, time=10.0s
per-rank: rank0[cuda0,share=0.4015,tput=2.24] rank1[cuda1,share=0.3098,tput=5.02] rank2[cuda2,share=0.2887,tput=3.54]
epoch 182: eval=0.9180
epoch 183: loss=0.067518, train_acc=0.9781, time=9.4s
per-rank: rank0[cuda0,share=0.3975,tput=4.12] rank1[cuda1,share=0.3106,tput=2.48] rank2[cuda2,share=0.2918,tput=3.33]
epoch 183: eval=0.9176
epoch 184: loss=0.065773, train_acc=0.9779, time=9.8s
per-rank: rank0[cuda0,share=0.3914,tput=2.37] rank1[cuda1,share=0.3113,tput=3.79] rank2[cuda2,share=0.2974,tput=4.75]
epoch 184: eval=0.9172
epoch 185: loss=0.066566, train_acc=0.9777, time=9.5s
per-rank: rank0[cuda0,share=0.3908,tput=3.63] rank1[cuda1,share=0.3103,tput=2.35] rank2[cuda2,share=0.2990,tput=3.50]
epoch 185: eval=0.9168
epoch 186: loss=0.064623, train_acc=0.9786, time=8.8s
per-rank: rank0[cuda0,share=0.3933,tput=3.64] rank1[cuda1,share=0.3090,tput=3.31] rank2[cuda2,share=0.2977,tput=2.41]
epoch 186: eval=0.9169
epoch 187: loss=0.066331, train_acc=0.9775, time=10.3s
per-rank: rank0[cuda0,share=0.3959,tput=2.47] rank1[cuda1,share=0.3077,tput=4.84] rank2[cuda2,share=0.2964,tput=3.81]
epoch 187: eval=0.9171
epoch 188: loss=0.065348, train_acc=0.9778, time=9.5s
per-rank: rank0[cuda0,share=0.3984,tput=2.74] rank1[cuda1,share=0.3065,tput=2.90] rank2[cuda2,share=0.2951,tput=3.76]
epoch 188: eval=0.9178
epoch 189: loss=0.066207, train_acc=0.9774, time=8.7s
per-rank: rank0[cuda0,share=0.3984,tput=3.25] rank1[cuda1,share=0.3065,tput=3.80] rank2[cuda2,share=0.2951,tput=2.33]
epoch 189: eval=0.9181
epoch 190: loss=0.065311, train_acc=0.9781, time=11.3s
per-rank: rank0[cuda0,share=0.4073,tput=2.24] rank1[cuda1,share=0.3012,tput=3.67] rank2[cuda2,share=0.2915,tput=5.37]
epoch 190: eval=0.9187
epoch 191: loss=0.066515, train_acc=0.9774, time=10.2s
per-rank: rank0[cuda0,share=0.4073,tput=2.27] rank1[cuda1,share=0.3012,tput=3.99] rank2[cuda2,share=0.2915,tput=3.03]
epoch 191: eval=0.9169
epoch 192: loss=0.062628, train_acc=0.9796, time=12.2s
per-rank: rank0[cuda0,share=0.4127,tput=2.05] rank1[cuda1,share=0.2992,tput=3.56] rank2[cuda2,share=0.2881,tput=5.49]
epoch 192: eval=0.9180
epoch 193: loss=0.065332, train_acc=0.9782, time=10.5s
per-rank: rank0[cuda0,share=0.4127,tput=2.33] rank1[cuda1,share=0.2992,tput=3.39] rank2[cuda2,share=0.2881,tput=3.56]
epoch 193: eval=0.9167
epoch 194: loss=0.064377, train_acc=0.9789, time=10.3s
per-rank: rank0[cuda0,share=0.4142,tput=2.30] rank1[cuda1,share=0.2983,tput=3.67] rank2[cuda2,share=0.2875,tput=4.81]
epoch 194: eval=0.9170
epoch 195: loss=0.064909, train_acc=0.9779, time=9.7s
per-rank: rank0[cuda0,share=0.4124,tput=2.90] rank1[cuda1,share=0.2992,tput=2.64] rank2[cuda2,share=0.2884,tput=3.49]
epoch 195: eval=0.9175
epoch 196: loss=0.063906, train_acc=0.9788, time=8.7s
per-rank: rank0[cuda0,share=0.4092,tput=3.04] rank1[cuda1,share=0.3008,tput=5.60] rank2[cuda2,share=0.2901,tput=2.27]
epoch 196: eval=0.9163
epoch 197: loss=0.063746, train_acc=0.9787, time=8.8s
per-rank: rank0[cuda0,share=0.4072,tput=2.54] rank1[cuda1,share=0.3017,tput=2.41] rank2[cuda2,share=0.2911,tput=5.59]
epoch 197: eval=0.9187
epoch 198: loss=0.061790, train_acc=0.9796, time=8.9s
per-rank: rank0[cuda0,share=0.4052,tput=4.55] rank1[cuda1,share=0.3027,tput=2.41] rank2[cuda2,share=0.2921,tput=3.95]
epoch 198: eval=0.9171
epoch 199: loss=0.062863, train_acc=0.9787, time=8.7s
per-rank: rank0[cuda0,share=0.4047,tput=2.79] rank1[cuda1,share=0.3028,tput=5.61] rank2[cuda2,share=0.2925,tput=2.36]
final eval=0.9183
# total: 1739.9s (28m 60s)
