# gpu0: NVIDIA GeForce RTX 5060 Ti (15GB, sm_120)
# gpu1: NVIDIA GeForce GTX 1060 6GB (5GB, sm_61)
# gpu2: NVIDIA GeForce GTX 1060 6GB (5GB, sm_61)
epoch 0: loss=2.006865, train_acc=0.2446, time=10.0s
per-rank: rank0[cuda0,share=0.4028,tput=2.76] rank2[cuda2,share=0.3141,tput=4.53] rank1[cuda1,share=0.2831,tput=2.56]
epoch 0: eval=0.2821
epoch 1: loss=1.685269, train_acc=0.3713, time=12.8s
per-rank: rank0[cuda0,share=0.3862,tput=1.99] rank1[cuda1,share=0.3084,tput=3.60] rank2[cuda2,share=0.3054,tput=4.67]
epoch 1: eval=0.4602
epoch 2: loss=1.501710, train_acc=0.4464, time=11.5s
per-rank: rank0[cuda0,share=0.3926,tput=2.54] rank1[cuda1,share=0.3079,tput=3.49] rank2[cuda2,share=0.2995,tput=2.35]
epoch 2: eval=0.5097
epoch 3: loss=1.305766, train_acc=0.5257, time=9.8s
per-rank: rank0[cuda0,share=0.4237,tput=2.37] rank1[cuda1,share=0.2891,tput=2.40] rank2[cuda2,share=0.2873,tput=4.77]
epoch 3: eval=0.5430
epoch 4: loss=1.168436, train_acc=0.5831, time=12.4s
per-rank: rank0[cuda0,share=0.4228,tput=2.09] rank2[cuda2,share=0.2972,tput=3.76] rank1[cuda1,share=0.2800,tput=4.64]
epoch 4: eval=0.5879
epoch 5: loss=1.046898, train_acc=0.6303, time=11.1s
per-rank: rank0[cuda0,share=0.4079,tput=2.24] rank2[cuda2,share=0.3061,tput=2.75] rank1[cuda1,share=0.2860,tput=3.78]
epoch 5: eval=0.5988
epoch 6: loss=0.941698, train_acc=0.6699, time=9.6s
per-rank: rank0[cuda0,share=0.4135,tput=3.69] rank1[cuda1,share=0.2960,tput=3.60] rank2[cuda2,share=0.2905,tput=1.96]
epoch 6: eval=0.5877
epoch 7: loss=0.873553, train_acc=0.6921, time=10.2s
per-rank: rank0[cuda0,share=0.4063,tput=1.95] rank1[cuda1,share=0.3019,tput=6.36] rank2[cuda2,share=0.2918,tput=2.40]
epoch 7: eval=0.6915
epoch 8: loss=0.821269, train_acc=0.7146, time=10.0s
per-rank: rank0[cuda0,share=0.3840,tput=2.33] rank2[cuda2,share=0.3118,tput=2.55] rank1[cuda1,share=0.3042,tput=3.66]
epoch 8: eval=0.7011
epoch 9: loss=0.769896, train_acc=0.7318, time=9.9s
per-rank: rank0[cuda0,share=0.3666,tput=3.67] rank2[cuda2,share=0.3228,tput=2.01] rank1[cuda1,share=0.3106,tput=3.32]
epoch 9: eval=0.7403
epoch 10: loss=0.736831, train_acc=0.7446, time=13.2s
per-rank: rank0[cuda0,share=0.3817,tput=1.87] rank1[cuda1,share=0.3216,tput=3.77] rank2[cuda2,share=0.2967,tput=3.97]
epoch 10: eval=0.7388
epoch 11: loss=0.709619, train_acc=0.7531, time=11.2s
per-rank: rank0[cuda0,share=0.3650,tput=2.18] rank1[cuda1,share=0.3225,tput=3.61] rank2[cuda2,share=0.3125,tput=2.77]
epoch 11: eval=0.7544
epoch 12: loss=0.685595, train_acc=0.7639, time=9.9s
per-rank: rank0[cuda0,share=0.3695,tput=3.02] rank1[cuda1,share=0.3206,tput=4.49] rank2[cuda2,share=0.3099,tput=2.20]
epoch 12: eval=0.7351
epoch 13: loss=0.677004, train_acc=0.7655, time=9.7s
per-rank: rank0[cuda0,share=0.3854,tput=2.96] rank2[cuda2,share=0.3104,tput=2.18] rank1[cuda1,share=0.3042,tput=4.39]
epoch 13: eval=0.7475
epoch 14: loss=0.661024, train_acc=0.7727, time=12.0s
per-rank: rank0[cuda0,share=0.4230,tput=2.14] rank1[cuda1,share=0.2924,tput=5.61] rank2[cuda2,share=0.2846,tput=3.04]
epoch 14: eval=0.7134
epoch 15: loss=0.638599, train_acc=0.7793, time=11.2s
per-rank: rank0[cuda0,share=0.4221,tput=2.33] rank1[cuda1,share=0.2931,tput=3.37] rank2[cuda2,share=0.2848,tput=2.76]
epoch 15: eval=0.7477
epoch 16: loss=0.624831, train_acc=0.7874, time=9.8s
per-rank: rank0[cuda0,share=0.4320,tput=4.26] rank2[cuda2,share=0.2902,tput=2.79] rank1[cuda1,share=0.2778,tput=2.28]
epoch 16: eval=0.7502
epoch 17: loss=0.619103, train_acc=0.7853, time=12.7s
per-rank: rank0[cuda0,share=0.4308,tput=2.13] rank2[cuda2,share=0.2902,tput=3.89] rank1[cuda1,share=0.2789,tput=4.33]
epoch 17: eval=0.7652
epoch 18: loss=0.591205, train_acc=0.7948, time=12.4s
per-rank: rank0[cuda0,share=0.4112,tput=1.89] rank2[cuda2,share=0.2967,tput=2.64] rank1[cuda1,share=0.2921,tput=3.65]
epoch 18: eval=0.6994
epoch 19: loss=0.635275, train_acc=0.7795, time=9.9s
per-rank: rank0[cuda0,share=0.4021,tput=3.54] rank2[cuda2,share=0.3017,tput=3.33] rank1[cuda1,share=0.2962,tput=2.16]
epoch 19: eval=0.6657
epoch 20: loss=0.629788, train_acc=0.7829, time=11.6s
per-rank: rank0[cuda0,share=0.4013,tput=2.05] rank2[cuda2,share=0.3028,tput=4.77] rank1[cuda1,share=0.2959,tput=3.19]
epoch 20: eval=0.7873
epoch 21: loss=0.621943, train_acc=0.7876, time=10.7s
per-rank: rank0[cuda0,share=0.4013,tput=2.40] rank2[cuda2,share=0.3028,tput=3.34] rank1[cuda1,share=0.2959,tput=2.67]
epoch 21: eval=0.7679
epoch 22: loss=0.607283, train_acc=0.7894, time=9.7s
per-rank: rank0[cuda0,share=0.4029,tput=2.04] rank2[cuda2,share=0.3023,tput=2.30] rank1[cuda1,share=0.2948,tput=5.67]
epoch 22: eval=0.7397
epoch 23: loss=0.603340, train_acc=0.7920, time=9.5s
per-rank: rank0[cuda0,share=0.4039,tput=3.38] rank2[cuda2,share=0.3020,tput=2.16] rank1[cuda1,share=0.2941,tput=3.32]
epoch 23: eval=0.7532
epoch 24: loss=0.598378, train_acc=0.7943, time=11.8s
per-rank: rank0[cuda0,share=0.4051,tput=2.07] rank2[cuda2,share=0.3015,tput=3.46] rank1[cuda1,share=0.2934,tput=4.25]
epoch 24: eval=0.7020
epoch 25: loss=0.593222, train_acc=0.7970, time=10.8s
per-rank: rank0[cuda0,share=0.4053,tput=2.33] rank2[cuda2,share=0.3003,tput=3.11] rank1[cuda1,share=0.2945,tput=2.91]
epoch 25: eval=0.8024
epoch 26: loss=0.591187, train_acc=0.7950, time=11.6s
per-rank: rank0[cuda0,share=0.4057,tput=2.12] rank2[cuda2,share=0.2991,tput=3.39] rank1[cuda1,share=0.2952,tput=4.71]
epoch 26: eval=0.7653
epoch 27: loss=0.571687, train_acc=0.8033, time=10.7s
per-rank: rank0[cuda0,share=0.4061,tput=2.43] rank2[cuda2,share=0.2982,tput=3.71] rank1[cuda1,share=0.2957,tput=2.36]
epoch 27: eval=0.7844
epoch 28: loss=0.571732, train_acc=0.8039, time=9.7s
per-rank: rank0[cuda0,share=0.4066,tput=3.75] rank2[cuda2,share=0.2973,tput=3.31] rank1[cuda1,share=0.2961,tput=1.98]
epoch 28: eval=0.7723
epoch 29: loss=0.577903, train_acc=0.7999, time=11.2s
per-rank: rank0[cuda0,share=0.4080,tput=2.20] rank1[cuda1,share=0.2964,tput=4.93] rank2[cuda2,share=0.2956,tput=3.15]
epoch 29: eval=0.7505
epoch 30: loss=0.567033, train_acc=0.8047, time=10.2s
per-rank: rank0[cuda0,share=0.4100,tput=2.93] rank1[cuda1,share=0.2955,tput=2.60] rank2[cuda2,share=0.2945,tput=3.15]
epoch 30: eval=0.7895
epoch 31: loss=0.558094, train_acc=0.8087, time=11.4s
per-rank: rank0[cuda0,share=0.4102,tput=2.16] rank1[cuda1,share=0.2956,tput=4.81] rank2[cuda2,share=0.2942,tput=3.29]
epoch 31: eval=0.8085
epoch 32: loss=0.566314, train_acc=0.8051, time=10.2s
per-rank: rank0[cuda0,share=0.4103,tput=2.81] rank1[cuda1,share=0.2957,tput=2.33] rank2[cuda2,share=0.2940,tput=3.38]
epoch 32: eval=0.8148
epoch 33: loss=0.556279, train_acc=0.8105, time=11.2s
per-rank: rank0[cuda0,share=0.4112,tput=2.24] rank1[cuda1,share=0.2963,tput=5.29] rank2[cuda2,share=0.2925,tput=3.14]
epoch 33: eval=0.7777
epoch 34: loss=0.555793, train_acc=0.8085, time=10.3s
per-rank: rank0[cuda0,share=0.4112,tput=2.26] rank1[cuda1,share=0.2963,tput=2.69] rank2[cuda2,share=0.2925,tput=3.28]
epoch 34: eval=0.7217
epoch 35: loss=0.550547, train_acc=0.8102, time=12.4s
per-rank: rank0[cuda0,share=0.4105,tput=2.01] rank1[cuda1,share=0.2978,tput=3.79] rank2[cuda2,share=0.2917,tput=4.58]
epoch 35: eval=0.8032
epoch 36: loss=0.550332, train_acc=0.8097, time=11.1s
per-rank: rank0[cuda0,share=0.4105,tput=2.25] rank1[cuda1,share=0.2978,tput=3.93] rank2[cuda2,share=0.2917,tput=2.28]
epoch 36: eval=0.7671
epoch 37: loss=0.538632, train_acc=0.8148, time=12.1s
per-rank: rank0[cuda0,share=0.4091,tput=1.98] rank1[cuda1,share=0.2988,tput=3.05] rank2[cuda2,share=0.2922,tput=5.05]
epoch 37: eval=0.7982
epoch 38: loss=0.546326, train_acc=0.8147, time=11.1s
per-rank: rank0[cuda0,share=0.4091,tput=2.34] rank1[cuda1,share=0.2988,tput=3.45] rank2[cuda2,share=0.2922,tput=2.75]
epoch 38: eval=0.8052
epoch 39: loss=0.533879, train_acc=0.8151, time=10.8s
per-rank: rank0[cuda0,share=0.4074,tput=2.17] rank1[cuda1,share=0.2998,tput=2.69] rank2[cuda2,share=0.2928,tput=5.14]
epoch 39: eval=0.7766
epoch 40: loss=0.541270, train_acc=0.8127, time=10.3s
per-rank: rank0[cuda0,share=0.4070,tput=2.56] rank1[cuda1,share=0.3002,tput=2.79] rank2[cuda2,share=0.2928,tput=3.07]
epoch 40: eval=0.7576
epoch 41: loss=0.527945, train_acc=0.8189, time=11.2s
per-rank: rank0[cuda0,share=0.4066,tput=2.20] rank1[cuda1,share=0.3005,tput=3.85] rank2[cuda2,share=0.2928,tput=4.11]
epoch 41: eval=0.8183
epoch 42: loss=0.532463, train_acc=0.8188, time=10.2s
per-rank: rank0[cuda0,share=0.4071,tput=2.72] rank1[cuda1,share=0.3016,tput=2.76] rank2[cuda2,share=0.2913,tput=2.91]
epoch 42: eval=0.7989
epoch 43: loss=0.529068, train_acc=0.8182, time=10.0s
per-rank: rank0[cuda0,share=0.4047,tput=2.64] rank1[cuda1,share=0.3031,tput=2.58] rank2[cuda2,share=0.2923,tput=3.21]
epoch 43: eval=0.8323
epoch 44: loss=0.517994, train_acc=0.8220, time=9.7s
per-rank: rank0[cuda0,share=0.4043,tput=3.32] rank1[cuda1,share=0.3049,tput=2.39] rank2[cuda2,share=0.2908,tput=2.99]
epoch 44: eval=0.8129
epoch 45: loss=0.539650, train_acc=0.8138, time=11.6s
per-rank: rank0[cuda0,share=0.4039,tput=2.08] rank1[cuda1,share=0.3068,tput=3.17] rank2[cuda2,share=0.2893,tput=4.88]
epoch 45: eval=0.7862
epoch 46: loss=0.516438, train_acc=0.8230, time=10.7s
per-rank: rank0[cuda0,share=0.4035,tput=2.48] rank1[cuda1,share=0.3086,tput=2.47] rank2[cuda2,share=0.2879,tput=3.67]
epoch 46: eval=0.7952
epoch 47: loss=0.526557, train_acc=0.8196, time=11.7s
per-rank: rank0[cuda0,share=0.4052,tput=2.06] rank1[cuda1,share=0.3085,tput=3.37] rank2[cuda2,share=0.2862,tput=4.78]
epoch 47: eval=0.7967
epoch 48: loss=0.516983, train_acc=0.8230, time=10.7s
per-rank: rank0[cuda0,share=0.4070,tput=2.72] rank1[cuda1,share=0.3084,tput=2.19] rank2[cuda2,share=0.2846,tput=3.81]
epoch 48: eval=0.8126
epoch 49: loss=0.520659, train_acc=0.8224, time=11.6s
per-rank: rank0[cuda0,share=0.4083,tput=2.10] rank1[cuda1,share=0.3076,tput=2.82] rank2[cuda2,share=0.2841,tput=5.41]
epoch 49: eval=0.7407
epoch 50: loss=0.517920, train_acc=0.8206, time=10.6s
per-rank: rank0[cuda0,share=0.4090,tput=2.09] rank1[cuda1,share=0.3079,tput=3.85] rank2[cuda2,share=0.2831,tput=2.58]
epoch 50: eval=0.7844
epoch 51: loss=0.518565, train_acc=0.8224, time=9.7s
per-rank: rank0[cuda0,share=0.4097,tput=2.73] rank1[cuda1,share=0.3081,tput=3.67] rank2[cuda2,share=0.2821,tput=2.23]
epoch 51: eval=0.8028
epoch 52: loss=0.521693, train_acc=0.8216, time=11.9s
per-rank: rank0[cuda0,share=0.4096,tput=2.08] rank1[cuda1,share=0.3078,tput=3.75] rank2[cuda2,share=0.2827,tput=3.97]
epoch 52: eval=0.7918
epoch 53: loss=0.510661, train_acc=0.8232, time=10.9s
per-rank: rank0[cuda0,share=0.4101,tput=2.14] rank1[cuda1,share=0.3070,tput=3.27] rank2[cuda2,share=0.2829,tput=2.80]
epoch 53: eval=0.7864
epoch 54: loss=0.508762, train_acc=0.8251, time=9.6s
per-rank: rank0[cuda0,share=0.4102,tput=2.53] rank1[cuda1,share=0.3051,tput=2.29] rank2[cuda2,share=0.2847,tput=5.02]
epoch 54: eval=0.7742
epoch 55: loss=0.513641, train_acc=0.8230, time=9.9s
per-rank: rank0[cuda0,share=0.4103,tput=2.19] rank1[cuda1,share=0.3031,tput=4.94] rank2[cuda2,share=0.2866,tput=2.39]
epoch 55: eval=0.7850
epoch 56: loss=0.518035, train_acc=0.8218, time=9.7s
per-rank: rank0[cuda0,share=0.4104,tput=2.93] rank1[cuda1,share=0.3012,tput=3.25] rank2[cuda2,share=0.2885,tput=2.39]
epoch 56: eval=0.7780
epoch 57: loss=0.508897, train_acc=0.8242, time=9.5s
per-rank: rank0[cuda0,share=0.4091,tput=2.29] rank1[cuda1,share=0.2996,tput=2.26] rank2[cuda2,share=0.2913,tput=5.50]
epoch 57: eval=0.7478
epoch 58: loss=0.501825, train_acc=0.8268, time=9.6s
per-rank: rank0[cuda0,share=0.4077,tput=3.46] rank1[cuda1,share=0.2981,tput=2.39] rank2[cuda2,share=0.2942,tput=2.84]
epoch 58: eval=0.7802
epoch 59: loss=0.509696, train_acc=0.8249, time=11.2s
per-rank: rank0[cuda0,share=0.4038,tput=2.15] rank1[cuda1,share=0.2983,tput=4.24] rank2[cuda2,share=0.2978,tput=3.35]
epoch 59: eval=0.7627
epoch 60: loss=0.497905, train_acc=0.8282, time=10.3s
per-rank: rank0[cuda0,share=0.4022,tput=3.26] rank2[cuda2,share=0.2991,tput=3.22] rank1[cuda1,share=0.2987,tput=2.28]
epoch 60: eval=0.8161
epoch 61: loss=0.497944, train_acc=0.8297, time=9.6s
per-rank: rank0[cuda0,share=0.4005,tput=2.54] rank2[cuda2,share=0.3004,tput=5.01] rank1[cuda1,share=0.2991,tput=2.30]
epoch 61: eval=0.7837
epoch 62: loss=0.499566, train_acc=0.8282, time=9.6s
per-rank: rank0[cuda0,share=0.4018,tput=3.21] rank2[cuda2,share=0.3002,tput=1.95] rank1[cuda1,share=0.2980,tput=3.76]
epoch 62: eval=0.6971
epoch 63: loss=0.498140, train_acc=0.8277, time=9.6s
per-rank: rank0[cuda0,share=0.4030,tput=3.79] rank2[cuda2,share=0.3001,tput=2.72] rank1[cuda1,share=0.2969,tput=2.66]
epoch 63: eval=0.8073
epoch 64: loss=0.495923, train_acc=0.8297, time=9.6s
per-rank: rank0[cuda0,share=0.4037,tput=2.02] rank2[cuda2,share=0.2994,tput=4.93] rank1[cuda1,share=0.2969,tput=2.65]
epoch 64: eval=0.7675
epoch 65: loss=0.500269, train_acc=0.8288, time=9.7s
per-rank: rank0[cuda0,share=0.4044,tput=3.63] rank2[cuda2,share=0.2988,tput=1.77] rank1[cuda1,share=0.2968,tput=3.66]
epoch 65: eval=0.7790
epoch 66: loss=0.492486, train_acc=0.8316, time=9.5s
per-rank: rank0[cuda0,share=0.4050,tput=2.90] rank1[cuda1,share=0.2990,tput=2.31] rank2[cuda2,share=0.2960,tput=4.69]
epoch 66: eval=0.7783
epoch 67: loss=0.498444, train_acc=0.8288, time=12.0s
per-rank: rank0[cuda0,share=0.4071,tput=2.02] rank1[cuda1,share=0.3031,tput=4.01] rank2[cuda2,share=0.2898,tput=3.61]
epoch 67: eval=0.8435
epoch 68: loss=0.501275, train_acc=0.8260, time=10.9s
per-rank: rank0[cuda0,share=0.4071,tput=2.20] rank1[cuda1,share=0.3031,tput=2.24] rank2[cuda2,share=0.2898,tput=4.24]
epoch 68: eval=0.7401
epoch 69: loss=0.489568, train_acc=0.8332, time=11.5s
per-rank: rank0[cuda0,share=0.4075,tput=2.12] rank1[cuda1,share=0.3051,tput=3.50] rank2[cuda2,share=0.2874,tput=4.39]
epoch 69: eval=0.8091
epoch 70: loss=0.485034, train_acc=0.8340, time=10.7s
per-rank: rank0[cuda0,share=0.4077,tput=2.84] rank1[cuda1,share=0.3061,tput=2.71] rank2[cuda2,share=0.2862,tput=2.76]
epoch 70: eval=0.7762
epoch 71: loss=0.491744, train_acc=0.8311, time=9.6s
per-rank: rank0[cuda0,share=0.4066,tput=2.64] rank1[cuda1,share=0.3078,tput=4.70] rank2[cuda2,share=0.2856,tput=2.23]
epoch 71: eval=0.8147
epoch 72: loss=0.495806, train_acc=0.8289, time=9.5s
per-rank: rank0[cuda0,share=0.4054,tput=3.44] rank1[cuda1,share=0.3096,tput=3.14] rank2[cuda2,share=0.2850,tput=2.24]
epoch 72: eval=0.7291
epoch 73: loss=0.488236, train_acc=0.8334, time=12.5s
per-rank: rank0[cuda0,share=0.4084,tput=1.95] rank1[cuda1,share=0.3085,tput=3.44] rank2[cuda2,share=0.2831,tput=4.95]
epoch 73: eval=0.8143
epoch 74: loss=0.498358, train_acc=0.8296, time=11.1s
per-rank: rank0[cuda0,share=0.4084,tput=2.17] rank1[cuda1,share=0.3085,tput=2.19] rank2[cuda2,share=0.2831,tput=4.42]
epoch 74: eval=0.8134
epoch 75: loss=0.479116, train_acc=0.8354, time=12.6s
per-rank: rank0[cuda0,share=0.4105,tput=2.02] rank1[cuda1,share=0.3026,tput=3.56] rank2[cuda2,share=0.2869,tput=4.82]
epoch 75: eval=0.7931
epoch 76: loss=0.477773, train_acc=0.8344, time=11.2s
per-rank: rank0[cuda0,share=0.4103,tput=2.10] rank1[cuda1,share=0.3011,tput=2.66] rank2[cuda2,share=0.2886,tput=3.54]
epoch 76: eval=0.7754
epoch 77: loss=0.481468, train_acc=0.8345, time=9.6s
per-rank: rank0[cuda0,share=0.4100,tput=2.59] rank1[cuda1,share=0.2996,tput=5.45] rank2[cuda2,share=0.2903,tput=2.08]
epoch 77: eval=0.8294
epoch 78: loss=0.489336, train_acc=0.8327, time=12.0s
per-rank: rank0[cuda0,share=0.4095,tput=2.01] rank1[cuda1,share=0.2965,tput=5.03] rank2[cuda2,share=0.2939,tput=3.09]
epoch 78: eval=0.7862
epoch 79: loss=0.477966, train_acc=0.8356, time=10.8s
per-rank: rank0[cuda0,share=0.4093,tput=2.10] rank2[cuda2,share=0.2958,tput=3.46] rank1[cuda1,share=0.2949,tput=2.81]
epoch 79: eval=0.7404
epoch 80: loss=0.485871, train_acc=0.8315, time=12.4s
per-rank: rank0[cuda0,share=0.4071,tput=1.90] rank2[cuda2,share=0.2988,tput=4.31] rank1[cuda1,share=0.2941,tput=3.73]
epoch 80: eval=0.8361
epoch 81: loss=0.487642, train_acc=0.8327, time=11.1s
per-rank: rank0[cuda0,share=0.4027,tput=2.17] rank2[cuda2,share=0.3015,tput=3.99] rank1[cuda1,share=0.2959,tput=2.41]
epoch 81: eval=0.8297
epoch 82: loss=0.476486, train_acc=0.8368, time=9.6s
per-rank: rank0[cuda0,share=0.4001,tput=2.44] rank2[cuda2,share=0.3019,tput=5.15] rank1[cuda1,share=0.2980,tput=2.30]
epoch 82: eval=0.7723
epoch 83: loss=0.482801, train_acc=0.8344, time=9.7s
per-rank: rank0[cuda0,share=0.3972,tput=2.72] rank2[cuda2,share=0.3025,tput=4.84] rank1[cuda1,share=0.3003,tput=2.08]
epoch 83: eval=0.8464
epoch 84: loss=0.472665, train_acc=0.8370, time=9.7s
per-rank: rank0[cuda0,share=0.3988,tput=3.61] rank2[cuda2,share=0.3017,tput=1.93] rank1[cuda1,share=0.2995,tput=3.34]
epoch 84: eval=0.7944
epoch 85: loss=0.483516, train_acc=0.8339, time=11.6s
per-rank: rank0[cuda0,share=0.4031,tput=2.12] rank1[cuda1,share=0.2989,tput=4.67] rank2[cuda2,share=0.2980,tput=3.30]
epoch 85: eval=0.7787
epoch 86: loss=0.478651, train_acc=0.8351, time=10.7s
per-rank: rank0[cuda0,share=0.4053,tput=2.66] rank1[cuda1,share=0.2986,tput=3.35] rank2[cuda2,share=0.2961,tput=2.57]
epoch 86: eval=0.8171
epoch 87: loss=0.477770, train_acc=0.8355, time=9.9s
per-rank: rank0[cuda0,share=0.4068,tput=2.34] rank1[cuda1,share=0.2977,tput=3.32] rank2[cuda2,share=0.2955,tput=2.60]
epoch 87: eval=0.7842
epoch 88: loss=0.481821, train_acc=0.8339, time=9.7s
per-rank: rank0[cuda0,share=0.4067,tput=2.50] rank1[cuda1,share=0.2977,tput=2.56] rank2[cuda2,share=0.2956,tput=3.57]
epoch 88: eval=0.7880
epoch 89: loss=0.472479, train_acc=0.8383, time=9.6s
per-rank: rank0[cuda0,share=0.4082,tput=3.40] rank2[cuda2,share=0.2972,tput=2.37] rank1[cuda1,share=0.2947,tput=2.90]
epoch 89: eval=0.8162
epoch 90: loss=0.472001, train_acc=0.8389, time=9.5s
per-rank: rank0[cuda0,share=0.4081,tput=2.32] rank2[cuda2,share=0.2976,tput=1.87] rank1[cuda1,share=0.2943,tput=6.49]
epoch 90: eval=0.7926
epoch 91: loss=0.471532, train_acc=0.8393, time=11.6s
per-rank: rank0[cuda0,share=0.4060,tput=2.00] rank2[cuda2,share=0.2975,tput=4.50] rank1[cuda1,share=0.2966,tput=3.58]
epoch 91: eval=0.8275
epoch 92: loss=0.471906, train_acc=0.8374, time=10.7s
per-rank: rank0[cuda0,share=0.4040,tput=2.20] rank2[cuda2,share=0.2987,tput=3.45] rank1[cuda1,share=0.2973,tput=2.86]
epoch 92: eval=0.7820
epoch 93: loss=0.474843, train_acc=0.8368, time=12.1s
per-rank: rank0[cuda0,share=0.3984,tput=1.95] rank2[cuda2,share=0.3020,tput=4.86] rank1[cuda1,share=0.2996,tput=3.28]
epoch 93: eval=0.7973
epoch 94: loss=0.458269, train_acc=0.8421, time=10.8s
per-rank: rank0[cuda0,share=0.3948,tput=2.88] rank2[cuda2,share=0.3041,tput=3.28] rank1[cuda1,share=0.3011,tput=2.39]
epoch 94: eval=0.7924
epoch 95: loss=0.462651, train_acc=0.8407, time=11.0s
per-rank: rank0[cuda0,share=0.3963,tput=2.15] rank2[cuda2,share=0.3021,tput=4.74] rank1[cuda1,share=0.3016,tput=3.14]
epoch 95: eval=0.7950
epoch 96: loss=0.466930, train_acc=0.8397, time=10.6s
per-rank: rank0[cuda0,share=0.3988,tput=2.27] rank1[cuda1,share=0.3007,tput=2.66] rank2[cuda2,share=0.3005,tput=3.41]
epoch 96: eval=0.8021
epoch 97: loss=0.460562, train_acc=0.8420, time=9.7s
per-rank: rank0[cuda0,share=0.4006,tput=2.38] rank2[cuda2,share=0.2998,tput=4.46] rank1[cuda1,share=0.2996,tput=2.65]
epoch 97: eval=0.8148
epoch 98: loss=0.468216, train_acc=0.8384, time=9.6s
per-rank: rank0[cuda0,share=0.3999,tput=3.16] rank1[cuda1,share=0.3002,tput=2.28] rank2[cuda2,share=0.2999,tput=3.42]
epoch 98: eval=0.7944
epoch 99: loss=0.458660, train_acc=0.8418, time=11.7s
per-rank: rank0[cuda0,share=0.3998,tput=2.00] rank1[cuda1,share=0.3013,tput=3.14] rank2[cuda2,share=0.2989,tput=4.74]
epoch 99: eval=0.8685
epoch 100: loss=0.314285, train_acc=0.8909, time=10.7s
per-rank: rank0[cuda0,share=0.3999,tput=2.14] rank1[cuda1,share=0.3010,tput=2.52] rank2[cuda2,share=0.2991,tput=3.86]
epoch 100: eval=0.8950
epoch 101: loss=0.246413, train_acc=0.9153, time=9.6s
per-rank: rank0[cuda0,share=0.3959,tput=2.64] rank2[cuda2,share=0.3023,tput=3.54] rank1[cuda1,share=0.3018,tput=2.47]
epoch 101: eval=0.8990
epoch 102: loss=0.233912, train_acc=0.9203, time=11.7s
per-rank: rank0[cuda0,share=0.3892,tput=1.95] rank1[cuda1,share=0.3068,tput=5.38] rank2[cuda2,share=0.3040,tput=3.03]
epoch 102: eval=0.9026
epoch 103: loss=0.227979, train_acc=0.9213, time=10.8s
per-rank: rank0[cuda0,share=0.3822,tput=2.61] rank1[cuda1,share=0.3121,tput=3.57] rank2[cuda2,share=0.3057,tput=2.30]
epoch 103: eval=0.9043
epoch 104: loss=0.222093, train_acc=0.9231, time=9.7s
per-rank: rank0[cuda0,share=0.3815,tput=2.56] rank1[cuda1,share=0.3124,tput=2.45] rank2[cuda2,share=0.3060,tput=4.42]
epoch 104: eval=0.9058
epoch 105: loss=0.214082, train_acc=0.9267, time=11.2s
per-rank: rank0[cuda0,share=0.3817,tput=2.11] rank1[cuda1,share=0.3151,tput=3.17] rank2[cuda2,share=0.3032,tput=4.61]
epoch 105: eval=0.9026
epoch 106: loss=0.207721, train_acc=0.9279, time=10.7s
per-rank: rank0[cuda0,share=0.3825,tput=2.69] rank1[cuda1,share=0.3165,tput=3.59] rank2[cuda2,share=0.3010,tput=2.12]
epoch 106: eval=0.9085
epoch 107: loss=0.204414, train_acc=0.9288, time=9.7s
per-rank: rank0[cuda0,share=0.3888,tput=3.52] rank1[cuda1,share=0.3140,tput=2.79] rank2[cuda2,share=0.2972,tput=2.37]
epoch 107: eval=0.9020
epoch 108: loss=0.201527, train_acc=0.9298, time=11.7s
per-rank: rank0[cuda0,share=0.4028,tput=2.08] rank1[cuda1,share=0.3074,tput=3.46] rank2[cuda2,share=0.2898,tput=4.48]
epoch 108: eval=0.9082
epoch 109: loss=0.198195, train_acc=0.9305, time=10.8s
per-rank: rank0[cuda0,share=0.4056,tput=2.03] rank1[cuda1,share=0.3059,tput=2.94] rank2[cuda2,share=0.2885,tput=3.12]
epoch 109: eval=0.9071
epoch 110: loss=0.194243, train_acc=0.9336, time=12.0s
per-rank: rank0[cuda0,share=0.4086,tput=2.10] rank1[cuda1,share=0.3033,tput=4.29] rank2[cuda2,share=0.2881,tput=3.66]
epoch 110: eval=0.9067
epoch 111: loss=0.192568, train_acc=0.9341, time=10.9s
per-rank: rank0[cuda0,share=0.4108,tput=2.00] rank1[cuda1,share=0.2993,tput=3.66] rank2[cuda2,share=0.2900,tput=2.72]
epoch 111: eval=0.9061
epoch 112: loss=0.185372, train_acc=0.9353, time=10.6s
per-rank: rank0[cuda0,share=0.4085,tput=1.92] rank1[cuda1,share=0.2986,tput=4.85] rank2[cuda2,share=0.2929,tput=2.13]
epoch 112: eval=0.9074
epoch 113: loss=0.183976, train_acc=0.9357, time=10.1s
per-rank: rank0[cuda0,share=0.4041,tput=3.25] rank1[cuda1,share=0.2997,tput=2.05] rank2[cuda2,share=0.2962,tput=2.82]
epoch 113: eval=0.9080
epoch 114: loss=0.181717, train_acc=0.9374, time=11.8s
per-rank: rank0[cuda0,share=0.4000,tput=1.97] rank2[cuda2,share=0.3014,tput=4.47] rank1[cuda1,share=0.2986,tput=3.08]
epoch 114: eval=0.9058
epoch 115: loss=0.175890, train_acc=0.9396, time=10.8s
per-rank: rank0[cuda0,share=0.3982,tput=2.68] rank2[cuda2,share=0.3027,tput=2.40] rank1[cuda1,share=0.2990,tput=3.53]
epoch 115: eval=0.9079
epoch 116: loss=0.179294, train_acc=0.9364, time=9.9s
per-rank: rank0[cuda0,share=0.4015,tput=2.17] rank2[cuda2,share=0.3011,tput=5.48] rank1[cuda1,share=0.2973,tput=2.30]
epoch 116: eval=0.9087
epoch 117: loss=0.176166, train_acc=0.9396, time=12.4s
per-rank: rank0[cuda0,share=0.4112,tput=2.01] rank2[cuda2,share=0.2960,tput=4.33] rank1[cuda1,share=0.2929,tput=3.82]
epoch 117: eval=0.9017
epoch 118: loss=0.170276, train_acc=0.9408, time=12.0s
per-rank: rank0[cuda0,share=0.4094,tput=1.77] rank1[cuda1,share=0.2961,tput=4.11] rank2[cuda2,share=0.2945,tput=2.65]
epoch 118: eval=0.9091
epoch 119: loss=0.170630, train_acc=0.9399, time=10.2s
per-rank: rank0[cuda0,share=0.3982,tput=2.71] rank1[cuda1,share=0.3030,tput=3.62] rank2[cuda2,share=0.2988,tput=2.38]
epoch 119: eval=0.9133
epoch 120: loss=0.167962, train_acc=0.9422, time=9.7s
per-rank: rank0[cuda0,share=0.3786,tput=3.24] rank1[cuda1,share=0.3174,tput=2.26] rank2[cuda2,share=0.3040,tput=3.06]
epoch 120: eval=0.9066
epoch 121: loss=0.162091, train_acc=0.9430, time=9.9s
per-rank: rank0[cuda0,share=0.3737,tput=2.17] rank1[cuda1,share=0.3221,tput=4.59] rank2[cuda2,share=0.3042,tput=2.52]
epoch 121: eval=0.9124
epoch 122: loss=0.163585, train_acc=0.9425, time=9.7s
per-rank: rank0[cuda0,share=0.3841,tput=4.13] rank1[cuda1,share=0.3169,tput=3.35] rank2[cuda2,share=0.2990,tput=2.05]
epoch 122: eval=0.9023
epoch 123: loss=0.162194, train_acc=0.9425, time=12.5s
per-rank: rank0[cuda0,share=0.4114,tput=2.06] rank1[cuda1,share=0.3049,tput=3.05] rank2[cuda2,share=0.2837,tput=5.51]
epoch 123: eval=0.9031
epoch 124: loss=0.160751, train_acc=0.9428, time=11.6s
per-rank: rank0[cuda0,share=0.4196,tput=1.94] rank1[cuda1,share=0.2970,tput=2.45] rank2[cuda2,share=0.2833,tput=4.13]
epoch 124: eval=0.9083
epoch 125: loss=0.154554, train_acc=0.9452, time=9.7s
per-rank: rank0[cuda0,share=0.4110,tput=3.75] rank1[cuda1,share=0.2978,tput=2.39] rank2[cuda2,share=0.2912,tput=2.83]
epoch 125: eval=0.9068
epoch 126: loss=0.154889, train_acc=0.9446, time=9.6s
per-rank: rank0[cuda0,share=0.4105,tput=2.37] rank1[cuda1,share=0.2965,tput=2.32] rank2[cuda2,share=0.2930,tput=4.99]
epoch 126: eval=0.9065
epoch 127: loss=0.155230, train_acc=0.9455, time=9.7s
per-rank: rank0[cuda0,share=0.4221,tput=3.12] rank1[cuda1,share=0.2936,tput=2.32] rank2[cuda2,share=0.2843,tput=4.44]
epoch 127: eval=0.9064
epoch 128: loss=0.148247, train_acc=0.9484, time=10.0s
per-rank: rank0[cuda0,share=0.4321,tput=3.23] rank2[cuda2,share=0.2846,tput=2.43] rank1[cuda1,share=0.2833,tput=3.79]
epoch 128: eval=0.9042
epoch 129: loss=0.146495, train_acc=0.9493, time=9.8s
per-rank: rank0[cuda0,share=0.4241,tput=2.43] rank2[cuda2,share=0.2922,tput=3.29] rank1[cuda1,share=0.2837,tput=2.78]
epoch 129: eval=0.9135
epoch 130: loss=0.146953, train_acc=0.9483, time=9.6s
per-rank: rank0[cuda0,share=0.4073,tput=4.31] rank1[cuda1,share=0.2976,tput=2.26] rank2[cuda2,share=0.2951,tput=2.80]
epoch 130: eval=0.9066
epoch 131: loss=0.146750, train_acc=0.9478, time=12.5s
per-rank: rank0[cuda0,share=0.4173,tput=2.04] rank1[cuda1,share=0.3050,tput=3.78] rank2[cuda2,share=0.2777,tput=4.16]
epoch 131: eval=0.9040
epoch 132: loss=0.145366, train_acc=0.9496, time=11.3s
per-rank: rank0[cuda0,share=0.4161,tput=1.99] rank1[cuda1,share=0.3037,tput=3.51] rank2[cuda2,share=0.2802,tput=2.67]
epoch 132: eval=0.9040
epoch 133: loss=0.140498, train_acc=0.9507, time=9.5s
per-rank: rank0[cuda0,share=0.4046,tput=2.37] rank2[cuda2,share=0.3006,tput=5.61] rank1[cuda1,share=0.2948,tput=2.30]
epoch 133: eval=0.9094
epoch 134: loss=0.156882, train_acc=0.9447, time=9.8s
per-rank: rank0[cuda0,share=0.4096,tput=2.21] rank2[cuda2,share=0.2986,tput=1.98] rank1[cuda1,share=0.2918,tput=6.21]
epoch 134: eval=0.8990
epoch 135: loss=0.158271, train_acc=0.9442, time=11.8s
per-rank: rank0[cuda0,share=0.4127,tput=2.09] rank2[cuda2,share=0.2978,tput=4.66] rank1[cuda1,share=0.2895,tput=3.21]
epoch 135: eval=0.9024
epoch 136: loss=0.158491, train_acc=0.9426, time=10.9s
per-rank: rank0[cuda0,share=0.4105,tput=2.62] rank2[cuda2,share=0.2986,tput=3.30] rank1[cuda1,share=0.2909,tput=2.53]
epoch 136: eval=0.9032
epoch 137: loss=0.156204, train_acc=0.9445, time=9.8s
per-rank: rank0[cuda0,share=0.4090,tput=3.09] rank2[cuda2,share=0.2992,tput=2.45] rank1[cuda1,share=0.2919,tput=3.02]
epoch 137: eval=0.9040
epoch 138: loss=0.156399, train_acc=0.9454, time=11.3s
per-rank: rank0[cuda0,share=0.4085,tput=2.17] rank2[cuda2,share=0.2990,tput=4.77] rank1[cuda1,share=0.2925,tput=3.33]
epoch 138: eval=0.8953
epoch 139: loss=0.156350, train_acc=0.9436, time=10.9s
per-rank: rank0[cuda0,share=0.4081,tput=2.33] rank2[cuda2,share=0.2989,tput=2.56] rank1[cuda1,share=0.2930,tput=3.40]
epoch 139: eval=0.9067
epoch 140: loss=0.156035, train_acc=0.9448, time=9.8s
per-rank: rank0[cuda0,share=0.4078,tput=3.01] rank2[cuda2,share=0.2988,tput=2.37] rank1[cuda1,share=0.2934,tput=3.05]
epoch 140: eval=0.9038
epoch 141: loss=0.154207, train_acc=0.9451, time=12.1s
per-rank: rank0[cuda0,share=0.4074,tput=2.01] rank2[cuda2,share=0.2988,tput=4.28] rank1[cuda1,share=0.2938,tput=3.73]
epoch 141: eval=0.8981
epoch 142: loss=0.158506, train_acc=0.9442, time=10.8s
per-rank: rank0[cuda0,share=0.4071,tput=2.16] rank2[cuda2,share=0.2988,tput=3.53] rank1[cuda1,share=0.2941,tput=2.93]
epoch 142: eval=0.9126
epoch 143: loss=0.155797, train_acc=0.9452, time=9.8s
per-rank: rank0[cuda0,share=0.4071,tput=1.78] rank2[cuda2,share=0.2988,tput=2.40] rank1[cuda1,share=0.2941,tput=5.78]
epoch 143: eval=0.8990
epoch 144: loss=0.150914, train_acc=0.9479, time=12.5s
per-rank: rank0[cuda0,share=0.4019,tput=1.94] rank2[cuda2,share=0.3013,tput=4.94] rank1[cuda1,share=0.2968,tput=3.29]
epoch 144: eval=0.8973
epoch 145: loss=0.156009, train_acc=0.9447, time=11.1s
per-rank: rank0[cuda0,share=0.4019,tput=1.82] rank2[cuda2,share=0.3013,tput=3.78] rank1[cuda1,share=0.2968,tput=2.68]
epoch 145: eval=0.8990
epoch 146: loss=0.153997, train_acc=0.9445, time=10.7s
per-rank: rank0[cuda0,share=0.3984,tput=2.19] rank2[cuda2,share=0.3014,tput=3.69] rank1[cuda1,share=0.3002,tput=3.88]
epoch 146: eval=0.9055
epoch 147: loss=0.154447, train_acc=0.9454, time=10.3s
per-rank: rank0[cuda0,share=0.3984,tput=2.49] rank2[cuda2,share=0.3014,tput=3.53] rank1[cuda1,share=0.3002,tput=2.55]
epoch 147: eval=0.8999
epoch 148: loss=0.153696, train_acc=0.9452, time=11.8s
per-rank: rank0[cuda0,share=0.3962,tput=1.99] rank1[cuda1,share=0.3030,tput=3.72] rank2[cuda2,share=0.3008,tput=4.07]
epoch 148: eval=0.9094
epoch 149: loss=0.151908, train_acc=0.9460, time=10.9s
per-rank: rank0[cuda0,share=0.3962,tput=1.81] rank1[cuda1,share=0.3030,tput=2.83] rank2[cuda2,share=0.3008,tput=3.72]
epoch 149: eval=0.9018
epoch 150: loss=0.137381, train_acc=0.9520, time=12.4s
per-rank: rank0[cuda0,share=0.3951,tput=1.88] rank1[cuda1,share=0.3044,tput=3.55] rank2[cuda2,share=0.3005,tput=4.54]
epoch 150: eval=0.9165
epoch 151: loss=0.105193, train_acc=0.9647, time=11.1s
per-rank: rank0[cuda0,share=0.3940,tput=2.14] rank1[cuda1,share=0.3058,tput=3.38] rank2[cuda2,share=0.3002,tput=2.68]
epoch 151: eval=0.9198
epoch 152: loss=0.096903, train_acc=0.9668, time=11.8s
per-rank: rank0[cuda0,share=0.3910,tput=2.00] rank1[cuda1,share=0.3082,tput=4.50] rank2[cuda2,share=0.3008,tput=3.17]
epoch 152: eval=0.9169
epoch 153: loss=0.093365, train_acc=0.9684, time=10.6s
per-rank: rank0[cuda0,share=0.3879,tput=3.12] rank1[cuda1,share=0.3106,tput=2.24] rank2[cuda2,share=0.3015,tput=3.54]
epoch 153: eval=0.9183
epoch 154: loss=0.091743, train_acc=0.9692, time=9.5s
per-rank: rank0[cuda0,share=0.3874,tput=3.59] rank1[cuda1,share=0.3108,tput=3.27] rank2[cuda2,share=0.3018,tput=2.10]
epoch 154: eval=0.9195
epoch 155: loss=0.089083, train_acc=0.9695, time=9.7s
per-rank: rank0[cuda0,share=0.3882,tput=3.55] rank1[cuda1,share=0.3104,tput=3.14] rank2[cuda2,share=0.3014,tput=2.20]
epoch 155: eval=0.9194
epoch 156: loss=0.088462, train_acc=0.9709, time=9.7s
per-rank: rank0[cuda0,share=0.3890,tput=3.40] rank1[cuda1,share=0.3098,tput=2.97] rank2[cuda2,share=0.3012,tput=2.29]
epoch 156: eval=0.9189
epoch 157: loss=0.085556, train_acc=0.9720, time=12.3s
per-rank: rank0[cuda0,share=0.3906,tput=1.98] rank1[cuda1,share=0.3088,tput=5.09] rank2[cuda2,share=0.3007,tput=3.20]
epoch 157: eval=0.9201
epoch 158: loss=0.087469, train_acc=0.9704, time=10.9s
per-rank: rank0[cuda0,share=0.3906,tput=2.08] rank1[cuda1,share=0.3088,tput=2.97] rank2[cuda2,share=0.3007,tput=3.48]
epoch 158: eval=0.9198
epoch 159: loss=0.083916, train_acc=0.9712, time=9.7s
per-rank: rank0[cuda0,share=0.3914,tput=1.83] rank1[cuda1,share=0.3082,tput=6.04] rank2[cuda2,share=0.3004,tput=2.25]
epoch 159: eval=0.9187
epoch 160: loss=0.081913, train_acc=0.9725, time=12.0s
per-rank: rank0[cuda0,share=0.3904,tput=2.01] rank1[cuda1,share=0.3086,tput=3.66] rank2[cuda2,share=0.3010,tput=4.70]
epoch 160: eval=0.9212
epoch 161: loss=0.082669, train_acc=0.9734, time=11.1s
per-rank: rank0[cuda0,share=0.3894,tput=2.06] rank1[cuda1,share=0.3089,tput=4.03] rank2[cuda2,share=0.3017,tput=2.33]
epoch 161: eval=0.9199
epoch 162: loss=0.080950, train_acc=0.9728, time=9.9s
per-rank: rank0[cuda0,share=0.3904,tput=3.55] rank1[cuda1,share=0.3083,tput=2.16] rank2[cuda2,share=0.3013,tput=2.68]
epoch 162: eval=0.9178
epoch 163: loss=0.080801, train_acc=0.9732, time=10.9s
per-rank: rank0[cuda0,share=0.3917,tput=2.15] rank1[cuda1,share=0.3083,tput=3.54] rank2[cuda2,share=0.3000,tput=4.06]
epoch 163: eval=0.9192
epoch 164: loss=0.081385, train_acc=0.9730, time=10.2s
per-rank: rank0[cuda0,share=0.3940,tput=3.05] rank1[cuda1,share=0.3087,tput=2.67] rank2[cuda2,share=0.2972,tput=2.82]
epoch 164: eval=0.9207
epoch 165: loss=0.077185, train_acc=0.9746, time=11.6s
per-rank: rank0[cuda0,share=0.3957,tput=2.12] rank1[cuda1,share=0.3086,tput=5.10] rank2[cuda2,share=0.2956,tput=2.90]
epoch 165: eval=0.9203
epoch 166: loss=0.078999, train_acc=0.9738, time=10.7s
per-rank: rank0[cuda0,share=0.3974,tput=2.43] rank1[cuda1,share=0.3085,tput=2.59] rank2[cuda2,share=0.2940,tput=3.32]
epoch 166: eval=0.9217
epoch 167: loss=0.079559, train_acc=0.9736, time=11.7s
per-rank: rank0[cuda0,share=0.3991,tput=2.13] rank1[cuda1,share=0.3084,tput=3.75] rank2[cuda2,share=0.2924,tput=4.46]
epoch 167: eval=0.9190
epoch 168: loss=0.078606, train_acc=0.9739, time=10.7s
per-rank: rank0[cuda0,share=0.4008,tput=2.31] rank1[cuda1,share=0.3083,tput=2.26] rank2[cuda2,share=0.2908,tput=3.95]
epoch 168: eval=0.9177
epoch 169: loss=0.076820, train_acc=0.9745, time=11.5s
per-rank: rank0[cuda0,share=0.4052,tput=2.18] rank1[cuda1,share=0.3058,tput=3.96] rank2[cuda2,share=0.2890,tput=3.81]
epoch 169: eval=0.9214
epoch 170: loss=0.076755, train_acc=0.9749, time=10.7s
per-rank: rank0[cuda0,share=0.4073,tput=2.05] rank1[cuda1,share=0.3045,tput=3.52] rank2[cuda2,share=0.2883,tput=2.76]
epoch 170: eval=0.9192
epoch 171: loss=0.076439, train_acc=0.9744, time=9.6s
per-rank: rank0[cuda0,share=0.4100,tput=2.44] rank1[cuda1,share=0.3020,tput=2.36] rank2[cuda2,share=0.2880,tput=4.99]
epoch 171: eval=0.9189
epoch 172: loss=0.075768, train_acc=0.9749, time=12.9s
per-rank: rank0[cuda0,share=0.4127,tput=1.86] rank1[cuda1,share=0.2996,tput=4.98] rank2[cuda2,share=0.2877,tput=3.30]
epoch 172: eval=0.9210
epoch 173: loss=0.074305, train_acc=0.9747, time=11.2s
per-rank: rank0[cuda0,share=0.4161,tput=2.10] rank1[cuda1,share=0.2976,tput=2.82] rank2[cuda2,share=0.2863,tput=3.65]
epoch 173: eval=0.9189
epoch 174: loss=0.075557, train_acc=0.9743, time=9.5s
per-rank: rank0[cuda0,share=0.4144,tput=2.90] rank1[cuda1,share=0.2974,tput=2.37] rank2[cuda2,share=0.2882,tput=3.46]
epoch 174: eval=0.9193
epoch 175: loss=0.075775, train_acc=0.9749, time=12.8s
per-rank: rank0[cuda0,share=0.4127,tput=1.84] rank1[cuda1,share=0.2972,tput=4.93] rank2[cuda2,share=0.2901,tput=3.07]
epoch 175: eval=0.9180
epoch 176: loss=0.073409, train_acc=0.9750, time=12.6s
per-rank: rank0[cuda0,share=0.4109,tput=1.84] rank1[cuda1,share=0.2970,tput=2.23] rank2[cuda2,share=0.2921,tput=3.11]
epoch 176: eval=0.9192
epoch 177: loss=0.072203, train_acc=0.9760, time=9.5s
per-rank: rank0[cuda0,share=0.4091,tput=3.31] rank1[cuda1,share=0.2968,tput=2.25] rank2[cuda2,share=0.2941,tput=3.17]
epoch 177: eval=0.9191
epoch 178: loss=0.073225, train_acc=0.9754, time=11.4s
per-rank: rank0[cuda0,share=0.4044,tput=2.10] rank1[cuda1,share=0.2980,tput=4.76] rank2[cuda2,share=0.2976,tput=3.23]
epoch 178: eval=0.9194
epoch 179: loss=0.074936, train_acc=0.9750, time=10.4s
per-rank: rank0[cuda0,share=0.4040,tput=2.98] rank1[cuda1,share=0.2982,tput=2.58] rank2[cuda2,share=0.2978,tput=3.46]
epoch 179: eval=0.9198
epoch 180: loss=0.070951, train_acc=0.9760, time=9.5s
per-rank: rank0[cuda0,share=0.4029,tput=2.46] rank1[cuda1,share=0.2996,tput=5.01] rank2[cuda2,share=0.2976,tput=2.29]
epoch 180: eval=0.9212
epoch 181: loss=0.070136, train_acc=0.9762, time=10.2s
per-rank: rank0[cuda0,share=0.4031,tput=2.34] rank1[cuda1,share=0.3003,tput=4.80] rank2[cuda2,share=0.2966,tput=2.09]
epoch 181: eval=0.9191
epoch 182: loss=0.070449, train_acc=0.9772, time=9.9s
per-rank: rank0[cuda0,share=0.4027,tput=3.09] rank1[cuda1,share=0.3005,tput=2.97] rank2[cuda2,share=0.2968,tput=2.44]
epoch 182: eval=0.9192
epoch 183: loss=0.071205, train_acc=0.9761, time=13.3s
per-rank: rank0[cuda0,share=0.4042,tput=1.86] rank1[cuda1,share=0.2998,tput=3.30] rank2[cuda2,share=0.2960,tput=4.64]
epoch 183: eval=0.9203
epoch 184: loss=0.070587, train_acc=0.9766, time=11.7s
per-rank: rank0[cuda0,share=0.4042,tput=1.98] rank1[cuda1,share=0.2998,tput=2.72] rank2[cuda2,share=0.2960,tput=3.40]
epoch 184: eval=0.9191
epoch 185: loss=0.071875, train_acc=0.9755, time=13.0s
per-rank: rank0[cuda0,share=0.4032,tput=1.84] rank1[cuda1,share=0.3003,tput=3.66] rank2[cuda2,share=0.2965,tput=4.24]
epoch 185: eval=0.9177
epoch 186: loss=0.068961, train_acc=0.9767, time=11.5s
per-rank: rank0[cuda0,share=0.4021,tput=1.96] rank1[cuda1,share=0.3009,tput=2.85] rank2[cuda2,share=0.2970,tput=3.26]
epoch 186: eval=0.9203
epoch 187: loss=0.070174, train_acc=0.9763, time=10.0s
per-rank: rank0[cuda0,share=0.4009,tput=2.39] rank1[cuda1,share=0.3015,tput=5.25] rank2[cuda2,share=0.2976,tput=1.95]
epoch 187: eval=0.9202
epoch 188: loss=0.071372, train_acc=0.9756, time=10.1s
per-rank: rank0[cuda0,share=0.4004,tput=2.32] rank1[cuda1,share=0.3025,tput=4.67] rank2[cuda2,share=0.2971,tput=2.20]
epoch 188: eval=0.9181
epoch 189: loss=0.068454, train_acc=0.9770, time=9.8s
per-rank: rank0[cuda0,share=0.3998,tput=2.28] rank1[cuda1,share=0.3036,tput=5.01] rank2[cuda2,share=0.2965,tput=2.16]
epoch 189: eval=0.9186
epoch 190: loss=0.068702, train_acc=0.9769, time=12.4s
per-rank: rank0[cuda0,share=0.3973,tput=1.89] rank1[cuda1,share=0.3048,tput=3.38] rank2[cuda2,share=0.2980,tput=4.54]
epoch 190: eval=0.9175
epoch 191: loss=0.068033, train_acc=0.9774, time=10.9s
per-rank: rank0[cuda0,share=0.3960,tput=1.91] rank1[cuda1,share=0.3053,tput=4.04] rank2[cuda2,share=0.2987,tput=2.56]
epoch 191: eval=0.9188
epoch 192: loss=0.066498, train_acc=0.9780, time=9.6s
per-rank: rank0[cuda0,share=0.3946,tput=3.03] rank1[cuda1,share=0.3059,tput=2.71] rank2[cuda2,share=0.2994,tput=2.81]
epoch 192: eval=0.9196
epoch 193: loss=0.066450, train_acc=0.9776, time=9.6s
per-rank: rank0[cuda0,share=0.3933,tput=2.39] rank1[cuda1,share=0.3065,tput=5.45] rank2[cuda2,share=0.3002,tput=2.04]
epoch 193: eval=0.9204
epoch 194: loss=0.067940, train_acc=0.9773, time=11.8s
per-rank: rank0[cuda0,share=0.3939,tput=1.98] rank1[cuda1,share=0.3069,tput=3.21] rank2[cuda2,share=0.2992,tput=4.75]
epoch 194: eval=0.9191
epoch 195: loss=0.066890, train_acc=0.9775, time=10.7s
per-rank: rank0[cuda0,share=0.3946,tput=2.76] rank1[cuda1,share=0.3073,tput=3.28] rank2[cuda2,share=0.2981,tput=2.54]
epoch 195: eval=0.9190
epoch 196: loss=0.066600, train_acc=0.9782, time=11.0s
per-rank: rank0[cuda0,share=0.3960,tput=2.17] rank1[cuda1,share=0.3048,tput=3.01] rank2[cuda2,share=0.2993,tput=5.05]
epoch 196: eval=0.9192
epoch 197: loss=0.067099, train_acc=0.9769, time=10.5s
per-rank: rank0[cuda0,share=0.3959,tput=3.16] rank1[cuda1,share=0.3048,tput=3.10] rank2[cuda2,share=0.2993,tput=2.31]
epoch 197: eval=0.9204
epoch 198: loss=0.067102, train_acc=0.9775, time=9.4s
per-rank: rank0[cuda0,share=0.3983,tput=2.44] rank1[cuda1,share=0.3028,tput=2.31] rank2[cuda2,share=0.2989,tput=5.23]
epoch 198: eval=0.9194
epoch 199: loss=0.065652, train_acc=0.9782, time=11.8s
per-rank: rank0[cuda0,share=0.4040,tput=2.15] rank1[cuda1,share=0.2990,tput=3.62] rank2[cuda2,share=0.2970,tput=4.71]
final eval=0.9176
# total: 1924.5s (32m 4s)
