# gpu0: NVIDIA GeForce RTX 5060 Ti (15GB, sm_120)
# gpu1: NVIDIA GeForce GTX 1060 6GB (5GB, sm_61)
# gpu2: NVIDIA GeForce GTX 1060 6GB (5GB, sm_61)
epoch 0: loss=2.040761, train_acc=0.2265, time=9.4s
per-rank: rank0[cuda0,share=0.3905,tput=3.89] rank2[cuda2,share=0.3072,tput=4.62] rank1[cuda1,share=0.3023,tput=2.86]
epoch 0: eval=0.2966
epoch 1: loss=1.699001, train_acc=0.3606, time=11.7s
per-rank: rank0[cuda0,share=0.4027,tput=1.99] rank1[cuda1,share=0.3193,tput=5.57] rank2[cuda2,share=0.2781,tput=2.68]
epoch 1: eval=0.4101
epoch 2: loss=1.512459, train_acc=0.4424, time=10.4s
per-rank: rank0[cuda0,share=0.3975,tput=2.36] rank1[cuda1,share=0.3138,tput=3.34] rank2[cuda2,share=0.2887,tput=2.94]
epoch 2: eval=0.4771
epoch 3: loss=1.328821, train_acc=0.5189, time=9.0s
per-rank: rank0[cuda0,share=0.4078,tput=4.20] rank2[cuda2,share=0.3072,tput=2.37] rank1[cuda1,share=0.2850,tput=3.22]
epoch 3: eval=0.4759
epoch 4: loss=1.181628, train_acc=0.5785, time=12.2s
per-rank: rank0[cuda0,share=0.3875,tput=2.21] rank2[cuda2,share=0.3083,tput=4.72] rank1[cuda1,share=0.3041,tput=4.60]
epoch 4: eval=0.5720
epoch 5: loss=1.085986, train_acc=0.6135, time=11.0s
per-rank: rank0[cuda0,share=0.3952,tput=2.47] rank2[cuda2,share=0.3053,tput=4.11] rank1[cuda1,share=0.2995,tput=2.36]
epoch 5: eval=0.6685
epoch 6: loss=0.990857, train_acc=0.6480, time=12.1s
per-rank: rank0[cuda0,share=0.4129,tput=2.17] rank2[cuda2,share=0.2945,tput=5.35] rank1[cuda1,share=0.2925,tput=3.97]
epoch 6: eval=0.6593
epoch 7: loss=0.922644, train_acc=0.6760, time=11.0s
per-rank: rank0[cuda0,share=0.4041,tput=2.16] rank1[cuda1,share=0.3023,tput=2.94] rank2[cuda2,share=0.2937,tput=4.03]
epoch 7: eval=0.6802
epoch 8: loss=0.856606, train_acc=0.7007, time=9.0s
per-rank: rank0[cuda0,share=0.4085,tput=3.59] rank1[cuda1,share=0.2968,tput=3.36] rank2[cuda2,share=0.2947,tput=2.55]
epoch 8: eval=0.6483
epoch 9: loss=0.813499, train_acc=0.7168, time=9.0s
per-rank: rank0[cuda0,share=0.4223,tput=3.60] rank2[cuda2,share=0.2927,tput=2.27] rank1[cuda1,share=0.2850,tput=3.64]
epoch 9: eval=0.6299
epoch 10: loss=0.769967, train_acc=0.7334, time=9.0s
per-rank: rank0[cuda0,share=0.4269,tput=2.36] rank1[cuda1,share=0.2925,tput=6.31] rank2[cuda2,share=0.2806,tput=2.52]
epoch 10: eval=0.7410
epoch 11: loss=0.740840, train_acc=0.7435, time=8.8s
per-rank: rank0[cuda0,share=0.4125,tput=4.44] rank1[cuda1,share=0.2989,tput=2.53] rank2[cuda2,share=0.2886,tput=3.59]
epoch 11: eval=0.6574
epoch 12: loss=0.719251, train_acc=0.7518, time=9.0s
per-rank: rank0[cuda0,share=0.4062,tput=2.62] rank1[cuda1,share=0.3042,tput=3.01] rank2[cuda2,share=0.2896,tput=4.78]
epoch 12: eval=0.6809
epoch 13: loss=0.686590, train_acc=0.7619, time=9.0s
per-rank: rank0[cuda0,share=0.4035,tput=2.40] rank1[cuda1,share=0.3092,tput=2.28] rank2[cuda2,share=0.2873,tput=6.51]
epoch 13: eval=0.7167
epoch 14: loss=0.663110, train_acc=0.7716, time=10.9s
per-rank: rank0[cuda0,share=0.3983,tput=2.14] rank1[cuda1,share=0.3040,tput=3.62] rank2[cuda2,share=0.2977,tput=4.85]
epoch 14: eval=0.7739
epoch 15: loss=0.650804, train_acc=0.7750, time=9.8s
per-rank: rank0[cuda0,share=0.3819,tput=2.56] rank1[cuda1,share=0.3161,tput=4.13] rank2[cuda2,share=0.3020,tput=2.90]
epoch 15: eval=0.7636
epoch 16: loss=0.631387, train_acc=0.7824, time=10.3s
per-rank: rank0[cuda0,share=0.4074,tput=2.27] rank1[cuda1,share=0.2980,tput=3.58] rank2[cuda2,share=0.2946,tput=4.86]
epoch 16: eval=0.7439
epoch 17: loss=0.617871, train_acc=0.7865, time=9.8s
per-rank: rank0[cuda0,share=0.4197,tput=2.88] rank1[cuda1,share=0.2976,tput=2.70] rank2[cuda2,share=0.2827,tput=3.74]
epoch 17: eval=0.7229
epoch 18: loss=0.603595, train_acc=0.7921, time=9.1s
per-rank: rank0[cuda0,share=0.4031,tput=3.06] rank2[cuda2,share=0.3045,tput=5.52] rank1[cuda1,share=0.2924,tput=2.56]
epoch 18: eval=0.7825
epoch 19: loss=0.598053, train_acc=0.7940, time=10.4s
per-rank: rank0[cuda0,share=0.4091,tput=2.29] rank1[cuda1,share=0.2975,tput=3.79] rank2[cuda2,share=0.2934,tput=4.62]
epoch 19: eval=0.7547
epoch 20: loss=0.582649, train_acc=0.7984, time=9.8s
per-rank: rank0[cuda0,share=0.4222,tput=3.00] rank1[cuda1,share=0.2977,tput=3.62] rank2[cuda2,share=0.2802,tput=2.53]
epoch 20: eval=0.6881
epoch 21: loss=0.570175, train_acc=0.8037, time=11.5s
per-rank: rank0[cuda0,share=0.4183,tput=2.22] rank2[cuda2,share=0.2998,tput=5.82] rank1[cuda1,share=0.2819,tput=3.34]
epoch 21: eval=0.7678
epoch 22: loss=0.556225, train_acc=0.8098, time=10.4s
per-rank: rank0[cuda0,share=0.4089,tput=3.07] rank2[cuda2,share=0.3107,tput=2.70] rank1[cuda1,share=0.2804,tput=4.30]
epoch 22: eval=0.7596
epoch 23: loss=0.555261, train_acc=0.8078, time=10.5s
per-rank: rank0[cuda0,share=0.4086,tput=2.32] rank2[cuda2,share=0.2969,tput=3.21] rank1[cuda1,share=0.2945,tput=5.60]
epoch 23: eval=0.7182
epoch 24: loss=0.546369, train_acc=0.8112, time=10.0s
per-rank: rank0[cuda0,share=0.4139,tput=2.43] rank1[cuda1,share=0.2930,tput=2.69] rank2[cuda2,share=0.2930,tput=3.87]
epoch 24: eval=0.7390
epoch 25: loss=0.548121, train_acc=0.8122, time=9.2s
per-rank: rank0[cuda0,share=0.3894,tput=3.31] rank1[cuda1,share=0.3105,tput=2.57] rank2[cuda2,share=0.3001,tput=3.36]
epoch 25: eval=0.7660
epoch 26: loss=0.534440, train_acc=0.8162, time=11.0s
per-rank: rank0[cuda0,share=0.3925,tput=2.19] rank1[cuda1,share=0.3125,tput=3.44] rank2[cuda2,share=0.2950,tput=5.38]
epoch 26: eval=0.7713
epoch 27: loss=0.525819, train_acc=0.8186, time=10.0s
per-rank: rank0[cuda0,share=0.4027,tput=3.13] rank1[cuda1,share=0.3122,tput=2.78] rank2[cuda2,share=0.2851,tput=3.39]
epoch 27: eval=0.8122
epoch 28: loss=0.530131, train_acc=0.8169, time=8.9s
per-rank: rank0[cuda0,share=0.4094,tput=2.97] rank1[cuda1,share=0.3052,tput=2.51] rank2[cuda2,share=0.2854,tput=3.96]
epoch 28: eval=0.7902
epoch 29: loss=0.530228, train_acc=0.8160, time=8.9s
per-rank: rank0[cuda0,share=0.3927,tput=2.71] rank1[cuda1,share=0.3161,tput=6.84] rank2[cuda2,share=0.2912,tput=1.94]
epoch 29: eval=0.7032
epoch 30: loss=0.526663, train_acc=0.8215, time=11.6s
per-rank: rank0[cuda0,share=0.4074,tput=2.14] rank1[cuda1,share=0.3259,tput=3.98] rank2[cuda2,share=0.2667,tput=5.19]
epoch 30: eval=0.7761
epoch 31: loss=0.518394, train_acc=0.8214, time=10.9s
per-rank: rank0[cuda0,share=0.4147,tput=2.57] rank1[cuda1,share=0.3225,tput=3.37] rank2[cuda2,share=0.2628,tput=2.38]
epoch 31: eval=0.7437
epoch 32: loss=0.505828, train_acc=0.8255, time=9.8s
per-rank: rank0[cuda0,share=0.4198,tput=3.36] rank1[cuda1,share=0.3133,tput=2.47] rank2[cuda2,share=0.2669,tput=2.91]
epoch 32: eval=0.7524
epoch 33: loss=0.506732, train_acc=0.8274, time=12.4s
per-rank: rank0[cuda0,share=0.4132,tput=2.07] rank1[cuda1,share=0.3070,tput=3.18] rank2[cuda2,share=0.2797,tput=5.74]
epoch 33: eval=0.7929
epoch 34: loss=0.538128, train_acc=0.8148, time=11.3s
per-rank: rank0[cuda0,share=0.4152,tput=2.04] rank1[cuda1,share=0.3002,tput=2.80] rank2[cuda2,share=0.2846,tput=3.48]
epoch 34: eval=0.7474
epoch 35: loss=0.558480, train_acc=0.8080, time=9.8s
per-rank: rank0[cuda0,share=0.4161,tput=2.09] rank1[cuda1,share=0.2971,tput=5.59] rank2[cuda2,share=0.2868,tput=2.36]
epoch 35: eval=0.7113
epoch 36: loss=0.547782, train_acc=0.8106, time=9.4s
per-rank: rank0[cuda0,share=0.4173,tput=3.24] rank1[cuda1,share=0.2954,tput=2.20] rank2[cuda2,share=0.2873,tput=3.37]
epoch 36: eval=0.8111
epoch 37: loss=0.548396, train_acc=0.8123, time=9.1s
per-rank: rank0[cuda0,share=0.4182,tput=2.96] rank1[cuda1,share=0.2942,tput=3.67] rank2[cuda2,share=0.2876,tput=2.55]
epoch 37: eval=0.7405
epoch 38: loss=0.547187, train_acc=0.8098, time=8.9s
per-rank: rank0[cuda0,share=0.4182,tput=3.79] rank1[cuda1,share=0.2942,tput=2.32] rank2[cuda2,share=0.2876,tput=5.00]
epoch 38: eval=0.7639
epoch 39: loss=0.529454, train_acc=0.8172, time=11.5s
per-rank: rank0[cuda0,share=0.4148,tput=2.17] rank1[cuda1,share=0.2951,tput=3.95] rank2[cuda2,share=0.2902,tput=5.38]
epoch 39: eval=0.8168
epoch 40: loss=0.526256, train_acc=0.8187, time=10.3s
per-rank: rank0[cuda0,share=0.4148,tput=2.29] rank1[cuda1,share=0.2951,tput=3.10] rank2[cuda2,share=0.2902,tput=3.65]
epoch 40: eval=0.7799
epoch 41: loss=0.524342, train_acc=0.8212, time=9.0s
per-rank: rank0[cuda0,share=0.4115,tput=2.71] rank1[cuda1,share=0.2966,tput=6.06] rank2[cuda2,share=0.2919,tput=1.99]
epoch 41: eval=0.7956
epoch 42: loss=0.525352, train_acc=0.8191, time=8.7s
per-rank: rank0[cuda0,share=0.4092,tput=4.21] rank1[cuda1,share=0.2977,tput=3.16] rank2[cuda2,share=0.2931,tput=2.32]
epoch 42: eval=0.7862
epoch 43: loss=0.515899, train_acc=0.8222, time=10.9s
per-rank: rank0[cuda0,share=0.4088,tput=2.13] rank1[cuda1,share=0.2978,tput=3.26] rank2[cuda2,share=0.2933,tput=5.13]
epoch 43: eval=0.7719
epoch 44: loss=0.523463, train_acc=0.8210, time=10.0s
per-rank: rank0[cuda0,share=0.4086,tput=2.50] rank1[cuda1,share=0.2979,tput=2.50] rank2[cuda2,share=0.2935,tput=4.10]
epoch 44: eval=0.7606
epoch 45: loss=0.520883, train_acc=0.8216, time=8.8s
per-rank: rank0[cuda0,share=0.4073,tput=2.82] rank1[cuda1,share=0.2986,tput=5.31] rank2[cuda2,share=0.2942,tput=2.54]
epoch 45: eval=0.8202
epoch 46: loss=0.517529, train_acc=0.8228, time=10.9s
per-rank: rank0[cuda0,share=0.4075,tput=2.21] rank1[cuda1,share=0.2983,tput=5.58] rank2[cuda2,share=0.2943,tput=3.15]
epoch 46: eval=0.7850
epoch 47: loss=0.514804, train_acc=0.8218, time=9.9s
per-rank: rank0[cuda0,share=0.4058,tput=2.60] rank1[cuda1,share=0.2989,tput=3.16] rank2[cuda2,share=0.2953,tput=3.81]
epoch 47: eval=0.7803
epoch 48: loss=0.511577, train_acc=0.8245, time=8.9s
per-rank: rank0[cuda0,share=0.4041,tput=3.88] rank1[cuda1,share=0.2995,tput=4.13] rank2[cuda2,share=0.2964,tput=1.93]
epoch 48: eval=0.7237
epoch 49: loss=0.513860, train_acc=0.8249, time=8.9s
per-rank: rank0[cuda0,share=0.4024,tput=3.73] rank1[cuda1,share=0.3002,tput=2.31] rank2[cuda2,share=0.2974,tput=3.38]
epoch 49: eval=0.7745
epoch 50: loss=0.494757, train_acc=0.8311, time=9.0s
per-rank: rank0[cuda0,share=0.4052,tput=2.69] rank1[cuda1,share=0.2986,tput=2.41] rank2[cuda2,share=0.2963,tput=5.04]
epoch 50: eval=0.6562
epoch 51: loss=0.512735, train_acc=0.8220, time=8.9s
per-rank: rank0[cuda0,share=0.4074,tput=3.11] rank1[cuda1,share=0.2980,tput=3.89] rank2[cuda2,share=0.2946,tput=2.34]
epoch 51: eval=0.8266
epoch 52: loss=0.505042, train_acc=0.8260, time=10.6s
per-rank: rank0[cuda0,share=0.4096,tput=2.33] rank1[cuda1,share=0.2974,tput=5.55] rank2[cuda2,share=0.2930,tput=3.57]
epoch 52: eval=0.7358
epoch 53: loss=0.511524, train_acc=0.8250, time=9.6s
per-rank: rank0[cuda0,share=0.4096,tput=2.69] rank1[cuda1,share=0.2974,tput=2.86] rank2[cuda2,share=0.2930,tput=3.62]
epoch 53: eval=0.7590
epoch 54: loss=0.501672, train_acc=0.8273, time=11.3s
per-rank: rank0[cuda0,share=0.4109,tput=2.16] rank1[cuda1,share=0.2978,tput=3.75] rank2[cuda2,share=0.2913,tput=4.88]
epoch 54: eval=0.8025
epoch 55: loss=0.512019, train_acc=0.8241, time=10.3s
per-rank: rank0[cuda0,share=0.4109,tput=2.08] rank1[cuda1,share=0.2978,tput=3.68] rank2[cuda2,share=0.2913,tput=3.11]
epoch 55: eval=0.7794
epoch 56: loss=0.499472, train_acc=0.8291, time=10.8s
per-rank: rank0[cuda0,share=0.4081,tput=2.33] rank1[cuda1,share=0.2997,tput=3.45] rank2[cuda2,share=0.2922,tput=5.56]
epoch 56: eval=0.8187
epoch 57: loss=0.497475, train_acc=0.8290, time=10.3s
per-rank: rank0[cuda0,share=0.4081,tput=2.48] rank1[cuda1,share=0.2997,tput=2.83] rank2[cuda2,share=0.2922,tput=3.38]
epoch 57: eval=0.7512
epoch 58: loss=0.494513, train_acc=0.8305, time=11.0s
per-rank: rank0[cuda0,share=0.4089,tput=2.19] rank1[cuda1,share=0.2999,tput=3.50] rank2[cuda2,share=0.2912,tput=5.64]
epoch 58: eval=0.7990
epoch 59: loss=0.501871, train_acc=0.8268, time=10.2s
per-rank: rank0[cuda0,share=0.4089,tput=2.60] rank1[cuda1,share=0.2999,tput=3.09] rank2[cuda2,share=0.2912,tput=3.05]
epoch 59: eval=0.7073
epoch 60: loss=0.492415, train_acc=0.8315, time=11.2s
per-rank: rank0[cuda0,share=0.4086,tput=2.17] rank1[cuda1,share=0.3000,tput=3.62] rank2[cuda2,share=0.2914,tput=5.52]
epoch 60: eval=0.8253
epoch 61: loss=0.504202, train_acc=0.8263, time=10.3s
per-rank: rank0[cuda0,share=0.4086,tput=2.39] rank1[cuda1,share=0.3000,tput=3.76] rank2[cuda2,share=0.2914,tput=2.71]
epoch 61: eval=0.7525
epoch 62: loss=0.495289, train_acc=0.8294, time=11.1s
per-rank: rank0[cuda0,share=0.4052,tput=2.20] rank1[cuda1,share=0.3000,tput=4.12] rank2[cuda2,share=0.2948,tput=4.40]
epoch 62: eval=0.8032
epoch 63: loss=0.497801, train_acc=0.8289, time=9.9s
per-rank: rank0[cuda0,share=0.4052,tput=2.48] rank1[cuda1,share=0.3000,tput=4.59] rank2[cuda2,share=0.2948,tput=2.43]
epoch 63: eval=0.7987
epoch 64: loss=0.486119, train_acc=0.8330, time=10.7s
per-rank: rank0[cuda0,share=0.4017,tput=2.22] rank1[cuda1,share=0.3000,tput=3.52] rank2[cuda2,share=0.2983,tput=4.56]
epoch 64: eval=0.8126
epoch 65: loss=0.492314, train_acc=0.8310, time=9.7s
per-rank: rank0[cuda0,share=0.4023,tput=2.98] rank1[cuda1,share=0.3005,tput=2.60] rank2[cuda2,share=0.2973,tput=4.00]
epoch 65: eval=0.7963
epoch 66: loss=0.500739, train_acc=0.8283, time=10.7s
per-rank: rank0[cuda0,share=0.4021,tput=2.23] rank1[cuda1,share=0.3004,tput=2.86] rank2[cuda2,share=0.2974,tput=5.85]
epoch 66: eval=0.6603
epoch 67: loss=0.494190, train_acc=0.8299, time=9.8s
per-rank: rank0[cuda0,share=0.4030,tput=3.06] rank1[cuda1,share=0.2986,tput=2.36] rank2[cuda2,share=0.2983,tput=3.94]
epoch 67: eval=0.7880
epoch 68: loss=0.489659, train_acc=0.8330, time=9.0s
per-rank: rank0[cuda0,share=0.4033,tput=2.97] rank2[cuda2,share=0.2987,tput=2.41] rank1[cuda1,share=0.2980,tput=3.92]
epoch 68: eval=0.7869
epoch 69: loss=0.483934, train_acc=0.8350, time=8.9s
per-rank: rank0[cuda0,share=0.4035,tput=4.54] rank2[cuda2,share=0.2991,tput=2.34] rank1[cuda1,share=0.2974,tput=3.64]
epoch 69: eval=0.7608
epoch 70: loss=0.489907, train_acc=0.8320, time=11.7s
per-rank: rank0[cuda0,share=0.4037,tput=2.09] rank2[cuda2,share=0.2995,tput=3.52] rank1[cuda1,share=0.2968,tput=5.07]
epoch 70: eval=0.7814
epoch 71: loss=0.485284, train_acc=0.8324, time=10.7s
per-rank: rank0[cuda0,share=0.4041,tput=2.09] rank2[cuda2,share=0.2999,tput=2.76] rank1[cuda1,share=0.2961,tput=4.65]
epoch 71: eval=0.8138
epoch 72: loss=0.485691, train_acc=0.8326, time=9.4s
per-rank: rank0[cuda0,share=0.4044,tput=2.96] rank2[cuda2,share=0.3002,tput=3.26] rank1[cuda1,share=0.2954,tput=2.75]
epoch 72: eval=0.7849
epoch 73: loss=0.482423, train_acc=0.8357, time=9.0s
per-rank: rank0[cuda0,share=0.4047,tput=3.39] rank2[cuda2,share=0.3006,tput=3.52] rank1[cuda1,share=0.2946,tput=2.41]
epoch 73: eval=0.7096
epoch 74: loss=0.487650, train_acc=0.8327, time=9.0s
per-rank: rank0[cuda0,share=0.4042,tput=3.88] rank2[cuda2,share=0.3007,tput=3.23] rank1[cuda1,share=0.2952,tput=2.41]
epoch 74: eval=0.8081
epoch 75: loss=0.484836, train_acc=0.8331, time=9.3s
per-rank: rank0[cuda0,share=0.4029,tput=3.71] rank2[cuda2,share=0.3019,tput=3.37] rank1[cuda1,share=0.2952,tput=2.25]
epoch 75: eval=0.8062
epoch 76: loss=0.482983, train_acc=0.8327, time=9.2s
per-rank: rank0[cuda0,share=0.4016,tput=3.43] rank2[cuda2,share=0.3031,tput=3.44] rank1[cuda1,share=0.2953,tput=2.39]
epoch 76: eval=0.7790
epoch 77: loss=0.474754, train_acc=0.8366, time=11.6s
per-rank: rank0[cuda0,share=0.3968,tput=2.01] rank2[cuda2,share=0.3039,tput=5.31] rank1[cuda1,share=0.2993,tput=3.55]
epoch 77: eval=0.8089
epoch 78: loss=0.473885, train_acc=0.8369, time=10.0s
per-rank: rank0[cuda0,share=0.3943,tput=2.76] rank2[cuda2,share=0.3043,tput=3.90] rank1[cuda1,share=0.3013,tput=2.75]
epoch 78: eval=0.8076
epoch 79: loss=0.479956, train_acc=0.8350, time=9.1s
per-rank: rank0[cuda0,share=0.3918,tput=2.41] rank2[cuda2,share=0.3047,tput=2.25] rank1[cuda1,share=0.3034,tput=5.93]
epoch 79: eval=0.7854
epoch 80: loss=0.479536, train_acc=0.8341, time=8.9s
per-rank: rank0[cuda0,share=0.3908,tput=4.00] rank1[cuda1,share=0.3048,tput=3.75] rank2[cuda2,share=0.3044,tput=2.01]
epoch 80: eval=0.7903
epoch 81: loss=0.477317, train_acc=0.8358, time=11.5s
per-rank: rank0[cuda0,share=0.3893,tput=2.00] rank1[cuda1,share=0.3081,tput=3.73] rank2[cuda2,share=0.3026,tput=4.83]
epoch 81: eval=0.8256
epoch 82: loss=0.482079, train_acc=0.8326, time=10.2s
per-rank: rank0[cuda0,share=0.3900,tput=2.77] rank1[cuda1,share=0.3086,tput=3.00] rank2[cuda2,share=0.3014,tput=3.33]
epoch 82: eval=0.8556
epoch 83: loss=0.477363, train_acc=0.8348, time=9.2s
per-rank: rank0[cuda0,share=0.3907,tput=2.57] rank1[cuda1,share=0.3091,tput=5.72] rank2[cuda2,share=0.3002,tput=2.32]
epoch 83: eval=0.8296
epoch 84: loss=0.478448, train_acc=0.8375, time=9.0s
per-rank: rank0[cuda0,share=0.3901,tput=2.90] rank1[cuda1,share=0.3103,tput=3.72] rank2[cuda2,share=0.2996,tput=2.61]
epoch 84: eval=0.7906
epoch 85: loss=0.473133, train_acc=0.8396, time=9.0s
per-rank: rank0[cuda0,share=0.3895,tput=2.60] rank1[cuda1,share=0.3115,tput=2.27] rank2[cuda2,share=0.2991,tput=5.66]
epoch 85: eval=0.8033
epoch 86: loss=0.477205, train_acc=0.8365, time=10.9s
per-rank: rank0[cuda0,share=0.3888,tput=2.12] rank1[cuda1,share=0.3127,tput=3.24] rank2[cuda2,share=0.2985,tput=5.53]
epoch 86: eval=0.7261
epoch 87: loss=0.479507, train_acc=0.8356, time=10.0s
per-rank: rank0[cuda0,share=0.3889,tput=2.86] rank1[cuda1,share=0.3127,tput=2.68] rank2[cuda2,share=0.2984,tput=3.51]
epoch 87: eval=0.6957
epoch 88: loss=0.471257, train_acc=0.8387, time=10.5s
per-rank: rank0[cuda0,share=0.3904,tput=2.21] rank1[cuda1,share=0.3117,tput=3.07] rank2[cuda2,share=0.2978,tput=5.59]
epoch 88: eval=0.7853
epoch 89: loss=0.470130, train_acc=0.8368, time=9.7s
per-rank: rank0[cuda0,share=0.3920,tput=3.18] rank1[cuda1,share=0.3107,tput=2.58] rank2[cuda2,share=0.2973,tput=3.51]
epoch 89: eval=0.8130
epoch 90: loss=0.475928, train_acc=0.8355, time=8.9s
per-rank: rank0[cuda0,share=0.3940,tput=2.44] rank1[cuda1,share=0.3085,tput=6.92] rank2[cuda2,share=0.2974,tput=2.00]
epoch 90: eval=0.7808
epoch 91: loss=0.464591, train_acc=0.8402, time=11.2s
per-rank: rank0[cuda0,share=0.3982,tput=2.23] rank1[cuda1,share=0.3041,tput=6.12] rank2[cuda2,share=0.2977,tput=3.14]
epoch 91: eval=0.7694
epoch 92: loss=0.470766, train_acc=0.8389, time=10.5s
per-rank: rank0[cuda0,share=0.4017,tput=2.00] rank1[cuda1,share=0.3012,tput=3.82] rank2[cuda2,share=0.2971,tput=3.05]
epoch 92: eval=0.7912
epoch 93: loss=0.472358, train_acc=0.8374, time=9.2s
per-rank: rank0[cuda0,share=0.4031,tput=2.64] rank1[cuda1,share=0.2992,tput=2.71] rank2[cuda2,share=0.2976,tput=5.23]
epoch 93: eval=0.6923
epoch 94: loss=0.464369, train_acc=0.8397, time=9.1s
per-rank: rank0[cuda0,share=0.4046,tput=2.70] rank2[cuda2,share=0.2981,tput=5.04] rank1[cuda1,share=0.2973,tput=2.52]
epoch 94: eval=0.7641
epoch 95: loss=0.465497, train_acc=0.8409, time=9.0s
per-rank: rank0[cuda0,share=0.4074,tput=4.00] rank1[cuda1,share=0.2969,tput=3.14] rank2[cuda2,share=0.2957,tput=2.30]
epoch 95: eval=0.8433
epoch 96: loss=0.460752, train_acc=0.8440, time=8.8s
per-rank: rank0[cuda0,share=0.4072,tput=2.39] rank1[cuda1,share=0.2979,tput=6.54] rank2[cuda2,share=0.2949,tput=2.28]
epoch 96: eval=0.8251
epoch 97: loss=0.463916, train_acc=0.8417, time=10.6s
per-rank: rank0[cuda0,share=0.4070,tput=2.28] rank1[cuda1,share=0.2988,tput=5.34] rank2[cuda2,share=0.2942,tput=3.35]
epoch 97: eval=0.7768
epoch 98: loss=0.467193, train_acc=0.8405, time=9.9s
per-rank: rank0[cuda0,share=0.4056,tput=2.56] rank1[cuda1,share=0.3004,tput=3.02] rank2[cuda2,share=0.2941,tput=3.44]
epoch 98: eval=0.8230
epoch 99: loss=0.456348, train_acc=0.8428, time=11.1s
per-rank: rank0[cuda0,share=0.4027,tput=2.14] rank1[cuda1,share=0.3035,tput=3.71] rank2[cuda2,share=0.2938,tput=4.62]
epoch 99: eval=0.8175
epoch 100: loss=0.400245, train_acc=0.8620, time=10.0s
per-rank: rank0[cuda0,share=0.4018,tput=1.97] rank1[cuda1,share=0.3056,tput=2.92] rank2[cuda2,share=0.2926,tput=4.16]
epoch 100: eval=0.8915
epoch 101: loss=0.256666, train_acc=0.9115, time=9.0s
per-rank: rank0[cuda0,share=0.4013,tput=2.31] rank1[cuda1,share=0.3075,tput=5.62] rank2[cuda2,share=0.2912,tput=2.47]
epoch 101: eval=0.8992
epoch 102: loss=0.236702, train_acc=0.9184, time=8.9s
per-rank: rank0[cuda0,share=0.3996,tput=3.50] rank1[cuda1,share=0.3109,tput=3.71] rank2[cuda2,share=0.2896,tput=2.27]
epoch 102: eval=0.9023
epoch 103: loss=0.225525, train_acc=0.9220, time=8.8s
per-rank: rank0[cuda0,share=0.3979,tput=3.75] rank1[cuda1,share=0.3115,tput=3.37] rank2[cuda2,share=0.2906,tput=2.44]
epoch 103: eval=0.8960
epoch 104: loss=0.220720, train_acc=0.9239, time=9.0s
per-rank: rank0[cuda0,share=0.3966,tput=3.85] rank1[cuda1,share=0.3116,tput=2.53] rank2[cuda2,share=0.2918,tput=3.00]
epoch 104: eval=0.9046
epoch 105: loss=0.211934, train_acc=0.9277, time=11.2s
per-rank: rank0[cuda0,share=0.3977,tput=2.21] rank1[cuda1,share=0.3116,tput=3.90] rank2[cuda2,share=0.2907,tput=4.81]
epoch 105: eval=0.9008
epoch 106: loss=0.204755, train_acc=0.9298, time=10.2s
per-rank: rank0[cuda0,share=0.3987,tput=2.41] rank1[cuda1,share=0.3116,tput=3.83] rank2[cuda2,share=0.2897,tput=2.90]
epoch 106: eval=0.9001
epoch 107: loss=0.198737, train_acc=0.9304, time=11.6s
per-rank: rank0[cuda0,share=0.3989,tput=2.12] rank1[cuda1,share=0.3118,tput=4.26] rank2[cuda2,share=0.2893,tput=4.40]
epoch 107: eval=0.9059
epoch 108: loss=0.194643, train_acc=0.9320, time=10.1s
per-rank: rank0[cuda0,share=0.3991,tput=2.17] rank1[cuda1,share=0.3105,tput=2.96] rank2[cuda2,share=0.2904,tput=4.09]
epoch 108: eval=0.9020
epoch 109: loss=0.191337, train_acc=0.9342, time=9.0s
per-rank: rank0[cuda0,share=0.3996,tput=2.69] rank1[cuda1,share=0.3079,tput=2.20] rank2[cuda2,share=0.2926,tput=6.09]
epoch 109: eval=0.9075
epoch 110: loss=0.185063, train_acc=0.9353, time=10.5s
per-rank: rank0[cuda0,share=0.4023,tput=2.26] rank1[cuda1,share=0.3080,tput=3.77] rank2[cuda2,share=0.2896,tput=4.33]
epoch 110: eval=0.9079
epoch 111: loss=0.184787, train_acc=0.9362, time=9.9s
per-rank: rank0[cuda0,share=0.4035,tput=3.07] rank1[cuda1,share=0.3073,tput=2.33] rank2[cuda2,share=0.2892,tput=3.84]
epoch 111: eval=0.9097
epoch 112: loss=0.181849, train_acc=0.9374, time=12.6s
per-rank: rank0[cuda0,share=0.4027,tput=2.01] rank1[cuda1,share=0.3057,tput=4.01] rank2[cuda2,share=0.2917,tput=5.35]
epoch 112: eval=0.9057
epoch 113: loss=0.179513, train_acc=0.9364, time=10.8s
per-rank: rank0[cuda0,share=0.3996,tput=1.91] rank1[cuda1,share=0.3062,tput=3.43] rank2[cuda2,share=0.2942,tput=4.25]
epoch 113: eval=0.9094
epoch 114: loss=0.178538, train_acc=0.9377, time=10.8s
per-rank: rank0[cuda0,share=0.3959,tput=2.16] rank1[cuda1,share=0.3084,tput=5.47] rank2[cuda2,share=0.2956,tput=3.24]
epoch 114: eval=0.9104
epoch 115: loss=0.170193, train_acc=0.9401, time=9.8s
per-rank: rank0[cuda0,share=0.3945,tput=2.94] rank1[cuda1,share=0.3099,tput=3.68] rank2[cuda2,share=0.2956,tput=2.69]
epoch 115: eval=0.9073
epoch 116: loss=0.170950, train_acc=0.9412, time=9.0s
per-rank: rank0[cuda0,share=0.3922,tput=3.56] rank1[cuda1,share=0.3097,tput=3.22] rank2[cuda2,share=0.2980,tput=2.55]
epoch 116: eval=0.9082
epoch 117: loss=0.166369, train_acc=0.9412, time=9.1s
per-rank: rank0[cuda0,share=0.3887,tput=3.69] rank1[cuda1,share=0.3095,tput=2.33] rank2[cuda2,share=0.3018,tput=3.55]
epoch 117: eval=0.9086
epoch 118: loss=0.165000, train_acc=0.9413, time=9.0s
per-rank: rank0[cuda0,share=0.3846,tput=3.17] rank1[cuda1,share=0.3115,tput=3.57] rank2[cuda2,share=0.3040,tput=2.47]
epoch 118: eval=0.9061
epoch 119: loss=0.161886, train_acc=0.9440, time=9.0s
per-rank: rank0[cuda0,share=0.3832,tput=2.97] rank1[cuda1,share=0.3110,tput=1.90] rank2[cuda2,share=0.3058,tput=5.61]
epoch 119: eval=0.9040
epoch 120: loss=0.156799, train_acc=0.9450, time=8.8s
per-rank: rank0[cuda0,share=0.3873,tput=3.72] rank2[cuda2,share=0.3093,tput=3.34] rank1[cuda1,share=0.3034,tput=2.44]
epoch 120: eval=0.9084
epoch 121: loss=0.153778, train_acc=0.9456, time=11.0s
per-rank: rank0[cuda0,share=0.3967,tput=2.15] rank2[cuda2,share=0.3085,tput=3.38] rank1[cuda1,share=0.2948,tput=5.79]
epoch 121: eval=0.9034
epoch 122: loss=0.156971, train_acc=0.9456, time=10.4s
per-rank: rank0[cuda0,share=0.3979,tput=1.92] rank2[cuda2,share=0.3079,tput=3.83] rank1[cuda1,share=0.2942,tput=3.15]
epoch 122: eval=0.9073
epoch 123: loss=0.155375, train_acc=0.9454, time=9.1s
per-rank: rank0[cuda0,share=0.3953,tput=3.07] rank2[cuda2,share=0.3105,tput=3.67] rank1[cuda1,share=0.2942,tput=2.83]
epoch 123: eval=0.9090
epoch 124: loss=0.152383, train_acc=0.9461, time=8.9s
per-rank: rank0[cuda0,share=0.3925,tput=4.39] rank2[cuda2,share=0.3113,tput=2.98] rank1[cuda1,share=0.2962,tput=2.49]
epoch 124: eval=0.9092
epoch 125: loss=0.147346, train_acc=0.9481, time=8.9s
per-rank: rank0[cuda0,share=0.3925,tput=3.05] rank2[cuda2,share=0.3070,tput=4.48] rank1[cuda1,share=0.3005,tput=2.55]
epoch 125: eval=0.9039
epoch 126: loss=0.146836, train_acc=0.9492, time=8.9s
per-rank: rank0[cuda0,share=0.3916,tput=3.84] rank1[cuda1,share=0.3050,tput=4.33] rank2[cuda2,share=0.3034,tput=2.68]
epoch 126: eval=0.9041
epoch 127: loss=0.147173, train_acc=0.9479, time=11.5s
per-rank: rank0[cuda0,share=0.3945,tput=2.17] rank1[cuda1,share=0.3086,tput=4.06] rank2[cuda2,share=0.2969,tput=4.66]
epoch 127: eval=0.9077
epoch 128: loss=0.144457, train_acc=0.9482, time=10.4s
per-rank: rank0[cuda0,share=0.3978,tput=2.52] rank1[cuda1,share=0.3086,tput=2.95] rank2[cuda2,share=0.2936,tput=3.69]
epoch 128: eval=0.9019
epoch 129: loss=0.143300, train_acc=0.9501, time=11.5s
per-rank: rank0[cuda0,share=0.4051,tput=2.10] rank1[cuda1,share=0.3077,tput=3.53] rank2[cuda2,share=0.2872,tput=5.81]
epoch 129: eval=0.9059
epoch 130: loss=0.143647, train_acc=0.9497, time=10.3s
per-rank: rank0[cuda0,share=0.4042,tput=2.43] rank1[cuda1,share=0.3066,tput=2.67] rank2[cuda2,share=0.2892,tput=4.25]
epoch 130: eval=0.8992
epoch 131: loss=0.141581, train_acc=0.9492, time=12.0s
per-rank: rank0[cuda0,share=0.3938,tput=1.93] rank1[cuda1,share=0.3072,tput=3.75] rank2[cuda2,share=0.2990,tput=4.94]
epoch 131: eval=0.9090
epoch 132: loss=0.139882, train_acc=0.9502, time=10.4s
per-rank: rank0[cuda0,share=0.3918,tput=1.97] rank1[cuda1,share=0.3073,tput=4.37] rank2[cuda2,share=0.3009,tput=2.84]
epoch 132: eval=0.9037
epoch 133: loss=0.139341, train_acc=0.9505, time=8.9s
per-rank: rank0[cuda0,share=0.3790,tput=3.27] rank2[cuda2,share=0.3117,tput=2.37] rank1[cuda1,share=0.3093,tput=4.03]
epoch 133: eval=0.9064
epoch 134: loss=0.136470, train_acc=0.9517, time=9.0s
per-rank: rank0[cuda0,share=0.3729,tput=4.91] rank1[cuda1,share=0.3136,tput=3.00] rank2[cuda2,share=0.3136,tput=2.17]
epoch 134: eval=0.9041
epoch 135: loss=0.136066, train_acc=0.9509, time=9.2s
per-rank: rank0[cuda0,share=0.3857,tput=2.86] rank1[cuda1,share=0.3098,tput=2.63] rank2[cuda2,share=0.3045,tput=4.54]
epoch 135: eval=0.9056
epoch 136: loss=0.136117, train_acc=0.9516, time=9.0s
per-rank: rank0[cuda0,share=0.3911,tput=3.12] rank1[cuda1,share=0.3088,tput=4.15] rank2[cuda2,share=0.3000,tput=2.54]
epoch 136: eval=0.9035
epoch 137: loss=0.134246, train_acc=0.9528, time=8.9s
per-rank: rank0[cuda0,share=0.3987,tput=3.69] rank1[cuda1,share=0.3087,tput=2.50] rank2[cuda2,share=0.2925,tput=3.36]
epoch 137: eval=0.9096
epoch 138: loss=0.131547, train_acc=0.9533, time=11.0s
per-rank: rank0[cuda0,share=0.3947,tput=2.12] rank1[cuda1,share=0.3134,tput=4.64] rank2[cuda2,share=0.2919,tput=3.55]
epoch 138: eval=0.9050
epoch 139: loss=0.134688, train_acc=0.9529, time=10.0s
per-rank: rank0[cuda0,share=0.3876,tput=2.25] rank1[cuda1,share=0.3160,tput=4.01] rank2[cuda2,share=0.2964,tput=2.98]
epoch 139: eval=0.9004
epoch 140: loss=0.126333, train_acc=0.9564, time=8.9s
per-rank: rank0[cuda0,share=0.3803,tput=3.70] rank1[cuda1,share=0.3159,tput=3.58] rank2[cuda2,share=0.3037,tput=2.39]
epoch 140: eval=0.9059
epoch 141: loss=0.126302, train_acc=0.9550, time=9.0s
per-rank: rank0[cuda0,share=0.3858,tput=4.62] rank1[cuda1,share=0.3092,tput=2.16] rank2[cuda2,share=0.3050,tput=3.07]
epoch 141: eval=0.9057
epoch 142: loss=0.128232, train_acc=0.9546, time=12.3s
per-rank: rank0[cuda0,share=0.4096,tput=2.09] rank1[cuda1,share=0.2955,tput=5.40] rank2[cuda2,share=0.2949,tput=3.75]
epoch 142: eval=0.9079
epoch 143: loss=0.125431, train_acc=0.9553, time=11.2s
per-rank: rank0[cuda0,share=0.4095,tput=2.08] rank2[cuda2,share=0.2959,tput=2.86] rank1[cuda1,share=0.2946,tput=4.21]
epoch 143: eval=0.8909
epoch 144: loss=0.124173, train_acc=0.9560, time=9.5s
per-rank: rank0[cuda0,share=0.3862,tput=2.95] rank2[cuda2,share=0.3093,tput=2.71] rank1[cuda1,share=0.3046,tput=3.37]
epoch 144: eval=0.9085
epoch 145: loss=0.119487, train_acc=0.9571, time=9.2s
per-rank: rank0[cuda0,share=0.3967,tput=4.44] rank2[cuda2,share=0.3104,tput=3.14] rank1[cuda1,share=0.2929,tput=2.10]
epoch 145: eval=0.8980
epoch 146: loss=0.119560, train_acc=0.9577, time=9.1s
per-rank: rank0[cuda0,share=0.4167,tput=3.05] rank2[cuda2,share=0.2989,tput=2.28] rank1[cuda1,share=0.2844,tput=3.84]
epoch 146: eval=0.9055
epoch 147: loss=0.116451, train_acc=0.9591, time=9.0s
per-rank: rank0[cuda0,share=0.4128,tput=3.73] rank1[cuda1,share=0.3031,tput=3.92] rank2[cuda2,share=0.2841,tput=2.08]
epoch 147: eval=0.9031
epoch 148: loss=0.121516, train_acc=0.9572, time=9.0s
per-rank: rank0[cuda0,share=0.4028,tput=3.35] rank1[cuda1,share=0.3186,tput=3.66] rank2[cuda2,share=0.2786,tput=2.46]
epoch 148: eval=0.8970
epoch 149: loss=0.117786, train_acc=0.9580, time=9.0s
per-rank: rank0[cuda0,share=0.4161,tput=2.76] rank1[cuda1,share=0.3085,tput=5.93] rank2[cuda2,share=0.2754,tput=2.13]
epoch 149: eval=0.8996
epoch 150: loss=0.084823, train_acc=0.9716, time=9.0s
per-rank: rank0[cuda0,share=0.4097,tput=2.89] rank1[cuda1,share=0.3053,tput=3.77] rank2[cuda2,share=0.2851,tput=2.60]
epoch 150: eval=0.9176
epoch 151: loss=0.077807, train_acc=0.9736, time=9.4s
per-rank: rank0[cuda0,share=0.4002,tput=3.11] rank1[cuda1,share=0.3130,tput=3.88] rank2[cuda2,share=0.2868,tput=2.27]
epoch 151: eval=0.9159
epoch 152: loss=0.077715, train_acc=0.9742, time=9.0s
per-rank: rank0[cuda0,share=0.4057,tput=3.90] rank1[cuda1,share=0.3138,tput=2.54] rank2[cuda2,share=0.2805,tput=3.13]
epoch 152: eval=0.9165
epoch 153: loss=0.074469, train_acc=0.9753, time=11.3s
per-rank: rank0[cuda0,share=0.4303,tput=2.31] rank1[cuda1,share=0.3011,tput=3.52] rank2[cuda2,share=0.2686,tput=5.85]
epoch 153: eval=0.9175
epoch 154: loss=0.074874, train_acc=0.9750, time=10.2s
per-rank: rank0[cuda0,share=0.4324,tput=2.27] rank1[cuda1,share=0.2960,tput=3.75] rank2[cuda2,share=0.2717,tput=2.98]
epoch 154: eval=0.9162
epoch 155: loss=0.072690, train_acc=0.9762, time=9.0s
per-rank: rank0[cuda0,share=0.4329,tput=4.13] rank1[cuda1,share=0.2943,tput=2.85] rank2[cuda2,share=0.2728,tput=4.01]
epoch 155: eval=0.9170
epoch 156: loss=0.070310, train_acc=0.9773, time=9.0s
per-rank: rank0[cuda0,share=0.4284,tput=3.23] rank1[cuda1,share=0.2958,tput=3.25] rank2[cuda2,share=0.2757,tput=2.65]
epoch 156: eval=0.9173
epoch 157: loss=0.071712, train_acc=0.9759, time=10.8s
per-rank: rank0[cuda0,share=0.4275,tput=2.32] rank1[cuda1,share=0.2941,tput=4.75] rank2[cuda2,share=0.2784,tput=3.90]
epoch 157: eval=0.9145
epoch 158: loss=0.070473, train_acc=0.9767, time=9.8s
per-rank: rank0[cuda0,share=0.4275,tput=2.58] rank1[cuda1,share=0.2941,tput=2.79] rank2[cuda2,share=0.2784,tput=3.55]
epoch 158: eval=0.9167
epoch 159: loss=0.067205, train_acc=0.9780, time=12.0s
per-rank: rank0[cuda0,share=0.4244,tput=2.10] rank1[cuda1,share=0.2930,tput=3.85] rank2[cuda2,share=0.2826,tput=5.13]
epoch 159: eval=0.9173
epoch 160: loss=0.068685, train_acc=0.9770, time=11.6s
per-rank: rank0[cuda0,share=0.4244,tput=1.93] rank1[cuda1,share=0.2930,tput=2.89] rank2[cuda2,share=0.2826,tput=4.24]
epoch 160: eval=0.9183
epoch 161: loss=0.068936, train_acc=0.9773, time=9.4s
per-rank: rank0[cuda0,share=0.4205,tput=4.16] rank1[cuda1,share=0.2941,tput=3.91] rank2[cuda2,share=0.2854,tput=2.73]
epoch 161: eval=0.9166
epoch 162: loss=0.067494, train_acc=0.9770, time=11.6s
per-rank: rank0[cuda0,share=0.4172,tput=1.98] rank1[cuda1,share=0.2951,tput=3.61] rank2[cuda2,share=0.2878,tput=4.64]
epoch 162: eval=0.9164
epoch 163: loss=0.067506, train_acc=0.9778, time=10.2s
per-rank: rank0[cuda0,share=0.4131,tput=2.08] rank1[cuda1,share=0.2964,tput=3.06] rank2[cuda2,share=0.2905,tput=3.86]
epoch 163: eval=0.9163
epoch 164: loss=0.067894, train_acc=0.9767, time=9.0s
per-rank: rank0[cuda0,share=0.4097,tput=2.48] rank1[cuda1,share=0.2975,tput=6.04] rank2[cuda2,share=0.2928,tput=2.48]
epoch 164: eval=0.9150
epoch 165: loss=0.065852, train_acc=0.9783, time=9.0s
per-rank: rank0[cuda0,share=0.4043,tput=3.76] rank1[cuda1,share=0.2992,tput=2.37] rank2[cuda2,share=0.2965,tput=3.32]
epoch 165: eval=0.9148
epoch 166: loss=0.065184, train_acc=0.9783, time=8.7s
per-rank: rank0[cuda0,share=0.3994,tput=4.22] rank1[cuda1,share=0.3014,tput=3.74] rank2[cuda2,share=0.2992,tput=2.06]
epoch 166: eval=0.9163
epoch 167: loss=0.066871, train_acc=0.9769, time=8.9s
per-rank: rank0[cuda0,share=0.3974,tput=2.50] rank1[cuda1,share=0.3022,tput=6.52] rank2[cuda2,share=0.3004,tput=2.07]
epoch 167: eval=0.9169
epoch 168: loss=0.063643, train_acc=0.9791, time=8.9s
per-rank: rank0[cuda0,share=0.3946,tput=2.37] rank1[cuda1,share=0.3045,tput=5.90] rank2[cuda2,share=0.3009,tput=2.48]
epoch 168: eval=0.9161
epoch 169: loss=0.063950, train_acc=0.9786, time=10.5s
per-rank: rank0[cuda0,share=0.3917,tput=2.29] rank1[cuda1,share=0.3068,tput=4.99] rank2[cuda2,share=0.3015,tput=3.71]
epoch 169: eval=0.9155
epoch 170: loss=0.064898, train_acc=0.9780, time=9.8s
per-rank: rank0[cuda0,share=0.3918,tput=3.22] rank1[cuda1,share=0.3076,tput=2.70] rank2[cuda2,share=0.3006,tput=3.27]
epoch 170: eval=0.9149
epoch 171: loss=0.062592, train_acc=0.9791, time=8.8s
per-rank: rank0[cuda0,share=0.3918,tput=2.82] rank1[cuda1,share=0.3076,tput=3.70] rank2[cuda2,share=0.3006,tput=2.66]
epoch 171: eval=0.9154
epoch 172: loss=0.062586, train_acc=0.9793, time=12.1s
per-rank: rank0[cuda0,share=0.3910,tput=2.00] rank1[cuda1,share=0.3097,tput=3.42] rank2[cuda2,share=0.2993,tput=5.56]
epoch 172: eval=0.9148
epoch 173: loss=0.060976, train_acc=0.9801, time=10.4s
per-rank: rank0[cuda0,share=0.3910,tput=2.13] rank1[cuda1,share=0.3097,tput=4.51] rank2[cuda2,share=0.2993,tput=2.59]
epoch 173: eval=0.9189
epoch 174: loss=0.062051, train_acc=0.9804, time=11.7s
per-rank: rank0[cuda0,share=0.3917,tput=2.02] rank1[cuda1,share=0.3111,tput=3.69] rank2[cuda2,share=0.2972,tput=5.19]
epoch 174: eval=0.9177
epoch 175: loss=0.062048, train_acc=0.9790, time=10.4s
per-rank: rank0[cuda0,share=0.3917,tput=2.45] rank1[cuda1,share=0.3111,tput=2.97] rank2[cuda2,share=0.2972,tput=3.49]
epoch 175: eval=0.9160
epoch 176: loss=0.060864, train_acc=0.9802, time=9.0s
per-rank: rank0[cuda0,share=0.3904,tput=1.86] rank1[cuda1,share=0.3126,tput=5.90] rank2[cuda2,share=0.2969,tput=2.62]
epoch 176: eval=0.9157
epoch 177: loss=0.058401, train_acc=0.9812, time=10.2s
per-rank: rank0[cuda0,share=0.3890,tput=2.23] rank1[cuda1,share=0.3142,tput=4.86] rank2[cuda2,share=0.2968,tput=3.21]
epoch 177: eval=0.9166
epoch 178: loss=0.058814, train_acc=0.9806, time=9.7s
per-rank: rank0[cuda0,share=0.3869,tput=3.53] rank1[cuda1,share=0.3153,tput=2.38] rank2[cuda2,share=0.2978,tput=3.57]
epoch 178: eval=0.9153
epoch 179: loss=0.058458, train_acc=0.9806, time=9.0s
per-rank: rank0[cuda0,share=0.3841,tput=3.95] rank1[cuda1,share=0.3168,tput=2.16] rank2[cuda2,share=0.2991,tput=3.35]
epoch 179: eval=0.9161
epoch 180: loss=0.059906, train_acc=0.9801, time=9.0s
per-rank: rank0[cuda0,share=0.3841,tput=2.15] rank1[cuda1,share=0.3168,tput=2.44] rank2[cuda2,share=0.2991,tput=6.43]
epoch 180: eval=0.9127
epoch 181: loss=0.057039, train_acc=0.9816, time=11.1s
per-rank: rank0[cuda0,share=0.3832,tput=2.17] rank1[cuda1,share=0.3153,tput=3.22] rank2[cuda2,share=0.3015,tput=5.53]
epoch 181: eval=0.9173
epoch 182: loss=0.057881, train_acc=0.9809, time=9.9s
per-rank: rank0[cuda0,share=0.3849,tput=2.80] rank1[cuda1,share=0.3134,tput=2.82] rank2[cuda2,share=0.3017,tput=3.67]
epoch 182: eval=0.9164
epoch 183: loss=0.060296, train_acc=0.9800, time=10.5s
per-rank: rank0[cuda0,share=0.3866,tput=2.29] rank1[cuda1,share=0.3115,tput=3.49] rank2[cuda2,share=0.3019,tput=4.91]
epoch 183: eval=0.9154
epoch 184: loss=0.057962, train_acc=0.9803, time=9.8s
per-rank: rank0[cuda0,share=0.3883,tput=2.36] rank1[cuda1,share=0.3096,tput=3.09] rank2[cuda2,share=0.3021,tput=3.48]
epoch 184: eval=0.9143
epoch 185: loss=0.056466, train_acc=0.9808, time=8.9s
per-rank: rank0[cuda0,share=0.3925,tput=2.45] rank1[cuda1,share=0.3072,tput=5.79] rank2[cuda2,share=0.3003,tput=2.50]
epoch 185: eval=0.9155
epoch 186: loss=0.056636, train_acc=0.9809, time=10.8s
per-rank: rank0[cuda0,share=0.3961,tput=2.24] rank1[cuda1,share=0.3042,tput=3.68] rank2[cuda2,share=0.2997,tput=4.86]
epoch 186: eval=0.9158
epoch 187: loss=0.058340, train_acc=0.9806, time=10.1s
per-rank: rank0[cuda0,share=0.3990,tput=2.89] rank1[cuda1,share=0.3025,tput=2.55] rank2[cuda2,share=0.2986,tput=3.86]
epoch 187: eval=0.9163
epoch 188: loss=0.056624, train_acc=0.9813, time=11.6s
per-rank: rank0[cuda0,share=0.4025,tput=2.07] rank1[cuda1,share=0.2996,tput=3.34] rank2[cuda2,share=0.2979,tput=5.35]
epoch 188: eval=0.9140
epoch 189: loss=0.056134, train_acc=0.9815, time=10.4s
per-rank: rank0[cuda0,share=0.4031,tput=1.95] rank2[cuda2,share=0.2987,tput=4.05] rank1[cuda1,share=0.2982,tput=3.11]
epoch 189: eval=0.9146
epoch 190: loss=0.055578, train_acc=0.9821, time=9.1s
per-rank: rank0[cuda0,share=0.4028,tput=2.76] rank2[cuda2,share=0.2988,tput=3.69] rank1[cuda1,share=0.2983,tput=2.77]
epoch 190: eval=0.9142
epoch 191: loss=0.054419, train_acc=0.9822, time=9.0s
per-rank: rank0[cuda0,share=0.4008,tput=3.21] rank2[cuda2,share=0.2999,tput=2.37] rank1[cuda1,share=0.2994,tput=4.06]
epoch 191: eval=0.9158
epoch 192: loss=0.054642, train_acc=0.9819, time=8.9s
per-rank: rank0[cuda0,share=0.3987,tput=2.52] rank2[cuda2,share=0.3009,tput=4.93] rank1[cuda1,share=0.3004,tput=2.66]
epoch 192: eval=0.9149
epoch 193: loss=0.056005, train_acc=0.9809, time=8.9s
per-rank: rank0[cuda0,share=0.3965,tput=2.57] rank2[cuda2,share=0.3020,tput=2.02] rank1[cuda1,share=0.3015,tput=6.63]
epoch 193: eval=0.9150
epoch 194: loss=0.054462, train_acc=0.9828, time=9.0s
per-rank: rank0[cuda0,share=0.3950,tput=2.60] rank1[cuda1,share=0.3030,tput=5.45] rank2[cuda2,share=0.3020,tput=2.33]
epoch 194: eval=0.9166
epoch 195: loss=0.054755, train_acc=0.9822, time=10.1s
per-rank: rank0[cuda0,share=0.3923,tput=2.34] rank1[cuda1,share=0.3044,tput=3.26] rank2[cuda2,share=0.3033,tput=5.06]
epoch 195: eval=0.9167
epoch 196: loss=0.052389, train_acc=0.9828, time=9.6s
per-rank: rank0[cuda0,share=0.3918,tput=3.30] rank1[cuda1,share=0.3046,tput=2.59] rank2[cuda2,share=0.3035,tput=3.39]
epoch 196: eval=0.9150
epoch 197: loss=0.055401, train_acc=0.9818, time=9.0s
per-rank: rank0[cuda0,share=0.3907,tput=2.22] rank1[cuda1,share=0.3060,tput=2.56] rank2[cuda2,share=0.3033,tput=5.95]
epoch 197: eval=0.9161
epoch 198: loss=0.055047, train_acc=0.9816, time=8.8s
per-rank: rank0[cuda0,share=0.3912,tput=2.34] rank1[cuda1,share=0.3066,tput=6.80] rank2[cuda2,share=0.3022,tput=2.30]
epoch 198: eval=0.9152
epoch 199: loss=0.053181, train_acc=0.9827, time=9.0s
per-rank: rank0[cuda0,share=0.3918,tput=2.28] rank1[cuda1,share=0.3072,tput=2.47] rank2[cuda2,share=0.3011,tput=5.93]
final eval=0.9165
# total: 1786.6s (29m 47s)
