# gpu0: NVIDIA GeForce RTX 5060 Ti (15GB, sm_120)
# gpu1: NVIDIA GeForce GTX 1060 6GB (5GB, sm_61)
# gpu2: NVIDIA GeForce GTX 1060 6GB (5GB, sm_61)
epoch 0: loss=2.038988, train_acc=0.2225, time=9.0s
per-rank: rank0[cuda0,share=0.3533,tput=5.88] rank2[cuda2,share=0.3234,tput=2.36] rank1[cuda1,share=0.3233,tput=3.41]
epoch 0: eval=0.2971
epoch 1: loss=1.760344, train_acc=0.3299, time=9.4s
per-rank: rank0[cuda0,share=0.3533,tput=2.30] rank2[cuda2,share=0.3234,tput=4.71] rank1[cuda1,share=0.3233,tput=3.74]
epoch 1: eval=0.3728
epoch 2: loss=1.604579, train_acc=0.4008, time=9.2s
per-rank: rank0[cuda0,share=0.3533,tput=4.15] rank2[cuda2,share=0.3234,tput=3.10] rank1[cuda1,share=0.3233,tput=2.56]
epoch 2: eval=0.4428
epoch 3: loss=1.470953, train_acc=0.4605, time=8.7s
per-rank: rank0[cuda0,share=0.3533,tput=3.07] rank2[cuda2,share=0.3234,tput=2.64] rank1[cuda1,share=0.3233,tput=5.14]
epoch 3: eval=0.4328
epoch 4: loss=1.339897, train_acc=0.5162, time=8.6s
per-rank: rank0[cuda0,share=0.3533,tput=4.57] rank2[cuda2,share=0.3234,tput=2.25] rank1[cuda1,share=0.3233,tput=3.25]
epoch 4: eval=0.5356
epoch 5: loss=1.217796, train_acc=0.5633, time=8.5s
per-rank: rank0[cuda0,share=0.3533,tput=3.38] rank2[cuda2,share=0.3234,tput=2.09] rank1[cuda1,share=0.3233,tput=5.50]
epoch 5: eval=0.4997
epoch 6: loss=1.138528, train_acc=0.5924, time=8.6s
per-rank: rank0[cuda0,share=0.3533,tput=3.76] rank2[cuda2,share=0.3234,tput=2.47] rank1[cuda1,share=0.3233,tput=3.76]
epoch 6: eval=0.5895
epoch 7: loss=1.061816, train_acc=0.6233, time=8.6s
per-rank: rank0[cuda0,share=0.3533,tput=3.29] rank2[cuda2,share=0.3234,tput=2.23] rank1[cuda1,share=0.3233,tput=4.88]
epoch 7: eval=0.6242
epoch 8: loss=1.007162, train_acc=0.6446, time=9.3s
per-rank: rank0[cuda0,share=0.3533,tput=2.34] rank2[cuda2,share=0.3234,tput=3.11] rank1[cuda1,share=0.3233,tput=5.16]
epoch 8: eval=0.5360
epoch 9: loss=0.951364, train_acc=0.6638, time=9.0s
per-rank: rank0[cuda0,share=0.3533,tput=3.65] rank2[cuda2,share=0.3234,tput=2.34] rank1[cuda1,share=0.3233,tput=3.82]
epoch 9: eval=0.5960
epoch 10: loss=0.908247, train_acc=0.6812, time=9.2s
per-rank: rank0[cuda0,share=0.3533,tput=2.35] rank2[cuda2,share=0.3234,tput=3.47] rank1[cuda1,share=0.3233,tput=4.70]
epoch 10: eval=0.6221
epoch 11: loss=0.871547, train_acc=0.6936, time=8.8s
per-rank: rank0[cuda0,share=0.3533,tput=4.95] rank2[cuda2,share=0.3234,tput=3.26] rank1[cuda1,share=0.3233,tput=2.24]
epoch 11: eval=0.6805
epoch 12: loss=0.843083, train_acc=0.7038, time=8.7s
per-rank: rank0[cuda0,share=0.3533,tput=3.01] rank2[cuda2,share=0.3234,tput=2.17] rank1[cuda1,share=0.3233,tput=5.75]
epoch 12: eval=0.7074
epoch 13: loss=0.811745, train_acc=0.7157, time=8.5s
per-rank: rank0[cuda0,share=0.3533,tput=3.29] rank2[cuda2,share=0.3234,tput=4.96] rank1[cuda1,share=0.3233,tput=2.47]
epoch 13: eval=0.5413
epoch 14: loss=0.791717, train_acc=0.7239, time=8.7s
per-rank: rank0[cuda0,share=0.3533,tput=3.36] rank2[cuda2,share=0.3234,tput=2.20] rank1[cuda1,share=0.3233,tput=4.75]
epoch 14: eval=0.6989
epoch 15: loss=0.756525, train_acc=0.7359, time=8.4s
per-rank: rank0[cuda0,share=0.3533,tput=3.25] rank2[cuda2,share=0.3234,tput=4.49] rank1[cuda1,share=0.3233,tput=2.72]
epoch 15: eval=0.6525
epoch 16: loss=0.746626, train_acc=0.7409, time=8.4s
per-rank: rank0[cuda0,share=0.3533,tput=3.75] rank2[cuda2,share=0.3234,tput=3.95] rank1[cuda1,share=0.3233,tput=2.79]
epoch 16: eval=0.7186
epoch 17: loss=0.731334, train_acc=0.7446, time=8.6s
per-rank: rank0[cuda0,share=0.3533,tput=5.20] rank2[cuda2,share=0.3234,tput=3.05] rank1[cuda1,share=0.3233,tput=2.30]
epoch 17: eval=0.7029
epoch 18: loss=0.712047, train_acc=0.7520, time=8.6s
per-rank: rank0[cuda0,share=0.3533,tput=4.11] rank2[cuda2,share=0.3234,tput=3.15] rank1[cuda1,share=0.3233,tput=2.68]
epoch 18: eval=0.7244
epoch 19: loss=0.700352, train_acc=0.7581, time=8.7s
per-rank: rank0[cuda0,share=0.3533,tput=3.32] rank2[cuda2,share=0.3234,tput=2.40] rank1[cuda1,share=0.3233,tput=4.07]
epoch 19: eval=0.6834
epoch 20: loss=0.689637, train_acc=0.7640, time=8.5s
per-rank: rank0[cuda0,share=0.3533,tput=4.08] rank2[cuda2,share=0.3234,tput=3.46] rank1[cuda1,share=0.3233,tput=2.57]
epoch 20: eval=0.7133
epoch 21: loss=0.676773, train_acc=0.7669, time=8.7s
per-rank: rank0[cuda0,share=0.3533,tput=3.12] rank2[cuda2,share=0.3234,tput=2.11] rank1[cuda1,share=0.3233,tput=5.58]
epoch 21: eval=0.7592
epoch 22: loss=0.662051, train_acc=0.7722, time=8.6s
per-rank: rank0[cuda0,share=0.3533,tput=5.20] rank2[cuda2,share=0.3234,tput=2.28] rank1[cuda1,share=0.3233,tput=3.01]
epoch 22: eval=0.7639
epoch 23: loss=0.657134, train_acc=0.7728, time=8.6s
per-rank: rank0[cuda0,share=0.3533,tput=3.09] rank2[cuda2,share=0.3234,tput=5.05] rank1[cuda1,share=0.3233,tput=2.39]
epoch 23: eval=0.6922
epoch 24: loss=0.650552, train_acc=0.7764, time=10.1s
per-rank: rank0[cuda0,share=0.3533,tput=2.09] rank2[cuda2,share=0.3234,tput=5.29] rank1[cuda1,share=0.3233,tput=3.38]
epoch 24: eval=0.7408
epoch 25: loss=0.647600, train_acc=0.7773, time=9.4s
per-rank: rank0[cuda0,share=0.3533,tput=3.32] rank2[cuda2,share=0.3234,tput=2.67] rank1[cuda1,share=0.3233,tput=3.85]
epoch 25: eval=0.7676
epoch 26: loss=0.639158, train_acc=0.7813, time=9.4s
per-rank: rank0[cuda0,share=0.3533,tput=2.27] rank2[cuda2,share=0.3234,tput=5.35] rank1[cuda1,share=0.3233,tput=3.48]
epoch 26: eval=0.7279
epoch 27: loss=0.632266, train_acc=0.7814, time=9.0s
per-rank: rank0[cuda0,share=0.3533,tput=3.82] rank2[cuda2,share=0.3234,tput=2.59] rank1[cuda1,share=0.3233,tput=3.56]
epoch 27: eval=0.7379
epoch 28: loss=0.628098, train_acc=0.7846, time=8.7s
per-rank: rank0[cuda0,share=0.3533,tput=2.46] rank2[cuda2,share=0.3234,tput=4.63] rank1[cuda1,share=0.3233,tput=3.45]
epoch 28: eval=0.7253
epoch 29: loss=0.623417, train_acc=0.7843, time=8.7s
per-rank: rank0[cuda0,share=0.3533,tput=4.16] rank2[cuda2,share=0.3234,tput=2.13] rank1[cuda1,share=0.3233,tput=3.87]
epoch 29: eval=0.7385
epoch 30: loss=0.608993, train_acc=0.7892, time=8.6s
per-rank: rank0[cuda0,share=0.3533,tput=3.07] rank2[cuda2,share=0.3234,tput=4.55] rank1[cuda1,share=0.3233,tput=2.55]
epoch 30: eval=0.7512
epoch 31: loss=0.606319, train_acc=0.7909, time=8.5s
per-rank: rank0[cuda0,share=0.3533,tput=5.04] rank2[cuda2,share=0.3234,tput=2.42] rank1[cuda1,share=0.3233,tput=3.09]
epoch 31: eval=0.7800
epoch 32: loss=0.602605, train_acc=0.7915, time=8.4s
per-rank: rank0[cuda0,share=0.3533,tput=3.60] rank2[cuda2,share=0.3234,tput=2.55] rank1[cuda1,share=0.3233,tput=4.39]
epoch 32: eval=0.7956
epoch 33: loss=0.603894, train_acc=0.7938, time=9.5s
per-rank: rank0[cuda0,share=0.3533,tput=2.27] rank2[cuda2,share=0.3234,tput=5.10] rank1[cuda1,share=0.3233,tput=3.38]
epoch 33: eval=0.7901
epoch 34: loss=0.593528, train_acc=0.7969, time=9.0s
per-rank: rank0[cuda0,share=0.3533,tput=3.47] rank2[cuda2,share=0.3234,tput=2.49] rank1[cuda1,share=0.3233,tput=4.07]
epoch 34: eval=0.7010
epoch 35: loss=0.600134, train_acc=0.7942, time=9.7s
per-rank: rank0[cuda0,share=0.3533,tput=2.20] rank2[cuda2,share=0.3234,tput=4.69] rank1[cuda1,share=0.3233,tput=3.84]
epoch 35: eval=0.7797
epoch 36: loss=0.585920, train_acc=0.7988, time=9.1s
per-rank: rank0[cuda0,share=0.3533,tput=3.74] rank2[cuda2,share=0.3234,tput=2.45] rank1[cuda1,share=0.3233,tput=4.27]
epoch 36: eval=0.7106
epoch 37: loss=0.587485, train_acc=0.7975, time=8.7s
per-rank: rank0[cuda0,share=0.3533,tput=2.92] rank2[cuda2,share=0.3234,tput=5.70] rank1[cuda1,share=0.3233,tput=2.34]
epoch 37: eval=0.7895
epoch 38: loss=0.580332, train_acc=0.8003, time=8.7s
per-rank: rank0[cuda0,share=0.3533,tput=3.00] rank2[cuda2,share=0.3234,tput=2.04] rank1[cuda1,share=0.3233,tput=6.04]
epoch 38: eval=0.7421
epoch 39: loss=0.580673, train_acc=0.8007, time=8.6s
per-rank: rank0[cuda0,share=0.3533,tput=2.94] rank2[cuda2,share=0.3234,tput=5.17] rank1[cuda1,share=0.3233,tput=2.51]
epoch 39: eval=0.7451
epoch 40: loss=0.582128, train_acc=0.8010, time=9.4s
per-rank: rank0[cuda0,share=0.3533,tput=2.27] rank2[cuda2,share=0.3234,tput=4.38] rank1[cuda1,share=0.3233,tput=3.61]
epoch 40: eval=0.7500
epoch 41: loss=0.574799, train_acc=0.8014, time=8.9s
per-rank: rank0[cuda0,share=0.3533,tput=4.08] rank2[cuda2,share=0.3234,tput=3.07] rank1[cuda1,share=0.3233,tput=2.79]
epoch 41: eval=0.7675
epoch 42: loss=0.572760, train_acc=0.8043, time=9.5s
per-rank: rank0[cuda0,share=0.3533,tput=2.25] rank2[cuda2,share=0.3234,tput=3.19] rank1[cuda1,share=0.3233,tput=5.73]
epoch 42: eval=0.7877
epoch 43: loss=0.568888, train_acc=0.8050, time=9.2s
per-rank: rank0[cuda0,share=0.3533,tput=3.15] rank2[cuda2,share=0.3234,tput=3.94] rank1[cuda1,share=0.3233,tput=2.50]
epoch 43: eval=0.7440
epoch 44: loss=0.564942, train_acc=0.8061, time=8.7s
per-rank: rank0[cuda0,share=0.3533,tput=2.74] rank2[cuda2,share=0.3234,tput=5.23] rank1[cuda1,share=0.3233,tput=2.54]
epoch 44: eval=0.7809
epoch 45: loss=0.562970, train_acc=0.8059, time=9.6s
per-rank: rank0[cuda0,share=0.3533,tput=2.25] rank2[cuda2,share=0.3234,tput=4.04] rank1[cuda1,share=0.3233,tput=3.95]
epoch 45: eval=0.7721
epoch 46: loss=0.558397, train_acc=0.8079, time=9.1s
per-rank: rank0[cuda0,share=0.3533,tput=4.34] rank2[cuda2,share=0.3234,tput=3.20] rank1[cuda1,share=0.3233,tput=2.50]
epoch 46: eval=0.7533
epoch 47: loss=0.555103, train_acc=0.8095, time=8.7s
per-rank: rank0[cuda0,share=0.3533,tput=4.81] rank2[cuda2,share=0.3234,tput=1.99] rank1[cuda1,share=0.3233,tput=3.60]
epoch 47: eval=0.7911
epoch 48: loss=0.563482, train_acc=0.8063, time=8.6s
per-rank: rank0[cuda0,share=0.3533,tput=3.23] rank2[cuda2,share=0.3234,tput=4.52] rank1[cuda1,share=0.3233,tput=2.63]
epoch 48: eval=0.7481
epoch 49: loss=0.557670, train_acc=0.8079, time=8.6s
per-rank: rank0[cuda0,share=0.3533,tput=2.58] rank2[cuda2,share=0.3234,tput=5.67] rank1[cuda1,share=0.3233,tput=2.55]
epoch 49: eval=0.7245
epoch 50: loss=0.546174, train_acc=0.8128, time=8.5s
per-rank: rank0[cuda0,share=0.3533,tput=3.17] rank2[cuda2,share=0.3234,tput=5.81] rank1[cuda1,share=0.3233,tput=2.16]
epoch 50: eval=0.7986
epoch 51: loss=0.551644, train_acc=0.8085, time=9.8s
per-rank: rank0[cuda0,share=0.3533,tput=2.14] rank2[cuda2,share=0.3234,tput=5.10] rank1[cuda1,share=0.3233,tput=3.31]
epoch 51: eval=0.6713
epoch 52: loss=0.551081, train_acc=0.8122, time=9.2s
per-rank: rank0[cuda0,share=0.3533,tput=4.17] rank2[cuda2,share=0.3234,tput=2.54] rank1[cuda1,share=0.3233,tput=3.14]
epoch 52: eval=0.6629
epoch 53: loss=0.544174, train_acc=0.8131, time=8.5s
per-rank: rank0[cuda0,share=0.3533,tput=5.10] rank2[cuda2,share=0.3234,tput=3.21] rank1[cuda1,share=0.3233,tput=2.28]
epoch 53: eval=0.7650
epoch 54: loss=0.545825, train_acc=0.8139, time=9.1s
per-rank: rank0[cuda0,share=0.3533,tput=2.38] rank2[cuda2,share=0.3234,tput=3.21] rank1[cuda1,share=0.3233,tput=5.34]
epoch 54: eval=0.7307
epoch 55: loss=0.548121, train_acc=0.8119, time=9.1s
per-rank: rank0[cuda0,share=0.3533,tput=4.05] rank2[cuda2,share=0.3234,tput=3.54] rank1[cuda1,share=0.3233,tput=2.18]
epoch 55: eval=0.8013
epoch 56: loss=0.542518, train_acc=0.8130, time=9.6s
per-rank: rank0[cuda0,share=0.3533,tput=2.23] rank2[cuda2,share=0.3234,tput=3.51] rank1[cuda1,share=0.3233,tput=5.09]
epoch 56: eval=0.7911
epoch 57: loss=0.540821, train_acc=0.8155, time=9.2s
per-rank: rank0[cuda0,share=0.3533,tput=4.00] rank2[cuda2,share=0.3234,tput=2.54] rank1[cuda1,share=0.3233,tput=3.30]
epoch 57: eval=0.7585
epoch 58: loss=0.533582, train_acc=0.8170, time=8.6s
per-rank: rank0[cuda0,share=0.3533,tput=4.58] rank2[cuda2,share=0.3234,tput=2.31] rank1[cuda1,share=0.3233,tput=3.47]
epoch 58: eval=0.8081
epoch 59: loss=0.537685, train_acc=0.8155, time=8.7s
per-rank: rank0[cuda0,share=0.3533,tput=4.13] rank2[cuda2,share=0.3234,tput=3.20] rank1[cuda1,share=0.3233,tput=2.45]
epoch 59: eval=0.6798
epoch 60: loss=0.537059, train_acc=0.8168, time=8.7s
per-rank: rank0[cuda0,share=0.3533,tput=2.80] rank2[cuda2,share=0.3234,tput=5.17] rank1[cuda1,share=0.3233,tput=2.56]
epoch 60: eval=0.8029
epoch 61: loss=0.532274, train_acc=0.8177, time=8.8s
per-rank: rank0[cuda0,share=0.3533,tput=3.72] rank2[cuda2,share=0.3234,tput=2.25] rank1[cuda1,share=0.3233,tput=3.74]
epoch 61: eval=0.7882
epoch 62: loss=0.539456, train_acc=0.8128, time=8.7s
per-rank: rank0[cuda0,share=0.3533,tput=2.50] rank2[cuda2,share=0.3234,tput=2.34] rank1[cuda1,share=0.3233,tput=6.21]
epoch 62: eval=0.8133
epoch 63: loss=0.526887, train_acc=0.8190, time=8.7s
per-rank: rank0[cuda0,share=0.3533,tput=3.19] rank2[cuda2,share=0.3234,tput=5.11] rank1[cuda1,share=0.3233,tput=2.29]
epoch 63: eval=0.7600
epoch 64: loss=0.536300, train_acc=0.8170, time=8.7s
per-rank: rank0[cuda0,share=0.3533,tput=4.72] rank2[cuda2,share=0.3234,tput=3.25] rank1[cuda1,share=0.3233,tput=2.38]
epoch 64: eval=0.7636
epoch 65: loss=0.526259, train_acc=0.8199, time=8.6s
per-rank: rank0[cuda0,share=0.3533,tput=4.56] rank2[cuda2,share=0.3234,tput=2.18] rank1[cuda1,share=0.3233,tput=3.62]
epoch 65: eval=0.7914
epoch 66: loss=0.524254, train_acc=0.8199, time=8.5s
per-rank: rank0[cuda0,share=0.3533,tput=3.03] rank2[cuda2,share=0.3234,tput=2.23] rank1[cuda1,share=0.3233,tput=5.26]
epoch 66: eval=0.7631
epoch 67: loss=0.538366, train_acc=0.8159, time=9.4s
per-rank: rank0[cuda0,share=0.3533,tput=2.28] rank2[cuda2,share=0.3234,tput=5.04] rank1[cuda1,share=0.3233,tput=3.43]
epoch 67: eval=0.7616
epoch 68: loss=0.523058, train_acc=0.8193, time=9.0s
per-rank: rank0[cuda0,share=0.3533,tput=4.23] rank2[cuda2,share=0.3234,tput=3.21] rank1[cuda1,share=0.3233,tput=2.37]
epoch 68: eval=0.7837
epoch 69: loss=0.525800, train_acc=0.8201, time=8.6s
per-rank: rank0[cuda0,share=0.3533,tput=2.78] rank2[cuda2,share=0.3234,tput=4.85] rank1[cuda1,share=0.3233,tput=2.63]
epoch 69: eval=0.7773
epoch 70: loss=0.522654, train_acc=0.8207, time=8.6s
per-rank: rank0[cuda0,share=0.3533,tput=3.68] rank2[cuda2,share=0.3234,tput=3.36] rank1[cuda1,share=0.3233,tput=2.65]
epoch 70: eval=0.7746
epoch 71: loss=1.246506, train_acc=0.5515, time=8.8s
per-rank: rank0[cuda0,share=0.3597,tput=2.56] rank2[cuda2,share=0.3202,tput=5.45] rank1[cuda1,share=0.3201,tput=2.47]
epoch 71: eval=0.5416
epoch 72: loss=1.036591, train_acc=0.6331, time=8.7s
per-rank: rank0[cuda0,share=0.3597,tput=5.06] rank2[cuda2,share=0.3202,tput=4.32] rank1[cuda1,share=0.3201,tput=2.38]
epoch 72: eval=0.5903
epoch 73: loss=0.896192, train_acc=0.6856, time=8.6s
per-rank: rank0[cuda0,share=0.3597,tput=3.31] rank2[cuda2,share=0.3202,tput=4.95] rank1[cuda1,share=0.3201,tput=2.40]
epoch 73: eval=0.6348
epoch 74: loss=0.817120, train_acc=0.7165, time=8.5s
per-rank: rank0[cuda0,share=0.3597,tput=5.04] rank2[cuda2,share=0.3202,tput=3.19] rank1[cuda1,share=0.3201,tput=2.23]
epoch 74: eval=0.7218
epoch 75: loss=0.772438, train_acc=0.7340, time=9.9s
per-rank: rank0[cuda0,share=0.3597,tput=2.22] rank2[cuda2,share=0.3202,tput=3.50] rank1[cuda1,share=0.3201,tput=5.40]
epoch 75: eval=0.6097
epoch 76: loss=0.733527, train_acc=0.7473, time=9.3s
per-rank: rank0[cuda0,share=0.3597,tput=3.49] rank2[cuda2,share=0.3202,tput=2.25] rank1[cuda1,share=0.3201,tput=4.33]
epoch 76: eval=0.6870
epoch 77: loss=0.705124, train_acc=0.7565, time=8.5s
per-rank: rank0[cuda0,share=0.3597,tput=4.14] rank2[cuda2,share=0.3202,tput=3.33] rank1[cuda1,share=0.3201,tput=2.64]
epoch 77: eval=0.7273
epoch 78: loss=0.689106, train_acc=0.7627, time=8.5s
per-rank: rank0[cuda0,share=0.3597,tput=3.57] rank2[cuda2,share=0.3202,tput=5.18] rank1[cuda1,share=0.3201,tput=2.05]
epoch 78: eval=0.7485
epoch 79: loss=0.677617, train_acc=0.7673, time=8.6s
per-rank: rank0[cuda0,share=0.3597,tput=3.38] rank2[cuda2,share=0.3202,tput=2.33] rank1[cuda1,share=0.3201,tput=4.78]
epoch 79: eval=0.7389
epoch 80: loss=0.663193, train_acc=0.7713, time=8.6s
per-rank: rank0[cuda0,share=0.3597,tput=3.02] rank2[cuda2,share=0.3202,tput=2.30] rank1[cuda1,share=0.3201,tput=5.66]
epoch 80: eval=0.7411
epoch 81: loss=0.640483, train_acc=0.7780, time=8.8s
per-rank: rank0[cuda0,share=0.3597,tput=4.06] rank2[cuda2,share=0.3202,tput=2.28] rank1[cuda1,share=0.3201,tput=3.50]
epoch 81: eval=0.7497
epoch 82: loss=0.635415, train_acc=0.7816, time=8.8s
per-rank: rank0[cuda0,share=0.3597,tput=2.58] rank2[cuda2,share=0.3202,tput=2.43] rank1[cuda1,share=0.3201,tput=5.31]
epoch 82: eval=0.6634
epoch 83: loss=0.627082, train_acc=0.7847, time=8.6s
per-rank: rank0[cuda0,share=0.3597,tput=5.13] rank2[cuda2,share=0.3202,tput=3.25] rank1[cuda1,share=0.3201,tput=2.08]
epoch 83: eval=0.7818
epoch 84: loss=0.615639, train_acc=0.7889, time=8.6s
per-rank: rank0[cuda0,share=0.3597,tput=4.64] rank2[cuda2,share=0.3202,tput=2.32] rank1[cuda1,share=0.3201,tput=3.26]
epoch 84: eval=0.7943
epoch 85: loss=0.607264, train_acc=0.7929, time=10.5s
per-rank: rank0[cuda0,share=0.3597,tput=2.06] rank2[cuda2,share=0.3202,tput=3.37] rank1[cuda1,share=0.3201,tput=5.34]
epoch 85: eval=0.6703
epoch 86: loss=0.603325, train_acc=0.7932, time=9.5s
per-rank: rank0[cuda0,share=0.3597,tput=2.81] rank2[cuda2,share=0.3202,tput=2.74] rank1[cuda1,share=0.3201,tput=3.90]
epoch 86: eval=0.7557
epoch 87: loss=0.595375, train_acc=0.7967, time=8.6s
per-rank: rank0[cuda0,share=0.3597,tput=3.43] rank2[cuda2,share=0.3202,tput=2.44] rank1[cuda1,share=0.3201,tput=4.05]
epoch 87: eval=0.6823
epoch 88: loss=0.592694, train_acc=0.7970, time=10.8s
per-rank: rank0[cuda0,share=0.3597,tput=2.02] rank2[cuda2,share=0.3202,tput=5.22] rank1[cuda1,share=0.3201,tput=3.76]
epoch 88: eval=0.7707
epoch 89: loss=0.583890, train_acc=0.7986, time=10.4s
per-rank: rank0[cuda0,share=0.3597,tput=2.47] rank2[cuda2,share=0.3202,tput=2.53] rank1[cuda1,share=0.3201,tput=3.99]
epoch 89: eval=0.7678
epoch 90: loss=0.585822, train_acc=0.7995, time=8.9s
per-rank: rank0[cuda0,share=0.3597,tput=3.37] rank2[cuda2,share=0.3202,tput=3.34] rank1[cuda1,share=0.3201,tput=2.63]
epoch 90: eval=0.7341
epoch 91: loss=0.574701, train_acc=0.8043, time=8.6s
per-rank: rank0[cuda0,share=0.3597,tput=4.37] rank2[cuda2,share=0.3202,tput=2.32] rank1[cuda1,share=0.3201,tput=3.49]
epoch 91: eval=0.7588
epoch 92: loss=0.580834, train_acc=0.8010, time=9.4s
per-rank: rank0[cuda0,share=0.3597,tput=2.33] rank2[cuda2,share=0.3202,tput=5.53] rank1[cuda1,share=0.3201,tput=3.14]
epoch 92: eval=0.7264
epoch 93: loss=0.573402, train_acc=0.8020, time=9.0s
per-rank: rank0[cuda0,share=0.3597,tput=4.20] rank2[cuda2,share=0.3202,tput=2.27] rank1[cuda1,share=0.3201,tput=3.48]
epoch 93: eval=0.7424
epoch 94: loss=0.569608, train_acc=0.8039, time=8.7s
per-rank: rank0[cuda0,share=0.3597,tput=2.94] rank2[cuda2,share=0.3202,tput=4.99] rank1[cuda1,share=0.3201,tput=2.55]
epoch 94: eval=0.7704
epoch 95: loss=0.562305, train_acc=0.8074, time=8.6s
per-rank: rank0[cuda0,share=0.3597,tput=3.15] rank2[cuda2,share=0.3202,tput=2.01] rank1[cuda1,share=0.3201,tput=6.00]
epoch 95: eval=0.7763
epoch 96: loss=0.563685, train_acc=0.8075, time=8.7s
per-rank: rank0[cuda0,share=0.3597,tput=3.18] rank2[cuda2,share=0.3202,tput=5.21] rank1[cuda1,share=0.3201,tput=2.42]
epoch 96: eval=0.7662
epoch 97: loss=0.561300, train_acc=0.8064, time=8.6s
per-rank: rank0[cuda0,share=0.3597,tput=2.87] rank2[cuda2,share=0.3202,tput=2.07] rank1[cuda1,share=0.3201,tput=6.27]
epoch 97: eval=0.6910
epoch 98: loss=0.554998, train_acc=0.8109, time=8.6s
per-rank: rank0[cuda0,share=0.3597,tput=4.08] rank2[cuda2,share=0.3202,tput=3.18] rank1[cuda1,share=0.3201,tput=2.71]
epoch 98: eval=0.7546
epoch 99: loss=0.551512, train_acc=0.8124, time=8.5s
per-rank: rank0[cuda0,share=0.3597,tput=4.93] rank2[cuda2,share=0.3202,tput=2.39] rank1[cuda1,share=0.3201,tput=3.09]
epoch 99: eval=0.7723
epoch 100: loss=0.549218, train_acc=0.8126, time=8.6s
per-rank: rank0[cuda0,share=0.3597,tput=3.40] rank2[cuda2,share=0.3202,tput=2.43] rank1[cuda1,share=0.3201,tput=4.57]
epoch 100: eval=0.7154
epoch 101: loss=0.547369, train_acc=0.8102, time=8.8s
per-rank: rank0[cuda0,share=0.3597,tput=2.86] rank2[cuda2,share=0.3202,tput=2.42] rank1[cuda1,share=0.3201,tput=5.46]
epoch 101: eval=0.7830
epoch 102: loss=0.552827, train_acc=0.8105, time=8.7s
per-rank: rank0[cuda0,share=0.3597,tput=4.20] rank2[cuda2,share=0.3202,tput=1.99] rank1[cuda1,share=0.3201,tput=3.92]
epoch 102: eval=0.7497
epoch 103: loss=0.543381, train_acc=0.8138, time=8.6s
per-rank: rank0[cuda0,share=0.3597,tput=4.58] rank2[cuda2,share=0.3202,tput=2.01] rank1[cuda1,share=0.3201,tput=3.73]
epoch 103: eval=0.7308
epoch 104: loss=0.539840, train_acc=0.8155, time=8.6s
per-rank: rank0[cuda0,share=0.3597,tput=3.68] rank2[cuda2,share=0.3202,tput=3.67] rank1[cuda1,share=0.3201,tput=2.51]
epoch 104: eval=0.8056
epoch 105: loss=0.541455, train_acc=0.8138, time=9.9s
per-rank: rank0[cuda0,share=0.3597,tput=2.24] rank2[cuda2,share=0.3202,tput=3.59] rank1[cuda1,share=0.3201,tput=5.10]
epoch 105: eval=0.7575
epoch 106: loss=0.532389, train_acc=0.8188, time=9.2s
per-rank: rank0[cuda0,share=0.3597,tput=3.81] rank2[cuda2,share=0.3202,tput=2.61] rank1[cuda1,share=0.3201,tput=3.42]
epoch 106: eval=0.7890
epoch 107: loss=0.534631, train_acc=0.8163, time=8.5s
per-rank: rank0[cuda0,share=0.3597,tput=3.24] rank2[cuda2,share=0.3202,tput=2.41] rank1[cuda1,share=0.3201,tput=4.67]
epoch 107: eval=0.7896
epoch 108: loss=0.538087, train_acc=0.8154, time=9.4s
per-rank: rank0[cuda0,share=0.3597,tput=2.36] rank2[cuda2,share=0.3202,tput=2.93] rank1[cuda1,share=0.3201,tput=5.54]
epoch 108: eval=0.7057
epoch 109: loss=0.536567, train_acc=0.8158, time=9.0s
per-rank: rank0[cuda0,share=0.3597,tput=4.21] rank2[cuda2,share=0.3202,tput=3.37] rank1[cuda1,share=0.3201,tput=2.38]
epoch 109: eval=0.6722
epoch 110: loss=0.536392, train_acc=0.8127, time=9.9s
per-rank: rank0[cuda0,share=0.3597,tput=2.24] rank2[cuda2,share=0.3202,tput=5.13] rank1[cuda1,share=0.3201,tput=3.52]
epoch 110: eval=0.7479
epoch 111: loss=0.532971, train_acc=0.8180, time=9.3s
per-rank: rank0[cuda0,share=0.3597,tput=3.12] rank2[cuda2,share=0.3202,tput=3.45] rank1[cuda1,share=0.3201,tput=2.80]
epoch 111: eval=0.8091
epoch 112: loss=0.535609, train_acc=0.8155, time=9.3s
per-rank: rank0[cuda0,share=0.3597,tput=2.38] rank2[cuda2,share=0.3202,tput=3.28] rank1[cuda1,share=0.3201,tput=5.43]
epoch 112: eval=0.7742
epoch 113: loss=0.522528, train_acc=0.8223, time=9.0s
per-rank: rank0[cuda0,share=0.3597,tput=4.43] rank2[cuda2,share=0.3202,tput=3.39] rank1[cuda1,share=0.3201,tput=2.33]
epoch 113: eval=0.7959
epoch 114: loss=0.533979, train_acc=0.8168, time=9.6s
per-rank: rank0[cuda0,share=0.3597,tput=2.32] rank2[cuda2,share=0.3202,tput=5.12] rank1[cuda1,share=0.3201,tput=3.32]
epoch 114: eval=0.7520
epoch 115: loss=0.523190, train_acc=0.8192, time=9.2s
per-rank: rank0[cuda0,share=0.3597,tput=3.65] rank2[cuda2,share=0.3202,tput=2.45] rank1[cuda1,share=0.3201,tput=3.72]
epoch 115: eval=0.7717
epoch 116: loss=0.523386, train_acc=0.8194, time=8.5s
per-rank: rank0[cuda0,share=0.3597,tput=3.41] rank2[cuda2,share=0.3202,tput=4.65] rank1[cuda1,share=0.3201,tput=2.36]
epoch 116: eval=0.7701
epoch 117: loss=0.524137, train_acc=0.8194, time=8.6s
per-rank: rank0[cuda0,share=0.3597,tput=3.83] rank2[cuda2,share=0.3202,tput=3.41] rank1[cuda1,share=0.3201,tput=2.56]
epoch 117: eval=0.7914
epoch 118: loss=0.531640, train_acc=0.8180, time=9.1s
per-rank: rank0[cuda0,share=0.3597,tput=2.48] rank2[cuda2,share=0.3202,tput=2.93] rank1[cuda1,share=0.3201,tput=5.15]
epoch 118: eval=0.8006
epoch 119: loss=0.525407, train_acc=0.8209, time=8.8s
per-rank: rank0[cuda0,share=0.3597,tput=4.38] rank2[cuda2,share=0.3202,tput=2.04] rank1[cuda1,share=0.3201,tput=3.89]
epoch 119: eval=0.7997
epoch 120: loss=0.519961, train_acc=0.8209, time=10.0s
per-rank: rank0[cuda0,share=0.3597,tput=2.21] rank2[cuda2,share=0.3202,tput=3.46] rank1[cuda1,share=0.3201,tput=5.07]
epoch 120: eval=0.7868
epoch 121: loss=0.521829, train_acc=0.8205, time=9.3s
per-rank: rank0[cuda0,share=0.3597,tput=3.61] rank2[cuda2,share=0.3202,tput=2.22] rank1[cuda1,share=0.3201,tput=4.06]
epoch 121: eval=0.7904
epoch 122: loss=0.514991, train_acc=0.8257, time=9.9s
per-rank: rank0[cuda0,share=0.3597,tput=2.22] rank2[cuda2,share=0.3202,tput=4.49] rank1[cuda1,share=0.3201,tput=3.70]
epoch 122: eval=0.8053
epoch 123: loss=0.519161, train_acc=0.8210, time=9.3s
per-rank: rank0[cuda0,share=0.3597,tput=3.74] rank2[cuda2,share=0.3202,tput=2.56] rank1[cuda1,share=0.3201,tput=3.47]
epoch 123: eval=0.7635
epoch 124: loss=0.517211, train_acc=0.8231, time=9.4s
per-rank: rank0[cuda0,share=0.3597,tput=2.36] rank2[cuda2,share=0.3202,tput=5.09] rank1[cuda1,share=0.3201,tput=3.29]
epoch 124: eval=0.7674
epoch 125: loss=0.511981, train_acc=0.8237, time=9.1s
per-rank: rank0[cuda0,share=0.3597,tput=4.48] rank2[cuda2,share=0.3202,tput=2.28] rank1[cuda1,share=0.3201,tput=3.36]
epoch 125: eval=0.7844
epoch 126: loss=0.513451, train_acc=0.8236, time=8.6s
per-rank: rank0[cuda0,share=0.3597,tput=4.74] rank2[cuda2,share=0.3202,tput=2.53] rank1[cuda1,share=0.3201,tput=2.94]
epoch 126: eval=0.7934
epoch 127: loss=0.517048, train_acc=0.8227, time=8.6s
per-rank: rank0[cuda0,share=0.3597,tput=2.94] rank2[cuda2,share=0.3202,tput=4.56] rank1[cuda1,share=0.3201,tput=2.61]
epoch 127: eval=0.7609
epoch 128: loss=0.514132, train_acc=0.8231, time=8.6s
per-rank: rank0[cuda0,share=0.3597,tput=2.85] rank2[cuda2,share=0.3202,tput=2.03] rank1[cuda1,share=0.3201,tput=6.37]
epoch 128: eval=0.7839
epoch 129: loss=0.512981, train_acc=0.8235, time=8.6s
per-rank: rank0[cuda0,share=0.3597,tput=3.11] rank2[cuda2,share=0.3202,tput=2.23] rank1[cuda1,share=0.3201,tput=5.38]
epoch 129: eval=0.7639
epoch 130: loss=0.513470, train_acc=0.8237, time=8.6s
per-rank: rank0[cuda0,share=0.3597,tput=2.93] rank2[cuda2,share=0.3202,tput=2.44] rank1[cuda1,share=0.3201,tput=5.30]
epoch 130: eval=0.7448
epoch 131: loss=0.513892, train_acc=0.8248, time=8.7s
per-rank: rank0[cuda0,share=0.3597,tput=2.31] rank2[cuda2,share=0.3202,tput=5.81] rank1[cuda1,share=0.3201,tput=2.56]
epoch 131: eval=0.7530
epoch 132: loss=0.509462, train_acc=0.8262, time=8.5s
per-rank: rank0[cuda0,share=0.3597,tput=3.88] rank2[cuda2,share=0.3202,tput=2.63] rank1[cuda1,share=0.3201,tput=3.46]
epoch 132: eval=0.7806
epoch 133: loss=0.510299, train_acc=0.8239, time=9.5s
per-rank: rank0[cuda0,share=0.3597,tput=2.30] rank2[cuda2,share=0.3202,tput=3.56] rank1[cuda1,share=0.3201,tput=4.99]
epoch 133: eval=0.7405
epoch 134: loss=0.508022, train_acc=0.8250, time=9.1s
per-rank: rank0[cuda0,share=0.3597,tput=3.72] rank2[cuda2,share=0.3202,tput=2.53] rank1[cuda1,share=0.3201,tput=3.64]
epoch 134: eval=0.7659
epoch 135: loss=0.507169, train_acc=0.8267, time=8.7s
per-rank: rank0[cuda0,share=0.3597,tput=4.50] rank2[cuda2,share=0.3202,tput=2.01] rank1[cuda1,share=0.3201,tput=3.96]
epoch 135: eval=0.7949
epoch 136: loss=0.501785, train_acc=0.8270, time=8.7s
per-rank: rank0[cuda0,share=0.3597,tput=3.36] rank2[cuda2,share=0.3202,tput=2.00] rank1[cuda1,share=0.3201,tput=6.02]
epoch 136: eval=0.7929
epoch 137: loss=0.501290, train_acc=0.8273, time=9.6s
per-rank: rank0[cuda0,share=0.3597,tput=2.29] rank2[cuda2,share=0.3202,tput=4.97] rank1[cuda1,share=0.3201,tput=3.40]
epoch 137: eval=0.7757
epoch 138: loss=0.505152, train_acc=0.8279, time=9.2s
per-rank: rank0[cuda0,share=0.3597,tput=2.88] rank2[cuda2,share=0.3202,tput=3.88] rank1[cuda1,share=0.3201,tput=2.76]
epoch 138: eval=0.7677
epoch 139: loss=0.513846, train_acc=0.8223, time=8.6s
per-rank: rank0[cuda0,share=0.3597,tput=4.87] rank2[cuda2,share=0.3202,tput=2.10] rank1[cuda1,share=0.3201,tput=3.42]
epoch 139: eval=0.7575
epoch 140: loss=0.501637, train_acc=0.8284, time=8.5s
per-rank: rank0[cuda0,share=0.3597,tput=4.73] rank2[cuda2,share=0.3202,tput=2.83] rank1[cuda1,share=0.3201,tput=2.64]
epoch 140: eval=0.8222
epoch 141: loss=0.504415, train_acc=0.8258, time=8.7s
per-rank: rank0[cuda0,share=0.3597,tput=2.89] rank2[cuda2,share=0.3202,tput=2.05] rank1[cuda1,share=0.3201,tput=6.07]
epoch 141: eval=0.7662
epoch 142: loss=0.502122, train_acc=0.8275, time=8.7s
per-rank: rank0[cuda0,share=0.3597,tput=2.81] rank2[cuda2,share=0.3202,tput=2.45] rank1[cuda1,share=0.3201,tput=4.98]
epoch 142: eval=0.7921
epoch 143: loss=0.501626, train_acc=0.8277, time=8.6s
per-rank: rank0[cuda0,share=0.3597,tput=3.26] rank2[cuda2,share=0.3202,tput=2.49] rank1[cuda1,share=0.3201,tput=3.92]
epoch 143: eval=0.8084
epoch 144: loss=0.503567, train_acc=0.8282, time=8.6s
per-rank: rank0[cuda0,share=0.3597,tput=4.73] rank2[cuda2,share=0.3202,tput=2.15] rank1[cuda1,share=0.3201,tput=3.46]
epoch 144: eval=0.8205
epoch 145: loss=0.503015, train_acc=0.8274, time=8.6s
per-rank: rank0[cuda0,share=0.3619,tput=3.09] rank2[cuda2,share=0.3191,tput=4.52] rank1[cuda1,share=0.3190,tput=2.58]
epoch 145: eval=0.8427
epoch 146: loss=0.419754, train_acc=0.8555, time=9.7s
per-rank: rank0[cuda0,share=0.3619,tput=2.30] rank2[cuda2,share=0.3191,tput=4.35] rank1[cuda1,share=0.3190,tput=4.06]
epoch 146: eval=0.8604
epoch 147: loss=0.389143, train_acc=0.8655, time=9.1s
per-rank: rank0[cuda0,share=0.3619,tput=4.19] rank2[cuda2,share=0.3191,tput=2.35] rank1[cuda1,share=0.3190,tput=3.48]
epoch 147: eval=0.8645
epoch 148: loss=0.368522, train_acc=0.8728, time=8.6s
per-rank: rank0[cuda0,share=0.3619,tput=4.35] rank2[cuda2,share=0.3191,tput=3.23] rank1[cuda1,share=0.3190,tput=2.49]
epoch 148: eval=0.8653
epoch 149: loss=0.350302, train_acc=0.8791, time=8.6s
per-rank: rank0[cuda0,share=0.3619,tput=4.00] rank2[cuda2,share=0.3191,tput=2.26] rank1[cuda1,share=0.3190,tput=3.62]
epoch 149: eval=0.8661
epoch 150: loss=0.339122, train_acc=0.8837, time=9.8s
per-rank: rank0[cuda0,share=0.3619,tput=2.28] rank2[cuda2,share=0.3191,tput=3.81] rank1[cuda1,share=0.3190,tput=4.53]
epoch 150: eval=0.8676
epoch 151: loss=0.335280, train_acc=0.8838, time=9.3s
per-rank: rank0[cuda0,share=0.3619,tput=3.33] rank2[cuda2,share=0.3191,tput=3.64] rank1[cuda1,share=0.3190,tput=2.64]
epoch 151: eval=0.8757
epoch 152: loss=0.324593, train_acc=0.8881, time=8.5s
per-rank: rank0[cuda0,share=0.3619,tput=2.23] rank2[cuda2,share=0.3191,tput=5.73] rank1[cuda1,share=0.3190,tput=2.87]
epoch 152: eval=0.8729
epoch 153: loss=0.318413, train_acc=0.8895, time=10.0s
per-rank: rank0[cuda0,share=0.3619,tput=2.16] rank2[cuda2,share=0.3191,tput=4.88] rank1[cuda1,share=0.3190,tput=3.50]
epoch 153: eval=0.8772
epoch 154: loss=0.309650, train_acc=0.8921, time=9.2s
per-rank: rank0[cuda0,share=0.3619,tput=2.38] rank2[cuda2,share=0.3191,tput=2.69] rank1[cuda1,share=0.3190,tput=4.46]
epoch 154: eval=0.8797
epoch 155: loss=0.306393, train_acc=0.8951, time=8.6s
per-rank: rank0[cuda0,share=0.3619,tput=3.60] rank2[cuda2,share=0.3191,tput=2.25] rank1[cuda1,share=0.3190,tput=5.55]
epoch 155: eval=0.8793
epoch 156: loss=0.299158, train_acc=0.8967, time=9.7s
per-rank: rank0[cuda0,share=0.3619,tput=2.32] rank2[cuda2,share=0.3191,tput=3.24] rank1[cuda1,share=0.3190,tput=5.65]
epoch 156: eval=0.8739
epoch 157: loss=0.296648, train_acc=0.8967, time=9.1s
per-rank: rank0[cuda0,share=0.3619,tput=3.41] rank2[cuda2,share=0.3191,tput=3.63] rank1[cuda1,share=0.3190,tput=2.76]
epoch 157: eval=0.8742
epoch 158: loss=0.291905, train_acc=0.8990, time=9.5s
per-rank: rank0[cuda0,share=0.3619,tput=2.35] rank2[cuda2,share=0.3191,tput=5.10] rank1[cuda1,share=0.3190,tput=3.31]
epoch 158: eval=0.8823
epoch 159: loss=0.269670, train_acc=0.9067, time=9.1s
per-rank: rank0[cuda0,share=0.3619,tput=3.66] rank2[cuda2,share=0.3191,tput=2.35] rank1[cuda1,share=0.3190,tput=3.96]
epoch 159: eval=0.8737
epoch 160: loss=0.256573, train_acc=0.9114, time=10.0s
per-rank: rank0[cuda0,share=0.3619,tput=2.23] rank2[cuda2,share=0.3191,tput=5.23] rank1[cuda1,share=0.3190,tput=3.49]
epoch 160: eval=0.8873
epoch 161: loss=0.248588, train_acc=0.9154, time=9.6s
per-rank: rank0[cuda0,share=0.3619,tput=3.59] rank2[cuda2,share=0.3191,tput=3.60] rank1[cuda1,share=0.3190,tput=2.45]
epoch 161: eval=0.8936
epoch 162: loss=0.243475, train_acc=0.9163, time=8.6s
per-rank: rank0[cuda0,share=0.3619,tput=2.74] rank2[cuda2,share=0.3191,tput=2.00] rank1[cuda1,share=0.3190,tput=6.19]
epoch 162: eval=0.8931
epoch 163: loss=0.240602, train_acc=0.9183, time=9.2s
per-rank: rank0[cuda0,share=0.3619,tput=2.40] rank2[cuda2,share=0.3191,tput=4.34] rank1[cuda1,share=0.3190,tput=3.74]
epoch 163: eval=0.8933
epoch 164: loss=0.238804, train_acc=0.9183, time=9.0s
per-rank: rank0[cuda0,share=0.3619,tput=3.85] rank2[cuda2,share=0.3191,tput=2.10] rank1[cuda1,share=0.3190,tput=3.96]
epoch 164: eval=0.8931
epoch 165: loss=0.235249, train_acc=0.9184, time=8.6s
per-rank: rank0[cuda0,share=0.3619,tput=2.99] rank2[cuda2,share=0.3191,tput=2.26] rank1[cuda1,share=0.3190,tput=5.25]
epoch 165: eval=0.8965
epoch 166: loss=0.232828, train_acc=0.9192, time=8.5s
per-rank: rank0[cuda0,share=0.3619,tput=4.14] rank2[cuda2,share=0.3191,tput=2.40] rank1[cuda1,share=0.3190,tput=3.32]
epoch 166: eval=0.8962
epoch 167: loss=0.232754, train_acc=0.9194, time=8.6s
per-rank: rank0[cuda0,share=0.3619,tput=2.78] rank2[cuda2,share=0.3191,tput=5.71] rank1[cuda1,share=0.3190,tput=2.44]
epoch 167: eval=0.8969
epoch 168: loss=0.227933, train_acc=0.9215, time=9.2s
per-rank: rank0[cuda0,share=0.3619,tput=2.41] rank2[cuda2,share=0.3191,tput=3.51] rank1[cuda1,share=0.3190,tput=4.76]
epoch 168: eval=0.8941
epoch 169: loss=0.227206, train_acc=0.9208, time=8.9s
per-rank: rank0[cuda0,share=0.3619,tput=4.32] rank2[cuda2,share=0.3191,tput=2.87] rank1[cuda1,share=0.3190,tput=2.68]
epoch 169: eval=0.8960
epoch 170: loss=0.227067, train_acc=0.9221, time=8.5s
per-rank: rank0[cuda0,share=0.3619,tput=4.96] rank2[cuda2,share=0.3191,tput=2.72] rank1[cuda1,share=0.3190,tput=2.60]
epoch 170: eval=0.8949
epoch 171: loss=0.226449, train_acc=0.9216, time=9.9s
per-rank: rank0[cuda0,share=0.3619,tput=2.19] rank2[cuda2,share=0.3191,tput=5.25] rank1[cuda1,share=0.3190,tput=3.22]
epoch 171: eval=0.8957
epoch 172: loss=0.224425, train_acc=0.9230, time=9.1s
per-rank: rank0[cuda0,share=0.3619,tput=3.24] rank2[cuda2,share=0.3191,tput=2.37] rank1[cuda1,share=0.3190,tput=4.44]
epoch 172: eval=0.8962
epoch 173: loss=0.220926, train_acc=0.9238, time=8.5s
per-rank: rank0[cuda0,share=0.3619,tput=4.15] rank2[cuda2,share=0.3191,tput=2.55] rank1[cuda1,share=0.3190,tput=4.74]
epoch 173: eval=0.8981
epoch 174: loss=0.220160, train_acc=0.9236, time=8.7s
per-rank: rank0[cuda0,share=0.3619,tput=2.68] rank2[cuda2,share=0.3191,tput=2.59] rank1[cuda1,share=0.3190,tput=5.72]
epoch 174: eval=0.8976
epoch 175: loss=0.220962, train_acc=0.9237, time=8.5s
per-rank: rank0[cuda0,share=0.3619,tput=4.19] rank2[cuda2,share=0.3191,tput=2.33] rank1[cuda1,share=0.3190,tput=3.60]
epoch 175: eval=0.8999
epoch 176: loss=0.216277, train_acc=0.9254, time=9.5s
per-rank: rank0[cuda0,share=0.3619,tput=2.33] rank2[cuda2,share=0.3191,tput=4.70] rank1[cuda1,share=0.3190,tput=3.81]
epoch 176: eval=0.8993
epoch 177: loss=0.217453, train_acc=0.9249, time=9.2s
per-rank: rank0[cuda0,share=0.3619,tput=2.92] rank2[cuda2,share=0.3191,tput=3.79] rank1[cuda1,share=0.3190,tput=2.71]
epoch 177: eval=0.8984
epoch 178: loss=0.215940, train_acc=0.9262, time=10.0s
per-rank: rank0[cuda0,share=0.3619,tput=2.19] rank2[cuda2,share=0.3191,tput=5.37] rank1[cuda1,share=0.3190,tput=3.26]
epoch 178: eval=0.8993
epoch 179: loss=0.215709, train_acc=0.9253, time=9.3s
per-rank: rank0[cuda0,share=0.3619,tput=3.25] rank2[cuda2,share=0.3191,tput=2.61] rank1[cuda1,share=0.3190,tput=3.76]
epoch 179: eval=0.8983
epoch 180: loss=0.212616, train_acc=0.9264, time=9.7s
per-rank: rank0[cuda0,share=0.3619,tput=2.30] rank2[cuda2,share=0.3191,tput=3.65] rank1[cuda1,share=0.3190,tput=4.74]
epoch 180: eval=0.8978
epoch 181: loss=0.215217, train_acc=0.9269, time=9.1s
per-rank: rank0[cuda0,share=0.3619,tput=3.62] rank2[cuda2,share=0.3191,tput=2.13] rank1[cuda1,share=0.3190,tput=4.21]
epoch 181: eval=0.8979
epoch 182: loss=0.208548, train_acc=0.9283, time=8.5s
per-rank: rank0[cuda0,share=0.3619,tput=3.93] rank2[cuda2,share=0.3191,tput=3.21] rank1[cuda1,share=0.3190,tput=2.83]
epoch 182: eval=0.8995
epoch 183: loss=0.211210, train_acc=0.9274, time=9.6s
per-rank: rank0[cuda0,share=0.3619,tput=2.33] rank2[cuda2,share=0.3191,tput=4.77] rank1[cuda1,share=0.3190,tput=3.69]
epoch 183: eval=0.9004
epoch 184: loss=0.209786, train_acc=0.9267, time=9.1s
per-rank: rank0[cuda0,share=0.3619,tput=3.97] rank2[cuda2,share=0.3191,tput=3.14] rank1[cuda1,share=0.3190,tput=2.77]
epoch 184: eval=0.8998
epoch 185: loss=0.210572, train_acc=0.9261, time=10.2s
per-rank: rank0[cuda0,share=0.3619,tput=2.17] rank2[cuda2,share=0.3191,tput=3.53] rank1[cuda1,share=0.3190,tput=5.08]
epoch 185: eval=0.9000
epoch 186: loss=0.206210, train_acc=0.9278, time=9.5s
per-rank: rank0[cuda0,share=0.3619,tput=3.57] rank2[cuda2,share=0.3191,tput=2.69] rank1[cuda1,share=0.3190,tput=3.39]
epoch 186: eval=0.8963
epoch 187: loss=0.206250, train_acc=0.9282, time=9.7s
per-rank: rank0[cuda0,share=0.3619,tput=2.30] rank2[cuda2,share=0.3191,tput=3.63] rank1[cuda1,share=0.3190,tput=4.64]
epoch 187: eval=0.8977
epoch 188: loss=0.206869, train_acc=0.9270, time=9.1s
per-rank: rank0[cuda0,share=0.3619,tput=3.73] rank2[cuda2,share=0.3191,tput=2.06] rank1[cuda1,share=0.3190,tput=4.43]
epoch 188: eval=0.9006
epoch 189: loss=0.204062, train_acc=0.9289, time=8.6s
per-rank: rank0[cuda0,share=0.3619,tput=3.15] rank2[cuda2,share=0.3191,tput=4.59] rank1[cuda1,share=0.3190,tput=2.55]
epoch 189: eval=0.9005
epoch 190: loss=0.203621, train_acc=0.9300, time=8.7s
per-rank: rank0[cuda0,share=0.3619,tput=3.75] rank2[cuda2,share=0.3191,tput=2.32] rank1[cuda1,share=0.3190,tput=4.10]
epoch 190: eval=0.8993
epoch 191: loss=0.201044, train_acc=0.9296, time=8.6s
per-rank: rank0[cuda0,share=0.3619,tput=3.09] rank2[cuda2,share=0.3191,tput=4.94] rank1[cuda1,share=0.3190,tput=2.61]
epoch 191: eval=0.8980
epoch 192: loss=0.200557, train_acc=0.9307, time=8.7s
per-rank: rank0[cuda0,share=0.3619,tput=2.92] rank2[cuda2,share=0.3191,tput=5.41] rank1[cuda1,share=0.3190,tput=2.44]
epoch 192: eval=0.9004
epoch 193: loss=0.202282, train_acc=0.9299, time=9.7s
per-rank: rank0[cuda0,share=0.3619,tput=2.28] rank2[cuda2,share=0.3191,tput=3.64] rank1[cuda1,share=0.3190,tput=4.80]
epoch 193: eval=0.8989
epoch 194: loss=0.199609, train_acc=0.9313, time=9.1s
per-rank: rank0[cuda0,share=0.3619,tput=4.18] rank2[cuda2,share=0.3191,tput=2.49] rank1[cuda1,share=0.3190,tput=3.99]
epoch 194: eval=0.9010
epoch 195: loss=0.200815, train_acc=0.9298, time=8.7s
per-rank: rank0[cuda0,share=0.3619,tput=3.56] rank2[cuda2,share=0.3191,tput=3.81] rank1[cuda1,share=0.3190,tput=2.68]
epoch 195: eval=0.9013
epoch 196: loss=0.198973, train_acc=0.9306, time=8.6s
per-rank: rank0[cuda0,share=0.3619,tput=4.45] rank2[cuda2,share=0.3191,tput=3.71] rank1[cuda1,share=0.3190,tput=2.05]
epoch 196: eval=0.8987
epoch 197: loss=0.197589, train_acc=0.9317, time=9.5s
per-rank: rank0[cuda0,share=0.3619,tput=2.31] rank2[cuda2,share=0.3191,tput=3.61] rank1[cuda1,share=0.3190,tput=4.66]
epoch 197: eval=0.9010
epoch 198: loss=0.194328, train_acc=0.9325, time=9.2s
per-rank: rank0[cuda0,share=0.3619,tput=2.65] rank2[cuda2,share=0.3191,tput=3.54] rank1[cuda1,share=0.3190,tput=3.01]
epoch 198: eval=0.9004
epoch 199: loss=0.193794, train_acc=0.9328, time=8.5s
per-rank: rank0[cuda0,share=0.3619,tput=4.56] rank2[cuda2,share=0.3191,tput=3.61] rank1[cuda1,share=0.3190,tput=2.23]
final eval=0.9031
# total: 1709.1s (28m 29s)
