# gpu0: NVIDIA GeForce RTX 5060 Ti (15GB, sm_120)
# gpu1: NVIDIA GeForce GTX 1060 6GB (5GB, sm_61)
# gpu2: NVIDIA GeForce GTX 1060 6GB (5GB, sm_61)
epoch 0: loss=2.009112, train_acc=0.2364, time=10.0s
per-rank: rank0[cuda0,share=0.3947,tput=3.43] rank1[cuda1,share=0.3230,tput=5.60] rank2[cuda2,share=0.2823,tput=2.51]
epoch 0: eval=0.3349
epoch 1: loss=1.683744, train_acc=0.3696, time=9.9s
per-rank: rank0[cuda0,share=0.4099,tput=2.39] rank1[cuda1,share=0.3087,tput=6.33] rank2[cuda2,share=0.2813,tput=1.80]
epoch 1: eval=0.3812
epoch 2: loss=1.462289, train_acc=0.4638, time=9.9s
per-rank: rank0[cuda0,share=0.4246,tput=2.56] rank1[cuda1,share=0.3009,tput=2.21] rank2[cuda2,share=0.2745,tput=4.80]
epoch 2: eval=0.4791
epoch 3: loss=1.232239, train_acc=0.5582, time=9.7s
per-rank: rank0[cuda0,share=0.4249,tput=3.03] rank1[cuda1,share=0.2973,tput=2.06] rank2[cuda2,share=0.2778,tput=3.83]
epoch 3: eval=0.5950
epoch 4: loss=1.113452, train_acc=0.6027, time=9.7s
per-rank: rank0[cuda0,share=0.4164,tput=3.18] rank2[cuda2,share=0.2964,tput=3.31] rank1[cuda1,share=0.2873,tput=2.24]
epoch 4: eval=0.5889
epoch 5: loss=1.011194, train_acc=0.6431, time=10.1s
per-rank: rank0[cuda0,share=0.4185,tput=3.45] rank2[cuda2,share=0.2927,tput=2.63] rank1[cuda1,share=0.2888,tput=2.42]
epoch 5: eval=0.5821
epoch 6: loss=0.923929, train_acc=0.6748, time=9.8s
per-rank: rank0[cuda0,share=0.4063,tput=2.85] rank2[cuda2,share=0.2984,tput=3.53] rank1[cuda1,share=0.2952,tput=2.27]
epoch 6: eval=0.6430
epoch 7: loss=0.863763, train_acc=0.6980, time=9.7s
per-rank: rank0[cuda0,share=0.3888,tput=2.29] rank1[cuda1,share=0.3056,tput=5.91] rank2[cuda2,share=0.3056,tput=2.03]
epoch 7: eval=0.6458
epoch 8: loss=0.811765, train_acc=0.7167, time=9.9s
per-rank: rank0[cuda0,share=0.3969,tput=2.29] rank1[cuda1,share=0.3202,tput=2.45] rank2[cuda2,share=0.2829,tput=4.75]
epoch 8: eval=0.6832
epoch 9: loss=0.772379, train_acc=0.7303, time=9.6s
per-rank: rank0[cuda0,share=0.4021,tput=2.15] rank1[cuda1,share=0.3216,tput=5.34] rank2[cuda2,share=0.2763,tput=2.21]
epoch 9: eval=0.6502
epoch 10: loss=0.733525, train_acc=0.7459, time=9.6s
per-rank: rank0[cuda0,share=0.3996,tput=3.56] rank1[cuda1,share=0.3103,tput=3.03] rank2[cuda2,share=0.2902,tput=2.23]
epoch 10: eval=0.6839
epoch 11: loss=0.705170, train_acc=0.7557, time=9.8s
per-rank: rank0[cuda0,share=0.4179,tput=2.18] rank1[cuda1,share=0.2910,tput=2.30] rank2[cuda2,share=0.2910,tput=5.66]
epoch 11: eval=0.7284
epoch 12: loss=0.693450, train_acc=0.7582, time=9.6s
per-rank: rank0[cuda0,share=0.4229,tput=2.65] rank1[cuda1,share=0.2905,tput=5.51] rank2[cuda2,share=0.2866,tput=1.95]
epoch 12: eval=0.7430
epoch 13: loss=0.677869, train_acc=0.7661, time=9.6s
per-rank: rank0[cuda0,share=0.4301,tput=3.41] rank1[cuda1,share=0.2941,tput=2.33] rank2[cuda2,share=0.2759,tput=4.50]
epoch 13: eval=0.7700
epoch 14: loss=0.654456, train_acc=0.7736, time=9.8s
per-rank: rank0[cuda0,share=0.4142,tput=3.22] rank1[cuda1,share=0.3004,tput=2.36] rank2[cuda2,share=0.2854,tput=4.20]
epoch 14: eval=0.7608
epoch 15: loss=0.640880, train_acc=0.7794, time=9.6s
per-rank: rank0[cuda0,share=0.3923,tput=2.05] rank1[cuda1,share=0.3120,tput=2.80] rank2[cuda2,share=0.2957,tput=5.37]
epoch 15: eval=0.7348
epoch 16: loss=0.619294, train_acc=0.7861, time=9.5s
per-rank: rank0[cuda0,share=0.3706,tput=3.14] rank1[cuda1,share=0.3308,tput=2.46] rank2[cuda2,share=0.2985,tput=3.35]
epoch 16: eval=0.8117
epoch 17: loss=0.596980, train_acc=0.7934, time=9.7s
per-rank: rank0[cuda0,share=0.3729,tput=2.85] rank1[cuda1,share=0.3166,tput=4.54] rank2[cuda2,share=0.3105,tput=1.94]
epoch 17: eval=0.6984
epoch 18: loss=0.595375, train_acc=0.7933, time=11.9s
per-rank: rank0[cuda0,share=0.4068,tput=2.01] rank1[cuda1,share=0.3163,tput=5.22] rank2[cuda2,share=0.2769,tput=2.87]
epoch 18: eval=0.8069
epoch 19: loss=0.586162, train_acc=0.7967, time=10.7s
per-rank: rank0[cuda0,share=0.4055,tput=3.04] rank1[cuda1,share=0.3104,tput=2.42] rank2[cuda2,share=0.2842,tput=3.99]
epoch 19: eval=0.8021
epoch 20: loss=0.576433, train_acc=0.8024, time=9.9s
per-rank: rank0[cuda0,share=0.4155,tput=3.47] rank2[cuda2,share=0.2968,tput=2.95] rank1[cuda1,share=0.2877,tput=2.36]
epoch 20: eval=0.7743
epoch 21: loss=0.572906, train_acc=0.8020, time=11.9s
per-rank: rank0[cuda0,share=0.4302,tput=2.17] rank1[cuda1,share=0.2929,tput=3.87] rank2[cuda2,share=0.2769,tput=4.15]
epoch 21: eval=0.7815
epoch 22: loss=0.561805, train_acc=0.8077, time=10.8s
per-rank: rank0[cuda0,share=0.4258,tput=2.23] rank1[cuda1,share=0.2871,tput=3.60] rank2[cuda2,share=0.2871,tput=2.72]
epoch 22: eval=0.7406
epoch 23: loss=0.547161, train_acc=0.8137, time=9.6s
per-rank: rank0[cuda0,share=0.4202,tput=3.38] rank1[cuda1,share=0.2981,tput=2.45] rank2[cuda2,share=0.2817,tput=3.02]
epoch 23: eval=0.7814
epoch 24: loss=0.549873, train_acc=0.8094, time=12.1s
per-rank: rank0[cuda0,share=0.4155,tput=2.12] rank1[cuda1,share=0.3043,tput=3.52] rank2[cuda2,share=0.2802,tput=4.74]
epoch 24: eval=0.7346
epoch 25: loss=0.551504, train_acc=0.8110, time=10.8s
per-rank: rank0[cuda0,share=0.4139,tput=2.38] rank1[cuda1,share=0.3022,tput=2.95] rank2[cuda2,share=0.2839,tput=3.44]
epoch 25: eval=0.7283
epoch 26: loss=0.540191, train_acc=0.8138, time=9.6s
per-rank: rank0[cuda0,share=0.4163,tput=3.19] rank1[cuda1,share=0.3061,tput=3.25] rank2[cuda2,share=0.2776,tput=2.31]
epoch 26: eval=0.7685
epoch 27: loss=0.531932, train_acc=0.8170, time=10.1s
per-rank: rank0[cuda0,share=0.4113,tput=3.33] rank1[cuda1,share=0.2964,tput=3.01] rank2[cuda2,share=0.2923,tput=2.09]
epoch 27: eval=0.7756
epoch 28: loss=0.530998, train_acc=0.8175, time=12.4s
per-rank: rank0[cuda0,share=0.4047,tput=2.02] rank1[cuda1,share=0.2996,tput=3.46] rank2[cuda2,share=0.2957,tput=4.69]
epoch 28: eval=0.7459
epoch 29: loss=0.521059, train_acc=0.8192, time=11.1s
per-rank: rank0[cuda0,share=0.4090,tput=2.71] rank1[cuda1,share=0.3072,tput=4.21] rank2[cuda2,share=0.2838,tput=2.09]
epoch 29: eval=0.7938
epoch 30: loss=0.516681, train_acc=0.8230, time=10.0s
per-rank: rank0[cuda0,share=0.4220,tput=2.73] rank1[cuda1,share=0.3020,tput=2.28] rank2[cuda2,share=0.2760,tput=3.62]
epoch 30: eval=0.7456
epoch 31: loss=0.509772, train_acc=0.8232, time=9.7s
per-rank: rank0[cuda0,share=0.4034,tput=3.14] rank1[cuda1,share=0.3011,tput=3.36] rank2[cuda2,share=0.2955,tput=2.25]
epoch 31: eval=0.7348
epoch 32: loss=0.516267, train_acc=0.8213, time=12.2s
per-rank: rank0[cuda0,share=0.4055,tput=2.09] rank1[cuda1,share=0.3008,tput=3.61] rank2[cuda2,share=0.2936,tput=5.30]
epoch 32: eval=0.7899
epoch 33: loss=0.504125, train_acc=0.8268, time=11.3s
per-rank: rank0[cuda0,share=0.4118,tput=2.18] rank1[cuda1,share=0.2941,tput=2.43] rank2[cuda2,share=0.2941,tput=3.64]
epoch 33: eval=0.7777
epoch 34: loss=0.501214, train_acc=0.8283, time=9.6s
per-rank: rank0[cuda0,share=0.3982,tput=3.16] rank2[cuda2,share=0.3020,tput=2.37] rank1[cuda1,share=0.2998,tput=3.25]
epoch 34: eval=0.8053
epoch 35: loss=0.496842, train_acc=0.8283, time=9.6s
per-rank: rank0[cuda0,share=0.3848,tput=1.96] rank2[cuda2,share=0.3110,tput=5.48] rank1[cuda1,share=0.3042,tput=2.54]
epoch 35: eval=0.7841
epoch 36: loss=0.487466, train_acc=0.8324, time=9.8s
per-rank: rank0[cuda0,share=0.3854,tput=2.68] rank1[cuda1,share=0.3165,tput=2.43] rank2[cuda2,share=0.2980,tput=4.12]
epoch 36: eval=0.8278
epoch 37: loss=0.499651, train_acc=0.8279, time=12.4s
per-rank: rank0[cuda0,share=0.4227,tput=2.09] rank1[cuda1,share=0.2994,tput=3.38] rank2[cuda2,share=0.2779,tput=4.80]
epoch 37: eval=0.7768
epoch 38: loss=0.491482, train_acc=0.8309, time=11.8s
per-rank: rank0[cuda0,share=0.3993,tput=1.93] rank2[cuda2,share=0.3038,tput=3.94] rank1[cuda1,share=0.2969,tput=2.91]
epoch 38: eval=0.8116
epoch 39: loss=0.474985, train_acc=0.8350, time=10.3s
per-rank: rank0[cuda0,share=0.3975,tput=3.45] rank2[cuda2,share=0.3111,tput=2.18] rank1[cuda1,share=0.2914,tput=3.00]
epoch 39: eval=0.8116
epoch 40: loss=0.481557, train_acc=0.8353, time=9.5s
per-rank: rank0[cuda0,share=0.4243,tput=2.47] rank2[cuda2,share=0.2890,tput=2.29] rank1[cuda1,share=0.2867,tput=5.56]
epoch 40: eval=0.8147
epoch 41: loss=0.477559, train_acc=0.8335, time=9.6s
per-rank: rank0[cuda0,share=0.4183,tput=2.11] rank1[cuda1,share=0.2975,tput=2.78] rank2[cuda2,share=0.2841,tput=4.90]
epoch 41: eval=0.7562
epoch 42: loss=0.472892, train_acc=0.8375, time=9.9s
per-rank: rank0[cuda0,share=0.3755,tput=2.88] rank1[cuda1,share=0.3271,tput=3.34] rank2[cuda2,share=0.2974,tput=2.30]
epoch 42: eval=0.7509
epoch 43: loss=0.472084, train_acc=0.8383, time=9.7s
per-rank: rank0[cuda0,share=0.3915,tput=3.34] rank1[cuda1,share=0.3092,tput=2.23] rank2[cuda2,share=0.2993,tput=3.40]
epoch 43: eval=0.7632
epoch 44: loss=0.471058, train_acc=0.8371, time=9.7s
per-rank: rank0[cuda0,share=0.4112,tput=4.11] rank1[cuda1,share=0.2970,tput=2.05] rank2[cuda2,share=0.2919,tput=3.25]
epoch 44: eval=0.7830
epoch 45: loss=0.476628, train_acc=0.8347, time=13.2s
per-rank: rank0[cuda0,share=0.4120,tput=2.05] rank2[cuda2,share=0.3044,tput=4.79] rank1[cuda1,share=0.2836,tput=3.86]
epoch 45: eval=0.7553
epoch 46: loss=0.472562, train_acc=0.8370, time=12.4s
per-rank: rank0[cuda0,share=0.4237,tput=2.18] rank2[cuda2,share=0.2956,tput=3.61] rank1[cuda1,share=0.2807,tput=2.24]
epoch 46: eval=0.7586
epoch 47: loss=0.472235, train_acc=0.8384, time=9.9s
per-rank: rank0[cuda0,share=0.4304,tput=2.69] rank2[cuda2,share=0.2934,tput=3.14] rank1[cuda1,share=0.2762,tput=2.67]
epoch 47: eval=0.8122
epoch 48: loss=0.457235, train_acc=0.8429, time=9.7s
per-rank: rank0[cuda0,share=0.3752,tput=2.66] rank1[cuda1,share=0.3201,tput=2.72] rank2[cuda2,share=0.3047,tput=3.32]
epoch 48: eval=0.7913
epoch 49: loss=0.461566, train_acc=0.8423, time=9.7s
per-rank: rank0[cuda0,share=0.3953,tput=4.04] rank1[cuda1,share=0.3197,tput=2.11] rank2[cuda2,share=0.2850,tput=2.98]
epoch 49: eval=0.8137
epoch 50: loss=0.453420, train_acc=0.8440, time=9.6s
per-rank: rank0[cuda0,share=0.4127,tput=3.02] rank1[cuda1,share=0.2943,tput=3.24] rank2[cuda2,share=0.2930,tput=2.43]
epoch 50: eval=0.7294
epoch 51: loss=0.462316, train_acc=0.8409, time=12.1s
per-rank: rank0[cuda0,share=0.3858,tput=1.97] rank1[cuda1,share=0.3243,tput=3.63] rank2[cuda2,share=0.2899,tput=4.77]
epoch 51: eval=0.8067
epoch 52: loss=0.470656, train_acc=0.8374, time=11.0s
per-rank: rank0[cuda0,share=0.3945,tput=2.28] rank1[cuda1,share=0.3279,tput=2.80] rank2[cuda2,share=0.2776,tput=3.50]
epoch 52: eval=0.8303
epoch 53: loss=0.452962, train_acc=0.8444, time=9.6s
per-rank: rank0[cuda0,share=0.4007,tput=4.12] rank1[cuda1,share=0.3156,tput=2.04] rank2[cuda2,share=0.2837,tput=3.26]
epoch 53: eval=0.7914
epoch 54: loss=0.461431, train_acc=0.8406, time=9.6s
per-rank: rank0[cuda0,share=0.3878,tput=2.60] rank1[cuda1,share=0.3107,tput=2.49] rank2[cuda2,share=0.3015,tput=5.70]
epoch 54: eval=0.8052
epoch 55: loss=0.460102, train_acc=0.8425, time=9.9s
per-rank: rank0[cuda0,share=0.3558,tput=2.18] rank1[cuda1,share=0.3248,tput=2.50] rank2[cuda2,share=0.3194,tput=4.74]
epoch 55: eval=0.7121
epoch 56: loss=0.458652, train_acc=0.8413, time=9.6s
per-rank: rank0[cuda0,share=0.3785,tput=2.82] rank1[cuda1,share=0.3159,tput=2.09] rank2[cuda2,share=0.3056,tput=4.75]
epoch 56: eval=0.8082
epoch 57: loss=0.454576, train_acc=0.8425, time=9.8s
per-rank: rank0[cuda0,share=0.3886,tput=1.99] rank1[cuda1,share=0.3057,tput=2.40] rank2[cuda2,share=0.3057,tput=5.69]
epoch 57: eval=0.8110
epoch 58: loss=0.447635, train_acc=0.8439, time=12.0s
per-rank: rank0[cuda0,share=0.3742,tput=1.89] rank1[cuda1,share=0.3150,tput=3.17] rank2[cuda2,share=0.3108,tput=4.76]
epoch 58: eval=0.7905
epoch 59: loss=0.460205, train_acc=0.8429, time=10.6s
per-rank: rank0[cuda0,share=0.3758,tput=2.50] rank1[cuda1,share=0.3121,tput=3.82] rank2[cuda2,share=0.3121,tput=2.59]
epoch 59: eval=0.8145
epoch 60: loss=0.455854, train_acc=0.8431, time=9.8s
per-rank: rank0[cuda0,share=0.3729,tput=2.46] rank2[cuda2,share=0.3187,tput=2.42] rank1[cuda1,share=0.3083,tput=3.85]
epoch 60: eval=0.8391
epoch 61: loss=0.441798, train_acc=0.8477, time=10.0s
per-rank: rank0[cuda0,share=0.3747,tput=2.62] rank1[cuda1,share=0.3188,tput=2.39] rank2[cuda2,share=0.3064,tput=4.01]
epoch 61: eval=0.8420
epoch 62: loss=0.456656, train_acc=0.8426, time=9.7s
per-rank: rank0[cuda0,share=0.4124,tput=2.40] rank1[cuda1,share=0.3100,tput=5.47] rank2[cuda2,share=0.2776,tput=2.09]
epoch 62: eval=0.8132
epoch 63: loss=0.448079, train_acc=0.8468, time=12.3s
per-rank: rank0[cuda0,share=0.4177,tput=2.11] rank1[cuda1,share=0.3001,tput=3.28] rank2[cuda2,share=0.2822,tput=5.64]
epoch 63: eval=0.7978
epoch 64: loss=0.443057, train_acc=0.8465, time=11.3s
per-rank: rank0[cuda0,share=0.4119,tput=2.07] rank1[cuda1,share=0.3021,tput=2.77] rank2[cuda2,share=0.2860,tput=3.58]
epoch 64: eval=0.7977
epoch 65: loss=0.442565, train_acc=0.8481, time=11.7s
per-rank: rank0[cuda0,share=0.4134,tput=2.12] rank1[cuda1,share=0.2992,tput=3.41] rank2[cuda2,share=0.2874,tput=4.58]
epoch 65: eval=0.8074
epoch 66: loss=0.445476, train_acc=0.8464, time=10.5s
per-rank: rank0[cuda0,share=0.4162,tput=2.75] rank1[cuda1,share=0.3100,tput=2.71] rank2[cuda2,share=0.2738,tput=3.60]
epoch 66: eval=0.7724
epoch 67: loss=0.448674, train_acc=0.8456, time=9.8s
per-rank: rank0[cuda0,share=0.3950,tput=2.40] rank1[cuda1,share=0.3160,tput=2.48] rank2[cuda2,share=0.2889,tput=3.83]
epoch 67: eval=0.8069
epoch 68: loss=0.447554, train_acc=0.8465, time=10.4s
per-rank: rank0[cuda0,share=0.3796,tput=2.12] rank1[cuda1,share=0.3254,tput=5.22] rank2[cuda2,share=0.2950,tput=2.61]
epoch 68: eval=0.8202
epoch 69: loss=0.457665, train_acc=0.8426, time=9.8s
per-rank: rank0[cuda0,share=0.4091,tput=3.36] rank1[cuda1,share=0.3177,tput=3.01] rank2[cuda2,share=0.2732,tput=2.37]
epoch 69: eval=0.7830
epoch 70: loss=0.455992, train_acc=0.8446, time=12.4s
per-rank: rank0[cuda0,share=0.4330,tput=2.15] rank1[cuda1,share=0.2991,tput=5.05] rank2[cuda2,share=0.2679,tput=3.58]
epoch 70: eval=0.7601
epoch 71: loss=0.449385, train_acc=0.8455, time=12.0s
per-rank: rank0[cuda0,share=0.4251,tput=1.85] rank1[cuda1,share=0.3014,tput=2.97] rank2[cuda2,share=0.2735,tput=3.29]
epoch 71: eval=0.7592
epoch 72: loss=0.434808, train_acc=0.8500, time=10.0s
per-rank: rank0[cuda0,share=0.3924,tput=2.78] rank1[cuda1,share=0.3172,tput=3.24] rank2[cuda2,share=0.2904,tput=2.48]
epoch 72: eval=0.8068
epoch 73: loss=0.440713, train_acc=0.8481, time=9.6s
per-rank: rank0[cuda0,share=0.4035,tput=2.32] rank1[cuda1,share=0.3004,tput=2.34] rank2[cuda2,share=0.2961,tput=5.17]
epoch 73: eval=0.8310
epoch 74: loss=0.442392, train_acc=0.8467, time=9.7s
per-rank: rank0[cuda0,share=0.4108,tput=2.27] rank2[cuda2,share=0.3043,tput=5.67] rank1[cuda1,share=0.2849,tput=2.20]
epoch 74: eval=0.8061
epoch 75: loss=0.436164, train_acc=0.8498, time=9.6s
per-rank: rank0[cuda0,share=0.4050,tput=3.49] rank2[cuda2,share=0.3041,tput=2.35] rank1[cuda1,share=0.2909,tput=3.08]
epoch 75: eval=0.7370
epoch 76: loss=0.436810, train_acc=0.8504, time=9.8s
per-rank: rank0[cuda0,share=0.4204,tput=3.46] rank2[cuda2,share=0.3026,tput=2.61] rank1[cuda1,share=0.2770,tput=4.20]
epoch 76: eval=0.8147
epoch 77: loss=0.439911, train_acc=0.8491, time=12.9s
per-rank: rank0[cuda0,share=0.3927,tput=1.98] rank2[cuda2,share=0.3102,tput=4.53] rank1[cuda1,share=0.2970,tput=3.57]
epoch 77: eval=0.8090
epoch 78: loss=0.428332, train_acc=0.8511, time=11.3s
per-rank: rank0[cuda0,share=0.3928,tput=2.20] rank2[cuda2,share=0.3138,tput=4.06] rank1[cuda1,share=0.2935,tput=2.34]
epoch 78: eval=0.7386
epoch 79: loss=0.438411, train_acc=0.8496, time=12.7s
per-rank: rank0[cuda0,share=0.3844,tput=1.93] rank1[cuda1,share=0.3141,tput=3.60] rank2[cuda2,share=0.3015,tput=4.39]
epoch 79: eval=0.8250
epoch 80: loss=0.430769, train_acc=0.8528, time=11.3s
per-rank: rank0[cuda0,share=0.3720,tput=2.10] rank1[cuda1,share=0.3187,tput=2.55] rank2[cuda2,share=0.3094,tput=3.80]
epoch 80: eval=0.7991
epoch 81: loss=0.435294, train_acc=0.8520, time=9.7s
per-rank: rank0[cuda0,share=0.3754,tput=3.50] rank1[cuda1,share=0.3172,tput=3.31] rank2[cuda2,share=0.3075,tput=2.15]
epoch 81: eval=0.8178
epoch 82: loss=0.439113, train_acc=0.8496, time=11.5s
per-rank: rank0[cuda0,share=0.3979,tput=2.05] rank1[cuda1,share=0.3073,tput=4.50] rank2[cuda2,share=0.2948,tput=3.31]
epoch 82: eval=0.8096
epoch 83: loss=0.438756, train_acc=0.8480, time=10.7s
per-rank: rank0[cuda0,share=0.4084,tput=2.88] rank1[cuda1,share=0.3126,tput=4.02] rank2[cuda2,share=0.2791,tput=2.01]
epoch 83: eval=0.8280
epoch 84: loss=0.445006, train_acc=0.8464, time=9.7s
per-rank: rank0[cuda0,share=0.4158,tput=3.29] rank1[cuda1,share=0.3125,tput=3.02] rank2[cuda2,share=0.2717,tput=2.35]
epoch 84: eval=0.7946
epoch 85: loss=0.437186, train_acc=0.8493, time=11.6s
per-rank: rank0[cuda0,share=0.4142,tput=2.16] rank1[cuda1,share=0.3084,tput=3.81] rank2[cuda2,share=0.2774,tput=4.57]
epoch 85: eval=0.8054
epoch 86: loss=0.435589, train_acc=0.8497, time=11.1s
per-rank: rank0[cuda0,share=0.4185,tput=2.49] rank1[cuda1,share=0.2985,tput=2.26] rank2[cuda2,share=0.2829,tput=4.15]
epoch 86: eval=0.8303
epoch 87: loss=0.431875, train_acc=0.8532, time=9.7s
per-rank: rank0[cuda0,share=0.4277,tput=3.53] rank1[cuda1,share=0.2891,tput=2.70] rank2[cuda2,share=0.2832,tput=2.78]
epoch 87: eval=0.8180
epoch 88: loss=0.436165, train_acc=0.8501, time=9.5s
per-rank: rank0[cuda0,share=0.4271,tput=3.34] rank1[cuda1,share=0.3074,tput=3.46] rank2[cuda2,share=0.2655,tput=2.16]
epoch 88: eval=0.7862
epoch 89: loss=0.426386, train_acc=0.8535, time=9.8s
per-rank: rank0[cuda0,share=0.4259,tput=2.92] rank1[cuda1,share=0.3066,tput=2.99] rank2[cuda2,share=0.2675,tput=2.53]
epoch 89: eval=0.7847
epoch 90: loss=0.428070, train_acc=0.8522, time=9.6s
per-rank: rank0[cuda0,share=0.4037,tput=2.19] rank1[cuda1,share=0.2987,tput=2.45] rank2[cuda2,share=0.2976,tput=5.79]
epoch 90: eval=0.8118
epoch 91: loss=0.432925, train_acc=0.8518, time=11.6s
per-rank: rank0[cuda0,share=0.3920,tput=2.03] rank1[cuda1,share=0.3082,tput=4.38] rank2[cuda2,share=0.2998,tput=3.50]
epoch 91: eval=0.8070
epoch 92: loss=0.432552, train_acc=0.8516, time=10.7s
per-rank: rank0[cuda0,share=0.4038,tput=2.96] rank2[cuda2,share=0.3087,tput=2.70] rank1[cuda1,share=0.2875,tput=3.21]
epoch 92: eval=0.8397
epoch 93: loss=0.434590, train_acc=0.8497, time=12.6s
per-rank: rank0[cuda0,share=0.4239,tput=2.07] rank2[cuda2,share=0.2935,tput=3.99] rank1[cuda1,share=0.2826,tput=4.05]
epoch 93: eval=0.6969
epoch 94: loss=0.462798, train_acc=0.8404, time=11.1s
per-rank: rank0[cuda0,share=0.4172,tput=2.04] rank1[cuda1,share=0.2944,tput=3.84] rank2[cuda2,share=0.2883,tput=2.68]
epoch 94: eval=0.7881
epoch 95: loss=0.491709, train_acc=0.8305, time=9.7s
per-rank: rank0[cuda0,share=0.4142,tput=2.74] rank1[cuda1,share=0.2998,tput=2.54] rank2[cuda2,share=0.2860,tput=3.35]
epoch 95: eval=0.7453
epoch 96: loss=0.484098, train_acc=0.8332, time=9.4s
per-rank: rank0[cuda0,share=0.4127,tput=2.54] rank1[cuda1,share=0.3022,tput=2.27] rank2[cuda2,share=0.2852,tput=5.40]
epoch 96: eval=0.8232
epoch 97: loss=0.475055, train_acc=0.8374, time=9.5s
per-rank: rank0[cuda0,share=0.4085,tput=2.16] rank1[cuda1,share=0.3053,tput=5.72] rank2[cuda2,share=0.2862,tput=2.15]
epoch 97: eval=0.8078
epoch 98: loss=0.477315, train_acc=0.8350, time=9.4s
per-rank: rank0[cuda0,share=0.4057,tput=3.40] rank1[cuda1,share=0.3071,tput=2.24] rank2[cuda2,share=0.2872,tput=4.30]
epoch 98: eval=0.7392
epoch 99: loss=0.463422, train_acc=0.8421, time=9.6s
per-rank: rank0[cuda0,share=0.4036,tput=3.75] rank1[cuda1,share=0.3083,tput=2.76] rank2[cuda2,share=0.2880,tput=2.27]
epoch 99: eval=0.7970
epoch 100: loss=0.429159, train_acc=0.8536, time=9.7s
per-rank: rank0[cuda0,share=0.4040,tput=2.41] rank1[cuda1,share=0.3081,tput=4.89] rank2[cuda2,share=0.2879,tput=2.11]
epoch 100: eval=0.8861
epoch 101: loss=0.266160, train_acc=0.9092, time=9.6s
per-rank: rank0[cuda0,share=0.4043,tput=3.26] rank1[cuda1,share=0.3079,tput=2.59] rank2[cuda2,share=0.2878,tput=2.85]
epoch 101: eval=0.8971
epoch 102: loss=0.242490, train_acc=0.9167, time=9.6s
per-rank: rank0[cuda0,share=0.4045,tput=2.14] rank1[cuda1,share=0.3078,tput=2.50] rank2[cuda2,share=0.2877,tput=5.16]
epoch 102: eval=0.9019
epoch 103: loss=0.230354, train_acc=0.9204, time=9.5s
per-rank: rank0[cuda0,share=0.4047,tput=3.20] rank1[cuda1,share=0.3076,tput=2.38] rank2[cuda2,share=0.2876,tput=3.13]
epoch 103: eval=0.9014
epoch 104: loss=0.223558, train_acc=0.9224, time=9.5s
per-rank: rank0[cuda0,share=0.4047,tput=1.98] rank1[cuda1,share=0.3076,tput=6.29] rank2[cuda2,share=0.2876,tput=2.24]
epoch 104: eval=0.9041
epoch 105: loss=0.212081, train_acc=0.9249, time=12.3s
per-rank: rank0[cuda0,share=0.4023,tput=1.95] rank1[cuda1,share=0.3100,tput=3.09] rank2[cuda2,share=0.2877,tput=4.90]
epoch 105: eval=0.9042
epoch 106: loss=0.207777, train_acc=0.9259, time=10.9s
per-rank: rank0[cuda0,share=0.4023,tput=1.93] rank1[cuda1,share=0.3100,tput=3.63] rank2[cuda2,share=0.2877,tput=2.80]
epoch 106: eval=0.9014
epoch 107: loss=0.202253, train_acc=0.9297, time=11.3s
per-rank: rank0[cuda0,share=0.4014,tput=2.12] rank1[cuda1,share=0.3099,tput=2.90] rank2[cuda2,share=0.2886,tput=5.44]
epoch 107: eval=0.9084
epoch 108: loss=0.199067, train_acc=0.9306, time=10.7s
per-rank: rank0[cuda0,share=0.4014,tput=2.68] rank1[cuda1,share=0.3099,tput=2.15] rank2[cuda2,share=0.2886,tput=3.97]
epoch 108: eval=0.9079
epoch 109: loss=0.192341, train_acc=0.9341, time=11.1s
per-rank: rank0[cuda0,share=0.4016,tput=2.14] rank1[cuda1,share=0.3085,tput=3.38] rank2[cuda2,share=0.2899,tput=4.48]
epoch 109: eval=0.9086
epoch 110: loss=0.191284, train_acc=0.9331, time=10.3s
per-rank: rank0[cuda0,share=0.4018,tput=3.05] rank1[cuda1,share=0.3077,tput=2.63] rank2[cuda2,share=0.2905,tput=3.08]
epoch 110: eval=0.9102
epoch 111: loss=0.188396, train_acc=0.9344, time=11.7s
per-rank: rank0[cuda0,share=0.4019,tput=2.10] rank1[cuda1,share=0.3069,tput=2.96] rank2[cuda2,share=0.2911,tput=5.54]
epoch 111: eval=0.9087
epoch 112: loss=0.185166, train_acc=0.9354, time=10.4s
per-rank: rank0[cuda0,share=0.4021,tput=3.01] rank1[cuda1,share=0.3062,tput=2.24] rank2[cuda2,share=0.2918,tput=3.54]
epoch 112: eval=0.9109
epoch 113: loss=0.182778, train_acc=0.9358, time=9.5s
per-rank: rank0[cuda0,share=0.4022,tput=3.29] rank1[cuda1,share=0.3054,tput=2.57] rank2[cuda2,share=0.2924,tput=2.79]
epoch 113: eval=0.9132
epoch 114: loss=0.182653, train_acc=0.9367, time=9.7s
per-rank: rank0[cuda0,share=0.4022,tput=3.26] rank1[cuda1,share=0.3054,tput=4.97] rank2[cuda2,share=0.2924,tput=2.29]
epoch 114: eval=0.9117
epoch 115: loss=0.177619, train_acc=0.9387, time=12.3s
per-rank: rank0[cuda0,share=0.4049,tput=2.01] rank1[cuda1,share=0.3025,tput=3.66] rank2[cuda2,share=0.2926,tput=4.76]
epoch 115: eval=0.9147
epoch 116: loss=0.177547, train_acc=0.9382, time=10.9s
per-rank: rank0[cuda0,share=0.4049,tput=2.01] rank1[cuda1,share=0.3025,tput=4.00] rank2[cuda2,share=0.2926,tput=2.57]
epoch 116: eval=0.9122
epoch 117: loss=0.175703, train_acc=0.9390, time=11.8s
per-rank: rank0[cuda0,share=0.4050,tput=2.05] rank1[cuda1,share=0.3019,tput=3.13] rank2[cuda2,share=0.2931,tput=5.20]
epoch 117: eval=0.9101
epoch 118: loss=0.169809, train_acc=0.9400, time=10.9s
per-rank: rank0[cuda0,share=0.4047,tput=2.93] rank1[cuda1,share=0.3021,tput=3.17] rank2[cuda2,share=0.2932,tput=2.40]
epoch 118: eval=0.9122
epoch 119: loss=0.168656, train_acc=0.9416, time=11.5s
per-rank: rank0[cuda0,share=0.4056,tput=2.03] rank1[cuda1,share=0.3018,tput=4.87] rank2[cuda2,share=0.2926,tput=2.93]
epoch 119: eval=0.9040
epoch 120: loss=0.166721, train_acc=0.9428, time=10.5s
per-rank: rank0[cuda0,share=0.4050,tput=2.04] rank1[cuda1,share=0.3022,tput=3.95] rank2[cuda2,share=0.2928,tput=2.68]
epoch 120: eval=0.9134
epoch 121: loss=0.166637, train_acc=0.9415, time=9.7s
per-rank: rank0[cuda0,share=0.4043,tput=3.39] rank1[cuda1,share=0.3027,tput=3.23] rank2[cuda2,share=0.2930,tput=2.00]
epoch 121: eval=0.9096
epoch 122: loss=0.164531, train_acc=0.9431, time=11.2s
per-rank: rank0[cuda0,share=0.4036,tput=2.15] rank1[cuda1,share=0.3031,tput=4.59] rank2[cuda2,share=0.2933,tput=3.32]
epoch 122: eval=0.9101
epoch 123: loss=0.159971, train_acc=0.9436, time=10.6s
per-rank: rank0[cuda0,share=0.4036,tput=2.75] rank1[cuda1,share=0.3041,tput=3.48] rank2[cuda2,share=0.2923,tput=2.36]
epoch 123: eval=0.9073
epoch 124: loss=0.159172, train_acc=0.9446, time=9.9s
per-rank: rank0[cuda0,share=0.4035,tput=2.18] rank1[cuda1,share=0.3035,tput=2.11] rank2[cuda2,share=0.2931,tput=6.00]
epoch 124: eval=0.9057
epoch 125: loss=0.158741, train_acc=0.9442, time=9.6s
per-rank: rank0[cuda0,share=0.4047,tput=3.03] rank1[cuda1,share=0.3030,tput=3.37] rank2[cuda2,share=0.2924,tput=2.24]
epoch 125: eval=0.9079
epoch 126: loss=0.161677, train_acc=0.9438, time=9.5s
per-rank: rank0[cuda0,share=0.4059,tput=2.83] rank1[cuda1,share=0.3025,tput=2.35] rank2[cuda2,share=0.2916,tput=3.59]
epoch 126: eval=0.9012
epoch 127: loss=0.159217, train_acc=0.9438, time=9.6s
per-rank: rank0[cuda0,share=0.4071,tput=2.14] rank1[cuda1,share=0.3019,tput=5.59] rank2[cuda2,share=0.2909,tput=2.49]
epoch 127: eval=0.9089
epoch 128: loss=0.155626, train_acc=0.9450, time=11.7s
per-rank: rank0[cuda0,share=0.4084,tput=2.05] rank1[cuda1,share=0.3014,tput=3.69] rank2[cuda2,share=0.2902,tput=4.42]
epoch 128: eval=0.9099
epoch 129: loss=0.155108, train_acc=0.9460, time=10.8s
per-rank: rank0[cuda0,share=0.4069,tput=2.24] rank1[cuda1,share=0.3023,tput=2.75] rank2[cuda2,share=0.2908,tput=3.36]
epoch 129: eval=0.9030
epoch 130: loss=0.153805, train_acc=0.9458, time=9.6s
per-rank: rank0[cuda0,share=0.4055,tput=4.92] rank1[cuda1,share=0.3031,tput=3.90] rank2[cuda2,share=0.2914,tput=2.03]
epoch 130: eval=0.9078
epoch 131: loss=0.147330, train_acc=0.9489, time=9.6s
per-rank: rank0[cuda0,share=0.4038,tput=2.61] rank1[cuda1,share=0.3059,tput=5.07] rank2[cuda2,share=0.2903,tput=1.96]
epoch 131: eval=0.9133
epoch 132: loss=0.147142, train_acc=0.9480, time=9.5s
per-rank: rank0[cuda0,share=0.4029,tput=2.40] rank1[cuda1,share=0.3056,tput=2.12] rank2[cuda2,share=0.2915,tput=5.80]
epoch 132: eval=0.9090
epoch 133: loss=0.152784, train_acc=0.9469, time=9.7s
per-rank: rank0[cuda0,share=0.4012,tput=3.00] rank1[cuda1,share=0.3065,tput=2.12] rank2[cuda2,share=0.2923,tput=3.63]
epoch 133: eval=0.9087
epoch 134: loss=0.149066, train_acc=0.9473, time=13.1s
per-rank: rank0[cuda0,share=0.3996,tput=1.80] rank1[cuda1,share=0.3074,tput=5.04] rank2[cuda2,share=0.2930,tput=3.35]
epoch 134: eval=0.9078
epoch 135: loss=0.148999, train_acc=0.9471, time=12.3s
per-rank: rank0[cuda0,share=0.3959,tput=1.81] rank1[cuda1,share=0.3093,tput=3.82] rank2[cuda2,share=0.2948,tput=2.72]
epoch 135: eval=0.8993
epoch 136: loss=0.146558, train_acc=0.9483, time=10.1s
per-rank: rank0[cuda0,share=0.3936,tput=3.13] rank1[cuda1,share=0.3105,tput=2.14] rank2[cuda2,share=0.2959,tput=3.46]
epoch 136: eval=0.8997
epoch 137: loss=0.149121, train_acc=0.9479, time=9.7s
per-rank: rank0[cuda0,share=0.3913,tput=2.84] rank1[cuda1,share=0.3117,tput=1.87] rank2[cuda2,share=0.2970,tput=5.24]
epoch 137: eval=0.9059
epoch 138: loss=0.145402, train_acc=0.9479, time=9.6s
per-rank: rank0[cuda0,share=0.3911,tput=4.32] rank1[cuda1,share=0.3107,tput=2.45] rank2[cuda2,share=0.2982,tput=3.43]
epoch 138: eval=0.8986
epoch 139: loss=0.146855, train_acc=0.9479, time=12.1s
per-rank: rank0[cuda0,share=0.3920,tput=1.90] rank1[cuda1,share=0.3072,tput=3.44] rank2[cuda2,share=0.3008,tput=4.39]
epoch 139: eval=0.9094
epoch 140: loss=0.147354, train_acc=0.9482, time=10.8s
per-rank: rank0[cuda0,share=0.3920,tput=2.35] rank1[cuda1,share=0.3072,tput=3.84] rank2[cuda2,share=0.3008,tput=2.40]
epoch 140: eval=0.9026
epoch 141: loss=0.146430, train_acc=0.9492, time=11.0s
per-rank: rank0[cuda0,share=0.3930,tput=2.19] rank1[cuda1,share=0.3049,tput=3.60] rank2[cuda2,share=0.3021,tput=3.94]
epoch 141: eval=0.8964
epoch 142: loss=0.148262, train_acc=0.9484, time=10.5s
per-rank: rank0[cuda0,share=0.3945,tput=2.62] rank1[cuda1,share=0.3047,tput=2.68] rank2[cuda2,share=0.3008,tput=3.15]
epoch 142: eval=0.9060
epoch 143: loss=0.147959, train_acc=0.9472, time=9.7s
per-rank: rank0[cuda0,share=0.3944,tput=2.89] rank1[cuda1,share=0.3053,tput=3.49] rank2[cuda2,share=0.3003,tput=2.28]
epoch 143: eval=0.8973
epoch 144: loss=0.145315, train_acc=0.9489, time=12.3s
per-rank: rank0[cuda0,share=0.3942,tput=1.90] rank1[cuda1,share=0.3059,tput=3.05] rank2[cuda2,share=0.2999,tput=5.49]
epoch 144: eval=0.9027
epoch 145: loss=0.145183, train_acc=0.9481, time=11.1s
per-rank: rank0[cuda0,share=0.3959,tput=1.90] rank1[cuda1,share=0.3056,tput=2.69] rank2[cuda2,share=0.2986,tput=4.02]
epoch 145: eval=0.9014
epoch 146: loss=0.144309, train_acc=0.9480, time=9.9s
per-rank: rank0[cuda0,share=0.3959,tput=2.82] rank1[cuda1,share=0.3060,tput=2.39] rank2[cuda2,share=0.2981,tput=3.17]
epoch 146: eval=0.8967
epoch 147: loss=0.143383, train_acc=0.9495, time=9.6s
per-rank: rank0[cuda0,share=0.3960,tput=2.29] rank1[cuda1,share=0.3065,tput=5.72] rank2[cuda2,share=0.2976,tput=2.09]
epoch 147: eval=0.9009
epoch 148: loss=0.146879, train_acc=0.9479, time=9.6s
per-rank: rank0[cuda0,share=0.3957,tput=3.26] rank1[cuda1,share=0.3080,tput=2.39] rank2[cuda2,share=0.2963,tput=3.30]
epoch 148: eval=0.9025
epoch 149: loss=0.144723, train_acc=0.9488, time=10.0s
per-rank: rank0[cuda0,share=0.3955,tput=2.40] rank1[cuda1,share=0.3096,tput=2.37] rank2[cuda2,share=0.2949,tput=4.48]
epoch 149: eval=0.9000
epoch 150: loss=0.133378, train_acc=0.9535, time=9.8s
per-rank: rank0[cuda0,share=0.3937,tput=3.02] rank1[cuda1,share=0.3120,tput=3.32] rank2[cuda2,share=0.2943,tput=2.28]
epoch 150: eval=0.9176
epoch 151: loss=0.099236, train_acc=0.9661, time=9.5s
per-rank: rank0[cuda0,share=0.3933,tput=4.08] rank1[cuda1,share=0.3141,tput=3.46] rank2[cuda2,share=0.2926,tput=1.82]
epoch 151: eval=0.9184
epoch 152: loss=0.091313, train_acc=0.9695, time=9.7s
per-rank: rank0[cuda0,share=0.3918,tput=2.20] rank1[cuda1,share=0.3154,tput=5.93] rank2[cuda2,share=0.2929,tput=2.03]
epoch 152: eval=0.9205
epoch 153: loss=0.090183, train_acc=0.9697, time=11.1s
per-rank: rank0[cuda0,share=0.3918,tput=2.18] rank1[cuda1,share=0.3158,tput=4.64] rank2[cuda2,share=0.2924,tput=3.03]
epoch 153: eval=0.9191
epoch 154: loss=0.086446, train_acc=0.9719, time=10.4s
per-rank: rank0[cuda0,share=0.3918,tput=3.14] rank1[cuda1,share=0.3163,tput=1.91] rank2[cuda2,share=0.2919,tput=3.94]
epoch 154: eval=0.9211
epoch 155: loss=0.084348, train_acc=0.9720, time=9.9s
per-rank: rank0[cuda0,share=0.3944,tput=2.46] rank1[cuda1,share=0.3139,tput=4.08] rank2[cuda2,share=0.2917,tput=2.51]
epoch 155: eval=0.9206
epoch 156: loss=0.085374, train_acc=0.9715, time=9.7s
per-rank: rank0[cuda0,share=0.3986,tput=3.04] rank1[cuda1,share=0.3108,tput=3.60] rank2[cuda2,share=0.2907,tput=2.15]
epoch 156: eval=0.9224
epoch 157: loss=0.083437, train_acc=0.9713, time=11.7s
per-rank: rank0[cuda0,share=0.4027,tput=2.14] rank1[cuda1,share=0.3077,tput=3.58] rank2[cuda2,share=0.2897,tput=4.53]
epoch 157: eval=0.9215
epoch 158: loss=0.080607, train_acc=0.9729, time=10.5s
per-rank: rank0[cuda0,share=0.4059,tput=2.19] rank1[cuda1,share=0.3042,tput=3.02] rank2[cuda2,share=0.2899,tput=3.40]
epoch 158: eval=0.9226
epoch 159: loss=0.081654, train_acc=0.9723, time=12.3s
per-rank: rank0[cuda0,share=0.4089,tput=1.99] rank1[cuda1,share=0.3008,tput=5.28] rank2[cuda2,share=0.2903,tput=3.13]
epoch 159: eval=0.9224
epoch 160: loss=0.080061, train_acc=0.9738, time=10.3s
per-rank: rank0[cuda0,share=0.4110,tput=2.88] rank1[cuda1,share=0.2988,tput=2.65] rank2[cuda2,share=0.2901,tput=3.15]
epoch 160: eval=0.9226
epoch 161: loss=0.080983, train_acc=0.9728, time=9.7s
per-rank: rank0[cuda0,share=0.4126,tput=3.42] rank1[cuda1,share=0.2975,tput=2.96] rank2[cuda2,share=0.2899,tput=2.40]
epoch 161: eval=0.9212
epoch 162: loss=0.079662, train_acc=0.9730, time=9.8s
per-rank: rank0[cuda0,share=0.4126,tput=2.66] rank1[cuda1,share=0.2975,tput=2.98] rank2[cuda2,share=0.2899,tput=2.56]
epoch 162: eval=0.9204
epoch 163: loss=0.079682, train_acc=0.9732, time=11.3s
per-rank: rank0[cuda0,share=0.4121,tput=2.18] rank1[cuda1,share=0.2957,tput=3.24] rank2[cuda2,share=0.2922,tput=4.82]
epoch 163: eval=0.9218
epoch 164: loss=0.079711, train_acc=0.9736, time=11.1s
per-rank: rank0[cuda0,share=0.4123,tput=2.29] rank1[cuda1,share=0.2940,tput=3.19] rank2[cuda2,share=0.2937,tput=2.49]
epoch 164: eval=0.9195
epoch 165: loss=0.078997, train_acc=0.9732, time=10.3s
per-rank: rank0[cuda0,share=0.4098,tput=3.96] rank1[cuda1,share=0.2952,tput=3.14] rank2[cuda2,share=0.2950,tput=2.01]
epoch 165: eval=0.9224
epoch 166: loss=0.079104, train_acc=0.9728, time=9.6s
per-rank: rank0[cuda0,share=0.4072,tput=3.27] rank1[cuda1,share=0.2964,tput=3.30] rank2[cuda2,share=0.2964,tput=2.08]
epoch 166: eval=0.9226
epoch 167: loss=0.077734, train_acc=0.9736, time=9.5s
per-rank: rank0[cuda0,share=0.4046,tput=2.70] rank2[cuda2,share=0.2978,tput=2.24] rank1[cuda1,share=0.2976,tput=4.08]
epoch 167: eval=0.9220
epoch 168: loss=0.075316, train_acc=0.9746, time=9.7s
per-rank: rank0[cuda0,share=0.4029,tput=3.26] rank1[cuda1,share=0.2993,tput=2.05] rank2[cuda2,share=0.2978,tput=3.25]
epoch 168: eval=0.9233
epoch 169: loss=0.075628, train_acc=0.9757, time=11.6s
per-rank: rank0[cuda0,share=0.4012,tput=2.07] rank1[cuda1,share=0.3010,tput=5.00] rank2[cuda2,share=0.2978,tput=3.06]
epoch 169: eval=0.9217
epoch 170: loss=0.074681, train_acc=0.9748, time=10.6s
per-rank: rank0[cuda0,share=0.4009,tput=2.63] rank1[cuda1,share=0.3016,tput=4.16] rank2[cuda2,share=0.2974,tput=2.07]
epoch 170: eval=0.9226
epoch 171: loss=0.077178, train_acc=0.9740, time=12.0s
per-rank: rank0[cuda0,share=0.4000,tput=2.01] rank1[cuda1,share=0.3018,tput=4.93] rank2[cuda2,share=0.2982,tput=3.14]
epoch 171: eval=0.9212
epoch 172: loss=0.073354, train_acc=0.9754, time=10.6s
per-rank: rank0[cuda0,share=0.4015,tput=2.29] rank1[cuda1,share=0.3007,tput=2.91] rank2[cuda2,share=0.2978,tput=3.40]
epoch 172: eval=0.9198
epoch 173: loss=0.074585, train_acc=0.9748, time=10.0s
per-rank: rank0[cuda0,share=0.4021,tput=1.82] rank1[cuda1,share=0.3012,tput=6.44] rank2[cuda2,share=0.2967,tput=2.33]
epoch 173: eval=0.9214
epoch 174: loss=0.071440, train_acc=0.9763, time=9.9s
per-rank: rank0[cuda0,share=0.4015,tput=2.71] rank1[cuda1,share=0.3022,tput=2.49] rank2[cuda2,share=0.2962,tput=3.18]
epoch 174: eval=0.9238
epoch 175: loss=0.072895, train_acc=0.9753, time=9.5s
per-rank: rank0[cuda0,share=0.4009,tput=3.67] rank1[cuda1,share=0.3033,tput=2.27] rank2[cuda2,share=0.2958,tput=2.95]
epoch 175: eval=0.9214
epoch 176: loss=0.072348, train_acc=0.9765, time=9.6s
per-rank: rank0[cuda0,share=0.4003,tput=3.31] rank1[cuda1,share=0.3044,tput=2.10] rank2[cuda2,share=0.2953,tput=3.51]
epoch 176: eval=0.9217
epoch 177: loss=0.073830, train_acc=0.9749, time=11.6s
per-rank: rank0[cuda0,share=0.4003,tput=2.06] rank1[cuda1,share=0.3045,tput=4.45] rank2[cuda2,share=0.2953,tput=3.52]
epoch 177: eval=0.9208
epoch 178: loss=0.071401, train_acc=0.9758, time=10.7s
per-rank: rank0[cuda0,share=0.4003,tput=2.68] rank1[cuda1,share=0.3045,tput=2.31] rank2[cuda2,share=0.2952,tput=3.57]
epoch 178: eval=0.9224
epoch 179: loss=0.071639, train_acc=0.9760, time=9.5s
per-rank: rank0[cuda0,share=0.4018,tput=3.36] rank1[cuda1,share=0.3035,tput=2.79] rank2[cuda2,share=0.2947,tput=2.47]
epoch 179: eval=0.9225
epoch 180: loss=0.070965, train_acc=0.9759, time=12.0s
per-rank: rank0[cuda0,share=0.4035,tput=2.08] rank1[cuda1,share=0.3006,tput=3.60] rank2[cuda2,share=0.2959,tput=4.82]
epoch 180: eval=0.9214
epoch 181: loss=0.071282, train_acc=0.9762, time=11.0s
per-rank: rank0[cuda0,share=0.4031,tput=2.08] rank1[cuda1,share=0.2997,tput=2.60] rank2[cuda2,share=0.2972,tput=3.62]
epoch 181: eval=0.9219
epoch 182: loss=0.071069, train_acc=0.9760, time=9.4s
per-rank: rank0[cuda0,share=0.4027,tput=2.36] rank1[cuda1,share=0.2988,tput=5.77] rank2[cuda2,share=0.2985,tput=2.21]
epoch 182: eval=0.9211
epoch 183: loss=0.070029, train_acc=0.9765, time=9.6s
per-rank: rank0[cuda0,share=0.4036,tput=3.61] rank2[cuda2,share=0.2991,tput=3.91] rank1[cuda1,share=0.2973,tput=2.34]
epoch 183: eval=0.9231
epoch 184: loss=0.071526, train_acc=0.9759, time=11.6s
per-rank: rank0[cuda0,share=0.4045,tput=2.08] rank2[cuda2,share=0.2998,tput=4.41] rank1[cuda1,share=0.2957,tput=3.39]
epoch 184: eval=0.9220
epoch 185: loss=0.068986, train_acc=0.9771, time=10.4s
per-rank: rank0[cuda0,share=0.4055,tput=2.28] rank2[cuda2,share=0.3004,tput=2.52] rank1[cuda1,share=0.2941,tput=3.99]
epoch 185: eval=0.9211
epoch 186: loss=0.069393, train_acc=0.9764, time=11.4s
per-rank: rank0[cuda0,share=0.4072,tput=2.13] rank2[cuda2,share=0.2987,tput=3.44] rank1[cuda1,share=0.2941,tput=5.30]
epoch 186: eval=0.9217
epoch 187: loss=0.069647, train_acc=0.9763, time=10.6s
per-rank: rank0[cuda0,share=0.4065,tput=2.74] rank2[cuda2,share=0.2983,tput=2.46] rank1[cuda1,share=0.2952,tput=3.43]
epoch 187: eval=0.9188
epoch 188: loss=0.069005, train_acc=0.9773, time=9.5s
per-rank: rank0[cuda0,share=0.4057,tput=2.12] rank2[cuda2,share=0.2979,tput=5.12] rank1[cuda1,share=0.2964,tput=2.57]
epoch 188: eval=0.9216
epoch 189: loss=0.068740, train_acc=0.9769, time=9.5s
per-rank: rank0[cuda0,share=0.4034,tput=1.91] rank1[cuda1,share=0.2983,tput=5.51] rank2[cuda2,share=0.2983,tput=2.36]
epoch 189: eval=0.9212
epoch 190: loss=0.068349, train_acc=0.9770, time=10.0s
per-rank: rank0[cuda0,share=0.4024,tput=2.59] rank1[cuda1,share=0.2996,tput=2.44] rank2[cuda2,share=0.2980,tput=3.19]
epoch 190: eval=0.9199
epoch 191: loss=0.068415, train_acc=0.9764, time=9.6s
per-rank: rank0[cuda0,share=0.3999,tput=3.22] rank1[cuda1,share=0.3016,tput=2.35] rank2[cuda2,share=0.2985,tput=3.09]
epoch 191: eval=0.9220
epoch 192: loss=0.064888, train_acc=0.9781, time=9.5s
per-rank: rank0[cuda0,share=0.3961,tput=3.64] rank1[cuda1,share=0.3050,tput=2.03] rank2[cuda2,share=0.2989,tput=3.36]
epoch 192: eval=0.9200
epoch 193: loss=0.067311, train_acc=0.9779, time=9.6s
per-rank: rank0[cuda0,share=0.3948,tput=3.59] rank1[cuda1,share=0.3064,tput=3.06] rank2[cuda2,share=0.2988,tput=2.21]
epoch 193: eval=0.9191
epoch 194: loss=0.066867, train_acc=0.9776, time=9.6s
per-rank: rank0[cuda0,share=0.3929,tput=2.14] rank1[cuda1,share=0.3073,tput=5.76] rank2[cuda2,share=0.2998,tput=2.30]
epoch 194: eval=0.9210
epoch 195: loss=0.067172, train_acc=0.9777, time=9.6s
per-rank: rank0[cuda0,share=0.3901,tput=3.04] rank1[cuda1,share=0.3069,tput=3.17] rank2[cuda2,share=0.3030,tput=2.43]
epoch 195: eval=0.9211
epoch 196: loss=0.065273, train_acc=0.9781, time=9.7s
per-rank: rank0[cuda0,share=0.3887,tput=3.58] rank1[cuda1,share=0.3067,tput=3.74] rank2[cuda2,share=0.3046,tput=2.03]
epoch 196: eval=0.9209
epoch 197: loss=0.063789, train_acc=0.9784, time=9.8s
per-rank: rank0[cuda0,share=0.3874,tput=1.89] rank1[cuda1,share=0.3064,tput=2.57] rank2[cuda2,share=0.3062,tput=5.03]
epoch 197: eval=0.9196
epoch 198: loss=0.065116, train_acc=0.9778, time=11.2s
per-rank: rank0[cuda0,share=0.3871,tput=2.04] rank2[cuda2,share=0.3074,tput=4.23] rank1[cuda1,share=0.3055,tput=3.50]
epoch 198: eval=0.9210
epoch 199: loss=0.063506, train_acc=0.9789, time=10.3s
per-rank: rank0[cuda0,share=0.3893,tput=3.49] rank1[cuda1,share=0.3056,tput=4.10] rank2[cuda2,share=0.3051,tput=1.87]
final eval=0.9220
# total: 1913.4s (31m 53s)
