# gpu0: NVIDIA GeForce RTX 5060 Ti (15GB, sm_120)
# gpu1: NVIDIA GeForce GTX 1060 6GB (5GB, sm_61)
# gpu2: NVIDIA GeForce GTX 1060 6GB (5GB, sm_61)
epoch 0: loss=2.032293, train_acc=0.2378, time=9.7s
per-rank: rank0[cuda0,share=0.3977,tput=5.30] rank1[cuda1,share=0.3357,tput=5.04] rank2[cuda2,share=0.2666,tput=2.61]
epoch 0: eval=0.3101
epoch 1: loss=1.773655, train_acc=0.3342, time=9.7s
per-rank: rank0[cuda0,share=0.3983,tput=3.46] rank1[cuda1,share=0.3180,tput=2.22] rank2[cuda2,share=0.2837,tput=4.82]
epoch 1: eval=0.3978
epoch 2: loss=1.631086, train_acc=0.3961, time=9.3s
per-rank: rank0[cuda0,share=0.4019,tput=3.56] rank2[cuda2,share=0.2999,tput=3.21] rank1[cuda1,share=0.2982,tput=2.37]
epoch 2: eval=0.4298
epoch 3: loss=1.469259, train_acc=0.4637, time=9.2s
per-rank: rank0[cuda0,share=0.4135,tput=3.77] rank2[cuda2,share=0.3014,tput=2.43] rank1[cuda1,share=0.2850,tput=4.70]
epoch 3: eval=0.4830
epoch 4: loss=1.297951, train_acc=0.5330, time=12.2s
per-rank: rank0[cuda0,share=0.3828,tput=2.04] rank2[cuda2,share=0.3138,tput=3.50] rank1[cuda1,share=0.3033,tput=5.36]
epoch 4: eval=0.5916
epoch 5: loss=1.162184, train_acc=0.5842, time=11.1s
per-rank: rank0[cuda0,share=0.3912,tput=2.14] rank2[cuda2,share=0.3054,tput=2.49] rank1[cuda1,share=0.3033,tput=3.95]
epoch 5: eval=0.5968
epoch 6: loss=1.037140, train_acc=0.6318, time=12.6s
per-rank: rank0[cuda0,share=0.3733,tput=1.99] rank1[cuda1,share=0.3165,tput=4.90] rank2[cuda2,share=0.3102,tput=3.87]
epoch 6: eval=0.6273
epoch 7: loss=0.962753, train_acc=0.6609, time=11.1s
per-rank: rank0[cuda0,share=0.3760,tput=2.06] rank1[cuda1,share=0.3209,tput=3.08] rank2[cuda2,share=0.3031,tput=3.34]
epoch 7: eval=0.6116
epoch 8: loss=0.905192, train_acc=0.6808, time=9.4s
per-rank: rank0[cuda0,share=0.3815,tput=2.66] rank1[cuda1,share=0.3254,tput=3.66] rank2[cuda2,share=0.2931,tput=2.57]
epoch 8: eval=0.6021
epoch 9: loss=0.846092, train_acc=0.7050, time=9.2s
per-rank: rank0[cuda0,share=0.3697,tput=3.81] rank1[cuda1,share=0.3272,tput=2.56] rank2[cuda2,share=0.3032,tput=3.14]
epoch 9: eval=0.6827
epoch 10: loss=0.804307, train_acc=0.7213, time=9.3s
per-rank: rank0[cuda0,share=0.3924,tput=3.09] rank1[cuda1,share=0.3049,tput=3.26] rank2[cuda2,share=0.3027,tput=2.64]
epoch 10: eval=0.6642
epoch 11: loss=0.774312, train_acc=0.7323, time=9.5s
per-rank: rank0[cuda0,share=0.3863,tput=3.55] rank2[cuda2,share=0.3175,tput=2.39] rank1[cuda1,share=0.2962,tput=3.19]
epoch 11: eval=0.7193
epoch 12: loss=0.743074, train_acc=0.7418, time=9.4s
per-rank: rank0[cuda0,share=0.3924,tput=3.30] rank1[cuda1,share=0.3100,tput=4.06] rank2[cuda2,share=0.2977,tput=2.03]
epoch 12: eval=0.7529
epoch 13: loss=0.720543, train_acc=0.7502, time=11.1s
per-rank: rank0[cuda0,share=0.4080,tput=2.19] rank2[cuda2,share=0.2985,tput=3.73] rank1[cuda1,share=0.2935,tput=4.11]
epoch 13: eval=0.7105
epoch 14: loss=0.707353, train_acc=0.7554, time=10.2s
per-rank: rank0[cuda0,share=0.4024,tput=2.48] rank1[cuda1,share=0.3067,tput=3.12] rank2[cuda2,share=0.2909,tput=3.18]
epoch 14: eval=0.6785
epoch 15: loss=0.690230, train_acc=0.7633, time=9.3s
per-rank: rank0[cuda0,share=0.3986,tput=3.48] rank1[cuda1,share=0.3100,tput=2.60] rank2[cuda2,share=0.2914,tput=3.11]
epoch 15: eval=0.7421
epoch 16: loss=0.669858, train_acc=0.7657, time=9.4s
per-rank: rank0[cuda0,share=0.4089,tput=3.23] rank1[cuda1,share=0.3005,tput=2.38] rank2[cuda2,share=0.2906,tput=3.39]
epoch 16: eval=0.7466
epoch 17: loss=0.652751, train_acc=0.7744, time=12.2s
per-rank: rank0[cuda0,share=0.3938,tput=2.05] rank1[cuda1,share=0.3031,tput=4.22] rank2[cuda2,share=0.3031,tput=4.61]
epoch 17: eval=0.7602
epoch 18: loss=0.635854, train_acc=0.7788, time=10.8s
per-rank: rank0[cuda0,share=0.3979,tput=2.08] rank1[cuda1,share=0.3050,tput=4.07] rank2[cuda2,share=0.2971,tput=2.68]
epoch 18: eval=0.7395
epoch 19: loss=0.637190, train_acc=0.7787, time=9.3s
per-rank: rank0[cuda0,share=0.4046,tput=3.32] rank1[cuda1,share=0.3103,tput=4.85] rank2[cuda2,share=0.2851,tput=2.27]
epoch 19: eval=0.7641
epoch 20: loss=0.627728, train_acc=0.7830, time=9.3s
per-rank: rank0[cuda0,share=0.4030,tput=3.92] rank1[cuda1,share=0.3080,tput=3.39] rank2[cuda2,share=0.2890,tput=2.64]
epoch 20: eval=0.7456
epoch 21: loss=0.614479, train_acc=0.7889, time=9.5s
per-rank: rank0[cuda0,share=0.3707,tput=2.72] rank1[cuda1,share=0.3158,tput=2.80] rank2[cuda2,share=0.3135,tput=3.29]
epoch 21: eval=0.7369
epoch 22: loss=0.593205, train_acc=0.7971, time=11.4s
per-rank: rank0[cuda0,share=0.3538,tput=1.96] rank1[cuda1,share=0.3337,tput=3.42] rank2[cuda2,share=0.3125,tput=5.15]
epoch 22: eval=0.7099
epoch 23: loss=0.598776, train_acc=0.7938, time=10.4s
per-rank: rank0[cuda0,share=0.3651,tput=2.85] rank1[cuda1,share=0.3226,tput=3.44] rank2[cuda2,share=0.3124,tput=2.59]
epoch 23: eval=0.7000
epoch 24: loss=0.585578, train_acc=0.7997, time=9.3s
per-rank: rank0[cuda0,share=0.3932,tput=3.77] rank2[cuda2,share=0.3043,tput=3.11] rank1[cuda1,share=0.3025,tput=2.35]
epoch 24: eval=0.7830
epoch 25: loss=0.589313, train_acc=0.7986, time=9.4s
per-rank: rank0[cuda0,share=0.4113,tput=3.22] rank2[cuda2,share=0.2952,tput=3.23] rank1[cuda1,share=0.2934,tput=2.60]
epoch 25: eval=0.7763
epoch 26: loss=0.586669, train_acc=0.7997, time=9.2s
per-rank: rank0[cuda0,share=0.4202,tput=2.34] rank2[cuda2,share=0.2928,tput=2.43] rank1[cuda1,share=0.2871,tput=6.21]
epoch 26: eval=0.7605
epoch 27: loss=0.568518, train_acc=0.8050, time=11.5s
per-rank: rank0[cuda0,share=0.4194,tput=2.25] rank2[cuda2,share=0.2967,tput=5.09] rank1[cuda1,share=0.2839,tput=3.77]
epoch 27: eval=0.7927
epoch 28: loss=0.562990, train_acc=0.8065, time=11.0s
per-rank: rank0[cuda0,share=0.4144,tput=1.94] rank2[cuda2,share=0.3023,tput=4.05] rank1[cuda1,share=0.2833,tput=2.73]
epoch 28: eval=0.8005
epoch 29: loss=0.555642, train_acc=0.8076, time=9.6s
per-rank: rank0[cuda0,share=0.3899,tput=3.26] rank1[cuda1,share=0.3084,tput=2.46] rank2[cuda2,share=0.3018,tput=3.36]
epoch 29: eval=0.7893
epoch 30: loss=0.549192, train_acc=0.8101, time=11.0s
per-rank: rank0[cuda0,share=0.4249,tput=2.29] rank1[cuda1,share=0.3006,tput=3.77] rank2[cuda2,share=0.2746,tput=4.52]
epoch 30: eval=0.7922
epoch 31: loss=0.547509, train_acc=0.8114, time=10.3s
per-rank: rank0[cuda0,share=0.4345,tput=2.59] rank1[cuda1,share=0.2915,tput=3.52] rank2[cuda2,share=0.2740,tput=2.75]
epoch 31: eval=0.7897
epoch 32: loss=0.544477, train_acc=0.8127, time=9.3s
per-rank: rank0[cuda0,share=0.4219,tput=2.07] rank1[cuda1,share=0.2901,tput=2.59] rank2[cuda2,share=0.2880,tput=6.13]
epoch 32: eval=0.7921
epoch 33: loss=0.539223, train_acc=0.8153, time=9.4s
per-rank: rank0[cuda0,share=0.3691,tput=2.56] rank1[cuda1,share=0.3191,tput=2.81] rank2[cuda2,share=0.3118,tput=3.56]
epoch 33: eval=0.7299
epoch 34: loss=0.532357, train_acc=0.8180, time=9.7s
per-rank: rank0[cuda0,share=0.3740,tput=2.17] rank1[cuda1,share=0.3231,tput=3.53] rank2[cuda2,share=0.3030,tput=4.48]
epoch 34: eval=0.7465
epoch 35: loss=0.539722, train_acc=0.8134, time=9.5s
per-rank: rank0[cuda0,share=0.4070,tput=3.16] rank1[cuda1,share=0.3070,tput=2.94] rank2[cuda2,share=0.2860,tput=2.83]
epoch 35: eval=0.7270
epoch 36: loss=0.571347, train_acc=0.8035, time=11.4s
per-rank: rank0[cuda0,share=0.4135,tput=2.11] rank1[cuda1,share=0.3168,tput=3.36] rank2[cuda2,share=0.2697,tput=5.09]
epoch 36: eval=0.8014
epoch 37: loss=0.571578, train_acc=0.8037, time=11.4s
per-rank: rank0[cuda0,share=0.4135,tput=2.91] rank1[cuda1,share=0.3168,tput=2.97] rank2[cuda2,share=0.2697,tput=3.02]
epoch 37: eval=0.7585
epoch 38: loss=0.571601, train_acc=0.8041, time=11.7s
per-rank: rank0[cuda0,share=0.4125,tput=2.10] rank1[cuda1,share=0.3171,tput=3.65] rank2[cuda2,share=0.2704,tput=5.31]
epoch 38: eval=0.7730
epoch 39: loss=0.555271, train_acc=0.8096, time=10.8s
per-rank: rank0[cuda0,share=0.4116,tput=2.20] rank1[cuda1,share=0.3177,tput=2.59] rank2[cuda2,share=0.2707,tput=3.95]
epoch 39: eval=0.7896
epoch 40: loss=0.557923, train_acc=0.8078, time=9.3s
per-rank: rank0[cuda0,share=0.4124,tput=3.18] rank1[cuda1,share=0.3156,tput=3.16] rank2[cuda2,share=0.2720,tput=2.57]
epoch 40: eval=0.7422
epoch 41: loss=0.553401, train_acc=0.8096, time=9.8s
per-rank: rank0[cuda0,share=0.4124,tput=1.88] rank1[cuda1,share=0.3156,tput=5.58] rank2[cuda2,share=0.2720,tput=2.48]
epoch 41: eval=0.8077
epoch 42: loss=0.543845, train_acc=0.8135, time=13.0s
per-rank: rank0[cuda0,share=0.4077,tput=1.93] rank1[cuda1,share=0.3145,tput=3.58] rank2[cuda2,share=0.2777,tput=5.14]
epoch 42: eval=0.7890
epoch 43: loss=0.534797, train_acc=0.8155, time=11.5s
per-rank: rank0[cuda0,share=0.4077,tput=2.19] rank1[cuda1,share=0.3145,tput=3.56] rank2[cuda2,share=0.2777,tput=3.17]
epoch 43: eval=0.7851
epoch 44: loss=0.541632, train_acc=0.8132, time=9.3s
per-rank: rank0[cuda0,share=0.4057,tput=3.40] rank1[cuda1,share=0.3136,tput=3.63] rank2[cuda2,share=0.2807,tput=2.31]
epoch 44: eval=0.7960
epoch 45: loss=0.537417, train_acc=0.8143, time=9.2s
per-rank: rank0[cuda0,share=0.4040,tput=3.65] rank1[cuda1,share=0.3129,tput=2.37] rank2[cuda2,share=0.2832,tput=2.98]
epoch 45: eval=0.6971
epoch 46: loss=0.537479, train_acc=0.8153, time=9.2s
per-rank: rank0[cuda0,share=0.4027,tput=2.47] rank1[cuda1,share=0.3119,tput=6.38] rank2[cuda2,share=0.2854,tput=2.05]
epoch 46: eval=0.7372
epoch 47: loss=0.532954, train_acc=0.8177, time=10.6s
per-rank: rank0[cuda0,share=0.4002,tput=2.23] rank1[cuda1,share=0.3100,tput=5.13] rank2[cuda2,share=0.2898,tput=3.03]
epoch 47: eval=0.7400
epoch 48: loss=0.536074, train_acc=0.8173, time=9.9s
per-rank: rank0[cuda0,share=0.4005,tput=3.45] rank1[cuda1,share=0.3073,tput=2.76] rank2[cuda2,share=0.2922,tput=2.94]
epoch 48: eval=0.7621
epoch 49: loss=0.536120, train_acc=0.8154, time=12.1s
per-rank: rank0[cuda0,share=0.4016,tput=2.06] rank1[cuda1,share=0.3053,tput=4.66] rank2[cuda2,share=0.2930,tput=3.67]
epoch 49: eval=0.7651
epoch 50: loss=0.530139, train_acc=0.8172, time=11.1s
per-rank: rank0[cuda0,share=0.4028,tput=2.13] rank1[cuda1,share=0.3033,tput=3.19] rank2[cuda2,share=0.2939,tput=3.57]
epoch 50: eval=0.7550
epoch 51: loss=0.534406, train_acc=0.8172, time=9.3s
per-rank: rank0[cuda0,share=0.4030,tput=3.39] rank1[cuda1,share=0.3029,tput=3.84] rank2[cuda2,share=0.2940,tput=2.09]
epoch 51: eval=0.7812
epoch 52: loss=0.528601, train_acc=0.8195, time=9.1s
per-rank: rank0[cuda0,share=0.4054,tput=3.76] rank1[cuda1,share=0.3014,tput=2.26] rank2[cuda2,share=0.2931,tput=3.49]
epoch 52: eval=0.8103
epoch 53: loss=0.523630, train_acc=0.8202, time=11.4s
per-rank: rank0[cuda0,share=0.4082,tput=2.19] rank1[cuda1,share=0.3008,tput=3.35] rank2[cuda2,share=0.2909,tput=5.32]
epoch 53: eval=0.7563
epoch 54: loss=0.526548, train_acc=0.8178, time=9.9s
per-rank: rank0[cuda0,share=0.4082,tput=2.35] rank1[cuda1,share=0.3008,tput=2.71] rank2[cuda2,share=0.2909,tput=3.67]
epoch 54: eval=0.7594
epoch 55: loss=0.522337, train_acc=0.8218, time=12.6s
per-rank: rank0[cuda0,share=0.4094,tput=1.96] rank1[cuda1,share=0.3019,tput=3.54] rank2[cuda2,share=0.2886,tput=5.29]
epoch 55: eval=0.7633
epoch 56: loss=0.522583, train_acc=0.8208, time=10.9s
per-rank: rank0[cuda0,share=0.4094,tput=2.23] rank1[cuda1,share=0.3019,tput=3.74] rank2[cuda2,share=0.2886,tput=2.88]
epoch 56: eval=0.7912
epoch 57: loss=0.518708, train_acc=0.8244, time=9.3s
per-rank: rank0[cuda0,share=0.4099,tput=3.03] rank1[cuda1,share=0.3011,tput=2.09] rank2[cuda2,share=0.2889,tput=5.55]
epoch 57: eval=0.7630
epoch 58: loss=0.515035, train_acc=0.8238, time=9.5s
per-rank: rank0[cuda0,share=0.4105,tput=3.16] rank1[cuda1,share=0.3003,tput=3.54] rank2[cuda2,share=0.2893,tput=2.35]
epoch 58: eval=0.8099
epoch 59: loss=0.518635, train_acc=0.8215, time=9.5s
per-rank: rank0[cuda0,share=0.4075,tput=3.03] rank1[cuda1,share=0.3011,tput=3.71] rank2[cuda2,share=0.2914,tput=2.29]
epoch 59: eval=0.6656
epoch 60: loss=0.514116, train_acc=0.8220, time=9.2s
per-rank: rank0[cuda0,share=0.4044,tput=3.26] rank1[cuda1,share=0.3020,tput=2.57] rank2[cuda2,share=0.2936,tput=3.22]
epoch 60: eval=0.8095
epoch 61: loss=0.507135, train_acc=0.8260, time=9.1s
per-rank: rank0[cuda0,share=0.4012,tput=2.75] rank1[cuda1,share=0.3030,tput=2.48] rank2[cuda2,share=0.2958,tput=4.76]
epoch 61: eval=0.7483
epoch 62: loss=0.508036, train_acc=0.8261, time=10.9s
per-rank: rank0[cuda0,share=0.3960,tput=2.14] rank1[cuda1,share=0.3042,tput=3.46] rank2[cuda2,share=0.2998,tput=4.40]
epoch 62: eval=0.7812
epoch 63: loss=0.516120, train_acc=0.8233, time=10.1s
per-rank: rank0[cuda0,share=0.3960,tput=2.64] rank1[cuda1,share=0.3042,tput=3.58] rank2[cuda2,share=0.2998,tput=2.59]
epoch 63: eval=0.7421
epoch 64: loss=0.510095, train_acc=0.8253, time=12.3s
per-rank: rank0[cuda0,share=0.3943,tput=1.95] rank1[cuda1,share=0.3036,tput=3.52] rank2[cuda2,share=0.3021,tput=4.94]
epoch 64: eval=0.7039
epoch 65: loss=0.507312, train_acc=0.8261, time=10.7s
per-rank: rank0[cuda0,share=0.3943,tput=2.09] rank1[cuda1,share=0.3036,tput=2.96] rank2[cuda2,share=0.3021,tput=4.04]
epoch 65: eval=0.8106
epoch 66: loss=0.507421, train_acc=0.8270, time=10.9s
per-rank: rank0[cuda0,share=0.3952,tput=2.20] rank1[cuda1,share=0.3032,tput=4.16] rank2[cuda2,share=0.3016,tput=4.02]
epoch 66: eval=0.7409
epoch 67: loss=0.505306, train_acc=0.8247, time=10.7s
per-rank: rank0[cuda0,share=0.3964,tput=3.14] rank1[cuda1,share=0.3043,tput=3.92] rank2[cuda2,share=0.2994,tput=2.16]
epoch 67: eval=0.8207
epoch 68: loss=0.502196, train_acc=0.8282, time=9.2s
per-rank: rank0[cuda0,share=0.3983,tput=3.68] rank1[cuda1,share=0.3040,tput=2.35] rank2[cuda2,share=0.2977,tput=3.29]
epoch 68: eval=0.7971
epoch 69: loss=0.508398, train_acc=0.8256, time=10.9s
per-rank: rank0[cuda0,share=0.4002,tput=2.26] rank1[cuda1,share=0.3038,tput=4.54] rank2[cuda2,share=0.2960,tput=3.59]
epoch 69: eval=0.8028
epoch 70: loss=0.497707, train_acc=0.8302, time=10.4s
per-rank: rank0[cuda0,share=0.4039,tput=2.56] rank1[cuda1,share=0.3027,tput=2.66] rank2[cuda2,share=0.2934,tput=3.68]
epoch 70: eval=0.8187
epoch 71: loss=0.514860, train_acc=0.8248, time=12.2s
per-rank: rank0[cuda0,share=0.4076,tput=2.07] rank1[cuda1,share=0.3016,tput=5.24] rank2[cuda2,share=0.2908,tput=3.13]
epoch 71: eval=0.7833
epoch 72: loss=0.500522, train_acc=0.8293, time=11.5s
per-rank: rank0[cuda0,share=0.4077,tput=1.96] rank1[cuda1,share=0.3023,tput=2.81] rank2[cuda2,share=0.2900,tput=4.01]
epoch 72: eval=0.8218
epoch 73: loss=0.497239, train_acc=0.8289, time=9.6s
per-rank: rank0[cuda0,share=0.4087,tput=3.20] rank1[cuda1,share=0.3016,tput=2.24] rank2[cuda2,share=0.2897,tput=3.73]
epoch 73: eval=0.7611
epoch 74: loss=0.501992, train_acc=0.8271, time=11.7s
per-rank: rank0[cuda0,share=0.4096,tput=2.06] rank1[cuda1,share=0.3009,tput=4.60] rank2[cuda2,share=0.2895,tput=3.63]
epoch 74: eval=0.8095
epoch 75: loss=0.495124, train_acc=0.8303, time=10.8s
per-rank: rank0[cuda0,share=0.4088,tput=2.23] rank1[cuda1,share=0.3011,tput=3.57] rank2[cuda2,share=0.2901,tput=2.63]
epoch 75: eval=0.7931
epoch 76: loss=0.496037, train_acc=0.8282, time=9.4s
per-rank: rank0[cuda0,share=0.4085,tput=3.40] rank1[cuda1,share=0.3018,tput=3.96] rank2[cuda2,share=0.2897,tput=1.85]
epoch 76: eval=0.7894
epoch 77: loss=0.500152, train_acc=0.8298, time=9.4s
per-rank: rank0[cuda0,share=0.4077,tput=2.42] rank1[cuda1,share=0.3020,tput=2.38] rank2[cuda2,share=0.2903,tput=5.45]
epoch 77: eval=0.8215
epoch 78: loss=0.490378, train_acc=0.8318, time=12.1s
per-rank: rank0[cuda0,share=0.4068,tput=1.98] rank1[cuda1,share=0.3023,tput=5.16] rank2[cuda2,share=0.2910,tput=3.05]
epoch 78: eval=0.7842
epoch 79: loss=0.497413, train_acc=0.8298, time=10.5s
per-rank: rank0[cuda0,share=0.4059,tput=2.73] rank1[cuda1,share=0.3025,tput=3.79] rank2[cuda2,share=0.2916,tput=2.67]
epoch 79: eval=0.7858
epoch 80: loss=0.497941, train_acc=0.8290, time=11.5s
per-rank: rank0[cuda0,share=0.4002,tput=2.09] rank1[cuda1,share=0.3049,tput=3.89] rank2[cuda2,share=0.2949,tput=4.68]
epoch 80: eval=0.7900
epoch 81: loss=0.495822, train_acc=0.8308, time=10.4s
per-rank: rank0[cuda0,share=0.4002,tput=2.44] rank1[cuda1,share=0.3049,tput=4.23] rank2[cuda2,share=0.2949,tput=2.49]
epoch 81: eval=0.7638
epoch 82: loss=0.494777, train_acc=0.8288, time=11.1s
per-rank: rank0[cuda0,share=0.3985,tput=2.18] rank1[cuda1,share=0.3064,tput=3.39] rank2[cuda2,share=0.2951,tput=5.17]
epoch 82: eval=0.8031
epoch 83: loss=0.490838, train_acc=0.8318, time=10.6s
per-rank: rank0[cuda0,share=0.3980,tput=2.69] rank1[cuda1,share=0.3065,tput=2.62] rank2[cuda2,share=0.2955,tput=3.64]
epoch 83: eval=0.8114
epoch 84: loss=0.489017, train_acc=0.8313, time=9.3s
per-rank: rank0[cuda0,share=0.4001,tput=3.27] rank1[cuda1,share=0.3061,tput=3.74] rank2[cuda2,share=0.2938,tput=2.10]
epoch 84: eval=0.7459
epoch 85: loss=0.491009, train_acc=0.8321, time=9.4s
per-rank: rank0[cuda0,share=0.4015,tput=3.84] rank1[cuda1,share=0.3052,tput=3.65] rank2[cuda2,share=0.2932,tput=2.45]
epoch 85: eval=0.8022
epoch 86: loss=0.495533, train_acc=0.8309, time=9.0s
per-rank: rank0[cuda0,share=0.4015,tput=3.49] rank1[cuda1,share=0.3051,tput=3.30] rank2[cuda2,share=0.2934,tput=2.35]
epoch 86: eval=0.8288
epoch 87: loss=0.489396, train_acc=0.8327, time=9.1s
per-rank: rank0[cuda0,share=0.4014,tput=2.48] rank1[cuda1,share=0.3050,tput=2.47] rank2[cuda2,share=0.2936,tput=5.53]
epoch 87: eval=0.7828
epoch 88: loss=0.491293, train_acc=0.8321, time=9.0s
per-rank: rank0[cuda0,share=0.4014,tput=3.43] rank1[cuda1,share=0.3049,tput=2.54] rank2[cuda2,share=0.2938,tput=3.27]
epoch 88: eval=0.7931
epoch 89: loss=0.482960, train_acc=0.8339, time=10.7s
per-rank: rank0[cuda0,share=0.4012,tput=2.22] rank1[cuda1,share=0.3046,tput=3.83] rank2[cuda2,share=0.2942,tput=4.32]
epoch 89: eval=0.8223
epoch 90: loss=0.486882, train_acc=0.8337, time=9.9s
per-rank: rank0[cuda0,share=0.4011,tput=2.70] rank1[cuda1,share=0.3045,tput=2.64] rank2[cuda2,share=0.2944,tput=3.79]
epoch 90: eval=0.7911
epoch 91: loss=0.484353, train_acc=0.8341, time=9.0s
per-rank: rank0[cuda0,share=0.4017,tput=2.66] rank1[cuda1,share=0.3048,tput=2.14] rank2[cuda2,share=0.2935,tput=6.14]
epoch 91: eval=0.8149
epoch 92: loss=0.485740, train_acc=0.8341, time=8.9s
per-rank: rank0[cuda0,share=0.4022,tput=2.03] rank1[cuda1,share=0.3053,tput=6.06] rank2[cuda2,share=0.2925,tput=2.73]
epoch 92: eval=0.8127
epoch 93: loss=0.487203, train_acc=0.8329, time=12.7s
per-rank: rank0[cuda0,share=0.3979,tput=1.96] rank1[cuda1,share=0.3062,tput=3.25] rank2[cuda2,share=0.2959,tput=5.53]
epoch 93: eval=0.7937
epoch 94: loss=0.484714, train_acc=0.8357, time=10.9s
per-rank: rank0[cuda0,share=0.3971,tput=2.17] rank1[cuda1,share=0.3055,tput=3.08] rank2[cuda2,share=0.2974,tput=3.97]
epoch 94: eval=0.7747
epoch 95: loss=0.482485, train_acc=0.8329, time=9.1s
per-rank: rank0[cuda0,share=0.3963,tput=3.98] rank1[cuda1,share=0.3047,tput=2.82] rank2[cuda2,share=0.2990,tput=2.68]
epoch 95: eval=0.7982
epoch 96: loss=0.484092, train_acc=0.8336, time=10.3s
per-rank: rank0[cuda0,share=0.3975,tput=2.28] rank1[cuda1,share=0.3035,tput=5.85] rank2[cuda2,share=0.2990,tput=2.77]
epoch 96: eval=0.8147
epoch 97: loss=0.480551, train_acc=0.8349, time=11.5s
per-rank: rank0[cuda0,share=0.3998,tput=2.76] rank1[cuda1,share=0.3029,tput=2.85] rank2[cuda2,share=0.2973,tput=2.06]
epoch 97: eval=0.7791
epoch 98: loss=0.482826, train_acc=0.8347, time=10.4s
per-rank: rank0[cuda0,share=0.4020,tput=1.95] rank1[cuda1,share=0.3023,tput=2.08] rank2[cuda2,share=0.2957,tput=5.48]
epoch 98: eval=0.7858
epoch 99: loss=0.483846, train_acc=0.8351, time=10.7s
per-rank: rank0[cuda0,share=0.4036,tput=2.66] rank1[cuda1,share=0.3012,tput=3.19] rank2[cuda2,share=0.2952,tput=1.90]
epoch 99: eval=0.8096
epoch 100: loss=0.375832, train_acc=0.8723, time=12.7s
per-rank: rank0[cuda0,share=0.4051,tput=1.99] rank1[cuda1,share=0.3019,tput=5.24] rank2[cuda2,share=0.2929,tput=2.95]
epoch 100: eval=0.8872
epoch 101: loss=0.273904, train_acc=0.9066, time=11.6s
per-rank: rank0[cuda0,share=0.4064,tput=1.88] rank1[cuda1,share=0.3031,tput=2.77] rank2[cuda2,share=0.2905,tput=3.89]
epoch 101: eval=0.8924
epoch 102: loss=0.248137, train_acc=0.9139, time=9.9s
per-rank: rank0[cuda0,share=0.4084,tput=3.21] rank1[cuda1,share=0.3029,tput=2.70] rank2[cuda2,share=0.2887,tput=2.51]
epoch 102: eval=0.8977
epoch 103: loss=0.240150, train_acc=0.9165, time=11.4s
per-rank: rank0[cuda0,share=0.4118,tput=2.17] rank1[cuda1,share=0.3022,tput=3.13] rank2[cuda2,share=0.2860,tput=5.04]
epoch 103: eval=0.8922
epoch 104: loss=0.235758, train_acc=0.9187, time=10.1s
per-rank: rank0[cuda0,share=0.4120,tput=2.38] rank1[cuda1,share=0.3016,tput=3.51] rank2[cuda2,share=0.2864,tput=2.82]
epoch 104: eval=0.8960
epoch 105: loss=0.225120, train_acc=0.9222, time=11.8s
per-rank: rank0[cuda0,share=0.4096,tput=2.12] rank1[cuda1,share=0.2999,tput=6.51] rank2[cuda2,share=0.2905,tput=3.14]
epoch 105: eval=0.9011
epoch 106: loss=0.218580, train_acc=0.9243, time=10.6s
per-rank: rank0[cuda0,share=0.4096,tput=2.07] rank1[cuda1,share=0.2999,tput=4.30] rank2[cuda2,share=0.2905,tput=2.77]
epoch 106: eval=0.9012
epoch 107: loss=0.213137, train_acc=0.9270, time=11.9s
per-rank: rank0[cuda0,share=0.4043,tput=1.99] rank1[cuda1,share=0.2995,tput=4.26] rank2[cuda2,share=0.2961,tput=4.51]
epoch 107: eval=0.9001
epoch 108: loss=0.212235, train_acc=0.9269, time=11.0s
per-rank: rank0[cuda0,share=0.4035,tput=2.24] rank1[cuda1,share=0.2992,tput=4.03] rank2[cuda2,share=0.2973,tput=2.52]
epoch 108: eval=0.9016
epoch 109: loss=0.207950, train_acc=0.9269, time=9.5s
per-rank: rank0[cuda0,share=0.4008,tput=2.45] rank1[cuda1,share=0.2999,tput=1.95] rank2[cuda2,share=0.2992,tput=5.96]
epoch 109: eval=0.9021
epoch 110: loss=0.203023, train_acc=0.9307, time=9.1s
per-rank: rank0[cuda0,share=0.4006,tput=3.30] rank2[cuda2,share=0.3009,tput=3.35] rank1[cuda1,share=0.2985,tput=2.52]
epoch 110: eval=0.8992
epoch 111: loss=0.201560, train_acc=0.9303, time=11.7s
per-rank: rank0[cuda0,share=0.3977,tput=2.02] rank2[cuda2,share=0.3026,tput=3.27] rank1[cuda1,share=0.2997,tput=5.30]
epoch 111: eval=0.9057
epoch 112: loss=0.195856, train_acc=0.9315, time=10.7s
per-rank: rank0[cuda0,share=0.3962,tput=2.25] rank2[cuda2,share=0.3035,tput=3.56] rank1[cuda1,share=0.3003,tput=2.93]
epoch 112: eval=0.9027
epoch 113: loss=0.194609, train_acc=0.9329, time=14.0s
per-rank: rank0[cuda0,share=0.3975,tput=1.69] rank2[cuda2,share=0.3014,tput=4.12] rank1[cuda1,share=0.3011,tput=2.76]
epoch 113: eval=0.9003
epoch 114: loss=0.191760, train_acc=0.9333, time=12.2s
per-rank: rank0[cuda0,share=0.3977,tput=1.85] rank1[cuda1,share=0.3018,tput=2.43] rank2[cuda2,share=0.3005,tput=3.45]
epoch 114: eval=0.9059
epoch 115: loss=0.185019, train_acc=0.9358, time=10.8s
per-rank: rank0[cuda0,share=0.3988,tput=3.18] rank2[cuda2,share=0.3028,tput=3.09] rank1[cuda1,share=0.2984,tput=1.60]
epoch 115: eval=0.9040
epoch 116: loss=0.187041, train_acc=0.9357, time=9.4s
per-rank: rank0[cuda0,share=0.3985,tput=1.95] rank2[cuda2,share=0.3048,tput=2.48] rank1[cuda1,share=0.2967,tput=6.26]
epoch 116: eval=0.8970
epoch 117: loss=0.183325, train_acc=0.9366, time=9.1s
per-rank: rank0[cuda0,share=0.3987,tput=3.79] rank2[cuda2,share=0.3048,tput=2.10] rank1[cuda1,share=0.2966,tput=3.67]
epoch 117: eval=0.9012
epoch 118: loss=0.180037, train_acc=0.9371, time=9.4s
per-rank: rank0[cuda0,share=0.3976,tput=1.99] rank2[cuda2,share=0.3054,tput=2.39] rank1[cuda1,share=0.2970,tput=6.04]
epoch 118: eval=0.9055
epoch 119: loss=0.179800, train_acc=0.9364, time=9.2s
per-rank: rank0[cuda0,share=0.3934,tput=2.33] rank2[cuda2,share=0.3095,tput=5.30] rank1[cuda1,share=0.2970,tput=2.33]
epoch 119: eval=0.9062
epoch 120: loss=0.174942, train_acc=0.9390, time=9.3s
per-rank: rank0[cuda0,share=0.3942,tput=2.44] rank2[cuda2,share=0.3094,tput=5.26] rank1[cuda1,share=0.2965,tput=2.36]
epoch 120: eval=0.9021
epoch 121: loss=0.171625, train_acc=0.9402, time=12.6s
per-rank: rank0[cuda0,share=0.3916,tput=1.87] rank2[cuda2,share=0.3083,tput=5.11] rank1[cuda1,share=0.3002,tput=3.04]
epoch 121: eval=0.8963
epoch 122: loss=0.171440, train_acc=0.9395, time=10.7s
per-rank: rank0[cuda0,share=0.3917,tput=1.87] rank2[cuda2,share=0.3082,tput=3.38] rank1[cuda1,share=0.3001,tput=3.16]
epoch 122: eval=0.9003
epoch 123: loss=0.173614, train_acc=0.9384, time=9.2s
per-rank: rank0[cuda0,share=0.3863,tput=3.25] rank2[cuda2,share=0.3094,tput=2.12] rank1[cuda1,share=0.3043,tput=4.05]
epoch 123: eval=0.9035
epoch 124: loss=0.167245, train_acc=0.9415, time=11.2s
per-rank: rank0[cuda0,share=0.3841,tput=2.04] rank1[cuda1,share=0.3087,tput=3.47] rank2[cuda2,share=0.3072,tput=4.84]
epoch 124: eval=0.9051
epoch 125: loss=0.165796, train_acc=0.9421, time=10.1s
per-rank: rank0[cuda0,share=0.3812,tput=2.78] rank1[cuda1,share=0.3126,tput=2.60] rank2[cuda2,share=0.3062,tput=3.66]
epoch 125: eval=0.9061
epoch 126: loss=0.167973, train_acc=0.9412, time=11.7s
per-rank: rank0[cuda0,share=0.3812,tput=1.96] rank1[cuda1,share=0.3142,tput=3.49] rank2[cuda2,share=0.3046,tput=5.31]
epoch 126: eval=0.9023
epoch 127: loss=0.164189, train_acc=0.9420, time=11.0s
per-rank: rank0[cuda0,share=0.3783,tput=2.18] rank1[cuda1,share=0.3183,tput=2.80] rank2[cuda2,share=0.3034,tput=3.63]
epoch 127: eval=0.9066
epoch 128: loss=0.160785, train_acc=0.9436, time=9.4s
per-rank: rank0[cuda0,share=0.3803,tput=2.28] rank1[cuda1,share=0.3168,tput=4.90] rank2[cuda2,share=0.3029,tput=2.32]
epoch 128: eval=0.9010
epoch 129: loss=0.161888, train_acc=0.9431, time=9.2s
per-rank: rank0[cuda0,share=0.3829,tput=2.53] rank1[cuda1,share=0.3140,tput=2.31] rank2[cuda2,share=0.3031,tput=5.19]
epoch 129: eval=0.9009
epoch 130: loss=0.160081, train_acc=0.9449, time=9.2s
per-rank: rank0[cuda0,share=0.3856,tput=2.40] rank1[cuda1,share=0.3111,tput=2.47] rank2[cuda2,share=0.3033,tput=5.40]
epoch 130: eval=0.9065
epoch 131: loss=0.159747, train_acc=0.9444, time=9.3s
per-rank: rank0[cuda0,share=0.3873,tput=3.10] rank1[cuda1,share=0.3102,tput=3.39] rank2[cuda2,share=0.3026,tput=2.47]
epoch 131: eval=0.9030
epoch 132: loss=0.161542, train_acc=0.9430, time=9.3s
per-rank: rank0[cuda0,share=0.3912,tput=2.74] rank1[cuda1,share=0.3069,tput=2.56] rank2[cuda2,share=0.3019,tput=3.44]
epoch 132: eval=0.9020
epoch 133: loss=0.152216, train_acc=0.9460, time=12.1s
per-rank: rank0[cuda0,share=0.3838,tput=1.95] rank1[cuda1,share=0.3102,tput=3.69] rank2[cuda2,share=0.3060,tput=4.93]
epoch 133: eval=0.9067
epoch 134: loss=0.152876, train_acc=0.9459, time=10.8s
per-rank: rank0[cuda0,share=0.3809,tput=2.01] rank1[cuda1,share=0.3113,tput=3.00] rank2[cuda2,share=0.3078,tput=3.60]
epoch 134: eval=0.9029
epoch 135: loss=0.155498, train_acc=0.9460, time=9.7s
per-rank: rank0[cuda0,share=0.3708,tput=2.25] rank1[cuda1,share=0.3170,tput=2.37] rank2[cuda2,share=0.3122,tput=4.85]
epoch 135: eval=0.9039
epoch 136: loss=0.154384, train_acc=0.9461, time=10.1s
per-rank: rank0[cuda0,share=0.3669,tput=2.30] rank1[cuda1,share=0.3233,tput=5.35] rank2[cuda2,share=0.3098,tput=1.85]
epoch 136: eval=0.9051
epoch 137: loss=0.148894, train_acc=0.9480, time=10.2s
per-rank: rank0[cuda0,share=0.3710,tput=2.30] rank1[cuda1,share=0.3246,tput=5.47] rank2[cuda2,share=0.3044,tput=1.85]
epoch 137: eval=0.8916
epoch 138: loss=0.150840, train_acc=0.9471, time=10.1s
per-rank: rank0[cuda0,share=0.3832,tput=2.76] rank1[cuda1,share=0.3243,tput=3.29] rank2[cuda2,share=0.2925,tput=2.23]
epoch 138: eval=0.9043
epoch 139: loss=0.150022, train_acc=0.9468, time=10.0s
per-rank: rank0[cuda0,share=0.3943,tput=2.27] rank1[cuda1,share=0.3206,tput=2.23] rank2[cuda2,share=0.2851,tput=5.15]
epoch 139: eval=0.8983
epoch 140: loss=0.146508, train_acc=0.9489, time=12.3s
per-rank: rank0[cuda0,share=0.4032,tput=1.92] rank1[cuda1,share=0.3126,tput=2.82] rank2[cuda2,share=0.2842,tput=4.84]
epoch 140: eval=0.9011
epoch 141: loss=0.149482, train_acc=0.9466, time=11.2s
per-rank: rank0[cuda0,share=0.4036,tput=2.04] rank1[cuda1,share=0.3088,tput=3.96] rank2[cuda2,share=0.2876,tput=2.34]
epoch 141: eval=0.8960
epoch 142: loss=0.147545, train_acc=0.9484, time=11.4s
per-rank: rank0[cuda0,share=0.4024,tput=2.11] rank1[cuda1,share=0.3054,tput=5.04] rank2[cuda2,share=0.2922,tput=3.29]
epoch 142: eval=0.9026
epoch 143: loss=0.145899, train_acc=0.9477, time=10.4s
per-rank: rank0[cuda0,share=0.4053,tput=3.02] rank1[cuda1,share=0.3033,tput=3.43] rank2[cuda2,share=0.2914,tput=2.29]
epoch 143: eval=0.9001
epoch 144: loss=0.143570, train_acc=0.9490, time=12.2s
per-rank: rank0[cuda0,share=0.4124,tput=2.09] rank1[cuda1,share=0.3022,tput=3.72] rank2[cuda2,share=0.2854,tput=5.26]
epoch 144: eval=0.8992
epoch 145: loss=0.143147, train_acc=0.9489, time=10.9s
per-rank: rank0[cuda0,share=0.4160,tput=2.25] rank1[cuda1,share=0.2988,tput=2.81] rank2[cuda2,share=0.2853,tput=3.87]
epoch 145: eval=0.9014
epoch 146: loss=0.137533, train_acc=0.9501, time=9.4s
per-rank: rank0[cuda0,share=0.4021,tput=2.79] rank1[cuda1,share=0.3031,tput=3.40] rank2[cuda2,share=0.2948,tput=2.58]
epoch 146: eval=0.8994
epoch 147: loss=0.139813, train_acc=0.9502, time=9.6s
per-rank: rank0[cuda0,share=0.3942,tput=2.66] rank1[cuda1,share=0.3060,tput=2.48] rank2[cuda2,share=0.2998,tput=4.37]
epoch 147: eval=0.8962
epoch 148: loss=0.139952, train_acc=0.9511, time=9.4s
per-rank: rank0[cuda0,share=0.3962,tput=1.96] rank1[cuda1,share=0.3119,tput=2.59] rank2[cuda2,share=0.2919,tput=6.37]
epoch 148: eval=0.9058
epoch 149: loss=0.137429, train_acc=0.9510, time=9.4s
per-rank: rank0[cuda0,share=0.3810,tput=2.93] rank1[cuda1,share=0.3197,tput=2.55] rank2[cuda2,share=0.2993,tput=3.55]
epoch 149: eval=0.9027
epoch 150: loss=0.107513, train_acc=0.9633, time=9.5s
per-rank: rank0[cuda0,share=0.3680,tput=3.22] rank1[cuda1,share=0.3246,tput=2.38] rank2[cuda2,share=0.3074,tput=3.36]
epoch 150: eval=0.9164
epoch 151: loss=0.094848, train_acc=0.9679, time=9.3s
per-rank: rank0[cuda0,share=0.3953,tput=4.10] rank1[cuda1,share=0.3056,tput=3.09] rank2[cuda2,share=0.2991,tput=2.25]
epoch 151: eval=0.9174
epoch 152: loss=0.092103, train_acc=0.9692, time=9.4s
per-rank: rank0[cuda0,share=0.4143,tput=3.60] rank2[cuda2,share=0.3007,tput=2.52] rank1[cuda1,share=0.2851,tput=3.42]
epoch 152: eval=0.9169
epoch 153: loss=0.089222, train_acc=0.9702, time=9.6s
per-rank: rank0[cuda0,share=0.4168,tput=3.76] rank2[cuda2,share=0.2939,tput=2.77] rank1[cuda1,share=0.2893,tput=2.61]
epoch 153: eval=0.9160
epoch 154: loss=0.088286, train_acc=0.9700, time=9.5s
per-rank: rank0[cuda0,share=0.4104,tput=3.01] rank1[cuda1,share=0.3042,tput=2.80] rank2[cuda2,share=0.2854,tput=3.17]
epoch 154: eval=0.9161
epoch 155: loss=0.085847, train_acc=0.9719, time=9.3s
per-rank: rank0[cuda0,share=0.4056,tput=2.59] rank1[cuda1,share=0.3148,tput=2.43] rank2[cuda2,share=0.2796,tput=4.95]
epoch 155: eval=0.9168
epoch 156: loss=0.086920, train_acc=0.9711, time=11.9s
per-rank: rank0[cuda0,share=0.4025,tput=2.14] rank1[cuda1,share=0.3091,tput=5.16] rank2[cuda2,share=0.2884,tput=3.59]
epoch 156: eval=0.9158
epoch 157: loss=0.084641, train_acc=0.9722, time=11.0s
per-rank: rank0[cuda0,share=0.3978,tput=1.95] rank1[cuda1,share=0.3087,tput=3.79] rank2[cuda2,share=0.2935,tput=2.78]
epoch 157: eval=0.9166
epoch 158: loss=0.084424, train_acc=0.9720, time=9.4s
per-rank: rank0[cuda0,share=0.4068,tput=4.12] rank1[cuda1,share=0.2988,tput=3.08] rank2[cuda2,share=0.2944,tput=2.21]
epoch 158: eval=0.9146
epoch 159: loss=0.081290, train_acc=0.9724, time=9.2s
per-rank: rank0[cuda0,share=0.4212,tput=3.20] rank2[cuda2,share=0.2916,tput=2.42] rank1[cuda1,share=0.2873,tput=3.58]
epoch 159: eval=0.9159
epoch 160: loss=0.082297, train_acc=0.9725, time=9.4s
per-rank: rank0[cuda0,share=0.3945,tput=1.98] rank2[cuda2,share=0.3051,tput=2.52] rank1[cuda1,share=0.3004,tput=6.46]
epoch 160: eval=0.9146
epoch 161: loss=0.081877, train_acc=0.9718, time=9.4s
per-rank: rank0[cuda0,share=0.3792,tput=2.39] rank2[cuda2,share=0.3115,tput=5.38] rank1[cuda1,share=0.3093,tput=2.33]
epoch 161: eval=0.9153
epoch 162: loss=0.080827, train_acc=0.9726, time=11.0s
per-rank: rank0[cuda0,share=0.4098,tput=2.21] rank2[cuda2,share=0.3031,tput=3.46] rank1[cuda1,share=0.2871,tput=4.71]
epoch 162: eval=0.9158
epoch 163: loss=0.080022, train_acc=0.9726, time=10.2s
per-rank: rank0[cuda0,share=0.4194,tput=2.39] rank2[cuda2,share=0.3003,tput=2.51] rank1[cuda1,share=0.2803,tput=3.81]
epoch 163: eval=0.9163
epoch 164: loss=0.082223, train_acc=0.9715, time=9.4s
per-rank: rank0[cuda0,share=0.4076,tput=2.20] rank2[cuda2,share=0.2972,tput=5.43] rank1[cuda1,share=0.2952,tput=2.58]
epoch 164: eval=0.9160
epoch 165: loss=0.080413, train_acc=0.9733, time=11.3s
per-rank: rank0[cuda0,share=0.4148,tput=2.19] rank2[cuda2,share=0.2936,tput=3.51] rank1[cuda1,share=0.2917,tput=5.04]
epoch 165: eval=0.9153
epoch 166: loss=0.077536, train_acc=0.9742, time=10.4s
per-rank: rank0[cuda0,share=0.4237,tput=2.53] rank2[cuda2,share=0.2938,tput=2.63] rank1[cuda1,share=0.2825,tput=3.88]
epoch 166: eval=0.9155
epoch 167: loss=0.079169, train_acc=0.9724, time=9.3s
per-rank: rank0[cuda0,share=0.4258,tput=4.53] rank2[cuda2,share=0.2927,tput=2.38] rank1[cuda1,share=0.2815,tput=3.42]
epoch 167: eval=0.9163
epoch 168: loss=0.080486, train_acc=0.9727, time=12.0s
per-rank: rank0[cuda0,share=0.4161,tput=2.17] rank2[cuda2,share=0.2941,tput=3.45] rank1[cuda1,share=0.2898,tput=5.47]
epoch 168: eval=0.9154
epoch 169: loss=0.077139, train_acc=0.9741, time=11.1s
per-rank: rank0[cuda0,share=0.4089,tput=1.94] rank2[cuda2,share=0.3058,tput=3.85] rank1[cuda1,share=0.2852,tput=2.64]
epoch 169: eval=0.9150
epoch 170: loss=0.076329, train_acc=0.9745, time=9.4s
per-rank: rank0[cuda0,share=0.3960,tput=3.86] rank2[cuda2,share=0.3092,tput=3.20] rank1[cuda1,share=0.2948,tput=2.08]
epoch 170: eval=0.9169
epoch 171: loss=0.076834, train_acc=0.9734, time=9.4s
per-rank: rank0[cuda0,share=0.4209,tput=2.65] rank2[cuda2,share=0.2999,tput=2.33] rank1[cuda1,share=0.2792,tput=5.49]
epoch 171: eval=0.9161
epoch 172: loss=0.074797, train_acc=0.9753, time=9.3s
per-rank: rank0[cuda0,share=0.4142,tput=3.01] rank1[cuda1,share=0.2935,tput=3.82] rank2[cuda2,share=0.2923,tput=2.38]
epoch 172: eval=0.9137
epoch 173: loss=0.074775, train_acc=0.9750, time=11.5s
per-rank: rank0[cuda0,share=0.4165,tput=2.13] rank1[cuda1,share=0.2918,tput=3.12] rank2[cuda2,share=0.2918,tput=5.30]
epoch 173: eval=0.9141
epoch 174: loss=0.074915, train_acc=0.9750, time=10.3s
per-rank: rank0[cuda0,share=0.3936,tput=1.92] rank1[cuda1,share=0.3053,tput=3.39] rank2[cuda2,share=0.3011,tput=3.71]
epoch 174: eval=0.9143
epoch 175: loss=0.076174, train_acc=0.9747, time=9.3s
per-rank: rank0[cuda0,share=0.3787,tput=3.44] rank1[cuda1,share=0.3157,tput=4.59] rank2[cuda2,share=0.3056,tput=2.31]
epoch 175: eval=0.9164
epoch 176: loss=0.074532, train_acc=0.9755, time=11.8s
per-rank: rank0[cuda0,share=0.4241,tput=2.18] rank2[cuda2,share=0.2944,tput=5.28] rank1[cuda1,share=0.2815,tput=3.39]
epoch 176: eval=0.9144
epoch 177: loss=0.072349, train_acc=0.9758, time=11.3s
per-rank: rank0[cuda0,share=0.4069,tput=1.93] rank2[cuda2,share=0.3054,tput=3.03] rank1[cuda1,share=0.2877,tput=3.75]
epoch 177: eval=0.9156
epoch 178: loss=0.071521, train_acc=0.9761, time=9.7s
per-rank: rank0[cuda0,share=0.3878,tput=3.80] rank1[cuda1,share=0.3082,tput=3.99] rank2[cuda2,share=0.3041,tput=1.97]
epoch 178: eval=0.9165
epoch 179: loss=0.071855, train_acc=0.9754, time=9.4s
per-rank: rank0[cuda0,share=0.4102,tput=2.25] rank1[cuda1,share=0.3029,tput=5.89] rank2[cuda2,share=0.2869,tput=2.30]
epoch 179: eval=0.9165
epoch 180: loss=0.071755, train_acc=0.9759, time=9.3s
per-rank: rank0[cuda0,share=0.4110,tput=2.38] rank1[cuda1,share=0.3051,tput=2.60] rank2[cuda2,share=0.2839,tput=5.35]
epoch 180: eval=0.9172
epoch 181: loss=0.071257, train_acc=0.9765, time=9.2s
per-rank: rank0[cuda0,share=0.4074,tput=2.75] rank1[cuda1,share=0.3143,tput=5.56] rank2[cuda2,share=0.2783,tput=2.21]
epoch 181: eval=0.9143
epoch 182: loss=0.071644, train_acc=0.9755, time=9.1s
per-rank: rank0[cuda0,share=0.4155,tput=2.39] rank1[cuda1,share=0.3056,tput=6.73] rank2[cuda2,share=0.2789,tput=2.21]
epoch 182: eval=0.9136
epoch 183: loss=0.071711, train_acc=0.9758, time=9.4s
per-rank: rank0[cuda0,share=0.4184,tput=2.36] rank1[cuda1,share=0.3022,tput=5.82] rank2[cuda2,share=0.2795,tput=2.21]
epoch 183: eval=0.9133
epoch 184: loss=0.069845, train_acc=0.9761, time=9.6s
per-rank: rank0[cuda0,share=0.3877,tput=2.41] rank1[cuda1,share=0.3193,tput=3.81] rank2[cuda2,share=0.2930,tput=2.57]
epoch 184: eval=0.9147
epoch 185: loss=0.070483, train_acc=0.9755, time=10.7s
per-rank: rank0[cuda0,share=0.3975,tput=2.12] rank1[cuda1,share=0.3023,tput=4.70] rank2[cuda2,share=0.3002,tput=3.44]
epoch 185: eval=0.9160
epoch 186: loss=0.069427, train_acc=0.9770, time=9.9s
per-rank: rank0[cuda0,share=0.4119,tput=2.71] rank2[cuda2,share=0.2950,tput=3.29] rank1[cuda1,share=0.2931,tput=3.01]
epoch 186: eval=0.9148
epoch 187: loss=0.071630, train_acc=0.9766, time=9.3s
per-rank: rank0[cuda0,share=0.3995,tput=1.93] rank1[cuda1,share=0.3054,tput=6.27] rank2[cuda2,share=0.2951,tput=2.52]
epoch 187: eval=0.9139
epoch 188: loss=0.068962, train_acc=0.9773, time=9.4s
per-rank: rank0[cuda0,share=0.3853,tput=3.32] rank1[cuda1,share=0.3140,tput=2.29] rank2[cuda2,share=0.3007,tput=3.57]
epoch 188: eval=0.9127
epoch 189: loss=0.068542, train_acc=0.9776, time=9.3s
per-rank: rank0[cuda0,share=0.3857,tput=3.68] rank2[cuda2,share=0.3144,tput=3.49] rank1[cuda1,share=0.2998,tput=2.24]
epoch 189: eval=0.9145
epoch 190: loss=0.067615, train_acc=0.9771, time=9.3s
per-rank: rank0[cuda0,share=0.3866,tput=3.12] rank2[cuda2,share=0.3146,tput=2.28] rank1[cuda1,share=0.2988,tput=3.91]
epoch 190: eval=0.9144
epoch 191: loss=0.067252, train_acc=0.9772, time=9.3s
per-rank: rank0[cuda0,share=0.3821,tput=2.23] rank1[cuda1,share=0.3103,tput=2.49] rank2[cuda2,share=0.3077,tput=5.61]
epoch 191: eval=0.9153
epoch 192: loss=0.067839, train_acc=0.9769, time=9.4s
per-rank: rank0[cuda0,share=0.3867,tput=3.85] rank1[cuda1,share=0.3118,tput=2.32] rank2[cuda2,share=0.3015,tput=3.25]
epoch 192: eval=0.9146
epoch 193: loss=0.067838, train_acc=0.9771, time=9.3s
per-rank: rank0[cuda0,share=0.4035,tput=2.27] rank1[cuda1,share=0.3001,tput=2.39] rank2[cuda2,share=0.2964,tput=6.23]
epoch 193: eval=0.9140
epoch 194: loss=0.066152, train_acc=0.9773, time=9.4s
per-rank: rank0[cuda0,share=0.4136,tput=3.43] rank2[cuda2,share=0.3001,tput=2.48] rank1[cuda1,share=0.2863,tput=3.13]
epoch 194: eval=0.9139
epoch 195: loss=0.065370, train_acc=0.9786, time=9.3s
per-rank: rank0[cuda0,share=0.4168,tput=3.92] rank1[cuda1,share=0.2926,tput=2.99] rank2[cuda2,share=0.2906,tput=3.61]
epoch 195: eval=0.9139
epoch 196: loss=0.068627, train_acc=0.9768, time=11.8s
per-rank: rank0[cuda0,share=0.4053,tput=2.08] rank1[cuda1,share=0.2984,tput=4.74] rank2[cuda2,share=0.2963,tput=3.62]
epoch 196: eval=0.9128
epoch 197: loss=0.066100, train_acc=0.9771, time=10.6s
per-rank: rank0[cuda0,share=0.4029,tput=2.42] rank1[cuda1,share=0.3008,tput=4.35] rank2[cuda2,share=0.2964,tput=2.42]
epoch 197: eval=0.9138
epoch 198: loss=0.065180, train_acc=0.9782, time=11.5s
per-rank: rank0[cuda0,share=0.4064,tput=2.11] rank1[cuda1,share=0.3009,tput=3.43] rank2[cuda2,share=0.2927,tput=4.83]
epoch 198: eval=0.9148
epoch 199: loss=0.066195, train_acc=0.9779, time=10.6s
per-rank: rank0[cuda0,share=0.4020,tput=2.30] rank1[cuda1,share=0.3012,tput=3.62] rank2[cuda2,share=0.2968,tput=2.73]
final eval=0.9126
# total: 1862.6s (31m 3s)
