# gpu0: NVIDIA GeForce RTX 5060 Ti (15GB, sm_120)
# gpu1: NVIDIA GeForce GTX 1060 6GB (5GB, sm_61)
# gpu2: NVIDIA GeForce GTX 1060 6GB (5GB, sm_61)
epoch 0: loss=1.996841, train_acc=0.2540, time=10.8s
per-rank: rank0[cuda0,share=0.4147,tput=3.77] rank2[cuda2,share=0.2962,tput=2.42] rank1[cuda1,share=0.2891,tput=5.58]
epoch 0: eval=0.3089
epoch 1: loss=1.654846, train_acc=0.3850, time=10.4s
per-rank: rank0[cuda0,share=0.3840,tput=1.90] rank2[cuda2,share=0.3117,tput=5.04] rank1[cuda1,share=0.3042,tput=2.62]
epoch 1: eval=0.4301
epoch 2: loss=1.466519, train_acc=0.4638, time=10.1s
per-rank: rank0[cuda0,share=0.3976,tput=3.34] rank1[cuda1,share=0.3224,tput=3.94] rank2[cuda2,share=0.2800,tput=1.80]
epoch 2: eval=0.4443
epoch 3: loss=1.289143, train_acc=0.5361, time=10.2s
per-rank: rank0[cuda0,share=0.4051,tput=3.09] rank1[cuda1,share=0.3059,tput=4.21] rank2[cuda2,share=0.2890,tput=2.26]
epoch 3: eval=0.4692
epoch 4: loss=1.156924, train_acc=0.5854, time=9.8s
per-rank: rank0[cuda0,share=0.4399,tput=3.16] rank1[cuda1,share=0.3043,tput=2.32] rank2[cuda2,share=0.2558,tput=4.70]
epoch 4: eval=0.5472
epoch 5: loss=1.020916, train_acc=0.6376, time=10.0s
per-rank: rank0[cuda0,share=0.3722,tput=2.31] rank1[cuda1,share=0.3239,tput=2.54] rank2[cuda2,share=0.3040,tput=4.02]
epoch 5: eval=0.6378
epoch 6: loss=0.899470, train_acc=0.6879, time=13.0s
per-rank: rank0[cuda0,share=0.3827,tput=2.05] rank1[cuda1,share=0.3210,tput=4.17] rank2[cuda2,share=0.2963,tput=3.90]
epoch 6: eval=0.6537
epoch 7: loss=0.828060, train_acc=0.7125, time=11.4s
per-rank: rank0[cuda0,share=0.3996,tput=2.20] rank2[cuda2,share=0.3044,tput=4.64] rank1[cuda1,share=0.2960,tput=2.58]
epoch 7: eval=0.6784
epoch 8: loss=0.772969, train_acc=0.7319, time=13.2s
per-rank: rank0[cuda0,share=0.3870,tput=1.97] rank1[cuda1,share=0.3130,tput=4.08] rank2[cuda2,share=0.3000,tput=3.95]
epoch 8: eval=0.6461
epoch 9: loss=0.725239, train_acc=0.7501, time=11.8s
per-rank: rank0[cuda0,share=0.3942,tput=2.04] rank1[cuda1,share=0.3029,tput=3.32] rank2[cuda2,share=0.3029,tput=2.76]
epoch 9: eval=0.7171
epoch 10: loss=0.686491, train_acc=0.7646, time=9.9s
per-rank: rank0[cuda0,share=0.4141,tput=3.99] rank2[cuda2,share=0.3035,tput=2.36] rank1[cuda1,share=0.2824,tput=3.98]
epoch 10: eval=0.7259
epoch 11: loss=0.645613, train_acc=0.7762, time=9.9s
per-rank: rank0[cuda0,share=0.4047,tput=2.02] rank1[cuda1,share=0.3081,tput=2.43] rank2[cuda2,share=0.2872,tput=5.98]
epoch 11: eval=0.6793
epoch 12: loss=0.634895, train_acc=0.7808, time=11.6s
per-rank: rank0[cuda0,share=0.4169,tput=2.09] rank1[cuda1,share=0.3060,tput=3.51] rank2[cuda2,share=0.2771,tput=4.22]
epoch 12: eval=0.7487
epoch 13: loss=0.624550, train_acc=0.7832, time=10.7s
per-rank: rank0[cuda0,share=0.4089,tput=2.44] rank1[cuda1,share=0.3093,tput=2.66] rank2[cuda2,share=0.2818,tput=3.82]
epoch 13: eval=0.6917
epoch 14: loss=0.611054, train_acc=0.7915, time=9.9s
per-rank: rank0[cuda0,share=0.4387,tput=2.61] rank2[cuda2,share=0.2989,tput=6.87] rank1[cuda1,share=0.2625,tput=1.76]
epoch 14: eval=0.7565
epoch 15: loss=0.570983, train_acc=0.8020, time=10.2s
per-rank: rank0[cuda0,share=0.3939,tput=2.11] rank2[cuda2,share=0.3113,tput=2.22] rank1[cuda1,share=0.2948,tput=5.96]
epoch 15: eval=0.7549
epoch 16: loss=0.566091, train_acc=0.8056, time=13.1s
per-rank: rank0[cuda0,share=0.3848,tput=1.95] rank1[cuda1,share=0.3301,tput=3.84] rank2[cuda2,share=0.2852,tput=4.40]
epoch 16: eval=0.7909
epoch 17: loss=0.561192, train_acc=0.8074, time=12.0s
per-rank: rank0[cuda0,share=0.3814,tput=1.87] rank1[cuda1,share=0.3196,tput=2.68] rank2[cuda2,share=0.2990,tput=3.60]
epoch 17: eval=0.7681
epoch 18: loss=0.565977, train_acc=0.8037, time=10.0s
per-rank: rank0[cuda0,share=0.4061,tput=3.88] rank2[cuda2,share=0.3113,tput=2.21] rank1[cuda1,share=0.2826,tput=2.82]
epoch 18: eval=0.7822
epoch 19: loss=0.542712, train_acc=0.8115, time=12.6s
per-rank: rank0[cuda0,share=0.3810,tput=1.92] rank1[cuda1,share=0.3200,tput=5.30] rank2[cuda2,share=0.2990,tput=3.14]
epoch 19: eval=0.7845
epoch 20: loss=0.536079, train_acc=0.8163, time=11.2s
per-rank: rank0[cuda0,share=0.3939,tput=2.11] rank1[cuda1,share=0.3152,tput=3.91] rank2[cuda2,share=0.2909,tput=2.51]
epoch 20: eval=0.7315
epoch 21: loss=0.526117, train_acc=0.8190, time=12.1s
per-rank: rank0[cuda0,share=0.4154,tput=2.09] rank1[cuda1,share=0.3038,tput=4.25] rank2[cuda2,share=0.2808,tput=3.56]
epoch 21: eval=0.7373
epoch 22: loss=0.514888, train_acc=0.8259, time=11.2s
per-rank: rank0[cuda0,share=0.4271,tput=2.24] rank1[cuda1,share=0.3023,tput=2.69] rank2[cuda2,share=0.2706,tput=3.43]
epoch 22: eval=0.6877
epoch 23: loss=0.501172, train_acc=0.8256, time=9.9s
per-rank: rank0[cuda0,share=0.4184,tput=2.39] rank2[cuda2,share=0.2920,tput=5.45] rank1[cuda1,share=0.2897,tput=2.16]
epoch 23: eval=0.7716
epoch 24: loss=0.619202, train_acc=0.7869, time=10.5s
per-rank: rank0[cuda0,share=0.4101,tput=3.43] rank2[cuda2,share=0.2968,tput=2.95] rank1[cuda1,share=0.2931,tput=2.19]
epoch 24: eval=0.7619
epoch 25: loss=0.589701, train_acc=0.7975, time=9.6s
per-rank: rank0[cuda0,share=0.4064,tput=2.08] rank2[cuda2,share=0.2983,tput=5.13] rank1[cuda1,share=0.2953,tput=2.36]
epoch 25: eval=0.7217
epoch 26: loss=0.585013, train_acc=0.7983, time=9.4s
per-rank: rank0[cuda0,share=0.4044,tput=2.50] rank2[cuda2,share=0.2991,tput=5.23] rank1[cuda1,share=0.2965,tput=2.27]
epoch 26: eval=0.7410
epoch 27: loss=0.565226, train_acc=0.8050, time=9.7s
per-rank: rank0[cuda0,share=0.4035,tput=2.49] rank2[cuda2,share=0.2995,tput=2.12] rank1[cuda1,share=0.2971,tput=5.35]
epoch 27: eval=0.7683
epoch 28: loss=0.557268, train_acc=0.8078, time=11.9s
per-rank: rank0[cuda0,share=0.4027,tput=2.01] rank2[cuda2,share=0.2998,tput=4.35] rank1[cuda1,share=0.2975,tput=3.30]
epoch 28: eval=0.7907
epoch 29: loss=0.548069, train_acc=0.8112, time=10.7s
per-rank: rank0[cuda0,share=0.4021,tput=2.30] rank2[cuda2,share=0.2999,tput=2.43] rank1[cuda1,share=0.2980,tput=3.93]
epoch 29: eval=0.7629
epoch 30: loss=0.545777, train_acc=0.8117, time=11.9s
per-rank: rank0[cuda0,share=0.4017,tput=2.03] rank2[cuda2,share=0.3000,tput=4.76] rank1[cuda1,share=0.2983,tput=3.06]
epoch 30: eval=0.7898
epoch 31: loss=0.542848, train_acc=0.8147, time=10.8s
per-rank: rank0[cuda0,share=0.4013,tput=2.38] rank2[cuda2,share=0.3001,tput=3.61] rank1[cuda1,share=0.2986,tput=2.42]
epoch 31: eval=0.7699
epoch 32: loss=0.536670, train_acc=0.8153, time=11.2s
per-rank: rank0[cuda0,share=0.4018,tput=2.15] rank2[cuda2,share=0.3007,tput=3.30] rank1[cuda1,share=0.2975,tput=4.34]
epoch 32: eval=0.7791
epoch 33: loss=0.545469, train_acc=0.8150, time=10.8s
per-rank: rank0[cuda0,share=0.4021,tput=2.23] rank2[cuda2,share=0.3012,tput=3.71] rank1[cuda1,share=0.2967,tput=2.42]
epoch 33: eval=0.7784
epoch 34: loss=0.531425, train_acc=0.8164, time=11.8s
per-rank: rank0[cuda0,share=0.4027,tput=2.07] rank2[cuda2,share=0.3017,tput=3.19] rank1[cuda1,share=0.2956,tput=4.40]
epoch 34: eval=0.7914
epoch 35: loss=0.534181, train_acc=0.8170, time=10.8s
per-rank: rank0[cuda0,share=0.4040,tput=2.18] rank2[cuda2,share=0.3010,tput=3.00] rank1[cuda1,share=0.2951,tput=2.93]
epoch 35: eval=0.8103
epoch 36: loss=0.534165, train_acc=0.8177, time=11.8s
per-rank: rank0[cuda0,share=0.4053,tput=2.12] rank2[cuda2,share=0.3002,tput=3.93] rank1[cuda1,share=0.2945,tput=3.81]
epoch 36: eval=0.8195
epoch 37: loss=0.529445, train_acc=0.8182, time=10.9s
per-rank: rank0[cuda0,share=0.4066,tput=2.01] rank2[cuda2,share=0.2995,tput=2.26] rank1[cuda1,share=0.2939,tput=4.09]
epoch 37: eval=0.8171
epoch 38: loss=0.522008, train_acc=0.8211, time=12.1s
per-rank: rank0[cuda0,share=0.4071,tput=2.01] rank2[cuda2,share=0.2982,tput=4.51] rank1[cuda1,share=0.2947,tput=3.48]
epoch 38: eval=0.7717
epoch 39: loss=0.527413, train_acc=0.8185, time=11.0s
per-rank: rank0[cuda0,share=0.4071,tput=2.02] rank2[cuda2,share=0.2982,tput=4.01] rank1[cuda1,share=0.2947,tput=2.51]
epoch 39: eval=0.7587
epoch 40: loss=0.512812, train_acc=0.8240, time=9.8s
per-rank: rank0[cuda0,share=0.4076,tput=3.15] rank2[cuda2,share=0.2969,tput=2.10] rank1[cuda1,share=0.2955,tput=3.52]
epoch 40: eval=0.7360
epoch 41: loss=0.514785, train_acc=0.8216, time=9.5s
per-rank: rank0[cuda0,share=0.4081,tput=3.39] rank1[cuda1,share=0.2963,tput=2.86] rank2[cuda2,share=0.2956,tput=2.56]
epoch 41: eval=0.7764
epoch 42: loss=0.519235, train_acc=0.8241, time=9.7s
per-rank: rank0[cuda0,share=0.4078,tput=2.09] rank1[cuda1,share=0.2964,tput=2.27] rank2[cuda2,share=0.2958,tput=5.96]
epoch 42: eval=0.8140
epoch 43: loss=0.508044, train_acc=0.8254, time=9.7s
per-rank: rank0[cuda0,share=0.4069,tput=3.34] rank1[cuda1,share=0.2976,tput=3.04] rank2[cuda2,share=0.2956,tput=2.24]
epoch 43: eval=0.7488
epoch 44: loss=0.513920, train_acc=0.8250, time=9.7s
per-rank: rank0[cuda0,share=0.4066,tput=2.30] rank1[cuda1,share=0.2975,tput=2.34] rank2[cuda2,share=0.2958,tput=5.30]
epoch 44: eval=0.7656
epoch 45: loss=0.512952, train_acc=0.8208, time=11.7s
per-rank: rank0[cuda0,share=0.4064,tput=2.09] rank1[cuda1,share=0.2975,tput=5.03] rank2[cuda2,share=0.2961,tput=3.39]
epoch 45: eval=0.7868
epoch 46: loss=0.501415, train_acc=0.8293, time=10.9s
per-rank: rank0[cuda0,share=0.4048,tput=2.04] rank1[cuda1,share=0.2981,tput=3.75] rank2[cuda2,share=0.2971,tput=2.51]
epoch 46: eval=0.7771
epoch 47: loss=0.498543, train_acc=0.8273, time=11.6s
per-rank: rank0[cuda0,share=0.4031,tput=2.04] rank1[cuda1,share=0.2987,tput=3.65] rank2[cuda2,share=0.2982,tput=4.10]
epoch 47: eval=0.7249
epoch 48: loss=0.502213, train_acc=0.8278, time=10.8s
per-rank: rank0[cuda0,share=0.4014,tput=2.44] rank1[cuda1,share=0.2993,tput=3.80] rank2[cuda2,share=0.2993,tput=2.42]
epoch 48: eval=0.7675
epoch 49: loss=0.507405, train_acc=0.8274, time=9.6s
per-rank: rank0[cuda0,share=0.4006,tput=2.86] rank2[cuda2,share=0.3010,tput=3.24] rank1[cuda1,share=0.2984,tput=2.52]
epoch 49: eval=0.8083
epoch 50: loss=0.494249, train_acc=0.8315, time=11.6s
per-rank: rank0[cuda0,share=0.3988,tput=2.07] rank2[cuda2,share=0.3046,tput=3.31] rank1[cuda1,share=0.2966,tput=4.44]
epoch 50: eval=0.8274
epoch 51: loss=0.503737, train_acc=0.8247, time=10.5s
per-rank: rank0[cuda0,share=0.3988,tput=2.67] rank2[cuda2,share=0.3046,tput=3.24] rank1[cuda1,share=0.2966,tput=2.55]
epoch 51: eval=0.7040
epoch 52: loss=0.497405, train_acc=0.8294, time=13.1s
per-rank: rank0[cuda0,share=0.3972,tput=1.79] rank2[cuda2,share=0.3056,tput=3.34] rank1[cuda1,share=0.2972,tput=4.64]
epoch 52: eval=0.8122
epoch 53: loss=0.495197, train_acc=0.8278, time=11.7s
per-rank: rank0[cuda0,share=0.3972,tput=1.84] rank2[cuda2,share=0.3056,tput=2.54] rank1[cuda1,share=0.2972,tput=3.94]
epoch 53: eval=0.7577
epoch 54: loss=0.497706, train_acc=0.8289, time=9.8s
per-rank: rank0[cuda0,share=0.3948,tput=2.82] rank2[cuda2,share=0.3060,tput=3.20] rank1[cuda1,share=0.2992,tput=2.50]
epoch 54: eval=0.7119
epoch 55: loss=0.491615, train_acc=0.8322, time=9.7s
per-rank: rank0[cuda0,share=0.3919,tput=3.93] rank2[cuda2,share=0.3051,tput=2.11] rank1[cuda1,share=0.3030,tput=2.93]
epoch 55: eval=0.8450
epoch 56: loss=0.479979, train_acc=0.8353, time=11.1s
per-rank: rank0[cuda0,share=0.3908,tput=2.10] rank2[cuda2,share=0.3049,tput=3.08] rank1[cuda1,share=0.3043,tput=4.57]
epoch 56: eval=0.8077
epoch 57: loss=0.479587, train_acc=0.8354, time=10.2s
per-rank: rank0[cuda0,share=0.3909,tput=3.21] rank1[cuda1,share=0.3051,tput=3.22] rank2[cuda2,share=0.3040,tput=2.22]
epoch 57: eval=0.7824
epoch 58: loss=0.490314, train_acc=0.8308, time=12.0s
per-rank: rank0[cuda0,share=0.3910,tput=1.99] rank1[cuda1,share=0.3058,tput=4.86] rank2[cuda2,share=0.3032,tput=3.34]
epoch 58: eval=0.7991
epoch 59: loss=0.493376, train_acc=0.8303, time=10.8s
per-rank: rank0[cuda0,share=0.3910,tput=2.80] rank1[cuda1,share=0.3066,tput=3.65] rank2[cuda2,share=0.3024,tput=2.39]
epoch 59: eval=0.7735
epoch 60: loss=0.480827, train_acc=0.8350, time=11.5s
per-rank: rank0[cuda0,share=0.3911,tput=2.05] rank1[cuda1,share=0.3073,tput=4.86] rank2[cuda2,share=0.3016,tput=3.18]
epoch 60: eval=0.7504
epoch 61: loss=0.489213, train_acc=0.8317, time=10.6s
per-rank: rank0[cuda0,share=0.3912,tput=2.69] rank1[cuda1,share=0.3081,tput=2.52] rank2[cuda2,share=0.3007,tput=3.29]
epoch 61: eval=0.7468
epoch 62: loss=0.482241, train_acc=0.8349, time=12.1s
per-rank: rank0[cuda0,share=0.3954,tput=1.94] rank1[cuda1,share=0.3083,tput=4.75] rank2[cuda2,share=0.2963,tput=3.45]
epoch 62: eval=0.8178
epoch 63: loss=0.488836, train_acc=0.8314, time=11.0s
per-rank: rank0[cuda0,share=0.3954,tput=2.36] rank1[cuda1,share=0.3083,tput=2.76] rank2[cuda2,share=0.2963,tput=3.32]
epoch 63: eval=0.7789
epoch 64: loss=0.485748, train_acc=0.8347, time=9.5s
per-rank: rank0[cuda0,share=0.3972,tput=2.54] rank1[cuda1,share=0.3082,tput=2.18] rank2[cuda2,share=0.2946,tput=5.06]
epoch 64: eval=0.7203
epoch 65: loss=0.477906, train_acc=0.8361, time=12.4s
per-rank: rank0[cuda0,share=0.4000,tput=1.94] rank1[cuda1,share=0.3076,tput=4.69] rank2[cuda2,share=0.2923,tput=3.13]
epoch 65: eval=0.8256
epoch 66: loss=0.474228, train_acc=0.8365, time=11.0s
per-rank: rank0[cuda0,share=0.3999,tput=2.36] rank1[cuda1,share=0.3077,tput=3.87] rank2[cuda2,share=0.2924,tput=2.36]
epoch 66: eval=0.7770
epoch 67: loss=0.474857, train_acc=0.8368, time=9.6s
per-rank: rank0[cuda0,share=0.3998,tput=3.46] rank1[cuda1,share=0.3078,tput=2.07] rank2[cuda2,share=0.2924,tput=3.44]
epoch 67: eval=0.8165
epoch 68: loss=0.482205, train_acc=0.8338, time=11.7s
per-rank: rank0[cuda0,share=0.3997,tput=2.02] rank1[cuda1,share=0.3079,tput=5.30] rank2[cuda2,share=0.2924,tput=2.68]
epoch 68: eval=0.8136
epoch 69: loss=0.476696, train_acc=0.8363, time=10.5s
per-rank: rank0[cuda0,share=0.3996,tput=2.63] rank1[cuda1,share=0.3080,tput=3.91] rank2[cuda2,share=0.2924,tput=2.11]
epoch 69: eval=0.8080
epoch 70: loss=0.479049, train_acc=0.8346, time=9.5s
per-rank: rank0[cuda0,share=0.3995,tput=1.97] rank1[cuda1,share=0.3081,tput=6.31] rank2[cuda2,share=0.2924,tput=2.18]
epoch 70: eval=0.7736
epoch 71: loss=0.481969, train_acc=0.8336, time=9.7s
per-rank: rank0[cuda0,share=0.4000,tput=3.44] rank1[cuda1,share=0.3087,tput=2.21] rank2[cuda2,share=0.2912,tput=3.16]
epoch 71: eval=0.7435
epoch 72: loss=0.474707, train_acc=0.8380, time=9.6s
per-rank: rank0[cuda0,share=0.3999,tput=3.10] rank1[cuda1,share=0.3088,tput=3.02] rank2[cuda2,share=0.2913,tput=2.30]
epoch 72: eval=0.8102
epoch 73: loss=0.461230, train_acc=0.8425, time=11.7s
per-rank: rank0[cuda0,share=0.3985,tput=2.07] rank1[cuda1,share=0.3097,tput=4.48] rank2[cuda2,share=0.2919,tput=3.13]
epoch 73: eval=0.7638
epoch 74: loss=0.466168, train_acc=0.8395, time=10.8s
per-rank: rank0[cuda0,share=0.3990,tput=2.24] rank1[cuda1,share=0.3089,tput=2.40] rank2[cuda2,share=0.2921,tput=4.06]
epoch 74: eval=0.8183
epoch 75: loss=0.471751, train_acc=0.8378, time=9.6s
per-rank: rank0[cuda0,share=0.3996,tput=2.33] rank1[cuda1,share=0.3081,tput=4.85] rank2[cuda2,share=0.2923,tput=2.41]
epoch 75: eval=0.7652
epoch 76: loss=0.477584, train_acc=0.8347, time=11.3s
per-rank: rank0[cuda0,share=0.4023,tput=2.17] rank1[cuda1,share=0.3038,tput=4.49] rank2[cuda2,share=0.2939,tput=3.54]
epoch 76: eval=0.8619
epoch 77: loss=0.477394, train_acc=0.8349, time=10.7s
per-rank: rank0[cuda0,share=0.4023,tput=2.54] rank1[cuda1,share=0.3038,tput=2.45] rank2[cuda2,share=0.2939,tput=3.51]
epoch 77: eval=0.7516
epoch 78: loss=0.451117, train_acc=0.8454, time=9.6s
per-rank: rank0[cuda0,share=0.4035,tput=3.59] rank1[cuda1,share=0.3018,tput=3.30] rank2[cuda2,share=0.2947,tput=2.03]
epoch 78: eval=0.8074
epoch 79: loss=0.471523, train_acc=0.8387, time=9.5s
per-rank: rank0[cuda0,share=0.4048,tput=2.14] rank1[cuda1,share=0.2995,tput=2.50] rank2[cuda2,share=0.2957,tput=5.24]
epoch 79: eval=0.6947
epoch 80: loss=0.475634, train_acc=0.8351, time=9.6s
per-rank: rank0[cuda0,share=0.4062,tput=2.69] rank1[cuda1,share=0.2971,tput=3.69] rank2[cuda2,share=0.2967,tput=2.23]
epoch 80: eval=0.7787
epoch 81: loss=0.472539, train_acc=0.8397, time=9.7s
per-rank: rank0[cuda0,share=0.4062,tput=2.17] rank2[cuda2,share=0.2984,tput=5.19] rank1[cuda1,share=0.2954,tput=2.30]
epoch 81: eval=0.7960
epoch 82: loss=0.458451, train_acc=0.8433, time=11.2s
per-rank: rank0[cuda0,share=0.4078,tput=2.16] rank2[cuda2,share=0.2996,tput=3.38] rank1[cuda1,share=0.2926,tput=4.46]
epoch 82: eval=0.7824
epoch 83: loss=0.466718, train_acc=0.8403, time=10.4s
per-rank: rank0[cuda0,share=0.4080,tput=3.08] rank2[cuda2,share=0.2997,tput=3.13] rank1[cuda1,share=0.2923,tput=2.48]
epoch 83: eval=0.7984
epoch 84: loss=0.464259, train_acc=0.8398, time=11.6s
per-rank: rank0[cuda0,share=0.4080,tput=2.09] rank2[cuda2,share=0.2964,tput=3.13] rank1[cuda1,share=0.2956,tput=4.53]
epoch 84: eval=0.7935
epoch 85: loss=0.457828, train_acc=0.8422, time=10.9s
per-rank: rank0[cuda0,share=0.4088,tput=2.44] rank1[cuda1,share=0.2960,tput=3.66] rank2[cuda2,share=0.2952,tput=2.27]
epoch 85: eval=0.7995
epoch 86: loss=0.463861, train_acc=0.8403, time=9.6s
per-rank: rank0[cuda0,share=0.4096,tput=3.29] rank1[cuda1,share=0.2965,tput=3.05] rank2[cuda2,share=0.2939,tput=2.27]
epoch 86: eval=0.8098
epoch 87: loss=0.467155, train_acc=0.8388, time=10.2s
per-rank: rank0[cuda0,share=0.4089,tput=1.74] rank1[cuda1,share=0.2976,tput=5.45] rank2[cuda2,share=0.2934,tput=2.35]
epoch 87: eval=0.7647
epoch 88: loss=0.464079, train_acc=0.8407, time=9.8s
per-rank: rank0[cuda0,share=0.4047,tput=2.84] rank1[cuda1,share=0.3015,tput=3.59] rank2[cuda2,share=0.2938,tput=2.18]
epoch 88: eval=0.8273
epoch 89: loss=0.442579, train_acc=0.8490, time=9.5s
per-rank: rank0[cuda0,share=0.4038,tput=3.79] rank1[cuda1,share=0.3035,tput=3.34] rank2[cuda2,share=0.2926,tput=2.02]
epoch 89: eval=0.7997
epoch 90: loss=0.465783, train_acc=0.8408, time=9.8s
per-rank: rank0[cuda0,share=0.4029,tput=3.01] rank1[cuda1,share=0.3056,tput=2.40] rank2[cuda2,share=0.2914,tput=4.17]
epoch 90: eval=0.7876
epoch 91: loss=0.457861, train_acc=0.8429, time=9.7s
per-rank: rank0[cuda0,share=0.4016,tput=3.71] rank1[cuda1,share=0.3088,tput=3.03] rank2[cuda2,share=0.2896,tput=2.14]
epoch 91: eval=0.7982
epoch 92: loss=0.471273, train_acc=0.8394, time=9.7s
per-rank: rank0[cuda0,share=0.4021,tput=2.14] rank1[cuda1,share=0.3083,tput=4.97] rank2[cuda2,share=0.2897,tput=2.44]
epoch 92: eval=0.7679
epoch 93: loss=0.466055, train_acc=0.8410, time=9.8s
per-rank: rank0[cuda0,share=0.4002,tput=3.20] rank1[cuda1,share=0.3078,tput=2.18] rank2[cuda2,share=0.2920,tput=3.14]
epoch 93: eval=0.8198
epoch 94: loss=0.447441, train_acc=0.8482, time=9.5s
per-rank: rank0[cuda0,share=0.4003,tput=4.80] rank1[cuda1,share=0.3074,tput=2.19] rank2[cuda2,share=0.2923,tput=2.88]
epoch 94: eval=0.8162
epoch 95: loss=0.461624, train_acc=0.8410, time=10.2s
per-rank: rank0[cuda0,share=0.4026,tput=1.76] rank1[cuda1,share=0.3058,tput=2.75] rank2[cuda2,share=0.2915,tput=5.63]
epoch 95: eval=0.7775
epoch 96: loss=0.452908, train_acc=0.8435, time=10.1s
per-rank: rank0[cuda0,share=0.4032,tput=2.57] rank1[cuda1,share=0.3039,tput=2.46] rank2[cuda2,share=0.2928,tput=3.55]
epoch 96: eval=0.7873
epoch 97: loss=0.455681, train_acc=0.8442, time=9.6s
per-rank: rank0[cuda0,share=0.4018,tput=2.06] rank1[cuda1,share=0.3034,tput=6.04] rank2[cuda2,share=0.2947,tput=2.27]
epoch 97: eval=0.7136
epoch 98: loss=0.445363, train_acc=0.8472, time=9.5s
per-rank: rank0[cuda0,share=0.3987,tput=4.41] rank1[cuda1,share=0.3010,tput=3.44] rank2[cuda2,share=0.3003,tput=2.39]
epoch 98: eval=0.7955
epoch 99: loss=0.458896, train_acc=0.8424, time=9.8s
per-rank: rank0[cuda0,share=0.3968,tput=3.19] rank2[cuda2,share=0.3020,tput=3.08] rank1[cuda1,share=0.3013,tput=2.33]
epoch 99: eval=0.7960
epoch 100: loss=0.303020, train_acc=0.8956, time=11.4s
per-rank: rank0[cuda0,share=0.3964,tput=2.15] rank2[cuda2,share=0.3035,tput=3.36] rank1[cuda1,share=0.3002,tput=4.82]
epoch 100: eval=0.8970
epoch 101: loss=0.237812, train_acc=0.9187, time=10.7s
per-rank: rank0[cuda0,share=0.3943,tput=2.56] rank2[cuda2,share=0.3074,tput=2.41] rank1[cuda1,share=0.2983,tput=3.35]
epoch 101: eval=0.9029
epoch 102: loss=0.222375, train_acc=0.9241, time=9.8s
per-rank: rank0[cuda0,share=0.3969,tput=3.11] rank2[cuda2,share=0.3083,tput=2.00] rank1[cuda1,share=0.2948,tput=5.03]
epoch 102: eval=0.9035
epoch 103: loss=0.213441, train_acc=0.9257, time=9.7s
per-rank: rank0[cuda0,share=0.4017,tput=2.61] rank2[cuda2,share=0.3066,tput=4.16] rank1[cuda1,share=0.2917,tput=2.43]
epoch 103: eval=0.9004
epoch 104: loss=0.208511, train_acc=0.9276, time=9.5s
per-rank: rank0[cuda0,share=0.4099,tput=2.34] rank2[cuda2,share=0.3023,tput=5.28] rank1[cuda1,share=0.2878,tput=2.23]
epoch 104: eval=0.9044
epoch 105: loss=0.202553, train_acc=0.9300, time=9.5s
per-rank: rank0[cuda0,share=0.4127,tput=2.96] rank2[cuda2,share=0.3009,tput=2.12] rank1[cuda1,share=0.2864,tput=3.88]
epoch 105: eval=0.9031
epoch 106: loss=0.195503, train_acc=0.9330, time=10.4s
per-rank: rank0[cuda0,share=0.4154,tput=1.78] rank2[cuda2,share=0.2980,tput=2.16] rank1[cuda1,share=0.2866,tput=7.03]
epoch 106: eval=0.9052
epoch 107: loss=0.192028, train_acc=0.9328, time=10.1s
per-rank: rank0[cuda0,share=0.4140,tput=2.49] rank2[cuda2,share=0.2971,tput=3.55] rank1[cuda1,share=0.2889,tput=2.43]
epoch 107: eval=0.9076
epoch 108: loss=0.184868, train_acc=0.9361, time=11.4s
per-rank: rank0[cuda0,share=0.4052,tput=2.04] rank1[cuda1,share=0.2974,tput=4.51] rank2[cuda2,share=0.2974,tput=3.35]
epoch 108: eval=0.9097
epoch 109: loss=0.182537, train_acc=0.9373, time=10.8s
per-rank: rank0[cuda0,share=0.3981,tput=3.38] rank2[cuda2,share=0.3015,tput=3.58] rank1[cuda1,share=0.3003,tput=1.93]
epoch 109: eval=0.9088
epoch 110: loss=0.179485, train_acc=0.9384, time=9.6s
per-rank: rank0[cuda0,share=0.3964,tput=3.97] rank2[cuda2,share=0.3030,tput=3.08] rank1[cuda1,share=0.3006,tput=2.03]
epoch 110: eval=0.9115
epoch 111: loss=0.174947, train_acc=0.9387, time=12.2s
per-rank: rank0[cuda0,share=0.3979,tput=2.05] rank2[cuda2,share=0.3047,tput=4.60] rank1[cuda1,share=0.2974,tput=3.33]
epoch 111: eval=0.9105
epoch 112: loss=0.172326, train_acc=0.9399, time=11.6s
per-rank: rank0[cuda0,share=0.4006,tput=1.87] rank2[cuda2,share=0.3043,tput=2.39] rank1[cuda1,share=0.2951,tput=4.15]
epoch 112: eval=0.9022
epoch 113: loss=0.171099, train_acc=0.9402, time=9.7s
per-rank: rank0[cuda0,share=0.4072,tput=2.98] rank2[cuda2,share=0.3022,tput=3.02] rank1[cuda1,share=0.2906,tput=2.54]
epoch 113: eval=0.9102
epoch 114: loss=0.168327, train_acc=0.9409, time=9.5s
per-rank: rank0[cuda0,share=0.4076,tput=2.10] rank2[cuda2,share=0.3007,tput=2.36] rank1[cuda1,share=0.2918,tput=5.67]
epoch 114: eval=0.9058
epoch 115: loss=0.161279, train_acc=0.9435, time=11.4s
per-rank: rank0[cuda0,share=0.3997,tput=2.00] rank2[cuda2,share=0.3023,tput=3.37] rank1[cuda1,share=0.2980,tput=4.28]
epoch 115: eval=0.9096
epoch 116: loss=0.162548, train_acc=0.9439, time=10.5s
per-rank: rank0[cuda0,share=0.3942,tput=3.15] rank2[cuda2,share=0.3031,tput=2.80] rank1[cuda1,share=0.3027,tput=2.70]
epoch 116: eval=0.9086
epoch 117: loss=0.157156, train_acc=0.9458, time=9.5s
per-rank: rank0[cuda0,share=0.3938,tput=3.29] rank1[cuda1,share=0.3070,tput=2.44] rank2[cuda2,share=0.2991,tput=3.03]
epoch 117: eval=0.9084
epoch 118: loss=0.155103, train_acc=0.9457, time=9.8s
per-rank: rank0[cuda0,share=0.3996,tput=2.44] rank1[cuda1,share=0.3028,tput=1.68] rank2[cuda2,share=0.2976,tput=6.75]
epoch 118: eval=0.9076
epoch 119: loss=0.155774, train_acc=0.9461, time=9.8s
per-rank: rank0[cuda0,share=0.4037,tput=1.91] rank2[cuda2,share=0.3008,tput=2.45] rank1[cuda1,share=0.2955,tput=5.20]
epoch 119: eval=0.9095
epoch 120: loss=0.153093, train_acc=0.9464, time=11.1s
per-rank: rank0[cuda0,share=0.4068,tput=2.11] rank2[cuda2,share=0.2997,tput=2.79] rank1[cuda1,share=0.2935,tput=5.56]
epoch 120: eval=0.9085
epoch 121: loss=0.148195, train_acc=0.9482, time=10.5s
per-rank: rank0[cuda0,share=0.4065,tput=3.03] rank2[cuda2,share=0.2998,tput=2.04] rank1[cuda1,share=0.2937,tput=3.85]
epoch 121: eval=0.9088
epoch 122: loss=0.146704, train_acc=0.9488, time=12.2s
per-rank: rank0[cuda0,share=0.4073,tput=1.99] rank1[cuda1,share=0.2987,tput=5.29] rank2[cuda2,share=0.2940,tput=2.78]
epoch 122: eval=0.9073
epoch 123: loss=0.146941, train_acc=0.9480, time=11.1s
per-rank: rank0[cuda0,share=0.4054,tput=1.82] rank1[cuda1,share=0.3070,tput=2.56] rank2[cuda2,share=0.2875,tput=4.18]
epoch 123: eval=0.9110
epoch 124: loss=0.142778, train_acc=0.9496, time=9.9s
per-rank: rank0[cuda0,share=0.4010,tput=2.80] rank1[cuda1,share=0.3138,tput=2.43] rank2[cuda2,share=0.2852,tput=3.31]
epoch 124: eval=0.9088
epoch 125: loss=0.140524, train_acc=0.9506, time=9.8s
per-rank: rank0[cuda0,share=0.3905,tput=3.98] rank1[cuda1,share=0.3190,tput=1.96] rank2[cuda2,share=0.2905,tput=2.96]
epoch 125: eval=0.9086
epoch 126: loss=0.140517, train_acc=0.9507, time=9.7s
per-rank: rank0[cuda0,share=0.3835,tput=2.42] rank1[cuda1,share=0.3166,tput=5.45] rank2[cuda2,share=0.3000,tput=1.99]
epoch 126: eval=0.9049
epoch 127: loss=0.138176, train_acc=0.9519, time=12.3s
per-rank: rank0[cuda0,share=0.3925,tput=2.01] rank1[cuda1,share=0.3094,tput=5.05] rank2[cuda2,share=0.2981,tput=3.31]
epoch 127: eval=0.9060
epoch 128: loss=0.136017, train_acc=0.9517, time=11.1s
per-rank: rank0[cuda0,share=0.4094,tput=2.38] rank1[cuda1,share=0.3011,tput=3.68] rank2[cuda2,share=0.2895,tput=2.31]
epoch 128: eval=0.9038
epoch 129: loss=0.134762, train_acc=0.9524, time=9.6s
per-rank: rank0[cuda0,share=0.4132,tput=3.10] rank1[cuda1,share=0.2999,tput=2.11] rank2[cuda2,share=0.2868,tput=4.86]
epoch 129: eval=0.9069
epoch 130: loss=0.131127, train_acc=0.9543, time=12.5s
per-rank: rank0[cuda0,share=0.4170,tput=1.99] rank1[cuda1,share=0.2947,tput=5.67] rank2[cuda2,share=0.2883,tput=2.96]
epoch 130: eval=0.9080
epoch 131: loss=0.130888, train_acc=0.9536, time=11.5s
per-rank: rank0[cuda0,share=0.4134,tput=1.97] rank1[cuda1,share=0.2976,tput=4.17] rank2[cuda2,share=0.2890,tput=2.26]
epoch 131: eval=0.9080
epoch 132: loss=0.129698, train_acc=0.9535, time=9.6s
per-rank: rank0[cuda0,share=0.4043,tput=4.34] rank1[cuda1,share=0.3080,tput=2.30] rank2[cuda2,share=0.2877,tput=3.74]
epoch 132: eval=0.9073
epoch 133: loss=0.126983, train_acc=0.9548, time=9.8s
per-rank: rank0[cuda0,share=0.4090,tput=2.21] rank1[cuda1,share=0.3040,tput=4.76] rank2[cuda2,share=0.2870,tput=2.35]
epoch 133: eval=0.9083
epoch 134: loss=0.122284, train_acc=0.9572, time=10.0s
per-rank: rank0[cuda0,share=0.4113,tput=2.93] rank1[cuda1,share=0.2962,tput=3.48] rank2[cuda2,share=0.2925,tput=2.16]
epoch 134: eval=0.9068
epoch 135: loss=0.117519, train_acc=0.9594, time=9.9s
per-rank: rank0[cuda0,share=0.4090,tput=2.50] rank2[cuda2,share=0.3010,tput=2.42] rank1[cuda1,share=0.2900,tput=5.10]
epoch 135: eval=0.9067
epoch 136: loss=0.116187, train_acc=0.9597, time=9.8s
per-rank: rank0[cuda0,share=0.4096,tput=2.96] rank2[cuda2,share=0.2998,tput=4.45] rank1[cuda1,share=0.2906,tput=2.64]
epoch 136: eval=0.8998
epoch 137: loss=0.111549, train_acc=0.9616, time=13.2s
per-rank: rank0[cuda0,share=0.4218,tput=1.96] rank1[cuda1,share=0.2903,tput=3.93] rank2[cuda2,share=0.2878,tput=3.80]
epoch 137: eval=0.9104
epoch 138: loss=0.109250, train_acc=0.9622, time=11.9s
per-rank: rank0[cuda0,share=0.3898,tput=1.97] rank1[cuda1,share=0.3075,tput=4.44] rank2[cuda2,share=0.3027,tput=2.66]
epoch 138: eval=0.9074
epoch 139: loss=0.108146, train_acc=0.9611, time=10.0s
per-rank: rank0[cuda0,share=0.3918,tput=3.26] rank1[cuda1,share=0.3166,tput=2.38] rank2[cuda2,share=0.2916,tput=3.12]
epoch 139: eval=0.9057
epoch 140: loss=0.140620, train_acc=0.9497, time=10.4s
per-rank: rank0[cuda0,share=0.3860,tput=3.77] rank2[cuda2,share=0.3088,tput=3.00] rank1[cuda1,share=0.3052,tput=1.97]
epoch 140: eval=0.9065
epoch 141: loss=0.143753, train_acc=0.9478, time=9.5s
per-rank: rank0[cuda0,share=0.3856,tput=3.60] rank2[cuda2,share=0.3108,tput=2.21] rank1[cuda1,share=0.3036,tput=3.22]
epoch 141: eval=0.9009
epoch 142: loss=0.139776, train_acc=0.9500, time=9.5s
per-rank: rank0[cuda0,share=0.3859,tput=2.55] rank2[cuda2,share=0.3118,tput=1.98] rank1[cuda1,share=0.3023,tput=5.64]
epoch 142: eval=0.9032
epoch 143: loss=0.139347, train_acc=0.9504, time=9.7s
per-rank: rank0[cuda0,share=0.3887,tput=3.66] rank2[cuda2,share=0.3112,tput=2.10] rank1[cuda1,share=0.3001,tput=3.06]
epoch 143: eval=0.9089
epoch 144: loss=0.137429, train_acc=0.9511, time=9.6s
per-rank: rank0[cuda0,share=0.3909,tput=2.52] rank2[cuda2,share=0.3105,tput=4.55] rank1[cuda1,share=0.2986,tput=2.46]
epoch 144: eval=0.9074
epoch 145: loss=0.139356, train_acc=0.9507, time=9.5s
per-rank: rank0[cuda0,share=0.3909,tput=3.65] rank2[cuda2,share=0.3105,tput=2.94] rank1[cuda1,share=0.2986,tput=2.39]
epoch 145: eval=0.8982
epoch 146: loss=0.136066, train_acc=0.9517, time=9.8s
per-rank: rank0[cuda0,share=0.3925,tput=2.35] rank2[cuda2,share=0.3099,tput=5.11] rank1[cuda1,share=0.2976,tput=2.25]
epoch 146: eval=0.8949
epoch 147: loss=0.134896, train_acc=0.9531, time=9.5s
per-rank: rank0[cuda0,share=0.3950,tput=2.71] rank2[cuda2,share=0.3077,tput=3.63] rank1[cuda1,share=0.2973,tput=2.68]
epoch 147: eval=0.8959
epoch 148: loss=0.136138, train_acc=0.9507, time=9.7s
per-rank: rank0[cuda0,share=0.3970,tput=3.42] rank2[cuda2,share=0.3060,tput=1.82] rank1[cuda1,share=0.2970,tput=3.77]
epoch 148: eval=0.8942
epoch 149: loss=0.134200, train_acc=0.9532, time=12.4s
per-rank: rank0[cuda0,share=0.3977,tput=1.97] rank2[cuda2,share=0.3039,tput=3.92] rank1[cuda1,share=0.2984,tput=3.79]
epoch 149: eval=0.8984
epoch 150: loss=0.120766, train_acc=0.9580, time=10.8s
per-rank: rank0[cuda0,share=0.3993,tput=2.98] rank2[cuda2,share=0.3013,tput=2.89] rank1[cuda1,share=0.2994,tput=3.23]
epoch 150: eval=0.9181
epoch 151: loss=0.085250, train_acc=0.9708, time=9.7s
per-rank: rank0[cuda0,share=0.4016,tput=3.52] rank1[cuda1,share=0.3009,tput=2.29] rank2[cuda2,share=0.2975,tput=2.89]
epoch 151: eval=0.9184
epoch 152: loss=0.084020, train_acc=0.9726, time=9.7s
per-rank: rank0[cuda0,share=0.4038,tput=2.32] rank1[cuda1,share=0.3024,tput=5.50] rank2[cuda2,share=0.2938,tput=1.98]
epoch 152: eval=0.9183
epoch 153: loss=0.078673, train_acc=0.9746, time=11.6s
per-rank: rank0[cuda0,share=0.4060,tput=2.10] rank1[cuda1,share=0.3038,tput=3.57] rank2[cuda2,share=0.2901,tput=4.31]
epoch 153: eval=0.9224
epoch 154: loss=0.079764, train_acc=0.9740, time=10.9s
per-rank: rank0[cuda0,share=0.4082,tput=2.40] rank1[cuda1,share=0.3037,tput=2.27] rank2[cuda2,share=0.2881,tput=4.05]
epoch 154: eval=0.9195
epoch 155: loss=0.075167, train_acc=0.9754, time=9.7s
per-rank: rank0[cuda0,share=0.4082,tput=2.24] rank1[cuda1,share=0.3037,tput=2.63] rank2[cuda2,share=0.2881,tput=4.67]
epoch 155: eval=0.9198
epoch 156: loss=0.073262, train_acc=0.9763, time=9.7s
per-rank: rank0[cuda0,share=0.4104,tput=3.41] rank1[cuda1,share=0.3035,tput=3.32] rank2[cuda2,share=0.2860,tput=1.92]
epoch 156: eval=0.9178
epoch 157: loss=0.073202, train_acc=0.9754, time=9.6s
per-rank: rank0[cuda0,share=0.4126,tput=3.23] rank1[cuda1,share=0.3034,tput=2.44] rank2[cuda2,share=0.2840,tput=3.05]
epoch 157: eval=0.9203
epoch 158: loss=0.073265, train_acc=0.9761, time=9.7s
per-rank: rank0[cuda0,share=0.4123,tput=2.69] rank1[cuda1,share=0.3038,tput=2.68] rank2[cuda2,share=0.2839,tput=4.77]
epoch 158: eval=0.9199
epoch 159: loss=0.070191, train_acc=0.9769, time=11.8s
per-rank: rank0[cuda0,share=0.4120,tput=2.12] rank1[cuda1,share=0.3042,tput=5.01] rank2[cuda2,share=0.2838,tput=2.78]
epoch 159: eval=0.9209
epoch 160: loss=0.069319, train_acc=0.9772, time=10.9s
per-rank: rank0[cuda0,share=0.4125,tput=2.44] rank1[cuda1,share=0.3032,tput=2.46] rank2[cuda2,share=0.2842,tput=3.38]
epoch 160: eval=0.9199
epoch 161: loss=0.070663, train_acc=0.9775, time=12.3s
per-rank: rank0[cuda0,share=0.4131,tput=1.98] rank1[cuda1,share=0.3022,tput=4.75] rank2[cuda2,share=0.2847,tput=3.27]
epoch 161: eval=0.9197
epoch 162: loss=0.066904, train_acc=0.9782, time=11.9s
per-rank: rank0[cuda0,share=0.4136,tput=1.72] rank1[cuda1,share=0.3011,tput=2.92] rank2[cuda2,share=0.2853,tput=3.57]
epoch 162: eval=0.9204
epoch 163: loss=0.068602, train_acc=0.9770, time=9.8s
per-rank: rank0[cuda0,share=0.4123,tput=2.78] rank1[cuda1,share=0.3009,tput=2.49] rank2[cuda2,share=0.2868,tput=3.65]
epoch 163: eval=0.9212
epoch 164: loss=0.067149, train_acc=0.9777, time=11.8s
per-rank: rank0[cuda0,share=0.4117,tput=1.95] rank1[cuda1,share=0.2994,tput=3.94] rank2[cuda2,share=0.2889,tput=3.80]
epoch 164: eval=0.9195
epoch 165: loss=0.065652, train_acc=0.9788, time=10.8s
per-rank: rank0[cuda0,share=0.4076,tput=2.13] rank1[cuda1,share=0.3014,tput=2.48] rank2[cuda2,share=0.2910,tput=3.71]
epoch 165: eval=0.9195
epoch 166: loss=0.065857, train_acc=0.9791, time=9.4s
per-rank: rank0[cuda0,share=0.4033,tput=3.50] rank1[cuda1,share=0.3034,tput=2.21] rank2[cuda2,share=0.2932,tput=3.29]
epoch 166: eval=0.9205
epoch 167: loss=0.065628, train_acc=0.9789, time=11.9s
per-rank: rank0[cuda0,share=0.3998,tput=1.90] rank1[cuda1,share=0.3040,tput=2.93] rank2[cuda2,share=0.2961,tput=5.04]
epoch 167: eval=0.9201
epoch 168: loss=0.064726, train_acc=0.9786, time=10.9s
per-rank: rank0[cuda0,share=0.3979,tput=2.40] rank1[cuda1,share=0.3038,tput=2.46] rank2[cuda2,share=0.2983,tput=3.46]
epoch 168: eval=0.9179
epoch 169: loss=0.066543, train_acc=0.9779, time=9.5s
per-rank: rank0[cuda0,share=0.3959,tput=3.70] rank1[cuda1,share=0.3036,tput=2.36] rank2[cuda2,share=0.3005,tput=2.74]
epoch 169: eval=0.9182
epoch 170: loss=0.064693, train_acc=0.9794, time=10.9s
per-rank: rank0[cuda0,share=0.3939,tput=2.17] rank1[cuda1,share=0.3034,tput=5.05] rank2[cuda2,share=0.3027,tput=3.03]
epoch 170: eval=0.9202
epoch 171: loss=0.063066, train_acc=0.9793, time=10.4s
per-rank: rank0[cuda0,share=0.3936,tput=2.81] rank2[cuda2,share=0.3034,tput=2.05] rank1[cuda1,share=0.3030,tput=4.06]
epoch 171: eval=0.9196
epoch 172: loss=0.061666, train_acc=0.9804, time=11.7s
per-rank: rank0[cuda0,share=0.3947,tput=2.08] rank2[cuda2,share=0.3048,tput=4.42] rank1[cuda1,share=0.3005,tput=3.44]
epoch 172: eval=0.9166
epoch 173: loss=0.060455, train_acc=0.9807, time=10.8s
per-rank: rank0[cuda0,share=0.3947,tput=2.26] rank2[cuda2,share=0.3048,tput=3.37] rank1[cuda1,share=0.3005,tput=2.59]
epoch 173: eval=0.9197
epoch 174: loss=0.062284, train_acc=0.9798, time=9.7s
per-rank: rank0[cuda0,share=0.3959,tput=1.96] rank2[cuda2,share=0.3038,tput=2.42] rank1[cuda1,share=0.3003,tput=5.79]
epoch 174: eval=0.9192
epoch 175: loss=0.061084, train_acc=0.9803, time=9.8s
per-rank: rank0[cuda0,share=0.3977,tput=1.98] rank2[cuda2,share=0.3024,tput=2.45] rank1[cuda1,share=0.2998,tput=5.18]
epoch 175: eval=0.9176
epoch 176: loss=0.059266, train_acc=0.9800, time=10.0s
per-rank: rank0[cuda0,share=0.4003,tput=2.33] rank2[cuda2,share=0.3016,tput=5.77] rank1[cuda1,share=0.2981,tput=1.86]
epoch 176: eval=0.9175
epoch 177: loss=0.060599, train_acc=0.9796, time=9.7s
per-rank: rank0[cuda0,share=0.4000,tput=3.03] rank2[cuda2,share=0.3003,tput=3.10] rank1[cuda1,share=0.2997,tput=2.45]
epoch 177: eval=0.9184
epoch 178: loss=0.059954, train_acc=0.9809, time=12.2s
per-rank: rank0[cuda0,share=0.3999,tput=1.91] rank1[cuda1,share=0.3004,tput=3.37] rank2[cuda2,share=0.2997,tput=4.35]
epoch 178: eval=0.9192
epoch 179: loss=0.059322, train_acc=0.9803, time=11.0s
per-rank: rank0[cuda0,share=0.3990,tput=1.71] rank1[cuda1,share=0.3024,tput=4.30] rank2[cuda2,share=0.2987,tput=2.54]
epoch 179: eval=0.9183
epoch 180: loss=0.058915, train_acc=0.9800, time=9.7s
per-rank: rank0[cuda0,share=0.3962,tput=2.97] rank1[cuda1,share=0.3045,tput=2.59] rank2[cuda2,share=0.2993,tput=3.11]
epoch 180: eval=0.9159
epoch 181: loss=0.059632, train_acc=0.9808, time=9.8s
per-rank: rank0[cuda0,share=0.3933,tput=2.92] rank1[cuda1,share=0.3067,tput=2.30] rank2[cuda2,share=0.3000,tput=3.39]
epoch 181: eval=0.9170
epoch 182: loss=0.059044, train_acc=0.9808, time=9.7s
per-rank: rank0[cuda0,share=0.3881,tput=2.19] rank1[cuda1,share=0.3092,tput=2.20] rank2[cuda2,share=0.3027,tput=5.26]
epoch 182: eval=0.9162
epoch 183: loss=0.058230, train_acc=0.9801, time=9.5s
per-rank: rank0[cuda0,share=0.3828,tput=3.76] rank1[cuda1,share=0.3118,tput=3.49] rank2[cuda2,share=0.3054,tput=1.99]
epoch 183: eval=0.9186
epoch 184: loss=0.055857, train_acc=0.9825, time=9.8s
per-rank: rank0[cuda0,share=0.3769,tput=3.43] rank1[cuda1,share=0.3156,tput=3.43] rank2[cuda2,share=0.3075,tput=1.82]
epoch 184: eval=0.9183
epoch 185: loss=0.057471, train_acc=0.9809, time=9.5s
per-rank: rank0[cuda0,share=0.3763,tput=3.98] rank1[cuda1,share=0.3167,tput=2.99] rank2[cuda2,share=0.3069,tput=2.11]
epoch 185: eval=0.9163
epoch 186: loss=0.056265, train_acc=0.9817, time=9.5s
per-rank: rank0[cuda0,share=0.3777,tput=3.89] rank1[cuda1,share=0.3169,tput=2.13] rank2[cuda2,share=0.3054,tput=2.96]
epoch 186: eval=0.9181
epoch 187: loss=0.056225, train_acc=0.9815, time=11.3s
per-rank: rank0[cuda0,share=0.3836,tput=2.16] rank1[cuda1,share=0.3151,tput=3.99] rank2[cuda2,share=0.3013,tput=3.41]
epoch 187: eval=0.9182
epoch 188: loss=0.056170, train_acc=0.9818, time=10.6s
per-rank: rank0[cuda0,share=0.3836,tput=2.41] rank1[cuda1,share=0.3151,tput=3.10] rank2[cuda2,share=0.3013,tput=2.65]
epoch 188: eval=0.9179
epoch 189: loss=0.056877, train_acc=0.9809, time=9.7s
per-rank: rank0[cuda0,share=0.3915,tput=2.16] rank1[cuda1,share=0.3100,tput=2.50] rank2[cuda2,share=0.2984,tput=5.08]
epoch 189: eval=0.9172
epoch 190: loss=0.056186, train_acc=0.9810, time=12.6s
per-rank: rank0[cuda0,share=0.3956,tput=1.95] rank1[cuda1,share=0.3074,tput=5.08] rank2[cuda2,share=0.2970,tput=3.14]
epoch 190: eval=0.9204
epoch 191: loss=0.054133, train_acc=0.9827, time=11.4s
per-rank: rank0[cuda0,share=0.3997,tput=1.80] rank1[cuda1,share=0.3048,tput=2.37] rank2[cuda2,share=0.2955,tput=3.98]
epoch 191: eval=0.9204
epoch 192: loss=0.054248, train_acc=0.9822, time=12.8s
per-rank: rank0[cuda0,share=0.4019,tput=1.86] rank1[cuda1,share=0.3031,tput=4.74] rank2[cuda2,share=0.2949,tput=2.88]
epoch 192: eval=0.9157
epoch 193: loss=0.053660, train_acc=0.9829, time=11.5s
per-rank: rank0[cuda0,share=0.4024,tput=2.06] rank1[cuda1,share=0.3024,tput=2.34] rank2[cuda2,share=0.2953,tput=3.57]
epoch 193: eval=0.9189
epoch 194: loss=0.054429, train_acc=0.9815, time=9.7s
per-rank: rank0[cuda0,share=0.4018,tput=2.36] rank1[cuda1,share=0.3014,tput=4.92] rank2[cuda2,share=0.2968,tput=2.23]
epoch 194: eval=0.9198
epoch 195: loss=0.053709, train_acc=0.9821, time=9.7s
per-rank: rank0[cuda0,share=0.3998,tput=2.45] rank1[cuda1,share=0.3008,tput=1.94] rank2[cuda2,share=0.2994,tput=5.67]
epoch 195: eval=0.9182
epoch 196: loss=0.052559, train_acc=0.9830, time=10.0s
per-rank: rank0[cuda0,share=0.3973,tput=2.76] rank2[cuda2,share=0.3016,tput=2.19] rank1[cuda1,share=0.3010,tput=3.20]
epoch 196: eval=0.9185
epoch 197: loss=0.052886, train_acc=0.9822, time=9.8s
per-rank: rank0[cuda0,share=0.3934,tput=3.50] rank2[cuda2,share=0.3057,tput=2.52] rank1[cuda1,share=0.3009,tput=2.43]
epoch 197: eval=0.9164
epoch 198: loss=0.053834, train_acc=0.9819, time=9.5s
per-rank: rank0[cuda0,share=0.3928,tput=2.53] rank2[cuda2,share=0.3063,tput=4.52] rank1[cuda1,share=0.3009,tput=2.47]
epoch 198: eval=0.9171
epoch 199: loss=0.052934, train_acc=0.9824, time=9.6s
per-rank: rank0[cuda0,share=0.3922,tput=3.29] rank2[cuda2,share=0.3070,tput=2.11] rank1[cuda1,share=0.3009,tput=3.45]
final eval=0.9189
# total: 1927.4s (32m 7s)
