# gpu0: NVIDIA GeForce RTX 5060 Ti (15GB, sm_120)
# gpu1: NVIDIA GeForce GTX 1060 6GB (5GB, sm_61)
# gpu2: NVIDIA GeForce GTX 1060 6GB (5GB, sm_61)
epoch 0: loss=2.350731, train_acc=0.1516, time=26.1s
per-rank: rank0[cuda0,share=0.3482,tput=1.45] rank2[cuda2,share=0.3276,tput=2.06] rank1[cuda1,share=0.3242,tput=0.99]
epoch 0: eval=0.1915
epoch 1: loss=1.992370, train_acc=0.2244, time=25.5s
per-rank: rank1[cuda1,share=0.3389,tput=1.37] rank0[cuda0,share=0.3317,tput=1.30] rank2[cuda2,share=0.3294,tput=0.77]
epoch 1: eval=0.2441
epoch 2: loss=1.880551, train_acc=0.2776, time=26.8s
per-rank: rank0[cuda0,share=0.3409,tput=0.75] rank1[cuda1,share=0.3409,tput=1.17] rank2[cuda2,share=0.3183,tput=1.74]
epoch 2: eval=0.2906
epoch 3: loss=1.810761, train_acc=0.3189, time=25.9s
per-rank: rank0[cuda0,share=0.3549,tput=1.40] rank1[cuda1,share=0.3297,tput=0.81] rank2[cuda2,share=0.3153,tput=1.29]
epoch 3: eval=0.3604
epoch 4: loss=1.733097, train_acc=0.3571, time=30.1s
per-rank: rank0[cuda0,share=0.3639,tput=0.75] rank1[cuda1,share=0.3225,tput=1.18] rank2[cuda2,share=0.3136,tput=1.86]
epoch 4: eval=0.3822
epoch 5: loss=1.624245, train_acc=0.3982, time=29.4s
per-rank: rank0[cuda0,share=0.3639,tput=0.90] rank1[cuda1,share=0.3225,tput=0.95] rank2[cuda2,share=0.3136,tput=1.23]
epoch 5: eval=0.4337
epoch 6: loss=1.510433, train_acc=0.4473, time=30.7s
per-rank: rank0[cuda0,share=0.3670,tput=0.72] rank1[cuda1,share=0.3199,tput=1.21] rank2[cuda2,share=0.3132,tput=1.69]
epoch 6: eval=0.4803
epoch 7: loss=1.421409, train_acc=0.4822, time=28.7s
per-rank: rank0[cuda0,share=0.3648,tput=0.99] rank1[cuda1,share=0.3206,tput=1.31] rank2[cuda2,share=0.3146,tput=0.84]
epoch 7: eval=0.5584
epoch 8: loss=1.314666, train_acc=0.5275, time=29.4s
per-rank: rank0[cuda0,share=0.3631,tput=0.73] rank1[cuda1,share=0.3212,tput=1.71] rank2[cuda2,share=0.3156,tput=1.12]
epoch 8: eval=0.5729
epoch 9: loss=1.234815, train_acc=0.5585, time=27.8s
per-rank: rank0[cuda0,share=0.3618,tput=1.11] rank1[cuda1,share=0.3217,tput=1.22] rank2[cuda2,share=0.3165,tput=0.86]
epoch 9: eval=0.5791
epoch 10: loss=1.155330, train_acc=0.5876, time=26.1s
per-rank: rank0[cuda0,share=0.3608,tput=0.97] rank1[cuda1,share=0.3221,tput=1.85] rank2[cuda2,share=0.3172,tput=0.76]
epoch 10: eval=0.5669
epoch 11: loss=1.083735, train_acc=0.6153, time=25.4s
per-rank: rank0[cuda0,share=0.3597,tput=1.27] rank1[cuda1,share=0.3226,tput=1.29] rank2[cuda2,share=0.3177,tput=0.84]
epoch 11: eval=0.6072
epoch 12: loss=1.013165, train_acc=0.6415, time=25.8s
per-rank: rank0[cuda0,share=0.3571,tput=0.91] rank1[cuda1,share=0.3248,tput=1.91] rank2[cuda2,share=0.3181,tput=0.79]
epoch 12: eval=0.6578
epoch 13: loss=0.945936, train_acc=0.6722, time=25.5s
per-rank: rank0[cuda0,share=0.3551,tput=0.96] rank1[cuda1,share=0.3258,tput=1.88] rank2[cuda2,share=0.3191,tput=0.79]
epoch 13: eval=0.6751
epoch 14: loss=0.904836, train_acc=0.6869, time=25.5s
per-rank: rank0[cuda0,share=0.3531,tput=1.28] rank1[cuda1,share=0.3268,tput=1.24] rank2[cuda2,share=0.3201,tput=0.82]
epoch 14: eval=0.6753
epoch 15: loss=0.862178, train_acc=0.7022, time=25.3s
per-rank: rank0[cuda0,share=0.3511,tput=1.52] rank1[cuda1,share=0.3279,tput=0.77] rank2[cuda2,share=0.3211,tput=1.27]
epoch 15: eval=0.7075
epoch 16: loss=0.813013, train_acc=0.7169, time=25.4s
per-rank: rank0[cuda0,share=0.3491,tput=0.94] rank1[cuda1,share=0.3289,tput=1.95] rank2[cuda2,share=0.3220,tput=0.81]
epoch 16: eval=0.7328
epoch 17: loss=0.786059, train_acc=0.7270, time=25.9s
per-rank: rank0[cuda0,share=0.3491,tput=1.47] rank1[cuda1,share=0.3289,tput=0.81] rank2[cuda2,share=0.3219,tput=1.08]
epoch 17: eval=0.6803
epoch 18: loss=0.763453, train_acc=0.7366, time=26.0s
per-rank: rank0[cuda0,share=0.3492,tput=0.88] rank1[cuda1,share=0.3289,tput=1.93] rank2[cuda2,share=0.3219,tput=0.81]
epoch 18: eval=0.6703
epoch 19: loss=0.744634, train_acc=0.7418, time=26.0s
per-rank: rank0[cuda0,share=0.3493,tput=0.98] rank1[cuda1,share=0.3289,tput=1.84] rank2[cuda2,share=0.3218,tput=0.74]
epoch 19: eval=0.6782
epoch 20: loss=0.715945, train_acc=0.7540, time=25.4s
per-rank: rank0[cuda0,share=0.3500,tput=0.88] rank1[cuda1,share=0.3294,tput=0.87] rank2[cuda2,share=0.3206,tput=1.89]
epoch 20: eval=0.6550
epoch 21: loss=0.699910, train_acc=0.7581, time=29.4s
per-rank: rank0[cuda0,share=0.3525,tput=0.73] rank1[cuda1,share=0.3281,tput=1.64] rank2[cuda2,share=0.3194,tput=1.19]
epoch 21: eval=0.6881
epoch 22: loss=0.677404, train_acc=0.7657, time=27.5s
per-rank: rank0[cuda0,share=0.3538,tput=1.11] rank1[cuda1,share=0.3275,tput=1.21] rank2[cuda2,share=0.3187,tput=0.88]
epoch 22: eval=0.7270
epoch 23: loss=0.671002, train_acc=0.7692, time=25.8s
per-rank: rank0[cuda0,share=0.3550,tput=1.36] rank1[cuda1,share=0.3269,tput=0.84] rank2[cuda2,share=0.3181,tput=1.13]
epoch 23: eval=0.6758
epoch 24: loss=0.657435, train_acc=0.7759, time=24.8s
per-rank: rank0[cuda0,share=0.3563,tput=1.45] rank1[cuda1,share=0.3263,tput=1.15] rank2[cuda2,share=0.3175,tput=0.86]
epoch 24: eval=0.6863
epoch 25: loss=0.649921, train_acc=0.7765, time=30.2s
per-rank: rank0[cuda0,share=0.3575,tput=0.73] rank1[cuda1,share=0.3257,tput=1.21] rank2[cuda2,share=0.3168,tput=1.77]
epoch 25: eval=0.7256
epoch 26: loss=0.633473, train_acc=0.7805, time=28.2s
per-rank: rank0[cuda0,share=0.3588,tput=1.05] rank1[cuda1,share=0.3250,tput=1.36] rank2[cuda2,share=0.3162,tput=0.87]
epoch 26: eval=0.7319
epoch 27: loss=0.624233, train_acc=0.7851, time=25.0s
per-rank: rank0[cuda0,share=0.3586,tput=1.38] rank1[cuda1,share=0.3252,tput=1.28] rank2[cuda2,share=0.3162,tput=0.81]
epoch 27: eval=0.8399
epoch 28: loss=0.605646, train_acc=0.7912, time=25.2s
per-rank: rank0[cuda0,share=0.3584,tput=1.35] rank1[cuda1,share=0.3252,tput=1.27] rank2[cuda2,share=0.3164,tput=0.81]
epoch 28: eval=0.7749
epoch 29: loss=0.614118, train_acc=0.7886, time=27.7s
per-rank: rank0[cuda0,share=0.3589,tput=0.77] rank1[cuda1,share=0.3241,tput=1.68] rank2[cuda2,share=0.3170,tput=1.16]
epoch 29: eval=0.7090
epoch 30: loss=0.592216, train_acc=0.7953, time=26.7s
per-rank: rank0[cuda0,share=0.3586,tput=1.12] rank1[cuda1,share=0.3242,tput=1.35] rank2[cuda2,share=0.3171,tput=0.91]
epoch 30: eval=0.7450
epoch 31: loss=0.588261, train_acc=0.7976, time=27.1s
per-rank: rank0[cuda0,share=0.3582,tput=0.80] rank1[cuda1,share=0.3245,tput=1.64] rank2[cuda2,share=0.3173,tput=1.26]
epoch 31: eval=0.7062
epoch 32: loss=0.576934, train_acc=0.8013, time=26.3s
per-rank: rank0[cuda0,share=0.3580,tput=1.25] rank1[cuda1,share=0.3247,tput=0.84] rank2[cuda2,share=0.3174,tput=1.27]
epoch 32: eval=0.7213
epoch 33: loss=0.575762, train_acc=0.8011, time=28.8s
per-rank: rank0[cuda0,share=0.3577,tput=0.76] rank1[cuda1,share=0.3248,tput=1.82] rank2[cuda2,share=0.3175,tput=1.22]
epoch 33: eval=0.6671
epoch 34: loss=0.575179, train_acc=0.8020, time=27.2s
per-rank: rank0[cuda0,share=0.3575,tput=1.13] rank1[cuda1,share=0.3249,tput=0.92] rank2[cuda2,share=0.3176,tput=1.22]
epoch 34: eval=0.7839
epoch 35: loss=0.560507, train_acc=0.8076, time=24.9s
per-rank: rank0[cuda0,share=0.3587,tput=1.36] rank1[cuda1,share=0.3243,tput=1.22] rank2[cuda2,share=0.3169,tput=0.84]
epoch 35: eval=0.8394
epoch 36: loss=0.546644, train_acc=0.8131, time=25.2s
per-rank: rank0[cuda0,share=0.3594,tput=1.37] rank1[cuda1,share=0.3233,tput=0.85] rank2[cuda2,share=0.3173,tput=1.18]
epoch 36: eval=0.7237
epoch 37: loss=0.556978, train_acc=0.8091, time=24.9s
per-rank: rank0[cuda0,share=0.3595,tput=0.92] rank1[cuda1,share=0.3233,tput=0.84] rank2[cuda2,share=0.3172,tput=1.90]
epoch 37: eval=0.7800
epoch 38: loss=0.548315, train_acc=0.8113, time=24.6s
per-rank: rank0[cuda0,share=0.3596,tput=0.97] rank1[cuda1,share=0.3234,tput=1.92] rank2[cuda2,share=0.3170,tput=0.80]
epoch 38: eval=0.7701
epoch 39: loss=0.534631, train_acc=0.8160, time=27.4s
per-rank: rank0[cuda0,share=0.3597,tput=0.79] rank1[cuda1,share=0.3236,tput=1.97] rank2[cuda2,share=0.3167,tput=1.08]
epoch 39: eval=0.7132
epoch 40: loss=0.540996, train_acc=0.8119, time=26.6s
per-rank: rank0[cuda0,share=0.3590,tput=1.04] rank1[cuda1,share=0.3248,tput=0.90] rank2[cuda2,share=0.3162,tput=1.32]
epoch 40: eval=0.7742
epoch 41: loss=0.527666, train_acc=0.8185, time=25.3s
per-rank: rank0[cuda0,share=0.3575,tput=1.02] rank1[cuda1,share=0.3275,tput=0.78] rank2[cuda2,share=0.3150,tput=1.93]
epoch 41: eval=0.8126
epoch 42: loss=0.526662, train_acc=0.8197, time=25.3s
per-rank: rank0[cuda0,share=0.3567,tput=1.47] rank1[cuda1,share=0.3289,tput=1.20] rank2[cuda2,share=0.3144,tput=0.79]
epoch 42: eval=0.7544
epoch 43: loss=0.525767, train_acc=0.8215, time=24.7s
per-rank: rank0[cuda0,share=0.3579,tput=1.39] rank1[cuda1,share=0.3283,tput=1.14] rank2[cuda2,share=0.3138,tput=0.89]
epoch 43: eval=0.7761
epoch 44: loss=0.508278, train_acc=0.8254, time=24.6s
per-rank: rank0[cuda0,share=0.3575,tput=1.41] rank1[cuda1,share=0.3284,tput=0.92] rank2[cuda2,share=0.3141,tput=1.12]
epoch 44: eval=0.7800
epoch 45: loss=0.525530, train_acc=0.8202, time=24.8s
per-rank: rank0[cuda0,share=0.3573,tput=1.35] rank1[cuda1,share=0.3285,tput=0.88] rank2[cuda2,share=0.3143,tput=1.17]
epoch 45: eval=0.7896
epoch 46: loss=0.510555, train_acc=0.8235, time=25.0s
per-rank: rank0[cuda0,share=0.3563,tput=0.94] rank1[cuda1,share=0.3298,tput=0.85] rank2[cuda2,share=0.3139,tput=1.88]
epoch 46: eval=0.7753
epoch 47: loss=0.492988, train_acc=0.8286, time=27.1s
per-rank: rank0[cuda0,share=0.3564,tput=0.79] rank1[cuda1,share=0.3298,tput=1.81] rank2[cuda2,share=0.3138,tput=1.51]
epoch 47: eval=0.6359
epoch 48: loss=0.506838, train_acc=0.8262, time=26.3s
per-rank: rank0[cuda0,share=0.3573,tput=1.20] rank1[cuda1,share=0.3286,tput=0.79] rank2[cuda2,share=0.3141,tput=1.43]
epoch 48: eval=0.8199
epoch 49: loss=0.496923, train_acc=0.8299, time=25.0s
per-rank: rank0[cuda0,share=0.3581,tput=1.43] rank1[cuda1,share=0.3274,tput=1.18] rank2[cuda2,share=0.3145,tput=0.83]
epoch 49: eval=0.7643
epoch 50: loss=0.491131, train_acc=0.8307, time=25.0s
per-rank: rank0[cuda0,share=0.3582,tput=1.39] rank1[cuda1,share=0.3276,tput=0.89] rank2[cuda2,share=0.3142,tput=1.13]
epoch 50: eval=0.8397
epoch 51: loss=0.498151, train_acc=0.8310, time=28.6s
per-rank: rank0[cuda0,share=0.3583,tput=0.77] rank1[cuda1,share=0.3277,tput=1.20] rank2[cuda2,share=0.3140,tput=1.79]
epoch 51: eval=0.7803
epoch 52: loss=0.491751, train_acc=0.8309, time=27.0s
per-rank: rank0[cuda0,share=0.3591,tput=1.14] rank1[cuda1,share=0.3286,tput=0.93] rank2[cuda2,share=0.3122,tput=1.32]
epoch 52: eval=0.8431
epoch 53: loss=0.486816, train_acc=0.8324, time=28.2s
per-rank: rank0[cuda0,share=0.3605,tput=0.78] rank1[cuda1,share=0.3281,tput=1.23] rank2[cuda2,share=0.3114,tput=1.75]
epoch 53: eval=0.7750
epoch 54: loss=0.488650, train_acc=0.8347, time=26.9s
per-rank: rank0[cuda0,share=0.3632,tput=1.09] rank1[cuda1,share=0.3253,tput=0.86] rank2[cuda2,share=0.3116,tput=1.39]
epoch 54: eval=0.7864
epoch 55: loss=0.477960, train_acc=0.8363, time=25.3s
per-rank: rank0[cuda0,share=0.3631,tput=1.42] rank1[cuda1,share=0.3254,tput=1.21] rank2[cuda2,share=0.3114,tput=0.80]
epoch 55: eval=0.6871
epoch 56: loss=0.474111, train_acc=0.8375, time=25.0s
per-rank: rank0[cuda0,share=0.3630,tput=1.43] rank1[cuda1,share=0.3258,tput=0.82] rank2[cuda2,share=0.3111,tput=1.25]
epoch 56: eval=0.8075
epoch 57: loss=0.473963, train_acc=0.8386, time=27.5s
per-rank: rank0[cuda0,share=0.3636,tput=0.78] rank1[cuda1,share=0.3268,tput=1.31] rank2[cuda2,share=0.3096,tput=1.54]
epoch 57: eval=0.7993
epoch 58: loss=0.469053, train_acc=0.8372, time=26.4s
per-rank: rank0[cuda0,share=0.3649,tput=1.06] rank1[cuda1,share=0.3265,tput=0.92] rank2[cuda2,share=0.3086,tput=1.39]
epoch 58: eval=0.7949
epoch 59: loss=0.487361, train_acc=0.8338, time=25.4s
per-rank: rank0[cuda0,share=0.3625,tput=1.32] rank1[cuda1,share=0.3262,tput=0.80] rank2[cuda2,share=0.3113,tput=1.32]
epoch 59: eval=0.8470
epoch 60: loss=0.461466, train_acc=0.8417, time=25.0s
per-rank: rank0[cuda0,share=0.3605,tput=1.11] rank1[cuda1,share=0.3274,tput=1.64] rank2[cuda2,share=0.3121,tput=0.87]
epoch 60: eval=0.8161
epoch 61: loss=0.464500, train_acc=0.8427, time=24.8s
per-rank: rank0[cuda0,share=0.3597,tput=1.54] rank1[cuda1,share=0.3281,tput=1.44] rank2[cuda2,share=0.3122,tput=0.86]
epoch 61: eval=0.8142
epoch 62: loss=0.462821, train_acc=0.8407, time=25.0s
per-rank: rank0[cuda0,share=0.3595,tput=1.59] rank1[cuda1,share=0.3277,tput=0.72] rank2[cuda2,share=0.3128,tput=1.28]
epoch 62: eval=0.8343
epoch 63: loss=0.459740, train_acc=0.8423, time=25.7s
per-rank: rank0[cuda0,share=0.3597,tput=0.97] rank1[cuda1,share=0.3269,tput=1.83] rank2[cuda2,share=0.3134,tput=0.83]
epoch 63: eval=0.8093
epoch 64: loss=0.461774, train_acc=0.8418, time=33.3s
per-rank: rank0[cuda0,share=0.3569,tput=0.67] rank1[cuda1,share=0.3257,tput=1.87] rank2[cuda2,share=0.3174,tput=1.15]
epoch 64: eval=0.7944
epoch 65: loss=0.455918, train_acc=0.8433, time=29.2s
per-rank: rank0[cuda0,share=0.3564,tput=0.97] rank1[cuda1,share=0.3250,tput=0.93] rank2[cuda2,share=0.3186,tput=1.36]
epoch 65: eval=0.7799
epoch 66: loss=0.470875, train_acc=0.8381, time=25.9s
per-rank: rank0[cuda0,share=0.3532,tput=0.82] rank1[cuda1,share=0.3259,tput=0.87] rank2[cuda2,share=0.3210,tput=1.85]
epoch 66: eval=0.8245
epoch 67: loss=0.457771, train_acc=0.8424, time=25.6s
per-rank: rank0[cuda0,share=0.3518,tput=1.40] rank1[cuda1,share=0.3262,tput=1.17] rank2[cuda2,share=0.3220,tput=0.84]
epoch 67: eval=0.8310
epoch 68: loss=0.456871, train_acc=0.8427, time=26.3s
per-rank: rank0[cuda0,share=0.3505,tput=1.33] rank1[cuda1,share=0.3265,tput=0.79] rank2[cuda2,share=0.3229,tput=1.22]
epoch 68: eval=0.7866
epoch 69: loss=0.454364, train_acc=0.8433, time=25.9s
per-rank: rank0[cuda0,share=0.3494,tput=0.97] rank1[cuda1,share=0.3268,tput=0.77] rank2[cuda2,share=0.3238,tput=1.76]
epoch 69: eval=0.8132
epoch 70: loss=0.462393, train_acc=0.8391, time=26.3s
per-rank: rank0[cuda0,share=0.3478,tput=0.91] rank1[cuda1,share=0.3280,tput=1.86] rank2[cuda2,share=0.3241,tput=0.75]
epoch 70: eval=0.8054
epoch 71: loss=0.458932, train_acc=0.8411, time=25.9s
per-rank: rank0[cuda0,share=0.3464,tput=0.87] rank1[cuda1,share=0.3291,tput=1.97] rank2[cuda2,share=0.3245,tput=0.81]
epoch 71: eval=0.8323
epoch 72: loss=0.445510, train_acc=0.8472, time=25.9s
per-rank: rank0[cuda0,share=0.3451,tput=1.41] rank1[cuda1,share=0.3301,tput=1.20] rank2[cuda2,share=0.3247,tput=0.76]
epoch 72: eval=0.7888
epoch 73: loss=0.453500, train_acc=0.8443, time=25.7s
per-rank: rank0[cuda0,share=0.3447,tput=1.44] rank1[cuda1,share=0.3306,tput=0.82] rank2[cuda2,share=0.3246,tput=1.15]
epoch 73: eval=0.7737
epoch 74: loss=0.454399, train_acc=0.8449, time=25.5s
per-rank: rank0[cuda0,share=0.3450,tput=0.87] rank1[cuda1,share=0.3317,tput=0.84] rank2[cuda2,share=0.3233,tput=1.86]
epoch 74: eval=0.7619
epoch 75: loss=0.454587, train_acc=0.8453, time=26.0s
per-rank: rank0[cuda0,share=0.3456,tput=0.94] rank1[cuda1,share=0.3323,tput=0.84] rank2[cuda2,share=0.3220,tput=1.84]
epoch 75: eval=0.7901
epoch 76: loss=0.444173, train_acc=0.8492, time=28.9s
per-rank: rank0[cuda0,share=0.3482,tput=0.73] rank1[cuda1,share=0.3311,tput=1.15] rank2[cuda2,share=0.3207,tput=1.75]
epoch 76: eval=0.8103
epoch 77: loss=0.442638, train_acc=0.8483, time=27.3s
per-rank: rank0[cuda0,share=0.3495,tput=1.08] rank1[cuda1,share=0.3305,tput=0.88] rank2[cuda2,share=0.3201,tput=1.29]
epoch 77: eval=0.7619
epoch 78: loss=0.442524, train_acc=0.8488, time=25.9s
per-rank: rank0[cuda0,share=0.3508,tput=1.36] rank1[cuda1,share=0.3298,tput=0.77] rank2[cuda2,share=0.3194,tput=1.19]
epoch 78: eval=0.8394
epoch 79: loss=0.443763, train_acc=0.8483, time=25.1s
per-rank: rank0[cuda0,share=0.3521,tput=1.41] rank1[cuda1,share=0.3292,tput=0.84] rank2[cuda2,share=0.3187,tput=1.21]
epoch 79: eval=0.8104
epoch 80: loss=0.444037, train_acc=0.8472, time=25.7s
per-rank: rank0[cuda0,share=0.3534,tput=1.20] rank1[cuda1,share=0.3286,tput=1.60] rank2[cuda2,share=0.3180,tput=0.79]
epoch 80: eval=0.7510
epoch 81: loss=0.445713, train_acc=0.8487, time=25.3s
per-rank: rank0[cuda0,share=0.3547,tput=1.54] rank1[cuda1,share=0.3279,tput=0.81] rank2[cuda2,share=0.3174,tput=1.13]
epoch 81: eval=0.7710
epoch 82: loss=0.452653, train_acc=0.8444, time=25.4s
per-rank: rank0[cuda0,share=0.3560,tput=1.27] rank1[cuda1,share=0.3273,tput=0.81] rank2[cuda2,share=0.3167,tput=1.26]
epoch 82: eval=0.7172
epoch 83: loss=0.437251, train_acc=0.8498, time=29.2s
per-rank: rank0[cuda0,share=0.3582,tput=0.74] rank1[cuda1,share=0.3236,tput=1.16] rank2[cuda2,share=0.3182,tput=1.73]
epoch 83: eval=0.7526
epoch 84: loss=0.450891, train_acc=0.8457, time=27.2s
per-rank: rank0[cuda0,share=0.3585,tput=0.98] rank1[cuda1,share=0.3231,tput=0.96] rank2[cuda2,share=0.3184,tput=1.28]
epoch 84: eval=0.8663
epoch 85: loss=0.438816, train_acc=0.8498, time=30.0s
per-rank: rank0[cuda0,share=0.3574,tput=0.73] rank1[cuda1,share=0.3233,tput=1.91] rank2[cuda2,share=0.3193,tput=1.12]
epoch 85: eval=0.7596
epoch 86: loss=0.430757, train_acc=0.8521, time=27.5s
per-rank: rank0[cuda0,share=0.3563,tput=1.17] rank1[cuda1,share=0.3235,tput=0.92] rank2[cuda2,share=0.3202,tput=1.25]
epoch 86: eval=0.8227
epoch 87: loss=0.425936, train_acc=0.8548, time=25.6s
per-rank: rank0[cuda0,share=0.3559,tput=1.39] rank1[cuda1,share=0.3244,tput=0.84] rank2[cuda2,share=0.3197,tput=1.16]
epoch 87: eval=0.8058
epoch 88: loss=0.435061, train_acc=0.8510, time=25.8s
per-rank: rank0[cuda0,share=0.3555,tput=0.92] rank1[cuda1,share=0.3252,tput=1.85] rank2[cuda2,share=0.3193,tput=0.81]
epoch 88: eval=0.8028
epoch 89: loss=0.434124, train_acc=0.8503, time=25.2s
per-rank: rank0[cuda0,share=0.3551,tput=1.44] rank1[cuda1,share=0.3261,tput=1.05] rank2[cuda2,share=0.3188,tput=0.84]
epoch 89: eval=0.8112
epoch 90: loss=0.427501, train_acc=0.8533, time=28.4s
per-rank: rank0[cuda0,share=0.3547,tput=0.75] rank1[cuda1,share=0.3269,tput=1.11] rank2[cuda2,share=0.3184,tput=1.80]
epoch 90: eval=0.8103
epoch 91: loss=0.437498, train_acc=0.8491, time=27.3s
per-rank: rank0[cuda0,share=0.3543,tput=1.15] rank1[cuda1,share=0.3278,tput=0.83] rank2[cuda2,share=0.3179,tput=1.32]
epoch 91: eval=0.7981
epoch 92: loss=0.436706, train_acc=0.8508, time=25.2s
per-rank: rank0[cuda0,share=0.3535,tput=1.42] rank1[cuda1,share=0.3292,tput=1.23] rank2[cuda2,share=0.3173,tput=0.76]
epoch 92: eval=0.7729
epoch 93: loss=0.427770, train_acc=0.8532, time=25.4s
per-rank: rank0[cuda0,share=0.3532,tput=1.37] rank1[cuda1,share=0.3296,tput=0.79] rank2[cuda2,share=0.3172,tput=1.28]
epoch 93: eval=0.8602
epoch 94: loss=0.422840, train_acc=0.8568, time=25.5s
per-rank: rank0[cuda0,share=0.3546,tput=1.41] rank1[cuda1,share=0.3290,tput=1.22] rank2[cuda2,share=0.3164,tput=0.79]
epoch 94: eval=0.8383
epoch 95: loss=0.428326, train_acc=0.8537, time=29.3s
per-rank: rank0[cuda0,share=0.3559,tput=0.74] rank1[cuda1,share=0.3284,tput=1.21] rank2[cuda2,share=0.3156,tput=1.64]
epoch 95: eval=0.7861
epoch 96: loss=0.433502, train_acc=0.8516, time=28.2s
per-rank: rank0[cuda0,share=0.3566,tput=0.98] rank1[cuda1,share=0.3272,tput=1.36] rank2[cuda2,share=0.3162,tput=0.88]
epoch 96: eval=0.7680
epoch 97: loss=0.430739, train_acc=0.8530, time=25.9s
per-rank: rank0[cuda0,share=0.3556,tput=1.24] rank1[cuda1,share=0.3267,tput=1.34] rank2[cuda2,share=0.3176,tput=0.81]
epoch 97: eval=0.7990
epoch 98: loss=0.425753, train_acc=0.8552, time=27.5s
per-rank: rank0[cuda0,share=0.3553,tput=0.75] rank1[cuda1,share=0.3269,tput=1.76] rank2[cuda2,share=0.3177,tput=1.15]
epoch 98: eval=0.7823
epoch 99: loss=0.428184, train_acc=0.8553, time=26.7s
per-rank: rank0[cuda0,share=0.3550,tput=1.26] rank1[cuda1,share=0.3271,tput=1.09] rank2[cuda2,share=0.3179,tput=0.93]
epoch 99: eval=0.7828
epoch 100: loss=0.270999, train_acc=0.9067, time=25.2s
per-rank: rank0[cuda0,share=0.3544,tput=0.87] rank1[cuda1,share=0.3275,tput=0.82] rank2[cuda2,share=0.3181,tput=1.95]
epoch 100: eval=0.9105
epoch 101: loss=0.201640, train_acc=0.9307, time=29.3s
per-rank: rank0[cuda0,share=0.3540,tput=0.73] rank1[cuda1,share=0.3278,tput=1.14] rank2[cuda2,share=0.3182,tput=1.84]
epoch 101: eval=0.9104
epoch 102: loss=0.190460, train_acc=0.9347, time=28.1s
per-rank: rank0[cuda0,share=0.3536,tput=1.10] rank1[cuda1,share=0.3281,tput=1.22] rank2[cuda2,share=0.3183,tput=0.91]
epoch 102: eval=0.9104
epoch 103: loss=0.181705, train_acc=0.9373, time=27.0s
per-rank: rank0[cuda0,share=0.3532,tput=0.77] rank1[cuda1,share=0.3284,tput=0.81] rank2[cuda2,share=0.3184,tput=1.90]
epoch 103: eval=0.9118
epoch 104: loss=0.174052, train_acc=0.9400, time=32.2s
per-rank: rank0[cuda0,share=0.3514,tput=0.67] rank1[cuda1,share=0.3295,tput=1.81] rank2[cuda2,share=0.3191,tput=1.17]
epoch 104: eval=0.9111
epoch 105: loss=0.167220, train_acc=0.9426, time=29.4s
per-rank: rank0[cuda0,share=0.3496,tput=1.08] rank1[cuda1,share=0.3305,tput=1.28] rank2[cuda2,share=0.3199,tput=0.84]
epoch 105: eval=0.9132
epoch 106: loss=0.160575, train_acc=0.9435, time=31.2s
per-rank: rank0[cuda0,share=0.3487,tput=0.67] rank1[cuda1,share=0.3302,tput=1.12] rank2[cuda2,share=0.3211,tput=1.77]
epoch 106: eval=0.9169
epoch 107: loss=0.151970, train_acc=0.9473, time=28.4s
per-rank: rank0[cuda0,share=0.3479,tput=1.00] rank1[cuda1,share=0.3297,tput=0.92] rank2[cuda2,share=0.3224,tput=1.30]
epoch 107: eval=0.9194
epoch 108: loss=0.149579, train_acc=0.9475, time=26.3s
per-rank: rank0[cuda0,share=0.3465,tput=1.22] rank1[cuda1,share=0.3303,tput=1.28] rank2[cuda2,share=0.3232,tput=0.79]
epoch 108: eval=0.9168
epoch 109: loss=0.145967, train_acc=0.9492, time=26.0s
per-rank: rank0[cuda0,share=0.3456,tput=1.46] rank1[cuda1,share=0.3299,tput=1.11] rank2[cuda2,share=0.3245,tput=0.80]
epoch 109: eval=0.9177
epoch 110: loss=0.140299, train_acc=0.9512, time=28.6s
per-rank: rank0[cuda0,share=0.3425,tput=0.74] rank1[cuda1,share=0.3315,tput=1.10] rank2[cuda2,share=0.3260,tput=1.73]
epoch 110: eval=0.9188
epoch 111: loss=0.138307, train_acc=0.9518, time=27.2s
per-rank: rank0[cuda0,share=0.3410,tput=1.10] rank1[cuda1,share=0.3323,tput=0.85] rank2[cuda2,share=0.3268,tput=1.29]
epoch 111: eval=0.9182
epoch 112: loss=0.133999, train_acc=0.9526, time=25.8s
per-rank: rank0[cuda0,share=0.3409,tput=1.62] rank1[cuda1,share=0.3323,tput=0.76] rank2[cuda2,share=0.3268,tput=1.15]
epoch 112: eval=0.9201
epoch 113: loss=0.128557, train_acc=0.9552, time=25.3s
per-rank: rank0[cuda0,share=0.3407,tput=1.48] rank1[cuda1,share=0.3324,tput=0.82] rank2[cuda2,share=0.3269,tput=1.17]
epoch 113: eval=0.9181
epoch 114: loss=0.124946, train_acc=0.9559, time=25.4s
per-rank: rank0[cuda0,share=0.3412,tput=1.02] rank1[cuda1,share=0.3331,tput=0.81] rank2[cuda2,share=0.3257,tput=1.71]
epoch 114: eval=0.9174
epoch 115: loss=0.123322, train_acc=0.9564, time=25.9s
per-rank: rank0[cuda0,share=0.3417,tput=1.27] rank1[cuda1,share=0.3337,tput=1.21] rank2[cuda2,share=0.3245,tput=0.80]
epoch 115: eval=0.9202
epoch 116: loss=0.120366, train_acc=0.9583, time=29.2s
per-rank: rank0[cuda0,share=0.3448,tput=0.72] rank1[cuda1,share=0.3314,tput=1.11] rank2[cuda2,share=0.3239,tput=1.80]
epoch 116: eval=0.9196
epoch 117: loss=0.118277, train_acc=0.9585, time=28.4s
per-rank: rank0[cuda0,share=0.3460,tput=1.07] rank1[cuda1,share=0.3308,tput=0.85] rank2[cuda2,share=0.3233,tput=1.24]
epoch 117: eval=0.9143
epoch 118: loss=0.115908, train_acc=0.9588, time=26.0s
per-rank: rank0[cuda0,share=0.3472,tput=0.98] rank1[cuda1,share=0.3302,tput=0.84] rank2[cuda2,share=0.3226,tput=1.69]
epoch 118: eval=0.9129
epoch 119: loss=0.110854, train_acc=0.9620, time=30.0s
per-rank: rank0[cuda0,share=0.3503,tput=0.72] rank1[cuda1,share=0.3295,tput=1.19] rank2[cuda2,share=0.3203,tput=1.57]
epoch 119: eval=0.9147
epoch 120: loss=0.109378, train_acc=0.9610, time=28.3s
per-rank: rank0[cuda0,share=0.3509,tput=1.07] rank1[cuda1,share=0.3300,tput=0.88] rank2[cuda2,share=0.3191,tput=1.24]
epoch 120: eval=0.9173
epoch 121: loss=0.108487, train_acc=0.9624, time=26.7s
per-rank: rank0[cuda0,share=0.3516,tput=1.29] rank1[cuda1,share=0.3304,tput=0.79] rank2[cuda2,share=0.3180,tput=1.20]
epoch 121: eval=0.9254
epoch 122: loss=0.104639, train_acc=0.9633, time=30.2s
per-rank: rank0[cuda0,share=0.3523,tput=0.70] rank1[cuda1,share=0.3291,tput=1.19] rank2[cuda2,share=0.3186,tput=1.62]
epoch 122: eval=0.9169
epoch 123: loss=0.106424, train_acc=0.9627, time=28.2s
per-rank: rank0[cuda0,share=0.3523,tput=1.09] rank1[cuda1,share=0.3290,tput=1.32] rank2[cuda2,share=0.3187,tput=0.81]
epoch 123: eval=0.9171
epoch 124: loss=0.101154, train_acc=0.9648, time=25.8s
per-rank: rank0[cuda0,share=0.3522,tput=1.32] rank1[cuda1,share=0.3306,tput=1.23] rank2[cuda2,share=0.3172,tput=0.78]
epoch 124: eval=0.9228
epoch 125: loss=0.101013, train_acc=0.9645, time=25.9s
per-rank: rank0[cuda0,share=0.3515,tput=1.09] rank1[cuda1,share=0.3318,tput=0.78] rank2[cuda2,share=0.3167,tput=1.70]
epoch 125: eval=0.9195
epoch 126: loss=0.098086, train_acc=0.9649, time=25.9s
per-rank: rank0[cuda0,share=0.3494,tput=0.90] rank1[cuda1,share=0.3336,tput=1.91] rank2[cuda2,share=0.3170,tput=0.79]
epoch 126: eval=0.9192
epoch 127: loss=0.098799, train_acc=0.9653, time=26.4s
per-rank: rank0[cuda0,share=0.3492,tput=1.25] rank1[cuda1,share=0.3336,tput=1.20] rank2[cuda2,share=0.3171,tput=0.77]
epoch 127: eval=0.9172
epoch 128: loss=0.095610, train_acc=0.9661, time=27.0s
per-rank: rank0[cuda0,share=0.3502,tput=0.83] rank1[cuda1,share=0.3313,tput=0.78] rank2[cuda2,share=0.3185,tput=1.87]
epoch 128: eval=0.9191
epoch 129: loss=0.098001, train_acc=0.9662, time=26.2s
per-rank: rank0[cuda0,share=0.3487,tput=1.28] rank1[cuda1,share=0.3321,tput=1.23] rank2[cuda2,share=0.3192,tput=0.79]
epoch 129: eval=0.9135
epoch 130: loss=0.093848, train_acc=0.9673, time=26.1s
per-rank: rank0[cuda0,share=0.3450,tput=1.29] rank1[cuda1,share=0.3331,tput=1.29] rank2[cuda2,share=0.3219,tput=0.83]
epoch 130: eval=0.9193
epoch 131: loss=0.088602, train_acc=0.9686, time=30.7s
per-rank: rank0[cuda0,share=0.3443,tput=0.68] rank1[cuda1,share=0.3326,tput=1.72] rank2[cuda2,share=0.3231,tput=1.04]
epoch 131: eval=0.9133
epoch 132: loss=0.093062, train_acc=0.9671, time=27.5s
per-rank: rank0[cuda0,share=0.3441,tput=1.12] rank1[cuda1,share=0.3327,tput=0.95] rank2[cuda2,share=0.3231,tput=1.28]
epoch 132: eval=0.9209
epoch 133: loss=0.091307, train_acc=0.9687, time=25.6s
per-rank: rank0[cuda0,share=0.3447,tput=1.39] rank1[cuda1,share=0.3316,tput=0.79] rank2[cuda2,share=0.3237,tput=1.29]
epoch 133: eval=0.9164
epoch 134: loss=0.091046, train_acc=0.9667, time=31.8s
per-rank: rank0[cuda0,share=0.3427,tput=0.67] rank1[cuda1,share=0.3317,tput=1.77] rank2[cuda2,share=0.3256,tput=1.14]
epoch 134: eval=0.9175
epoch 135: loss=0.089240, train_acc=0.9688, time=28.3s
per-rank: rank0[cuda0,share=0.3414,tput=1.03] rank1[cuda1,share=0.3324,tput=0.89] rank2[cuda2,share=0.3263,tput=1.33]
epoch 135: eval=0.9126
epoch 136: loss=0.086895, train_acc=0.9693, time=27.8s
per-rank: rank0[cuda0,share=0.3420,tput=0.76] rank1[cuda1,share=0.3329,tput=1.24] rank2[cuda2,share=0.3250,tput=1.64]
epoch 136: eval=0.9163
epoch 137: loss=0.086456, train_acc=0.9699, time=26.2s
per-rank: rank0[cuda0,share=0.3445,tput=1.27] rank1[cuda1,share=0.3335,tput=0.93] rank2[cuda2,share=0.3220,tput=1.15]
epoch 137: eval=0.9167
epoch 138: loss=0.082605, train_acc=0.9703, time=31.2s
per-rank: rank0[cuda0,share=0.3468,tput=0.70] rank1[cuda1,share=0.3322,tput=1.66] rank2[cuda2,share=0.3210,tput=1.22]
epoch 138: eval=0.9192
epoch 139: loss=0.083280, train_acc=0.9714, time=27.9s
per-rank: rank0[cuda0,share=0.3460,tput=0.93] rank1[cuda1,share=0.3335,tput=1.37] rank2[cuda2,share=0.3205,tput=0.94]
epoch 139: eval=0.9184
epoch 140: loss=0.083650, train_acc=0.9704, time=26.1s
per-rank: rank0[cuda0,share=0.3471,tput=1.37] rank1[cuda1,share=0.3349,tput=0.80] rank2[cuda2,share=0.3181,tput=1.17]
epoch 140: eval=0.9198
epoch 141: loss=0.082704, train_acc=0.9704, time=25.8s
per-rank: rank0[cuda0,share=0.3476,tput=1.47] rank1[cuda1,share=0.3356,tput=1.14] rank2[cuda2,share=0.3169,tput=0.78]
epoch 141: eval=0.9114
epoch 142: loss=0.084008, train_acc=0.9697, time=25.7s
per-rank: rank0[cuda0,share=0.3505,tput=0.99] rank1[cuda1,share=0.3336,tput=1.56] rank2[cuda2,share=0.3159,tput=0.86]
epoch 142: eval=0.9190
epoch 143: loss=0.089965, train_acc=0.9681, time=25.8s
per-rank: rank0[cuda0,share=0.3515,tput=1.43] rank1[cuda1,share=0.3324,tput=1.24] rank2[cuda2,share=0.3161,tput=0.78]
epoch 143: eval=0.9168
epoch 144: loss=0.090498, train_acc=0.9678, time=26.1s
per-rank: rank0[cuda0,share=0.3513,tput=1.32] rank1[cuda1,share=0.3319,tput=0.81] rank2[cuda2,share=0.3167,tput=1.18]
epoch 144: eval=0.9141
epoch 145: loss=0.088437, train_acc=0.9684, time=25.8s
per-rank: rank0[cuda0,share=0.3512,tput=0.92] rank1[cuda1,share=0.3315,tput=1.87] rank2[cuda2,share=0.3173,tput=0.76]
epoch 145: eval=0.9103
epoch 146: loss=0.085010, train_acc=0.9701, time=25.1s
per-rank: rank0[cuda0,share=0.3511,tput=0.91] rank1[cuda1,share=0.3310,tput=2.00] rank2[cuda2,share=0.3179,tput=0.84]
epoch 146: eval=0.9181
epoch 147: loss=0.089411, train_acc=0.9687, time=27.8s
per-rank: rank0[cuda0,share=0.3519,tput=0.77] rank1[cuda1,share=0.3301,tput=1.15] rank2[cuda2,share=0.3179,tput=1.78]
epoch 147: eval=0.9122
epoch 148: loss=0.086910, train_acc=0.9690, time=26.4s
per-rank: rank0[cuda0,share=0.3527,tput=1.32] rank1[cuda1,share=0.3293,tput=0.87] rank2[cuda2,share=0.3180,tput=1.31]
epoch 148: eval=0.8997
epoch 149: loss=0.086859, train_acc=0.9694, time=31.0s
per-rank: rank0[cuda0,share=0.3534,tput=0.68] rank1[cuda1,share=0.3286,tput=1.27] rank2[cuda2,share=0.3180,tput=1.82]
epoch 149: eval=0.9039
epoch 150: loss=0.071585, train_acc=0.9767, time=28.2s
per-rank: rank0[cuda0,share=0.3528,tput=0.91] rank1[cuda1,share=0.3285,tput=1.40] rank2[cuda2,share=0.3187,tput=0.91]
epoch 150: eval=0.9262
epoch 151: loss=0.040535, train_acc=0.9881, time=28.1s
per-rank: rank0[cuda0,share=0.3509,tput=0.74] rank1[cuda1,share=0.3286,tput=1.19] rank2[cuda2,share=0.3205,tput=1.74]
epoch 151: eval=0.9281
epoch 152: loss=0.039871, train_acc=0.9880, time=26.8s
per-rank: rank0[cuda0,share=0.3502,tput=1.13] rank1[cuda1,share=0.3280,tput=0.85] rank2[cuda2,share=0.3217,tput=1.32]
epoch 152: eval=0.9283
epoch 153: loss=0.035170, train_acc=0.9899, time=29.2s
per-rank: rank0[cuda0,share=0.3502,tput=0.72] rank1[cuda1,share=0.3280,tput=1.25] rank2[cuda2,share=0.3218,tput=1.64]
epoch 153: eval=0.9282
epoch 154: loss=0.034894, train_acc=0.9896, time=27.0s
per-rank: rank0[cuda0,share=0.3501,tput=1.02] rank1[cuda1,share=0.3280,tput=1.39] rank2[cuda2,share=0.3219,tput=0.93]
epoch 154: eval=0.9285
epoch 155: loss=0.032873, train_acc=0.9898, time=24.8s
per-rank: rank0[cuda0,share=0.3500,tput=1.50] rank1[cuda1,share=0.3279,tput=0.76] rank2[cuda2,share=0.3220,tput=1.36]
epoch 155: eval=0.9279
epoch 156: loss=0.030686, train_acc=0.9911, time=25.3s
per-rank: rank0[cuda0,share=0.3499,tput=0.95] rank1[cuda1,share=0.3279,tput=0.82] rank2[cuda2,share=0.3221,tput=1.89]
epoch 156: eval=0.9271
epoch 157: loss=0.030441, train_acc=0.9906, time=25.5s
per-rank: rank0[cuda0,share=0.3499,tput=1.40] rank1[cuda1,share=0.3279,tput=0.82] rank2[cuda2,share=0.3223,tput=1.19]
epoch 157: eval=0.9287
epoch 158: loss=0.027806, train_acc=0.9920, time=25.8s
per-rank: rank0[cuda0,share=0.3498,tput=0.88] rank1[cuda1,share=0.3278,tput=1.91] rank2[cuda2,share=0.3224,tput=0.81]
epoch 158: eval=0.9282
epoch 159: loss=0.028006, train_acc=0.9916, time=25.5s
per-rank: rank0[cuda0,share=0.3511,tput=0.88] rank1[cuda1,share=0.3271,tput=1.93] rank2[cuda2,share=0.3218,tput=0.81]
epoch 159: eval=0.9278
epoch 160: loss=0.027509, train_acc=0.9921, time=28.5s
per-rank: rank0[cuda0,share=0.3536,tput=0.75] rank1[cuda1,share=0.3258,tput=1.06] rank2[cuda2,share=0.3206,tput=1.88]
epoch 160: eval=0.9288
epoch 161: loss=0.026800, train_acc=0.9922, time=28.4s
per-rank: rank0[cuda0,share=0.3535,tput=1.05] rank1[cuda1,share=0.3258,tput=1.30] rank2[cuda2,share=0.3206,tput=0.83]
epoch 161: eval=0.9279
epoch 162: loss=0.025935, train_acc=0.9923, time=26.3s
per-rank: rank0[cuda0,share=0.3529,tput=1.30] rank1[cuda1,share=0.3253,tput=0.82] rank2[cuda2,share=0.3218,tput=1.18]
epoch 162: eval=0.9267
epoch 163: loss=0.025933, train_acc=0.9922, time=29.3s
per-rank: rank0[cuda0,share=0.3523,tput=0.72] rank1[cuda1,share=0.3247,tput=1.17] rank2[cuda2,share=0.3230,tput=1.61]
epoch 163: eval=0.9285
epoch 164: loss=0.025372, train_acc=0.9927, time=28.0s
per-rank: rank0[cuda0,share=0.3517,tput=0.96] rank1[cuda1,share=0.3242,tput=0.92] rank2[cuda2,share=0.3242,tput=1.23]
epoch 164: eval=0.9275
epoch 165: loss=0.023312, train_acc=0.9938, time=26.4s
per-rank: rank0[cuda0,share=0.3505,tput=0.81] rank1[cuda1,share=0.3249,tput=0.87] rank2[cuda2,share=0.3246,tput=1.84]
epoch 165: eval=0.9269
epoch 166: loss=0.024389, train_acc=0.9928, time=29.5s
per-rank: rank0[cuda0,share=0.3481,tput=0.70] rank1[cuda1,share=0.3265,tput=1.17] rank2[cuda2,share=0.3254,tput=1.76]
epoch 166: eval=0.9289
epoch 167: loss=0.024573, train_acc=0.9921, time=27.9s
per-rank: rank0[cuda0,share=0.3469,tput=1.14] rank1[cuda1,share=0.3273,tput=0.85] rank2[cuda2,share=0.3258,tput=1.28]
epoch 167: eval=0.9284
epoch 168: loss=0.022679, train_acc=0.9932, time=25.9s
per-rank: rank0[cuda0,share=0.3462,tput=0.99] rank1[cuda1,share=0.3270,tput=0.78] rank2[cuda2,share=0.3268,tput=1.73]
epoch 168: eval=0.9277
epoch 169: loss=0.022765, train_acc=0.9933, time=25.9s
per-rank: rank0[cuda0,share=0.3449,tput=0.94] rank1[cuda1,share=0.3282,tput=2.02] rank2[cuda2,share=0.3269,tput=0.76]
epoch 169: eval=0.9296
epoch 170: loss=0.022833, train_acc=0.9932, time=26.8s
per-rank: rank0[cuda0,share=0.3455,tput=1.22] rank1[cuda1,share=0.3290,tput=0.84] rank2[cuda2,share=0.3255,tput=1.13]
epoch 170: eval=0.9286
epoch 171: loss=0.022552, train_acc=0.9930, time=25.8s
per-rank: rank0[cuda0,share=0.3461,tput=0.86] rank1[cuda1,share=0.3299,tput=1.90] rank2[cuda2,share=0.3240,tput=0.82]
epoch 171: eval=0.9287
epoch 172: loss=0.021993, train_acc=0.9932, time=26.0s
per-rank: rank0[cuda0,share=0.3455,tput=0.85] rank1[cuda1,share=0.3314,tput=0.87] rank2[cuda2,share=0.3232,tput=1.94]
epoch 172: eval=0.9273
epoch 173: loss=0.020677, train_acc=0.9937, time=26.6s
per-rank: rank0[cuda0,share=0.3454,tput=1.23] rank1[cuda1,share=0.3315,tput=1.24] rank2[cuda2,share=0.3232,tput=0.81]
epoch 173: eval=0.9281
epoch 174: loss=0.021274, train_acc=0.9940, time=25.7s
per-rank: rank0[cuda0,share=0.3453,tput=1.34] rank1[cuda1,share=0.3315,tput=1.24] rank2[cuda2,share=0.3232,tput=0.81]
epoch 174: eval=0.9297
epoch 175: loss=0.020907, train_acc=0.9939, time=29.5s
per-rank: rank0[cuda0,share=0.3458,tput=0.71] rank1[cuda1,share=0.3304,tput=1.68] rank2[cuda2,share=0.3238,tput=1.14]
epoch 175: eval=0.9291
epoch 176: loss=0.020512, train_acc=0.9939, time=28.2s
per-rank: rank0[cuda0,share=0.3457,tput=1.21] rank1[cuda1,share=0.3305,tput=0.84] rank2[cuda2,share=0.3238,tput=1.15]
epoch 176: eval=0.9305
epoch 177: loss=0.019494, train_acc=0.9942, time=26.1s
per-rank: rank0[cuda0,share=0.3463,tput=0.97] rank1[cuda1,share=0.3311,tput=0.83] rank2[cuda2,share=0.3226,tput=1.63]
epoch 177: eval=0.9293
epoch 178: loss=0.019655, train_acc=0.9946, time=26.3s
per-rank: rank0[cuda0,share=0.3462,tput=0.93] rank1[cuda1,share=0.3312,tput=0.75] rank2[cuda2,share=0.3226,tput=1.92]
epoch 178: eval=0.9288
epoch 179: loss=0.019660, train_acc=0.9941, time=29.4s
per-rank: rank0[cuda0,share=0.3474,tput=0.73] rank1[cuda1,share=0.3306,tput=1.07] rank2[cuda2,share=0.3220,tput=1.71]
epoch 179: eval=0.9298
epoch 180: loss=0.020500, train_acc=0.9939, time=27.8s
per-rank: rank0[cuda0,share=0.3487,tput=1.07] rank1[cuda1,share=0.3300,tput=0.84] rank2[cuda2,share=0.3213,tput=1.24]
epoch 180: eval=0.9288
epoch 181: loss=0.018976, train_acc=0.9946, time=26.5s
per-rank: rank0[cuda0,share=0.3519,tput=0.95] rank1[cuda1,share=0.3275,tput=1.73] rank2[cuda2,share=0.3206,tput=0.78]
epoch 181: eval=0.9280
epoch 182: loss=0.018202, train_acc=0.9950, time=25.9s
per-rank: rank0[cuda0,share=0.3520,tput=1.27] rank1[cuda1,share=0.3275,tput=1.29] rank2[cuda2,share=0.3205,tput=0.77]
epoch 182: eval=0.9285
epoch 183: loss=0.018771, train_acc=0.9945, time=29.9s
per-rank: rank0[cuda0,share=0.3535,tput=0.71] rank1[cuda1,share=0.3287,tput=1.84] rank2[cuda2,share=0.3178,tput=1.03]
epoch 183: eval=0.9294
epoch 184: loss=0.017662, train_acc=0.9950, time=28.1s
per-rank: rank0[cuda0,share=0.3536,tput=1.08] rank1[cuda1,share=0.3286,tput=1.24] rank2[cuda2,share=0.3177,tput=0.85]
epoch 184: eval=0.9301
epoch 185: loss=0.017529, train_acc=0.9948, time=30.2s
per-rank: rank0[cuda0,share=0.3539,tput=0.71] rank1[cuda1,share=0.3286,tput=1.73] rank2[cuda2,share=0.3175,tput=1.12]
epoch 185: eval=0.9279
epoch 186: loss=0.017524, train_acc=0.9948, time=27.2s
per-rank: rank0[cuda0,share=0.3526,tput=0.98] rank1[cuda1,share=0.3293,tput=1.35] rank2[cuda2,share=0.3181,tput=0.93]
epoch 186: eval=0.9281
epoch 187: loss=0.017703, train_acc=0.9946, time=25.4s
per-rank: rank0[cuda0,share=0.3519,tput=0.99] rank1[cuda1,share=0.3288,tput=1.76] rank2[cuda2,share=0.3193,tput=0.75]
epoch 187: eval=0.9287
epoch 188: loss=0.016501, train_acc=0.9951, time=25.6s
per-rank: rank0[cuda0,share=0.3498,tput=1.12] rank1[cuda1,share=0.3292,tput=0.87] rank2[cuda2,share=0.3210,tput=1.30]
epoch 188: eval=0.9302
epoch 189: loss=0.016668, train_acc=0.9953, time=25.6s
per-rank: rank0[cuda0,share=0.3497,tput=1.43] rank1[cuda1,share=0.3293,tput=1.23] rank2[cuda2,share=0.3209,tput=0.75]
epoch 189: eval=0.9289
epoch 190: loss=0.016477, train_acc=0.9952, time=29.4s
per-rank: rank0[cuda0,share=0.3493,tput=0.72] rank1[cuda1,share=0.3296,tput=1.81] rank2[cuda2,share=0.3211,tput=1.10]
epoch 190: eval=0.9294
epoch 191: loss=0.017291, train_acc=0.9947, time=27.6s
per-rank: rank0[cuda0,share=0.3491,tput=1.22] rank1[cuda1,share=0.3297,tput=1.28] rank2[cuda2,share=0.3212,tput=0.83]
epoch 191: eval=0.9291
epoch 192: loss=0.017237, train_acc=0.9951, time=28.5s
per-rank: rank0[cuda0,share=0.3493,tput=0.74] rank1[cuda1,share=0.3288,tput=1.09] rank2[cuda2,share=0.3219,tput=1.80]
epoch 192: eval=0.9291
epoch 193: loss=0.016002, train_acc=0.9951, time=27.7s
per-rank: rank0[cuda0,share=0.3512,tput=1.02] rank1[cuda1,share=0.3269,tput=0.88] rank2[cuda2,share=0.3219,tput=1.28]
epoch 193: eval=0.9297
epoch 194: loss=0.015912, train_acc=0.9955, time=29.9s
per-rank: rank0[cuda0,share=0.3526,tput=0.72] rank1[cuda1,share=0.3262,tput=1.16] rank2[cuda2,share=0.3211,tput=1.78]
epoch 194: eval=0.9288
epoch 195: loss=0.015748, train_acc=0.9958, time=28.1s
per-rank: rank0[cuda0,share=0.3533,tput=1.10] rank1[cuda1,share=0.3267,tput=1.31] rank2[cuda2,share=0.3200,tput=0.84]
epoch 195: eval=0.9287
epoch 196: loss=0.015581, train_acc=0.9953, time=30.3s
per-rank: rank0[cuda0,share=0.3541,tput=0.70] rank1[cuda1,share=0.3271,tput=1.11] rank2[cuda2,share=0.3188,tput=1.78]
epoch 196: eval=0.9300
epoch 197: loss=0.015657, train_acc=0.9953, time=28.3s
per-rank: rank0[cuda0,share=0.3553,tput=1.05] rank1[cuda1,share=0.3246,tput=1.26] rank2[cuda2,share=0.3201,tput=0.86]
epoch 197: eval=0.9290
epoch 198: loss=0.014604, train_acc=0.9955, time=32.8s
per-rank: rank0[cuda0,share=0.3542,tput=0.66] rank1[cuda1,share=0.3242,tput=1.12] rank2[cuda2,share=0.3216,tput=1.71]
epoch 198: eval=0.9293
epoch 199: loss=0.015590, train_acc=0.9956, time=29.9s
per-rank: rank0[cuda0,share=0.3524,tput=0.95] rank1[cuda1,share=0.3252,tput=0.90] rank2[cuda2,share=0.3225,tput=1.28]
final eval=0.9288
# total: 5095.8s (84m 56s)
