# gpu0: NVIDIA GeForce RTX 5060 Ti (15GB, sm_120)
# gpu1: NVIDIA GeForce GTX 1060 6GB (5GB, sm_61)
# gpu2: NVIDIA GeForce GTX 1060 6GB (5GB, sm_61)
epoch 0: loss=2.120361, train_acc=0.2063, time=10.3s
per-rank: rank0[cuda0,share=0.3882,tput=4.74] rank1[cuda1,share=0.3059,tput=3.25] rank2[cuda2,share=0.3059,tput=2.37]
epoch 0: eval=0.2416
epoch 1: loss=1.783032, train_acc=0.3261, time=13.3s
per-rank: rank0[cuda0,share=0.3885,tput=2.00] rank2[cuda2,share=0.3079,tput=4.53] rank1[cuda1,share=0.3037,tput=4.11]
epoch 1: eval=0.4299
epoch 2: loss=1.602296, train_acc=0.4056, time=12.0s
per-rank: rank0[cuda0,share=0.3998,tput=2.07] rank2[cuda2,share=0.3012,tput=3.74] rank1[cuda1,share=0.2990,tput=2.43]
epoch 2: eval=0.4571
epoch 3: loss=1.435231, train_acc=0.4743, time=9.8s
per-rank: rank0[cuda0,share=0.4145,tput=3.30] rank1[cuda1,share=0.2968,tput=2.34] rank2[cuda2,share=0.2886,tput=3.00]
epoch 3: eval=0.4588
epoch 4: loss=1.270891, train_acc=0.5398, time=9.7s
per-rank: rank0[cuda0,share=0.4278,tput=3.63] rank1[cuda1,share=0.2909,tput=2.88] rank2[cuda2,share=0.2814,tput=2.31]
epoch 4: eval=0.5942
epoch 5: loss=1.140311, train_acc=0.5915, time=9.6s
per-rank: rank0[cuda0,share=0.4360,tput=3.55] rank2[cuda2,share=0.2868,tput=2.36] rank1[cuda1,share=0.2771,tput=2.92]
epoch 5: eval=0.6301
epoch 6: loss=1.035743, train_acc=0.6327, time=9.6s
per-rank: rank0[cuda0,share=0.4310,tput=3.84] rank2[cuda2,share=0.2887,tput=2.99] rank1[cuda1,share=0.2803,tput=2.44]
epoch 6: eval=0.6190
epoch 7: loss=0.954923, train_acc=0.6625, time=9.7s
per-rank: rank0[cuda0,share=0.3978,tput=2.68] rank1[cuda1,share=0.3048,tput=2.56] rank2[cuda2,share=0.2974,tput=5.20]
epoch 7: eval=0.6529
epoch 8: loss=0.895309, train_acc=0.6854, time=9.8s
per-rank: rank0[cuda0,share=0.3857,tput=3.65] rank1[cuda1,share=0.3072,tput=2.94] rank2[cuda2,share=0.3072,tput=2.26]
epoch 8: eval=0.6246
epoch 9: loss=0.839948, train_acc=0.7077, time=9.8s
per-rank: rank0[cuda0,share=0.4040,tput=3.27] rank2[cuda2,share=0.3051,tput=3.29] rank1[cuda1,share=0.2909,tput=2.13]
epoch 9: eval=0.6040
epoch 10: loss=0.792890, train_acc=0.7229, time=9.9s
per-rank: rank0[cuda0,share=0.4148,tput=2.22] rank2[cuda2,share=0.3001,tput=2.26] rank1[cuda1,share=0.2851,tput=5.59]
epoch 10: eval=0.6675
epoch 11: loss=0.753918, train_acc=0.7375, time=12.6s
per-rank: rank0[cuda0,share=0.4048,tput=2.05] rank2[cuda2,share=0.3013,tput=3.38] rank1[cuda1,share=0.2939,tput=5.20]
epoch 11: eval=0.6445
epoch 12: loss=0.729845, train_acc=0.7465, time=11.9s
per-rank: rank0[cuda0,share=0.4102,tput=1.93] rank2[cuda2,share=0.3004,tput=2.64] rank1[cuda1,share=0.2894,tput=3.40]
epoch 12: eval=0.7090
epoch 13: loss=0.702637, train_acc=0.7578, time=9.9s
per-rank: rank0[cuda0,share=0.4152,tput=3.30] rank2[cuda2,share=0.2976,tput=2.28] rank1[cuda1,share=0.2872,tput=3.16]
epoch 13: eval=0.7850
epoch 14: loss=0.684476, train_acc=0.7636, time=10.0s
per-rank: rank0[cuda0,share=0.4188,tput=2.58] rank2[cuda2,share=0.2961,tput=2.41] rank1[cuda1,share=0.2851,tput=3.29]
epoch 14: eval=0.7023
epoch 15: loss=0.664165, train_acc=0.7700, time=9.9s
per-rank: rank0[cuda0,share=0.3848,tput=2.87] rank2[cuda2,share=0.3088,tput=3.15] rank1[cuda1,share=0.3064,tput=2.51]
epoch 15: eval=0.7237
epoch 16: loss=0.645585, train_acc=0.7759, time=9.8s
per-rank: rank0[cuda0,share=0.3983,tput=3.29] rank1[cuda1,share=0.3081,tput=2.43] rank2[cuda2,share=0.2936,tput=2.83]
epoch 16: eval=0.7524
epoch 17: loss=0.634498, train_acc=0.7802, time=12.6s
per-rank: rank0[cuda0,share=0.4244,tput=2.07] rank1[cuda1,share=0.3047,tput=5.11] rank2[cuda2,share=0.2709,tput=3.06]
epoch 17: eval=0.7504
epoch 18: loss=0.616222, train_acc=0.7880, time=11.6s
per-rank: rank0[cuda0,share=0.4069,tput=1.97] rank1[cuda1,share=0.2997,tput=2.49] rank2[cuda2,share=0.2934,tput=4.44]
epoch 18: eval=0.7685
epoch 19: loss=0.595382, train_acc=0.7945, time=10.0s
per-rank: rank0[cuda0,share=0.3924,tput=3.11] rank2[cuda2,share=0.3122,tput=3.19] rank1[cuda1,share=0.2954,tput=2.17]
epoch 19: eval=0.7778
epoch 20: loss=0.605728, train_acc=0.7899, time=12.7s
per-rank: rank0[cuda0,share=0.4139,tput=1.98] rank2[cuda2,share=0.2991,tput=3.12] rank1[cuda1,share=0.2870,tput=5.30]
epoch 20: eval=0.7678
epoch 21: loss=0.596741, train_acc=0.7948, time=12.0s
per-rank: rank0[cuda0,share=0.3915,tput=1.71] rank1[cuda1,share=0.3128,tput=4.47] rank2[cuda2,share=0.2957,tput=2.53]
epoch 21: eval=0.8005
epoch 22: loss=0.572821, train_acc=0.8024, time=10.1s
per-rank: rank0[cuda0,share=0.3490,tput=3.02] rank1[cuda1,share=0.3378,tput=2.36] rank2[cuda2,share=0.3132,tput=3.41]
epoch 22: eval=0.7536
epoch 23: loss=0.568505, train_acc=0.8055, time=9.8s
per-rank: rank0[cuda0,share=0.3891,tput=3.91] rank1[cuda1,share=0.3087,tput=3.04] rank2[cuda2,share=0.3023,tput=2.12]
epoch 23: eval=0.7610
epoch 24: loss=0.569395, train_acc=0.8050, time=9.8s
per-rank: rank0[cuda0,share=0.4106,tput=3.04] rank2[cuda2,share=0.2996,tput=3.07] rank1[cuda1,share=0.2898,tput=2.42]
epoch 24: eval=0.7888
epoch 25: loss=0.570104, train_acc=0.8036, time=12.2s
per-rank: rank0[cuda0,share=0.3966,tput=2.01] rank1[cuda1,share=0.3093,tput=3.66] rank2[cuda2,share=0.2941,tput=4.55]
epoch 25: eval=0.7674
epoch 26: loss=0.566442, train_acc=0.8041, time=11.0s
per-rank: rank0[cuda0,share=0.4040,tput=2.46] rank2[cuda2,share=0.2990,tput=4.02] rank1[cuda1,share=0.2971,tput=2.16]
epoch 26: eval=0.7237
epoch 27: loss=0.548001, train_acc=0.8107, time=12.5s
per-rank: rank0[cuda0,share=0.4153,tput=2.05] rank2[cuda2,share=0.2962,tput=4.41] rank1[cuda1,share=0.2885,tput=3.75]
epoch 27: eval=0.7638
epoch 28: loss=0.537034, train_acc=0.8147, time=11.4s
per-rank: rank0[cuda0,share=0.4010,tput=1.97] rank1[cuda1,share=0.3102,tput=4.13] rank2[cuda2,share=0.2888,tput=2.42]
epoch 28: eval=0.7900
epoch 29: loss=0.541925, train_acc=0.8146, time=12.1s
per-rank: rank0[cuda0,share=0.3865,tput=1.87] rank1[cuda1,share=0.3169,tput=4.82] rank2[cuda2,share=0.2966,tput=3.10]
epoch 29: eval=0.7732
epoch 30: loss=0.526721, train_acc=0.8171, time=10.8s
per-rank: rank0[cuda0,share=0.3826,tput=2.42] rank1[cuda1,share=0.3098,tput=2.50] rank2[cuda2,share=0.3076,tput=3.92]
epoch 30: eval=0.7431
epoch 31: loss=0.532284, train_acc=0.8156, time=9.8s
per-rank: rank0[cuda0,share=0.3750,tput=1.95] rank2[cuda2,share=0.3177,tput=5.46] rank1[cuda1,share=0.3073,tput=2.54]
epoch 31: eval=0.7341
epoch 32: loss=0.524009, train_acc=0.8192, time=10.7s
per-rank: rank0[cuda0,share=0.3961,tput=2.11] rank1[cuda1,share=0.3040,tput=3.34] rank2[cuda2,share=0.2999,tput=4.18]
epoch 32: eval=0.7382
epoch 33: loss=0.524215, train_acc=0.8195, time=10.3s
per-rank: rank0[cuda0,share=0.4253,tput=2.98] rank1[cuda1,share=0.2879,tput=3.15] rank2[cuda2,share=0.2869,tput=2.42]
epoch 33: eval=0.7727
epoch 34: loss=0.517082, train_acc=0.8222, time=9.6s
per-rank: rank0[cuda0,share=0.4091,tput=2.09] rank2[cuda2,share=0.2965,tput=2.15] rank1[cuda1,share=0.2943,tput=6.85]
epoch 34: eval=0.8077
epoch 35: loss=0.509999, train_acc=0.8238, time=12.8s
per-rank: rank0[cuda0,share=0.3880,tput=1.90] rank1[cuda1,share=0.3108,tput=5.04] rank2[cuda2,share=0.3012,tput=3.37]
epoch 35: eval=0.7908
epoch 36: loss=0.497870, train_acc=0.8286, time=11.2s
per-rank: rank0[cuda0,share=0.3692,tput=1.99] rank1[cuda1,share=0.3179,tput=3.90] rank2[cuda2,share=0.3129,tput=2.58]
epoch 36: eval=0.7283
epoch 37: loss=0.569825, train_acc=0.8041, time=9.8s
per-rank: rank0[cuda0,share=0.3712,tput=2.50] rank2[cuda2,share=0.3155,tput=2.08] rank1[cuda1,share=0.3133,tput=4.71]
epoch 37: eval=0.7596
epoch 38: loss=0.547455, train_acc=0.8128, time=11.1s
per-rank: rank0[cuda0,share=0.3715,tput=2.00] rank2[cuda2,share=0.3178,tput=4.76] rank1[cuda1,share=0.3108,tput=2.85]
epoch 38: eval=0.7865
epoch 39: loss=0.540421, train_acc=0.8133, time=10.4s
per-rank: rank0[cuda0,share=0.3745,tput=3.32] rank2[cuda2,share=0.3168,tput=3.33] rank1[cuda1,share=0.3088,tput=2.02]
epoch 39: eval=0.7818
epoch 40: loss=0.543345, train_acc=0.8132, time=11.1s
per-rank: rank0[cuda0,share=0.3767,tput=2.11] rank2[cuda2,share=0.3163,tput=3.19] rank1[cuda1,share=0.3070,tput=4.26]
epoch 40: eval=0.7524
epoch 41: loss=0.541150, train_acc=0.8141, time=10.4s
per-rank: rank0[cuda0,share=0.3815,tput=3.15] rank2[cuda2,share=0.3143,tput=3.16] rank1[cuda1,share=0.3042,tput=2.26]
epoch 41: eval=0.7966
epoch 42: loss=0.537544, train_acc=0.8163, time=9.6s
per-rank: rank0[cuda0,share=0.3875,tput=3.63] rank2[cuda2,share=0.3114,tput=2.59] rank1[cuda1,share=0.3011,tput=2.48]
epoch 42: eval=0.7909
epoch 43: loss=0.531756, train_acc=0.8177, time=9.7s
per-rank: rank0[cuda0,share=0.3921,tput=3.34] rank2[cuda2,share=0.3092,tput=2.03] rank1[cuda1,share=0.2987,tput=3.28]
epoch 43: eval=0.7936
epoch 44: loss=0.536356, train_acc=0.8154, time=9.6s
per-rank: rank0[cuda0,share=0.3959,tput=4.19] rank2[cuda2,share=0.3073,tput=3.84] rank1[cuda1,share=0.2967,tput=2.41]
epoch 44: eval=0.7131
epoch 45: loss=0.528733, train_acc=0.8193, time=11.0s
per-rank: rank0[cuda0,share=0.4007,tput=2.30] rank2[cuda2,share=0.3050,tput=3.24] rank1[cuda1,share=0.2943,tput=4.53]
epoch 45: eval=0.7484
epoch 46: loss=0.533216, train_acc=0.8162, time=10.0s
per-rank: rank0[cuda0,share=0.4007,tput=3.06] rank2[cuda2,share=0.3050,tput=2.83] rank1[cuda1,share=0.2943,tput=2.59]
epoch 46: eval=0.7487
epoch 47: loss=0.516462, train_acc=0.8224, time=12.2s
per-rank: rank0[cuda0,share=0.4131,tput=2.12] rank2[cuda2,share=0.2987,tput=5.13] rank1[cuda1,share=0.2882,tput=3.14]
epoch 47: eval=0.7638
epoch 48: loss=0.523399, train_acc=0.8207, time=11.1s
per-rank: rank0[cuda0,share=0.4131,tput=3.04] rank2[cuda2,share=0.2987,tput=3.53] rank1[cuda1,share=0.2882,tput=2.62]
epoch 48: eval=0.7094
epoch 49: loss=0.522498, train_acc=0.8211, time=9.7s
per-rank: rank0[cuda0,share=0.4198,tput=2.49] rank2[cuda2,share=0.2945,tput=2.36] rank1[cuda1,share=0.2858,tput=5.45]
epoch 49: eval=0.7361
epoch 50: loss=0.514470, train_acc=0.8239, time=9.7s
per-rank: rank0[cuda0,share=0.4231,tput=2.90] rank2[cuda2,share=0.2920,tput=2.14] rank1[cuda1,share=0.2849,tput=3.63]
epoch 50: eval=0.8066
epoch 51: loss=0.518982, train_acc=0.8223, time=9.8s
per-rank: rank0[cuda0,share=0.4264,tput=3.93] rank2[cuda2,share=0.2895,tput=3.12] rank1[cuda1,share=0.2841,tput=2.45]
epoch 51: eval=0.7985
epoch 52: loss=0.522946, train_acc=0.8211, time=9.8s
per-rank: rank0[cuda0,share=0.4267,tput=2.87] rank2[cuda2,share=0.2886,tput=3.54] rank1[cuda1,share=0.2847,tput=2.23]
epoch 52: eval=0.8217
epoch 53: loss=0.517275, train_acc=0.8227, time=9.9s
per-rank: rank0[cuda0,share=0.4267,tput=1.94] rank2[cuda2,share=0.2886,tput=2.30] rank1[cuda1,share=0.2847,tput=5.99]
epoch 53: eval=0.7642
epoch 54: loss=0.508364, train_acc=0.8243, time=13.4s
per-rank: rank0[cuda0,share=0.4199,tput=1.80] rank2[cuda2,share=0.2903,tput=4.73] rank1[cuda1,share=0.2897,tput=3.75]
epoch 54: eval=0.8305
epoch 55: loss=0.512247, train_acc=0.8256, time=12.0s
per-rank: rank0[cuda0,share=0.4199,tput=1.91] rank2[cuda2,share=0.2903,tput=2.69] rank1[cuda1,share=0.2897,tput=3.65]
epoch 55: eval=0.7089
epoch 56: loss=0.511699, train_acc=0.8238, time=10.1s
per-rank: rank0[cuda0,share=0.4159,tput=2.17] rank1[cuda1,share=0.2926,tput=2.26] rank2[cuda2,share=0.2915,tput=5.46]
epoch 56: eval=0.7702
epoch 57: loss=0.502594, train_acc=0.8271, time=10.9s
per-rank: rank0[cuda0,share=0.4018,tput=2.06] rank1[cuda1,share=0.3003,tput=4.26] rank2[cuda2,share=0.2978,tput=3.27]
epoch 57: eval=0.7741
epoch 58: loss=0.500017, train_acc=0.8253, time=10.4s
per-rank: rank0[cuda0,share=0.3949,tput=2.87] rank1[cuda1,share=0.3037,tput=3.42] rank2[cuda2,share=0.3014,tput=2.24]
epoch 58: eval=0.8341
epoch 59: loss=0.505166, train_acc=0.8256, time=9.7s
per-rank: rank0[cuda0,share=0.3876,tput=2.32] rank1[cuda1,share=0.3071,tput=5.05] rank2[cuda2,share=0.3053,tput=2.20]
epoch 59: eval=0.8143
epoch 60: loss=0.502274, train_acc=0.8285, time=9.7s
per-rank: rank0[cuda0,share=0.3823,tput=2.32] rank1[cuda1,share=0.3095,tput=2.29] rank2[cuda2,share=0.3082,tput=4.97]
epoch 60: eval=0.7835
epoch 61: loss=0.501293, train_acc=0.8285, time=9.8s
per-rank: rank0[cuda0,share=0.3769,tput=3.53] rank1[cuda1,share=0.3120,tput=4.17] rank2[cuda2,share=0.3111,tput=2.21]
epoch 61: eval=0.7784
epoch 62: loss=0.503075, train_acc=0.8269, time=12.0s
per-rank: rank0[cuda0,share=0.3732,tput=1.84] rank1[cuda1,share=0.3136,tput=4.56] rank2[cuda2,share=0.3132,tput=3.12]
epoch 62: eval=0.7558
epoch 63: loss=0.501150, train_acc=0.8271, time=10.6s
per-rank: rank0[cuda0,share=0.3714,tput=2.41] rank2[cuda2,share=0.3144,tput=3.67] rank1[cuda1,share=0.3142,tput=2.61]
epoch 63: eval=0.8020
epoch 64: loss=0.500488, train_acc=0.8290, time=11.2s
per-rank: rank0[cuda0,share=0.3711,tput=2.05] rank2[cuda2,share=0.3148,tput=4.45] rank1[cuda1,share=0.3141,tput=3.16]
epoch 64: eval=0.7831
epoch 65: loss=0.497385, train_acc=0.8300, time=10.4s
per-rank: rank0[cuda0,share=0.3707,tput=3.13] rank2[cuda2,share=0.3153,tput=2.34] rank1[cuda1,share=0.3140,tput=3.26]
epoch 65: eval=0.7554
epoch 66: loss=0.496384, train_acc=0.8287, time=9.6s
per-rank: rank0[cuda0,share=0.3722,tput=3.74] rank2[cuda2,share=0.3148,tput=2.82] rank1[cuda1,share=0.3130,tput=2.23]
epoch 66: eval=0.7618
epoch 67: loss=0.488974, train_acc=0.8325, time=10.5s
per-rank: rank0[cuda0,share=0.3791,tput=2.13] rank1[cuda1,share=0.3121,tput=5.00] rank2[cuda2,share=0.3088,tput=2.78]
epoch 67: eval=0.7931
epoch 68: loss=0.492030, train_acc=0.8310, time=10.0s
per-rank: rank0[cuda0,share=0.3831,tput=3.39] rank1[cuda1,share=0.3109,tput=2.36] rank2[cuda2,share=0.3060,tput=2.96]
epoch 68: eval=0.8181
epoch 69: loss=0.494071, train_acc=0.8293, time=9.7s
per-rank: rank0[cuda0,share=0.3871,tput=3.18] rank1[cuda1,share=0.3097,tput=2.30] rank2[cuda2,share=0.3033,tput=3.23]
epoch 69: eval=0.7982
epoch 70: loss=0.498078, train_acc=0.8293, time=11.7s
per-rank: rank0[cuda0,share=0.3910,tput=2.12] rank1[cuda1,share=0.3084,tput=2.71] rank2[cuda2,share=0.3005,tput=5.62]
epoch 70: eval=0.7973
epoch 71: loss=0.488671, train_acc=0.8319, time=10.8s
per-rank: rank0[cuda0,share=0.3957,tput=2.54] rank1[cuda1,share=0.3059,tput=3.31] rank2[cuda2,share=0.2984,tput=2.50]
epoch 71: eval=0.7955
epoch 72: loss=0.493323, train_acc=0.8302, time=9.5s
per-rank: rank0[cuda0,share=0.4003,tput=3.34] rank1[cuda1,share=0.3034,tput=2.66] rank2[cuda2,share=0.2962,tput=2.69]
epoch 72: eval=0.7946
epoch 73: loss=0.488906, train_acc=0.8343, time=9.7s
per-rank: rank0[cuda0,share=0.4050,tput=2.00] rank1[cuda1,share=0.3009,tput=2.47] rank2[cuda2,share=0.2941,tput=5.38]
epoch 73: eval=0.7861
epoch 74: loss=0.488588, train_acc=0.8329, time=9.7s
per-rank: rank0[cuda0,share=0.4083,tput=3.62] rank1[cuda1,share=0.2991,tput=4.36] rank2[cuda2,share=0.2926,tput=2.23]
epoch 74: eval=0.8047
epoch 75: loss=0.477783, train_acc=0.8349, time=9.6s
per-rank: rank0[cuda0,share=0.4116,tput=2.37] rank1[cuda1,share=0.2973,tput=4.69] rank2[cuda2,share=0.2911,tput=2.41]
epoch 75: eval=0.7806
epoch 76: loss=0.493642, train_acc=0.8308, time=11.9s
per-rank: rank0[cuda0,share=0.4141,tput=2.02] rank1[cuda1,share=0.2966,tput=2.97] rank2[cuda2,share=0.2893,tput=4.96]
epoch 76: eval=0.7794
epoch 77: loss=0.491175, train_acc=0.8315, time=10.9s
per-rank: rank0[cuda0,share=0.4139,tput=2.21] rank1[cuda1,share=0.2953,tput=2.27] rank2[cuda2,share=0.2908,tput=3.97]
epoch 77: eval=0.7926
epoch 78: loss=0.482002, train_acc=0.8358, time=9.6s
per-rank: rank0[cuda0,share=0.4137,tput=3.41] rank1[cuda1,share=0.2940,tput=2.20] rank2[cuda2,share=0.2924,tput=3.08]
epoch 78: eval=0.8037
epoch 79: loss=0.481893, train_acc=0.8332, time=11.9s
per-rank: rank0[cuda0,share=0.4132,tput=2.04] rank2[cuda2,share=0.2956,tput=3.40] rank1[cuda1,share=0.2912,tput=4.53]
epoch 79: eval=0.8284
epoch 80: loss=0.483937, train_acc=0.8339, time=10.9s
per-rank: rank0[cuda0,share=0.4121,tput=2.42] rank2[cuda2,share=0.2967,tput=2.11] rank1[cuda1,share=0.2911,tput=4.04]
epoch 80: eval=0.8014
epoch 81: loss=0.488211, train_acc=0.8315, time=12.4s
per-rank: rank0[cuda0,share=0.4110,tput=1.96] rank2[cuda2,share=0.2979,tput=3.44] rank1[cuda1,share=0.2911,tput=4.28]
epoch 81: eval=0.7670
epoch 82: loss=0.478854, train_acc=0.8362, time=11.0s
per-rank: rank0[cuda0,share=0.4099,tput=2.43] rank2[cuda2,share=0.2990,tput=3.36] rank1[cuda1,share=0.2911,tput=2.71]
epoch 82: eval=0.7853
epoch 83: loss=0.488193, train_acc=0.8321, time=9.6s
per-rank: rank0[cuda0,share=0.4102,tput=2.50] rank2[cuda2,share=0.2994,tput=2.09] rank1[cuda1,share=0.2904,tput=5.47]
epoch 83: eval=0.7882
epoch 84: loss=0.481400, train_acc=0.8357, time=9.7s
per-rank: rank0[cuda0,share=0.4112,tput=3.37] rank2[cuda2,share=0.2987,tput=3.16] rank1[cuda1,share=0.2901,tput=2.08]
epoch 84: eval=0.8107
epoch 85: loss=0.480033, train_acc=0.8351, time=12.4s
per-rank: rank0[cuda0,share=0.4122,tput=2.02] rank2[cuda2,share=0.2979,tput=3.58] rank1[cuda1,share=0.2899,tput=4.39]
epoch 85: eval=0.8004
epoch 86: loss=0.491236, train_acc=0.8314, time=11.0s
per-rank: rank0[cuda0,share=0.4139,tput=2.31] rank2[cuda2,share=0.2975,tput=2.91] rank1[cuda1,share=0.2886,tput=3.23]
epoch 86: eval=0.8103
epoch 87: loss=0.474332, train_acc=0.8384, time=9.6s
per-rank: rank0[cuda0,share=0.4143,tput=2.25] rank2[cuda2,share=0.2977,tput=5.83] rank1[cuda1,share=0.2880,tput=2.18]
epoch 87: eval=0.8023
epoch 88: loss=0.476907, train_acc=0.8360, time=9.6s
per-rank: rank0[cuda0,share=0.4147,tput=4.22] rank2[cuda2,share=0.2979,tput=2.35] rank1[cuda1,share=0.2874,tput=3.31]
epoch 88: eval=0.8130
epoch 89: loss=0.474385, train_acc=0.8369, time=9.8s
per-rank: rank0[cuda0,share=0.4151,tput=3.40] rank2[cuda2,share=0.2981,tput=3.00] rank1[cuda1,share=0.2868,tput=2.11]
epoch 89: eval=0.8071
epoch 90: loss=0.483415, train_acc=0.8341, time=9.7s
per-rank: rank0[cuda0,share=0.4155,tput=2.28] rank2[cuda2,share=0.2984,tput=2.30] rank1[cuda1,share=0.2861,tput=5.42]
epoch 90: eval=0.7754
epoch 91: loss=0.472040, train_acc=0.8390, time=11.5s
per-rank: rank0[cuda0,share=0.4177,tput=2.16] rank2[cuda2,share=0.2966,tput=4.19] rank1[cuda1,share=0.2857,tput=3.48]
epoch 91: eval=0.7378
epoch 92: loss=0.472772, train_acc=0.8385, time=10.5s
per-rank: rank0[cuda0,share=0.4180,tput=2.16] rank2[cuda2,share=0.2969,tput=3.67] rank1[cuda1,share=0.2850,tput=2.54]
epoch 92: eval=0.8005
epoch 93: loss=0.485638, train_acc=0.8335, time=10.0s
per-rank: rank0[cuda0,share=0.4170,tput=1.89] rank2[cuda2,share=0.2980,tput=5.16] rank1[cuda1,share=0.2850,tput=2.64]
epoch 93: eval=0.7944
epoch 94: loss=0.477032, train_acc=0.8365, time=9.8s
per-rank: rank0[cuda0,share=0.4159,tput=2.98] rank2[cuda2,share=0.2991,tput=2.99] rank1[cuda1,share=0.2850,tput=2.62]
epoch 94: eval=0.7956
epoch 95: loss=0.473793, train_acc=0.8363, time=9.6s
per-rank: rank0[cuda0,share=0.4138,tput=2.46] rank2[cuda2,share=0.2994,tput=1.97] rank1[cuda1,share=0.2868,tput=5.82]
epoch 95: eval=0.6953
epoch 96: loss=0.468445, train_acc=0.8398, time=9.7s
per-rank: rank0[cuda0,share=0.4096,tput=1.96] rank2[cuda2,share=0.3000,tput=2.42] rank1[cuda1,share=0.2905,tput=5.59]
epoch 96: eval=0.7889
epoch 97: loss=0.475230, train_acc=0.8358, time=9.6s
per-rank: rank0[cuda0,share=0.4081,tput=3.68] rank2[cuda2,share=0.2991,tput=3.06] rank1[cuda1,share=0.2928,tput=2.19]
epoch 97: eval=0.7664
epoch 98: loss=0.474870, train_acc=0.8358, time=9.6s
per-rank: rank0[cuda0,share=0.4066,tput=2.96] rank2[cuda2,share=0.2982,tput=4.07] rank1[cuda1,share=0.2952,tput=2.50]
epoch 98: eval=0.7815
epoch 99: loss=0.462779, train_acc=0.8431, time=11.6s
per-rank: rank0[cuda0,share=0.4022,tput=2.05] rank1[cuda1,share=0.2991,tput=3.20] rank2[cuda2,share=0.2987,tput=4.58]
epoch 99: eval=0.7619
epoch 100: loss=0.395906, train_acc=0.8639, time=10.5s
per-rank: rank0[cuda0,share=0.4000,tput=2.27] rank1[cuda1,share=0.3011,tput=2.79] rank2[cuda2,share=0.2990,tput=3.35]
epoch 100: eval=0.8878
epoch 101: loss=0.266456, train_acc=0.9090, time=9.6s
per-rank: rank0[cuda0,share=0.3992,tput=3.36] rank1[cuda1,share=0.3023,tput=2.38] rank2[cuda2,share=0.2985,tput=2.97]
epoch 101: eval=0.8961
epoch 102: loss=0.243530, train_acc=0.9171, time=11.2s
per-rank: rank0[cuda0,share=0.3984,tput=2.14] rank1[cuda1,share=0.3053,tput=4.77] rank2[cuda2,share=0.2964,tput=2.94]
epoch 102: eval=0.8999
epoch 103: loss=0.236384, train_acc=0.9190, time=10.6s
per-rank: rank0[cuda0,share=0.3997,tput=2.40] rank1[cuda1,share=0.3063,tput=2.73] rank2[cuda2,share=0.2941,tput=3.04]
epoch 103: eval=0.8981
epoch 104: loss=0.225890, train_acc=0.9215, time=9.8s
per-rank: rank0[cuda0,share=0.4030,tput=2.54] rank1[cuda1,share=0.3070,tput=4.61] rank2[cuda2,share=0.2900,tput=2.21]
epoch 104: eval=0.9040
epoch 105: loss=0.220651, train_acc=0.9239, time=9.7s
per-rank: rank0[cuda0,share=0.4050,tput=2.72] rank1[cuda1,share=0.3067,tput=3.41] rank2[cuda2,share=0.2882,tput=2.41]
epoch 105: eval=0.9012
epoch 106: loss=0.212830, train_acc=0.9265, time=9.5s
per-rank: rank0[cuda0,share=0.4051,tput=3.10] rank1[cuda1,share=0.3075,tput=3.46] rank2[cuda2,share=0.2874,tput=2.19]
epoch 106: eval=0.9060
epoch 107: loss=0.209410, train_acc=0.9285, time=11.5s
per-rank: rank0[cuda0,share=0.4079,tput=2.09] rank1[cuda1,share=0.3061,tput=4.44] rank2[cuda2,share=0.2860,tput=3.40]
epoch 107: eval=0.9056
epoch 108: loss=0.205075, train_acc=0.9300, time=11.2s
per-rank: rank0[cuda0,share=0.4097,tput=2.85] rank1[cuda1,share=0.3056,tput=2.50] rank2[cuda2,share=0.2847,tput=3.17]
epoch 108: eval=0.9049
epoch 109: loss=0.203246, train_acc=0.9302, time=9.6s
per-rank: rank0[cuda0,share=0.4114,tput=2.44] rank1[cuda1,share=0.3051,tput=2.31] rank2[cuda2,share=0.2834,tput=5.25]
epoch 109: eval=0.9050
epoch 110: loss=0.195244, train_acc=0.9333, time=12.1s
per-rank: rank0[cuda0,share=0.4137,tput=2.05] rank1[cuda1,share=0.3032,tput=3.63] rank2[cuda2,share=0.2831,tput=4.32]
epoch 110: eval=0.9040
epoch 111: loss=0.194415, train_acc=0.9326, time=11.1s
per-rank: rank0[cuda0,share=0.4149,tput=2.13] rank1[cuda1,share=0.3022,tput=2.36] rank2[cuda2,share=0.2829,tput=3.93]
epoch 111: eval=0.9039
epoch 112: loss=0.191070, train_acc=0.9332, time=9.5s
per-rank: rank0[cuda0,share=0.4135,tput=3.58] rank1[cuda1,share=0.3012,tput=4.37] rank2[cuda2,share=0.2853,tput=2.42]
epoch 112: eval=0.9044
epoch 113: loss=0.187681, train_acc=0.9367, time=12.4s
per-rank: rank0[cuda0,share=0.4133,tput=2.01] rank1[cuda1,share=0.2999,tput=3.63] rank2[cuda2,share=0.2868,tput=5.21]
epoch 113: eval=0.9060
epoch 114: loss=0.187461, train_acc=0.9356, time=11.3s
per-rank: rank0[cuda0,share=0.4119,tput=2.33] rank1[cuda1,share=0.2997,tput=3.65] rank2[cuda2,share=0.2883,tput=2.46]
epoch 114: eval=0.9053
epoch 115: loss=0.181496, train_acc=0.9370, time=9.6s
per-rank: rank0[cuda0,share=0.4106,tput=3.16] rank1[cuda1,share=0.2995,tput=4.49] rank2[cuda2,share=0.2899,tput=2.31]
epoch 115: eval=0.9056
epoch 116: loss=0.179085, train_acc=0.9368, time=9.6s
per-rank: rank0[cuda0,share=0.4098,tput=2.56] rank1[cuda1,share=0.2970,tput=4.57] rank2[cuda2,share=0.2932,tput=2.25]
epoch 116: eval=0.9049
epoch 117: loss=0.181761, train_acc=0.9376, time=10.2s
per-rank: rank0[cuda0,share=0.4096,tput=2.65] rank2[cuda2,share=0.2956,tput=2.29] rank1[cuda1,share=0.2948,tput=3.60]
epoch 117: eval=0.9065
epoch 118: loss=0.174388, train_acc=0.9397, time=9.9s
per-rank: rank0[cuda0,share=0.4089,tput=3.65] rank2[cuda2,share=0.2961,tput=3.18] rank1[cuda1,share=0.2950,tput=2.46]
epoch 118: eval=0.9083
epoch 119: loss=0.175558, train_acc=0.9385, time=9.7s
per-rank: rank0[cuda0,share=0.4055,tput=2.62] rank2[cuda2,share=0.2990,tput=2.16] rank1[cuda1,share=0.2955,tput=3.77]
epoch 119: eval=0.9106
epoch 120: loss=0.171306, train_acc=0.9409, time=9.7s
per-rank: rank0[cuda0,share=0.4029,tput=3.65] rank2[cuda2,share=0.2990,tput=3.04] rank1[cuda1,share=0.2981,tput=2.05]
epoch 120: eval=0.9060
epoch 121: loss=0.165100, train_acc=0.9422, time=11.8s
per-rank: rank0[cuda0,share=0.4002,tput=1.99] rank1[cuda1,share=0.3009,tput=3.24] rank2[cuda2,share=0.2989,tput=4.64]
epoch 121: eval=0.9035
epoch 122: loss=0.166246, train_acc=0.9426, time=10.8s
per-rank: rank0[cuda0,share=0.3981,tput=2.30] rank1[cuda1,share=0.3018,tput=3.30] rank2[cuda2,share=0.3001,tput=2.55]
epoch 122: eval=0.9039
epoch 123: loss=0.166153, train_acc=0.9415, time=9.6s
per-rank: rank0[cuda0,share=0.3944,tput=2.53] rank1[cuda1,share=0.3042,tput=5.48] rank2[cuda2,share=0.3013,tput=1.96]
epoch 123: eval=0.9094
epoch 124: loss=0.166062, train_acc=0.9417, time=12.3s
per-rank: rank0[cuda0,share=0.3946,tput=1.97] rank1[cuda1,share=0.3057,tput=3.04] rank2[cuda2,share=0.2998,tput=5.49]
epoch 124: eval=0.9075
epoch 125: loss=0.159603, train_acc=0.9432, time=11.1s
per-rank: rank0[cuda0,share=0.3985,tput=2.23] rank1[cuda1,share=0.3025,tput=2.39] rank2[cuda2,share=0.2990,tput=3.89]
epoch 125: eval=0.9095
epoch 126: loss=0.162819, train_acc=0.9431, time=11.9s
per-rank: rank0[cuda0,share=0.4030,tput=1.99] rank2[cuda2,share=0.2988,tput=3.18] rank1[cuda1,share=0.2982,tput=4.54]
epoch 126: eval=0.9041
epoch 127: loss=0.157554, train_acc=0.9451, time=10.7s
per-rank: rank0[cuda0,share=0.4030,tput=2.21] rank2[cuda2,share=0.2988,tput=3.79] rank1[cuda1,share=0.2982,tput=2.64]
epoch 127: eval=0.8983
epoch 128: loss=0.159259, train_acc=0.9443, time=12.4s
per-rank: rank0[cuda0,share=0.3952,tput=1.91] rank2[cuda2,share=0.3029,tput=4.92] rank1[cuda1,share=0.3019,tput=3.44]
epoch 128: eval=0.9039
epoch 129: loss=0.155246, train_acc=0.9457, time=11.2s
per-rank: rank0[cuda0,share=0.3882,tput=2.58] rank2[cuda2,share=0.3067,tput=2.97] rank1[cuda1,share=0.3051,tput=2.66]
epoch 129: eval=0.9022
epoch 130: loss=0.157059, train_acc=0.9452, time=11.3s
per-rank: rank0[cuda0,share=0.3866,tput=2.00] rank1[cuda1,share=0.3093,tput=4.77] rank2[cuda2,share=0.3041,tput=2.79]
epoch 130: eval=0.9103
epoch 131: loss=0.152169, train_acc=0.9467, time=10.4s
per-rank: rank0[cuda0,share=0.3854,tput=2.63] rank1[cuda1,share=0.3116,tput=3.49] rank2[cuda2,share=0.3030,tput=2.46]
epoch 131: eval=0.9034
epoch 132: loss=0.151080, train_acc=0.9468, time=11.4s
per-rank: rank0[cuda0,share=0.3942,tput=2.14] rank1[cuda1,share=0.3094,tput=4.74] rank2[cuda2,share=0.2964,tput=3.21]
epoch 132: eval=0.9003
epoch 133: loss=0.153452, train_acc=0.9454, time=10.5s
per-rank: rank0[cuda0,share=0.4035,tput=2.49] rank1[cuda1,share=0.3049,tput=2.46] rank2[cuda2,share=0.2915,tput=3.56]
epoch 133: eval=0.9079
epoch 134: loss=0.151390, train_acc=0.9470, time=9.7s
per-rank: rank0[cuda0,share=0.4105,tput=2.99] rank1[cuda1,share=0.2995,tput=2.17] rank2[cuda2,share=0.2901,tput=3.39]
epoch 134: eval=0.9045
epoch 135: loss=0.151400, train_acc=0.9456, time=9.8s
per-rank: rank0[cuda0,share=0.4116,tput=2.41] rank1[cuda1,share=0.2955,tput=5.18] rank2[cuda2,share=0.2929,tput=2.19]
epoch 135: eval=0.9022
epoch 136: loss=0.149924, train_acc=0.9477, time=11.3s
per-rank: rank0[cuda0,share=0.4136,tput=2.23] rank2[cuda2,share=0.2963,tput=4.27] rank1[cuda1,share=0.2902,tput=3.64]
epoch 136: eval=0.8963
epoch 137: loss=0.156992, train_acc=0.9451, time=10.1s
per-rank: rank0[cuda0,share=0.4136,tput=2.59] rank2[cuda2,share=0.2963,tput=3.12] rank1[cuda1,share=0.2902,tput=2.78]
epoch 137: eval=0.9035
epoch 138: loss=0.156186, train_acc=0.9450, time=12.3s
per-rank: rank0[cuda0,share=0.4123,tput=1.97] rank2[cuda2,share=0.2967,tput=3.78] rank1[cuda1,share=0.2910,tput=4.18]
epoch 138: eval=0.9059
epoch 139: loss=0.157971, train_acc=0.9458, time=11.1s
per-rank: rank0[cuda0,share=0.4123,tput=2.44] rank2[cuda2,share=0.2967,tput=2.11] rank1[cuda1,share=0.2910,tput=4.29]
epoch 139: eval=0.8964
epoch 140: loss=0.157128, train_acc=0.9443, time=11.9s
per-rank: rank0[cuda0,share=0.4125,tput=2.01] rank2[cuda2,share=0.2960,tput=3.27] rank1[cuda1,share=0.2915,tput=4.47]
epoch 140: eval=0.9002
epoch 141: loss=0.155728, train_acc=0.9447, time=10.6s
per-rank: rank0[cuda0,share=0.4128,tput=2.48] rank2[cuda2,share=0.2947,tput=3.87] rank1[cuda1,share=0.2925,tput=2.48]
epoch 141: eval=0.8993
epoch 142: loss=0.156895, train_acc=0.9440, time=9.7s
per-rank: rank0[cuda0,share=0.4130,tput=2.02] rank2[cuda2,share=0.2936,tput=2.56] rank1[cuda1,share=0.2934,tput=5.05]
epoch 142: eval=0.9018
epoch 143: loss=0.157851, train_acc=0.9452, time=12.7s
per-rank: rank0[cuda0,share=0.4112,tput=1.95] rank1[cuda1,share=0.2957,tput=4.34] rank2[cuda2,share=0.2931,tput=3.43]
epoch 143: eval=0.8965
epoch 144: loss=0.155005, train_acc=0.9465, time=11.0s
per-rank: rank0[cuda0,share=0.4107,tput=2.35] rank1[cuda1,share=0.2951,tput=2.30] rank2[cuda2,share=0.2942,tput=4.05]
epoch 144: eval=0.9036
epoch 145: loss=0.152958, train_acc=0.9457, time=11.7s
per-rank: rank0[cuda0,share=0.4086,tput=2.14] rank1[cuda1,share=0.2958,tput=5.64] rank2[cuda2,share=0.2956,tput=3.05]
epoch 145: eval=0.9007
epoch 146: loss=0.153479, train_acc=0.9455, time=10.8s
per-rank: rank0[cuda0,share=0.4065,tput=2.89] rank2[cuda2,share=0.2968,tput=3.23] rank1[cuda1,share=0.2967,tput=2.17]
epoch 146: eval=0.9078
epoch 147: loss=0.149992, train_acc=0.9472, time=9.7s
per-rank: rank0[cuda0,share=0.4051,tput=3.68] rank1[cuda1,share=0.2981,tput=2.73] rank2[cuda2,share=0.2969,tput=2.22]
epoch 147: eval=0.8995
epoch 148: loss=0.155244, train_acc=0.9446, time=12.0s
per-rank: rank0[cuda0,share=0.4036,tput=1.97] rank1[cuda1,share=0.2995,tput=4.60] rank2[cuda2,share=0.2969,tput=3.01]
epoch 148: eval=0.9062
epoch 149: loss=0.156482, train_acc=0.9443, time=10.7s
per-rank: rank0[cuda0,share=0.4033,tput=2.24] rank1[cuda1,share=0.2989,tput=2.71] rank2[cuda2,share=0.2978,tput=3.53]
epoch 149: eval=0.9001
epoch 150: loss=0.124575, train_acc=0.9568, time=11.6s
per-rank: rank0[cuda0,share=0.4017,tput=2.02] rank2[cuda2,share=0.2994,tput=4.33] rank1[cuda1,share=0.2989,tput=3.68]
epoch 150: eval=0.9192
epoch 151: loss=0.101874, train_acc=0.9660, time=10.7s
per-rank: rank0[cuda0,share=0.3999,tput=2.47] rank2[cuda2,share=0.3010,tput=3.09] rank1[cuda1,share=0.2990,tput=2.79]
epoch 151: eval=0.9196
epoch 152: loss=0.096766, train_acc=0.9677, time=9.7s
per-rank: rank0[cuda0,share=0.3982,tput=2.45] rank2[cuda2,share=0.3027,tput=4.92] rank1[cuda1,share=0.2991,tput=2.25]
epoch 152: eval=0.9164
epoch 153: loss=0.095503, train_acc=0.9673, time=11.5s
per-rank: rank0[cuda0,share=0.3986,tput=2.07] rank2[cuda2,share=0.3033,tput=3.11] rank1[cuda1,share=0.2981,tput=4.76]
epoch 153: eval=0.9176
epoch 154: loss=0.093918, train_acc=0.9680, time=10.6s
per-rank: rank0[cuda0,share=0.3977,tput=2.64] rank2[cuda2,share=0.3029,tput=3.67] rank1[cuda1,share=0.2994,tput=2.17]
epoch 154: eval=0.9178
epoch 155: loss=0.091369, train_acc=0.9701, time=9.6s
per-rank: rank0[cuda0,share=0.3983,tput=2.27] rank2[cuda2,share=0.3017,tput=5.33] rank1[cuda1,share=0.3000,tput=2.30]
epoch 155: eval=0.9181
epoch 156: loss=0.088638, train_acc=0.9701, time=11.7s
per-rank: rank0[cuda0,share=0.3997,tput=2.00] rank2[cuda2,share=0.3010,tput=4.27] rank1[cuda1,share=0.2994,tput=3.39]
epoch 156: eval=0.9198
epoch 157: loss=0.087270, train_acc=0.9707, time=10.6s
per-rank: rank0[cuda0,share=0.4010,tput=2.90] rank2[cuda2,share=0.3003,tput=3.03] rank1[cuda1,share=0.2987,tput=2.61]
epoch 157: eval=0.9194
epoch 158: loss=0.086204, train_acc=0.9715, time=9.6s
per-rank: rank0[cuda0,share=0.4022,tput=4.48] rank2[cuda2,share=0.2997,tput=2.07] rank1[cuda1,share=0.2981,tput=3.30]
epoch 158: eval=0.9193
epoch 159: loss=0.084908, train_acc=0.9716, time=11.9s
per-rank: rank0[cuda0,share=0.4035,tput=2.06] rank2[cuda2,share=0.2990,tput=3.35] rank1[cuda1,share=0.2974,tput=4.71]
epoch 159: eval=0.9177
epoch 160: loss=0.083917, train_acc=0.9725, time=11.0s
per-rank: rank0[cuda0,share=0.4043,tput=2.52] rank2[cuda2,share=0.2980,tput=2.98] rank1[cuda1,share=0.2978,tput=2.75]
epoch 160: eval=0.9197
epoch 161: loss=0.086104, train_acc=0.9711, time=11.7s
per-rank: rank0[cuda0,share=0.4066,tput=2.05] rank1[cuda1,share=0.2973,tput=3.37] rank2[cuda2,share=0.2961,tput=4.54]
epoch 161: eval=0.9194
epoch 162: loss=0.082286, train_acc=0.9724, time=11.0s
per-rank: rank0[cuda0,share=0.4089,tput=2.36] rank1[cuda1,share=0.2969,tput=2.23] rank2[cuda2,share=0.2942,tput=3.85]
epoch 162: eval=0.9186
epoch 163: loss=0.084096, train_acc=0.9716, time=9.7s
per-rank: rank0[cuda0,share=0.4104,tput=3.47] rank1[cuda1,share=0.2959,tput=1.98] rank2[cuda2,share=0.2937,tput=5.12]
epoch 163: eval=0.9178
epoch 164: loss=0.083805, train_acc=0.9715, time=9.7s
per-rank: rank0[cuda0,share=0.4104,tput=1.88] rank1[cuda1,share=0.2959,tput=2.58] rank2[cuda2,share=0.2937,tput=5.42]
epoch 164: eval=0.9185
epoch 165: loss=0.080726, train_acc=0.9727, time=11.9s
per-rank: rank0[cuda0,share=0.4117,tput=2.07] rank1[cuda1,share=0.2948,tput=3.54] rank2[cuda2,share=0.2935,tput=4.43]
epoch 165: eval=0.9182
epoch 166: loss=0.081770, train_acc=0.9726, time=11.6s
per-rank: rank0[cuda0,share=0.4122,tput=2.87] rank1[cuda1,share=0.2950,tput=3.06] rank2[cuda2,share=0.2927,tput=2.60]
epoch 166: eval=0.9176
epoch 167: loss=0.080738, train_acc=0.9726, time=9.5s
per-rank: rank0[cuda0,share=0.4121,tput=3.43] rank1[cuda1,share=0.2948,tput=3.13] rank2[cuda2,share=0.2931,tput=2.28]
epoch 167: eval=0.9172
epoch 168: loss=0.081485, train_acc=0.9730, time=11.7s
per-rank: rank0[cuda0,share=0.4119,tput=2.10] rank1[cuda1,share=0.2945,tput=3.07] rank2[cuda2,share=0.2935,tput=5.02]
epoch 168: eval=0.9177
epoch 169: loss=0.078149, train_acc=0.9744, time=11.0s
per-rank: rank0[cuda0,share=0.4118,tput=2.44] rank1[cuda1,share=0.2943,tput=3.46] rank2[cuda2,share=0.2940,tput=2.45]
epoch 169: eval=0.9181
epoch 170: loss=0.080296, train_acc=0.9728, time=12.8s
per-rank: rank0[cuda0,share=0.4122,tput=1.88] rank2[cuda2,share=0.2948,tput=3.43] rank1[cuda1,share=0.2930,tput=4.67]
epoch 170: eval=0.9179
epoch 171: loss=0.077262, train_acc=0.9742, time=11.5s
per-rank: rank0[cuda0,share=0.4095,tput=1.94] rank2[cuda2,share=0.2973,tput=2.63] rank1[cuda1,share=0.2932,tput=3.88]
epoch 171: eval=0.9174
epoch 172: loss=0.079285, train_acc=0.9737, time=9.7s
per-rank: rank0[cuda0,share=0.4067,tput=3.17] rank2[cuda2,share=0.2999,tput=2.02] rank1[cuda1,share=0.2935,tput=3.70]
epoch 172: eval=0.9184
epoch 173: loss=0.076150, train_acc=0.9748, time=11.7s
per-rank: rank0[cuda0,share=0.4048,tput=2.06] rank2[cuda2,share=0.3009,tput=3.11] rank1[cuda1,share=0.2943,tput=4.76]
epoch 173: eval=0.9173
epoch 174: loss=0.077177, train_acc=0.9738, time=10.7s
per-rank: rank0[cuda0,share=0.4029,tput=2.32] rank2[cuda2,share=0.3020,tput=3.48] rank1[cuda1,share=0.2951,tput=2.56]
epoch 174: eval=0.9175
epoch 175: loss=0.075645, train_acc=0.9745, time=9.6s
per-rank: rank0[cuda0,share=0.4033,tput=1.98] rank2[cuda2,share=0.3011,tput=2.35] rank1[cuda1,share=0.2956,tput=5.70]
epoch 175: eval=0.9185
epoch 176: loss=0.077217, train_acc=0.9746, time=12.1s
per-rank: rank0[cuda0,share=0.4000,tput=1.96] rank2[cuda2,share=0.3012,tput=4.58] rank1[cuda1,share=0.2988,tput=3.54]
epoch 176: eval=0.9179
epoch 177: loss=0.076152, train_acc=0.9736, time=11.4s
per-rank: rank0[cuda0,share=0.3976,tput=2.08] rank2[cuda2,share=0.3016,tput=2.39] rank1[cuda1,share=0.3008,tput=3.98]
epoch 177: eval=0.9184
epoch 178: loss=0.076355, train_acc=0.9740, time=11.1s
per-rank: rank0[cuda0,share=0.3952,tput=2.66] rank1[cuda1,share=0.3029,tput=1.86] rank2[cuda2,share=0.3020,tput=3.68]
epoch 178: eval=0.9192
epoch 179: loss=0.073309, train_acc=0.9750, time=9.5s
per-rank: rank0[cuda0,share=0.3927,tput=2.97] rank1[cuda1,share=0.3049,tput=3.59] rank2[cuda2,share=0.3024,tput=2.23]
epoch 179: eval=0.9185
epoch 180: loss=0.074751, train_acc=0.9752, time=11.5s
per-rank: rank0[cuda0,share=0.3919,tput=2.00] rank1[cuda1,share=0.3062,tput=3.29] rank2[cuda2,share=0.3019,tput=4.82]
epoch 180: eval=0.9188
epoch 181: loss=0.076701, train_acc=0.9738, time=11.2s
per-rank: rank0[cuda0,share=0.3911,tput=3.03] rank1[cuda1,share=0.3074,tput=2.18] rank2[cuda2,share=0.3015,tput=3.50]
epoch 181: eval=0.9186
epoch 182: loss=0.075040, train_acc=0.9744, time=9.9s
per-rank: rank0[cuda0,share=0.3912,tput=2.18] rank1[cuda1,share=0.3071,tput=2.26] rank2[cuda2,share=0.3017,tput=4.98]
epoch 182: eval=0.9154
epoch 183: loss=0.074117, train_acc=0.9748, time=10.8s
per-rank: rank0[cuda0,share=0.3919,tput=2.20] rank1[cuda1,share=0.3071,tput=3.12] rank2[cuda2,share=0.3010,tput=4.68]
epoch 183: eval=0.9170
epoch 184: loss=0.074252, train_acc=0.9747, time=10.2s
per-rank: rank0[cuda0,share=0.3928,tput=2.86] rank1[cuda1,share=0.3053,tput=2.24] rank2[cuda2,share=0.3019,tput=3.63]
epoch 184: eval=0.9174
epoch 185: loss=0.073705, train_acc=0.9752, time=9.5s
per-rank: rank0[cuda0,share=0.3952,tput=2.09] rank1[cuda1,share=0.3028,tput=6.28] rank2[cuda2,share=0.3020,tput=2.14]
epoch 185: eval=0.9174
epoch 186: loss=0.073138, train_acc=0.9753, time=9.9s
per-rank: rank0[cuda0,share=0.3977,tput=2.71] rank2[cuda2,share=0.3021,tput=3.04] rank1[cuda1,share=0.3002,tput=2.57]
epoch 186: eval=0.9185
epoch 187: loss=0.072477, train_acc=0.9749, time=12.2s
per-rank: rank0[cuda0,share=0.4011,tput=2.04] rank2[cuda2,share=0.3032,tput=4.85] rank1[cuda1,share=0.2957,tput=3.28]
epoch 187: eval=0.9171
epoch 188: loss=0.071985, train_acc=0.9757, time=11.1s
per-rank: rank0[cuda0,share=0.4021,tput=2.47] rank2[cuda2,share=0.3041,tput=2.43] rank1[cuda1,share=0.2938,tput=3.68]
epoch 188: eval=0.9178
epoch 189: loss=0.071932, train_acc=0.9760, time=9.5s
per-rank: rank0[cuda0,share=0.4038,tput=3.83] rank2[cuda2,share=0.3039,tput=2.10] rank1[cuda1,share=0.2923,tput=2.90]
epoch 189: eval=0.9158
epoch 190: loss=0.073264, train_acc=0.9754, time=9.8s
per-rank: rank0[cuda0,share=0.4057,tput=2.91] rank2[cuda2,share=0.3024,tput=3.15] rank1[cuda1,share=0.2919,tput=2.35]
epoch 190: eval=0.9173
epoch 191: loss=0.070308, train_acc=0.9764, time=9.6s
per-rank: rank0[cuda0,share=0.4069,tput=2.22] rank2[cuda2,share=0.3021,tput=2.06] rank1[cuda1,share=0.2910,tput=6.00]
epoch 191: eval=0.9186
epoch 192: loss=0.070694, train_acc=0.9763, time=12.2s
per-rank: rank0[cuda0,share=0.4084,tput=1.99] rank2[cuda2,share=0.3009,tput=3.13] rank1[cuda1,share=0.2907,tput=4.88]
epoch 192: eval=0.9158
epoch 193: loss=0.070417, train_acc=0.9762, time=11.7s
per-rank: rank0[cuda0,share=0.4087,tput=2.40] rank2[cuda2,share=0.2999,tput=2.85] rank1[cuda1,share=0.2914,tput=2.42]
epoch 193: eval=0.9179
epoch 194: loss=0.069604, train_acc=0.9767, time=9.8s
per-rank: rank0[cuda0,share=0.4090,tput=2.31] rank2[cuda2,share=0.2990,tput=4.31] rank1[cuda1,share=0.2920,tput=2.65]
epoch 194: eval=0.9186
epoch 195: loss=0.068165, train_acc=0.9776, time=13.4s
per-rank: rank0[cuda0,share=0.4104,tput=1.83] rank2[cuda2,share=0.2958,tput=4.76] rank1[cuda1,share=0.2938,tput=3.44]
epoch 195: eval=0.9172
epoch 196: loss=0.067507, train_acc=0.9777, time=12.1s
per-rank: rank0[cuda0,share=0.4115,tput=1.96] rank1[cuda1,share=0.2948,tput=3.39] rank2[cuda2,share=0.2936,tput=2.46]
epoch 196: eval=0.9194
epoch 197: loss=0.069823, train_acc=0.9764, time=9.4s
per-rank: rank0[cuda0,share=0.4097,tput=2.73] rank1[cuda1,share=0.2966,tput=2.49] rank2[cuda2,share=0.2937,tput=3.63]
epoch 197: eval=0.9180
epoch 198: loss=0.070014, train_acc=0.9762, time=9.4s
per-rank: rank0[cuda0,share=0.4072,tput=2.65] rank1[cuda1,share=0.2979,tput=4.85] rank2[cuda2,share=0.2949,tput=2.18]
epoch 198: eval=0.9170
epoch 199: loss=0.068859, train_acc=0.9770, time=9.2s
per-rank: rank0[cuda0,share=0.4021,tput=2.72] rank1[cuda1,share=0.3004,tput=2.18] rank2[cuda2,share=0.2974,tput=5.56]
final eval=0.9186
# total: 1929.3s (32m 9s)
