# gpu0: NVIDIA GeForce RTX 5060 Ti (15GB, sm_120)
# gpu1: NVIDIA GeForce GTX 1060 6GB (5GB, sm_61)
# gpu2: NVIDIA GeForce GTX 1060 6GB (5GB, sm_61)
epoch 0: loss=1.945006, train_acc=0.2623, time=10.2s
per-rank: rank0[cuda0,share=0.3918,tput=3.58] rank1[cuda1,share=0.3265,tput=4.48] rank2[cuda2,share=0.2818,tput=2.40]
epoch 0: eval=0.3274
epoch 1: loss=1.660076, train_acc=0.3794, time=9.5s
per-rank: rank0[cuda0,share=0.4340,tput=3.61] rank1[cuda1,share=0.2948,tput=2.14] rank2[cuda2,share=0.2712,tput=3.46]
epoch 1: eval=0.4523
epoch 2: loss=1.471940, train_acc=0.4633, time=9.4s
per-rank: rank0[cuda0,share=0.4423,tput=2.31] rank1[cuda1,share=0.2812,tput=2.27] rank2[cuda2,share=0.2764,tput=6.47]
epoch 2: eval=0.4779
epoch 3: loss=1.287811, train_acc=0.5371, time=9.3s
per-rank: rank0[cuda0,share=0.4279,tput=2.22] rank2[cuda2,share=0.2980,tput=6.74] rank1[cuda1,share=0.2741,tput=2.29]
epoch 3: eval=0.4554
epoch 4: loss=1.155816, train_acc=0.5888, time=11.3s
per-rank: rank0[cuda0,share=0.4194,tput=2.25] rank2[cuda2,share=0.2939,tput=5.03] rank1[cuda1,share=0.2867,tput=3.30]
epoch 4: eval=0.5668
epoch 5: loss=1.060289, train_acc=0.6241, time=10.6s
per-rank: rank0[cuda0,share=0.4342,tput=2.46] rank2[cuda2,share=0.2887,tput=2.91] rank1[cuda1,share=0.2771,tput=2.97]
epoch 5: eval=0.5963
epoch 6: loss=0.964180, train_acc=0.6574, time=13.1s
per-rank: rank0[cuda0,share=0.3806,tput=2.00] rank1[cuda1,share=0.3202,tput=3.99] rank2[cuda2,share=0.2992,tput=4.63]
epoch 6: eval=0.5407
epoch 7: loss=0.889302, train_acc=0.6853, time=11.9s
per-rank: rank0[cuda0,share=0.3922,tput=2.10] rank1[cuda1,share=0.3153,tput=3.90] rank2[cuda2,share=0.2926,tput=2.43]
epoch 7: eval=0.6866
epoch 8: loss=0.826032, train_acc=0.7114, time=9.7s
per-rank: rank0[cuda0,share=0.4012,tput=2.90] rank1[cuda1,share=0.3006,tput=2.63] rank2[cuda2,share=0.2981,tput=3.25]
epoch 8: eval=0.7170
epoch 9: loss=0.778531, train_acc=0.7305, time=11.9s
per-rank: rank0[cuda0,share=0.4182,tput=2.11] rank1[cuda1,share=0.2951,tput=4.85] rank2[cuda2,share=0.2867,tput=3.20]
epoch 9: eval=0.7304
epoch 10: loss=0.738477, train_acc=0.7435, time=10.7s
per-rank: rank0[cuda0,share=0.4121,tput=2.39] rank2[cuda2,share=0.2958,tput=2.98] rank1[cuda1,share=0.2921,tput=3.26]
epoch 10: eval=0.7036
epoch 11: loss=0.705456, train_acc=0.7552, time=10.5s
per-rank: rank0[cuda0,share=0.4041,tput=3.07] rank1[cuda1,share=0.3058,tput=2.66] rank2[cuda2,share=0.2902,tput=2.41]
epoch 11: eval=0.6816
epoch 12: loss=0.683737, train_acc=0.7625, time=9.7s
per-rank: rank0[cuda0,share=0.3804,tput=2.80] rank1[cuda1,share=0.3129,tput=2.41] rank2[cuda2,share=0.3067,tput=3.86]
epoch 12: eval=0.7300
epoch 13: loss=0.657567, train_acc=0.7724, time=9.5s
per-rank: rank0[cuda0,share=0.3568,tput=2.34] rank1[cuda1,share=0.3291,tput=2.68] rank2[cuda2,share=0.3141,tput=4.70]
epoch 13: eval=0.7652
epoch 14: loss=0.642212, train_acc=0.7800, time=11.7s
per-rank: rank0[cuda0,share=0.3735,tput=1.95] rank1[cuda1,share=0.3262,tput=3.52] rank2[cuda2,share=0.3002,tput=4.78]
epoch 14: eval=0.7212
epoch 15: loss=0.629563, train_acc=0.7819, time=11.0s
per-rank: rank0[cuda0,share=0.3931,tput=2.85] rank1[cuda1,share=0.3145,tput=2.52] rank2[cuda2,share=0.2924,tput=3.00]
epoch 15: eval=0.7343
epoch 16: loss=0.615131, train_acc=0.7877, time=9.5s
per-rank: rank0[cuda0,share=0.4195,tput=2.36] rank1[cuda1,share=0.3036,tput=5.93] rank2[cuda2,share=0.2769,tput=2.08]
epoch 16: eval=0.7189
epoch 17: loss=0.597635, train_acc=0.7935, time=13.1s
per-rank: rank0[cuda0,share=0.4140,tput=2.00] rank1[cuda1,share=0.2994,tput=3.75] rank2[cuda2,share=0.2866,tput=5.22]
epoch 17: eval=0.7185
epoch 18: loss=0.587862, train_acc=0.7972, time=11.6s
per-rank: rank0[cuda0,share=0.3956,tput=2.15] rank1[cuda1,share=0.3044,tput=2.94] rank2[cuda2,share=0.3000,tput=4.10]
epoch 18: eval=0.6593
epoch 19: loss=0.576410, train_acc=0.8026, time=9.5s
per-rank: rank0[cuda0,share=0.4048,tput=3.74] rank1[cuda1,share=0.3014,tput=3.55] rank2[cuda2,share=0.2938,tput=2.18]
epoch 19: eval=0.7141
epoch 20: loss=0.563930, train_acc=0.8043, time=12.0s
per-rank: rank0[cuda0,share=0.4187,tput=2.16] rank2[cuda2,share=0.3036,tput=3.78] rank1[cuda1,share=0.2777,tput=4.85]
epoch 20: eval=0.7311
epoch 21: loss=0.565063, train_acc=0.8053, time=11.0s
per-rank: rank0[cuda0,share=0.4217,tput=2.08] rank2[cuda2,share=0.2985,tput=3.29] rank1[cuda1,share=0.2797,tput=2.93]
epoch 21: eval=0.8029
epoch 22: loss=0.546873, train_acc=0.8147, time=9.3s
per-rank: rank0[cuda0,share=0.4128,tput=3.17] rank1[cuda1,share=0.2979,tput=3.35] rank2[cuda2,share=0.2894,tput=2.48]
epoch 22: eval=0.7850
epoch 23: loss=0.540386, train_acc=0.8151, time=12.0s
per-rank: rank0[cuda0,share=0.3877,tput=2.01] rank1[cuda1,share=0.3106,tput=3.54] rank2[cuda2,share=0.3018,tput=4.77]
epoch 23: eval=0.7436
epoch 24: loss=0.535882, train_acc=0.8150, time=10.9s
per-rank: rank0[cuda0,share=0.3963,tput=2.66] rank1[cuda1,share=0.3093,tput=3.89] rank2[cuda2,share=0.2943,tput=2.31]
epoch 24: eval=0.8036
epoch 25: loss=0.539147, train_acc=0.8145, time=9.5s
per-rank: rank0[cuda0,share=0.4104,tput=2.88] rank2[cuda2,share=0.2969,tput=3.59] rank1[cuda1,share=0.2927,tput=2.33]
epoch 25: eval=0.7997
epoch 26: loss=0.530342, train_acc=0.8170, time=9.4s
per-rank: rank0[cuda0,share=0.4102,tput=2.48] rank2[cuda2,share=0.3047,tput=5.08] rank1[cuda1,share=0.2851,tput=2.44]
epoch 26: eval=0.7940
epoch 27: loss=0.520672, train_acc=0.8218, time=12.2s
per-rank: rank0[cuda0,share=0.4051,tput=2.10] rank1[cuda1,share=0.2996,tput=5.25] rank2[cuda2,share=0.2954,tput=3.53]
epoch 27: eval=0.7641
epoch 28: loss=0.513158, train_acc=0.8221, time=10.9s
per-rank: rank0[cuda0,share=0.4038,tput=2.55] rank1[cuda1,share=0.3002,tput=2.85] rank2[cuda2,share=0.2960,tput=3.52]
epoch 28: eval=0.7977
epoch 29: loss=0.517463, train_acc=0.8206, time=11.5s
per-rank: rank0[cuda0,share=0.4248,tput=2.25] rank1[cuda1,share=0.2946,tput=3.75] rank2[cuda2,share=0.2806,tput=4.61]
epoch 29: eval=0.7977
epoch 30: loss=0.506018, train_acc=0.8259, time=10.6s
per-rank: rank0[cuda0,share=0.4199,tput=2.16] rank1[cuda1,share=0.2981,tput=2.76] rank2[cuda2,share=0.2820,tput=3.76]
epoch 30: eval=0.7535
epoch 31: loss=0.498244, train_acc=0.8266, time=9.4s
per-rank: rank0[cuda0,share=0.4020,tput=3.24] rank2[cuda2,share=0.3034,tput=3.38] rank1[cuda1,share=0.2947,tput=2.32]
epoch 31: eval=0.7590
epoch 32: loss=0.499678, train_acc=0.8287, time=11.5s
per-rank: rank0[cuda0,share=0.4216,tput=2.21] rank1[cuda1,share=0.2952,tput=4.01] rank2[cuda2,share=0.2831,tput=4.26]
epoch 32: eval=0.7490
epoch 33: loss=0.493192, train_acc=0.8295, time=10.6s
per-rank: rank0[cuda0,share=0.4204,tput=2.54] rank1[cuda1,share=0.3027,tput=3.00] rank2[cuda2,share=0.2770,tput=3.40]
epoch 33: eval=0.8052
epoch 34: loss=0.497494, train_acc=0.8282, time=9.3s
per-rank: rank0[cuda0,share=0.4145,tput=3.56] rank1[cuda1,share=0.3038,tput=2.60] rank2[cuda2,share=0.2817,tput=4.45]
epoch 34: eval=0.8251
epoch 35: loss=0.489574, train_acc=0.8328, time=9.3s
per-rank: rank0[cuda0,share=0.3951,tput=2.92] rank1[cuda1,share=0.3067,tput=2.39] rank2[cuda2,share=0.2982,tput=3.58]
epoch 35: eval=0.7727
epoch 36: loss=0.481089, train_acc=0.8339, time=9.5s
per-rank: rank0[cuda0,share=0.3757,tput=1.96] rank1[cuda1,share=0.3122,tput=2.46] rank2[cuda2,share=0.3122,tput=6.11]
epoch 36: eval=0.6666
epoch 37: loss=0.482590, train_acc=0.8343, time=9.4s
per-rank: rank0[cuda0,share=0.3931,tput=4.12] rank2[cuda2,share=0.3101,tput=2.15] rank1[cuda1,share=0.2968,tput=3.93]
epoch 37: eval=0.7794
epoch 38: loss=0.479290, train_acc=0.8333, time=9.4s
per-rank: rank0[cuda0,share=0.4329,tput=3.35] rank2[cuda2,share=0.2846,tput=2.20] rank1[cuda1,share=0.2825,tput=5.84]
epoch 38: eval=0.7992
epoch 39: loss=0.475052, train_acc=0.8358, time=9.5s
per-rank: rank0[cuda0,share=0.4236,tput=2.51] rank1[cuda1,share=0.2912,tput=4.72] rank2[cuda2,share=0.2851,tput=2.52]
epoch 39: eval=0.7930
epoch 40: loss=0.480474, train_acc=0.8359, time=12.1s
per-rank: rank0[cuda0,share=0.4229,tput=2.16] rank2[cuda2,share=0.2945,tput=4.78] rank1[cuda1,share=0.2826,tput=3.79]
epoch 40: eval=0.8123
epoch 41: loss=0.471716, train_acc=0.8376, time=11.5s
per-rank: rank0[cuda0,share=0.4133,tput=2.04] rank2[cuda2,share=0.2993,tput=2.84] rank1[cuda1,share=0.2874,tput=3.65]
epoch 41: eval=0.7403
epoch 42: loss=0.473065, train_acc=0.8393, time=9.7s
per-rank: rank0[cuda0,share=0.3968,tput=3.03] rank2[cuda2,share=0.3097,tput=2.44] rank1[cuda1,share=0.2935,tput=3.32]
epoch 42: eval=0.7777
epoch 43: loss=0.463473, train_acc=0.8411, time=11.8s
per-rank: rank0[cuda0,share=0.3785,tput=2.04] rank2[cuda2,share=0.3191,tput=3.42] rank1[cuda1,share=0.3024,tput=4.89]
epoch 43: eval=0.7634
epoch 44: loss=0.504584, train_acc=0.8261, time=10.9s
per-rank: rank0[cuda0,share=0.3915,tput=3.33] rank2[cuda2,share=0.3089,tput=3.14] rank1[cuda1,share=0.2996,tput=2.46]
epoch 44: eval=0.7643
epoch 45: loss=0.533349, train_acc=0.8166, time=11.9s
per-rank: rank0[cuda0,share=0.4044,tput=2.08] rank2[cuda2,share=0.3011,tput=5.06] rank1[cuda1,share=0.2945,tput=3.75]
epoch 45: eval=0.7546
epoch 46: loss=0.521266, train_acc=0.8200, time=11.4s
per-rank: rank0[cuda0,share=0.4117,tput=2.00] rank2[cuda2,share=0.2968,tput=3.56] rank1[cuda1,share=0.2915,tput=3.13]
epoch 46: eval=0.7962
epoch 47: loss=0.518130, train_acc=0.8219, time=9.6s
per-rank: rank0[cuda0,share=0.4137,tput=2.36] rank2[cuda2,share=0.2953,tput=3.35] rank1[cuda1,share=0.2910,tput=2.81]
epoch 47: eval=0.8152
epoch 48: loss=0.521879, train_acc=0.8205, time=9.3s
per-rank: rank0[cuda0,share=0.4137,tput=3.07] rank2[cuda2,share=0.2953,tput=3.60] rank1[cuda1,share=0.2910,tput=2.28]
epoch 48: eval=0.7720
epoch 49: loss=0.507091, train_acc=0.8250, time=9.4s
per-rank: rank0[cuda0,share=0.4150,tput=2.16] rank2[cuda2,share=0.2943,tput=6.09] rank1[cuda1,share=0.2906,tput=2.29]
epoch 49: eval=0.8042
epoch 50: loss=0.498033, train_acc=0.8293, time=9.2s
per-rank: rank0[cuda0,share=0.4128,tput=3.13] rank2[cuda2,share=0.2952,tput=4.92] rank1[cuda1,share=0.2920,tput=2.33]
epoch 50: eval=0.7665
epoch 51: loss=0.504549, train_acc=0.8266, time=9.2s
per-rank: rank0[cuda0,share=0.4111,tput=3.94] rank2[cuda2,share=0.2959,tput=3.17] rank1[cuda1,share=0.2930,tput=2.45]
epoch 51: eval=0.7901
epoch 52: loss=0.498653, train_acc=0.8298, time=9.2s
per-rank: rank0[cuda0,share=0.4098,tput=3.25] rank2[cuda2,share=0.2966,tput=3.26] rank1[cuda1,share=0.2936,tput=2.47]
epoch 52: eval=0.7961
epoch 53: loss=0.495933, train_acc=0.8281, time=9.3s
per-rank: rank0[cuda0,share=0.4085,tput=2.00] rank2[cuda2,share=0.2973,tput=2.38] rank1[cuda1,share=0.2943,tput=6.26]
epoch 53: eval=0.7634
epoch 54: loss=0.497876, train_acc=0.8293, time=9.3s
per-rank: rank0[cuda0,share=0.4072,tput=2.17] rank2[cuda2,share=0.2980,tput=5.79] rank1[cuda1,share=0.2949,tput=2.44]
epoch 54: eval=0.7170
epoch 55: loss=0.497229, train_acc=0.8279, time=9.4s
per-rank: rank0[cuda0,share=0.4052,tput=3.31] rank2[cuda2,share=0.2989,tput=3.44] rank1[cuda1,share=0.2958,tput=2.22]
epoch 55: eval=0.7911
epoch 56: loss=0.489996, train_acc=0.8313, time=9.2s
per-rank: rank0[cuda0,share=0.3998,tput=2.88] rank2[cuda2,share=0.3017,tput=3.34] rank1[cuda1,share=0.2986,tput=2.64]
epoch 56: eval=0.8163
epoch 57: loss=0.499496, train_acc=0.8274, time=9.2s
per-rank: rank0[cuda0,share=0.3942,tput=2.76] rank2[cuda2,share=0.3045,tput=4.63] rank1[cuda1,share=0.3013,tput=2.30]
epoch 57: eval=0.7871
epoch 58: loss=0.491221, train_acc=0.8303, time=9.4s
per-rank: rank0[cuda0,share=0.3902,tput=3.29] rank2[cuda2,share=0.3065,tput=2.21] rank1[cuda1,share=0.3033,tput=3.67]
epoch 58: eval=0.7849
epoch 59: loss=0.489992, train_acc=0.8329, time=9.4s
per-rank: rank0[cuda0,share=0.3875,tput=2.85] rank2[cuda2,share=0.3078,tput=2.07] rank1[cuda1,share=0.3047,tput=5.16]
epoch 59: eval=0.7871
epoch 60: loss=0.489071, train_acc=0.8323, time=9.5s
per-rank: rank0[cuda0,share=0.3871,tput=3.50] rank2[cuda2,share=0.3080,tput=3.19] rank1[cuda1,share=0.3049,tput=2.27]
epoch 60: eval=0.7977
epoch 61: loss=0.488739, train_acc=0.8324, time=9.5s
per-rank: rank0[cuda0,share=0.3867,tput=2.51] rank2[cuda2,share=0.3082,tput=3.45] rank1[cuda1,share=0.3051,tput=2.78]
epoch 61: eval=0.7053
epoch 62: loss=0.491168, train_acc=0.8296, time=9.4s
per-rank: rank0[cuda0,share=0.3863,tput=2.66] rank2[cuda2,share=0.3084,tput=2.62] rank1[cuda1,share=0.3052,tput=3.66]
epoch 62: eval=0.7929
epoch 63: loss=0.489513, train_acc=0.8320, time=9.1s
per-rank: rank0[cuda0,share=0.3859,tput=3.37] rank2[cuda2,share=0.3086,tput=2.60] rank1[cuda1,share=0.3054,tput=3.46]
epoch 63: eval=0.7896
epoch 64: loss=0.481417, train_acc=0.8340, time=9.1s
per-rank: rank0[cuda0,share=0.3855,tput=2.64] rank2[cuda2,share=0.3088,tput=4.86] rank1[cuda1,share=0.3056,tput=2.28]
epoch 64: eval=0.8180
epoch 65: loss=0.478531, train_acc=0.8347, time=9.2s
per-rank: rank0[cuda0,share=0.3852,tput=5.09] rank2[cuda2,share=0.3090,tput=4.32] rank1[cuda1,share=0.3058,tput=2.19]
epoch 65: eval=0.7988
epoch 66: loss=0.479970, train_acc=0.8352, time=10.9s
per-rank: rank0[cuda0,share=0.3865,tput=2.15] rank2[cuda2,share=0.3083,tput=3.39] rank1[cuda1,share=0.3051,tput=4.78]
epoch 66: eval=0.7481
epoch 67: loss=0.481449, train_acc=0.8330, time=10.1s
per-rank: rank0[cuda0,share=0.3898,tput=2.96] rank2[cuda2,share=0.3067,tput=3.37] rank1[cuda1,share=0.3035,tput=2.64]
epoch 67: eval=0.8071
epoch 68: loss=0.480116, train_acc=0.8350, time=9.3s
per-rank: rank0[cuda0,share=0.3931,tput=3.26] rank2[cuda2,share=0.3050,tput=2.38] rank1[cuda1,share=0.3019,tput=4.57]
epoch 68: eval=0.7142
epoch 69: loss=0.491901, train_acc=0.8294, time=9.3s
per-rank: rank0[cuda0,share=0.3950,tput=3.07] rank2[cuda2,share=0.3041,tput=2.33] rank1[cuda1,share=0.3009,tput=3.67]
epoch 69: eval=0.7931
epoch 70: loss=0.488648, train_acc=0.8317, time=9.3s
per-rank: rank0[cuda0,share=0.3969,tput=2.70] rank2[cuda2,share=0.3031,tput=2.41] rank1[cuda1,share=0.3000,tput=5.27]
epoch 70: eval=0.8212
epoch 71: loss=0.479513, train_acc=0.8348, time=12.0s
per-rank: rank0[cuda0,share=0.3973,tput=2.03] rank2[cuda2,share=0.3029,tput=5.04] rank1[cuda1,share=0.2998,tput=3.38]
epoch 71: eval=0.7972
epoch 72: loss=0.482016, train_acc=0.8339, time=10.7s
per-rank: rank0[cuda0,share=0.3973,tput=2.44] rank2[cuda2,share=0.3029,tput=3.79] rank1[cuda1,share=0.2998,tput=2.72]
epoch 72: eval=0.7545
epoch 73: loss=0.474219, train_acc=0.8377, time=9.3s
per-rank: rank0[cuda0,share=0.3978,tput=3.94] rank2[cuda2,share=0.3027,tput=3.15] rank1[cuda1,share=0.2995,tput=2.28]
epoch 73: eval=0.7674
epoch 74: loss=0.470765, train_acc=0.8386, time=9.2s
per-rank: rank0[cuda0,share=0.3983,tput=2.51] rank2[cuda2,share=0.3024,tput=2.26] rank1[cuda1,share=0.2993,tput=5.37]
epoch 74: eval=0.8110
epoch 75: loss=0.475308, train_acc=0.8367, time=9.3s
per-rank: rank0[cuda0,share=0.3988,tput=2.61] rank2[cuda2,share=0.3022,tput=4.69] rank1[cuda1,share=0.2991,tput=2.42]
epoch 75: eval=0.7130
epoch 76: loss=0.473821, train_acc=0.8357, time=9.2s
per-rank: rank0[cuda0,share=0.4007,tput=3.62] rank2[cuda2,share=0.3012,tput=2.80] rank1[cuda1,share=0.2981,tput=2.61]
epoch 76: eval=0.7809
epoch 77: loss=0.474786, train_acc=0.8364, time=9.2s
per-rank: rank0[cuda0,share=0.4027,tput=3.98] rank2[cuda2,share=0.3002,tput=2.26] rank1[cuda1,share=0.2971,tput=3.00]
epoch 77: eval=0.8222
epoch 78: loss=0.467611, train_acc=0.8403, time=9.3s
per-rank: rank0[cuda0,share=0.4034,tput=2.99] rank2[cuda2,share=0.2990,tput=2.14] rank1[cuda1,share=0.2976,tput=3.87]
epoch 78: eval=0.7999
epoch 79: loss=0.469817, train_acc=0.8381, time=9.2s
per-rank: rank0[cuda0,share=0.4042,tput=2.15] rank1[cuda1,share=0.2980,tput=2.42] rank2[cuda2,share=0.2977,tput=6.10]
epoch 79: eval=0.7993
epoch 80: loss=0.479311, train_acc=0.8348, time=9.2s
per-rank: rank0[cuda0,share=0.4050,tput=2.36] rank1[cuda1,share=0.2985,tput=2.32] rank2[cuda2,share=0.2965,tput=6.32]
epoch 80: eval=0.7696
epoch 81: loss=0.473221, train_acc=0.8375, time=9.1s
per-rank: rank0[cuda0,share=0.4058,tput=3.09] rank1[cuda1,share=0.2990,tput=2.57] rank2[cuda2,share=0.2952,tput=3.34]
epoch 81: eval=0.7692
epoch 82: loss=0.474123, train_acc=0.8395, time=11.1s
per-rank: rank0[cuda0,share=0.4080,tput=2.23] rank1[cuda1,share=0.2987,tput=4.65] rank2[cuda2,share=0.2933,tput=3.59]
epoch 82: eval=0.7131
epoch 83: loss=0.468702, train_acc=0.8391, time=10.2s
per-rank: rank0[cuda0,share=0.4101,tput=2.65] rank1[cuda1,share=0.2985,tput=3.80] rank2[cuda2,share=0.2914,tput=2.61]
epoch 83: eval=0.7663
epoch 84: loss=0.470598, train_acc=0.8388, time=9.1s
per-rank: rank0[cuda0,share=0.4123,tput=2.69] rank1[cuda1,share=0.2983,tput=6.32] rank2[cuda2,share=0.2894,tput=1.86]
epoch 84: eval=0.8091
epoch 85: loss=0.477187, train_acc=0.8366, time=11.3s
per-rank: rank0[cuda0,share=0.4145,tput=2.18] rank1[cuda1,share=0.2980,tput=4.17] rank2[cuda2,share=0.2875,tput=4.13]
epoch 85: eval=0.7941
epoch 86: loss=0.472341, train_acc=0.8366, time=10.5s
per-rank: rank0[cuda0,share=0.4152,tput=1.97] rank1[cuda1,share=0.2986,tput=4.12] rank2[cuda2,share=0.2863,tput=2.54]
epoch 86: eval=0.7663
epoch 87: loss=0.470600, train_acc=0.8374, time=9.2s
per-rank: rank0[cuda0,share=0.4159,tput=2.19] rank1[cuda1,share=0.2991,tput=2.42] rank2[cuda2,share=0.2850,tput=6.47]
epoch 87: eval=0.7499
epoch 88: loss=0.476104, train_acc=0.8362, time=11.3s
per-rank: rank0[cuda0,share=0.4160,tput=2.19] rank1[cuda1,share=0.3007,tput=5.07] rank2[cuda2,share=0.2833,tput=3.39]
epoch 88: eval=0.7935
epoch 89: loss=0.469031, train_acc=0.8377, time=10.3s
per-rank: rank0[cuda0,share=0.4155,tput=2.75] rank1[cuda1,share=0.3018,tput=4.06] rank2[cuda2,share=0.2827,tput=2.34]
epoch 89: eval=0.8270
epoch 90: loss=0.474294, train_acc=0.8356, time=12.6s
per-rank: rank0[cuda0,share=0.4132,tput=1.94] rank1[cuda1,share=0.3038,tput=4.62] rank2[cuda2,share=0.2830,tput=3.90]
epoch 90: eval=0.8292
epoch 91: loss=0.469364, train_acc=0.8387, time=11.3s
per-rank: rank0[cuda0,share=0.4132,tput=2.03] rank1[cuda1,share=0.3038,tput=2.85] rank2[cuda2,share=0.2830,tput=3.88]
epoch 91: eval=0.7505
epoch 92: loss=0.469303, train_acc=0.8395, time=9.3s
per-rank: rank0[cuda0,share=0.4118,tput=3.90] rank1[cuda1,share=0.3043,tput=2.05] rank2[cuda2,share=0.2839,tput=3.66]
epoch 92: eval=0.7846
epoch 93: loss=0.464931, train_acc=0.8411, time=9.2s
per-rank: rank0[cuda0,share=0.4104,tput=2.63] rank1[cuda1,share=0.3049,tput=2.32] rank2[cuda2,share=0.2848,tput=5.28]
epoch 93: eval=0.7950
epoch 94: loss=0.461034, train_acc=0.8410, time=11.6s
per-rank: rank0[cuda0,share=0.4090,tput=2.08] rank1[cuda1,share=0.3054,tput=5.43] rank2[cuda2,share=0.2856,tput=3.36]
epoch 94: eval=0.8070
epoch 95: loss=0.455950, train_acc=0.8432, time=10.5s
per-rank: rank0[cuda0,share=0.4076,tput=2.10] rank1[cuda1,share=0.3059,tput=2.99] rank2[cuda2,share=0.2865,tput=3.41]
epoch 95: eval=0.7731
epoch 96: loss=0.470888, train_acc=0.8376, time=9.3s
per-rank: rank0[cuda0,share=0.4062,tput=4.11] rank1[cuda1,share=0.3064,tput=4.32] rank2[cuda2,share=0.2874,tput=2.45]
epoch 96: eval=0.7826
epoch 97: loss=0.462028, train_acc=0.8429, time=9.3s
per-rank: rank0[cuda0,share=0.4049,tput=2.53] rank1[cuda1,share=0.3069,tput=2.24] rank2[cuda2,share=0.2882,tput=5.30]
epoch 97: eval=0.7889
epoch 98: loss=0.468224, train_acc=0.8380, time=9.4s
per-rank: rank0[cuda0,share=0.4035,tput=3.78] rank1[cuda1,share=0.3074,tput=1.97] rank2[cuda2,share=0.2891,tput=3.50]
epoch 98: eval=0.8119
epoch 99: loss=0.461765, train_acc=0.8415, time=9.3s
per-rank: rank0[cuda0,share=0.4019,tput=3.50] rank1[cuda1,share=0.3064,tput=2.88] rank2[cuda2,share=0.2916,tput=2.47]
epoch 99: eval=0.7935
epoch 100: loss=0.411905, train_acc=0.8584, time=9.3s
per-rank: rank0[cuda0,share=0.4018,tput=2.59] rank1[cuda1,share=0.3045,tput=2.28] rank2[cuda2,share=0.2937,tput=5.45]
epoch 100: eval=0.8933
epoch 101: loss=0.255496, train_acc=0.9123, time=9.2s
per-rank: rank0[cuda0,share=0.4050,tput=2.67] rank1[cuda1,share=0.3009,tput=2.30] rank2[cuda2,share=0.2942,tput=5.20]
epoch 101: eval=0.8996
epoch 102: loss=0.240526, train_acc=0.9165, time=9.7s
per-rank: rank0[cuda0,share=0.4073,tput=1.96] rank1[cuda1,share=0.2987,tput=2.55] rank2[cuda2,share=0.2940,tput=5.41]
epoch 102: eval=0.8993
epoch 103: loss=0.227784, train_acc=0.9210, time=9.3s
per-rank: rank0[cuda0,share=0.4073,tput=3.37] rank1[cuda1,share=0.2987,tput=3.59] rank2[cuda2,share=0.2940,tput=2.11]
epoch 103: eval=0.8981
epoch 104: loss=0.223748, train_acc=0.9232, time=9.4s
per-rank: rank0[cuda0,share=0.4097,tput=2.32] rank1[cuda1,share=0.2965,tput=5.68] rank2[cuda2,share=0.2938,tput=2.36]
epoch 104: eval=0.9031
epoch 105: loss=0.213362, train_acc=0.9261, time=9.3s
per-rank: rank0[cuda0,share=0.4113,tput=3.03] rank1[cuda1,share=0.2956,tput=3.86] rank2[cuda2,share=0.2931,tput=2.16]
epoch 105: eval=0.9020
epoch 106: loss=0.208266, train_acc=0.9274, time=11.8s
per-rank: rank0[cuda0,share=0.4129,tput=2.13] rank1[cuda1,share=0.2946,tput=6.02] rank2[cuda2,share=0.2925,tput=3.08]
epoch 106: eval=0.9056
epoch 107: loss=0.203119, train_acc=0.9304, time=10.7s
per-rank: rank0[cuda0,share=0.4146,tput=2.42] rank1[cuda1,share=0.2936,tput=3.25] rank2[cuda2,share=0.2918,tput=2.91]
epoch 107: eval=0.9017
epoch 108: loss=0.201015, train_acc=0.9298, time=11.3s
per-rank: rank0[cuda0,share=0.4162,tput=2.23] rank1[cuda1,share=0.2927,tput=3.31] rank2[cuda2,share=0.2911,tput=5.28]
epoch 108: eval=0.9027
epoch 109: loss=0.196348, train_acc=0.9323, time=10.2s
per-rank: rank0[cuda0,share=0.4178,tput=2.45] rank1[cuda1,share=0.2917,tput=3.62] rank2[cuda2,share=0.2905,tput=2.65]
epoch 109: eval=0.9050
epoch 110: loss=0.192607, train_acc=0.9334, time=9.2s
per-rank: rank0[cuda0,share=0.4194,tput=3.36] rank1[cuda1,share=0.2907,tput=4.03] rank2[cuda2,share=0.2898,tput=2.00]
epoch 110: eval=0.9073
epoch 111: loss=0.191221, train_acc=0.9321, time=9.2s
per-rank: rank0[cuda0,share=0.4202,tput=3.51] rank1[cuda1,share=0.2912,tput=2.53] rank2[cuda2,share=0.2886,tput=2.98]
epoch 111: eval=0.9078
epoch 112: loss=0.187584, train_acc=0.9344, time=11.2s
per-rank: rank0[cuda0,share=0.4195,tput=2.21] rank1[cuda1,share=0.2923,tput=3.15] rank2[cuda2,share=0.2881,tput=5.21]
epoch 112: eval=0.9014
epoch 113: loss=0.186146, train_acc=0.9348, time=10.6s
per-rank: rank0[cuda0,share=0.4195,tput=2.47] rank1[cuda1,share=0.2923,tput=2.28] rank2[cuda2,share=0.2881,tput=4.29]
epoch 113: eval=0.9049
epoch 114: loss=0.178890, train_acc=0.9363, time=9.3s
per-rank: rank0[cuda0,share=0.4188,tput=3.17] rank1[cuda1,share=0.2935,tput=3.31] rank2[cuda2,share=0.2877,tput=2.46]
epoch 114: eval=0.9052
epoch 115: loss=0.178826, train_acc=0.9373, time=11.3s
per-rank: rank0[cuda0,share=0.4182,tput=2.22] rank1[cuda1,share=0.2946,tput=5.11] rank2[cuda2,share=0.2872,tput=3.53]
epoch 115: eval=0.9083
epoch 116: loss=0.177205, train_acc=0.9374, time=10.4s
per-rank: rank0[cuda0,share=0.4182,tput=2.55] rank1[cuda1,share=0.2946,tput=3.66] rank2[cuda2,share=0.2872,tput=2.72]
epoch 116: eval=0.9059
epoch 117: loss=0.176314, train_acc=0.9387, time=9.2s
per-rank: rank0[cuda0,share=0.4188,tput=3.51] rank1[cuda1,share=0.2935,tput=3.62] rank2[cuda2,share=0.2877,tput=2.06]
epoch 117: eval=0.9006
epoch 118: loss=0.171799, train_acc=0.9403, time=9.3s
per-rank: rank0[cuda0,share=0.4195,tput=3.06] rank1[cuda1,share=0.2923,tput=3.95] rank2[cuda2,share=0.2881,tput=2.06]
epoch 118: eval=0.9038
epoch 119: loss=0.166827, train_acc=0.9417, time=9.1s
per-rank: rank0[cuda0,share=0.4193,tput=2.43] rank1[cuda1,share=0.2926,tput=2.46] rank2[cuda2,share=0.2880,tput=5.21]
epoch 119: eval=0.9065
epoch 120: loss=0.168301, train_acc=0.9406, time=9.2s
per-rank: rank0[cuda0,share=0.4192,tput=2.28] rank1[cuda1,share=0.2930,tput=4.99] rank2[cuda2,share=0.2879,tput=2.61]
epoch 120: eval=0.9047
epoch 121: loss=0.166970, train_acc=0.9413, time=9.3s
per-rank: rank0[cuda0,share=0.4190,tput=2.44] rank1[cuda1,share=0.2933,tput=2.32] rank2[cuda2,share=0.2878,tput=5.69]
epoch 121: eval=0.9075
epoch 122: loss=0.166320, train_acc=0.9411, time=9.3s
per-rank: rank0[cuda0,share=0.4188,tput=2.39] rank1[cuda1,share=0.2936,tput=5.20] rank2[cuda2,share=0.2876,tput=2.36]
epoch 122: eval=0.8981
epoch 123: loss=0.163827, train_acc=0.9428, time=9.3s
per-rank: rank0[cuda0,share=0.4188,tput=3.23] rank1[cuda1,share=0.2936,tput=2.38] rank2[cuda2,share=0.2876,tput=3.31]
epoch 123: eval=0.9062
epoch 124: loss=0.159852, train_acc=0.9446, time=9.4s
per-rank: rank0[cuda0,share=0.4186,tput=3.18] rank1[cuda1,share=0.2939,tput=4.65] rank2[cuda2,share=0.2875,tput=2.34]
epoch 124: eval=0.9079
epoch 125: loss=0.159928, train_acc=0.9432, time=11.5s
per-rank: rank0[cuda0,share=0.4191,tput=2.16] rank1[cuda1,share=0.2931,tput=5.04] rank2[cuda2,share=0.2878,tput=3.34]
epoch 125: eval=0.9010
epoch 126: loss=0.160004, train_acc=0.9429, time=10.6s
per-rank: rank0[cuda0,share=0.4196,tput=2.31] rank1[cuda1,share=0.2922,tput=3.26] rank2[cuda2,share=0.2882,tput=3.09]
epoch 126: eval=0.9046
epoch 127: loss=0.155454, train_acc=0.9462, time=9.3s
per-rank: rank0[cuda0,share=0.4193,tput=3.14] rank1[cuda1,share=0.2927,tput=2.62] rank2[cuda2,share=0.2880,tput=3.17]
epoch 127: eval=0.9002
epoch 128: loss=0.154220, train_acc=0.9453, time=11.2s
per-rank: rank0[cuda0,share=0.4183,tput=2.22] rank1[cuda1,share=0.2944,tput=3.60] rank2[cuda2,share=0.2873,tput=4.66]
epoch 128: eval=0.9029
epoch 129: loss=0.152583, train_acc=0.9457, time=10.4s
per-rank: rank0[cuda0,share=0.4173,tput=2.49] rank1[cuda1,share=0.2961,tput=3.07] rank2[cuda2,share=0.2866,tput=3.17]
epoch 129: eval=0.9055
epoch 130: loss=0.153353, train_acc=0.9463, time=9.3s
per-rank: rank0[cuda0,share=0.4164,tput=2.84] rank1[cuda1,share=0.2976,tput=4.08] rank2[cuda2,share=0.2860,tput=2.24]
epoch 130: eval=0.9042
epoch 131: loss=0.151890, train_acc=0.9462, time=9.2s
per-rank: rank0[cuda0,share=0.4156,tput=3.47] rank1[cuda1,share=0.2990,tput=2.80] rank2[cuda2,share=0.2854,tput=2.60]
epoch 131: eval=0.9081
epoch 132: loss=0.151225, train_acc=0.9465, time=9.2s
per-rank: rank0[cuda0,share=0.4156,tput=2.54] rank1[cuda1,share=0.2990,tput=5.68] rank2[cuda2,share=0.2854,tput=2.14]
epoch 132: eval=0.9039
epoch 133: loss=0.149222, train_acc=0.9480, time=9.3s
per-rank: rank0[cuda0,share=0.4147,tput=4.03] rank1[cuda1,share=0.3005,tput=3.75] rank2[cuda2,share=0.2848,tput=2.54]
epoch 133: eval=0.8976
epoch 134: loss=0.148359, train_acc=0.9462, time=9.2s
per-rank: rank0[cuda0,share=0.4146,tput=2.73] rank1[cuda1,share=0.3006,tput=4.69] rank2[cuda2,share=0.2848,tput=2.58]
epoch 134: eval=0.9023
epoch 135: loss=0.151016, train_acc=0.9459, time=11.0s
per-rank: rank0[cuda0,share=0.4146,tput=2.28] rank1[cuda1,share=0.3007,tput=3.34] rank2[cuda2,share=0.2847,tput=5.04]
epoch 135: eval=0.9032
epoch 136: loss=0.150510, train_acc=0.9467, time=10.2s
per-rank: rank0[cuda0,share=0.4145,tput=2.40] rank1[cuda1,share=0.3008,tput=4.18] rank2[cuda2,share=0.2847,tput=2.41]
epoch 136: eval=0.8963
epoch 137: loss=0.147997, train_acc=0.9477, time=13.0s
per-rank: rank0[cuda0,share=0.4145,tput=1.93] rank1[cuda1,share=0.3009,tput=5.75] rank2[cuda2,share=0.2847,tput=3.46]
epoch 137: eval=0.9034
epoch 138: loss=0.147674, train_acc=0.9482, time=12.6s
per-rank: rank0[cuda0,share=0.4136,tput=1.98] rank1[cuda1,share=0.3004,tput=3.03] rank2[cuda2,share=0.2859,tput=3.72]
epoch 138: eval=0.9027
epoch 139: loss=0.148309, train_acc=0.9476, time=10.0s
per-rank: rank0[cuda0,share=0.4128,tput=2.70] rank1[cuda1,share=0.3000,tput=2.81] rank2[cuda2,share=0.2872,tput=3.19]
epoch 139: eval=0.9054
epoch 140: loss=0.146810, train_acc=0.9491, time=11.9s
per-rank: rank0[cuda0,share=0.4112,tput=2.04] rank1[cuda1,share=0.3009,tput=3.93] rank2[cuda2,share=0.2879,tput=4.98]
epoch 140: eval=0.8974
epoch 141: loss=0.150849, train_acc=0.9458, time=10.9s
per-rank: rank0[cuda0,share=0.4112,tput=2.41] rank1[cuda1,share=0.3009,tput=3.87] rank2[cuda2,share=0.2879,tput=2.48]
epoch 141: eval=0.9006
epoch 142: loss=0.143981, train_acc=0.9485, time=11.0s
per-rank: rank0[cuda0,share=0.4093,tput=2.21] rank1[cuda1,share=0.3002,tput=3.29] rank2[cuda2,share=0.2904,tput=5.01]
epoch 142: eval=0.9046
epoch 143: loss=0.145271, train_acc=0.9486, time=10.2s
per-rank: rank0[cuda0,share=0.4093,tput=2.48] rank1[cuda1,share=0.3002,tput=4.13] rank2[cuda2,share=0.2904,tput=2.36]
epoch 143: eval=0.8916
epoch 144: loss=0.144883, train_acc=0.9490, time=11.9s
per-rank: rank0[cuda0,share=0.4067,tput=2.00] rank1[cuda1,share=0.3009,tput=3.72] rank2[cuda2,share=0.2924,tput=4.91]
epoch 144: eval=0.8974
epoch 145: loss=0.142016, train_acc=0.9496, time=10.7s
per-rank: rank0[cuda0,share=0.4067,tput=2.23] rank1[cuda1,share=0.3009,tput=2.50] rank2[cuda2,share=0.2924,tput=4.11]
epoch 145: eval=0.8958
epoch 146: loss=0.142338, train_acc=0.9485, time=9.4s
per-rank: rank0[cuda0,share=0.4049,tput=2.87] rank1[cuda1,share=0.3019,tput=2.64] rank2[cuda2,share=0.2931,tput=3.46]
epoch 146: eval=0.8936
epoch 147: loss=0.143028, train_acc=0.9485, time=10.8s
per-rank: rank0[cuda0,share=0.4025,tput=2.22] rank1[cuda1,share=0.3041,tput=3.74] rank2[cuda2,share=0.2934,tput=4.44]
epoch 147: eval=0.8949
epoch 148: loss=0.141781, train_acc=0.9496, time=10.3s
per-rank: rank0[cuda0,share=0.4001,tput=2.88] rank1[cuda1,share=0.3064,tput=3.48] rank2[cuda2,share=0.2936,tput=2.41]
epoch 148: eval=0.8939
epoch 149: loss=0.144510, train_acc=0.9487, time=11.5s
per-rank: rank0[cuda0,share=0.3993,tput=2.07] rank1[cuda1,share=0.3077,tput=3.35] rank2[cuda2,share=0.2930,tput=5.15]
epoch 149: eval=0.8948
epoch 150: loss=0.132551, train_acc=0.9521, time=10.4s
per-rank: rank0[cuda0,share=0.3985,tput=2.78] rank1[cuda1,share=0.3091,tput=3.68] rank2[cuda2,share=0.2924,tput=2.51]
epoch 150: eval=0.9143
epoch 151: loss=0.093666, train_acc=0.9683, time=9.2s
per-rank: rank0[cuda0,share=0.4001,tput=2.86] rank1[cuda1,share=0.3083,tput=1.98] rank2[cuda2,share=0.2916,tput=5.71]
epoch 151: eval=0.9128
epoch 152: loss=0.090573, train_acc=0.9689, time=9.2s
per-rank: rank0[cuda0,share=0.4027,tput=2.58] rank1[cuda1,share=0.3057,tput=1.96] rank2[cuda2,share=0.2915,tput=6.25]
epoch 152: eval=0.9124
epoch 153: loss=0.086369, train_acc=0.9715, time=11.5s
per-rank: rank0[cuda0,share=0.4053,tput=2.23] rank1[cuda1,share=0.3032,tput=4.65] rank2[cuda2,share=0.2915,tput=3.85]
epoch 153: eval=0.9134
epoch 154: loss=0.084954, train_acc=0.9717, time=10.7s
per-rank: rank0[cuda0,share=0.4079,tput=2.28] rank1[cuda1,share=0.3007,tput=2.53] rank2[cuda2,share=0.2914,tput=3.85]
epoch 154: eval=0.9154
epoch 155: loss=0.084733, train_acc=0.9713, time=9.1s
per-rank: rank0[cuda0,share=0.4079,tput=2.30] rank1[cuda1,share=0.3007,tput=6.58] rank2[cuda2,share=0.2914,tput=2.13]
epoch 155: eval=0.9160
epoch 156: loss=0.083096, train_acc=0.9724, time=12.2s
per-rank: rank0[cuda0,share=0.4118,tput=2.04] rank1[cuda1,share=0.2964,tput=3.61] rank2[cuda2,share=0.2918,tput=4.91]
epoch 156: eval=0.9146
epoch 157: loss=0.082173, train_acc=0.9722, time=11.2s
per-rank: rank0[cuda0,share=0.4118,tput=2.07] rank1[cuda1,share=0.2964,tput=3.92] rank2[cuda2,share=0.2918,tput=2.75]
epoch 157: eval=0.9143
epoch 158: loss=0.081747, train_acc=0.9721, time=9.5s
per-rank: rank0[cuda0,share=0.4130,tput=3.16] rank1[cuda1,share=0.2945,tput=3.35] rank2[cuda2,share=0.2924,tput=2.51]
epoch 158: eval=0.9161
epoch 159: loss=0.078700, train_acc=0.9744, time=12.5s
per-rank: rank0[cuda0,share=0.4143,tput=1.98] rank2[cuda2,share=0.2930,tput=5.06] rank1[cuda1,share=0.2927,tput=3.41]
epoch 159: eval=0.9143
epoch 160: loss=0.078416, train_acc=0.9743, time=11.6s
per-rank: rank0[cuda0,share=0.4142,tput=2.07] rank2[cuda2,share=0.2943,tput=3.88] rank1[cuda1,share=0.2915,tput=3.02]
epoch 160: eval=0.9146
epoch 161: loss=0.078977, train_acc=0.9739, time=9.8s
per-rank: rank0[cuda0,share=0.4142,tput=3.22] rank2[cuda2,share=0.2955,tput=3.07] rank1[cuda1,share=0.2903,tput=2.53]
epoch 161: eval=0.9156
epoch 162: loss=0.077112, train_acc=0.9740, time=9.2s
per-rank: rank0[cuda0,share=0.4125,tput=2.69] rank2[cuda2,share=0.2976,tput=2.24] rank1[cuda1,share=0.2899,tput=5.19]
epoch 162: eval=0.9139
epoch 163: loss=0.078210, train_acc=0.9744, time=9.1s
per-rank: rank0[cuda0,share=0.4098,tput=3.59] rank2[cuda2,share=0.2990,tput=2.12] rank1[cuda1,share=0.2912,tput=4.46]
epoch 163: eval=0.9163
epoch 164: loss=0.079969, train_acc=0.9731, time=9.2s
per-rank: rank0[cuda0,share=0.4089,tput=2.34] rank2[cuda2,share=0.2994,tput=5.18] rank1[cuda1,share=0.2917,tput=2.55]
epoch 164: eval=0.9160
epoch 165: loss=0.076416, train_acc=0.9746, time=9.3s
per-rank: rank0[cuda0,share=0.4081,tput=4.43] rank2[cuda2,share=0.2998,tput=3.05] rank1[cuda1,share=0.2921,tput=2.63]
epoch 165: eval=0.9159
epoch 166: loss=0.076486, train_acc=0.9743, time=9.2s
per-rank: rank0[cuda0,share=0.4066,tput=3.03] rank2[cuda2,share=0.2998,tput=3.35] rank1[cuda1,share=0.2936,tput=2.60]
epoch 166: eval=0.9164
epoch 167: loss=0.077217, train_acc=0.9737, time=9.3s
per-rank: rank0[cuda0,share=0.4066,tput=2.05] rank2[cuda2,share=0.2990,tput=2.51] rank1[cuda1,share=0.2944,tput=6.07]
epoch 167: eval=0.9143
epoch 168: loss=0.075319, train_acc=0.9746, time=9.2s
per-rank: rank0[cuda0,share=0.4066,tput=2.64] rank2[cuda2,share=0.2990,tput=2.13] rank1[cuda1,share=0.2944,tput=5.82]
epoch 168: eval=0.9150
epoch 169: loss=0.073840, train_acc=0.9749, time=9.1s
per-rank: rank0[cuda0,share=0.4065,tput=2.55] rank2[cuda2,share=0.2983,tput=5.32] rank1[cuda1,share=0.2952,tput=2.36]
epoch 169: eval=0.9141
epoch 170: loss=0.071585, train_acc=0.9760, time=11.4s
per-rank: rank0[cuda0,share=0.4077,tput=2.14] rank1[cuda1,share=0.2961,tput=3.45] rank2[cuda2,share=0.2961,tput=4.77]
epoch 170: eval=0.9141
epoch 171: loss=0.072029, train_acc=0.9752, time=10.4s
per-rank: rank0[cuda0,share=0.4077,tput=2.44] rank1[cuda1,share=0.2961,tput=2.92] rank2[cuda2,share=0.2961,tput=3.38]
epoch 171: eval=0.9143
epoch 172: loss=0.072368, train_acc=0.9760, time=9.1s
per-rank: rank0[cuda0,share=0.4090,tput=3.76] rank1[cuda1,share=0.2963,tput=2.83] rank2[cuda2,share=0.2947,tput=2.45]
epoch 172: eval=0.9146
epoch 173: loss=0.071192, train_acc=0.9767, time=11.7s
per-rank: rank0[cuda0,share=0.4102,tput=2.08] rank1[cuda1,share=0.2964,tput=3.39] rank2[cuda2,share=0.2934,tput=5.46]
epoch 173: eval=0.9140
epoch 174: loss=0.070201, train_acc=0.9757, time=10.7s
per-rank: rank0[cuda0,share=0.4127,tput=2.31] rank1[cuda1,share=0.2959,tput=2.56] rank2[cuda2,share=0.2914,tput=3.92]
epoch 174: eval=0.9130
epoch 175: loss=0.068987, train_acc=0.9768, time=9.3s
per-rank: rank0[cuda0,share=0.4134,tput=2.35] rank1[cuda1,share=0.2963,tput=5.56] rank2[cuda2,share=0.2903,tput=2.33]
epoch 175: eval=0.9145
epoch 176: loss=0.069574, train_acc=0.9763, time=9.3s
per-rank: rank0[cuda0,share=0.4120,tput=2.47] rank1[cuda1,share=0.2977,tput=2.84] rank2[cuda2,share=0.2902,tput=3.51]
epoch 176: eval=0.9150
epoch 177: loss=0.068961, eval=0.9141, train_acc=0.9769, time=10.0s
per-rank: rank0[cuda0,share=0.4113,tput=3.08] rank1[cuda1,share=0.2981,tput=3.38] rank2[cuda2,share=0.2906,tput=2.52]
epoch 178: loss=0.067943, train_acc=0.9774, time=11.0s
per-rank: rank0[cuda0,share=0.4106,tput=2.09] rank1[cuda1,share=0.2985,tput=3.24] rank2[cuda2,share=0.2909,tput=4.93]
epoch 178: eval=0.9129
epoch 179: loss=0.071715, train_acc=0.9749, time=9.9s
per-rank: rank0[cuda0,share=0.4106,tput=3.02] rank1[cuda1,share=0.2985,tput=3.52] rank2[cuda2,share=0.2909,tput=2.46]
epoch 179: eval=0.9147
epoch 180: loss=0.068479, train_acc=0.9767, time=9.1s
per-rank: rank0[cuda0,share=0.4099,tput=3.78] rank1[cuda1,share=0.2988,tput=3.18] rank2[cuda2,share=0.2913,tput=2.21]
epoch 180: eval=0.9123
epoch 181: loss=0.070515, train_acc=0.9765, time=11.2s
per-rank: rank0[cuda0,share=0.4085,tput=2.16] rank1[cuda1,share=0.2995,tput=5.24] rank2[cuda2,share=0.2920,tput=3.11]
epoch 181: eval=0.9162
epoch 182: loss=0.067698, train_acc=0.9772, time=10.4s
per-rank: rank0[cuda0,share=0.4085,tput=2.86] rank1[cuda1,share=0.2995,tput=2.72] rank2[cuda2,share=0.2920,tput=3.14]
epoch 182: eval=0.9150
epoch 183: loss=0.067349, train_acc=0.9775, time=12.8s
per-rank: rank0[cuda0,share=0.4093,tput=1.84] rank1[cuda1,share=0.2999,tput=5.56] rank2[cuda2,share=0.2908,tput=3.51]
epoch 183: eval=0.9140
epoch 184: loss=0.066924, train_acc=0.9779, time=12.3s
per-rank: rank0[cuda0,share=0.4093,tput=1.89] rank1[cuda1,share=0.2999,tput=3.05] rank2[cuda2,share=0.2908,tput=3.56]
epoch 184: eval=0.9128
epoch 185: loss=0.066170, train_acc=0.9779, time=9.7s
per-rank: rank0[cuda0,share=0.4066,tput=2.46] rank1[cuda1,share=0.3020,tput=3.92] rank2[cuda2,share=0.2914,tput=2.60]
epoch 185: eval=0.9143
epoch 186: loss=0.066430, train_acc=0.9771, time=11.6s
per-rank: rank0[cuda0,share=0.4039,tput=2.04] rank1[cuda1,share=0.3041,tput=3.61] rank2[cuda2,share=0.2920,tput=4.90]
epoch 186: eval=0.9137
epoch 187: loss=0.065681, train_acc=0.9776, time=10.5s
per-rank: rank0[cuda0,share=0.4032,tput=2.58] rank1[cuda1,share=0.3052,tput=2.85] rank2[cuda2,share=0.2916,tput=3.49]
epoch 187: eval=0.9133
epoch 188: loss=0.065000, train_acc=0.9789, time=9.3s
per-rank: rank0[cuda0,share=0.4025,tput=2.60] rank1[cuda1,share=0.3063,tput=2.59] rank2[cuda2,share=0.2912,tput=4.96]
epoch 188: eval=0.9136
epoch 189: loss=0.063188, train_acc=0.9789, time=9.3s
per-rank: rank0[cuda0,share=0.4012,tput=2.23] rank1[cuda1,share=0.3085,tput=5.84] rank2[cuda2,share=0.2903,tput=2.32]
epoch 189: eval=0.9148
epoch 190: loss=0.063766, train_acc=0.9787, time=9.3s
per-rank: rank0[cuda0,share=0.4012,tput=3.47] rank1[cuda1,share=0.3085,tput=2.16] rank2[cuda2,share=0.2903,tput=3.50]
epoch 190: eval=0.9141
epoch 191: loss=0.063779, train_acc=0.9779, time=11.7s
per-rank: rank0[cuda0,share=0.3985,tput=2.01] rank1[cuda1,share=0.3129,tput=3.29] rank2[cuda2,share=0.2886,tput=5.43]
epoch 191: eval=0.9130
epoch 192: loss=0.062206, train_acc=0.9790, time=10.5s
per-rank: rank0[cuda0,share=0.3985,tput=2.39] rank1[cuda1,share=0.3129,tput=3.29] rank2[cuda2,share=0.2886,tput=3.02]
epoch 192: eval=0.9141
epoch 193: loss=0.063221, train_acc=0.9792, time=10.5s
per-rank: rank0[cuda0,share=0.3981,tput=2.21] rank1[cuda1,share=0.3134,tput=2.93] rank2[cuda2,share=0.2884,tput=5.35]
epoch 193: eval=0.9137
epoch 194: loss=0.063604, train_acc=0.9791, time=9.9s
per-rank: rank0[cuda0,share=0.3964,tput=2.74] rank1[cuda1,share=0.3146,tput=3.36] rank2[cuda2,share=0.2890,tput=2.67]
epoch 194: eval=0.9149
epoch 195: loss=0.064066, train_acc=0.9779, time=9.3s
per-rank: rank0[cuda0,share=0.3960,tput=3.69] rank1[cuda1,share=0.3134,tput=2.24] rank2[cuda2,share=0.2906,tput=3.27]
epoch 195: eval=0.9128
epoch 196: loss=0.063115, train_acc=0.9781, time=9.2s
per-rank: rank0[cuda0,share=0.3972,tput=2.02] rank1[cuda1,share=0.3113,tput=2.68] rank2[cuda2,share=0.2915,tput=5.37]
epoch 196: eval=0.9134
epoch 197: loss=0.064989, train_acc=0.9778, time=9.5s
per-rank: rank0[cuda0,share=0.3984,tput=2.70] rank1[cuda1,share=0.3092,tput=3.93] rank2[cuda2,share=0.2924,tput=2.36]
epoch 197: eval=0.9132
epoch 198: loss=0.062139, train_acc=0.9793, time=9.3s
per-rank: rank0[cuda0,share=0.3990,tput=3.08] rank1[cuda1,share=0.3081,tput=2.55] rank2[cuda2,share=0.2928,tput=3.27]
epoch 198: eval=0.9114
epoch 199: loss=0.061020, train_acc=0.9798, time=9.9s
per-rank: rank0[cuda0,share=0.3996,tput=2.48] rank1[cuda1,share=0.3071,tput=5.57] rank2[cuda2,share=0.2933,tput=3.15]
final eval=0.9132
# total: 1846.9s (30m 47s)
