# gpu0: NVIDIA GeForce RTX 5060 Ti (15GB, sm_120)
# gpu1: NVIDIA GeForce GTX 1060 6GB (5GB, sm_61)
# gpu2: NVIDIA GeForce GTX 1060 6GB (5GB, sm_61)
epoch 0: loss=2.033723, train_acc=0.2329, time=9.0s
per-rank: rank0[cuda0,share=0.3610,tput=4.05] rank2[cuda2,share=0.3518,tput=4.49] rank1[cuda1,share=0.2873,tput=2.85]
epoch 0: eval=0.2597
epoch 1: loss=1.776633, train_acc=0.3310, time=9.8s
per-rank: rank0[cuda0,share=0.3610,tput=2.25] rank2[cuda2,share=0.3518,tput=3.90] rank1[cuda1,share=0.2873,tput=4.20]
epoch 1: eval=0.3961
epoch 2: loss=1.626891, train_acc=0.3947, time=9.3s
per-rank: rank0[cuda0,share=0.3610,tput=3.83] rank2[cuda2,share=0.3518,tput=3.17] rank1[cuda1,share=0.2873,tput=2.63]
epoch 2: eval=0.4325
epoch 3: loss=1.468390, train_acc=0.4585, time=9.7s
per-rank: rank0[cuda0,share=0.3610,tput=2.27] rank2[cuda2,share=0.3518,tput=3.25] rank1[cuda1,share=0.2873,tput=5.84]
epoch 3: eval=0.5064
epoch 4: loss=1.346532, train_acc=0.5116, time=9.1s
per-rank: rank0[cuda0,share=0.3610,tput=2.96] rank2[cuda2,share=0.3518,tput=2.35] rank1[cuda1,share=0.2873,tput=5.04]
epoch 4: eval=0.5639
epoch 5: loss=1.222014, train_acc=0.5599, time=8.5s
per-rank: rank0[cuda0,share=0.3610,tput=3.49] rank2[cuda2,share=0.3518,tput=3.29] rank1[cuda1,share=0.2873,tput=3.06]
epoch 5: eval=0.5569
epoch 6: loss=1.131557, train_acc=0.5966, time=10.3s
per-rank: rank0[cuda0,share=0.3610,tput=2.15] rank2[cuda2,share=0.3518,tput=2.95] rank1[cuda1,share=0.2873,tput=6.73]
epoch 6: eval=0.6187
epoch 7: loss=1.063319, train_acc=0.6217, time=9.3s
per-rank: rank0[cuda0,share=0.3610,tput=3.14] rank2[cuda2,share=0.3518,tput=3.22] rank1[cuda1,share=0.2873,tput=3.19]
epoch 7: eval=0.5451
epoch 8: loss=0.997834, train_acc=0.6488, time=8.5s
per-rank: rank0[cuda0,share=0.3610,tput=4.59] rank2[cuda2,share=0.3518,tput=3.89] rank1[cuda1,share=0.2873,tput=2.80]
epoch 8: eval=0.6044
epoch 9: loss=0.944298, train_acc=0.6693, time=10.0s
per-rank: rank0[cuda0,share=0.3610,tput=2.19] rank2[cuda2,share=0.3518,tput=4.41] rank1[cuda1,share=0.2873,tput=4.04]
epoch 9: eval=0.6460
epoch 10: loss=0.889548, train_acc=0.6870, time=9.3s
per-rank: rank0[cuda0,share=0.3610,tput=3.73] rank2[cuda2,share=0.3518,tput=2.43] rank1[cuda1,share=0.2873,tput=4.17]
epoch 10: eval=0.6621
epoch 11: loss=0.854835, train_acc=0.7008, time=8.7s
per-rank: rank0[cuda0,share=0.3610,tput=3.98] rank2[cuda2,share=0.3518,tput=2.18] rank1[cuda1,share=0.2873,tput=4.30]
epoch 11: eval=0.6807
epoch 12: loss=0.824194, train_acc=0.7113, time=9.2s
per-rank: rank0[cuda0,share=0.3610,tput=2.44] rank2[cuda2,share=0.3518,tput=3.89] rank1[cuda1,share=0.2873,tput=4.30]
epoch 12: eval=0.6889
epoch 13: loss=0.802974, train_acc=0.7203, time=9.0s
per-rank: rank0[cuda0,share=0.3610,tput=4.36] rank2[cuda2,share=0.3518,tput=2.14] rank1[cuda1,share=0.2873,tput=4.03]
epoch 13: eval=0.7214
epoch 14: loss=0.781418, train_acc=0.7296, time=8.7s
per-rank: rank0[cuda0,share=0.3610,tput=2.47] rank2[cuda2,share=0.3518,tput=4.57] rank1[cuda1,share=0.2873,tput=2.84]
epoch 14: eval=0.6536
epoch 15: loss=0.763396, train_acc=0.7348, time=9.1s
per-rank: rank0[cuda0,share=0.3610,tput=2.42] rank2[cuda2,share=0.3518,tput=3.85] rank1[cuda1,share=0.2873,tput=4.42]
epoch 15: eval=0.7318
epoch 16: loss=0.743837, train_acc=0.7418, time=8.9s
per-rank: rank0[cuda0,share=0.3610,tput=4.05] rank2[cuda2,share=0.3518,tput=2.18] rank1[cuda1,share=0.2873,tput=4.02]
epoch 16: eval=0.7092
epoch 17: loss=0.730098, train_acc=0.7473, time=8.5s
per-rank: rank0[cuda0,share=0.3610,tput=2.49] rank2[cuda2,share=0.3518,tput=4.46] rank1[cuda1,share=0.2873,tput=3.11]
epoch 17: eval=0.6958
epoch 18: loss=0.710674, train_acc=0.7541, time=9.1s
per-rank: rank0[cuda0,share=0.3610,tput=2.42] rank2[cuda2,share=0.3518,tput=4.34] rank1[cuda1,share=0.2873,tput=3.55]
epoch 18: eval=0.6795
epoch 19: loss=0.702134, train_acc=0.7587, time=8.8s
per-rank: rank0[cuda0,share=0.3610,tput=4.54] rank2[cuda2,share=0.3518,tput=2.98] rank1[cuda1,share=0.2873,tput=2.59]
epoch 19: eval=0.7413
epoch 20: loss=0.684870, train_acc=0.7651, time=8.9s
per-rank: rank0[cuda0,share=0.3610,tput=2.51] rank2[cuda2,share=0.3518,tput=2.67] rank1[cuda1,share=0.2873,tput=6.53]
epoch 20: eval=0.7213
epoch 21: loss=0.682339, train_acc=0.7654, time=8.7s
per-rank: rank0[cuda0,share=0.3610,tput=3.06] rank2[cuda2,share=0.3518,tput=4.47] rank1[cuda1,share=0.2873,tput=3.30]
epoch 21: eval=0.6665
epoch 22: loss=0.668889, train_acc=0.7692, time=10.1s
per-rank: rank0[cuda0,share=0.3610,tput=2.17] rank2[cuda2,share=0.3518,tput=3.19] rank1[cuda1,share=0.2873,tput=6.37]
epoch 22: eval=0.7150
epoch 23: loss=0.667538, train_acc=0.7709, time=9.5s
per-rank: rank0[cuda0,share=0.3610,tput=3.75] rank2[cuda2,share=0.3518,tput=3.56] rank1[cuda1,share=0.2873,tput=2.34]
epoch 23: eval=0.7379
epoch 24: loss=0.655748, train_acc=0.7758, time=8.4s
per-rank: rank0[cuda0,share=0.3610,tput=2.83] rank2[cuda2,share=0.3518,tput=4.57] rank1[cuda1,share=0.2873,tput=2.80]
epoch 24: eval=0.6806
epoch 25: loss=0.649713, eval=0.7120, train_acc=0.7765, time=9.6s
per-rank: rank0[cuda0,share=0.3610,tput=3.21] rank2[cuda2,share=0.3518,tput=2.00] rank1[cuda1,share=0.2873,tput=5.90]
epoch 26: loss=0.649141, train_acc=0.7776, time=9.0s
per-rank: rank0[cuda0,share=0.3610,tput=2.46] rank2[cuda2,share=0.3518,tput=3.18] rank1[cuda1,share=0.2873,tput=4.67]
epoch 26: eval=0.7438
epoch 27: loss=0.635703, train_acc=0.7803, time=9.1s
per-rank: rank0[cuda0,share=0.3610,tput=2.42] rank2[cuda2,share=0.3518,tput=4.21] rank1[cuda1,share=0.2873,tput=3.80]
epoch 27: eval=0.7275
epoch 28: loss=0.627712, train_acc=0.7803, time=8.9s
per-rank: rank0[cuda0,share=0.3610,tput=2.64] rank2[cuda2,share=0.3518,tput=4.98] rank1[cuda1,share=0.2873,tput=2.73]
epoch 28: eval=0.7668
epoch 29: loss=0.623950, train_acc=0.7857, time=8.6s
per-rank: rank0[cuda0,share=0.3610,tput=3.36] rank2[cuda2,share=0.3518,tput=2.33] rank1[cuda1,share=0.2873,tput=4.49]
epoch 29: eval=0.7236
epoch 30: loss=0.612077, train_acc=0.7898, time=9.7s
per-rank: rank0[cuda0,share=0.3610,tput=2.24] rank2[cuda2,share=0.3518,tput=4.94] rank1[cuda1,share=0.2873,tput=3.58]
epoch 30: eval=0.7596
epoch 31: loss=0.610229, train_acc=0.7904, time=9.2s
per-rank: rank0[cuda0,share=0.3610,tput=3.13] rank2[cuda2,share=0.3518,tput=4.60] rank1[cuda1,share=0.2873,tput=2.73]
epoch 31: eval=0.7192
epoch 32: loss=0.611062, train_acc=0.7876, time=8.6s
per-rank: rank0[cuda0,share=0.3610,tput=2.42] rank2[cuda2,share=0.3518,tput=4.91] rank1[cuda1,share=0.2873,tput=2.72]
epoch 32: eval=0.7133
epoch 33: loss=0.610262, train_acc=0.7903, time=9.9s
per-rank: rank0[cuda0,share=0.3610,tput=2.17] rank2[cuda2,share=0.3518,tput=4.45] rank1[cuda1,share=0.2873,tput=4.05]
epoch 33: eval=0.7707
epoch 34: loss=0.599903, train_acc=0.7931, time=9.3s
per-rank: rank0[cuda0,share=0.3610,tput=3.03] rank2[cuda2,share=0.3518,tput=4.06] rank1[cuda1,share=0.2873,tput=3.03]
epoch 34: eval=0.7905
epoch 35: loss=0.595693, train_acc=0.7971, time=8.7s
per-rank: rank0[cuda0,share=0.3610,tput=5.53] rank2[cuda2,share=0.3518,tput=3.87] rank1[cuda1,share=0.2873,tput=2.43]
epoch 35: eval=0.7472
epoch 36: loss=0.597741, train_acc=0.7942, time=8.7s
per-rank: rank0[cuda0,share=0.3610,tput=3.05] rank2[cuda2,share=0.3518,tput=4.49] rank1[cuda1,share=0.2873,tput=2.48]
epoch 36: eval=0.7589
epoch 37: loss=0.594135, train_acc=0.7962, time=9.1s
per-rank: rank0[cuda0,share=0.3610,tput=2.40] rank2[cuda2,share=0.3518,tput=3.36] rank1[cuda1,share=0.2873,tput=4.54]
epoch 37: eval=0.7564
epoch 38: loss=0.582271, train_acc=0.7996, time=8.7s
per-rank: rank0[cuda0,share=0.3610,tput=4.27] rank2[cuda2,share=0.3518,tput=2.83] rank1[cuda1,share=0.2873,tput=3.07]
epoch 38: eval=0.7407
epoch 39: loss=0.580044, train_acc=0.7999, time=10.8s
per-rank: rank0[cuda0,share=0.3610,tput=2.06] rank2[cuda2,share=0.3518,tput=3.22] rank1[cuda1,share=0.2873,tput=6.58]
epoch 39: eval=0.7347
epoch 40: loss=0.583618, train_acc=0.7992, time=9.7s
per-rank: rank0[cuda0,share=0.3610,tput=2.87] rank2[cuda2,share=0.3518,tput=2.21] rank1[cuda1,share=0.2873,tput=5.24]
epoch 40: eval=0.7035
epoch 41: loss=0.574061, train_acc=0.8016, time=9.6s
per-rank: rank0[cuda0,share=0.3610,tput=2.28] rank2[cuda2,share=0.3518,tput=4.50] rank1[cuda1,share=0.2873,tput=4.44]
epoch 41: eval=0.7343
epoch 42: loss=0.577903, train_acc=0.8015, time=9.2s
per-rank: rank0[cuda0,share=0.3610,tput=3.34] rank2[cuda2,share=0.3518,tput=3.23] rank1[cuda1,share=0.2873,tput=2.96]
epoch 42: eval=0.7627
epoch 43: loss=0.567730, train_acc=0.8046, time=8.6s
per-rank: rank0[cuda0,share=0.3610,tput=2.86] rank2[cuda2,share=0.3518,tput=4.11] rank1[cuda1,share=0.2873,tput=2.99]
epoch 43: eval=0.7775
epoch 44: loss=0.572799, train_acc=0.8015, time=10.3s
per-rank: rank0[cuda0,share=0.3610,tput=2.08] rank2[cuda2,share=0.3518,tput=4.42] rank1[cuda1,share=0.2873,tput=4.16]
epoch 44: eval=0.7741
epoch 45: loss=0.568030, train_acc=0.8033, time=9.5s
per-rank: rank0[cuda0,share=0.3610,tput=3.18] rank2[cuda2,share=0.3518,tput=3.15] rank1[cuda1,share=0.2873,tput=3.15]
epoch 45: eval=0.7986
epoch 46: loss=0.563346, train_acc=0.8046, time=8.9s
per-rank: rank0[cuda0,share=0.3610,tput=4.04] rank2[cuda2,share=0.3518,tput=2.17] rank1[cuda1,share=0.2873,tput=4.16]
epoch 46: eval=0.7168
epoch 47: loss=0.561982, train_acc=0.8070, time=8.9s
per-rank: rank0[cuda0,share=0.3610,tput=3.12] rank2[cuda2,share=0.3518,tput=4.59] rank1[cuda1,share=0.2873,tput=2.35]
epoch 47: eval=0.7108
epoch 48: loss=0.566735, train_acc=0.8053, time=8.5s
per-rank: rank0[cuda0,share=0.3610,tput=4.64] rank2[cuda2,share=0.3518,tput=2.22] rank1[cuda1,share=0.2873,tput=3.60]
epoch 48: eval=0.7568
epoch 49: loss=0.561603, train_acc=0.8072, time=9.5s
per-rank: rank0[cuda0,share=0.3610,tput=2.27] rank2[cuda2,share=0.3518,tput=3.95] rank1[cuda1,share=0.2873,tput=4.08]
epoch 49: eval=0.7710
epoch 50: loss=0.554654, train_acc=0.8097, time=8.9s
per-rank: rank0[cuda0,share=0.3610,tput=4.00] rank2[cuda2,share=0.3518,tput=2.19] rank1[cuda1,share=0.2873,tput=4.50]
epoch 50: eval=0.7448
epoch 51: loss=0.563719, train_acc=0.8067, time=9.8s
per-rank: rank0[cuda0,share=0.3610,tput=2.25] rank2[cuda2,share=0.3518,tput=4.38] rank1[cuda1,share=0.2873,tput=4.18]
epoch 51: eval=0.7492
epoch 52: loss=0.563942, train_acc=0.8075, time=9.3s
per-rank: rank0[cuda0,share=0.3610,tput=4.10] rank2[cuda2,share=0.3518,tput=2.08] rank1[cuda1,share=0.2873,tput=4.46]
epoch 52: eval=0.7768
epoch 53: loss=0.550293, train_acc=0.8103, time=8.7s
per-rank: rank0[cuda0,share=0.3610,tput=2.97] rank2[cuda2,share=0.3518,tput=4.58] rank1[cuda1,share=0.2873,tput=2.70]
epoch 53: eval=0.6890
epoch 54: loss=0.563059, train_acc=0.8053, time=10.0s
per-rank: rank0[cuda0,share=0.3610,tput=2.19] rank2[cuda2,share=0.3518,tput=4.23] rank1[cuda1,share=0.2873,tput=4.27]
epoch 54: eval=0.7808
epoch 55: loss=0.547655, train_acc=0.8125, time=9.4s
per-rank: rank0[cuda0,share=0.3610,tput=4.05] rank2[cuda2,share=0.3518,tput=2.23] rank1[cuda1,share=0.2873,tput=3.95]
epoch 55: eval=0.7706
epoch 56: loss=0.547968, train_acc=0.8129, time=9.0s
per-rank: rank0[cuda0,share=0.3610,tput=2.45] rank2[cuda2,share=0.3518,tput=4.27] rank1[cuda1,share=0.2873,tput=3.68]
epoch 56: eval=0.7642
epoch 57: loss=0.552982, train_acc=0.8085, time=8.8s
per-rank: rank0[cuda0,share=0.3610,tput=3.49] rank2[cuda2,share=0.3518,tput=3.90] rank1[cuda1,share=0.2873,tput=3.01]
epoch 57: eval=0.7465
epoch 58: loss=0.540438, train_acc=0.8154, time=9.7s
per-rank: rank0[cuda0,share=0.3610,tput=2.31] rank2[cuda2,share=0.3518,tput=3.02] rank1[cuda1,share=0.2873,tput=6.67]
epoch 58: eval=0.7571
epoch 59: loss=0.554565, train_acc=0.8115, time=9.2s
per-rank: rank0[cuda0,share=0.3610,tput=3.91] rank2[cuda2,share=0.3518,tput=2.15] rank1[cuda1,share=0.2873,tput=4.20]
epoch 59: eval=0.7796
epoch 60: loss=0.544247, train_acc=0.8129, time=9.3s
per-rank: rank0[cuda0,share=0.3610,tput=2.36] rank2[cuda2,share=0.3518,tput=2.94] rank1[cuda1,share=0.2873,tput=6.61]
epoch 60: eval=0.7479
epoch 61: loss=0.541781, train_acc=0.8154, time=9.1s
per-rank: rank0[cuda0,share=0.3610,tput=3.60] rank2[cuda2,share=0.3518,tput=4.09] rank1[cuda1,share=0.2873,tput=3.13]
epoch 61: eval=0.8165
epoch 62: loss=0.543905, train_acc=0.8136, time=9.4s
per-rank: rank0[cuda0,share=0.3610,tput=2.29] rank2[cuda2,share=0.3518,tput=3.18] rank1[cuda1,share=0.2873,tput=5.25]
epoch 62: eval=0.7462
epoch 63: loss=0.540163, train_acc=0.8160, time=9.0s
per-rank: rank0[cuda0,share=0.3610,tput=4.53] rank2[cuda2,share=0.3518,tput=2.12] rank1[cuda1,share=0.2873,tput=4.09]
epoch 63: eval=0.8001
epoch 64: loss=0.533425, train_acc=0.8170, time=8.6s
per-rank: rank0[cuda0,share=0.3610,tput=2.86] rank2[cuda2,share=0.3518,tput=4.93] rank1[cuda1,share=0.2873,tput=2.53]
epoch 64: eval=0.8014
epoch 65: loss=0.537010, train_acc=0.8157, time=10.0s
per-rank: rank0[cuda0,share=0.3610,tput=2.22] rank2[cuda2,share=0.3518,tput=3.19] rank1[cuda1,share=0.2873,tput=6.03]
epoch 65: eval=0.8024
epoch 66: loss=0.535971, train_acc=0.8163, time=9.3s
per-rank: rank0[cuda0,share=0.3610,tput=3.63] rank2[cuda2,share=0.3518,tput=2.97] rank1[cuda1,share=0.2873,tput=3.06]
epoch 66: eval=0.7285
epoch 67: loss=0.538709, train_acc=0.8161, time=8.6s
per-rank: rank0[cuda0,share=0.3610,tput=3.93] rank2[cuda2,share=0.3518,tput=2.98] rank1[cuda1,share=0.2873,tput=2.91]
epoch 67: eval=0.7753
epoch 68: loss=0.539887, train_acc=0.8155, time=8.9s
per-rank: rank0[cuda0,share=0.3610,tput=3.03] rank2[cuda2,share=0.3518,tput=2.15] rank1[cuda1,share=0.2873,tput=6.49]
epoch 68: eval=0.7948
epoch 69: loss=0.533303, train_acc=0.8193, time=9.3s
per-rank: rank0[cuda0,share=0.3610,tput=2.36] rank2[cuda2,share=0.3518,tput=4.04] rank1[cuda1,share=0.2873,tput=4.15]
epoch 69: eval=0.7731
epoch 70: loss=0.537236, train_acc=0.8174, time=8.9s
per-rank: rank0[cuda0,share=0.3610,tput=3.86] rank2[cuda2,share=0.3518,tput=3.23] rank1[cuda1,share=0.2873,tput=2.70]
epoch 70: eval=0.7964
epoch 71: loss=0.535201, train_acc=0.8169, time=8.6s
per-rank: rank0[cuda0,share=0.3610,tput=3.31] rank2[cuda2,share=0.3518,tput=3.74] rank1[cuda1,share=0.2873,tput=2.99]
epoch 71: eval=0.7539
epoch 72: loss=0.525965, train_acc=0.8191, time=8.7s
per-rank: rank0[cuda0,share=0.3610,tput=2.22] rank2[cuda2,share=0.3518,tput=4.58] rank1[cuda1,share=0.2873,tput=3.23]
epoch 72: eval=0.7884
epoch 73: loss=0.530911, eval=0.7902, train_acc=0.8164, time=9.4s
per-rank: rank0[cuda0,share=0.3610,tput=4.35] rank2[cuda2,share=0.3518,tput=2.03] rank1[cuda1,share=0.2873,tput=4.38]
epoch 74: loss=0.532376, train_acc=0.8177, time=9.0s
per-rank: rank0[cuda0,share=0.3610,tput=3.18] rank2[cuda2,share=0.3518,tput=3.94] rank1[cuda1,share=0.2873,tput=2.75]
epoch 74: eval=0.8021
epoch 75: loss=0.524473, train_acc=0.8190, time=8.5s
per-rank: rank0[cuda0,share=0.3610,tput=2.98] rank2[cuda2,share=0.3518,tput=4.55] rank1[cuda1,share=0.2873,tput=2.66]
epoch 75: eval=0.7862
epoch 76: loss=0.528740, train_acc=0.8167, time=9.3s
per-rank: rank0[cuda0,share=0.3610,tput=2.35] rank2[cuda2,share=0.3518,tput=3.95] rank1[cuda1,share=0.2873,tput=4.05]
epoch 76: eval=0.7586
epoch 77: loss=0.526439, train_acc=0.8189, time=9.5s
per-rank: rank0[cuda0,share=0.3610,tput=4.18] rank2[cuda2,share=0.3518,tput=2.02] rank1[cuda1,share=0.2873,tput=4.57]
epoch 77: eval=0.7696
epoch 78: loss=0.523157, train_acc=0.8213, time=10.0s
per-rank: rank0[cuda0,share=0.3610,tput=2.15] rank2[cuda2,share=0.3518,tput=4.30] rank1[cuda1,share=0.2873,tput=3.96]
epoch 78: eval=0.7944
epoch 79: loss=0.528157, train_acc=0.8189, time=9.6s
per-rank: rank0[cuda0,share=0.3610,tput=3.93] rank2[cuda2,share=0.3518,tput=2.00] rank1[cuda1,share=0.2873,tput=4.59]
epoch 79: eval=0.7806
epoch 80: loss=0.527493, train_acc=0.8171, time=9.4s
per-rank: rank0[cuda0,share=0.3610,tput=2.30] rank2[cuda2,share=0.3518,tput=4.16] rank1[cuda1,share=0.2873,tput=3.87]
epoch 80: eval=0.7909
epoch 81: loss=0.520578, train_acc=0.8211, time=8.9s
per-rank: rank0[cuda0,share=0.3610,tput=4.03] rank2[cuda2,share=0.3518,tput=2.70] rank1[cuda1,share=0.2873,tput=3.01]
epoch 81: eval=0.7534
epoch 82: loss=0.526210, train_acc=0.8217, time=8.5s
per-rank: rank0[cuda0,share=0.3610,tput=3.99] rank2[cuda2,share=0.3518,tput=4.72] rank1[cuda1,share=0.2873,tput=2.87]
epoch 82: eval=0.7356
epoch 83: loss=0.521443, train_acc=0.8199, time=9.8s
per-rank: rank0[cuda0,share=0.3610,tput=2.25] rank2[cuda2,share=0.3518,tput=4.12] rank1[cuda1,share=0.2873,tput=4.43]
epoch 83: eval=0.7566
epoch 84: loss=0.530210, train_acc=0.8178, time=9.5s
per-rank: rank0[cuda0,share=0.3610,tput=3.64] rank2[cuda2,share=0.3518,tput=2.01] rank1[cuda1,share=0.2873,tput=5.16]
epoch 84: eval=0.8132
epoch 85: loss=0.525597, train_acc=0.8216, time=10.1s
per-rank: rank0[cuda0,share=0.3610,tput=2.15] rank2[cuda2,share=0.3518,tput=3.59] rank1[cuda1,share=0.2873,tput=4.71]
epoch 85: eval=0.7854
epoch 86: loss=0.517681, train_acc=0.8228, time=9.3s
per-rank: rank0[cuda0,share=0.3610,tput=3.30] rank2[cuda2,share=0.3518,tput=2.26] rank1[cuda1,share=0.2873,tput=4.76]
epoch 86: eval=0.8010
epoch 87: loss=0.521661, train_acc=0.8212, time=8.6s
per-rank: rank0[cuda0,share=0.3610,tput=2.68] rank2[cuda2,share=0.3518,tput=4.43] rank1[cuda1,share=0.2873,tput=2.84]
epoch 87: eval=0.8155
epoch 88: loss=0.524451, train_acc=0.8196, time=8.5s
per-rank: rank0[cuda0,share=0.3610,tput=4.79] rank2[cuda2,share=0.3518,tput=2.98] rank1[cuda1,share=0.2873,tput=2.36]
epoch 88: eval=0.7806
epoch 89: loss=0.520582, train_acc=0.8217, time=10.5s
per-rank: rank0[cuda0,share=0.3610,tput=2.03] rank2[cuda2,share=0.3518,tput=4.42] rank1[cuda1,share=0.2873,tput=3.86]
epoch 89: eval=0.7984
epoch 90: loss=0.513252, train_acc=0.8249, time=9.5s
per-rank: rank0[cuda0,share=0.3610,tput=2.86] rank2[cuda2,share=0.3518,tput=2.33] rank1[cuda1,share=0.2873,tput=4.76]
epoch 90: eval=0.7885
epoch 91: loss=0.512245, train_acc=0.8233, time=9.4s
per-rank: rank0[cuda0,share=0.3610,tput=2.35] rank2[cuda2,share=0.3518,tput=3.88] rank1[cuda1,share=0.2873,tput=4.52]
epoch 91: eval=0.8123
epoch 92: loss=0.516445, train_acc=0.8238, time=9.3s
per-rank: rank0[cuda0,share=0.3610,tput=4.24] rank2[cuda2,share=0.3518,tput=2.03] rank1[cuda1,share=0.2873,tput=4.35]
epoch 92: eval=0.7831
epoch 93: loss=0.518655, train_acc=0.8228, time=8.8s
per-rank: rank0[cuda0,share=0.3610,tput=2.81] rank2[cuda2,share=0.3518,tput=4.00] rank1[cuda1,share=0.2873,tput=2.88]
epoch 93: eval=0.8227
epoch 94: loss=0.514775, train_acc=0.8240, time=8.4s
per-rank: rank0[cuda0,share=0.3610,tput=4.70] rank2[cuda2,share=0.3518,tput=3.91] rank1[cuda1,share=0.2873,tput=2.41]
epoch 94: eval=0.8110
epoch 95: loss=0.516426, train_acc=0.8246, time=8.6s
per-rank: rank0[cuda0,share=0.3610,tput=4.15] rank2[cuda2,share=0.3518,tput=2.92] rank1[cuda1,share=0.2873,tput=2.66]
epoch 95: eval=0.6972
epoch 96: loss=0.516249, train_acc=0.8217, time=8.6s
per-rank: rank0[cuda0,share=0.3610,tput=3.43] rank2[cuda2,share=0.3518,tput=3.93] rank1[cuda1,share=0.2873,tput=2.60]
epoch 96: eval=0.7811
epoch 97: loss=0.510660, train_acc=0.8263, time=8.6s
per-rank: rank0[cuda0,share=0.3610,tput=3.00] rank2[cuda2,share=0.3518,tput=2.30] rank1[cuda1,share=0.2873,tput=6.04]
epoch 97: eval=0.8003
epoch 98: loss=0.506760, train_acc=0.8255, time=8.4s
per-rank: rank0[cuda0,share=0.3610,tput=4.72] rank2[cuda2,share=0.3518,tput=3.02] rank1[cuda1,share=0.2873,tput=2.48]
epoch 98: eval=0.8056
epoch 99: loss=0.515680, train_acc=0.8226, time=9.2s
per-rank: rank0[cuda0,share=0.3610,tput=2.38] rank2[cuda2,share=0.3518,tput=4.72] rank1[cuda1,share=0.2873,tput=3.62]
epoch 99: eval=0.7896
epoch 100: loss=0.504901, train_acc=0.8290, time=8.8s
per-rank: rank0[cuda0,share=0.3610,tput=4.21] rank2[cuda2,share=0.3518,tput=2.23] rank1[cuda1,share=0.2873,tput=3.97]
epoch 100: eval=0.7657
epoch 101: loss=0.508454, train_acc=0.8251, time=9.9s
per-rank: rank0[cuda0,share=0.3610,tput=2.19] rank2[cuda2,share=0.3518,tput=4.03] rank1[cuda1,share=0.2873,tput=4.29]
epoch 101: eval=0.7501
epoch 102: loss=0.515654, train_acc=0.8236, time=9.3s
per-rank: rank0[cuda0,share=0.3610,tput=3.45] rank2[cuda2,share=0.3518,tput=3.33] rank1[cuda1,share=0.2873,tput=2.99]
epoch 102: eval=0.8102
epoch 103: loss=0.510704, train_acc=0.8255, time=8.7s
per-rank: rank0[cuda0,share=0.3610,tput=2.93] rank2[cuda2,share=0.3518,tput=2.18] rank1[cuda1,share=0.2873,tput=6.21]
epoch 103: eval=0.7583
epoch 104: loss=0.511108, train_acc=0.8244, time=9.6s
per-rank: rank0[cuda0,share=0.3610,tput=2.27] rank2[cuda2,share=0.3518,tput=3.63] rank1[cuda1,share=0.2873,tput=4.65]
epoch 104: eval=0.8032
epoch 105: loss=0.509108, train_acc=0.8269, time=9.1s
per-rank: rank0[cuda0,share=0.3610,tput=2.91] rank2[cuda2,share=0.3518,tput=2.32] rank1[cuda1,share=0.2873,tput=4.78]
epoch 105: eval=0.7392
epoch 106: loss=0.503104, train_acc=0.8288, time=8.8s
per-rank: rank0[cuda0,share=0.3610,tput=2.92] rank2[cuda2,share=0.3518,tput=2.19] rank1[cuda1,share=0.2873,tput=6.69]
epoch 106: eval=0.8079
epoch 107: loss=0.505188, train_acc=0.8282, time=8.7s
per-rank: rank0[cuda0,share=0.3610,tput=3.16] rank2[cuda2,share=0.3518,tput=3.81] rank1[cuda1,share=0.2873,tput=2.83]
epoch 107: eval=0.8014
epoch 108: loss=0.509483, train_acc=0.8246, time=8.5s
per-rank: rank0[cuda0,share=0.3610,tput=3.76] rank2[cuda2,share=0.3518,tput=3.19] rank1[cuda1,share=0.2873,tput=3.07]
epoch 108: eval=0.7905
epoch 109: loss=0.504071, train_acc=0.8259, time=8.5s
per-rank: rank0[cuda0,share=0.3610,tput=2.84] rank2[cuda2,share=0.3518,tput=4.54] rank1[cuda1,share=0.2873,tput=2.78]
epoch 109: eval=0.7911
epoch 110: loss=0.511870, train_acc=0.8243, time=8.6s
per-rank: rank0[cuda0,share=0.3610,tput=2.78] rank2[cuda2,share=0.3518,tput=4.84] rank1[cuda1,share=0.2873,tput=2.72]
epoch 110: eval=0.8008
epoch 111: loss=0.508214, train_acc=0.8248, time=8.7s
per-rank: rank0[cuda0,share=0.3610,tput=3.41] rank2[cuda2,share=0.3518,tput=4.07] rank1[cuda1,share=0.2873,tput=2.48]
epoch 111: eval=0.8077
epoch 112: loss=0.509063, train_acc=0.8261, time=8.7s
per-rank: rank0[cuda0,share=0.3610,tput=2.86] rank2[cuda2,share=0.3518,tput=2.21] rank1[cuda1,share=0.2873,tput=6.16]
epoch 112: eval=0.7821
epoch 113: loss=0.511466, train_acc=0.8239, time=8.6s
per-rank: rank0[cuda0,share=0.3610,tput=4.49] rank2[cuda2,share=0.3518,tput=2.27] rank1[cuda1,share=0.2873,tput=3.50]
epoch 113: eval=0.8091
epoch 114: loss=0.506576, train_acc=0.8268, time=9.2s
per-rank: rank0[cuda0,share=0.3610,tput=2.41] rank2[cuda2,share=0.3518,tput=4.53] rank1[cuda1,share=0.2873,tput=3.60]
epoch 114: eval=0.7418
epoch 115: loss=0.499196, train_acc=0.8281, time=9.0s
per-rank: rank0[cuda0,share=0.3610,tput=4.10] rank2[cuda2,share=0.3518,tput=2.45] rank1[cuda1,share=0.2873,tput=3.43]
epoch 115: eval=0.7821
epoch 116: loss=0.502697, train_acc=0.8270, time=8.6s
per-rank: rank0[cuda0,share=0.3610,tput=4.78] rank2[cuda2,share=0.3518,tput=2.23] rank1[cuda1,share=0.2873,tput=3.56]
epoch 116: eval=0.8117
epoch 117: loss=0.509613, train_acc=0.8252, time=10.5s
per-rank: rank0[cuda0,share=0.3610,tput=2.06] rank2[cuda2,share=0.3518,tput=4.56] rank1[cuda1,share=0.2873,tput=3.92]
epoch 117: eval=0.7883
epoch 118: loss=0.499807, train_acc=0.8294, time=9.6s
per-rank: rank0[cuda0,share=0.3610,tput=3.07] rank2[cuda2,share=0.3518,tput=2.34] rank1[cuda1,share=0.2873,tput=5.12]
epoch 118: eval=0.7305
epoch 119: loss=0.501183, train_acc=0.8274, time=9.2s
per-rank: rank0[cuda0,share=0.3610,tput=3.67] rank2[cuda2,share=0.3518,tput=2.08] rank1[cuda1,share=0.2873,tput=5.82]
epoch 119: eval=0.7950
epoch 120: loss=0.499210, train_acc=0.8283, time=9.0s
per-rank: rank0[cuda0,share=0.3610,tput=3.53] rank2[cuda2,share=0.3518,tput=3.91] rank1[cuda1,share=0.2873,tput=2.58]
epoch 120: eval=0.7985
epoch 121: loss=0.499862, train_acc=0.8279, time=9.0s
per-rank: rank0[cuda0,share=0.3610,tput=4.07] rank2[cuda2,share=0.3518,tput=2.11] rank1[cuda1,share=0.2873,tput=4.59]
epoch 121: eval=0.7481
epoch 122: loss=0.496829, train_acc=0.8297, time=8.9s
per-rank: rank0[cuda0,share=0.3610,tput=4.56] rank2[cuda2,share=0.3518,tput=4.66] rank1[cuda1,share=0.2873,tput=2.69]
epoch 122: eval=0.8216
epoch 123: loss=0.501312, train_acc=0.8274, time=8.7s
per-rank: rank0[cuda0,share=0.3610,tput=2.79] rank2[cuda2,share=0.3518,tput=5.34] rank1[cuda1,share=0.2873,tput=2.74]
epoch 123: eval=0.8149
epoch 124: loss=0.498079, train_acc=0.8318, time=8.5s
per-rank: rank0[cuda0,share=0.3610,tput=2.65] rank2[cuda2,share=0.3518,tput=4.73] rank1[cuda1,share=0.2873,tput=2.81]
epoch 124: eval=0.7909
epoch 125: loss=0.502681, train_acc=0.8275, time=10.1s
per-rank: rank0[cuda0,share=0.3610,tput=2.13] rank2[cuda2,share=0.3518,tput=4.36] rank1[cuda1,share=0.2873,tput=3.69]
epoch 125: eval=0.7783
epoch 126: loss=0.495241, train_acc=0.8306, time=9.4s
per-rank: rank0[cuda0,share=0.3610,tput=2.98] rank2[cuda2,share=0.3518,tput=2.18] rank1[cuda1,share=0.2873,tput=5.13]
epoch 126: eval=0.8101
epoch 127: loss=0.499564, train_acc=0.8277, time=9.7s
per-rank: rank0[cuda0,share=0.3610,tput=2.30] rank2[cuda2,share=0.3518,tput=5.34] rank1[cuda1,share=0.2873,tput=4.32]
epoch 127: eval=0.8088
epoch 128: loss=0.494787, train_acc=0.8309, time=9.4s
per-rank: rank0[cuda0,share=0.3610,tput=3.45] rank2[cuda2,share=0.3518,tput=2.45] rank1[cuda1,share=0.2873,tput=3.91]
epoch 128: eval=0.7907
epoch 129: loss=0.506964, train_acc=0.8269, time=9.5s
per-rank: rank0[cuda0,share=0.3610,tput=2.31] rank2[cuda2,share=0.3518,tput=4.39] rank1[cuda1,share=0.2873,tput=3.67]
epoch 129: eval=0.7775
epoch 130: loss=0.545517, train_acc=0.8120, time=9.1s
per-rank: rank0[cuda0,share=0.3655,tput=3.35] rank2[cuda2,share=0.3437,tput=4.52] rank1[cuda1,share=0.2909,tput=3.20]
epoch 130: eval=0.1182
epoch 131: loss=1.224677, train_acc=0.5616, time=8.6s
per-rank: rank0[cuda0,share=0.3655,tput=3.37] rank2[cuda2,share=0.3437,tput=4.14] rank1[cuda1,share=0.2909,tput=2.83]
epoch 131: eval=0.6724
epoch 132: loss=0.814548, train_acc=0.7157, time=10.4s
per-rank: rank0[cuda0,share=0.3655,tput=2.13] rank2[cuda2,share=0.3437,tput=4.87] rank1[cuda1,share=0.2909,tput=3.48]
epoch 132: eval=0.7369
epoch 133: loss=0.683778, train_acc=0.7628, time=9.5s
per-rank: rank0[cuda0,share=0.3655,tput=2.84] rank2[cuda2,share=0.3437,tput=2.45] rank1[cuda1,share=0.2909,tput=4.48]
epoch 133: eval=0.7656
epoch 134: loss=0.609328, train_acc=0.7910, time=8.7s
per-rank: rank0[cuda0,share=0.3655,tput=2.89] rank2[cuda2,share=0.3437,tput=2.23] rank1[cuda1,share=0.2909,tput=5.85]
epoch 134: eval=0.7901
epoch 135: loss=0.562141, train_acc=0.8040, time=9.4s
per-rank: rank0[cuda0,share=0.3655,tput=2.39] rank2[cuda2,share=0.3437,tput=4.10] rank1[cuda1,share=0.2909,tput=4.01]
epoch 135: eval=0.8056
epoch 136: loss=0.519399, train_acc=0.8212, time=9.0s
per-rank: rank0[cuda0,share=0.3655,tput=3.21] rank2[cuda2,share=0.3437,tput=2.28] rank1[cuda1,share=0.2909,tput=4.49]
epoch 136: eval=0.8133
epoch 137: loss=0.493775, train_acc=0.8286, time=8.5s
per-rank: rank0[cuda0,share=0.3655,tput=4.38] rank2[cuda2,share=0.3437,tput=2.12] rank1[cuda1,share=0.2909,tput=5.88]
epoch 137: eval=0.8173
epoch 138: loss=0.466177, train_acc=0.8395, time=8.5s
per-rank: rank0[cuda0,share=0.3655,tput=3.08] rank2[cuda2,share=0.3437,tput=4.92] rank1[cuda1,share=0.2909,tput=2.50]
epoch 138: eval=0.8252
epoch 139: loss=0.454938, train_acc=0.8430, time=8.6s
per-rank: rank0[cuda0,share=0.3655,tput=2.89] rank2[cuda2,share=0.3437,tput=5.04] rank1[cuda1,share=0.2909,tput=2.60]
epoch 139: eval=0.8418
epoch 140: loss=0.432821, train_acc=0.8494, time=9.2s
per-rank: rank0[cuda0,share=0.3655,tput=2.44] rank2[cuda2,share=0.3437,tput=4.04] rank1[cuda1,share=0.2909,tput=3.94]
epoch 140: eval=0.8420
epoch 141: loss=0.417598, train_acc=0.8564, time=9.2s
per-rank: rank0[cuda0,share=0.3655,tput=3.81] rank2[cuda2,share=0.3437,tput=2.01] rank1[cuda1,share=0.2909,tput=4.78]
epoch 141: eval=0.8463
epoch 142: loss=0.408279, train_acc=0.8596, time=9.3s
per-rank: rank0[cuda0,share=0.3655,tput=2.42] rank2[cuda2,share=0.3437,tput=4.49] rank1[cuda1,share=0.2909,tput=3.61]
epoch 142: eval=0.8344
epoch 143: loss=0.394850, train_acc=0.8631, time=9.0s
per-rank: rank0[cuda0,share=0.3655,tput=4.39] rank2[cuda2,share=0.3437,tput=2.99] rank1[cuda1,share=0.2909,tput=2.48]
epoch 143: eval=0.8452
epoch 144: loss=0.384092, train_acc=0.8670, time=8.5s
per-rank: rank0[cuda0,share=0.3655,tput=3.02] rank2[cuda2,share=0.3437,tput=4.73] rank1[cuda1,share=0.2909,tput=2.66]
epoch 144: eval=0.8551
epoch 145: loss=0.373741, train_acc=0.8710, time=8.6s
per-rank: rank0[cuda0,share=0.3655,tput=2.98] rank2[cuda2,share=0.3437,tput=4.50] rank1[cuda1,share=0.2909,tput=2.79]
epoch 145: eval=0.8579
epoch 146: loss=0.366170, train_acc=0.8721, time=8.7s
per-rank: rank0[cuda0,share=0.3655,tput=3.65] rank2[cuda2,share=0.3437,tput=2.27] rank1[cuda1,share=0.2909,tput=4.24]
epoch 146: eval=0.8511
epoch 147: loss=0.352986, train_acc=0.8791, time=10.1s
per-rank: rank0[cuda0,share=0.3655,tput=2.30] rank2[cuda2,share=0.3437,tput=4.38] rank1[cuda1,share=0.2909,tput=4.30]
epoch 147: eval=0.8552
epoch 148: loss=0.353374, train_acc=0.8779, time=9.4s
per-rank: rank0[cuda0,share=0.3655,tput=3.87] rank2[cuda2,share=0.3437,tput=2.47] rank1[cuda1,share=0.2909,tput=3.95]
epoch 148: eval=0.8602
epoch 149: loss=0.345276, train_acc=0.8805, time=10.0s
per-rank: rank0[cuda0,share=0.3655,tput=2.23] rank2[cuda2,share=0.3437,tput=3.10] rank1[cuda1,share=0.2909,tput=5.83]
epoch 149: eval=0.8566
epoch 150: loss=0.341187, train_acc=0.8806, time=9.4s
per-rank: rank0[cuda0,share=0.3655,tput=3.76] rank2[cuda2,share=0.3437,tput=2.41] rank1[cuda1,share=0.2909,tput=3.93]
epoch 150: eval=0.8626
epoch 151: loss=0.336318, train_acc=0.8854, time=8.7s
per-rank: rank0[cuda0,share=0.3655,tput=4.84] rank2[cuda2,share=0.3437,tput=4.53] rank1[cuda1,share=0.2909,tput=2.62]
epoch 151: eval=0.8638
epoch 152: loss=0.325269, train_acc=0.8879, time=8.6s
per-rank: rank0[cuda0,share=0.3655,tput=3.06] rank2[cuda2,share=0.3437,tput=4.95] rank1[cuda1,share=0.2909,tput=2.52]
epoch 152: eval=0.8696
epoch 153: loss=0.322052, train_acc=0.8889, time=9.8s
per-rank: rank0[cuda0,share=0.3655,tput=2.28] rank2[cuda2,share=0.3437,tput=4.81] rank1[cuda1,share=0.2909,tput=3.34]
epoch 153: eval=0.8628
epoch 154: loss=0.318984, train_acc=0.8897, time=9.2s
per-rank: rank0[cuda0,share=0.3655,tput=3.93] rank2[cuda2,share=0.3437,tput=2.40] rank1[cuda1,share=0.2909,tput=3.90]
epoch 154: eval=0.8534
epoch 155: loss=0.311043, train_acc=0.8931, time=8.5s
per-rank: rank0[cuda0,share=0.3655,tput=4.36] rank2[cuda2,share=0.3437,tput=3.04] rank1[cuda1,share=0.2909,tput=2.59]
epoch 155: eval=0.8701
epoch 156: loss=0.306734, train_acc=0.8950, time=8.6s
per-rank: rank0[cuda0,share=0.3655,tput=3.94] rank2[cuda2,share=0.3437,tput=2.29] rank1[cuda1,share=0.2909,tput=5.17]
epoch 156: eval=0.8720
epoch 157: loss=0.310128, train_acc=0.8928, time=8.6s
per-rank: rank0[cuda0,share=0.3655,tput=5.53] rank2[cuda2,share=0.3437,tput=4.15] rank1[cuda1,share=0.2909,tput=2.18]
epoch 157: eval=0.8744
epoch 158: loss=0.304106, train_acc=0.8932, time=8.5s
per-rank: rank0[cuda0,share=0.3655,tput=3.83] rank2[cuda2,share=0.3437,tput=3.09] rank1[cuda1,share=0.2909,tput=2.91]
epoch 158: eval=0.8579
epoch 159: loss=0.301779, train_acc=0.8942, time=9.9s
per-rank: rank0[cuda0,share=0.3655,tput=2.30] rank2[cuda2,share=0.3437,tput=3.04] rank1[cuda1,share=0.2909,tput=6.14]
epoch 159: eval=0.8565
epoch 160: loss=0.294832, train_acc=0.8986, time=9.3s
per-rank: rank0[cuda0,share=0.3655,tput=3.61] rank2[cuda2,share=0.3437,tput=2.24] rank1[cuda1,share=0.2909,tput=4.34]
epoch 160: eval=0.8677
epoch 161: loss=0.293313, train_acc=0.8983, time=10.6s
per-rank: rank0[cuda0,share=0.3655,tput=2.09] rank2[cuda2,share=0.3437,tput=4.67] rank1[cuda1,share=0.2909,tput=3.90]
epoch 161: eval=0.8687
epoch 162: loss=0.291252, train_acc=0.8982, time=9.6s
per-rank: rank0[cuda0,share=0.3655,tput=2.96] rank2[cuda2,share=0.3437,tput=2.50] rank1[cuda1,share=0.2909,tput=4.26]
epoch 162: eval=0.8773
epoch 163: loss=0.288603, train_acc=0.8989, time=8.5s
per-rank: rank0[cuda0,share=0.3655,tput=3.05] rank2[cuda2,share=0.3437,tput=5.21] rank1[cuda1,share=0.2909,tput=2.28]
epoch 163: eval=0.8699
epoch 164: loss=0.284968, train_acc=0.9021, time=8.6s
per-rank: rank0[cuda0,share=0.3655,tput=3.24] rank2[cuda2,share=0.3437,tput=2.21] rank1[cuda1,share=0.2909,tput=5.96]
epoch 164: eval=0.8764
epoch 165: loss=0.277806, train_acc=0.9028, time=9.3s
per-rank: rank0[cuda0,share=0.3655,tput=2.41] rank2[cuda2,share=0.3437,tput=3.53] rank1[cuda1,share=0.2909,tput=4.77]
epoch 165: eval=0.8714
epoch 166: loss=0.279440, train_acc=0.9034, time=8.9s
per-rank: rank0[cuda0,share=0.3655,tput=3.43] rank2[cuda2,share=0.3437,tput=2.23] rank1[cuda1,share=0.2909,tput=4.49]
epoch 166: eval=0.8649
epoch 167: loss=0.273541, train_acc=0.9048, time=8.6s
per-rank: rank0[cuda0,share=0.3655,tput=2.92] rank2[cuda2,share=0.3437,tput=2.13] rank1[cuda1,share=0.2909,tput=6.41]
epoch 167: eval=0.8722
epoch 168: loss=0.269480, train_acc=0.9074, time=8.7s
per-rank: rank0[cuda0,share=0.3655,tput=2.65] rank2[cuda2,share=0.3437,tput=5.31] rank1[cuda1,share=0.2909,tput=2.50]
epoch 168: eval=0.8676
epoch 169: loss=0.268680, train_acc=0.9057, time=8.4s
per-rank: rank0[cuda0,share=0.3655,tput=3.18] rank2[cuda2,share=0.3437,tput=2.16] rank1[cuda1,share=0.2909,tput=6.10]
epoch 169: eval=0.8639
epoch 170: loss=0.272365, train_acc=0.9057, time=9.1s
per-rank: rank0[cuda0,share=0.3655,tput=3.09] rank2[cuda2,share=0.3437,tput=2.00] rank1[cuda1,share=0.2909,tput=6.87]
epoch 170: eval=0.8754
epoch 171: loss=0.263582, train_acc=0.9083, time=9.0s
per-rank: rank0[cuda0,share=0.3655,tput=3.30] rank2[cuda2,share=0.3437,tput=4.53] rank1[cuda1,share=0.2909,tput=2.36]
epoch 171: eval=0.8725
epoch 172: loss=0.266014, train_acc=0.9071, time=8.6s
per-rank: rank0[cuda0,share=0.3655,tput=3.87] rank2[cuda2,share=0.3437,tput=3.73] rank1[cuda1,share=0.2909,tput=2.32]
epoch 172: eval=0.8828
epoch 173: loss=0.263363, train_acc=0.9086, time=10.0s
per-rank: rank0[cuda0,share=0.3655,tput=2.27] rank2[cuda2,share=0.3437,tput=2.94] rank1[cuda1,share=0.2909,tput=6.06]
epoch 173: eval=0.8682
epoch 174: loss=0.261332, train_acc=0.9095, time=9.2s
per-rank: rank0[cuda0,share=0.3655,tput=3.59] rank2[cuda2,share=0.3437,tput=2.09] rank1[cuda1,share=0.2909,tput=4.78]
epoch 174: eval=0.8708
epoch 175: loss=0.262910, train_acc=0.9079, time=10.2s
per-rank: rank0[cuda0,share=0.3655,tput=2.21] rank2[cuda2,share=0.3437,tput=4.27] rank1[cuda1,share=0.2909,tput=4.24]
epoch 175: eval=0.8818
epoch 176: loss=0.256555, train_acc=0.9107, time=9.5s
per-rank: rank0[cuda0,share=0.3655,tput=3.62] rank2[cuda2,share=0.3437,tput=2.78] rank1[cuda1,share=0.2909,tput=3.24]
epoch 176: eval=0.8784
epoch 177: loss=0.257343, train_acc=0.9103, time=8.5s
per-rank: rank0[cuda0,share=0.3655,tput=3.93] rank2[cuda2,share=0.3437,tput=2.31] rank1[cuda1,share=0.2909,tput=4.04]
epoch 177: eval=0.8777
epoch 178: loss=0.251519, train_acc=0.9125, time=8.6s
per-rank: rank0[cuda0,share=0.3655,tput=4.26] rank2[cuda2,share=0.3437,tput=3.15] rank1[cuda1,share=0.2909,tput=2.45]
epoch 178: eval=0.8777
epoch 179: loss=0.253292, train_acc=0.9125, time=8.5s
per-rank: rank0[cuda0,share=0.3655,tput=4.77] rank2[cuda2,share=0.3437,tput=2.23] rank1[cuda1,share=0.2909,tput=3.34]
epoch 179: eval=0.8767
epoch 180: loss=0.247839, train_acc=0.9138, time=8.5s
per-rank: rank0[cuda0,share=0.3655,tput=2.57] rank2[cuda2,share=0.3437,tput=2.22] rank1[cuda1,share=0.2909,tput=7.18]
epoch 180: eval=0.8841
epoch 181: loss=0.249463, train_acc=0.9126, time=8.7s
per-rank: rank0[cuda0,share=0.3655,tput=2.89] rank2[cuda2,share=0.3437,tput=2.10] rank1[cuda1,share=0.2909,tput=6.98]
epoch 181: eval=0.8805
epoch 182: loss=0.248632, train_acc=0.9127, time=8.8s
per-rank: rank0[cuda0,share=0.3655,tput=2.91] rank2[cuda2,share=0.3437,tput=4.58] rank1[cuda1,share=0.2909,tput=2.52]
epoch 182: eval=0.8784
epoch 183: loss=0.246277, train_acc=0.9130, time=9.2s
per-rank: rank0[cuda0,share=0.3655,tput=2.42] rank2[cuda2,share=0.3437,tput=3.52] rank1[cuda1,share=0.2909,tput=4.81]
epoch 183: eval=0.8891
epoch 184: loss=0.244190, train_acc=0.9162, time=8.9s
per-rank: rank0[cuda0,share=0.3655,tput=2.97] rank2[cuda2,share=0.3437,tput=5.76] rank1[cuda1,share=0.2909,tput=2.80]
epoch 184: eval=0.8784
epoch 185: loss=0.244355, train_acc=0.9150, time=9.3s
per-rank: rank0[cuda0,share=0.3655,tput=2.42] rank2[cuda2,share=0.3437,tput=2.60] rank1[cuda1,share=0.2909,tput=6.52]
epoch 185: eval=0.8817
epoch 186: loss=0.225845, train_acc=0.9216, time=9.1s
per-rank: rank0[cuda0,share=0.3655,tput=3.68] rank2[cuda2,share=0.3437,tput=2.32] rank1[cuda1,share=0.2909,tput=3.65]
epoch 186: eval=0.8852
epoch 187: loss=0.216093, train_acc=0.9256, time=8.7s
per-rank: rank0[cuda0,share=0.3655,tput=3.74] rank2[cuda2,share=0.3437,tput=4.46] rank1[cuda1,share=0.2909,tput=2.35]
epoch 187: eval=0.8809
epoch 188: loss=0.205281, train_acc=0.9291, time=10.2s
per-rank: rank0[cuda0,share=0.3655,tput=2.17] rank2[cuda2,share=0.3437,tput=4.38] rank1[cuda1,share=0.2909,tput=4.10]
epoch 188: eval=0.8838
epoch 189: loss=0.188867, train_acc=0.9340, time=9.3s
per-rank: rank0[cuda0,share=0.3655,tput=3.24] rank2[cuda2,share=0.3437,tput=2.55] rank1[cuda1,share=0.2909,tput=4.22]
epoch 189: eval=0.8766
epoch 190: loss=0.186665, train_acc=0.9354, time=8.5s
per-rank: rank0[cuda0,share=0.3655,tput=3.03] rank2[cuda2,share=0.3437,tput=2.31] rank1[cuda1,share=0.2909,tput=6.37]
epoch 190: eval=0.8949
epoch 191: loss=0.171225, train_acc=0.9418, time=9.4s
per-rank: rank0[cuda0,share=0.3655,tput=2.39] rank2[cuda2,share=0.3437,tput=3.55] rank1[cuda1,share=0.2909,tput=5.14]
epoch 191: eval=0.9054
epoch 192: loss=0.162560, train_acc=0.9446, time=9.0s
per-rank: rank0[cuda0,share=0.3655,tput=3.69] rank2[cuda2,share=0.3437,tput=2.37] rank1[cuda1,share=0.2909,tput=3.93]
epoch 192: eval=0.9064
epoch 193: loss=0.164870, train_acc=0.9447, time=8.7s
per-rank: rank0[cuda0,share=0.3655,tput=3.16] rank2[cuda2,share=0.3437,tput=3.31] rank1[cuda1,share=0.2909,tput=2.90]
epoch 193: eval=0.9071
epoch 194: loss=0.158891, train_acc=0.9454, time=9.1s
per-rank: rank0[cuda0,share=0.3655,tput=4.18] rank2[cuda2,share=0.3437,tput=2.00] rank1[cuda1,share=0.2909,tput=4.43]
epoch 194: eval=0.9074
epoch 195: loss=0.155523, train_acc=0.9477, time=10.3s
per-rank: rank0[cuda0,share=0.3655,tput=2.15] rank2[cuda2,share=0.3437,tput=4.20] rank1[cuda1,share=0.2909,tput=4.41]
epoch 195: eval=0.9067
epoch 196: loss=0.152778, train_acc=0.9483, time=9.4s
per-rank: rank0[cuda0,share=0.3655,tput=3.51] rank2[cuda2,share=0.3437,tput=3.52] rank1[cuda1,share=0.2909,tput=2.76]
epoch 196: eval=0.9076
epoch 197: loss=0.150646, train_acc=0.9480, time=9.7s
per-rank: rank0[cuda0,share=0.3655,tput=2.30] rank2[cuda2,share=0.3437,tput=3.42] rank1[cuda1,share=0.2909,tput=5.32]
epoch 197: eval=0.9073
epoch 198: loss=0.144932, train_acc=0.9506, time=9.1s
per-rank: rank0[cuda0,share=0.3655,tput=3.40] rank2[cuda2,share=0.3437,tput=2.43] rank1[cuda1,share=0.2909,tput=4.07]
epoch 198: eval=0.9064
epoch 199: loss=0.146130, train_acc=0.9506, time=9.3s
per-rank: rank0[cuda0,share=0.3655,tput=2.57] rank2[cuda2,share=0.3437,tput=3.42] rank1[cuda1,share=0.2909,tput=6.12]
final eval=0.9089
# total: 1703.4s (28m 23s)
