# gpu0: NVIDIA GeForce RTX 5060 Ti (15GB, sm_120)
# gpu1: NVIDIA GeForce GTX 1060 6GB (5GB, sm_61)
# gpu2: NVIDIA GeForce GTX 1060 6GB (5GB, sm_61)
epoch 0: loss=1.958162, train_acc=0.2611, time=10.7s
per-rank: rank0[cuda0,share=0.3859,tput=3.77] rank1[cuda1,share=0.3071,tput=4.06] rank2[cuda2,share=0.3071,tput=2.10]
epoch 0: eval=0.2932
epoch 1: loss=1.613000, train_acc=0.3989, time=10.1s
per-rank: rank0[cuda0,share=0.4207,tput=4.39] rank1[cuda1,share=0.2930,tput=3.15] rank2[cuda2,share=0.2863,tput=2.00]
epoch 1: eval=0.4036
epoch 2: loss=1.411292, train_acc=0.4869, time=10.1s
per-rank: rank0[cuda0,share=0.4116,tput=3.13] rank2[cuda2,share=0.2955,tput=3.24] rank1[cuda1,share=0.2929,tput=2.20]
epoch 2: eval=0.4845
epoch 3: loss=1.244463, train_acc=0.5525, time=9.9s
per-rank: rank0[cuda0,share=0.3960,tput=2.72] rank1[cuda1,share=0.3033,tput=3.85] rank2[cuda2,share=0.3008,tput=2.30]
epoch 3: eval=0.6119
epoch 4: loss=1.111100, train_acc=0.6045, time=10.0s
per-rank: rank0[cuda0,share=0.4090,tput=3.70] rank1[cuda1,share=0.3167,tput=3.63] rank2[cuda2,share=0.2743,tput=1.83]
epoch 4: eval=0.6176
epoch 5: loss=1.008121, train_acc=0.6437, time=11.7s
per-rank: rank0[cuda0,share=0.4293,tput=2.12] rank1[cuda1,share=0.2929,tput=3.41] rank2[cuda2,share=0.2778,tput=4.55]
epoch 5: eval=0.6585
epoch 6: loss=0.906007, train_acc=0.6797, time=11.0s
per-rank: rank0[cuda0,share=0.4199,tput=2.70] rank2[cuda2,share=0.2928,tput=2.51] rank1[cuda1,share=0.2873,tput=3.02]
epoch 6: eval=0.6525
epoch 7: loss=0.839948, train_acc=0.7068, time=10.0s
per-rank: rank0[cuda0,share=0.4132,tput=3.10] rank2[cuda2,share=0.2958,tput=2.25] rank1[cuda1,share=0.2910,tput=3.32]
epoch 7: eval=0.7263
epoch 8: loss=0.786794, train_acc=0.7246, time=11.4s
per-rank: rank0[cuda0,share=0.4180,tput=2.12] rank2[cuda2,share=0.3039,tput=4.47] rank1[cuda1,share=0.2781,tput=3.18]
epoch 8: eval=0.6807
epoch 9: loss=0.743829, train_acc=0.7399, time=10.5s
per-rank: rank0[cuda0,share=0.4118,tput=2.42] rank1[cuda1,share=0.2941,tput=3.76] rank2[cuda2,share=0.2941,tput=2.32]
epoch 9: eval=0.6858
epoch 10: loss=0.689819, train_acc=0.7610, time=12.0s
per-rank: rank0[cuda0,share=0.3991,tput=1.94] rank1[cuda1,share=0.3039,tput=5.28] rank2[cuda2,share=0.2971,tput=2.87]
epoch 10: eval=0.7326
epoch 11: loss=0.653253, train_acc=0.7747, time=11.2s
per-rank: rank0[cuda0,share=0.4260,tput=2.61] rank2[cuda2,share=0.2961,tput=2.73] rank1[cuda1,share=0.2779,tput=2.98]
epoch 11: eval=0.7345
epoch 12: loss=0.634539, train_acc=0.7811, time=10.0s
per-rank: rank0[cuda0,share=0.4181,tput=2.46] rank1[cuda1,share=0.2965,tput=2.35] rank2[cuda2,share=0.2854,tput=5.04]
epoch 12: eval=0.7157
epoch 13: loss=0.612890, train_acc=0.7885, time=10.0s
per-rank: rank0[cuda0,share=0.4220,tput=3.21] rank1[cuda1,share=0.3073,tput=3.20] rank2[cuda2,share=0.2707,tput=2.11]
epoch 13: eval=0.7524
epoch 14: loss=0.597901, train_acc=0.7950, time=13.2s
per-rank: rank0[cuda0,share=0.4184,tput=1.96] rank1[cuda1,share=0.2971,tput=4.35] rank2[cuda2,share=0.2845,tput=3.78]
epoch 14: eval=0.7026
epoch 15: loss=0.576480, train_acc=0.8007, time=11.5s
per-rank: rank0[cuda0,share=0.4175,tput=2.27] rank1[cuda1,share=0.2990,tput=3.03] rank2[cuda2,share=0.2835,tput=3.47]
epoch 15: eval=0.7972
epoch 16: loss=0.563408, train_acc=0.8076, time=13.2s
per-rank: rank0[cuda0,share=0.4043,tput=1.97] rank2[cuda2,share=0.2992,tput=5.09] rank1[cuda1,share=0.2965,tput=3.42]
epoch 16: eval=0.7329
epoch 17: loss=0.549946, train_acc=0.8095, time=11.9s
per-rank: rank0[cuda0,share=0.4000,tput=1.92] rank1[cuda1,share=0.3128,tput=2.64] rank2[cuda2,share=0.2872,tput=3.33]
epoch 17: eval=0.7586
epoch 18: loss=0.538376, train_acc=0.8131, time=10.0s
per-rank: rank0[cuda0,share=0.4030,tput=3.59] rank2[cuda2,share=0.3060,tput=2.27] rank1[cuda1,share=0.2910,tput=3.09]
epoch 18: eval=0.7470
epoch 19: loss=0.533836, train_acc=0.8179, time=10.2s
per-rank: rank0[cuda0,share=0.3864,tput=2.06] rank1[cuda1,share=0.3133,tput=6.30] rank2[cuda2,share=0.3003,tput=2.14]
epoch 19: eval=0.8081
epoch 20: loss=0.521901, train_acc=0.8204, time=10.7s
per-rank: rank0[cuda0,share=0.3991,tput=3.81] rank1[cuda1,share=0.3026,tput=2.17] rank2[cuda2,share=0.2983,tput=3.42]
epoch 20: eval=0.7608
epoch 21: loss=0.528687, train_acc=0.8167, time=10.0s
per-rank: rank0[cuda0,share=0.4145,tput=2.32] rank1[cuda1,share=0.3038,tput=2.35] rank2[cuda2,share=0.2817,tput=5.24]
epoch 21: eval=0.7661
epoch 22: loss=0.507041, train_acc=0.8241, time=10.1s
per-rank: rank0[cuda0,share=0.4156,tput=2.99] rank1[cuda1,share=0.3169,tput=3.56] rank2[cuda2,share=0.2675,tput=2.01]
epoch 22: eval=0.7010
epoch 23: loss=0.501164, train_acc=0.8268, time=12.7s
per-rank: rank0[cuda0,share=0.4133,tput=2.02] rank1[cuda1,share=0.3200,tput=5.04] rank2[cuda2,share=0.2667,tput=3.21]
epoch 23: eval=0.7525
epoch 24: loss=0.489707, train_acc=0.8314, time=11.3s
per-rank: rank0[cuda0,share=0.4160,tput=2.25] rank1[cuda1,share=0.2997,tput=3.48] rank2[cuda2,share=0.2842,tput=2.67]
epoch 24: eval=0.7799
epoch 25: loss=0.487344, train_acc=0.8323, time=9.9s
per-rank: rank0[cuda0,share=0.4145,tput=3.24] rank1[cuda1,share=0.3044,tput=3.43] rank2[cuda2,share=0.2810,tput=2.11]
epoch 25: eval=0.7524
epoch 26: loss=0.490193, train_acc=0.8314, time=10.0s
per-rank: rank0[cuda0,share=0.4432,tput=3.19] rank1[cuda1,share=0.3016,tput=3.27] rank2[cuda2,share=0.2552,tput=2.06]
epoch 26: eval=0.8353
epoch 27: loss=0.473686, train_acc=0.8372, time=9.8s
per-rank: rank0[cuda0,share=0.4111,tput=2.86] rank1[cuda1,share=0.3197,tput=2.56] rank2[cuda2,share=0.2692,tput=4.61]
epoch 27: eval=0.8053
epoch 28: loss=0.456710, train_acc=0.8424, time=10.0s
per-rank: rank0[cuda0,share=0.3812,tput=2.61] rank1[cuda1,share=0.3260,tput=2.33] rank2[cuda2,share=0.2928,tput=4.88]
epoch 28: eval=0.7856
epoch 29: loss=0.457077, train_acc=0.8431, time=10.5s
per-rank: rank0[cuda0,share=0.4133,tput=3.38] rank2[cuda2,share=0.3093,tput=2.64] rank1[cuda1,share=0.2773,tput=2.55]
epoch 29: eval=0.7994
epoch 30: loss=0.477543, train_acc=0.8358, time=10.2s
per-rank: rank0[cuda0,share=0.3935,tput=3.14] rank2[cuda2,share=0.3105,tput=2.22] rank1[cuda1,share=0.2960,tput=3.45]
epoch 30: eval=0.7065
epoch 31: loss=0.466647, train_acc=0.8389, time=9.8s
per-rank: rank0[cuda0,share=0.4217,tput=3.66] rank1[cuda1,share=0.2926,tput=2.42] rank2[cuda2,share=0.2857,tput=2.76]
epoch 31: eval=0.8533
epoch 32: loss=0.443589, train_acc=0.8481, time=10.1s
per-rank: rank0[cuda0,share=0.4169,tput=3.27] rank1[cuda1,share=0.2916,tput=2.09] rank2[cuda2,share=0.2916,tput=3.48]
epoch 32: eval=0.7907
epoch 33: loss=0.459339, train_acc=0.8416, time=10.1s
per-rank: rank0[cuda0,share=0.4041,tput=2.76] rank2[cuda2,share=0.3047,tput=2.46] rank1[cuda1,share=0.2912,tput=3.30]
epoch 33: eval=0.7571
epoch 34: loss=0.455163, train_acc=0.8437, time=10.0s
per-rank: rank0[cuda0,share=0.4065,tput=3.43] rank1[cuda1,share=0.3095,tput=2.59] rank2[cuda2,share=0.2841,tput=2.73]
epoch 34: eval=0.7306
epoch 35: loss=0.555474, train_acc=0.8090, time=10.2s
per-rank: rank0[cuda0,share=0.3710,tput=3.95] rank1[cuda1,share=0.3281,tput=2.10] rank2[cuda2,share=0.3009,tput=2.83]
epoch 35: eval=0.8200
epoch 36: loss=0.549893, train_acc=0.8102, time=9.5s
per-rank: rank0[cuda0,share=0.3739,tput=2.67] rank1[cuda1,share=0.3265,tput=5.13] rank2[cuda2,share=0.2996,tput=1.91]
epoch 36: eval=0.8094
epoch 37: loss=0.536964, train_acc=0.8167, time=10.9s
per-rank: rank0[cuda0,share=0.3774,tput=2.15] rank1[cuda1,share=0.3225,tput=3.02] rank2[cuda2,share=0.3000,tput=4.74]
epoch 37: eval=0.7886
epoch 38: loss=0.527624, train_acc=0.8185, time=10.4s
per-rank: rank0[cuda0,share=0.3836,tput=3.16] rank1[cuda1,share=0.3180,tput=2.74] rank2[cuda2,share=0.2985,tput=2.68]
epoch 38: eval=0.7529
epoch 39: loss=0.521191, train_acc=0.8212, time=9.8s
per-rank: rank0[cuda0,share=0.3868,tput=2.47] rank1[cuda1,share=0.3166,tput=5.40] rank2[cuda2,share=0.2966,tput=2.25]
epoch 39: eval=0.7571
epoch 40: loss=0.519516, train_acc=0.8226, time=9.6s
per-rank: rank0[cuda0,share=0.3893,tput=2.53] rank1[cuda1,share=0.3156,tput=2.44] rank2[cuda2,share=0.2951,tput=3.70]
epoch 40: eval=0.7247
epoch 41: loss=0.505441, train_acc=0.8267, time=11.8s
per-rank: rank0[cuda0,share=0.3923,tput=2.06] rank1[cuda1,share=0.3131,tput=4.05] rank2[cuda2,share=0.2946,tput=3.65]
epoch 41: eval=0.7934
epoch 42: loss=0.508116, train_acc=0.8284, time=10.8s
per-rank: rank0[cuda0,share=0.3930,tput=2.23] rank1[cuda1,share=0.3120,tput=2.76] rank2[cuda2,share=0.2951,tput=3.14]
epoch 42: eval=0.7818
epoch 43: loss=0.498525, train_acc=0.8279, time=9.6s
per-rank: rank0[cuda0,share=0.3929,tput=2.89] rank1[cuda1,share=0.3121,tput=3.52] rank2[cuda2,share=0.2950,tput=2.29]
epoch 43: eval=0.7644
epoch 44: loss=0.504728, train_acc=0.8262, time=9.8s
per-rank: rank0[cuda0,share=0.3964,tput=3.35] rank1[cuda1,share=0.3092,tput=2.15] rank2[cuda2,share=0.2944,tput=3.26]
epoch 44: eval=0.7949
epoch 45: loss=0.492613, train_acc=0.8305, time=11.6s
per-rank: rank0[cuda0,share=0.4013,tput=2.05] rank1[cuda1,share=0.3044,tput=3.40] rank2[cuda2,share=0.2944,tput=4.45]
epoch 45: eval=0.7671
epoch 46: loss=0.489936, train_acc=0.8325, time=10.8s
per-rank: rank0[cuda0,share=0.4019,tput=2.55] rank1[cuda1,share=0.3038,tput=3.44] rank2[cuda2,share=0.2943,tput=2.46]
epoch 46: eval=0.8156
epoch 47: loss=0.487069, train_acc=0.8324, time=9.7s
per-rank: rank0[cuda0,share=0.4004,tput=3.59] rank1[cuda1,share=0.3043,tput=2.68] rank2[cuda2,share=0.2952,tput=2.35]
epoch 47: eval=0.8114
epoch 48: loss=0.496608, train_acc=0.8301, time=12.5s
per-rank: rank0[cuda0,share=0.4003,tput=1.87] rank1[cuda1,share=0.3025,tput=3.16] rank2[cuda2,share=0.2972,tput=4.53]
epoch 48: eval=0.7812
epoch 49: loss=0.493499, train_acc=0.8306, time=11.2s
per-rank: rank0[cuda0,share=0.4001,tput=1.83] rank1[cuda1,share=0.3006,tput=3.05] rank2[cuda2,share=0.2993,tput=3.31]
epoch 49: eval=0.7646
epoch 50: loss=0.487180, train_acc=0.8335, time=9.8s
per-rank: rank0[cuda0,share=0.3992,tput=3.39] rank2[cuda2,share=0.3008,tput=2.00] rank1[cuda1,share=0.3000,tput=3.40]
epoch 50: eval=0.7952
epoch 51: loss=0.486796, train_acc=0.8338, time=11.6s
per-rank: rank0[cuda0,share=0.4028,tput=2.10] rank2[cuda2,share=0.3002,tput=4.36] rank1[cuda1,share=0.2970,tput=3.45]
epoch 51: eval=0.8168
epoch 52: loss=0.502980, train_acc=0.8276, time=11.0s
per-rank: rank0[cuda0,share=0.4042,tput=3.38] rank2[cuda2,share=0.2995,tput=3.74] rank1[cuda1,share=0.2963,tput=2.34]
epoch 52: eval=0.8356
epoch 53: loss=0.476035, train_acc=0.8371, time=9.8s
per-rank: rank0[cuda0,share=0.4056,tput=3.34] rank2[cuda2,share=0.2988,tput=2.82] rank1[cuda1,share=0.2956,tput=2.50]
epoch 53: eval=0.8019
epoch 54: loss=0.479733, train_acc=0.8364, time=9.9s
per-rank: rank0[cuda0,share=0.4070,tput=2.22] rank2[cuda2,share=0.2981,tput=2.23] rank1[cuda1,share=0.2949,tput=5.47]
epoch 54: eval=0.7941
epoch 55: loss=0.485939, train_acc=0.8340, time=9.8s
per-rank: rank0[cuda0,share=0.4084,tput=4.06] rank2[cuda2,share=0.2974,tput=2.09] rank1[cuda1,share=0.2942,tput=3.42]
epoch 55: eval=0.7670
epoch 56: loss=0.483850, train_acc=0.8334, time=9.7s
per-rank: rank0[cuda0,share=0.4098,tput=3.02] rank2[cuda2,share=0.2967,tput=3.11] rank1[cuda1,share=0.2935,tput=2.43]
epoch 56: eval=0.7850
epoch 57: loss=0.483946, train_acc=0.8339, time=9.9s
per-rank: rank0[cuda0,share=0.4105,tput=2.28] rank2[cuda2,share=0.2955,tput=5.64] rank1[cuda1,share=0.2940,tput=2.09]
epoch 57: eval=0.7848
epoch 58: loss=0.477842, train_acc=0.8366, time=11.7s
per-rank: rank0[cuda0,share=0.4098,tput=2.13] rank1[cuda1,share=0.2968,tput=3.34] rank2[cuda2,share=0.2935,tput=4.92]
epoch 58: eval=0.8064
epoch 59: loss=0.475410, train_acc=0.8374, time=10.8s
per-rank: rank0[cuda0,share=0.4091,tput=2.40] rank1[cuda1,share=0.2970,tput=3.41] rank2[cuda2,share=0.2939,tput=2.72]
epoch 59: eval=0.8004
epoch 60: loss=0.480354, train_acc=0.8351, time=12.2s
per-rank: rank0[cuda0,share=0.4083,tput=1.99] rank1[cuda1,share=0.2973,tput=3.30] rank2[cuda2,share=0.2944,tput=4.60]
epoch 60: eval=0.6901
epoch 61: loss=0.479422, train_acc=0.8342, time=10.9s
per-rank: rank0[cuda0,share=0.4076,tput=2.38] rank1[cuda1,share=0.2976,tput=3.62] rank2[cuda2,share=0.2948,tput=2.56]
epoch 61: eval=0.7891
epoch 62: loss=0.470720, train_acc=0.8380, time=9.5s
per-rank: rank0[cuda0,share=0.4061,tput=3.31] rank1[cuda1,share=0.2982,tput=3.36] rank2[cuda2,share=0.2957,tput=2.18]
epoch 62: eval=0.7983
epoch 63: loss=0.464575, train_acc=0.8409, time=9.8s
per-rank: rank0[cuda0,share=0.4053,tput=3.40] rank1[cuda1,share=0.2984,tput=2.28] rank2[cuda2,share=0.2962,tput=3.13]
epoch 63: eval=0.8365
epoch 64: loss=0.472071, train_acc=0.8391, time=9.6s
per-rank: rank0[cuda0,share=0.4059,tput=3.62] rank1[cuda1,share=0.2981,tput=1.86] rank2[cuda2,share=0.2960,tput=3.42]
epoch 64: eval=0.8200
epoch 65: loss=0.463943, train_acc=0.8412, time=12.3s
per-rank: rank0[cuda0,share=0.4085,tput=2.05] rank1[cuda1,share=0.2957,tput=3.42] rank2[cuda2,share=0.2957,tput=4.82]
epoch 65: eval=0.8017
epoch 66: loss=0.468959, train_acc=0.8380, time=11.2s
per-rank: rank0[cuda0,share=0.4099,tput=2.28] rank1[cuda1,share=0.2950,tput=2.90] rank2[cuda2,share=0.2950,tput=3.20]
epoch 66: eval=0.7982
epoch 67: loss=0.468816, train_acc=0.8397, time=9.8s
per-rank: rank0[cuda0,share=0.4113,tput=2.42] rank1[cuda1,share=0.2944,tput=6.14] rank2[cuda2,share=0.2944,tput=1.86]
epoch 67: eval=0.7789
epoch 68: loss=0.473092, train_acc=0.8364, time=9.6s
per-rank: rank0[cuda0,share=0.4127,tput=3.43] rank1[cuda1,share=0.2937,tput=4.29] rank2[cuda2,share=0.2937,tput=2.42]
epoch 68: eval=0.7871
epoch 69: loss=0.469892, train_acc=0.8380, time=9.6s
per-rank: rank0[cuda0,share=0.4161,tput=2.35] rank1[cuda1,share=0.2927,tput=6.41] rank2[cuda2,share=0.2912,tput=1.97]
epoch 69: eval=0.8304
epoch 70: loss=0.467926, train_acc=0.8409, time=12.5s
per-rank: rank0[cuda0,share=0.4181,tput=2.01] rank1[cuda1,share=0.2924,tput=3.50] rank2[cuda2,share=0.2895,tput=4.41]
epoch 70: eval=0.7703
epoch 71: loss=0.464262, train_acc=0.8405, time=12.1s
per-rank: rank0[cuda0,share=0.4178,tput=1.80] rank1[cuda1,share=0.2934,tput=2.95] rank2[cuda2,share=0.2889,tput=3.78]
epoch 71: eval=0.7895
epoch 72: loss=0.468064, train_acc=0.8400, time=10.3s
per-rank: rank0[cuda0,share=0.4160,tput=2.37] rank1[cuda1,share=0.2950,tput=3.91] rank2[cuda2,share=0.2890,tput=2.29]
epoch 72: eval=0.7301
epoch 73: loss=0.461237, train_acc=0.8422, time=13.2s
per-rank: rank0[cuda0,share=0.4079,tput=1.80] rank1[cuda1,share=0.3006,tput=5.05] rank2[cuda2,share=0.2914,tput=3.23]
epoch 73: eval=0.7672
epoch 74: loss=0.455269, train_acc=0.8434, time=11.2s
per-rank: rank0[cuda0,share=0.4032,tput=2.12] rank1[cuda1,share=0.3038,tput=2.73] rank2[cuda2,share=0.2930,tput=3.78]
epoch 74: eval=0.8216
epoch 75: loss=0.463425, train_acc=0.8422, time=9.6s
per-rank: rank0[cuda0,share=0.3990,tput=2.18] rank1[cuda1,share=0.3076,tput=2.36] rank2[cuda2,share=0.2934,tput=5.57]
epoch 75: eval=0.8111
epoch 76: loss=0.445262, train_acc=0.8476, time=11.0s
per-rank: rank0[cuda0,share=0.3916,tput=2.07] rank1[cuda1,share=0.3128,tput=3.22] rank2[cuda2,share=0.2955,tput=4.33]
epoch 76: eval=0.7804
epoch 77: loss=0.454006, train_acc=0.8431, time=10.4s
per-rank: rank0[cuda0,share=0.3839,tput=3.10] rank1[cuda1,share=0.3167,tput=2.29] rank2[cuda2,share=0.2994,tput=3.28]
epoch 77: eval=0.8232
epoch 78: loss=0.458209, train_acc=0.8435, time=9.7s
per-rank: rank0[cuda0,share=0.3834,tput=3.40] rank1[cuda1,share=0.3169,tput=2.17] rank2[cuda2,share=0.2997,tput=3.35]
epoch 78: eval=0.7271
epoch 79: loss=0.465671, train_acc=0.8400, time=12.2s
per-rank: rank0[cuda0,share=0.3863,tput=1.99] rank1[cuda1,share=0.3142,tput=4.68] rank2[cuda2,share=0.2994,tput=3.46]
epoch 79: eval=0.7817
epoch 80: loss=0.458960, train_acc=0.8424, time=11.0s
per-rank: rank0[cuda0,share=0.3905,tput=2.15] rank1[cuda1,share=0.3119,tput=3.55] rank2[cuda2,share=0.2976,tput=2.54]
epoch 80: eval=0.7479
epoch 81: loss=0.449207, train_acc=0.8472, time=11.8s
per-rank: rank0[cuda0,share=0.3956,tput=2.09] rank1[cuda1,share=0.3081,tput=3.74] rank2[cuda2,share=0.2963,tput=4.18]
epoch 81: eval=0.7885
epoch 82: loss=0.452873, train_acc=0.8462, time=11.0s
per-rank: rank0[cuda0,share=0.3971,tput=2.39] rank1[cuda1,share=0.3073,tput=2.47] rank2[cuda2,share=0.2956,tput=3.68]
epoch 82: eval=0.8021
epoch 83: loss=0.446242, train_acc=0.8474, time=9.7s
per-rank: rank0[cuda0,share=0.4006,tput=2.25] rank1[cuda1,share=0.3060,tput=5.66] rank2[cuda2,share=0.2933,tput=2.21]
epoch 83: eval=0.8004
epoch 84: loss=0.460783, train_acc=0.8431, time=9.7s
per-rank: rank0[cuda0,share=0.4021,tput=3.13] rank1[cuda1,share=0.3051,tput=2.42] rank2[cuda2,share=0.2928,tput=3.09]
epoch 84: eval=0.8215
epoch 85: loss=0.444673, train_acc=0.8470, time=10.0s
per-rank: rank0[cuda0,share=0.4029,tput=2.94] rank1[cuda1,share=0.3053,tput=2.37] rank2[cuda2,share=0.2917,tput=4.42]
epoch 85: eval=0.8340
epoch 86: loss=0.462340, train_acc=0.8415, time=9.7s
per-rank: rank0[cuda0,share=0.4007,tput=3.34] rank1[cuda1,share=0.3055,tput=2.09] rank2[cuda2,share=0.2938,tput=3.32]
epoch 86: eval=0.8469
epoch 87: loss=0.441862, train_acc=0.8477, time=9.5s
per-rank: rank0[cuda0,share=0.4010,tput=2.32] rank1[cuda1,share=0.3046,tput=4.92] rank2[cuda2,share=0.2945,tput=2.44]
epoch 87: eval=0.7914
epoch 88: loss=0.435770, train_acc=0.8506, time=9.7s
per-rank: rank0[cuda0,share=0.4022,tput=3.63] rank1[cuda1,share=0.3014,tput=2.96] rank2[cuda2,share=0.2965,tput=2.14]
epoch 88: eval=0.8362
epoch 89: loss=0.441011, train_acc=0.8474, time=9.7s
per-rank: rank0[cuda0,share=0.4035,tput=2.37] rank2[cuda2,share=0.3002,tput=2.00] rank1[cuda1,share=0.2963,tput=6.11]
epoch 89: eval=0.8001
epoch 90: loss=0.458257, train_acc=0.8427, time=12.2s
per-rank: rank0[cuda0,share=0.4021,tput=1.96] rank2[cuda2,share=0.3021,tput=4.28] rank1[cuda1,share=0.2958,tput=3.74]
epoch 90: eval=0.8168
epoch 91: loss=0.447670, train_acc=0.8469, time=11.2s
per-rank: rank0[cuda0,share=0.4032,tput=1.77] rank2[cuda2,share=0.3017,tput=2.62] rank1[cuda1,share=0.2950,tput=3.82]
epoch 91: eval=0.7917
epoch 92: loss=0.442591, train_acc=0.8506, time=9.8s
per-rank: rank0[cuda0,share=0.4000,tput=3.90] rank2[cuda2,share=0.3028,tput=3.53] rank1[cuda1,share=0.2972,tput=2.31]
epoch 92: eval=0.7471
epoch 93: loss=0.444790, train_acc=0.8469, time=9.8s
per-rank: rank0[cuda0,share=0.3974,tput=2.17] rank2[cuda2,share=0.3040,tput=2.24] rank1[cuda1,share=0.2985,tput=5.29]
epoch 93: eval=0.7834
epoch 94: loss=0.435908, train_acc=0.8516, time=12.6s
per-rank: rank0[cuda0,share=0.3898,tput=1.81] rank1[cuda1,share=0.3065,tput=3.42] rank2[cuda2,share=0.3037,tput=4.54]
epoch 94: eval=0.8102
epoch 95: loss=0.443211, train_acc=0.8491, time=11.2s
per-rank: rank0[cuda0,share=0.3862,tput=2.04] rank1[cuda1,share=0.3090,tput=3.76] rank2[cuda2,share=0.3048,tput=2.44]
epoch 95: eval=0.7870
epoch 96: loss=0.440319, train_acc=0.8494, time=9.6s
per-rank: rank0[cuda0,share=0.3785,tput=3.93] rank1[cuda1,share=0.3144,tput=2.33] rank2[cuda2,share=0.3071,tput=2.80]
epoch 96: eval=0.8345
epoch 97: loss=0.439239, train_acc=0.8492, time=9.8s
per-rank: rank0[cuda0,share=0.3786,tput=2.44] rank1[cuda1,share=0.3149,tput=4.74] rank2[cuda2,share=0.3065,tput=2.36]
epoch 97: eval=0.8076
epoch 98: loss=0.432712, train_acc=0.8519, time=12.4s
per-rank: rank0[cuda0,share=0.3742,tput=1.85] rank1[cuda1,share=0.3203,tput=3.20] rank2[cuda2,share=0.3055,tput=4.57]
epoch 98: eval=0.8129
epoch 99: loss=0.424764, train_acc=0.8563, time=10.9s
per-rank: rank0[cuda0,share=0.3711,tput=2.24] rank1[cuda1,share=0.3214,tput=3.46] rank2[cuda2,share=0.3075,tput=2.73]
epoch 99: eval=0.7988
epoch 100: loss=0.314290, train_acc=0.8925, time=9.7s
per-rank: rank0[cuda0,share=0.3732,tput=2.57] rank1[cuda1,share=0.3177,tput=4.88] rank2[cuda2,share=0.3091,tput=2.05]
epoch 100: eval=0.9052
epoch 101: loss=0.220801, train_acc=0.9258, time=9.7s
per-rank: rank0[cuda0,share=0.3756,tput=3.93] rank1[cuda1,share=0.3139,tput=2.20] rank2[cuda2,share=0.3105,tput=2.83]
epoch 101: eval=0.9033
epoch 102: loss=0.206109, train_acc=0.9287, time=12.4s
per-rank: rank0[cuda0,share=0.3875,tput=1.90] rank1[cuda1,share=0.3066,tput=3.83] rank2[cuda2,share=0.3059,tput=4.05]
epoch 102: eval=0.9087
epoch 103: loss=0.197275, train_acc=0.9317, time=11.1s
per-rank: rank0[cuda0,share=0.3922,tput=1.91] rank1[cuda1,share=0.3057,tput=2.63] rank2[cuda2,share=0.3021,tput=4.00]
epoch 103: eval=0.9106
epoch 104: loss=0.193579, train_acc=0.9340, time=9.8s
per-rank: rank0[cuda0,share=0.3908,tput=2.61] rank1[cuda1,share=0.3077,tput=2.47] rank2[cuda2,share=0.3015,tput=3.26]
epoch 104: eval=0.9131
epoch 105: loss=0.182124, train_acc=0.9378, time=10.1s
per-rank: rank0[cuda0,share=0.3861,tput=2.16] rank1[cuda1,share=0.3102,tput=2.83] rank2[cuda2,share=0.3037,tput=4.67]
epoch 105: eval=0.9107
epoch 106: loss=0.178810, train_acc=0.9381, time=9.9s
per-rank: rank0[cuda0,share=0.3859,tput=3.39] rank1[cuda1,share=0.3086,tput=2.26] rank2[cuda2,share=0.3055,tput=3.18]
epoch 106: eval=0.9100
epoch 107: loss=0.172212, train_acc=0.9398, time=9.8s
per-rank: rank0[cuda0,share=0.3955,tput=2.22] rank1[cuda1,share=0.3030,tput=2.17] rank2[cuda2,share=0.3016,tput=5.59]
epoch 107: eval=0.9087
epoch 108: loss=0.169062, train_acc=0.9416, time=11.9s
per-rank: rank0[cuda0,share=0.4138,tput=2.05] rank2[cuda2,share=0.2948,tput=3.60] rank1[cuda1,share=0.2914,tput=4.13]
epoch 108: eval=0.9084
epoch 109: loss=0.162892, train_acc=0.9441, time=10.8s
per-rank: rank0[cuda0,share=0.4132,tput=2.39] rank2[cuda2,share=0.2996,tput=3.71] rank1[cuda1,share=0.2873,tput=2.50]
epoch 109: eval=0.9135
epoch 110: loss=0.159856, train_acc=0.9447, time=12.6s
per-rank: rank0[cuda0,share=0.4106,tput=1.97] rank2[cuda2,share=0.3063,tput=4.41] rank1[cuda1,share=0.2831,tput=3.45]
epoch 110: eval=0.9133
epoch 111: loss=0.155465, train_acc=0.9458, time=11.3s
per-rank: rank0[cuda0,share=0.4047,tput=1.83] rank2[cuda2,share=0.3065,tput=2.35] rank1[cuda1,share=0.2888,tput=4.27]
epoch 111: eval=0.9158
epoch 112: loss=0.151842, train_acc=0.9475, time=9.8s
per-rank: rank0[cuda0,share=0.3894,tput=3.04] rank1[cuda1,share=0.3063,tput=3.16] rank2[cuda2,share=0.3043,tput=2.34]
epoch 112: eval=0.9108
epoch 113: loss=0.147439, train_acc=0.9485, time=9.8s
per-rank: rank0[cuda0,share=0.3863,tput=2.65] rank1[cuda1,share=0.3087,tput=4.19] rank2[cuda2,share=0.3050,tput=2.18]
epoch 113: eval=0.9151
epoch 114: loss=0.148139, train_acc=0.9482, time=12.5s
per-rank: rank0[cuda0,share=0.4056,tput=2.00] rank2[cuda2,share=0.3040,tput=3.40] rank1[cuda1,share=0.2904,tput=4.72]
epoch 114: eval=0.9127
epoch 115: loss=0.140839, train_acc=0.9517, time=11.2s
per-rank: rank0[cuda0,share=0.3955,tput=2.21] rank2[cuda2,share=0.3074,tput=2.64] rank1[cuda1,share=0.2971,tput=3.73]
epoch 115: eval=0.9149
epoch 116: loss=0.138341, eval=0.9154, train_acc=0.9507, time=10.9s
per-rank: rank0[cuda0,share=0.3978,tput=2.61] rank2[cuda2,share=0.3109,tput=4.81] rank1[cuda1,share=0.2913,tput=2.21]
epoch 117: loss=0.146789, train_acc=0.9487, time=10.2s
per-rank: rank0[cuda0,share=0.4097,tput=2.56] rank2[cuda2,share=0.2989,tput=4.76] rank1[cuda1,share=0.2914,tput=2.11]
epoch 117: eval=0.9086
epoch 118: loss=0.144517, train_acc=0.9488, time=9.6s
per-rank: rank0[cuda0,share=0.4137,tput=3.19] rank2[cuda2,share=0.2952,tput=2.59] rank1[cuda1,share=0.2911,tput=3.97]
epoch 118: eval=0.9076
epoch 119: loss=0.145504, train_acc=0.9485, time=12.5s
per-rank: rank0[cuda0,share=0.4162,tput=2.00] rank2[cuda2,share=0.2927,tput=3.54] rank1[cuda1,share=0.2911,tput=4.92]
epoch 119: eval=0.9109
epoch 120: loss=0.141560, train_acc=0.9502, time=11.1s
per-rank: rank0[cuda0,share=0.4178,tput=2.20] rank2[cuda2,share=0.2914,tput=2.48] rank1[cuda1,share=0.2908,tput=3.73]
epoch 120: eval=0.9131
epoch 121: loss=0.139833, train_acc=0.9505, time=12.0s
per-rank: rank0[cuda0,share=0.4189,tput=2.10] rank1[cuda1,share=0.2908,tput=4.05] rank2[cuda2,share=0.2903,tput=3.99]
epoch 121: eval=0.9096
epoch 122: loss=0.138961, train_acc=0.9523, time=11.2s
per-rank: rank0[cuda0,share=0.4198,tput=2.31] rank1[cuda1,share=0.2908,tput=3.77] rank2[cuda2,share=0.2894,tput=2.40]
epoch 122: eval=0.9120
epoch 123: loss=0.141482, train_acc=0.9501, time=9.8s
per-rank: rank0[cuda0,share=0.4185,tput=2.41] rank1[cuda1,share=0.2928,tput=2.67] rank2[cuda2,share=0.2888,tput=3.35]
epoch 123: eval=0.9139
epoch 124: loss=0.135282, train_acc=0.9536, time=9.5s
per-rank: rank0[cuda0,share=0.4185,tput=3.19] rank1[cuda1,share=0.2928,tput=3.86] rank2[cuda2,share=0.2888,tput=1.87]
epoch 124: eval=0.9122
epoch 125: loss=0.132637, train_acc=0.9534, time=9.6s
per-rank: rank0[cuda0,share=0.4179,tput=4.74] rank1[cuda1,share=0.2953,tput=3.60] rank2[cuda2,share=0.2867,tput=1.92]
epoch 125: eval=0.9088
epoch 126: loss=0.135293, train_acc=0.9528, time=9.6s
per-rank: rank0[cuda0,share=0.4174,tput=2.39] rank1[cuda1,share=0.2974,tput=2.50] rank2[cuda2,share=0.2853,tput=4.70]
epoch 126: eval=0.9079
epoch 127: loss=0.133679, train_acc=0.9529, time=9.6s
per-rank: rank0[cuda0,share=0.4169,tput=2.48] rank1[cuda1,share=0.2990,tput=3.61] rank2[cuda2,share=0.2841,tput=2.53]
epoch 127: eval=0.9075
epoch 128: loss=0.129126, train_acc=0.9543, time=9.7s
per-rank: rank0[cuda0,share=0.4145,tput=1.95] rank1[cuda1,share=0.3020,tput=5.92] rank2[cuda2,share=0.2835,tput=2.28]
epoch 128: eval=0.9098
epoch 129: loss=0.131692, train_acc=0.9535, time=9.7s
per-rank: rank0[cuda0,share=0.4121,tput=2.83] rank1[cuda1,share=0.3050,tput=2.11] rank2[cuda2,share=0.2829,tput=4.69]
epoch 129: eval=0.9090
epoch 130: loss=0.130041, train_acc=0.9542, time=11.1s
per-rank: rank0[cuda0,share=0.4110,tput=2.15] rank1[cuda1,share=0.3073,tput=3.20] rank2[cuda2,share=0.2817,tput=4.67]
epoch 130: eval=0.9046
epoch 131: loss=0.126729, train_acc=0.9549, time=10.5s
per-rank: rank0[cuda0,share=0.4099,tput=2.83] rank1[cuda1,share=0.3097,tput=3.43] rank2[cuda2,share=0.2804,tput=2.37]
epoch 131: eval=0.9042
epoch 132: loss=0.128200, train_acc=0.9541, time=9.8s
per-rank: rank0[cuda0,share=0.4088,tput=3.53] rank1[cuda1,share=0.3120,tput=2.33] rank2[cuda2,share=0.2792,tput=2.74]
epoch 132: eval=0.9103
epoch 133: loss=0.128454, train_acc=0.9548, time=9.5s
per-rank: rank0[cuda0,share=0.4077,tput=2.16] rank1[cuda1,share=0.3144,tput=2.45] rank2[cuda2,share=0.2780,tput=5.57]
epoch 133: eval=0.9149
epoch 134: loss=0.123484, train_acc=0.9566, time=12.7s
per-rank: rank0[cuda0,share=0.4087,tput=1.92] rank1[cuda1,share=0.3138,tput=4.80] rank2[cuda2,share=0.2775,tput=3.57]
epoch 134: eval=0.9127
epoch 135: loss=0.127242, train_acc=0.9548, time=11.7s
per-rank: rank0[cuda0,share=0.4087,tput=1.95] rank1[cuda1,share=0.3138,tput=3.35] rank2[cuda2,share=0.2775,tput=2.86]
epoch 135: eval=0.9050
epoch 136: loss=0.126761, train_acc=0.9544, time=9.7s
per-rank: rank0[cuda0,share=0.4075,tput=3.18] rank1[cuda1,share=0.3134,tput=2.98] rank2[cuda2,share=0.2790,tput=2.36]
epoch 136: eval=0.9051
epoch 137: loss=0.123948, train_acc=0.9554, time=9.6s
per-rank: rank0[cuda0,share=0.4064,tput=2.87] rank1[cuda1,share=0.3131,tput=4.53] rank2[cuda2,share=0.2806,tput=2.28]
epoch 137: eval=0.8969
epoch 138: loss=0.126973, train_acc=0.9555, time=12.2s
per-rank: rank0[cuda0,share=0.4048,tput=1.95] rank1[cuda1,share=0.3118,tput=4.55] rank2[cuda2,share=0.2834,tput=3.54]
epoch 138: eval=0.9031
epoch 139: loss=0.126538, train_acc=0.9554, time=10.9s
per-rank: rank0[cuda0,share=0.4048,tput=2.16] rank1[cuda1,share=0.3096,tput=2.69] rank2[cuda2,share=0.2856,tput=3.34]
epoch 139: eval=0.9068
epoch 140: loss=0.124200, train_acc=0.9567, time=11.8s
per-rank: rank0[cuda0,share=0.4049,tput=2.03] rank1[cuda1,share=0.3074,tput=5.32] rank2[cuda2,share=0.2878,tput=3.38]
epoch 140: eval=0.9088
epoch 141: loss=0.124878, train_acc=0.9558, time=11.1s
per-rank: rank0[cuda0,share=0.4041,tput=2.63] rank1[cuda1,share=0.3063,tput=2.41] rank2[cuda2,share=0.2896,tput=3.51]
epoch 141: eval=0.9026
epoch 142: loss=0.119294, train_acc=0.9576, time=9.4s
per-rank: rank0[cuda0,share=0.4034,tput=2.77] rank1[cuda1,share=0.3052,tput=4.70] rank2[cuda2,share=0.2914,tput=2.20]
epoch 142: eval=0.9036
epoch 143: loss=0.124529, train_acc=0.9548, time=11.8s
per-rank: rank0[cuda0,share=0.4019,tput=2.06] rank1[cuda1,share=0.3029,tput=3.09] rank2[cuda2,share=0.2952,tput=4.67]
epoch 143: eval=0.9060
epoch 144: loss=0.122494, train_acc=0.9564, time=10.8s
per-rank: rank0[cuda0,share=0.4019,tput=2.06] rank1[cuda1,share=0.3029,tput=3.87] rank2[cuda2,share=0.2952,tput=2.55]
epoch 144: eval=0.9019
epoch 145: loss=0.121751, train_acc=0.9572, time=9.7s
per-rank: rank0[cuda0,share=0.4009,tput=2.25] rank1[cuda1,share=0.3021,tput=2.16] rank2[cuda2,share=0.2970,tput=5.66]
epoch 145: eval=0.9071
epoch 146: loss=0.120181, train_acc=0.9583, time=9.8s
per-rank: rank0[cuda0,share=0.4019,tput=2.62] rank1[cuda1,share=0.3002,tput=3.78] rank2[cuda2,share=0.2979,tput=2.18]
epoch 146: eval=0.9061
epoch 147: loss=0.122684, train_acc=0.9566, time=9.8s
per-rank: rank0[cuda0,share=0.4008,tput=2.63] rank2[cuda2,share=0.2999,tput=2.33] rank1[cuda1,share=0.2994,tput=3.59]
epoch 147: eval=0.9015
epoch 148: loss=0.123130, train_acc=0.9570, time=11.6s
per-rank: rank0[cuda0,share=0.3994,tput=2.03] rank2[cuda2,share=0.3007,tput=3.36] rank1[cuda1,share=0.2999,tput=4.75]
epoch 148: eval=0.9110
epoch 149: loss=0.122442, train_acc=0.9567, time=10.5s
per-rank: rank0[cuda0,share=0.3994,tput=2.12] rank2[cuda2,share=0.3007,tput=2.21] rank1[cuda1,share=0.2999,tput=4.44]
epoch 149: eval=0.9028
epoch 150: loss=0.097576, train_acc=0.9668, time=12.4s
per-rank: rank0[cuda0,share=0.3960,tput=1.87] rank1[cuda1,share=0.3021,tput=3.60] rank2[cuda2,share=0.3019,tput=4.68]
epoch 150: eval=0.9218
epoch 151: loss=0.074137, train_acc=0.9759, time=11.1s
per-rank: rank0[cuda0,share=0.3939,tput=2.33] rank2[cuda2,share=0.3031,tput=2.31] rank1[cuda1,share=0.3030,tput=3.72]
epoch 151: eval=0.9184
epoch 152: loss=0.071541, train_acc=0.9763, time=11.5s
per-rank: rank0[cuda0,share=0.3918,tput=2.02] rank2[cuda2,share=0.3044,tput=4.95] rank1[cuda1,share=0.3038,tput=2.96]
epoch 152: eval=0.9208
epoch 153: loss=0.069766, train_acc=0.9777, time=10.5s
per-rank: rank0[cuda0,share=0.3896,tput=3.29] rank2[cuda2,share=0.3056,tput=3.08] rank1[cuda1,share=0.3047,tput=2.58]
epoch 153: eval=0.9215
epoch 154: loss=0.066773, train_acc=0.9780, time=9.7s
per-rank: rank0[cuda0,share=0.3885,tput=3.52] rank1[cuda1,share=0.3061,tput=2.23] rank2[cuda2,share=0.3054,tput=3.21]
epoch 154: eval=0.9215
epoch 155: loss=0.066694, train_acc=0.9778, time=9.6s
per-rank: rank0[cuda0,share=0.3874,tput=3.34] rank1[cuda1,share=0.3074,tput=2.17] rank2[cuda2,share=0.3051,tput=3.26]
epoch 155: eval=0.9222
epoch 156: loss=0.065120, train_acc=0.9792, time=11.1s
per-rank: rank0[cuda0,share=0.3886,tput=2.13] rank1[cuda1,share=0.3077,tput=3.05] rank2[cuda2,share=0.3038,tput=4.55]
epoch 156: eval=0.9207
epoch 157: loss=0.063340, train_acc=0.9799, time=10.6s
per-rank: rank0[cuda0,share=0.3897,tput=2.87] rank1[cuda1,share=0.3079,tput=2.47] rank2[cuda2,share=0.3024,tput=3.13]
epoch 157: eval=0.9219
epoch 158: loss=0.061446, train_acc=0.9803, time=9.5s
per-rank: rank0[cuda0,share=0.3940,tput=3.89] rank1[cuda1,share=0.3082,tput=2.56] rank2[cuda2,share=0.2978,tput=2.40]
epoch 158: eval=0.9224
epoch 159: loss=0.061734, train_acc=0.9806, time=9.6s
per-rank: rank0[cuda0,share=0.3979,tput=3.15] rank1[cuda1,share=0.3070,tput=2.09] rank2[cuda2,share=0.2951,tput=3.65]
epoch 159: eval=0.9212
epoch 160: loss=0.062096, train_acc=0.9801, time=12.1s
per-rank: rank0[cuda0,share=0.4017,tput=2.05] rank1[cuda1,share=0.3059,tput=3.89] rank2[cuda2,share=0.2924,tput=3.59]
epoch 160: eval=0.9209
epoch 161: loss=0.060730, train_acc=0.9816, time=11.0s
per-rank: rank0[cuda0,share=0.4050,tput=2.20] rank1[cuda1,share=0.3039,tput=2.21] rank2[cuda2,share=0.2912,tput=4.16]
epoch 161: eval=0.9220
epoch 162: loss=0.060102, train_acc=0.9808, time=9.6s
per-rank: rank0[cuda0,share=0.4070,tput=2.92] rank1[cuda1,share=0.3026,tput=2.30] rank2[cuda2,share=0.2905,tput=3.48]
epoch 162: eval=0.9213
epoch 163: loss=0.059913, train_acc=0.9808, time=10.1s
per-rank: rank0[cuda0,share=0.4061,tput=2.47] rank1[cuda1,share=0.3013,tput=2.32] rank2[cuda2,share=0.2926,tput=3.54]
epoch 163: eval=0.9226
epoch 164: loss=0.058930, train_acc=0.9809, time=10.1s
per-rank: rank0[cuda0,share=0.4052,tput=3.28] rank1[cuda1,share=0.2999,tput=2.80] rank2[cuda2,share=0.2948,tput=2.50]
epoch 164: eval=0.9201
epoch 165: loss=0.058654, train_acc=0.9813, time=9.7s
per-rank: rank0[cuda0,share=0.4036,tput=3.12] rank1[cuda1,share=0.2999,tput=3.89] rank2[cuda2,share=0.2965,tput=2.01]
epoch 165: eval=0.9215
epoch 166: loss=0.057634, train_acc=0.9812, time=9.8s
per-rank: rank0[cuda0,share=0.4026,tput=2.43] rank1[cuda1,share=0.3003,tput=2.40] rank2[cuda2,share=0.2971,tput=4.51]
epoch 166: eval=0.9211
epoch 167: loss=0.057210, train_acc=0.9819, time=9.7s
per-rank: rank0[cuda0,share=0.4005,tput=3.60] rank2[cuda2,share=0.3000,tput=2.25] rank1[cuda1,share=0.2994,tput=2.93]
epoch 167: eval=0.9219
epoch 168: loss=0.056071, train_acc=0.9819, time=11.9s
per-rank: rank0[cuda0,share=0.3986,tput=2.00] rank2[cuda2,share=0.3019,tput=3.69] rank1[cuda1,share=0.2994,tput=3.90]
epoch 168: eval=0.9213
epoch 169: loss=0.054386, train_acc=0.9826, time=10.8s
per-rank: rank0[cuda0,share=0.3974,tput=2.50] rank2[cuda2,share=0.3044,tput=3.98] rank1[cuda1,share=0.2982,tput=2.29]
epoch 169: eval=0.9209
epoch 170: loss=0.056797, train_acc=0.9821, time=9.8s
per-rank: rank0[cuda0,share=0.3968,tput=2.84] rank2[cuda2,share=0.3054,tput=3.36] rank1[cuda1,share=0.2978,tput=2.25]
epoch 170: eval=0.9210
epoch 171: loss=0.054173, train_acc=0.9830, time=9.8s
per-rank: rank0[cuda0,share=0.3980,tput=2.05] rank2[cuda2,share=0.3062,tput=2.11] rank1[cuda1,share=0.2958,tput=6.15]
epoch 171: eval=0.9219
epoch 172: loss=0.053281, train_acc=0.9833, time=12.4s
per-rank: rank0[cuda0,share=0.3999,tput=1.91] rank2[cuda2,share=0.3044,tput=4.79] rank1[cuda1,share=0.2957,tput=3.23]
epoch 172: eval=0.9228
epoch 173: loss=0.055940, train_acc=0.9821, time=11.1s
per-rank: rank0[cuda0,share=0.4011,tput=1.97] rank2[cuda2,share=0.3039,tput=3.46] rank1[cuda1,share=0.2950,tput=2.79]
epoch 173: eval=0.9206
epoch 174: loss=0.053391, train_acc=0.9828, time=9.7s
per-rank: rank0[cuda0,share=0.4017,tput=1.85] rank2[cuda2,share=0.3047,tput=2.19] rank1[cuda1,share=0.2936,tput=6.44]
epoch 174: eval=0.9216
epoch 175: loss=0.053109, train_acc=0.9830, time=9.8s
per-rank: rank0[cuda0,share=0.3970,tput=2.78] rank2[cuda2,share=0.3073,tput=3.10] rank1[cuda1,share=0.2956,tput=2.49]
epoch 175: eval=0.9213
epoch 176: loss=0.053635, train_acc=0.9823, time=9.8s
per-rank: rank0[cuda0,share=0.3926,tput=2.21] rank2[cuda2,share=0.3097,tput=5.07] rank1[cuda1,share=0.2977,tput=2.18]
epoch 176: eval=0.9218
epoch 177: loss=0.051833, train_acc=0.9832, time=9.7s
per-rank: rank0[cuda0,share=0.3879,tput=2.86] rank2[cuda2,share=0.3122,tput=5.02] rank1[cuda1,share=0.2999,tput=1.88]
epoch 177: eval=0.9207
epoch 178: loss=0.053689, train_acc=0.9828, time=10.0s
per-rank: rank0[cuda0,share=0.3818,tput=2.56] rank2[cuda2,share=0.3139,tput=4.80] rank1[cuda1,share=0.3044,tput=1.92]
epoch 178: eval=0.9221
epoch 179: loss=0.053600, train_acc=0.9824, time=9.7s
per-rank: rank0[cuda0,share=0.3804,tput=2.28] rank2[cuda2,share=0.3131,tput=2.18] rank1[cuda1,share=0.3065,tput=5.02]
epoch 179: eval=0.9214
epoch 180: loss=0.051887, train_acc=0.9837, time=9.6s
per-rank: rank0[cuda0,share=0.3784,tput=1.86] rank2[cuda2,share=0.3135,tput=5.74] rank1[cuda1,share=0.3080,tput=2.45]
epoch 180: eval=0.9229
epoch 181: loss=0.052814, train_acc=0.9831, time=9.7s
per-rank: rank0[cuda0,share=0.3780,tput=3.23] rank2[cuda2,share=0.3132,tput=3.15] rank1[cuda1,share=0.3088,tput=2.23]
epoch 181: eval=0.9192
epoch 182: loss=0.050724, train_acc=0.9840, time=11.1s
per-rank: rank0[cuda0,share=0.3794,tput=2.12] rank2[cuda2,share=0.3123,tput=3.79] rank1[cuda1,share=0.3083,tput=3.57]
epoch 182: eval=0.9212
epoch 183: loss=0.051395, train_acc=0.9838, time=10.4s
per-rank: rank0[cuda0,share=0.3810,tput=2.93] rank2[cuda2,share=0.3119,tput=2.07] rank1[cuda1,share=0.3071,tput=3.71]
epoch 183: eval=0.9216
epoch 184: loss=0.050174, train_acc=0.9839, time=9.6s
per-rank: rank0[cuda0,share=0.3856,tput=3.93] rank2[cuda2,share=0.3100,tput=1.83] rank1[cuda1,share=0.3045,tput=3.41]
epoch 184: eval=0.9219
epoch 185: loss=0.051072, train_acc=0.9841, time=9.8s
per-rank: rank0[cuda0,share=0.3903,tput=3.51] rank2[cuda2,share=0.3062,tput=1.80] rank1[cuda1,share=0.3035,tput=3.47]
epoch 185: eval=0.9220
epoch 186: loss=0.049624, train_acc=0.9842, time=10.0s
per-rank: rank0[cuda0,share=0.3954,tput=1.80] rank1[cuda1,share=0.3031,tput=2.49] rank2[cuda2,share=0.3014,tput=5.88]
epoch 186: eval=0.9217
epoch 187: loss=0.050647, train_acc=0.9838, time=9.7s
per-rank: rank0[cuda0,share=0.3985,tput=2.76] rank1[cuda1,share=0.3034,tput=2.40] rank2[cuda2,share=0.2981,tput=3.61]
epoch 187: eval=0.9220
epoch 188: loss=0.048686, train_acc=0.9844, time=9.8s
per-rank: rank0[cuda0,share=0.3991,tput=2.85] rank1[cuda1,share=0.3048,tput=3.03] rank2[cuda2,share=0.2961,tput=2.45]
epoch 188: eval=0.9200
epoch 189: loss=0.048130, train_acc=0.9846, time=9.7s
per-rank: rank0[cuda0,share=0.4003,tput=1.98] rank1[cuda1,share=0.3050,tput=4.77] rank2[cuda2,share=0.2947,tput=2.46]
epoch 189: eval=0.9205
epoch 190: loss=0.046212, train_acc=0.9856, time=12.5s
per-rank: rank0[cuda0,share=0.4001,tput=1.84] rank1[cuda1,share=0.3052,tput=5.24] rank2[cuda2,share=0.2948,tput=3.02]
epoch 190: eval=0.9203
epoch 191: loss=0.048149, train_acc=0.9848, time=11.1s
per-rank: rank0[cuda0,share=0.3985,tput=1.80] rank1[cuda1,share=0.3060,tput=2.83] rank2[cuda2,share=0.2955,tput=3.65]
epoch 191: eval=0.9217
epoch 192: loss=0.047830, train_acc=0.9844, time=9.7s
per-rank: rank0[cuda0,share=0.3968,tput=2.43] rank1[cuda1,share=0.3069,tput=2.49] rank2[cuda2,share=0.2963,tput=4.45]
epoch 192: eval=0.9197
epoch 193: loss=0.047482, train_acc=0.9854, time=9.6s
per-rank: rank0[cuda0,share=0.3911,tput=3.84] rank1[cuda1,share=0.3114,tput=2.45] rank2[cuda2,share=0.2975,tput=2.58]
epoch 193: eval=0.9206
epoch 194: loss=0.048882, train_acc=0.9839, time=9.8s
per-rank: rank0[cuda0,share=0.3873,tput=2.73] rank1[cuda1,share=0.3132,tput=2.38] rank2[cuda2,share=0.2996,tput=3.66]
epoch 194: eval=0.9213
epoch 195: loss=0.048678, train_acc=0.9844, time=9.7s
per-rank: rank0[cuda0,share=0.3833,tput=3.72] rank1[cuda1,share=0.3150,tput=2.72] rank2[cuda2,share=0.3016,tput=2.38]
epoch 195: eval=0.9229
epoch 196: loss=0.045559, train_acc=0.9856, time=11.5s
per-rank: rank0[cuda0,share=0.3823,tput=2.01] rank1[cuda1,share=0.3133,tput=2.87] rank2[cuda2,share=0.3044,tput=5.61]
epoch 196: eval=0.9192
epoch 197: loss=0.047310, train_acc=0.9850, time=10.8s
per-rank: rank0[cuda0,share=0.3826,tput=2.52] rank1[cuda1,share=0.3121,tput=2.12] rank2[cuda2,share=0.3054,tput=4.03]
epoch 197: eval=0.9213
epoch 198: loss=0.045903, train_acc=0.9855, time=9.7s
per-rank: rank0[cuda0,share=0.3828,tput=3.34] rank1[cuda1,share=0.3108,tput=2.39] rank2[cuda2,share=0.3064,tput=2.99]
epoch 198: eval=0.9211
epoch 199: loss=0.047587, train_acc=0.9847, time=10.2s
per-rank: rank0[cuda0,share=0.3852,tput=2.31] rank1[cuda1,share=0.3093,tput=3.34] rank2[cuda2,share=0.3055,tput=4.56]
final eval=0.9212
# total: 1935.7s (32m 16s)
