# gpu0: NVIDIA GeForce RTX 5060 Ti (15GB, sm_120)
# gpu1: NVIDIA GeForce GTX 1060 6GB (5GB, sm_61)
# gpu2: NVIDIA GeForce GTX 1060 6GB (5GB, sm_61)
epoch 0: loss=2.013585, train_acc=0.2381, time=9.0s
per-rank: rank0[cuda0,share=0.3775,tput=5.52] rank1[cuda1,share=0.3235,tput=2.54] rank2[cuda2,share=0.2989,tput=3.54]
epoch 0: eval=0.2718
epoch 1: loss=1.757791, train_acc=0.3347, time=10.3s
per-rank: rank0[cuda0,share=0.3775,tput=2.22] rank1[cuda1,share=0.3235,tput=3.90] rank2[cuda2,share=0.2989,tput=4.45]
epoch 1: eval=0.3055
epoch 2: loss=1.620027, train_acc=0.3961, time=9.4s
per-rank: rank0[cuda0,share=0.3775,tput=2.88] rank1[cuda1,share=0.3235,tput=4.13] rank2[cuda2,share=0.2989,tput=2.54]
epoch 2: eval=0.4047
epoch 3: loss=1.482952, train_acc=0.4557, time=8.6s
per-rank: rank0[cuda0,share=0.3775,tput=4.21] rank1[cuda1,share=0.3235,tput=3.32] rank2[cuda2,share=0.2989,tput=2.46]
epoch 3: eval=0.4896
epoch 4: loss=1.365463, train_acc=0.5070, time=8.8s
per-rank: rank0[cuda0,share=0.3775,tput=2.74] rank1[cuda1,share=0.3235,tput=2.61] rank2[cuda2,share=0.2989,tput=5.55]
epoch 4: eval=0.5219
epoch 5: loss=1.258323, train_acc=0.5471, time=9.1s
per-rank: rank0[cuda0,share=0.3775,tput=3.41] rank1[cuda1,share=0.3235,tput=2.52] rank2[cuda2,share=0.2989,tput=3.35]
epoch 5: eval=0.5187
epoch 6: loss=1.146952, train_acc=0.5913, time=10.8s
per-rank: rank0[cuda0,share=0.3775,tput=2.11] rank1[cuda1,share=0.3235,tput=3.26] rank2[cuda2,share=0.2989,tput=4.78]
epoch 6: eval=0.6024
epoch 7: loss=1.078378, train_acc=0.6196, time=9.3s
per-rank: rank0[cuda0,share=0.3775,tput=3.06] rank1[cuda1,share=0.3235,tput=4.47] rank2[cuda2,share=0.2989,tput=2.45]
epoch 7: eval=0.6278
epoch 8: loss=1.004751, train_acc=0.6463, time=8.7s
per-rank: rank0[cuda0,share=0.3775,tput=3.04] rank1[cuda1,share=0.3235,tput=2.71] rank2[cuda2,share=0.2989,tput=4.67]
epoch 8: eval=0.6748
epoch 9: loss=0.949647, train_acc=0.6695, time=8.6s
per-rank: rank0[cuda0,share=0.3775,tput=3.88] rank1[cuda1,share=0.3235,tput=4.03] rank2[cuda2,share=0.2989,tput=2.09]
epoch 9: eval=0.6450
epoch 10: loss=0.898447, train_acc=0.6843, time=10.2s
per-rank: rank0[cuda0,share=0.3775,tput=2.20] rank1[cuda1,share=0.3235,tput=3.56] rank2[cuda2,share=0.2989,tput=5.33]
epoch 10: eval=0.6012
epoch 11: loss=0.859970, train_acc=0.7000, time=9.4s
per-rank: rank0[cuda0,share=0.3775,tput=3.17] rank1[cuda1,share=0.3235,tput=4.07] rank2[cuda2,share=0.2989,tput=2.48]
epoch 11: eval=0.6952
epoch 12: loss=0.831353, train_acc=0.7113, time=9.8s
per-rank: rank0[cuda0,share=0.3775,tput=2.30] rank1[cuda1,share=0.3235,tput=5.30] rank2[cuda2,share=0.2989,tput=3.28]
epoch 12: eval=0.7174
epoch 13: loss=0.808547, train_acc=0.7184, time=9.4s
per-rank: rank0[cuda0,share=0.3775,tput=3.36] rank1[cuda1,share=0.3235,tput=2.49] rank2[cuda2,share=0.2989,tput=4.10]
epoch 13: eval=0.6869
epoch 14: loss=0.781231, train_acc=0.7292, time=8.7s
per-rank: rank0[cuda0,share=0.3775,tput=3.79] rank1[cuda1,share=0.3235,tput=2.21] rank2[cuda2,share=0.2989,tput=4.17]
epoch 14: eval=0.6540
epoch 15: loss=0.762273, train_acc=0.7360, time=8.6s
per-rank: rank0[cuda0,share=0.3775,tput=3.60] rank1[cuda1,share=0.3235,tput=2.42] rank2[cuda2,share=0.2989,tput=3.83]
epoch 15: eval=0.7292
epoch 16: loss=0.740383, train_acc=0.7417, time=8.7s
per-rank: rank0[cuda0,share=0.3775,tput=4.71] rank1[cuda1,share=0.3235,tput=4.63] rank2[cuda2,share=0.2989,tput=2.45]
epoch 16: eval=0.6964
epoch 17: loss=0.724996, train_acc=0.7487, time=8.7s
per-rank: rank0[cuda0,share=0.3775,tput=3.46] rank1[cuda1,share=0.3235,tput=2.69] rank2[cuda2,share=0.2989,tput=3.37]
epoch 17: eval=0.6520
epoch 18: loss=0.707303, train_acc=0.7544, time=8.6s
per-rank: rank0[cuda0,share=0.3775,tput=2.34] rank1[cuda1,share=0.3235,tput=2.58] rank2[cuda2,share=0.2989,tput=6.37]
epoch 18: eval=0.6992
epoch 19: loss=0.695610, train_acc=0.7600, time=8.6s
per-rank: rank0[cuda0,share=0.3775,tput=4.75] rank1[cuda1,share=0.3235,tput=2.93] rank2[cuda2,share=0.2989,tput=2.42]
epoch 19: eval=0.7547
epoch 20: loss=0.685647, train_acc=0.7639, time=8.5s
per-rank: rank0[cuda0,share=0.3775,tput=4.08] rank1[cuda1,share=0.3235,tput=3.26] rank2[cuda2,share=0.2989,tput=2.55]
epoch 20: eval=0.7491
epoch 21: loss=0.676772, train_acc=0.7688, time=8.7s
per-rank: rank0[cuda0,share=0.3775,tput=2.98] rank1[cuda1,share=0.3235,tput=2.48] rank2[cuda2,share=0.2989,tput=5.23]
epoch 21: eval=0.7394
epoch 22: loss=0.663962, train_acc=0.7716, time=8.6s
per-rank: rank0[cuda0,share=0.3775,tput=2.63] rank1[cuda1,share=0.3235,tput=2.49] rank2[cuda2,share=0.2989,tput=5.98]
epoch 22: eval=0.7495
epoch 23: loss=0.657791, train_acc=0.7751, time=8.6s
per-rank: rank0[cuda0,share=0.3775,tput=2.79] rank1[cuda1,share=0.3235,tput=2.52] rank2[cuda2,share=0.2989,tput=5.70]
epoch 23: eval=0.7398
epoch 24: loss=0.652067, train_acc=0.7760, time=8.6s
per-rank: rank0[cuda0,share=0.3775,tput=4.04] rank1[cuda1,share=0.3235,tput=2.60] rank2[cuda2,share=0.2989,tput=3.36]
epoch 24: eval=0.7547
epoch 25: loss=0.644954, train_acc=0.7778, time=9.6s
per-rank: rank0[cuda0,share=0.3775,tput=2.37] rank1[cuda1,share=0.3235,tput=4.12] rank2[cuda2,share=0.2989,tput=4.07]
epoch 25: eval=0.7554
epoch 26: loss=0.643418, train_acc=0.7782, time=9.1s
per-rank: rank0[cuda0,share=0.3775,tput=3.89] rank1[cuda1,share=0.3235,tput=2.27] rank2[cuda2,share=0.2989,tput=3.82]
epoch 26: eval=0.7403
epoch 27: loss=0.631863, train_acc=0.7834, time=8.6s
per-rank: rank0[cuda0,share=0.3775,tput=2.79] rank1[cuda1,share=0.3235,tput=5.06] rank2[cuda2,share=0.2989,tput=2.64]
epoch 27: eval=0.7815
epoch 28: loss=0.628968, train_acc=0.7834, time=10.0s
per-rank: rank0[cuda0,share=0.3775,tput=2.26] rank1[cuda1,share=0.3235,tput=3.65] rank2[cuda2,share=0.2989,tput=5.28]
epoch 28: eval=0.7802
epoch 29: loss=0.628414, train_acc=0.7819, time=9.4s
per-rank: rank0[cuda0,share=0.3775,tput=3.78] rank1[cuda1,share=0.3235,tput=3.66] rank2[cuda2,share=0.2989,tput=2.55]
epoch 29: eval=0.7417
epoch 30: loss=0.618906, train_acc=0.7861, time=9.6s
per-rank: rank0[cuda0,share=0.3775,tput=2.36] rank1[cuda1,share=0.3235,tput=3.52] rank2[cuda2,share=0.2989,tput=5.16]
epoch 30: eval=0.7832
epoch 31: loss=0.612605, train_acc=0.7885, time=9.2s
per-rank: rank0[cuda0,share=0.3775,tput=3.67] rank1[cuda1,share=0.3235,tput=3.17] rank2[cuda2,share=0.2989,tput=2.67]
epoch 31: eval=0.7326
epoch 32: loss=0.601902, train_acc=0.7928, time=8.7s
per-rank: rank0[cuda0,share=0.3775,tput=2.96] rank1[cuda1,share=0.3235,tput=2.07] rank2[cuda2,share=0.2989,tput=6.44]
epoch 32: eval=0.7840
epoch 33: loss=0.613372, train_acc=0.7892, time=10.3s
per-rank: rank0[cuda0,share=0.3775,tput=2.17] rank1[cuda1,share=0.3235,tput=5.58] rank2[cuda2,share=0.2989,tput=3.37]
epoch 33: eval=0.7807
epoch 34: loss=0.599618, train_acc=0.7942, time=9.5s
per-rank: rank0[cuda0,share=0.3775,tput=2.86] rank1[cuda1,share=0.3235,tput=2.64] rank2[cuda2,share=0.2989,tput=4.04]
epoch 34: eval=0.7598
epoch 35: loss=0.592706, train_acc=0.7956, time=8.5s
per-rank: rank0[cuda0,share=0.3775,tput=3.02] rank1[cuda1,share=0.3235,tput=2.45] rank2[cuda2,share=0.2989,tput=5.14]
epoch 35: eval=0.7825
epoch 36: loss=0.588485, train_acc=0.7977, time=8.5s
per-rank: rank0[cuda0,share=0.3775,tput=2.93] rank1[cuda1,share=0.3235,tput=5.41] rank2[cuda2,share=0.2989,tput=2.48]
epoch 36: eval=0.7650
epoch 37: loss=0.593523, train_acc=0.7944, time=8.5s
per-rank: rank0[cuda0,share=0.3775,tput=4.04] rank1[cuda1,share=0.3235,tput=2.16] rank2[cuda2,share=0.2989,tput=3.88]
epoch 37: eval=0.7461
epoch 38: loss=0.592975, train_acc=0.7955, time=8.5s
per-rank: rank0[cuda0,share=0.3775,tput=2.94] rank1[cuda1,share=0.3235,tput=2.53] rank2[cuda2,share=0.2989,tput=5.42]
epoch 38: eval=0.7660
epoch 39: loss=0.581862, train_acc=0.8009, time=9.4s
per-rank: rank0[cuda0,share=0.3775,tput=2.42] rank1[cuda1,share=0.3235,tput=3.18] rank2[cuda2,share=0.2989,tput=5.52]
epoch 39: eval=0.7763
epoch 40: loss=0.581803, train_acc=0.8002, time=9.0s
per-rank: rank0[cuda0,share=0.3775,tput=3.97] rank1[cuda1,share=0.3235,tput=2.66] rank2[cuda2,share=0.2989,tput=3.43]
epoch 40: eval=0.7489
epoch 41: loss=0.579704, train_acc=0.8021, time=8.8s
per-rank: rank0[cuda0,share=0.3775,tput=4.43] rank1[cuda1,share=0.3235,tput=3.14] rank2[cuda2,share=0.2989,tput=2.33]
epoch 41: eval=0.7916
epoch 42: loss=0.579394, train_acc=0.8023, time=8.5s
per-rank: rank0[cuda0,share=0.3775,tput=5.62] rank1[cuda1,share=0.3235,tput=3.69] rank2[cuda2,share=0.2989,tput=2.29]
epoch 42: eval=0.7654
epoch 43: loss=0.572989, train_acc=0.8045, time=10.0s
per-rank: rank0[cuda0,share=0.3775,tput=2.29] rank1[cuda1,share=0.3235,tput=3.90] rank2[cuda2,share=0.2989,tput=4.90]
epoch 43: eval=0.7834
epoch 44: loss=0.569777, train_acc=0.8040, time=9.3s
per-rank: rank0[cuda0,share=0.3775,tput=2.77] rank1[cuda1,share=0.3235,tput=4.35] rank2[cuda2,share=0.2989,tput=2.44]
epoch 44: eval=0.7780
epoch 45: loss=0.570407, train_acc=0.8054, time=10.4s
per-rank: rank0[cuda0,share=0.3775,tput=2.17] rank1[cuda1,share=0.3235,tput=3.78] rank2[cuda2,share=0.2989,tput=5.29]
epoch 45: eval=0.7225
epoch 46: loss=0.572048, train_acc=0.8026, time=9.5s
per-rank: rank0[cuda0,share=0.3775,tput=3.33] rank1[cuda1,share=0.3235,tput=2.70] rank2[cuda2,share=0.2989,tput=3.83]
epoch 46: eval=0.7754
epoch 47: loss=0.556458, train_acc=0.8080, time=8.5s
per-rank: rank0[cuda0,share=0.3775,tput=2.79] rank1[cuda1,share=0.3235,tput=5.63] rank2[cuda2,share=0.2989,tput=2.40]
epoch 47: eval=0.7769
epoch 48: loss=0.559887, train_acc=0.8078, time=9.7s
per-rank: rank0[cuda0,share=0.3775,tput=2.33] rank1[cuda1,share=0.3235,tput=4.00] rank2[cuda2,share=0.2989,tput=4.29]
epoch 48: eval=0.7621
epoch 49: loss=0.559599, train_acc=0.8083, time=9.0s
per-rank: rank0[cuda0,share=0.3775,tput=3.73] rank1[cuda1,share=0.3235,tput=2.74] rank2[cuda2,share=0.2989,tput=3.33]
epoch 49: eval=0.8005
epoch 50: loss=0.557561, train_acc=0.8073, time=8.6s
per-rank: rank0[cuda0,share=0.3775,tput=4.08] rank1[cuda1,share=0.3235,tput=3.92] rank2[cuda2,share=0.2989,tput=2.05]
epoch 50: eval=0.7356
epoch 51: loss=0.556396, train_acc=0.8090, time=9.9s
per-rank: rank0[cuda0,share=0.3775,tput=2.27] rank1[cuda1,share=0.3235,tput=3.96] rank2[cuda2,share=0.2989,tput=4.76]
epoch 51: eval=0.7866
epoch 52: loss=0.560236, train_acc=0.8079, time=9.3s
per-rank: rank0[cuda0,share=0.3775,tput=3.43] rank1[cuda1,share=0.3235,tput=3.69] rank2[cuda2,share=0.2989,tput=2.53]
epoch 52: eval=0.7765
epoch 53: loss=0.557869, train_acc=0.8071, time=8.6s
per-rank: rank0[cuda0,share=0.3775,tput=3.33] rank1[cuda1,share=0.3235,tput=5.14] rank2[cuda2,share=0.2989,tput=2.53]
epoch 53: eval=0.7783
epoch 54: loss=0.556821, train_acc=0.8086, time=9.4s
per-rank: rank0[cuda0,share=0.3775,tput=2.40] rank1[cuda1,share=0.3235,tput=3.87] rank2[cuda2,share=0.2989,tput=4.72]
epoch 54: eval=0.7719
epoch 55: loss=0.554114, train_acc=0.8092, time=9.1s
per-rank: rank0[cuda0,share=0.3775,tput=3.41] rank1[cuda1,share=0.3235,tput=2.39] rank2[cuda2,share=0.2989,tput=4.22]
epoch 55: eval=0.7967
epoch 56: loss=0.543634, train_acc=0.8130, time=10.0s
per-rank: rank0[cuda0,share=0.3775,tput=2.26] rank1[cuda1,share=0.3235,tput=3.63] rank2[cuda2,share=0.2989,tput=5.25]
epoch 56: eval=0.7652
epoch 57: loss=0.544687, train_acc=0.8141, time=9.3s
per-rank: rank0[cuda0,share=0.3775,tput=2.55] rank1[cuda1,share=0.3235,tput=2.76] rank2[cuda2,share=0.2989,tput=4.45]
epoch 57: eval=0.7006
epoch 58: loss=0.547066, train_acc=0.8121, time=9.6s
per-rank: rank0[cuda0,share=0.3775,tput=2.39] rank1[cuda1,share=0.3235,tput=4.19] rank2[cuda2,share=0.2989,tput=3.91]
epoch 58: eval=0.7154
epoch 59: loss=0.552722, train_acc=0.8124, time=9.1s
per-rank: rank0[cuda0,share=0.3775,tput=3.70] rank1[cuda1,share=0.3235,tput=2.58] rank2[cuda2,share=0.2989,tput=3.56]
epoch 59: eval=0.7763
epoch 60: loss=0.544620, train_acc=0.8129, time=10.5s
per-rank: rank0[cuda0,share=0.3775,tput=2.19] rank1[cuda1,share=0.3235,tput=4.67] rank2[cuda2,share=0.2989,tput=3.96]
epoch 60: eval=0.7622
epoch 61: loss=0.543828, train_acc=0.8129, time=9.7s
per-rank: rank0[cuda0,share=0.3775,tput=3.33] rank1[cuda1,share=0.3235,tput=2.86] rank2[cuda2,share=0.2989,tput=3.27]
epoch 61: eval=0.7846
epoch 62: loss=0.540763, train_acc=0.8149, time=10.7s
per-rank: rank0[cuda0,share=0.3775,tput=2.16] rank1[cuda1,share=0.3235,tput=5.75] rank2[cuda2,share=0.2989,tput=3.51]
epoch 62: eval=0.7926
epoch 63: loss=0.535962, train_acc=0.8170, time=9.6s
per-rank: rank0[cuda0,share=0.3775,tput=3.41] rank1[cuda1,share=0.3235,tput=3.88] rank2[cuda2,share=0.2989,tput=2.49]
epoch 63: eval=0.7801
epoch 64: loss=0.537816, train_acc=0.8144, time=8.5s
per-rank: rank0[cuda0,share=0.3775,tput=4.39] rank1[cuda1,share=0.3235,tput=2.51] rank2[cuda2,share=0.2989,tput=4.20]
epoch 64: eval=0.7535
epoch 65: loss=0.533663, train_acc=0.8171, time=8.5s
per-rank: rank0[cuda0,share=0.3775,tput=3.30] rank1[cuda1,share=0.3235,tput=2.26] rank2[cuda2,share=0.2989,tput=5.67]
epoch 65: eval=0.8107
epoch 66: loss=0.534161, train_acc=0.8181, time=10.2s
per-rank: rank0[cuda0,share=0.3775,tput=2.21] rank1[cuda1,share=0.3235,tput=5.12] rank2[cuda2,share=0.2989,tput=3.42]
epoch 66: eval=0.7883
epoch 67: loss=0.537783, train_acc=0.8155, time=9.5s
per-rank: rank0[cuda0,share=0.3775,tput=3.35] rank1[cuda1,share=0.3235,tput=3.57] rank2[cuda2,share=0.2989,tput=2.58]
epoch 67: eval=0.7454
epoch 68: loss=0.531097, train_acc=0.8185, time=8.5s
per-rank: rank0[cuda0,share=0.3775,tput=4.10] rank1[cuda1,share=0.3235,tput=3.58] rank2[cuda2,share=0.2989,tput=2.31]
epoch 68: eval=0.8107
epoch 69: loss=0.530719, train_acc=0.8186, time=8.5s
per-rank: rank0[cuda0,share=0.3775,tput=4.08] rank1[cuda1,share=0.3235,tput=3.44] rank2[cuda2,share=0.2989,tput=2.43]
epoch 69: eval=0.7834
epoch 70: loss=0.526600, train_acc=0.8196, time=8.4s
per-rank: rank0[cuda0,share=0.3775,tput=3.22] rank1[cuda1,share=0.3235,tput=4.39] rank2[cuda2,share=0.2989,tput=2.69]
epoch 70: eval=0.7969
epoch 71: loss=0.536615, train_acc=0.8171, time=9.5s
per-rank: rank0[cuda0,share=0.3775,tput=2.39] rank1[cuda1,share=0.3235,tput=3.45] rank2[cuda2,share=0.2989,tput=5.01]
epoch 71: eval=0.7856
epoch 72: loss=0.529602, train_acc=0.8162, time=8.8s
per-rank: rank0[cuda0,share=0.3775,tput=3.88] rank1[cuda1,share=0.3235,tput=2.63] rank2[cuda2,share=0.2989,tput=3.56]
epoch 72: eval=0.8096
epoch 73: loss=0.531332, train_acc=0.8192, time=8.5s
per-rank: rank0[cuda0,share=0.3775,tput=4.88] rank1[cuda1,share=0.3235,tput=2.34] rank2[cuda2,share=0.2989,tput=3.43]
epoch 73: eval=0.7983
epoch 74: loss=0.530500, train_acc=0.8181, time=9.6s
per-rank: rank0[cuda0,share=0.3775,tput=2.38] rank1[cuda1,share=0.3235,tput=3.55] rank2[cuda2,share=0.2989,tput=4.98]
epoch 74: eval=0.7935
epoch 75: loss=0.526691, train_acc=0.8173, time=9.2s
per-rank: rank0[cuda0,share=0.3775,tput=3.57] rank1[cuda1,share=0.3235,tput=3.38] rank2[cuda2,share=0.2989,tput=2.68]
epoch 75: eval=0.7890
epoch 76: loss=0.525192, train_acc=0.8200, time=10.3s
per-rank: rank0[cuda0,share=0.3775,tput=2.20] rank1[cuda1,share=0.3235,tput=3.60] rank2[cuda2,share=0.2989,tput=5.12]
epoch 76: eval=0.7997
epoch 77: loss=0.529896, train_acc=0.8180, time=9.4s
per-rank: rank0[cuda0,share=0.3775,tput=3.22] rank1[cuda1,share=0.3235,tput=3.61] rank2[cuda2,share=0.2989,tput=2.86]
epoch 77: eval=0.7579
epoch 78: loss=0.526355, train_acc=0.8208, time=8.5s
per-rank: rank0[cuda0,share=0.3775,tput=3.58] rank1[cuda1,share=0.3235,tput=3.70] rank2[cuda2,share=0.2989,tput=2.54]
epoch 78: eval=0.8058
epoch 79: loss=0.522408, train_acc=0.8205, time=9.9s
per-rank: rank0[cuda0,share=0.3775,tput=2.35] rank1[cuda1,share=0.3235,tput=4.54] rank2[cuda2,share=0.2989,tput=4.07]
epoch 79: eval=0.7506
epoch 80: loss=0.525977, train_acc=0.8195, time=9.3s
per-rank: rank0[cuda0,share=0.3775,tput=3.73] rank1[cuda1,share=0.3235,tput=3.92] rank2[cuda2,share=0.2989,tput=2.26]
epoch 80: eval=0.7589
epoch 81: loss=0.525583, train_acc=0.8179, time=8.6s
per-rank: rank0[cuda0,share=0.3775,tput=3.14] rank1[cuda1,share=0.3235,tput=2.32] rank2[cuda2,share=0.2989,tput=5.70]
epoch 81: eval=0.7725
epoch 82: loss=0.520804, train_acc=0.8221, time=8.6s
per-rank: rank0[cuda0,share=0.3775,tput=3.52] rank1[cuda1,share=0.3235,tput=3.65] rank2[cuda2,share=0.2989,tput=2.53]
epoch 82: eval=0.7670
epoch 83: loss=0.520049, train_acc=0.8217, time=9.3s
per-rank: rank0[cuda0,share=0.3775,tput=2.43] rank1[cuda1,share=0.3235,tput=3.76] rank2[cuda2,share=0.2989,tput=4.77]
epoch 83: eval=0.7656
epoch 84: loss=0.521690, train_acc=0.8209, time=9.0s
per-rank: rank0[cuda0,share=0.3775,tput=4.02] rank1[cuda1,share=0.3235,tput=3.25] rank2[cuda2,share=0.2989,tput=2.66]
epoch 84: eval=0.7755
epoch 85: loss=0.519749, train_acc=0.8217, time=11.0s
per-rank: rank0[cuda0,share=0.3775,tput=2.03] rank1[cuda1,share=0.3235,tput=5.40] rank2[cuda2,share=0.2989,tput=3.47]
epoch 85: eval=0.7533
epoch 86: loss=0.519161, train_acc=0.8213, time=9.8s
per-rank: rank0[cuda0,share=0.3775,tput=2.72] rank1[cuda1,share=0.3235,tput=4.11] rank2[cuda2,share=0.2989,tput=2.79]
epoch 86: eval=0.8031
epoch 87: loss=0.515143, train_acc=0.8229, time=8.6s
per-rank: rank0[cuda0,share=0.3775,tput=4.36] rank1[cuda1,share=0.3235,tput=2.22] rank2[cuda2,share=0.2989,tput=3.73]
epoch 87: eval=0.7445
epoch 88: loss=0.525638, train_acc=0.8197, time=10.5s
per-rank: rank0[cuda0,share=0.3775,tput=2.14] rank1[cuda1,share=0.3235,tput=3.28] rank2[cuda2,share=0.2989,tput=5.26]
epoch 88: eval=0.7964
epoch 89: loss=0.515846, train_acc=0.8236, time=9.2s
per-rank: rank0[cuda0,share=0.3775,tput=2.45] rank1[cuda1,share=0.3235,tput=4.33] rank2[cuda2,share=0.2989,tput=2.93]
epoch 89: eval=0.8046
epoch 90: loss=0.515728, train_acc=0.8229, time=8.5s
per-rank: rank0[cuda0,share=0.3775,tput=2.51] rank1[cuda1,share=0.3235,tput=6.35] rank2[cuda2,share=0.2989,tput=2.31]
epoch 90: eval=0.7802
epoch 91: loss=0.512604, train_acc=0.8227, time=8.6s
per-rank: rank0[cuda0,share=0.3775,tput=3.38] rank1[cuda1,share=0.3235,tput=3.86] rank2[cuda2,share=0.2989,tput=2.52]
epoch 91: eval=0.7473
epoch 92: loss=0.519848, train_acc=0.8221, time=8.5s
per-rank: rank0[cuda0,share=0.3775,tput=2.36] rank1[cuda1,share=0.3235,tput=2.72] rank2[cuda2,share=0.2989,tput=6.44]
epoch 92: eval=0.7936
epoch 93: loss=0.518884, train_acc=0.8228, time=8.4s
per-rank: rank0[cuda0,share=0.3775,tput=2.90] rank1[cuda1,share=0.3235,tput=5.41] rank2[cuda2,share=0.2989,tput=2.52]
epoch 93: eval=0.8083
epoch 94: loss=0.516169, train_acc=0.8233, time=8.6s
per-rank: rank0[cuda0,share=0.3775,tput=3.50] rank1[cuda1,share=0.3235,tput=2.47] rank2[cuda2,share=0.2989,tput=3.86]
epoch 94: eval=0.7706
epoch 95: loss=0.509862, train_acc=0.8244, time=8.6s
per-rank: rank0[cuda0,share=0.3775,tput=2.94] rank1[cuda1,share=0.3235,tput=5.05] rank2[cuda2,share=0.2989,tput=2.55]
epoch 95: eval=0.8187
epoch 96: loss=0.512488, train_acc=0.8236, time=8.6s
per-rank: rank0[cuda0,share=0.3775,tput=2.66] rank1[cuda1,share=0.3235,tput=2.58] rank2[cuda2,share=0.2989,tput=5.67]
epoch 96: eval=0.8135
epoch 97: loss=0.506280, train_acc=0.8286, time=8.5s
per-rank: rank0[cuda0,share=0.3775,tput=2.92] rank1[cuda1,share=0.3235,tput=2.43] rank2[cuda2,share=0.2989,tput=5.61]
epoch 97: eval=0.7641
epoch 98: loss=0.514711, train_acc=0.8226, time=9.6s
per-rank: rank0[cuda0,share=0.3775,tput=2.40] rank1[cuda1,share=0.3235,tput=3.45] rank2[cuda2,share=0.2989,tput=5.09]
epoch 98: eval=0.7934
epoch 99: loss=0.508313, train_acc=0.8266, time=9.1s
per-rank: rank0[cuda0,share=0.3775,tput=3.71] rank1[cuda1,share=0.3235,tput=2.34] rank2[cuda2,share=0.2989,tput=4.01]
epoch 99: eval=0.7594
epoch 100: loss=0.506754, train_acc=0.8258, time=9.8s
per-rank: rank0[cuda0,share=0.3775,tput=2.29] rank1[cuda1,share=0.3235,tput=4.53] rank2[cuda2,share=0.2989,tput=3.47]
epoch 100: eval=0.8013
epoch 101: loss=0.514643, train_acc=0.8246, time=9.1s
per-rank: rank0[cuda0,share=0.3775,tput=3.82] rank1[cuda1,share=0.3235,tput=2.62] rank2[cuda2,share=0.2989,tput=3.65]
epoch 101: eval=0.7991
epoch 102: loss=0.506750, train_acc=0.8254, time=8.3s
per-rank: rank0[cuda0,share=0.3775,tput=4.41] rank1[cuda1,share=0.3235,tput=3.44] rank2[cuda2,share=0.2989,tput=2.35]
epoch 102: eval=0.7857
epoch 103: loss=0.511438, train_acc=0.8253, time=10.0s
per-rank: rank0[cuda0,share=0.3775,tput=2.33] rank1[cuda1,share=0.3235,tput=3.43] rank2[cuda2,share=0.2989,tput=5.78]
epoch 103: eval=0.7297
epoch 104: loss=0.509921, train_acc=0.8273, time=9.2s
per-rank: rank0[cuda0,share=0.3775,tput=3.22] rank1[cuda1,share=0.3235,tput=3.58] rank2[cuda2,share=0.2989,tput=2.82]
epoch 104: eval=0.8138
epoch 105: loss=0.503079, train_acc=0.8259, time=8.6s
per-rank: rank0[cuda0,share=0.3775,tput=4.22] rank1[cuda1,share=0.3235,tput=2.32] rank2[cuda2,share=0.2989,tput=3.44]
epoch 105: eval=0.7445
epoch 106: loss=0.501872, train_acc=0.8275, time=9.9s
per-rank: rank0[cuda0,share=0.3775,tput=2.29] rank1[cuda1,share=0.3235,tput=3.77] rank2[cuda2,share=0.2989,tput=4.61]
epoch 106: eval=0.8038
epoch 107: loss=0.504982, train_acc=0.8246, time=9.3s
per-rank: rank0[cuda0,share=0.3775,tput=3.29] rank1[cuda1,share=0.3235,tput=3.70] rank2[cuda2,share=0.2989,tput=2.55]
epoch 107: eval=0.6359
epoch 108: loss=0.505189, train_acc=0.8242, time=8.6s
per-rank: rank0[cuda0,share=0.3775,tput=3.32] rank1[cuda1,share=0.3235,tput=3.64] rank2[cuda2,share=0.2989,tput=2.68]
epoch 108: eval=0.7863
epoch 109: loss=0.507985, train_acc=0.8261, time=10.2s
per-rank: rank0[cuda0,share=0.3775,tput=2.22] rank1[cuda1,share=0.3235,tput=5.16] rank2[cuda2,share=0.2989,tput=3.70]
epoch 109: eval=0.8032
epoch 110: loss=0.510990, train_acc=0.8238, time=9.4s
per-rank: rank0[cuda0,share=0.3775,tput=3.27] rank1[cuda1,share=0.3235,tput=3.99] rank2[cuda2,share=0.2989,tput=2.39]
epoch 110: eval=0.7727
epoch 111: loss=0.506818, train_acc=0.8248, time=8.6s
per-rank: rank0[cuda0,share=0.3775,tput=2.70] rank1[cuda1,share=0.3235,tput=5.69] rank2[cuda2,share=0.2989,tput=2.46]
epoch 111: eval=0.7167
epoch 112: loss=0.508379, train_acc=0.8265, time=8.5s
per-rank: rank0[cuda0,share=0.3775,tput=4.08] rank1[cuda1,share=0.3235,tput=3.75] rank2[cuda2,share=0.2989,tput=2.12]
epoch 112: eval=0.7618
epoch 113: loss=0.504220, train_acc=0.8258, time=9.9s
per-rank: rank0[cuda0,share=0.3775,tput=2.31] rank1[cuda1,share=0.3235,tput=5.23] rank2[cuda2,share=0.2989,tput=3.38]
epoch 113: eval=0.7731
epoch 114: loss=0.506864, train_acc=0.8264, time=9.2s
per-rank: rank0[cuda0,share=0.3775,tput=3.51] rank1[cuda1,share=0.3235,tput=2.87] rank2[cuda2,share=0.2989,tput=3.42]
epoch 114: eval=0.7700
epoch 115: loss=0.495991, train_acc=0.8293, time=8.6s
per-rank: rank0[cuda0,share=0.3775,tput=2.60] rank1[cuda1,share=0.3235,tput=2.49] rank2[cuda2,share=0.2989,tput=5.98]
epoch 115: eval=0.8084
epoch 116: loss=0.503412, train_acc=0.8278, time=9.7s
per-rank: rank0[cuda0,share=0.3775,tput=2.33] rank1[cuda1,share=0.3235,tput=3.30] rank2[cuda2,share=0.2989,tput=5.49]
epoch 116: eval=0.7513
epoch 117: loss=0.503507, train_acc=0.8285, time=9.1s
per-rank: rank0[cuda0,share=0.3775,tput=3.93] rank1[cuda1,share=0.3235,tput=3.28] rank2[cuda2,share=0.2989,tput=2.62]
epoch 117: eval=0.7767
epoch 118: loss=0.504672, train_acc=0.8279, time=10.1s
per-rank: rank0[cuda0,share=0.3775,tput=2.22] rank1[cuda1,share=0.3235,tput=4.84] rank2[cuda2,share=0.2989,tput=3.52]
epoch 118: eval=0.8164
epoch 119: loss=0.502260, train_acc=0.8288, time=9.2s
per-rank: rank0[cuda0,share=0.3775,tput=2.94] rank1[cuda1,share=0.3235,tput=3.84] rank2[cuda2,share=0.2989,tput=2.81]
epoch 119: eval=0.7852
epoch 120: loss=0.502178, train_acc=0.8279, time=10.4s
per-rank: rank0[cuda0,share=0.3775,tput=2.19] rank1[cuda1,share=0.3235,tput=3.80] rank2[cuda2,share=0.2989,tput=4.96]
epoch 120: eval=0.8129
epoch 121: loss=0.497960, train_acc=0.8274, time=9.5s
per-rank: rank0[cuda0,share=0.3775,tput=3.23] rank1[cuda1,share=0.3235,tput=3.75] rank2[cuda2,share=0.2989,tput=2.70]
epoch 121: eval=0.7511
epoch 122: loss=0.502508, train_acc=0.8281, time=10.0s
per-rank: rank0[cuda0,share=0.3775,tput=2.25] rank1[cuda1,share=0.3235,tput=5.17] rank2[cuda2,share=0.2989,tput=3.39]
epoch 122: eval=0.7940
epoch 123: loss=0.501538, train_acc=0.8278, time=9.3s
per-rank: rank0[cuda0,share=0.3775,tput=2.45] rank1[cuda1,share=0.3235,tput=4.17] rank2[cuda2,share=0.2989,tput=2.79]
epoch 123: eval=0.7877
epoch 124: loss=0.501152, train_acc=0.8299, time=8.6s
per-rank: rank0[cuda0,share=0.3775,tput=3.63] rank1[cuda1,share=0.3235,tput=3.74] rank2[cuda2,share=0.2989,tput=2.52]
epoch 124: eval=0.7803
epoch 125: loss=0.496319, train_acc=0.8292, time=9.8s
per-rank: rank0[cuda0,share=0.3775,tput=2.34] rank1[cuda1,share=0.3235,tput=5.80] rank2[cuda2,share=0.2989,tput=3.19]
epoch 125: eval=0.7886
epoch 126: loss=0.498408, train_acc=0.8301, time=9.2s
per-rank: rank0[cuda0,share=0.3775,tput=3.78] rank1[cuda1,share=0.3235,tput=2.43] rank2[cuda2,share=0.2989,tput=3.86]
epoch 126: eval=0.8051
epoch 127: loss=0.499978, train_acc=0.8286, time=8.5s
per-rank: rank0[cuda0,share=0.3775,tput=2.61] rank1[cuda1,share=0.3235,tput=6.39] rank2[cuda2,share=0.2989,tput=2.28]
epoch 127: eval=0.7437
epoch 128: loss=0.497734, train_acc=0.8305, time=8.5s
per-rank: rank0[cuda0,share=0.3775,tput=3.19] rank1[cuda1,share=0.3235,tput=2.46] rank2[cuda2,share=0.2989,tput=5.33]
epoch 128: eval=0.8005
epoch 129: loss=0.500742, train_acc=0.8287, time=8.7s
per-rank: rank0[cuda0,share=0.3775,tput=4.28] rank1[cuda1,share=0.3235,tput=3.55] rank2[cuda2,share=0.2989,tput=2.58]
epoch 129: eval=0.7801
epoch 130: loss=0.500953, train_acc=0.8290, time=10.5s
per-rank: rank0[cuda0,share=0.3775,tput=2.14] rank1[cuda1,share=0.3235,tput=5.32] rank2[cuda2,share=0.2989,tput=3.48]
epoch 130: eval=0.7633
epoch 131: loss=0.506405, train_acc=0.8270, time=9.6s
per-rank: rank0[cuda0,share=0.3775,tput=2.65] rank1[cuda1,share=0.3235,tput=3.85] rank2[cuda2,share=0.2989,tput=2.72]
epoch 131: eval=0.7269
epoch 132: loss=0.497194, train_acc=0.8302, time=10.7s
per-rank: rank0[cuda0,share=0.3775,tput=2.18] rank1[cuda1,share=0.3235,tput=3.74] rank2[cuda2,share=0.2989,tput=5.21]
epoch 132: eval=0.7711
epoch 133: loss=0.493915, train_acc=0.8302, time=9.6s
per-rank: rank0[cuda0,share=0.3775,tput=3.06] rank1[cuda1,share=0.3235,tput=3.79] rank2[cuda2,share=0.2989,tput=2.60]
epoch 133: eval=0.7922
epoch 134: loss=0.490229, train_acc=0.8311, time=8.5s
per-rank: rank0[cuda0,share=0.3775,tput=2.91] rank1[cuda1,share=0.3235,tput=6.07] rank2[cuda2,share=0.2989,tput=2.25]
epoch 134: eval=0.8037
epoch 135: loss=0.495735, train_acc=0.8305, time=9.3s
per-rank: rank0[cuda0,share=0.3775,tput=2.45] rank1[cuda1,share=0.3235,tput=3.07] rank2[cuda2,share=0.2989,tput=5.75]
epoch 135: eval=0.7934
epoch 136: loss=0.489187, train_acc=0.8330, time=9.0s
per-rank: rank0[cuda0,share=0.3775,tput=3.33] rank1[cuda1,share=0.3235,tput=2.29] rank2[cuda2,share=0.2989,tput=4.28]
epoch 136: eval=0.8102
epoch 137: loss=0.499902, train_acc=0.8275, time=9.5s
per-rank: rank0[cuda0,share=0.3775,tput=2.41] rank1[cuda1,share=0.3235,tput=3.47] rank2[cuda2,share=0.2989,tput=5.34]
epoch 137: eval=0.7819
epoch 138: loss=0.488144, train_acc=0.8315, time=9.2s
per-rank: rank0[cuda0,share=0.3775,tput=3.49] rank1[cuda1,share=0.3235,tput=2.69] rank2[cuda2,share=0.2989,tput=3.65]
epoch 138: eval=0.8139
epoch 139: loss=0.489809, train_acc=0.8313, time=8.7s
per-rank: rank0[cuda0,share=0.3775,tput=2.50] rank1[cuda1,share=0.3235,tput=2.52] rank2[cuda2,share=0.2989,tput=5.68]
epoch 139: eval=0.8011
epoch 140: loss=0.494282, train_acc=0.8313, time=8.5s
per-rank: rank0[cuda0,share=0.3775,tput=5.54] rank1[cuda1,share=0.3235,tput=4.45] rank2[cuda2,share=0.2989,tput=2.08]
epoch 140: eval=0.8216
epoch 141: loss=0.491913, train_acc=0.8312, time=8.5s
per-rank: rank0[cuda0,share=0.3775,tput=4.28] rank1[cuda1,share=0.3235,tput=3.55] rank2[cuda2,share=0.2989,tput=2.32]
epoch 141: eval=0.8027
epoch 142: loss=0.495935, train_acc=0.8318, time=8.5s
per-rank: rank0[cuda0,share=0.3775,tput=3.58] rank1[cuda1,share=0.3235,tput=2.46] rank2[cuda2,share=0.2989,tput=5.34]
epoch 142: eval=0.7867
epoch 143: loss=0.492619, train_acc=0.8304, time=10.5s
per-rank: rank0[cuda0,share=0.3775,tput=2.19] rank1[cuda1,share=0.3235,tput=5.46] rank2[cuda2,share=0.2989,tput=3.58]
epoch 143: eval=0.6819
epoch 144: loss=0.495852, train_acc=0.8302, time=9.5s
per-rank: rank0[cuda0,share=0.3775,tput=3.35] rank1[cuda1,share=0.3235,tput=2.90] rank2[cuda2,share=0.2989,tput=3.49]
epoch 144: eval=0.7335
epoch 145: loss=0.497309, train_acc=0.8270, time=8.5s
per-rank: rank0[cuda0,share=0.3775,tput=3.77] rank1[cuda1,share=0.3235,tput=3.85] rank2[cuda2,share=0.2989,tput=2.29]
epoch 145: eval=0.7883
epoch 146: loss=0.490685, train_acc=0.8323, time=8.6s
per-rank: rank0[cuda0,share=0.3775,tput=4.87] rank1[cuda1,share=0.3235,tput=4.76] rank2[cuda2,share=0.2989,tput=2.43]
epoch 146: eval=0.7953
epoch 147: loss=0.491078, train_acc=0.8309, time=10.3s
per-rank: rank0[cuda0,share=0.3775,tput=2.15] rank1[cuda1,share=0.3235,tput=3.45] rank2[cuda2,share=0.2989,tput=5.55]
epoch 147: eval=0.7839
epoch 148: loss=0.498597, train_acc=0.8266, time=9.4s
per-rank: rank0[cuda0,share=0.3775,tput=2.76] rank1[cuda1,share=0.3235,tput=2.93] rank2[cuda2,share=0.2989,tput=4.02]
epoch 148: eval=0.7510
epoch 149: loss=0.489896, train_acc=0.8325, time=8.6s
per-rank: rank0[cuda0,share=0.3775,tput=2.69] rank1[cuda1,share=0.3235,tput=5.98] rank2[cuda2,share=0.2989,tput=2.18]
epoch 149: eval=0.8168
epoch 150: loss=0.490034, train_acc=0.8336, time=8.6s
per-rank: rank0[cuda0,share=0.3775,tput=3.08] rank1[cuda1,share=0.3235,tput=2.43] rank2[cuda2,share=0.2989,tput=5.39]
epoch 150: eval=0.7914
epoch 151: loss=0.485416, train_acc=0.8359, time=8.6s
per-rank: rank0[cuda0,share=0.3775,tput=3.04] rank1[cuda1,share=0.3235,tput=2.68] rank2[cuda2,share=0.2989,tput=4.67]
epoch 151: eval=0.7816
epoch 152: loss=0.489466, train_acc=0.8312, time=8.7s
per-rank: rank0[cuda0,share=0.3775,tput=4.26] rank1[cuda1,share=0.3235,tput=3.22] rank2[cuda2,share=0.2989,tput=2.40]
epoch 152: eval=0.8112
epoch 153: loss=0.493779, train_acc=0.8298, time=8.5s
per-rank: rank0[cuda0,share=0.3775,tput=3.11] rank1[cuda1,share=0.3235,tput=5.23] rank2[cuda2,share=0.2989,tput=2.29]
epoch 153: eval=0.7854
epoch 154: loss=0.483284, train_acc=0.8343, time=8.5s
per-rank: rank0[cuda0,share=0.3775,tput=4.20] rank1[cuda1,share=0.3235,tput=2.20] rank2[cuda2,share=0.2989,tput=3.78]
epoch 154: eval=0.7998
epoch 155: loss=0.485941, train_acc=0.8345, time=8.5s
per-rank: rank0[cuda0,share=0.3775,tput=3.73] rank1[cuda1,share=0.3235,tput=3.71] rank2[cuda2,share=0.2989,tput=2.63]
epoch 155: eval=0.7977
epoch 156: loss=0.493114, train_acc=0.8321, time=8.5s
per-rank: rank0[cuda0,share=0.3775,tput=2.86] rank1[cuda1,share=0.3235,tput=2.38] rank2[cuda2,share=0.2989,tput=5.93]
epoch 156: eval=0.8051
epoch 157: loss=0.484227, train_acc=0.8349, time=8.5s
per-rank: rank0[cuda0,share=0.3775,tput=3.90] rank1[cuda1,share=0.3235,tput=3.22] rank2[cuda2,share=0.2989,tput=2.77]
epoch 157: eval=0.7952
epoch 158: loss=0.489975, train_acc=0.8314, time=8.7s
per-rank: rank0[cuda0,share=0.3775,tput=3.86] rank1[cuda1,share=0.3235,tput=3.62] rank2[cuda2,share=0.2989,tput=2.57]
epoch 158: eval=0.8122
epoch 159: loss=0.487108, train_acc=0.8336, time=8.5s
per-rank: rank0[cuda0,share=0.3775,tput=2.95] rank1[cuda1,share=0.3235,tput=2.31] rank2[cuda2,share=0.2989,tput=6.14]
epoch 159: eval=0.7669
epoch 160: loss=0.488419, train_acc=0.8327, time=9.6s
per-rank: rank0[cuda0,share=0.3775,tput=2.41] rank1[cuda1,share=0.3235,tput=5.38] rank2[cuda2,share=0.2989,tput=3.56]
epoch 160: eval=0.7994
epoch 161: loss=0.484130, train_acc=0.8328, time=9.1s
per-rank: rank0[cuda0,share=0.3775,tput=3.81] rank1[cuda1,share=0.3235,tput=3.38] rank2[cuda2,share=0.2989,tput=2.63]
epoch 161: eval=0.8057
epoch 162: loss=0.485980, train_acc=0.8330, time=9.8s
per-rank: rank0[cuda0,share=0.3775,tput=2.32] rank1[cuda1,share=0.3235,tput=5.46] rank2[cuda2,share=0.2989,tput=3.50]
epoch 162: eval=0.7901
epoch 163: loss=0.488599, train_acc=0.8327, time=9.4s
per-rank: rank0[cuda0,share=0.3775,tput=3.14] rank1[cuda1,share=0.3235,tput=3.39] rank2[cuda2,share=0.2989,tput=2.87]
epoch 163: eval=0.7657
epoch 164: loss=0.493032, train_acc=0.8315, time=11.3s
per-rank: rank0[cuda0,share=0.3775,tput=1.99] rank1[cuda1,share=0.3235,tput=3.61] rank2[cuda2,share=0.2989,tput=5.54]
epoch 164: eval=0.8100
epoch 165: loss=0.479624, train_acc=0.8356, time=9.9s
per-rank: rank0[cuda0,share=0.3775,tput=2.21] rank1[cuda1,share=0.3235,tput=4.00] rank2[cuda2,share=0.2989,tput=3.04]
epoch 165: eval=0.7803
epoch 166: loss=0.490635, train_acc=0.8320, time=9.7s
per-rank: rank0[cuda0,share=0.3775,tput=2.36] rank1[cuda1,share=0.3235,tput=4.05] rank2[cuda2,share=0.2989,tput=4.55]
epoch 166: eval=0.7969
epoch 167: loss=0.493082, train_acc=0.8320, time=9.3s
per-rank: rank0[cuda0,share=0.3775,tput=3.14] rank1[cuda1,share=0.3235,tput=2.57] rank2[cuda2,share=0.2989,tput=3.96]
epoch 167: eval=0.8100
epoch 168: loss=0.484930, train_acc=0.8344, time=9.7s
per-rank: rank0[cuda0,share=0.3775,tput=2.37] rank1[cuda1,share=0.3235,tput=5.66] rank2[cuda2,share=0.2989,tput=3.32]
epoch 168: eval=0.8192
epoch 169: loss=0.482481, train_acc=0.8346, time=9.2s
per-rank: rank0[cuda0,share=0.3775,tput=3.59] rank1[cuda1,share=0.3235,tput=3.43] rank2[cuda2,share=0.2989,tput=2.63]
epoch 169: eval=0.8115
epoch 170: loss=0.488726, train_acc=0.8333, time=8.6s
per-rank: rank0[cuda0,share=0.3775,tput=2.48] rank1[cuda1,share=0.3235,tput=2.51] rank2[cuda2,share=0.2989,tput=6.38]
epoch 170: eval=0.7724
epoch 171: loss=0.487289, train_acc=0.8342, time=8.6s
per-rank: rank0[cuda0,share=0.3775,tput=4.25] rank1[cuda1,share=0.3235,tput=3.57] rank2[cuda2,share=0.2989,tput=2.13]
epoch 171: eval=0.6923
epoch 172: loss=0.484292, train_acc=0.8340, time=8.5s
per-rank: rank0[cuda0,share=0.3775,tput=4.19] rank1[cuda1,share=0.3235,tput=3.25] rank2[cuda2,share=0.2989,tput=2.60]
epoch 172: eval=0.8203
epoch 173: loss=0.491146, train_acc=0.8311, time=8.5s
per-rank: rank0[cuda0,share=0.3775,tput=3.32] rank1[cuda1,share=0.3235,tput=2.80] rank2[cuda2,share=0.2989,tput=3.86]
epoch 173: eval=0.8049
epoch 174: loss=0.484910, train_acc=0.8329, time=8.7s
per-rank: rank0[cuda0,share=0.3775,tput=3.51] rank1[cuda1,share=0.3235,tput=2.58] rank2[cuda2,share=0.2989,tput=3.51]
epoch 174: eval=0.7968
epoch 175: loss=0.491305, train_acc=0.8309, time=9.8s
per-rank: rank0[cuda0,share=0.3775,tput=2.31] rank1[cuda1,share=0.3235,tput=4.79] rank2[cuda2,share=0.2989,tput=3.81]
epoch 175: eval=0.7651
epoch 176: loss=0.480829, train_acc=0.8347, time=9.2s
per-rank: rank0[cuda0,share=0.3775,tput=4.03] rank1[cuda1,share=0.3235,tput=3.73] rank2[cuda2,share=0.2989,tput=2.36]
epoch 176: eval=0.8257
epoch 177: loss=0.484083, train_acc=0.8335, time=9.8s
per-rank: rank0[cuda0,share=0.3775,tput=2.33] rank1[cuda1,share=0.3235,tput=4.62] rank2[cuda2,share=0.2989,tput=3.84]
epoch 177: eval=0.7812
epoch 178: loss=0.491210, train_acc=0.8325, time=9.3s
per-rank: rank0[cuda0,share=0.3775,tput=3.51] rank1[cuda1,share=0.3235,tput=2.94] rank2[cuda2,share=0.2989,tput=3.07]
epoch 178: eval=0.7610
epoch 179: loss=0.483811, train_acc=0.8335, time=8.6s
per-rank: rank0[cuda0,share=0.3775,tput=4.06] rank1[cuda1,share=0.3235,tput=3.61] rank2[cuda2,share=0.2989,tput=2.14]
epoch 179: eval=0.7628
epoch 180: loss=0.482711, train_acc=0.8347, time=8.5s
per-rank: rank0[cuda0,share=0.3775,tput=2.99] rank1[cuda1,share=0.3235,tput=6.31] rank2[cuda2,share=0.2989,tput=2.04]
epoch 180: eval=0.7835
epoch 181: loss=0.487538, train_acc=0.8317, time=10.0s
per-rank: rank0[cuda0,share=0.3775,tput=2.27] rank1[cuda1,share=0.3235,tput=4.74] rank2[cuda2,share=0.2989,tput=3.70]
epoch 181: eval=0.8032
epoch 182: loss=0.483391, train_acc=0.8338, time=9.3s
per-rank: rank0[cuda0,share=0.3775,tput=2.86] rank1[cuda1,share=0.3235,tput=3.51] rank2[cuda2,share=0.2989,tput=2.84]
epoch 182: eval=0.8058
epoch 183: loss=0.489958, train_acc=0.8316, time=9.5s
per-rank: rank0[cuda0,share=0.3775,tput=2.36] rank1[cuda1,share=0.3235,tput=5.02] rank2[cuda2,share=0.2989,tput=3.62]
epoch 183: eval=0.8276
epoch 184: loss=0.480946, train_acc=0.8359, time=9.1s
per-rank: rank0[cuda0,share=0.3775,tput=3.80] rank1[cuda1,share=0.3235,tput=2.35] rank2[cuda2,share=0.2989,tput=3.92]
epoch 184: eval=0.7679
epoch 185: loss=0.487951, train_acc=0.8326, time=8.6s
per-rank: rank0[cuda0,share=0.3775,tput=2.54] rank1[cuda1,share=0.3235,tput=6.10] rank2[cuda2,share=0.2989,tput=2.46]
epoch 185: eval=0.7901
epoch 186: loss=0.483760, train_acc=0.8350, time=9.4s
per-rank: rank0[cuda0,share=0.3775,tput=2.42] rank1[cuda1,share=0.3235,tput=3.41] rank2[cuda2,share=0.2989,tput=4.94]
epoch 186: eval=0.7867
epoch 187: loss=0.489709, train_acc=0.8319, time=9.1s
per-rank: rank0[cuda0,share=0.3775,tput=3.40] rank1[cuda1,share=0.3235,tput=2.29] rank2[cuda2,share=0.2989,tput=4.25]
epoch 187: eval=0.8176
epoch 188: loss=0.487557, train_acc=0.8328, time=10.6s
per-rank: rank0[cuda0,share=0.3775,tput=2.15] rank1[cuda1,share=0.3235,tput=5.41] rank2[cuda2,share=0.2989,tput=3.38]
epoch 188: eval=0.7795
epoch 189: loss=0.487883, train_acc=0.8328, time=9.7s
per-rank: rank0[cuda0,share=0.3775,tput=2.54] rank1[cuda1,share=0.3235,tput=2.93] rank2[cuda2,share=0.2989,tput=3.85]
epoch 189: eval=0.7701
epoch 190: loss=0.485307, train_acc=0.8340, time=8.5s
per-rank: rank0[cuda0,share=0.3775,tput=3.07] rank1[cuda1,share=0.3235,tput=5.08] rank2[cuda2,share=0.2989,tput=2.59]
epoch 190: eval=0.8019
epoch 191: loss=0.479305, train_acc=0.8344, time=10.6s
per-rank: rank0[cuda0,share=0.3775,tput=2.17] rank1[cuda1,share=0.3235,tput=3.51] rank2[cuda2,share=0.2989,tput=5.40]
epoch 191: eval=0.7998
epoch 192: loss=0.488193, train_acc=0.8330, time=9.5s
per-rank: rank0[cuda0,share=0.3775,tput=3.24] rank1[cuda1,share=0.3235,tput=2.58] rank2[cuda2,share=0.2989,tput=4.10]
epoch 192: eval=0.8242
epoch 193: loss=0.479173, train_acc=0.8348, time=8.5s
per-rank: rank0[cuda0,share=0.3775,tput=2.81] rank1[cuda1,share=0.3235,tput=5.78] rank2[cuda2,share=0.2989,tput=2.36]
epoch 193: eval=0.7438
epoch 194: loss=0.479639, train_acc=0.8367, time=8.6s
per-rank: rank0[cuda0,share=0.3775,tput=3.30] rank1[cuda1,share=0.3235,tput=3.89] rank2[cuda2,share=0.2989,tput=2.54]
epoch 194: eval=0.7571
epoch 195: loss=0.482290, train_acc=0.8357, time=8.6s
per-rank: rank0[cuda0,share=0.3775,tput=3.12] rank1[cuda1,share=0.3235,tput=3.82] rank2[cuda2,share=0.2989,tput=2.76]
epoch 195: eval=0.8163
epoch 196: loss=0.480430, train_acc=0.8354, time=11.0s
per-rank: rank0[cuda0,share=0.3775,tput=2.05] rank1[cuda1,share=0.3235,tput=3.63] rank2[cuda2,share=0.2989,tput=5.26]
epoch 196: eval=0.7638
epoch 197: loss=0.482051, train_acc=0.8363, time=9.6s
per-rank: rank0[cuda0,share=0.3775,tput=2.24] rank1[cuda1,share=0.3235,tput=2.99] rank2[cuda2,share=0.2989,tput=4.38]
epoch 197: eval=0.7894
epoch 198: loss=0.481163, train_acc=0.8369, time=8.5s
per-rank: rank0[cuda0,share=0.3775,tput=3.00] rank1[cuda1,share=0.3235,tput=2.80] rank2[cuda2,share=0.2989,tput=4.76]
epoch 198: eval=0.8007
epoch 199: loss=0.484392, train_acc=0.8350, time=8.5s
per-rank: rank0[cuda0,share=0.3775,tput=4.81] rank1[cuda1,share=0.3235,tput=2.08] rank2[cuda2,share=0.2989,tput=3.74]
final eval=0.1002
# total: 1700.9s (28m 21s)
