# gpu0: NVIDIA GeForce RTX 5060 Ti (15GB, sm_120)
# gpu1: NVIDIA GeForce GTX 1060 6GB (5GB, sm_61)
# gpu2: NVIDIA GeForce GTX 1060 6GB (5GB, sm_61)
epoch 0: loss=1.997204, train_acc=0.2424, time=9.4s
per-rank: rank0[cuda0,share=0.3496,tput=2.55] rank1[cuda1,share=0.3273,tput=4.04] rank2[cuda2,share=0.3231,tput=5.88]
epoch 0: eval=0.2736
epoch 1: loss=1.664101, train_acc=0.3770, time=12.2s
per-rank: rank0[cuda0,share=0.3529,tput=1.86] rank1[cuda1,share=0.3336,tput=3.64] rank2[cuda2,share=0.3135,tput=5.16]
epoch 1: eval=0.3998
epoch 2: loss=1.499860, train_acc=0.4479, time=10.1s
per-rank: rank0[cuda0,share=0.3487,tput=2.91] rank1[cuda1,share=0.3391,tput=5.27] rank2[cuda2,share=0.3123,tput=2.71]
epoch 2: eval=0.4314
epoch 3: loss=1.343000, train_acc=0.5091, time=9.8s
per-rank: rank0[cuda0,share=0.3887,tput=2.29] rank1[cuda1,share=0.3192,tput=5.33] rank2[cuda2,share=0.2920,tput=3.17]
epoch 3: eval=0.4804
epoch 4: loss=1.211361, train_acc=0.5633, time=9.3s
per-rank: rank0[cuda0,share=0.4132,tput=4.33] rank1[cuda1,share=0.3059,tput=2.81] rank2[cuda2,share=0.2809,tput=3.60]
epoch 4: eval=0.5571
epoch 5: loss=1.080791, train_acc=0.6155, time=8.8s
per-rank: rank0[cuda0,share=0.4151,tput=2.85] rank1[cuda1,share=0.2991,tput=5.00] rank2[cuda2,share=0.2857,tput=3.00]
epoch 5: eval=0.6451
epoch 6: loss=0.969048, train_acc=0.6568, time=8.7s
per-rank: rank0[cuda0,share=0.4090,tput=3.93] rank2[cuda2,share=0.3062,tput=3.67] rank1[cuda1,share=0.2848,tput=2.22]
epoch 6: eval=0.5959
epoch 7: loss=0.896040, train_acc=0.6859, time=9.0s
per-rank: rank0[cuda0,share=0.4044,tput=3.00] rank2[cuda2,share=0.3067,tput=2.31] rank1[cuda1,share=0.2889,tput=4.33]
epoch 7: eval=0.6808
epoch 8: loss=0.832792, train_acc=0.7085, time=8.6s
per-rank: rank0[cuda0,share=0.3984,tput=4.16] rank1[cuda1,share=0.3110,tput=2.42] rank2[cuda2,share=0.2906,tput=3.34]
epoch 8: eval=0.6617
epoch 9: loss=0.785357, train_acc=0.7265, time=8.8s
per-rank: rank0[cuda0,share=0.3970,tput=3.75] rank2[cuda2,share=0.3061,tput=4.23] rank1[cuda1,share=0.2969,tput=2.64]
epoch 9: eval=0.7063
epoch 10: loss=0.752925, train_acc=0.7381, time=9.9s
per-rank: rank0[cuda0,share=0.3786,tput=2.28] rank2[cuda2,share=0.3189,tput=4.69] rank1[cuda1,share=0.3025,tput=3.58]
epoch 10: eval=0.6433
epoch 11: loss=0.723150, train_acc=0.7495, time=9.3s
per-rank: rank0[cuda0,share=0.4028,tput=3.60] rank2[cuda2,share=0.3023,tput=2.42] rank1[cuda1,share=0.2948,tput=4.00]
epoch 11: eval=0.7040
epoch 12: loss=0.703522, train_acc=0.7565, time=8.8s
per-rank: rank0[cuda0,share=0.4203,tput=2.27] rank2[cuda2,share=0.2918,tput=5.50] rank1[cuda1,share=0.2879,tput=2.82]
epoch 12: eval=0.7060
epoch 13: loss=0.675173, train_acc=0.7679, time=10.9s
per-rank: rank0[cuda0,share=0.4140,tput=2.29] rank1[cuda1,share=0.3087,tput=5.77] rank2[cuda2,share=0.2773,tput=3.22]
epoch 13: eval=0.7303
epoch 14: loss=0.651168, train_acc=0.7756, time=10.0s
per-rank: rank0[cuda0,share=0.4169,tput=2.63] rank1[cuda1,share=0.3078,tput=2.83] rank2[cuda2,share=0.2752,tput=4.14]
epoch 14: eval=0.7620
epoch 15: loss=0.637264, train_acc=0.7795, time=8.7s
per-rank: rank0[cuda0,share=0.4277,tput=2.78] rank1[cuda1,share=0.2894,tput=2.12] rank2[cuda2,share=0.2830,tput=7.00]
epoch 15: eval=0.7022
epoch 16: loss=0.627153, train_acc=0.7841, time=8.8s
per-rank: rank0[cuda0,share=0.4133,tput=3.05] rank1[cuda1,share=0.2966,tput=3.21] rank2[cuda2,share=0.2901,tput=3.12]
epoch 16: eval=0.8026
epoch 17: loss=0.608041, train_acc=0.7895, time=8.8s
per-rank: rank0[cuda0,share=0.4055,tput=2.67] rank1[cuda1,share=0.3085,tput=2.32] rank2[cuda2,share=0.2860,tput=6.80]
epoch 17: eval=0.7279
epoch 18: loss=0.595546, train_acc=0.7967, time=8.8s
per-rank: rank0[cuda0,share=0.4141,tput=3.56] rank1[cuda1,share=0.2961,tput=3.57] rank2[cuda2,share=0.2899,tput=2.58]
epoch 18: eval=0.7747
epoch 19: loss=0.591423, train_acc=0.7961, time=8.8s
per-rank: rank0[cuda0,share=0.4191,tput=2.43] rank2[cuda2,share=0.2949,tput=2.55] rank1[cuda1,share=0.2860,tput=6.50]
epoch 19: eval=0.7574
epoch 20: loss=0.578128, train_acc=0.8014, time=9.2s
per-rank: rank0[cuda0,share=0.3877,tput=1.96] rank2[cuda2,share=0.3121,tput=5.81] rank1[cuda1,share=0.3002,tput=2.79]
epoch 20: eval=0.7552
epoch 21: loss=0.575478, train_acc=0.8015, time=8.8s
per-rank: rank0[cuda0,share=0.3839,tput=5.16] rank2[cuda2,share=0.3109,tput=2.20] rank1[cuda1,share=0.3052,tput=3.20]
epoch 21: eval=0.7747
epoch 22: loss=0.569594, train_acc=0.8046, time=8.9s
per-rank: rank0[cuda0,share=0.4071,tput=2.20] rank2[cuda2,share=0.2993,tput=5.81] rank1[cuda1,share=0.2936,tput=2.85]
epoch 22: eval=0.7588
epoch 23: loss=0.563427, train_acc=0.8060, time=10.6s
per-rank: rank0[cuda0,share=0.4088,tput=2.28] rank2[cuda2,share=0.2960,tput=5.00] rank1[cuda1,share=0.2952,tput=3.79]
epoch 23: eval=0.7987
epoch 24: loss=0.555473, train_acc=0.8096, time=9.9s
per-rank: rank0[cuda0,share=0.4106,tput=3.25] rank1[cuda1,share=0.2961,tput=3.10] rank2[cuda2,share=0.2933,tput=3.51]
epoch 24: eval=0.7587
epoch 25: loss=0.546727, train_acc=0.8125, time=8.7s
per-rank: rank0[cuda0,share=0.3996,tput=2.97] rank1[cuda1,share=0.3032,tput=3.87] rank2[cuda2,share=0.2972,tput=2.64]
epoch 25: eval=0.7413
epoch 26: loss=0.540265, train_acc=0.8136, time=10.8s
per-rank: rank0[cuda0,share=0.3900,tput=2.14] rank1[cuda1,share=0.3115,tput=3.75] rank2[cuda2,share=0.2985,tput=4.50]
epoch 26: eval=0.7850
epoch 27: loss=0.523830, train_acc=0.8196, time=9.7s
per-rank: rank0[cuda0,share=0.3887,tput=2.88] rank1[cuda1,share=0.3145,tput=3.01] rank2[cuda2,share=0.2968,tput=3.64]
epoch 27: eval=0.7710
epoch 28: loss=0.522116, train_acc=0.8205, time=8.9s
per-rank: rank0[cuda0,share=0.3884,tput=2.68] rank1[cuda1,share=0.3163,tput=5.31] rank2[cuda2,share=0.2953,tput=2.56]
epoch 28: eval=0.7992
epoch 29: loss=0.517446, train_acc=0.8222, time=8.9s
per-rank: rank0[cuda0,share=0.3778,tput=3.96] rank1[cuda1,share=0.3194,tput=4.55] rank2[cuda2,share=0.3027,tput=2.42]
epoch 29: eval=0.7805
epoch 30: loss=0.517660, train_acc=0.8218, time=8.8s
per-rank: rank0[cuda0,share=0.3822,tput=3.17] rank1[cuda1,share=0.3161,tput=2.88] rank2[cuda2,share=0.3018,tput=4.68]
epoch 30: eval=0.7111
epoch 31: loss=0.517781, train_acc=0.8223, time=8.7s
per-rank: rank0[cuda0,share=0.3988,tput=3.05] rank1[cuda1,share=0.3177,tput=2.48] rank2[cuda2,share=0.2835,tput=5.27]
epoch 31: eval=0.7717
epoch 32: loss=0.510734, train_acc=0.8251, time=8.8s
per-rank: rank0[cuda0,share=0.4230,tput=3.58] rank1[cuda1,share=0.2962,tput=2.26] rank2[cuda2,share=0.2807,tput=4.15]
epoch 32: eval=0.7210
epoch 33: loss=0.515111, train_acc=0.8218, time=8.8s
per-rank: rank0[cuda0,share=0.4178,tput=3.72] rank2[cuda2,share=0.3008,tput=2.42] rank1[cuda1,share=0.2814,tput=4.04]
epoch 33: eval=0.7541
epoch 34: loss=0.501592, train_acc=0.8271, time=12.1s
per-rank: rank0[cuda0,share=0.4191,tput=2.11] rank1[cuda1,share=0.2946,tput=3.93] rank2[cuda2,share=0.2863,tput=5.44]
epoch 34: eval=0.7649
epoch 35: loss=0.507170, train_acc=0.8256, time=10.2s
per-rank: rank0[cuda0,share=0.3905,tput=3.37] rank1[cuda1,share=0.3140,tput=3.30] rank2[cuda2,share=0.2955,tput=4.71]
epoch 35: eval=0.7628
epoch 36: loss=0.495863, train_acc=0.8288, time=8.8s
per-rank: rank0[cuda0,share=0.3742,tput=4.52] rank2[cuda2,share=0.3160,tput=3.36] rank1[cuda1,share=0.3098,tput=2.29]
epoch 36: eval=0.7546
epoch 37: loss=0.544865, train_acc=0.8130, time=10.7s
per-rank: rank0[cuda0,share=0.4005,tput=2.33] rank2[cuda2,share=0.3044,tput=3.55] rank1[cuda1,share=0.2951,tput=6.21]
epoch 37: eval=0.8102
epoch 38: loss=0.542863, train_acc=0.8131, time=9.2s
per-rank: rank0[cuda0,share=0.4005,tput=3.64] rank2[cuda2,share=0.3044,tput=3.44] rank1[cuda1,share=0.2951,tput=2.43]
epoch 38: eval=0.6848
epoch 39: loss=0.537536, train_acc=0.8131, time=10.2s
per-rank: rank0[cuda0,share=0.4082,tput=2.33] rank2[cuda2,share=0.2971,tput=4.73] rank1[cuda1,share=0.2947,tput=3.64]
epoch 39: eval=0.8007
epoch 40: loss=0.539307, train_acc=0.8159, time=9.7s
per-rank: rank0[cuda0,share=0.4082,tput=3.06] rank2[cuda2,share=0.2971,tput=3.12] rank1[cuda1,share=0.2947,tput=3.15]
epoch 40: eval=0.6620
epoch 41: loss=0.522583, train_acc=0.8207, time=10.5s
per-rank: rank0[cuda0,share=0.4112,tput=2.33] rank1[cuda1,share=0.2955,tput=4.23] rank2[cuda2,share=0.2933,tput=4.42]
epoch 41: eval=0.8091
epoch 42: loss=0.525065, train_acc=0.8210, time=9.8s
per-rank: rank0[cuda0,share=0.4112,tput=2.45] rank1[cuda1,share=0.2955,tput=3.03] rank2[cuda2,share=0.2933,tput=4.02]
epoch 42: eval=0.7018
epoch 43: loss=0.519634, train_acc=0.8211, time=10.7s
per-rank: rank0[cuda0,share=0.4119,tput=2.33] rank1[cuda1,share=0.2959,tput=4.10] rank2[cuda2,share=0.2921,tput=4.69]
epoch 43: eval=0.7834
epoch 44: loss=0.517146, train_acc=0.8220, time=10.0s
per-rank: rank0[cuda0,share=0.4132,tput=2.43] rank1[cuda1,share=0.2970,tput=4.37] rank2[cuda2,share=0.2898,tput=2.52]
epoch 44: eval=0.7625
epoch 45: loss=0.522496, train_acc=0.8198, time=8.6s
per-rank: rank0[cuda0,share=0.4120,tput=2.31] rank1[cuda1,share=0.2990,tput=5.79] rank2[cuda2,share=0.2890,tput=2.71]
epoch 45: eval=0.7299
epoch 46: loss=0.518718, train_acc=0.8209, time=8.6s
per-rank: rank0[cuda0,share=0.4109,tput=2.83] rank1[cuda1,share=0.3007,tput=2.50] rank2[cuda2,share=0.2884,tput=5.49]
epoch 46: eval=0.8007
epoch 47: loss=0.510600, train_acc=0.8245, time=8.7s
per-rank: rank0[cuda0,share=0.4089,tput=2.38] rank1[cuda1,share=0.3036,tput=5.68] rank2[cuda2,share=0.2875,tput=2.47]
epoch 47: eval=0.7754
epoch 48: loss=0.514088, train_acc=0.8226, time=8.7s
per-rank: rank0[cuda0,share=0.4091,tput=3.79] rank1[cuda1,share=0.3045,tput=3.79] rank2[cuda2,share=0.2863,tput=2.17]
epoch 48: eval=0.7932
epoch 49: loss=0.515754, train_acc=0.8221, time=8.8s
per-rank: rank0[cuda0,share=0.4086,tput=3.60] rank1[cuda1,share=0.3050,tput=3.27] rank2[cuda2,share=0.2865,tput=2.66]
epoch 49: eval=0.7437
epoch 50: loss=0.506011, train_acc=0.8242, time=8.8s
per-rank: rank0[cuda0,share=0.4080,tput=3.57] rank1[cuda1,share=0.3054,tput=2.55] rank2[cuda2,share=0.2866,tput=3.51]
epoch 50: eval=0.7934
epoch 51: loss=0.504352, train_acc=0.8267, time=9.9s
per-rank: rank0[cuda0,share=0.4074,tput=2.45] rank1[cuda1,share=0.3058,tput=4.33] rank2[cuda2,share=0.2867,tput=3.95]
epoch 51: eval=0.7715
epoch 52: loss=0.506851, train_acc=0.8233, time=9.4s
per-rank: rank0[cuda0,share=0.4069,tput=2.60] rank1[cuda1,share=0.3063,tput=2.70] rank2[cuda2,share=0.2869,tput=4.04]
epoch 52: eval=0.7842
epoch 53: loss=0.507639, train_acc=0.8261, time=10.5s
per-rank: rank0[cuda0,share=0.4056,tput=2.32] rank1[cuda1,share=0.3062,tput=3.25] rank2[cuda2,share=0.2883,tput=5.80]
epoch 53: eval=0.7975
epoch 54: loss=0.504108, train_acc=0.8274, time=9.7s
per-rank: rank0[cuda0,share=0.4035,tput=3.09] rank1[cuda1,share=0.3055,tput=3.72] rank2[cuda2,share=0.2910,tput=2.78]
epoch 54: eval=0.7743
epoch 55: loss=0.505569, train_acc=0.8260, time=8.6s
per-rank: rank0[cuda0,share=0.4047,tput=3.97] rank1[cuda1,share=0.3031,tput=3.32] rank2[cuda2,share=0.2922,tput=2.47]
epoch 55: eval=0.7277
epoch 56: loss=0.509867, train_acc=0.8252, time=8.7s
per-rank: rank0[cuda0,share=0.4059,tput=4.66] rank1[cuda1,share=0.3007,tput=4.24] rank2[cuda2,share=0.2933,tput=2.06]
epoch 56: eval=0.8240
epoch 57: loss=0.510820, train_acc=0.8247, time=11.1s
per-rank: rank0[cuda0,share=0.4063,tput=2.20] rank1[cuda1,share=0.3002,tput=6.30] rank2[cuda2,share=0.2935,tput=3.17]
epoch 57: eval=0.7392
epoch 58: loss=0.495468, train_acc=0.8286, time=9.9s
per-rank: rank0[cuda0,share=0.4066,tput=2.66] rank1[cuda1,share=0.2997,tput=3.20] rank2[cuda2,share=0.2937,tput=3.72]
epoch 58: eval=0.7786
epoch 59: loss=0.503653, train_acc=0.8281, time=10.5s
per-rank: rank0[cuda0,share=0.4075,tput=2.35] rank1[cuda1,share=0.3005,tput=4.12] rank2[cuda2,share=0.2920,tput=4.79]
epoch 59: eval=0.7601
epoch 60: loss=0.494336, train_acc=0.8305, time=9.7s
per-rank: rank0[cuda0,share=0.4084,tput=2.74] rank1[cuda1,share=0.3012,tput=4.20] rank2[cuda2,share=0.2904,tput=2.44]
epoch 60: eval=0.8226
epoch 61: loss=0.504979, train_acc=0.8249, time=8.7s
per-rank: rank0[cuda0,share=0.4094,tput=2.18] rank1[cuda1,share=0.3019,tput=6.90] rank2[cuda2,share=0.2887,tput=2.46]
epoch 61: eval=0.8365
epoch 62: loss=0.497113, train_acc=0.8286, time=8.8s
per-rank: rank0[cuda0,share=0.4094,tput=2.61] rank1[cuda1,share=0.3019,tput=5.08] rank2[cuda2,share=0.2887,tput=2.86]
epoch 62: eval=0.8008
epoch 63: loss=0.485614, train_acc=0.8335, time=10.8s
per-rank: rank0[cuda0,share=0.4105,tput=2.27] rank1[cuda1,share=0.3045,tput=3.48] rank2[cuda2,share=0.2849,tput=5.28]
epoch 63: eval=0.8229
epoch 64: loss=0.491288, train_acc=0.8314, time=10.2s
per-rank: rank0[cuda0,share=0.4105,tput=2.63] rank1[cuda1,share=0.3045,tput=3.12] rank2[cuda2,share=0.2849,tput=4.02]
epoch 64: eval=0.7863
epoch 65: loss=0.482743, train_acc=0.8339, time=10.9s
per-rank: rank0[cuda0,share=0.4095,tput=2.22] rank1[cuda1,share=0.3074,tput=3.60] rank2[cuda2,share=0.2831,tput=5.10]
epoch 65: eval=0.8330
epoch 66: loss=0.492698, train_acc=0.8309, time=9.9s
per-rank: rank0[cuda0,share=0.4095,tput=2.21] rank1[cuda1,share=0.3074,tput=3.00] rank2[cuda2,share=0.2831,tput=4.07]
epoch 66: eval=0.8006
epoch 67: loss=0.488431, train_acc=0.8324, time=10.1s
per-rank: rank0[cuda0,share=0.4061,tput=2.32] rank1[cuda1,share=0.3101,tput=3.57] rank2[cuda2,share=0.2837,tput=5.10]
epoch 67: eval=0.8105
epoch 68: loss=0.479384, train_acc=0.8347, time=9.4s
per-rank: rank0[cuda0,share=0.4052,tput=3.57] rank1[cuda1,share=0.3100,tput=3.14] rank2[cuda2,share=0.2848,tput=2.83]
epoch 68: eval=0.8026
epoch 69: loss=0.487763, train_acc=0.8343, time=8.8s
per-rank: rank0[cuda0,share=0.4036,tput=2.68] rank1[cuda1,share=0.3087,tput=5.74] rank2[cuda2,share=0.2877,tput=2.70]
epoch 69: eval=0.8248
epoch 70: loss=0.477407, train_acc=0.8371, time=8.7s
per-rank: rank0[cuda0,share=0.4019,tput=2.62] rank1[cuda1,share=0.3074,tput=2.53] rank2[cuda2,share=0.2906,tput=5.60]
epoch 70: eval=0.8170
epoch 71: loss=0.495412, train_acc=0.8282, time=8.9s
per-rank: rank0[cuda0,share=0.4014,tput=2.19] rank1[cuda1,share=0.3055,tput=6.21] rank2[cuda2,share=0.2930,tput=2.62]
epoch 71: eval=0.8251
epoch 72: loss=0.480710, train_acc=0.8359, time=8.8s
per-rank: rank0[cuda0,share=0.3996,tput=3.62] rank1[cuda1,share=0.3042,tput=3.54] rank2[cuda2,share=0.2962,tput=2.45]
epoch 72: eval=0.7828
epoch 73: loss=0.485151, train_acc=0.8334, time=8.8s
per-rank: rank0[cuda0,share=0.3993,tput=2.39] rank1[cuda1,share=0.3021,tput=2.53] rank2[cuda2,share=0.2986,tput=5.80]
epoch 73: eval=0.7855
epoch 74: loss=0.479789, train_acc=0.8346, time=8.7s
per-rank: rank0[cuda0,share=0.3981,tput=3.92] rank1[cuda1,share=0.3014,tput=2.44] rank2[cuda2,share=0.3005,tput=3.35]
epoch 74: eval=0.8225
epoch 75: loss=0.482129, train_acc=0.8349, time=12.1s
per-rank: rank0[cuda0,share=0.3991,tput=1.96] rank2[cuda2,share=0.3013,tput=4.69] rank1[cuda1,share=0.2996,tput=4.07]
epoch 75: eval=0.8004
epoch 76: loss=0.487717, train_acc=0.8329, time=10.7s
per-rank: rank0[cuda0,share=0.4000,tput=2.28] rank2[cuda2,share=0.3022,tput=2.71] rank1[cuda1,share=0.2978,tput=4.74]
epoch 76: eval=0.7877
epoch 77: loss=0.482082, train_acc=0.8354, time=8.9s
per-rank: rank0[cuda0,share=0.4010,tput=4.09] rank2[cuda2,share=0.3031,tput=3.10] rank1[cuda1,share=0.2959,tput=2.60]
epoch 77: eval=0.7783
epoch 78: loss=0.477312, train_acc=0.8368, time=8.6s
per-rank: rank0[cuda0,share=0.4009,tput=4.07] rank2[cuda2,share=0.3032,tput=3.54] rank1[cuda1,share=0.2959,tput=2.28]
epoch 78: eval=0.8013
epoch 79: loss=0.479102, train_acc=0.8343, time=10.0s
per-rank: rank0[cuda0,share=0.4014,tput=2.37] rank2[cuda2,share=0.3022,tput=5.32] rank1[cuda1,share=0.2965,tput=3.33]
epoch 79: eval=0.8351
epoch 80: loss=0.474455, train_acc=0.8369, time=9.6s
per-rank: rank0[cuda0,share=0.4013,tput=2.51] rank2[cuda2,share=0.3022,tput=2.79] rank1[cuda1,share=0.2965,tput=3.77]
epoch 80: eval=0.8023
epoch 81: loss=0.478832, train_acc=0.8346, time=8.7s
per-rank: rank0[cuda0,share=0.4032,tput=3.71] rank2[cuda2,share=0.3020,tput=2.79] rank1[cuda1,share=0.2948,tput=3.13]
epoch 81: eval=0.7935
epoch 82: loss=0.478246, train_acc=0.8363, time=8.8s
per-rank: rank0[cuda0,share=0.4039,tput=4.03] rank2[cuda2,share=0.3024,tput=3.97] rank1[cuda1,share=0.2937,tput=2.67]
epoch 82: eval=0.7931
epoch 83: loss=0.478667, train_acc=0.8359, time=8.7s
per-rank: rank0[cuda0,share=0.4047,tput=3.53] rank2[cuda2,share=0.3028,tput=2.33] rank1[cuda1,share=0.2925,tput=3.74]
epoch 83: eval=0.7783
epoch 84: loss=0.476926, train_acc=0.8362, time=10.7s
per-rank: rank0[cuda0,share=0.4062,tput=2.22] rank2[cuda2,share=0.3037,tput=3.90] rank1[cuda1,share=0.2902,tput=4.40]
epoch 84: eval=0.7824
epoch 85: loss=0.474585, train_acc=0.8361, time=9.9s
per-rank: rank0[cuda0,share=0.4069,tput=2.53] rank2[cuda2,share=0.3041,tput=3.74] rank1[cuda1,share=0.2890,tput=2.94]
epoch 85: eval=0.8185
epoch 86: loss=0.471613, train_acc=0.8382, time=8.9s
per-rank: rank0[cuda0,share=0.4083,tput=4.20] rank2[cuda2,share=0.3035,tput=4.27] rank1[cuda1,share=0.2882,tput=2.28]
epoch 86: eval=0.8351
epoch 87: loss=0.479523, train_acc=0.8366, time=10.9s
per-rank: rank0[cuda0,share=0.4085,tput=2.31] rank2[cuda2,share=0.3058,tput=5.31] rank1[cuda1,share=0.2857,tput=3.39]
epoch 87: eval=0.8074
epoch 88: loss=0.476312, train_acc=0.8342, time=10.1s
per-rank: rank0[cuda0,share=0.4085,tput=2.82] rank2[cuda2,share=0.3058,tput=2.92] rank1[cuda1,share=0.2857,tput=3.18]
epoch 88: eval=0.7963
epoch 89: loss=0.469460, train_acc=0.8391, time=10.4s
per-rank: rank0[cuda0,share=0.4076,tput=2.36] rank2[cuda2,share=0.3085,tput=4.48] rank1[cuda1,share=0.2840,tput=4.04]
epoch 89: eval=0.7627
epoch 90: loss=0.461153, train_acc=0.8407, time=9.9s
per-rank: rank0[cuda0,share=0.4091,tput=2.88] rank2[cuda2,share=0.3071,tput=2.34] rank1[cuda1,share=0.2838,tput=4.49]
epoch 90: eval=0.8131
epoch 91: loss=0.475851, train_acc=0.8358, time=8.7s
per-rank: rank0[cuda0,share=0.4106,tput=3.68] rank2[cuda2,share=0.3058,tput=2.09] rank1[cuda1,share=0.2836,tput=4.15]
epoch 91: eval=0.7353
epoch 92: loss=0.464738, train_acc=0.8394, time=8.7s
per-rank: rank0[cuda0,share=0.4111,tput=3.28] rank2[cuda2,share=0.3034,tput=3.05] rank1[cuda1,share=0.2855,tput=3.09]
epoch 92: eval=0.8181
epoch 93: loss=0.477427, train_acc=0.8349, time=11.6s
per-rank: rank0[cuda0,share=0.4103,tput=2.13] rank2[cuda2,share=0.2973,tput=3.56] rank1[cuda1,share=0.2924,tput=6.09]
epoch 93: eval=0.7445
epoch 94: loss=0.475281, train_acc=0.8381, time=10.5s
per-rank: rank0[cuda0,share=0.4093,tput=2.18] rank1[cuda1,share=0.2954,tput=3.86] rank2[cuda2,share=0.2954,tput=3.07]
epoch 94: eval=0.8081
epoch 95: loss=0.455580, train_acc=0.8434, time=8.7s
per-rank: rank0[cuda0,share=0.4110,tput=4.51] rank1[cuda1,share=0.2959,tput=2.69] rank2[cuda2,share=0.2931,tput=2.78]
epoch 95: eval=0.7658
epoch 96: loss=0.466866, train_acc=0.8376, time=8.9s
per-rank: rank0[cuda0,share=0.4110,tput=2.79] rank1[cuda1,share=0.2988,tput=6.05] rank2[cuda2,share=0.2901,tput=2.38]
epoch 96: eval=0.7920
epoch 97: loss=0.469669, train_acc=0.8381, time=8.8s
per-rank: rank0[cuda0,share=0.4111,tput=3.11] rank1[cuda1,share=0.3018,tput=4.09] rank2[cuda2,share=0.2871,tput=2.19]
epoch 97: eval=0.7912
epoch 98: loss=0.467103, train_acc=0.8391, time=10.4s
per-rank: rank0[cuda0,share=0.4100,tput=2.40] rank1[cuda1,share=0.3071,tput=4.32] rank2[cuda2,share=0.2829,tput=4.40]
epoch 98: eval=0.7209
epoch 99: loss=0.454799, train_acc=0.8430, time=9.8s
per-rank: rank0[cuda0,share=0.4079,tput=2.79] rank1[cuda1,share=0.3111,tput=4.35] rank2[cuda2,share=0.2810,tput=2.43]
epoch 99: eval=0.8053
epoch 100: loss=0.394608, train_acc=0.8640, time=8.7s
per-rank: rank0[cuda0,share=0.4069,tput=3.34] rank1[cuda1,share=0.3129,tput=2.46] rank2[cuda2,share=0.2803,tput=3.86]
epoch 100: eval=0.8932
epoch 101: loss=0.259208, train_acc=0.9113, time=10.6s
per-rank: rank0[cuda0,share=0.4082,tput=2.26] rank1[cuda1,share=0.3106,tput=4.68] rank2[cuda2,share=0.2812,tput=3.90]
epoch 101: eval=0.8968
epoch 102: loss=0.240577, train_acc=0.9171, time=9.7s
per-rank: rank0[cuda0,share=0.4076,tput=2.06] rank1[cuda1,share=0.3089,tput=3.81] rank2[cuda2,share=0.2835,tput=3.09]
epoch 102: eval=0.9014
epoch 103: loss=0.232662, train_acc=0.9191, time=8.8s
per-rank: rank0[cuda0,share=0.4074,tput=2.64] rank1[cuda1,share=0.3080,tput=5.01] rank2[cuda2,share=0.2847,tput=2.61]
epoch 103: eval=0.9013
epoch 104: loss=0.225969, train_acc=0.9207, time=10.3s
per-rank: rank0[cuda0,share=0.4046,tput=2.37] rank1[cuda1,share=0.3072,tput=3.82] rank2[cuda2,share=0.2882,tput=4.72]
epoch 104: eval=0.9040
epoch 105: loss=0.218286, train_acc=0.9240, time=9.6s
per-rank: rank0[cuda0,share=0.4032,tput=2.98] rank1[cuda1,share=0.3069,tput=2.49] rank2[cuda2,share=0.2900,tput=3.99]
epoch 105: eval=0.9067
epoch 106: loss=0.208804, train_acc=0.9280, time=8.6s
per-rank: rank0[cuda0,share=0.4025,tput=2.93] rank1[cuda1,share=0.3020,tput=4.94] rank2[cuda2,share=0.2955,tput=2.56]
epoch 106: eval=0.9048
epoch 107: loss=0.209530, train_acc=0.9271, time=11.4s
per-rank: rank0[cuda0,share=0.4028,tput=2.10] rank2[cuda2,share=0.2987,tput=4.48] rank1[cuda1,share=0.2985,tput=4.14]
epoch 107: eval=0.9080
epoch 108: loss=0.201900, train_acc=0.9300, time=10.1s
per-rank: rank0[cuda0,share=0.3994,tput=2.60] rank2[cuda2,share=0.3037,tput=3.95] rank1[cuda1,share=0.2968,tput=3.00]
epoch 108: eval=0.9064
epoch 109: loss=0.194900, train_acc=0.9313, time=8.7s
per-rank: rank0[cuda0,share=0.3993,tput=3.41] rank2[cuda2,share=0.3041,tput=3.61] rank1[cuda1,share=0.2966,tput=2.67]
epoch 109: eval=0.9052
epoch 110: loss=0.195613, train_acc=0.9304, time=8.8s
per-rank: rank0[cuda0,share=0.3972,tput=2.76] rank2[cuda2,share=0.3052,tput=5.06] rank1[cuda1,share=0.2976,tput=2.73]
epoch 110: eval=0.9080
epoch 111: loss=0.192608, train_acc=0.9323, time=8.8s
per-rank: rank0[cuda0,share=0.3967,tput=2.41] rank2[cuda2,share=0.3055,tput=2.51] rank1[cuda1,share=0.2978,tput=5.46]
epoch 111: eval=0.9047
epoch 112: loss=0.188861, train_acc=0.9334, time=11.7s
per-rank: rank0[cuda0,share=0.3944,tput=2.01] rank2[cuda2,share=0.3049,tput=3.80] rank1[cuda1,share=0.3007,tput=5.46]
epoch 112: eval=0.9048
epoch 113: loss=0.187375, train_acc=0.9344, time=9.8s
per-rank: rank0[cuda0,share=0.3924,tput=2.53] rank2[cuda2,share=0.3042,tput=4.26] rank1[cuda1,share=0.3034,tput=2.73]
epoch 113: eval=0.9088
epoch 114: loss=0.181914, train_acc=0.9360, time=8.9s
per-rank: rank0[cuda0,share=0.3870,tput=2.68] rank1[cuda1,share=0.3067,tput=6.03] rank2[cuda2,share=0.3062,tput=2.20]
epoch 114: eval=0.9079
epoch 115: loss=0.180354, train_acc=0.9371, time=9.6s
per-rank: rank0[cuda0,share=0.3881,tput=2.37] rank1[cuda1,share=0.3070,tput=4.23] rank2[cuda2,share=0.3049,tput=3.82]
epoch 115: eval=0.9046
epoch 116: loss=0.177537, train_acc=0.9377, time=9.3s
per-rank: rank0[cuda0,share=0.3917,tput=3.40] rank1[cuda1,share=0.3069,tput=3.71] rank2[cuda2,share=0.3014,tput=2.41]
epoch 116: eval=0.9097
epoch 117: loss=0.174694, train_acc=0.9393, time=11.4s
per-rank: rank0[cuda0,share=0.3988,tput=2.22] rank1[cuda1,share=0.3067,tput=3.55] rank2[cuda2,share=0.2945,tput=6.06]
epoch 117: eval=0.9009
epoch 118: loss=0.172848, train_acc=0.9391, time=10.6s
per-rank: rank0[cuda0,share=0.4046,tput=2.30] rank1[cuda1,share=0.3048,tput=4.03] rank2[cuda2,share=0.2907,tput=3.00]
epoch 118: eval=0.9061
epoch 119: loss=0.171105, train_acc=0.9403, time=9.2s
per-rank: rank0[cuda0,share=0.4070,tput=3.32] rank1[cuda1,share=0.3021,tput=2.30] rank2[cuda2,share=0.2910,tput=3.83]
epoch 119: eval=0.9012
epoch 120: loss=0.170554, train_acc=0.9394, time=8.8s
per-rank: rank0[cuda0,share=0.4155,tput=3.45] rank1[cuda1,share=0.2984,tput=4.04] rank2[cuda2,share=0.2862,tput=2.21]
epoch 120: eval=0.9058
epoch 121: loss=0.167729, train_acc=0.9405, time=11.2s
per-rank: rank0[cuda0,share=0.4189,tput=2.22] rank1[cuda1,share=0.2962,tput=6.10] rank2[cuda2,share=0.2849,tput=3.42]
epoch 121: eval=0.9071
epoch 122: loss=0.165577, train_acc=0.9423, time=10.0s
per-rank: rank0[cuda0,share=0.4170,tput=2.17] rank1[cuda1,share=0.2964,tput=3.55] rank2[cuda2,share=0.2866,tput=3.62]
epoch 122: eval=0.9048
epoch 123: loss=0.164351, train_acc=0.9427, time=8.9s
per-rank: rank0[cuda0,share=0.4113,tput=2.95] rank1[cuda1,share=0.2986,tput=3.50] rank2[cuda2,share=0.2901,tput=2.77]
epoch 123: eval=0.9051
epoch 124: loss=0.162956, train_acc=0.9426, time=8.9s
per-rank: rank0[cuda0,share=0.4101,tput=3.14] rank1[cuda1,share=0.2983,tput=2.54] rank2[cuda2,share=0.2917,tput=3.86]
epoch 124: eval=0.9050
epoch 125: loss=0.158937, train_acc=0.9447, time=11.5s
per-rank: rank0[cuda0,share=0.3971,tput=2.07] rank1[cuda1,share=0.3080,tput=3.76] rank2[cuda2,share=0.2949,tput=5.48]
epoch 125: eval=0.9057
epoch 126: loss=0.161263, train_acc=0.9432, time=10.3s
per-rank: rank0[cuda0,share=0.3932,tput=2.57] rank1[cuda1,share=0.3115,tput=2.98] rank2[cuda2,share=0.2952,tput=3.50]
epoch 126: eval=0.9077
epoch 127: loss=0.156977, train_acc=0.9452, time=10.1s
per-rank: rank0[cuda0,share=0.3835,tput=2.24] rank1[cuda1,share=0.3183,tput=3.00] rank2[cuda2,share=0.2981,tput=5.74]
epoch 127: eval=0.9020
epoch 128: loss=0.157171, train_acc=0.9438, time=9.4s
per-rank: rank0[cuda0,share=0.3816,tput=2.74] rank1[cuda1,share=0.3159,tput=2.59] rank2[cuda2,share=0.3025,tput=4.07]
epoch 128: eval=0.9070
epoch 129: loss=0.150668, train_acc=0.9470, time=8.9s
per-rank: rank0[cuda0,share=0.3838,tput=3.76] rank1[cuda1,share=0.3113,tput=4.48] rank2[cuda2,share=0.3049,tput=2.51]
epoch 129: eval=0.9027
epoch 130: loss=0.152569, train_acc=0.9465, time=8.8s
per-rank: rank0[cuda0,share=0.3890,tput=3.69] rank2[cuda2,share=0.3060,tput=3.32] rank1[cuda1,share=0.3050,tput=2.57]
epoch 130: eval=0.9089
epoch 131: loss=0.149965, train_acc=0.9474, time=8.8s
per-rank: rank0[cuda0,share=0.3964,tput=2.64] rank2[cuda2,share=0.3070,tput=2.16] rank1[cuda1,share=0.2966,tput=6.84]
epoch 131: eval=0.9098
epoch 132: loss=0.149844, train_acc=0.9469, time=8.7s
per-rank: rank0[cuda0,share=0.4004,tput=3.55] rank2[cuda2,share=0.3051,tput=2.11] rank1[cuda1,share=0.2945,tput=4.01]
epoch 132: eval=0.9026
epoch 133: loss=0.150821, train_acc=0.9466, time=8.7s
per-rank: rank0[cuda0,share=0.4062,tput=3.58] rank2[cuda2,share=0.2988,tput=3.07] rank1[cuda1,share=0.2951,tput=2.97]
epoch 133: eval=0.8951
epoch 134: loss=0.148065, train_acc=0.9473, time=8.8s
per-rank: rank0[cuda0,share=0.4103,tput=3.54] rank1[cuda1,share=0.2985,tput=2.53] rank2[cuda2,share=0.2912,tput=3.62]
epoch 134: eval=0.9076
epoch 135: loss=0.149338, train_acc=0.9479, time=10.8s
per-rank: rank0[cuda0,share=0.4145,tput=2.30] rank1[cuda1,share=0.3024,tput=3.86] rank2[cuda2,share=0.2831,tput=5.15]
epoch 135: eval=0.8879
epoch 136: loss=0.148623, train_acc=0.9468, time=10.0s
per-rank: rank0[cuda0,share=0.4193,tput=2.67] rank1[cuda1,share=0.3020,tput=2.86] rank2[cuda2,share=0.2787,tput=3.81]
epoch 136: eval=0.9021
epoch 137: loss=0.146005, train_acc=0.9481, time=8.8s
per-rank: rank0[cuda0,share=0.4200,tput=2.42] rank1[cuda1,share=0.3036,tput=2.64] rank2[cuda2,share=0.2764,tput=6.04]
epoch 137: eval=0.9043
epoch 138: loss=0.144023, train_acc=0.9489, time=10.9s
per-rank: rank0[cuda0,share=0.4204,tput=2.29] rank1[cuda1,share=0.2999,tput=5.16] rank2[cuda2,share=0.2797,tput=3.69]
epoch 138: eval=0.9126
epoch 139: loss=0.142604, train_acc=0.9496, time=10.2s
per-rank: rank0[cuda0,share=0.4221,tput=2.80] rank1[cuda1,share=0.2954,tput=3.31] rank2[cuda2,share=0.2825,tput=3.03]
epoch 139: eval=0.9090
epoch 140: loss=0.142247, train_acc=0.9491, time=8.7s
per-rank: rank0[cuda0,share=0.4232,tput=3.31] rank1[cuda1,share=0.2918,tput=3.51] rank2[cuda2,share=0.2851,tput=2.50]
epoch 140: eval=0.9022
epoch 141: loss=0.142240, train_acc=0.9502, time=12.9s
per-rank: rank0[cuda0,share=0.4124,tput=2.02] rank2[cuda2,share=0.2981,tput=4.78] rank1[cuda1,share=0.2895,tput=4.51]
epoch 141: eval=0.9029
epoch 142: loss=0.143276, train_acc=0.9502, time=10.6s
per-rank: rank0[cuda0,share=0.4027,tput=2.32] rank2[cuda2,share=0.3024,tput=4.31] rank1[cuda1,share=0.2949,tput=3.40]
epoch 142: eval=0.9041
epoch 143: loss=0.138445, train_acc=0.9510, time=8.7s
per-rank: rank0[cuda0,share=0.3786,tput=4.33] rank1[cuda1,share=0.3130,tput=2.44] rank2[cuda2,share=0.3084,tput=3.22]
epoch 143: eval=0.8959
epoch 144: loss=0.136664, train_acc=0.9526, time=8.8s
per-rank: rank0[cuda0,share=0.3890,tput=2.86] rank1[cuda1,share=0.3107,tput=5.96] rank2[cuda2,share=0.3003,tput=2.22]
epoch 144: eval=0.9072
epoch 145: loss=0.137253, train_acc=0.9520, time=8.9s
per-rank: rank0[cuda0,share=0.4009,tput=2.71] rank1[cuda1,share=0.3043,tput=2.84] rank2[cuda2,share=0.2948,tput=3.82]
epoch 145: eval=0.9013
epoch 146: loss=0.134423, train_acc=0.9522, time=8.8s
per-rank: rank0[cuda0,share=0.4063,tput=3.92] rank1[cuda1,share=0.2972,tput=3.48] rank2[cuda2,share=0.2965,tput=2.48]
epoch 146: eval=0.8951
epoch 147: loss=0.130752, train_acc=0.9540, time=8.9s
per-rank: rank0[cuda0,share=0.4096,tput=3.50] rank1[cuda1,share=0.2976,tput=3.85] rank2[cuda2,share=0.2929,tput=2.23]
epoch 147: eval=0.9062
epoch 148: loss=0.127299, train_acc=0.9545, time=10.8s
per-rank: rank0[cuda0,share=0.4192,tput=2.31] rank1[cuda1,share=0.2926,tput=3.42] rank2[cuda2,share=0.2882,tput=5.30]
epoch 148: eval=0.9046
epoch 149: loss=0.128215, train_acc=0.9560, time=9.9s
per-rank: rank0[cuda0,share=0.4276,tput=2.79] rank2[cuda2,share=0.2949,tput=2.77] rank1[cuda1,share=0.2774,tput=3.86]
epoch 149: eval=0.9012
epoch 150: loss=0.109360, train_acc=0.9623, time=8.7s
per-rank: rank0[cuda0,share=0.4305,tput=2.40] rank2[cuda2,share=0.2896,tput=2.42] rank1[cuda1,share=0.2798,tput=7.31]
epoch 150: eval=0.9187
epoch 151: loss=0.089102, train_acc=0.9699, time=8.9s
per-rank: rank0[cuda0,share=0.4253,tput=2.68] rank1[cuda1,share=0.2888,tput=2.44] rank2[cuda2,share=0.2859,tput=5.93]
epoch 151: eval=0.9170
epoch 152: loss=0.087660, train_acc=0.9701, time=8.8s
per-rank: rank0[cuda0,share=0.4243,tput=3.13] rank2[cuda2,share=0.2948,tput=5.59] rank1[cuda1,share=0.2809,tput=2.45]
epoch 152: eval=0.9196
epoch 153: loss=0.084662, train_acc=0.9715, time=11.7s
per-rank: rank0[cuda0,share=0.4067,tput=2.19] rank1[cuda1,share=0.3079,tput=4.33] rank2[cuda2,share=0.2854,tput=4.50]
epoch 153: eval=0.9169
epoch 154: loss=0.083202, train_acc=0.9719, time=10.8s
per-rank: rank0[cuda0,share=0.3808,tput=2.01] rank1[cuda1,share=0.3227,tput=3.29] rank2[cuda2,share=0.2966,tput=4.27]
epoch 154: eval=0.9188
epoch 155: loss=0.082381, train_acc=0.9719, time=9.1s
per-rank: rank0[cuda0,share=0.3693,tput=3.85] rank1[cuda1,share=0.3215,tput=2.65] rank2[cuda2,share=0.3092,tput=3.47]
epoch 155: eval=0.9182
epoch 156: loss=0.077597, train_acc=0.9748, time=10.9s
per-rank: rank0[cuda0,share=0.3905,tput=2.16] rank1[cuda1,share=0.3118,tput=4.99] rank2[cuda2,share=0.2976,tput=3.63]
epoch 156: eval=0.9165
epoch 157: loss=0.076862, train_acc=0.9748, time=9.9s
per-rank: rank0[cuda0,share=0.3979,tput=2.79] rank1[cuda1,share=0.3025,tput=2.87] rank2[cuda2,share=0.2996,tput=3.72]
epoch 157: eval=0.9186
epoch 158: loss=0.078712, train_acc=0.9732, time=9.2s
per-rank: rank0[cuda0,share=0.3967,tput=1.95] rank1[cuda1,share=0.3050,tput=2.71] rank2[cuda2,share=0.2983,tput=6.56]
epoch 158: eval=0.9197
epoch 159: loss=0.076508, train_acc=0.9743, time=9.0s
per-rank: rank0[cuda0,share=0.3716,tput=3.61] rank1[cuda1,share=0.3194,tput=2.56] rank2[cuda2,share=0.3090,tput=3.58]
epoch 159: eval=0.9171
epoch 160: loss=0.076306, train_acc=0.9742, time=11.2s
per-rank: rank0[cuda0,share=0.3683,tput=2.02] rank1[cuda1,share=0.3208,tput=5.32] rank2[cuda2,share=0.3109,tput=3.55]
epoch 160: eval=0.9156
epoch 161: loss=0.078171, train_acc=0.9741, time=9.8s
per-rank: rank0[cuda0,share=0.3698,tput=2.38] rank1[cuda1,share=0.3202,tput=4.15] rank2[cuda2,share=0.3099,tput=2.69]
epoch 161: eval=0.9158
epoch 162: loss=0.074322, train_acc=0.9751, time=8.9s
per-rank: rank0[cuda0,share=0.3759,tput=2.71] rank1[cuda1,share=0.3250,tput=2.63] rank2[cuda2,share=0.2990,tput=5.31]
epoch 162: eval=0.9162
epoch 163: loss=0.075169, train_acc=0.9745, time=8.9s
per-rank: rank0[cuda0,share=0.3962,tput=4.06] rank1[cuda1,share=0.3178,tput=3.78] rank2[cuda2,share=0.2860,tput=2.22]
epoch 163: eval=0.9158
epoch 164: loss=0.073814, train_acc=0.9749, time=8.9s
per-rank: rank0[cuda0,share=0.3941,tput=2.12] rank1[cuda1,share=0.3144,tput=6.34] rank2[cuda2,share=0.2916,tput=2.58]
epoch 164: eval=0.9160
epoch 165: loss=0.073816, train_acc=0.9756, time=9.0s
per-rank: rank0[cuda0,share=0.3933,tput=4.02] rank1[cuda1,share=0.3059,tput=3.78] rank2[cuda2,share=0.3008,tput=2.14]
epoch 165: eval=0.9166
epoch 166: loss=0.073733, train_acc=0.9753, time=11.7s
per-rank: rank0[cuda0,share=0.4160,tput=2.19] rank2[cuda2,share=0.2982,tput=3.83] rank1[cuda1,share=0.2857,tput=5.35]
epoch 166: eval=0.9165
epoch 167: loss=0.074290, train_acc=0.9754, time=10.4s
per-rank: rank0[cuda0,share=0.4014,tput=2.27] rank2[cuda2,share=0.3034,tput=2.86] rank1[cuda1,share=0.2952,tput=4.38]
epoch 167: eval=0.9185
epoch 168: loss=0.074053, train_acc=0.9742, time=8.9s
per-rank: rank0[cuda0,share=0.3916,tput=3.24] rank2[cuda2,share=0.3047,tput=3.52] rank1[cuda1,share=0.3036,tput=2.73]
epoch 168: eval=0.9180
epoch 169: loss=0.070644, train_acc=0.9765, time=10.2s
per-rank: rank0[cuda0,share=0.4077,tput=2.30] rank2[cuda2,share=0.2984,tput=3.62] rank1[cuda1,share=0.2938,tput=4.89]
epoch 169: eval=0.9176
epoch 170: loss=0.070720, train_acc=0.9762, time=9.8s
per-rank: rank0[cuda0,share=0.4129,tput=2.56] rank2[cuda2,share=0.3041,tput=2.73] rank1[cuda1,share=0.2830,tput=3.94]
epoch 170: eval=0.9168
epoch 171: loss=0.069385, train_acc=0.9767, time=9.0s
per-rank: rank0[cuda0,share=0.3803,tput=3.54] rank2[cuda2,share=0.3124,tput=2.40] rank1[cuda1,share=0.3073,tput=3.67]
epoch 171: eval=0.9175
epoch 172: loss=0.070102, train_acc=0.9761, time=8.9s
per-rank: rank0[cuda0,share=0.3948,tput=3.96] rank1[cuda1,share=0.3067,tput=2.64] rank2[cuda2,share=0.2984,tput=3.04]
epoch 172: eval=0.9156
epoch 173: loss=0.070751, train_acc=0.9762, time=8.8s
per-rank: rank0[cuda0,share=0.4014,tput=2.87] rank1[cuda1,share=0.3092,tput=2.73] rank2[cuda2,share=0.2894,tput=3.66]
epoch 173: eval=0.9174
epoch 174: loss=0.070956, train_acc=0.9759, time=11.0s
per-rank: rank0[cuda0,share=0.3922,tput=2.17] rank2[cuda2,share=0.3050,tput=5.41] rank1[cuda1,share=0.3028,tput=3.32]
epoch 174: eval=0.9160
epoch 175: loss=0.070390, train_acc=0.9765, time=10.1s
per-rank: rank0[cuda0,share=0.3942,tput=2.14] rank2[cuda2,share=0.3072,tput=3.86] rank1[cuda1,share=0.2986,tput=2.90]
epoch 175: eval=0.9171
epoch 176: loss=0.070784, train_acc=0.9765, time=8.9s
per-rank: rank0[cuda0,share=0.3902,tput=3.98] rank1[cuda1,share=0.3049,tput=2.51] rank2[cuda2,share=0.3049,tput=3.10]
epoch 176: eval=0.9181
epoch 177: loss=0.068822, train_acc=0.9768, time=8.8s
per-rank: rank0[cuda0,share=0.4058,tput=2.54] rank1[cuda1,share=0.2980,tput=6.02] rank2[cuda2,share=0.2962,tput=2.50]
epoch 177: eval=0.9156
epoch 178: loss=0.067501, train_acc=0.9774, time=12.3s
per-rank: rank0[cuda0,share=0.4183,tput=2.06] rank2[cuda2,share=0.2999,tput=3.91] rank1[cuda1,share=0.2818,tput=4.69]
epoch 178: eval=0.9183
epoch 179: loss=0.067687, train_acc=0.9765, time=11.5s
per-rank: rank0[cuda0,share=0.4119,tput=2.17] rank2[cuda2,share=0.3043,tput=3.34] rank1[cuda1,share=0.2838,tput=2.69]
epoch 179: eval=0.9180
epoch 180: loss=0.068928, train_acc=0.9758, time=8.7s
per-rank: rank0[cuda0,share=0.4034,tput=3.59] rank2[cuda2,share=0.3054,tput=3.39] rank1[cuda1,share=0.2911,tput=2.69]
epoch 180: eval=0.9177
epoch 181: loss=0.069363, train_acc=0.9763, time=8.8s
per-rank: rank0[cuda0,share=0.3901,tput=2.35] rank2[cuda2,share=0.3079,tput=2.47] rank1[cuda1,share=0.3020,tput=6.17]
epoch 181: eval=0.9165
epoch 182: loss=0.067172, train_acc=0.9770, time=10.7s
per-rank: rank0[cuda0,share=0.3836,tput=2.10] rank1[cuda1,share=0.3108,tput=3.47] rank2[cuda2,share=0.3056,tput=5.35]
epoch 182: eval=0.9172
epoch 183: loss=0.066423, train_acc=0.9773, time=9.5s
per-rank: rank0[cuda0,share=0.3783,tput=2.74] rank1[cuda1,share=0.3136,tput=3.74] rank2[cuda2,share=0.3081,tput=2.92]
epoch 183: eval=0.9163
epoch 184: loss=0.067222, train_acc=0.9769, time=10.5s
per-rank: rank0[cuda0,share=0.3841,tput=2.14] rank2[cuda2,share=0.3094,tput=3.68] rank1[cuda1,share=0.3065,tput=4.43]
epoch 184: eval=0.9151
epoch 185: loss=0.064654, train_acc=0.9785, time=9.7s
per-rank: rank0[cuda0,share=0.3877,tput=3.17] rank2[cuda2,share=0.3092,tput=3.09] rank1[cuda1,share=0.3031,tput=2.96]
epoch 185: eval=0.9145
epoch 186: loss=0.066166, train_acc=0.9779, time=11.7s
per-rank: rank0[cuda0,share=0.3896,tput=2.04] rank2[cuda2,share=0.3098,tput=4.88] rank1[cuda1,share=0.3006,tput=3.88]
epoch 186: eval=0.9172
epoch 187: loss=0.065515, train_acc=0.9780, time=10.6s
per-rank: rank0[cuda0,share=0.3917,tput=2.06] rank2[cuda2,share=0.3098,tput=3.94] rank1[cuda1,share=0.2985,tput=2.98]
epoch 187: eval=0.9178
epoch 188: loss=0.064785, train_acc=0.9781, time=9.3s
per-rank: rank0[cuda0,share=0.3911,tput=3.41] rank2[cuda2,share=0.3081,tput=2.24] rank1[cuda1,share=0.3008,tput=3.64]
epoch 188: eval=0.9172
epoch 189: loss=0.065123, train_acc=0.9775, time=9.2s
per-rank: rank0[cuda0,share=0.3910,tput=2.68] rank2[cuda2,share=0.3069,tput=5.23] rank1[cuda1,share=0.3020,tput=2.22]
epoch 189: eval=0.9170
epoch 190: loss=0.065248, train_acc=0.9773, time=9.0s
per-rank: rank0[cuda0,share=0.3910,tput=3.58] rank2[cuda2,share=0.3060,tput=3.55] rank1[cuda1,share=0.3030,tput=2.23]
epoch 190: eval=0.9162
epoch 191: loss=0.063665, train_acc=0.9783, time=11.4s
per-rank: rank0[cuda0,share=0.3907,tput=2.03] rank2[cuda2,share=0.3051,tput=3.40] rank1[cuda1,share=0.3041,tput=5.14]
epoch 191: eval=0.9153
epoch 192: loss=0.061761, train_acc=0.9791, time=10.6s
per-rank: rank0[cuda0,share=0.3914,tput=2.64] rank2[cuda2,share=0.3050,tput=2.52] rank1[cuda1,share=0.3036,tput=3.57]
epoch 192: eval=0.9159
epoch 193: loss=0.063687, train_acc=0.9784, time=9.2s
per-rank: rank0[cuda0,share=0.3917,tput=2.46] rank2[cuda2,share=0.3048,tput=2.05] rank1[cuda1,share=0.3035,tput=6.36]
epoch 193: eval=0.9168
epoch 194: loss=0.063291, train_acc=0.9785, time=9.2s
per-rank: rank0[cuda0,share=0.3918,tput=3.35] rank2[cuda2,share=0.3049,tput=3.60] rank1[cuda1,share=0.3032,tput=2.33]
epoch 194: eval=0.9174
epoch 195: loss=0.062376, train_acc=0.9788, time=11.3s
per-rank: rank0[cuda0,share=0.3916,tput=2.13] rank2[cuda2,share=0.3048,tput=4.52] rank1[cuda1,share=0.3036,tput=3.73]
epoch 195: eval=0.9177
epoch 196: loss=0.060918, train_acc=0.9798, time=10.0s
per-rank: rank0[cuda0,share=0.3921,tput=2.68] rank1[cuda1,share=0.3044,tput=4.32] rank2[cuda2,share=0.3035,tput=2.32]
epoch 196: eval=0.9169
epoch 197: loss=0.064135, train_acc=0.9779, time=10.9s
per-rank: rank0[cuda0,share=0.3926,tput=2.21] rank1[cuda1,share=0.3052,tput=5.09] rank2[cuda2,share=0.3022,tput=3.38]
epoch 197: eval=0.9160
epoch 198: loss=0.061814, train_acc=0.9796, time=10.0s
per-rank: rank0[cuda0,share=0.3940,tput=4.40] rank1[cuda1,share=0.3045,tput=2.72] rank2[cuda2,share=0.3015,tput=3.54]
epoch 198: eval=0.9161
epoch 199: loss=0.061986, train_acc=0.9788, time=9.2s
per-rank: rank0[cuda0,share=0.3940,tput=3.11] rank1[cuda1,share=0.3045,tput=3.69] rank2[cuda2,share=0.3015,tput=2.30]
final eval=0.9173
# total: 1754.4s (29m 14s)
