# gpu0: NVIDIA GeForce RTX 5060 Ti (15GB, sm_120)
# gpu1: NVIDIA GeForce GTX 1060 6GB (5GB, sm_61)
# gpu2: NVIDIA GeForce GTX 1060 6GB (5GB, sm_61)
epoch 0: loss=1.949809, train_acc=0.2746, time=12.6s
per-rank: rank0[cuda0,share=0.4034,tput=4.53] rank2[cuda2,share=0.2992,tput=4.08] rank1[cuda1,share=0.2973,tput=2.38]
epoch 0: eval=0.3433
epoch 1: loss=1.635878, train_acc=0.3952, time=11.3s
per-rank: rank0[cuda0,share=0.3856,tput=2.55] rank1[cuda1,share=0.3135,tput=3.15] rank2[cuda2,share=0.3009,tput=1.91]
epoch 1: eval=0.3917
epoch 2: loss=1.481050, train_acc=0.4585, time=10.6s
per-rank: rank0[cuda0,share=0.3977,tput=2.09] rank1[cuda1,share=0.3087,tput=5.34] rank2[cuda2,share=0.2936,tput=1.94]
epoch 2: eval=0.4981
epoch 3: loss=1.311761, train_acc=0.5258, time=13.4s
per-rank: rank0[cuda0,share=0.4056,tput=1.80] rank1[cuda1,share=0.3031,tput=3.98] rank2[cuda2,share=0.2913,tput=3.10]
epoch 3: eval=0.5616
epoch 4: loss=1.193221, train_acc=0.5726, time=11.8s
per-rank: rank0[cuda0,share=0.3873,tput=1.94] rank1[cuda1,share=0.3130,tput=3.88] rank2[cuda2,share=0.2997,tput=2.44]
epoch 4: eval=0.6085
epoch 5: loss=1.076858, train_acc=0.6154, time=12.2s
per-rank: rank0[cuda0,share=0.4013,tput=1.93] rank1[cuda1,share=0.3059,tput=2.99] rank2[cuda2,share=0.2928,tput=4.52]
epoch 5: eval=0.6365
epoch 6: loss=0.989351, train_acc=0.6513, time=11.6s
per-rank: rank0[cuda0,share=0.4168,tput=2.06] rank1[cuda1,share=0.2916,tput=2.13] rank2[cuda2,share=0.2916,tput=3.77]
epoch 6: eval=0.6251
epoch 7: loss=0.909883, train_acc=0.6804, time=10.6s
per-rank: rank0[cuda0,share=0.3978,tput=2.52] rank1[cuda1,share=0.3022,tput=3.36] rank2[cuda2,share=0.3000,tput=2.15]
epoch 7: eval=0.6078
epoch 8: loss=0.839857, train_acc=0.7068, time=10.5s
per-rank: rank0[cuda0,share=0.3982,tput=3.69] rank1[cuda1,share=0.3063,tput=2.90] rank2[cuda2,share=0.2954,tput=2.12]
epoch 8: eval=0.6401
epoch 9: loss=0.796421, train_acc=0.7217, time=10.5s
per-rank: rank0[cuda0,share=0.4078,tput=2.58] rank1[cuda1,share=0.2993,tput=2.11] rank2[cuda2,share=0.2928,tput=4.87]
epoch 9: eval=0.6461
epoch 10: loss=0.748352, train_acc=0.7418, time=10.3s
per-rank: rank0[cuda0,share=0.4235,tput=2.07] rank1[cuda1,share=0.2935,tput=2.31] rank2[cuda2,share=0.2830,tput=5.38]
epoch 10: eval=0.7423
epoch 11: loss=0.716826, train_acc=0.7509, time=10.6s
per-rank: rank0[cuda0,share=0.4151,tput=2.63] rank1[cuda1,share=0.3019,tput=2.92] rank2[cuda2,share=0.2830,tput=2.25]
epoch 11: eval=0.7597
epoch 12: loss=0.685580, train_acc=0.7631, time=10.8s
per-rank: rank0[cuda0,share=0.3943,tput=2.71] rank1[cuda1,share=0.3115,tput=3.03] rank2[cuda2,share=0.2941,tput=2.17]
epoch 12: eval=0.7324
epoch 13: loss=0.669954, train_acc=0.7691, time=10.7s
per-rank: rank0[cuda0,share=0.3969,tput=2.87] rank1[cuda1,share=0.3038,tput=3.03] rank2[cuda2,share=0.2993,tput=2.14]
epoch 13: eval=0.7157
epoch 14: loss=0.649099, train_acc=0.7768, time=11.4s
per-rank: rank0[cuda0,share=0.3800,tput=1.64] rank1[cuda1,share=0.3100,tput=5.46] rank2[cuda2,share=0.3100,tput=2.35]
epoch 14: eval=0.7739
epoch 15: loss=0.626350, train_acc=0.7831, time=10.9s
per-rank: rank0[cuda0,share=0.3721,tput=4.02] rank1[cuda1,share=0.3196,tput=3.27] rank2[cuda2,share=0.3082,tput=1.87]
epoch 15: eval=0.7186
epoch 16: loss=0.628246, train_acc=0.7840, time=10.3s
per-rank: rank0[cuda0,share=0.3983,tput=2.84] rank1[cuda1,share=0.3126,tput=3.03] rank2[cuda2,share=0.2891,tput=2.21]
epoch 16: eval=0.7364
epoch 17: loss=0.604704, train_acc=0.7911, time=10.7s
per-rank: rank0[cuda0,share=0.3953,tput=2.74] rank1[cuda1,share=0.3192,tput=3.37] rank2[cuda2,share=0.2854,tput=1.96]
epoch 17: eval=0.7419
epoch 18: loss=0.591140, train_acc=0.7949, time=11.2s
per-rank: rank0[cuda0,share=0.3933,tput=3.06] rank1[cuda1,share=0.3243,tput=2.08] rank2[cuda2,share=0.2824,tput=2.96]
epoch 18: eval=0.7631
epoch 19: loss=0.589681, train_acc=0.7958, time=15.5s
per-rank: rank0[cuda0,share=0.3979,tput=1.66] rank1[cuda1,share=0.3085,tput=2.94] rank2[cuda2,share=0.2936,tput=4.61]
epoch 19: eval=0.7665
epoch 20: loss=0.570997, train_acc=0.8021, time=14.3s
per-rank: rank0[cuda0,share=0.3831,tput=1.64] rank1[cuda1,share=0.3095,tput=3.48] rank2[cuda2,share=0.3074,tput=2.36]
epoch 20: eval=0.7245
epoch 21: loss=0.562117, train_acc=0.8048, time=11.6s
per-rank: rank0[cuda0,share=0.3846,tput=2.71] rank1[cuda1,share=0.3139,tput=3.21] rank2[cuda2,share=0.3015,tput=1.96]
epoch 21: eval=0.7803
epoch 22: loss=0.550853, train_acc=0.8104, time=10.8s
per-rank: rank0[cuda0,share=0.4074,tput=2.18] rank1[cuda1,share=0.3023,tput=4.54] rank2[cuda2,share=0.2903,tput=2.12]
epoch 22: eval=0.7832
epoch 23: loss=0.554587, train_acc=0.8087, time=10.9s
per-rank: rank0[cuda0,share=0.4144,tput=2.61] rank2[cuda2,share=0.2938,tput=2.09] rank1[cuda1,share=0.2918,tput=2.95]
epoch 23: eval=0.7876
epoch 24: loss=0.545188, train_acc=0.8112, time=11.1s
per-rank: rank0[cuda0,share=0.4043,tput=1.69] rank1[cuda1,share=0.2989,tput=5.65] rank2[cuda2,share=0.2968,tput=2.02]
epoch 24: eval=0.7921
epoch 25: loss=0.540394, train_acc=0.8144, time=11.0s
per-rank: rank0[cuda0,share=0.3883,tput=1.84] rank1[cuda1,share=0.3078,tput=2.06] rank2[cuda2,share=0.3038,tput=4.87]
epoch 25: eval=0.7238
epoch 26: loss=0.539382, train_acc=0.8135, time=11.0s
per-rank: rank0[cuda0,share=0.3861,tput=1.83] rank1[cuda1,share=0.3069,tput=5.11] rank2[cuda2,share=0.3069,tput=1.97]
epoch 26: eval=0.7722
epoch 27: loss=0.524216, train_acc=0.8187, time=10.8s
per-rank: rank0[cuda0,share=0.3755,tput=1.76] rank1[cuda1,share=0.3133,tput=5.38] rank2[cuda2,share=0.3112,tput=2.09]
epoch 27: eval=0.7815
epoch 28: loss=0.525166, train_acc=0.8198, time=13.6s
per-rank: rank0[cuda0,share=0.3790,tput=1.67] rank1[cuda1,share=0.3135,tput=2.63] rank2[cuda2,share=0.3075,tput=4.05]
epoch 28: eval=0.8209
epoch 29: loss=0.522873, train_acc=0.8204, time=11.8s
per-rank: rank0[cuda0,share=0.3849,tput=2.16] rank1[cuda1,share=0.3075,tput=2.34] rank2[cuda2,share=0.3075,tput=3.21]
epoch 29: eval=0.7420
epoch 30: loss=0.512735, train_acc=0.8224, time=12.6s
per-rank: rank0[cuda0,share=0.3968,tput=1.93] rank1[cuda1,share=0.3083,tput=3.61] rank2[cuda2,share=0.2950,tput=3.83]
epoch 30: eval=0.7651
epoch 31: loss=0.508891, train_acc=0.8244, time=11.5s
per-rank: rank0[cuda0,share=0.4034,tput=1.96] rank1[cuda1,share=0.3002,tput=3.08] rank2[cuda2,share=0.2964,tput=2.75]
epoch 31: eval=0.8406
epoch 32: loss=0.499232, train_acc=0.8290, time=13.5s
per-rank: rank0[cuda0,share=0.3897,tput=1.83] rank2[cuda2,share=0.3082,tput=2.90] rank1[cuda1,share=0.3022,tput=5.04]
epoch 32: eval=0.8102
epoch 33: loss=0.507299, train_acc=0.8274, time=11.6s
per-rank: rank0[cuda0,share=0.3826,tput=2.39] rank1[cuda1,share=0.3116,tput=3.97] rank2[cuda2,share=0.3057,tput=2.52]
epoch 33: eval=0.7452
epoch 34: loss=0.501898, train_acc=0.8285, time=10.2s
per-rank: rank0[cuda0,share=0.3867,tput=3.05] rank1[cuda1,share=0.3181,tput=3.33] rank2[cuda2,share=0.2952,tput=2.10]
epoch 34: eval=0.8000
epoch 35: loss=0.493455, train_acc=0.8306, time=12.5s
per-rank: rank0[cuda0,share=0.3919,tput=1.93] rank1[cuda1,share=0.3154,tput=4.72] rank2[cuda2,share=0.2927,tput=3.19]
epoch 35: eval=0.7349
epoch 36: loss=0.491556, train_acc=0.8309, time=11.3s
per-rank: rank0[cuda0,share=0.3970,tput=2.13] rank1[cuda1,share=0.3127,tput=3.65] rank2[cuda2,share=0.2903,tput=2.17]
epoch 36: eval=0.7940
epoch 37: loss=0.490089, eval=0.7589, train_acc=0.8323, time=11.2s
per-rank: rank0[cuda0,share=0.3943,tput=2.07] rank1[cuda1,share=0.3195,tput=2.37] rank2[cuda2,share=0.2862,tput=4.96]
epoch 38: loss=0.545131, train_acc=0.8131, time=10.8s
per-rank: rank0[cuda0,share=0.3922,tput=2.28] rank1[cuda1,share=0.3201,tput=5.24] rank2[cuda2,share=0.2877,tput=1.84]
epoch 38: eval=0.7416
epoch 39: loss=0.543474, train_acc=0.8127, time=13.1s
per-rank: rank0[cuda0,share=0.3912,tput=1.81] rank1[cuda1,share=0.3204,tput=3.01] rank2[cuda2,share=0.2884,tput=4.97]
epoch 39: eval=0.7228
epoch 40: loss=0.537327, train_acc=0.8150, time=11.6s
per-rank: rank0[cuda0,share=0.3906,tput=1.84] rank1[cuda1,share=0.3206,tput=3.58] rank2[cuda2,share=0.2888,tput=2.56]
epoch 40: eval=0.7887
epoch 41: loss=0.526672, train_acc=0.8196, time=9.9s
per-rank: rank0[cuda0,share=0.3907,tput=3.29] rank1[cuda1,share=0.3204,tput=2.13] rank2[cuda2,share=0.2888,tput=3.17]
epoch 41: eval=0.7612
epoch 42: loss=0.520979, train_acc=0.8209, time=10.1s
per-rank: rank0[cuda0,share=0.3910,tput=2.51] rank1[cuda1,share=0.3200,tput=4.80] rank2[cuda2,share=0.2890,tput=1.94]
epoch 42: eval=0.7765
epoch 43: loss=0.514834, train_acc=0.8248, time=10.5s
per-rank: rank0[cuda0,share=0.3913,tput=2.91] rank1[cuda1,share=0.3197,tput=3.01] rank2[cuda2,share=0.2891,tput=2.09]
epoch 43: eval=0.7609
epoch 44: loss=0.524170, train_acc=0.8203, time=13.7s
per-rank: rank0[cuda0,share=0.3929,tput=1.70] rank1[cuda1,share=0.3172,tput=2.72] rank2[cuda2,share=0.2898,tput=4.76]
epoch 44: eval=0.7862
epoch 45: loss=0.518524, train_acc=0.8197, time=12.0s
per-rank: rank0[cuda0,share=0.3929,tput=1.84] rank1[cuda1,share=0.3172,tput=2.53] rank2[cuda2,share=0.2898,tput=3.47]
epoch 45: eval=0.7697
epoch 46: loss=0.508073, train_acc=0.8258, time=10.0s
per-rank: rank0[cuda0,share=0.3941,tput=3.13] rank1[cuda1,share=0.3155,tput=2.53] rank2[cuda2,share=0.2904,tput=2.72]
epoch 46: eval=0.7896
epoch 47: loss=0.505884, train_acc=0.8256, time=10.0s
per-rank: rank0[cuda0,share=0.3951,tput=4.20] rank1[cuda1,share=0.3141,tput=2.59] rank2[cuda2,share=0.2908,tput=3.71]
epoch 47: eval=0.7875
epoch 48: loss=0.509371, train_acc=0.8256, time=12.2s
per-rank: rank0[cuda0,share=0.3959,tput=1.98] rank1[cuda1,share=0.3130,tput=4.60] rank2[cuda2,share=0.2911,tput=3.21]
epoch 48: eval=0.7924
epoch 49: loss=0.498737, train_acc=0.8299, time=11.1s
per-rank: rank0[cuda0,share=0.3968,tput=1.84] rank1[cuda1,share=0.3115,tput=2.62] rank2[cuda2,share=0.2918,tput=3.56]
epoch 49: eval=0.8014
epoch 50: loss=0.502211, train_acc=0.8276, time=12.6s
per-rank: rank0[cuda0,share=0.3970,tput=1.91] rank1[cuda1,share=0.3112,tput=5.08] rank2[cuda2,share=0.2919,tput=2.96]
epoch 50: eval=0.7392
epoch 51: loss=0.502752, train_acc=0.8261, time=11.5s
per-rank: rank0[cuda0,share=0.3971,tput=1.72] rank1[cuda1,share=0.3108,tput=2.47] rank2[cuda2,share=0.2920,tput=3.90]
epoch 51: eval=0.8325
epoch 52: loss=0.514588, train_acc=0.8236, time=10.5s
per-rank: rank0[cuda0,share=0.3971,tput=1.74] rank1[cuda1,share=0.3108,tput=2.34] rank2[cuda2,share=0.2920,tput=5.07]
epoch 52: eval=0.8010
epoch 53: loss=0.500447, train_acc=0.8271, time=10.9s
per-rank: rank0[cuda0,share=0.3953,tput=2.61] rank1[cuda1,share=0.3116,tput=1.98] rank2[cuda2,share=0.2931,tput=3.06]
epoch 53: eval=0.8132
epoch 54: loss=0.496198, train_acc=0.8300, time=10.9s
per-rank: rank0[cuda0,share=0.3941,tput=2.97] rank1[cuda1,share=0.3111,tput=2.74] rank2[cuda2,share=0.2948,tput=2.02]
epoch 54: eval=0.7812
epoch 55: loss=0.500048, train_acc=0.8289, time=10.7s
per-rank: rank0[cuda0,share=0.3929,tput=1.87] rank1[cuda1,share=0.3107,tput=2.16] rank2[cuda2,share=0.2964,tput=4.82]
epoch 55: eval=0.7644
epoch 56: loss=0.492315, train_acc=0.8298, time=10.7s
per-rank: rank0[cuda0,share=0.3908,tput=2.89] rank1[cuda1,share=0.3117,tput=4.11] rank2[cuda2,share=0.2974,tput=1.92]
epoch 56: eval=0.7781
epoch 57: loss=0.494440, train_acc=0.8308, time=10.5s
per-rank: rank0[cuda0,share=0.3887,tput=3.58] rank1[cuda1,share=0.3128,tput=2.54] rank2[cuda2,share=0.2985,tput=2.13]
epoch 57: eval=0.7581
epoch 58: loss=0.490917, train_acc=0.8302, time=10.9s
per-rank: rank0[cuda0,share=0.3866,tput=2.89] rank1[cuda1,share=0.3139,tput=2.80] rank2[cuda2,share=0.2995,tput=1.98]
epoch 58: eval=0.7499
epoch 59: loss=0.500584, train_acc=0.8284, time=14.1s
per-rank: rank0[cuda0,share=0.3858,tput=1.69] rank1[cuda1,share=0.3143,tput=4.59] rank2[cuda2,share=0.2999,tput=2.81]
epoch 59: eval=0.7657
epoch 60: loss=0.496008, train_acc=0.8298, time=12.6s
per-rank: rank0[cuda0,share=0.3850,tput=1.60] rank1[cuda1,share=0.3147,tput=3.52] rank2[cuda2,share=0.3003,tput=2.32]
epoch 60: eval=0.7562
epoch 61: loss=0.493891, train_acc=0.8293, time=10.8s
per-rank: rank0[cuda0,share=0.3848,tput=2.78] rank1[cuda1,share=0.3139,tput=2.26] rank2[cuda2,share=0.3013,tput=2.72]
epoch 61: eval=0.7933
epoch 62: loss=0.491315, train_acc=0.8313, time=10.6s
per-rank: rank0[cuda0,share=0.3847,tput=1.94] rank1[cuda1,share=0.3131,tput=2.21] rank2[cuda2,share=0.3022,tput=5.36]
epoch 62: eval=0.8251
epoch 63: loss=0.492536, train_acc=0.8308, time=10.6s
per-rank: rank0[cuda0,share=0.3847,tput=2.50] rank1[cuda1,share=0.3131,tput=3.23] rank2[cuda2,share=0.3022,tput=2.14]
epoch 63: eval=0.7865
epoch 64: loss=0.489105, train_acc=0.8314, time=10.2s
per-rank: rank0[cuda0,share=0.3867,tput=2.40] rank1[cuda1,share=0.3112,tput=2.27] rank2[cuda2,share=0.3021,tput=4.61]
epoch 64: eval=0.8042
epoch 65: loss=0.485204, train_acc=0.8324, time=12.3s
per-rank: rank0[cuda0,share=0.3880,tput=1.94] rank1[cuda1,share=0.3105,tput=3.26] rank2[cuda2,share=0.3015,tput=4.21]
epoch 65: eval=0.7485
epoch 66: loss=0.483765, train_acc=0.8343, time=12.0s
per-rank: rank0[cuda0,share=0.3893,tput=2.17] rank1[cuda1,share=0.3099,tput=2.10] rank2[cuda2,share=0.3008,tput=3.45]
epoch 66: eval=0.7822
epoch 67: loss=0.492778, train_acc=0.8305, time=13.4s
per-rank: rank0[cuda0,share=0.3906,tput=1.76] rank1[cuda1,share=0.3092,tput=4.01] rank2[cuda2,share=0.3002,tput=2.93]
epoch 67: eval=0.7480
epoch 68: loss=0.480511, train_acc=0.8339, time=12.3s
per-rank: rank0[cuda0,share=0.3919,tput=2.09] rank1[cuda1,share=0.3086,tput=3.43] rank2[cuda2,share=0.2996,tput=1.95]
epoch 68: eval=0.6820
epoch 69: loss=0.483348, train_acc=0.8347, time=10.6s
per-rank: rank0[cuda0,share=0.3945,tput=2.79] rank1[cuda1,share=0.3072,tput=2.07] rank2[cuda2,share=0.2983,tput=3.05]
epoch 69: eval=0.7983
epoch 70: loss=0.490089, train_acc=0.8297, time=10.4s
per-rank: rank0[cuda0,share=0.3958,tput=3.51] rank1[cuda1,share=0.3065,tput=3.35] rank2[cuda2,share=0.2976,tput=2.17]
epoch 70: eval=0.8190
epoch 71: loss=0.489782, train_acc=0.8300, time=13.8s
per-rank: rank0[cuda0,share=0.3958,tput=1.75] rank1[cuda1,share=0.3065,tput=3.30] rank2[cuda2,share=0.2976,tput=3.98]
epoch 71: eval=0.7484
epoch 72: loss=0.483966, train_acc=0.8329, time=12.3s
per-rank: rank0[cuda0,share=0.3958,tput=1.70] rank1[cuda1,share=0.3065,tput=3.71] rank2[cuda2,share=0.2976,tput=2.34]
epoch 72: eval=0.8080
epoch 73: loss=0.477117, train_acc=0.8359, time=10.3s
per-rank: rank0[cuda0,share=0.3958,tput=3.09] rank1[cuda1,share=0.3065,tput=2.29] rank2[cuda2,share=0.2976,tput=2.78]
epoch 73: eval=0.7888
epoch 74: loss=0.474236, train_acc=0.8363, time=10.6s
per-rank: rank0[cuda0,share=0.3958,tput=2.07] rank1[cuda1,share=0.3065,tput=5.19] rank2[cuda2,share=0.2976,tput=2.15]
epoch 74: eval=0.7239
epoch 75: loss=0.481881, train_acc=0.8355, time=10.7s
per-rank: rank0[cuda0,share=0.3958,tput=2.12] rank1[cuda1,share=0.3065,tput=2.13] rank2[cuda2,share=0.2976,tput=4.48]
epoch 75: eval=0.7219
epoch 76: loss=0.472481, train_acc=0.8380, time=11.8s
per-rank: rank0[cuda0,share=0.3958,tput=2.27] rank1[cuda1,share=0.3065,tput=2.77] rank2[cuda2,share=0.2976,tput=1.81]
epoch 76: eval=0.7458
epoch 77: loss=0.481904, train_acc=0.8330, time=10.5s
per-rank: rank0[cuda0,share=0.3958,tput=3.03] rank1[cuda1,share=0.3065,tput=2.02] rank2[cuda2,share=0.2976,tput=3.06]
epoch 77: eval=0.8099
epoch 78: loss=0.473691, train_acc=0.8386, time=12.9s
per-rank: rank0[cuda0,share=0.3958,tput=1.83] rank1[cuda1,share=0.3065,tput=4.11] rank2[cuda2,share=0.2976,tput=3.02]
epoch 78: eval=0.8160
epoch 79: loss=0.471193, train_acc=0.8389, time=12.0s
per-rank: rank0[cuda0,share=0.3958,tput=1.97] rank1[cuda1,share=0.3065,tput=2.33] rank2[cuda2,share=0.2976,tput=3.41]
epoch 79: eval=0.8318
epoch 80: loss=0.484855, train_acc=0.8338, time=11.1s
per-rank: rank0[cuda0,share=0.3945,tput=1.77] rank1[cuda1,share=0.3072,tput=5.48] rank2[cuda2,share=0.2983,tput=1.88]
epoch 80: eval=0.8034
epoch 81: loss=0.483325, train_acc=0.8335, time=11.0s
per-rank: rank0[cuda0,share=0.3945,tput=2.56] rank1[cuda1,share=0.3072,tput=1.91] rank2[cuda2,share=0.2983,tput=3.18]
epoch 81: eval=0.8006
epoch 82: loss=0.467039, train_acc=0.8392, time=10.3s
per-rank: rank0[cuda0,share=0.3931,tput=2.91] rank1[cuda1,share=0.3079,tput=3.28] rank2[cuda2,share=0.2990,tput=1.98]
epoch 82: eval=0.6603
epoch 83: loss=0.474627, train_acc=0.8374, time=10.2s
per-rank: rank0[cuda0,share=0.3931,tput=3.20] rank1[cuda1,share=0.3079,tput=3.22] rank2[cuda2,share=0.2990,tput=2.04]
epoch 83: eval=0.7729
epoch 84: loss=0.472318, train_acc=0.8373, time=10.5s
per-rank: rank0[cuda0,share=0.3931,tput=1.84] rank1[cuda1,share=0.3079,tput=2.04] rank2[cuda2,share=0.2990,tput=5.84]
epoch 84: eval=0.7868
epoch 85: loss=0.466779, train_acc=0.8400, time=9.9s
per-rank: rank0[cuda0,share=0.3931,tput=3.69] rank1[cuda1,share=0.3079,tput=3.09] rank2[cuda2,share=0.2990,tput=2.31]
epoch 85: eval=0.8037
epoch 86: loss=0.471273, train_acc=0.8377, time=10.2s
per-rank: rank0[cuda0,share=0.3931,tput=2.88] rank1[cuda1,share=0.3079,tput=3.21] rank2[cuda2,share=0.2990,tput=2.09]
epoch 86: eval=0.8126
epoch 87: loss=0.472670, train_acc=0.8376, time=10.2s
per-rank: rank0[cuda0,share=0.3931,tput=3.44] rank1[cuda1,share=0.3079,tput=2.28] rank2[cuda2,share=0.2990,tput=2.71]
epoch 87: eval=0.7752
epoch 88: loss=0.471809, train_acc=0.8368, time=10.1s
per-rank: rank0[cuda0,share=0.3931,tput=2.45] rank1[cuda1,share=0.3079,tput=2.49] rank2[cuda2,share=0.2990,tput=4.07]
epoch 88: eval=0.8257
epoch 89: loss=0.476561, train_acc=0.8368, time=12.4s
per-rank: rank0[cuda0,share=0.3936,tput=1.97] rank1[cuda1,share=0.3086,tput=4.78] rank2[cuda2,share=0.2978,tput=2.86]
epoch 89: eval=0.8019
epoch 90: loss=0.466407, train_acc=0.8397, time=11.5s
per-rank: rank0[cuda0,share=0.3957,tput=2.28] rank1[cuda1,share=0.3085,tput=2.46] rank2[cuda2,share=0.2958,tput=3.33]
epoch 90: eval=0.8240
epoch 91: loss=0.479013, train_acc=0.8344, time=10.2s
per-rank: rank0[cuda0,share=0.3957,tput=2.78] rank1[cuda1,share=0.3085,tput=3.40] rank2[cuda2,share=0.2958,tput=2.14]
epoch 91: eval=0.7945
epoch 92: loss=0.466349, train_acc=0.8397, time=10.1s
per-rank: rank0[cuda0,share=0.3976,tput=2.93] rank1[cuda1,share=0.3084,tput=3.43] rank2[cuda2,share=0.2939,tput=1.94]
epoch 92: eval=0.7496
epoch 93: loss=0.464568, train_acc=0.8416, time=9.9s
per-rank: rank0[cuda0,share=0.3990,tput=2.32] rank1[cuda1,share=0.3095,tput=2.38] rank2[cuda2,share=0.2915,tput=4.95]
epoch 93: eval=0.7702
epoch 94: loss=0.462701, train_acc=0.8408, time=10.6s
per-rank: rank0[cuda0,share=0.4003,tput=2.45] rank1[cuda1,share=0.3105,tput=2.09] rank2[cuda2,share=0.2892,tput=3.50]
epoch 94: eval=0.7684
epoch 95: loss=0.465240, train_acc=0.8394, time=10.4s
per-rank: rank0[cuda0,share=0.4011,tput=3.84] rank1[cuda1,share=0.3107,tput=2.68] rank2[cuda2,share=0.2882,tput=2.49]
epoch 95: eval=0.8324
epoch 96: loss=0.481247, train_acc=0.8332, time=10.8s
per-rank: rank0[cuda0,share=0.4018,tput=2.67] rank1[cuda1,share=0.3109,tput=2.18] rank2[cuda2,share=0.2872,tput=3.07]
epoch 96: eval=0.7325
epoch 97: loss=0.461082, train_acc=0.8414, time=10.8s
per-rank: rank0[cuda0,share=0.4018,tput=2.36] rank1[cuda1,share=0.3109,tput=2.22] rank2[cuda2,share=0.2872,tput=4.14]
epoch 97: eval=0.7704
epoch 98: loss=0.459249, train_acc=0.8424, time=13.1s
per-rank: rank0[cuda0,share=0.4026,tput=1.85] rank1[cuda1,share=0.3111,tput=3.09] rank2[cuda2,share=0.2862,tput=4.34]
epoch 98: eval=0.7992
epoch 99: loss=0.463186, train_acc=0.8405, time=11.8s
per-rank: rank0[cuda0,share=0.4022,tput=1.96] rank1[cuda1,share=0.3120,tput=3.45] rank2[cuda2,share=0.2858,tput=2.47]
epoch 99: eval=0.7618
epoch 100: loss=0.399545, train_acc=0.8620, time=10.7s
per-rank: rank0[cuda0,share=0.4017,tput=1.65] rank1[cuda1,share=0.3128,tput=2.22] rank2[cuda2,share=0.2854,tput=5.33]
epoch 100: eval=0.8940
epoch 101: loss=0.253564, train_acc=0.9125, time=13.7s
per-rank: rank0[cuda0,share=0.4009,tput=1.72] rank1[cuda1,share=0.3130,tput=3.00] rank2[cuda2,share=0.2861,tput=4.56]
epoch 101: eval=0.8990
epoch 102: loss=0.237384, train_acc=0.9177, time=12.0s
per-rank: rank0[cuda0,share=0.3973,tput=1.70] rank1[cuda1,share=0.3146,tput=2.53] rank2[cuda2,share=0.2881,tput=3.72]
epoch 102: eval=0.9007
epoch 103: loss=0.230803, eval=0.8991, train_acc=0.9206, time=11.6s
per-rank: rank0[cuda0,share=0.3937,tput=2.78] rank1[cuda1,share=0.3162,tput=2.13] rank2[cuda2,share=0.2901,tput=2.93]
epoch 104: loss=0.223354, train_acc=0.9227, time=12.0s
per-rank: rank0[cuda0,share=0.3906,tput=1.79] rank1[cuda1,share=0.3168,tput=2.76] rank2[cuda2,share=0.2926,tput=4.18]
epoch 104: eval=0.8983
epoch 105: loss=0.212496, train_acc=0.9266, time=10.7s
per-rank: rank0[cuda0,share=0.3875,tput=2.88] rank1[cuda1,share=0.3173,tput=3.21] rank2[cuda2,share=0.2952,tput=2.10]
epoch 105: eval=0.9044
epoch 106: loss=0.209899, train_acc=0.9279, time=10.9s
per-rank: rank0[cuda0,share=0.3875,tput=1.93] rank1[cuda1,share=0.3173,tput=2.02] rank2[cuda2,share=0.2952,tput=5.00]
epoch 106: eval=0.9020
epoch 107: loss=0.201592, train_acc=0.9303, time=9.8s
per-rank: rank0[cuda0,share=0.3850,tput=3.55] rank1[cuda1,share=0.3186,tput=3.34] rank2[cuda2,share=0.2964,tput=1.94]
epoch 107: eval=0.9020
epoch 108: loss=0.198576, train_acc=0.9312, time=10.3s
per-rank: rank0[cuda0,share=0.3837,tput=2.19] rank1[cuda1,share=0.3193,tput=1.98] rank2[cuda2,share=0.2970,tput=5.58]
epoch 108: eval=0.9037
epoch 109: loss=0.195743, train_acc=0.9315, time=10.9s
per-rank: rank0[cuda0,share=0.3824,tput=2.07] rank1[cuda1,share=0.3199,tput=1.93] rank2[cuda2,share=0.2976,tput=4.80]
epoch 109: eval=0.9010
epoch 110: loss=0.193237, train_acc=0.9338, time=13.2s
per-rank: rank0[cuda0,share=0.3824,tput=1.78] rank1[cuda1,share=0.3199,tput=4.30] rank2[cuda2,share=0.2976,tput=2.82]
epoch 110: eval=0.9000
epoch 111: loss=0.192894, train_acc=0.9322, time=12.0s
per-rank: rank0[cuda0,share=0.3824,tput=2.09] rank1[cuda1,share=0.3199,tput=3.43] rank2[cuda2,share=0.2976,tput=2.08]
epoch 111: eval=0.9022
epoch 112: loss=0.188410, train_acc=0.9348, time=10.5s
per-rank: rank0[cuda0,share=0.3824,tput=2.79] rank1[cuda1,share=0.3199,tput=3.94] rank2[cuda2,share=0.2976,tput=2.15]
epoch 112: eval=0.9021
epoch 113: loss=0.184767, train_acc=0.9363, time=10.6s
per-rank: rank0[cuda0,share=0.3837,tput=3.14] rank1[cuda1,share=0.3193,tput=2.11] rank2[cuda2,share=0.2970,tput=4.31]
epoch 113: eval=0.9073
epoch 114: loss=0.180358, train_acc=0.9360, time=10.9s
per-rank: rank0[cuda0,share=0.3857,tput=2.62] rank1[cuda1,share=0.3173,tput=3.64] rank2[cuda2,share=0.2970,tput=2.17]
epoch 114: eval=0.9071
epoch 115: loss=0.177748, train_acc=0.9385, time=14.2s
per-rank: rank0[cuda0,share=0.3878,tput=1.69] rank1[cuda1,share=0.3153,tput=2.92] rank2[cuda2,share=0.2969,tput=4.26]
epoch 115: eval=0.9043
epoch 116: loss=0.174751, train_acc=0.9395, time=12.3s
per-rank: rank0[cuda0,share=0.3878,tput=2.64] rank1[cuda1,share=0.3153,tput=2.50] rank2[cuda2,share=0.2969,tput=3.44]
epoch 116: eval=0.9018
epoch 117: loss=0.175067, train_acc=0.9379, time=10.8s
per-rank: rank0[cuda0,share=0.3898,tput=2.44] rank1[cuda1,share=0.3133,tput=2.22] rank2[cuda2,share=0.2969,tput=3.05]
epoch 117: eval=0.8993
epoch 118: loss=0.170366, train_acc=0.9392, time=10.9s
per-rank: rank0[cuda0,share=0.3900,tput=2.72] rank1[cuda1,share=0.3123,tput=2.87] rank2[cuda2,share=0.2977,tput=2.07]
epoch 118: eval=0.8976
epoch 119: loss=0.170114, train_acc=0.9400, time=11.0s
per-rank: rank0[cuda0,share=0.3889,tput=2.89] rank1[cuda1,share=0.3119,tput=2.98] rank2[cuda2,share=0.2992,tput=1.97]
epoch 119: eval=0.9014
epoch 120: loss=0.168473, train_acc=0.9410, time=11.2s
per-rank: rank0[cuda0,share=0.3879,tput=2.73] rank1[cuda1,share=0.3115,tput=2.04] rank2[cuda2,share=0.3007,tput=2.77]
epoch 120: eval=0.9015
epoch 121: loss=0.166471, train_acc=0.9407, time=11.0s
per-rank: rank0[cuda0,share=0.3868,tput=2.37] rank1[cuda1,share=0.3111,tput=2.19] rank2[cuda2,share=0.3022,tput=3.07]
epoch 121: eval=0.9021
epoch 122: loss=0.164619, train_acc=0.9419, time=11.0s
per-rank: rank0[cuda0,share=0.3857,tput=1.93] rank1[cuda1,share=0.3107,tput=2.06] rank2[cuda2,share=0.3037,tput=4.65]
epoch 122: eval=0.9054
epoch 123: loss=0.163479, train_acc=0.9428, time=13.1s
per-rank: rank0[cuda0,share=0.3846,tput=1.73] rank1[cuda1,share=0.3102,tput=2.89] rank2[cuda2,share=0.3052,tput=4.05]
epoch 123: eval=0.9002
epoch 124: loss=0.159613, train_acc=0.9443, time=12.1s
per-rank: rank0[cuda0,share=0.3834,tput=2.09] rank1[cuda1,share=0.3098,tput=3.46] rank2[cuda2,share=0.3067,tput=2.00]
epoch 124: eval=0.9051
epoch 125: loss=0.160735, train_acc=0.9446, time=13.4s
per-rank: rank0[cuda0,share=0.3815,tput=1.70] rank1[cuda1,share=0.3108,tput=4.21] rank2[cuda2,share=0.3077,tput=2.79]
epoch 125: eval=0.9034
epoch 126: loss=0.161758, train_acc=0.9426, time=11.7s
per-rank: rank0[cuda0,share=0.3796,tput=2.24] rank1[cuda1,share=0.3117,tput=3.49] rank2[cuda2,share=0.3086,tput=2.21]
epoch 126: eval=0.9078
epoch 127: loss=0.157176, train_acc=0.9445, time=10.6s
per-rank: rank0[cuda0,share=0.3790,tput=2.06] rank1[cuda1,share=0.3121,tput=2.14] rank2[cuda2,share=0.3090,tput=4.83]
epoch 127: eval=0.9066
epoch 128: loss=0.157570, train_acc=0.9442, time=10.1s
per-rank: rank0[cuda0,share=0.3802,tput=2.54] rank1[cuda1,share=0.3114,tput=4.76] rank2[cuda2,share=0.3084,tput=2.11]
epoch 128: eval=0.9074
epoch 129: loss=0.155204, train_acc=0.9453, time=12.6s
per-rank: rank0[cuda0,share=0.3814,tput=1.88] rank1[cuda1,share=0.3108,tput=4.22] rank2[cuda2,share=0.3077,tput=3.17]
epoch 129: eval=0.8950
epoch 130: loss=0.156399, train_acc=0.9452, time=11.6s
per-rank: rank0[cuda0,share=0.3814,tput=2.13] rank1[cuda1,share=0.3108,tput=2.51] rank2[cuda2,share=0.3077,tput=3.17]
epoch 130: eval=0.8993
epoch 131: loss=0.154640, train_acc=0.9454, time=10.8s
per-rank: rank0[cuda0,share=0.3827,tput=4.01] rank1[cuda1,share=0.3102,tput=2.15] rank2[cuda2,share=0.3071,tput=3.25]
epoch 131: eval=0.8987
epoch 132: loss=0.152431, train_acc=0.9462, time=10.9s
per-rank: rank0[cuda0,share=0.3851,tput=2.31] rank1[cuda1,share=0.3090,tput=2.35] rank2[cuda2,share=0.3059,tput=3.14]
epoch 132: eval=0.8960
epoch 133: loss=0.154233, train_acc=0.9468, time=10.9s
per-rank: rank0[cuda0,share=0.3876,tput=2.39] rank1[cuda1,share=0.3077,tput=3.30] rank2[cuda2,share=0.3047,tput=2.04]
epoch 133: eval=0.9047
epoch 134: loss=0.150554, train_acc=0.9468, time=11.0s
per-rank: rank0[cuda0,share=0.3885,tput=2.70] rank1[cuda1,share=0.3073,tput=2.34] rank2[cuda2,share=0.3042,tput=3.02]
epoch 134: eval=0.9017
epoch 135: loss=0.148117, train_acc=0.9475, time=13.7s
per-rank: rank0[cuda0,share=0.3888,tput=1.71] rank1[cuda1,share=0.3080,tput=4.40] rank2[cuda2,share=0.3033,tput=2.76]
epoch 135: eval=0.8934
epoch 136: loss=0.152089, train_acc=0.9466, time=12.2s
per-rank: rank0[cuda0,share=0.3891,tput=2.10] rank1[cuda1,share=0.3086,tput=3.22] rank2[cuda2,share=0.3023,tput=2.10]
epoch 136: eval=0.9037
epoch 137: loss=0.147337, train_acc=0.9490, time=10.7s
per-rank: rank0[cuda0,share=0.3893,tput=3.16] rank1[cuda1,share=0.3093,tput=1.88] rank2[cuda2,share=0.3013,tput=3.11]
epoch 137: eval=0.9069
epoch 138: loss=0.148491, train_acc=0.9479, time=10.6s
per-rank: rank0[cuda0,share=0.3884,tput=1.82] rank1[cuda1,share=0.3106,tput=5.10] rank2[cuda2,share=0.3010,tput=2.12]
epoch 138: eval=0.9011
epoch 139: loss=0.144488, train_acc=0.9481, time=12.8s
per-rank: rank0[cuda0,share=0.3875,tput=1.81] rank1[cuda1,share=0.3119,tput=2.91] rank2[cuda2,share=0.3006,tput=4.78]
epoch 139: eval=0.9044
epoch 140: loss=0.147789, train_acc=0.9484, time=11.4s
per-rank: rank0[cuda0,share=0.3875,tput=2.50] rank1[cuda1,share=0.3119,tput=3.22] rank2[cuda2,share=0.3006,tput=2.42]
epoch 140: eval=0.9013
epoch 141: loss=0.143478, train_acc=0.9492, time=12.6s
per-rank: rank0[cuda0,share=0.3871,tput=1.82] rank1[cuda1,share=0.3120,tput=3.08] rank2[cuda2,share=0.3010,tput=4.02]
epoch 141: eval=0.9047
epoch 142: loss=0.148484, train_acc=0.9478, time=11.6s
per-rank: rank0[cuda0,share=0.3871,tput=1.83] rank1[cuda1,share=0.3120,tput=3.80] rank2[cuda2,share=0.3010,tput=2.26]
epoch 142: eval=0.8888
epoch 143: loss=0.147357, train_acc=0.9474, time=10.2s
per-rank: rank0[cuda0,share=0.3856,tput=3.41] rank1[cuda1,share=0.3126,tput=2.02] rank2[cuda2,share=0.3018,tput=3.94]
epoch 143: eval=0.8831
epoch 144: loss=0.147149, train_acc=0.9476, time=10.1s
per-rank: rank0[cuda0,share=0.3842,tput=3.09] rank1[cuda1,share=0.3133,tput=2.33] rank2[cuda2,share=0.3025,tput=2.83]
epoch 144: eval=0.9043
epoch 145: loss=0.144323, train_acc=0.9501, time=12.3s
per-rank: rank0[cuda0,share=0.3843,tput=1.92] rank1[cuda1,share=0.3132,tput=3.73] rank2[cuda2,share=0.3026,tput=3.73]
epoch 145: eval=0.8962
epoch 146: loss=0.143961, train_acc=0.9501, time=11.5s
per-rank: rank0[cuda0,share=0.3862,tput=2.21] rank1[cuda1,share=0.3113,tput=2.34] rank2[cuda2,share=0.3025,tput=3.45]
epoch 146: eval=0.9010
epoch 147: loss=0.146181, train_acc=0.9481, time=13.0s
per-rank: rank0[cuda0,share=0.3881,tput=1.84] rank1[cuda1,share=0.3094,tput=4.68] rank2[cuda2,share=0.3025,tput=2.99]
epoch 147: eval=0.8977
epoch 148: loss=0.144527, train_acc=0.9486, time=11.8s
per-rank: rank0[cuda0,share=0.3900,tput=1.85] rank1[cuda1,share=0.3076,tput=2.35] rank2[cuda2,share=0.3024,tput=3.64]
epoch 148: eval=0.9087
epoch 149: loss=0.150193, train_acc=0.9472, time=10.6s
per-rank: rank0[cuda0,share=0.3919,tput=1.85] rank1[cuda1,share=0.3057,tput=5.24] rank2[cuda2,share=0.3024,tput=2.18]
epoch 149: eval=0.8918
epoch 150: loss=0.099042, train_acc=0.9662, time=10.4s
per-rank: rank0[cuda0,share=0.3919,tput=2.42] rank1[cuda1,share=0.3057,tput=3.52] rank2[cuda2,share=0.3024,tput=2.16]
epoch 150: eval=0.9178
epoch 151: loss=0.094257, train_acc=0.9686, time=10.3s
per-rank: rank0[cuda0,share=0.3938,tput=3.11] rank1[cuda1,share=0.3039,tput=2.24] rank2[cuda2,share=0.3023,tput=2.63]
epoch 151: eval=0.9188
epoch 152: loss=0.088369, train_acc=0.9705, time=10.4s
per-rank: rank0[cuda0,share=0.3950,tput=2.51] rank1[cuda1,share=0.3033,tput=2.53] rank2[cuda2,share=0.3018,tput=2.90]
epoch 152: eval=0.9188
epoch 153: loss=0.086628, train_acc=0.9724, time=11.8s
per-rank: rank0[cuda0,share=0.3962,tput=2.03] rank1[cuda1,share=0.3027,tput=5.75] rank2[cuda2,share=0.3012,tput=2.55]
epoch 153: eval=0.9171
epoch 154: loss=0.084541, train_acc=0.9717, time=11.4s
per-rank: rank0[cuda0,share=0.3967,tput=2.02] rank1[cuda1,share=0.3032,tput=2.42] rank2[cuda2,share=0.3001,tput=3.29]
epoch 154: eval=0.9187
epoch 155: loss=0.083138, train_acc=0.9719, time=12.6s
per-rank: rank0[cuda0,share=0.3972,tput=1.87] rank1[cuda1,share=0.3038,tput=4.87] rank2[cuda2,share=0.2990,tput=2.81]
epoch 155: eval=0.9181
epoch 156: loss=0.083415, train_acc=0.9721, time=11.8s
per-rank: rank0[cuda0,share=0.3977,tput=1.96] rank1[cuda1,share=0.3043,tput=2.47] rank2[cuda2,share=0.2979,tput=3.20]
epoch 156: eval=0.9193
epoch 157: loss=0.082561, train_acc=0.9727, time=10.2s
per-rank: rank0[cuda0,share=0.3971,tput=1.92] rank1[cuda1,share=0.3055,tput=5.07] rank2[cuda2,share=0.2974,tput=2.33]
epoch 157: eval=0.9194
epoch 158: loss=0.080475, train_acc=0.9731, time=13.0s
per-rank: rank0[cuda0,share=0.3964,tput=1.84] rank1[cuda1,share=0.3066,tput=3.06] rank2[cuda2,share=0.2970,tput=4.37]
epoch 158: eval=0.9202
epoch 159: loss=0.082222, train_acc=0.9724, time=12.1s
per-rank: rank0[cuda0,share=0.3964,tput=1.99] rank1[cuda1,share=0.3066,tput=3.19] rank2[cuda2,share=0.2970,tput=2.47]
epoch 159: eval=0.9191
epoch 160: loss=0.077512, train_acc=0.9744, time=11.0s
per-rank: rank0[cuda0,share=0.3958,tput=1.92] rank1[cuda1,share=0.3077,tput=4.58] rank2[cuda2,share=0.2965,tput=2.02]
epoch 160: eval=0.9197
epoch 161: loss=0.079043, train_acc=0.9733, time=13.8s
per-rank: rank0[cuda0,share=0.3951,tput=1.72] rank1[cuda1,share=0.3089,tput=4.46] rank2[cuda2,share=0.2960,tput=2.75]
epoch 161: eval=0.9194
epoch 162: loss=0.080820, train_acc=0.9722, time=12.5s
per-rank: rank0[cuda0,share=0.3951,tput=1.97] rank1[cuda1,share=0.3089,tput=2.12] rank2[cuda2,share=0.2960,tput=3.47]
epoch 162: eval=0.9155
epoch 163: loss=0.078369, train_acc=0.9739, time=10.3s
per-rank: rank0[cuda0,share=0.3951,tput=2.70] rank1[cuda1,share=0.3089,tput=3.63] rank2[cuda2,share=0.2960,tput=2.08]
epoch 163: eval=0.9187
epoch 164: loss=0.078388, train_acc=0.9743, time=10.1s
per-rank: rank0[cuda0,share=0.3951,tput=4.78] rank1[cuda1,share=0.3089,tput=4.19] rank2[cuda2,share=0.2960,tput=1.76]
epoch 164: eval=0.9185
epoch 165: loss=0.075715, train_acc=0.9747, time=10.6s
per-rank: rank0[cuda0,share=0.3951,tput=2.56] rank1[cuda1,share=0.3089,tput=3.14] rank2[cuda2,share=0.2960,tput=2.03]
epoch 165: eval=0.9176
epoch 166: loss=0.075580, train_acc=0.9755, time=12.9s
per-rank: rank0[cuda0,share=0.3951,tput=1.86] rank1[cuda1,share=0.3089,tput=2.90] rank2[cuda2,share=0.2960,tput=4.37]
epoch 166: eval=0.9164
epoch 167: loss=0.074546, train_acc=0.9757, time=12.0s
per-rank: rank0[cuda0,share=0.3951,tput=2.04] rank1[cuda1,share=0.3089,tput=3.20] rank2[cuda2,share=0.2960,tput=2.40]
epoch 167: eval=0.9177
epoch 168: loss=0.072546, train_acc=0.9755, time=11.0s
per-rank: rank0[cuda0,share=0.3951,tput=1.86] rank1[cuda1,share=0.3089,tput=4.61] rank2[cuda2,share=0.2960,tput=2.13]
epoch 168: eval=0.9172
epoch 169: loss=0.074118, train_acc=0.9747, time=10.9s
per-rank: rank0[cuda0,share=0.3951,tput=2.50] rank1[cuda1,share=0.3089,tput=2.13] rank2[cuda2,share=0.2960,tput=3.04]
epoch 169: eval=0.9176
epoch 170: loss=0.074251, train_acc=0.9755, time=10.8s
per-rank: rank0[cuda0,share=0.3951,tput=2.72] rank1[cuda1,share=0.3089,tput=2.07] rank2[cuda2,share=0.2960,tput=3.02]
epoch 170: eval=0.9181
epoch 171: loss=0.071676, train_acc=0.9756, time=10.9s
per-rank: rank0[cuda0,share=0.3951,tput=1.94] rank1[cuda1,share=0.3089,tput=2.09] rank2[cuda2,share=0.2960,tput=4.84]
epoch 171: eval=0.9168
epoch 172: loss=0.074408, train_acc=0.9749, time=13.6s
per-rank: rank0[cuda0,share=0.3937,tput=1.78] rank1[cuda1,share=0.3096,tput=4.33] rank2[cuda2,share=0.2967,tput=2.92]
epoch 172: eval=0.9169
epoch 173: loss=0.071251, train_acc=0.9763, time=11.9s
per-rank: rank0[cuda0,share=0.3916,tput=1.90] rank1[cuda1,share=0.3115,tput=3.28] rank2[cuda2,share=0.2969,tput=2.43]
epoch 173: eval=0.9179
epoch 174: loss=0.073300, train_acc=0.9753, time=12.9s
per-rank: rank0[cuda0,share=0.3895,tput=1.80] rank1[cuda1,share=0.3133,tput=4.39] rank2[cuda2,share=0.2971,tput=3.03]
epoch 174: eval=0.9183
epoch 175: loss=0.071647, train_acc=0.9759, time=11.6s
per-rank: rank0[cuda0,share=0.3875,tput=2.77] rank1[cuda1,share=0.3152,tput=3.27] rank2[cuda2,share=0.2974,tput=2.11]
epoch 175: eval=0.9179
epoch 176: loss=0.071057, eval=0.9153, train_acc=0.9757, time=11.6s
per-rank: rank0[cuda0,share=0.3860,tput=2.98] rank1[cuda1,share=0.3159,tput=2.87] rank2[cuda2,share=0.2981,tput=1.97]
epoch 177: loss=0.070022, train_acc=0.9767, time=10.8s
per-rank: rank0[cuda0,share=0.3857,tput=2.49] rank1[cuda1,share=0.3161,tput=4.35] rank2[cuda2,share=0.2982,tput=1.85]
epoch 177: eval=0.9161
epoch 178: loss=0.071188, train_acc=0.9762, time=10.2s
per-rank: rank0[cuda0,share=0.3857,tput=2.67] rank1[cuda1,share=0.3161,tput=2.98] rank2[cuda2,share=0.2982,tput=2.39]
epoch 178: eval=0.9182
epoch 179: loss=0.069213, train_acc=0.9769, time=12.9s
per-rank: rank0[cuda0,share=0.3852,tput=1.82] rank1[cuda1,share=0.3164,tput=3.23] rank2[cuda2,share=0.2985,tput=4.71]
epoch 179: eval=0.9183
epoch 180: loss=0.070268, train_acc=0.9764, time=11.5s
per-rank: rank0[cuda0,share=0.3852,tput=1.77] rank1[cuda1,share=0.3164,tput=2.83] rank2[cuda2,share=0.2985,tput=3.17]
epoch 180: eval=0.9154
epoch 181: loss=0.071509, train_acc=0.9755, time=10.2s
per-rank: rank0[cuda0,share=0.3849,tput=2.24] rank1[cuda1,share=0.3165,tput=5.26] rank2[cuda2,share=0.2986,tput=2.07]
epoch 181: eval=0.9171
epoch 182: loss=0.068672, train_acc=0.9765, time=10.3s
per-rank: rank0[cuda0,share=0.3846,tput=3.25] rank1[cuda1,share=0.3167,tput=2.92] rank2[cuda2,share=0.2987,tput=2.07]
epoch 182: eval=0.9184
epoch 183: loss=0.067597, train_acc=0.9771, time=9.8s
per-rank: rank0[cuda0,share=0.3858,tput=2.58] rank1[cuda1,share=0.3160,tput=2.33] rank2[cuda2,share=0.2982,tput=4.41]
epoch 183: eval=0.9184
epoch 184: loss=0.067694, train_acc=0.9771, time=10.5s
per-rank: rank0[cuda0,share=0.3870,tput=3.67] rank1[cuda1,share=0.3154,tput=2.08] rank2[cuda2,share=0.2976,tput=4.52]
epoch 184: eval=0.9183
epoch 185: loss=0.067250, train_acc=0.9773, time=10.2s
per-rank: rank0[cuda0,share=0.3894,tput=3.18] rank1[cuda1,share=0.3142,tput=2.22] rank2[cuda2,share=0.2964,tput=2.98]
epoch 185: eval=0.9185
epoch 186: loss=0.066722, train_acc=0.9773, time=10.1s
per-rank: rank0[cuda0,share=0.3919,tput=2.94] rank1[cuda1,share=0.3129,tput=3.35] rank2[cuda2,share=0.2952,tput=2.14]
epoch 186: eval=0.9177
epoch 187: loss=0.069207, train_acc=0.9768, time=10.2s
per-rank: rank0[cuda0,share=0.3919,tput=1.92] rank1[cuda1,share=0.3129,tput=2.43] rank2[cuda2,share=0.2952,tput=4.85]
epoch 187: eval=0.9172
epoch 188: loss=0.066845, train_acc=0.9778, time=10.2s
per-rank: rank0[cuda0,share=0.3943,tput=2.31] rank1[cuda1,share=0.3117,tput=1.77] rank2[cuda2,share=0.2940,tput=5.97]
epoch 188: eval=0.9171
epoch 189: loss=0.064750, train_acc=0.9783, time=10.0s
per-rank: rank0[cuda0,share=0.3955,tput=3.47] rank1[cuda1,share=0.3110,tput=2.79] rank2[cuda2,share=0.2934,tput=2.28]
epoch 189: eval=0.9152
epoch 190: loss=0.063190, train_acc=0.9791, time=10.4s
per-rank: rank0[cuda0,share=0.3976,tput=2.22] rank1[cuda1,share=0.3090,tput=4.52] rank2[cuda2,share=0.2934,tput=2.18]
epoch 190: eval=0.9177
epoch 191: loss=0.065917, train_acc=0.9783, time=9.9s
per-rank: rank0[cuda0,share=0.3996,tput=3.24] rank1[cuda1,share=0.3069,tput=2.27] rank2[cuda2,share=0.2934,tput=2.94]
epoch 191: eval=0.9194
epoch 192: loss=0.064389, train_acc=0.9786, time=12.5s
per-rank: rank0[cuda0,share=0.4017,tput=1.97] rank1[cuda1,share=0.3049,tput=3.41] rank2[cuda2,share=0.2934,tput=4.37]
epoch 192: eval=0.9176
epoch 193: loss=0.068001, train_acc=0.9768, time=11.3s
per-rank: rank0[cuda0,share=0.4038,tput=1.84] rank1[cuda1,share=0.3028,tput=4.33] rank2[cuda2,share=0.2934,tput=2.28]
epoch 193: eval=0.9167
epoch 194: loss=0.065759, train_acc=0.9779, time=13.5s
per-rank: rank0[cuda0,share=0.4058,tput=1.79] rank1[cuda1,share=0.3008,tput=3.63] rank2[cuda2,share=0.2934,tput=4.23]
epoch 194: eval=0.9181
epoch 195: loss=0.064037, train_acc=0.9781, time=12.0s
per-rank: rank0[cuda0,share=0.4073,tput=2.11] rank1[cuda1,share=0.2997,tput=3.43] rank2[cuda2,share=0.2930,tput=2.35]
epoch 195: eval=0.9195
epoch 196: loss=0.062912, train_acc=0.9794, time=12.2s
per-rank: rank0[cuda0,share=0.4075,tput=1.98] rank1[cuda1,share=0.2993,tput=4.85] rank2[cuda2,share=0.2932,tput=2.78]
epoch 196: eval=0.9194
epoch 197: loss=0.062479, train_acc=0.9789, time=11.4s
per-rank: rank0[cuda0,share=0.4075,tput=1.98] rank1[cuda1,share=0.2993,tput=3.93] rank2[cuda2,share=0.2932,tput=2.26]
epoch 197: eval=0.9181
epoch 198: loss=0.063204, train_acc=0.9789, time=10.2s
per-rank: rank0[cuda0,share=0.4077,tput=2.64] rank1[cuda1,share=0.2989,tput=2.33] rank2[cuda2,share=0.2933,tput=3.24]
epoch 198: eval=0.9181
epoch 199: loss=0.064528, train_acc=0.9780, time=10.1s
per-rank: rank0[cuda0,share=0.4080,tput=3.47] rank1[cuda1,share=0.2985,tput=2.39] rank2[cuda2,share=0.2935,tput=3.87]
final eval=0.9169
# total: 2091.2s (34m 51s)
