# gpu0: NVIDIA GeForce RTX 5060 Ti (15GB, sm_120)
# gpu1: NVIDIA GeForce GTX 1060 6GB (5GB, sm_61)
# gpu2: NVIDIA GeForce GTX 1060 6GB (5GB, sm_61)
epoch 0: loss=1.987958, train_acc=0.2391, time=10.8s
per-rank: rank0[cuda0,share=0.4066,tput=3.07] rank1[cuda1,share=0.3218,tput=4.84] rank2[cuda2,share=0.2717,tput=2.40]
epoch 0: eval=0.3220
epoch 1: loss=1.633710, train_acc=0.3869, time=12.2s
per-rank: rank0[cuda0,share=0.4265,tput=2.06] rank1[cuda1,share=0.3128,tput=5.59] rank2[cuda2,share=0.2607,tput=2.68]
epoch 1: eval=0.3694
epoch 2: loss=1.453354, train_acc=0.4662, time=11.3s
per-rank: rank0[cuda0,share=0.4058,tput=2.18] rank1[cuda1,share=0.3341,tput=2.77] rank2[cuda2,share=0.2601,tput=3.25]
epoch 2: eval=0.4513
epoch 3: loss=1.264363, train_acc=0.5458, time=10.1s
per-rank: rank0[cuda0,share=0.4222,tput=2.96] rank1[cuda1,share=0.2901,tput=3.51] rank2[cuda2,share=0.2877,tput=2.37]
epoch 3: eval=0.5033
epoch 4: loss=1.101582, train_acc=0.6073, time=10.1s
per-rank: rank0[cuda0,share=0.4094,tput=3.77] rank1[cuda1,share=0.3202,tput=2.78] rank2[cuda2,share=0.2703,tput=3.20]
epoch 4: eval=0.5592
epoch 5: loss=1.001863, train_acc=0.6463, time=12.5s
per-rank: rank0[cuda0,share=0.3920,tput=1.94] rank1[cuda1,share=0.3124,tput=5.22] rank2[cuda2,share=0.2956,tput=2.97]
epoch 5: eval=0.5538
epoch 6: loss=0.915441, train_acc=0.6766, time=11.4s
per-rank: rank0[cuda0,share=0.3587,tput=1.88] rank1[cuda1,share=0.3219,tput=2.55] rank2[cuda2,share=0.3194,tput=4.00]
epoch 6: eval=0.6995
epoch 7: loss=0.831780, train_acc=0.7092, time=10.0s
per-rank: rank0[cuda0,share=0.4181,tput=2.92] rank1[cuda1,share=0.3183,tput=2.26] rank2[cuda2,share=0.2637,tput=4.37]
epoch 7: eval=0.7033
epoch 8: loss=0.766608, train_acc=0.7324, time=10.2s
per-rank: rank0[cuda0,share=0.4186,tput=3.06] rank1[cuda1,share=0.3075,tput=2.34] rank2[cuda2,share=0.2739,tput=3.16]
epoch 8: eval=0.6146
epoch 9: loss=0.725227, train_acc=0.7479, time=13.5s
per-rank: rank0[cuda0,share=0.4050,tput=1.92] rank1[cuda1,share=0.3000,tput=4.65] rank2[cuda2,share=0.2950,tput=3.69]
epoch 9: eval=0.7261
epoch 10: loss=0.690207, train_acc=0.7622, time=11.8s
per-rank: rank0[cuda0,share=0.4011,tput=1.93] rank1[cuda1,share=0.3009,tput=3.76] rank2[cuda2,share=0.2980,tput=2.61]
epoch 10: eval=0.7047
epoch 11: loss=0.749537, train_acc=0.7388, time=11.2s
per-rank: rank0[cuda0,share=0.3536,tput=6.21] rank1[cuda1,share=0.3314,tput=1.92] rank2[cuda2,share=0.3151,tput=2.84]
epoch 11: eval=0.7239
epoch 12: loss=0.724852, train_acc=0.7469, time=9.8s
per-rank: rank0[cuda0,share=0.3563,tput=2.26] rank1[cuda1,share=0.3302,tput=3.86] rank2[cuda2,share=0.3135,tput=3.09]
epoch 12: eval=0.7023
epoch 13: loss=0.704206, train_acc=0.7591, time=11.0s
per-rank: rank0[cuda0,share=0.3631,tput=2.03] rank1[cuda1,share=0.3248,tput=2.98] rank2[cuda2,share=0.3121,tput=4.66]
epoch 13: eval=0.6839
epoch 14: loss=0.687293, train_acc=0.7638, time=10.6s
per-rank: rank0[cuda0,share=0.3712,tput=3.07] rank1[cuda1,share=0.3194,tput=3.46] rank2[cuda2,share=0.3094,tput=2.17]
epoch 14: eval=0.7243
epoch 15: loss=0.675134, train_acc=0.7690, time=9.8s
per-rank: rank0[cuda0,share=0.3769,tput=3.03] rank1[cuda1,share=0.3155,tput=3.94] rank2[cuda2,share=0.3076,tput=2.20]
epoch 15: eval=0.7542
epoch 16: loss=0.667447, train_acc=0.7694, time=10.0s
per-rank: rank0[cuda0,share=0.3769,tput=2.57] rank1[cuda1,share=0.3155,tput=3.77] rank2[cuda2,share=0.3076,tput=2.40]
epoch 16: eval=0.7270
epoch 17: loss=0.642063, train_acc=0.7786, time=9.9s
per-rank: rank0[cuda0,share=0.3785,tput=2.56] rank1[cuda1,share=0.3141,tput=3.26] rank2[cuda2,share=0.3074,tput=2.57]
epoch 17: eval=0.7390
epoch 18: loss=0.630391, train_acc=0.7833, time=9.7s
per-rank: rank0[cuda0,share=0.3783,tput=4.31] rank1[cuda1,share=0.3137,tput=4.27] rank2[cuda2,share=0.3080,tput=2.02]
epoch 18: eval=0.7643
epoch 19: loss=0.623576, train_acc=0.7878, time=9.6s
per-rank: rank0[cuda0,share=0.3783,tput=3.91] rank1[cuda1,share=0.3132,tput=2.11] rank2[cuda2,share=0.3085,tput=2.99]
epoch 19: eval=0.7447
epoch 20: loss=0.616379, train_acc=0.7875, time=10.7s
per-rank: rank0[cuda0,share=0.3783,tput=2.14] rank1[cuda1,share=0.3128,tput=4.37] rank2[cuda2,share=0.3088,tput=3.10]
epoch 20: eval=0.7624
epoch 21: loss=0.615986, train_acc=0.7881, time=10.6s
per-rank: rank0[cuda0,share=0.3820,tput=3.06] rank1[cuda1,share=0.3101,tput=3.20] rank2[cuda2,share=0.3079,tput=2.26]
epoch 21: eval=0.6812
epoch 22: loss=0.597751, train_acc=0.7945, time=12.0s
per-rank: rank0[cuda0,share=0.3898,tput=1.92] rank2[cuda2,share=0.3058,tput=4.72] rank1[cuda1,share=0.3044,tput=3.02]
epoch 22: eval=0.7267
epoch 23: loss=0.601810, train_acc=0.7906, time=10.8s
per-rank: rank0[cuda0,share=0.3898,tput=2.60] rank2[cuda2,share=0.3058,tput=2.64] rank1[cuda1,share=0.3044,tput=3.15]
epoch 23: eval=0.7656
epoch 24: loss=0.590148, train_acc=0.7972, time=12.5s
per-rank: rank0[cuda0,share=0.3896,tput=1.93] rank2[cuda2,share=0.3057,tput=3.54] rank1[cuda1,share=0.3046,tput=3.98]
epoch 24: eval=0.7727
epoch 25: loss=0.590801, train_acc=0.7982, time=11.2s
per-rank: rank0[cuda0,share=0.3896,tput=2.16] rank2[cuda2,share=0.3057,tput=2.65] rank1[cuda1,share=0.3046,tput=3.16]
epoch 25: eval=0.7515
epoch 26: loss=0.581921, train_acc=0.7986, time=9.7s
per-rank: rank0[cuda0,share=0.3890,tput=2.16] rank2[cuda2,share=0.3072,tput=2.15] rank1[cuda1,share=0.3039,tput=5.81]
epoch 26: eval=0.7931
epoch 27: loss=0.572928, train_acc=0.8028, time=12.8s
per-rank: rank0[cuda0,share=0.3915,tput=1.85] rank2[cuda2,share=0.3082,tput=3.13] rank1[cuda1,share=0.3004,tput=5.27]
epoch 27: eval=0.7915
epoch 28: loss=0.565218, train_acc=0.8047, time=11.1s
per-rank: rank0[cuda0,share=0.3915,tput=2.07] rank2[cuda2,share=0.3082,tput=2.53] rank1[cuda1,share=0.3004,tput=4.32]
epoch 28: eval=0.7569
epoch 29: loss=0.572907, train_acc=0.8027, time=9.7s
per-rank: rank0[cuda0,share=0.3928,tput=2.50] rank2[cuda2,share=0.3087,tput=4.62] rank1[cuda1,share=0.2986,tput=2.37]
epoch 29: eval=0.7593
epoch 30: loss=0.563764, train_acc=0.8064, time=9.7s
per-rank: rank0[cuda0,share=0.3941,tput=2.27] rank2[cuda2,share=0.3092,tput=2.01] rank1[cuda1,share=0.2967,tput=5.54]
epoch 30: eval=0.7643
epoch 31: loss=0.559696, train_acc=0.8077, time=11.4s
per-rank: rank0[cuda0,share=0.3937,tput=2.06] rank2[cuda2,share=0.3099,tput=4.36] rank1[cuda1,share=0.2963,tput=3.25]
epoch 31: eval=0.7674
epoch 32: loss=0.549128, train_acc=0.8098, time=10.5s
per-rank: rank0[cuda0,share=0.3937,tput=2.97] rank2[cuda2,share=0.3099,tput=3.22] rank1[cuda1,share=0.2963,tput=2.41]
epoch 32: eval=0.6839
epoch 33: loss=0.554018, train_acc=0.8102, time=10.0s
per-rank: rank0[cuda0,share=0.3903,tput=2.52] rank2[cuda2,share=0.3107,tput=4.70] rank1[cuda1,share=0.2989,tput=2.11]
epoch 33: eval=0.8000
epoch 34: loss=0.533823, train_acc=0.8156, time=9.8s
per-rank: rank0[cuda0,share=0.3922,tput=4.24] rank2[cuda2,share=0.3093,tput=2.96] rank1[cuda1,share=0.2985,tput=2.04]
epoch 34: eval=0.8012
epoch 35: loss=0.552420, train_acc=0.8077, time=9.5s
per-rank: rank0[cuda0,share=0.3930,tput=3.31] rank2[cuda2,share=0.3072,tput=3.00] rank1[cuda1,share=0.2999,tput=2.51]
epoch 35: eval=0.7628
epoch 36: loss=0.549823, train_acc=0.8127, time=9.8s
per-rank: rank0[cuda0,share=0.3938,tput=2.79] rank2[cuda2,share=0.3050,tput=2.28] rank1[cuda1,share=0.3012,tput=3.41]
epoch 36: eval=0.7992
epoch 37: loss=0.541009, train_acc=0.8144, time=12.0s
per-rank: rank0[cuda0,share=0.3960,tput=2.02] rank2[cuda2,share=0.3022,tput=4.68] rank1[cuda1,share=0.3018,tput=3.22]
epoch 37: eval=0.7880
epoch 38: loss=0.540149, train_acc=0.8141, time=10.8s
per-rank: rank0[cuda0,share=0.3960,tput=2.09] rank2[cuda2,share=0.3022,tput=3.62] rank1[cuda1,share=0.3018,tput=2.66]
epoch 38: eval=0.7558
epoch 39: loss=0.534646, train_acc=0.8168, time=9.6s
per-rank: rank0[cuda0,share=0.3967,tput=3.76] rank1[cuda1,share=0.3032,tput=2.34] rank2[cuda2,share=0.3001,tput=4.32]
epoch 39: eval=0.7317
epoch 40: loss=0.531958, train_acc=0.8164, time=11.4s
per-rank: rank0[cuda0,share=0.3989,tput=2.09] rank1[cuda1,share=0.3047,tput=5.10] rank2[cuda2,share=0.2964,tput=2.89]
epoch 40: eval=0.7775
epoch 41: loss=0.526154, train_acc=0.8192, time=10.5s
per-rank: rank0[cuda0,share=0.4009,tput=2.85] rank1[cuda1,share=0.3052,tput=2.74] rank2[cuda2,share=0.2938,tput=3.04]
epoch 41: eval=0.8282
epoch 42: loss=0.544801, train_acc=0.8136, time=9.9s
per-rank: rank0[cuda0,share=0.4009,tput=2.36] rank1[cuda1,share=0.3052,tput=2.45] rank2[cuda2,share=0.2938,tput=5.01]
epoch 42: eval=0.7817
epoch 43: loss=0.520284, train_acc=0.8205, time=9.8s
per-rank: rank0[cuda0,share=0.4013,tput=3.08] rank1[cuda1,share=0.3065,tput=3.20] rank2[cuda2,share=0.2921,tput=2.21]
epoch 43: eval=0.7940
epoch 44: loss=0.526926, train_acc=0.8163, time=11.4s
per-rank: rank0[cuda0,share=0.3993,tput=2.05] rank1[cuda1,share=0.3083,tput=3.67] rank2[cuda2,share=0.2923,tput=4.44]
epoch 44: eval=0.7506
epoch 45: loss=0.514470, train_acc=0.8229, time=10.7s
per-rank: rank0[cuda0,share=0.3973,tput=2.82] rank1[cuda1,share=0.3101,tput=3.43] rank2[cuda2,share=0.2925,tput=2.27]
epoch 45: eval=0.7872
epoch 46: loss=0.512360, train_acc=0.8231, time=9.7s
per-rank: rank0[cuda0,share=0.3953,tput=4.00] rank1[cuda1,share=0.3120,tput=1.91] rank2[cuda2,share=0.2927,tput=3.16]
epoch 46: eval=0.7930
epoch 47: loss=0.516400, train_acc=0.8216, time=12.2s
per-rank: rank0[cuda0,share=0.3939,tput=1.94] rank1[cuda1,share=0.3125,tput=4.32] rank2[cuda2,share=0.2935,tput=3.32]
epoch 47: eval=0.7605
epoch 48: loss=0.516337, train_acc=0.8222, time=11.0s
per-rank: rank0[cuda0,share=0.3941,tput=2.45] rank1[cuda1,share=0.3124,tput=2.20] rank2[cuda2,share=0.2936,tput=3.92]
epoch 48: eval=0.7587
epoch 49: loss=0.512802, train_acc=0.8217, time=9.7s
per-rank: rank0[cuda0,share=0.3952,tput=2.04] rank1[cuda1,share=0.3104,tput=4.79] rank2[cuda2,share=0.2944,tput=2.50]
epoch 49: eval=0.7660
epoch 50: loss=0.508377, train_acc=0.8257, time=12.6s
per-rank: rank0[cuda0,share=0.3947,tput=1.91] rank1[cuda1,share=0.3086,tput=5.07] rank2[cuda2,share=0.2966,tput=3.38]
epoch 50: eval=0.8146
epoch 51: loss=0.517591, train_acc=0.8238, time=11.0s
per-rank: rank0[cuda0,share=0.3947,tput=2.39] rank1[cuda1,share=0.3086,tput=2.51] rank2[cuda2,share=0.2966,tput=3.71]
epoch 51: eval=0.7748
epoch 52: loss=0.518598, train_acc=0.8223, time=9.7s
per-rank: rank0[cuda0,share=0.3954,tput=3.92] rank1[cuda1,share=0.3068,tput=2.58] rank2[cuda2,share=0.2977,tput=3.42]
epoch 52: eval=0.7516
epoch 53: loss=0.497592, train_acc=0.8285, time=12.0s
per-rank: rank0[cuda0,share=0.3963,tput=1.97] rank1[cuda1,share=0.3042,tput=5.66] rank2[cuda2,share=0.2995,tput=2.43]
epoch 53: eval=0.7991
epoch 54: loss=0.506842, train_acc=0.8270, time=10.7s
per-rank: rank0[cuda0,share=0.3964,tput=2.17] rank1[cuda1,share=0.3034,tput=3.65] rank2[cuda2,share=0.3001,tput=2.65]
epoch 54: eval=0.7908
epoch 55: loss=0.507991, train_acc=0.8268, time=9.8s
per-rank: rank0[cuda0,share=0.3965,tput=2.93] rank1[cuda1,share=0.3026,tput=2.09] rank2[cuda2,share=0.3008,tput=4.81]
epoch 55: eval=0.7398
epoch 56: loss=0.501510, train_acc=0.8281, time=9.7s
per-rank: rank0[cuda0,share=0.3959,tput=3.62] rank1[cuda1,share=0.3033,tput=1.95] rank2[cuda2,share=0.3009,tput=3.27]
epoch 56: eval=0.7923
epoch 57: loss=0.503572, train_acc=0.8282, time=9.5s
per-rank: rank0[cuda0,share=0.3960,tput=3.54] rank1[cuda1,share=0.3025,tput=4.21] rank2[cuda2,share=0.3015,tput=2.35]
epoch 57: eval=0.8030
epoch 58: loss=0.496347, train_acc=0.8303, time=9.7s
per-rank: rank0[cuda0,share=0.3935,tput=3.37] rank1[cuda1,share=0.3042,tput=4.03] rank2[cuda2,share=0.3023,tput=2.27]
epoch 58: eval=0.8219
epoch 59: loss=0.497047, train_acc=0.8301, time=9.7s
per-rank: rank0[cuda0,share=0.3934,tput=2.30] rank2[cuda2,share=0.3034,tput=5.70] rank1[cuda1,share=0.3032,tput=2.03]
epoch 59: eval=0.7722
epoch 60: loss=0.497334, train_acc=0.8282, time=12.7s
per-rank: rank0[cuda0,share=0.3934,tput=1.85] rank2[cuda2,share=0.3044,tput=4.13] rank1[cuda1,share=0.3021,tput=3.59]
epoch 60: eval=0.8106
epoch 61: loss=0.497319, train_acc=0.8286, time=11.4s
per-rank: rank0[cuda0,share=0.3934,tput=1.79] rank2[cuda2,share=0.3055,tput=3.40] rank1[cuda1,share=0.3011,tput=2.92]
epoch 61: eval=0.8112
epoch 62: loss=0.498394, train_acc=0.8280, time=9.8s
per-rank: rank0[cuda0,share=0.3941,tput=3.07] rank2[cuda2,share=0.3072,tput=2.34] rank1[cuda1,share=0.2987,tput=3.26]
epoch 62: eval=0.8033
epoch 63: loss=0.476632, train_acc=0.8364, time=9.7s
per-rank: rank0[cuda0,share=0.3921,tput=2.96] rank2[cuda2,share=0.3115,tput=2.06] rank1[cuda1,share=0.2965,tput=3.87]
epoch 63: eval=0.7778
epoch 64: loss=0.492808, train_acc=0.8294, time=9.8s
per-rank: rank0[cuda0,share=0.3913,tput=2.51] rank2[cuda2,share=0.3123,tput=4.51] rank1[cuda1,share=0.2964,tput=2.37]
epoch 64: eval=0.8166
epoch 65: loss=0.489184, train_acc=0.8315, time=9.7s
per-rank: rank0[cuda0,share=0.3896,tput=3.80] rank2[cuda2,share=0.3124,tput=2.21] rank1[cuda1,share=0.2980,tput=2.95]
epoch 65: eval=0.8057
epoch 66: loss=0.483929, train_acc=0.8350, time=9.6s
per-rank: rank0[cuda0,share=0.3881,tput=3.02] rank2[cuda2,share=0.3115,tput=3.43] rank1[cuda1,share=0.3004,tput=2.33]
epoch 66: eval=0.8087
epoch 67: loss=0.485016, train_acc=0.8328, time=11.1s
per-rank: rank0[cuda0,share=0.3873,tput=2.07] rank2[cuda2,share=0.3111,tput=5.12] rank1[cuda1,share=0.3016,tput=2.87]
epoch 67: eval=0.8125
epoch 68: loss=0.491416, train_acc=0.8323, time=10.3s
per-rank: rank0[cuda0,share=0.3866,tput=2.37] rank2[cuda2,share=0.3106,tput=2.37] rank1[cuda1,share=0.3028,tput=3.88]
epoch 68: eval=0.7783
epoch 69: loss=0.485282, train_acc=0.8322, time=10.0s
per-rank: rank0[cuda0,share=0.3850,tput=2.05] rank2[cuda2,share=0.3097,tput=5.15] rank1[cuda1,share=0.3053,tput=2.23]
epoch 69: eval=0.8277
epoch 70: loss=0.483218, train_acc=0.8344, time=9.7s
per-rank: rank0[cuda0,share=0.3863,tput=3.15] rank2[cuda2,share=0.3074,tput=4.41] rank1[cuda1,share=0.3063,tput=2.05]
epoch 70: eval=0.7804
epoch 71: loss=0.491516, train_acc=0.8312, time=9.5s
per-rank: rank0[cuda0,share=0.3884,tput=3.40] rank1[cuda1,share=0.3060,tput=3.26] rank2[cuda2,share=0.3056,tput=2.17]
epoch 71: eval=0.7918
epoch 72: loss=0.472933, train_acc=0.8366, time=12.1s
per-rank: rank0[cuda0,share=0.3919,tput=1.97] rank2[cuda2,share=0.3048,tput=4.93] rank1[cuda1,share=0.3033,tput=3.15]
epoch 72: eval=0.7687
epoch 73: loss=0.481011, train_acc=0.8349, time=11.0s
per-rank: rank0[cuda0,share=0.3939,tput=2.26] rank2[cuda2,share=0.3047,tput=3.32] rank1[cuda1,share=0.3014,tput=2.70]
epoch 73: eval=0.7972
epoch 74: loss=0.484394, train_acc=0.8312, time=11.6s
per-rank: rank0[cuda0,share=0.3967,tput=2.11] rank2[cuda2,share=0.3033,tput=3.94] rank1[cuda1,share=0.3000,tput=3.83]
epoch 74: eval=0.7868
epoch 75: loss=0.464974, train_acc=0.8393, time=10.8s
per-rank: rank0[cuda0,share=0.3980,tput=2.87] rank1[cuda1,share=0.3010,tput=2.35] rank2[cuda2,share=0.3010,tput=3.26]
epoch 75: eval=0.7514
epoch 76: loss=0.483794, train_acc=0.8338, time=9.8s
per-rank: rank0[cuda0,share=0.3993,tput=3.32] rank1[cuda1,share=0.3020,tput=3.23] rank2[cuda2,share=0.2987,tput=2.34]
epoch 76: eval=0.7323
epoch 77: loss=0.475005, train_acc=0.8375, time=9.7s
per-rank: rank0[cuda0,share=0.4020,tput=2.14] rank1[cuda1,share=0.3022,tput=2.28] rank2[cuda2,share=0.2958,tput=5.35]
epoch 77: eval=0.8361
epoch 78: loss=0.466122, train_acc=0.8403, time=9.5s
per-rank: rank0[cuda0,share=0.4033,tput=3.53] rank1[cuda1,share=0.3015,tput=3.02] rank2[cuda2,share=0.2952,tput=2.29]
epoch 78: eval=0.7417
epoch 79: loss=0.484268, train_acc=0.8354, time=9.6s
per-rank: rank0[cuda0,share=0.4040,tput=3.12] rank1[cuda1,share=0.3001,tput=2.02] rank2[cuda2,share=0.2958,tput=3.57]
epoch 79: eval=0.7742
epoch 80: loss=0.475581, train_acc=0.8373, time=12.4s
per-rank: rank0[cuda0,share=0.4030,tput=1.91] rank1[cuda1,share=0.3010,tput=3.34] rank2[cuda2,share=0.2960,tput=4.67]
epoch 80: eval=0.8216
epoch 81: loss=0.469799, train_acc=0.8374, time=11.3s
per-rank: rank0[cuda0,share=0.4027,tput=2.17] rank1[cuda1,share=0.3007,tput=3.69] rank2[cuda2,share=0.2966,tput=2.57]
epoch 81: eval=0.7974
epoch 82: loss=0.466504, train_acc=0.8397, time=9.7s
per-rank: rank0[cuda0,share=0.4027,tput=2.11] rank2[cuda2,share=0.3000,tput=2.18] rank1[cuda1,share=0.2974,tput=5.66]
epoch 82: eval=0.7545
epoch 83: loss=0.483229, train_acc=0.8339, time=9.5s
per-rank: rank0[cuda0,share=0.4016,tput=3.33] rank2[cuda2,share=0.3018,tput=2.77] rank1[cuda1,share=0.2965,tput=2.57]
epoch 83: eval=0.7427
epoch 84: loss=0.462780, train_acc=0.8395, time=12.1s
per-rank: rank0[cuda0,share=0.3987,tput=1.94] rank2[cuda2,share=0.3051,tput=3.84] rank1[cuda1,share=0.2962,tput=3.51]
epoch 84: eval=0.7999
epoch 85: loss=0.474836, train_acc=0.8372, time=10.7s
per-rank: rank0[cuda0,share=0.3975,tput=2.24] rank2[cuda2,share=0.3052,tput=3.71] rank1[cuda1,share=0.2973,tput=2.60]
epoch 85: eval=0.7987
epoch 86: loss=0.460920, train_acc=0.8423, time=11.8s
per-rank: rank0[cuda0,share=0.3965,tput=2.02] rank2[cuda2,share=0.3028,tput=4.58] rank1[cuda1,share=0.3008,tput=3.29]
epoch 86: eval=0.8132
epoch 87: loss=0.471728, train_acc=0.8393, time=10.7s
per-rank: rank0[cuda0,share=0.3961,tput=2.45] rank1[cuda1,share=0.3033,tput=3.80] rank2[cuda2,share=0.3005,tput=2.34]
epoch 87: eval=0.8150
epoch 88: loss=0.466849, train_acc=0.8405, time=9.6s
per-rank: rank0[cuda0,share=0.3949,tput=3.23] rank1[cuda1,share=0.3057,tput=3.19] rank2[cuda2,share=0.2994,tput=2.28]
epoch 88: eval=0.7892
epoch 89: loss=0.460246, train_acc=0.8408, time=9.6s
per-rank: rank0[cuda0,share=0.3958,tput=3.58] rank1[cuda1,share=0.3078,tput=2.85] rank2[cuda2,share=0.2964,tput=2.27]
epoch 89: eval=0.7559
epoch 90: loss=0.465469, train_acc=0.8405, time=12.1s
per-rank: rank0[cuda0,share=0.3978,tput=1.98] rank1[cuda1,share=0.3061,tput=4.19] rank2[cuda2,share=0.2961,tput=3.54]
epoch 90: eval=0.7898
epoch 91: loss=0.463523, train_acc=0.8400, time=11.0s
per-rank: rank0[cuda0,share=0.3974,tput=2.36] rank1[cuda1,share=0.3050,tput=3.73] rank2[cuda2,share=0.2976,tput=2.45]
epoch 91: eval=0.7892
epoch 92: loss=0.456383, train_acc=0.8434, time=9.6s
per-rank: rank0[cuda0,share=0.3973,tput=2.08] rank1[cuda1,share=0.3033,tput=2.44] rank2[cuda2,share=0.2995,tput=5.06]
epoch 92: eval=0.8087
epoch 93: loss=0.467566, train_acc=0.8383, time=12.2s
per-rank: rank0[cuda0,share=0.3991,tput=1.93] rank1[cuda1,share=0.3013,tput=3.20] rank2[cuda2,share=0.2996,tput=4.29]
epoch 93: eval=0.7735
epoch 94: loss=0.468432, train_acc=0.8388, time=10.9s
per-rank: rank0[cuda0,share=0.3992,tput=1.83] rank1[cuda1,share=0.3007,tput=2.77] rank2[cuda2,share=0.3001,tput=3.90]
epoch 94: eval=0.7420
epoch 95: loss=0.456274, train_acc=0.8439, time=9.7s
per-rank: rank0[cuda0,share=0.3964,tput=3.48] rank2[cuda2,share=0.3024,tput=2.18] rank1[cuda1,share=0.3012,tput=3.18]
epoch 95: eval=0.7731
epoch 96: loss=0.455259, train_acc=0.8423, time=9.8s
per-rank: rank0[cuda0,share=0.3945,tput=2.45] rank1[cuda1,share=0.3057,tput=2.42] rank2[cuda2,share=0.2999,tput=4.13]
epoch 96: eval=0.7996
epoch 97: loss=0.456871, train_acc=0.8430, time=9.8s
per-rank: rank0[cuda0,share=0.3949,tput=2.01] rank1[cuda1,share=0.3080,tput=5.27] rank2[cuda2,share=0.2971,tput=2.54]
epoch 97: eval=0.7754
epoch 98: loss=0.447829, train_acc=0.8458, time=9.6s
per-rank: rank0[cuda0,share=0.3932,tput=3.81] rank1[cuda1,share=0.3084,tput=1.96] rank2[cuda2,share=0.2984,tput=4.68]
epoch 98: eval=0.8013
epoch 99: loss=0.462109, train_acc=0.8418, time=12.1s
per-rank: rank0[cuda0,share=0.3961,tput=1.98] rank1[cuda1,share=0.3057,tput=5.34] rank2[cuda2,share=0.2982,tput=2.78]
epoch 99: eval=0.8586
epoch 100: loss=0.330674, train_acc=0.8863, time=10.9s
per-rank: rank0[cuda0,share=0.3970,tput=1.94] rank1[cuda1,share=0.3058,tput=3.11] rank2[cuda2,share=0.2973,tput=3.12]
epoch 100: eval=0.8972
epoch 101: loss=0.248060, train_acc=0.9136, time=9.8s
per-rank: rank0[cuda0,share=0.3985,tput=3.88] rank1[cuda1,share=0.3057,tput=2.71] rank2[cuda2,share=0.2958,tput=2.08]
epoch 101: eval=0.8956
epoch 102: loss=0.235002, train_acc=0.9179, time=11.4s
per-rank: rank0[cuda0,share=0.4021,tput=2.11] rank1[cuda1,share=0.3021,tput=3.87] rank2[cuda2,share=0.2958,tput=3.69]
epoch 102: eval=0.8975
epoch 103: loss=0.223197, train_acc=0.9227, time=10.6s
per-rank: rank0[cuda0,share=0.4085,tput=2.60] rank1[cuda1,share=0.2976,tput=2.55] rank2[cuda2,share=0.2939,tput=3.40]
epoch 103: eval=0.8968
epoch 104: loss=0.219140, train_acc=0.9240, time=9.7s
per-rank: rank0[cuda0,share=0.4105,tput=2.06] rank1[cuda1,share=0.2956,tput=2.43] rank2[cuda2,share=0.2939,tput=5.80]
epoch 104: eval=0.9014
epoch 105: loss=0.208943, train_acc=0.9274, time=9.8s
per-rank: rank0[cuda0,share=0.4125,tput=3.32] rank2[cuda2,share=0.2977,tput=3.24] rank1[cuda1,share=0.2898,tput=2.07]
epoch 105: eval=0.9017
epoch 106: loss=0.199806, train_acc=0.9305, time=9.6s
per-rank: rank0[cuda0,share=0.4144,tput=3.00] rank2[cuda2,share=0.3007,tput=2.04] rank1[cuda1,share=0.2849,tput=3.65]
epoch 106: eval=0.9026
epoch 107: loss=0.201631, train_acc=0.9296, time=9.9s
per-rank: rank0[cuda0,share=0.4087,tput=2.56] rank2[cuda2,share=0.3027,tput=2.21] rank1[cuda1,share=0.2886,tput=3.80]
epoch 107: eval=0.9058
epoch 108: loss=0.196614, train_acc=0.9306, time=9.9s
per-rank: rank0[cuda0,share=0.3987,tput=2.61] rank2[cuda2,share=0.3052,tput=2.39] rank1[cuda1,share=0.2961,tput=3.70]
epoch 108: eval=0.9087
epoch 109: loss=0.190949, train_acc=0.9335, time=9.8s
per-rank: rank0[cuda0,share=0.3882,tput=2.60] rank1[cuda1,share=0.3063,tput=2.19] rank2[cuda2,share=0.3055,tput=4.65]
epoch 109: eval=0.9046
epoch 110: loss=0.185092, train_acc=0.9348, time=11.6s
per-rank: rank0[cuda0,share=0.3804,tput=1.98] rank1[cuda1,share=0.3172,tput=5.10] rank2[cuda2,share=0.3024,tput=2.99]
epoch 110: eval=0.9095
epoch 111: loss=0.183568, train_acc=0.9356, time=10.7s
per-rank: rank0[cuda0,share=0.3843,tput=2.77] rank1[cuda1,share=0.3145,tput=3.34] rank2[cuda2,share=0.3012,tput=2.33]
epoch 111: eval=0.9057
epoch 112: loss=0.178594, train_acc=0.9374, time=9.8s
per-rank: rank0[cuda0,share=0.4003,tput=4.02] rank1[cuda1,share=0.3057,tput=4.40] rank2[cuda2,share=0.2940,tput=2.02]
epoch 112: eval=0.9072
epoch 113: loss=0.179562, train_acc=0.9377, time=9.8s
per-rank: rank0[cuda0,share=0.4057,tput=2.69] rank1[cuda1,share=0.3031,tput=2.35] rank2[cuda2,share=0.2911,tput=3.30]
epoch 113: eval=0.9110
epoch 114: loss=0.176266, train_acc=0.9372, time=9.7s
per-rank: rank0[cuda0,share=0.4050,tput=3.06] rank1[cuda1,share=0.3025,tput=2.39] rank2[cuda2,share=0.2925,tput=3.27]
epoch 114: eval=0.9088
epoch 115: loss=0.167583, train_acc=0.9409, time=11.5s
per-rank: rank0[cuda0,share=0.4017,tput=2.07] rank1[cuda1,share=0.3069,tput=5.18] rank2[cuda2,share=0.2914,tput=2.74]
epoch 115: eval=0.9059
epoch 116: loss=0.167868, train_acc=0.9401, time=10.6s
per-rank: rank0[cuda0,share=0.4030,tput=2.47] rank1[cuda1,share=0.3084,tput=3.76] rank2[cuda2,share=0.2886,tput=2.31]
epoch 116: eval=0.9070
epoch 117: loss=0.165324, train_acc=0.9429, time=9.7s
per-rank: rank0[cuda0,share=0.4099,tput=2.79] rank1[cuda1,share=0.3076,tput=4.73] rank2[cuda2,share=0.2826,tput=2.25]
epoch 117: eval=0.9040
epoch 118: loss=0.161346, train_acc=0.9434, time=9.6s
per-rank: rank0[cuda0,share=0.4117,tput=4.58] rank1[cuda1,share=0.3083,tput=2.44] rank2[cuda2,share=0.2799,tput=2.78]
epoch 118: eval=0.9055
epoch 119: loss=0.157568, train_acc=0.9443, time=12.2s
per-rank: rank0[cuda0,share=0.4190,tput=2.06] rank1[cuda1,share=0.3054,tput=3.18] rank2[cuda2,share=0.2757,tput=4.80]
epoch 119: eval=0.9059
epoch 120: loss=0.156884, train_acc=0.9447, time=11.0s
per-rank: rank0[cuda0,share=0.4132,tput=1.98] rank1[cuda1,share=0.3058,tput=2.73] rank2[cuda2,share=0.2810,tput=4.05]
epoch 120: eval=0.9077
epoch 121: loss=0.153609, train_acc=0.9471, time=9.6s
per-rank: rank0[cuda0,share=0.3905,tput=3.62] rank1[cuda1,share=0.3167,tput=3.21] rank2[cuda2,share=0.2928,tput=2.05]
epoch 121: eval=0.9087
epoch 122: loss=0.147258, train_acc=0.9479, time=9.8s
per-rank: rank0[cuda0,share=0.4123,tput=3.29] rank1[cuda1,share=0.3129,tput=2.38] rank2[cuda2,share=0.2749,tput=3.10]
epoch 122: eval=0.9020
epoch 123: loss=0.143836, train_acc=0.9502, time=9.9s
per-rank: rank0[cuda0,share=0.4161,tput=2.99] rank1[cuda1,share=0.2941,tput=2.88] rank2[cuda2,share=0.2898,tput=2.52]
epoch 123: eval=0.9103
epoch 124: loss=0.142915, train_acc=0.9496, time=12.3s
per-rank: rank0[cuda0,share=0.4271,tput=2.05] rank1[cuda1,share=0.2939,tput=3.46] rank2[cuda2,share=0.2791,tput=4.30]
epoch 124: eval=0.9076
epoch 125: loss=0.140058, train_acc=0.9509, time=11.1s
per-rank: rank0[cuda0,share=0.4191,tput=2.42] rank2[cuda2,share=0.2984,tput=2.52] rank1[cuda1,share=0.2825,tput=3.76]
epoch 125: eval=0.9076
epoch 126: loss=0.141324, train_acc=0.9495, time=12.8s
per-rank: rank0[cuda0,share=0.4159,tput=2.11] rank1[cuda1,share=0.3154,tput=5.09] rank2[cuda2,share=0.2687,tput=3.06]
epoch 126: eval=0.9041
epoch 127: loss=0.151628, train_acc=0.9463, time=11.6s
per-rank: rank0[cuda0,share=0.4230,tput=2.44] rank1[cuda1,share=0.3070,tput=3.56] rank2[cuda2,share=0.2700,tput=2.23]
epoch 127: eval=0.8936
epoch 128: loss=0.160151, train_acc=0.9438, time=10.1s
per-rank: rank0[cuda0,share=0.4268,tput=3.46] rank1[cuda1,share=0.3039,tput=2.78] rank2[cuda2,share=0.2693,tput=2.46]
epoch 128: eval=0.8881
epoch 129: loss=0.161255, train_acc=0.9428, time=9.7s
per-rank: rank0[cuda0,share=0.4287,tput=2.98] rank1[cuda1,share=0.3024,tput=2.56] rank2[cuda2,share=0.2689,tput=3.10]
epoch 129: eval=0.8971
epoch 130: loss=0.159116, train_acc=0.9444, time=12.8s
per-rank: rank0[cuda0,share=0.4298,tput=2.02] rank1[cuda1,share=0.3015,tput=5.01] rank2[cuda2,share=0.2687,tput=3.27]
epoch 130: eval=0.8992
epoch 131: loss=0.156248, train_acc=0.9445, time=11.9s
per-rank: rank0[cuda0,share=0.4271,tput=1.82] rank1[cuda1,share=0.3004,tput=2.74] rank2[cuda2,share=0.2725,tput=3.78]
epoch 131: eval=0.9004
epoch 132: loss=0.158280, train_acc=0.9445, time=9.8s
per-rank: rank0[cuda0,share=0.4251,tput=3.28] rank1[cuda1,share=0.2998,tput=2.77] rank2[cuda2,share=0.2752,tput=2.55]
epoch 132: eval=0.8998
epoch 133: loss=0.153861, train_acc=0.9463, time=13.0s
per-rank: rank0[cuda0,share=0.4189,tput=1.87] rank1[cuda1,share=0.3025,tput=3.75] rank2[cuda2,share=0.2786,tput=4.41]
epoch 133: eval=0.9098
epoch 134: loss=0.152537, train_acc=0.9453, time=11.5s
per-rank: rank0[cuda0,share=0.4189,tput=2.17] rank1[cuda1,share=0.3025,tput=2.89] rank2[cuda2,share=0.2786,tput=3.35]
epoch 134: eval=0.9020
epoch 135: loss=0.149779, train_acc=0.9470, time=11.4s
per-rank: rank0[cuda0,share=0.4142,tput=2.08] rank1[cuda1,share=0.3057,tput=3.17] rank2[cuda2,share=0.2802,tput=4.88]
epoch 135: eval=0.9076
epoch 136: loss=0.153428, train_acc=0.9453, time=10.6s
per-rank: rank0[cuda0,share=0.4106,tput=2.41] rank1[cuda1,share=0.3079,tput=2.56] rank2[cuda2,share=0.2815,tput=3.45]
epoch 136: eval=0.9016
epoch 137: loss=0.147392, train_acc=0.9471, time=9.7s
per-rank: rank0[cuda0,share=0.4079,tput=2.59] rank1[cuda1,share=0.3085,tput=4.76] rank2[cuda2,share=0.2836,tput=2.25]
epoch 137: eval=0.9033
epoch 138: loss=0.149845, train_acc=0.9473, time=12.2s
per-rank: rank0[cuda0,share=0.4051,tput=1.99] rank1[cuda1,share=0.3092,tput=4.58] rank2[cuda2,share=0.2858,tput=3.08]
epoch 138: eval=0.8973
epoch 139: loss=0.152395, train_acc=0.9453, time=11.2s
per-rank: rank0[cuda0,share=0.4022,tput=2.10] rank1[cuda1,share=0.3098,tput=3.51] rank2[cuda2,share=0.2880,tput=2.63]
epoch 139: eval=0.8994
epoch 140: loss=0.150764, train_acc=0.9466, time=10.6s
per-rank: rank0[cuda0,share=0.4003,tput=2.03] rank1[cuda1,share=0.3113,tput=5.03] rank2[cuda2,share=0.2884,tput=2.00]
epoch 140: eval=0.8902
epoch 141: loss=0.150096, train_acc=0.9475, time=9.9s
per-rank: rank0[cuda0,share=0.3990,tput=2.77] rank1[cuda1,share=0.3117,tput=3.28] rank2[cuda2,share=0.2893,tput=2.29]
epoch 141: eval=0.8959
epoch 142: loss=0.153302, train_acc=0.9454, time=12.3s
per-rank: rank0[cuda0,share=0.3968,tput=1.96] rank1[cuda1,share=0.3114,tput=5.01] rank2[cuda2,share=0.2919,tput=3.28]
epoch 142: eval=0.9013
epoch 143: loss=0.147458, train_acc=0.9472, time=11.2s
per-rank: rank0[cuda0,share=0.3967,tput=2.84] rank1[cuda1,share=0.3110,tput=2.27] rank2[cuda2,share=0.2923,tput=3.33]
epoch 143: eval=0.8961
epoch 144: loss=0.147712, train_acc=0.9475, time=9.7s
per-rank: rank0[cuda0,share=0.3960,tput=3.62] rank1[cuda1,share=0.3101,tput=2.27] rank2[cuda2,share=0.2939,tput=3.11]
epoch 144: eval=0.9022
epoch 145: loss=0.145147, train_acc=0.9475, time=9.6s
per-rank: rank0[cuda0,share=0.3962,tput=3.80] rank1[cuda1,share=0.3075,tput=2.09] rank2[cuda2,share=0.2963,tput=3.03]
epoch 145: eval=0.8992
epoch 146: loss=0.148639, train_acc=0.9476, time=12.0s
per-rank: rank0[cuda0,share=0.3972,tput=2.10] rank1[cuda1,share=0.3058,tput=3.65] rank2[cuda2,share=0.2969,tput=4.43]
epoch 146: eval=0.8995
epoch 147: loss=0.143987, train_acc=0.9499, time=11.0s
per-rank: rank0[cuda0,share=0.3983,tput=2.32] rank1[cuda1,share=0.3041,tput=3.03] rank2[cuda2,share=0.2976,tput=2.88]
epoch 147: eval=0.8985
epoch 148: loss=0.145450, train_acc=0.9470, time=12.2s
per-rank: rank0[cuda0,share=0.4033,tput=2.04] rank1[cuda1,share=0.3009,tput=5.39] rank2[cuda2,share=0.2958,tput=2.96]
epoch 148: eval=0.8980
epoch 149: loss=0.147702, train_acc=0.9473, time=11.0s
per-rank: rank0[cuda0,share=0.4075,tput=2.15] rank1[cuda1,share=0.2993,tput=3.92] rank2[cuda2,share=0.2931,tput=2.53]
epoch 149: eval=0.9078
epoch 150: loss=0.114846, train_acc=0.9592, time=9.8s
per-rank: rank0[cuda0,share=0.4111,tput=2.68] rank1[cuda1,share=0.2972,tput=2.25] rank2[cuda2,share=0.2916,tput=5.05]
epoch 150: eval=0.9183
epoch 151: loss=0.092218, train_acc=0.9695, time=9.6s
per-rank: rank0[cuda0,share=0.4147,tput=3.40] rank1[cuda1,share=0.2951,tput=3.73] rank2[cuda2,share=0.2902,tput=1.97]
epoch 151: eval=0.9144
epoch 152: loss=0.089805, train_acc=0.9697, time=13.6s
per-rank: rank0[cuda0,share=0.4192,tput=1.86] rank1[cuda1,share=0.2923,tput=3.70] rank2[cuda2,share=0.2885,tput=4.58]
epoch 152: eval=0.9172
epoch 153: loss=0.087596, train_acc=0.9711, time=12.9s
per-rank: rank0[cuda0,share=0.4171,tput=1.88] rank1[cuda1,share=0.2942,tput=2.59] rank2[cuda2,share=0.2887,tput=3.69]
epoch 153: eval=0.9171
epoch 154: loss=0.084890, train_acc=0.9715, time=10.3s
per-rank: rank0[cuda0,share=0.4156,tput=2.47] rank1[cuda1,share=0.2965,tput=2.52] rank2[cuda2,share=0.2879,tput=3.50]
epoch 154: eval=0.9159
epoch 155: loss=0.084865, train_acc=0.9719, time=9.7s
per-rank: rank0[cuda0,share=0.4123,tput=3.96] rank1[cuda1,share=0.2999,tput=4.23] rank2[cuda2,share=0.2879,tput=2.15]
epoch 155: eval=0.9180
epoch 156: loss=0.081393, train_acc=0.9732, time=9.7s
per-rank: rank0[cuda0,share=0.4064,tput=3.52] rank1[cuda1,share=0.3034,tput=2.26] rank2[cuda2,share=0.2902,tput=4.50]
epoch 156: eval=0.9166
epoch 157: loss=0.080026, train_acc=0.9733, time=9.4s
per-rank: rank0[cuda0,share=0.4029,tput=2.48] rank1[cuda1,share=0.3050,tput=2.26] rank2[cuda2,share=0.2921,tput=5.12]
epoch 157: eval=0.9178
epoch 158: loss=0.080303, train_acc=0.9734, time=9.7s
per-rank: rank0[cuda0,share=0.3958,tput=2.13] rank1[cuda1,share=0.3082,tput=2.41] rank2[cuda2,share=0.2960,tput=4.97]
epoch 158: eval=0.9176
epoch 159: loss=0.079083, train_acc=0.9730, time=9.7s
per-rank: rank0[cuda0,share=0.3943,tput=3.05] rank1[cuda1,share=0.3096,tput=2.22] rank2[cuda2,share=0.2961,tput=3.23]
epoch 159: eval=0.9155
epoch 160: loss=0.077035, train_acc=0.9740, time=9.8s
per-rank: rank0[cuda0,share=0.3927,tput=2.26] rank1[cuda1,share=0.3111,tput=2.27] rank2[cuda2,share=0.2962,tput=4.79]
epoch 160: eval=0.9169
epoch 161: loss=0.079610, train_acc=0.9730, time=12.8s
per-rank: rank0[cuda0,share=0.3897,tput=1.88] rank1[cuda1,share=0.3105,tput=4.42] rank2[cuda2,share=0.2999,tput=3.63]
epoch 161: eval=0.9179
epoch 162: loss=0.077988, train_acc=0.9749, time=11.5s
per-rank: rank0[cuda0,share=0.3897,tput=1.75] rank1[cuda1,share=0.3105,tput=3.54] rank2[cuda2,share=0.2999,tput=2.83]
epoch 162: eval=0.9173
epoch 163: loss=0.079357, train_acc=0.9736, time=9.7s
per-rank: rank0[cuda0,share=0.3855,tput=3.44] rank1[cuda1,share=0.3107,tput=3.37] rank2[cuda2,share=0.3038,tput=2.03]
epoch 163: eval=0.9167
epoch 164: loss=0.075569, train_acc=0.9737, time=9.6s
per-rank: rank0[cuda0,share=0.3845,tput=2.85] rank1[cuda1,share=0.3111,tput=4.66] rank2[cuda2,share=0.3045,tput=1.92]
epoch 164: eval=0.9171
epoch 165: loss=0.075659, train_acc=0.9744, time=9.7s
per-rank: rank0[cuda0,share=0.3879,tput=2.46] rank1[cuda1,share=0.3082,tput=6.10] rank2[cuda2,share=0.3039,tput=1.95]
epoch 165: eval=0.9160
epoch 166: loss=0.074331, train_acc=0.9752, time=11.9s
per-rank: rank0[cuda0,share=0.3961,tput=2.15] rank1[cuda1,share=0.3021,tput=2.88] rank2[cuda2,share=0.3018,tput=5.25]
epoch 166: eval=0.9172
epoch 167: loss=0.074476, train_acc=0.9746, time=11.0s
per-rank: rank0[cuda0,share=0.4001,tput=2.12] rank2[cuda2,share=0.3001,tput=2.66] rank1[cuda1,share=0.2998,tput=3.27]
epoch 167: eval=0.9193
epoch 168: loss=0.072073, train_acc=0.9757, time=9.7s
per-rank: rank0[cuda0,share=0.4036,tput=2.12] rank2[cuda2,share=0.2995,tput=2.30] rank1[cuda1,share=0.2969,tput=5.46]
epoch 168: eval=0.9170
epoch 169: loss=0.072348, train_acc=0.9754, time=12.1s
per-rank: rank0[cuda0,share=0.4152,tput=2.08] rank2[cuda2,share=0.2951,tput=4.89] rank1[cuda1,share=0.2897,tput=3.30]
epoch 169: eval=0.9162
epoch 170: loss=0.073708, train_acc=0.9749, time=11.1s
per-rank: rank0[cuda0,share=0.4162,tput=2.16] rank2[cuda2,share=0.2957,tput=3.45] rank1[cuda1,share=0.2882,tput=2.81]
epoch 170: eval=0.9160
epoch 171: loss=0.073994, train_acc=0.9753, time=9.6s
per-rank: rank0[cuda0,share=0.4178,tput=3.19] rank2[cuda2,share=0.2951,tput=1.96] rank1[cuda1,share=0.2870,tput=3.69]
epoch 171: eval=0.9169
epoch 172: loss=0.069033, train_acc=0.9776, time=9.7s
per-rank: rank0[cuda0,share=0.4148,tput=3.38] rank2[cuda2,share=0.2973,tput=1.98] rank1[cuda1,share=0.2879,tput=3.36]
epoch 172: eval=0.9191
epoch 173: loss=0.070762, train_acc=0.9762, time=11.5s
per-rank: rank0[cuda0,share=0.4121,tput=2.15] rank2[cuda2,share=0.2974,tput=4.81] rank1[cuda1,share=0.2905,tput=3.23]
epoch 173: eval=0.9177
epoch 174: loss=0.069982, train_acc=0.9764, time=10.8s
per-rank: rank0[cuda0,share=0.4137,tput=2.49] rank2[cuda2,share=0.2949,tput=2.42] rank1[cuda1,share=0.2914,tput=3.35]
epoch 174: eval=0.9174
epoch 175: loss=0.070595, train_acc=0.9759, time=9.7s
per-rank: rank0[cuda0,share=0.4181,tput=3.45] rank1[cuda1,share=0.2912,tput=2.74] rank2[cuda2,share=0.2907,tput=2.39]
epoch 175: eval=0.9183
epoch 176: loss=0.069735, train_acc=0.9767, time=9.7s
per-rank: rank0[cuda0,share=0.4209,tput=3.13] rank1[cuda1,share=0.2901,tput=2.60] rank2[cuda2,share=0.2889,tput=2.59]
epoch 176: eval=0.9171
epoch 177: loss=0.069879, train_acc=0.9762, time=12.3s
per-rank: rank0[cuda0,share=0.4273,tput=2.09] rank1[cuda1,share=0.2866,tput=3.70] rank2[cuda2,share=0.2861,tput=4.23]
epoch 177: eval=0.9188
epoch 178: loss=0.068668, train_acc=0.9773, time=11.7s
per-rank: rank0[cuda0,share=0.4288,tput=1.95] rank1[cuda1,share=0.2861,tput=2.41] rank2[cuda2,share=0.2852,tput=4.02]
epoch 178: eval=0.9167
epoch 179: loss=0.068256, train_acc=0.9768, time=9.6s
per-rank: rank0[cuda0,share=0.4261,tput=3.10] rank1[cuda1,share=0.2877,tput=2.58] rank2[cuda2,share=0.2862,tput=3.00]
epoch 179: eval=0.9182
epoch 180: loss=0.068539, train_acc=0.9772, time=9.8s
per-rank: rank0[cuda0,share=0.4228,tput=3.29] rank1[cuda1,share=0.2894,tput=3.39] rank2[cuda2,share=0.2878,tput=2.02]
epoch 180: eval=0.9172
epoch 181: loss=0.068371, train_acc=0.9769, time=9.8s
per-rank: rank0[cuda0,share=0.4181,tput=2.93] rank1[cuda1,share=0.2950,tput=2.67] rank2[cuda2,share=0.2870,tput=2.99]
epoch 181: eval=0.9179
epoch 182: loss=0.065929, train_acc=0.9779, time=9.5s
per-rank: rank0[cuda0,share=0.4117,tput=3.00] rank1[cuda1,share=0.3015,tput=2.56] rank2[cuda2,share=0.2868,tput=3.02]
epoch 182: eval=0.9175
epoch 183: loss=0.067515, train_acc=0.9767, time=9.6s
per-rank: rank0[cuda0,share=0.4066,tput=3.80] rank1[cuda1,share=0.3076,tput=2.18] rank2[cuda2,share=0.2859,tput=4.49]
epoch 183: eval=0.9195
epoch 184: loss=0.065617, train_acc=0.9781, time=9.7s
per-rank: rank0[cuda0,share=0.4087,tput=3.59] rank1[cuda1,share=0.3084,tput=2.27] rank2[cuda2,share=0.2830,tput=4.13]
epoch 184: eval=0.9173
epoch 185: loss=0.064216, train_acc=0.9783, time=9.7s
per-rank: rank0[cuda0,share=0.4121,tput=3.21] rank1[cuda1,share=0.3085,tput=3.35] rank2[cuda2,share=0.2794,tput=1.99]
epoch 185: eval=0.9159
epoch 186: loss=0.066491, train_acc=0.9779, time=9.7s
per-rank: rank0[cuda0,share=0.4137,tput=2.52] rank1[cuda1,share=0.3097,tput=4.91] rank2[cuda2,share=0.2766,tput=2.38]
epoch 186: eval=0.9160
epoch 187: loss=0.066616, train_acc=0.9773, time=10.0s
per-rank: rank0[cuda0,share=0.4105,tput=2.42] rank1[cuda1,share=0.3096,tput=2.17] rank2[cuda2,share=0.2799,tput=5.52]
epoch 187: eval=0.9181
epoch 188: loss=0.063791, train_acc=0.9783, time=9.8s
per-rank: rank0[cuda0,share=0.4045,tput=2.84] rank1[cuda1,share=0.3108,tput=3.91] rank2[cuda2,share=0.2847,tput=2.08]
epoch 188: eval=0.9178
epoch 189: loss=0.064145, train_acc=0.9781, time=9.7s
per-rank: rank0[cuda0,share=0.3881,tput=3.34] rank1[cuda1,share=0.3167,tput=3.64] rank2[cuda2,share=0.2952,tput=1.94]
epoch 189: eval=0.9169
epoch 190: loss=0.067214, train_acc=0.9771, time=9.8s
per-rank: rank0[cuda0,share=0.3764,tput=3.52] rank1[cuda1,share=0.3213,tput=3.18] rank2[cuda2,share=0.3022,tput=2.17]
epoch 190: eval=0.9187
epoch 191: loss=0.063352, train_acc=0.9780, time=9.9s
per-rank: rank0[cuda0,share=0.3821,tput=2.14] rank1[cuda1,share=0.3195,tput=5.50] rank2[cuda2,share=0.2983,tput=2.20]
epoch 191: eval=0.9183
epoch 192: loss=0.063064, train_acc=0.9787, time=12.0s
per-rank: rank0[cuda0,share=0.3923,tput=2.04] rank1[cuda1,share=0.3140,tput=3.44] rank2[cuda2,share=0.2937,tput=4.41]
epoch 192: eval=0.9177
epoch 193: loss=0.061981, train_acc=0.9788, time=10.9s
per-rank: rank0[cuda0,share=0.3974,tput=2.51] rank1[cuda1,share=0.3100,tput=2.65] rank2[cuda2,share=0.2926,tput=3.21]
epoch 193: eval=0.9187
epoch 194: loss=0.062166, train_acc=0.9789, time=11.8s
per-rank: rank0[cuda0,share=0.4015,tput=2.09] rank1[cuda1,share=0.3111,tput=5.03] rank2[cuda2,share=0.2874,tput=3.31]
epoch 194: eval=0.9177
epoch 195: loss=0.061389, train_acc=0.9791, time=11.1s
per-rank: rank0[cuda0,share=0.4070,tput=1.95] rank1[cuda1,share=0.3097,tput=2.69] rank2[cuda2,share=0.2833,tput=3.56]
epoch 195: eval=0.9169
epoch 196: loss=0.061655, train_acc=0.9789, time=9.7s
per-rank: rank0[cuda0,share=0.3998,tput=3.03] rank1[cuda1,share=0.3137,tput=2.51] rank2[cuda2,share=0.2866,tput=3.09]
epoch 196: eval=0.9189
epoch 197: loss=0.062479, train_acc=0.9786, time=9.8s
per-rank: rank0[cuda0,share=0.3944,tput=3.64] rank1[cuda1,share=0.3146,tput=2.87] rank2[cuda2,share=0.2911,tput=2.21]
epoch 197: eval=0.9173
epoch 198: loss=0.058317, train_acc=0.9812, time=9.8s
per-rank: rank0[cuda0,share=0.3938,tput=2.80] rank1[cuda1,share=0.3104,tput=3.66] rank2[cuda2,share=0.2958,tput=2.20]
epoch 198: eval=0.9191
epoch 199: loss=0.059584, train_acc=0.9800, time=10.5s
per-rank: rank0[cuda0,share=0.4061,tput=2.26] rank1[cuda1,share=0.3051,tput=4.60] rank2[cuda2,share=0.2888,tput=2.89]
final eval=0.9167
# total: 1934.6s (32m 15s)
