# gpu0: NVIDIA GeForce RTX 5060 Ti (15GB, sm_120)
# gpu1: NVIDIA GeForce GTX 1060 6GB (5GB, sm_61)
# gpu2: NVIDIA GeForce GTX 1060 6GB (5GB, sm_61)
epoch 0: loss=2.316953, train_acc=0.1743, time=25.6s
per-rank: rank0[cuda0,share=0.3510,tput=0.86] rank1[cuda1,share=0.3260,tput=1.33] rank2[cuda2,share=0.3231,tput=2.02]
epoch 0: eval=0.2223
epoch 1: loss=1.959604, train_acc=0.2623, time=25.1s
per-rank: rank0[cuda0,share=0.3397,tput=0.90] rank2[cuda2,share=0.3312,tput=1.86] rank1[cuda1,share=0.3291,tput=0.85]
epoch 1: eval=0.3203
epoch 2: loss=1.824899, train_acc=0.3111, time=29.6s
per-rank: rank0[cuda0,share=0.3369,tput=0.69] rank1[cuda1,share=0.3369,tput=1.67] rank2[cuda2,share=0.3261,tput=1.15]
epoch 2: eval=0.3896
epoch 3: loss=1.665792, train_acc=0.3743, time=28.0s
per-rank: rank1[cuda1,share=0.3379,tput=0.87] rank0[cuda0,share=0.3311,tput=1.11] rank2[cuda2,share=0.3311,tput=1.30]
epoch 3: eval=0.3871
epoch 4: loss=1.517979, train_acc=0.4381, time=30.5s
per-rank: rank0[cuda0,share=0.3455,tput=0.69] rank1[cuda1,share=0.3318,tput=1.73] rank2[cuda2,share=0.3227,tput=1.09]
epoch 4: eval=0.4637
epoch 5: loss=1.364438, train_acc=0.5012, time=27.9s
per-rank: rank0[cuda0,share=0.3403,tput=1.21] rank1[cuda1,share=0.3356,tput=0.86] rank2[cuda2,share=0.3241,tput=1.32]
epoch 5: eval=0.4921
epoch 6: loss=1.222833, train_acc=0.5595, time=26.3s
per-rank: rank0[cuda0,share=0.3517,tput=1.40] rank2[cuda2,share=0.3247,tput=1.23] rank1[cuda1,share=0.3236,tput=0.84]
epoch 6: eval=0.5543
epoch 7: loss=1.088435, train_acc=0.6141, time=26.0s
per-rank: rank0[cuda0,share=0.3543,tput=1.35] rank1[cuda1,share=0.3285,tput=0.79] rank2[cuda2,share=0.3172,tput=1.26]
epoch 7: eval=0.5715
epoch 8: loss=0.994712, train_acc=0.6491, time=25.6s
per-rank: rank0[cuda0,share=0.3468,tput=1.18] rank1[cuda1,share=0.3286,tput=0.90] rank2[cuda2,share=0.3246,tput=1.23]
epoch 8: eval=0.6497
epoch 9: loss=0.917393, train_acc=0.6786, time=30.6s
per-rank: rank0[cuda0,share=0.3417,tput=0.68] rank1[cuda1,share=0.3340,tput=1.16] rank2[cuda2,share=0.3243,tput=1.75]
epoch 9: eval=0.6981
epoch 10: loss=0.859444, train_acc=0.7009, time=28.0s
per-rank: rank0[cuda0,share=0.3427,tput=1.15] rank1[cuda1,share=0.3296,tput=0.84] rank2[cuda2,share=0.3277,tput=1.37]
epoch 10: eval=0.7044
epoch 11: loss=0.808487, train_acc=0.7206, time=29.5s
per-rank: rank0[cuda0,share=0.3509,tput=0.73] rank1[cuda1,share=0.3276,tput=1.28] rank2[cuda2,share=0.3215,tput=1.66]
epoch 11: eval=0.7144
epoch 12: loss=0.773916, train_acc=0.7324, time=27.2s
per-rank: rank0[cuda0,share=0.3561,tput=1.11] rank1[cuda1,share=0.3313,tput=0.94] rank2[cuda2,share=0.3126,tput=1.34]
epoch 12: eval=0.7332
epoch 13: loss=0.738136, train_acc=0.7450, time=28.1s
per-rank: rank0[cuda0,share=0.3631,tput=0.78] rank1[cuda1,share=0.3205,tput=1.64] rank2[cuda2,share=0.3164,tput=1.20]
epoch 13: eval=0.7469
epoch 14: loss=0.715389, train_acc=0.7554, time=26.6s
per-rank: rank0[cuda0,share=0.3566,tput=1.12] rank1[cuda1,share=0.3279,tput=1.37] rank2[cuda2,share=0.3156,tput=0.88]
epoch 14: eval=0.7735
epoch 15: loss=0.678520, train_acc=0.7676, time=25.0s
per-rank: rank0[cuda0,share=0.3444,tput=1.40] rank1[cuda1,share=0.3299,tput=1.19] rank2[cuda2,share=0.3257,tput=0.85]
epoch 15: eval=0.7804
epoch 16: loss=0.674614, train_acc=0.7662, time=28.3s
per-rank: rank0[cuda0,share=0.3605,tput=0.78] rank1[cuda1,share=0.3202,tput=1.22] rank2[cuda2,share=0.3193,tput=1.73]
epoch 16: eval=0.7777
epoch 17: loss=0.647207, train_acc=0.7768, time=26.6s
per-rank: rank0[cuda0,share=0.3674,tput=1.10] rank1[cuda1,share=0.3207,tput=0.97] rank2[cuda2,share=0.3119,tput=1.20]
epoch 17: eval=0.7258
epoch 18: loss=0.628492, train_acc=0.7847, time=25.3s
per-rank: rank0[cuda0,share=0.3627,tput=0.82] rank1[cuda1,share=0.3275,tput=1.94] rank2[cuda2,share=0.3099,tput=0.94]
epoch 18: eval=0.7847
epoch 19: loss=0.619991, train_acc=0.7873, time=25.1s
per-rank: rank0[cuda0,share=0.3511,tput=1.24] rank1[cuda1,share=0.3290,tput=1.27] rank2[cuda2,share=0.3199,tput=0.85]
epoch 19: eval=0.8036
epoch 20: loss=0.602440, train_acc=0.7935, time=29.7s
per-rank: rank0[cuda0,share=0.3400,tput=0.71] rank1[cuda1,share=0.3350,tput=1.21] rank2[cuda2,share=0.3250,tput=1.78]
epoch 20: eval=0.7553
epoch 21: loss=0.625911, train_acc=0.7864, time=26.9s
per-rank: rank1[cuda1,share=0.3374,tput=1.41] rank0[cuda0,share=0.3354,tput=1.11] rank2[cuda2,share=0.3273,tput=0.93]
epoch 21: eval=0.7141
epoch 22: loss=0.622440, train_acc=0.7870, time=25.8s
per-rank: rank1[cuda1,share=0.3393,tput=1.63] rank0[cuda0,share=0.3316,tput=0.78] rank2[cuda2,share=0.3291,tput=1.39]
epoch 22: eval=0.7635
epoch 23: loss=0.601535, train_acc=0.7927, time=25.1s
per-rank: rank1[cuda1,share=0.3398,tput=1.28] rank0[cuda0,share=0.3306,tput=1.52] rank2[cuda2,share=0.3296,tput=0.76]
epoch 23: eval=0.7192
epoch 24: loss=0.605277, train_acc=0.7930, time=25.1s
per-rank: rank1[cuda1,share=0.3391,tput=0.82] rank0[cuda0,share=0.3321,tput=1.48] rank2[cuda2,share=0.3289,tput=1.22]
epoch 24: eval=0.7586
epoch 25: loss=0.599421, train_acc=0.7972, time=25.0s
per-rank: rank1[cuda1,share=0.3385,tput=1.23] rank0[cuda0,share=0.3332,tput=1.48] rank2[cuda2,share=0.3283,tput=0.81]
epoch 25: eval=0.6527
epoch 26: loss=0.586625, train_acc=0.7991, time=25.4s
per-rank: rank1[cuda1,share=0.3382,tput=1.15] rank0[cuda0,share=0.3337,tput=1.43] rank2[cuda2,share=0.3281,tput=0.81]
epoch 26: eval=0.7603
epoch 27: loss=0.578960, train_acc=0.8028, time=25.2s
per-rank: rank1[cuda1,share=0.3380,tput=1.83] rank0[cuda0,share=0.3341,tput=0.83] rank2[cuda2,share=0.3279,tput=0.85]
epoch 27: eval=0.6794
epoch 28: loss=0.570238, train_acc=0.8045, time=25.6s
per-rank: rank1[cuda1,share=0.3378,tput=1.84] rank0[cuda0,share=0.3345,tput=0.88] rank2[cuda2,share=0.3277,tput=0.82]
epoch 28: eval=0.7785
epoch 29: loss=0.563033, train_acc=0.8050, time=28.3s
per-rank: rank1[cuda1,share=0.3369,tput=1.17] rank0[cuda0,share=0.3364,tput=0.73] rank2[cuda2,share=0.3268,tput=1.64]
epoch 29: eval=0.7599
epoch 30: loss=0.549402, train_acc=0.8102, time=26.2s
per-rank: rank0[cuda0,share=0.3388,tput=1.28] rank1[cuda1,share=0.3356,tput=1.28] rank2[cuda2,share=0.3256,tput=0.84]
epoch 30: eval=0.7883
epoch 31: loss=0.547972, train_acc=0.8119, time=25.2s
per-rank: rank0[cuda0,share=0.3412,tput=0.97] rank1[cuda1,share=0.3343,tput=0.82] rank2[cuda2,share=0.3245,tput=1.90]
epoch 31: eval=0.8076
epoch 32: loss=0.542646, train_acc=0.8148, time=25.4s
per-rank: rank0[cuda0,share=0.3437,tput=1.12] rank1[cuda1,share=0.3330,tput=0.88] rank2[cuda2,share=0.3233,tput=1.69]
epoch 32: eval=0.7561
epoch 33: loss=0.550109, train_acc=0.8121, time=25.3s
per-rank: rank0[cuda0,share=0.3449,tput=1.30] rank1[cuda1,share=0.3323,tput=1.17] rank2[cuda2,share=0.3228,tput=0.83]
epoch 33: eval=0.7514
epoch 34: loss=0.536126, train_acc=0.8158, time=25.3s
per-rank: rank0[cuda0,share=0.3461,tput=0.90] rank1[cuda1,share=0.3316,tput=1.92] rank2[cuda2,share=0.3223,tput=0.82]
epoch 34: eval=0.7871
epoch 35: loss=0.536131, train_acc=0.8171, time=25.7s
per-rank: rank0[cuda0,share=0.3486,tput=0.95] rank1[cuda1,share=0.3302,tput=1.86] rank2[cuda2,share=0.3211,tput=0.77]
epoch 35: eval=0.8398
epoch 36: loss=0.524031, train_acc=0.8194, time=25.2s
per-rank: rank0[cuda0,share=0.3499,tput=1.41] rank1[cuda1,share=0.3295,tput=1.28] rank2[cuda2,share=0.3206,tput=0.77]
epoch 36: eval=0.8036
epoch 37: loss=0.526227, train_acc=0.8206, time=29.4s
per-rank: rank0[cuda0,share=0.3512,tput=0.73] rank1[cuda1,share=0.3288,tput=1.23] rank2[cuda2,share=0.3200,tput=1.69]
epoch 37: eval=0.7561
epoch 38: loss=0.518260, train_acc=0.8236, time=27.7s
per-rank: rank0[cuda0,share=0.3517,tput=1.11] rank1[cuda1,share=0.3294,tput=1.28] rank2[cuda2,share=0.3189,tput=0.90]
epoch 38: eval=0.8072
epoch 39: loss=0.516710, train_acc=0.8229, time=29.2s
per-rank: rank0[cuda0,share=0.3516,tput=0.72] rank1[cuda1,share=0.3295,tput=1.14] rank2[cuda2,share=0.3190,tput=1.71]
epoch 39: eval=0.7373
epoch 40: loss=0.521949, train_acc=0.8213, time=27.4s
per-rank: rank0[cuda0,share=0.3514,tput=1.10] rank1[cuda1,share=0.3296,tput=1.32] rank2[cuda2,share=0.3190,tput=0.82]
epoch 40: eval=0.8139
epoch 41: loss=0.506239, train_acc=0.8266, time=30.4s
per-rank: rank0[cuda0,share=0.3512,tput=0.70] rank1[cuda1,share=0.3298,tput=1.73] rank2[cuda2,share=0.3191,tput=1.18]
epoch 41: eval=0.7674
epoch 42: loss=0.504360, train_acc=0.8285, time=28.0s
per-rank: rank0[cuda0,share=0.3510,tput=1.14] rank1[cuda1,share=0.3299,tput=0.85] rank2[cuda2,share=0.3191,tput=1.26]
epoch 42: eval=0.7945
epoch 43: loss=0.500072, train_acc=0.8289, time=26.2s
per-rank: rank0[cuda0,share=0.3509,tput=1.39] rank1[cuda1,share=0.3300,tput=1.16] rank2[cuda2,share=0.3191,tput=0.80]
epoch 43: eval=0.8021
epoch 44: loss=0.502650, train_acc=0.8285, time=30.0s
per-rank: rank0[cuda0,share=0.3506,tput=0.70] rank1[cuda1,share=0.3302,tput=1.78] rank2[cuda2,share=0.3192,tput=1.14]
epoch 44: eval=0.8369
epoch 45: loss=0.499129, train_acc=0.8303, time=27.4s
per-rank: rank0[cuda0,share=0.3505,tput=1.10] rank1[cuda1,share=0.3303,tput=0.92] rank2[cuda2,share=0.3193,tput=1.28]
epoch 45: eval=0.8352
epoch 46: loss=0.495241, train_acc=0.8302, time=28.9s
per-rank: rank0[cuda0,share=0.3510,tput=0.74] rank1[cuda1,share=0.3291,tput=1.23] rank2[cuda2,share=0.3199,tput=1.68]
epoch 46: eval=0.8209
epoch 47: loss=0.488302, train_acc=0.8321, time=27.3s
per-rank: rank0[cuda0,share=0.3508,tput=1.21] rank1[cuda1,share=0.3292,tput=1.27] rank2[cuda2,share=0.3200,tput=0.88]
epoch 47: eval=0.7833
epoch 48: loss=0.495768, train_acc=0.8303, time=27.8s
per-rank: rank0[cuda0,share=0.3505,tput=0.76] rank1[cuda1,share=0.3295,tput=1.20] rank2[cuda2,share=0.3201,tput=1.63]
epoch 48: eval=0.7964
epoch 49: loss=0.479819, train_acc=0.8367, time=27.2s
per-rank: rank0[cuda0,share=0.3503,tput=1.30] rank1[cuda1,share=0.3296,tput=1.24] rank2[cuda2,share=0.3201,tput=0.78]
epoch 49: eval=0.8160
epoch 50: loss=0.482312, train_acc=0.8345, time=29.1s
per-rank: rank0[cuda0,share=0.3502,tput=0.73] rank1[cuda1,share=0.3297,tput=1.15] rank2[cuda2,share=0.3202,tput=1.65]
epoch 50: eval=0.7150
epoch 51: loss=0.496413, train_acc=0.8294, time=27.0s
per-rank: rank0[cuda0,share=0.3500,tput=1.24] rank1[cuda1,share=0.3298,tput=1.29] rank2[cuda2,share=0.3202,tput=0.85]
epoch 51: eval=0.7641
epoch 52: loss=0.474709, train_acc=0.8364, time=28.2s
per-rank: rank0[cuda0,share=0.3510,tput=0.74] rank1[cuda1,share=0.3313,tput=1.18] rank2[cuda2,share=0.3177,tput=1.66]
epoch 52: eval=0.7357
epoch 53: loss=0.475060, train_acc=0.8385, time=26.9s
per-rank: rank0[cuda0,share=0.3522,tput=1.28] rank1[cuda1,share=0.3309,tput=0.81] rank2[cuda2,share=0.3170,tput=1.29]
epoch 53: eval=0.8062
epoch 54: loss=0.480838, train_acc=0.8350, time=31.5s
per-rank: rank0[cuda0,share=0.3548,tput=0.70] rank1[cuda1,share=0.3298,tput=1.17] rank2[cuda2,share=0.3154,tput=1.78]
epoch 54: eval=0.8005
epoch 55: loss=0.472807, train_acc=0.8368, time=28.5s
per-rank: rank0[cuda0,share=0.3562,tput=1.03] rank1[cuda1,share=0.3292,tput=1.27] rank2[cuda2,share=0.3146,tput=0.91]
epoch 55: eval=0.8223
epoch 56: loss=0.475044, train_acc=0.8379, time=30.5s
per-rank: rank0[cuda0,share=0.3575,tput=0.73] rank1[cuda1,share=0.3287,tput=1.19] rank2[cuda2,share=0.3138,tput=1.83]
epoch 56: eval=0.8016
epoch 57: loss=0.472500, train_acc=0.8376, time=28.4s
per-rank: rank0[cuda0,share=0.3589,tput=1.06] rank1[cuda1,share=0.3281,tput=1.35] rank2[cuda2,share=0.3130,tput=0.86]
epoch 57: eval=0.7698
epoch 58: loss=0.471237, train_acc=0.8389, time=25.8s
per-rank: rank0[cuda0,share=0.3585,tput=1.23] rank1[cuda1,share=0.3286,tput=1.29] rank2[cuda2,share=0.3129,tput=0.82]
epoch 58: eval=0.8251
epoch 59: loss=0.464518, train_acc=0.8404, time=26.1s
per-rank: rank0[cuda0,share=0.3582,tput=0.90] rank1[cuda1,share=0.3287,tput=1.90] rank2[cuda2,share=0.3131,tput=0.77]
epoch 59: eval=0.8159
epoch 60: loss=0.470259, train_acc=0.8376, time=25.3s
per-rank: rank0[cuda0,share=0.3585,tput=0.85] rank1[cuda1,share=0.3276,tput=1.82] rank2[cuda2,share=0.3139,tput=0.88]
epoch 60: eval=0.7996
epoch 61: loss=0.453678, train_acc=0.8449, time=26.0s
per-rank: rank0[cuda0,share=0.3554,tput=0.97] rank1[cuda1,share=0.3290,tput=0.79] rank2[cuda2,share=0.3155,tput=1.86]
epoch 61: eval=0.8337
epoch 62: loss=0.461421, train_acc=0.8416, time=29.0s
per-rank: rank0[cuda0,share=0.3523,tput=0.72] rank1[cuda1,share=0.3305,tput=1.11] rank2[cuda2,share=0.3172,tput=1.67]
epoch 62: eval=0.8332
epoch 63: loss=0.452029, train_acc=0.8479, time=26.8s
per-rank: rank0[cuda0,share=0.3506,tput=1.28] rank1[cuda1,share=0.3313,tput=1.26] rank2[cuda2,share=0.3181,tput=0.82]
epoch 63: eval=0.8132
epoch 64: loss=0.461604, train_acc=0.8418, time=25.8s
per-rank: rank0[cuda0,share=0.3490,tput=0.88] rank1[cuda1,share=0.3320,tput=0.83] rank2[cuda2,share=0.3190,tput=1.86]
epoch 64: eval=0.7573
epoch 65: loss=0.448785, train_acc=0.8450, time=25.6s
per-rank: rank0[cuda0,share=0.3496,tput=0.95] rank1[cuda1,share=0.3307,tput=0.78] rank2[cuda2,share=0.3196,tput=1.97]
epoch 65: eval=0.8077
epoch 66: loss=0.459262, train_acc=0.8430, time=27.9s
per-rank: rank0[cuda0,share=0.3497,tput=0.76] rank1[cuda1,share=0.3289,tput=1.19] rank2[cuda2,share=0.3215,tput=1.67]
epoch 66: eval=0.7947
epoch 67: loss=0.447251, train_acc=0.8464, time=26.2s
per-rank: rank0[cuda0,share=0.3496,tput=1.22] rank1[cuda1,share=0.3272,tput=0.90] rank2[cuda2,share=0.3232,tput=1.21]
epoch 67: eval=0.8166
epoch 68: loss=0.448577, train_acc=0.8457, time=25.3s
per-rank: rank0[cuda0,share=0.3508,tput=1.32] rank1[cuda1,share=0.3266,tput=1.28] rank2[cuda2,share=0.3226,tput=0.84]
epoch 68: eval=0.7984
epoch 69: loss=0.450421, train_acc=0.8461, time=24.8s
per-rank: rank0[cuda0,share=0.3533,tput=1.46] rank1[cuda1,share=0.3253,tput=1.15] rank2[cuda2,share=0.3213,tput=0.87]
epoch 69: eval=0.8301
epoch 70: loss=0.445532, train_acc=0.8466, time=24.9s
per-rank: rank0[cuda0,share=0.3533,tput=1.25] rank1[cuda1,share=0.3254,tput=1.27] rank2[cuda2,share=0.3213,tput=0.84]
epoch 70: eval=0.8230
epoch 71: loss=0.454639, train_acc=0.8446, time=28.1s
per-rank: rank0[cuda0,share=0.3545,tput=0.75] rank1[cuda1,share=0.3230,tput=1.76] rank2[cuda2,share=0.3225,tput=1.18]
epoch 71: eval=0.7549
epoch 72: loss=0.441286, train_acc=0.8493, time=26.9s
per-rank: rank0[cuda0,share=0.3550,tput=1.33] rank1[cuda1,share=0.3235,tput=1.23] rank2[cuda2,share=0.3215,tput=0.88]
epoch 72: eval=0.7286
epoch 73: loss=0.440957, train_acc=0.8504, time=25.2s
per-rank: rank0[cuda0,share=0.3561,tput=1.47] rank1[cuda1,share=0.3246,tput=0.82] rank2[cuda2,share=0.3193,tput=1.24]
epoch 73: eval=0.8358
epoch 74: loss=0.449377, train_acc=0.8465, time=28.0s
per-rank: rank0[cuda0,share=0.3566,tput=0.78] rank1[cuda1,share=0.3251,tput=1.84] rank2[cuda2,share=0.3183,tput=1.10]
epoch 74: eval=0.8095
epoch 75: loss=0.440692, train_acc=0.8492, time=26.9s
per-rank: rank0[cuda0,share=0.3571,tput=1.20] rank1[cuda1,share=0.3239,tput=0.85] rank2[cuda2,share=0.3190,tput=1.33]
epoch 75: eval=0.8171
epoch 76: loss=0.435619, train_acc=0.8498, time=25.1s
per-rank: rank0[cuda0,share=0.3591,tput=1.25] rank1[cuda1,share=0.3230,tput=0.84] rank2[cuda2,share=0.3179,tput=1.25]
epoch 76: eval=0.8072
epoch 77: loss=0.445742, train_acc=0.8469, time=25.2s
per-rank: rank0[cuda0,share=0.3593,tput=1.33] rank1[cuda1,share=0.3239,tput=1.17] rank2[cuda2,share=0.3168,tput=0.87]
epoch 77: eval=0.8251
epoch 78: loss=0.437503, train_acc=0.8504, time=29.4s
per-rank: rank0[cuda0,share=0.3579,tput=0.76] rank1[cuda1,share=0.3258,tput=1.19] rank2[cuda2,share=0.3164,tput=1.92]
epoch 78: eval=0.8383
epoch 79: loss=0.432991, train_acc=0.8534, time=27.9s
per-rank: rank0[cuda0,share=0.3551,tput=1.12] rank1[cuda1,share=0.3266,tput=0.88] rank2[cuda2,share=0.3183,tput=1.33]
epoch 79: eval=0.7958
epoch 80: loss=0.429909, train_acc=0.8515, time=24.9s
per-rank: rank0[cuda0,share=0.3528,tput=1.51] rank1[cuda1,share=0.3263,tput=0.81] rank2[cuda2,share=0.3209,tput=1.26]
epoch 80: eval=0.8498
epoch 81: loss=0.430761, train_acc=0.8519, time=24.6s
per-rank: rank0[cuda0,share=0.3510,tput=1.22] rank1[cuda1,share=0.3274,tput=1.38] rank2[cuda2,share=0.3217,tput=0.88]
epoch 81: eval=0.8303
epoch 82: loss=0.423440, train_acc=0.8551, time=24.9s
per-rank: rank0[cuda0,share=0.3483,tput=1.04] rank1[cuda1,share=0.3278,tput=1.94] rank2[cuda2,share=0.3239,tput=0.79]
epoch 82: eval=0.7984
epoch 83: loss=0.426495, train_acc=0.8543, time=25.2s
per-rank: rank0[cuda0,share=0.3474,tput=1.43] rank1[cuda1,share=0.3274,tput=1.26] rank2[cuda2,share=0.3252,tput=0.78]
epoch 83: eval=0.8130
epoch 84: loss=0.427470, train_acc=0.8536, time=24.5s
per-rank: rank0[cuda0,share=0.3498,tput=1.59] rank1[cuda1,share=0.3262,tput=0.82] rank2[cuda2,share=0.3240,tput=1.17]
epoch 84: eval=0.7986
epoch 85: loss=0.429919, train_acc=0.8526, time=24.9s
per-rank: rank0[cuda0,share=0.3510,tput=1.69] rank1[cuda1,share=0.3275,tput=0.78] rank2[cuda2,share=0.3214,tput=1.17]
epoch 85: eval=0.8029
epoch 86: loss=0.438577, train_acc=0.8501, time=29.7s
per-rank: rank0[cuda0,share=0.3554,tput=0.72] rank1[cuda1,share=0.3265,tput=1.80] rank2[cuda2,share=0.3181,tput=1.19]
epoch 86: eval=0.8309
epoch 87: loss=0.428756, train_acc=0.8540, time=27.1s
per-rank: rank0[cuda0,share=0.3559,tput=0.78] rank1[cuda1,share=0.3264,tput=1.00] rank2[cuda2,share=0.3177,tput=1.45]
epoch 87: eval=0.8136
epoch 88: loss=0.418706, train_acc=0.8575, time=28.6s
per-rank: rank0[cuda0,share=0.3528,tput=0.76] rank1[cuda1,share=0.3265,tput=1.16] rank2[cuda2,share=0.3207,tput=1.83]
epoch 88: eval=0.8100
epoch 89: loss=0.423028, train_acc=0.8561, time=26.8s
per-rank: rank0[cuda0,share=0.3515,tput=1.14] rank1[cuda1,share=0.3263,tput=0.93] rank2[cuda2,share=0.3222,tput=1.31]
epoch 89: eval=0.8026
epoch 90: loss=0.422666, train_acc=0.8559, time=26.5s
per-rank: rank0[cuda0,share=0.3517,tput=0.78] rank2[cuda2,share=0.3243,tput=1.64] rank1[cuda1,share=0.3240,tput=1.25]
epoch 90: eval=0.8159
epoch 91: loss=0.422960, train_acc=0.8542, time=25.7s
per-rank: rank0[cuda0,share=0.3496,tput=1.32] rank1[cuda1,share=0.3263,tput=0.90] rank2[cuda2,share=0.3241,tput=1.26]
epoch 91: eval=0.8562
epoch 92: loss=0.416713, train_acc=0.8563, time=25.3s
per-rank: rank0[cuda0,share=0.3520,tput=0.93] rank1[cuda1,share=0.3263,tput=0.82] rank2[cuda2,share=0.3216,tput=2.03]
epoch 92: eval=0.8516
epoch 93: loss=0.417977, train_acc=0.8571, time=26.3s
per-rank: rank0[cuda0,share=0.3552,tput=0.82] rank1[cuda1,share=0.3251,tput=1.08] rank2[cuda2,share=0.3197,tput=1.91]
epoch 93: eval=0.7303
epoch 94: loss=0.412673, train_acc=0.8583, time=25.9s
per-rank: rank0[cuda0,share=0.3594,tput=1.22] rank1[cuda1,share=0.3232,tput=1.23] rank2[cuda2,share=0.3174,tput=0.88]
epoch 94: eval=0.8151
epoch 95: loss=0.418359, train_acc=0.8560, time=29.3s
per-rank: rank0[cuda0,share=0.3612,tput=0.75] rank1[cuda1,share=0.3199,tput=1.70] rank2[cuda2,share=0.3189,tput=1.30]
epoch 95: eval=0.8544
epoch 96: loss=0.413850, train_acc=0.8574, time=27.5s
per-rank: rank0[cuda0,share=0.3611,tput=1.19] rank2[cuda2,share=0.3198,tput=1.22] rank1[cuda1,share=0.3191,tput=0.91]
epoch 96: eval=0.7154
epoch 97: loss=0.413763, train_acc=0.8576, time=28.9s
per-rank: rank0[cuda0,share=0.3619,tput=0.77] rank2[cuda2,share=0.3192,tput=1.14] rank1[cuda1,share=0.3189,tput=1.93]
epoch 97: eval=0.8286
epoch 98: loss=0.404710, train_acc=0.8605, time=26.6s
per-rank: rank0[cuda0,share=0.3622,tput=1.13] rank1[cuda1,share=0.3207,tput=1.44] rank2[cuda2,share=0.3172,tput=0.87]
epoch 98: eval=0.8005
epoch 99: loss=0.400626, train_acc=0.8615, time=24.9s
per-rank: rank0[cuda0,share=0.3593,tput=1.02] rank1[cuda1,share=0.3275,tput=1.88] rank2[cuda2,share=0.3132,tput=0.79]
epoch 99: eval=0.8287
epoch 100: loss=0.293180, train_acc=0.9001, time=28.6s
per-rank: rank0[cuda0,share=0.3578,tput=0.76] rank1[cuda1,share=0.3329,tput=1.83] rank2[cuda2,share=0.3093,tput=1.14]
epoch 100: eval=0.9086
epoch 101: loss=0.193168, train_acc=0.9341, time=27.0s
per-rank: rank0[cuda0,share=0.3576,tput=1.16] rank1[cuda1,share=0.3340,tput=1.39] rank2[cuda2,share=0.3084,tput=0.87]
epoch 101: eval=0.9137
epoch 102: loss=0.177611, train_acc=0.9392, time=25.1s
per-rank: rank0[cuda0,share=0.3566,tput=1.41] rank1[cuda1,share=0.3336,tput=0.83] rank2[cuda2,share=0.3098,tput=1.29]
epoch 102: eval=0.9164
epoch 103: loss=0.169772, train_acc=0.9423, time=24.8s
per-rank: rank0[cuda0,share=0.3544,tput=0.92] rank1[cuda1,share=0.3308,tput=1.85] rank2[cuda2,share=0.3148,tput=0.85]
epoch 103: eval=0.9179
epoch 104: loss=0.163059, train_acc=0.9444, time=24.6s
per-rank: rank0[cuda0,share=0.3548,tput=0.94] rank1[cuda1,share=0.3278,tput=2.06] rank2[cuda2,share=0.3174,tput=0.81]
epoch 104: eval=0.9197
epoch 105: loss=0.152604, train_acc=0.9472, time=28.0s
per-rank: rank0[cuda0,share=0.3552,tput=0.76] rank1[cuda1,share=0.3249,tput=1.76] rank2[cuda2,share=0.3199,tput=1.22]
epoch 105: eval=0.9210
epoch 106: loss=0.147512, train_acc=0.9494, time=26.1s
per-rank: rank0[cuda0,share=0.3574,tput=1.36] rank1[cuda1,share=0.3240,tput=0.84] rank2[cuda2,share=0.3186,tput=1.27]
epoch 106: eval=0.9212
epoch 107: loss=0.140543, train_acc=0.9512, time=24.6s
per-rank: rank0[cuda0,share=0.3571,tput=1.32] rank1[cuda1,share=0.3225,tput=0.86] rank2[cuda2,share=0.3204,tput=1.21]
epoch 107: eval=0.9197
epoch 108: loss=0.138220, train_acc=0.9524, time=25.0s
per-rank: rank0[cuda0,share=0.3584,tput=1.40] rank1[cuda1,share=0.3216,tput=1.20] rank2[cuda2,share=0.3200,tput=0.79]
epoch 108: eval=0.9195
epoch 109: loss=0.131664, train_acc=0.9541, time=29.5s
per-rank: rank0[cuda0,share=0.3604,tput=0.76] rank1[cuda1,share=0.3212,tput=1.78] rank2[cuda2,share=0.3184,tput=1.21]
epoch 109: eval=0.9201
epoch 110: loss=0.129899, train_acc=0.9549, time=27.4s
per-rank: rank0[cuda0,share=0.3590,tput=1.02] rank1[cuda1,share=0.3214,tput=1.26] rank2[cuda2,share=0.3196,tput=1.02]
epoch 110: eval=0.9215
epoch 111: loss=0.125195, train_acc=0.9566, time=25.0s
per-rank: rank0[cuda0,share=0.3524,tput=1.05] rank1[cuda1,share=0.3251,tput=0.90] rank2[cuda2,share=0.3225,tput=1.72]
epoch 111: eval=0.9193
epoch 112: loss=0.120056, train_acc=0.9575, time=24.9s
per-rank: rank0[cuda0,share=0.3437,tput=0.95] rank1[cuda1,share=0.3321,tput=0.83] rank2[cuda2,share=0.3241,tput=1.90]
epoch 112: eval=0.9244
epoch 113: loss=0.116745, train_acc=0.9585, time=25.6s
per-rank: rank0[cuda0,share=0.3426,tput=0.95] rank1[cuda1,share=0.3302,tput=0.81] rank2[cuda2,share=0.3271,tput=1.86]
epoch 113: eval=0.9238
epoch 114: loss=0.111811, train_acc=0.9610, time=30.2s
per-rank: rank0[cuda0,share=0.3472,tput=0.71] rank1[cuda1,share=0.3268,tput=2.01] rank2[cuda2,share=0.3260,tput=1.15]
epoch 114: eval=0.9232
epoch 115: loss=0.105532, train_acc=0.9638, time=27.5s
per-rank: rank0[cuda0,share=0.3393,tput=1.04] rank1[cuda1,share=0.3342,tput=1.36] rank2[cuda2,share=0.3265,tput=0.92]
epoch 115: eval=0.9217
epoch 116: loss=0.106375, train_acc=0.9629, time=25.6s
per-rank: rank0[cuda0,share=0.3475,tput=0.99] rank1[cuda1,share=0.3276,tput=1.72] rank2[cuda2,share=0.3249,tput=0.78]
epoch 116: eval=0.9217
epoch 117: loss=0.104015, train_acc=0.9636, time=29.9s
per-rank: rank0[cuda0,share=0.3593,tput=0.74] rank2[cuda2,share=0.3230,tput=1.20] rank1[cuda1,share=0.3176,tput=1.78]
epoch 117: eval=0.9209
epoch 118: loss=0.097787, train_acc=0.9652, time=28.1s
per-rank: rank0[cuda0,share=0.3517,tput=0.83] rank2[cuda2,share=0.3269,tput=1.32] rank1[cuda1,share=0.3214,tput=0.98]
epoch 118: eval=0.9229
epoch 119: loss=0.096738, train_acc=0.9661, time=26.7s
per-rank: rank0[cuda0,share=0.3366,tput=0.92] rank1[cuda1,share=0.3346,tput=0.78] rank2[cuda2,share=0.3288,tput=1.75]
epoch 119: eval=0.9224
epoch 120: loss=0.090525, train_acc=0.9683, time=26.0s
per-rank: rank0[cuda0,share=0.3442,tput=0.85] rank2[cuda2,share=0.3316,tput=0.80] rank1[cuda1,share=0.3242,tput=1.92]
epoch 120: eval=0.9208
epoch 121: loss=0.093989, train_acc=0.9665, time=26.3s
per-rank: rank0[cuda0,share=0.3474,tput=0.86] rank1[cuda1,share=0.3263,tput=0.88] rank2[cuda2,share=0.3263,tput=1.75]
epoch 121: eval=0.9231
epoch 122: loss=0.090465, train_acc=0.9672, time=26.1s
per-rank: rank0[cuda0,share=0.3504,tput=1.47] rank1[cuda1,share=0.3287,tput=1.20] rank2[cuda2,share=0.3209,tput=0.77]
epoch 122: eval=0.9182
epoch 123: loss=0.090269, train_acc=0.9683, time=25.3s
per-rank: rank0[cuda0,share=0.3527,tput=1.32] rank1[cuda1,share=0.3295,tput=0.83] rank2[cuda2,share=0.3178,tput=1.27]
epoch 123: eval=0.9222
epoch 124: loss=0.087391, train_acc=0.9702, time=28.3s
per-rank: rank0[cuda0,share=0.3512,tput=0.75] rank1[cuda1,share=0.3273,tput=1.13] rank2[cuda2,share=0.3215,tput=1.81]
epoch 124: eval=0.9157
epoch 125: loss=0.083017, train_acc=0.9708, time=27.2s
per-rank: rank0[cuda0,share=0.3548,tput=1.16] rank1[cuda1,share=0.3235,tput=0.88] rank2[cuda2,share=0.3217,tput=1.25]
epoch 125: eval=0.9214
epoch 126: loss=0.082470, train_acc=0.9714, time=25.6s
per-rank: rank0[cuda0,share=0.3529,tput=1.32] rank1[cuda1,share=0.3273,tput=1.23] rank2[cuda2,share=0.3198,tput=0.83]
epoch 126: eval=0.9205
epoch 127: loss=0.077689, train_acc=0.9728, time=25.9s
per-rank: rank0[cuda0,share=0.3539,tput=0.95] rank1[cuda1,share=0.3280,tput=1.85] rank2[cuda2,share=0.3181,tput=0.77]
epoch 127: eval=0.9187
epoch 128: loss=0.077775, train_acc=0.9724, time=25.5s
per-rank: rank0[cuda0,share=0.3571,tput=0.91] rank1[cuda1,share=0.3265,tput=1.99] rank2[cuda2,share=0.3163,tput=0.82]
epoch 128: eval=0.9194
epoch 129: loss=0.079492, train_acc=0.9714, time=25.5s
per-rank: rank0[cuda0,share=0.3540,tput=1.37] rank1[cuda1,share=0.3246,tput=0.84] rank2[cuda2,share=0.3214,tput=1.26]
epoch 129: eval=0.9199
epoch 130: loss=0.074878, train_acc=0.9738, time=25.5s
per-rank: rank0[cuda0,share=0.3566,tput=1.39] rank1[cuda1,share=0.3227,tput=1.20] rank2[cuda2,share=0.3207,tput=0.81]
epoch 130: eval=0.9205
epoch 131: loss=0.077467, train_acc=0.9722, time=29.9s
per-rank: rank0[cuda0,share=0.3600,tput=0.74] rank1[cuda1,share=0.3226,tput=1.82] rank2[cuda2,share=0.3174,tput=1.17]
epoch 131: eval=0.9172
epoch 132: loss=0.075185, train_acc=0.9733, time=27.6s
per-rank: rank0[cuda0,share=0.3586,tput=1.08] rank1[cuda1,share=0.3265,tput=0.97] rank2[cuda2,share=0.3149,tput=1.32]
epoch 132: eval=0.9157
epoch 133: loss=0.078315, train_acc=0.9731, time=25.4s
per-rank: rank0[cuda0,share=0.3588,tput=1.52] rank1[cuda1,share=0.3293,tput=0.84] rank2[cuda2,share=0.3119,tput=1.14]
epoch 133: eval=0.9167
epoch 134: loss=0.073848, train_acc=0.9738, time=26.1s
per-rank: rank0[cuda0,share=0.3593,tput=0.89] rank1[cuda1,share=0.3267,tput=0.85] rank2[cuda2,share=0.3140,tput=1.89]
epoch 134: eval=0.9199
epoch 135: loss=0.074828, train_acc=0.9737, time=30.0s
per-rank: rank0[cuda0,share=0.3596,tput=0.73] rank1[cuda1,share=0.3232,tput=1.13] rank2[cuda2,share=0.3173,tput=1.77]
epoch 135: eval=0.9240
epoch 136: loss=0.073443, train_acc=0.9743, time=27.5s
per-rank: rank0[cuda0,share=0.3534,tput=0.84] rank2[cuda2,share=0.3242,tput=1.38] rank1[cuda1,share=0.3224,tput=0.96]
epoch 136: eval=0.9160
epoch 137: loss=0.071360, train_acc=0.9750, time=25.3s
per-rank: rank0[cuda0,share=0.3380,tput=1.37] rank2[cuda2,share=0.3320,tput=1.18] rank1[cuda1,share=0.3300,tput=0.89]
epoch 137: eval=0.9223
epoch 138: loss=0.068182, train_acc=0.9766, time=29.7s
per-rank: rank0[cuda0,share=0.3408,tput=0.71] rank1[cuda1,share=0.3347,tput=1.21] rank2[cuda2,share=0.3245,tput=1.75]
epoch 138: eval=0.9184
epoch 139: loss=0.074565, train_acc=0.9731, time=27.3s
per-rank: rank0[cuda0,share=0.3384,tput=1.18] rank1[cuda1,share=0.3384,tput=0.96] rank2[cuda2,share=0.3233,tput=1.31]
epoch 139: eval=0.9163
epoch 140: loss=0.077658, train_acc=0.9721, time=26.8s
per-rank: rank0[cuda0,share=0.3439,tput=0.76] rank1[cuda1,share=0.3378,tput=1.74] rank2[cuda2,share=0.3183,tput=1.13]
epoch 140: eval=0.9184
epoch 141: loss=0.077676, train_acc=0.9728, time=26.1s
per-rank: rank0[cuda0,share=0.3459,tput=1.12] rank1[cuda1,share=0.3373,tput=0.95] rank2[cuda2,share=0.3169,tput=1.27]
epoch 141: eval=0.9048
epoch 142: loss=0.077973, train_acc=0.9730, time=25.1s
per-rank: rank0[cuda0,share=0.3505,tput=1.54] rank1[cuda1,share=0.3340,tput=1.20] rank2[cuda2,share=0.3155,tput=0.79]
epoch 142: eval=0.9134
epoch 143: loss=0.071771, train_acc=0.9749, time=27.7s
per-rank: rank0[cuda0,share=0.3534,tput=0.78] rank1[cuda1,share=0.3303,tput=1.92] rank2[cuda2,share=0.3163,tput=1.12]
epoch 143: eval=0.9086
epoch 144: loss=0.072916, train_acc=0.9744, time=26.3s
per-rank: rank0[cuda0,share=0.3582,tput=1.14] rank1[cuda1,share=0.3265,tput=1.37] rank2[cuda2,share=0.3152,tput=0.85]
epoch 144: eval=0.9086
epoch 145: loss=0.067036, train_acc=0.9767, time=25.0s
per-rank: rank0[cuda0,share=0.3627,tput=1.01] rank1[cuda1,share=0.3230,tput=1.91] rank2[cuda2,share=0.3143,tput=0.81]
epoch 145: eval=0.9163
epoch 146: loss=0.068525, train_acc=0.9758, time=24.9s
per-rank: rank0[cuda0,share=0.3621,tput=0.96] rank1[cuda1,share=0.3216,tput=0.87] rank2[cuda2,share=0.3163,tput=1.88]
epoch 146: eval=0.9120
epoch 147: loss=0.065505, train_acc=0.9774, time=28.6s
per-rank: rank0[cuda0,share=0.3636,tput=0.76] rank1[cuda1,share=0.3185,tput=1.73] rank2[cuda2,share=0.3178,tput=1.22]
epoch 147: eval=0.9095
epoch 148: loss=0.068242, train_acc=0.9764, time=26.9s
per-rank: rank0[cuda0,share=0.3584,tput=1.04] rank2[cuda2,share=0.3212,tput=1.30] rank1[cuda1,share=0.3204,tput=1.01]
epoch 148: eval=0.9202
epoch 149: loss=0.067550, train_acc=0.9763, time=24.7s
per-rank: rank0[cuda0,share=0.3509,tput=1.46] rank1[cuda1,share=0.3263,tput=0.87] rank2[cuda2,share=0.3229,tput=1.16]
epoch 149: eval=0.9087
epoch 150: loss=0.049138, train_acc=0.9838, time=25.3s
per-rank: rank0[cuda0,share=0.3525,tput=0.94] rank1[cuda1,share=0.3298,tput=2.00] rank2[cuda2,share=0.3176,tput=0.79]
epoch 150: eval=0.9283
epoch 151: loss=0.030793, train_acc=0.9912, time=28.5s
per-rank: rank0[cuda0,share=0.3556,tput=0.77] rank1[cuda1,share=0.3268,tput=1.22] rank2[cuda2,share=0.3175,tput=1.78]
epoch 151: eval=0.9308
epoch 152: loss=0.027298, train_acc=0.9921, time=26.8s
per-rank: rank0[cuda0,share=0.3578,tput=1.09] rank1[cuda1,share=0.3230,tput=1.30] rank2[cuda2,share=0.3191,tput=0.92]
epoch 152: eval=0.9322
epoch 153: loss=0.027071, train_acc=0.9924, time=25.2s
per-rank: rank0[cuda0,share=0.3484,tput=1.49] rank1[cuda1,share=0.3258,tput=0.83] rank2[cuda2,share=0.3258,tput=1.15]
epoch 153: eval=0.9305
epoch 154: loss=0.024863, train_acc=0.9929, time=24.9s
per-rank: rank0[cuda0,share=0.3464,tput=1.07] rank2[cuda2,share=0.3270,tput=0.79] rank1[cuda1,share=0.3266,tput=1.82]
epoch 154: eval=0.9296
epoch 155: loss=0.023417, train_acc=0.9936, time=24.7s
per-rank: rank0[cuda0,share=0.3450,tput=1.60] rank2[cuda2,share=0.3278,tput=1.15] rank1[cuda1,share=0.3272,tput=0.87]
epoch 155: eval=0.9296
epoch 156: loss=0.023088, train_acc=0.9932, time=24.6s
per-rank: rank0[cuda0,share=0.3462,tput=1.62] rank2[cuda2,share=0.3273,tput=0.78] rank1[cuda1,share=0.3265,tput=1.28]
epoch 156: eval=0.9297
epoch 157: loss=0.022336, train_acc=0.9935, time=25.0s
per-rank: rank0[cuda0,share=0.3470,tput=1.02] rank2[cuda2,share=0.3273,tput=1.69] rank1[cuda1,share=0.3258,tput=0.87]
epoch 157: eval=0.9309
epoch 158: loss=0.021019, train_acc=0.9941, time=25.1s
per-rank: rank0[cuda0,share=0.3477,tput=0.97] rank2[cuda2,share=0.3269,tput=1.84] rank1[cuda1,share=0.3254,tput=0.84]
epoch 158: eval=0.9304
epoch 159: loss=0.021502, train_acc=0.9938, time=24.9s
per-rank: rank0[cuda0,share=0.3483,tput=0.91] rank2[cuda2,share=0.3267,tput=1.93] rank1[cuda1,share=0.3251,tput=0.87]
epoch 159: eval=0.9306
epoch 160: loss=0.018947, train_acc=0.9949, time=30.8s
per-rank: rank0[cuda0,share=0.3493,tput=0.70] rank2[cuda2,share=0.3262,tput=1.20] rank1[cuda1,share=0.3245,tput=1.86]
epoch 160: eval=0.9303
epoch 161: loss=0.020319, train_acc=0.9945, time=27.6s
per-rank: rank0[cuda0,share=0.3493,tput=1.12] rank2[cuda2,share=0.3262,tput=0.89] rank1[cuda1,share=0.3245,tput=1.45]
epoch 161: eval=0.9290
epoch 162: loss=0.018681, train_acc=0.9947, time=28.0s
per-rank: rank0[cuda0,share=0.3513,tput=0.76] rank1[cuda1,share=0.3244,tput=1.30] rank2[cuda2,share=0.3243,tput=1.64]
epoch 162: eval=0.9304
epoch 163: loss=0.018876, train_acc=0.9947, time=26.9s
per-rank: rank0[cuda0,share=0.3521,tput=1.24] rank1[cuda1,share=0.3250,tput=1.27] rank2[cuda2,share=0.3230,tput=0.88]
epoch 163: eval=0.9291
epoch 164: loss=0.018673, train_acc=0.9950, time=27.1s
per-rank: rank0[cuda0,share=0.3528,tput=0.78] rank1[cuda1,share=0.3255,tput=1.22] rank2[cuda2,share=0.3217,tput=1.78]
epoch 164: eval=0.9298
epoch 165: loss=0.017252, train_acc=0.9956, time=26.1s
per-rank: rank0[cuda0,share=0.3523,tput=1.12] rank1[cuda1,share=0.3267,tput=0.91] rank2[cuda2,share=0.3211,tput=1.35]
epoch 165: eval=0.9304
epoch 166: loss=0.017391, train_acc=0.9952, time=24.7s
per-rank: rank0[cuda0,share=0.3517,tput=1.54] rank1[cuda1,share=0.3278,tput=1.19] rank2[cuda2,share=0.3204,tput=0.80]
epoch 166: eval=0.9291
epoch 167: loss=0.017549, train_acc=0.9949, time=28.5s
per-rank: rank0[cuda0,share=0.3518,tput=0.76] rank1[cuda1,share=0.3279,tput=1.16] rank2[cuda2,share=0.3203,tput=1.93]
epoch 167: eval=0.9302
epoch 168: loss=0.017354, train_acc=0.9951, time=27.1s
per-rank: rank0[cuda0,share=0.3518,tput=1.15] rank1[cuda1,share=0.3280,tput=0.87] rank2[cuda2,share=0.3202,tput=1.35]
epoch 168: eval=0.9313
epoch 169: loss=0.016274, train_acc=0.9957, time=24.6s
per-rank: rank0[cuda0,share=0.3519,tput=1.06] rank1[cuda1,share=0.3282,tput=2.01] rank2[cuda2,share=0.3199,tput=0.75]
epoch 169: eval=0.9289
epoch 170: loss=0.016312, train_acc=0.9954, time=24.7s
per-rank: rank0[cuda0,share=0.3519,tput=1.01] rank1[cuda1,share=0.3283,tput=2.00] rank2[cuda2,share=0.3198,tput=0.77]
epoch 170: eval=0.9287
epoch 171: loss=0.015736, train_acc=0.9958, time=28.0s
per-rank: rank0[cuda0,share=0.3531,tput=0.77] rank1[cuda1,share=0.3277,tput=1.80] rank2[cuda2,share=0.3192,tput=1.22]
epoch 171: eval=0.9302
epoch 172: loss=0.015850, train_acc=0.9955, time=26.6s
per-rank: rank0[cuda0,share=0.3543,tput=1.03] rank1[cuda1,share=0.3271,tput=0.90] rank2[cuda2,share=0.3186,tput=1.42]
epoch 172: eval=0.9299
epoch 173: loss=0.014914, train_acc=0.9960, time=24.6s
per-rank: rank0[cuda0,share=0.3556,tput=1.00] rank1[cuda1,share=0.3265,tput=1.83] rank2[cuda2,share=0.3179,tput=0.88]
epoch 173: eval=0.9316
epoch 174: loss=0.015443, train_acc=0.9956, time=25.2s
per-rank: rank0[cuda0,share=0.3574,tput=1.41] rank1[cuda1,share=0.3247,tput=0.86] rank2[cuda2,share=0.3179,tput=1.13]
epoch 174: eval=0.9300
epoch 175: loss=0.015068, train_acc=0.9958, time=25.0s
per-rank: rank0[cuda0,share=0.3580,tput=1.28] rank1[cuda1,share=0.3236,tput=1.23] rank2[cuda2,share=0.3184,tput=0.82]
epoch 175: eval=0.9325
epoch 176: loss=0.014737, train_acc=0.9958, time=24.9s
per-rank: rank0[cuda0,share=0.3581,tput=0.87] rank1[cuda1,share=0.3236,tput=2.04] rank2[cuda2,share=0.3183,tput=0.83]
epoch 176: eval=0.9319
epoch 177: loss=0.014098, train_acc=0.9964, time=28.3s
per-rank: rank0[cuda0,share=0.3581,tput=0.75] rank1[cuda1,share=0.3236,tput=1.98] rank2[cuda2,share=0.3183,tput=1.13]
epoch 177: eval=0.9290
epoch 178: loss=0.014462, train_acc=0.9961, time=26.7s
per-rank: rank0[cuda0,share=0.3581,tput=1.20] rank1[cuda1,share=0.3236,tput=1.31] rank2[cuda2,share=0.3183,tput=0.88]
epoch 178: eval=0.9289
epoch 179: loss=0.014400, train_acc=0.9961, time=25.0s
per-rank: rank0[cuda0,share=0.3574,tput=1.09] rank1[cuda1,share=0.3248,tput=0.86] rank2[cuda2,share=0.3178,tput=1.71]
epoch 179: eval=0.9318
epoch 180: loss=0.013921, train_acc=0.9960, time=25.1s
per-rank: rank0[cuda0,share=0.3548,tput=0.98] rank1[cuda1,share=0.3260,tput=1.88] rank2[cuda2,share=0.3193,tput=0.78]
epoch 180: eval=0.9303
epoch 181: loss=0.013351, train_acc=0.9965, time=24.5s
per-rank: rank0[cuda0,share=0.3534,tput=1.67] rank1[cuda1,share=0.3266,tput=0.77] rank2[cuda2,share=0.3200,tput=1.23]
epoch 181: eval=0.9292
epoch 182: loss=0.013311, train_acc=0.9963, time=24.9s
per-rank: rank0[cuda0,share=0.3514,tput=1.06] rank1[cuda1,share=0.3284,tput=0.78] rank2[cuda2,share=0.3202,tput=1.82]
epoch 182: eval=0.9283
epoch 183: loss=0.013979, train_acc=0.9962, time=27.4s
per-rank: rank0[cuda0,share=0.3537,tput=0.76] rank1[cuda1,share=0.3269,tput=1.11] rank2[cuda2,share=0.3193,tput=1.76]
epoch 183: eval=0.9290
epoch 184: loss=0.012828, train_acc=0.9966, time=26.1s
per-rank: rank0[cuda0,share=0.3549,tput=1.14] rank1[cuda1,share=0.3262,tput=0.96] rank2[cuda2,share=0.3189,tput=1.19]
epoch 184: eval=0.9291
epoch 185: loss=0.013503, train_acc=0.9963, time=24.8s
per-rank: rank0[cuda0,share=0.3547,tput=1.21] rank1[cuda1,share=0.3261,tput=1.36] rank2[cuda2,share=0.3192,tput=0.86]
epoch 185: eval=0.9292
epoch 186: loss=0.012648, train_acc=0.9963, time=25.1s
per-rank: rank0[cuda0,share=0.3550,tput=0.92] rank1[cuda1,share=0.3266,tput=0.80] rank2[cuda2,share=0.3183,tput=2.01]
epoch 186: eval=0.9296
epoch 187: loss=0.013305, train_acc=0.9961, time=24.7s
per-rank: rank0[cuda0,share=0.3561,tput=0.96] rank1[cuda1,share=0.3259,tput=1.99] rank2[cuda2,share=0.3180,tput=0.83]
epoch 187: eval=0.9292
epoch 188: loss=0.011831, train_acc=0.9969, time=24.9s
per-rank: rank0[cuda0,share=0.3554,tput=1.28] rank1[cuda1,share=0.3259,tput=1.23] rank2[cuda2,share=0.3187,tput=0.86]
epoch 188: eval=0.9280
epoch 189: loss=0.011742, train_acc=0.9969, time=25.1s
per-rank: rank0[cuda0,share=0.3557,tput=1.29] rank1[cuda1,share=0.3248,tput=0.88] rank2[cuda2,share=0.3196,tput=1.23]
epoch 189: eval=0.9292
epoch 190: loss=0.012630, train_acc=0.9969, time=25.1s
per-rank: rank0[cuda0,share=0.3559,tput=0.87] rank1[cuda1,share=0.3236,tput=2.00] rank2[cuda2,share=0.3205,tput=0.85]
epoch 190: eval=0.9299
epoch 191: loss=0.012567, train_acc=0.9965, time=27.4s
per-rank: rank0[cuda0,share=0.3500,tput=0.79] rank1[cuda1,share=0.3266,tput=1.84] rank2[cuda2,share=0.3234,tput=1.13]
epoch 191: eval=0.9299
epoch 192: loss=0.012285, train_acc=0.9967, time=26.1s
per-rank: rank0[cuda0,share=0.3470,tput=1.25] rank1[cuda1,share=0.3281,tput=0.95] rank2[cuda2,share=0.3249,tput=1.24]
epoch 192: eval=0.9286
epoch 193: loss=0.012338, train_acc=0.9966, time=28.2s
per-rank: rank0[cuda0,share=0.3446,tput=0.72] rank1[cuda1,share=0.3303,tput=1.90] rank2[cuda2,share=0.3252,tput=1.09]
epoch 193: eval=0.9303
epoch 194: loss=0.012187, train_acc=0.9968, time=26.6s
per-rank: rank0[cuda0,share=0.3430,tput=1.34] rank1[cuda1,share=0.3311,tput=0.82] rank2[cuda2,share=0.3259,tput=1.34]
epoch 194: eval=0.9304
epoch 195: loss=0.010564, train_acc=0.9973, time=24.9s
per-rank: rank0[cuda0,share=0.3431,tput=1.31] rank1[cuda1,share=0.3311,tput=0.82] rank2[cuda2,share=0.3259,tput=1.31]
epoch 195: eval=0.9296
epoch 196: loss=0.011254, train_acc=0.9969, time=24.9s
per-rank: rank0[cuda0,share=0.3432,tput=1.39] rank1[cuda1,share=0.3310,tput=0.89] rank2[cuda2,share=0.3258,tput=1.19]
epoch 196: eval=0.9304
epoch 197: loss=0.011750, train_acc=0.9968, time=25.1s
per-rank: rank0[cuda0,share=0.3432,tput=1.36] rank1[cuda1,share=0.3310,tput=0.87] rank2[cuda2,share=0.3258,tput=1.23]
epoch 197: eval=0.9301
epoch 198: loss=0.011600, train_acc=0.9965, time=25.1s
per-rank: rank0[cuda0,share=0.3439,tput=1.48] rank1[cuda1,share=0.3316,tput=1.16] rank2[cuda2,share=0.3245,tput=0.84]
epoch 198: eval=0.9298
epoch 199: loss=0.011964, train_acc=0.9966, time=25.0s
per-rank: rank0[cuda0,share=0.3446,tput=1.35] rank1[cuda1,share=0.3321,tput=0.84] rank2[cuda2,share=0.3233,tput=1.27]
final eval=0.9297
# total: 5002.3s (83m 22s)
