# gpu0: NVIDIA GeForce RTX 5060 Ti (15GB, sm_120)
# gpu1: NVIDIA GeForce GTX 1060 6GB (5GB, sm_61)
# gpu2: NVIDIA GeForce GTX 1060 6GB (5GB, sm_61)
epoch 0: loss=1.981182, train_acc=0.2541, time=10.4s
per-rank: rank0[cuda0,share=0.4046,tput=5.21] rank1[cuda1,share=0.3057,tput=2.43] rank2[cuda2,share=0.2898,tput=2.63]
epoch 0: eval=0.3430
epoch 1: loss=1.646810, train_acc=0.3854, time=10.1s
per-rank: rank0[cuda0,share=0.4142,tput=4.07] rank1[cuda1,share=0.3283,tput=3.52] rank2[cuda2,share=0.2575,tput=1.66]
epoch 1: eval=0.4195
epoch 2: loss=1.417188, train_acc=0.4848, time=13.1s
per-rank: rank0[cuda0,share=0.4248,tput=1.98] rank1[cuda1,share=0.3008,tput=3.19] rank2[cuda2,share=0.2744,tput=5.03]
epoch 2: eval=0.5304
epoch 3: loss=1.225853, train_acc=0.5599, time=11.8s
per-rank: rank0[cuda0,share=0.4128,tput=1.94] rank1[cuda1,share=0.3125,tput=2.80] rank2[cuda2,share=0.2747,tput=3.47]
epoch 3: eval=0.5621
epoch 4: loss=1.078558, train_acc=0.6158, time=10.0s
per-rank: rank0[cuda0,share=0.3900,tput=3.22] rank1[cuda1,share=0.3232,tput=2.24] rank2[cuda2,share=0.2868,tput=3.29]
epoch 4: eval=0.6146
epoch 5: loss=0.958735, train_acc=0.6652, time=12.3s
per-rank: rank0[cuda0,share=0.3975,tput=1.97] rank1[cuda1,share=0.3190,tput=3.43] rank2[cuda2,share=0.2835,tput=4.46]
epoch 5: eval=0.6332
epoch 6: loss=0.873119, train_acc=0.6955, time=11.3s
per-rank: rank0[cuda0,share=0.4008,tput=2.05] rank1[cuda1,share=0.3131,tput=2.59] rank2[cuda2,share=0.2861,tput=3.33]
epoch 6: eval=0.7071
epoch 7: loss=0.803585, train_acc=0.7192, time=12.9s
per-rank: rank0[cuda0,share=0.3846,tput=1.96] rank1[cuda1,share=0.3175,tput=5.51] rank2[cuda2,share=0.2979,tput=3.21]
epoch 7: eval=0.6947
epoch 8: loss=0.767386, train_acc=0.7350, time=12.8s
per-rank: rank0[cuda0,share=0.4025,tput=1.77] rank1[cuda1,share=0.3071,tput=4.93] rank2[cuda2,share=0.2905,tput=2.26]
epoch 8: eval=0.6688
epoch 9: loss=0.725011, train_acc=0.7498, time=10.6s
per-rank: rank0[cuda0,share=0.3824,tput=3.00] rank1[cuda1,share=0.3175,tput=3.50] rank2[cuda2,share=0.3001,tput=2.26]
epoch 9: eval=0.7323
epoch 10: loss=0.682590, train_acc=0.7636, time=12.2s
per-rank: rank0[cuda0,share=0.4228,tput=2.06] rank2[cuda2,share=0.2939,tput=3.69] rank1[cuda1,share=0.2834,tput=4.22]
epoch 10: eval=0.7637
epoch 11: loss=0.661225, train_acc=0.7713, time=11.2s
per-rank: rank0[cuda0,share=0.4000,tput=2.07] rank1[cuda1,share=0.3055,tput=3.01] rank2[cuda2,share=0.2945,tput=3.13]
epoch 11: eval=0.7291
epoch 12: loss=0.656683, train_acc=0.7732, time=10.1s
per-rank: rank0[cuda0,share=0.3917,tput=1.89] rank1[cuda1,share=0.3116,tput=5.38] rank2[cuda2,share=0.2967,tput=2.36]
epoch 12: eval=0.7703
epoch 13: loss=0.620206, train_acc=0.7868, time=10.0s
per-rank: rank0[cuda0,share=0.3739,tput=3.18] rank1[cuda1,share=0.3161,tput=2.38] rank2[cuda2,share=0.3100,tput=3.16]
epoch 13: eval=0.7473
epoch 14: loss=0.614439, train_acc=0.7867, time=12.1s
per-rank: rank0[cuda0,share=0.3821,tput=1.92] rank1[cuda1,share=0.3111,tput=4.93] rank2[cuda2,share=0.3068,tput=3.17]
epoch 14: eval=0.7593
epoch 15: loss=0.601969, train_acc=0.7942, time=11.3s
per-rank: rank0[cuda0,share=0.4125,tput=2.47] rank2[cuda2,share=0.2985,tput=3.89] rank1[cuda1,share=0.2890,tput=2.20]
epoch 15: eval=0.7720
epoch 16: loss=0.601214, train_acc=0.7930, time=10.0s
per-rank: rank0[cuda0,share=0.3981,tput=3.60] rank2[cuda2,share=0.3091,tput=3.40] rank1[cuda1,share=0.2927,tput=2.47]
epoch 16: eval=0.7523
epoch 17: loss=0.586332, train_acc=0.7981, time=10.8s
per-rank: rank0[cuda0,share=0.3983,tput=2.08] rank1[cuda1,share=0.3132,tput=3.54] rank2[cuda2,share=0.2885,tput=3.72]
epoch 17: eval=0.7811
epoch 18: loss=0.576098, train_acc=0.8014, time=10.3s
per-rank: rank0[cuda0,share=0.4221,tput=2.64] rank1[cuda1,share=0.3096,tput=2.32] rank2[cuda2,share=0.2683,tput=3.54]
epoch 18: eval=0.7500
epoch 19: loss=0.566018, train_acc=0.8053, time=13.0s
per-rank: rank0[cuda0,share=0.4002,tput=1.94] rank1[cuda1,share=0.3131,tput=4.93] rank2[cuda2,share=0.2867,tput=3.22]
epoch 19: eval=0.8319
epoch 20: loss=0.554286, train_acc=0.8090, time=11.5s
per-rank: rank0[cuda0,share=0.3991,tput=2.07] rank1[cuda1,share=0.3193,tput=4.05] rank2[cuda2,share=0.2816,tput=2.40]
epoch 20: eval=0.7543
epoch 21: loss=0.547877, train_acc=0.8101, time=9.9s
per-rank: rank0[cuda0,share=0.3869,tput=1.93] rank1[cuda1,share=0.3147,tput=5.11] rank2[cuda2,share=0.2984,tput=2.50]
epoch 21: eval=0.7852
epoch 22: loss=0.532607, train_acc=0.8165, time=11.9s
per-rank: rank0[cuda0,share=0.3747,tput=1.90] rank1[cuda1,share=0.3151,tput=4.66] rank2[cuda2,share=0.3102,tput=3.12]
epoch 22: eval=0.7951
epoch 23: loss=0.533085, train_acc=0.8163, time=11.0s
per-rank: rank0[cuda0,share=0.3934,tput=2.37] rank2[cuda2,share=0.3096,tput=3.66] rank1[cuda1,share=0.2970,tput=2.26]
epoch 23: eval=0.8021
epoch 24: loss=0.526412, train_acc=0.8192, time=9.8s
per-rank: rank0[cuda0,share=0.4167,tput=3.27] rank2[cuda2,share=0.2941,tput=1.76] rank1[cuda1,share=0.2892,tput=3.91]
epoch 24: eval=0.8093
epoch 25: loss=0.523020, train_acc=0.8197, time=10.0s
per-rank: rank0[cuda0,share=0.4191,tput=2.43] rank1[cuda1,share=0.3093,tput=2.25] rank2[cuda2,share=0.2715,tput=5.40]
epoch 25: eval=0.7973
epoch 26: loss=0.512965, train_acc=0.8246, time=9.9s
per-rank: rank0[cuda0,share=0.4133,tput=2.97] rank1[cuda1,share=0.3040,tput=3.05] rank2[cuda2,share=0.2827,tput=2.38]
epoch 26: eval=0.6499
epoch 27: loss=0.501094, train_acc=0.8281, time=13.1s
per-rank: rank0[cuda0,share=0.4305,tput=2.03] rank2[cuda2,share=0.2996,tput=3.57] rank1[cuda1,share=0.2699,tput=4.76]
epoch 27: eval=0.7706
epoch 28: loss=0.492236, train_acc=0.8304, time=12.2s
per-rank: rank0[cuda0,share=0.4026,tput=2.02] rank2[cuda2,share=0.3088,tput=3.36] rank1[cuda1,share=0.2886,tput=2.70]
epoch 28: eval=0.7110
epoch 29: loss=0.487758, train_acc=0.8320, time=10.2s
per-rank: rank0[cuda0,share=0.4164,tput=3.12] rank2[cuda2,share=0.3055,tput=2.50] rank1[cuda1,share=0.2781,tput=2.63]
epoch 29: eval=0.8315
epoch 30: loss=0.472561, train_acc=0.8376, time=10.0s
per-rank: rank0[cuda0,share=0.3804,tput=2.05] rank1[cuda1,share=0.3098,tput=2.66] rank2[cuda2,share=0.3098,tput=4.60]
epoch 30: eval=0.7649
epoch 31: loss=0.573115, train_acc=0.8043, time=10.2s
per-rank: rank0[cuda0,share=0.3775,tput=3.20] rank1[cuda1,share=0.3174,tput=3.50] rank2[cuda2,share=0.3050,tput=1.99]
epoch 31: eval=0.7554
epoch 32: loss=0.556791, train_acc=0.8099, time=9.6s
per-rank: rank0[cuda0,share=0.3774,tput=2.33] rank1[cuda1,share=0.3192,tput=5.28] rank2[cuda2,share=0.3034,tput=2.22]
epoch 32: eval=0.7707
epoch 33: loss=0.550991, train_acc=0.8132, time=9.7s
per-rank: rank0[cuda0,share=0.3811,tput=3.70] rank1[cuda1,share=0.3182,tput=2.82] rank2[cuda2,share=0.3007,tput=2.29]
epoch 33: eval=0.8112
epoch 34: loss=0.532771, train_acc=0.8176, time=11.7s
per-rank: rank0[cuda0,share=0.3822,tput=2.03] rank1[cuda1,share=0.3163,tput=4.41] rank2[cuda2,share=0.3015,tput=3.34]
epoch 34: eval=0.7867
epoch 35: loss=0.541417, train_acc=0.8144, time=10.8s
per-rank: rank0[cuda0,share=0.3858,tput=2.87] rank1[cuda1,share=0.3134,tput=3.31] rank2[cuda2,share=0.3008,tput=2.35]
epoch 35: eval=0.7672
epoch 36: loss=0.533535, train_acc=0.8174, time=9.7s
per-rank: rank0[cuda0,share=0.3858,tput=2.43] rank1[cuda1,share=0.3134,tput=2.19] rank2[cuda2,share=0.3008,tput=4.95]
epoch 36: eval=0.7655
epoch 37: loss=0.530226, train_acc=0.8189, time=11.7s
per-rank: rank0[cuda0,share=0.3925,tput=2.08] rank1[cuda1,share=0.3087,tput=4.86] rank2[cuda2,share=0.2989,tput=3.07]
epoch 37: eval=0.8287
epoch 38: loss=0.530770, train_acc=0.8178, time=11.0s
per-rank: rank0[cuda0,share=0.3925,tput=2.53] rank1[cuda1,share=0.3087,tput=3.75] rank2[cuda2,share=0.2989,tput=2.12]
epoch 38: eval=0.7705
epoch 39: loss=0.518931, train_acc=0.8230, time=9.7s
per-rank: rank0[cuda0,share=0.3963,tput=3.00] rank1[cuda1,share=0.3073,tput=2.60] rank2[cuda2,share=0.2964,tput=2.91]
epoch 39: eval=0.7579
epoch 40: loss=0.525352, train_acc=0.8185, time=12.6s
per-rank: rank0[cuda0,share=0.3994,tput=2.04] rank1[cuda1,share=0.3063,tput=4.69] rank2[cuda2,share=0.2943,tput=3.58]
epoch 40: eval=0.7322
epoch 41: loss=0.512999, train_acc=0.8227, time=11.7s
per-rank: rank0[cuda0,share=0.4038,tput=1.96] rank1[cuda1,share=0.3041,tput=3.77] rank2[cuda2,share=0.2921,tput=2.43]
epoch 41: eval=0.7664
epoch 42: loss=0.523182, train_acc=0.8219, time=10.1s
per-rank: rank0[cuda0,share=0.4069,tput=2.80] rank1[cuda1,share=0.3026,tput=3.07] rank2[cuda2,share=0.2905,tput=2.50]
epoch 42: eval=0.7811
epoch 43: loss=0.513964, train_acc=0.8234, time=9.7s
per-rank: rank0[cuda0,share=0.4099,tput=3.07] rank1[cuda1,share=0.3012,tput=2.32] rank2[cuda2,share=0.2890,tput=3.39]
epoch 43: eval=0.8301
epoch 44: loss=0.513059, train_acc=0.8251, time=12.1s
per-rank: rank0[cuda0,share=0.4116,tput=2.03] rank1[cuda1,share=0.3003,tput=4.53] rank2[cuda2,share=0.2880,tput=3.44]
epoch 44: eval=0.7756
epoch 45: loss=0.520531, train_acc=0.8223, time=11.0s
per-rank: rank0[cuda0,share=0.4116,tput=2.00] rank1[cuda1,share=0.3003,tput=3.24] rank2[cuda2,share=0.2880,tput=2.94]
epoch 45: eval=0.7854
epoch 46: loss=0.506027, train_acc=0.8270, time=12.7s
per-rank: rank0[cuda0,share=0.4134,tput=1.94] rank1[cuda1,share=0.2996,tput=3.32] rank2[cuda2,share=0.2870,tput=4.73]
epoch 46: eval=0.8350
epoch 47: loss=0.504614, train_acc=0.8274, time=11.7s
per-rank: rank0[cuda0,share=0.4134,tput=1.73] rank1[cuda1,share=0.2996,tput=4.03] rank2[cuda2,share=0.2870,tput=2.42]
epoch 47: eval=0.7918
epoch 48: loss=0.505497, train_acc=0.8279, time=10.0s
per-rank: rank0[cuda0,share=0.4119,tput=2.65] rank1[cuda1,share=0.3004,tput=2.60] rank2[cuda2,share=0.2877,tput=3.19]
epoch 48: eval=0.7323
epoch 49: loss=0.506620, train_acc=0.8261, time=10.0s
per-rank: rank0[cuda0,share=0.4090,tput=3.09] rank1[cuda1,share=0.3020,tput=3.52] rank2[cuda2,share=0.2890,tput=2.03]
epoch 49: eval=0.7879
epoch 50: loss=0.502364, train_acc=0.8270, time=9.8s
per-rank: rank0[cuda0,share=0.4063,tput=3.52] rank1[cuda1,share=0.3036,tput=2.42] rank2[cuda2,share=0.2901,tput=2.66]
epoch 50: eval=0.7505
epoch 51: loss=0.495869, train_acc=0.8289, time=11.6s
per-rank: rank0[cuda0,share=0.4034,tput=2.05] rank1[cuda1,share=0.3053,tput=3.22] rank2[cuda2,share=0.2913,tput=4.53]
epoch 51: eval=0.7347
epoch 52: loss=0.503584, train_acc=0.8268, time=10.9s
per-rank: rank0[cuda0,share=0.4006,tput=2.47] rank1[cuda1,share=0.3070,tput=2.45] rank2[cuda2,share=0.2924,tput=3.28]
epoch 52: eval=0.7790
epoch 53: loss=0.498836, train_acc=0.8291, time=9.8s
per-rank: rank0[cuda0,share=0.3991,tput=2.30] rank1[cuda1,share=0.3080,tput=4.74] rank2[cuda2,share=0.2929,tput=2.36]
epoch 53: eval=0.7567
epoch 54: loss=0.497205, train_acc=0.8306, time=9.7s
per-rank: rank0[cuda0,share=0.3989,tput=3.34] rank1[cuda1,share=0.3084,tput=2.34] rank2[cuda2,share=0.2928,tput=3.00]
epoch 54: eval=0.7805
epoch 55: loss=0.499430, train_acc=0.8288, time=9.7s
per-rank: rank0[cuda0,share=0.3986,tput=1.96] rank1[cuda1,share=0.3087,tput=2.21] rank2[cuda2,share=0.2927,tput=6.61]
epoch 55: eval=0.8073
epoch 56: loss=0.503976, train_acc=0.8273, time=13.2s
per-rank: rank0[cuda0,share=0.3977,tput=1.82] rank1[cuda1,share=0.3103,tput=4.90] rank2[cuda2,share=0.2920,tput=3.44]
epoch 56: eval=0.7759
epoch 57: loss=0.495125, train_acc=0.8301, time=12.4s
per-rank: rank0[cuda0,share=0.3968,tput=1.84] rank1[cuda1,share=0.3119,tput=3.89] rank2[cuda2,share=0.2913,tput=2.47]
epoch 57: eval=0.8301
epoch 58: loss=0.489894, train_acc=0.8325, time=10.1s
per-rank: rank0[cuda0,share=0.3968,tput=2.24] rank1[cuda1,share=0.3119,tput=3.58] rank2[cuda2,share=0.2913,tput=2.56]
epoch 58: eval=0.7992
epoch 59: loss=0.490726, train_acc=0.8321, time=9.8s
per-rank: rank0[cuda0,share=0.3961,tput=2.24] rank1[cuda1,share=0.3134,tput=2.12] rank2[cuda2,share=0.2905,tput=5.94]
epoch 59: eval=0.7518
epoch 60: loss=0.499130, train_acc=0.8279, time=9.8s
per-rank: rank0[cuda0,share=0.3955,tput=3.51] rank1[cuda1,share=0.3149,tput=3.06] rank2[cuda2,share=0.2897,tput=2.09]
epoch 60: eval=0.8011
epoch 61: loss=0.488020, train_acc=0.8328, time=9.8s
per-rank: rank0[cuda0,share=0.3939,tput=3.29] rank1[cuda1,share=0.3157,tput=2.00] rank2[cuda2,share=0.2904,tput=3.46]
epoch 61: eval=0.7987
epoch 62: loss=0.484372, train_acc=0.8342, time=11.3s
per-rank: rank0[cuda0,share=0.3924,tput=2.01] rank1[cuda1,share=0.3155,tput=2.81] rank2[cuda2,share=0.2921,tput=5.34]
epoch 62: eval=0.8196
epoch 63: loss=0.494845, train_acc=0.8319, time=10.5s
per-rank: rank0[cuda0,share=0.3924,tput=2.67] rank1[cuda1,share=0.3155,tput=3.95] rank2[cuda2,share=0.2921,tput=2.18]
epoch 63: eval=0.7848
epoch 64: loss=0.484266, train_acc=0.8347, time=9.8s
per-rank: rank0[cuda0,share=0.3913,tput=2.54] rank1[cuda1,share=0.3151,tput=2.26] rank2[cuda2,share=0.2936,tput=4.98]
epoch 64: eval=0.8265
epoch 65: loss=0.478607, train_acc=0.8361, time=12.2s
per-rank: rank0[cuda0,share=0.3902,tput=1.89] rank1[cuda1,share=0.3137,tput=3.25] rank2[cuda2,share=0.2961,tput=4.71]
epoch 65: eval=0.8210
epoch 66: loss=0.485048, train_acc=0.8333, time=11.0s
per-rank: rank0[cuda0,share=0.3902,tput=2.29] rank1[cuda1,share=0.3137,tput=2.37] rank2[cuda2,share=0.2961,tput=3.82]
epoch 66: eval=0.7982
epoch 67: loss=0.488523, train_acc=0.8322, time=9.7s
per-rank: rank0[cuda0,share=0.3910,tput=2.23] rank1[cuda1,share=0.3123,tput=5.44] rank2[cuda2,share=0.2967,tput=2.40]
epoch 67: eval=0.8043
epoch 68: loss=0.478774, train_acc=0.8355, time=12.3s
per-rank: rank0[cuda0,share=0.3918,tput=1.95] rank1[cuda1,share=0.3109,tput=4.37] rank2[cuda2,share=0.2973,tput=3.52]
epoch 68: eval=0.7858
epoch 69: loss=0.486193, train_acc=0.8348, time=11.1s
per-rank: rank0[cuda0,share=0.3940,tput=1.84] rank1[cuda1,share=0.3089,tput=3.45] rank2[cuda2,share=0.2971,tput=2.85]
epoch 69: eval=0.7632
epoch 70: loss=0.474934, train_acc=0.8371, time=9.7s
per-rank: rank0[cuda0,share=0.3961,tput=3.37] rank1[cuda1,share=0.3068,tput=3.30] rank2[cuda2,share=0.2970,tput=2.05]
epoch 70: eval=0.7977
epoch 71: loss=0.486427, train_acc=0.8346, time=9.7s
per-rank: rank0[cuda0,share=0.3983,tput=2.94] rank1[cuda1,share=0.3048,tput=2.47] rank2[cuda2,share=0.2969,tput=3.12]
epoch 71: eval=0.7862
epoch 72: loss=0.484295, train_acc=0.8341, time=9.7s
per-rank: rank0[cuda0,share=0.3993,tput=3.41] rank1[cuda1,share=0.3034,tput=3.23] rank2[cuda2,share=0.2973,tput=2.13]
epoch 72: eval=0.8104
epoch 73: loss=0.485702, train_acc=0.8332, time=9.7s
per-rank: rank0[cuda0,share=0.4010,tput=2.25] rank1[cuda1,share=0.3025,tput=1.99] rank2[cuda2,share=0.2965,tput=6.06]
epoch 73: eval=0.8366
epoch 74: loss=0.483296, train_acc=0.8349, time=9.8s
per-rank: rank0[cuda0,share=0.4010,tput=2.19] rank1[cuda1,share=0.3025,tput=4.33] rank2[cuda2,share=0.2965,tput=2.48]
epoch 74: eval=0.8142
epoch 75: loss=0.467236, train_acc=0.8398, time=12.9s
per-rank: rank0[cuda0,share=0.4027,tput=1.87] rank1[cuda1,share=0.3017,tput=3.55] rank2[cuda2,share=0.2956,tput=4.81]
epoch 75: eval=0.8459
epoch 76: loss=0.480173, train_acc=0.8352, time=12.0s
per-rank: rank0[cuda0,share=0.4027,tput=1.76] rank1[cuda1,share=0.3017,tput=2.66] rank2[cuda2,share=0.2956,tput=3.86]
epoch 76: eval=0.7981
epoch 77: loss=0.476070, train_acc=0.8363, time=10.6s
per-rank: rank0[cuda0,share=0.4027,tput=2.91] rank1[cuda1,share=0.3017,tput=2.71] rank2[cuda2,share=0.2956,tput=2.31]
epoch 77: eval=0.8035
epoch 78: loss=0.468952, train_acc=0.8384, time=9.9s
per-rank: rank0[cuda0,share=0.4019,tput=2.00] rank1[cuda1,share=0.3011,tput=2.12] rank2[cuda2,share=0.2970,tput=6.04]
epoch 78: eval=0.8125
epoch 79: loss=0.477886, train_acc=0.8357, time=11.8s
per-rank: rank0[cuda0,share=0.4011,tput=1.99] rank1[cuda1,share=0.3005,tput=4.31] rank2[cuda2,share=0.2984,tput=3.29]
epoch 79: eval=0.8106
epoch 80: loss=0.472502, train_acc=0.8375, time=10.9s
per-rank: rank0[cuda0,share=0.4004,tput=2.41] rank1[cuda1,share=0.2999,tput=3.84] rank2[cuda2,share=0.2997,tput=2.35]
epoch 80: eval=0.7833
epoch 81: loss=0.469376, train_acc=0.8403, time=9.7s
per-rank: rank0[cuda0,share=0.3996,tput=3.29] rank2[cuda2,share=0.3011,tput=2.22] rank1[cuda1,share=0.2993,tput=3.10]
epoch 81: eval=0.8108
epoch 82: loss=0.484636, train_acc=0.8356, time=12.3s
per-rank: rank0[cuda0,share=0.3988,tput=1.95] rank2[cuda2,share=0.3025,tput=4.01] rank1[cuda1,share=0.2987,tput=3.76]
epoch 82: eval=0.7832
epoch 83: loss=0.471674, train_acc=0.8385, time=10.9s
per-rank: rank0[cuda0,share=0.3988,tput=2.55] rank2[cuda2,share=0.3025,tput=2.51] rank1[cuda1,share=0.2987,tput=3.83]
epoch 83: eval=0.8469
epoch 84: loss=0.473738, train_acc=0.8379, time=9.7s
per-rank: rank0[cuda0,share=0.3988,tput=2.25] rank2[cuda2,share=0.3025,tput=2.25] rank1[cuda1,share=0.2987,tput=5.14]
epoch 84: eval=0.7934
epoch 85: loss=0.471007, train_acc=0.8398, time=9.7s
per-rank: rank0[cuda0,share=0.3988,tput=2.23] rank2[cuda2,share=0.3025,tput=2.05] rank1[cuda1,share=0.2987,tput=6.05]
epoch 85: eval=0.7938
epoch 86: loss=0.460661, train_acc=0.8428, time=12.0s
per-rank: rank0[cuda0,share=0.3995,tput=2.04] rank2[cuda2,share=0.3013,tput=3.23] rank1[cuda1,share=0.2992,tput=4.84]
epoch 86: eval=0.8320
epoch 87: loss=0.472240, train_acc=0.8380, time=11.0s
per-rank: rank0[cuda0,share=0.3995,tput=2.37] rank2[cuda2,share=0.3013,tput=3.07] rank1[cuda1,share=0.2992,tput=2.77]
epoch 87: eval=0.7864
epoch 88: loss=0.467274, train_acc=0.8403, time=11.9s
per-rank: rank0[cuda0,share=0.4001,tput=2.04] rank2[cuda2,share=0.3002,tput=4.62] rank1[cuda1,share=0.2997,tput=3.46]
epoch 88: eval=0.7492
epoch 89: loss=0.472110, train_acc=0.8370, time=11.0s
per-rank: rank0[cuda0,share=0.4016,tput=2.59] rank1[cuda1,share=0.3008,tput=2.54] rank2[cuda2,share=0.2976,tput=3.18]
epoch 89: eval=0.7945
epoch 90: loss=0.467142, train_acc=0.8388, time=9.9s
per-rank: rank0[cuda0,share=0.4039,tput=3.53] rank1[cuda1,share=0.3018,tput=2.82] rank2[cuda2,share=0.2943,tput=2.22]
epoch 90: eval=0.7959
epoch 91: loss=0.467495, train_acc=0.8410, time=9.9s
per-rank: rank0[cuda0,share=0.4063,tput=3.03] rank1[cuda1,share=0.3028,tput=3.27] rank2[cuda2,share=0.2910,tput=2.27]
epoch 91: eval=0.7918
epoch 92: loss=0.472048, train_acc=0.8380, time=10.3s
per-rank: rank0[cuda0,share=0.4086,tput=2.71] rank1[cuda1,share=0.3037,tput=2.49] rank2[cuda2,share=0.2877,tput=3.26]
epoch 92: eval=0.8328
epoch 93: loss=0.486429, train_acc=0.8327, time=10.0s
per-rank: rank0[cuda0,share=0.4086,tput=2.46] rank1[cuda1,share=0.3037,tput=2.47] rank2[cuda2,share=0.2877,tput=3.49]
epoch 93: eval=0.8022
epoch 94: loss=0.457666, train_acc=0.8441, time=9.8s
per-rank: rank0[cuda0,share=0.4093,tput=2.80] rank1[cuda1,share=0.3055,tput=3.50] rank2[cuda2,share=0.2852,tput=2.15]
epoch 94: eval=0.8154
epoch 95: loss=0.465156, train_acc=0.8410, time=12.3s
per-rank: rank0[cuda0,share=0.4093,tput=1.95] rank1[cuda1,share=0.3067,tput=4.99] rank2[cuda2,share=0.2841,tput=2.94]
epoch 95: eval=0.8105
epoch 96: loss=0.462868, train_acc=0.8421, time=11.3s
per-rank: rank0[cuda0,share=0.4080,tput=2.45] rank1[cuda1,share=0.3085,tput=3.16] rank2[cuda2,share=0.2835,tput=2.62]
epoch 96: eval=0.7991
epoch 97: loss=0.463585, train_acc=0.8435, time=9.8s
per-rank: rank0[cuda0,share=0.4067,tput=3.87] rank1[cuda1,share=0.3103,tput=2.91] rank2[cuda2,share=0.2830,tput=2.10]
epoch 97: eval=0.8276
epoch 98: loss=0.466220, train_acc=0.8405, time=12.1s
per-rank: rank0[cuda0,share=0.4048,tput=1.94] rank1[cuda1,share=0.3116,tput=3.30] rank2[cuda2,share=0.2837,tput=4.84]
epoch 98: eval=0.7889
epoch 99: loss=0.461133, train_acc=0.8439, time=11.1s
per-rank: rank0[cuda0,share=0.4042,tput=2.39] rank1[cuda1,share=0.3121,tput=3.54] rank2[cuda2,share=0.2836,tput=2.39]
epoch 99: eval=0.8009
epoch 100: loss=0.428758, train_acc=0.8548, time=9.8s
per-rank: rank0[cuda0,share=0.4037,tput=3.09] rank1[cuda1,share=0.3127,tput=2.18] rank2[cuda2,share=0.2836,tput=3.29]
epoch 100: eval=0.8957
epoch 101: loss=0.251059, train_acc=0.9146, time=9.7s
per-rank: rank0[cuda0,share=0.4030,tput=1.90] rank1[cuda1,share=0.3123,tput=2.29] rank2[cuda2,share=0.2847,tput=6.21]
epoch 101: eval=0.9021
epoch 102: loss=0.233812, train_acc=0.9201, time=9.6s
per-rank: rank0[cuda0,share=0.4030,tput=3.08] rank1[cuda1,share=0.3123,tput=3.44] rank2[cuda2,share=0.2847,tput=2.08]
epoch 102: eval=0.8997
epoch 103: loss=0.223400, train_acc=0.9222, time=12.4s
per-rank: rank0[cuda0,share=0.4015,tput=2.00] rank1[cuda1,share=0.3116,tput=3.81] rank2[cuda2,share=0.2870,tput=4.07]
epoch 103: eval=0.9042
epoch 104: loss=0.216348, train_acc=0.9254, time=10.8s
per-rank: rank0[cuda0,share=0.4015,tput=2.20] rank1[cuda1,share=0.3116,tput=2.76] rank2[cuda2,share=0.2870,tput=3.65]
epoch 104: eval=0.9035
epoch 105: loss=0.207297, train_acc=0.9288, time=9.8s
per-rank: rank0[cuda0,share=0.4023,tput=2.70] rank1[cuda1,share=0.3103,tput=4.28] rank2[cuda2,share=0.2874,tput=2.46]
epoch 105: eval=0.9012
epoch 106: loss=0.198876, train_acc=0.9305, time=10.1s
per-rank: rank0[cuda0,share=0.4031,tput=3.10] rank1[cuda1,share=0.3091,tput=1.87] rank2[cuda2,share=0.2877,tput=3.61]
epoch 106: eval=0.9058
epoch 107: loss=0.197634, train_acc=0.9311, time=9.8s
per-rank: rank0[cuda0,share=0.4052,tput=3.51] rank1[cuda1,share=0.3073,tput=2.39] rank2[cuda2,share=0.2875,tput=3.48]
epoch 107: eval=0.9039
epoch 108: loss=0.192044, train_acc=0.9330, time=12.9s
per-rank: rank0[cuda0,share=0.4072,tput=1.90] rank1[cuda1,share=0.3054,tput=4.99] rank2[cuda2,share=0.2873,tput=3.15]
epoch 108: eval=0.9059
epoch 109: loss=0.188482, train_acc=0.9339, time=11.3s
per-rank: rank0[cuda0,share=0.4079,tput=2.10] rank1[cuda1,share=0.3043,tput=3.92] rank2[cuda2,share=0.2878,tput=2.56]
epoch 109: eval=0.9092
epoch 110: loss=0.185708, train_acc=0.9348, time=9.7s
per-rank: rank0[cuda0,share=0.4079,tput=3.69] rank1[cuda1,share=0.3043,tput=3.50] rank2[cuda2,share=0.2878,tput=2.14]
epoch 110: eval=0.9052
epoch 111: loss=0.181234, train_acc=0.9364, time=11.4s
per-rank: rank0[cuda0,share=0.4064,tput=2.09] rank1[cuda1,share=0.3035,tput=3.34] rank2[cuda2,share=0.2901,tput=4.37]
epoch 111: eval=0.9115
epoch 112: loss=0.176968, train_acc=0.9376, time=10.9s
per-rank: rank0[cuda0,share=0.4064,tput=2.14] rank1[cuda1,share=0.3035,tput=2.72] rank2[cuda2,share=0.2901,tput=3.02]
epoch 112: eval=0.9074
epoch 113: loss=0.174871, train_acc=0.9396, time=9.9s
per-rank: rank0[cuda0,share=0.4050,tput=2.96] rank1[cuda1,share=0.3042,tput=2.34] rank2[cuda2,share=0.2908,tput=3.21]
epoch 113: eval=0.9065
epoch 114: loss=0.172617, train_acc=0.9403, time=9.8s
per-rank: rank0[cuda0,share=0.4036,tput=1.97] rank1[cuda1,share=0.3049,tput=2.51] rank2[cuda2,share=0.2915,tput=5.50]
epoch 114: eval=0.9047
epoch 115: loss=0.170139, train_acc=0.9403, time=12.5s
per-rank: rank0[cuda0,share=0.4022,tput=1.89] rank1[cuda1,share=0.3057,tput=3.36] rank2[cuda2,share=0.2922,tput=4.81]
epoch 115: eval=0.9100
epoch 116: loss=0.167245, train_acc=0.9420, time=11.1s
per-rank: rank0[cuda0,share=0.4007,tput=2.57] rank1[cuda1,share=0.3064,tput=4.00] rank2[cuda2,share=0.2929,tput=2.08]
epoch 116: eval=0.9078
epoch 117: loss=0.166718, train_acc=0.9429, time=9.7s
per-rank: rank0[cuda0,share=0.3993,tput=2.40] rank1[cuda1,share=0.3071,tput=2.25] rank2[cuda2,share=0.2936,tput=5.14]
epoch 117: eval=0.9067
epoch 118: loss=0.161265, train_acc=0.9434, time=12.2s
per-rank: rank0[cuda0,share=0.3978,tput=1.94] rank1[cuda1,share=0.3079,tput=5.28] rank2[cuda2,share=0.2943,tput=2.76]
epoch 118: eval=0.9067
epoch 119: loss=0.159917, train_acc=0.9433, time=11.3s
per-rank: rank0[cuda0,share=0.3964,tput=1.75] rank1[cuda1,share=0.3086,tput=3.98] rank2[cuda2,share=0.2950,tput=2.70]
epoch 119: eval=0.9053
epoch 120: loss=0.154396, train_acc=0.9456, time=9.8s
per-rank: rank0[cuda0,share=0.3964,tput=3.18] rank1[cuda1,share=0.3086,tput=3.13] rank2[cuda2,share=0.2950,tput=2.27]
epoch 120: eval=0.9116
epoch 121: loss=0.155472, train_acc=0.9468, time=9.6s
per-rank: rank0[cuda0,share=0.3964,tput=3.35] rank1[cuda1,share=0.3086,tput=3.69] rank2[cuda2,share=0.2950,tput=1.83]
epoch 121: eval=0.9078
epoch 122: loss=0.153652, train_acc=0.9456, time=9.9s
per-rank: rank0[cuda0,share=0.3964,tput=2.46] rank1[cuda1,share=0.3086,tput=2.32] rank2[cuda2,share=0.2950,tput=4.58]
epoch 122: eval=0.9128
epoch 123: loss=0.150908, train_acc=0.9472, time=9.8s
per-rank: rank0[cuda0,share=0.3964,tput=3.70] rank1[cuda1,share=0.3086,tput=2.12] rank2[cuda2,share=0.2950,tput=2.99]
epoch 123: eval=0.9028
epoch 124: loss=0.147247, train_acc=0.9471, time=9.9s
per-rank: rank0[cuda0,share=0.3964,tput=3.09] rank1[cuda1,share=0.3086,tput=3.01] rank2[cuda2,share=0.2950,tput=2.30]
epoch 124: eval=0.9091
epoch 125: loss=0.145360, train_acc=0.9493, time=10.1s
per-rank: rank0[cuda0,share=0.3964,tput=2.00] rank1[cuda1,share=0.3086,tput=5.39] rank2[cuda2,share=0.2950,tput=2.37]
epoch 125: eval=0.9096
epoch 126: loss=0.148660, train_acc=0.9469, time=9.8s
per-rank: rank0[cuda0,share=0.3964,tput=3.35] rank1[cuda1,share=0.3086,tput=2.39] rank2[cuda2,share=0.2950,tput=4.22]
epoch 126: eval=0.9074
epoch 127: loss=0.145660, train_acc=0.9484, time=10.1s
per-rank: rank0[cuda0,share=0.3964,tput=2.48] rank1[cuda1,share=0.3086,tput=2.52] rank2[cuda2,share=0.2950,tput=3.48]
epoch 127: eval=0.9073
epoch 128: loss=0.144996, train_acc=0.9488, time=9.9s
per-rank: rank0[cuda0,share=0.3954,tput=3.55] rank1[cuda1,share=0.3082,tput=2.00] rank2[cuda2,share=0.2964,tput=3.19]
epoch 128: eval=0.9113
epoch 129: loss=0.144527, train_acc=0.9489, time=9.7s
per-rank: rank0[cuda0,share=0.3945,tput=2.11] rank1[cuda1,share=0.3078,tput=2.35] rank2[cuda2,share=0.2977,tput=5.34]
epoch 129: eval=0.9027
epoch 130: loss=0.138191, train_acc=0.9513, time=10.0s
per-rank: rank0[cuda0,share=0.3936,tput=3.36] rank1[cuda1,share=0.3074,tput=2.72] rank2[cuda2,share=0.2991,tput=2.28]
epoch 130: eval=0.9003
epoch 131: loss=0.138649, train_acc=0.9503, time=11.9s
per-rank: rank0[cuda0,share=0.3926,tput=1.98] rank1[cuda1,share=0.3069,tput=3.67] rank2[cuda2,share=0.3005,tput=4.26]
epoch 131: eval=0.9075
epoch 132: loss=0.136904, train_acc=0.9521, time=11.1s
per-rank: rank0[cuda0,share=0.3916,tput=2.66] rank1[cuda1,share=0.3065,tput=3.92] rank2[cuda2,share=0.3019,tput=2.13]
epoch 132: eval=0.9060
epoch 133: loss=0.140123, train_acc=0.9500, time=9.8s
per-rank: rank0[cuda0,share=0.3907,tput=3.56] rank1[cuda1,share=0.3061,tput=4.18] rank2[cuda2,share=0.3033,tput=2.08]
epoch 133: eval=0.9101
epoch 134: loss=0.135520, train_acc=0.9528, time=9.6s
per-rank: rank0[cuda0,share=0.3913,tput=3.61] rank1[cuda1,share=0.3048,tput=3.28] rank2[cuda2,share=0.3039,tput=1.94]
epoch 134: eval=0.9078
epoch 135: loss=0.132521, train_acc=0.9534, time=12.4s
per-rank: rank0[cuda0,share=0.3919,tput=1.94] rank2[cuda2,share=0.3045,tput=3.23] rank1[cuda1,share=0.3036,tput=4.89]
epoch 135: eval=0.9021
epoch 136: loss=0.134903, train_acc=0.9529, time=11.0s
per-rank: rank0[cuda0,share=0.3926,tput=2.29] rank2[cuda2,share=0.3051,tput=3.56] rank1[cuda1,share=0.3023,tput=2.59]
epoch 136: eval=0.9122
epoch 137: loss=0.132203, train_acc=0.9538, time=9.7s
per-rank: rank0[cuda0,share=0.3932,tput=3.35] rank2[cuda2,share=0.3057,tput=3.11] rank1[cuda1,share=0.3010,tput=2.23]
epoch 137: eval=0.9117
epoch 138: loss=0.135615, train_acc=0.9516, time=13.8s
per-rank: rank0[cuda0,share=0.3948,tput=1.73] rank2[cuda2,share=0.3049,tput=3.07] rank1[cuda1,share=0.3002,tput=5.44]
epoch 138: eval=0.9072
epoch 139: loss=0.135404, train_acc=0.9527, time=12.5s
per-rank: rank0[cuda0,share=0.3948,tput=2.03] rank2[cuda2,share=0.3049,tput=3.77] rank1[cuda1,share=0.3002,tput=2.64]
epoch 139: eval=0.9072
epoch 140: loss=0.133260, train_acc=0.9526, time=10.1s
per-rank: rank0[cuda0,share=0.3971,tput=2.80] rank2[cuda2,share=0.3030,tput=2.82] rank1[cuda1,share=0.2999,tput=2.70]
epoch 140: eval=0.8993
epoch 141: loss=0.131770, train_acc=0.9534, time=12.8s
per-rank: rank0[cuda0,share=0.3976,tput=1.92] rank1[cuda1,share=0.3012,tput=5.07] rank2[cuda2,share=0.3012,tput=3.32]
epoch 141: eval=0.9119
epoch 142: loss=0.129879, train_acc=0.9536, time=11.4s
per-rank: rank0[cuda0,share=0.3976,tput=2.05] rank1[cuda1,share=0.3012,tput=3.35] rank2[cuda2,share=0.3012,tput=2.67]
epoch 142: eval=0.9008
epoch 143: loss=0.134351, train_acc=0.9525, time=9.9s
per-rank: rank0[cuda0,share=0.3978,tput=3.48] rank1[cuda1,share=0.3019,tput=2.90] rank2[cuda2,share=0.3003,tput=2.19]
epoch 143: eval=0.9017
epoch 144: loss=0.131464, train_acc=0.9533, time=9.7s
per-rank: rank0[cuda0,share=0.3980,tput=3.32] rank1[cuda1,share=0.3026,tput=3.11] rank2[cuda2,share=0.2994,tput=2.20]
epoch 144: eval=0.9004
epoch 145: loss=0.131467, train_acc=0.9529, time=9.8s
per-rank: rank0[cuda0,share=0.3967,tput=3.38] rank1[cuda1,share=0.3040,tput=3.13] rank2[cuda2,share=0.2993,tput=2.07]
epoch 145: eval=0.9002
epoch 146: loss=0.129043, train_acc=0.9551, time=9.8s
per-rank: rank0[cuda0,share=0.3953,tput=3.07] rank1[cuda1,share=0.3055,tput=2.39] rank2[cuda2,share=0.2992,tput=3.07]
epoch 146: eval=0.9026
epoch 147: loss=0.129501, train_acc=0.9540, time=9.9s
per-rank: rank0[cuda0,share=0.3939,tput=2.56] rank1[cuda1,share=0.3071,tput=4.80] rank2[cuda2,share=0.2991,tput=2.11]
epoch 147: eval=0.9041
epoch 148: loss=0.126072, train_acc=0.9548, time=9.9s
per-rank: rank0[cuda0,share=0.3925,tput=2.91] rank1[cuda1,share=0.3086,tput=2.38] rank2[cuda2,share=0.2989,tput=3.12]
epoch 148: eval=0.9017
epoch 149: loss=0.126239, train_acc=0.9549, time=12.0s
per-rank: rank0[cuda0,share=0.3917,tput=1.97] rank1[cuda1,share=0.3098,tput=4.87] rank2[cuda2,share=0.2985,tput=3.16]
epoch 149: eval=0.9057
epoch 150: loss=0.096560, train_acc=0.9665, time=10.9s
per-rank: rank0[cuda0,share=0.3917,tput=1.92] rank1[cuda1,share=0.3098,tput=3.70] rank2[cuda2,share=0.2985,tput=2.71]
epoch 150: eval=0.9186
epoch 151: loss=0.082258, train_acc=0.9728, time=9.9s
per-rank: rank0[cuda0,share=0.3931,tput=2.19] rank1[cuda1,share=0.3091,tput=4.52] rank2[cuda2,share=0.2978,tput=2.40]
epoch 151: eval=0.9207
epoch 152: loss=0.080098, train_acc=0.9736, time=12.0s
per-rank: rank0[cuda0,share=0.3931,tput=2.01] rank1[cuda1,share=0.3091,tput=3.40] rank2[cuda2,share=0.2978,tput=4.64]
epoch 152: eval=0.9198
epoch 153: loss=0.076377, train_acc=0.9752, time=11.0s
per-rank: rank0[cuda0,share=0.3931,tput=2.73] rank1[cuda1,share=0.3091,tput=3.71] rank2[cuda2,share=0.2978,tput=2.06]
epoch 153: eval=0.9192
epoch 154: loss=0.075831, train_acc=0.9748, time=9.8s
per-rank: rank0[cuda0,share=0.3931,tput=2.39] rank1[cuda1,share=0.3091,tput=2.49] rank2[cuda2,share=0.2978,tput=4.30]
epoch 154: eval=0.9176
epoch 155: loss=0.075927, train_acc=0.9753, time=11.6s
per-rank: rank0[cuda0,share=0.3944,tput=2.09] rank1[cuda1,share=0.3084,tput=5.27] rank2[cuda2,share=0.2972,tput=2.91]
epoch 155: eval=0.9198
epoch 156: loss=0.072649, train_acc=0.9762, time=10.8s
per-rank: rank0[cuda0,share=0.3975,tput=2.52] rank1[cuda1,share=0.3069,tput=4.02] rank2[cuda2,share=0.2957,tput=2.14]
epoch 156: eval=0.9192
epoch 157: loss=0.070851, train_acc=0.9765, time=9.9s
per-rank: rank0[cuda0,share=0.3999,tput=3.03] rank1[cuda1,share=0.3064,tput=3.57] rank2[cuda2,share=0.2937,tput=2.03]
epoch 157: eval=0.9211
epoch 158: loss=0.071998, train_acc=0.9764, time=9.6s
per-rank: rank0[cuda0,share=0.4023,tput=2.98] rank1[cuda1,share=0.3059,tput=2.50] rank2[cuda2,share=0.2918,tput=3.18]
epoch 158: eval=0.9183
epoch 159: loss=0.070018, train_acc=0.9765, time=9.9s
per-rank: rank0[cuda0,share=0.4034,tput=3.10] rank1[cuda1,share=0.3062,tput=2.44] rank2[cuda2,share=0.2905,tput=2.83]
epoch 159: eval=0.9202
epoch 160: loss=0.069559, train_acc=0.9773, time=9.7s
per-rank: rank0[cuda0,share=0.4029,tput=2.92] rank1[cuda1,share=0.3072,tput=2.44] rank2[cuda2,share=0.2899,tput=3.19]
epoch 160: eval=0.9196
epoch 161: loss=0.069768, train_acc=0.9766, time=9.8s
per-rank: rank0[cuda0,share=0.4025,tput=2.48] rank1[cuda1,share=0.3081,tput=1.93] rank2[cuda2,share=0.2894,tput=5.70]
epoch 161: eval=0.9200
epoch 162: loss=0.069624, train_acc=0.9773, time=9.6s
per-rank: rank0[cuda0,share=0.4033,tput=2.54] rank1[cuda1,share=0.3085,tput=2.29] rank2[cuda2,share=0.2882,tput=5.03]
epoch 162: eval=0.9168
epoch 163: loss=0.067109, train_acc=0.9773, time=9.6s
per-rank: rank0[cuda0,share=0.4042,tput=2.23] rank1[cuda1,share=0.3088,tput=5.75] rank2[cuda2,share=0.2870,tput=2.10]
epoch 163: eval=0.9194
epoch 164: loss=0.066294, train_acc=0.9785, time=12.9s
per-rank: rank0[cuda0,share=0.4050,tput=1.90] rank1[cuda1,share=0.3091,tput=3.65] rank2[cuda2,share=0.2859,tput=5.07]
epoch 164: eval=0.9201
epoch 165: loss=0.064568, train_acc=0.9790, time=11.4s
per-rank: rank0[cuda0,share=0.4050,tput=2.32] rank1[cuda1,share=0.3091,tput=3.91] rank2[cuda2,share=0.2859,tput=2.49]
epoch 165: eval=0.9177
epoch 166: loss=0.066504, train_acc=0.9786, time=9.9s
per-rank: rank0[cuda0,share=0.4054,tput=2.99] rank1[cuda1,share=0.3088,tput=2.12] rank2[cuda2,share=0.2858,tput=3.43]
epoch 166: eval=0.9188
epoch 167: loss=0.065585, train_acc=0.9786, time=9.7s
per-rank: rank0[cuda0,share=0.4040,tput=3.40] rank1[cuda1,share=0.3095,tput=2.98] rank2[cuda2,share=0.2866,tput=2.16]
epoch 167: eval=0.9193
epoch 168: loss=0.063638, train_acc=0.9795, time=9.8s
per-rank: rank0[cuda0,share=0.4032,tput=3.59] rank1[cuda1,share=0.3091,tput=3.31] rank2[cuda2,share=0.2878,tput=1.90]
epoch 168: eval=0.9189
epoch 169: loss=0.063399, train_acc=0.9792, time=10.1s
per-rank: rank0[cuda0,share=0.4024,tput=3.95] rank1[cuda1,share=0.3087,tput=3.41] rank2[cuda2,share=0.2890,tput=2.20]
epoch 169: eval=0.9190
epoch 170: loss=0.064918, train_acc=0.9785, time=10.0s
per-rank: rank0[cuda0,share=0.4016,tput=2.72] rank1[cuda1,share=0.3082,tput=2.24] rank2[cuda2,share=0.2902,tput=3.60]
epoch 170: eval=0.9207
epoch 171: loss=0.063539, train_acc=0.9796, time=12.7s
per-rank: rank0[cuda0,share=0.4023,tput=1.91] rank1[cuda1,share=0.3070,tput=5.15] rank2[cuda2,share=0.2907,tput=3.10]
epoch 171: eval=0.9198
epoch 172: loss=0.064606, train_acc=0.9785, time=11.3s
per-rank: rank0[cuda0,share=0.4030,tput=2.26] rank1[cuda1,share=0.3058,tput=2.53] rank2[cuda2,share=0.2912,tput=3.72]
epoch 172: eval=0.9181
epoch 173: loss=0.062631, train_acc=0.9786, time=9.7s
per-rank: rank0[cuda0,share=0.4037,tput=3.35] rank1[cuda1,share=0.3046,tput=2.19] rank2[cuda2,share=0.2917,tput=3.20]
epoch 173: eval=0.9194
epoch 174: loss=0.061708, train_acc=0.9798, time=12.7s
per-rank: rank0[cuda0,share=0.4044,tput=1.98] rank1[cuda1,share=0.3034,tput=3.28] rank2[cuda2,share=0.2922,tput=4.98]
epoch 174: eval=0.9217
epoch 175: loss=0.060108, train_acc=0.9805, time=11.3s
per-rank: rank0[cuda0,share=0.4051,tput=2.07] rank1[cuda1,share=0.3022,tput=2.84] rank2[cuda2,share=0.2927,tput=3.59]
epoch 175: eval=0.9209
epoch 176: loss=0.060815, train_acc=0.9797, time=12.2s
per-rank: rank0[cuda0,share=0.4051,tput=1.99] rank1[cuda1,share=0.3022,tput=3.13] rank2[cuda2,share=0.2927,tput=4.97]
epoch 176: eval=0.9189
epoch 177: loss=0.060168, train_acc=0.9803, time=11.2s
per-rank: rank0[cuda0,share=0.4051,tput=2.12] rank1[cuda1,share=0.3022,tput=3.34] rank2[cuda2,share=0.2927,tput=2.72]
epoch 177: eval=0.9178
epoch 178: loss=0.060548, train_acc=0.9798, time=9.7s
per-rank: rank0[cuda0,share=0.4057,tput=2.37] rank1[cuda1,share=0.3011,tput=2.22] rank2[cuda2,share=0.2932,tput=5.61]
epoch 178: eval=0.9192
epoch 179: loss=0.059674, train_acc=0.9795, time=9.8s
per-rank: rank0[cuda0,share=0.4046,tput=1.80] rank1[cuda1,share=0.3009,tput=2.46] rank2[cuda2,share=0.2945,tput=5.71]
epoch 179: eval=0.9190
epoch 180: loss=0.060040, train_acc=0.9804, time=9.8s
per-rank: rank0[cuda0,share=0.4036,tput=3.71] rank1[cuda1,share=0.3006,tput=2.50] rank2[cuda2,share=0.2958,tput=3.42]
epoch 180: eval=0.9171
epoch 181: loss=0.061202, train_acc=0.9794, time=9.7s
per-rank: rank0[cuda0,share=0.4031,tput=3.33] rank1[cuda1,share=0.3009,tput=2.55] rank2[cuda2,share=0.2960,tput=2.63]
epoch 181: eval=0.9177
epoch 182: loss=0.059916, train_acc=0.9797, time=11.5s
per-rank: rank0[cuda0,share=0.4027,tput=2.10] rank1[cuda1,share=0.3012,tput=3.35] rank2[cuda2,share=0.2961,tput=4.59]
epoch 182: eval=0.9185
epoch 183: loss=0.059309, train_acc=0.9806, time=10.9s
per-rank: rank0[cuda0,share=0.4022,tput=2.05] rank1[cuda1,share=0.3015,tput=2.49] rank2[cuda2,share=0.2962,tput=3.66]
epoch 183: eval=0.9183
epoch 184: loss=0.059080, train_acc=0.9809, time=12.7s
per-rank: rank0[cuda0,share=0.4018,tput=1.94] rank1[cuda1,share=0.3018,tput=3.39] rank2[cuda2,share=0.2964,tput=4.95]
epoch 184: eval=0.9185
epoch 185: loss=0.057189, train_acc=0.9817, time=11.4s
per-rank: rank0[cuda0,share=0.4013,tput=1.90] rank1[cuda1,share=0.3021,tput=2.58] rank2[cuda2,share=0.2965,tput=3.76]
epoch 185: eval=0.9196
epoch 186: loss=0.059715, train_acc=0.9803, time=9.9s
per-rank: rank0[cuda0,share=0.4013,tput=2.69] rank1[cuda1,share=0.3021,tput=2.38] rank2[cuda2,share=0.2965,tput=3.33]
epoch 186: eval=0.9175
epoch 187: loss=0.056670, train_acc=0.9818, time=9.7s
per-rank: rank0[cuda0,share=0.3995,tput=2.45] rank1[cuda1,share=0.3032,tput=2.73] rank2[cuda2,share=0.2974,tput=4.65]
epoch 187: eval=0.9185
epoch 188: loss=0.057396, train_acc=0.9810, time=9.7s
per-rank: rank0[cuda0,share=0.3975,tput=3.20] rank1[cuda1,share=0.3042,tput=2.42] rank2[cuda2,share=0.2982,tput=2.91]
epoch 188: eval=0.9177
epoch 189: loss=0.056041, train_acc=0.9815, time=9.6s
per-rank: rank0[cuda0,share=0.3950,tput=2.69] rank1[cuda1,share=0.3064,tput=2.43] rank2[cuda2,share=0.2986,tput=4.29]
epoch 189: eval=0.9203
epoch 190: loss=0.055314, train_acc=0.9822, time=9.8s
per-rank: rank0[cuda0,share=0.3954,tput=2.28] rank1[cuda1,share=0.3071,tput=4.90] rank2[cuda2,share=0.2976,tput=2.31]
epoch 190: eval=0.9187
epoch 191: loss=0.054670, train_acc=0.9825, time=13.1s
per-rank: rank0[cuda0,share=0.3942,tput=1.84] rank1[cuda1,share=0.3101,tput=3.36] rank2[cuda2,share=0.2957,tput=5.13]
epoch 191: eval=0.9194
epoch 192: loss=0.055305, train_acc=0.9824, time=11.3s
per-rank: rank0[cuda0,share=0.3942,tput=2.32] rank1[cuda1,share=0.3101,tput=3.50] rank2[cuda2,share=0.2957,tput=2.60]
epoch 192: eval=0.9196
epoch 193: loss=0.054630, train_acc=0.9822, time=9.7s
per-rank: rank0[cuda0,share=0.3933,tput=2.52] rank1[cuda1,share=0.3114,tput=1.89] rank2[cuda2,share=0.2954,tput=5.81]
epoch 193: eval=0.9173
epoch 194: loss=0.053693, train_acc=0.9828, time=13.0s
per-rank: rank0[cuda0,share=0.3916,tput=1.78] rank1[cuda1,share=0.3111,tput=2.88] rank2[cuda2,share=0.2973,tput=5.19]
epoch 194: eval=0.9183
epoch 195: loss=0.054881, train_acc=0.9822, time=11.4s
per-rank: rank0[cuda0,share=0.3916,tput=1.86] rank1[cuda1,share=0.3111,tput=2.52] rank2[cuda2,share=0.2973,tput=3.98]
epoch 195: eval=0.9200
epoch 196: loss=0.053818, train_acc=0.9822, time=9.7s
per-rank: rank0[cuda0,share=0.3898,tput=3.42] rank1[cuda1,share=0.3115,tput=3.80] rank2[cuda2,share=0.2987,tput=1.89]
epoch 196: eval=0.9197
epoch 197: loss=0.055357, train_acc=0.9818, time=9.8s
per-rank: rank0[cuda0,share=0.3894,tput=2.39] rank1[cuda1,share=0.3111,tput=2.46] rank2[cuda2,share=0.2994,tput=4.83]
epoch 197: eval=0.9182
epoch 198: loss=0.054706, train_acc=0.9818, time=11.1s
per-rank: rank0[cuda0,share=0.3891,tput=2.12] rank1[cuda1,share=0.3107,tput=3.29] rank2[cuda2,share=0.3002,tput=4.39]
epoch 198: eval=0.9170
epoch 199: loss=0.054631, train_acc=0.9815, time=10.5s
per-rank: rank0[cuda0,share=0.3887,tput=3.16] rank1[cuda1,share=0.3103,tput=2.21] rank2[cuda2,share=0.3009,tput=3.24]
final eval=0.9182
# total: 1946.1s (32m 26s)
