# gpu0: NVIDIA GeForce RTX 5060 Ti (15GB, sm_120)
# gpu1: NVIDIA GeForce GTX 1060 6GB (5GB, sm_61)
# gpu2: NVIDIA GeForce GTX 1060 6GB (5GB, sm_61)
epoch 0: loss=1.998972, train_acc=0.2350, time=9.2s
per-rank: rank0[cuda0,share=0.3650,tput=6.40] rank2[cuda2,share=0.3220,tput=3.50] rank1[cuda1,share=0.3131,tput=2.25]
epoch 0: eval=0.2934
epoch 1: loss=1.724824, train_acc=0.3466, time=8.7s
per-rank: rank0[cuda0,share=0.3650,tput=3.74] rank2[cuda2,share=0.3220,tput=3.20] rank1[cuda1,share=0.3131,tput=2.61]
epoch 1: eval=0.3852
epoch 2: loss=1.565749, train_acc=0.4200, time=8.6s
per-rank: rank0[cuda0,share=0.3650,tput=3.06] rank2[cuda2,share=0.3220,tput=2.08] rank1[cuda1,share=0.3131,tput=5.80]
epoch 2: eval=0.4447
epoch 3: loss=1.414472, train_acc=0.4830, time=8.6s
per-rank: rank0[cuda0,share=0.3650,tput=3.16] rank2[cuda2,share=0.3220,tput=5.00] rank1[cuda1,share=0.3131,tput=2.37]
epoch 3: eval=0.5205
epoch 4: loss=1.290862, train_acc=0.5366, time=8.5s
per-rank: rank0[cuda0,share=0.3650,tput=3.18] rank2[cuda2,share=0.3220,tput=5.52] rank1[cuda1,share=0.3131,tput=2.10]
epoch 4: eval=0.5871
epoch 5: loss=1.185901, train_acc=0.5772, time=8.5s
per-rank: rank0[cuda0,share=0.3650,tput=2.64] rank2[cuda2,share=0.3220,tput=2.47] rank1[cuda1,share=0.3131,tput=5.62]
epoch 5: eval=0.5539
epoch 6: loss=1.097386, train_acc=0.6101, time=9.4s
per-rank: rank0[cuda0,share=0.3650,tput=2.41] rank2[cuda2,share=0.3220,tput=4.70] rank1[cuda1,share=0.3131,tput=3.72]
epoch 6: eval=0.6171
epoch 7: loss=1.033187, train_acc=0.6351, time=9.0s
per-rank: rank0[cuda0,share=0.3650,tput=4.12] rank2[cuda2,share=0.3220,tput=3.01] rank1[cuda1,share=0.3131,tput=2.86]
epoch 7: eval=0.5815
epoch 8: loss=0.973774, train_acc=0.6575, time=8.6s
per-rank: rank0[cuda0,share=0.3650,tput=2.39] rank2[cuda2,share=0.3220,tput=5.33] rank1[cuda1,share=0.3131,tput=2.73]
epoch 8: eval=0.6088
epoch 9: loss=0.918990, train_acc=0.6757, time=8.5s
per-rank: rank0[cuda0,share=0.3650,tput=2.30] rank2[cuda2,share=0.3220,tput=2.45] rank1[cuda1,share=0.3131,tput=6.35]
epoch 9: eval=0.6331
epoch 10: loss=0.873245, train_acc=0.6960, time=8.5s
per-rank: rank0[cuda0,share=0.3650,tput=3.30] rank2[cuda2,share=0.3220,tput=2.20] rank1[cuda1,share=0.3131,tput=5.22]
epoch 10: eval=0.6509
epoch 11: loss=0.834655, train_acc=0.7096, time=10.4s
per-rank: rank0[cuda0,share=0.3650,tput=2.17] rank2[cuda2,share=0.3220,tput=5.27] rank1[cuda1,share=0.3131,tput=3.47]
epoch 11: eval=0.7146
epoch 12: loss=0.810076, train_acc=0.7175, time=9.6s
per-rank: rank0[cuda0,share=0.3650,tput=2.63] rank2[cuda2,share=0.3220,tput=3.88] rank1[cuda1,share=0.3131,tput=3.00]
epoch 12: eval=0.7010
epoch 13: loss=0.784819, train_acc=0.7284, time=8.7s
per-rank: rank0[cuda0,share=0.3650,tput=4.07] rank2[cuda2,share=0.3220,tput=2.31] rank1[cuda1,share=0.3131,tput=3.68]
epoch 13: eval=0.6724
epoch 14: loss=0.768908, train_acc=0.7332, time=8.5s
per-rank: rank0[cuda0,share=0.3650,tput=3.22] rank2[cuda2,share=0.3220,tput=2.20] rank1[cuda1,share=0.3131,tput=5.29]
epoch 14: eval=0.7247
epoch 15: loss=1.114136, train_acc=0.6052, time=8.6s
per-rank: rank0[cuda0,share=0.3650,tput=4.31] rank2[cuda2,share=0.3220,tput=2.05] rank1[cuda1,share=0.3131,tput=4.08]
epoch 15: eval=0.6304
epoch 16: loss=0.994486, train_acc=0.6522, time=9.8s
per-rank: rank0[cuda0,share=0.3650,tput=2.25] rank2[cuda2,share=0.3220,tput=5.14] rank1[cuda1,share=0.3131,tput=3.63]
epoch 16: eval=0.6376
epoch 17: loss=0.886454, train_acc=0.6891, time=9.2s
per-rank: rank0[cuda0,share=0.3650,tput=3.16] rank2[cuda2,share=0.3220,tput=2.66] rank1[cuda1,share=0.3131,tput=3.91]
epoch 17: eval=0.6057
epoch 18: loss=0.827686, train_acc=0.7114, time=8.5s
per-rank: rank0[cuda0,share=0.3650,tput=3.45] rank2[cuda2,share=0.3220,tput=3.36] rank1[cuda1,share=0.3131,tput=2.90]
epoch 18: eval=0.6741
epoch 19: loss=0.793475, train_acc=0.7264, time=10.2s
per-rank: rank0[cuda0,share=0.3650,tput=2.17] rank2[cuda2,share=0.3220,tput=3.20] rank1[cuda1,share=0.3131,tput=5.75]
epoch 19: eval=0.7120
epoch 20: loss=0.763684, train_acc=0.7369, time=9.5s
per-rank: rank0[cuda0,share=0.3650,tput=3.54] rank2[cuda2,share=0.3220,tput=3.55] rank1[cuda1,share=0.3131,tput=2.64]
epoch 20: eval=0.7294
epoch 21: loss=0.732364, train_acc=0.7490, time=9.3s
per-rank: rank0[cuda0,share=0.3650,tput=2.37] rank2[cuda2,share=0.3220,tput=4.50] rank1[cuda1,share=0.3131,tput=3.71]
epoch 21: eval=0.7445
epoch 22: loss=0.711186, train_acc=0.7549, time=9.0s
per-rank: rank0[cuda0,share=0.3650,tput=3.35] rank2[cuda2,share=0.3220,tput=2.59] rank1[cuda1,share=0.3131,tput=3.71]
epoch 22: eval=0.7272
epoch 23: loss=0.694222, train_acc=0.7591, time=8.6s
per-rank: rank0[cuda0,share=0.3650,tput=4.57] rank2[cuda2,share=0.3220,tput=2.13] rank1[cuda1,share=0.3131,tput=3.64]
epoch 23: eval=0.7016
epoch 24: loss=0.679951, train_acc=0.7636, time=8.6s
per-rank: rank0[cuda0,share=0.3650,tput=4.70] rank2[cuda2,share=0.3220,tput=4.85] rank1[cuda1,share=0.3131,tput=2.14]
epoch 24: eval=0.7207
epoch 25: loss=0.678503, train_acc=0.7667, time=9.6s
per-rank: rank0[cuda0,share=0.3650,tput=2.32] rank2[cuda2,share=0.3220,tput=5.04] rank1[cuda1,share=0.3131,tput=3.74]
epoch 25: eval=0.7247
epoch 26: loss=0.667448, train_acc=0.7688, time=9.1s
per-rank: rank0[cuda0,share=0.3650,tput=4.15] rank2[cuda2,share=0.3220,tput=3.62] rank1[cuda1,share=0.3131,tput=2.43]
epoch 26: eval=0.7274
epoch 27: loss=0.649460, train_acc=0.7758, time=8.4s
per-rank: rank0[cuda0,share=0.3650,tput=3.18] rank2[cuda2,share=0.3220,tput=4.58] rank1[cuda1,share=0.3131,tput=2.56]
epoch 27: eval=0.7694
epoch 28: loss=0.643949, train_acc=0.7787, time=9.4s
per-rank: rank0[cuda0,share=0.3650,tput=2.36] rank2[cuda2,share=0.3220,tput=3.08] rank1[cuda1,share=0.3131,tput=5.39]
epoch 28: eval=0.7484
epoch 29: loss=0.634539, train_acc=0.7803, time=9.0s
per-rank: rank0[cuda0,share=0.3650,tput=3.45] rank2[cuda2,share=0.3220,tput=2.71] rank1[cuda1,share=0.3131,tput=3.39]
epoch 29: eval=0.7228
epoch 30: loss=0.651211, train_acc=0.7753, time=10.0s
per-rank: rank0[cuda0,share=0.3691,tput=2.23] rank2[cuda2,share=0.3199,tput=3.43] rank1[cuda1,share=0.3110,tput=5.73]
epoch 30: eval=0.7508
epoch 31: loss=0.674402, train_acc=0.7698, time=9.6s
per-rank: rank0[cuda0,share=0.3691,tput=3.17] rank2[cuda2,share=0.3199,tput=3.63] rank1[cuda1,share=0.3110,tput=2.59]
epoch 31: eval=0.7164
epoch 32: loss=0.659958, train_acc=0.7727, time=8.6s
per-rank: rank0[cuda0,share=0.3691,tput=4.60] rank2[cuda2,share=0.3199,tput=3.32] rank1[cuda1,share=0.3110,tput=2.24]
epoch 32: eval=0.7414
epoch 33: loss=0.653931, train_acc=0.7737, time=9.9s
per-rank: rank0[cuda0,share=0.3691,tput=2.28] rank2[cuda2,share=0.3199,tput=4.71] rank1[cuda1,share=0.3110,tput=3.76]
epoch 33: eval=0.7392
epoch 34: loss=0.634831, train_acc=0.7796, time=9.3s
per-rank: rank0[cuda0,share=0.3691,tput=3.17] rank2[cuda2,share=0.3199,tput=2.35] rank1[cuda1,share=0.3110,tput=4.32]
epoch 34: eval=0.7115
epoch 35: loss=0.624928, train_acc=0.7831, time=8.6s
per-rank: rank0[cuda0,share=0.3691,tput=3.02] rank2[cuda2,share=0.3199,tput=5.41] rank1[cuda1,share=0.3110,tput=2.27]
epoch 35: eval=0.7266
epoch 36: loss=0.613955, train_acc=0.7899, time=10.3s
per-rank: rank0[cuda0,share=0.3691,tput=2.21] rank2[cuda2,share=0.3199,tput=4.82] rank1[cuda1,share=0.3110,tput=3.66]
epoch 36: eval=0.7945
epoch 37: loss=0.608635, train_acc=0.7900, time=9.4s
per-rank: rank0[cuda0,share=0.3691,tput=2.43] rank2[cuda2,share=0.3199,tput=3.94] rank1[cuda1,share=0.3110,tput=3.04]
epoch 37: eval=0.7695
epoch 38: loss=0.605877, train_acc=0.7917, time=8.5s
per-rank: rank0[cuda0,share=0.3691,tput=4.51] rank2[cuda2,share=0.3199,tput=3.18] rank1[cuda1,share=0.3110,tput=2.43]
epoch 38: eval=0.7764
epoch 39: loss=0.599182, train_acc=0.7946, time=9.7s
per-rank: rank0[cuda0,share=0.3691,tput=2.36] rank2[cuda2,share=0.3199,tput=5.34] rank1[cuda1,share=0.3110,tput=3.31]
epoch 39: eval=0.7349
epoch 40: loss=0.593825, train_acc=0.7966, time=9.4s
per-rank: rank0[cuda0,share=0.3691,tput=3.16] rank2[cuda2,share=0.3199,tput=2.83] rank1[cuda1,share=0.3110,tput=3.62]
epoch 40: eval=0.7879
epoch 41: loss=0.586836, train_acc=0.7973, time=8.6s
per-rank: rank0[cuda0,share=0.3691,tput=4.39] rank2[cuda2,share=0.3199,tput=2.07] rank1[cuda1,share=0.3110,tput=3.74]
epoch 41: eval=0.7879
epoch 42: loss=0.589014, train_acc=0.7980, time=8.5s
per-rank: rank0[cuda0,share=0.3691,tput=2.89] rank2[cuda2,share=0.3199,tput=2.18] rank1[cuda1,share=0.3110,tput=6.17]
epoch 42: eval=0.7313
epoch 43: loss=0.578680, train_acc=0.8011, time=8.5s
per-rank: rank0[cuda0,share=0.3691,tput=2.87] rank2[cuda2,share=0.3199,tput=5.29] rank1[cuda1,share=0.3110,tput=2.42]
epoch 43: eval=0.7697
epoch 44: loss=0.575905, train_acc=0.8042, time=10.0s
per-rank: rank0[cuda0,share=0.3691,tput=2.28] rank2[cuda2,share=0.3199,tput=5.12] rank1[cuda1,share=0.3110,tput=3.31]
epoch 44: eval=0.7741
epoch 45: loss=0.576729, train_acc=0.7998, time=9.4s
per-rank: rank0[cuda0,share=0.3691,tput=3.31] rank2[cuda2,share=0.3199,tput=2.33] rank1[cuda1,share=0.3110,tput=4.19]
epoch 45: eval=0.7595
epoch 46: loss=0.546506, train_acc=0.8122, time=9.8s
per-rank: rank0[cuda0,share=0.3711,tput=2.31] rank2[cuda2,share=0.3188,tput=4.25] rank1[cuda1,share=0.3100,tput=4.05]
epoch 46: eval=0.7483
epoch 47: loss=0.563280, train_acc=0.8066, time=9.2s
per-rank: rank0[cuda0,share=0.3711,tput=3.15] rank2[cuda2,share=0.3188,tput=2.32] rank1[cuda1,share=0.3100,tput=4.36]
epoch 47: eval=0.7633
epoch 48: loss=0.569279, train_acc=0.8056, time=8.6s
per-rank: rank0[cuda0,share=0.3711,tput=3.17] rank2[cuda2,share=0.3188,tput=3.72] rank1[cuda1,share=0.3100,tput=2.80]
epoch 48: eval=0.7722
epoch 49: loss=0.570137, train_acc=0.8044, time=8.7s
per-rank: rank0[cuda0,share=0.3711,tput=2.62] rank2[cuda2,share=0.3188,tput=5.06] rank1[cuda1,share=0.3100,tput=2.83]
epoch 49: eval=0.7980
epoch 50: loss=0.561634, train_acc=0.8072, time=8.5s
per-rank: rank0[cuda0,share=0.3711,tput=3.93] rank2[cuda2,share=0.3188,tput=2.26] rank1[cuda1,share=0.3100,tput=3.91]
epoch 50: eval=0.7488
epoch 51: loss=0.569758, train_acc=0.8048, time=9.8s
per-rank: rank0[cuda0,share=0.3711,tput=2.31] rank2[cuda2,share=0.3188,tput=5.10] rank1[cuda1,share=0.3100,tput=3.29]
epoch 51: eval=0.8044
epoch 52: loss=0.563719, train_acc=0.8075, time=9.1s
per-rank: rank0[cuda0,share=0.3711,tput=2.82] rank2[cuda2,share=0.3188,tput=2.72] rank1[cuda1,share=0.3100,tput=4.00]
epoch 52: eval=0.7612
epoch 53: loss=0.552965, train_acc=0.8104, time=9.8s
per-rank: rank0[cuda0,share=0.3711,tput=2.33] rank2[cuda2,share=0.3188,tput=4.87] rank1[cuda1,share=0.3100,tput=3.90]
epoch 53: eval=0.7604
epoch 54: loss=0.556410, train_acc=0.8090, time=9.1s
per-rank: rank0[cuda0,share=0.3711,tput=3.38] rank2[cuda2,share=0.3188,tput=2.19] rank1[cuda1,share=0.3100,tput=4.68]
epoch 54: eval=0.7397
epoch 55: loss=0.561055, train_acc=0.8074, time=10.4s
per-rank: rank0[cuda0,share=0.3711,tput=2.19] rank2[cuda2,share=0.3188,tput=4.59] rank1[cuda1,share=0.3100,tput=4.15]
epoch 55: eval=0.7874
epoch 56: loss=0.553720, train_acc=0.8107, time=9.7s
per-rank: rank0[cuda0,share=0.3711,tput=2.75] rank2[cuda2,share=0.3188,tput=3.52] rank1[cuda1,share=0.3100,tput=3.05]
epoch 56: eval=0.7727
epoch 57: loss=0.542151, train_acc=0.8145, time=8.6s
per-rank: rank0[cuda0,share=0.3711,tput=4.06] rank2[cuda2,share=0.3188,tput=2.99] rank1[cuda1,share=0.3100,tput=2.80]
epoch 57: eval=0.7589
epoch 58: loss=0.546175, train_acc=0.8119, time=9.4s
per-rank: rank0[cuda0,share=0.3711,tput=2.48] rank2[cuda2,share=0.3188,tput=4.92] rank1[cuda1,share=0.3100,tput=3.46]
epoch 58: eval=0.7630
epoch 59: loss=0.545680, train_acc=0.8124, time=9.0s
per-rank: rank0[cuda0,share=0.3711,tput=3.90] rank2[cuda2,share=0.3188,tput=2.28] rank1[cuda1,share=0.3100,tput=3.98]
epoch 59: eval=0.7978
epoch 60: loss=0.541601, train_acc=0.8128, time=8.4s
per-rank: rank0[cuda0,share=0.3711,tput=3.76] rank2[cuda2,share=0.3188,tput=3.44] rank1[cuda1,share=0.3100,tput=2.74]
epoch 60: eval=0.7999
epoch 61: loss=0.537713, train_acc=0.8146, time=8.6s
per-rank: rank0[cuda0,share=0.3711,tput=4.28] rank2[cuda2,share=0.3188,tput=2.48] rank1[cuda1,share=0.3100,tput=4.58]
epoch 61: eval=0.7609
epoch 62: loss=0.514807, train_acc=0.8230, time=8.6s
per-rank: rank0[cuda0,share=0.3724,tput=3.24] rank2[cuda2,share=0.3182,tput=5.09] rank1[cuda1,share=0.3094,tput=2.39]
epoch 62: eval=0.7752
epoch 63: loss=0.527685, train_acc=0.8184, time=8.5s
per-rank: rank0[cuda0,share=0.3724,tput=2.74] rank2[cuda2,share=0.3182,tput=2.43] rank1[cuda1,share=0.3094,tput=5.73]
epoch 63: eval=0.7859
epoch 64: loss=0.537706, train_acc=0.8163, time=8.6s
per-rank: rank0[cuda0,share=0.3724,tput=3.73] rank2[cuda2,share=0.3182,tput=3.44] rank1[cuda1,share=0.3094,tput=2.63]
epoch 64: eval=0.6839
epoch 65: loss=0.540170, train_acc=0.8143, time=10.7s
per-rank: rank0[cuda0,share=0.3724,tput=2.12] rank2[cuda2,share=0.3182,tput=5.13] rank1[cuda1,share=0.3094,tput=4.02]
epoch 65: eval=0.7725
epoch 66: loss=0.540856, train_acc=0.8125, time=9.7s
per-rank: rank0[cuda0,share=0.3724,tput=2.71] rank2[cuda2,share=0.3182,tput=4.07] rank1[cuda1,share=0.3094,tput=2.74]
epoch 66: eval=0.7549
epoch 67: loss=0.537848, train_acc=0.8150, time=9.6s
per-rank: rank0[cuda0,share=0.3724,tput=2.36] rank2[cuda2,share=0.3182,tput=3.66] rank1[cuda1,share=0.3094,tput=4.93]
epoch 67: eval=0.8122
epoch 68: loss=0.533570, train_acc=0.8153, time=9.2s
per-rank: rank0[cuda0,share=0.3724,tput=3.25] rank2[cuda2,share=0.3182,tput=2.36] rank1[cuda1,share=0.3094,tput=3.83]
epoch 68: eval=0.7928
epoch 69: loss=0.533928, train_acc=0.8185, time=8.7s
per-rank: rank0[cuda0,share=0.3724,tput=2.61] rank2[cuda2,share=0.3182,tput=2.38] rank1[cuda1,share=0.3094,tput=6.05]
epoch 69: eval=0.7472
epoch 70: loss=0.528970, train_acc=0.8191, time=8.7s
per-rank: rank0[cuda0,share=0.3724,tput=3.35] rank2[cuda2,share=0.3182,tput=3.42] rank1[cuda1,share=0.3094,tput=3.07]
epoch 70: eval=0.7843
epoch 71: loss=0.537770, train_acc=0.8157, time=10.6s
per-rank: rank0[cuda0,share=0.3724,tput=2.12] rank2[cuda2,share=0.3182,tput=4.94] rank1[cuda1,share=0.3094,tput=4.04]
epoch 71: eval=0.7556
epoch 72: loss=0.533109, train_acc=0.8162, time=9.7s
per-rank: rank0[cuda0,share=0.3724,tput=2.65] rank2[cuda2,share=0.3182,tput=3.46] rank1[cuda1,share=0.3094,tput=3.04]
epoch 72: eval=0.7819
epoch 73: loss=0.528513, train_acc=0.8189, time=8.5s
per-rank: rank0[cuda0,share=0.3724,tput=4.02] rank2[cuda2,share=0.3182,tput=4.13] rank1[cuda1,share=0.3094,tput=2.92]
epoch 73: eval=0.8046
epoch 74: loss=0.527750, train_acc=0.8189, time=10.5s
per-rank: rank0[cuda0,share=0.3724,tput=2.16] rank2[cuda2,share=0.3182,tput=4.80] rank1[cuda1,share=0.3094,tput=3.69]
epoch 74: eval=0.7274
epoch 75: loss=0.524308, train_acc=0.8214, time=9.5s
per-rank: rank0[cuda0,share=0.3724,tput=2.67] rank2[cuda2,share=0.3182,tput=3.80] rank1[cuda1,share=0.3094,tput=2.89]
epoch 75: eval=0.7231
epoch 76: loss=0.524730, train_acc=0.8195, time=8.5s
per-rank: rank0[cuda0,share=0.3724,tput=3.20] rank2[cuda2,share=0.3182,tput=3.71] rank1[cuda1,share=0.3094,tput=2.72]
epoch 76: eval=0.7828
epoch 77: loss=0.520725, train_acc=0.8212, time=10.5s
per-rank: rank0[cuda0,share=0.3724,tput=2.13] rank2[cuda2,share=0.3182,tput=3.60] rank1[cuda1,share=0.3094,tput=4.77]
epoch 77: eval=0.8152
epoch 78: loss=0.514922, train_acc=0.8237, time=9.4s
per-rank: rank0[cuda0,share=0.3724,tput=2.62] rank2[cuda2,share=0.3182,tput=2.60] rank1[cuda1,share=0.3094,tput=4.53]
epoch 78: eval=0.8063
epoch 79: loss=0.492592, train_acc=0.8307, time=10.1s
per-rank: rank0[cuda0,share=0.3770,tput=2.25] rank2[cuda2,share=0.3143,tput=4.79] rank1[cuda1,share=0.3086,tput=3.81]
epoch 79: eval=0.7557
epoch 80: loss=0.519275, train_acc=0.8217, time=9.2s
per-rank: rank0[cuda0,share=0.3770,tput=3.16] rank2[cuda2,share=0.3143,tput=2.65] rank1[cuda1,share=0.3086,tput=4.20]
epoch 80: eval=0.8113
epoch 81: loss=0.518312, train_acc=0.8222, time=11.1s
per-rank: rank0[cuda0,share=0.3770,tput=2.15] rank2[cuda2,share=0.3143,tput=3.59] rank1[cuda1,share=0.3086,tput=5.46]
epoch 81: eval=0.7972
epoch 82: loss=0.522630, train_acc=0.8198, time=10.1s
per-rank: rank0[cuda0,share=0.3770,tput=2.01] rank2[cuda2,share=0.3143,tput=4.18] rank1[cuda1,share=0.3086,tput=3.33]
epoch 82: eval=0.7057
epoch 83: loss=0.529128, train_acc=0.8194, time=8.8s
per-rank: rank0[cuda0,share=0.3770,tput=3.42] rank2[cuda2,share=0.3143,tput=2.32] rank1[cuda1,share=0.3086,tput=4.07]
epoch 83: eval=0.8155
epoch 84: loss=0.521339, train_acc=0.8223, time=10.5s
per-rank: rank0[cuda0,share=0.3770,tput=2.26] rank2[cuda2,share=0.3143,tput=4.90] rank1[cuda1,share=0.3086,tput=3.97]
epoch 84: eval=0.7992
epoch 85: loss=0.521545, train_acc=0.8212, time=9.6s
per-rank: rank0[cuda0,share=0.3770,tput=2.51] rank2[cuda2,share=0.3143,tput=2.67] rank1[cuda1,share=0.3086,tput=4.46]
epoch 85: eval=0.8015
epoch 86: loss=0.520008, train_acc=0.8222, time=10.9s
per-rank: rank0[cuda0,share=0.3770,tput=2.16] rank2[cuda2,share=0.3143,tput=3.95] rank1[cuda1,share=0.3086,tput=4.65]
epoch 86: eval=0.7809
epoch 87: loss=0.513741, train_acc=0.8243, time=9.8s
per-rank: rank0[cuda0,share=0.3770,tput=2.56] rank2[cuda2,share=0.3143,tput=4.05] rank1[cuda1,share=0.3086,tput=3.07]
epoch 87: eval=0.7697
epoch 88: loss=0.522479, train_acc=0.8202, time=10.5s
per-rank: rank0[cuda0,share=0.3770,tput=2.26] rank2[cuda2,share=0.3143,tput=5.54] rank1[cuda1,share=0.3086,tput=3.52]
epoch 88: eval=0.7525
epoch 89: loss=0.517450, train_acc=0.8231, time=9.5s
per-rank: rank0[cuda0,share=0.3770,tput=2.34] rank2[cuda2,share=0.3143,tput=2.78] rank1[cuda1,share=0.3086,tput=4.47]
epoch 89: eval=0.7729
epoch 90: loss=0.512142, train_acc=0.8237, time=10.7s
per-rank: rank0[cuda0,share=0.3770,tput=2.23] rank2[cuda2,share=0.3143,tput=4.74] rank1[cuda1,share=0.3086,tput=3.99]
epoch 90: eval=0.7808
epoch 91: loss=0.514121, train_acc=0.8214, time=9.7s
per-rank: rank0[cuda0,share=0.3770,tput=2.41] rank2[cuda2,share=0.3143,tput=2.75] rank1[cuda1,share=0.3086,tput=4.59]
epoch 91: eval=0.7811
epoch 92: loss=0.513069, train_acc=0.8248, time=10.9s
per-rank: rank0[cuda0,share=0.3770,tput=2.22] rank2[cuda2,share=0.3143,tput=5.23] rank1[cuda1,share=0.3086,tput=4.40]
epoch 92: eval=0.7819
epoch 93: loss=0.515577, train_acc=0.8214, time=10.0s
per-rank: rank0[cuda0,share=0.3770,tput=2.13] rank2[cuda2,share=0.3143,tput=2.73] rank1[cuda1,share=0.3086,tput=4.35]
epoch 93: eval=0.7737
epoch 94: loss=0.511467, train_acc=0.8248, time=10.6s
per-rank: rank0[cuda0,share=0.3770,tput=2.24] rank2[cuda2,share=0.3143,tput=5.60] rank1[cuda1,share=0.3086,tput=3.70]
epoch 94: eval=0.7797
epoch 95: loss=0.509109, train_acc=0.8248, time=9.7s
per-rank: rank0[cuda0,share=0.3770,tput=3.05] rank2[cuda2,share=0.3143,tput=4.34] rank1[cuda1,share=0.3086,tput=2.39]
epoch 95: eval=0.7472
epoch 96: loss=0.488924, train_acc=0.8316, time=8.4s
per-rank: rank0[cuda0,share=0.3804,tput=3.96] rank2[cuda2,share=0.3116,tput=2.54] rank1[cuda1,share=0.3080,tput=3.64]
epoch 96: eval=0.8146
epoch 97: loss=0.493882, train_acc=0.8318, time=10.4s
per-rank: rank0[cuda0,share=0.3804,tput=2.31] rank2[cuda2,share=0.3116,tput=5.09] rank1[cuda1,share=0.3080,tput=3.95]
epoch 97: eval=0.7190
epoch 98: loss=0.509452, train_acc=0.8254, time=9.7s
per-rank: rank0[cuda0,share=0.3804,tput=2.94] rank2[cuda2,share=0.3116,tput=2.91] rank1[cuda1,share=0.3080,tput=3.55]
epoch 98: eval=0.8003
epoch 99: loss=0.510575, train_acc=0.8243, time=8.6s
per-rank: rank0[cuda0,share=0.3804,tput=3.49] rank2[cuda2,share=0.3116,tput=5.11] rank1[cuda1,share=0.3080,tput=2.43]
epoch 99: eval=0.7823
epoch 100: loss=0.508582, train_acc=0.8265, time=10.5s
per-rank: rank0[cuda0,share=0.3804,tput=2.26] rank2[cuda2,share=0.3116,tput=3.88] rank1[cuda1,share=0.3080,tput=4.94]
epoch 100: eval=0.7579
epoch 101: loss=0.506924, train_acc=0.8263, time=9.6s
per-rank: rank0[cuda0,share=0.3804,tput=1.99] rank2[cuda2,share=0.3116,tput=4.17] rank1[cuda1,share=0.3080,tput=3.26]
epoch 101: eval=0.7316
epoch 102: loss=0.509468, train_acc=0.8260, time=8.9s
per-rank: rank0[cuda0,share=0.3804,tput=2.92] rank2[cuda2,share=0.3116,tput=3.91] rank1[cuda1,share=0.3080,tput=2.79]
epoch 102: eval=0.7482
epoch 103: loss=0.511378, train_acc=0.8246, time=8.6s
per-rank: rank0[cuda0,share=0.3804,tput=3.64] rank2[cuda2,share=0.3116,tput=2.37] rank1[cuda1,share=0.3080,tput=4.11]
epoch 103: eval=0.7978
epoch 104: loss=0.510671, train_acc=0.8245, time=11.2s
per-rank: rank0[cuda0,share=0.3804,tput=2.13] rank2[cuda2,share=0.3116,tput=5.91] rank1[cuda1,share=0.3080,tput=3.78]
epoch 104: eval=0.7715
epoch 105: loss=0.499706, train_acc=0.8265, time=10.0s
per-rank: rank0[cuda0,share=0.3804,tput=2.50] rank2[cuda2,share=0.3116,tput=4.28] rank1[cuda1,share=0.3080,tput=2.91]
epoch 105: eval=0.8010
epoch 106: loss=0.459741, train_acc=0.8413, time=10.1s
per-rank: rank0[cuda0,share=0.3804,tput=2.41] rank2[cuda2,share=0.3116,tput=5.00] rank1[cuda1,share=0.3080,tput=3.97]
epoch 106: eval=0.7754
epoch 107: loss=0.355593, train_acc=0.8784, time=9.5s
per-rank: rank0[cuda0,share=0.3804,tput=2.99] rank2[cuda2,share=0.3116,tput=3.98] rank1[cuda1,share=0.3080,tput=2.74]
epoch 107: eval=0.8652
epoch 108: loss=0.315792, train_acc=0.8919, time=8.7s
per-rank: rank0[cuda0,share=0.3804,tput=3.83] rank2[cuda2,share=0.3116,tput=3.20] rank1[cuda1,share=0.3080,tput=2.61]
epoch 108: eval=0.8774
epoch 109: loss=0.302101, train_acc=0.8960, time=8.5s
per-rank: rank0[cuda0,share=0.3804,tput=3.48] rank2[cuda2,share=0.3116,tput=3.70] rank1[cuda1,share=0.3080,tput=2.74]
epoch 109: eval=0.8795
epoch 110: loss=0.292824, train_acc=0.8978, time=10.9s
per-rank: rank0[cuda0,share=0.3804,tput=2.21] rank2[cuda2,share=0.3116,tput=4.92] rank1[cuda1,share=0.3080,tput=4.04]
epoch 110: eval=0.8794
epoch 111: loss=0.282900, train_acc=0.9031, time=9.8s
per-rank: rank0[cuda0,share=0.3804,tput=2.55] rank2[cuda2,share=0.3116,tput=3.72] rank1[cuda1,share=0.3080,tput=3.16]
epoch 111: eval=0.8827
epoch 112: loss=0.275834, train_acc=0.9030, time=10.7s
per-rank: rank0[cuda0,share=0.3804,tput=2.23] rank2[cuda2,share=0.3116,tput=4.34] rank1[cuda1,share=0.3080,tput=4.40]
epoch 112: eval=0.8844
epoch 113: loss=0.268208, train_acc=0.9077, time=9.7s
per-rank: rank0[cuda0,share=0.3804,tput=2.59] rank2[cuda2,share=0.3116,tput=2.59] rank1[cuda1,share=0.3080,tput=4.47]
epoch 113: eval=0.8884
epoch 114: loss=0.252002, train_acc=0.9139, time=10.2s
per-rank: rank0[cuda0,share=0.3829,tput=2.38] rank2[cuda2,share=0.3095,tput=3.10] rank1[cuda1,share=0.3076,tput=6.15]
epoch 114: eval=0.8968
epoch 115: loss=0.243348, train_acc=0.9144, time=9.9s
per-rank: rank0[cuda0,share=0.3829,tput=3.79] rank2[cuda2,share=0.3095,tput=2.78] rank1[cuda1,share=0.3076,tput=4.18]
epoch 115: eval=0.8941
epoch 116: loss=0.242077, train_acc=0.9160, time=8.7s
per-rank: rank0[cuda0,share=0.3829,tput=3.30] rank2[cuda2,share=0.3095,tput=3.82] rank1[cuda1,share=0.3076,tput=2.47]
epoch 116: eval=0.8979
epoch 117: loss=0.239035, train_acc=0.9163, time=8.6s
per-rank: rank0[cuda0,share=0.3829,tput=2.62] rank2[cuda2,share=0.3095,tput=6.33] rank1[cuda1,share=0.3076,tput=2.45]
epoch 117: eval=0.8940
epoch 118: loss=0.232213, train_acc=0.9192, time=10.1s
per-rank: rank0[cuda0,share=0.3829,tput=2.38] rank2[cuda2,share=0.3095,tput=3.61] rank1[cuda1,share=0.3076,tput=5.00]
epoch 118: eval=0.8966
epoch 119: loss=0.230860, train_acc=0.9192, time=9.5s
per-rank: rank0[cuda0,share=0.3829,tput=2.93] rank2[cuda2,share=0.3095,tput=2.41] rank1[cuda1,share=0.3076,tput=4.34]
epoch 119: eval=0.9010
epoch 120: loss=0.229875, train_acc=0.9207, time=11.8s
per-rank: rank0[cuda0,share=0.3829,tput=2.07] rank2[cuda2,share=0.3095,tput=3.66] rank1[cuda1,share=0.3076,tput=5.93]
epoch 120: eval=0.8971
epoch 121: loss=0.223260, train_acc=0.9224, time=10.7s
per-rank: rank0[cuda0,share=0.3829,tput=2.17] rank2[cuda2,share=0.3095,tput=3.96] rank1[cuda1,share=0.3076,tput=3.32]
epoch 121: eval=0.9002
epoch 122: loss=0.225058, train_acc=0.9217, time=8.9s
per-rank: rank0[cuda0,share=0.3829,tput=3.18] rank2[cuda2,share=0.3095,tput=3.35] rank1[cuda1,share=0.3076,tput=3.17]
epoch 122: eval=0.8989
epoch 123: loss=0.219755, train_acc=0.9248, time=8.6s
per-rank: rank0[cuda0,share=0.3829,tput=2.19] rank2[cuda2,share=0.3095,tput=5.91] rank1[cuda1,share=0.3076,tput=3.09]
epoch 123: eval=0.8947
epoch 124: loss=0.217589, train_acc=0.9235, time=8.5s
per-rank: rank0[cuda0,share=0.3829,tput=2.44] rank2[cuda2,share=0.3095,tput=6.31] rank1[cuda1,share=0.3076,tput=2.70]
epoch 124: eval=0.8962
epoch 125: loss=0.215521, train_acc=0.9239, time=8.6s
per-rank: rank0[cuda0,share=0.3829,tput=4.74] rank2[cuda2,share=0.3095,tput=3.37] rank1[cuda1,share=0.3076,tput=2.43]
epoch 125: eval=0.8953
epoch 126: loss=0.217005, train_acc=0.9251, time=8.5s
per-rank: rank0[cuda0,share=0.3829,tput=4.12] rank2[cuda2,share=0.3095,tput=2.50] rank1[cuda1,share=0.3076,tput=3.30]
epoch 126: eval=0.8873
epoch 127: loss=0.214492, train_acc=0.9254, time=8.5s
per-rank: rank0[cuda0,share=0.3829,tput=3.14] rank2[cuda2,share=0.3095,tput=3.70] rank1[cuda1,share=0.3076,tput=2.76]
epoch 127: eval=0.8959
epoch 128: loss=0.213580, train_acc=0.9252, time=8.4s
per-rank: rank0[cuda0,share=0.3829,tput=4.18] rank2[cuda2,share=0.3095,tput=2.63] rank1[cuda1,share=0.3076,tput=3.22]
epoch 128: eval=0.8958
epoch 129: loss=0.210115, train_acc=0.9255, time=8.6s
per-rank: rank0[cuda0,share=0.3829,tput=3.34] rank2[cuda2,share=0.3095,tput=2.51] rank1[cuda1,share=0.3076,tput=3.92]
epoch 129: eval=0.8892
epoch 130: loss=0.209801, train_acc=0.9277, time=10.8s
per-rank: rank0[cuda0,share=0.3829,tput=2.25] rank2[cuda2,share=0.3095,tput=3.72] rank1[cuda1,share=0.3076,tput=5.08]
epoch 130: eval=0.9032
epoch 131: loss=0.198524, train_acc=0.9313, time=9.6s
per-rank: rank0[cuda0,share=0.3848,tput=2.23] rank2[cuda2,share=0.3079,tput=2.67] rank1[cuda1,share=0.3073,tput=4.66]
epoch 131: eval=0.9016
epoch 132: loss=0.196229, train_acc=0.9315, time=10.4s
per-rank: rank0[cuda0,share=0.3848,tput=2.33] rank2[cuda2,share=0.3079,tput=3.92] rank1[cuda1,share=0.3073,tput=4.72]
epoch 132: eval=0.8999
epoch 133: loss=0.201611, train_acc=0.9290, time=9.6s
per-rank: rank0[cuda0,share=0.3848,tput=3.26] rank2[cuda2,share=0.3079,tput=4.27] rank1[cuda1,share=0.3073,tput=2.31]
epoch 133: eval=0.8993
epoch 134: loss=0.195563, train_acc=0.9329, time=8.7s
per-rank: rank0[cuda0,share=0.3848,tput=3.51] rank2[cuda2,share=0.3079,tput=2.77] rank1[cuda1,share=0.3073,tput=3.14]
epoch 134: eval=0.9014
epoch 135: loss=0.199192, train_acc=0.9311, time=10.1s
per-rank: rank0[cuda0,share=0.3848,tput=2.36] rank2[cuda2,share=0.3079,tput=3.81] rank1[cuda1,share=0.3073,tput=5.04]
epoch 135: eval=0.8940
epoch 136: loss=0.199400, train_acc=0.9293, time=9.5s
per-rank: rank0[cuda0,share=0.3848,tput=2.91] rank2[cuda2,share=0.3079,tput=4.20] rank1[cuda1,share=0.3073,tput=2.48]
epoch 136: eval=0.9022
epoch 137: loss=0.193439, train_acc=0.9308, time=8.5s
per-rank: rank0[cuda0,share=0.3848,tput=3.85] rank2[cuda2,share=0.3079,tput=2.26] rank1[cuda1,share=0.3073,tput=3.86]
epoch 137: eval=0.8974
epoch 138: loss=0.198413, train_acc=0.9301, time=8.5s
per-rank: rank0[cuda0,share=0.3848,tput=4.16] rank2[cuda2,share=0.3079,tput=2.38] rank1[cuda1,share=0.3073,tput=3.44]
epoch 138: eval=0.8962
epoch 139: loss=0.197955, train_acc=0.9299, time=11.3s
per-rank: rank0[cuda0,share=0.3848,tput=2.09] rank2[cuda2,share=0.3079,tput=3.81] rank1[cuda1,share=0.3073,tput=4.94]
epoch 139: eval=0.9005
epoch 140: loss=0.196602, train_acc=0.9306, time=9.8s
per-rank: rank0[cuda0,share=0.3848,tput=2.63] rank2[cuda2,share=0.3079,tput=4.06] rank1[cuda1,share=0.3073,tput=3.16]
epoch 140: eval=0.9003
epoch 141: loss=0.192237, train_acc=0.9313, time=10.6s
per-rank: rank0[cuda0,share=0.3848,tput=2.27] rank2[cuda2,share=0.3079,tput=3.30] rank1[cuda1,share=0.3073,tput=5.94]
epoch 141: eval=0.8895
epoch 142: loss=0.193591, train_acc=0.9323, time=9.7s
per-rank: rank0[cuda0,share=0.3848,tput=3.09] rank2[cuda2,share=0.3079,tput=2.86] rank1[cuda1,share=0.3073,tput=3.54]
epoch 142: eval=0.8972
epoch 143: loss=0.196769, train_acc=0.9301, time=10.9s
per-rank: rank0[cuda0,share=0.3848,tput=2.20] rank2[cuda2,share=0.3079,tput=5.18] rank1[cuda1,share=0.3073,tput=3.86]
epoch 143: eval=0.8901
epoch 144: loss=0.191304, train_acc=0.9344, time=9.9s
per-rank: rank0[cuda0,share=0.3848,tput=2.35] rank2[cuda2,share=0.3079,tput=3.62] rank1[cuda1,share=0.3073,tput=3.28]
epoch 144: eval=0.8973
epoch 145: loss=0.194792, train_acc=0.9316, time=10.5s
per-rank: rank0[cuda0,share=0.3848,tput=2.29] rank2[cuda2,share=0.3079,tput=4.25] rank1[cuda1,share=0.3073,tput=4.24]
epoch 145: eval=0.8995
epoch 146: loss=0.191849, train_acc=0.9326, time=9.6s
per-rank: rank0[cuda0,share=0.3848,tput=2.81] rank2[cuda2,share=0.3079,tput=2.64] rank1[cuda1,share=0.3073,tput=4.33]
epoch 146: eval=0.9009
epoch 147: loss=0.192851, train_acc=0.9311, time=8.6s
per-rank: rank0[cuda0,share=0.3848,tput=3.37] rank2[cuda2,share=0.3079,tput=3.72] rank1[cuda1,share=0.3073,tput=2.70]
epoch 147: eval=0.9060
epoch 148: loss=0.183556, train_acc=0.9366, time=8.5s
per-rank: rank0[cuda0,share=0.3863,tput=3.71] rank1[cuda1,share=0.3070,tput=2.49] rank2[cuda2,share=0.3066,tput=3.64]
epoch 148: eval=0.9059
epoch 149: loss=0.175952, train_acc=0.9377, time=10.1s
per-rank: rank0[cuda0,share=0.3863,tput=2.38] rank1[cuda1,share=0.3070,tput=3.90] rank2[cuda2,share=0.3066,tput=5.08]
epoch 149: eval=0.8930
epoch 150: loss=0.181944, train_acc=0.9360, time=9.5s
per-rank: rank0[cuda0,share=0.3863,tput=3.13] rank1[cuda1,share=0.3070,tput=3.80] rank2[cuda2,share=0.3066,tput=2.66]
epoch 150: eval=0.9034
epoch 151: loss=0.182977, train_acc=0.9347, time=8.5s
per-rank: rank0[cuda0,share=0.3863,tput=3.71] rank1[cuda1,share=0.3070,tput=2.58] rank2[cuda2,share=0.3066,tput=3.64]
epoch 151: eval=0.8969
epoch 152: loss=0.179809, train_acc=0.9368, time=10.6s
per-rank: rank0[cuda0,share=0.3863,tput=2.28] rank1[cuda1,share=0.3070,tput=6.20] rank2[cuda2,share=0.3066,tput=3.12]
epoch 152: eval=0.9056
epoch 153: loss=0.154855, train_acc=0.9465, time=9.7s
per-rank: rank0[cuda0,share=0.3863,tput=2.61] rank1[cuda1,share=0.3070,tput=4.56] rank2[cuda2,share=0.3066,tput=2.42]
epoch 153: eval=0.9091
epoch 154: loss=0.146576, train_acc=0.9490, time=9.0s
per-rank: rank0[cuda0,share=0.3863,tput=5.45] rank1[cuda1,share=0.3070,tput=2.66] rank2[cuda2,share=0.3066,tput=4.28]
epoch 154: eval=0.9083
epoch 155: loss=0.141183, train_acc=0.9513, time=8.6s
per-rank: rank0[cuda0,share=0.3863,tput=4.09] rank1[cuda1,share=0.3070,tput=3.01] rank2[cuda2,share=0.3066,tput=2.77]
epoch 155: eval=0.9118
epoch 156: loss=0.139533, train_acc=0.9519, time=10.3s
per-rank: rank0[cuda0,share=0.3863,tput=2.35] rank1[cuda1,share=0.3070,tput=5.37] rank2[cuda2,share=0.3066,tput=3.54]
epoch 156: eval=0.9119
epoch 157: loss=0.136108, train_acc=0.9521, time=9.4s
per-rank: rank0[cuda0,share=0.3863,tput=3.05] rank1[cuda1,share=0.3070,tput=3.92] rank2[cuda2,share=0.3066,tput=2.83]
epoch 157: eval=0.9115
epoch 158: loss=0.130883, train_acc=0.9546, time=10.5s
per-rank: rank0[cuda0,share=0.3863,tput=2.29] rank1[cuda1,share=0.3070,tput=5.83] rank2[cuda2,share=0.3066,tput=3.39]
epoch 158: eval=0.9114
epoch 159: loss=0.131133, train_acc=0.9538, time=9.6s
per-rank: rank0[cuda0,share=0.3863,tput=2.61] rank1[cuda1,share=0.3070,tput=3.00] rank2[cuda2,share=0.3066,tput=3.82]
epoch 159: eval=0.9136
epoch 160: loss=0.129048, train_acc=0.9557, time=8.7s
per-rank: rank0[cuda0,share=0.3863,tput=4.28] rank1[cuda1,share=0.3070,tput=2.86] rank2[cuda2,share=0.3066,tput=4.15]
epoch 160: eval=0.9111
epoch 161: loss=0.128289, train_acc=0.9559, time=10.8s
per-rank: rank0[cuda0,share=0.3863,tput=2.20] rank1[cuda1,share=0.3070,tput=5.68] rank2[cuda2,share=0.3066,tput=3.33]
epoch 161: eval=0.9126
epoch 162: loss=0.126939, train_acc=0.9560, time=9.6s
per-rank: rank0[cuda0,share=0.3863,tput=2.29] rank1[cuda1,share=0.3070,tput=3.31] rank2[cuda2,share=0.3066,tput=4.08]
epoch 162: eval=0.9130
epoch 163: loss=0.128202, train_acc=0.9562, time=8.6s
per-rank: rank0[cuda0,share=0.3863,tput=3.96] rank1[cuda1,share=0.3070,tput=2.42] rank2[cuda2,share=0.3066,tput=3.48]
epoch 163: eval=0.9135
epoch 164: loss=0.127966, train_acc=0.9559, time=8.7s
per-rank: rank0[cuda0,share=0.3863,tput=2.28] rank1[cuda1,share=0.3070,tput=6.18] rank2[cuda2,share=0.3066,tput=2.49]
epoch 164: eval=0.9131
epoch 165: loss=0.122795, train_acc=0.9580, time=8.6s
per-rank: rank0[cuda0,share=0.3898,tput=2.30] rank1[cuda1,share=0.3062,tput=2.86] rank2[cuda2,share=0.3040,tput=5.80]
epoch 165: eval=0.9186
epoch 166: loss=0.116157, train_acc=0.9598, time=9.1s
per-rank: rank0[cuda0,share=0.3898,tput=3.23] rank1[cuda1,share=0.3062,tput=3.55] rank2[cuda2,share=0.3040,tput=2.36]
epoch 166: eval=0.9180
epoch 167: loss=0.118112, train_acc=0.9594, time=8.8s
per-rank: rank0[cuda0,share=0.3898,tput=3.80] rank1[cuda1,share=0.3062,tput=2.70] rank2[cuda2,share=0.3040,tput=3.20]
epoch 167: eval=0.9174
epoch 168: loss=0.116734, train_acc=0.9603, time=8.6s
per-rank: rank0[cuda0,share=0.3898,tput=2.50] rank1[cuda1,share=0.3062,tput=2.76] rank2[cuda2,share=0.3040,tput=5.64]
epoch 168: eval=0.9143
epoch 169: loss=0.114567, train_acc=0.9593, time=10.7s
per-rank: rank0[cuda0,share=0.3898,tput=2.26] rank1[cuda1,share=0.3062,tput=3.82] rank2[cuda2,share=0.3040,tput=4.78]
epoch 169: eval=0.9167
epoch 170: loss=0.115059, train_acc=0.9611, time=9.5s
per-rank: rank0[cuda0,share=0.3898,tput=2.67] rank1[cuda1,share=0.3062,tput=2.95] rank2[cuda2,share=0.3040,tput=4.18]
epoch 170: eval=0.9169
epoch 171: loss=0.112321, train_acc=0.9608, time=8.5s
per-rank: rank0[cuda0,share=0.3898,tput=2.82] rank1[cuda1,share=0.3062,tput=2.76] rank2[cuda2,share=0.3040,tput=4.98]
epoch 171: eval=0.9185
epoch 172: loss=0.111927, train_acc=0.9616, time=8.6s
per-rank: rank0[cuda0,share=0.3898,tput=4.12] rank1[cuda1,share=0.3062,tput=3.60] rank2[cuda2,share=0.3040,tput=2.15]
epoch 172: eval=0.9161
epoch 173: loss=0.112707, train_acc=0.9608, time=8.6s
per-rank: rank0[cuda0,share=0.3898,tput=3.40] rank1[cuda1,share=0.3062,tput=2.80] rank2[cuda2,share=0.3040,tput=3.49]
epoch 173: eval=0.9146
epoch 174: loss=0.110284, train_acc=0.9615, time=8.5s
per-rank: rank0[cuda0,share=0.3898,tput=2.72] rank1[cuda1,share=0.3062,tput=6.01] rank2[cuda2,share=0.3040,tput=2.42]
epoch 174: eval=0.9156
epoch 175: loss=0.111783, train_acc=0.9614, time=8.7s
per-rank: rank0[cuda0,share=0.3898,tput=3.62] rank1[cuda1,share=0.3062,tput=2.52] rank2[cuda2,share=0.3040,tput=3.61]
epoch 175: eval=0.9176
epoch 176: loss=0.108171, train_acc=0.9627, time=10.6s
per-rank: rank0[cuda0,share=0.3898,tput=2.31] rank1[cuda1,share=0.3062,tput=3.42] rank2[cuda2,share=0.3040,tput=6.00]
epoch 176: eval=0.9166
epoch 177: loss=0.109589, train_acc=0.9606, time=9.6s
per-rank: rank0[cuda0,share=0.3898,tput=2.47] rank1[cuda1,share=0.3062,tput=3.97] rank2[cuda2,share=0.3040,tput=3.11]
epoch 177: eval=0.9190
epoch 178: loss=0.109918, train_acc=0.9615, time=8.6s
per-rank: rank0[cuda0,share=0.3898,tput=2.76] rank1[cuda1,share=0.3062,tput=2.39] rank2[cuda2,share=0.3040,tput=6.49]
epoch 178: eval=0.9141
epoch 179: loss=0.110607, train_acc=0.9620, time=9.1s
per-rank: rank0[cuda0,share=0.3898,tput=1.92] rank1[cuda1,share=0.3062,tput=2.82] rank2[cuda2,share=0.3040,tput=6.86]
epoch 179: eval=0.9163
epoch 180: loss=0.109521, train_acc=0.9632, time=8.9s
per-rank: rank0[cuda0,share=0.3898,tput=2.65] rank1[cuda1,share=0.3062,tput=2.63] rank2[cuda2,share=0.3040,tput=4.35]
epoch 180: eval=0.9169
epoch 181: loss=0.109572, train_acc=0.9617, time=8.5s
per-rank: rank0[cuda0,share=0.3898,tput=3.65] rank1[cuda1,share=0.3062,tput=2.67] rank2[cuda2,share=0.3040,tput=3.40]
epoch 181: eval=0.9144
epoch 182: loss=0.107108, train_acc=0.9628, time=10.5s
per-rank: rank0[cuda0,share=0.3932,tput=2.27] rank1[cuda1,share=0.3054,tput=4.73] rank2[cuda2,share=0.3014,tput=4.14]
epoch 182: eval=0.9180
epoch 183: loss=0.107366, train_acc=0.9628, time=9.7s
per-rank: rank0[cuda0,share=0.3932,tput=2.61] rank1[cuda1,share=0.3054,tput=2.75] rank2[cuda2,share=0.3014,tput=4.20]
epoch 183: eval=0.9159
epoch 184: loss=0.105167, train_acc=0.9644, time=8.5s
per-rank: rank0[cuda0,share=0.3932,tput=2.88] rank1[cuda1,share=0.3054,tput=6.05] rank2[cuda2,share=0.3014,tput=2.31]
epoch 184: eval=0.9181
epoch 185: loss=0.105439, train_acc=0.9637, time=8.5s
per-rank: rank0[cuda0,share=0.3932,tput=2.33] rank1[cuda1,share=0.3054,tput=5.97] rank2[cuda2,share=0.3014,tput=2.65]
epoch 185: eval=0.9162
epoch 186: loss=0.103679, train_acc=0.9638, time=10.8s
per-rank: rank0[cuda0,share=0.3932,tput=2.22] rank1[cuda1,share=0.3054,tput=3.79] rank2[cuda2,share=0.3014,tput=5.20]
epoch 186: eval=0.9176
epoch 187: loss=0.106039, train_acc=0.9636, time=9.7s
per-rank: rank0[cuda0,share=0.3932,tput=2.72] rank1[cuda1,share=0.3054,tput=3.65] rank2[cuda2,share=0.3014,tput=3.05]
epoch 187: eval=0.9155
epoch 188: loss=0.107435, train_acc=0.9634, time=8.6s
per-rank: rank0[cuda0,share=0.3932,tput=3.67] rank1[cuda1,share=0.3054,tput=2.60] rank2[cuda2,share=0.3014,tput=3.54]
epoch 188: eval=0.9176
epoch 189: loss=0.103766, train_acc=0.9643, time=8.5s
per-rank: rank0[cuda0,share=0.3932,tput=3.63] rank1[cuda1,share=0.3054,tput=2.69] rank2[cuda2,share=0.3014,tput=3.44]
epoch 189: eval=0.9147
epoch 190: loss=0.105296, train_acc=0.9637, time=8.5s
per-rank: rank0[cuda0,share=0.3932,tput=3.79] rank1[cuda1,share=0.3054,tput=3.56] rank2[cuda2,share=0.3014,tput=2.43]
epoch 190: eval=0.9152
epoch 191: loss=0.102990, train_acc=0.9638, time=8.6s
per-rank: rank0[cuda0,share=0.3932,tput=2.94] rank1[cuda1,share=0.3054,tput=2.91] rank2[cuda2,share=0.3014,tput=3.75]
epoch 191: eval=0.9168
epoch 192: loss=0.100890, train_acc=0.9652, time=11.0s
per-rank: rank0[cuda0,share=0.3932,tput=2.15] rank1[cuda1,share=0.3054,tput=5.87] rank2[cuda2,share=0.3014,tput=3.35]
epoch 192: eval=0.9174
epoch 193: loss=0.104303, train_acc=0.9633, time=9.7s
per-rank: rank0[cuda0,share=0.3932,tput=2.23] rank1[cuda1,share=0.3054,tput=3.04] rank2[cuda2,share=0.3014,tput=4.32]
epoch 193: eval=0.9162
epoch 194: loss=0.102478, train_acc=0.9644, time=8.7s
per-rank: rank0[cuda0,share=0.3932,tput=3.90] rank1[cuda1,share=0.3054,tput=3.14] rank2[cuda2,share=0.3014,tput=2.70]
epoch 194: eval=0.9174
epoch 195: loss=0.104516, train_acc=0.9631, time=8.6s
per-rank: rank0[cuda0,share=0.3932,tput=3.98] rank1[cuda1,share=0.3054,tput=2.23] rank2[cuda2,share=0.3014,tput=3.76]
epoch 195: eval=0.9156
epoch 196: loss=0.101129, train_acc=0.9657, time=8.6s
per-rank: rank0[cuda0,share=0.3932,tput=3.44] rank1[cuda1,share=0.3054,tput=2.65] rank2[cuda2,share=0.3014,tput=3.54]
epoch 196: eval=0.9151
epoch 197: loss=0.102550, train_acc=0.9641, time=8.5s
per-rank: rank0[cuda0,share=0.3932,tput=3.53] rank1[cuda1,share=0.3054,tput=3.96] rank2[cuda2,share=0.3014,tput=2.55]
epoch 197: eval=0.9179
epoch 198: loss=0.101913, train_acc=0.9649, time=8.6s
per-rank: rank0[cuda0,share=0.3932,tput=3.37] rank1[cuda1,share=0.3054,tput=3.54] rank2[cuda2,share=0.3014,tput=2.69]
epoch 198: eval=0.9152
epoch 199: loss=0.102982, train_acc=0.9644, time=8.5s
per-rank: rank0[cuda0,share=0.3932,tput=4.19] rank1[cuda1,share=0.3054,tput=3.31] rank2[cuda2,share=0.3014,tput=2.47]
final eval=0.9176
# total: 1702.2s (28m 22s)
