# gpu0: NVIDIA GeForce RTX 5060 Ti (15GB, sm_120)
# gpu1: NVIDIA GeForce GTX 1060 6GB (5GB, sm_61)
# gpu2: NVIDIA GeForce GTX 1060 6GB (5GB, sm_61)
epoch 0: loss=2.025696, train_acc=0.2373, time=10.2s
per-rank: rank0[cuda0,share=0.4196,tput=5.08] rank2[cuda2,share=0.2926,tput=3.07] rank1[cuda1,share=0.2878,tput=2.15]
epoch 0: eval=0.3044
epoch 1: loss=1.663210, train_acc=0.3806, time=12.6s
per-rank: rank0[cuda0,share=0.4140,tput=2.08] rank1[cuda1,share=0.2993,tput=3.47] rank2[cuda2,share=0.2868,tput=4.75]
epoch 1: eval=0.4794
epoch 2: loss=1.455423, train_acc=0.4686, time=11.6s
per-rank: rank0[cuda0,share=0.4150,tput=3.73] rank1[cuda1,share=0.3058,tput=3.77] rank2[cuda2,share=0.2791,tput=2.33]
epoch 2: eval=0.5047
epoch 3: loss=1.261567, train_acc=0.5469, time=9.7s
per-rank: rank0[cuda0,share=0.4150,tput=4.50] rank1[cuda1,share=0.2975,tput=2.00] rank2[cuda2,share=0.2875,tput=3.62]
epoch 3: eval=0.4887
epoch 4: loss=1.141456, train_acc=0.5959, time=9.8s
per-rank: rank0[cuda0,share=0.4200,tput=3.04] rank1[cuda1,share=0.2925,tput=2.38] rank2[cuda2,share=0.2875,tput=3.24]
epoch 4: eval=0.6004
epoch 5: loss=1.039508, train_acc=0.6327, time=10.0s
per-rank: rank0[cuda0,share=0.3941,tput=2.20] rank2[cuda2,share=0.3036,tput=4.92] rank1[cuda1,share=0.3023,tput=2.43]
epoch 5: eval=0.6340
epoch 6: loss=0.958070, train_acc=0.6629, time=11.4s
per-rank: rank0[cuda0,share=0.3812,tput=2.01] rank1[cuda1,share=0.3126,tput=3.21] rank2[cuda2,share=0.3062,tput=4.80]
epoch 6: eval=0.5963
epoch 7: loss=0.894962, train_acc=0.6864, time=10.4s
per-rank: rank0[cuda0,share=0.3941,tput=2.74] rank2[cuda2,share=0.3039,tput=2.42] rank1[cuda1,share=0.3020,tput=3.85]
epoch 7: eval=0.6583
epoch 8: loss=0.852002, train_acc=0.7022, time=9.8s
per-rank: rank0[cuda0,share=0.4109,tput=2.80] rank1[cuda1,share=0.3004,tput=5.60] rank2[cuda2,share=0.2888,tput=1.74]
epoch 8: eval=0.6895
epoch 9: loss=0.798657, train_acc=0.7225, time=9.7s
per-rank: rank0[cuda0,share=0.4198,tput=3.29] rank1[cuda1,share=0.3071,tput=2.15] rank2[cuda2,share=0.2731,tput=3.52]
epoch 9: eval=0.7218
epoch 10: loss=0.758684, train_acc=0.7373, time=9.9s
per-rank: rank0[cuda0,share=0.4046,tput=2.64] rank1[cuda1,share=0.3091,tput=2.49] rank2[cuda2,share=0.2863,tput=3.42]
epoch 10: eval=0.7079
epoch 11: loss=0.727614, train_acc=0.7475, time=10.1s
per-rank: rank0[cuda0,share=0.3685,tput=2.76] rank2[cuda2,share=0.3176,tput=3.60] rank1[cuda1,share=0.3139,tput=2.18]
epoch 11: eval=0.6687
epoch 12: loss=0.702429, train_acc=0.7568, time=9.9s
per-rank: rank0[cuda0,share=0.3617,tput=3.35] rank2[cuda2,share=0.3204,tput=2.07] rank1[cuda1,share=0.3180,tput=3.39]
epoch 12: eval=0.7183
epoch 13: loss=0.687210, train_acc=0.7618, time=9.8s
per-rank: rank0[cuda0,share=0.3829,tput=2.25] rank1[cuda1,share=0.3151,tput=5.88] rank2[cuda2,share=0.3020,tput=2.03]
epoch 13: eval=0.7668
epoch 14: loss=0.670040, train_acc=0.7693, time=9.7s
per-rank: rank0[cuda0,share=0.3907,tput=3.77] rank1[cuda1,share=0.3113,tput=2.16] rank2[cuda2,share=0.2980,tput=3.22]
epoch 14: eval=0.7222
epoch 15: loss=0.652758, train_acc=0.7742, time=12.6s
per-rank: rank0[cuda0,share=0.4062,tput=2.03] rank1[cuda1,share=0.3061,tput=5.54] rank2[cuda2,share=0.2877,tput=3.30]
epoch 15: eval=0.6873
epoch 16: loss=0.638519, train_acc=0.7783, time=11.1s
per-rank: rank0[cuda0,share=0.4081,tput=2.43] rank2[cuda2,share=0.2983,tput=3.95] rank1[cuda1,share=0.2936,tput=2.38]
epoch 16: eval=0.7689
epoch 17: loss=0.619991, train_acc=0.7857, time=9.9s
per-rank: rank0[cuda0,share=0.4128,tput=2.99] rank2[cuda2,share=0.3026,tput=2.20] rank1[cuda1,share=0.2846,tput=3.42]
epoch 17: eval=0.7565
epoch 18: loss=0.606608, train_acc=0.7894, time=11.7s
per-rank: rank0[cuda0,share=0.4112,tput=2.17] rank1[cuda1,share=0.2956,tput=3.50] rank2[cuda2,share=0.2932,tput=4.43]
epoch 18: eval=0.7781
epoch 19: loss=0.593893, train_acc=0.7968, time=10.8s
per-rank: rank0[cuda0,share=0.4118,tput=2.20] rank1[cuda1,share=0.2941,tput=2.80] rank2[cuda2,share=0.2941,tput=3.51]
epoch 19: eval=0.7216
epoch 20: loss=0.583116, train_acc=0.8000, time=9.8s
per-rank: rank0[cuda0,share=0.4100,tput=3.63] rank1[cuda1,share=0.2975,tput=2.95] rank2[cuda2,share=0.2925,tput=2.27]
epoch 20: eval=0.7594
epoch 21: loss=0.581705, train_acc=0.7993, time=12.6s
per-rank: rank0[cuda0,share=0.4106,tput=2.05] rank2[cuda2,share=0.2971,tput=3.57] rank1[cuda1,share=0.2923,tput=4.59]
epoch 21: eval=0.7690
epoch 22: loss=0.569742, train_acc=0.8034, time=11.2s
per-rank: rank0[cuda0,share=0.3986,tput=2.24] rank2[cuda2,share=0.3054,tput=2.58] rank1[cuda1,share=0.2960,tput=3.93]
epoch 22: eval=0.7496
epoch 23: loss=0.565470, train_acc=0.8059, time=11.7s
per-rank: rank0[cuda0,share=0.4199,tput=2.06] rank1[cuda1,share=0.2956,tput=5.59] rank2[cuda2,share=0.2844,tput=2.84]
epoch 23: eval=0.7487
epoch 24: loss=0.556387, train_acc=0.8088, time=10.8s
per-rank: rank0[cuda0,share=0.4166,tput=2.72] rank1[cuda1,share=0.2949,tput=3.61] rank2[cuda2,share=0.2885,tput=2.65]
epoch 24: eval=0.7490
epoch 25: loss=0.570900, train_acc=0.8038, time=9.6s
per-rank: rank0[cuda0,share=0.4215,tput=3.00] rank2[cuda2,share=0.2931,tput=2.49] rank1[cuda1,share=0.2854,tput=3.14]
epoch 25: eval=0.7045
epoch 26: loss=0.548534, train_acc=0.8122, time=11.3s
per-rank: rank0[cuda0,share=0.4185,tput=2.19] rank1[cuda1,share=0.2930,tput=5.92] rank2[cuda2,share=0.2885,tput=2.81]
epoch 26: eval=0.7591
epoch 27: loss=0.540410, train_acc=0.8141, time=10.7s
per-rank: rank0[cuda0,share=0.4279,tput=2.85] rank1[cuda1,share=0.2949,tput=2.15] rank2[cuda2,share=0.2772,tput=3.91]
epoch 27: eval=0.7863
epoch 28: loss=0.539332, train_acc=0.8141, time=10.0s
per-rank: rank0[cuda0,share=0.4269,tput=2.83] rank1[cuda1,share=0.2945,tput=3.88] rank2[cuda2,share=0.2786,tput=2.10]
epoch 28: eval=0.7535
epoch 29: loss=0.534019, train_acc=0.8167, time=9.6s
per-rank: rank0[cuda0,share=0.4020,tput=3.95] rank1[cuda1,share=0.3216,tput=2.34] rank2[cuda2,share=0.2763,tput=2.93]
epoch 29: eval=0.7852
epoch 30: loss=0.534397, train_acc=0.8155, time=9.7s
per-rank: rank0[cuda0,share=0.4153,tput=3.73] rank1[cuda1,share=0.3160,tput=2.21] rank2[cuda2,share=0.2687,tput=3.03]
epoch 30: eval=0.8174
epoch 31: loss=0.526957, train_acc=0.8185, time=9.8s
per-rank: rank0[cuda0,share=0.4269,tput=2.93] rank1[cuda1,share=0.3056,tput=3.62] rank2[cuda2,share=0.2674,tput=2.11]
epoch 31: eval=0.8170
epoch 32: loss=0.514416, train_acc=0.8235, time=9.6s
per-rank: rank0[cuda0,share=0.4123,tput=3.43] rank1[cuda1,share=0.3025,tput=2.18] rank2[cuda2,share=0.2852,tput=5.09]
epoch 32: eval=0.7527
epoch 33: loss=0.510409, train_acc=0.8224, time=9.9s
per-rank: rank0[cuda0,share=0.3871,tput=2.21] rank1[cuda1,share=0.3097,tput=2.56] rank2[cuda2,share=0.3032,tput=4.94]
epoch 33: eval=0.7180
epoch 34: loss=0.507977, train_acc=0.8254, time=9.5s
per-rank: rank0[cuda0,share=0.4063,tput=2.86] rank1[cuda1,share=0.3032,tput=2.17] rank2[cuda2,share=0.2905,tput=4.90]
epoch 34: eval=0.8046
epoch 35: loss=0.508694, train_acc=0.8265, time=9.6s
per-rank: rank0[cuda0,share=0.4141,tput=3.97] rank1[cuda1,share=0.3018,tput=2.75] rank2[cuda2,share=0.2841,tput=3.86]
epoch 35: eval=0.8052
epoch 36: loss=0.503386, train_acc=0.8286, time=12.0s
per-rank: rank0[cuda0,share=0.4076,tput=2.09] rank1[cuda1,share=0.3096,tput=3.43] rank2[cuda2,share=0.2828,tput=4.68]
epoch 36: eval=0.8056
epoch 37: loss=0.506825, train_acc=0.8262, time=10.8s
per-rank: rank0[cuda0,share=0.4104,tput=2.45] rank1[cuda1,share=0.3056,tput=2.76] rank2[cuda2,share=0.2840,tput=3.53]
epoch 37: eval=0.7829
epoch 38: loss=0.504597, train_acc=0.8271, time=9.6s
per-rank: rank0[cuda0,share=0.4180,tput=3.59] rank1[cuda1,share=0.3076,tput=3.58] rank2[cuda2,share=0.2744,tput=1.98]
epoch 38: eval=0.8044
epoch 39: loss=0.500305, train_acc=0.8277, time=9.8s
per-rank: rank0[cuda0,share=0.4151,tput=3.91] rank1[cuda1,share=0.3076,tput=4.20] rank2[cuda2,share=0.2773,tput=2.33]
epoch 39: eval=0.8211
epoch 40: loss=0.498378, train_acc=0.8294, time=9.8s
per-rank: rank0[cuda0,share=0.4030,tput=2.70] rank2[cuda2,share=0.3000,tput=2.33] rank1[cuda1,share=0.2970,tput=3.42]
epoch 40: eval=0.7817
epoch 41: loss=0.491198, train_acc=0.8303, time=11.2s
per-rank: rank0[cuda0,share=0.3965,tput=2.10] rank1[cuda1,share=0.3037,tput=3.42] rank2[cuda2,share=0.2998,tput=4.54]
epoch 41: eval=0.8071
epoch 42: loss=0.491372, train_acc=0.8302, time=10.6s
per-rank: rank0[cuda0,share=0.4030,tput=2.28] rank1[cuda1,share=0.3031,tput=2.57] rank2[cuda2,share=0.2939,tput=3.68]
epoch 42: eval=0.8242
epoch 43: loss=0.476596, train_acc=0.8372, time=9.7s
per-rank: rank0[cuda0,share=0.3976,tput=3.67] rank2[cuda2,share=0.3022,tput=4.58] rank1[cuda1,share=0.3002,tput=2.08]
epoch 43: eval=0.7384
epoch 44: loss=0.482566, train_acc=0.8346, time=9.8s
per-rank: rank0[cuda0,share=0.4146,tput=3.34] rank2[cuda2,share=0.3021,tput=3.09] rank1[cuda1,share=0.2833,tput=2.12]
epoch 44: eval=0.7941
epoch 45: loss=0.491741, train_acc=0.8300, time=12.5s
per-rank: rank0[cuda0,share=0.4144,tput=2.03] rank2[cuda2,share=0.2975,tput=4.56] rank1[cuda1,share=0.2880,tput=3.67]
epoch 45: eval=0.7541
epoch 46: loss=0.493833, train_acc=0.8295, time=11.4s
per-rank: rank0[cuda0,share=0.4050,tput=1.88] rank1[cuda1,share=0.2975,tput=4.21] rank2[cuda2,share=0.2975,tput=2.55]
epoch 46: eval=0.7486
epoch 47: loss=0.472489, train_acc=0.8375, time=9.8s
per-rank: rank0[cuda0,share=0.3899,tput=3.26] rank1[cuda1,share=0.3059,tput=3.10] rank2[cuda2,share=0.3042,tput=2.36]
epoch 47: eval=0.7530
epoch 48: loss=0.479442, train_acc=0.8358, time=9.7s
per-rank: rank0[cuda0,share=0.3973,tput=2.60] rank1[cuda1,share=0.3049,tput=2.60] rank2[cuda2,share=0.2978,tput=4.13]
epoch 48: eval=0.7758
epoch 49: loss=0.486637, train_acc=0.8324, time=9.8s
per-rank: rank0[cuda0,share=0.4098,tput=2.06] rank1[cuda1,share=0.3060,tput=5.52] rank2[cuda2,share=0.2842,tput=2.48]
epoch 49: eval=0.7404
epoch 50: loss=0.464456, train_acc=0.8398, time=12.1s
per-rank: rank0[cuda0,share=0.4086,tput=2.03] rank2[cuda2,share=0.2977,tput=3.43] rank1[cuda1,share=0.2938,tput=4.44]
epoch 50: eval=0.7953
epoch 51: loss=0.477465, train_acc=0.8356, time=11.0s
per-rank: rank0[cuda0,share=0.3954,tput=2.09] rank1[cuda1,share=0.3033,tput=4.03] rank2[cuda2,share=0.3013,tput=2.42]
epoch 51: eval=0.8032
epoch 52: loss=0.471861, train_acc=0.8375, time=9.8s
per-rank: rank0[cuda0,share=0.3861,tput=2.39] rank1[cuda1,share=0.3166,tput=2.30] rank2[cuda2,share=0.2973,tput=5.34]
epoch 52: eval=0.7923
epoch 53: loss=0.468772, train_acc=0.8391, time=9.6s
per-rank: rank0[cuda0,share=0.4060,tput=3.62] rank1[cuda1,share=0.3000,tput=2.61] rank2[cuda2,share=0.2940,tput=2.43]
epoch 53: eval=0.7750
epoch 54: loss=0.467923, train_acc=0.8410, time=9.5s
per-rank: rank0[cuda0,share=0.4140,tput=2.18] rank1[cuda1,share=0.2941,tput=7.38] rank2[cuda2,share=0.2920,tput=2.05]
epoch 54: eval=0.7756
epoch 55: loss=0.458567, train_acc=0.8404, time=9.8s
per-rank: rank0[cuda0,share=0.4049,tput=3.06] rank1[cuda1,share=0.2986,tput=2.77] rank2[cuda2,share=0.2965,tput=2.55]
epoch 55: eval=0.7992
epoch 56: loss=0.454164, train_acc=0.8458, time=11.0s
per-rank: rank0[cuda0,share=0.3979,tput=2.14] rank2[cuda2,share=0.3084,tput=4.60] rank1[cuda1,share=0.2937,tput=3.41]
epoch 56: eval=0.7882
epoch 57: loss=0.466477, train_acc=0.8401, time=10.5s
per-rank: rank0[cuda0,share=0.4034,tput=2.11] rank2[cuda2,share=0.3037,tput=2.47] rank1[cuda1,share=0.2929,tput=3.91]
epoch 57: eval=0.7773
epoch 58: loss=0.455023, train_acc=0.8430, time=10.0s
per-rank: rank0[cuda0,share=0.3814,tput=3.33] rank1[cuda1,share=0.3093,tput=2.09] rank2[cuda2,share=0.3093,tput=3.20]
epoch 58: eval=0.7400
epoch 59: loss=0.473067, train_acc=0.8371, time=9.6s
per-rank: rank0[cuda0,share=0.4003,tput=2.76] rank2[cuda2,share=0.3028,tput=2.20] rank1[cuda1,share=0.2968,tput=4.99]
epoch 59: eval=0.7665
epoch 60: loss=0.477615, train_acc=0.8354, time=12.8s
per-rank: rank0[cuda0,share=0.4103,tput=1.99] rank2[cuda2,share=0.2967,tput=3.23] rank1[cuda1,share=0.2930,tput=4.90]
epoch 60: eval=0.7814
epoch 61: loss=0.458118, train_acc=0.8425, time=12.0s
per-rank: rank0[cuda0,share=0.4063,tput=1.84] rank1[cuda1,share=0.3020,tput=4.18] rank2[cuda2,share=0.2918,tput=2.33]
epoch 61: eval=0.8045
epoch 62: loss=0.457982, train_acc=0.8424, time=9.9s
per-rank: rank0[cuda0,share=0.3837,tput=2.99] rank1[cuda1,share=0.3191,tput=2.17] rank2[cuda2,share=0.2972,tput=3.67]
epoch 62: eval=0.7694
epoch 63: loss=0.453387, train_acc=0.8442, time=10.7s
per-rank: rank0[cuda0,share=0.3895,tput=2.13] rank1[cuda1,share=0.3066,tput=3.17] rank2[cuda2,share=0.3039,tput=4.49]
epoch 63: eval=0.7628
epoch 64: loss=0.458694, train_acc=0.8422, time=10.4s
per-rank: rank0[cuda0,share=0.4134,tput=3.02] rank1[cuda1,share=0.2942,tput=3.63] rank2[cuda2,share=0.2925,tput=1.98]
epoch 64: eval=0.7868
epoch 65: loss=0.449066, train_acc=0.8454, time=9.7s
per-rank: rank0[cuda0,share=0.4276,tput=3.33] rank1[cuda1,share=0.2929,tput=4.38] rank2[cuda2,share=0.2795,tput=2.35]
epoch 65: eval=0.7066
epoch 66: loss=0.449652, train_acc=0.8463, time=11.7s
per-rank: rank0[cuda0,share=0.4110,tput=2.10] rank1[cuda1,share=0.2950,tput=3.34] rank2[cuda2,share=0.2940,tput=4.67]
epoch 66: eval=0.7570
epoch 67: loss=0.444503, train_acc=0.8497, time=10.9s
per-rank: rank0[cuda0,share=0.4087,tput=2.43] rank2[cuda2,share=0.3022,tput=2.45] rank1[cuda1,share=0.2891,tput=3.72]
epoch 67: eval=0.8340
epoch 68: loss=0.450481, train_acc=0.8461, time=9.7s
per-rank: rank0[cuda0,share=0.4191,tput=3.61] rank1[cuda1,share=0.2910,tput=3.07] rank2[cuda2,share=0.2900,tput=2.15]
epoch 68: eval=0.7833
epoch 69: loss=0.448507, train_acc=0.8444, time=9.6s
per-rank: rank0[cuda0,share=0.4316,tput=2.37] rank1[cuda1,share=0.2852,tput=6.11] rank2[cuda2,share=0.2832,tput=2.21]
epoch 69: eval=0.8234
epoch 70: loss=0.446473, train_acc=0.8467, time=9.8s
per-rank: rank0[cuda0,share=0.4261,tput=3.10] rank2[cuda2,share=0.2915,tput=3.62] rank1[cuda1,share=0.2824,tput=2.17]
epoch 70: eval=0.7672
epoch 71: loss=0.450021, train_acc=0.8462, time=9.7s
per-rank: rank0[cuda0,share=0.3944,tput=2.60] rank2[cuda2,share=0.3129,tput=2.53] rank1[cuda1,share=0.2928,tput=3.51]
epoch 71: eval=0.8075
epoch 72: loss=0.449948, train_acc=0.8450, time=11.0s
per-rank: rank0[cuda0,share=0.3798,tput=2.09] rank2[cuda2,share=0.3143,tput=4.56] rank1[cuda1,share=0.3059,tput=3.15]
epoch 72: eval=0.8277
epoch 73: loss=0.443388, train_acc=0.8461, time=10.7s
per-rank: rank0[cuda0,share=0.3989,tput=2.58] rank2[cuda2,share=0.3051,tput=2.35] rank1[cuda1,share=0.2960,tput=3.38]
epoch 73: eval=0.8007
epoch 74: loss=0.454718, train_acc=0.8436, time=9.8s
per-rank: rank0[cuda0,share=0.3992,tput=3.26] rank2[cuda2,share=0.3042,tput=3.34] rank1[cuda1,share=0.2966,tput=2.17]
epoch 74: eval=0.7561
epoch 75: loss=0.458110, train_acc=0.8443, time=9.5s
per-rank: rank0[cuda0,share=0.3954,tput=3.77] rank2[cuda2,share=0.3053,tput=3.48] rank1[cuda1,share=0.2993,tput=1.95]
epoch 75: eval=0.7727
epoch 76: loss=0.450908, train_acc=0.8454, time=12.7s
per-rank: rank0[cuda0,share=0.4030,tput=1.92] rank2[cuda2,share=0.2999,tput=4.08] rank1[cuda1,share=0.2971,tput=3.95]
epoch 76: eval=0.7867
epoch 77: loss=0.479425, train_acc=0.8349, time=11.1s
per-rank: rank0[cuda0,share=0.3957,tput=2.30] rank1[cuda1,share=0.3043,tput=2.63] rank2[cuda2,share=0.3000,tput=3.64]
epoch 77: eval=0.7944
epoch 78: loss=0.498273, train_acc=0.8304, time=10.5s
per-rank: rank0[cuda0,share=0.3909,tput=2.21] rank1[cuda1,share=0.3094,tput=4.30] rank2[cuda2,share=0.2997,tput=3.40]
epoch 78: eval=0.7675
epoch 79: loss=0.486480, train_acc=0.8331, time=10.3s
per-rank: rank0[cuda0,share=0.3877,tput=3.27] rank1[cuda1,share=0.3129,tput=3.80] rank2[cuda2,share=0.2994,tput=1.98]
epoch 79: eval=0.7854
epoch 80: loss=0.485783, train_acc=0.8324, time=9.8s
per-rank: rank0[cuda0,share=0.3878,tput=2.57] rank1[cuda1,share=0.3141,tput=1.95] rank2[cuda2,share=0.2981,tput=5.19]
epoch 80: eval=0.8258
epoch 81: loss=0.485273, train_acc=0.8325, time=9.5s
per-rank: rank0[cuda0,share=0.3900,tput=3.70] rank1[cuda1,share=0.3139,tput=3.10] rank2[cuda2,share=0.2961,tput=2.23]
epoch 81: eval=0.7734
epoch 82: loss=0.479861, train_acc=0.8356, time=9.6s
per-rank: rank0[cuda0,share=0.3919,tput=3.12] rank1[cuda1,share=0.3135,tput=3.27] rank2[cuda2,share=0.2946,tput=2.22]
epoch 82: eval=0.7394
epoch 83: loss=0.481192, train_acc=0.8348, time=9.7s
per-rank: rank0[cuda0,share=0.3935,tput=1.83] rank1[cuda1,share=0.3128,tput=2.43] rank2[cuda2,share=0.2937,tput=5.99]
epoch 83: eval=0.7685
epoch 84: loss=0.473170, train_acc=0.8366, time=12.4s
per-rank: rank0[cuda0,share=0.3948,tput=1.94] rank1[cuda1,share=0.3123,tput=3.53] rank2[cuda2,share=0.2929,tput=4.88]
epoch 84: eval=0.7898
epoch 85: loss=0.474055, train_acc=0.8376, time=11.1s
per-rank: rank0[cuda0,share=0.3947,tput=2.28] rank1[cuda1,share=0.3122,tput=3.27] rank2[cuda2,share=0.2931,tput=2.85]
epoch 85: eval=0.7485
epoch 86: loss=0.474053, train_acc=0.8373, time=11.8s
per-rank: rank0[cuda0,share=0.3948,tput=1.99] rank1[cuda1,share=0.3120,tput=4.39] rank2[cuda2,share=0.2932,tput=3.33]
epoch 86: eval=0.6964
epoch 87: loss=0.476150, train_acc=0.8379, time=10.6s
per-rank: rank0[cuda0,share=0.3959,tput=2.51] rank1[cuda1,share=0.3114,tput=2.79] rank2[cuda2,share=0.2927,tput=3.34]
epoch 87: eval=0.7937
epoch 88: loss=0.476235, train_acc=0.8371, time=9.5s
per-rank: rank0[cuda0,share=0.3977,tput=3.68] rank1[cuda1,share=0.3096,tput=2.21] rank2[cuda2,share=0.2927,tput=3.04]
epoch 88: eval=0.8204
epoch 89: loss=0.477474, train_acc=0.8349, time=9.7s
per-rank: rank0[cuda0,share=0.3995,tput=2.45] rank1[cuda1,share=0.3079,tput=1.90] rank2[cuda2,share=0.2926,tput=6.16]
epoch 89: eval=0.8119
epoch 90: loss=0.477330, train_acc=0.8352, time=9.6s
per-rank: rank0[cuda0,share=0.4001,tput=2.39] rank1[cuda1,share=0.3067,tput=2.49] rank2[cuda2,share=0.2932,tput=5.17]
epoch 90: eval=0.7850
epoch 91: loss=0.469062, train_acc=0.8381, time=9.2s
per-rank: rank0[cuda0,share=0.4002,tput=3.87] rank1[cuda1,share=0.3067,tput=2.46] rank2[cuda2,share=0.2931,tput=2.83]
epoch 91: eval=0.8115
epoch 92: loss=0.471877, train_acc=0.8380, time=9.7s
per-rank: rank0[cuda0,share=0.4003,tput=2.25] rank1[cuda1,share=0.3067,tput=2.60] rank2[cuda2,share=0.2930,tput=4.84]
epoch 92: eval=0.7543
epoch 93: loss=0.475260, train_acc=0.8363, time=9.8s
per-rank: rank0[cuda0,share=0.4003,tput=3.25] rank1[cuda1,share=0.3067,tput=2.39] rank2[cuda2,share=0.2929,tput=2.91]
epoch 93: eval=0.8156
epoch 94: loss=0.473433, train_acc=0.8388, time=11.8s
per-rank: rank0[cuda0,share=0.4016,tput=2.10] rank1[cuda1,share=0.3071,tput=4.55] rank2[cuda2,share=0.2912,tput=3.31]
epoch 94: eval=0.7566
epoch 95: loss=0.475271, train_acc=0.8363, time=10.7s
per-rank: rank0[cuda0,share=0.4043,tput=1.93] rank1[cuda1,share=0.3068,tput=2.47] rank2[cuda2,share=0.2889,tput=4.22]
epoch 95: eval=0.7647
epoch 96: loss=0.482230, train_acc=0.8344, time=12.0s
per-rank: rank0[cuda0,share=0.4054,tput=2.08] rank1[cuda1,share=0.3073,tput=4.26] rank2[cuda2,share=0.2873,tput=3.63]
epoch 96: eval=0.8044
epoch 97: loss=0.467329, train_acc=0.8382, time=10.7s
per-rank: rank0[cuda0,share=0.4075,tput=2.37] rank1[cuda1,share=0.3059,tput=2.29] rank2[cuda2,share=0.2866,tput=4.03]
epoch 97: eval=0.8466
epoch 98: loss=0.477505, train_acc=0.8340, time=11.9s
per-rank: rank0[cuda0,share=0.4089,tput=2.09] rank1[cuda1,share=0.3058,tput=3.47] rank2[cuda2,share=0.2853,tput=4.97]
epoch 98: eval=0.6438
epoch 99: loss=0.469103, train_acc=0.8403, time=10.7s
per-rank: rank0[cuda0,share=0.4090,tput=2.43] rank1[cuda1,share=0.3064,tput=2.64] rank2[cuda2,share=0.2846,tput=3.52]
epoch 99: eval=0.8079
epoch 100: loss=0.349218, train_acc=0.8800, time=9.6s
per-rank: rank0[cuda0,share=0.4102,tput=2.50] rank1[cuda1,share=0.3063,tput=6.09] rank2[cuda2,share=0.2834,tput=1.83]
epoch 100: eval=0.8946
epoch 101: loss=0.250771, train_acc=0.9124, time=9.7s
per-rank: rank0[cuda0,share=0.4108,tput=2.01] rank1[cuda1,share=0.3057,tput=5.90] rank2[cuda2,share=0.2835,tput=2.19]
epoch 101: eval=0.9015
epoch 102: loss=0.235245, train_acc=0.9183, time=11.9s
per-rank: rank0[cuda0,share=0.4113,tput=2.07] rank1[cuda1,share=0.3051,tput=3.40] rank2[cuda2,share=0.2835,tput=4.54]
epoch 102: eval=0.9027
epoch 103: loss=0.225553, train_acc=0.9218, time=10.7s
per-rank: rank0[cuda0,share=0.4119,tput=2.49] rank1[cuda1,share=0.3045,tput=2.59] rank2[cuda2,share=0.2836,tput=3.54]
epoch 103: eval=0.9064
epoch 104: loss=0.217826, train_acc=0.9242, time=9.5s
per-rank: rank0[cuda0,share=0.4112,tput=3.56] rank1[cuda1,share=0.3036,tput=3.15] rank2[cuda2,share=0.2852,tput=2.21]
epoch 104: eval=0.9045
epoch 105: loss=0.213996, train_acc=0.9254, time=9.7s
per-rank: rank0[cuda0,share=0.4105,tput=2.17] rank1[cuda1,share=0.3026,tput=5.55] rank2[cuda2,share=0.2869,tput=2.12]
epoch 105: eval=0.9086
epoch 106: loss=0.205329, train_acc=0.9286, time=11.8s
per-rank: rank0[cuda0,share=0.4101,tput=2.14] rank1[cuda1,share=0.3015,tput=5.00] rank2[cuda2,share=0.2884,tput=3.53]
epoch 106: eval=0.9059
epoch 107: loss=0.202223, train_acc=0.9298, time=10.5s
per-rank: rank0[cuda0,share=0.4086,tput=2.19] rank1[cuda1,share=0.3022,tput=2.68] rank2[cuda2,share=0.2892,tput=3.62]
epoch 107: eval=0.9075
epoch 108: loss=0.200748, train_acc=0.9304, time=9.8s
per-rank: rank0[cuda0,share=0.4070,tput=3.15] rank1[cuda1,share=0.3030,tput=3.44] rank2[cuda2,share=0.2899,tput=2.06]
epoch 108: eval=0.9093
epoch 109: loss=0.193359, train_acc=0.9327, time=9.4s
per-rank: rank0[cuda0,share=0.4075,tput=3.69] rank1[cuda1,share=0.3035,tput=3.73] rank2[cuda2,share=0.2889,tput=1.85]
epoch 109: eval=0.9066
epoch 110: loss=0.191076, train_acc=0.9333, time=9.6s
per-rank: rank0[cuda0,share=0.4068,tput=2.44] rank1[cuda1,share=0.3047,tput=4.43] rank2[cuda2,share=0.2885,tput=2.45]
epoch 110: eval=0.9068
epoch 111: loss=0.189376, train_acc=0.9351, time=11.9s
per-rank: rank0[cuda0,share=0.4060,tput=2.03] rank1[cuda1,share=0.3058,tput=4.82] rank2[cuda2,share=0.2881,tput=3.16]
epoch 111: eval=0.9069
epoch 112: loss=0.185306, train_acc=0.9357, time=10.8s
per-rank: rank0[cuda0,share=0.4052,tput=2.68] rank1[cuda1,share=0.3070,tput=3.44] rank2[cuda2,share=0.2878,tput=2.43]
epoch 112: eval=0.9089
epoch 113: loss=0.182078, train_acc=0.9370, time=9.4s
per-rank: rank0[cuda0,share=0.4045,tput=2.22] rank1[cuda1,share=0.3082,tput=2.41] rank2[cuda2,share=0.2874,tput=5.30]
epoch 113: eval=0.9078
epoch 114: loss=0.182410, train_acc=0.9361, time=11.3s
per-rank: rank0[cuda0,share=0.4048,tput=2.17] rank1[cuda1,share=0.3075,tput=4.24] rank2[cuda2,share=0.2877,tput=3.49]
epoch 114: eval=0.9066
epoch 115: loss=0.178286, train_acc=0.9379, time=10.4s
per-rank: rank0[cuda0,share=0.4051,tput=2.78] rank1[cuda1,share=0.3068,tput=3.66] rank2[cuda2,share=0.2881,tput=2.32]
epoch 115: eval=0.9078
epoch 116: loss=0.179510, train_acc=0.9370, time=9.9s
per-rank: rank0[cuda0,share=0.4068,tput=3.21] rank1[cuda1,share=0.3054,tput=3.32] rank2[cuda2,share=0.2878,tput=2.12]
epoch 116: eval=0.8986
epoch 117: loss=0.174021, train_acc=0.9395, time=9.7s
per-rank: rank0[cuda0,share=0.4085,tput=2.80] rank1[cuda1,share=0.3040,tput=2.41] rank2[cuda2,share=0.2875,tput=3.29]
epoch 117: eval=0.9090
epoch 118: loss=0.171684, train_acc=0.9399, time=9.6s
per-rank: rank0[cuda0,share=0.4094,tput=2.15] rank1[cuda1,share=0.3038,tput=6.29] rank2[cuda2,share=0.2868,tput=2.07]
epoch 118: eval=0.9024
epoch 119: loss=0.171120, train_acc=0.9404, time=12.2s
per-rank: rank0[cuda0,share=0.4096,tput=1.98] rank1[cuda1,share=0.3031,tput=5.29] rank2[cuda2,share=0.2872,tput=2.84]
epoch 119: eval=0.9073
epoch 120: loss=0.167454, train_acc=0.9413, time=10.9s
per-rank: rank0[cuda0,share=0.4099,tput=1.99] rank1[cuda1,share=0.3025,tput=4.05] rank2[cuda2,share=0.2877,tput=2.57]
epoch 120: eval=0.9100
epoch 121: loss=0.166358, train_acc=0.9410, time=9.7s
per-rank: rank0[cuda0,share=0.4086,tput=2.32] rank1[cuda1,share=0.3025,tput=2.09] rank2[cuda2,share=0.2888,tput=5.66]
epoch 121: eval=0.9096
epoch 122: loss=0.161716, train_acc=0.9430, time=9.7s
per-rank: rank0[cuda0,share=0.4074,tput=2.11] rank1[cuda1,share=0.3026,tput=5.06] rank2[cuda2,share=0.2900,tput=2.40]
epoch 122: eval=0.9028
epoch 123: loss=0.163139, train_acc=0.9438, time=12.0s
per-rank: rank0[cuda0,share=0.4032,tput=1.94] rank1[cuda1,share=0.3040,tput=3.33] rank2[cuda2,share=0.2928,tput=4.73]
epoch 123: eval=0.9061
epoch 124: loss=0.160555, train_acc=0.9442, time=10.8s
per-rank: rank0[cuda0,share=0.4002,tput=2.44] rank1[cuda1,share=0.3054,tput=2.33] rank2[cuda2,share=0.2944,tput=3.58]
epoch 124: eval=0.9086
epoch 125: loss=0.159174, train_acc=0.9444, time=9.8s
per-rank: rank0[cuda0,share=0.3970,tput=2.35] rank1[cuda1,share=0.3069,tput=2.65] rank2[cuda2,share=0.2961,tput=3.49]
epoch 125: eval=0.9054
epoch 126: loss=0.160323, train_acc=0.9433, time=9.6s
per-rank: rank0[cuda0,share=0.3936,tput=2.36] rank1[cuda1,share=0.3085,tput=2.45] rank2[cuda2,share=0.2979,tput=5.10]
epoch 126: eval=0.9056
epoch 127: loss=0.156705, train_acc=0.9452, time=9.8s
per-rank: rank0[cuda0,share=0.3888,tput=3.61] rank1[cuda1,share=0.3089,tput=2.92] rank2[cuda2,share=0.3023,tput=2.03]
epoch 127: eval=0.9094
epoch 128: loss=0.154334, train_acc=0.9455, time=10.5s
per-rank: rank0[cuda0,share=0.3875,tput=2.21] rank1[cuda1,share=0.3085,tput=3.23] rank2[cuda2,share=0.3040,tput=3.95]
epoch 128: eval=0.9054
epoch 129: loss=0.152198, train_acc=0.9470, time=9.9s
per-rank: rank0[cuda0,share=0.3892,tput=3.12] rank1[cuda1,share=0.3066,tput=2.20] rank2[cuda2,share=0.3042,tput=3.45]
epoch 129: eval=0.9056
epoch 130: loss=0.157493, train_acc=0.9444, time=12.4s
per-rank: rank0[cuda0,share=0.3927,tput=1.96] rank2[cuda2,share=0.3047,tput=4.93] rank1[cuda1,share=0.3027,tput=3.07]
epoch 130: eval=0.9089
epoch 131: loss=0.154731, train_acc=0.9458, time=11.1s
per-rank: rank0[cuda0,share=0.3957,tput=2.04] rank2[cuda2,share=0.3024,tput=2.51] rank1[cuda1,share=0.3020,tput=3.89]
epoch 131: eval=0.9092
epoch 132: loss=0.152975, train_acc=0.9460, time=11.8s
per-rank: rank0[cuda0,share=0.3979,tput=2.08] rank2[cuda2,share=0.3013,tput=3.52] rank1[cuda1,share=0.3007,tput=4.61]
epoch 132: eval=0.9064
epoch 133: loss=0.150770, train_acc=0.9474, time=10.9s
per-rank: rank0[cuda0,share=0.4004,tput=1.81] rank2[cuda2,share=0.3002,tput=2.46] rank1[cuda1,share=0.2994,tput=4.12]
epoch 133: eval=0.9003
epoch 134: loss=0.150046, train_acc=0.9474, time=9.5s
per-rank: rank0[cuda0,share=0.4029,tput=3.52] rank2[cuda2,share=0.2991,tput=1.95] rank1[cuda1,share=0.2981,tput=3.35]
epoch 134: eval=0.9022
epoch 135: loss=0.151450, train_acc=0.9461, time=11.5s
per-rank: rank0[cuda0,share=0.4078,tput=2.12] rank2[cuda2,share=0.2968,tput=3.32] rank1[cuda1,share=0.2954,tput=4.62]
epoch 135: eval=0.9065
epoch 136: loss=0.145179, train_acc=0.9488, time=10.9s
per-rank: rank0[cuda0,share=0.4091,tput=2.51] rank2[cuda2,share=0.2963,tput=2.61] rank1[cuda1,share=0.2946,tput=3.31]
epoch 136: eval=0.9022
epoch 137: loss=0.150224, train_acc=0.9465, time=9.6s
per-rank: rank0[cuda0,share=0.4091,tput=2.48] rank2[cuda2,share=0.2964,tput=2.17] rank1[cuda1,share=0.2945,tput=5.20]
epoch 137: eval=0.9002
epoch 138: loss=0.147540, train_acc=0.9471, time=12.1s
per-rank: rank0[cuda0,share=0.4104,tput=2.00] rank1[cuda1,share=0.2953,tput=3.56] rank2[cuda2,share=0.2943,tput=4.69]
epoch 138: eval=0.9064
epoch 139: loss=0.149730, train_acc=0.9475, time=11.2s
per-rank: rank0[cuda0,share=0.4112,tput=2.17] rank2[cuda2,share=0.2949,tput=3.84] rank1[cuda1,share=0.2939,tput=2.45]
epoch 139: eval=0.9029
epoch 140: loss=0.146934, train_acc=0.9482, time=9.8s
per-rank: rank0[cuda0,share=0.4113,tput=1.92] rank2[cuda2,share=0.2950,tput=5.60] rank1[cuda1,share=0.2937,tput=2.54]
epoch 140: eval=0.9035
epoch 141: loss=0.145245, train_acc=0.9488, time=9.5s
per-rank: rank0[cuda0,share=0.4114,tput=3.53] rank2[cuda2,share=0.2951,tput=2.20] rank1[cuda1,share=0.2936,tput=3.19]
epoch 141: eval=0.8972
epoch 142: loss=0.148120, train_acc=0.9477, time=11.2s
per-rank: rank0[cuda0,share=0.4116,tput=2.23] rank2[cuda2,share=0.2952,tput=4.93] rank1[cuda1,share=0.2932,tput=3.07]
epoch 142: eval=0.9016
epoch 143: loss=0.143995, train_acc=0.9486, time=10.7s
per-rank: rank0[cuda0,share=0.4123,tput=2.58] rank2[cuda2,share=0.2942,tput=2.36] rank1[cuda1,share=0.2935,tput=3.36]
epoch 143: eval=0.8927
epoch 144: loss=0.143779, train_acc=0.9481, time=11.5s
per-rank: rank0[cuda0,share=0.4155,tput=2.18] rank2[cuda2,share=0.2932,tput=3.46] rank1[cuda1,share=0.2913,tput=4.51]
epoch 144: eval=0.8986
epoch 145: loss=0.143661, train_acc=0.9492, time=10.6s
per-rank: rank0[cuda0,share=0.4164,tput=2.58] rank2[cuda2,share=0.2940,tput=3.63] rank1[cuda1,share=0.2896,tput=2.48]
epoch 145: eval=0.8882
epoch 146: loss=0.144811, train_acc=0.9490, time=12.7s
per-rank: rank0[cuda0,share=0.4159,tput=2.00] rank2[cuda2,share=0.2958,tput=3.07] rank1[cuda1,share=0.2883,tput=5.02]
epoch 146: eval=0.9060
epoch 147: loss=0.144519, train_acc=0.9488, time=11.3s
per-rank: rank0[cuda0,share=0.4159,tput=2.04] rank2[cuda2,share=0.2960,tput=3.49] rank1[cuda1,share=0.2881,tput=2.99]
epoch 147: eval=0.9003
epoch 148: loss=0.141792, train_acc=0.9490, time=9.8s
per-rank: rank0[cuda0,share=0.4154,tput=2.76] rank2[cuda2,share=0.2957,tput=3.30] rank1[cuda1,share=0.2888,tput=2.51]
epoch 148: eval=0.8984
epoch 149: loss=0.142543, train_acc=0.9493, time=12.2s
per-rank: rank0[cuda0,share=0.4144,tput=2.02] rank2[cuda2,share=0.2951,tput=4.56] rank1[cuda1,share=0.2904,tput=3.18]
epoch 149: eval=0.9170
epoch 150: loss=0.107876, train_acc=0.9627, time=10.8s
per-rank: rank0[cuda0,share=0.4132,tput=2.17] rank2[cuda2,share=0.2960,tput=3.58] rank1[cuda1,share=0.2908,tput=2.73]
epoch 150: eval=0.9194
epoch 151: loss=0.091918, train_acc=0.9683, time=9.4s
per-rank: rank0[cuda0,share=0.4062,tput=2.41] rank2[cuda2,share=0.2979,tput=5.21] rank1[cuda1,share=0.2960,tput=2.42]
epoch 151: eval=0.9188
epoch 152: loss=0.091457, train_acc=0.9697, time=11.0s
per-rank: rank0[cuda0,share=0.4025,tput=2.14] rank2[cuda2,share=0.2989,tput=3.23] rank1[cuda1,share=0.2986,tput=4.30]
epoch 152: eval=0.9178
epoch 153: loss=0.087941, train_acc=0.9700, time=10.3s
per-rank: rank0[cuda0,share=0.3995,tput=2.30] rank1[cuda1,share=0.3019,tput=2.41] rank2[cuda2,share=0.2987,tput=3.82]
epoch 153: eval=0.9178
epoch 154: loss=0.085236, train_acc=0.9716, time=12.3s
per-rank: rank0[cuda0,share=0.3986,tput=1.98] rank1[cuda1,share=0.3032,tput=3.56] rank2[cuda2,share=0.2982,tput=4.73]
epoch 154: eval=0.9168
epoch 155: loss=0.085437, train_acc=0.9711, time=11.2s
per-rank: rank0[cuda0,share=0.3971,tput=2.25] rank1[cuda1,share=0.3040,tput=4.00] rank2[cuda2,share=0.2989,tput=2.38]
epoch 155: eval=0.9167
epoch 156: loss=0.083585, train_acc=0.9715, time=9.5s
per-rank: rank0[cuda0,share=0.3959,tput=3.69] rank1[cuda1,share=0.3039,tput=2.01] rank2[cuda2,share=0.3002,tput=3.42]
epoch 156: eval=0.9178
epoch 157: loss=0.083221, train_acc=0.9723, time=12.3s
per-rank: rank0[cuda0,share=0.3991,tput=1.95] rank1[cuda1,share=0.3015,tput=3.52] rank2[cuda2,share=0.2994,tput=4.78]
epoch 157: eval=0.9181
epoch 158: loss=0.081765, train_acc=0.9720, time=11.2s
per-rank: rank0[cuda0,share=0.4011,tput=2.43] rank1[cuda1,share=0.2997,tput=3.32] rank2[cuda2,share=0.2992,tput=2.69]
epoch 158: eval=0.9166
epoch 159: loss=0.081005, train_acc=0.9732, time=9.5s
per-rank: rank0[cuda0,share=0.4021,tput=2.48] rank2[cuda2,share=0.3003,tput=2.00] rank1[cuda1,share=0.2976,tput=5.39]
epoch 159: eval=0.9172
epoch 160: loss=0.079430, train_acc=0.9737, time=9.4s
per-rank: rank0[cuda0,share=0.4032,tput=2.33] rank2[cuda2,share=0.2998,tput=2.03] rank1[cuda1,share=0.2970,tput=6.36]
epoch 160: eval=0.9183
epoch 161: loss=0.080990, train_acc=0.9723, time=12.7s
per-rank: rank0[cuda0,share=0.4077,tput=1.92] rank2[cuda2,share=0.2967,tput=4.79] rank1[cuda1,share=0.2956,tput=3.43]
epoch 161: eval=0.9162
epoch 162: loss=0.077539, train_acc=0.9740, time=11.5s
per-rank: rank0[cuda0,share=0.4064,tput=1.89] rank2[cuda2,share=0.2974,tput=3.74] rank1[cuda1,share=0.2962,tput=2.61]
epoch 162: eval=0.9160
epoch 163: loss=0.081271, train_acc=0.9724, time=9.6s
per-rank: rank0[cuda0,share=0.4057,tput=4.28] rank2[cuda2,share=0.2984,tput=3.07] rank1[cuda1,share=0.2958,tput=1.94]
epoch 163: eval=0.9158
epoch 164: loss=0.077691, train_acc=0.9736, time=9.6s
per-rank: rank0[cuda0,share=0.4056,tput=2.89] rank2[cuda2,share=0.2982,tput=2.26] rank1[cuda1,share=0.2962,tput=3.56]
epoch 164: eval=0.9159
epoch 165: loss=0.075426, train_acc=0.9739, time=9.6s
per-rank: rank0[cuda0,share=0.4056,tput=3.15] rank2[cuda2,share=0.2981,tput=2.01] rank1[cuda1,share=0.2963,tput=3.70]
epoch 165: eval=0.9168
epoch 166: loss=0.074932, train_acc=0.9746, time=11.7s
per-rank: rank0[cuda0,share=0.4026,tput=2.09] rank1[cuda1,share=0.2991,tput=4.09] rank2[cuda2,share=0.2982,tput=3.99]
epoch 166: eval=0.9166
epoch 167: loss=0.076927, train_acc=0.9734, time=10.9s
per-rank: rank0[cuda0,share=0.4032,tput=2.61] rank1[cuda1,share=0.2999,tput=2.48] rank2[cuda2,share=0.2968,tput=3.60]
epoch 167: eval=0.9165
epoch 168: loss=0.076491, train_acc=0.9743, time=9.7s
per-rank: rank0[cuda0,share=0.4062,tput=3.44] rank1[cuda1,share=0.3016,tput=2.31] rank2[cuda2,share=0.2922,tput=2.88]
epoch 168: eval=0.9156
epoch 169: loss=0.073634, train_acc=0.9757, time=12.2s
per-rank: rank0[cuda0,share=0.4082,tput=1.97] rank1[cuda1,share=0.3058,tput=4.77] rank2[cuda2,share=0.2859,tput=3.16]
epoch 169: eval=0.9173
epoch 170: loss=0.076979, train_acc=0.9739, time=10.8s
per-rank: rank0[cuda0,share=0.4083,tput=2.32] rank1[cuda1,share=0.3072,tput=3.83] rank2[cuda2,share=0.2846,tput=2.56]
epoch 170: eval=0.9172
epoch 171: loss=0.074161, train_acc=0.9749, time=12.1s
per-rank: rank0[cuda0,share=0.4090,tput=2.01] rank1[cuda1,share=0.3062,tput=2.95] rank2[cuda2,share=0.2848,tput=4.81]
epoch 171: eval=0.9166
epoch 172: loss=0.072589, train_acc=0.9757, time=10.8s
per-rank: rank0[cuda0,share=0.4098,tput=2.53] rank1[cuda1,share=0.3021,tput=2.33] rank2[cuda2,share=0.2881,tput=3.78]
epoch 172: eval=0.9166
epoch 173: loss=0.072032, train_acc=0.9750, time=9.4s
per-rank: rank0[cuda0,share=0.4090,tput=3.88] rank1[cuda1,share=0.2977,tput=2.35] rank2[cuda2,share=0.2934,tput=3.18]
epoch 173: eval=0.9174
epoch 174: loss=0.073048, train_acc=0.9757, time=9.6s
per-rank: rank0[cuda0,share=0.4065,tput=3.36] rank2[cuda2,share=0.2975,tput=2.88] rank1[cuda1,share=0.2960,tput=2.44]
epoch 174: eval=0.9166
epoch 175: loss=0.070827, train_acc=0.9758, time=9.7s
per-rank: rank0[cuda0,share=0.4093,tput=3.63] rank2[cuda2,share=0.2986,tput=2.93] rank1[cuda1,share=0.2921,tput=2.21]
epoch 175: eval=0.9185
epoch 176: loss=0.070042, train_acc=0.9771, time=9.6s
per-rank: rank0[cuda0,share=0.4114,tput=3.05] rank2[cuda2,share=0.2983,tput=3.46] rank1[cuda1,share=0.2903,tput=2.12]
epoch 176: eval=0.9182
epoch 177: loss=0.071592, train_acc=0.9756, time=9.7s
per-rank: rank0[cuda0,share=0.4165,tput=3.34] rank2[cuda2,share=0.2974,tput=2.39] rank1[cuda1,share=0.2861,tput=4.33]
epoch 177: eval=0.9163
epoch 178: loss=0.071701, train_acc=0.9755, time=9.5s
per-rank: rank0[cuda0,share=0.4160,tput=3.06] rank2[cuda2,share=0.2982,tput=3.05] rank1[cuda1,share=0.2858,tput=2.39]
epoch 178: eval=0.9166
epoch 179: loss=0.068915, train_acc=0.9771, time=9.5s
per-rank: rank0[cuda0,share=0.4088,tput=2.72] rank2[cuda2,share=0.3028,tput=2.27] rank1[cuda1,share=0.2884,tput=3.90]
epoch 179: eval=0.9178
epoch 180: loss=0.070421, train_acc=0.9754, time=11.3s
per-rank: rank0[cuda0,share=0.3953,tput=2.10] rank2[cuda2,share=0.3049,tput=4.30] rank1[cuda1,share=0.2997,tput=3.43]
epoch 180: eval=0.9145
epoch 181: loss=0.070718, train_acc=0.9756, time=10.8s
per-rank: rank0[cuda0,share=0.3958,tput=2.94] rank1[cuda1,share=0.3065,tput=3.36] rank2[cuda2,share=0.2977,tput=2.20]
epoch 181: eval=0.9166
epoch 182: loss=0.068922, train_acc=0.9769, time=9.5s
per-rank: rank0[cuda0,share=0.4045,tput=3.55] rank1[cuda1,share=0.3058,tput=3.19] rank2[cuda2,share=0.2896,tput=2.20]
epoch 182: eval=0.9168
epoch 183: loss=0.072121, train_acc=0.9749, time=9.7s
per-rank: rank0[cuda0,share=0.4148,tput=1.95] rank1[cuda1,share=0.3025,tput=6.14] rank2[cuda2,share=0.2827,tput=2.39]
epoch 183: eval=0.9158
epoch 184: loss=0.067718, train_acc=0.9774, time=11.6s
per-rank: rank0[cuda0,share=0.4089,tput=2.19] rank1[cuda1,share=0.3022,tput=3.76] rank2[cuda2,share=0.2889,tput=4.90]
epoch 184: eval=0.9160
epoch 185: loss=0.071146, train_acc=0.9761, time=10.3s
per-rank: rank0[cuda0,share=0.4068,tput=2.94] rank1[cuda1,share=0.3022,tput=2.10] rank2[cuda2,share=0.2909,tput=3.75]
epoch 185: eval=0.9179
epoch 186: loss=0.068576, train_acc=0.9767, time=9.8s
per-rank: rank0[cuda0,share=0.4053,tput=3.30] rank1[cuda1,share=0.3023,tput=2.25] rank2[cuda2,share=0.2925,tput=3.18]
epoch 186: eval=0.9152
epoch 187: loss=0.069957, train_acc=0.9764, time=9.6s
per-rank: rank0[cuda0,share=0.4053,tput=3.67] rank1[cuda1,share=0.3023,tput=3.10] rank2[cuda2,share=0.2925,tput=2.06]
epoch 187: eval=0.9148
epoch 188: loss=0.065850, train_acc=0.9781, time=10.9s
per-rank: rank0[cuda0,share=0.4024,tput=2.21] rank1[cuda1,share=0.3030,tput=3.42] rank2[cuda2,share=0.2946,tput=4.68]
epoch 188: eval=0.9169
epoch 189: loss=0.065863, train_acc=0.9780, time=10.1s
per-rank: rank0[cuda0,share=0.4030,tput=3.42] rank1[cuda1,share=0.3023,tput=2.31] rank2[cuda2,share=0.2947,tput=3.05]
epoch 189: eval=0.9166
epoch 190: loss=0.065978, train_acc=0.9781, time=9.8s
per-rank: rank0[cuda0,share=0.4030,tput=2.22] rank1[cuda1,share=0.3023,tput=2.49] rank2[cuda2,share=0.2947,tput=4.44]
epoch 190: eval=0.9165
epoch 191: loss=0.065861, train_acc=0.9780, time=11.8s
per-rank: rank0[cuda0,share=0.4059,tput=2.08] rank1[cuda1,share=0.3025,tput=3.01] rank2[cuda2,share=0.2916,tput=5.18]
epoch 191: eval=0.9162
epoch 192: loss=0.064523, train_acc=0.9782, time=10.6s
per-rank: rank0[cuda0,share=0.4059,tput=2.72] rank1[cuda1,share=0.3025,tput=3.75] rank2[cuda2,share=0.2916,tput=2.69]
epoch 192: eval=0.9165
epoch 193: loss=0.067433, train_acc=0.9775, time=13.8s
per-rank: rank0[cuda0,share=0.4065,tput=1.84] rank1[cuda1,share=0.3037,tput=3.36] rank2[cuda2,share=0.2897,tput=5.18]
epoch 193: eval=0.9174
epoch 194: loss=0.065476, train_acc=0.9783, time=12.8s
per-rank: rank0[cuda0,share=0.4065,tput=1.89] rank1[cuda1,share=0.3037,tput=3.73] rank2[cuda2,share=0.2897,tput=2.87]
epoch 194: eval=0.9165
epoch 195: loss=0.066245, train_acc=0.9775, time=10.1s
per-rank: rank0[cuda0,share=0.4061,tput=2.70] rank1[cuda1,share=0.3041,tput=3.57] rank2[cuda2,share=0.2898,tput=2.50]
epoch 195: eval=0.9168
epoch 196: loss=0.063190, train_acc=0.9788, time=11.3s
per-rank: rank0[cuda0,share=0.4057,tput=2.09] rank1[cuda1,share=0.3045,tput=3.48] rank2[cuda2,share=0.2898,tput=3.91]
epoch 196: eval=0.9149
epoch 197: loss=0.066136, train_acc=0.9779, time=10.4s
per-rank: rank0[cuda0,share=0.4053,tput=2.70] rank1[cuda1,share=0.3050,tput=2.67] rank2[cuda2,share=0.2898,tput=3.15]
epoch 197: eval=0.9181
epoch 198: loss=0.063672, train_acc=0.9784, time=10.9s
per-rank: rank0[cuda0,share=0.4055,tput=2.18] rank1[cuda1,share=0.3059,tput=3.56] rank2[cuda2,share=0.2887,tput=4.05]
epoch 198: eval=0.9146
epoch 199: loss=0.063964, train_acc=0.9779, time=10.3s
per-rank: rank0[cuda0,share=0.4057,tput=2.53] rank1[cuda1,share=0.3068,tput=3.53] rank2[cuda2,share=0.2875,tput=2.46]
final eval=0.9168
# total: 1917.3s (31m 57s)
