# gpu0: NVIDIA GeForce RTX 5060 Ti (15GB, sm_120)
# gpu1: NVIDIA GeForce GTX 1060 6GB (5GB, sm_61)
# gpu2: NVIDIA GeForce GTX 1060 6GB (5GB, sm_61)
epoch 0: loss=2.006638, train_acc=0.2396, time=10.2s
per-rank: rank0[cuda0,share=0.3877,tput=2.93] rank1[cuda1,share=0.3087,tput=4.51] rank2[cuda2,share=0.3036,tput=4.35]
epoch 0: eval=0.3212
epoch 1: loss=1.700018, train_acc=0.3593, time=11.8s
per-rank: rank0[cuda0,share=0.3954,tput=2.03] rank2[cuda2,share=0.3036,tput=4.37] rank1[cuda1,share=0.3010,tput=3.61]
epoch 1: eval=0.3507
epoch 2: loss=1.539232, train_acc=0.4335, time=10.8s
per-rank: rank0[cuda0,share=0.3971,tput=2.17] rank1[cuda1,share=0.3032,tput=4.11] rank2[cuda2,share=0.2996,tput=2.31]
epoch 2: eval=0.4089
epoch 3: loss=1.380823, train_acc=0.4977, time=9.7s
per-rank: rank0[cuda0,share=0.3951,tput=2.20] rank1[cuda1,share=0.3116,tput=5.48] rank2[cuda2,share=0.2933,tput=2.25]
epoch 3: eval=0.4745
epoch 4: loss=1.218094, train_acc=0.5612, time=12.3s
per-rank: rank0[cuda0,share=0.3875,tput=2.05] rank1[cuda1,share=0.3112,tput=3.49] rank2[cuda2,share=0.3013,tput=5.65]
epoch 4: eval=0.6454
epoch 5: loss=1.116199, train_acc=0.6021, time=11.6s
per-rank: rank0[cuda0,share=0.3868,tput=1.90] rank1[cuda1,share=0.3086,tput=3.98] rank2[cuda2,share=0.3045,tput=2.62]
epoch 5: eval=0.6537
epoch 6: loss=1.023564, train_acc=0.6348, time=9.7s
per-rank: rank0[cuda0,share=0.3723,tput=2.73] rank1[cuda1,share=0.3188,tput=4.00] rank2[cuda2,share=0.3089,tput=2.42]
epoch 6: eval=0.4871
epoch 7: loss=0.943015, train_acc=0.6685, time=10.5s
per-rank: rank0[cuda0,share=0.3772,tput=2.06] rank1[cuda1,share=0.3235,tput=4.94] rank2[cuda2,share=0.2993,tput=2.96]
epoch 7: eval=0.6313
epoch 8: loss=0.878726, train_acc=0.6912, time=10.1s
per-rank: rank0[cuda0,share=0.3979,tput=2.58] rank1[cuda1,share=0.3084,tput=3.61] rank2[cuda2,share=0.2938,tput=2.50]
epoch 8: eval=0.7174
epoch 9: loss=0.822237, train_acc=0.7140, time=12.4s
per-rank: rank0[cuda0,share=0.3791,tput=1.91] rank1[cuda1,share=0.3150,tput=3.77] rank2[cuda2,share=0.3060,tput=4.88]
epoch 9: eval=0.7043
epoch 10: loss=0.775690, train_acc=0.7293, time=11.0s
per-rank: rank0[cuda0,share=0.3833,tput=2.37] rank1[cuda1,share=0.3084,tput=3.84] rank2[cuda2,share=0.3084,tput=2.56]
epoch 10: eval=0.6820
epoch 11: loss=0.743748, train_acc=0.7412, time=9.3s
per-rank: rank0[cuda0,share=0.4032,tput=3.07] rank2[cuda2,share=0.2994,tput=2.42] rank1[cuda1,share=0.2974,tput=3.51]
epoch 11: eval=0.7027
epoch 12: loss=0.771474, train_acc=0.7335, time=9.3s
per-rank: rank0[cuda0,share=0.4001,tput=3.14] rank2[cuda2,share=0.3009,tput=3.16] rank1[cuda1,share=0.2990,tput=2.55]
epoch 12: eval=0.6955
epoch 13: loss=0.742838, train_acc=0.7432, time=10.9s
per-rank: rank0[cuda0,share=0.3985,tput=2.20] rank2[cuda2,share=0.3013,tput=5.23] rank1[cuda1,share=0.3002,tput=3.34]
epoch 13: eval=0.7270
epoch 14: loss=0.721436, train_acc=0.7512, time=10.0s
per-rank: rank0[cuda0,share=0.3985,tput=3.04] rank2[cuda2,share=0.3013,tput=3.52] rank1[cuda1,share=0.3002,tput=2.63]
epoch 14: eval=0.6384
epoch 15: loss=0.702804, train_acc=0.7575, time=11.6s
per-rank: rank0[cuda0,share=0.4004,tput=2.06] rank2[cuda2,share=0.3004,tput=5.36] rank1[cuda1,share=0.2992,tput=3.47]
epoch 15: eval=0.7015
epoch 16: loss=0.681173, train_acc=0.7651, time=10.4s
per-rank: rank0[cuda0,share=0.4018,tput=2.12] rank2[cuda2,share=0.2997,tput=3.80] rank1[cuda1,share=0.2984,tput=3.09]
epoch 16: eval=0.6999
epoch 17: loss=0.666664, train_acc=0.7697, time=11.8s
per-rank: rank0[cuda0,share=0.4025,tput=2.07] rank2[cuda2,share=0.2994,tput=4.88] rank1[cuda1,share=0.2981,tput=3.59]
epoch 17: eval=0.7471
epoch 18: loss=0.644620, train_acc=0.7780, time=10.4s
per-rank: rank0[cuda0,share=0.4030,tput=2.20] rank2[cuda2,share=0.2992,tput=2.85] rank1[cuda1,share=0.2978,tput=4.09]
epoch 18: eval=0.7739
epoch 19: loss=0.651158, train_acc=0.7743, time=9.1s
per-rank: rank0[cuda0,share=0.4011,tput=1.95] rank2[cuda2,share=0.3002,tput=6.23] rank1[cuda1,share=0.2987,tput=2.59]
epoch 19: eval=0.7400
epoch 20: loss=0.636520, train_acc=0.7807, time=9.2s
per-rank: rank0[cuda0,share=0.3995,tput=3.27] rank2[cuda2,share=0.3010,tput=2.44] rank1[cuda1,share=0.2995,tput=3.56]
epoch 20: eval=0.7700
epoch 21: loss=0.620319, train_acc=0.7873, time=10.6s
per-rank: rank0[cuda0,share=0.3982,tput=2.18] rank2[cuda2,share=0.3017,tput=4.49] rank1[cuda1,share=0.3002,tput=3.72]
epoch 21: eval=0.6831
epoch 22: loss=0.609777, train_acc=0.7912, time=9.9s
per-rank: rank0[cuda0,share=0.3981,tput=3.22] rank2[cuda2,share=0.3025,tput=3.72] rank1[cuda1,share=0.2995,tput=2.47]
epoch 22: eval=0.7806
epoch 23: loss=0.611116, train_acc=0.7902, time=9.2s
per-rank: rank0[cuda0,share=0.3981,tput=3.24] rank2[cuda2,share=0.3025,tput=3.15] rank1[cuda1,share=0.2995,tput=2.66]
epoch 23: eval=0.7421
epoch 24: loss=0.594351, train_acc=0.7953, time=10.9s
per-rank: rank0[cuda0,share=0.3991,tput=2.15] rank2[cuda2,share=0.3018,tput=5.05] rank1[cuda1,share=0.2991,tput=3.42]
epoch 24: eval=0.6782
epoch 25: loss=0.606089, train_acc=0.7926, time=10.1s
per-rank: rank0[cuda0,share=0.3991,tput=2.38] rank2[cuda2,share=0.3018,tput=2.44] rank1[cuda1,share=0.2991,tput=4.10]
epoch 25: eval=0.6915
epoch 26: loss=0.587749, train_acc=0.7970, time=11.4s
per-rank: rank0[cuda0,share=0.3973,tput=2.10] rank2[cuda2,share=0.3026,tput=4.39] rank1[cuda1,share=0.3001,tput=3.98]
epoch 26: eval=0.7010
epoch 27: loss=0.584040, train_acc=0.7992, time=10.5s
per-rank: rank0[cuda0,share=0.3973,tput=2.53] rank2[cuda2,share=0.3026,tput=3.36] rank1[cuda1,share=0.3001,tput=2.80]
epoch 27: eval=0.7163
epoch 28: loss=0.577386, train_acc=0.8002, time=11.7s
per-rank: rank0[cuda0,share=0.3954,tput=2.05] rank2[cuda2,share=0.3034,tput=5.13] rank1[cuda1,share=0.3012,tput=3.58]
epoch 28: eval=0.7855
epoch 29: loss=0.571052, train_acc=0.8037, time=10.4s
per-rank: rank0[cuda0,share=0.3954,tput=2.55] rank2[cuda2,share=0.3034,tput=3.97] rank1[cuda1,share=0.3012,tput=2.75]
epoch 29: eval=0.6821
epoch 30: loss=0.564995, train_acc=0.8061, time=11.4s
per-rank: rank0[cuda0,share=0.3980,tput=2.06] rank2[cuda2,share=0.3020,tput=4.15] rank1[cuda1,share=0.3001,tput=3.86]
epoch 30: eval=0.8501
epoch 31: loss=0.563375, train_acc=0.8060, time=10.2s
per-rank: rank0[cuda0,share=0.3980,tput=2.19] rank2[cuda2,share=0.3020,tput=3.60] rank1[cuda1,share=0.3001,tput=3.14]
epoch 31: eval=0.7214
epoch 32: loss=0.555486, train_acc=0.8086, time=12.1s
per-rank: rank0[cuda0,share=0.3993,tput=1.95] rank2[cuda2,share=0.3012,tput=4.44] rank1[cuda1,share=0.2995,tput=3.64]
epoch 32: eval=0.6960
epoch 33: loss=0.562030, train_acc=0.8062, time=10.6s
per-rank: rank0[cuda0,share=0.4000,tput=2.43] rank1[cuda1,share=0.3000,tput=4.01] rank2[cuda2,share=0.3000,tput=2.57]
epoch 33: eval=0.7914
epoch 34: loss=0.551095, train_acc=0.8093, time=9.0s
per-rank: rank0[cuda0,share=0.4006,tput=2.55] rank1[cuda1,share=0.3005,tput=6.09] rank2[cuda2,share=0.2989,tput=2.22]
epoch 34: eval=0.7797
epoch 35: loss=0.546291, train_acc=0.8113, time=9.1s
per-rank: rank0[cuda0,share=0.4013,tput=3.85] rank1[cuda1,share=0.3010,tput=3.41] rank2[cuda2,share=0.2978,tput=2.11]
epoch 35: eval=0.6596
epoch 36: loss=0.537625, train_acc=0.8148, time=11.0s
per-rank: rank0[cuda0,share=0.4019,tput=2.20] rank1[cuda1,share=0.3014,tput=4.99] rank2[cuda2,share=0.2967,tput=3.51]
epoch 36: eval=0.7798
epoch 37: loss=0.546932, train_acc=0.8119, time=10.1s
per-rank: rank0[cuda0,share=0.4026,tput=2.77] rank1[cuda1,share=0.3019,tput=2.44] rank2[cuda2,share=0.2955,tput=4.00]
epoch 37: eval=0.7659
epoch 38: loss=0.540196, train_acc=0.8133, time=9.1s
per-rank: rank0[cuda0,share=0.4032,tput=2.48] rank1[cuda1,share=0.3024,tput=2.54] rank2[cuda2,share=0.2944,tput=5.27]
epoch 38: eval=0.7874
epoch 39: loss=0.533420, train_acc=0.8150, time=9.0s
per-rank: rank0[cuda0,share=0.4038,tput=3.16] rank1[cuda1,share=0.3029,tput=3.39] rank2[cuda2,share=0.2933,tput=2.60]
epoch 39: eval=0.7479
epoch 40: loss=0.539733, train_acc=0.8151, time=9.0s
per-rank: rank0[cuda0,share=0.4045,tput=2.40] rank1[cuda1,share=0.3034,tput=2.73] rank2[cuda2,share=0.2921,tput=5.53]
epoch 40: eval=0.7428
epoch 41: loss=0.521618, train_acc=0.8197, time=9.1s
per-rank: rank0[cuda0,share=0.4059,tput=2.90] rank1[cuda1,share=0.3025,tput=2.63] rank2[cuda2,share=0.2916,tput=3.57]
epoch 41: eval=0.7349
epoch 42: loss=0.532680, train_acc=0.8172, time=9.2s
per-rank: rank0[cuda0,share=0.4058,tput=3.19] rank1[cuda1,share=0.3024,tput=2.51] rank2[cuda2,share=0.2917,tput=3.43]
epoch 42: eval=0.7538
epoch 43: loss=0.525384, train_acc=0.8200, time=9.1s
per-rank: rank0[cuda0,share=0.4063,tput=5.13] rank1[cuda1,share=0.3028,tput=4.33] rank2[cuda2,share=0.2909,tput=2.23]
epoch 43: eval=0.7731
epoch 44: loss=0.524510, train_acc=0.8197, time=9.1s
per-rank: rank0[cuda0,share=0.4062,tput=4.86] rank1[cuda1,share=0.3027,tput=2.54] rank2[cuda2,share=0.2912,tput=3.96]
epoch 44: eval=0.7266
epoch 45: loss=0.517775, train_acc=0.8220, time=9.1s
per-rank: rank0[cuda0,share=0.4060,tput=3.62] rank1[cuda1,share=0.3025,tput=2.21] rank2[cuda2,share=0.2915,tput=3.63]
epoch 45: eval=0.6797
epoch 46: loss=0.520019, train_acc=0.8220, time=9.1s
per-rank: rank0[cuda0,share=0.4059,tput=3.08] rank1[cuda1,share=0.3024,tput=2.45] rank2[cuda2,share=0.2917,tput=3.80]
epoch 46: eval=0.7373
epoch 47: loss=0.516129, train_acc=0.8222, time=10.9s
per-rank: rank0[cuda0,share=0.4057,tput=2.21] rank1[cuda1,share=0.3023,tput=4.14] rank2[cuda2,share=0.2921,tput=4.24]
epoch 47: eval=0.7874
epoch 48: loss=0.521195, train_acc=0.8213, time=10.3s
per-rank: rank0[cuda0,share=0.4055,tput=2.67] rank1[cuda1,share=0.3021,tput=4.10] rank2[cuda2,share=0.2924,tput=2.23]
epoch 48: eval=0.7919
epoch 49: loss=0.516551, train_acc=0.8247, time=9.0s
per-rank: rank0[cuda0,share=0.4054,tput=3.38] rank1[cuda1,share=0.3020,tput=3.76] rank2[cuda2,share=0.2927,tput=2.30]
epoch 49: eval=0.7221
epoch 50: loss=0.512676, train_acc=0.8248, time=9.2s
per-rank: rank0[cuda0,share=0.4052,tput=2.94] rank1[cuda1,share=0.3018,tput=2.45] rank2[cuda2,share=0.2930,tput=3.64]
epoch 50: eval=0.7714
epoch 51: loss=0.510651, train_acc=0.8246, time=12.2s
per-rank: rank0[cuda0,share=0.4042,tput=1.96] rank1[cuda1,share=0.3031,tput=5.53] rank2[cuda2,share=0.2927,tput=3.40]
epoch 51: eval=0.7190
epoch 52: loss=0.516736, train_acc=0.8209, time=10.6s
per-rank: rank0[cuda0,share=0.4037,tput=2.38] rank1[cuda1,share=0.3050,tput=4.27] rank2[cuda2,share=0.2914,tput=2.53]
epoch 52: eval=0.7127
epoch 53: loss=0.505876, train_acc=0.8274, time=9.3s
per-rank: rank0[cuda0,share=0.4026,tput=3.24] rank1[cuda1,share=0.3063,tput=5.21] rank2[cuda2,share=0.2911,tput=2.04]
epoch 53: eval=0.7844
epoch 54: loss=0.511458, train_acc=0.8257, time=9.1s
per-rank: rank0[cuda0,share=0.4014,tput=2.18] rank1[cuda1,share=0.3077,tput=2.58] rank2[cuda2,share=0.2909,tput=5.69]
epoch 54: eval=0.7652
epoch 55: loss=0.499547, train_acc=0.8284, time=11.3s
per-rank: rank0[cuda0,share=0.3991,tput=2.11] rank1[cuda1,share=0.3105,tput=3.51] rank2[cuda2,share=0.2904,tput=5.24]
epoch 55: eval=0.7977
epoch 56: loss=0.495522, train_acc=0.8303, time=10.6s
per-rank: rank0[cuda0,share=0.3980,tput=2.75] rank1[cuda1,share=0.3119,tput=2.70] rank2[cuda2,share=0.2901,tput=3.69]
epoch 56: eval=0.7556
epoch 57: loss=0.510905, train_acc=0.8257, time=11.6s
per-rank: rank0[cuda0,share=0.3961,tput=2.03] rank1[cuda1,share=0.3128,tput=5.12] rank2[cuda2,share=0.2911,tput=3.41]
epoch 57: eval=0.7522
epoch 58: loss=0.487609, train_acc=0.8313, time=10.4s
per-rank: rank0[cuda0,share=0.3948,tput=2.70] rank1[cuda1,share=0.3125,tput=3.35] rank2[cuda2,share=0.2927,tput=2.80]
epoch 58: eval=0.7971
epoch 59: loss=0.503206, train_acc=0.8274, time=10.7s
per-rank: rank0[cuda0,share=0.3936,tput=2.21] rank1[cuda1,share=0.3121,tput=5.48] rank2[cuda2,share=0.2943,tput=3.11]
epoch 59: eval=0.8179
epoch 60: loss=0.496173, train_acc=0.8298, time=9.9s
per-rank: rank0[cuda0,share=0.3929,tput=3.08] rank1[cuda1,share=0.3123,tput=3.00] rank2[cuda2,share=0.2948,tput=2.98]
epoch 60: eval=0.7548
epoch 61: loss=0.491175, train_acc=0.8317, time=11.2s
per-rank: rank0[cuda0,share=0.3956,tput=2.18] rank1[cuda1,share=0.3088,tput=5.29] rank2[cuda2,share=0.2956,tput=3.41]
epoch 61: eval=0.8144
epoch 62: loss=0.477959, train_acc=0.8357, time=10.2s
per-rank: rank0[cuda0,share=0.3977,tput=2.21] rank1[cuda1,share=0.3067,tput=2.82] rank2[cuda2,share=0.2956,tput=3.85]
epoch 62: eval=0.7523
epoch 63: loss=0.489339, train_acc=0.8326, time=11.0s
per-rank: rank0[cuda0,share=0.3999,tput=2.25] rank1[cuda1,share=0.3045,tput=3.73] rank2[cuda2,share=0.2956,tput=4.59]
epoch 63: eval=0.8009
epoch 64: loss=0.488267, train_acc=0.8317, time=10.2s
per-rank: rank0[cuda0,share=0.4021,tput=2.26] rank1[cuda1,share=0.3023,tput=4.04] rank2[cuda2,share=0.2956,tput=2.61]
epoch 64: eval=0.7525
epoch 65: loss=0.487902, train_acc=0.8325, time=9.1s
per-rank: rank0[cuda0,share=0.4025,tput=2.04] rank1[cuda1,share=0.3009,tput=6.49] rank2[cuda2,share=0.2965,tput=2.36]
epoch 65: eval=0.7571
epoch 66: loss=0.491910, train_acc=0.8307, time=9.0s
per-rank: rank0[cuda0,share=0.4038,tput=2.31] rank1[cuda1,share=0.3002,tput=2.60] rank2[cuda2,share=0.2960,tput=5.77]
epoch 66: eval=0.7972
epoch 67: loss=0.494192, train_acc=0.8331, time=9.1s
per-rank: rank0[cuda0,share=0.4034,tput=3.33] rank1[cuda1,share=0.3021,tput=2.79] rank2[cuda2,share=0.2945,tput=3.19]
epoch 67: eval=0.7853
epoch 68: loss=0.471203, train_acc=0.8402, time=10.7s
per-rank: rank0[cuda0,share=0.4018,tput=2.16] rank1[cuda1,share=0.3053,tput=3.28] rank2[cuda2,share=0.2928,tput=5.04]
epoch 68: eval=0.7564
epoch 69: loss=0.479249, train_acc=0.8374, time=10.0s
per-rank: rank0[cuda0,share=0.4015,tput=2.41] rank1[cuda1,share=0.3054,tput=3.46] rank2[cuda2,share=0.2931,tput=2.82]
epoch 69: eval=0.7583
epoch 70: loss=0.482396, train_acc=0.8340, time=11.0s
per-rank: rank0[cuda0,share=0.3977,tput=2.19] rank1[cuda1,share=0.3070,tput=4.74] rank2[cuda2,share=0.2953,tput=3.62]
epoch 70: eval=0.8028
epoch 71: loss=0.480610, train_acc=0.8357, time=10.3s
per-rank: rank0[cuda0,share=0.3957,tput=2.84] rank1[cuda1,share=0.3078,tput=3.87] rank2[cuda2,share=0.2965,tput=2.37]
epoch 71: eval=0.8366
epoch 72: loss=0.473261, train_acc=0.8378, time=9.1s
per-rank: rank0[cuda0,share=0.3937,tput=3.32] rank1[cuda1,share=0.3087,tput=3.58] rank2[cuda2,share=0.2976,tput=2.32]
epoch 72: eval=0.8172
epoch 73: loss=0.481675, train_acc=0.8342, time=11.3s
per-rank: rank0[cuda0,share=0.3947,tput=2.14] rank1[cuda1,share=0.3095,tput=5.28] rank2[cuda2,share=0.2958,tput=3.34]
epoch 73: eval=0.8482
epoch 74: loss=0.487007, train_acc=0.8322, time=10.2s
per-rank: rank0[cuda0,share=0.3947,tput=2.45] rank1[cuda1,share=0.3095,tput=2.94] rank2[cuda2,share=0.2958,tput=3.74]
epoch 74: eval=0.8023
epoch 75: loss=0.468529, train_acc=0.8376, time=11.0s
per-rank: rank0[cuda0,share=0.3977,tput=2.20] rank1[cuda1,share=0.3077,tput=3.57] rank2[cuda2,share=0.2947,tput=4.96]
epoch 75: eval=0.7778
epoch 76: loss=0.464717, train_acc=0.8403, time=10.3s
per-rank: rank0[cuda0,share=0.3998,tput=2.53] rank1[cuda1,share=0.3056,tput=3.28] rank2[cuda2,share=0.2946,tput=2.91]
epoch 76: eval=0.7949
epoch 77: loss=0.475959, train_acc=0.8382, time=12.0s
per-rank: rank0[cuda0,share=0.4014,tput=2.03] rank1[cuda1,share=0.3040,tput=3.64] rank2[cuda2,share=0.2946,tput=5.06]
epoch 77: eval=0.7930
epoch 78: loss=0.470377, train_acc=0.8381, time=10.5s
per-rank: rank0[cuda0,share=0.4023,tput=2.27] rank1[cuda1,share=0.3035,tput=3.96] rank2[cuda2,share=0.2942,tput=2.72]
epoch 78: eval=0.6983
epoch 79: loss=0.481845, train_acc=0.8336, time=11.5s
per-rank: rank0[cuda0,share=0.4032,tput=2.11] rank1[cuda1,share=0.3030,tput=5.17] rank2[cuda2,share=0.2938,tput=3.51]
epoch 79: eval=0.7664
epoch 80: loss=0.480612, train_acc=0.8348, time=10.3s
per-rank: rank0[cuda0,share=0.4041,tput=2.33] rank1[cuda1,share=0.3024,tput=3.91] rank2[cuda2,share=0.2934,tput=2.71]
epoch 80: eval=0.7182
epoch 81: loss=0.460216, train_acc=0.8426, time=11.3s
per-rank: rank0[cuda0,share=0.4045,tput=2.13] rank1[cuda1,share=0.3003,tput=3.64] rank2[cuda2,share=0.2952,tput=4.79]
epoch 81: eval=0.7804
epoch 82: loss=0.470966, train_acc=0.8388, time=10.2s
per-rank: rank0[cuda0,share=0.4048,tput=2.47] rank1[cuda1,share=0.2992,tput=4.14] rank2[cuda2,share=0.2960,tput=2.51]
epoch 82: eval=0.7665
epoch 83: loss=0.461148, train_acc=0.8399, time=9.2s
per-rank: rank0[cuda0,share=0.4051,tput=2.52] rank1[cuda1,share=0.2987,tput=2.61] rank2[cuda2,share=0.2962,tput=5.04]
epoch 83: eval=0.8205
epoch 84: loss=0.470773, train_acc=0.8391, time=9.2s
per-rank: rank0[cuda0,share=0.4052,tput=2.83] rank1[cuda1,share=0.2993,tput=3.58] rank2[cuda2,share=0.2954,tput=2.64]
epoch 84: eval=0.7932
epoch 85: loss=0.472424, train_acc=0.8384, time=9.1s
per-rank: rank0[cuda0,share=0.4046,tput=3.06] rank1[cuda1,share=0.3013,tput=3.51] rank2[cuda2,share=0.2941,tput=2.51]
epoch 85: eval=0.7001
epoch 86: loss=0.449807, train_acc=0.8440, time=9.2s
per-rank: rank0[cuda0,share=0.4028,tput=2.50] rank1[cuda1,share=0.3029,tput=2.20] rank2[cuda2,share=0.2943,tput=5.82]
epoch 86: eval=0.7650
epoch 87: loss=0.467299, train_acc=0.8398, time=11.5s
per-rank: rank0[cuda0,share=0.3989,tput=2.07] rank1[cuda1,share=0.3048,tput=5.75] rank2[cuda2,share=0.2964,tput=3.29]
epoch 87: eval=0.7905
epoch 88: loss=0.459129, train_acc=0.8425, time=10.4s
per-rank: rank0[cuda0,share=0.3982,tput=2.71] rank1[cuda1,share=0.3050,tput=2.51] rank2[cuda2,share=0.2968,tput=3.90]
epoch 88: eval=0.7945
epoch 89: loss=0.458781, train_acc=0.8429, time=9.2s
per-rank: rank0[cuda0,share=0.3967,tput=3.40] rank1[cuda1,share=0.3056,tput=3.86] rank2[cuda2,share=0.2977,tput=1.94]
epoch 89: eval=0.8258
epoch 90: loss=0.461325, train_acc=0.8423, time=10.6s
per-rank: rank0[cuda0,share=0.3972,tput=2.30] rank1[cuda1,share=0.3034,tput=3.65] rank2[cuda2,share=0.2994,tput=4.87]
epoch 90: eval=0.8397
epoch 91: loss=0.463682, train_acc=0.8409, time=10.2s
per-rank: rank0[cuda0,share=0.3995,tput=2.54] rank1[cuda1,share=0.3012,tput=3.92] rank2[cuda2,share=0.2992,tput=2.54]
epoch 91: eval=0.8160
epoch 92: loss=0.469906, train_acc=0.8401, time=9.3s
per-rank: rank0[cuda0,share=0.4026,tput=3.44] rank1[cuda1,share=0.2995,tput=2.44] rank2[cuda2,share=0.2980,tput=3.23]
epoch 92: eval=0.7605
epoch 93: loss=0.451680, train_acc=0.8454, time=12.3s
per-rank: rank0[cuda0,share=0.4070,tput=2.04] rank1[cuda1,share=0.2988,tput=3.54] rank2[cuda2,share=0.2942,tput=5.40]
epoch 93: eval=0.7787
epoch 94: loss=0.473134, train_acc=0.8388, time=11.1s
per-rank: rank0[cuda0,share=0.4083,tput=2.05] rank1[cuda1,share=0.2990,tput=4.39] rank2[cuda2,share=0.2927,tput=2.81]
epoch 94: eval=0.8537
epoch 95: loss=0.446556, train_acc=0.8461, time=9.8s
per-rank: rank0[cuda0,share=0.4069,tput=2.93] rank1[cuda1,share=0.2997,tput=2.80] rank2[cuda2,share=0.2934,tput=3.20]
epoch 95: eval=0.8011
epoch 96: loss=0.454383, train_acc=0.8446, time=9.1s
per-rank: rank0[cuda0,share=0.4021,tput=2.01] rank1[cuda1,share=0.3038,tput=6.56] rank2[cuda2,share=0.2941,tput=2.34]
epoch 96: eval=0.8443
epoch 97: loss=0.459178, train_acc=0.8427, time=9.2s
per-rank: rank0[cuda0,share=0.3934,tput=2.37] rank1[cuda1,share=0.3100,tput=5.87] rank2[cuda2,share=0.2966,tput=2.35]
epoch 97: eval=0.8005
epoch 98: loss=0.447969, train_acc=0.8467, time=9.3s
per-rank: rank0[cuda0,share=0.3843,tput=3.80] rank1[cuda1,share=0.3130,tput=2.93] rank2[cuda2,share=0.3027,tput=2.44]
epoch 98: eval=0.8655
epoch 99: loss=0.442659, train_acc=0.8475, time=10.2s
per-rank: rank0[cuda0,share=0.3846,tput=2.22] rank1[cuda1,share=0.3107,tput=5.08] rank2[cuda2,share=0.3047,tput=3.18]
epoch 99: eval=0.8300
epoch 100: loss=0.300018, train_acc=0.8969, time=9.8s
per-rank: rank0[cuda0,share=0.3858,tput=2.47] rank1[cuda1,share=0.3098,tput=4.30] rank2[cuda2,share=0.3044,tput=2.40]
epoch 100: eval=0.8983
epoch 101: loss=0.226251, train_acc=0.9237, time=11.6s
per-rank: rank0[cuda0,share=0.3945,tput=2.14] rank1[cuda1,share=0.3053,tput=3.93] rank2[cuda2,share=0.3002,tput=4.52]
epoch 101: eval=0.9042
epoch 102: loss=0.216718, train_acc=0.9261, time=10.6s
per-rank: rank0[cuda0,share=0.3970,tput=2.08] rank1[cuda1,share=0.3036,tput=2.66] rank2[cuda2,share=0.2994,tput=4.15]
epoch 102: eval=0.9056
epoch 103: loss=0.207968, train_acc=0.9286, time=9.1s
per-rank: rank0[cuda0,share=0.4021,tput=3.32] rank1[cuda1,share=0.3002,tput=3.37] rank2[cuda2,share=0.2977,tput=2.45]
epoch 103: eval=0.9068
epoch 104: loss=0.203120, train_acc=0.9311, time=9.3s
per-rank: rank0[cuda0,share=0.4061,tput=2.40] rank1[cuda1,share=0.2984,tput=2.59] rank2[cuda2,share=0.2955,tput=5.27]
epoch 104: eval=0.9065
epoch 105: loss=0.195379, train_acc=0.9324, time=9.2s
per-rank: rank0[cuda0,share=0.4023,tput=2.84] rank1[cuda1,share=0.3016,tput=2.66] rank2[cuda2,share=0.2961,tput=3.62]
epoch 105: eval=0.9101
epoch 106: loss=0.190579, train_acc=0.9341, time=9.2s
per-rank: rank0[cuda0,share=0.3990,tput=2.86] rank1[cuda1,share=0.3037,tput=2.32] rank2[cuda2,share=0.2973,tput=5.25]
epoch 106: eval=0.9054
epoch 107: loss=0.183293, train_acc=0.9373, time=9.3s
per-rank: rank0[cuda0,share=0.3982,tput=3.17] rank1[cuda1,share=0.3045,tput=2.71] rank2[cuda2,share=0.2973,tput=3.01]
epoch 107: eval=0.9111
epoch 108: loss=0.183142, train_acc=0.9365, time=11.1s
per-rank: rank0[cuda0,share=0.3974,tput=2.15] rank1[cuda1,share=0.3083,tput=5.42] rank2[cuda2,share=0.2943,tput=3.26]
epoch 108: eval=0.9098
epoch 109: loss=0.178920, train_acc=0.9374, time=10.4s
per-rank: rank0[cuda0,share=0.3992,tput=3.02] rank1[cuda1,share=0.3065,tput=3.01] rank2[cuda2,share=0.2943,tput=2.91]
epoch 109: eval=0.9099
epoch 110: loss=0.174784, train_acc=0.9398, time=9.0s
per-rank: rank0[cuda0,share=0.4034,tput=2.58] rank1[cuda1,share=0.3027,tput=2.62] rank2[cuda2,share=0.2939,tput=4.96]
epoch 110: eval=0.9116
epoch 111: loss=0.171775, train_acc=0.9400, time=9.1s
per-rank: rank0[cuda0,share=0.4083,tput=3.35] rank1[cuda1,share=0.2990,tput=2.61] rank2[cuda2,share=0.2927,tput=3.30]
epoch 111: eval=0.9046
epoch 112: loss=0.170393, train_acc=0.9406, time=10.3s
per-rank: rank0[cuda0,share=0.4137,tput=2.44] rank1[cuda1,share=0.2973,tput=3.52] rank2[cuda2,share=0.2890,tput=5.10]
epoch 112: eval=0.9112
epoch 113: loss=0.170728, train_acc=0.9397, time=9.3s
per-rank: rank0[cuda0,share=0.4137,tput=2.73] rank1[cuda1,share=0.2973,tput=2.62] rank2[cuda2,share=0.2890,tput=3.87]
epoch 113: eval=0.9049
epoch 114: loss=0.170379, train_acc=0.9405, time=12.6s
per-rank: rank0[cuda0,share=0.4139,tput=1.94] rank1[cuda1,share=0.2960,tput=3.70] rank2[cuda2,share=0.2901,tput=5.35]
epoch 114: eval=0.9061
epoch 115: loss=0.164154, train_acc=0.9428, time=10.7s
per-rank: rank0[cuda0,share=0.4146,tput=2.23] rank1[cuda1,share=0.2952,tput=4.64] rank2[cuda2,share=0.2901,tput=2.82]
epoch 115: eval=0.9084
epoch 116: loss=0.160784, train_acc=0.9439, time=9.1s
per-rank: rank0[cuda0,share=0.4117,tput=3.27] rank1[cuda1,share=0.2965,tput=2.66] rank2[cuda2,share=0.2918,tput=3.19]
epoch 116: eval=0.9066
epoch 117: loss=0.161390, train_acc=0.9441, time=9.0s
per-rank: rank0[cuda0,share=0.4090,tput=5.13] rank1[cuda1,share=0.2980,tput=4.64] rank2[cuda2,share=0.2930,tput=2.16]
epoch 117: eval=0.9057
epoch 118: loss=0.159130, train_acc=0.9445, time=10.6s
per-rank: rank0[cuda0,share=0.4066,tput=2.24] rank1[cuda1,share=0.2994,tput=5.31] rank2[cuda2,share=0.2940,tput=3.38]
epoch 118: eval=0.9081
epoch 119: loss=0.153652, train_acc=0.9457, time=9.9s
per-rank: rank0[cuda0,share=0.4046,tput=3.36] rank1[cuda1,share=0.3006,tput=3.29] rank2[cuda2,share=0.2948,tput=2.53]
epoch 119: eval=0.9120
epoch 120: loss=0.155865, train_acc=0.9451, time=9.1s
per-rank: rank0[cuda0,share=0.4041,tput=2.60] rank1[cuda1,share=0.3006,tput=6.29] rank2[cuda2,share=0.2953,tput=1.97]
epoch 120: eval=0.9082
epoch 121: loss=0.153333, train_acc=0.9461, time=9.1s
per-rank: rank0[cuda0,share=0.4036,tput=3.77] rank1[cuda1,share=0.3007,tput=2.42] rank2[cuda2,share=0.2957,tput=3.06]
epoch 121: eval=0.9101
epoch 122: loss=0.150086, train_acc=0.9483, time=9.2s
per-rank: rank0[cuda0,share=0.4023,tput=3.37] rank1[cuda1,share=0.3005,tput=2.31] rank2[cuda2,share=0.2972,tput=3.65]
epoch 122: eval=0.9085
epoch 123: loss=0.153868, train_acc=0.9459, time=9.1s
per-rank: rank0[cuda0,share=0.4023,tput=3.44] rank1[cuda1,share=0.3005,tput=3.38] rank2[cuda2,share=0.2972,tput=2.43]
epoch 123: eval=0.9058
epoch 124: loss=0.147359, train_acc=0.9475, time=11.0s
per-rank: rank0[cuda0,share=0.4019,tput=2.24] rank1[cuda1,share=0.3014,tput=3.39] rank2[cuda2,share=0.2966,tput=5.25]
epoch 124: eval=0.9100
epoch 125: loss=0.147201, train_acc=0.9478, time=10.1s
per-rank: rank0[cuda0,share=0.4019,tput=2.69] rank1[cuda1,share=0.3014,tput=2.37] rank2[cuda2,share=0.2966,tput=4.29]
epoch 125: eval=0.9059
epoch 126: loss=0.148805, train_acc=0.9476, time=12.0s
per-rank: rank0[cuda0,share=0.4033,tput=2.11] rank1[cuda1,share=0.3003,tput=3.48] rank2[cuda2,share=0.2964,tput=5.52]
epoch 126: eval=0.9075
epoch 127: loss=0.142432, train_acc=0.9503, time=11.2s
per-rank: rank0[cuda0,share=0.4046,tput=2.05] rank1[cuda1,share=0.2992,tput=3.18] rank2[cuda2,share=0.2962,tput=3.58]
epoch 127: eval=0.9088
epoch 128: loss=0.143872, train_acc=0.9497, time=9.3s
per-rank: rank0[cuda0,share=0.4060,tput=2.78] rank1[cuda1,share=0.2981,tput=4.13] rank2[cuda2,share=0.2960,tput=2.39]
epoch 128: eval=0.9068
epoch 129: loss=0.143560, train_acc=0.9497, time=9.0s
per-rank: rank0[cuda0,share=0.4073,tput=3.45] rank1[cuda1,share=0.2969,tput=2.52] rank2[cuda2,share=0.2957,tput=3.35]
epoch 129: eval=0.9069
epoch 130: loss=0.140868, train_acc=0.9508, time=9.1s
per-rank: rank0[cuda0,share=0.4072,tput=2.07] rank1[cuda1,share=0.2966,tput=6.92] rank2[cuda2,share=0.2963,tput=2.32]
epoch 130: eval=0.9080
epoch 131: loss=0.138905, train_acc=0.9514, time=9.3s
per-rank: rank0[cuda0,share=0.4055,tput=3.25] rank2[cuda2,share=0.2975,tput=2.20] rank1[cuda1,share=0.2969,tput=3.79]
epoch 131: eval=0.9009
epoch 132: loss=0.137777, train_acc=0.9516, time=9.1s
per-rank: rank0[cuda0,share=0.4039,tput=3.89] rank2[cuda2,share=0.2989,tput=1.98] rank1[cuda1,share=0.2973,tput=3.69]
epoch 132: eval=0.9078
epoch 133: loss=0.137800, train_acc=0.9511, time=9.0s
per-rank: rank0[cuda0,share=0.4015,tput=2.45] rank2[cuda2,share=0.2997,tput=2.24] rank1[cuda1,share=0.2988,tput=6.31]
epoch 133: eval=0.8960
epoch 134: loss=0.136386, train_acc=0.9512, time=9.1s
per-rank: rank0[cuda0,share=0.3991,tput=3.60] rank2[cuda2,share=0.3007,tput=3.44] rank1[cuda1,share=0.3002,tput=2.43]
epoch 134: eval=0.9069
epoch 135: loss=0.137832, train_acc=0.9516, time=9.0s
per-rank: rank0[cuda0,share=0.3966,tput=3.60] rank1[cuda1,share=0.3017,tput=3.48] rank2[cuda2,share=0.3017,tput=2.36]
epoch 135: eval=0.9113
epoch 136: loss=0.138691, train_acc=0.9514, time=9.1s
per-rank: rank0[cuda0,share=0.3930,tput=3.33] rank1[cuda1,share=0.3051,tput=2.54] rank2[cuda2,share=0.3019,tput=3.43]
epoch 136: eval=0.9048
epoch 137: loss=0.135610, train_acc=0.9518, time=9.0s
per-rank: rank0[cuda0,share=0.3913,tput=3.92] rank1[cuda1,share=0.3076,tput=2.75] rank2[cuda2,share=0.3011,tput=4.02]
epoch 137: eval=0.9064
epoch 138: loss=0.132713, train_acc=0.9532, time=11.0s
per-rank: rank0[cuda0,share=0.3896,tput=2.13] rank1[cuda1,share=0.3101,tput=3.64] rank2[cuda2,share=0.3003,tput=5.14]
epoch 138: eval=0.9054
epoch 139: loss=0.133296, train_acc=0.9532, time=10.1s
per-rank: rank0[cuda0,share=0.3879,tput=2.73] rank1[cuda1,share=0.3126,tput=3.72] rank2[cuda2,share=0.2995,tput=2.64]
epoch 139: eval=0.9029
epoch 140: loss=0.136156, train_acc=0.9515, time=10.6s
per-rank: rank0[cuda0,share=0.3879,tput=2.21] rank1[cuda1,share=0.3142,tput=3.31] rank2[cuda2,share=0.2979,tput=5.04]
epoch 140: eval=0.8997
epoch 141: loss=0.131699, train_acc=0.9538, time=10.0s
per-rank: rank0[cuda0,share=0.3887,tput=2.96] rank1[cuda1,share=0.3145,tput=2.45] rank2[cuda2,share=0.2968,tput=3.95]
epoch 141: eval=0.8987
epoch 142: loss=0.132291, train_acc=0.9544, time=9.2s
per-rank: rank0[cuda0,share=0.3894,tput=3.12] rank1[cuda1,share=0.3148,tput=2.52] rank2[cuda2,share=0.2958,tput=4.42]
epoch 142: eval=0.8879
epoch 143: loss=0.135616, train_acc=0.9516, time=10.9s
per-rank: rank0[cuda0,share=0.3914,tput=2.17] rank1[cuda1,share=0.3145,tput=3.79] rank2[cuda2,share=0.2941,tput=4.49]
epoch 143: eval=0.8948
epoch 144: loss=0.130063, train_acc=0.9548, time=10.1s
per-rank: rank0[cuda0,share=0.3928,tput=2.65] rank1[cuda1,share=0.3136,tput=3.87] rank2[cuda2,share=0.2937,tput=2.46]
epoch 144: eval=0.9012
epoch 145: loss=0.136033, train_acc=0.9521, time=9.1s
per-rank: rank0[cuda0,share=0.3941,tput=3.28] rank1[cuda1,share=0.3127,tput=2.48] rank2[cuda2,share=0.2932,tput=3.75]
epoch 145: eval=0.8994
epoch 146: loss=0.135109, train_acc=0.9525, time=9.2s
per-rank: rank0[cuda0,share=0.3955,tput=3.43] rank1[cuda1,share=0.3117,tput=3.50] rank2[cuda2,share=0.2927,tput=2.22]
epoch 146: eval=0.8950
epoch 147: loss=0.128991, train_acc=0.9551, time=10.7s
per-rank: rank0[cuda0,share=0.3991,tput=2.30] rank1[cuda1,share=0.3085,tput=3.31] rank2[cuda2,share=0.2924,tput=5.22]
epoch 147: eval=0.9020
epoch 148: loss=0.127960, train_acc=0.9547, time=10.0s
per-rank: rank0[cuda0,share=0.3991,tput=2.55] rank1[cuda1,share=0.3085,tput=3.30] rank2[cuda2,share=0.2924,tput=2.84]
epoch 148: eval=0.8985
epoch 149: loss=0.130183, train_acc=0.9537, time=10.8s
per-rank: rank0[cuda0,share=0.4043,tput=2.30] rank1[cuda1,share=0.3026,tput=3.19] rank2[cuda2,share=0.2931,tput=5.51]
epoch 149: eval=0.9157
epoch 150: loss=0.093479, train_acc=0.9687, time=10.0s
per-rank: rank0[cuda0,share=0.4043,tput=2.44] rank1[cuda1,share=0.3026,tput=4.31] rank2[cuda2,share=0.2931,tput=2.32]
epoch 150: eval=0.9166
epoch 151: loss=0.079092, train_acc=0.9739, time=11.2s
per-rank: rank0[cuda0,share=0.4093,tput=2.22] rank1[cuda1,share=0.2987,tput=3.48] rank2[cuda2,share=0.2920,tput=5.18]
epoch 151: eval=0.9180
epoch 152: loss=0.078652, train_acc=0.9745, time=10.0s
per-rank: rank0[cuda0,share=0.4100,tput=2.55] rank1[cuda1,share=0.2973,tput=2.69] rank2[cuda2,share=0.2927,tput=3.73]
epoch 152: eval=0.9179
epoch 153: loss=0.077598, train_acc=0.9743, time=9.1s
per-rank: rank0[cuda0,share=0.4108,tput=2.44] rank1[cuda1,share=0.2957,tput=2.31] rank2[cuda2,share=0.2935,tput=5.69]
epoch 153: eval=0.9186
epoch 154: loss=0.074564, train_acc=0.9758, time=11.6s
per-rank: rank0[cuda0,share=0.4116,tput=2.13] rank1[cuda1,share=0.2942,tput=3.89] rank2[cuda2,share=0.2942,tput=4.75]
epoch 154: eval=0.9200
epoch 155: loss=0.072678, train_acc=0.9767, time=10.6s
per-rank: rank0[cuda0,share=0.4124,tput=2.14] rank2[cuda2,share=0.2950,tput=2.62] rank1[cuda1,share=0.2926,tput=4.20]
epoch 155: eval=0.9189
epoch 156: loss=0.071884, train_acc=0.9765, time=12.0s
per-rank: rank0[cuda0,share=0.4132,tput=2.08] rank2[cuda2,share=0.2957,tput=4.75] rank1[cuda1,share=0.2911,tput=3.80]
epoch 156: eval=0.9196
epoch 157: loss=0.070118, train_acc=0.9773, time=11.4s
per-rank: rank0[cuda0,share=0.4116,tput=1.92] rank2[cuda2,share=0.2967,tput=2.93] rank1[cuda1,share=0.2918,tput=3.68]
epoch 157: eval=0.9186
epoch 158: loss=0.069277, train_acc=0.9777, time=9.4s
per-rank: rank0[cuda0,share=0.4099,tput=3.41] rank2[cuda2,share=0.2976,tput=2.30] rank1[cuda1,share=0.2925,tput=3.49]
epoch 158: eval=0.9199
epoch 159: loss=0.068039, train_acc=0.9780, time=10.8s
per-rank: rank0[cuda0,share=0.4063,tput=2.19] rank2[cuda2,share=0.2979,tput=5.10] rank1[cuda1,share=0.2958,tput=3.31]
epoch 159: eval=0.9191
epoch 160: loss=0.067261, train_acc=0.9783, time=10.1s
per-rank: rank0[cuda0,share=0.4045,tput=2.76] rank2[cuda2,share=0.2989,tput=2.75] rank1[cuda1,share=0.2966,tput=3.36]
epoch 160: eval=0.9207
epoch 161: loss=0.068147, train_acc=0.9774, time=9.1s
per-rank: rank0[cuda0,share=0.4043,tput=2.22] rank2[cuda2,share=0.2991,tput=6.10] rank1[cuda1,share=0.2966,tput=2.36]
epoch 161: eval=0.9207
epoch 162: loss=0.066232, train_acc=0.9788, time=9.2s
per-rank: rank0[cuda0,share=0.4048,tput=2.85] rank2[cuda2,share=0.2998,tput=2.48] rank1[cuda1,share=0.2954,tput=3.62]
epoch 162: eval=0.9192
epoch 163: loss=0.066826, train_acc=0.9780, time=11.3s
per-rank: rank0[cuda0,share=0.4022,tput=2.22] rank2[cuda2,share=0.3031,tput=3.21] rank1[cuda1,share=0.2947,tput=5.70]
epoch 163: eval=0.9187
epoch 164: loss=0.065444, train_acc=0.9792, time=10.4s
per-rank: rank0[cuda0,share=0.4022,tput=2.44] rank2[cuda2,share=0.3031,tput=2.16] rank1[cuda1,share=0.2947,tput=4.60]
epoch 164: eval=0.9174
epoch 165: loss=0.062825, train_acc=0.9797, time=10.7s
per-rank: rank0[cuda0,share=0.4012,tput=2.26] rank2[cuda2,share=0.3038,tput=4.14] rank1[cuda1,share=0.2949,tput=4.06]
epoch 165: eval=0.9192
epoch 166: loss=0.064139, train_acc=0.9788, time=10.1s
per-rank: rank0[cuda0,share=0.4034,tput=2.65] rank2[cuda2,share=0.3011,tput=2.21] rank1[cuda1,share=0.2955,tput=4.33]
epoch 166: eval=0.9201
epoch 167: loss=0.064211, train_acc=0.9792, time=8.9s
per-rank: rank0[cuda0,share=0.4056,tput=4.69] rank2[cuda2,share=0.2983,tput=4.38] rank1[cuda1,share=0.2961,tput=2.55]
epoch 167: eval=0.9193
epoch 168: loss=0.063193, train_acc=0.9795, time=11.8s
per-rank: rank0[cuda0,share=0.4069,tput=2.10] rank1[cuda1,share=0.2990,tput=3.74] rank2[cuda2,share=0.2941,tput=4.92]
epoch 168: eval=0.9200
epoch 169: loss=0.061303, train_acc=0.9796, time=10.4s
per-rank: rank0[cuda0,share=0.4069,tput=2.14] rank1[cuda1,share=0.2990,tput=2.90] rank2[cuda2,share=0.2941,tput=4.08]
epoch 169: eval=0.9204
epoch 170: loss=0.062530, train_acc=0.9791, time=11.4s
per-rank: rank0[cuda0,share=0.4049,tput=2.14] rank1[cuda1,share=0.3034,tput=3.62] rank2[cuda2,share=0.2917,tput=5.34]
epoch 170: eval=0.9182
epoch 171: loss=0.063317, train_acc=0.9796, time=10.1s
per-rank: rank0[cuda0,share=0.4039,tput=2.14] rank1[cuda1,share=0.3055,tput=2.91] rank2[cuda2,share=0.2906,tput=3.92]
epoch 171: eval=0.9201
epoch 172: loss=0.062789, train_acc=0.9795, time=9.1s
per-rank: rank0[cuda0,share=0.4030,tput=2.29] rank1[cuda1,share=0.3076,tput=5.29] rank2[cuda2,share=0.2895,tput=2.55]
epoch 172: eval=0.9180
epoch 173: loss=0.062772, train_acc=0.9797, time=9.1s
per-rank: rank0[cuda0,share=0.4043,tput=3.81] rank1[cuda1,share=0.3074,tput=2.39] rank2[cuda2,share=0.2883,tput=4.65]
epoch 173: eval=0.9193
epoch 174: loss=0.059705, train_acc=0.9809, time=11.4s
per-rank: rank0[cuda0,share=0.4002,tput=2.11] rank1[cuda1,share=0.3087,tput=3.87] rank2[cuda2,share=0.2912,tput=4.59]
epoch 174: eval=0.9186
epoch 175: loss=0.060631, train_acc=0.9804, time=10.3s
per-rank: rank0[cuda0,share=0.3974,tput=2.52] rank1[cuda1,share=0.3087,tput=3.03] rank2[cuda2,share=0.2939,tput=3.38]
epoch 175: eval=0.9220
epoch 176: loss=0.060135, train_acc=0.9801, time=11.0s
per-rank: rank0[cuda0,share=0.3910,tput=2.11] rank1[cuda1,share=0.3100,tput=3.85] rank2[cuda2,share=0.2990,tput=4.30]
epoch 176: eval=0.9203
epoch 177: loss=0.059997, train_acc=0.9803, time=10.4s
per-rank: rank0[cuda0,share=0.3909,tput=2.69] rank1[cuda1,share=0.3094,tput=3.58] rank2[cuda2,share=0.2997,tput=2.58]
epoch 177: eval=0.9190
epoch 178: loss=0.056200, train_acc=0.9820, time=9.1s
per-rank: rank0[cuda0,share=0.3887,tput=2.78] rank1[cuda1,share=0.3119,tput=2.67] rank2[cuda2,share=0.2994,tput=3.91]
epoch 178: eval=0.9196
epoch 179: loss=0.060079, train_acc=0.9807, time=9.1s
per-rank: rank0[cuda0,share=0.3885,tput=2.12] rank1[cuda1,share=0.3134,tput=2.59] rank2[cuda2,share=0.2982,tput=6.19]
epoch 179: eval=0.9197
epoch 180: loss=0.057623, train_acc=0.9812, time=11.7s
per-rank: rank0[cuda0,share=0.3847,tput=1.99] rank1[cuda1,share=0.3160,tput=3.82] rank2[cuda2,share=0.2993,tput=5.25]
epoch 180: eval=0.9215
epoch 181: loss=0.057596, train_acc=0.9818, time=10.4s
per-rank: rank0[cuda0,share=0.3822,tput=2.33] rank1[cuda1,share=0.3177,tput=2.79] rank2[cuda2,share=0.3000,tput=4.11]
epoch 181: eval=0.9205
epoch 182: loss=0.056503, train_acc=0.9811, time=9.2s
per-rank: rank0[cuda0,share=0.3772,tput=2.78] rank1[cuda1,share=0.3213,tput=5.03] rank2[cuda2,share=0.3015,tput=2.23]
epoch 182: eval=0.9204
epoch 183: loss=0.057943, train_acc=0.9813, time=9.1s
per-rank: rank0[cuda0,share=0.3773,tput=2.25] rank1[cuda1,share=0.3218,tput=5.64] rank2[cuda2,share=0.3009,tput=2.40]
epoch 183: eval=0.9196
epoch 184: loss=0.057206, train_acc=0.9814, time=11.8s
per-rank: rank0[cuda0,share=0.3771,tput=2.00] rank1[cuda1,share=0.3212,tput=3.63] rank2[cuda2,share=0.3017,tput=4.61]
epoch 184: eval=0.9201
epoch 185: loss=0.055501, train_acc=0.9819, time=10.3s
per-rank: rank0[cuda0,share=0.3774,tput=2.01] rank1[cuda1,share=0.3198,tput=2.84] rank2[cuda2,share=0.3028,tput=4.20]
epoch 185: eval=0.9201
epoch 186: loss=0.054586, train_acc=0.9819, time=9.0s
per-rank: rank0[cuda0,share=0.3760,tput=3.64] rank1[cuda1,share=0.3193,tput=3.40] rank2[cuda2,share=0.3047,tput=2.29]
epoch 186: eval=0.9185
epoch 187: loss=0.056680, train_acc=0.9819, time=10.8s
per-rank: rank0[cuda0,share=0.3783,tput=2.07] rank1[cuda1,share=0.3182,tput=3.77] rank2[cuda2,share=0.3034,tput=4.69]
epoch 187: eval=0.9210
epoch 188: loss=0.054038, train_acc=0.9823, time=10.3s
per-rank: rank0[cuda0,share=0.3810,tput=2.66] rank1[cuda1,share=0.3170,tput=3.29] rank2[cuda2,share=0.3020,tput=2.70]
epoch 188: eval=0.9172
epoch 189: loss=0.052987, train_acc=0.9829, time=11.0s
per-rank: rank0[cuda0,share=0.3835,tput=2.12] rank1[cuda1,share=0.3158,tput=3.67] rank2[cuda2,share=0.3007,tput=5.17]
epoch 189: eval=0.9182
epoch 190: loss=0.054200, train_acc=0.9826, time=10.1s
per-rank: rank0[cuda0,share=0.3842,tput=2.75] rank1[cuda1,share=0.3142,tput=2.45] rank2[cuda2,share=0.3015,tput=3.86]
epoch 190: eval=0.9202
epoch 191: loss=0.052001, train_acc=0.9833, time=11.3s
per-rank: rank0[cuda0,share=0.3864,tput=2.09] rank1[cuda1,share=0.3115,tput=3.55] rank2[cuda2,share=0.3021,tput=4.77]
epoch 191: eval=0.9211
epoch 192: loss=0.052399, train_acc=0.9830, time=10.1s
per-rank: rank0[cuda0,share=0.3925,tput=2.62] rank1[cuda1,share=0.3074,tput=2.75] rank2[cuda2,share=0.3001,tput=3.79]
epoch 192: eval=0.9193
epoch 193: loss=0.053981, train_acc=0.9823, time=9.1s
per-rank: rank0[cuda0,share=0.3942,tput=3.04] rank1[cuda1,share=0.3061,tput=2.67] rank2[cuda2,share=0.2997,tput=3.39]
epoch 193: eval=0.9188
epoch 194: loss=0.053112, train_acc=0.9827, time=10.7s
per-rank: rank0[cuda0,share=0.3961,tput=2.22] rank1[cuda1,share=0.3041,tput=3.73] rank2[cuda2,share=0.2998,tput=4.50]
epoch 194: eval=0.9207
epoch 195: loss=0.053058, train_acc=0.9828, time=10.1s
per-rank: rank0[cuda0,share=0.4009,tput=2.38] rank1[cuda1,share=0.3023,tput=3.84] rank2[cuda2,share=0.2968,tput=2.64]
epoch 195: eval=0.9199
epoch 196: loss=0.052847, train_acc=0.9826, time=9.1s
per-rank: rank0[cuda0,share=0.4028,tput=4.06] rank1[cuda1,share=0.3021,tput=2.25] rank2[cuda2,share=0.2950,tput=5.02]
epoch 196: eval=0.9196
epoch 197: loss=0.050862, train_acc=0.9840, time=11.7s
per-rank: rank0[cuda0,share=0.4053,tput=2.11] rank1[cuda1,share=0.2993,tput=3.21] rank2[cuda2,share=0.2954,tput=5.56]
epoch 197: eval=0.9187
epoch 198: loss=0.052844, train_acc=0.9828, time=10.5s
per-rank: rank0[cuda0,share=0.4062,tput=2.01] rank1[cuda1,share=0.2985,tput=2.93] rank2[cuda2,share=0.2954,tput=3.82]
epoch 198: eval=0.9200
epoch 199: loss=0.050737, train_acc=0.9831, time=9.2s
per-rank: rank0[cuda0,share=0.4084,tput=2.33] rank1[cuda1,share=0.2965,tput=2.77] rank2[cuda2,share=0.2951,tput=4.88]
final eval=0.9194
# total: 1817.4s (30m 17s)
