# gpu0: NVIDIA GeForce RTX 5060 Ti (15GB, sm_120)
# gpu1: NVIDIA GeForce GTX 1060 6GB (5GB, sm_61)
# gpu2: NVIDIA GeForce GTX 1060 6GB (5GB, sm_61)
epoch 0: loss=2.061573, train_acc=0.2343, time=9.7s
per-rank: rank0[cuda0,share=0.4035,tput=4.17] rank1[cuda1,share=0.2983,tput=4.73] rank2[cuda2,share=0.2983,tput=3.04]
epoch 0: eval=0.2902
epoch 1: loss=1.740400, train_acc=0.3458, time=9.3s
per-rank: rank0[cuda0,share=0.4182,tput=3.18] rank1[cuda1,share=0.2962,tput=3.13] rank2[cuda2,share=0.2856,tput=4.59]
epoch 1: eval=0.3823
epoch 2: loss=1.546184, train_acc=0.4290, time=9.2s
per-rank: rank0[cuda0,share=0.3762,tput=3.61] rank1[cuda1,share=0.3232,tput=2.50] rank2[cuda2,share=0.3005,tput=3.50]
epoch 2: eval=0.4623
epoch 3: loss=1.350950, train_acc=0.5087, time=9.2s
per-rank: rank0[cuda0,share=0.3805,tput=3.60] rank1[cuda1,share=0.3208,tput=2.50] rank2[cuda2,share=0.2987,tput=3.35]
epoch 3: eval=0.5659
epoch 4: loss=1.206940, train_acc=0.5656, time=9.2s
per-rank: rank0[cuda0,share=0.4022,tput=3.89] rank2[cuda2,share=0.3000,tput=2.48] rank1[cuda1,share=0.2978,tput=3.04]
epoch 4: eval=0.5902
epoch 5: loss=1.076985, train_acc=0.6185, time=9.1s
per-rank: rank0[cuda0,share=0.4246,tput=3.74] rank2[cuda2,share=0.3036,tput=2.44] rank1[cuda1,share=0.2718,tput=3.21]
epoch 5: eval=0.6050
epoch 6: loss=0.973002, train_acc=0.6566, time=12.1s
per-rank: rank0[cuda0,share=0.4073,tput=2.16] rank2[cuda2,share=0.3039,tput=3.78] rank1[cuda1,share=0.2888,tput=5.26]
epoch 6: eval=0.7028
epoch 7: loss=0.902253, train_acc=0.6850, time=10.5s
per-rank: rank0[cuda0,share=0.3982,tput=3.20] rank2[cuda2,share=0.3020,tput=3.98] rank1[cuda1,share=0.2998,tput=3.15]
epoch 7: eval=0.7153
epoch 8: loss=0.844132, train_acc=0.7061, time=9.2s
per-rank: rank0[cuda0,share=0.3910,tput=2.06] rank1[cuda1,share=0.3114,tput=6.19] rank2[cuda2,share=0.2976,tput=2.46]
epoch 8: eval=0.6895
epoch 9: loss=0.845891, train_acc=0.7063, time=10.2s
per-rank: rank0[cuda0,share=0.3680,tput=2.12] rank1[cuda1,share=0.3234,tput=3.20] rank2[cuda2,share=0.3087,tput=5.10]
epoch 9: eval=0.6845
epoch 10: loss=0.807407, train_acc=0.7196, time=10.4s
per-rank: rank0[cuda0,share=0.3673,tput=4.02] rank1[cuda1,share=0.3238,tput=2.15] rank2[cuda2,share=0.3090,tput=2.78]
epoch 10: eval=0.7067
epoch 11: loss=0.777514, train_acc=0.7318, time=9.8s
per-rank: rank0[cuda0,share=0.3719,tput=2.96] rank1[cuda1,share=0.3217,tput=1.80] rank2[cuda2,share=0.3064,tput=5.32]
epoch 11: eval=0.6590
epoch 12: loss=0.759766, train_acc=0.7385, time=9.7s
per-rank: rank0[cuda0,share=0.3797,tput=2.57] rank1[cuda1,share=0.3180,tput=4.31] rank2[cuda2,share=0.3023,tput=2.35]
epoch 12: eval=0.6967
epoch 13: loss=0.735124, train_acc=0.7457, time=9.9s
per-rank: rank0[cuda0,share=0.3868,tput=3.46] rank1[cuda1,share=0.3133,tput=2.85] rank2[cuda2,share=0.2999,tput=2.36]
epoch 13: eval=0.5850
epoch 14: loss=0.726015, train_acc=0.7505, time=9.8s
per-rank: rank0[cuda0,share=0.3922,tput=2.82] rank1[cuda1,share=0.3098,tput=3.28] rank2[cuda2,share=0.2981,tput=2.30]
epoch 14: eval=0.7130
epoch 15: loss=0.711714, train_acc=0.7541, time=12.3s
per-rank: rank0[cuda0,share=0.3965,tput=2.06] rank1[cuda1,share=0.3068,tput=4.99] rank2[cuda2,share=0.2967,tput=3.20]
epoch 15: eval=0.6783
epoch 16: loss=0.697267, train_acc=0.7611, time=11.0s
per-rank: rank0[cuda0,share=0.3965,tput=1.88] rank1[cuda1,share=0.3068,tput=2.77] rank2[cuda2,share=0.2967,tput=3.56]
epoch 16: eval=0.6534
epoch 17: loss=0.674721, train_acc=0.7673, time=12.4s
per-rank: rank0[cuda0,share=0.4002,tput=2.03] rank1[cuda1,share=0.3048,tput=3.61] rank2[cuda2,share=0.2950,tput=4.47]
epoch 17: eval=0.7819
epoch 18: loss=0.659065, train_acc=0.7715, time=11.3s
per-rank: rank0[cuda0,share=0.4002,tput=2.10] rank1[cuda1,share=0.3048,tput=2.95] rank2[cuda2,share=0.2950,tput=3.26]
epoch 18: eval=0.7009
epoch 19: loss=0.658419, train_acc=0.7744, time=12.6s
per-rank: rank0[cuda0,share=0.4037,tput=1.94] rank1[cuda1,share=0.3033,tput=3.37] rank2[cuda2,share=0.2930,tput=4.87]
epoch 19: eval=0.7131
epoch 20: loss=0.640181, train_acc=0.7794, time=10.5s
per-rank: rank0[cuda0,share=0.4085,tput=2.16] rank1[cuda1,share=0.3012,tput=4.07] rank2[cuda2,share=0.2903,tput=2.97]
epoch 20: eval=0.7283
epoch 21: loss=0.634297, train_acc=0.7811, time=9.1s
per-rank: rank0[cuda0,share=0.4120,tput=3.44] rank1[cuda1,share=0.2997,tput=3.20] rank2[cuda2,share=0.2882,tput=2.53]
epoch 21: eval=0.6972
epoch 22: loss=0.618193, train_acc=0.7879, time=9.1s
per-rank: rank0[cuda0,share=0.4135,tput=3.68] rank1[cuda1,share=0.2993,tput=2.88] rank2[cuda2,share=0.2872,tput=2.60]
epoch 22: eval=0.7068
epoch 23: loss=0.615599, train_acc=0.7894, time=9.2s
per-rank: rank0[cuda0,share=0.4118,tput=3.08] rank1[cuda1,share=0.2995,tput=3.02] rank2[cuda2,share=0.2887,tput=2.69]
epoch 23: eval=0.6995
epoch 24: loss=0.607995, train_acc=0.7906, time=8.9s
per-rank: rank0[cuda0,share=0.4090,tput=3.40] rank1[cuda1,share=0.3011,tput=5.24] rank2[cuda2,share=0.2899,tput=2.48]
epoch 24: eval=0.7688
epoch 25: loss=0.613241, train_acc=0.7923, time=11.3s
per-rank: rank0[cuda0,share=0.4061,tput=2.11] rank1[cuda1,share=0.3027,tput=5.39] rank2[cuda2,share=0.2912,tput=3.42]
epoch 25: eval=0.6624
epoch 26: loss=0.600731, train_acc=0.7948, time=10.5s
per-rank: rank0[cuda0,share=0.4032,tput=2.38] rank1[cuda1,share=0.3043,tput=2.57] rank2[cuda2,share=0.2926,tput=3.55]
epoch 26: eval=0.7183
epoch 27: loss=0.584812, train_acc=0.7974, time=9.1s
per-rank: rank0[cuda0,share=0.4024,tput=3.26] rank1[cuda1,share=0.3048,tput=5.34] rank2[cuda2,share=0.2928,tput=2.04]
epoch 27: eval=0.7494
epoch 28: loss=0.586895, train_acc=0.7974, time=11.3s
per-rank: rank0[cuda0,share=0.4000,tput=2.10] rank1[cuda1,share=0.3061,tput=3.97] rank2[cuda2,share=0.2939,tput=4.55]
epoch 28: eval=0.7869
epoch 29: loss=0.578102, train_acc=0.8015, time=10.3s
per-rank: rank0[cuda0,share=0.3999,tput=2.89] rank1[cuda1,share=0.3063,tput=2.64] rank2[cuda2,share=0.2938,tput=3.59]
epoch 29: eval=0.7425
epoch 30: loss=0.566929, train_acc=0.8041, time=9.1s
per-rank: rank0[cuda0,share=0.4003,tput=2.56] rank1[cuda1,share=0.3054,tput=2.07] rank2[cuda2,share=0.2943,tput=6.45]
epoch 30: eval=0.7939
epoch 31: loss=0.575107, train_acc=0.8029, time=8.9s
per-rank: rank0[cuda0,share=0.4006,tput=4.56] rank1[cuda1,share=0.3045,tput=3.11] rank2[cuda2,share=0.2949,tput=2.48]
epoch 31: eval=0.6999
epoch 32: loss=0.567337, train_acc=0.8042, time=8.9s
per-rank: rank0[cuda0,share=0.4009,tput=2.56] rank1[cuda1,share=0.3036,tput=2.43] rank2[cuda2,share=0.2955,tput=5.79]
epoch 32: eval=0.7730
epoch 33: loss=0.571796, train_acc=0.8039, time=11.3s
per-rank: rank0[cuda0,share=0.4021,tput=2.22] rank1[cuda1,share=0.3034,tput=3.16] rank2[cuda2,share=0.2945,tput=5.48]
epoch 33: eval=0.7626
epoch 34: loss=0.559678, train_acc=0.8077, time=10.4s
per-rank: rank0[cuda0,share=0.4033,tput=2.00] rank1[cuda1,share=0.3031,tput=4.22] rank2[cuda2,share=0.2936,tput=2.86]
epoch 34: eval=0.7563
epoch 35: loss=0.559761, train_acc=0.8077, time=9.6s
per-rank: rank0[cuda0,share=0.4045,tput=1.91] rank1[cuda1,share=0.3029,tput=5.42] rank2[cuda2,share=0.2926,tput=2.44]
epoch 35: eval=0.7896
epoch 36: loss=0.551011, train_acc=0.8108, time=9.2s
per-rank: rank0[cuda0,share=0.4057,tput=3.15] rank1[cuda1,share=0.3026,tput=2.39] rank2[cuda2,share=0.2917,tput=4.98]
epoch 36: eval=0.7867
epoch 37: loss=0.557825, train_acc=0.8102, time=9.1s
per-rank: rank0[cuda0,share=0.4048,tput=2.91] rank1[cuda1,share=0.3035,tput=3.47] rank2[cuda2,share=0.2918,tput=2.71]
epoch 37: eval=0.7604
epoch 38: loss=0.547097, train_acc=0.8130, time=10.3s
per-rank: rank0[cuda0,share=0.4044,tput=2.28] rank1[cuda1,share=0.3028,tput=3.16] rank2[cuda2,share=0.2927,tput=5.40]
epoch 38: eval=0.7916
epoch 39: loss=0.544241, train_acc=0.8127, time=9.8s
per-rank: rank0[cuda0,share=0.4047,tput=3.29] rank1[cuda1,share=0.3011,tput=2.47] rank2[cuda2,share=0.2942,tput=3.51]
epoch 39: eval=0.7585
epoch 40: loss=0.546021, train_acc=0.8119, time=9.0s
per-rank: rank0[cuda0,share=0.4031,tput=2.77] rank1[cuda1,share=0.3012,tput=6.46] rank2[cuda2,share=0.2957,tput=1.95]
epoch 40: eval=0.7746
epoch 41: loss=0.540276, train_acc=0.8161, time=9.0s
per-rank: rank0[cuda0,share=0.4021,tput=4.42] rank1[cuda1,share=0.3017,tput=2.37] rank2[cuda2,share=0.2962,tput=3.82]
epoch 41: eval=0.7642
epoch 42: loss=0.536444, train_acc=0.8159, time=10.6s
per-rank: rank0[cuda0,share=0.4040,tput=2.24] rank1[cuda1,share=0.3008,tput=3.56] rank2[cuda2,share=0.2952,tput=5.25]
epoch 42: eval=0.7205
epoch 43: loss=0.530022, train_acc=0.8183, time=9.7s
per-rank: rank0[cuda0,share=0.4049,tput=2.73] rank1[cuda1,share=0.3003,tput=2.53] rank2[cuda2,share=0.2948,tput=3.77]
epoch 43: eval=0.7899
epoch 44: loss=0.533569, train_acc=0.8146, time=11.3s
per-rank: rank0[cuda0,share=0.4059,tput=2.19] rank1[cuda1,share=0.2998,tput=3.49] rank2[cuda2,share=0.2943,tput=5.29]
epoch 44: eval=0.7544
epoch 45: loss=0.531033, train_acc=0.8165, time=10.2s
per-rank: rank0[cuda0,share=0.4053,tput=2.21] rank1[cuda1,share=0.3001,tput=2.71] rank2[cuda2,share=0.2945,tput=4.16]
epoch 45: eval=0.7785
epoch 46: loss=0.533201, train_acc=0.8189, time=9.2s
per-rank: rank0[cuda0,share=0.4070,tput=2.78] rank1[cuda1,share=0.2993,tput=2.72] rank2[cuda2,share=0.2937,tput=3.74]
epoch 46: eval=0.7784
epoch 47: loss=0.510533, train_acc=0.8233, time=9.0s
per-rank: rank0[cuda0,share=0.4094,tput=3.32] rank1[cuda1,share=0.2973,tput=3.14] rank2[cuda2,share=0.2933,tput=2.59]
epoch 47: eval=0.7938
epoch 48: loss=0.515453, train_acc=0.8229, time=8.9s
per-rank: rank0[cuda0,share=0.4111,tput=3.84] rank1[cuda1,share=0.2965,tput=3.65] rank2[cuda2,share=0.2924,tput=2.04]
epoch 48: eval=0.7485
epoch 49: loss=0.519529, train_acc=0.8208, time=8.9s
per-rank: rank0[cuda0,share=0.4113,tput=2.89] rank1[cuda1,share=0.2973,tput=4.29] rank2[cuda2,share=0.2914,tput=2.44]
epoch 49: eval=0.7743
epoch 50: loss=0.515062, train_acc=0.8243, time=11.5s
per-rank: rank0[cuda0,share=0.4109,tput=2.06] rank1[cuda1,share=0.2976,tput=5.49] rank2[cuda2,share=0.2915,tput=3.62]
epoch 50: eval=0.7802
epoch 51: loss=0.516831, train_acc=0.8212, time=10.7s
per-rank: rank0[cuda0,share=0.4091,tput=2.17] rank1[cuda1,share=0.2993,tput=4.37] rank2[cuda2,share=0.2916,tput=2.28]
epoch 51: eval=0.7695
epoch 52: loss=0.519296, train_acc=0.8226, time=9.2s
per-rank: rank0[cuda0,share=0.4057,tput=2.20] rank1[cuda1,share=0.3022,tput=5.72] rank2[cuda2,share=0.2921,tput=2.29]
epoch 52: eval=0.7804
epoch 53: loss=0.514854, train_acc=0.8224, time=9.2s
per-rank: rank0[cuda0,share=0.4022,tput=2.30] rank1[cuda1,share=0.3051,tput=5.08] rank2[cuda2,share=0.2927,tput=2.46]
epoch 53: eval=0.7817
epoch 54: loss=0.510576, train_acc=0.8237, time=10.6s
per-rank: rank0[cuda0,share=0.3968,tput=2.18] rank1[cuda1,share=0.3101,tput=3.84] rank2[cuda2,share=0.2932,tput=4.47]
epoch 54: eval=0.8046
epoch 55: loss=0.501379, train_acc=0.8279, time=10.0s
per-rank: rank0[cuda0,share=0.3948,tput=2.72] rank1[cuda1,share=0.3122,tput=2.74] rank2[cuda2,share=0.2930,tput=3.48]
epoch 55: eval=0.7696
epoch 56: loss=0.505576, train_acc=0.8253, time=9.1s
per-rank: rank0[cuda0,share=0.3922,tput=2.45] rank1[cuda1,share=0.3155,tput=6.06] rank2[cuda2,share=0.2923,tput=2.02]
epoch 56: eval=0.7802
epoch 57: loss=0.510139, train_acc=0.8256, time=11.2s
per-rank: rank0[cuda0,share=0.3896,tput=2.06] rank1[cuda1,share=0.3188,tput=5.59] rank2[cuda2,share=0.2915,tput=3.16]
epoch 57: eval=0.7528
epoch 58: loss=0.508497, train_acc=0.8261, time=10.1s
per-rank: rank0[cuda0,share=0.3887,tput=2.10] rank1[cuda1,share=0.3203,tput=2.78] rank2[cuda2,share=0.2910,tput=4.29]
epoch 58: eval=0.7444
epoch 59: loss=0.503373, train_acc=0.8259, time=10.9s
per-rank: rank0[cuda0,share=0.3874,tput=2.14] rank1[cuda1,share=0.3237,tput=3.84] rank2[cuda2,share=0.2889,tput=4.52]
epoch 59: eval=0.7663
epoch 60: loss=0.508821, train_acc=0.8259, time=10.0s
per-rank: rank0[cuda0,share=0.3874,tput=2.22] rank1[cuda1,share=0.3237,tput=2.94] rank2[cuda2,share=0.2889,tput=3.90]
epoch 60: eval=0.8046
epoch 61: loss=0.489863, train_acc=0.8307, time=11.6s
per-rank: rank0[cuda0,share=0.3855,tput=2.07] rank1[cuda1,share=0.3243,tput=3.26] rank2[cuda2,share=0.2902,tput=5.75]
epoch 61: eval=0.7706
epoch 62: loss=0.488693, train_acc=0.8319, time=10.2s
per-rank: rank0[cuda0,share=0.3853,tput=2.45] rank1[cuda1,share=0.3234,tput=3.55] rank2[cuda2,share=0.2914,tput=2.93]
epoch 62: eval=0.8009
epoch 63: loss=0.503474, train_acc=0.8272, time=9.1s
per-rank: rank0[cuda0,share=0.3851,tput=3.53] rank1[cuda1,share=0.3224,tput=3.43] rank2[cuda2,share=0.2926,tput=2.40]
epoch 63: eval=0.7635
epoch 64: loss=0.498310, train_acc=0.8288, time=10.2s
per-rank: rank0[cuda0,share=0.3858,tput=2.30] rank1[cuda1,share=0.3182,tput=3.31] rank2[cuda2,share=0.2960,tput=5.14]
epoch 64: eval=0.8139
epoch 65: loss=0.480529, train_acc=0.8351, time=9.7s
per-rank: rank0[cuda0,share=0.3869,tput=3.26] rank1[cuda1,share=0.3165,tput=2.52] rank2[cuda2,share=0.2967,tput=3.32]
epoch 65: eval=0.8103
epoch 66: loss=0.503326, train_acc=0.8269, time=8.9s
per-rank: rank0[cuda0,share=0.3893,tput=4.16] rank1[cuda1,share=0.3141,tput=3.45] rank2[cuda2,share=0.2967,tput=2.08]
epoch 66: eval=0.7994
epoch 67: loss=0.491506, train_acc=0.8311, time=9.0s
per-rank: rank0[cuda0,share=0.3929,tput=2.38] rank1[cuda1,share=0.3081,tput=2.41] rank2[cuda2,share=0.2990,tput=5.96]
epoch 67: eval=0.8372
epoch 68: loss=0.486494, train_acc=0.8342, time=9.0s
per-rank: rank0[cuda0,share=0.3964,tput=3.38] rank1[cuda1,share=0.3053,tput=3.56] rank2[cuda2,share=0.2983,tput=2.39]
epoch 68: eval=0.7769
epoch 69: loss=0.489590, train_acc=0.8335, time=9.2s
per-rank: rank0[cuda0,share=0.4000,tput=3.55] rank1[cuda1,share=0.3025,tput=4.76] rank2[cuda2,share=0.2975,tput=2.13]
epoch 69: eval=0.8036
epoch 70: loss=0.491482, train_acc=0.8306, time=11.5s
per-rank: rank0[cuda0,share=0.4044,tput=2.14] rank1[cuda1,share=0.2995,tput=4.71] rank2[cuda2,share=0.2961,tput=3.89]
epoch 70: eval=0.7911
epoch 71: loss=0.479683, train_acc=0.8346, time=10.2s
per-rank: rank0[cuda0,share=0.4062,tput=2.58] rank1[cuda1,share=0.2994,tput=2.86] rank2[cuda2,share=0.2944,tput=3.95]
epoch 71: eval=0.7833
epoch 72: loss=0.479637, train_acc=0.8350, time=9.8s
per-rank: rank0[cuda0,share=0.4080,tput=1.90] rank1[cuda1,share=0.2994,tput=2.43] rank2[cuda2,share=0.2926,tput=5.56]
epoch 72: eval=0.8041
epoch 73: loss=0.485814, train_acc=0.8327, time=11.1s
per-rank: rank0[cuda0,share=0.4089,tput=2.24] rank1[cuda1,share=0.2990,tput=3.48] rank2[cuda2,share=0.2921,tput=5.16]
epoch 73: eval=0.8167
epoch 74: loss=0.491477, train_acc=0.8319, time=10.0s
per-rank: rank0[cuda0,share=0.4072,tput=2.03] rank1[cuda1,share=0.2999,tput=3.24] rank2[cuda2,share=0.2930,tput=3.76]
epoch 74: eval=0.8219
epoch 75: loss=0.474032, train_acc=0.8357, time=9.1s
per-rank: rank0[cuda0,share=0.4053,tput=3.14] rank1[cuda1,share=0.3008,tput=3.72] rank2[cuda2,share=0.2938,tput=2.31]
epoch 75: eval=0.8136
epoch 76: loss=0.480842, train_acc=0.8346, time=9.1s
per-rank: rank0[cuda0,share=0.4035,tput=2.14] rank1[cuda1,share=0.3018,tput=6.21] rank2[cuda2,share=0.2947,tput=2.42]
epoch 76: eval=0.7765
epoch 77: loss=0.485404, train_acc=0.8325, time=9.1s
per-rank: rank0[cuda0,share=0.3969,tput=2.91] rank1[cuda1,share=0.3067,tput=3.84] rank2[cuda2,share=0.2963,tput=2.48]
epoch 77: eval=0.8177
epoch 78: loss=0.469756, train_acc=0.8391, time=11.0s
per-rank: rank0[cuda0,share=0.3938,tput=2.15] rank1[cuda1,share=0.3101,tput=3.41] rank2[cuda2,share=0.2962,tput=5.01]
epoch 78: eval=0.7604
epoch 79: loss=0.483299, train_acc=0.8350, time=10.1s
per-rank: rank0[cuda0,share=0.3905,tput=3.46] rank1[cuda1,share=0.3128,tput=2.72] rank2[cuda2,share=0.2967,tput=3.20]
epoch 79: eval=0.7305
epoch 80: loss=0.490864, train_acc=0.8320, time=8.9s
per-rank: rank0[cuda0,share=0.3875,tput=3.94] rank1[cuda1,share=0.3152,tput=2.03] rank2[cuda2,share=0.2972,tput=3.93]
epoch 80: eval=0.8063
epoch 81: loss=0.483783, train_acc=0.8330, time=10.2s
per-rank: rank0[cuda0,share=0.3848,tput=2.26] rank1[cuda1,share=0.3175,tput=3.30] rank2[cuda2,share=0.2977,tput=4.90]
epoch 81: eval=0.8084
epoch 82: loss=0.482590, train_acc=0.8339, time=10.0s
per-rank: rank0[cuda0,share=0.3864,tput=3.16] rank1[cuda1,share=0.3164,tput=3.36] rank2[cuda2,share=0.2971,tput=2.47]
epoch 82: eval=0.7944
epoch 83: loss=0.487423, train_acc=0.8327, time=9.0s
per-rank: rank0[cuda0,share=0.3892,tput=3.44] rank1[cuda1,share=0.3148,tput=3.61] rank2[cuda2,share=0.2960,tput=2.37]
epoch 83: eval=0.7472
epoch 84: loss=0.488157, train_acc=0.8329, time=12.4s
per-rank: rank0[cuda0,share=0.3917,tput=1.96] rank1[cuda1,share=0.3133,tput=5.36] rank2[cuda2,share=0.2950,tput=3.40]
epoch 84: eval=0.7856
epoch 85: loss=0.489722, train_acc=0.8331, time=12.2s
per-rank: rank0[cuda0,share=0.3922,tput=1.75] rank1[cuda1,share=0.3129,tput=4.02] rank2[cuda2,share=0.2949,tput=2.61]
epoch 85: eval=0.8002
epoch 86: loss=0.490087, train_acc=0.8327, time=10.3s
per-rank: rank0[cuda0,share=0.3922,tput=2.53] rank1[cuda1,share=0.3129,tput=2.46] rank2[cuda2,share=0.2949,tput=3.61]
epoch 86: eval=0.8090
epoch 87: loss=0.474722, train_acc=0.8363, time=12.1s
per-rank: rank0[cuda0,share=0.3948,tput=1.99] rank1[cuda1,share=0.3101,tput=3.36] rank2[cuda2,share=0.2951,tput=4.64]
epoch 87: eval=0.8462
epoch 88: loss=0.486958, train_acc=0.8333, time=10.9s
per-rank: rank0[cuda0,share=0.3948,tput=2.31] rank1[cuda1,share=0.3101,tput=2.71] rank2[cuda2,share=0.2951,tput=3.12]
epoch 88: eval=0.7845
epoch 89: loss=0.477374, train_acc=0.8358, time=12.1s
per-rank: rank0[cuda0,share=0.3966,tput=1.96] rank1[cuda1,share=0.3086,tput=3.47] rank2[cuda2,share=0.2949,tput=4.32]
epoch 89: eval=0.8157
epoch 90: loss=0.473586, train_acc=0.8384, time=11.1s
per-rank: rank0[cuda0,share=0.3980,tput=2.06] rank1[cuda1,share=0.3070,tput=2.83] rank2[cuda2,share=0.2949,tput=3.11]
epoch 90: eval=0.7697
epoch 91: loss=0.472144, train_acc=0.8375, time=11.0s
per-rank: rank0[cuda0,share=0.4001,tput=2.18] rank1[cuda1,share=0.3060,tput=5.11] rank2[cuda2,share=0.2939,tput=3.57]
epoch 91: eval=0.7435
epoch 92: loss=0.475673, train_acc=0.8382, time=10.3s
per-rank: rank0[cuda0,share=0.4022,tput=2.56] rank1[cuda1,share=0.3050,tput=2.33] rank2[cuda2,share=0.2928,tput=4.30]
epoch 92: eval=0.7549
epoch 93: loss=0.474331, train_acc=0.8381, time=9.1s
per-rank: rank0[cuda0,share=0.4012,tput=3.40] rank1[cuda1,share=0.3063,tput=3.42] rank2[cuda2,share=0.2925,tput=2.37]
epoch 93: eval=0.7986
epoch 94: loss=0.483998, train_acc=0.8337, time=11.2s
per-rank: rank0[cuda0,share=0.4010,tput=2.18] rank1[cuda1,share=0.3062,tput=5.13] rank2[cuda2,share=0.2928,tput=3.63]
epoch 94: eval=0.7931
epoch 95: loss=0.481720, train_acc=0.8346, time=10.3s
per-rank: rank0[cuda0,share=0.3993,tput=1.96] rank1[cuda1,share=0.3069,tput=3.83] rank2[cuda2,share=0.2938,tput=2.94]
epoch 95: eval=0.7972
epoch 96: loss=0.474953, train_acc=0.8365, time=9.2s
per-rank: rank0[cuda0,share=0.3994,tput=3.48] rank1[cuda1,share=0.3067,tput=3.48] rank2[cuda2,share=0.2939,tput=2.33]
epoch 96: eval=0.7508
epoch 97: loss=0.478777, train_acc=0.8354, time=9.2s
per-rank: rank0[cuda0,share=0.3994,tput=3.50] rank1[cuda1,share=0.3065,tput=2.66] rank2[cuda2,share=0.2941,tput=3.11]
epoch 97: eval=0.8324
epoch 98: loss=0.467173, train_acc=0.8411, time=9.1s
per-rank: rank0[cuda0,share=0.3995,tput=3.58] rank1[cuda1,share=0.3062,tput=2.71] rank2[cuda2,share=0.2942,tput=2.89]
epoch 98: eval=0.8382
epoch 99: loss=0.466595, train_acc=0.8415, time=10.6s
per-rank: rank0[cuda0,share=0.3996,tput=2.24] rank1[cuda1,share=0.3060,tput=5.17] rank2[cuda2,share=0.2944,tput=3.13]
epoch 99: eval=0.7432
epoch 100: loss=0.364001, train_acc=0.8754, time=10.7s
per-rank: rank0[cuda0,share=0.4013,tput=2.79] rank1[cuda1,share=0.3049,tput=3.25] rank2[cuda2,share=0.2938,tput=2.39]
epoch 100: eval=0.8926
epoch 101: loss=0.251518, train_acc=0.9140, time=10.1s
per-rank: rank0[cuda0,share=0.4013,tput=2.60] rank1[cuda1,share=0.3049,tput=3.18] rank2[cuda2,share=0.2938,tput=2.31]
epoch 101: eval=0.8948
epoch 102: loss=0.234547, train_acc=0.9192, time=12.7s
per-rank: rank0[cuda0,share=0.4033,tput=1.91] rank1[cuda1,share=0.3034,tput=3.39] rank2[cuda2,share=0.2933,tput=4.61]
epoch 102: eval=0.9032
epoch 103: loss=0.225070, train_acc=0.9221, time=11.3s
per-rank: rank0[cuda0,share=0.4033,tput=1.98] rank1[cuda1,share=0.3034,tput=2.63] rank2[cuda2,share=0.2933,tput=3.81]
epoch 103: eval=0.8973
epoch 104: loss=0.216478, train_acc=0.9252, time=11.6s
per-rank: rank0[cuda0,share=0.4022,tput=2.14] rank1[cuda1,share=0.3036,tput=3.65] rank2[cuda2,share=0.2942,tput=5.38]
epoch 104: eval=0.9051
epoch 105: loss=0.212252, train_acc=0.9270, time=10.4s
per-rank: rank0[cuda0,share=0.4022,tput=2.07] rank1[cuda1,share=0.3036,tput=3.05] rank2[cuda2,share=0.2942,tput=3.81]
epoch 105: eval=0.9055
epoch 106: loss=0.205443, train_acc=0.9301, time=10.2s
per-rank: rank0[cuda0,share=0.4024,tput=2.36] rank1[cuda1,share=0.3034,tput=3.22] rank2[cuda2,share=0.2942,tput=4.88]
epoch 106: eval=0.9064
epoch 107: loss=0.198227, train_acc=0.9322, time=9.6s
per-rank: rank0[cuda0,share=0.4024,tput=2.87] rank1[cuda1,share=0.3034,tput=4.08] rank2[cuda2,share=0.2942,tput=2.35]
epoch 107: eval=0.9018
epoch 108: loss=0.195083, train_acc=0.9316, time=11.1s
per-rank: rank0[cuda0,share=0.4026,tput=2.17] rank1[cuda1,share=0.3032,tput=3.74] rank2[cuda2,share=0.2942,tput=4.60]
epoch 108: eval=0.9064
epoch 109: loss=0.191600, train_acc=0.9322, time=10.2s
per-rank: rank0[cuda0,share=0.4039,tput=2.73] rank1[cuda1,share=0.3024,tput=4.07] rank2[cuda2,share=0.2936,tput=2.40]
epoch 109: eval=0.9083
epoch 110: loss=0.189929, train_acc=0.9333, time=10.6s
per-rank: rank0[cuda0,share=0.4040,tput=2.31] rank1[cuda1,share=0.3031,tput=3.41] rank2[cuda2,share=0.2929,tput=5.38]
epoch 110: eval=0.9067
epoch 111: loss=0.184843, train_acc=0.9360, time=9.9s
per-rank: rank0[cuda0,share=0.4035,tput=3.11] rank1[cuda1,share=0.3032,tput=2.14] rank2[cuda2,share=0.2933,tput=4.16]
epoch 111: eval=0.9077
epoch 112: loss=0.181898, train_acc=0.9373, time=9.1s
per-rank: rank0[cuda0,share=0.4055,tput=4.31] rank1[cuda1,share=0.3008,tput=4.37] rank2[cuda2,share=0.2937,tput=2.61]
epoch 112: eval=0.9102
epoch 113: loss=0.179981, train_acc=0.9377, time=11.4s
per-rank: rank0[cuda0,share=0.4059,tput=2.24] rank1[cuda1,share=0.2993,tput=5.34] rank2[cuda2,share=0.2949,tput=3.83]
epoch 113: eval=0.9031
epoch 114: loss=0.178086, train_acc=0.9380, time=10.2s
per-rank: rank0[cuda0,share=0.4080,tput=2.83] rank1[cuda1,share=0.2966,tput=2.30] rank2[cuda2,share=0.2954,tput=4.12]
epoch 114: eval=0.9073
epoch 115: loss=0.171548, train_acc=0.9401, time=9.0s
per-rank: rank0[cuda0,share=0.4102,tput=2.34] rank2[cuda2,share=0.2959,tput=5.29] rank1[cuda1,share=0.2939,tput=2.65]
epoch 115: eval=0.9052
epoch 116: loss=0.174666, train_acc=0.9392, time=12.1s
per-rank: rank0[cuda0,share=0.4118,tput=2.06] rank2[cuda2,share=0.2961,tput=4.38] rank1[cuda1,share=0.2921,tput=3.99]
epoch 116: eval=0.9015
epoch 117: loss=0.171039, train_acc=0.9402, time=11.1s
per-rank: rank0[cuda0,share=0.4134,tput=2.03] rank2[cuda2,share=0.2962,tput=2.62] rank1[cuda1,share=0.2903,tput=4.42]
epoch 117: eval=0.9009
epoch 118: loss=0.168706, train_acc=0.9421, time=9.3s
per-rank: rank0[cuda0,share=0.4151,tput=2.73] rank2[cuda2,share=0.2963,tput=2.42] rank1[cuda1,share=0.2885,tput=4.30]
epoch 118: eval=0.9024
epoch 119: loss=0.164412, train_acc=0.9420, time=9.0s
per-rank: rank0[cuda0,share=0.4138,tput=3.11] rank2[cuda2,share=0.2961,tput=3.12] rank1[cuda1,share=0.2900,tput=2.80]
epoch 119: eval=0.9061
epoch 120: loss=0.159647, train_acc=0.9443, time=9.2s
per-rank: rank0[cuda0,share=0.4119,tput=3.10] rank2[cuda2,share=0.2971,tput=2.76] rank1[cuda1,share=0.2911,tput=2.94]
epoch 120: eval=0.9078
epoch 121: loss=0.161637, train_acc=0.9433, time=9.1s
per-rank: rank0[cuda0,share=0.4088,tput=3.86] rank2[cuda2,share=0.2994,tput=2.42] rank1[cuda1,share=0.2917,tput=3.04]
epoch 121: eval=0.9080
epoch 122: loss=0.158557, train_acc=0.9447, time=9.0s
per-rank: rank0[cuda0,share=0.4046,tput=4.29] rank2[cuda2,share=0.3011,tput=2.07] rank1[cuda1,share=0.2944,tput=3.40]
epoch 122: eval=0.9072
epoch 123: loss=0.156978, train_acc=0.9451, time=9.2s
per-rank: rank0[cuda0,share=0.3984,tput=2.02] rank2[cuda2,share=0.3019,tput=2.34] rank1[cuda1,share=0.2997,tput=6.13]
epoch 123: eval=0.9137
epoch 124: loss=0.155843, train_acc=0.9454, time=11.4s
per-rank: rank0[cuda0,share=0.3948,tput=2.03] rank1[cuda1,share=0.3033,tput=3.37] rank2[cuda2,share=0.3020,tput=5.43]
epoch 124: eval=0.9055
epoch 125: loss=0.151711, train_acc=0.9465, time=10.2s
per-rank: rank0[cuda0,share=0.3917,tput=2.23] rank1[cuda1,share=0.3058,tput=4.00] rank2[cuda2,share=0.3025,tput=2.59]
epoch 125: eval=0.9075
epoch 126: loss=0.154428, train_acc=0.9452, time=11.5s
per-rank: rank0[cuda0,share=0.3885,tput=1.97] rank1[cuda1,share=0.3084,tput=3.46] rank2[cuda2,share=0.3030,tput=5.04]
epoch 126: eval=0.9049
epoch 127: loss=0.149034, train_acc=0.9473, time=10.3s
per-rank: rank0[cuda0,share=0.3839,tput=2.37] rank1[cuda1,share=0.3127,tput=3.90] rank2[cuda2,share=0.3034,tput=2.65]
epoch 127: eval=0.9047
epoch 128: loss=0.152477, train_acc=0.9458, time=9.1s
per-rank: rank0[cuda0,share=0.3819,tput=3.30] rank1[cuda1,share=0.3128,tput=2.53] rank2[cuda2,share=0.3053,tput=4.81]
epoch 128: eval=0.9025
epoch 129: loss=0.148679, train_acc=0.9474, time=11.3s
per-rank: rank0[cuda0,share=0.3789,tput=1.99] rank1[cuda1,share=0.3134,tput=3.61] rank2[cuda2,share=0.3077,tput=4.84]
epoch 129: eval=0.9069
epoch 130: loss=0.146071, train_acc=0.9485, time=9.9s
per-rank: rank0[cuda0,share=0.3780,tput=2.67] rank1[cuda1,share=0.3138,tput=2.60] rank2[cuda2,share=0.3081,tput=3.90]
epoch 130: eval=0.9035
epoch 131: loss=0.147025, train_acc=0.9480, time=9.2s
per-rank: rank0[cuda0,share=0.3772,tput=3.39] rank1[cuda1,share=0.3143,tput=5.06] rank2[cuda2,share=0.3085,tput=2.37]
epoch 131: eval=0.9079
epoch 132: loss=0.146028, train_acc=0.9486, time=9.1s
per-rank: rank0[cuda0,share=0.3745,tput=2.49] rank1[cuda1,share=0.3156,tput=2.60] rank2[cuda2,share=0.3098,tput=5.29]
epoch 132: eval=0.9092
epoch 133: loss=0.141193, train_acc=0.9499, time=9.0s
per-rank: rank0[cuda0,share=0.3709,tput=4.33] rank1[cuda1,share=0.3183,tput=3.34] rank2[cuda2,share=0.3108,tput=2.16]
epoch 133: eval=0.9071
epoch 134: loss=0.142048, train_acc=0.9501, time=9.0s
per-rank: rank0[cuda0,share=0.3699,tput=2.43] rank1[cuda1,share=0.3197,tput=2.44] rank2[cuda2,share=0.3104,tput=5.64]
epoch 134: eval=0.9028
epoch 135: loss=0.140769, train_acc=0.9504, time=9.1s
per-rank: rank0[cuda0,share=0.3734,tput=3.90] rank1[cuda1,share=0.3170,tput=3.25] rank2[cuda2,share=0.3095,tput=2.40]
epoch 135: eval=0.9039
epoch 136: loss=0.135691, train_acc=0.9527, time=9.1s
per-rank: rank0[cuda0,share=0.3757,tput=2.75] rank1[cuda1,share=0.3159,tput=2.30] rank2[cuda2,share=0.3084,tput=5.56]
epoch 136: eval=0.9038
epoch 137: loss=0.139022, train_acc=0.9512, time=11.6s
per-rank: rank0[cuda0,share=0.3780,tput=2.04] rank1[cuda1,share=0.3148,tput=5.31] rank2[cuda2,share=0.3072,tput=3.12]
epoch 137: eval=0.9029
epoch 138: loss=0.139697, train_acc=0.9506, time=10.1s
per-rank: rank0[cuda0,share=0.3803,tput=2.47] rank1[cuda1,share=0.3136,tput=4.24] rank2[cuda2,share=0.3061,tput=2.76]
epoch 138: eval=0.8993
epoch 139: loss=0.140521, train_acc=0.9500, time=9.1s
per-rank: rank0[cuda0,share=0.3874,tput=2.29] rank1[cuda1,share=0.3109,tput=6.27] rank2[cuda2,share=0.3017,tput=2.20]
epoch 139: eval=0.9123
epoch 140: loss=0.134573, train_acc=0.9519, time=10.1s
per-rank: rank0[cuda0,share=0.3922,tput=3.00] rank1[cuda1,share=0.3094,tput=3.43] rank2[cuda2,share=0.2985,tput=1.97]
epoch 140: eval=0.9089
epoch 141: loss=0.139861, train_acc=0.9506, time=13.8s
per-rank: rank0[cuda0,share=0.3951,tput=1.75] rank1[cuda1,share=0.3079,tput=3.24] rank2[cuda2,share=0.2970,tput=3.93]
epoch 141: eval=0.8985
epoch 142: loss=0.139066, train_acc=0.9508, time=12.0s
per-rank: rank0[cuda0,share=0.3981,tput=2.03] rank1[cuda1,share=0.3064,tput=2.50] rank2[cuda2,share=0.2955,tput=3.22]
epoch 142: eval=0.8880
epoch 143: loss=0.133583, train_acc=0.9525, time=11.0s
per-rank: rank0[cuda0,share=0.4011,tput=2.22] rank1[cuda1,share=0.3066,tput=3.64] rank2[cuda2,share=0.2923,tput=4.13]
epoch 143: eval=0.8864
epoch 144: loss=0.133211, train_acc=0.9537, time=10.1s
per-rank: rank0[cuda0,share=0.4018,tput=2.85] rank1[cuda1,share=0.3071,tput=2.22] rank2[cuda2,share=0.2911,tput=4.32]
epoch 144: eval=0.9003
epoch 145: loss=0.136448, train_acc=0.9515, time=9.2s
per-rank: rank0[cuda0,share=0.4031,tput=3.49] rank1[cuda1,share=0.3064,tput=2.77] rank2[cuda2,share=0.2905,tput=2.71]
epoch 145: eval=0.8961
epoch 146: loss=0.137138, train_acc=0.9514, time=9.0s
per-rank: rank0[cuda0,share=0.4060,tput=2.07] rank1[cuda1,share=0.3049,tput=2.74] rank2[cuda2,share=0.2891,tput=5.87]
epoch 146: eval=0.9073
epoch 147: loss=0.133973, train_acc=0.9523, time=9.2s
per-rank: rank0[cuda0,share=0.4056,tput=3.04] rank1[cuda1,share=0.3031,tput=2.43] rank2[cuda2,share=0.2913,tput=3.69]
epoch 147: eval=0.9029
epoch 148: loss=0.140834, train_acc=0.9505, time=9.0s
per-rank: rank0[cuda0,share=0.4039,tput=2.66] rank1[cuda1,share=0.3020,tput=5.95] rank2[cuda2,share=0.2942,tput=2.57]
epoch 148: eval=0.9053
epoch 149: loss=0.130706, train_acc=0.9538, time=9.3s
per-rank: rank0[cuda0,share=0.3995,tput=3.35] rank1[cuda1,share=0.3007,tput=5.19] rank2[cuda2,share=0.2998,tput=2.14]
epoch 149: eval=0.9045
epoch 150: loss=0.115247, train_acc=0.9608, time=9.0s
per-rank: rank0[cuda0,share=0.3964,tput=2.46] rank2[cuda2,share=0.3019,tput=2.40] rank1[cuda1,share=0.3017,tput=5.72]
epoch 150: eval=0.9155
epoch 151: loss=0.088728, train_acc=0.9704, time=9.2s
per-rank: rank0[cuda0,share=0.3906,tput=2.41] rank2[cuda2,share=0.3069,tput=5.82] rank1[cuda1,share=0.3025,tput=2.32]
epoch 151: eval=0.9172
epoch 152: loss=0.087236, train_acc=0.9703, time=9.2s
per-rank: rank0[cuda0,share=0.3836,tput=2.32] rank2[cuda2,share=0.3112,tput=2.29] rank1[cuda1,share=0.3052,tput=6.16]
epoch 152: eval=0.9168
epoch 153: loss=0.081507, train_acc=0.9734, time=9.0s
per-rank: rank0[cuda0,share=0.3800,tput=3.89] rank2[cuda2,share=0.3134,tput=2.25] rank1[cuda1,share=0.3066,tput=3.58]
epoch 153: eval=0.9182
epoch 154: loss=0.079297, train_acc=0.9743, time=9.1s
per-rank: rank0[cuda0,share=0.3792,tput=3.73] rank2[cuda2,share=0.3112,tput=3.09] rank1[cuda1,share=0.3097,tput=2.52]
epoch 154: eval=0.9190
epoch 155: loss=0.079907, train_acc=0.9741, time=9.0s
per-rank: rank0[cuda0,share=0.3807,tput=2.34] rank1[cuda1,share=0.3107,tput=6.68] rank2[cuda2,share=0.3087,tput=2.15]
epoch 155: eval=0.9197
epoch 156: loss=0.075675, train_acc=0.9753, time=11.8s
per-rank: rank0[cuda0,share=0.3842,tput=2.02] rank1[cuda1,share=0.3098,tput=3.68] rank2[cuda2,share=0.3060,tput=5.18]
epoch 156: eval=0.9199
epoch 157: loss=0.075306, train_acc=0.9752, time=10.6s
per-rank: rank0[cuda0,share=0.3863,tput=2.82] rank1[cuda1,share=0.3097,tput=2.46] rank2[cuda2,share=0.3040,tput=3.87]
epoch 157: eval=0.9195
epoch 158: loss=0.079100, train_acc=0.9742, time=9.2s
per-rank: rank0[cuda0,share=0.3889,tput=4.58] rank1[cuda1,share=0.3084,tput=2.85] rank2[cuda2,share=0.3027,tput=2.16]
epoch 158: eval=0.9191
epoch 159: loss=0.077541, train_acc=0.9746, time=11.0s
per-rank: rank0[cuda0,share=0.3966,tput=2.19] rank1[cuda1,share=0.3046,tput=6.25] rank2[cuda2,share=0.2988,tput=2.86]
epoch 159: eval=0.9180
epoch 160: loss=0.073915, train_acc=0.9763, time=10.1s
per-rank: rank0[cuda0,share=0.4036,tput=2.72] rank1[cuda1,share=0.3015,tput=3.17] rank2[cuda2,share=0.2949,tput=3.11]
epoch 160: eval=0.9187
epoch 161: loss=0.075901, train_acc=0.9752, time=8.8s
per-rank: rank0[cuda0,share=0.4055,tput=2.55] rank1[cuda1,share=0.3009,tput=6.50] rank2[cuda2,share=0.2935,tput=2.12]
epoch 161: eval=0.9195
epoch 162: loss=0.073767, train_acc=0.9760, time=9.1s
per-rank: rank0[cuda0,share=0.4120,tput=3.28] rank1[cuda1,share=0.3001,tput=2.49] rank2[cuda2,share=0.2879,tput=3.44]
epoch 162: eval=0.9173
epoch 163: loss=0.073334, train_acc=0.9763, time=9.1s
per-rank: rank0[cuda0,share=0.4145,tput=2.08] rank1[cuda1,share=0.3001,tput=2.54] rank2[cuda2,share=0.2855,tput=6.24]
epoch 163: eval=0.9194
epoch 164: loss=0.072577, train_acc=0.9757, time=9.0s
per-rank: rank0[cuda0,share=0.4138,tput=2.07] rank1[cuda1,share=0.3017,tput=2.63] rank2[cuda2,share=0.2845,tput=6.33]
epoch 164: eval=0.9173
epoch 165: loss=0.070350, train_acc=0.9778, time=9.0s
per-rank: rank0[cuda0,share=0.4057,tput=2.15] rank1[cuda1,share=0.3082,tput=2.70] rank2[cuda2,share=0.2862,tput=5.35]
epoch 165: eval=0.9188
epoch 166: loss=0.072003, train_acc=0.9763, time=9.1s
per-rank: rank0[cuda0,share=0.3946,tput=2.20] rank1[cuda1,share=0.3150,tput=5.68] rank2[cuda2,share=0.2904,tput=2.36]
epoch 166: eval=0.9190
epoch 167: loss=0.072038, train_acc=0.9770, time=9.1s
per-rank: rank0[cuda0,share=0.3841,tput=4.03] rank1[cuda1,share=0.3179,tput=2.01] rank2[cuda2,share=0.2980,tput=3.70]
epoch 167: eval=0.9185
epoch 168: loss=0.069272, train_acc=0.9777, time=9.2s
per-rank: rank0[cuda0,share=0.3768,tput=2.42] rank1[cuda1,share=0.3174,tput=5.80] rank2[cuda2,share=0.3058,tput=2.35]
epoch 168: eval=0.9184
epoch 169: loss=0.068978, train_acc=0.9776, time=9.1s
per-rank: rank0[cuda0,share=0.3763,tput=2.34] rank1[cuda1,share=0.3146,tput=2.58] rank2[cuda2,share=0.3091,tput=5.06]
epoch 169: eval=0.9208
epoch 170: loss=0.070379, train_acc=0.9765, time=11.2s
per-rank: rank0[cuda0,share=0.3805,tput=2.11] rank1[cuda1,share=0.3101,tput=3.88] rank2[cuda2,share=0.3094,tput=4.24]
epoch 170: eval=0.9216
epoch 171: loss=0.067528, train_acc=0.9780, time=10.1s
per-rank: rank0[cuda0,share=0.3869,tput=2.23] rank2[cuda2,share=0.3079,tput=2.67] rank1[cuda1,share=0.3052,tput=4.12]
epoch 171: eval=0.9183
epoch 172: loss=0.069496, train_acc=0.9774, time=11.2s
per-rank: rank0[cuda0,share=0.3945,tput=2.15] rank2[cuda2,share=0.3036,tput=4.77] rank1[cuda1,share=0.3019,tput=3.84]
epoch 172: eval=0.9194
epoch 173: loss=0.067453, train_acc=0.9772, time=10.3s
per-rank: rank0[cuda0,share=0.3959,tput=2.16] rank1[cuda1,share=0.3029,tput=4.02] rank2[cuda2,share=0.3012,tput=2.69]
epoch 173: eval=0.9199
epoch 174: loss=0.067310, train_acc=0.9777, time=9.1s
per-rank: rank0[cuda0,share=0.3968,tput=2.44] rank1[cuda1,share=0.3046,tput=2.07] rank2[cuda2,share=0.2986,tput=6.75]
epoch 174: eval=0.9178
epoch 175: loss=0.065009, train_acc=0.9784, time=11.4s
per-rank: rank0[cuda0,share=0.3979,tput=2.10] rank1[cuda1,share=0.3023,tput=3.29] rank2[cuda2,share=0.2998,tput=5.28]
epoch 175: eval=0.9196
epoch 176: loss=0.066632, train_acc=0.9777, time=10.2s
per-rank: rank0[cuda0,share=0.3980,tput=2.39] rank2[cuda2,share=0.3020,tput=3.79] rank1[cuda1,share=0.3001,tput=2.77]
epoch 176: eval=0.9191
epoch 177: loss=0.066523, train_acc=0.9779, time=9.2s
per-rank: rank0[cuda0,share=0.3984,tput=2.39] rank2[cuda2,share=0.3049,tput=2.11] rank1[cuda1,share=0.2966,tput=6.31]
epoch 177: eval=0.9183
epoch 178: loss=0.064295, train_acc=0.9794, time=9.0s
per-rank: rank0[cuda0,share=0.3985,tput=3.01] rank2[cuda2,share=0.3054,tput=2.43] rank1[cuda1,share=0.2961,tput=3.93]
epoch 178: eval=0.9199
epoch 179: loss=0.064967, train_acc=0.9787, time=11.2s
per-rank: rank0[cuda0,share=0.3969,tput=2.14] rank2[cuda2,share=0.3043,tput=5.46] rank1[cuda1,share=0.2988,tput=3.24]
epoch 179: eval=0.9184
epoch 180: loss=0.064638, train_acc=0.9788, time=10.3s
per-rank: rank0[cuda0,share=0.3967,tput=2.34] rank2[cuda2,share=0.3041,tput=2.39] rank1[cuda1,share=0.2993,tput=4.23]
epoch 180: eval=0.9181
epoch 181: loss=0.064768, train_acc=0.9793, time=9.0s
per-rank: rank0[cuda0,share=0.3957,tput=3.00] rank2[cuda2,share=0.3033,tput=2.31] rank1[cuda1,share=0.3010,tput=4.28]
epoch 181: eval=0.9186
epoch 182: loss=0.064209, train_acc=0.9789, time=9.1s
per-rank: rank0[cuda0,share=0.3897,tput=2.26] rank1[cuda1,share=0.3051,tput=2.53] rank2[cuda2,share=0.3051,tput=6.29]
epoch 182: eval=0.9165
epoch 183: loss=0.064525, train_acc=0.9789, time=9.0s
per-rank: rank0[cuda0,share=0.3835,tput=3.80] rank1[cuda1,share=0.3143,tput=2.54] rank2[cuda2,share=0.3022,tput=3.48]
epoch 183: eval=0.9170
epoch 184: loss=0.063073, train_acc=0.9797, time=8.9s
per-rank: rank0[cuda0,share=0.3809,tput=3.77] rank1[cuda1,share=0.3170,tput=3.42] rank2[cuda2,share=0.3021,tput=2.28]
epoch 184: eval=0.9175
epoch 185: loss=0.062538, train_acc=0.9794, time=9.0s
per-rank: rank0[cuda0,share=0.3902,tput=6.12] rank1[cuda1,share=0.3105,tput=2.34] rank2[cuda2,share=0.2993,tput=4.33]
epoch 185: eval=0.9176
epoch 186: loss=0.063038, train_acc=0.9798, time=11.3s
per-rank: rank0[cuda0,share=0.3989,tput=2.19] rank1[cuda1,share=0.3024,tput=3.76] rank2[cuda2,share=0.2987,tput=5.34]
epoch 186: eval=0.9177
epoch 187: loss=0.062321, train_acc=0.9792, time=9.5s
per-rank: rank0[cuda0,share=0.3997,tput=3.37] rank1[cuda1,share=0.3012,tput=2.31] rank2[cuda2,share=0.2991,tput=3.79]
epoch 187: eval=0.9186
epoch 188: loss=0.062108, train_acc=0.9794, time=10.4s
per-rank: rank0[cuda0,share=0.3996,tput=2.31] rank1[cuda1,share=0.3007,tput=5.22] rank2[cuda2,share=0.2996,tput=3.28]
epoch 188: eval=0.9167
epoch 189: loss=0.060502, train_acc=0.9807, time=9.6s
per-rank: rank0[cuda0,share=0.3996,tput=2.70] rank1[cuda1,share=0.3007,tput=2.95] rank2[cuda2,share=0.2996,tput=3.18]
epoch 189: eval=0.9157
epoch 190: loss=0.062247, train_acc=0.9791, time=11.4s
per-rank: rank0[cuda0,share=0.3995,tput=2.08] rank2[cuda2,share=0.3004,tput=4.97] rank1[cuda1,share=0.3000,tput=3.89]
epoch 190: eval=0.9186
epoch 191: loss=0.060202, train_acc=0.9808, time=10.4s
per-rank: rank0[cuda0,share=0.3995,tput=2.14] rank2[cuda2,share=0.3004,tput=2.61] rank1[cuda1,share=0.3000,tput=4.11]
epoch 191: eval=0.9177
epoch 192: loss=0.060731, train_acc=0.9798, time=11.3s
per-rank: rank0[cuda0,share=0.3990,tput=2.06] rank2[cuda2,share=0.3010,tput=4.92] rank1[cuda1,share=0.3000,tput=3.41]
epoch 192: eval=0.9161
epoch 193: loss=0.060508, train_acc=0.9801, time=10.1s
per-rank: rank0[cuda0,share=0.3986,tput=2.75] rank2[cuda2,share=0.3014,tput=2.20] rank1[cuda1,share=0.3000,tput=4.54]
epoch 193: eval=0.9172
epoch 194: loss=0.060225, train_acc=0.9801, time=11.3s
per-rank: rank0[cuda0,share=0.3976,tput=2.14] rank1[cuda1,share=0.3012,tput=3.86] rank2[cuda2,share=0.3012,tput=4.70]
epoch 194: eval=0.9161
epoch 195: loss=0.062052, train_acc=0.9795, time=10.2s
per-rank: rank0[cuda0,share=0.3964,tput=2.50] rank1[cuda1,share=0.3027,tput=4.83] rank2[cuda2,share=0.3009,tput=2.07]
epoch 195: eval=0.9168
epoch 196: loss=0.059665, train_acc=0.9806, time=9.0s
per-rank: rank0[cuda0,share=0.3944,tput=2.72] rank1[cuda1,share=0.3045,tput=2.46] rank2[cuda2,share=0.3011,tput=4.70]
epoch 196: eval=0.9157
epoch 197: loss=0.060006, train_acc=0.9802, time=9.1s
per-rank: rank0[cuda0,share=0.3944,tput=3.80] rank1[cuda1,share=0.3062,tput=2.22] rank2[cuda2,share=0.2994,tput=3.36]
epoch 197: eval=0.9176
epoch 198: loss=0.059398, train_acc=0.9806, time=9.0s
per-rank: rank0[cuda0,share=0.3944,tput=3.47] rank1[cuda1,share=0.3078,tput=3.39] rank2[cuda2,share=0.2978,tput=2.42]
epoch 198: eval=0.9171
epoch 199: loss=0.059894, train_acc=0.9801, time=9.0s
per-rank: rank0[cuda0,share=0.3944,tput=2.31] rank1[cuda1,share=0.3095,tput=2.39] rank2[cuda2,share=0.2961,tput=6.51]
final eval=0.9186
# total: 1822.5s (30m 22s)
