# gpu0: NVIDIA GeForce RTX 5060 Ti (15GB, sm_120)
# gpu1: NVIDIA GeForce GTX 1060 6GB (5GB, sm_61)
# gpu2: NVIDIA GeForce GTX 1060 6GB (5GB, sm_61)
epoch 0: loss=1.983076, train_acc=0.2576, time=10.3s
per-rank: rank0[cuda0,share=0.4056,tput=4.51] rank1[cuda1,share=0.3061,tput=4.88] rank2[cuda2,share=0.2883,tput=2.52]
epoch 0: eval=0.3540
epoch 1: loss=1.660796, train_acc=0.3795, time=9.7s
per-rank: rank0[cuda0,share=0.4100,tput=3.09] rank1[cuda1,share=0.3028,tput=4.36] rank2[cuda2,share=0.2872,tput=2.48]
epoch 1: eval=0.3628
epoch 2: loss=1.453048, train_acc=0.4655, time=9.8s
per-rank: rank0[cuda0,share=0.4295,tput=3.15] rank2[cuda2,share=0.2920,tput=2.43] rank1[cuda1,share=0.2784,tput=3.09]
epoch 2: eval=0.4195
epoch 3: loss=1.247553, train_acc=0.5504, time=9.8s
per-rank: rank0[cuda0,share=0.3614,tput=3.03] rank1[cuda1,share=0.3233,tput=3.49] rank2[cuda2,share=0.3153,tput=2.25]
epoch 3: eval=0.5670
epoch 4: loss=1.099577, train_acc=0.6066, time=11.3s
per-rank: rank0[cuda0,share=0.4277,tput=2.13] rank1[cuda1,share=0.2891,tput=3.35] rank2[cuda2,share=0.2832,tput=4.55]
epoch 4: eval=0.5902
epoch 5: loss=0.967336, train_acc=0.6593, time=10.7s
per-rank: rank0[cuda0,share=0.4465,tput=2.64] rank2[cuda2,share=0.2961,tput=3.96] rank1[cuda1,share=0.2574,tput=2.05]
epoch 5: eval=0.6683
epoch 6: loss=0.869813, train_acc=0.6961, time=9.7s
per-rank: rank0[cuda0,share=0.4316,tput=2.17] rank2[cuda2,share=0.2900,tput=6.12] rank1[cuda1,share=0.2784,tput=2.37]
epoch 6: eval=0.6514
epoch 7: loss=0.805298, train_acc=0.7194, time=9.7s
per-rank: rank0[cuda0,share=0.4274,tput=2.24] rank2[cuda2,share=0.2965,tput=5.80] rank1[cuda1,share=0.2761,tput=2.35]
epoch 7: eval=0.6489
epoch 8: loss=0.753903, train_acc=0.7390, time=9.6s
per-rank: rank0[cuda0,share=0.4335,tput=2.60] rank1[cuda1,share=0.3069,tput=2.43] rank2[cuda2,share=0.2597,tput=5.15]
epoch 8: eval=0.6256
epoch 9: loss=0.702359, train_acc=0.7571, time=12.4s
per-rank: rank0[cuda0,share=0.3890,tput=2.14] rank1[cuda1,share=0.3112,tput=3.99] rank2[cuda2,share=0.2997,tput=4.26]
epoch 9: eval=0.6820
epoch 10: loss=0.671280, train_acc=0.7676, time=11.1s
per-rank: rank0[cuda0,share=0.4249,tput=2.57] rank2[cuda2,share=0.2981,tput=3.92] rank1[cuda1,share=0.2770,tput=2.61]
epoch 10: eval=0.6441
epoch 11: loss=0.648944, train_acc=0.7765, time=9.7s
per-rank: rank0[cuda0,share=0.3890,tput=2.89] rank1[cuda1,share=0.3117,tput=2.42] rank2[cuda2,share=0.2993,tput=3.39]
epoch 11: eval=0.7001
epoch 12: loss=0.624590, train_acc=0.7838, time=11.3s
per-rank: rank0[cuda0,share=0.4061,tput=2.07] rank2[cuda2,share=0.3046,tput=5.21] rank1[cuda1,share=0.2893,tput=3.08]
epoch 12: eval=0.8010
epoch 13: loss=0.610757, train_acc=0.7877, time=10.6s
per-rank: rank0[cuda0,share=0.4061,tput=3.35] rank2[cuda2,share=0.3122,tput=3.45] rank1[cuda1,share=0.2817,tput=2.35]
epoch 13: eval=0.7619
epoch 14: loss=0.616456, train_acc=0.7865, time=12.1s
per-rank: rank0[cuda0,share=0.3947,tput=2.04] rank1[cuda1,share=0.3088,tput=3.70] rank2[cuda2,share=0.2965,tput=4.65]
epoch 14: eval=0.7169
epoch 15: loss=0.604341, train_acc=0.7924, time=10.9s
per-rank: rank0[cuda0,share=0.4059,tput=2.23] rank1[cuda1,share=0.3102,tput=2.82] rank2[cuda2,share=0.2838,tput=3.57]
epoch 15: eval=0.7461
epoch 16: loss=0.560383, train_acc=0.8063, time=11.9s
per-rank: rank0[cuda0,share=0.4081,tput=2.15] rank1[cuda1,share=0.2973,tput=3.44] rank2[cuda2,share=0.2946,tput=4.76]
epoch 16: eval=0.7397
epoch 17: loss=0.552613, train_acc=0.8103, time=11.0s
per-rank: rank0[cuda0,share=0.4050,tput=2.32] rank2[cuda2,share=0.3043,tput=3.88] rank1[cuda1,share=0.2906,tput=2.57]
epoch 17: eval=0.8039
epoch 18: loss=0.546498, train_acc=0.8111, time=12.0s
per-rank: rank0[cuda0,share=0.4217,tput=2.06] rank2[cuda2,share=0.2972,tput=4.34] rank1[cuda1,share=0.2811,tput=3.68]
epoch 18: eval=0.6665
epoch 19: loss=0.542077, train_acc=0.8138, time=10.9s
per-rank: rank0[cuda0,share=0.4216,tput=2.41] rank2[cuda2,share=0.3068,tput=2.89] rank1[cuda1,share=0.2715,tput=3.17]
epoch 19: eval=0.7481
epoch 20: loss=0.520086, train_acc=0.8213, time=9.7s
per-rank: rank0[cuda0,share=0.4156,tput=2.35] rank1[cuda1,share=0.3039,tput=2.59] rank2[cuda2,share=0.2805,tput=4.90]
epoch 20: eval=0.7031
epoch 21: loss=0.522809, train_acc=0.8205, time=9.8s
per-rank: rank0[cuda0,share=0.3898,tput=2.83] rank2[cuda2,share=0.3164,tput=4.10] rank1[cuda1,share=0.2938,tput=2.18]
epoch 21: eval=0.7972
epoch 22: loss=0.501103, train_acc=0.8287, time=9.8s
per-rank: rank0[cuda0,share=0.3852,tput=3.21] rank2[cuda2,share=0.3087,tput=3.44] rank1[cuda1,share=0.3061,tput=2.23]
epoch 22: eval=0.7305
epoch 23: loss=0.515890, train_acc=0.8225, time=9.7s
per-rank: rank0[cuda0,share=0.4286,tput=2.92] rank2[cuda2,share=0.3018,tput=4.62] rank1[cuda1,share=0.2696,tput=2.28]
epoch 23: eval=0.7547
epoch 24: loss=0.524237, train_acc=0.8205, time=9.5s
per-rank: rank0[cuda0,share=0.4223,tput=2.45] rank1[cuda1,share=0.2910,tput=2.65] rank2[cuda2,share=0.2867,tput=4.56]
epoch 24: eval=0.7903
epoch 25: loss=0.498129, train_acc=0.8297, time=12.1s
per-rank: rank0[cuda0,share=0.4167,tput=2.12] rank1[cuda1,share=0.3021,tput=5.17] rank2[cuda2,share=0.2812,tput=3.31]
epoch 25: eval=0.6212
epoch 26: loss=0.582982, train_acc=0.7995, time=11.2s
per-rank: rank0[cuda0,share=0.4290,tput=2.59] rank1[cuda1,share=0.3001,tput=2.35] rank2[cuda2,share=0.2709,tput=3.51]
epoch 26: eval=0.7715
epoch 27: loss=0.586538, train_acc=0.8004, time=12.5s
per-rank: rank0[cuda0,share=0.4302,tput=2.08] rank1[cuda1,share=0.2990,tput=4.58] rank2[cuda2,share=0.2708,tput=3.74]
epoch 27: eval=0.8012
epoch 28: loss=0.558315, train_acc=0.8089, time=11.1s
per-rank: rank0[cuda0,share=0.4291,tput=2.15] rank1[cuda1,share=0.2983,tput=2.60] rank2[cuda2,share=0.2726,tput=4.11]
epoch 28: eval=0.7728
epoch 29: loss=0.560859, train_acc=0.8085, time=9.4s
per-rank: rank0[cuda0,share=0.4266,tput=3.39] rank1[cuda1,share=0.2966,tput=3.04] rank2[cuda2,share=0.2768,tput=2.34]
epoch 29: eval=0.7519
epoch 30: loss=0.542890, train_acc=0.8135, time=9.3s
per-rank: rank0[cuda0,share=0.4231,tput=3.85] rank1[cuda1,share=0.2946,tput=2.54] rank2[cuda2,share=0.2823,tput=3.62]
epoch 30: eval=0.7819
epoch 31: loss=0.536648, train_acc=0.8173, time=9.4s
per-rank: rank0[cuda0,share=0.4226,tput=2.23] rank1[cuda1,share=0.2945,tput=6.42] rank2[cuda2,share=0.2829,tput=2.08]
epoch 31: eval=0.8033
epoch 32: loss=0.543540, train_acc=0.8144, time=9.3s
per-rank: rank0[cuda0,share=0.4222,tput=2.43] rank1[cuda1,share=0.2944,tput=2.34] rank2[cuda2,share=0.2834,tput=5.28]
epoch 32: eval=0.7604
epoch 33: loss=0.519711, train_acc=0.8223, time=9.4s
per-rank: rank0[cuda0,share=0.4195,tput=3.01] rank1[cuda1,share=0.2940,tput=2.20] rank2[cuda2,share=0.2865,tput=5.11]
epoch 33: eval=0.7926
epoch 34: loss=0.538752, train_acc=0.8150, time=11.7s
per-rank: rank0[cuda0,share=0.4171,tput=2.14] rank1[cuda1,share=0.2931,tput=3.72] rank2[cuda2,share=0.2898,tput=4.29]
epoch 34: eval=0.7680
epoch 35: loss=0.524215, train_acc=0.8206, time=10.7s
per-rank: rank0[cuda0,share=0.4175,tput=2.56] rank1[cuda1,share=0.2913,tput=3.34] rank2[cuda2,share=0.2911,tput=2.65]
epoch 35: eval=0.8054
epoch 36: loss=0.530524, train_acc=0.8184, time=9.5s
per-rank: rank0[cuda0,share=0.4197,tput=3.32] rank1[cuda1,share=0.2910,tput=2.37] rank2[cuda2,share=0.2893,tput=2.90]
epoch 36: eval=0.7722
epoch 37: loss=0.521643, train_acc=0.8193, time=9.6s
per-rank: rank0[cuda0,share=0.4229,tput=2.12] rank1[cuda1,share=0.2908,tput=2.44] rank2[cuda2,share=0.2863,tput=5.62]
epoch 37: eval=0.7748
epoch 38: loss=0.518195, train_acc=0.8230, time=9.5s
per-rank: rank0[cuda0,share=0.4232,tput=2.45] rank1[cuda1,share=0.2906,tput=2.08] rank2[cuda2,share=0.2863,tput=5.73]
epoch 38: eval=0.7831
epoch 39: loss=0.518389, train_acc=0.8223, time=9.5s
per-rank: rank0[cuda0,share=0.4223,tput=2.96] rank1[cuda1,share=0.2899,tput=3.48] rank2[cuda2,share=0.2877,tput=2.47]
epoch 39: eval=0.8404
epoch 40: loss=0.504583, train_acc=0.8276, time=9.5s
per-rank: rank0[cuda0,share=0.4218,tput=4.38] rank1[cuda1,share=0.2900,tput=4.41] rank2[cuda2,share=0.2882,tput=2.28]
epoch 40: eval=0.7419
epoch 41: loss=0.504823, train_acc=0.8265, time=9.5s
per-rank: rank0[cuda0,share=0.4178,tput=3.41] rank1[cuda1,share=0.2915,tput=2.28] rank2[cuda2,share=0.2907,tput=3.23]
epoch 41: eval=0.7853
epoch 42: loss=0.504295, train_acc=0.8281, time=10.9s
per-rank: rank0[cuda0,share=0.4118,tput=2.18] rank1[cuda1,share=0.2942,tput=2.87] rank2[cuda2,share=0.2940,tput=5.15]
epoch 42: eval=0.7778
epoch 43: loss=0.504311, train_acc=0.8278, time=10.2s
per-rank: rank0[cuda0,share=0.4095,tput=3.17] rank2[cuda2,share=0.2965,tput=3.08] rank1[cuda1,share=0.2941,tput=2.58]
epoch 43: eval=0.8241
epoch 44: loss=0.495252, train_acc=0.8312, time=9.3s
per-rank: rank0[cuda0,share=0.4103,tput=3.10] rank2[cuda2,share=0.2964,tput=4.51] rank1[cuda1,share=0.2934,tput=2.47]
epoch 44: eval=0.7771
epoch 45: loss=0.495935, train_acc=0.8296, time=9.6s
per-rank: rank0[cuda0,share=0.4116,tput=1.97] rank2[cuda2,share=0.2953,tput=5.84] rank1[cuda1,share=0.2931,tput=2.63]
epoch 45: eval=0.7904
epoch 46: loss=0.502090, train_acc=0.8268, time=9.5s
per-rank: rank0[cuda0,share=0.4130,tput=4.47] rank2[cuda2,share=0.2949,tput=2.40] rank1[cuda1,share=0.2921,tput=2.96]
epoch 46: eval=0.8367
epoch 47: loss=0.489756, train_acc=0.8335, time=11.0s
per-rank: rank0[cuda0,share=0.4180,tput=2.25] rank2[cuda2,share=0.2933,tput=4.78] rank1[cuda1,share=0.2887,tput=3.15]
epoch 47: eval=0.8088
epoch 48: loss=0.496202, train_acc=0.8296, time=10.4s
per-rank: rank0[cuda0,share=0.4198,tput=2.59] rank2[cuda2,share=0.2927,tput=2.58] rank1[cuda1,share=0.2875,tput=3.48]
epoch 48: eval=0.7854
epoch 49: loss=0.492070, train_acc=0.8341, time=11.1s
per-rank: rank0[cuda0,share=0.4204,tput=2.29] rank2[cuda2,share=0.2944,tput=4.29] rank1[cuda1,share=0.2852,tput=4.05]
epoch 49: eval=0.7892
epoch 50: loss=0.487012, train_acc=0.8332, time=10.7s
per-rank: rank0[cuda0,share=0.4200,tput=2.34] rank2[cuda2,share=0.2951,tput=2.72] rank1[cuda1,share=0.2849,tput=3.34]
epoch 50: eval=0.7820
epoch 51: loss=0.489076, train_acc=0.8325, time=9.6s
per-rank: rank0[cuda0,share=0.4201,tput=2.57] rank2[cuda2,share=0.2962,tput=2.29] rank1[cuda1,share=0.2838,tput=3.92]
epoch 51: eval=0.7018
epoch 52: loss=0.489516, train_acc=0.8322, time=9.5s
per-rank: rank0[cuda0,share=0.4189,tput=3.92] rank2[cuda2,share=0.2967,tput=2.04] rank1[cuda1,share=0.2844,tput=4.86]
epoch 52: eval=0.7545
epoch 53: loss=0.486637, train_acc=0.8328, time=9.6s
per-rank: rank0[cuda0,share=0.4157,tput=2.82] rank2[cuda2,share=0.2962,tput=3.20] rank1[cuda1,share=0.2881,tput=2.51]
epoch 53: eval=0.8122
epoch 54: loss=0.487541, train_acc=0.8329, time=11.7s
per-rank: rank0[cuda0,share=0.4115,tput=2.03] rank2[cuda2,share=0.2951,tput=2.89] rank1[cuda1,share=0.2934,tput=5.31]
epoch 54: eval=0.7888
epoch 55: loss=0.472824, train_acc=0.8371, time=10.5s
per-rank: rank0[cuda0,share=0.4071,tput=2.66] rank1[cuda1,share=0.2990,tput=2.78] rank2[cuda2,share=0.2939,tput=3.28]
epoch 55: eval=0.7632
epoch 56: loss=0.484255, train_acc=0.8345, time=9.4s
per-rank: rank0[cuda0,share=0.4067,tput=3.17] rank1[cuda1,share=0.3026,tput=2.53] rank2[cuda2,share=0.2907,tput=3.08]
epoch 56: eval=0.7776
epoch 57: loss=0.481425, train_acc=0.8348, time=9.5s
per-rank: rank0[cuda0,share=0.4056,tput=3.26] rank1[cuda1,share=0.3057,tput=2.33] rank2[cuda2,share=0.2887,tput=3.26]
epoch 57: eval=0.7061
epoch 58: loss=0.464661, train_acc=0.8404, time=9.4s
per-rank: rank0[cuda0,share=0.4076,tput=4.02] rank1[cuda1,share=0.3030,tput=2.00] rank2[cuda2,share=0.2894,tput=5.02]
epoch 58: eval=0.8459
epoch 59: loss=0.478231, train_acc=0.8371, time=10.2s
per-rank: rank0[cuda0,share=0.4079,tput=2.20] rank1[cuda1,share=0.3018,tput=2.49] rank2[cuda2,share=0.2903,tput=4.66]
epoch 59: eval=0.7519
epoch 60: loss=0.465751, train_acc=0.8399, time=11.1s
per-rank: rank0[cuda0,share=0.4061,tput=2.17] rank1[cuda1,share=0.2987,tput=3.01] rank2[cuda2,share=0.2952,tput=5.24]
epoch 60: eval=0.7831
epoch 61: loss=0.465757, train_acc=0.8410, time=10.6s
per-rank: rank0[cuda0,share=0.4054,tput=2.64] rank2[cuda2,share=0.3002,tput=2.54] rank1[cuda1,share=0.2944,tput=3.35]
epoch 61: eval=0.7627
epoch 62: loss=0.459062, train_acc=0.8406, time=9.8s
per-rank: rank0[cuda0,share=0.4062,tput=2.92] rank2[cuda2,share=0.3003,tput=1.95] rank1[cuda1,share=0.2935,tput=3.79]
epoch 62: eval=0.7654
epoch 63: loss=0.470554, train_acc=0.8383, time=10.1s
per-rank: rank0[cuda0,share=0.4103,tput=2.95] rank2[cuda2,share=0.2988,tput=2.81] rank1[cuda1,share=0.2908,tput=2.36]
epoch 63: eval=0.8404
epoch 64: loss=0.460628, train_acc=0.8424, time=12.2s
per-rank: rank0[cuda0,share=0.4138,tput=2.06] rank2[cuda2,share=0.2936,tput=4.50] rank1[cuda1,share=0.2926,tput=3.46]
epoch 64: eval=0.7849
epoch 65: loss=0.458957, train_acc=0.8432, time=11.2s
per-rank: rank0[cuda0,share=0.4172,tput=2.12] rank1[cuda1,share=0.2946,tput=3.72] rank2[cuda2,share=0.2881,tput=2.38]
epoch 65: eval=0.7615
epoch 66: loss=0.450337, train_acc=0.8456, time=9.8s
per-rank: rank0[cuda0,share=0.4163,tput=3.13] rank1[cuda1,share=0.3014,tput=2.55] rank2[cuda2,share=0.2823,tput=2.77]
epoch 66: eval=0.8422
epoch 67: loss=0.460001, train_acc=0.8418, time=12.2s
per-rank: rank0[cuda0,share=0.4165,tput=2.01] rank1[cuda1,share=0.3048,tput=4.83] rank2[cuda2,share=0.2787,tput=3.20]
epoch 67: eval=0.8393
epoch 68: loss=0.456464, train_acc=0.8417, time=11.2s
per-rank: rank0[cuda0,share=0.4121,tput=2.06] rank1[cuda1,share=0.3080,tput=3.91] rank2[cuda2,share=0.2798,tput=2.50]
epoch 68: eval=0.8054
epoch 69: loss=0.446771, train_acc=0.8472, time=11.9s
per-rank: rank0[cuda0,share=0.4091,tput=2.03] rank1[cuda1,share=0.3073,tput=5.08] rank2[cuda2,share=0.2835,tput=3.12]
epoch 69: eval=0.7608
epoch 70: loss=0.441436, train_acc=0.8486, time=10.5s
per-rank: rank0[cuda0,share=0.4021,tput=2.20] rank1[cuda1,share=0.3111,tput=4.04] rank2[cuda2,share=0.2868,tput=2.53]
epoch 70: eval=0.7792
epoch 71: loss=0.431133, train_acc=0.8545, time=9.6s
per-rank: rank0[cuda0,share=0.3925,tput=3.41] rank1[cuda1,share=0.3155,tput=2.25] rank2[cuda2,share=0.2920,tput=3.22]
epoch 71: eval=0.8442
epoch 72: loss=0.425702, train_acc=0.8540, time=9.7s
per-rank: rank0[cuda0,share=0.3998,tput=2.21] rank1[cuda1,share=0.3047,tput=2.35] rank2[cuda2,share=0.2955,tput=5.54]
epoch 72: eval=0.7727
epoch 73: loss=0.414552, train_acc=0.8578, time=9.7s
per-rank: rank0[cuda0,share=0.4041,tput=3.38] rank2[cuda2,share=0.3010,tput=2.56] rank1[cuda1,share=0.2949,tput=3.00]
epoch 73: eval=0.8219
epoch 74: loss=0.401407, train_acc=0.8609, time=9.8s
per-rank: rank0[cuda0,share=0.3669,tput=2.67] rank1[cuda1,share=0.3165,tput=3.46] rank2[cuda2,share=0.3165,tput=2.54]
epoch 74: eval=0.8095
epoch 75: loss=0.398694, train_acc=0.8626, time=10.0s
per-rank: rank0[cuda0,share=0.3918,tput=3.52] rank2[cuda2,share=0.3095,tput=4.49] rank1[cuda1,share=0.2987,tput=2.16]
epoch 75: eval=0.7370
epoch 76: loss=0.400637, train_acc=0.8634, time=9.8s
per-rank: rank0[cuda0,share=0.4026,tput=3.06] rank2[cuda2,share=0.3034,tput=2.90] rank1[cuda1,share=0.2940,tput=2.62]
epoch 76: eval=0.8064
epoch 77: loss=0.389301, train_acc=0.8653, time=9.9s
per-rank: rank0[cuda0,share=0.3932,tput=2.47] rank1[cuda1,share=0.3155,tput=2.48] rank2[cuda2,share=0.2913,tput=4.63]
epoch 77: eval=0.8380
epoch 78: loss=0.382959, train_acc=0.8681, time=9.9s
per-rank: rank0[cuda0,share=0.3783,tput=2.74] rank1[cuda1,share=0.3144,tput=4.07] rank2[cuda2,share=0.3073,tput=2.44]
epoch 78: eval=0.8313
epoch 79: loss=0.397163, train_acc=0.8645, time=10.1s
per-rank: rank0[cuda0,share=0.3873,tput=2.22] rank1[cuda1,share=0.3075,tput=2.21] rank2[cuda2,share=0.3052,tput=5.13]
epoch 79: eval=0.8264
epoch 80: loss=0.402330, train_acc=0.8612, time=10.1s
per-rank: rank0[cuda0,share=0.3857,tput=2.63] rank1[cuda1,share=0.3121,tput=2.10] rank2[cuda2,share=0.3022,tput=4.85]
epoch 80: eval=0.8430
epoch 81: loss=0.396290, train_acc=0.8631, time=10.1s
per-rank: rank0[cuda0,share=0.3981,tput=3.22] rank1[cuda1,share=0.3241,tput=2.61] rank2[cuda2,share=0.2778,tput=2.50]
epoch 81: eval=0.8611
epoch 82: loss=0.394498, train_acc=0.8632, time=11.8s
per-rank: rank0[cuda0,share=0.4241,tput=2.05] rank1[cuda1,share=0.3059,tput=4.42] rank2[cuda2,share=0.2700,tput=3.09]
epoch 82: eval=0.8195
epoch 83: loss=0.395123, train_acc=0.8638, time=11.1s
per-rank: rank0[cuda0,share=0.3858,tput=2.26] rank1[cuda1,share=0.3219,tput=3.80] rank2[cuda2,share=0.2922,tput=2.43]
epoch 83: eval=0.7758
epoch 84: loss=0.392224, train_acc=0.8651, time=12.8s
per-rank: rank0[cuda0,share=0.3778,tput=1.94] rank2[cuda2,share=0.3162,tput=4.33] rank1[cuda1,share=0.3060,tput=3.64]
epoch 84: eval=0.8161
epoch 85: loss=0.400179, train_acc=0.8620, time=11.2s
per-rank: rank0[cuda0,share=0.4145,tput=2.39] rank2[cuda2,share=0.2986,tput=3.95] rank1[cuda1,share=0.2868,tput=2.29]
epoch 85: eval=0.8282
epoch 86: loss=0.399649, train_acc=0.8626, time=10.2s
per-rank: rank0[cuda0,share=0.3923,tput=1.97] rank1[cuda1,share=0.3220,tput=6.56] rank2[cuda2,share=0.2857,tput=2.21]
epoch 86: eval=0.7800
epoch 87: loss=0.385818, train_acc=0.8684, time=9.9s
per-rank: rank0[cuda0,share=0.4243,tput=3.82] rank1[cuda1,share=0.3000,tput=2.40] rank2[cuda2,share=0.2757,tput=2.92]
epoch 87: eval=0.8295
epoch 88: loss=0.391055, train_acc=0.8646, time=9.9s
per-rank: rank0[cuda0,share=0.3656,tput=2.04] rank2[cuda2,share=0.3216,tput=2.42] rank1[cuda1,share=0.3128,tput=5.63]
epoch 88: eval=0.8610
epoch 89: loss=0.383158, train_acc=0.8680, time=9.9s
per-rank: rank0[cuda0,share=0.4239,tput=4.34] rank2[cuda2,share=0.2944,tput=3.18] rank1[cuda1,share=0.2817,tput=1.95]
epoch 89: eval=0.8555
epoch 90: loss=0.384857, train_acc=0.8668, time=10.0s
per-rank: rank0[cuda0,share=0.3856,tput=2.03] rank1[cuda1,share=0.3112,tput=6.21] rank2[cuda2,share=0.3032,tput=2.43]
epoch 90: eval=0.7893
epoch 91: loss=0.393183, train_acc=0.8662, time=10.1s
per-rank: rank0[cuda0,share=0.3779,tput=2.93] rank2[cuda2,share=0.3180,tput=3.26] rank1[cuda1,share=0.3041,tput=2.31]
epoch 91: eval=0.8304
epoch 92: loss=0.412248, train_acc=0.8595, time=9.9s
per-rank: rank0[cuda0,share=0.4155,tput=3.68] rank1[cuda1,share=0.3058,tput=2.26] rank2[cuda2,share=0.2788,tput=3.84]
epoch 92: eval=0.7943
epoch 93: loss=0.386550, train_acc=0.8667, time=13.1s
per-rank: rank0[cuda0,share=0.4095,tput=2.02] rank1[cuda1,share=0.3166,tput=3.70] rank2[cuda2,share=0.2739,tput=5.02]
epoch 93: eval=0.7967
epoch 94: loss=0.379843, train_acc=0.8688, time=11.6s
per-rank: rank0[cuda0,share=0.3798,tput=2.03] rank1[cuda1,share=0.3224,tput=4.33] rank2[cuda2,share=0.2978,tput=2.53]
epoch 94: eval=0.8515
epoch 95: loss=0.380762, train_acc=0.8684, time=11.2s
per-rank: rank0[cuda0,share=0.4211,tput=2.11] rank1[cuda1,share=0.3092,tput=4.99] rank2[cuda2,share=0.2697,tput=2.78]
epoch 95: eval=0.8240
epoch 96: loss=0.505049, train_acc=0.8288, time=10.5s
per-rank: rank0[cuda0,share=0.4161,tput=3.44] rank1[cuda1,share=0.3033,tput=2.01] rank2[cuda2,share=0.2805,tput=3.80]
epoch 96: eval=0.6699
epoch 97: loss=0.491659, train_acc=0.8313, time=9.6s
per-rank: rank0[cuda0,share=0.4174,tput=3.54] rank1[cuda1,share=0.2946,tput=2.02] rank2[cuda2,share=0.2880,tput=3.40]
epoch 97: eval=0.8075
epoch 98: loss=0.480663, train_acc=0.8348, time=9.9s
per-rank: rank0[cuda0,share=0.4186,tput=2.81] rank1[cuda1,share=0.2913,tput=2.25] rank2[cuda2,share=0.2901,tput=3.29]
epoch 98: eval=0.8350
epoch 99: loss=0.470433, train_acc=0.8408, time=9.5s
per-rank: rank0[cuda0,share=0.4196,tput=2.25] rank2[cuda2,share=0.2916,tput=1.97] rank1[cuda1,share=0.2889,tput=6.44]
epoch 99: eval=0.7810
epoch 100: loss=0.369953, train_acc=0.8738, time=9.8s
per-rank: rank0[cuda0,share=0.4204,tput=2.00] rank2[cuda2,share=0.2927,tput=4.94] rank1[cuda1,share=0.2869,tput=2.45]
epoch 100: eval=0.8994
epoch 101: loss=0.232403, train_acc=0.9204, time=9.8s
per-rank: rank0[cuda0,share=0.4213,tput=3.32] rank2[cuda2,share=0.2932,tput=2.97] rank1[cuda1,share=0.2855,tput=2.21]
epoch 101: eval=0.9045
epoch 102: loss=0.217646, train_acc=0.9233, time=12.8s
per-rank: rank0[cuda0,share=0.4203,tput=1.95] rank2[cuda2,share=0.2944,tput=4.14] rank1[cuda1,share=0.2853,tput=3.46]
epoch 102: eval=0.9045
epoch 103: loss=0.207671, train_acc=0.9296, time=11.7s
per-rank: rank0[cuda0,share=0.4195,tput=1.85] rank2[cuda2,share=0.2954,tput=3.55] rank1[cuda1,share=0.2851,tput=2.64]
epoch 103: eval=0.9080
epoch 104: loss=0.198925, train_acc=0.9306, time=9.9s
per-rank: rank0[cuda0,share=0.4194,tput=2.70] rank2[cuda2,share=0.2949,tput=2.96] rank1[cuda1,share=0.2856,tput=2.50]
epoch 104: eval=0.9075
epoch 105: loss=0.193063, train_acc=0.9314, time=12.4s
per-rank: rank0[cuda0,share=0.4157,tput=2.03] rank2[cuda2,share=0.2971,tput=4.90] rank1[cuda1,share=0.2872,tput=3.47]
epoch 105: eval=0.9107
epoch 106: loss=0.185369, train_acc=0.9368, time=11.3s
per-rank: rank0[cuda0,share=0.4157,tput=2.17] rank2[cuda2,share=0.2971,tput=2.67] rank1[cuda1,share=0.2872,tput=3.39]
epoch 106: eval=0.9066
epoch 107: loss=0.180828, train_acc=0.9379, time=9.9s
per-rank: rank0[cuda0,share=0.4103,tput=2.29] rank2[cuda2,share=0.2982,tput=5.29] rank1[cuda1,share=0.2916,tput=2.25]
epoch 107: eval=0.9094
epoch 108: loss=0.176906, train_acc=0.9389, time=11.8s
per-rank: rank0[cuda0,share=0.4075,tput=2.01] rank2[cuda2,share=0.2987,tput=2.72] rank1[cuda1,share=0.2938,tput=5.14]
epoch 108: eval=0.9098
epoch 109: loss=0.172252, train_acc=0.9403, time=10.7s
per-rank: rank0[cuda0,share=0.4047,tput=2.51] rank2[cuda2,share=0.2993,tput=3.38] rank1[cuda1,share=0.2960,tput=2.45]
epoch 109: eval=0.9112
epoch 110: loss=0.168886, train_acc=0.9411, time=11.5s
per-rank: rank0[cuda0,share=0.4010,tput=2.04] rank1[cuda1,share=0.3004,tput=3.48] rank2[cuda2,share=0.2986,tput=4.28]
epoch 110: eval=0.9104
epoch 111: loss=0.167027, train_acc=0.9417, time=11.0s
per-rank: rank0[cuda0,share=0.4010,tput=1.81] rank1[cuda1,share=0.3004,tput=2.77] rank2[cuda2,share=0.2986,tput=3.51]
epoch 111: eval=0.9065
epoch 112: loss=0.162848, train_acc=0.9433, time=10.0s
per-rank: rank0[cuda0,share=0.4002,tput=2.26] rank1[cuda1,share=0.3024,tput=2.48] rank2[cuda2,share=0.2973,tput=3.59]
epoch 112: eval=0.9111
epoch 113: loss=0.158644, train_acc=0.9458, time=9.9s
per-rank: rank0[cuda0,share=0.3949,tput=2.88] rank1[cuda1,share=0.3058,tput=2.11] rank2[cuda2,share=0.2994,tput=3.44]
epoch 113: eval=0.9135
epoch 114: loss=0.155690, train_acc=0.9456, time=11.2s
per-rank: rank0[cuda0,share=0.3936,tput=2.05] rank1[cuda1,share=0.3062,tput=4.43] rank2[cuda2,share=0.3002,tput=3.15]
epoch 114: eval=0.9094
epoch 115: loss=0.153622, train_acc=0.9464, time=10.3s
per-rank: rank0[cuda0,share=0.3911,tput=2.76] rank1[cuda1,share=0.3071,tput=2.57] rank2[cuda2,share=0.3018,tput=3.14]
epoch 115: eval=0.9122
epoch 116: loss=0.150873, train_acc=0.9468, time=9.7s
per-rank: rank0[cuda0,share=0.3898,tput=3.05] rank1[cuda1,share=0.3076,tput=3.82] rank2[cuda2,share=0.3026,tput=1.88]
epoch 116: eval=0.9154
epoch 117: loss=0.150094, train_acc=0.9471, time=11.7s
per-rank: rank0[cuda0,share=0.3905,tput=1.96] rank1[cuda1,share=0.3079,tput=3.47] rank2[cuda2,share=0.3016,tput=4.15]
epoch 117: eval=0.9132
epoch 118: loss=0.144814, train_acc=0.9485, time=10.8s
per-rank: rank0[cuda0,share=0.3912,tput=2.19] rank1[cuda1,share=0.3082,tput=3.38] rank2[cuda2,share=0.3006,tput=2.72]
epoch 118: eval=0.9079
epoch 119: loss=0.142833, train_acc=0.9501, time=10.0s
per-rank: rank0[cuda0,share=0.3885,tput=2.18] rank1[cuda1,share=0.3092,tput=2.18] rank2[cuda2,share=0.3023,tput=4.82]
epoch 119: eval=0.9127
epoch 120: loss=0.140257, train_acc=0.9500, time=9.9s
per-rank: rank0[cuda0,share=0.3909,tput=4.12] rank1[cuda1,share=0.3066,tput=2.71] rank2[cuda2,share=0.3025,tput=2.37]
epoch 120: eval=0.9101
epoch 121: loss=0.139942, train_acc=0.9505, time=9.8s
per-rank: rank0[cuda0,share=0.3909,tput=2.46] rank1[cuda1,share=0.3063,tput=3.84] rank2[cuda2,share=0.3028,tput=2.27]
epoch 121: eval=0.9138
epoch 122: loss=0.134746, train_acc=0.9529, time=11.8s
per-rank: rank0[cuda0,share=0.3916,tput=2.03] rank1[cuda1,share=0.3061,tput=4.98] rank2[cuda2,share=0.3023,tput=2.98]
epoch 122: eval=0.9137
epoch 123: loss=0.135618, train_acc=0.9510, time=10.7s
per-rank: rank0[cuda0,share=0.3922,tput=2.47] rank1[cuda1,share=0.3062,tput=3.30] rank2[cuda2,share=0.3016,tput=2.53]
epoch 123: eval=0.9096
epoch 124: loss=0.135331, train_acc=0.9520, time=9.7s
per-rank: rank0[cuda0,share=0.3927,tput=2.49] rank1[cuda1,share=0.3060,tput=2.44] rank2[cuda2,share=0.3013,tput=4.25]
epoch 124: eval=0.9111
epoch 125: loss=0.134497, train_acc=0.9525, time=11.9s
per-rank: rank0[cuda0,share=0.3939,tput=2.02] rank1[cuda1,share=0.3050,tput=3.69] rank2[cuda2,share=0.3012,tput=3.97]
epoch 125: eval=0.9067
epoch 126: loss=0.132783, train_acc=0.9535, time=10.7s
per-rank: rank0[cuda0,share=0.3966,tput=2.47] rank1[cuda1,share=0.3032,tput=2.64] rank2[cuda2,share=0.3002,tput=3.36]
epoch 126: eval=0.9112
epoch 127: loss=0.131267, train_acc=0.9537, time=9.7s
per-rank: rank0[cuda0,share=0.4016,tput=2.94] rank1[cuda1,share=0.3018,tput=4.22] rank2[cuda2,share=0.2966,tput=2.42]
epoch 127: eval=0.9116
epoch 128: loss=0.131426, train_acc=0.9534, time=10.0s
per-rank: rank0[cuda0,share=0.4036,tput=2.83] rank1[cuda1,share=0.3024,tput=2.73] rank2[cuda2,share=0.2940,tput=3.57]
epoch 128: eval=0.9046
epoch 129: loss=0.131115, train_acc=0.9525, time=9.7s
per-rank: rank0[cuda0,share=0.4051,tput=3.00] rank1[cuda1,share=0.3020,tput=3.03] rank2[cuda2,share=0.2929,tput=2.56]
epoch 129: eval=0.9067
epoch 130: loss=0.124956, train_acc=0.9569, time=11.6s
per-rank: rank0[cuda0,share=0.4076,tput=2.08] rank1[cuda1,share=0.2990,tput=4.03] rank2[cuda2,share=0.2934,tput=3.41]
epoch 130: eval=0.9038
epoch 131: loss=0.125422, train_acc=0.9555, time=11.3s
per-rank: rank0[cuda0,share=0.4095,tput=2.57] rank1[cuda1,share=0.2953,tput=2.68] rank2[cuda2,share=0.2953,tput=2.89]
epoch 131: eval=0.9133
epoch 132: loss=0.122564, train_acc=0.9570, time=10.4s
per-rank: rank0[cuda0,share=0.4090,tput=2.74] rank2[cuda2,share=0.2961,tput=3.04] rank1[cuda1,share=0.2949,tput=2.13]
epoch 132: eval=0.9070
epoch 133: loss=0.123650, train_acc=0.9558, time=12.6s
per-rank: rank0[cuda0,share=0.4081,tput=1.99] rank2[cuda2,share=0.2978,tput=4.40] rank1[cuda1,share=0.2941,tput=3.52]
epoch 133: eval=0.9088
epoch 134: loss=0.122028, train_acc=0.9566, time=11.4s
per-rank: rank0[cuda0,share=0.4056,tput=1.99] rank2[cuda2,share=0.3006,tput=2.61] rank1[cuda1,share=0.2938,tput=3.65]
epoch 134: eval=0.9002
epoch 135: loss=0.126975, train_acc=0.9549, time=10.2s
per-rank: rank0[cuda0,share=0.4041,tput=2.42] rank2[cuda2,share=0.3029,tput=3.29] rank1[cuda1,share=0.2930,tput=2.51]
epoch 135: eval=0.9080
epoch 136: loss=0.118095, train_acc=0.9576, time=10.2s
per-rank: rank0[cuda0,share=0.4026,tput=3.14] rank2[cuda2,share=0.3032,tput=3.21] rank1[cuda1,share=0.2942,tput=1.98]
epoch 136: eval=0.9095
epoch 137: loss=0.117966, train_acc=0.9580, time=10.2s
per-rank: rank0[cuda0,share=0.3987,tput=3.01] rank2[cuda2,share=0.3034,tput=3.07] rank1[cuda1,share=0.2979,tput=2.09]
epoch 137: eval=0.9076
epoch 138: loss=0.119879, train_acc=0.9576, time=10.0s
per-rank: rank0[cuda0,share=0.3953,tput=2.48] rank2[cuda2,share=0.3043,tput=1.96] rank1[cuda1,share=0.3005,tput=5.40]
epoch 138: eval=0.9088
epoch 139: loss=0.119317, train_acc=0.9576, time=10.1s
per-rank: rank0[cuda0,share=0.3938,tput=3.28] rank2[cuda2,share=0.3050,tput=4.43] rank1[cuda1,share=0.3012,tput=1.99]
epoch 139: eval=0.9009
epoch 140: loss=0.118723, train_acc=0.9588, time=12.7s
per-rank: rank0[cuda0,share=0.3935,tput=1.86] rank2[cuda2,share=0.3035,tput=4.36] rank1[cuda1,share=0.3030,tput=3.10]
epoch 140: eval=0.9019
epoch 141: loss=0.119017, train_acc=0.9574, time=11.3s
per-rank: rank0[cuda0,share=0.3963,tput=2.34] rank2[cuda2,share=0.3024,tput=3.54] rank1[cuda1,share=0.3013,tput=2.43]
epoch 141: eval=0.9107
epoch 142: loss=0.120599, train_acc=0.9580, time=12.4s
per-rank: rank0[cuda0,share=0.3985,tput=1.93] rank2[cuda2,share=0.3024,tput=4.31] rank1[cuda1,share=0.2990,tput=3.42]
epoch 142: eval=0.9045
epoch 143: loss=0.118546, train_acc=0.9580, time=11.4s
per-rank: rank0[cuda0,share=0.4007,tput=2.26] rank2[cuda2,share=0.3007,tput=2.38] rank1[cuda1,share=0.2987,tput=3.42]
epoch 143: eval=0.8998
epoch 144: loss=0.115322, train_acc=0.9587, time=9.9s
per-rank: rank0[cuda0,share=0.4025,tput=2.07] rank1[cuda1,share=0.2992,tput=2.34] rank2[cuda2,share=0.2983,tput=5.30]
epoch 144: eval=0.9007
epoch 145: loss=0.115560, train_acc=0.9590, time=11.9s
per-rank: rank0[cuda0,share=0.4010,tput=1.98] rank1[cuda1,share=0.3005,tput=3.27] rank2[cuda2,share=0.2985,tput=4.10]
epoch 145: eval=0.8965
epoch 146: loss=0.114836, train_acc=0.9587, time=11.1s
per-rank: rank0[cuda0,share=0.4005,tput=2.49] rank1[cuda1,share=0.3030,tput=3.21] rank2[cuda2,share=0.2964,tput=2.33]
epoch 146: eval=0.9022
epoch 147: loss=0.118830, train_acc=0.9584, time=10.0s
per-rank: rank0[cuda0,share=0.4016,tput=3.16] rank1[cuda1,share=0.3047,tput=3.05] rank2[cuda2,share=0.2937,tput=2.12]
epoch 147: eval=0.9065
epoch 148: loss=0.115574, train_acc=0.9583, time=9.9s
per-rank: rank0[cuda0,share=0.4036,tput=2.07] rank1[cuda1,share=0.3045,tput=2.50] rank2[cuda2,share=0.2918,tput=5.27]
epoch 148: eval=0.9085
epoch 149: loss=0.117978, train_acc=0.9575, time=9.7s
per-rank: rank0[cuda0,share=0.4050,tput=2.03] rank1[cuda1,share=0.3046,tput=5.20] rank2[cuda2,share=0.2904,tput=2.34]
epoch 149: eval=0.9033
epoch 150: loss=0.083703, train_acc=0.9720, time=12.2s
per-rank: rank0[cuda0,share=0.4041,tput=1.92] rank1[cuda1,share=0.3047,tput=4.64] rank2[cuda2,share=0.2912,tput=3.28]
epoch 150: eval=0.9216
epoch 151: loss=0.073251, train_acc=0.9763, time=10.9s
per-rank: rank0[cuda0,share=0.4012,tput=2.36] rank1[cuda1,share=0.3034,tput=2.18] rank2[cuda2,share=0.2954,tput=4.14]
epoch 151: eval=0.9208
epoch 152: loss=0.070323, train_acc=0.9770, time=11.4s
per-rank: rank0[cuda0,share=0.3964,tput=2.04] rank2[cuda2,share=0.3023,tput=4.50] rank1[cuda1,share=0.3013,tput=3.43]
epoch 152: eval=0.9207
epoch 153: loss=0.067557, train_acc=0.9777, time=10.7s
per-rank: rank0[cuda0,share=0.3929,tput=2.85] rank2[cuda2,share=0.3074,tput=3.69] rank1[cuda1,share=0.2997,tput=2.09]
epoch 153: eval=0.9214
epoch 154: loss=0.066029, train_acc=0.9786, time=9.5s
per-rank: rank0[cuda0,share=0.3933,tput=3.29] rank2[cuda2,share=0.3118,tput=2.54] rank1[cuda1,share=0.2950,tput=4.67]
epoch 154: eval=0.9225
epoch 155: loss=0.065915, train_acc=0.9788, time=9.6s
per-rank: rank0[cuda0,share=0.3911,tput=1.92] rank2[cuda2,share=0.3154,tput=2.43] rank1[cuda1,share=0.2935,tput=6.29]
epoch 155: eval=0.9208
epoch 156: loss=0.064074, train_acc=0.9797, time=9.5s
per-rank: rank0[cuda0,share=0.3861,tput=3.03] rank2[cuda2,share=0.3176,tput=2.12] rank1[cuda1,share=0.2963,tput=4.14]
epoch 156: eval=0.9217
epoch 157: loss=0.062105, train_acc=0.9804, time=9.5s
per-rank: rank0[cuda0,share=0.3898,tput=2.49] rank2[cuda2,share=0.3157,tput=2.28] rank1[cuda1,share=0.2945,tput=5.37]
epoch 157: eval=0.9218
epoch 158: loss=0.062023, train_acc=0.9796, time=9.8s
per-rank: rank0[cuda0,share=0.3945,tput=2.81] rank2[cuda2,share=0.3103,tput=3.22] rank1[cuda1,share=0.2952,tput=2.60]
epoch 158: eval=0.9218
epoch 159: loss=0.061688, train_acc=0.9799, time=9.5s
per-rank: rank0[cuda0,share=0.4005,tput=3.34] rank2[cuda2,share=0.3047,tput=2.09] rank1[cuda1,share=0.2948,tput=3.83]
epoch 159: eval=0.9214
epoch 160: loss=0.062066, train_acc=0.9796, time=9.6s
per-rank: rank0[cuda0,share=0.4055,tput=3.67] rank2[cuda2,share=0.2977,tput=1.98] rank1[cuda1,share=0.2968,tput=3.60]
epoch 160: eval=0.9208
epoch 161: loss=0.062127, train_acc=0.9801, time=9.5s
per-rank: rank0[cuda0,share=0.3985,tput=3.35] rank1[cuda1,share=0.3067,tput=2.23] rank2[cuda2,share=0.2948,tput=3.43]
epoch 161: eval=0.9224
epoch 162: loss=0.059717, train_acc=0.9817, time=12.4s
per-rank: rank0[cuda0,share=0.3961,tput=1.93] rank1[cuda1,share=0.3072,tput=4.62] rank2[cuda2,share=0.2967,tput=3.51]
epoch 162: eval=0.9198
epoch 163: loss=0.061029, train_acc=0.9799, time=10.9s
per-rank: rank0[cuda0,share=0.3926,tput=2.08] rank1[cuda1,share=0.3062,tput=4.01] rank2[cuda2,share=0.3012,tput=2.78]
epoch 163: eval=0.9180
epoch 164: loss=0.059351, train_acc=0.9807, time=9.5s
per-rank: rank0[cuda0,share=0.3930,tput=4.30] rank2[cuda2,share=0.3117,tput=2.30] rank1[cuda1,share=0.2952,tput=2.65]
epoch 164: eval=0.9194
epoch 165: loss=0.058088, train_acc=0.9809, time=9.9s
per-rank: rank0[cuda0,share=0.3989,tput=3.66] rank2[cuda2,share=0.3140,tput=3.16] rank1[cuda1,share=0.2872,tput=2.60]
epoch 165: eval=0.9213
epoch 166: loss=0.057124, train_acc=0.9818, time=9.7s
per-rank: rank0[cuda0,share=0.3928,tput=3.05] rank2[cuda2,share=0.3139,tput=2.12] rank1[cuda1,share=0.2933,tput=3.78]
epoch 166: eval=0.9205
epoch 167: loss=0.058169, train_acc=0.9810, time=9.6s
per-rank: rank0[cuda0,share=0.3879,tput=3.97] rank1[cuda1,share=0.3065,tput=2.01] rank2[cuda2,share=0.3056,tput=3.18]
epoch 167: eval=0.9199
epoch 168: loss=0.056664, train_acc=0.9824, time=9.8s
per-rank: rank0[cuda0,share=0.4150,tput=2.95] rank1[cuda1,share=0.2939,tput=3.89] rank2[cuda2,share=0.2911,tput=1.95]
epoch 168: eval=0.9205
epoch 169: loss=0.055537, train_acc=0.9824, time=9.5s
per-rank: rank0[cuda0,share=0.4132,tput=3.38] rank1[cuda1,share=0.3151,tput=2.56] rank2[cuda2,share=0.2717,tput=2.97]
epoch 169: eval=0.9193
epoch 170: loss=0.054969, train_acc=0.9825, time=9.6s
per-rank: rank0[cuda0,share=0.4191,tput=3.56] rank2[cuda2,share=0.3021,tput=4.03] rank1[cuda1,share=0.2788,tput=1.90]
epoch 170: eval=0.9196
epoch 171: loss=0.053857, train_acc=0.9830, time=13.1s
per-rank: rank0[cuda0,share=0.3891,tput=1.98] rank1[cuda1,share=0.3213,tput=3.89] rank2[cuda2,share=0.2896,tput=4.29]
epoch 171: eval=0.9196
epoch 172: loss=0.054386, train_acc=0.9827, time=12.0s
per-rank: rank0[cuda0,share=0.3907,tput=1.94] rank1[cuda1,share=0.3071,tput=2.44] rank2[cuda2,share=0.3022,tput=3.72]
epoch 172: eval=0.9200
epoch 173: loss=0.055353, train_acc=0.9824, time=9.8s
per-rank: rank0[cuda0,share=0.4016,tput=3.18] rank1[cuda1,share=0.3185,tput=3.71] rank2[cuda2,share=0.2799,tput=2.18]
epoch 173: eval=0.9198
epoch 174: loss=0.053640, train_acc=0.9831, time=10.2s
per-rank: rank0[cuda0,share=0.3955,tput=2.14] rank1[cuda1,share=0.3060,tput=2.16] rank2[cuda2,share=0.2985,tput=5.81]
epoch 174: eval=0.9194
epoch 175: loss=0.055096, train_acc=0.9828, time=11.2s
per-rank: rank0[cuda0,share=0.4187,tput=2.21] rank2[cuda2,share=0.2950,tput=4.77] rank1[cuda1,share=0.2863,tput=3.37]
epoch 175: eval=0.9203
epoch 176: loss=0.052789, train_acc=0.9824, time=10.5s
per-rank: rank0[cuda0,share=0.4302,tput=2.73] rank1[cuda1,share=0.2934,tput=4.05] rank2[cuda2,share=0.2764,tput=2.14]
epoch 176: eval=0.9191
epoch 177: loss=0.054318, train_acc=0.9817, time=9.7s
per-rank: rank0[cuda0,share=0.4060,tput=2.99] rank1[cuda1,share=0.3155,tput=3.23] rank2[cuda2,share=0.2784,tput=2.40]
epoch 177: eval=0.9217
epoch 178: loss=0.051661, train_acc=0.9832, time=9.9s
per-rank: rank0[cuda0,share=0.4353,tput=4.91] rank1[cuda1,share=0.2910,tput=2.23] rank2[cuda2,share=0.2736,tput=4.17]
epoch 178: eval=0.9228
epoch 179: loss=0.051708, eval=0.9203, train_acc=0.9831, time=10.6s
per-rank: rank0[cuda0,share=0.4355,tput=2.68] rank1[cuda1,share=0.2895,tput=2.30] rank2[cuda2,share=0.2749,tput=5.87]
epoch 180: loss=0.051277, train_acc=0.9836, time=9.8s
per-rank: rank0[cuda0,share=0.4266,tput=2.47] rank1[cuda1,share=0.2954,tput=5.38] rank2[cuda2,share=0.2780,tput=2.39]
epoch 180: eval=0.9221
epoch 181: loss=0.052186, train_acc=0.9832, time=12.0s
per-rank: rank0[cuda0,share=0.4248,tput=2.08] rank1[cuda1,share=0.2964,tput=4.69] rank2[cuda2,share=0.2788,tput=3.65]
epoch 181: eval=0.9193
epoch 182: loss=0.053224, train_acc=0.9826, time=10.7s
per-rank: rank0[cuda0,share=0.4180,tput=2.26] rank1[cuda1,share=0.2999,tput=2.97] rank2[cuda2,share=0.2821,tput=3.58]
epoch 182: eval=0.9175
epoch 183: loss=0.052386, train_acc=0.9825, time=9.5s
per-rank: rank0[cuda0,share=0.4138,tput=3.09] rank1[cuda1,share=0.3022,tput=2.28] rank2[cuda2,share=0.2840,tput=3.53]
epoch 183: eval=0.9187
epoch 184: loss=0.051931, train_acc=0.9834, time=13.7s
per-rank: rank0[cuda0,share=0.4074,tput=1.70] rank1[cuda1,share=0.3055,tput=3.04] rank2[cuda2,share=0.2871,tput=5.02]
epoch 184: eval=0.9197
epoch 185: loss=0.050581, train_acc=0.9838, time=11.2s
per-rank: rank0[cuda0,share=0.4039,tput=2.16] rank1[cuda1,share=0.3057,tput=4.02] rank2[cuda2,share=0.2904,tput=2.71]
epoch 185: eval=0.9196
epoch 186: loss=0.052860, train_acc=0.9831, time=9.4s
per-rank: rank0[cuda0,share=0.4012,tput=3.53] rank1[cuda1,share=0.3060,tput=3.67] rank2[cuda2,share=0.2928,tput=1.91]
epoch 186: eval=0.9189
epoch 187: loss=0.052888, train_acc=0.9832, time=11.2s
per-rank: rank0[cuda0,share=0.3991,tput=2.06] rank1[cuda1,share=0.3062,tput=4.87] rank2[cuda2,share=0.2946,tput=3.04]
epoch 187: eval=0.9197
epoch 188: loss=0.049487, train_acc=0.9838, time=10.3s
per-rank: rank0[cuda0,share=0.3975,tput=2.58] rank1[cuda1,share=0.3063,tput=2.55] rank2[cuda2,share=0.2962,tput=3.38]
epoch 188: eval=0.9190
epoch 189: loss=0.051245, train_acc=0.9827, time=9.4s
per-rank: rank0[cuda0,share=0.3964,tput=3.24] rank1[cuda1,share=0.3063,tput=2.42] rank2[cuda2,share=0.2974,tput=3.21]
epoch 189: eval=0.9213
epoch 190: loss=0.049031, train_acc=0.9844, time=11.2s
per-rank: rank0[cuda0,share=0.3928,tput=2.07] rank1[cuda1,share=0.3071,tput=4.99] rank2[cuda2,share=0.3002,tput=3.13]
epoch 190: eval=0.9202
epoch 191: loss=0.049459, train_acc=0.9840, time=10.5s
per-rank: rank0[cuda0,share=0.3897,tput=3.17] rank1[cuda1,share=0.3084,tput=2.27] rank2[cuda2,share=0.3019,tput=3.35]
epoch 191: eval=0.9204
epoch 192: loss=0.048647, train_acc=0.9842, time=9.5s
per-rank: rank0[cuda0,share=0.3897,tput=2.73] rank1[cuda1,share=0.3084,tput=3.63] rank2[cuda2,share=0.3019,tput=2.34]
epoch 192: eval=0.9180
epoch 193: loss=0.049011, train_acc=0.9840, time=10.2s
per-rank: rank0[cuda0,share=0.3882,tput=3.59] rank1[cuda1,share=0.3087,tput=3.16] rank2[cuda2,share=0.3030,tput=2.13]
epoch 193: eval=0.9186
epoch 194: loss=0.047506, train_acc=0.9846, time=9.4s
per-rank: rank0[cuda0,share=0.3882,tput=3.23] rank1[cuda1,share=0.3087,tput=2.47] rank2[cuda2,share=0.3030,tput=3.09]
epoch 194: eval=0.9185
epoch 195: loss=0.048013, train_acc=0.9838, time=9.9s
per-rank: rank0[cuda0,share=0.3916,tput=4.45] rank1[cuda1,share=0.3076,tput=3.00] rank2[cuda2,share=0.3008,tput=1.90]
epoch 195: eval=0.9192
epoch 196: loss=0.046672, train_acc=0.9850, time=9.3s
per-rank: rank0[cuda0,share=0.3934,tput=3.86] rank1[cuda1,share=0.3074,tput=3.59] rank2[cuda2,share=0.2992,tput=1.76]
epoch 196: eval=0.9191
epoch 197: loss=0.048618, train_acc=0.9845, time=11.4s
per-rank: rank0[cuda0,share=0.3969,tput=2.13] rank1[cuda1,share=0.3064,tput=3.74] rank2[cuda2,share=0.2967,tput=4.36]
epoch 197: eval=0.9167
epoch 198: loss=0.047464, train_acc=0.9856, time=10.6s
per-rank: rank0[cuda0,share=0.3969,tput=2.59] rank1[cuda1,share=0.3064,tput=2.92] rank2[cuda2,share=0.2967,tput=2.98]
epoch 198: eval=0.9183
epoch 199: loss=0.048719, train_acc=0.9845, time=9.3s
per-rank: rank0[cuda0,share=0.3995,tput=4.03] rank1[cuda1,share=0.3070,tput=2.57] rank2[cuda2,share=0.2935,tput=3.25]
final eval=0.9194
# total: 1925.0s (32m 5s)
