# gpu0: NVIDIA GeForce RTX 5060 Ti (15GB, sm_120)
# gpu1: NVIDIA GeForce GTX 1060 6GB (5GB, sm_61)
# gpu2: NVIDIA GeForce GTX 1060 6GB (5GB, sm_61)
epoch 0: loss=2.034737, train_acc=0.2305, time=10.1s
per-rank: rank0[cuda0,share=0.4173,tput=2.95] rank2[cuda2,share=0.3011,tput=2.88] rank1[cuda1,share=0.2815,tput=4.06]
epoch 0: eval=0.3126
epoch 1: loss=1.692725, train_acc=0.3647, time=10.4s
per-rank: rank0[cuda0,share=0.4110,tput=1.88] rank1[cuda1,share=0.3010,tput=6.64] rank2[cuda2,share=0.2880,tput=2.06]
epoch 1: eval=0.3921
epoch 2: loss=1.486248, train_acc=0.4542, time=9.9s
per-rank: rank0[cuda0,share=0.4067,tput=3.64] rank1[cuda1,share=0.2967,tput=2.01] rank2[cuda2,share=0.2967,tput=3.38]
epoch 2: eval=0.4404
epoch 3: loss=1.276559, train_acc=0.5387, time=12.6s
per-rank: rank0[cuda0,share=0.3987,tput=2.00] rank1[cuda1,share=0.3040,tput=3.39] rank2[cuda2,share=0.2974,tput=4.69]
epoch 3: eval=0.5622
epoch 4: loss=1.154234, train_acc=0.5882, time=11.3s
per-rank: rank0[cuda0,share=0.3991,tput=2.17] rank1[cuda1,share=0.3016,tput=3.43] rank2[cuda2,share=0.2993,tput=2.66]
epoch 4: eval=0.6148
epoch 5: loss=1.043121, train_acc=0.6318, time=11.7s
per-rank: rank0[cuda0,share=0.4115,tput=2.10] rank2[cuda2,share=0.3094,tput=3.51] rank1[cuda1,share=0.2791,tput=4.25]
epoch 5: eval=0.6463
epoch 6: loss=0.956111, train_acc=0.6635, time=10.8s
per-rank: rank0[cuda0,share=0.4180,tput=2.45] rank2[cuda2,share=0.3033,tput=2.53] rank1[cuda1,share=0.2787,tput=3.67]
epoch 6: eval=0.6669
epoch 7: loss=0.888734, train_acc=0.6897, time=11.9s
per-rank: rank0[cuda0,share=0.4199,tput=2.16] rank1[cuda1,share=0.2950,tput=4.17] rank2[cuda2,share=0.2852,tput=3.90]
epoch 7: eval=0.6123
epoch 8: loss=0.837941, train_acc=0.7073, time=11.1s
per-rank: rank0[cuda0,share=0.4287,tput=2.39] rank1[cuda1,share=0.3011,tput=3.66] rank2[cuda2,share=0.2702,tput=2.25]
epoch 8: eval=0.6962
epoch 9: loss=0.796022, train_acc=0.7237, time=9.6s
per-rank: rank0[cuda0,share=0.4243,tput=2.88] rank1[cuda1,share=0.2997,tput=3.15] rank2[cuda2,share=0.2760,tput=2.46]
epoch 9: eval=0.7497
epoch 10: loss=0.754065, train_acc=0.7374, time=9.6s
per-rank: rank0[cuda0,share=0.4088,tput=3.23] rank1[cuda1,share=0.3039,tput=2.47] rank2[cuda2,share=0.2873,tput=3.03]
epoch 10: eval=0.6903
epoch 11: loss=0.719515, train_acc=0.7515, time=12.7s
per-rank: rank0[cuda0,share=0.3952,tput=1.96] rank1[cuda1,share=0.3030,tput=3.31] rank2[cuda2,share=0.3018,tput=5.08]
epoch 11: eval=0.7105
epoch 12: loss=0.708998, train_acc=0.7536, time=11.2s
per-rank: rank0[cuda0,share=0.3912,tput=2.34] rank1[cuda1,share=0.3121,tput=4.10] rank2[cuda2,share=0.2967,tput=2.33]
epoch 12: eval=0.7117
epoch 13: loss=0.687143, train_acc=0.7625, time=10.0s
per-rank: rank0[cuda0,share=0.3929,tput=1.86] rank1[cuda1,share=0.3158,tput=5.48] rank2[cuda2,share=0.2912,tput=2.41]
epoch 13: eval=0.6728
epoch 14: loss=0.665143, train_acc=0.7697, time=11.7s
per-rank: rank0[cuda0,share=0.3818,tput=1.92] rank1[cuda1,share=0.3155,tput=4.38] rank2[cuda2,share=0.3027,tput=2.78]
epoch 14: eval=0.7514
epoch 15: loss=0.656074, train_acc=0.7736, time=10.5s
per-rank: rank0[cuda0,share=0.4096,tput=2.72] rank1[cuda1,share=0.3035,tput=3.73] rank2[cuda2,share=0.2869,tput=2.02]
epoch 15: eval=0.7652
epoch 16: loss=0.639423, train_acc=0.7791, time=9.5s
per-rank: rank0[cuda0,share=0.4165,tput=2.56] rank1[cuda1,share=0.3113,tput=2.47] rank2[cuda2,share=0.2722,tput=5.02]
epoch 16: eval=0.7471
epoch 17: loss=0.614199, train_acc=0.7863, time=9.8s
per-rank: rank0[cuda0,share=0.4310,tput=3.55] rank1[cuda1,share=0.3039,tput=3.03] rank2[cuda2,share=0.2651,tput=2.04]
epoch 17: eval=0.7086
epoch 18: loss=0.606407, train_acc=0.7885, time=9.8s
per-rank: rank0[cuda0,share=0.4157,tput=3.83] rank1[cuda1,share=0.3146,tput=3.55] rank2[cuda2,share=0.2697,tput=2.29]
epoch 18: eval=0.7182
epoch 19: loss=0.599729, train_acc=0.7930, time=13.0s
per-rank: rank0[cuda0,share=0.3777,tput=1.80] rank1[cuda1,share=0.3317,tput=4.10] rank2[cuda2,share=0.2906,tput=3.31]
epoch 19: eval=0.7886
epoch 20: loss=0.614571, train_acc=0.7874, time=11.3s
per-rank: rank0[cuda0,share=0.3774,tput=2.34] rank1[cuda1,share=0.3218,tput=2.21] rank2[cuda2,share=0.3008,tput=4.00]
epoch 20: eval=0.7220
epoch 21: loss=0.631935, train_acc=0.7824, time=9.7s
per-rank: rank0[cuda0,share=0.3767,tput=2.35] rank1[cuda1,share=0.3179,tput=2.22] rank2[cuda2,share=0.3055,tput=5.11]
epoch 21: eval=0.6756
epoch 22: loss=0.614716, train_acc=0.7876, time=10.8s
per-rank: rank0[cuda0,share=0.3770,tput=2.13] rank1[cuda1,share=0.3153,tput=3.53] rank2[cuda2,share=0.3077,tput=4.60]
epoch 22: eval=0.7286
epoch 23: loss=0.614443, train_acc=0.7877, time=10.4s
per-rank: rank0[cuda0,share=0.3770,tput=2.92] rank1[cuda1,share=0.3141,tput=2.59] rank2[cuda2,share=0.3089,tput=3.10]
epoch 23: eval=0.7609
epoch 24: loss=0.601789, train_acc=0.7938, time=10.0s
per-rank: rank0[cuda0,share=0.3800,tput=2.96] rank1[cuda1,share=0.3118,tput=3.58] rank2[cuda2,share=0.3082,tput=2.03]
epoch 24: eval=0.7376
epoch 25: loss=0.598146, train_acc=0.7952, time=9.7s
per-rank: rank0[cuda0,share=0.3822,tput=2.86] rank1[cuda1,share=0.3101,tput=3.54] rank2[cuda2,share=0.3077,tput=2.33]
epoch 25: eval=0.7280
epoch 26: loss=0.595583, train_acc=0.7963, time=9.6s
per-rank: rank0[cuda0,share=0.3842,tput=3.30] rank1[cuda1,share=0.3086,tput=3.42] rank2[cuda2,share=0.3072,tput=2.17]
epoch 26: eval=0.7632
epoch 27: loss=0.584533, train_acc=0.7993, time=9.8s
per-rank: rank0[cuda0,share=0.3857,tput=3.13] rank1[cuda1,share=0.3075,tput=3.19] rank2[cuda2,share=0.3068,tput=2.15]
epoch 27: eval=0.7530
epoch 28: loss=0.573602, train_acc=0.8036, time=9.7s
per-rank: rank0[cuda0,share=0.3854,tput=3.09] rank1[cuda1,share=0.3074,tput=2.41] rank2[cuda2,share=0.3072,tput=3.06]
epoch 28: eval=0.7334
epoch 29: loss=0.574768, train_acc=0.8036, time=9.6s
per-rank: rank0[cuda0,share=0.3850,tput=4.03] rank1[cuda1,share=0.3075,tput=2.15] rank2[cuda2,share=0.3075,tput=2.89]
epoch 29: eval=0.7791
epoch 30: loss=0.569001, train_acc=0.8039, time=9.6s
per-rank: rank0[cuda0,share=0.3852,tput=3.02] rank1[cuda1,share=0.3074,tput=2.33] rank2[cuda2,share=0.3074,tput=3.35]
epoch 30: eval=0.7248
epoch 31: loss=0.561606, train_acc=0.8064, time=9.7s
per-rank: rank0[cuda0,share=0.3873,tput=2.72] rank1[cuda1,share=0.3072,tput=4.68] rank2[cuda2,share=0.3055,tput=2.16]
epoch 31: eval=0.7645
epoch 32: loss=0.563751, train_acc=0.8075, time=11.6s
per-rank: rank0[cuda0,share=0.3893,tput=2.08] rank1[cuda1,share=0.3070,tput=3.92] rank2[cuda2,share=0.3037,tput=3.69]
epoch 32: eval=0.7901
epoch 33: loss=0.556712, train_acc=0.8097, time=10.6s
per-rank: rank0[cuda0,share=0.3914,tput=2.45] rank1[cuda1,share=0.3068,tput=2.86] rank2[cuda2,share=0.3018,tput=3.25]
epoch 33: eval=0.7967
epoch 34: loss=0.559887, train_acc=0.8069, time=9.6s
per-rank: rank0[cuda0,share=0.3920,tput=2.35] rank1[cuda1,share=0.3074,tput=5.27] rank2[cuda2,share=0.3006,tput=2.31]
epoch 34: eval=0.7904
epoch 35: loss=0.547718, train_acc=0.8112, time=9.4s
per-rank: rank0[cuda0,share=0.3940,tput=2.62] rank1[cuda1,share=0.3072,tput=2.32] rank2[cuda2,share=0.2988,tput=4.79]
epoch 35: eval=0.8108
epoch 36: loss=0.551963, train_acc=0.8113, time=11.5s
per-rank: rank0[cuda0,share=0.3960,tput=2.17] rank1[cuda1,share=0.3071,tput=3.66] rank2[cuda2,share=0.2969,tput=4.74]
epoch 36: eval=0.8012
epoch 37: loss=0.545345, train_acc=0.8129, time=10.5s
per-rank: rank0[cuda0,share=0.3979,tput=2.49] rank1[cuda1,share=0.3069,tput=2.70] rank2[cuda2,share=0.2951,tput=3.11]
epoch 37: eval=0.7949
epoch 38: loss=0.542667, train_acc=0.8138, time=9.5s
per-rank: rank0[cuda0,share=0.4011,tput=3.04] rank1[cuda1,share=0.3062,tput=4.86] rank2[cuda2,share=0.2927,tput=2.11]
epoch 38: eval=0.7654
epoch 39: loss=0.531584, train_acc=0.8167, time=10.7s
per-rank: rank0[cuda0,share=0.4042,tput=2.30] rank1[cuda1,share=0.3054,tput=4.29] rank2[cuda2,share=0.2903,tput=3.43]
epoch 39: eval=0.7759
epoch 40: loss=0.542335, train_acc=0.8120, time=10.4s
per-rank: rank0[cuda0,share=0.4042,tput=2.51] rank1[cuda1,share=0.3054,tput=2.68] rank2[cuda2,share=0.2903,tput=2.94]
epoch 40: eval=0.7410
epoch 41: loss=0.527997, train_acc=0.8177, time=12.6s
per-rank: rank0[cuda0,share=0.4099,tput=1.89] rank1[cuda1,share=0.3033,tput=3.15] rank2[cuda2,share=0.2867,tput=4.86]
epoch 41: eval=0.7343
epoch 42: loss=0.539578, train_acc=0.8157, time=11.2s
per-rank: rank0[cuda0,share=0.4099,tput=2.06] rank1[cuda1,share=0.3033,tput=2.58] rank2[cuda2,share=0.2867,tput=4.07]
epoch 42: eval=0.7517
epoch 43: loss=0.528618, train_acc=0.8175, time=13.5s
per-rank: rank0[cuda0,share=0.4097,tput=1.87] rank1[cuda1,share=0.3034,tput=3.59] rank2[cuda2,share=0.2869,tput=4.86]
epoch 43: eval=0.8147
epoch 44: loss=0.534963, train_acc=0.8157, time=11.5s
per-rank: rank0[cuda0,share=0.4097,tput=2.57] rank1[cuda1,share=0.3034,tput=2.94] rank2[cuda2,share=0.2869,tput=3.91]
epoch 44: eval=0.7657
epoch 45: loss=0.528419, train_acc=0.8166, time=10.1s
per-rank: rank0[cuda0,share=0.4087,tput=2.78] rank1[cuda1,share=0.3039,tput=2.22] rank2[cuda2,share=0.2874,tput=3.20]
epoch 45: eval=0.7583
epoch 46: loss=0.523878, train_acc=0.8197, time=9.8s
per-rank: rank0[cuda0,share=0.4046,tput=3.22] rank1[cuda1,share=0.3060,tput=4.34] rank2[cuda2,share=0.2894,tput=2.06]
epoch 46: eval=0.7603
epoch 47: loss=0.517189, train_acc=0.8210, time=9.6s
per-rank: rank0[cuda0,share=0.4004,tput=2.78] rank1[cuda1,share=0.3081,tput=1.92] rank2[cuda2,share=0.2915,tput=5.35]
epoch 47: eval=0.7633
epoch 48: loss=0.521935, train_acc=0.8204, time=9.7s
per-rank: rank0[cuda0,share=0.3977,tput=3.91] rank1[cuda1,share=0.3086,tput=2.11] rank2[cuda2,share=0.2936,tput=3.02]
epoch 48: eval=0.7278
epoch 49: loss=0.509256, train_acc=0.8241, time=11.1s
per-rank: rank0[cuda0,share=0.3938,tput=2.06] rank1[cuda1,share=0.3089,tput=3.55] rank2[cuda2,share=0.2972,tput=3.91]
epoch 49: eval=0.7645
epoch 50: loss=0.513061, train_acc=0.8226, time=10.4s
per-rank: rank0[cuda0,share=0.3932,tput=2.89] rank1[cuda1,share=0.3092,tput=2.49] rank2[cuda2,share=0.2976,tput=3.18]
epoch 50: eval=0.7847
epoch 51: loss=0.516604, train_acc=0.8224, time=9.7s
per-rank: rank0[cuda0,share=0.3912,tput=3.52] rank1[cuda1,share=0.3101,tput=2.88] rank2[cuda2,share=0.2987,tput=2.27]
epoch 51: eval=0.7707
epoch 52: loss=0.519589, train_acc=0.8208, time=9.7s
per-rank: rank0[cuda0,share=0.3913,tput=3.40] rank1[cuda1,share=0.3100,tput=3.10] rank2[cuda2,share=0.2987,tput=2.19]
epoch 52: eval=0.7644
epoch 53: loss=0.508916, train_acc=0.8253, time=9.9s
per-rank: rank0[cuda0,share=0.3933,tput=2.62] rank1[cuda1,share=0.3089,tput=4.37] rank2[cuda2,share=0.2977,tput=2.30]
epoch 53: eval=0.7459
epoch 54: loss=0.518042, train_acc=0.8208, time=9.7s
per-rank: rank0[cuda0,share=0.3960,tput=2.80] rank1[cuda1,share=0.3067,tput=2.61] rank2[cuda2,share=0.2973,tput=3.46]
epoch 54: eval=0.8128
epoch 55: loss=0.511959, train_acc=0.8235, time=9.7s
per-rank: rank0[cuda0,share=0.3993,tput=2.30] rank1[cuda1,share=0.3041,tput=2.17] rank2[cuda2,share=0.2966,tput=5.39]
epoch 55: eval=0.7695
epoch 56: loss=0.505309, train_acc=0.8259, time=9.6s
per-rank: rank0[cuda0,share=0.4026,tput=2.39] rank1[cuda1,share=0.3015,tput=5.86] rank2[cuda2,share=0.2959,tput=1.94]
epoch 56: eval=0.7746
epoch 57: loss=0.507915, train_acc=0.8248, time=9.6s
per-rank: rank0[cuda0,share=0.4041,tput=3.39] rank1[cuda1,share=0.3007,tput=3.87] rank2[cuda2,share=0.2952,tput=2.10]
epoch 57: eval=0.7621
epoch 58: loss=0.507396, train_acc=0.8280, time=9.5s
per-rank: rank0[cuda0,share=0.4057,tput=4.34] rank1[cuda1,share=0.2998,tput=2.55] rank2[cuda2,share=0.2945,tput=3.45]
epoch 58: eval=0.7968
epoch 59: loss=0.508292, train_acc=0.8250, time=9.4s
per-rank: rank0[cuda0,share=0.4062,tput=2.17] rank1[cuda1,share=0.3003,tput=5.90] rank2[cuda2,share=0.2935,tput=2.26]
epoch 59: eval=0.7909
epoch 60: loss=0.505443, train_acc=0.8272, time=11.8s
per-rank: rank0[cuda0,share=0.4054,tput=2.08] rank1[cuda1,share=0.3014,tput=5.47] rank2[cuda2,share=0.2932,tput=2.64]
epoch 60: eval=0.7578
epoch 61: loss=0.497498, train_acc=0.8291, time=10.9s
per-rank: rank0[cuda0,share=0.4047,tput=2.45] rank1[cuda1,share=0.3025,tput=2.38] rank2[cuda2,share=0.2928,tput=3.87]
epoch 61: eval=0.8076
epoch 62: loss=0.501702, train_acc=0.8277, time=12.3s
per-rank: rank0[cuda0,share=0.4040,tput=1.92] rank1[cuda1,share=0.3032,tput=2.97] rank2[cuda2,share=0.2928,tput=5.34]
epoch 62: eval=0.7725
epoch 63: loss=0.507229, train_acc=0.8272, time=10.9s
per-rank: rank0[cuda0,share=0.4040,tput=2.09] rank1[cuda1,share=0.3032,tput=2.73] rank2[cuda2,share=0.2928,tput=4.04]
epoch 63: eval=0.7534
epoch 64: loss=0.488120, train_acc=0.8352, time=11.9s
per-rank: rank0[cuda0,share=0.4017,tput=2.04] rank1[cuda1,share=0.3047,tput=3.26] rank2[cuda2,share=0.2936,tput=5.07]
epoch 64: eval=0.7315
epoch 65: loss=0.490061, train_acc=0.8314, time=10.8s
per-rank: rank0[cuda0,share=0.4016,tput=2.60] rank1[cuda1,share=0.3045,tput=2.41] rank2[cuda2,share=0.2939,tput=3.61]
epoch 65: eval=0.7993
epoch 66: loss=0.498861, train_acc=0.8295, time=9.5s
per-rank: rank0[cuda0,share=0.4015,tput=2.44] rank1[cuda1,share=0.3043,tput=2.20] rank2[cuda2,share=0.2941,tput=5.46]
epoch 66: eval=0.7999
epoch 67: loss=0.497051, train_acc=0.8309, time=9.5s
per-rank: rank0[cuda0,share=0.4021,tput=2.62] rank1[cuda1,share=0.3046,tput=2.29] rank2[cuda2,share=0.2933,tput=5.10]
epoch 67: eval=0.7753
epoch 68: loss=0.490958, train_acc=0.8314, time=9.5s
per-rank: rank0[cuda0,share=0.4020,tput=3.21] rank1[cuda1,share=0.3044,tput=2.39] rank2[cuda2,share=0.2936,tput=3.16]
epoch 68: eval=0.8119
epoch 69: loss=0.497393, train_acc=0.8294, time=9.5s
per-rank: rank0[cuda0,share=0.4026,tput=2.39] rank1[cuda1,share=0.3031,tput=2.50] rank2[cuda2,share=0.2943,tput=4.86]
epoch 69: eval=0.8017
epoch 70: loss=0.489629, train_acc=0.8339, time=12.3s
per-rank: rank0[cuda0,share=0.4037,tput=1.95] rank1[cuda1,share=0.3003,tput=3.07] rank2[cuda2,share=0.2960,tput=5.24]
epoch 70: eval=0.7992
epoch 71: loss=0.486693, train_acc=0.8317, time=10.7s
per-rank: rank0[cuda0,share=0.4019,tput=2.24] rank1[cuda1,share=0.3012,tput=2.42] rank2[cuda2,share=0.2968,tput=3.89]
epoch 71: eval=0.7368
epoch 72: loss=0.481760, train_acc=0.8340, time=11.2s
per-rank: rank0[cuda0,share=0.4026,tput=2.10] rank1[cuda1,share=0.2999,tput=4.34] rank2[cuda2,share=0.2974,tput=3.22]
epoch 72: eval=0.8172
epoch 73: loss=0.490263, train_acc=0.8303, time=10.5s
per-rank: rank0[cuda0,share=0.4026,tput=2.74] rank1[cuda1,share=0.2999,tput=2.77] rank2[cuda2,share=0.2975,tput=2.97]
epoch 73: eval=0.7796
epoch 74: loss=0.486720, train_acc=0.8321, time=9.7s
per-rank: rank0[cuda0,share=0.4038,tput=2.15] rank1[cuda1,share=0.3006,tput=6.25] rank2[cuda2,share=0.2955,tput=2.19]
epoch 74: eval=0.8273
epoch 75: loss=0.480804, train_acc=0.8348, time=9.6s
per-rank: rank0[cuda0,share=0.4037,tput=2.18] rank1[cuda1,share=0.3005,tput=5.58] rank2[cuda2,share=0.2958,tput=2.26]
epoch 75: eval=0.7890
epoch 76: loss=0.485227, train_acc=0.8320, time=9.6s
per-rank: rank0[cuda0,share=0.4036,tput=3.43] rank1[cuda1,share=0.3004,tput=2.35] rank2[cuda2,share=0.2960,tput=3.05]
epoch 76: eval=0.7985
epoch 77: loss=0.487570, train_acc=0.8328, time=9.6s
per-rank: rank0[cuda0,share=0.4035,tput=3.35] rank1[cuda1,share=0.3002,tput=2.68] rank2[cuda2,share=0.2962,tput=2.56]
epoch 77: eval=0.7862
epoch 78: loss=0.480377, train_acc=0.8354, time=12.0s
per-rank: rank0[cuda0,share=0.4029,tput=2.01] rank2[cuda2,share=0.2994,tput=5.30] rank1[cuda1,share=0.2978,tput=3.04]
epoch 78: eval=0.7587
epoch 79: loss=0.473591, train_acc=0.8377, time=10.5s
per-rank: rank0[cuda0,share=0.4041,tput=2.83] rank2[cuda2,share=0.3002,tput=3.21] rank1[cuda1,share=0.2957,tput=2.79]
epoch 79: eval=0.7898
epoch 80: loss=0.486712, train_acc=0.8333, time=11.8s
per-rank: rank0[cuda0,share=0.4064,tput=2.06] rank2[cuda2,share=0.2983,tput=4.39] rank1[cuda1,share=0.2953,tput=3.37]
epoch 80: eval=0.8222
epoch 81: loss=0.483372, train_acc=0.8346, time=10.7s
per-rank: rank0[cuda0,share=0.4068,tput=2.53] rank2[cuda2,share=0.2985,tput=2.30] rank1[cuda1,share=0.2947,tput=3.93]
epoch 81: eval=0.7931
epoch 82: loss=0.475681, train_acc=0.8374, time=9.7s
per-rank: rank0[cuda0,share=0.4073,tput=2.29] rank2[cuda2,share=0.2987,tput=2.23] rank1[cuda1,share=0.2940,tput=5.25]
epoch 82: eval=0.7716
epoch 83: loss=0.481518, train_acc=0.8337, time=9.7s
per-rank: rank0[cuda0,share=0.4078,tput=3.79] rank2[cuda2,share=0.2989,tput=3.04] rank1[cuda1,share=0.2933,tput=2.39]
epoch 83: eval=0.8027
epoch 84: loss=0.477909, train_acc=0.8347, time=11.6s
per-rank: rank0[cuda0,share=0.4087,tput=2.13] rank2[cuda2,share=0.2993,tput=4.49] rank1[cuda1,share=0.2920,tput=3.53]
epoch 84: eval=0.7570
epoch 85: loss=0.473789, train_acc=0.8387, time=10.7s
per-rank: rank0[cuda0,share=0.4101,tput=2.31] rank2[cuda2,share=0.2970,tput=3.39] rank1[cuda1,share=0.2929,tput=2.64]
epoch 85: eval=0.8072
epoch 86: loss=0.481770, train_acc=0.8347, time=9.7s
per-rank: rank0[cuda0,share=0.4114,tput=2.79] rank2[cuda2,share=0.2947,tput=2.94] rank1[cuda1,share=0.2939,tput=2.53]
epoch 86: eval=0.7669
epoch 87: loss=0.480075, train_acc=0.8352, time=9.7s
per-rank: rank0[cuda0,share=0.4105,tput=2.65] rank1[cuda1,share=0.2967,tput=5.10] rank2[cuda2,share=0.2927,tput=2.25]
epoch 87: eval=0.8158
epoch 88: loss=0.471281, train_acc=0.8381, time=9.5s
per-rank: rank0[cuda0,share=0.4098,tput=3.35] rank1[cuda1,share=0.2979,tput=3.22] rank2[cuda2,share=0.2924,tput=2.23]
epoch 88: eval=0.7866
epoch 89: loss=0.474132, train_acc=0.8372, time=9.7s
per-rank: rank0[cuda0,share=0.4089,tput=3.06] rank1[cuda1,share=0.2991,tput=2.21] rank2[cuda2,share=0.2920,tput=4.50]
epoch 89: eval=0.7978
epoch 90: loss=0.472685, train_acc=0.8384, time=12.0s
per-rank: rank0[cuda0,share=0.4080,tput=1.99] rank1[cuda1,share=0.3019,tput=4.97] rank2[cuda2,share=0.2901,tput=2.94]
epoch 90: eval=0.8091
epoch 91: loss=0.475207, train_acc=0.8366, time=10.7s
per-rank: rank0[cuda0,share=0.4072,tput=1.89] rank1[cuda1,share=0.3028,tput=2.53] rank2[cuda2,share=0.2899,tput=4.27]
epoch 91: eval=0.7201
epoch 92: loss=0.469690, train_acc=0.8384, time=9.6s
per-rank: rank0[cuda0,share=0.4051,tput=2.43] rank1[cuda1,share=0.3041,tput=2.07] rank2[cuda2,share=0.2908,tput=5.61]
epoch 92: eval=0.8393
epoch 93: loss=0.463562, train_acc=0.8409, time=9.7s
per-rank: rank0[cuda0,share=0.4023,tput=2.01] rank1[cuda1,share=0.3044,tput=5.61] rank2[cuda2,share=0.2932,tput=2.33]
epoch 93: eval=0.7492
epoch 94: loss=0.470973, train_acc=0.8394, time=11.0s
per-rank: rank0[cuda0,share=0.3998,tput=2.17] rank1[cuda1,share=0.3034,tput=4.71] rank2[cuda2,share=0.2967,tput=3.11]
epoch 94: eval=0.8161
epoch 95: loss=0.460575, train_acc=0.8413, time=10.3s
per-rank: rank0[cuda0,share=0.4009,tput=3.51] rank1[cuda1,share=0.3026,tput=3.66] rank2[cuda2,share=0.2965,tput=2.11]
epoch 95: eval=0.7875
epoch 96: loss=0.466507, train_acc=0.8400, time=11.2s
per-rank: rank0[cuda0,share=0.4032,tput=2.22] rank1[cuda1,share=0.3007,tput=3.21] rank2[cuda2,share=0.2960,tput=5.04]
epoch 96: eval=0.7801
epoch 97: loss=0.474299, train_acc=0.8381, time=10.6s
per-rank: rank0[cuda0,share=0.4075,tput=2.49] rank1[cuda1,share=0.2974,tput=2.66] rank2[cuda2,share=0.2951,tput=3.20]
epoch 97: eval=0.7720
epoch 98: loss=0.465028, train_acc=0.8401, time=12.9s
per-rank: rank0[cuda0,share=0.4092,tput=1.95] rank1[cuda1,share=0.2957,tput=4.27] rank2[cuda2,share=0.2952,tput=3.24]
epoch 98: eval=0.7924
epoch 99: loss=0.465968, train_acc=0.8402, time=11.3s
per-rank: rank0[cuda0,share=0.4115,tput=2.07] rank1[cuda1,share=0.2944,tput=2.74] rank2[cuda2,share=0.2941,tput=3.62]
epoch 99: eval=0.7947
epoch 100: loss=0.287588, train_acc=0.9022, time=13.0s
per-rank: rank0[cuda0,share=0.4144,tput=1.93] rank1[cuda1,share=0.2953,tput=3.50] rank2[cuda2,share=0.2904,tput=4.97]
epoch 100: eval=0.9007
epoch 101: loss=0.247168, train_acc=0.9140, time=12.0s
per-rank: rank0[cuda0,share=0.4121,tput=1.88] rank1[cuda1,share=0.2963,tput=3.90] rank2[cuda2,share=0.2916,tput=2.46]
epoch 101: eval=0.9001
epoch 102: loss=0.235605, train_acc=0.9194, time=9.8s
per-rank: rank0[cuda0,share=0.4086,tput=2.98] rank1[cuda1,share=0.2979,tput=3.19] rank2[cuda2,share=0.2935,tput=2.43]
epoch 102: eval=0.9004
epoch 103: loss=0.228518, train_acc=0.9209, time=11.3s
per-rank: rank0[cuda0,share=0.3971,tput=2.00] rank1[cuda1,share=0.3034,tput=2.92] rank2[cuda2,share=0.2995,tput=4.78]
epoch 103: eval=0.9033
epoch 104: loss=0.223167, train_acc=0.9230, time=10.5s
per-rank: rank0[cuda0,share=0.3924,tput=2.95] rank1[cuda1,share=0.3066,tput=3.83] rank2[cuda2,share=0.3010,tput=2.12]
epoch 104: eval=0.9067
epoch 105: loss=0.209640, train_acc=0.9272, time=9.7s
per-rank: rank0[cuda0,share=0.3853,tput=3.83] rank1[cuda1,share=0.3102,tput=4.59] rank2[cuda2,share=0.3044,tput=1.99]
epoch 105: eval=0.9023
epoch 106: loss=0.205457, train_acc=0.9296, time=11.2s
per-rank: rank0[cuda0,share=0.3879,tput=2.16] rank1[cuda1,share=0.3107,tput=4.45] rank2[cuda2,share=0.3013,tput=3.38]
epoch 106: eval=0.9036
epoch 107: loss=0.202732, train_acc=0.9306, time=10.4s
per-rank: rank0[cuda0,share=0.3939,tput=3.07] rank1[cuda1,share=0.3096,tput=2.67] rank2[cuda2,share=0.2966,tput=2.91]
epoch 107: eval=0.9044
epoch 108: loss=0.199308, train_acc=0.9319, time=12.0s
per-rank: rank0[cuda0,share=0.4008,tput=2.08] rank1[cuda1,share=0.3086,tput=5.04] rank2[cuda2,share=0.2906,tput=3.03]
epoch 108: eval=0.9045
epoch 109: loss=0.196603, train_acc=0.9314, time=10.7s
per-rank: rank0[cuda0,share=0.4060,tput=3.17] rank1[cuda1,share=0.3076,tput=2.61] rank2[cuda2,share=0.2865,tput=4.06]
epoch 109: eval=0.9048
epoch 110: loss=0.193316, train_acc=0.9321, time=12.5s
per-rank: rank0[cuda0,share=0.4135,tput=2.10] rank1[cuda1,share=0.3070,tput=3.76] rank2[cuda2,share=0.2795,tput=5.02]
epoch 110: eval=0.9043
epoch 111: loss=0.189771, train_acc=0.9342, time=11.3s
per-rank: rank0[cuda0,share=0.4145,tput=2.48] rank1[cuda1,share=0.3064,tput=2.58] rank2[cuda2,share=0.2792,tput=3.59]
epoch 111: eval=0.9069
epoch 112: loss=0.184870, train_acc=0.9364, time=12.6s
per-rank: rank0[cuda0,share=0.4147,tput=1.94] rank1[cuda1,share=0.3050,tput=4.93] rank2[cuda2,share=0.2803,tput=3.22]
epoch 112: eval=0.9001
epoch 113: loss=0.184404, train_acc=0.9362, time=11.2s
per-rank: rank0[cuda0,share=0.4129,tput=2.11] rank1[cuda1,share=0.3051,tput=3.95] rank2[cuda2,share=0.2821,tput=2.54]
epoch 113: eval=0.9058
epoch 114: loss=0.181605, train_acc=0.9358, time=10.3s
per-rank: rank0[cuda0,share=0.4047,tput=2.83] rank1[cuda1,share=0.3073,tput=2.47] rank2[cuda2,share=0.2879,tput=3.19]
epoch 114: eval=0.9040
epoch 115: loss=0.175269, train_acc=0.9386, time=11.6s
per-rank: rank0[cuda0,share=0.3960,tput=1.98] rank1[cuda1,share=0.3096,tput=4.81] rank2[cuda2,share=0.2943,tput=3.16]
epoch 115: eval=0.9093
epoch 116: loss=0.176081, train_acc=0.9386, time=10.7s
per-rank: rank0[cuda0,share=0.3894,tput=2.71] rank1[cuda1,share=0.3129,tput=3.77] rank2[cuda2,share=0.2977,tput=2.20]
epoch 116: eval=0.9102
epoch 117: loss=0.173473, train_acc=0.9393, time=9.6s
per-rank: rank0[cuda0,share=0.3868,tput=3.85] rank1[cuda1,share=0.3149,tput=2.21] rank2[cuda2,share=0.2983,tput=2.96]
epoch 117: eval=0.8985
epoch 118: loss=0.170388, train_acc=0.9404, time=9.7s
per-rank: rank0[cuda0,share=0.3889,tput=2.84] rank1[cuda1,share=0.3149,tput=3.50] rank2[cuda2,share=0.2962,tput=2.29]
epoch 118: eval=0.9087
epoch 119: loss=0.167983, train_acc=0.9418, time=9.7s
per-rank: rank0[cuda0,share=0.3916,tput=2.42] rank1[cuda1,share=0.3129,tput=2.29] rank2[cuda2,share=0.2956,tput=5.28]
epoch 119: eval=0.9047
epoch 120: loss=0.164048, train_acc=0.9420, time=9.7s
per-rank: rank0[cuda0,share=0.3968,tput=2.90] rank1[cuda1,share=0.3103,tput=2.70] rank2[cuda2,share=0.2929,tput=2.94]
epoch 120: eval=0.9019
epoch 121: loss=0.160964, train_acc=0.9443, time=9.7s
per-rank: rank0[cuda0,share=0.3960,tput=2.31] rank1[cuda1,share=0.3118,tput=2.37] rank2[cuda2,share=0.2922,tput=5.43]
epoch 121: eval=0.9029
epoch 122: loss=0.159357, train_acc=0.9443, time=11.6s
per-rank: rank0[cuda0,share=0.3936,tput=2.02] rank1[cuda1,share=0.3092,tput=3.84] rank2[cuda2,share=0.2971,tput=3.68]
epoch 122: eval=0.9053
epoch 123: loss=0.159029, train_acc=0.9448, time=10.6s
per-rank: rank0[cuda0,share=0.3899,tput=1.99] rank1[cuda1,share=0.3081,tput=2.72] rank2[cuda2,share=0.3020,tput=3.75]
epoch 123: eval=0.9086
epoch 124: loss=0.156177, train_acc=0.9446, time=9.5s
per-rank: rank0[cuda0,share=0.3838,tput=3.89] rank2[cuda2,share=0.3109,tput=2.71] rank1[cuda1,share=0.3053,tput=2.32]
epoch 124: eval=0.9065
epoch 125: loss=0.152644, train_acc=0.9470, time=11.4s
per-rank: rank0[cuda0,share=0.3893,tput=2.07] rank2[cuda2,share=0.3086,tput=4.95] rank1[cuda1,share=0.3021,tput=3.13]
epoch 125: eval=0.9064
epoch 126: loss=0.155780, train_acc=0.9456, time=10.6s
per-rank: rank0[cuda0,share=0.3939,tput=2.52] rank1[cuda1,share=0.3036,tput=2.81] rank2[cuda2,share=0.3025,tput=3.05]
epoch 126: eval=0.9003
epoch 127: loss=0.151424, train_acc=0.9461, time=12.4s
per-rank: rank0[cuda0,share=0.3944,tput=1.96] rank1[cuda1,share=0.3072,tput=3.21] rank2[cuda2,share=0.2984,tput=5.07]
epoch 127: eval=0.9017
epoch 128: loss=0.146262, train_acc=0.9490, time=11.0s
per-rank: rank0[cuda0,share=0.3916,tput=2.46] rank1[cuda1,share=0.3097,tput=2.90] rank2[cuda2,share=0.2987,tput=3.19]
epoch 128: eval=0.9066
epoch 129: loss=0.148101, train_acc=0.9470, time=13.6s
per-rank: rank0[cuda0,share=0.3863,tput=1.79] rank1[cuda1,share=0.3129,tput=4.58] rank2[cuda2,share=0.3008,tput=2.99]
epoch 129: eval=0.9030
epoch 130: loss=0.144517, train_acc=0.9491, time=11.4s
per-rank: rank0[cuda0,share=0.3837,tput=2.08] rank1[cuda1,share=0.3153,tput=2.43] rank2[cuda2,share=0.3009,tput=4.15]
epoch 130: eval=0.9005
epoch 131: loss=0.143060, train_acc=0.9497, time=9.6s
per-rank: rank0[cuda0,share=0.3756,tput=2.83] rank1[cuda1,share=0.3180,tput=2.58] rank2[cuda2,share=0.3064,tput=4.22]
epoch 131: eval=0.9021
epoch 132: loss=0.142552, train_acc=0.9498, time=9.7s
per-rank: rank0[cuda0,share=0.3880,tput=3.84] rank1[cuda1,share=0.3152,tput=3.15] rank2[cuda2,share=0.2968,tput=2.09]
epoch 132: eval=0.8997
epoch 133: loss=0.138974, train_acc=0.9506, time=9.7s
per-rank: rank0[cuda0,share=0.4128,tput=2.33] rank1[cuda1,share=0.3083,tput=2.54] rank2[cuda2,share=0.2789,tput=4.98]
epoch 133: eval=0.9062
epoch 134: loss=0.138086, train_acc=0.9507, time=12.1s
per-rank: rank0[cuda0,share=0.4235,tput=2.09] rank1[cuda1,share=0.3013,tput=3.14] rank2[cuda2,share=0.2753,tput=5.43]
epoch 134: eval=0.8984
epoch 135: loss=0.132453, train_acc=0.9535, time=11.0s
per-rank: rank0[cuda0,share=0.4157,tput=2.20] rank1[cuda1,share=0.2927,tput=2.67] rank2[cuda2,share=0.2916,tput=3.68]
epoch 135: eval=0.9001
epoch 136: loss=0.134778, train_acc=0.9523, time=9.9s
per-rank: rank0[cuda0,share=0.4004,tput=2.91] rank2[cuda2,share=0.3003,tput=3.25] rank1[cuda1,share=0.2993,tput=2.34]
epoch 136: eval=0.9009
epoch 137: loss=0.133848, train_acc=0.9525, time=9.7s
per-rank: rank0[cuda0,share=0.3824,tput=2.93] rank1[cuda1,share=0.3172,tput=3.75] rank2[cuda2,share=0.3004,tput=2.10]
epoch 137: eval=0.9040
epoch 138: loss=0.135580, train_acc=0.9510, time=11.2s
per-rank: rank0[cuda0,share=0.3820,tput=2.09] rank1[cuda1,share=0.3205,tput=4.82] rank2[cuda2,share=0.2975,tput=3.14]
epoch 138: eval=0.8997
epoch 139: loss=0.136188, train_acc=0.9517, time=10.8s
per-rank: rank0[cuda0,share=0.4023,tput=2.75] rank1[cuda1,share=0.3061,tput=3.34] rank2[cuda2,share=0.2915,tput=2.14]
epoch 139: eval=0.9068
epoch 140: loss=0.134027, train_acc=0.9527, time=9.6s
per-rank: rank0[cuda0,share=0.4220,tput=2.47] rank1[cuda1,share=0.2960,tput=2.24] rank2[cuda2,share=0.2820,tput=5.76]
epoch 140: eval=0.9068
epoch 141: loss=0.132843, train_acc=0.9513, time=9.8s
per-rank: rank0[cuda0,share=0.4044,tput=2.53] rank1[cuda1,share=0.3009,tput=2.40] rank2[cuda2,share=0.2947,tput=3.59]
epoch 141: eval=0.9065
epoch 142: loss=0.135361, train_acc=0.9526, time=9.8s
per-rank: rank0[cuda0,share=0.3813,tput=2.26] rank1[cuda1,share=0.3133,tput=2.50] rank2[cuda2,share=0.3054,tput=4.54]
epoch 142: eval=0.9016
epoch 143: loss=0.135172, train_acc=0.9516, time=9.8s
per-rank: rank0[cuda0,share=0.3733,tput=2.73] rank1[cuda1,share=0.3174,tput=2.42] rank2[cuda2,share=0.3094,tput=3.47]
epoch 143: eval=0.9095
epoch 144: loss=0.127827, train_acc=0.9556, time=9.7s
per-rank: rank0[cuda0,share=0.3562,tput=3.81] rank1[cuda1,share=0.3265,tput=2.19] rank2[cuda2,share=0.3173,tput=3.23]
epoch 144: eval=0.9061
epoch 145: loss=0.130432, train_acc=0.9541, time=9.9s
per-rank: rank0[cuda0,share=0.3766,tput=3.85] rank2[cuda2,share=0.3180,tput=2.14] rank1[cuda1,share=0.3054,tput=2.93]
epoch 145: eval=0.8936
epoch 146: loss=0.129503, train_acc=0.9530, time=9.8s
per-rank: rank0[cuda0,share=0.4004,tput=3.26] rank1[cuda1,share=0.3008,tput=3.65] rank2[cuda2,share=0.2989,tput=1.95]
epoch 146: eval=0.8929
epoch 147: loss=0.131973, train_acc=0.9521, time=9.6s
per-rank: rank0[cuda0,share=0.4104,tput=2.80] rank1[cuda1,share=0.3060,tput=2.27] rank2[cuda2,share=0.2836,tput=5.10]
epoch 147: eval=0.9031
epoch 148: loss=0.130212, train_acc=0.9543, time=9.6s
per-rank: rank0[cuda0,share=0.4098,tput=2.96] rank1[cuda1,share=0.2992,tput=3.28] rank2[cuda2,share=0.2910,tput=2.39]
epoch 148: eval=0.8944
epoch 149: loss=0.127541, train_acc=0.9550, time=9.7s
per-rank: rank0[cuda0,share=0.3932,tput=3.26] rank1[cuda1,share=0.3074,tput=2.42] rank2[cuda2,share=0.2994,tput=3.04]
epoch 149: eval=0.9017
epoch 150: loss=0.105097, train_acc=0.9638, time=11.6s
per-rank: rank0[cuda0,share=0.4109,tput=2.11] rank1[cuda1,share=0.2998,tput=4.78] rank2[cuda2,share=0.2892,tput=3.25]
epoch 150: eval=0.9193
epoch 151: loss=0.086385, train_acc=0.9719, time=11.0s
per-rank: rank0[cuda0,share=0.4137,tput=2.28] rank1[cuda1,share=0.3006,tput=2.75] rank2[cuda2,share=0.2857,tput=3.55]
epoch 151: eval=0.9174
epoch 152: loss=0.082795, train_acc=0.9724, time=10.2s
per-rank: rank0[cuda0,share=0.4002,tput=2.90] rank1[cuda1,share=0.3060,tput=2.97] rank2[cuda2,share=0.2938,tput=2.23]
epoch 152: eval=0.9195
epoch 153: loss=0.081601, train_acc=0.9728, time=9.9s
per-rank: rank0[cuda0,share=0.4032,tput=3.92] rank1[cuda1,share=0.3027,tput=2.40] rank2[cuda2,share=0.2941,tput=2.84]
epoch 153: eval=0.9183
epoch 154: loss=0.080789, train_acc=0.9729, time=9.8s
per-rank: rank0[cuda0,share=0.4191,tput=2.50] rank1[cuda1,share=0.2938,tput=2.32] rank2[cuda2,share=0.2870,tput=5.32]
epoch 154: eval=0.9187
epoch 155: loss=0.077964, train_acc=0.9736, time=10.1s
per-rank: rank0[cuda0,share=0.4018,tput=3.14] rank1[cuda1,share=0.3016,tput=2.17] rank2[cuda2,share=0.2966,tput=3.05]
epoch 155: eval=0.9167
epoch 156: loss=0.075634, train_acc=0.9753, time=9.9s
per-rank: rank0[cuda0,share=0.4031,tput=3.03] rank1[cuda1,share=0.2996,tput=2.38] rank2[cuda2,share=0.2973,tput=3.09]
epoch 156: eval=0.9192
epoch 157: loss=0.074159, train_acc=0.9751, time=10.1s
per-rank: rank0[cuda0,share=0.3972,tput=3.22] rank1[cuda1,share=0.3041,tput=4.62] rank2[cuda2,share=0.2987,tput=2.18]
epoch 157: eval=0.9206
epoch 158: loss=0.076443, train_acc=0.9753, time=10.0s
per-rank: rank0[cuda0,share=0.4126,tput=2.08] rank1[cuda1,share=0.3035,tput=6.01] rank2[cuda2,share=0.2840,tput=2.11]
epoch 158: eval=0.9183
epoch 159: loss=0.071946, train_acc=0.9759, time=10.1s
per-rank: rank0[cuda0,share=0.4151,tput=2.21] rank1[cuda1,share=0.2946,tput=2.14] rank2[cuda2,share=0.2903,tput=5.52]
epoch 159: eval=0.9179
epoch 160: loss=0.071874, train_acc=0.9758, time=10.4s
per-rank: rank0[cuda0,share=0.4021,tput=2.08] rank2[cuda2,share=0.3011,tput=4.74] rank1[cuda1,share=0.2968,tput=2.20]
epoch 160: eval=0.9168
epoch 161: loss=0.073098, train_acc=0.9760, time=13.1s
per-rank: rank0[cuda0,share=0.3984,tput=1.87] rank1[cuda1,share=0.3018,tput=3.21] rank2[cuda2,share=0.2998,tput=4.58]
epoch 161: eval=0.9184
epoch 162: loss=0.070596, train_acc=0.9765, time=12.0s
per-rank: rank0[cuda0,share=0.3976,tput=1.90] rank2[cuda2,share=0.3063,tput=3.77] rank1[cuda1,share=0.2961,tput=2.17]
epoch 162: eval=0.9174
epoch 163: loss=0.071152, train_acc=0.9763, time=10.1s
per-rank: rank0[cuda0,share=0.3923,tput=2.09] rank1[cuda1,share=0.3049,tput=2.72] rank2[cuda2,share=0.3028,tput=4.32]
epoch 163: eval=0.9178
epoch 164: loss=0.070837, train_acc=0.9759, time=10.2s
per-rank: rank0[cuda0,share=0.3992,tput=2.43] rank1[cuda1,share=0.3099,tput=1.79] rank2[cuda2,share=0.2909,tput=5.85]
epoch 164: eval=0.9168
epoch 165: loss=0.069440, train_acc=0.9772, time=12.6s
per-rank: rank0[cuda0,share=0.4161,tput=2.00] rank2[cuda2,share=0.3048,tput=3.39] rank1[cuda1,share=0.2792,tput=4.73]
epoch 165: eval=0.9167
epoch 166: loss=0.068629, train_acc=0.9767, time=11.6s
per-rank: rank0[cuda0,share=0.4109,tput=1.82] rank2[cuda2,share=0.3022,tput=3.11] rank1[cuda1,share=0.2869,tput=3.07]
epoch 166: eval=0.9167
epoch 167: loss=0.068525, train_acc=0.9772, time=10.4s
per-rank: rank0[cuda0,share=0.3763,tput=2.60] rank1[cuda1,share=0.3231,tput=3.44] rank2[cuda2,share=0.3007,tput=2.23]
epoch 167: eval=0.9170
epoch 168: loss=0.067661, train_acc=0.9779, time=11.7s
per-rank: rank0[cuda0,share=0.3640,tput=1.85] rank1[cuda1,share=0.3292,tput=3.30] rank2[cuda2,share=0.3067,tput=4.28]
epoch 168: eval=0.9192
epoch 169: loss=0.066037, train_acc=0.9783, time=10.8s
per-rank: rank0[cuda0,share=0.3769,tput=2.59] rank1[cuda1,share=0.3244,tput=3.50] rank2[cuda2,share=0.2987,tput=2.30]
epoch 169: eval=0.9183
epoch 170: loss=0.067238, train_acc=0.9771, time=10.0s
per-rank: rank0[cuda0,share=0.3970,tput=3.16] rank1[cuda1,share=0.3079,tput=2.16] rank2[cuda2,share=0.2951,tput=4.39]
epoch 170: eval=0.9179
epoch 171: loss=0.065136, train_acc=0.9778, time=10.1s
per-rank: rank0[cuda0,share=0.4236,tput=3.76] rank1[cuda1,share=0.2925,tput=2.94] rank2[cuda2,share=0.2839,tput=2.06]
epoch 171: eval=0.9179
epoch 172: loss=0.065559, train_acc=0.9788, time=9.8s
per-rank: rank0[cuda0,share=0.4223,tput=2.55] rank1[cuda1,share=0.2993,tput=3.10] rank2[cuda2,share=0.2784,tput=2.87]
epoch 172: eval=0.9182
epoch 173: loss=0.065266, train_acc=0.9788, time=9.7s
per-rank: rank0[cuda0,share=0.3897,tput=3.17] rank1[cuda1,share=0.3246,tput=3.12] rank2[cuda2,share=0.2857,tput=2.35]
epoch 173: eval=0.9172
epoch 174: loss=0.064493, train_acc=0.9790, time=9.8s
per-rank: rank0[cuda0,share=0.3882,tput=2.72] rank1[cuda1,share=0.3123,tput=3.06] rank2[cuda2,share=0.2995,tput=2.56]
epoch 174: eval=0.9175
epoch 175: loss=0.063911, train_acc=0.9787, time=10.0s
per-rank: rank0[cuda0,share=0.3687,tput=2.03] rank1[cuda1,share=0.3179,tput=2.50] rank2[cuda2,share=0.3134,tput=5.00]
epoch 175: eval=0.9176
epoch 176: loss=0.063119, train_acc=0.9798, time=10.4s
per-rank: rank0[cuda0,share=0.3727,tput=3.12] rank1[cuda1,share=0.3148,tput=2.06] rank2[cuda2,share=0.3126,tput=2.94]
epoch 176: eval=0.9155
epoch 177: loss=0.063047, train_acc=0.9795, time=10.0s
per-rank: rank0[cuda0,share=0.4030,tput=2.16] rank1[cuda1,share=0.2995,tput=5.32] rank2[cuda2,share=0.2975,tput=2.17]
epoch 177: eval=0.9149
epoch 178: loss=0.062902, train_acc=0.9792, time=10.0s
per-rank: rank0[cuda0,share=0.3904,tput=2.52] rank1[cuda1,share=0.3059,tput=3.57] rank2[cuda2,share=0.3037,tput=2.36]
epoch 178: eval=0.9173
epoch 179: loss=0.062151, train_acc=0.9794, time=10.2s
per-rank: rank0[cuda0,share=0.3877,tput=3.24] rank1[cuda1,share=0.3172,tput=2.29] rank2[cuda2,share=0.2952,tput=2.84]
epoch 179: eval=0.9175
epoch 180: loss=0.061952, train_acc=0.9799, time=12.3s
per-rank: rank0[cuda0,share=0.3968,tput=1.95] rank1[cuda1,share=0.3016,tput=4.08] rank2[cuda2,share=0.3016,tput=3.53]
epoch 180: eval=0.9185
epoch 181: loss=0.063535, train_acc=0.9789, time=11.2s
per-rank: rank0[cuda0,share=0.3930,tput=2.48] rank1[cuda1,share=0.3047,tput=3.58] rank2[cuda2,share=0.3023,tput=2.29]
epoch 181: eval=0.9168
epoch 182: loss=0.060758, train_acc=0.9797, time=12.3s
per-rank: rank0[cuda0,share=0.4064,tput=1.97] rank1[cuda1,share=0.3048,tput=3.43] rank2[cuda2,share=0.2888,tput=4.28]
epoch 182: eval=0.9168
epoch 183: loss=0.061577, train_acc=0.9796, time=11.2s
per-rank: rank0[cuda0,share=0.4046,tput=2.08] rank1[cuda1,share=0.3029,tput=3.51] rank2[cuda2,share=0.2925,tput=2.59]
epoch 183: eval=0.9165
epoch 184: loss=0.059293, train_acc=0.9806, time=12.8s
per-rank: rank0[cuda0,share=0.3889,tput=1.86] rank2[cuda2,share=0.3088,tput=4.66] rank1[cuda1,share=0.3023,tput=3.18]
epoch 184: eval=0.9174
epoch 185: loss=0.061800, train_acc=0.9794, time=11.7s
per-rank: rank0[cuda0,share=0.3871,tput=2.27] rank2[cuda2,share=0.3115,tput=2.32] rank1[cuda1,share=0.3013,tput=3.65]
epoch 185: eval=0.9176
epoch 186: loss=0.059195, train_acc=0.9807, time=10.3s
per-rank: rank0[cuda0,share=0.3953,tput=3.22] rank2[cuda2,share=0.3043,tput=2.90] rank1[cuda1,share=0.3004,tput=2.14]
epoch 186: eval=0.9164
epoch 187: loss=0.060091, train_acc=0.9802, time=10.1s
per-rank: rank0[cuda0,share=0.4040,tput=3.02] rank2[cuda2,share=0.3030,tput=2.05] rank1[cuda1,share=0.2929,tput=3.13]
epoch 187: eval=0.9162
epoch 188: loss=0.058937, train_acc=0.9806, time=13.6s
per-rank: rank0[cuda0,share=0.3929,tput=1.77] rank1[cuda1,share=0.3109,tput=4.88] rank2[cuda2,share=0.2962,tput=2.95]
epoch 188: eval=0.9156
epoch 189: loss=0.058818, train_acc=0.9807, time=11.9s
per-rank: rank0[cuda0,share=0.3813,tput=1.99] rank1[cuda1,share=0.3137,tput=3.59] rank2[cuda2,share=0.3050,tput=2.49]
epoch 189: eval=0.9191
epoch 190: loss=0.058824, train_acc=0.9804, time=10.4s
per-rank: rank0[cuda0,share=0.3913,tput=2.12] rank1[cuda1,share=0.3082,tput=2.25] rank2[cuda2,share=0.3005,tput=5.03]
epoch 190: eval=0.9194
epoch 191: loss=0.056057, train_acc=0.9817, time=10.2s
per-rank: rank0[cuda0,share=0.3983,tput=3.55] rank1[cuda1,share=0.3055,tput=2.15] rank2[cuda2,share=0.2962,tput=2.85]
epoch 191: eval=0.9151
epoch 192: loss=0.056344, train_acc=0.9811, time=10.3s
per-rank: rank0[cuda0,share=0.4077,tput=2.18] rank1[cuda1,share=0.2978,tput=2.06] rank2[cuda2,share=0.2946,tput=5.64]
epoch 192: eval=0.9163
epoch 193: loss=0.059622, train_acc=0.9800, time=12.9s
per-rank: rank0[cuda0,share=0.4122,tput=1.92] rank2[cuda2,share=0.2961,tput=4.11] rank1[cuda1,share=0.2917,tput=3.38]
epoch 193: eval=0.9171
epoch 194: loss=0.057708, train_acc=0.9811, time=11.7s
per-rank: rank0[cuda0,share=0.3991,tput=1.92] rank2[cuda2,share=0.3039,tput=2.53] rank1[cuda1,share=0.2971,tput=3.83]
epoch 194: eval=0.9165
epoch 195: loss=0.057113, train_acc=0.9811, time=12.0s
per-rank: rank0[cuda0,share=0.3945,tput=1.96] rank1[cuda1,share=0.3043,tput=4.51] rank2[cuda2,share=0.3012,tput=3.02]
epoch 195: eval=0.9173
epoch 196: loss=0.055999, train_acc=0.9811, time=11.1s
per-rank: rank0[cuda0,share=0.3961,tput=2.23] rank1[cuda1,share=0.3044,tput=3.56] rank2[cuda2,share=0.2995,tput=2.39]
epoch 196: eval=0.9146
epoch 197: loss=0.057903, train_acc=0.9808, time=12.9s
per-rank: rank0[cuda0,share=0.3911,tput=1.87] rank1[cuda1,share=0.3075,tput=4.80] rank2[cuda2,share=0.3013,tput=3.11]
epoch 197: eval=0.9161
epoch 198: loss=0.056566, train_acc=0.9814, time=11.6s
per-rank: rank0[cuda0,share=0.4010,tput=2.12] rank2[cuda2,share=0.3037,tput=2.39] rank1[cuda1,share=0.2953,tput=3.43]
epoch 198: eval=0.9184
epoch 199: loss=0.055338, train_acc=0.9818, time=10.2s
per-rank: rank0[cuda0,share=0.3955,tput=2.74] rank2[cuda2,share=0.3028,tput=2.13] rank1[cuda1,share=0.3017,tput=3.39]
final eval=0.9183
# total: 1943.9s (32m 24s)
