# gpu0: NVIDIA GeForce RTX 5060 Ti (15GB, sm_120)
# gpu1: NVIDIA GeForce GTX 1060 6GB (5GB, sm_61)
# gpu2: NVIDIA GeForce GTX 1060 6GB (5GB, sm_61)
epoch 0: loss=1.956078, train_acc=0.2663, time=11.5s
per-rank: rank0[cuda0,share=0.4041,tput=3.15] rank1[cuda1,share=0.3120,tput=3.17] rank2[cuda2,share=0.2838,tput=4.58]
epoch 0: eval=0.2974
epoch 1: loss=1.645306, train_acc=0.3889, time=10.6s
per-rank: rank0[cuda0,share=0.4153,tput=3.94] rank2[cuda2,share=0.2941,tput=3.34] rank1[cuda1,share=0.2906,tput=1.97]
epoch 1: eval=0.4456
epoch 2: loss=1.459423, train_acc=0.4668, time=10.5s
per-rank: rank0[cuda0,share=0.4019,tput=2.84] rank2[cuda2,share=0.3009,tput=3.04] rank1[cuda1,share=0.2972,tput=2.20]
epoch 2: eval=0.4839
epoch 3: loss=1.303826, train_acc=0.5293, time=12.3s
per-rank: rank0[cuda0,share=0.4210,tput=1.95] rank2[cuda2,share=0.2958,tput=4.56] rank1[cuda1,share=0.2833,tput=2.84]
epoch 3: eval=0.4912
epoch 4: loss=1.176184, train_acc=0.5809, time=12.0s
per-rank: rank0[cuda0,share=0.4137,tput=2.15] rank1[cuda1,share=0.3064,tput=3.99] rank2[cuda2,share=0.2799,tput=1.86]
epoch 4: eval=0.5962
epoch 5: loss=1.053402, train_acc=0.6253, time=10.7s
per-rank: rank0[cuda0,share=0.4006,tput=2.23] rank1[cuda1,share=0.3183,tput=2.35] rank2[cuda2,share=0.2811,tput=4.68]
epoch 5: eval=0.6046
epoch 6: loss=0.960881, eval=0.6195, train_acc=0.6621, time=11.7s
per-rank: rank0[cuda0,share=0.4136,tput=2.15] rank1[cuda1,share=0.3161,tput=2.32] rank2[cuda2,share=0.2703,tput=4.36]
epoch 7: loss=0.938784, train_acc=0.6718, time=11.0s
per-rank: rank0[cuda0,share=0.3963,tput=2.65] rank1[cuda1,share=0.3215,tput=2.18] rank2[cuda2,share=0.2822,tput=4.52]
epoch 7: eval=0.6280
epoch 8: loss=0.871270, train_acc=0.6979, time=12.9s
per-rank: rank0[cuda0,share=0.3774,tput=1.78] rank1[cuda1,share=0.3297,tput=4.53] rank2[cuda2,share=0.2929,tput=3.20]
epoch 8: eval=0.6458
epoch 9: loss=0.824489, train_acc=0.7124, time=11.6s
per-rank: rank0[cuda0,share=0.3774,tput=2.06] rank1[cuda1,share=0.3297,tput=2.44] rank2[cuda2,share=0.2929,tput=3.62]
epoch 9: eval=0.6259
epoch 10: loss=0.793492, train_acc=0.7239, time=12.6s
per-rank: rank0[cuda0,share=0.3748,tput=1.71] rank1[cuda1,share=0.3287,tput=4.37] rank2[cuda2,share=0.2965,tput=2.97]
epoch 10: eval=0.7092
epoch 11: loss=0.756414, train_acc=0.7384, time=11.2s
per-rank: rank0[cuda0,share=0.3732,tput=2.18] rank1[cuda1,share=0.3280,tput=3.56] rank2[cuda2,share=0.2988,tput=2.22]
epoch 11: eval=0.6989
epoch 12: loss=0.735049, train_acc=0.7446, time=10.2s
per-rank: rank0[cuda0,share=0.3717,tput=2.33] rank1[cuda1,share=0.3277,tput=4.52] rank2[cuda2,share=0.3006,tput=2.04]
epoch 12: eval=0.7193
epoch 13: loss=0.714365, train_acc=0.7521, time=10.2s
per-rank: rank0[cuda0,share=0.3704,tput=2.71] rank1[cuda1,share=0.3274,tput=3.38] rank2[cuda2,share=0.3022,tput=2.22]
epoch 13: eval=0.7127
epoch 14: loss=0.701584, train_acc=0.7581, time=10.1s
per-rank: rank0[cuda0,share=0.3694,tput=2.25] rank1[cuda1,share=0.3271,tput=2.20] rank2[cuda2,share=0.3035,tput=4.73]
epoch 14: eval=0.7396
epoch 15: loss=0.687191, train_acc=0.7622, time=10.4s
per-rank: rank0[cuda0,share=0.3704,tput=3.13] rank1[cuda1,share=0.3259,tput=2.89] rank2[cuda2,share=0.3037,tput=2.16]
epoch 15: eval=0.7394
epoch 16: loss=0.675099, train_acc=0.7665, time=10.2s
per-rank: rank0[cuda0,share=0.3714,tput=3.50] rank1[cuda1,share=0.3249,tput=3.02] rank2[cuda2,share=0.3038,tput=1.99]
epoch 16: eval=0.7433
epoch 17: loss=0.650318, train_acc=0.7744, time=10.3s
per-rank: rank0[cuda0,share=0.3730,tput=3.29] rank1[cuda1,share=0.3231,tput=3.19] rank2[cuda2,share=0.3039,tput=1.93]
epoch 17: eval=0.7218
epoch 18: loss=0.644021, train_acc=0.7769, time=10.2s
per-rank: rank0[cuda0,share=0.3765,tput=2.96] rank1[cuda1,share=0.3203,tput=3.41] rank2[cuda2,share=0.3032,tput=2.00]
epoch 18: eval=0.7681
epoch 19: loss=0.653490, train_acc=0.7756, time=10.2s
per-rank: rank0[cuda0,share=0.3800,tput=1.78] rank1[cuda1,share=0.3176,tput=2.44] rank2[cuda2,share=0.3024,tput=5.16]
epoch 19: eval=0.7691
epoch 20: loss=0.622632, train_acc=0.7852, time=12.9s
per-rank: rank0[cuda0,share=0.3827,tput=1.83] rank1[cuda1,share=0.3162,tput=4.82] rank2[cuda2,share=0.3011,tput=3.03]
epoch 20: eval=0.7466
epoch 21: loss=0.628101, train_acc=0.7824, time=11.5s
per-rank: rank0[cuda0,share=0.3827,tput=2.40] rank1[cuda1,share=0.3162,tput=3.64] rank2[cuda2,share=0.3011,tput=2.16]
epoch 21: eval=0.7435
epoch 22: loss=0.606050, train_acc=0.7908, time=10.1s
per-rank: rank0[cuda0,share=0.3854,tput=3.31] rank1[cuda1,share=0.3148,tput=2.01] rank2[cuda2,share=0.2998,tput=3.07]
epoch 22: eval=0.7792
epoch 23: loss=0.611074, train_acc=0.7908, time=10.0s
per-rank: rank0[cuda0,share=0.3881,tput=3.24] rank1[cuda1,share=0.3134,tput=3.06] rank2[cuda2,share=0.2985,tput=2.11]
epoch 23: eval=0.7869
epoch 24: loss=0.601981, train_acc=0.7920, time=12.4s
per-rank: rank0[cuda0,share=0.3907,tput=1.93] rank1[cuda1,share=0.3121,tput=3.97] rank2[cuda2,share=0.2972,tput=3.26]
epoch 24: eval=0.7410
epoch 25: loss=0.594369, train_acc=0.7942, time=11.4s
per-rank: rank0[cuda0,share=0.3933,tput=2.34] rank1[cuda1,share=0.3107,tput=3.30] rank2[cuda2,share=0.2959,tput=2.37]
epoch 25: eval=0.7909
epoch 26: loss=0.594745, train_acc=0.7950, time=13.0s
per-rank: rank0[cuda0,share=0.3960,tput=1.81] rank1[cuda1,share=0.3094,tput=3.79] rank2[cuda2,share=0.2946,tput=3.66]
epoch 26: eval=0.7617
epoch 27: loss=0.585623, train_acc=0.7984, time=11.9s
per-rank: rank0[cuda0,share=0.3987,tput=1.78] rank1[cuda1,share=0.3080,tput=2.77] rank2[cuda2,share=0.2933,tput=3.60]
epoch 27: eval=0.7614
epoch 28: loss=0.593237, train_acc=0.7960, time=10.2s
per-rank: rank0[cuda0,share=0.3987,tput=2.67] rank1[cuda1,share=0.3080,tput=3.57] rank2[cuda2,share=0.2933,tput=2.13]
epoch 28: eval=0.7821
epoch 29: loss=0.569229, train_acc=0.8029, time=12.9s
per-rank: rank0[cuda0,share=0.3978,tput=1.90] rank1[cuda1,share=0.3085,tput=3.49] rank2[cuda2,share=0.2938,tput=4.18]
epoch 29: eval=0.7851
epoch 30: loss=0.577212, train_acc=0.8031, time=11.7s
per-rank: rank0[cuda0,share=0.3978,tput=2.20] rank1[cuda1,share=0.3085,tput=2.79] rank2[cuda2,share=0.2938,tput=2.74]
epoch 30: eval=0.7676
epoch 31: loss=0.564826, train_acc=0.8051, time=10.2s
per-rank: rank0[cuda0,share=0.3973,tput=3.01] rank1[cuda1,share=0.3087,tput=2.13] rank2[cuda2,share=0.2940,tput=3.25]
epoch 31: eval=0.7658
epoch 32: loss=0.559796, train_acc=0.8070, time=10.0s
per-rank: rank0[cuda0,share=0.3969,tput=2.33] rank1[cuda1,share=0.3089,tput=5.31] rank2[cuda2,share=0.2942,tput=1.99]
epoch 32: eval=0.7844
epoch 33: loss=0.564977, train_acc=0.8080, time=10.2s
per-rank: rank0[cuda0,share=0.3964,tput=1.88] rank1[cuda1,share=0.3091,tput=2.28] rank2[cuda2,share=0.2944,tput=5.33]
epoch 33: eval=0.7381
epoch 34: loss=0.563034, train_acc=0.8063, time=10.1s
per-rank: rank0[cuda0,share=0.3968,tput=2.23] rank1[cuda1,share=0.3080,tput=2.27] rank2[cuda2,share=0.2952,tput=4.87]
epoch 34: eval=0.8129
epoch 35: loss=0.554906, train_acc=0.8079, time=10.3s
per-rank: rank0[cuda0,share=0.3955,tput=2.47] rank1[cuda1,share=0.3078,tput=3.51] rank2[cuda2,share=0.2968,tput=2.14]
epoch 35: eval=0.7829
epoch 36: loss=0.551835, train_acc=0.8112, time=10.2s
per-rank: rank0[cuda0,share=0.3935,tput=2.13] rank1[cuda1,share=0.3086,tput=2.47] rank2[cuda2,share=0.2979,tput=4.15]
epoch 36: eval=0.7980
epoch 37: loss=0.557501, train_acc=0.8073, time=12.4s
per-rank: rank0[cuda0,share=0.3903,tput=1.82] rank1[cuda1,share=0.3101,tput=3.33] rank2[cuda2,share=0.2996,tput=3.82]
epoch 37: eval=0.7469
epoch 38: loss=0.533678, train_acc=0.8165, time=11.2s
per-rank: rank0[cuda0,share=0.3870,tput=2.41] rank1[cuda1,share=0.3116,tput=2.40] rank2[cuda2,share=0.3014,tput=3.39]
epoch 38: eval=0.7880
epoch 39: loss=0.541160, train_acc=0.8124, time=10.4s
per-rank: rank0[cuda0,share=0.3854,tput=2.25] rank1[cuda1,share=0.3123,tput=2.16] rank2[cuda2,share=0.3023,tput=4.87]
epoch 39: eval=0.7973
epoch 40: loss=0.540964, train_acc=0.8145, time=10.3s
per-rank: rank0[cuda0,share=0.3854,tput=3.52] rank1[cuda1,share=0.3122,tput=2.73] rank2[cuda2,share=0.3025,tput=2.14]
epoch 40: eval=0.8233
epoch 41: loss=0.543455, train_acc=0.8121, time=10.2s
per-rank: rank0[cuda0,share=0.3854,tput=2.94] rank1[cuda1,share=0.3122,tput=2.09] rank2[cuda2,share=0.3025,tput=3.37]
epoch 41: eval=0.7246
epoch 42: loss=0.537261, train_acc=0.8154, time=10.1s
per-rank: rank0[cuda0,share=0.3853,tput=2.74] rank1[cuda1,share=0.3120,tput=2.28] rank2[cuda2,share=0.3027,tput=3.28]
epoch 42: eval=0.7698
epoch 43: loss=0.525546, train_acc=0.8181, time=12.2s
per-rank: rank0[cuda0,share=0.3867,tput=1.93] rank1[cuda1,share=0.3091,tput=3.36] rank2[cuda2,share=0.3042,tput=4.24]
epoch 43: eval=0.8252
epoch 44: loss=0.530624, train_acc=0.8182, time=11.3s
per-rank: rank0[cuda0,share=0.3867,tput=2.39] rank1[cuda1,share=0.3091,tput=3.40] rank2[cuda2,share=0.3042,tput=2.40]
epoch 44: eval=0.7852
epoch 45: loss=0.530008, train_acc=0.8184, time=10.3s
per-rank: rank0[cuda0,share=0.3866,tput=3.11] rank1[cuda1,share=0.3090,tput=2.47] rank2[cuda2,share=0.3044,tput=3.09]
epoch 45: eval=0.7549
epoch 46: loss=0.524284, train_acc=0.8190, time=10.1s
per-rank: rank0[cuda0,share=0.3882,tput=3.38] rank1[cuda1,share=0.3080,tput=2.41] rank2[cuda2,share=0.3038,tput=2.43]
epoch 46: eval=0.7613
epoch 47: loss=0.518019, train_acc=0.8233, time=12.6s
per-rank: rank0[cuda0,share=0.3905,tput=1.91] rank1[cuda1,share=0.3059,tput=3.18] rank2[cuda2,share=0.3036,tput=4.29]
epoch 47: eval=0.7481
epoch 48: loss=0.522386, train_acc=0.8210, time=11.7s
per-rank: rank0[cuda0,share=0.3927,tput=2.39] rank1[cuda1,share=0.3038,tput=3.54] rank2[cuda2,share=0.3035,tput=2.22]
epoch 48: eval=0.7822
epoch 49: loss=0.519945, train_acc=0.8221, time=10.4s
per-rank: rank0[cuda0,share=0.3963,tput=3.47] rank2[cuda2,share=0.3027,tput=2.50] rank1[cuda1,share=0.3010,tput=2.27]
epoch 49: eval=0.7699
epoch 50: loss=0.518646, train_acc=0.8222, time=10.1s
per-rank: rank0[cuda0,share=0.3990,tput=2.11] rank2[cuda2,share=0.3012,tput=1.88] rank1[cuda1,share=0.2998,tput=6.50]
epoch 50: eval=0.7419
epoch 51: loss=0.526918, train_acc=0.8188, time=12.8s
per-rank: rank0[cuda0,share=0.4003,tput=1.90] rank2[cuda2,share=0.3004,tput=4.60] rank1[cuda1,share=0.2993,tput=3.30]
epoch 51: eval=0.8069
epoch 52: loss=0.526917, train_acc=0.8202, time=11.7s
per-rank: rank0[cuda0,share=0.4003,tput=1.82] rank2[cuda2,share=0.3004,tput=3.54] rank1[cuda1,share=0.2993,tput=2.42]
epoch 52: eval=0.7870
epoch 53: loss=0.511744, train_acc=0.8248, time=10.2s
per-rank: rank0[cuda0,share=0.4015,tput=3.37] rank2[cuda2,share=0.2996,tput=4.61] rank1[cuda1,share=0.2989,tput=2.03]
epoch 53: eval=0.7642
epoch 54: loss=0.515296, train_acc=0.8237, time=13.3s
per-rank: rank0[cuda0,share=0.4019,tput=1.79] rank1[cuda1,share=0.2998,tput=5.05] rank2[cuda2,share=0.2983,tput=3.10]
epoch 54: eval=0.8006
epoch 55: loss=0.510382, train_acc=0.8250, time=11.9s
per-rank: rank0[cuda0,share=0.4006,tput=1.88] rank1[cuda1,share=0.3016,tput=2.66] rank2[cuda2,share=0.2978,tput=3.61]
epoch 55: eval=0.6995
epoch 56: loss=0.502284, train_acc=0.8275, time=10.4s
per-rank: rank0[cuda0,share=0.4001,tput=2.72] rank1[cuda1,share=0.3019,tput=2.08] rank2[cuda2,share=0.2980,tput=3.24]
epoch 56: eval=0.7843
epoch 57: loss=0.507339, train_acc=0.8263, time=13.1s
per-rank: rank0[cuda0,share=0.3996,tput=1.81] rank1[cuda1,share=0.3022,tput=3.20] rank2[cuda2,share=0.2982,tput=4.49]
epoch 57: eval=0.7964
epoch 58: loss=0.500726, train_acc=0.8268, time=11.8s
per-rank: rank0[cuda0,share=0.3991,tput=2.20] rank1[cuda1,share=0.3026,tput=3.80] rank2[cuda2,share=0.2984,tput=2.04]
epoch 58: eval=0.7666
epoch 59: loss=0.511427, train_acc=0.8267, time=12.7s
per-rank: rank0[cuda0,share=0.3986,tput=1.86] rank1[cuda1,share=0.3029,tput=3.60] rank2[cuda2,share=0.2986,tput=3.90]
epoch 59: eval=0.8155
epoch 60: loss=0.496418, train_acc=0.8290, time=11.7s
per-rank: rank0[cuda0,share=0.3961,tput=2.25] rank1[cuda1,share=0.3049,tput=3.74] rank2[cuda2,share=0.2990,tput=2.13]
epoch 60: eval=0.8037
epoch 61: loss=0.500591, train_acc=0.8273, time=13.4s
per-rank: rank0[cuda0,share=0.3945,tput=1.73] rank1[cuda1,share=0.3054,tput=3.42] rank2[cuda2,share=0.3000,tput=4.18]
epoch 61: eval=0.7731
epoch 62: loss=0.503600, train_acc=0.8282, time=11.8s
per-rank: rank0[cuda0,share=0.3945,tput=2.00] rank1[cuda1,share=0.3054,tput=3.72] rank2[cuda2,share=0.3000,tput=2.38]
epoch 62: eval=0.7650
epoch 63: loss=0.488128, train_acc=0.8314, time=11.9s
per-rank: rank0[cuda0,share=0.3914,tput=1.96] rank1[cuda1,share=0.3064,tput=4.08] rank2[cuda2,share=0.3022,tput=3.22]
epoch 63: eval=0.7640
epoch 64: loss=0.503406, train_acc=0.8276, time=11.3s
per-rank: rank0[cuda0,share=0.3914,tput=2.46] rank1[cuda1,share=0.3064,tput=3.25] rank2[cuda2,share=0.3022,tput=2.15]
epoch 64: eval=0.7439
epoch 65: loss=0.486268, train_acc=0.8347, time=10.1s
per-rank: rank0[cuda0,share=0.3897,tput=2.21] rank1[cuda1,share=0.3069,tput=2.30] rank2[cuda2,share=0.3033,tput=4.63]
epoch 65: eval=0.8002
epoch 66: loss=0.497162, train_acc=0.8298, time=12.0s
per-rank: rank0[cuda0,share=0.3894,tput=1.94] rank1[cuda1,share=0.3076,tput=3.19] rank2[cuda2,share=0.3030,tput=4.10]
epoch 66: eval=0.7524
epoch 67: loss=0.490376, train_acc=0.8312, time=10.9s
per-rank: rank0[cuda0,share=0.3894,tput=3.04] rank1[cuda1,share=0.3076,tput=2.34] rank2[cuda2,share=0.3030,tput=2.99]
epoch 67: eval=0.7725
epoch 68: loss=0.487077, train_acc=0.8315, time=9.9s
per-rank: rank0[cuda0,share=0.3904,tput=2.35] rank1[cuda1,share=0.3078,tput=4.96] rank2[cuda2,share=0.3018,tput=2.21]
epoch 68: eval=0.7836
epoch 69: loss=0.481660, train_acc=0.8349, time=10.0s
per-rank: rank0[cuda0,share=0.3913,tput=2.11] rank1[cuda1,share=0.3081,tput=5.64] rank2[cuda2,share=0.3006,tput=2.07]
epoch 69: eval=0.7927
epoch 70: loss=0.489640, train_acc=0.8314, time=9.9s
per-rank: rank0[cuda0,share=0.3923,tput=3.78] rank1[cuda1,share=0.3083,tput=3.54] rank2[cuda2,share=0.2994,tput=2.18]
epoch 70: eval=0.7998
epoch 71: loss=0.489036, train_acc=0.8319, time=9.9s
per-rank: rank0[cuda0,share=0.3938,tput=3.29] rank1[cuda1,share=0.3076,tput=2.31] rank2[cuda2,share=0.2986,tput=4.13]
epoch 71: eval=0.7852
epoch 72: loss=0.481302, train_acc=0.8347, time=10.0s
per-rank: rank0[cuda0,share=0.3954,tput=3.51] rank1[cuda1,share=0.3068,tput=2.98] rank2[cuda2,share=0.2978,tput=2.10]
epoch 72: eval=0.7746
epoch 73: loss=0.488752, train_acc=0.8342, time=10.0s
per-rank: rank0[cuda0,share=0.3976,tput=3.23] rank1[cuda1,share=0.3049,tput=2.13] rank2[cuda2,share=0.2976,tput=3.25]
epoch 73: eval=0.7753
epoch 74: loss=0.491613, train_acc=0.8319, time=10.2s
per-rank: rank0[cuda0,share=0.3997,tput=3.31] rank1[cuda1,share=0.3030,tput=2.54] rank2[cuda2,share=0.2973,tput=3.55]
epoch 74: eval=0.8133
epoch 75: loss=0.494228, train_acc=0.8297, time=10.3s
per-rank: rank0[cuda0,share=0.4019,tput=2.02] rank1[cuda1,share=0.3011,tput=5.60] rank2[cuda2,share=0.2970,tput=2.19]
epoch 75: eval=0.8312
epoch 76: loss=0.479525, train_acc=0.8344, time=12.9s
per-rank: rank0[cuda0,share=0.4041,tput=1.89] rank1[cuda1,share=0.2992,tput=3.66] rank2[cuda2,share=0.2968,tput=4.01]
epoch 76: eval=0.7871
epoch 77: loss=0.483649, train_acc=0.8335, time=11.5s
per-rank: rank0[cuda0,share=0.4041,tput=2.02] rank1[cuda1,share=0.2992,tput=4.06] rank2[cuda2,share=0.2968,tput=2.34]
epoch 77: eval=0.7695
epoch 78: loss=0.478138, train_acc=0.8367, time=10.0s
per-rank: rank0[cuda0,share=0.4062,tput=2.41] rank1[cuda1,share=0.2973,tput=2.45] rank2[cuda2,share=0.2965,tput=4.22]
epoch 78: eval=0.8051
epoch 79: loss=0.479985, train_acc=0.8354, time=12.7s
per-rank: rank0[cuda0,share=0.4063,tput=1.91] rank1[cuda1,share=0.2972,tput=5.19] rank2[cuda2,share=0.2966,tput=2.62]
epoch 79: eval=0.7947
epoch 80: loss=0.482103, train_acc=0.8343, time=11.5s
per-rank: rank0[cuda0,share=0.4063,tput=1.88] rank1[cuda1,share=0.2970,tput=3.84] rank2[cuda2,share=0.2966,tput=2.30]
epoch 80: eval=0.7803
epoch 81: loss=0.472021, train_acc=0.8375, time=10.1s
per-rank: rank0[cuda0,share=0.4064,tput=2.08] rank1[cuda1,share=0.2969,tput=2.29] rank2[cuda2,share=0.2966,tput=5.10]
epoch 81: eval=0.7863
epoch 82: loss=0.481323, train_acc=0.8376, time=10.2s
per-rank: rank0[cuda0,share=0.4065,tput=1.89] rank1[cuda1,share=0.2968,tput=5.04] rank2[cuda2,share=0.2967,tput=2.35]
epoch 82: eval=0.8243
epoch 83: loss=0.490717, train_acc=0.8301, time=9.9s
per-rank: rank0[cuda0,share=0.4065,tput=2.69] rank1[cuda1,share=0.2968,tput=3.43] rank2[cuda2,share=0.2967,tput=2.16]
epoch 83: eval=0.7864
epoch 84: loss=0.468712, train_acc=0.8400, time=10.2s
per-rank: rank0[cuda0,share=0.4057,tput=1.77] rank1[cuda1,share=0.2980,tput=6.21] rank2[cuda2,share=0.2963,tput=2.25]
epoch 84: eval=0.7935
epoch 85: loss=0.474272, train_acc=0.8377, time=10.0s
per-rank: rank0[cuda0,share=0.4029,tput=3.37] rank1[cuda1,share=0.3009,tput=3.21] rank2[cuda2,share=0.2962,tput=1.98]
epoch 85: eval=0.7868
epoch 86: loss=0.465834, train_acc=0.8410, time=11.6s
per-rank: rank0[cuda0,share=0.3980,tput=2.00] rank1[cuda1,share=0.3056,tput=2.74] rank2[cuda2,share=0.2964,tput=5.02]
epoch 86: eval=0.7967
epoch 87: loss=0.478000, train_acc=0.8359, time=10.9s
per-rank: rank0[cuda0,share=0.3980,tput=2.53] rank1[cuda1,share=0.3056,tput=2.91] rank2[cuda2,share=0.2964,tput=2.57]
epoch 87: eval=0.7871
epoch 88: loss=0.470053, train_acc=0.8377, time=9.9s
per-rank: rank0[cuda0,share=0.3959,tput=3.38] rank1[cuda1,share=0.3073,tput=3.24] rank2[cuda2,share=0.2968,tput=2.11]
epoch 88: eval=0.7752
epoch 89: loss=0.472489, train_acc=0.8360, time=10.2s
per-rank: rank0[cuda0,share=0.3938,tput=2.21] rank1[cuda1,share=0.3090,tput=4.47] rank2[cuda2,share=0.2972,tput=2.14]
epoch 89: eval=0.8146
epoch 90: loss=0.474890, train_acc=0.8366, time=10.1s
per-rank: rank0[cuda0,share=0.3935,tput=2.79] rank1[cuda1,share=0.3090,tput=2.38] rank2[cuda2,share=0.2974,tput=2.97]
epoch 90: eval=0.7635
epoch 91: loss=0.470116, train_acc=0.8398, time=10.0s
per-rank: rank0[cuda0,share=0.3932,tput=2.24] rank1[cuda1,share=0.3091,tput=6.27] rank2[cuda2,share=0.2977,tput=1.79]
epoch 91: eval=0.8022
epoch 92: loss=0.464281, train_acc=0.8388, time=10.1s
per-rank: rank0[cuda0,share=0.3929,tput=2.86] rank1[cuda1,share=0.3091,tput=2.46] rank2[cuda2,share=0.2980,tput=3.85]
epoch 92: eval=0.8227
epoch 93: loss=0.470943, train_acc=0.8373, time=10.4s
per-rank: rank0[cuda0,share=0.3925,tput=2.85] rank1[cuda1,share=0.3092,tput=2.30] rank2[cuda2,share=0.2983,tput=3.03]
epoch 93: eval=0.7462
epoch 94: loss=0.464103, train_acc=0.8406, time=10.0s
per-rank: rank0[cuda0,share=0.3923,tput=2.86] rank1[cuda1,share=0.3093,tput=2.27] rank2[cuda2,share=0.2984,tput=3.23]
epoch 94: eval=0.7604
epoch 95: loss=0.467063, train_acc=0.8402, time=10.1s
per-rank: rank0[cuda0,share=0.3936,tput=2.96] rank1[cuda1,share=0.3086,tput=2.30] rank2[cuda2,share=0.2978,tput=3.02]
epoch 95: eval=0.8113
epoch 96: loss=0.465652, train_acc=0.8418, time=10.1s
per-rank: rank0[cuda0,share=0.3948,tput=2.14] rank1[cuda1,share=0.3080,tput=5.38] rank2[cuda2,share=0.2972,tput=2.05]
epoch 96: eval=0.7950
epoch 97: loss=0.474470, train_acc=0.8377, time=12.7s
per-rank: rank0[cuda0,share=0.3952,tput=1.85] rank1[cuda1,share=0.3088,tput=4.88] rank2[cuda2,share=0.2960,tput=3.00]
epoch 97: eval=0.7553
epoch 98: loss=0.463250, train_acc=0.8411, time=11.4s
per-rank: rank0[cuda0,share=0.3957,tput=2.10] rank1[cuda1,share=0.3096,tput=2.76] rank2[cuda2,share=0.2948,tput=3.19]
epoch 98: eval=0.8164
epoch 99: loss=0.468670, train_acc=0.8403, time=10.1s
per-rank: rank0[cuda0,share=0.3961,tput=2.34] rank1[cuda1,share=0.3103,tput=2.23] rank2[cuda2,share=0.2936,tput=5.00]
epoch 99: eval=0.7799
epoch 100: loss=0.372648, train_acc=0.8725, time=10.1s
per-rank: rank0[cuda0,share=0.3953,tput=3.28] rank1[cuda1,share=0.3117,tput=2.32] rank2[cuda2,share=0.2930,tput=2.80]
epoch 100: eval=0.8958
epoch 101: loss=0.247138, train_acc=0.9150, time=12.7s
per-rank: rank0[cuda0,share=0.3945,tput=1.93] rank1[cuda1,share=0.3131,tput=3.29] rank2[cuda2,share=0.2924,tput=4.81]
epoch 101: eval=0.8976
epoch 102: loss=0.234444, train_acc=0.9188, time=11.6s
per-rank: rank0[cuda0,share=0.3949,tput=2.40] rank1[cuda1,share=0.3139,tput=2.48] rank2[cuda2,share=0.2912,tput=3.08]
epoch 102: eval=0.9007
epoch 103: loss=0.225491, train_acc=0.9225, time=10.0s
per-rank: rank0[cuda0,share=0.3949,tput=2.02] rank1[cuda1,share=0.3139,tput=5.48] rank2[cuda2,share=0.2912,tput=2.20]
epoch 103: eval=0.9010
epoch 104: loss=0.218066, train_acc=0.9246, time=10.2s
per-rank: rank0[cuda0,share=0.3953,tput=2.73] rank1[cuda1,share=0.3146,tput=2.46] rank2[cuda2,share=0.2901,tput=2.97]
epoch 104: eval=0.9021
epoch 105: loss=0.211351, train_acc=0.9271, time=12.7s
per-rank: rank0[cuda0,share=0.3965,tput=1.91] rank1[cuda1,share=0.3140,tput=4.56] rank2[cuda2,share=0.2895,tput=3.04]
epoch 105: eval=0.9017
epoch 106: loss=0.208620, train_acc=0.9277, time=11.4s
per-rank: rank0[cuda0,share=0.3977,tput=1.94] rank1[cuda1,share=0.3134,tput=3.13] rank2[cuda2,share=0.2889,tput=2.87]
epoch 106: eval=0.9036
epoch 107: loss=0.203926, train_acc=0.9285, time=12.6s
per-rank: rank0[cuda0,share=0.3997,tput=1.95] rank1[cuda1,share=0.3115,tput=4.21] rank2[cuda2,share=0.2889,tput=3.59]
epoch 107: eval=0.9044
epoch 108: loss=0.196065, train_acc=0.9315, time=11.3s
per-rank: rank0[cuda0,share=0.3995,tput=2.02] rank1[cuda1,share=0.3107,tput=3.20] rank2[cuda2,share=0.2898,tput=2.82]
epoch 108: eval=0.9054
epoch 109: loss=0.196595, train_acc=0.9308, time=10.1s
per-rank: rank0[cuda0,share=0.4001,tput=2.59] rank1[cuda1,share=0.3085,tput=4.42] rank2[cuda2,share=0.2914,tput=2.22]
epoch 109: eval=0.9035
epoch 110: loss=0.193793, train_acc=0.9336, time=12.2s
per-rank: rank0[cuda0,share=0.4007,tput=1.97] rank1[cuda1,share=0.3063,tput=4.69] rank2[cuda2,share=0.2930,tput=3.05]
epoch 110: eval=0.9033
epoch 111: loss=0.189463, train_acc=0.9353, time=11.2s
per-rank: rank0[cuda0,share=0.4013,tput=1.85] rank1[cuda1,share=0.3041,tput=4.12] rank2[cuda2,share=0.2946,tput=2.25]
epoch 111: eval=0.9068
epoch 112: loss=0.188431, train_acc=0.9339, time=13.2s
per-rank: rank0[cuda0,share=0.4020,tput=1.82] rank1[cuda1,share=0.3018,tput=3.72] rank2[cuda2,share=0.2962,tput=4.02]
epoch 112: eval=0.9010
epoch 113: loss=0.183599, train_acc=0.9353, time=11.7s
per-rank: rank0[cuda0,share=0.4006,tput=2.19] rank1[cuda1,share=0.3015,tput=2.78] rank2[cuda2,share=0.2979,tput=3.02]
epoch 113: eval=0.9028
epoch 114: loss=0.182626, train_acc=0.9358, time=12.0s
per-rank: rank0[cuda0,share=0.3993,tput=1.96] rank1[cuda1,share=0.3012,tput=3.27] rank2[cuda2,share=0.2996,tput=4.44]
epoch 114: eval=0.9030
epoch 115: loss=0.177465, train_acc=0.9367, time=11.0s
per-rank: rank0[cuda0,share=0.3979,tput=2.51] rank2[cuda2,share=0.3013,tput=2.01] rank1[cuda1,share=0.3008,tput=3.98]
epoch 115: eval=0.9060
epoch 116: loss=0.176349, train_acc=0.9383, time=12.4s
per-rank: rank0[cuda0,share=0.3965,tput=1.90] rank2[cuda2,share=0.3030,tput=4.69] rank1[cuda1,share=0.3005,tput=2.97]
epoch 116: eval=0.9059
epoch 117: loss=0.174434, train_acc=0.9387, time=11.4s
per-rank: rank0[cuda0,share=0.3943,tput=2.02] rank2[cuda2,share=0.3042,tput=2.46] rank1[cuda1,share=0.3015,tput=3.52]
epoch 117: eval=0.9036
epoch 118: loss=0.171495, train_acc=0.9397, time=10.3s
per-rank: rank0[cuda0,share=0.3943,tput=2.47] rank2[cuda2,share=0.3043,tput=3.12] rank1[cuda1,share=0.3014,tput=2.48]
epoch 118: eval=0.9083
epoch 119: loss=0.167937, train_acc=0.9419, time=12.6s
per-rank: rank0[cuda0,share=0.3934,tput=1.84] rank2[cuda2,share=0.3038,tput=4.65] rank1[cuda1,share=0.3028,tput=3.44]
epoch 119: eval=0.9027
epoch 120: loss=0.169533, train_acc=0.9421, time=11.7s
per-rank: rank0[cuda0,share=0.3926,tput=2.26] rank1[cuda1,share=0.3042,tput=3.18] rank2[cuda2,share=0.3032,tput=2.43]
epoch 120: eval=0.9095
epoch 121: loss=0.165440, train_acc=0.9420, time=10.2s
per-rank: rank0[cuda0,share=0.3926,tput=2.74] rank1[cuda1,share=0.3042,tput=3.30] rank2[cuda2,share=0.3032,tput=2.05]
epoch 121: eval=0.9010
epoch 122: loss=0.160861, train_acc=0.9423, time=12.2s
per-rank: rank0[cuda0,share=0.3881,tput=1.95] rank1[cuda1,share=0.3083,tput=3.57] rank2[cuda2,share=0.3035,tput=3.81]
epoch 122: eval=0.9090
epoch 123: loss=0.163146, train_acc=0.9431, time=11.1s
per-rank: rank0[cuda0,share=0.3886,tput=2.83] rank1[cuda1,share=0.3081,tput=2.48] rank2[cuda2,share=0.3033,tput=2.84]
epoch 123: eval=0.9109
epoch 124: loss=0.162017, train_acc=0.9428, time=10.1s
per-rank: rank0[cuda0,share=0.3891,tput=3.17] rank1[cuda1,share=0.3078,tput=2.05] rank2[cuda2,share=0.3030,tput=3.23]
epoch 124: eval=0.9115
epoch 125: loss=0.163224, train_acc=0.9419, time=10.1s
per-rank: rank0[cuda0,share=0.3896,tput=2.07] rank1[cuda1,share=0.3076,tput=5.24] rank2[cuda2,share=0.3028,tput=2.11]
epoch 125: eval=0.9054
epoch 126: loss=0.159845, train_acc=0.9434, time=12.1s
per-rank: rank0[cuda0,share=0.3907,tput=1.95] rank1[cuda1,share=0.3078,tput=5.11] rank2[cuda2,share=0.3014,tput=2.83]
epoch 126: eval=0.9024
epoch 127: loss=0.157674, train_acc=0.9453, time=11.3s
per-rank: rank0[cuda0,share=0.3918,tput=2.56] rank1[cuda1,share=0.3081,tput=2.59] rank2[cuda2,share=0.3001,tput=3.01]
epoch 127: eval=0.9075
epoch 128: loss=0.158460, train_acc=0.9445, time=10.1s
per-rank: rank0[cuda0,share=0.3943,tput=2.25] rank1[cuda1,share=0.3076,tput=2.33] rank2[cuda2,share=0.2980,tput=4.96]
epoch 128: eval=0.9021
epoch 129: loss=0.155977, train_acc=0.9448, time=10.1s
per-rank: rank0[cuda0,share=0.3943,tput=2.17] rank1[cuda1,share=0.3076,tput=2.42] rank2[cuda2,share=0.2980,tput=4.58]
epoch 129: eval=0.8955
epoch 130: loss=0.153038, train_acc=0.9458, time=10.1s
per-rank: rank0[cuda0,share=0.3968,tput=2.24] rank1[cuda1,share=0.3072,tput=1.96] rank2[cuda2,share=0.2960,tput=5.83]
epoch 130: eval=0.8907
epoch 131: loss=0.151414, train_acc=0.9461, time=10.2s
per-rank: rank0[cuda0,share=0.3993,tput=2.19] rank1[cuda1,share=0.3068,tput=2.45] rank2[cuda2,share=0.2940,tput=4.51]
epoch 131: eval=0.8952
epoch 132: loss=0.148771, train_acc=0.9477, time=13.0s
per-rank: rank0[cuda0,share=0.4068,tput=1.91] rank1[cuda1,share=0.3045,tput=3.19] rank2[cuda2,share=0.2887,tput=4.66]
epoch 132: eval=0.9062
epoch 133: loss=0.153273, train_acc=0.9459, time=12.1s
per-rank: rank0[cuda0,share=0.4068,tput=1.76] rank1[cuda1,share=0.3045,tput=2.57] rank2[cuda2,share=0.2887,tput=3.59]
epoch 133: eval=0.9043
epoch 134: loss=0.152326, train_acc=0.9464, time=10.3s
per-rank: rank0[cuda0,share=0.4087,tput=2.83] rank1[cuda1,share=0.3044,tput=3.19] rank2[cuda2,share=0.2869,tput=2.30]
epoch 134: eval=0.9012
epoch 135: loss=0.151780, train_acc=0.9460, time=10.1s
per-rank: rank0[cuda0,share=0.4091,tput=1.89] rank1[cuda1,share=0.3050,tput=2.26] rank2[cuda2,share=0.2859,tput=5.89]
epoch 135: eval=0.9027
epoch 136: loss=0.150358, train_acc=0.9461, time=10.0s
per-rank: rank0[cuda0,share=0.4094,tput=2.18] rank1[cuda1,share=0.3056,tput=2.12] rank2[cuda2,share=0.2849,tput=5.54]
epoch 136: eval=0.9011
epoch 137: loss=0.145965, train_acc=0.9480, time=9.9s
per-rank: rank0[cuda0,share=0.4100,tput=2.33] rank1[cuda1,share=0.3043,tput=2.07] rank2[cuda2,share=0.2857,tput=5.52]
epoch 137: eval=0.9012
epoch 138: loss=0.146199, train_acc=0.9476, time=10.0s
per-rank: rank0[cuda0,share=0.4106,tput=3.30] rank1[cuda1,share=0.3030,tput=2.78] rank2[cuda2,share=0.2864,tput=2.28]
epoch 138: eval=0.9033
epoch 139: loss=0.148734, train_acc=0.9476, time=10.0s
per-rank: rank0[cuda0,share=0.4099,tput=2.35] rank1[cuda1,share=0.3024,tput=2.05] rank2[cuda2,share=0.2877,tput=5.18]
epoch 139: eval=0.9019
epoch 140: loss=0.146925, train_acc=0.9476, time=10.2s
per-rank: rank0[cuda0,share=0.4092,tput=2.85] rank1[cuda1,share=0.3017,tput=2.19] rank2[cuda2,share=0.2891,tput=3.20]
epoch 140: eval=0.9073
epoch 141: loss=0.148254, train_acc=0.9474, time=12.3s
per-rank: rank0[cuda0,share=0.4086,tput=1.99] rank1[cuda1,share=0.3010,tput=3.48] rank2[cuda2,share=0.2904,tput=3.97]
epoch 141: eval=0.9040
epoch 142: loss=0.148069, train_acc=0.9476, time=11.2s
per-rank: rank0[cuda0,share=0.4079,tput=2.26] rank1[cuda1,share=0.3003,tput=3.68] rank2[cuda2,share=0.2918,tput=2.35]
epoch 142: eval=0.9038
epoch 143: loss=0.145655, train_acc=0.9472, time=12.7s
per-rank: rank0[cuda0,share=0.4072,tput=1.91] rank1[cuda1,share=0.2996,tput=3.28] rank2[cuda2,share=0.2932,tput=4.54]
epoch 143: eval=0.8958
epoch 144: loss=0.143342, train_acc=0.9488, time=11.4s
per-rank: rank0[cuda0,share=0.4065,tput=2.08] rank1[cuda1,share=0.2989,tput=3.10] rank2[cuda2,share=0.2946,tput=2.74]
epoch 144: eval=0.8961
epoch 145: loss=0.147279, train_acc=0.9471, time=13.5s
per-rank: rank0[cuda0,share=0.4057,tput=1.79] rank1[cuda1,share=0.2982,tput=4.98] rank2[cuda2,share=0.2961,tput=3.22]
epoch 145: eval=0.8996
epoch 146: loss=0.148296, train_acc=0.9468, time=12.2s
per-rank: rank0[cuda0,share=0.4056,tput=1.87] rank2[cuda2,share=0.2980,tput=2.74] rank1[cuda1,share=0.2964,tput=3.28]
epoch 146: eval=0.9012
epoch 147: loss=0.146864, train_acc=0.9480, time=10.2s
per-rank: rank0[cuda0,share=0.4034,tput=3.20] rank2[cuda2,share=0.3000,tput=3.31] rank1[cuda1,share=0.2966,tput=1.98]
epoch 147: eval=0.9027
epoch 148: loss=0.146472, train_acc=0.9481, time=12.5s
per-rank: rank0[cuda0,share=0.3989,tput=1.85] rank2[cuda2,share=0.3040,tput=4.52] rank1[cuda1,share=0.2972,tput=3.25]
epoch 148: eval=0.9025
epoch 149: loss=0.142168, train_acc=0.9502, time=11.2s
per-rank: rank0[cuda0,share=0.3989,tput=2.35] rank2[cuda2,share=0.3040,tput=2.31] rank1[cuda1,share=0.2972,tput=3.86]
epoch 149: eval=0.8929
epoch 150: loss=0.119931, train_acc=0.9583, time=10.1s
per-rank: rank0[cuda0,share=0.3966,tput=2.07] rank2[cuda2,share=0.3060,tput=5.08] rank1[cuda1,share=0.2974,tput=2.14]
epoch 150: eval=0.9182
epoch 151: loss=0.092474, train_acc=0.9691, time=10.1s
per-rank: rank0[cuda0,share=0.3943,tput=2.95] rank2[cuda2,share=0.3080,tput=2.85] rank1[cuda1,share=0.2977,tput=2.41]
epoch 151: eval=0.9164
epoch 152: loss=0.089138, train_acc=0.9701, time=10.1s
per-rank: rank0[cuda0,share=0.3895,tput=2.13] rank2[cuda2,share=0.3122,tput=4.89] rank1[cuda1,share=0.2983,tput=2.28]
epoch 152: eval=0.9178
epoch 153: loss=0.087128, train_acc=0.9707, time=13.3s
per-rank: rank0[cuda0,share=0.3871,tput=1.71] rank2[cuda2,share=0.3144,tput=3.98] rank1[cuda1,share=0.2986,tput=3.60]
epoch 153: eval=0.9169
epoch 154: loss=0.086673, train_acc=0.9720, time=11.8s
per-rank: rank0[cuda0,share=0.3865,tput=1.78] rank2[cuda2,share=0.3156,tput=2.54] rank1[cuda1,share=0.2980,tput=4.07]
epoch 154: eval=0.9208
epoch 155: loss=0.083144, train_acc=0.9728, time=10.3s
per-rank: rank0[cuda0,share=0.3845,tput=3.01] rank2[cuda2,share=0.3158,tput=2.17] rank1[cuda1,share=0.2997,tput=3.15]
epoch 155: eval=0.9194
epoch 156: loss=0.081981, train_acc=0.9733, time=10.1s
per-rank: rank0[cuda0,share=0.3839,tput=3.03] rank2[cuda2,share=0.3153,tput=3.02] rank1[cuda1,share=0.3008,tput=2.28]
epoch 156: eval=0.9204
epoch 157: loss=0.081259, train_acc=0.9734, time=11.9s
per-rank: rank0[cuda0,share=0.3833,tput=1.97] rank2[cuda2,share=0.3148,tput=4.42] rank1[cuda1,share=0.3019,tput=3.33]
epoch 157: eval=0.9171
epoch 158: loss=0.079868, train_acc=0.9730, time=11.0s
per-rank: rank0[cuda0,share=0.3827,tput=2.41] rank2[cuda2,share=0.3143,tput=2.36] rank1[cuda1,share=0.3030,tput=3.37]
epoch 158: eval=0.9182
epoch 159: loss=0.081025, train_acc=0.9726, time=10.2s
per-rank: rank0[cuda0,share=0.3821,tput=2.20] rank2[cuda2,share=0.3138,tput=2.02] rank1[cuda1,share=0.3041,tput=5.53]
epoch 159: eval=0.9192
epoch 160: loss=0.080194, train_acc=0.9729, time=10.1s
per-rank: rank0[cuda0,share=0.3815,tput=2.09] rank2[cuda2,share=0.3133,tput=2.27] rank1[cuda1,share=0.3052,tput=5.14]
epoch 160: eval=0.9206
epoch 161: loss=0.078778, train_acc=0.9738, time=10.1s
per-rank: rank0[cuda0,share=0.3809,tput=2.19] rank2[cuda2,share=0.3128,tput=4.88] rank1[cuda1,share=0.3063,tput=2.27]
epoch 161: eval=0.9160
epoch 162: loss=0.078884, train_acc=0.9741, time=10.1s
per-rank: rank0[cuda0,share=0.3803,tput=3.39] rank2[cuda2,share=0.3123,tput=2.31] rank1[cuda1,share=0.3074,tput=3.87]
epoch 162: eval=0.9194
epoch 163: loss=0.077898, train_acc=0.9733, time=10.1s
per-rank: rank0[cuda0,share=0.3805,tput=3.92] rank2[cuda2,share=0.3124,tput=2.92] rank1[cuda1,share=0.3072,tput=1.93]
epoch 163: eval=0.9168
epoch 164: loss=0.078987, train_acc=0.9735, time=11.7s
per-rank: rank0[cuda0,share=0.3826,tput=1.98] rank2[cuda2,share=0.3124,tput=2.95] rank1[cuda1,share=0.3049,tput=4.78]
epoch 164: eval=0.9182
epoch 165: loss=0.075458, train_acc=0.9749, time=11.1s
per-rank: rank0[cuda0,share=0.3846,tput=2.80] rank2[cuda2,share=0.3124,tput=2.10] rank1[cuda1,share=0.3030,tput=3.40]
epoch 165: eval=0.9166
epoch 166: loss=0.077008, train_acc=0.9744, time=10.1s
per-rank: rank0[cuda0,share=0.3883,tput=2.72] rank2[cuda2,share=0.3115,tput=2.08] rank1[cuda1,share=0.3002,tput=4.75]
epoch 166: eval=0.9188
epoch 167: loss=0.076265, train_acc=0.9747, time=10.1s
per-rank: rank0[cuda0,share=0.3919,tput=2.98] rank2[cuda2,share=0.3107,tput=3.02] rank1[cuda1,share=0.2975,tput=2.20]
epoch 167: eval=0.9182
epoch 168: loss=0.076256, train_acc=0.9742, time=10.1s
per-rank: rank0[cuda0,share=0.3955,tput=3.79] rank2[cuda2,share=0.3098,tput=2.30] rank1[cuda1,share=0.2947,tput=3.23]
epoch 168: eval=0.9166
epoch 169: loss=0.073827, train_acc=0.9751, time=10.3s
per-rank: rank0[cuda0,share=0.3975,tput=2.35] rank2[cuda2,share=0.3097,tput=3.08] rank1[cuda1,share=0.2928,tput=2.48]
epoch 169: eval=0.9173
epoch 170: loss=0.074447, train_acc=0.9751, time=13.3s
per-rank: rank0[cuda0,share=0.3995,tput=1.79] rank2[cuda2,share=0.3097,tput=4.09] rank1[cuda1,share=0.2908,tput=3.43]
epoch 170: eval=0.9196
epoch 171: loss=0.072457, train_acc=0.9764, time=12.1s
per-rank: rank0[cuda0,share=0.4000,tput=1.75] rank2[cuda2,share=0.3104,tput=3.23] rank1[cuda1,share=0.2896,tput=2.78]
epoch 171: eval=0.9175
epoch 172: loss=0.072220, train_acc=0.9759, time=11.0s
per-rank: rank0[cuda0,share=0.3998,tput=1.89] rank2[cuda2,share=0.3105,tput=4.22] rank1[cuda1,share=0.2897,tput=2.02]
epoch 172: eval=0.9171
epoch 173: loss=0.070384, train_acc=0.9763, time=10.5s
per-rank: rank0[cuda0,share=0.3989,tput=2.88] rank2[cuda2,share=0.3101,tput=1.86] rank1[cuda1,share=0.2910,tput=3.24]
epoch 173: eval=0.9184
epoch 174: loss=0.071832, train_acc=0.9751, time=10.2s
per-rank: rank0[cuda0,share=0.3968,tput=1.82] rank2[cuda2,share=0.3103,tput=5.18] rank1[cuda1,share=0.2929,tput=2.35]
epoch 174: eval=0.9168
epoch 175: loss=0.070644, train_acc=0.9767, time=10.5s
per-rank: rank0[cuda0,share=0.3946,tput=1.93] rank2[cuda2,share=0.3105,tput=2.19] rank1[cuda1,share=0.2949,tput=4.39]
epoch 175: eval=0.9180
epoch 176: loss=0.069985, train_acc=0.9771, time=10.0s
per-rank: rank0[cuda0,share=0.3909,tput=3.17] rank2[cuda2,share=0.3115,tput=2.12] rank1[cuda1,share=0.2976,tput=3.36]
epoch 176: eval=0.9175
epoch 177: loss=0.071023, train_acc=0.9764, time=10.0s
per-rank: rank0[cuda0,share=0.3871,tput=2.40] rank2[cuda2,share=0.3126,tput=1.98] rank1[cuda1,share=0.3003,tput=5.20]
epoch 177: eval=0.9197
epoch 178: loss=0.069658, train_acc=0.9763, time=11.8s
per-rank: rank0[cuda0,share=0.3833,tput=1.93] rank2[cuda2,share=0.3136,tput=3.92] rank1[cuda1,share=0.3031,tput=3.30]
epoch 178: eval=0.9160
epoch 179: loss=0.068952, train_acc=0.9763, time=11.0s
per-rank: rank0[cuda0,share=0.3811,tput=2.51] rank2[cuda2,share=0.3138,tput=3.64] rank1[cuda1,share=0.3050,tput=2.24]
epoch 179: eval=0.9176
epoch 180: loss=0.069878, train_acc=0.9761, time=10.1s
per-rank: rank0[cuda0,share=0.3789,tput=2.94] rank2[cuda2,share=0.3140,tput=4.19] rank1[cuda1,share=0.3070,tput=2.16]
epoch 180: eval=0.9180
epoch 181: loss=0.068995, train_acc=0.9774, time=11.6s
per-rank: rank0[cuda0,share=0.3813,tput=2.03] rank2[cuda2,share=0.3111,tput=4.06] rank1[cuda1,share=0.3076,tput=3.47]
epoch 181: eval=0.9186
epoch 182: loss=0.069106, train_acc=0.9770, time=10.8s
per-rank: rank0[cuda0,share=0.3813,tput=2.46] rank2[cuda2,share=0.3111,tput=2.03] rank1[cuda1,share=0.3076,tput=3.99]
epoch 182: eval=0.9164
epoch 183: loss=0.069125, train_acc=0.9773, time=12.2s
per-rank: rank0[cuda0,share=0.3868,tput=1.98] rank2[cuda2,share=0.3073,tput=2.66] rank1[cuda1,share=0.3058,tput=5.19]
epoch 183: eval=0.9171
epoch 184: loss=0.067267, train_acc=0.9771, time=11.0s
per-rank: rank0[cuda0,share=0.3899,tput=2.40] rank1[cuda1,share=0.3052,tput=3.03] rank2[cuda2,share=0.3049,tput=2.70]
epoch 184: eval=0.9189
epoch 185: loss=0.067887, train_acc=0.9773, time=9.9s
per-rank: rank0[cuda0,share=0.3922,tput=2.46] rank1[cuda1,share=0.3058,tput=4.07] rank2[cuda2,share=0.3020,tput=2.49]
epoch 185: eval=0.9182
epoch 186: loss=0.067307, train_acc=0.9773, time=12.5s
per-rank: rank0[cuda0,share=0.3952,tput=1.89] rank1[cuda1,share=0.3052,tput=4.32] rank2[cuda2,share=0.2996,tput=3.18]
epoch 186: eval=0.9189
epoch 187: loss=0.067778, train_acc=0.9768, time=11.2s
per-rank: rank0[cuda0,share=0.3952,tput=2.36] rank1[cuda1,share=0.3052,tput=2.35] rank2[cuda2,share=0.2996,tput=3.77]
epoch 187: eval=0.9169
epoch 188: loss=0.065498, train_acc=0.9781, time=12.7s
per-rank: rank0[cuda0,share=0.4018,tput=1.91] rank1[cuda1,share=0.3027,tput=4.88] rank2[cuda2,share=0.2956,tput=3.06]
epoch 188: eval=0.9185
epoch 189: loss=0.065682, train_acc=0.9776, time=11.6s
per-rank: rank0[cuda0,share=0.4018,tput=1.84] rank1[cuda1,share=0.3027,tput=2.65] rank2[cuda2,share=0.2956,tput=3.69]
epoch 189: eval=0.9165
epoch 190: loss=0.065502, train_acc=0.9782, time=10.1s
per-rank: rank0[cuda0,share=0.4033,tput=2.71] rank1[cuda1,share=0.3019,tput=3.67] rank2[cuda2,share=0.2948,tput=2.18]
epoch 190: eval=0.9158
epoch 191: loss=0.066239, train_acc=0.9784, time=11.7s
per-rank: rank0[cuda0,share=0.4031,tput=2.03] rank1[cuda1,share=0.3020,tput=4.26] rank2[cuda2,share=0.2949,tput=3.37]
epoch 191: eval=0.9183
epoch 192: loss=0.062139, train_acc=0.9796, time=11.0s
per-rank: rank0[cuda0,share=0.4024,tput=2.65] rank1[cuda1,share=0.3023,tput=2.52] rank2[cuda2,share=0.2952,tput=2.95]
epoch 192: eval=0.9185
epoch 193: loss=0.065905, train_acc=0.9777, time=10.0s
per-rank: rank0[cuda0,share=0.4012,tput=2.27] rank1[cuda1,share=0.3021,tput=5.01] rank2[cuda2,share=0.2968,tput=2.12]
epoch 193: eval=0.9197
epoch 194: loss=0.066220, train_acc=0.9780, time=10.0s
per-rank: rank0[cuda0,share=0.4012,tput=2.60] rank1[cuda1,share=0.3011,tput=2.51] rank2[cuda2,share=0.2976,tput=3.12]
epoch 194: eval=0.9164
epoch 195: loss=0.064418, train_acc=0.9785, time=9.9s
per-rank: rank0[cuda0,share=0.4019,tput=3.03] rank1[cuda1,share=0.2990,tput=3.55] rank2[cuda2,share=0.2990,tput=1.98]
epoch 195: eval=0.9166
epoch 196: loss=0.062904, train_acc=0.9786, time=9.9s
per-rank: rank0[cuda0,share=0.4019,tput=4.42] rank2[cuda2,share=0.2999,tput=3.96] rank1[cuda1,share=0.2982,tput=2.17]
epoch 196: eval=0.9176
epoch 197: loss=0.062610, train_acc=0.9794, time=10.0s
per-rank: rank0[cuda0,share=0.4019,tput=2.45] rank2[cuda2,share=0.3007,tput=5.00] rank1[cuda1,share=0.2974,tput=2.22]
epoch 197: eval=0.9166
epoch 198: loss=0.062599, train_acc=0.9788, time=10.1s
per-rank: rank0[cuda0,share=0.4012,tput=2.36] rank2[cuda2,share=0.3011,tput=5.08] rank1[cuda1,share=0.2977,tput=2.09]
epoch 198: eval=0.9173
epoch 199: loss=0.062885, train_acc=0.9786, time=11.8s
per-rank: rank0[cuda0,share=0.4025,tput=2.08] rank2[cuda2,share=0.3004,tput=2.80] rank1[cuda1,share=0.2971,tput=4.91]
final eval=0.9165
# total: 2013.4s (33m 33s)
