# gpu0: NVIDIA GeForce RTX 5060 Ti (15GB, sm_120)
# gpu1: NVIDIA GeForce GTX 1060 6GB (5GB, sm_61)
# gpu2: NVIDIA GeForce GTX 1060 6GB (5GB, sm_61)
epoch 0: loss=2.019547, train_acc=0.2380, time=9.8s
per-rank: rank0[cuda0,share=0.3904,tput=3.68] rank1[cuda1,share=0.3275,tput=5.97] rank2[cuda2,share=0.2822,tput=2.17]
epoch 0: eval=0.2834
epoch 1: loss=1.705142, train_acc=0.3587, time=11.5s
per-rank: rank0[cuda0,share=0.3995,tput=2.09] rank1[cuda1,share=0.3126,tput=3.55] rank2[cuda2,share=0.2879,tput=4.91]
epoch 1: eval=0.4264
epoch 2: loss=1.525477, train_acc=0.4358, time=10.2s
per-rank: rank0[cuda0,share=0.3937,tput=2.43] rank2[cuda2,share=0.3051,tput=2.80] rank1[cuda1,share=0.3012,tput=3.78]
epoch 2: eval=0.3391
epoch 3: loss=1.348486, train_acc=0.5130, time=8.9s
per-rank: rank0[cuda0,share=0.3993,tput=4.00] rank2[cuda2,share=0.3041,tput=2.32] rank1[cuda1,share=0.2966,tput=3.72]
epoch 3: eval=0.5328
epoch 4: loss=1.196893, train_acc=0.5711, time=11.8s
per-rank: rank0[cuda0,share=0.3924,tput=2.07] rank2[cuda2,share=0.3090,tput=5.33] rank1[cuda1,share=0.2986,tput=3.59]
epoch 4: eval=0.6225
epoch 5: loss=1.070893, train_acc=0.6179, time=10.5s
per-rank: rank0[cuda0,share=0.3839,tput=2.24] rank2[cuda2,share=0.3162,tput=3.86] rank1[cuda1,share=0.2999,tput=2.83]
epoch 5: eval=0.6278
epoch 6: loss=0.968326, train_acc=0.6581, time=10.7s
per-rank: rank0[cuda0,share=0.3975,tput=2.22] rank1[cuda1,share=0.3102,tput=5.88] rank2[cuda2,share=0.2922,tput=2.98]
epoch 6: eval=0.6853
epoch 7: loss=0.905377, train_acc=0.6822, time=10.0s
per-rank: rank0[cuda0,share=0.4072,tput=2.78] rank1[cuda1,share=0.3008,tput=3.04] rank2[cuda2,share=0.2921,tput=3.03]
epoch 7: eval=0.6565
epoch 8: loss=0.840295, train_acc=0.7062, time=9.2s
per-rank: rank0[cuda0,share=0.4216,tput=2.77] rank2[cuda2,share=0.3057,tput=2.43] rank1[cuda1,share=0.2726,tput=5.59]
epoch 8: eval=0.6816
epoch 9: loss=0.798336, train_acc=0.7213, time=9.3s
per-rank: rank0[cuda0,share=0.4068,tput=2.38] rank2[cuda2,share=0.3010,tput=3.25] rank1[cuda1,share=0.2923,tput=3.22]
epoch 9: eval=0.7099
epoch 10: loss=0.746345, train_acc=0.7409, time=9.2s
per-rank: rank0[cuda0,share=0.3740,tput=4.06] rank1[cuda1,share=0.3226,tput=2.16] rank2[cuda2,share=0.3035,tput=3.52]
epoch 10: eval=0.7240
epoch 11: loss=0.727851, train_acc=0.7489, time=9.0s
per-rank: rank0[cuda0,share=0.4058,tput=2.86] rank1[cuda1,share=0.2991,tput=2.36] rank2[cuda2,share=0.2951,tput=5.51]
epoch 11: eval=0.6484
epoch 12: loss=0.714367, train_acc=0.7528, time=11.0s
per-rank: rank0[cuda0,share=0.4167,tput=2.27] rank1[cuda1,share=0.2917,tput=4.96] rank2[cuda2,share=0.2917,tput=3.51]
epoch 12: eval=0.7816
epoch 13: loss=0.681728, train_acc=0.7639, time=10.0s
per-rank: rank0[cuda0,share=0.4134,tput=2.69] rank1[cuda1,share=0.3007,tput=4.23] rank2[cuda2,share=0.2859,tput=2.59]
epoch 13: eval=0.7509
epoch 14: loss=0.666741, train_acc=0.7701, time=9.1s
per-rank: rank0[cuda0,share=0.4086,tput=3.08] rank1[cuda1,share=0.3068,tput=3.56] rank2[cuda2,share=0.2846,tput=2.53]
epoch 14: eval=0.7181
epoch 15: loss=0.647180, train_acc=0.7798, time=9.1s
per-rank: rank0[cuda0,share=0.4080,tput=2.69] rank1[cuda1,share=0.2960,tput=2.37] rank2[cuda2,share=0.2960,tput=5.44]
epoch 15: eval=0.7909
epoch 16: loss=0.630944, train_acc=0.7838, time=8.8s
per-rank: rank0[cuda0,share=0.4199,tput=3.61] rank1[cuda1,share=0.2982,tput=2.57] rank2[cuda2,share=0.2819,tput=4.64]
epoch 16: eval=0.7525
epoch 17: loss=0.615374, train_acc=0.7877, time=9.0s
per-rank: rank0[cuda0,share=0.4303,tput=2.46] rank1[cuda1,share=0.2970,tput=2.56] rank2[cuda2,share=0.2727,tput=5.89]
epoch 17: eval=0.6606
epoch 18: loss=0.611133, train_acc=0.7892, time=11.4s
per-rank: rank0[cuda0,share=0.4186,tput=2.30] rank1[cuda1,share=0.2935,tput=3.78] rank2[cuda2,share=0.2879,tput=5.19]
epoch 18: eval=0.7757
epoch 19: loss=0.600722, train_acc=0.7938, time=10.3s
per-rank: rank0[cuda0,share=0.4197,tput=2.65] rank1[cuda1,share=0.2920,tput=2.91] rank2[cuda2,share=0.2883,tput=3.45]
epoch 19: eval=0.7386
epoch 20: loss=0.579697, train_acc=0.8016, time=9.2s
per-rank: rank0[cuda0,share=0.4066,tput=2.69] rank2[cuda2,share=0.2973,tput=2.78] rank1[cuda1,share=0.2962,tput=3.56]
epoch 20: eval=0.7720
epoch 21: loss=0.573140, train_acc=0.8023, time=10.7s
per-rank: rank0[cuda0,share=0.3982,tput=2.17] rank2[cuda2,share=0.3037,tput=3.41] rank1[cuda1,share=0.2981,tput=5.27]
epoch 21: eval=0.7661
epoch 22: loss=0.566444, train_acc=0.8044, time=9.9s
per-rank: rank0[cuda0,share=0.3941,tput=1.96] rank2[cuda2,share=0.3072,tput=3.74] rank1[cuda1,share=0.2987,tput=3.06]
epoch 22: eval=0.7743
epoch 23: loss=0.553919, train_acc=0.8087, time=9.2s
per-rank: rank0[cuda0,share=0.3548,tput=3.42] rank1[cuda1,share=0.3348,tput=3.89] rank2[cuda2,share=0.3104,tput=2.23]
epoch 23: eval=0.7701
epoch 24: loss=0.558215, train_acc=0.8070, time=9.1s
per-rank: rank0[cuda0,share=0.3631,tput=5.26] rank1[cuda1,share=0.3295,tput=3.46] rank2[cuda2,share=0.3074,tput=2.28]
epoch 24: eval=0.7674
epoch 25: loss=0.559299, train_acc=0.8086, time=10.7s
per-rank: rank0[cuda0,share=0.3937,tput=2.12] rank1[cuda1,share=0.3111,tput=5.53] rank2[cuda2,share=0.2951,tput=3.08]
epoch 25: eval=0.7740
epoch 26: loss=0.554738, train_acc=0.8087, time=9.9s
per-rank: rank0[cuda0,share=0.3944,tput=2.10] rank1[cuda1,share=0.3126,tput=4.06] rank2[cuda2,share=0.2930,tput=3.01]
epoch 26: eval=0.8002
epoch 27: loss=0.533485, train_acc=0.8164, time=9.0s
per-rank: rank0[cuda0,share=0.3683,tput=3.78] rank1[cuda1,share=0.3304,tput=3.82] rank2[cuda2,share=0.3013,tput=2.24]
epoch 27: eval=0.7555
epoch 28: loss=0.528201, train_acc=0.8205, time=9.0s
per-rank: rank0[cuda0,share=0.3851,tput=2.75] rank1[cuda1,share=0.3240,tput=5.49] rank2[cuda2,share=0.2910,tput=2.02]
epoch 28: eval=0.7843
epoch 29: loss=0.534505, train_acc=0.8152, time=9.1s
per-rank: rank0[cuda0,share=0.4072,tput=2.63] rank1[cuda1,share=0.3168,tput=2.58] rank2[cuda2,share=0.2759,tput=5.78]
epoch 29: eval=0.7885
epoch 30: loss=0.518965, train_acc=0.8208, time=9.1s
per-rank: rank0[cuda0,share=0.4176,tput=3.39] rank1[cuda1,share=0.3067,tput=4.96] rank2[cuda2,share=0.2757,tput=2.28]
epoch 30: eval=0.7846
epoch 31: loss=0.511601, train_acc=0.8231, time=9.1s
per-rank: rank0[cuda0,share=0.3991,tput=2.87] rank1[cuda1,share=0.3071,tput=2.74] rank2[cuda2,share=0.2938,tput=3.70]
epoch 31: eval=0.7878
epoch 32: loss=0.512568, train_acc=0.8247, time=11.2s
per-rank: rank0[cuda0,share=0.3993,tput=2.16] rank1[cuda1,share=0.3003,tput=3.40] rank2[cuda2,share=0.3003,tput=5.41]
epoch 32: eval=0.7622
epoch 33: loss=0.508828, train_acc=0.8260, time=10.2s
per-rank: rank0[cuda0,share=0.4093,tput=2.73] rank2[cuda2,share=0.2987,tput=2.37] rank1[cuda1,share=0.2920,tput=3.92]
epoch 33: eval=0.7581
epoch 34: loss=0.505202, train_acc=0.8246, time=8.9s
per-rank: rank0[cuda0,share=0.4153,tput=2.21] rank1[cuda1,share=0.3085,tput=7.19] rank2[cuda2,share=0.2762,tput=2.19]
epoch 34: eval=0.8281
epoch 35: loss=0.493302, train_acc=0.8293, time=9.0s
per-rank: rank0[cuda0,share=0.3684,tput=3.10] rank1[cuda1,share=0.3183,tput=3.35] rank2[cuda2,share=0.3133,tput=2.76]
epoch 35: eval=0.8278
epoch 36: loss=0.484396, train_acc=0.8345, time=9.1s
per-rank: rank0[cuda0,share=0.4005,tput=4.12] rank1[cuda1,share=0.2998,tput=3.68] rank2[cuda2,share=0.2998,tput=1.97]
epoch 36: eval=0.7289
epoch 37: loss=0.488307, train_acc=0.8325, time=9.2s
per-rank: rank0[cuda0,share=0.4251,tput=2.40] rank1[cuda1,share=0.2899,tput=2.25] rank2[cuda2,share=0.2850,tput=6.94]
epoch 37: eval=0.6554
epoch 38: loss=0.494783, train_acc=0.8324, time=9.2s
per-rank: rank0[cuda0,share=0.4056,tput=2.73] rank1[cuda1,share=0.3051,tput=3.08] rank2[cuda2,share=0.2892,tput=3.94]
epoch 38: eval=0.7812
epoch 39: loss=0.494512, train_acc=0.8288, time=9.4s
per-rank: rank0[cuda0,share=0.3988,tput=3.87] rank1[cuda1,share=0.3032,tput=1.99] rank2[cuda2,share=0.2980,tput=4.07]
epoch 39: eval=0.8262
epoch 40: loss=0.496803, train_acc=0.8303, time=11.1s
per-rank: rank0[cuda0,share=0.4281,tput=2.34] rank2[cuda2,share=0.3022,tput=4.09] rank1[cuda1,share=0.2697,tput=4.49]
epoch 40: eval=0.7666
epoch 41: loss=0.489179, train_acc=0.8310, time=10.3s
per-rank: rank0[cuda0,share=0.4286,tput=2.11] rank2[cuda2,share=0.3000,tput=2.77] rank1[cuda1,share=0.2714,tput=4.22]
epoch 41: eval=0.7472
epoch 42: loss=0.476344, train_acc=0.8376, time=9.2s
per-rank: rank0[cuda0,share=0.4027,tput=3.22] rank2[cuda2,share=0.2998,tput=3.36] rank1[cuda1,share=0.2975,tput=2.57]
epoch 42: eval=0.7588
epoch 43: loss=0.474262, train_acc=0.8377, time=9.2s
per-rank: rank0[cuda0,share=0.4060,tput=2.60] rank2[cuda2,share=0.2994,tput=6.08] rank1[cuda1,share=0.2946,tput=2.22]
epoch 43: eval=0.7919
epoch 44: loss=0.474655, train_acc=0.8381, time=11.3s
per-rank: rank0[cuda0,share=0.3974,tput=2.17] rank1[cuda1,share=0.3085,tput=5.69] rank2[cuda2,share=0.2942,tput=3.48]
epoch 44: eval=0.7531
epoch 45: loss=0.483516, train_acc=0.8338, time=10.3s
per-rank: rank0[cuda0,share=0.4073,tput=2.63] rank1[cuda1,share=0.3104,tput=4.05] rank2[cuda2,share=0.2822,tput=2.40]
epoch 45: eval=0.7558
epoch 46: loss=0.478128, train_acc=0.8357, time=11.7s
per-rank: rank0[cuda0,share=0.4123,tput=2.20] rank1[cuda1,share=0.3056,tput=5.21] rank2[cuda2,share=0.2821,tput=3.56]
epoch 46: eval=0.8129
epoch 47: loss=0.461103, train_acc=0.8419, time=10.4s
per-rank: rank0[cuda0,share=0.4076,tput=2.57] rank1[cuda1,share=0.3067,tput=2.83] rank2[cuda2,share=0.2857,tput=3.90]
epoch 47: eval=0.7495
epoch 48: loss=0.468008, train_acc=0.8398, time=9.1s
per-rank: rank0[cuda0,share=0.4132,tput=2.31] rank1[cuda1,share=0.3033,tput=6.55] rank2[cuda2,share=0.2835,tput=2.38]
epoch 48: eval=0.8050
epoch 49: loss=0.464276, train_acc=0.8412, time=11.0s
per-rank: rank0[cuda0,share=0.4194,tput=2.31] rank2[cuda2,share=0.2978,tput=5.29] rank1[cuda1,share=0.2829,tput=3.70]
epoch 49: eval=0.7532
epoch 50: loss=0.458901, train_acc=0.8431, time=10.6s
per-rank: rank0[cuda0,share=0.4152,tput=2.05] rank1[cuda1,share=0.2960,tput=4.55] rank2[cuda2,share=0.2888,tput=2.68]
epoch 50: eval=0.7750
epoch 51: loss=0.464376, train_acc=0.8402, time=9.2s
per-rank: rank0[cuda0,share=0.3891,tput=3.27] rank1[cuda1,share=0.3120,tput=2.42] rank2[cuda2,share=0.2989,tput=3.79]
epoch 51: eval=0.8248
epoch 52: loss=0.472853, train_acc=0.8372, time=11.4s
per-rank: rank0[cuda0,share=0.3936,tput=2.15] rank2[cuda2,share=0.3037,tput=5.20] rank1[cuda1,share=0.3027,tput=3.92]
epoch 52: eval=0.7860
epoch 53: loss=0.454642, train_acc=0.8441, time=10.5s
per-rank: rank0[cuda0,share=0.4056,tput=2.62] rank2[cuda2,share=0.2993,tput=2.54] rank1[cuda1,share=0.2951,tput=3.70]
epoch 53: eval=0.7736
epoch 54: loss=0.469682, train_acc=0.8387, time=9.1s
per-rank: rank0[cuda0,share=0.4103,tput=2.35] rank1[cuda1,share=0.3052,tput=7.04] rank2[cuda2,share=0.2845,tput=2.20]
epoch 54: eval=0.8412
epoch 55: loss=0.461437, train_acc=0.8419, time=8.8s
per-rank: rank0[cuda0,share=0.4178,tput=5.49] rank1[cuda1,share=0.3083,tput=2.67] rank2[cuda2,share=0.2738,tput=3.99]
epoch 55: eval=0.8194
epoch 56: loss=0.461944, train_acc=0.8428, time=12.0s
per-rank: rank0[cuda0,share=0.4106,tput=2.20] rank1[cuda1,share=0.3147,tput=4.09] rank2[cuda2,share=0.2747,tput=5.24]
epoch 56: eval=0.7708
epoch 57: loss=0.461853, train_acc=0.8414, time=11.1s
per-rank: rank0[cuda0,share=0.3941,tput=2.00] rank1[cuda1,share=0.3070,tput=3.60] rank2[cuda2,share=0.2989,tput=3.17]
epoch 57: eval=0.7340
epoch 58: loss=0.450563, train_acc=0.8465, time=9.2s
per-rank: rank0[cuda0,share=0.3898,tput=3.68] rank2[cuda2,share=0.3071,tput=3.12] rank1[cuda1,share=0.3031,tput=2.66]
epoch 58: eval=0.8009
epoch 59: loss=0.460033, train_acc=0.8435, time=9.1s
per-rank: rank0[cuda0,share=0.4097,tput=3.46] rank1[cuda1,share=0.3022,tput=2.49] rank2[cuda2,share=0.2880,tput=3.59]
epoch 59: eval=0.7440
epoch 60: loss=0.446240, train_acc=0.8461, time=9.1s
per-rank: rank0[cuda0,share=0.3979,tput=3.73] rank2[cuda2,share=0.3022,tput=2.50] rank1[cuda1,share=0.2999,tput=3.13]
epoch 60: eval=0.7898
epoch 61: loss=0.435941, train_acc=0.8501, time=9.0s
per-rank: rank0[cuda0,share=0.3952,tput=2.53] rank2[cuda2,share=0.3061,tput=2.29] rank1[cuda1,share=0.2986,tput=6.43]
epoch 61: eval=0.7354
epoch 62: loss=0.444816, train_acc=0.8474, time=9.1s
per-rank: rank0[cuda0,share=0.4068,tput=3.04] rank1[cuda1,share=0.3027,tput=4.52] rank2[cuda2,share=0.2906,tput=2.56]
epoch 62: eval=0.7963
epoch 63: loss=0.445574, train_acc=0.8476, time=9.1s
per-rank: rank0[cuda0,share=0.3971,tput=3.12] rank1[cuda1,share=0.3014,tput=2.64] rank2[cuda2,share=0.3014,tput=3.71]
epoch 63: eval=0.7803
epoch 64: loss=0.442487, train_acc=0.8487, time=11.0s
per-rank: rank0[cuda0,share=0.3782,tput=2.09] rank1[cuda1,share=0.3140,tput=5.75] rank2[cuda2,share=0.3078,tput=3.20]
epoch 64: eval=0.8335
epoch 65: loss=0.454238, train_acc=0.8438, time=10.0s
per-rank: rank0[cuda0,share=0.3924,tput=3.00] rank1[cuda1,share=0.3139,tput=4.09] rank2[cuda2,share=0.2936,tput=2.25]
epoch 65: eval=0.7919
epoch 66: loss=0.455982, train_acc=0.8439, time=9.1s
per-rank: rank0[cuda0,share=0.4047,tput=2.02] rank1[cuda1,share=0.3055,tput=2.52] rank2[cuda2,share=0.2897,tput=6.85]
epoch 66: eval=0.8112
epoch 67: loss=0.450136, train_acc=0.8463, time=10.5s
per-rank: rank0[cuda0,share=0.3955,tput=2.18] rank1[cuda1,share=0.3028,tput=5.39] rank2[cuda2,share=0.3018,tput=3.19]
epoch 67: eval=0.8418
epoch 68: loss=0.433897, train_acc=0.8505, time=9.9s
per-rank: rank0[cuda0,share=0.4000,tput=2.60] rank2[cuda2,share=0.3021,tput=4.05] rank1[cuda1,share=0.2979,tput=2.57]
epoch 68: eval=0.7378
epoch 69: loss=0.439970, train_acc=0.8503, time=9.1s
per-rank: rank0[cuda0,share=0.3962,tput=2.52] rank2[cuda2,share=0.3047,tput=5.81] rank1[cuda1,share=0.2991,tput=2.36]
epoch 69: eval=0.7538
epoch 70: loss=0.433517, train_acc=0.8522, time=9.0s
per-rank: rank0[cuda0,share=0.4023,tput=2.94] rank1[cuda1,share=0.2989,tput=2.53] rank2[cuda2,share=0.2989,tput=5.46]
epoch 70: eval=0.8071
epoch 71: loss=0.438016, train_acc=0.8496, time=9.1s
per-rank: rank0[cuda0,share=0.4057,tput=2.31] rank1[cuda1,share=0.2995,tput=2.69] rank2[cuda2,share=0.2948,tput=5.73]
epoch 71: eval=0.8008
epoch 72: loss=0.435781, train_acc=0.8501, time=9.1s
per-rank: rank0[cuda0,share=0.4112,tput=3.74] rank2[cuda2,share=0.2955,tput=3.52] rank1[cuda1,share=0.2932,tput=2.28]
epoch 72: eval=0.7426
epoch 73: loss=0.441373, train_acc=0.8492, time=9.4s
per-rank: rank0[cuda0,share=0.4179,tput=2.10] rank1[cuda1,share=0.2955,tput=2.88] rank2[cuda2,share=0.2867,tput=6.18]
epoch 73: eval=0.8132
epoch 74: loss=0.434766, train_acc=0.8514, time=9.4s
per-rank: rank0[cuda0,share=0.3869,tput=3.14] rank1[cuda1,share=0.3089,tput=2.37] rank2[cuda2,share=0.3042,tput=3.74]
epoch 74: eval=0.7704
epoch 75: loss=0.431638, train_acc=0.8529, time=11.5s
per-rank: rank0[cuda0,share=0.3833,tput=2.03] rank2[cuda2,share=0.3105,tput=4.67] rank1[cuda1,share=0.3062,tput=3.88]
epoch 75: eval=0.8190
epoch 76: loss=0.474643, train_acc=0.8373, time=10.2s
per-rank: rank0[cuda0,share=0.3785,tput=2.18] rank2[cuda2,share=0.3121,tput=2.87] rank1[cuda1,share=0.3094,tput=3.77]
epoch 76: eval=0.7466
epoch 77: loss=0.506175, train_acc=0.8272, time=10.9s
per-rank: rank0[cuda0,share=0.3769,tput=2.09] rank2[cuda2,share=0.3126,tput=4.95] rank1[cuda1,share=0.3106,tput=3.68]
epoch 77: eval=0.8164
epoch 78: loss=0.491448, train_acc=0.8318, time=10.0s
per-rank: rank0[cuda0,share=0.3759,tput=3.05] rank2[cuda2,share=0.3128,tput=2.53] rank1[cuda1,share=0.3113,tput=3.70]
epoch 78: eval=0.7735
epoch 79: loss=0.480523, train_acc=0.8355, time=9.0s
per-rank: rank0[cuda0,share=0.3757,tput=4.22] rank2[cuda2,share=0.3128,tput=2.00] rank1[cuda1,share=0.3115,tput=3.75]
epoch 79: eval=0.7982
epoch 80: loss=0.481314, train_acc=0.8349, time=8.9s
per-rank: rank0[cuda0,share=0.3785,tput=3.01] rank2[cuda2,share=0.3113,tput=1.99] rank1[cuda1,share=0.3102,tput=5.61]
epoch 80: eval=0.6729
epoch 81: loss=0.475907, train_acc=0.8380, time=10.3s
per-rank: rank0[cuda0,share=0.3838,tput=2.29] rank2[cuda2,share=0.3086,tput=4.28] rank1[cuda1,share=0.3076,tput=3.88]
epoch 81: eval=0.8062
epoch 82: loss=0.475300, train_acc=0.8376, time=9.7s
per-rank: rank0[cuda0,share=0.3897,tput=3.17] rank1[cuda1,share=0.3058,tput=2.99] rank2[cuda2,share=0.3045,tput=2.88]
epoch 82: eval=0.7602
epoch 83: loss=0.481709, train_acc=0.8355, time=11.5s
per-rank: rank0[cuda0,share=0.3943,tput=2.20] rank1[cuda1,share=0.3043,tput=3.80] rank2[cuda2,share=0.3014,tput=4.72]
epoch 83: eval=0.7753
epoch 84: loss=0.483383, train_acc=0.8346, time=10.6s
per-rank: rank0[cuda0,share=0.3979,tput=2.02] rank1[cuda1,share=0.3032,tput=2.87] rank2[cuda2,share=0.2989,tput=4.30]
epoch 84: eval=0.8060
epoch 85: loss=0.490941, train_acc=0.8327, time=9.1s
per-rank: rank0[cuda0,share=0.3979,tput=3.36] rank1[cuda1,share=0.3032,tput=2.86] rank2[cuda2,share=0.2989,tput=3.76]
epoch 85: eval=0.7627
epoch 86: loss=0.466172, train_acc=0.8396, time=12.2s
per-rank: rank0[cuda0,share=0.4019,tput=2.03] rank1[cuda1,share=0.3027,tput=4.19] rank2[cuda2,share=0.2953,tput=4.85]
epoch 86: eval=0.8159
epoch 87: loss=0.478208, train_acc=0.8368, time=10.7s
per-rank: rank0[cuda0,share=0.4019,tput=2.33] rank1[cuda1,share=0.3027,tput=2.79] rank2[cuda2,share=0.2953,tput=3.95]
epoch 87: eval=0.7392
epoch 88: loss=0.474785, train_acc=0.8376, time=9.0s
per-rank: rank0[cuda0,share=0.4036,tput=3.36] rank1[cuda1,share=0.3036,tput=2.45] rank2[cuda2,share=0.2928,tput=3.45]
epoch 88: eval=0.7726
epoch 89: loss=0.467910, train_acc=0.8401, time=9.0s
per-rank: rank0[cuda0,share=0.4059,tput=2.43] rank1[cuda1,share=0.3031,tput=5.68] rank2[cuda2,share=0.2909,tput=2.35]
epoch 89: eval=0.8346
epoch 90: loss=0.469623, train_acc=0.8419, time=8.9s
per-rank: rank0[cuda0,share=0.4083,tput=2.50] rank1[cuda1,share=0.3027,tput=2.40] rank2[cuda2,share=0.2890,tput=5.84]
epoch 90: eval=0.7297
epoch 91: loss=0.467143, train_acc=0.8420, time=11.1s
per-rank: rank0[cuda0,share=0.4092,tput=2.14] rank1[cuda1,share=0.3030,tput=3.45] rank2[cuda2,share=0.2878,tput=5.07]
epoch 91: eval=0.7761
epoch 92: loss=0.473636, train_acc=0.8368, time=10.2s
per-rank: rank0[cuda0,share=0.4081,tput=2.15] rank1[cuda1,share=0.3043,tput=2.99] rank2[cuda2,share=0.2876,tput=3.95]
epoch 92: eval=0.7883
epoch 93: loss=0.472505, train_acc=0.8382, time=9.0s
per-rank: rank0[cuda0,share=0.4059,tput=3.12] rank1[cuda1,share=0.3054,tput=3.94] rank2[cuda2,share=0.2888,tput=2.35]
epoch 93: eval=0.7761
epoch 94: loss=0.465405, train_acc=0.8396, time=9.2s
per-rank: rank0[cuda0,share=0.4036,tput=2.56] rank1[cuda1,share=0.3064,tput=6.22] rank2[cuda2,share=0.2900,tput=2.09]
epoch 94: eval=0.8394
epoch 95: loss=0.474308, train_acc=0.8397, time=9.1s
per-rank: rank0[cuda0,share=0.4012,tput=3.11] rank1[cuda1,share=0.3075,tput=3.76] rank2[cuda2,share=0.2912,tput=2.30]
epoch 95: eval=0.8142
epoch 96: loss=0.477198, train_acc=0.8365, time=9.0s
per-rank: rank0[cuda0,share=0.3995,tput=3.36] rank1[cuda1,share=0.3083,tput=3.22] rank2[cuda2,share=0.2922,tput=2.65]
epoch 96: eval=0.8164
epoch 97: loss=0.472412, train_acc=0.8388, time=9.1s
per-rank: rank0[cuda0,share=0.3995,tput=2.23] rank1[cuda1,share=0.3083,tput=5.76] rank2[cuda2,share=0.2922,tput=2.41]
epoch 97: eval=0.7839
epoch 98: loss=0.460964, train_acc=0.8413, time=11.6s
per-rank: rank0[cuda0,share=0.3979,tput=1.97] rank1[cuda1,share=0.3088,tput=3.71] rank2[cuda2,share=0.2932,tput=4.74]
epoch 98: eval=0.8272
epoch 99: loss=0.467339, train_acc=0.8389, time=10.9s
per-rank: rank0[cuda0,share=0.3979,tput=2.58] rank1[cuda1,share=0.3088,tput=3.18] rank2[cuda2,share=0.2932,tput=3.08]
epoch 99: eval=0.7616
epoch 100: loss=0.316508, train_acc=0.8915, time=11.1s
per-rank: rank0[cuda0,share=0.3944,tput=2.15] rank1[cuda1,share=0.3100,tput=3.60] rank2[cuda2,share=0.2957,tput=5.44]
epoch 100: eval=0.8992
epoch 101: loss=0.243366, train_acc=0.9156, time=10.2s
per-rank: rank0[cuda0,share=0.3926,tput=2.86] rank1[cuda1,share=0.3105,tput=2.61] rank2[cuda2,share=0.2969,tput=3.60]
epoch 101: eval=0.9047
epoch 102: loss=0.226920, train_acc=0.9211, time=9.1s
per-rank: rank0[cuda0,share=0.3907,tput=4.37] rank1[cuda1,share=0.3111,tput=2.38] rank2[cuda2,share=0.2982,tput=2.85]
epoch 102: eval=0.9012
epoch 103: loss=0.218360, train_acc=0.9235, time=9.0s
per-rank: rank0[cuda0,share=0.3917,tput=4.28] rank1[cuda1,share=0.3103,tput=3.78] rank2[cuda2,share=0.2980,tput=1.97]
epoch 103: eval=0.8990
epoch 104: loss=0.213088, train_acc=0.9263, time=12.1s
per-rank: rank0[cuda0,share=0.3927,tput=2.01] rank1[cuda1,share=0.3094,tput=5.49] rank2[cuda2,share=0.2979,tput=3.51]
epoch 104: eval=0.9040
epoch 105: loss=0.206782, train_acc=0.9280, time=10.7s
per-rank: rank0[cuda0,share=0.3937,tput=2.27] rank1[cuda1,share=0.3085,tput=4.28] rank2[cuda2,share=0.2978,tput=2.75]
epoch 105: eval=0.9061
epoch 106: loss=0.198912, train_acc=0.9310, time=9.2s
per-rank: rank0[cuda0,share=0.3960,tput=3.26] rank1[cuda1,share=0.3069,tput=2.65] rank2[cuda2,share=0.2970,tput=3.23]
epoch 106: eval=0.9068
epoch 107: loss=0.197874, train_acc=0.9316, time=9.0s
per-rank: rank0[cuda0,share=0.3975,tput=4.46] rank1[cuda1,share=0.3066,tput=2.81] rank2[cuda2,share=0.2959,tput=4.18]
epoch 107: eval=0.9048
epoch 108: loss=0.191318, train_acc=0.9330, time=10.9s
per-rank: rank0[cuda0,share=0.3970,tput=2.19] rank1[cuda1,share=0.3064,tput=4.38] rank2[cuda2,share=0.2967,tput=3.85]
epoch 108: eval=0.9048
epoch 109: loss=0.187689, train_acc=0.9341, time=10.1s
per-rank: rank0[cuda0,share=0.3977,tput=2.75] rank1[cuda1,share=0.3068,tput=3.95] rank2[cuda2,share=0.2956,tput=2.35]
epoch 109: eval=0.9077
epoch 110: loss=0.183649, train_acc=0.9370, time=8.9s
per-rank: rank0[cuda0,share=0.3984,tput=3.67] rank1[cuda1,share=0.3072,tput=2.48] rank2[cuda2,share=0.2944,tput=3.16]
epoch 110: eval=0.9042
epoch 111: loss=0.178112, train_acc=0.9372, time=9.0s
per-rank: rank0[cuda0,share=0.3991,tput=3.96] rank1[cuda1,share=0.3076,tput=3.05] rank2[cuda2,share=0.2933,tput=2.39]
epoch 111: eval=0.9088
epoch 112: loss=0.177557, train_acc=0.9379, time=9.1s
per-rank: rank0[cuda0,share=0.4006,tput=3.07] rank1[cuda1,share=0.3065,tput=3.50] rank2[cuda2,share=0.2928,tput=2.55]
epoch 112: eval=0.9041
epoch 113: loss=0.175560, train_acc=0.9391, time=11.7s
per-rank: rank0[cuda0,share=0.3993,tput=2.05] rank1[cuda1,share=0.3069,tput=4.02] rank2[cuda2,share=0.2938,tput=4.95]
epoch 113: eval=0.9048
epoch 114: loss=0.172365, train_acc=0.9399, time=10.5s
per-rank: rank0[cuda0,share=0.3979,tput=2.01] rank1[cuda1,share=0.3073,tput=4.40] rank2[cuda2,share=0.2948,tput=2.68]
epoch 114: eval=0.9084
epoch 115: loss=0.167506, train_acc=0.9406, time=9.0s
per-rank: rank0[cuda0,share=0.3951,tput=2.89] rank1[cuda1,share=0.3084,tput=2.88] rank2[cuda2,share=0.2964,tput=3.40]
epoch 115: eval=0.9077
epoch 116: loss=0.168508, train_acc=0.9409, time=12.1s
per-rank: rank0[cuda0,share=0.3898,tput=1.89] rank1[cuda1,share=0.3113,tput=3.81] rank2[cuda2,share=0.2989,tput=4.85]
epoch 116: eval=0.9102
epoch 117: loss=0.165416, train_acc=0.9426, time=10.3s
per-rank: rank0[cuda0,share=0.3898,tput=2.04] rank1[cuda1,share=0.3113,tput=3.05] rank2[cuda2,share=0.2989,tput=4.16]
epoch 117: eval=0.9034
epoch 118: loss=0.160934, train_acc=0.9438, time=9.9s
per-rank: rank0[cuda0,share=0.3863,tput=2.28] rank1[cuda1,share=0.3125,tput=3.97] rank2[cuda2,share=0.3012,tput=4.12]
epoch 118: eval=0.9098
epoch 119: loss=0.157377, train_acc=0.9457, time=9.6s
per-rank: rank0[cuda0,share=0.3845,tput=3.42] rank1[cuda1,share=0.3130,tput=3.26] rank2[cuda2,share=0.3024,tput=2.57]
epoch 119: eval=0.9103
epoch 120: loss=0.155020, train_acc=0.9452, time=8.8s
per-rank: rank0[cuda0,share=0.3841,tput=3.95] rank1[cuda1,share=0.3129,tput=3.33] rank2[cuda2,share=0.3030,tput=2.41]
epoch 120: eval=0.9092
epoch 121: loss=0.156591, train_acc=0.9442, time=9.1s
per-rank: rank0[cuda0,share=0.3828,tput=2.63] rank1[cuda1,share=0.3144,tput=5.52] rank2[cuda2,share=0.3028,tput=2.25]
epoch 121: eval=0.9055
epoch 122: loss=0.153447, train_acc=0.9455, time=9.1s
per-rank: rank0[cuda0,share=0.3815,tput=3.23] rank1[cuda1,share=0.3159,tput=3.68] rank2[cuda2,share=0.3025,tput=2.23]
epoch 122: eval=0.9051
epoch 123: loss=0.152691, train_acc=0.9457, time=9.0s
per-rank: rank0[cuda0,share=0.3811,tput=5.09] rank1[cuda1,share=0.3158,tput=2.48] rank2[cuda2,share=0.3031,tput=4.29]
epoch 123: eval=0.9103
epoch 124: loss=0.151256, train_acc=0.9466, time=10.3s
per-rank: rank0[cuda0,share=0.3840,tput=2.29] rank1[cuda1,share=0.3145,tput=3.46] rank2[cuda2,share=0.3015,tput=4.73]
epoch 124: eval=0.9084
epoch 125: loss=0.147068, train_acc=0.9480, time=9.9s
per-rank: rank0[cuda0,share=0.3871,tput=2.88] rank1[cuda1,share=0.3126,tput=4.05] rank2[cuda2,share=0.3003,tput=2.28]
epoch 125: eval=0.9061
epoch 126: loss=0.147785, train_acc=0.9478, time=11.2s
per-rank: rank0[cuda0,share=0.3903,tput=2.11] rank1[cuda1,share=0.3107,tput=3.27] rank2[cuda2,share=0.2991,tput=5.04]
epoch 126: eval=0.9110
epoch 127: loss=0.144495, train_acc=0.9498, time=10.1s
per-rank: rank0[cuda0,share=0.3934,tput=2.60] rank1[cuda1,share=0.3087,tput=2.97] rank2[cuda2,share=0.2979,tput=3.51]
epoch 127: eval=0.9101
epoch 128: loss=0.146014, train_acc=0.9483, time=9.0s
per-rank: rank0[cuda0,share=0.3966,tput=3.31] rank1[cuda1,share=0.3068,tput=3.70] rank2[cuda2,share=0.2967,tput=2.33]
epoch 128: eval=0.9092
epoch 129: loss=0.144083, train_acc=0.9493, time=10.6s
per-rank: rank0[cuda0,share=0.3999,tput=2.29] rank1[cuda1,share=0.3044,tput=3.91] rank2[cuda2,share=0.2957,tput=4.84]
epoch 129: eval=0.9071
epoch 130: loss=0.140628, train_acc=0.9516, time=9.9s
per-rank: rank0[cuda0,share=0.4022,tput=2.98] rank1[cuda1,share=0.3036,tput=2.32] rank2[cuda2,share=0.2941,tput=3.88]
epoch 130: eval=0.9058
epoch 131: loss=0.144244, train_acc=0.9492, time=9.0s
per-rank: rank0[cuda0,share=0.4043,tput=2.68] rank1[cuda1,share=0.3034,tput=2.38] rank2[cuda2,share=0.2923,tput=5.84]
epoch 131: eval=0.8989
epoch 132: loss=0.139407, train_acc=0.9513, time=11.1s
per-rank: rank0[cuda0,share=0.4077,tput=2.22] rank1[cuda1,share=0.3007,tput=4.63] rank2[cuda2,share=0.2917,tput=3.84]
epoch 132: eval=0.9107
epoch 133: loss=0.137724, train_acc=0.9514, time=10.3s
per-rank: rank0[cuda0,share=0.4098,tput=2.30] rank1[cuda1,share=0.2987,tput=3.81] rank2[cuda2,share=0.2916,tput=2.82]
epoch 133: eval=0.9109
epoch 134: loss=0.136619, train_acc=0.9522, time=10.9s
per-rank: rank0[cuda0,share=0.4119,tput=2.31] rank1[cuda1,share=0.2966,tput=3.80] rank2[cuda2,share=0.2915,tput=4.96]
epoch 134: eval=0.9034
epoch 135: loss=0.134838, train_acc=0.9533, time=10.1s
per-rank: rank0[cuda0,share=0.4140,tput=2.25] rank1[cuda1,share=0.2946,tput=3.95] rank2[cuda2,share=0.2914,tput=2.70]
epoch 135: eval=0.9043
epoch 136: loss=0.135117, train_acc=0.9518, time=11.1s
per-rank: rank0[cuda0,share=0.4157,tput=2.30] rank1[cuda1,share=0.2925,tput=3.96] rank2[cuda2,share=0.2917,tput=5.06]
epoch 136: eval=0.9099
epoch 137: loss=0.132065, train_acc=0.9535, time=10.1s
per-rank: rank0[cuda0,share=0.4184,tput=2.86] rank1[cuda1,share=0.2910,tput=3.12] rank2[cuda2,share=0.2906,tput=3.14]
epoch 137: eval=0.9070
epoch 138: loss=0.134615, train_acc=0.9537, time=11.4s
per-rank: rank0[cuda0,share=0.4197,tput=2.25] rank1[cuda1,share=0.2902,tput=4.27] rank2[cuda2,share=0.2902,tput=4.08]
epoch 138: eval=0.9060
epoch 139: loss=0.136467, train_acc=0.9519, time=10.2s
per-rank: rank0[cuda0,share=0.4202,tput=2.60] rank1[cuda1,share=0.2906,tput=3.93] rank2[cuda2,share=0.2892,tput=2.64]
epoch 139: eval=0.9011
epoch 140: loss=0.134065, train_acc=0.9529, time=12.2s
per-rank: rank0[cuda0,share=0.4205,tput=2.06] rank1[cuda1,share=0.2928,tput=3.73] rank2[cuda2,share=0.2867,tput=5.19]
epoch 140: eval=0.9061
epoch 141: loss=0.140440, train_acc=0.9498, time=10.5s
per-rank: rank0[cuda0,share=0.4205,tput=2.51] rank1[cuda1,share=0.2928,tput=4.21] rank2[cuda2,share=0.2867,tput=3.27]
epoch 141: eval=0.8964
epoch 142: loss=0.136217, train_acc=0.9511, time=12.6s
per-rank: rank0[cuda0,share=0.4140,tput=2.01] rank1[cuda1,share=0.2989,tput=3.70] rank2[cuda2,share=0.2871,tput=5.59]
epoch 142: eval=0.9068
epoch 143: loss=0.131290, train_acc=0.9539, time=11.3s
per-rank: rank0[cuda0,share=0.4107,tput=2.41] rank1[cuda1,share=0.3017,tput=3.28] rank2[cuda2,share=0.2877,tput=3.28]
epoch 143: eval=0.9087
epoch 144: loss=0.131768, train_acc=0.9537, time=9.0s
per-rank: rank0[cuda0,share=0.4066,tput=4.03] rank1[cuda1,share=0.3051,tput=2.40] rank2[cuda2,share=0.2882,tput=3.30]
epoch 144: eval=0.9093
epoch 145: loss=0.129171, train_acc=0.9548, time=8.9s
per-rank: rank0[cuda0,share=0.4026,tput=2.80] rank1[cuda1,share=0.3074,tput=5.61] rank2[cuda2,share=0.2899,tput=2.32]
epoch 145: eval=0.9027
epoch 146: loss=0.130986, train_acc=0.9537, time=8.9s
per-rank: rank0[cuda0,share=0.4007,tput=2.58] rank1[cuda1,share=0.3078,tput=5.95] rank2[cuda2,share=0.2915,tput=2.20]
epoch 146: eval=0.9040
epoch 147: loss=0.127045, train_acc=0.9555, time=10.7s
per-rank: rank0[cuda0,share=0.3974,tput=2.27] rank1[cuda1,share=0.3091,tput=3.88] rank2[cuda2,share=0.2935,tput=4.57]
epoch 147: eval=0.8993
epoch 148: loss=0.129169, train_acc=0.9538, time=10.0s
per-rank: rank0[cuda0,share=0.3960,tput=2.82] rank1[cuda1,share=0.3100,tput=3.50] rank2[cuda2,share=0.2940,tput=2.69]
epoch 148: eval=0.9004
epoch 149: loss=0.131497, train_acc=0.9523, time=11.0s
per-rank: rank0[cuda0,share=0.4008,tput=2.24] rank1[cuda1,share=0.3078,tput=3.67] rank2[cuda2,share=0.2914,tput=4.98]
epoch 149: eval=0.9087
epoch 150: loss=0.113566, train_acc=0.9597, time=10.1s
per-rank: rank0[cuda0,share=0.4037,tput=2.55] rank1[cuda1,share=0.3064,tput=2.98] rank2[cuda2,share=0.2900,tput=3.47]
epoch 150: eval=0.9178
epoch 151: loss=0.085156, train_acc=0.9721, time=9.8s
per-rank: rank0[cuda0,share=0.4093,tput=3.11] rank1[cuda1,share=0.3036,tput=3.23] rank2[cuda2,share=0.2871,tput=2.08]
epoch 151: eval=0.9199
epoch 152: loss=0.081345, train_acc=0.9720, time=9.8s
per-rank: rank0[cuda0,share=0.4128,tput=3.26] rank1[cuda1,share=0.3026,tput=3.37] rank2[cuda2,share=0.2846,tput=2.02]
epoch 152: eval=0.9195
epoch 153: loss=0.077344, train_acc=0.9740, time=12.3s
per-rank: rank0[cuda0,share=0.4169,tput=2.09] rank1[cuda1,share=0.3023,tput=3.94] rank2[cuda2,share=0.2808,tput=3.87]
epoch 153: eval=0.9176
epoch 154: loss=0.078376, train_acc=0.9736, time=11.2s
per-rank: rank0[cuda0,share=0.4182,tput=2.14] rank1[cuda1,share=0.3017,tput=2.54] rank2[cuda2,share=0.2801,tput=3.64]
epoch 154: eval=0.9182
epoch 155: loss=0.075149, train_acc=0.9753, time=12.9s
per-rank: rank0[cuda0,share=0.4195,tput=1.97] rank1[cuda1,share=0.3012,tput=3.66] rank2[cuda2,share=0.2793,tput=4.63]
epoch 155: eval=0.9180
epoch 156: loss=0.074541, train_acc=0.9755, time=11.2s
per-rank: rank0[cuda0,share=0.4201,tput=2.17] rank1[cuda1,share=0.3016,tput=3.46] rank2[cuda2,share=0.2784,tput=2.74]
epoch 156: eval=0.9178
epoch 157: loss=0.073329, train_acc=0.9759, time=9.0s
per-rank: rank0[cuda0,share=0.4188,tput=2.97] rank1[cuda1,share=0.3029,tput=3.71] rank2[cuda2,share=0.2783,tput=2.46]
epoch 157: eval=0.9185
epoch 158: loss=0.071654, train_acc=0.9763, time=11.4s
per-rank: rank0[cuda0,share=0.4158,tput=2.11] rank1[cuda1,share=0.3050,tput=5.18] rank2[cuda2,share=0.2792,tput=3.70]
epoch 158: eval=0.9178
epoch 159: loss=0.069605, train_acc=0.9769, time=10.1s
per-rank: rank0[cuda0,share=0.4133,tput=2.32] rank1[cuda1,share=0.3052,tput=2.66] rank2[cuda2,share=0.2815,tput=4.17]
epoch 159: eval=0.9188
epoch 160: loss=0.069553, train_acc=0.9774, time=9.0s
per-rank: rank0[cuda0,share=0.4064,tput=2.11] rank1[cuda1,share=0.3062,tput=2.58] rank2[cuda2,share=0.2874,tput=6.53]
epoch 160: eval=0.9181
epoch 161: loss=0.070166, train_acc=0.9763, time=9.1s
per-rank: rank0[cuda0,share=0.3978,tput=3.52] rank1[cuda1,share=0.3077,tput=2.68] rank2[cuda2,share=0.2945,tput=4.30]
epoch 161: eval=0.9178
epoch 162: loss=0.069262, train_acc=0.9775, time=10.5s
per-rank: rank0[cuda0,share=0.3907,tput=2.17] rank1[cuda1,share=0.3083,tput=4.82] rank2[cuda2,share=0.3010,tput=3.50]
epoch 162: eval=0.9174
epoch 163: loss=0.068881, train_acc=0.9775, time=10.1s
per-rank: rank0[cuda0,share=0.3868,tput=2.82] rank1[cuda1,share=0.3084,tput=3.81] rank2[cuda2,share=0.3049,tput=2.33]
epoch 163: eval=0.9179
epoch 164: loss=0.069001, train_acc=0.9776, time=11.2s
per-rank: rank0[cuda0,share=0.3856,tput=2.12] rank1[cuda1,share=0.3091,tput=3.49] rank2[cuda2,share=0.3052,tput=5.37]
epoch 164: eval=0.9182
epoch 165: loss=0.067298, train_acc=0.9781, time=10.2s
per-rank: rank0[cuda0,share=0.3873,tput=2.78] rank1[cuda1,share=0.3077,tput=2.70] rank2[cuda2,share=0.3050,tput=3.74]
epoch 165: eval=0.9172
epoch 166: loss=0.067754, train_acc=0.9779, time=8.9s
per-rank: rank0[cuda0,share=0.3916,tput=3.75] rank1[cuda1,share=0.3068,tput=3.88] rank2[cuda2,share=0.3016,tput=2.16]
epoch 166: eval=0.9174
epoch 167: loss=0.068193, train_acc=0.9774, time=11.0s
per-rank: rank0[cuda0,share=0.3960,tput=2.19] rank1[cuda1,share=0.3059,tput=5.68] rank2[cuda2,share=0.2981,tput=3.20]
epoch 167: eval=0.9183
epoch 168: loss=0.065774, train_acc=0.9783, time=10.0s
per-rank: rank0[cuda0,share=0.3982,tput=2.52] rank1[cuda1,share=0.3054,tput=2.97] rank2[cuda2,share=0.2963,tput=3.61]
epoch 168: eval=0.9196
epoch 169: loss=0.066163, train_acc=0.9779, time=11.3s
per-rank: rank0[cuda0,share=0.4033,tput=2.18] rank1[cuda1,share=0.3046,tput=3.62] rank2[cuda2,share=0.2921,tput=5.60]
epoch 169: eval=0.9170
epoch 170: loss=0.065970, train_acc=0.9788, time=10.4s
per-rank: rank0[cuda0,share=0.4048,tput=2.56] rank1[cuda1,share=0.3036,tput=2.35] rank2[cuda2,share=0.2917,tput=4.38]
epoch 170: eval=0.9174
epoch 171: loss=0.064940, train_acc=0.9790, time=9.1s
per-rank: rank0[cuda0,share=0.4072,tput=2.32] rank1[cuda1,share=0.2992,tput=2.26] rank2[cuda2,share=0.2935,tput=5.99]
epoch 171: eval=0.9176
epoch 172: loss=0.063401, train_acc=0.9793, time=9.1s
per-rank: rank0[cuda0,share=0.4096,tput=2.26] rank2[cuda2,share=0.2968,tput=6.00] rank1[cuda1,share=0.2936,tput=2.40]
epoch 172: eval=0.9182
epoch 173: loss=0.062921, train_acc=0.9793, time=8.9s
per-rank: rank0[cuda0,share=0.4095,tput=2.34] rank2[cuda2,share=0.3016,tput=6.06] rank1[cuda1,share=0.2889,tput=2.32]
epoch 173: eval=0.9184
epoch 174: loss=0.061417, train_acc=0.9800, time=12.3s
per-rank: rank0[cuda0,share=0.4051,tput=1.95] rank2[cuda2,share=0.3082,tput=4.45] rank1[cuda1,share=0.2868,tput=4.26]
epoch 174: eval=0.9197
epoch 175: loss=0.062399, train_acc=0.9794, time=11.0s
per-rank: rank0[cuda0,share=0.3984,tput=1.99] rank2[cuda2,share=0.3103,tput=3.97] rank1[cuda1,share=0.2913,tput=2.96]
epoch 175: eval=0.9186
epoch 176: loss=0.061928, train_acc=0.9801, time=9.2s
per-rank: rank0[cuda0,share=0.3855,tput=3.38] rank2[cuda2,share=0.3116,tput=3.45] rank1[cuda1,share=0.3029,tput=2.57]
epoch 176: eval=0.9181
epoch 177: loss=0.062426, train_acc=0.9791, time=11.1s
per-rank: rank0[cuda0,share=0.3768,tput=2.02] rank1[cuda1,share=0.3133,tput=3.76] rank2[cuda2,share=0.3099,tput=4.77]
epoch 177: eval=0.9176
epoch 178: loss=0.061062, train_acc=0.9793, time=9.9s
per-rank: rank0[cuda0,share=0.3759,tput=2.63] rank1[cuda1,share=0.3191,tput=4.51] rank2[cuda2,share=0.3051,tput=2.36]
epoch 178: eval=0.9185
epoch 179: loss=0.062636, train_acc=0.9795, time=9.1s
per-rank: rank0[cuda0,share=0.3814,tput=2.47] rank1[cuda1,share=0.3215,tput=2.47] rank2[cuda2,share=0.2971,tput=5.59]
epoch 179: eval=0.9184
epoch 180: loss=0.061476, train_acc=0.9800, time=9.0s
per-rank: rank0[cuda0,share=0.3850,tput=3.47] rank1[cuda1,share=0.3203,tput=3.55] rank2[cuda2,share=0.2946,tput=2.25]
epoch 180: eval=0.9200
epoch 181: loss=0.058110, train_acc=0.9811, time=9.0s
per-rank: rank0[cuda0,share=0.3906,tput=3.12] rank1[cuda1,share=0.3181,tput=2.18] rank2[cuda2,share=0.2913,tput=5.45]
epoch 181: eval=0.9176
epoch 182: loss=0.058375, train_acc=0.9803, time=9.1s
per-rank: rank0[cuda0,share=0.3983,tput=3.27] rank1[cuda1,share=0.3090,tput=2.53] rank2[cuda2,share=0.2927,tput=3.46]
epoch 182: eval=0.9170
epoch 183: loss=0.060207, train_acc=0.9799, time=11.8s
per-rank: rank0[cuda0,share=0.3960,tput=2.07] rank1[cuda1,share=0.3071,tput=4.03] rank2[cuda2,share=0.2970,tput=4.83]
epoch 183: eval=0.9189
epoch 184: loss=0.059220, train_acc=0.9807, time=10.5s
per-rank: rank0[cuda0,share=0.3941,tput=2.16] rank1[cuda1,share=0.3050,tput=2.56] rank2[cuda2,share=0.3009,tput=4.40]
epoch 184: eval=0.9177
epoch 185: loss=0.058663, train_acc=0.9809, time=11.0s
per-rank: rank0[cuda0,share=0.3930,tput=2.17] rank1[cuda1,share=0.3054,tput=5.33] rank2[cuda2,share=0.3015,tput=3.16]
epoch 185: eval=0.9194
epoch 186: loss=0.059866, train_acc=0.9806, time=10.0s
per-rank: rank0[cuda0,share=0.3981,tput=2.17] rank1[cuda1,share=0.3023,tput=2.84] rank2[cuda2,share=0.2996,tput=3.85]
epoch 186: eval=0.9189
epoch 187: loss=0.059149, train_acc=0.9804, time=10.8s
per-rank: rank0[cuda0,share=0.3869,tput=2.18] rank1[cuda1,share=0.3081,tput=3.67] rank2[cuda2,share=0.3050,tput=5.00]
epoch 187: eval=0.9177
epoch 188: loss=0.057384, train_acc=0.9815, time=10.1s
per-rank: rank0[cuda0,share=0.3893,tput=2.46] rank2[cuda2,share=0.3066,tput=2.73] rank1[cuda1,share=0.3041,tput=3.76]
epoch 188: eval=0.9179
epoch 189: loss=0.056304, train_acc=0.9811, time=11.0s
per-rank: rank0[cuda0,share=0.4057,tput=2.23] rank1[cuda1,share=0.3023,tput=5.90] rank2[cuda2,share=0.2919,tput=2.88]
epoch 189: eval=0.9163
epoch 190: loss=0.056703, train_acc=0.9814, time=10.1s
per-rank: rank0[cuda0,share=0.4088,tput=2.67] rank1[cuda1,share=0.3097,tput=2.99] rank2[cuda2,share=0.2814,tput=3.48]
epoch 190: eval=0.9182
epoch 191: loss=0.057547, train_acc=0.9809, time=11.3s
per-rank: rank0[cuda0,share=0.4216,tput=2.20] rank1[cuda1,share=0.3157,tput=5.44] rank2[cuda2,share=0.2627,tput=3.09]
epoch 191: eval=0.9179
epoch 192: loss=0.055735, train_acc=0.9812, time=10.1s
per-rank: rank0[cuda0,share=0.4122,tput=2.36] rank1[cuda1,share=0.3130,tput=3.01] rank2[cuda2,share=0.2748,tput=4.59]
epoch 192: eval=0.9165
epoch 193: loss=0.055996, train_acc=0.9819, time=9.1s
per-rank: rank0[cuda0,share=0.3913,tput=2.29] rank1[cuda1,share=0.3123,tput=2.42] rank2[cuda2,share=0.2965,tput=6.38]
epoch 193: eval=0.9171
epoch 194: loss=0.056130, train_acc=0.9815, time=10.3s
per-rank: rank0[cuda0,share=0.4043,tput=2.25] rank2[cuda2,share=0.3059,tput=3.38] rank1[cuda1,share=0.2899,tput=4.79]
epoch 194: eval=0.9163
epoch 195: loss=0.054311, train_acc=0.9834, time=9.7s
per-rank: rank0[cuda0,share=0.4137,tput=2.67] rank2[cuda2,share=0.2986,tput=3.39] rank1[cuda1,share=0.2877,tput=3.07]
epoch 195: eval=0.9181
epoch 196: loss=0.055782, train_acc=0.9819, time=9.1s
per-rank: rank0[cuda0,share=0.4124,tput=2.82] rank1[cuda1,share=0.2956,tput=2.44] rank2[cuda2,share=0.2919,tput=5.06]
epoch 196: eval=0.9170
epoch 197: loss=0.055275, train_acc=0.9816, time=11.9s
per-rank: rank0[cuda0,share=0.4119,tput=2.00] rank1[cuda1,share=0.2986,tput=3.78] rank2[cuda2,share=0.2895,tput=4.89]
epoch 197: eval=0.9184
epoch 198: loss=0.054604, train_acc=0.9819, time=10.4s
per-rank: rank0[cuda0,share=0.4074,tput=2.64] rank1[cuda1,share=0.3023,tput=4.33] rank2[cuda2,share=0.2903,tput=2.91]
epoch 198: eval=0.9194
epoch 199: loss=0.056148, train_acc=0.9810, time=9.1s
per-rank: rank0[cuda0,share=0.4045,tput=2.20] rank1[cuda1,share=0.3046,tput=6.31] rank2[cuda2,share=0.2908,tput=2.23]
final eval=0.9193
# total: 1798.2s (29m 58s)
