# gpu0: NVIDIA GeForce RTX 5060 Ti (15GB, sm_120)
# gpu1: NVIDIA GeForce GTX 1060 6GB (5GB, sm_61)
# gpu2: NVIDIA GeForce GTX 1060 6GB (5GB, sm_61)
epoch 0: loss=2.023154, train_acc=0.2408, time=9.6s
per-rank: rank0[cuda0,share=0.3912,tput=2.77] rank1[cuda1,share=0.3066,tput=3.72] rank2[cuda2,share=0.3021,tput=4.99]
epoch 0: eval=0.3415
epoch 1: loss=1.675994, train_acc=0.3740, time=9.2s
per-rank: rank0[cuda0,share=0.3990,tput=3.93] rank1[cuda1,share=0.3125,tput=2.64] rank2[cuda2,share=0.2885,tput=3.93]
epoch 1: eval=0.3969
epoch 2: loss=1.441909, train_acc=0.4725, time=11.3s
per-rank: rank0[cuda0,share=0.4087,tput=2.15] rank2[cuda2,share=0.2997,tput=5.33] rank1[cuda1,share=0.2916,tput=3.42]
epoch 2: eval=0.5127
epoch 3: loss=1.259825, train_acc=0.5439, time=10.2s
per-rank: rank0[cuda0,share=0.4116,tput=2.54] rank2[cuda2,share=0.2994,tput=3.78] rank1[cuda1,share=0.2890,tput=2.87]
epoch 3: eval=0.5896
epoch 4: loss=1.136875, train_acc=0.5935, time=9.0s
per-rank: rank0[cuda0,share=0.4039,tput=2.13] rank1[cuda1,share=0.3015,tput=2.78] rank2[cuda2,share=0.2946,tput=6.12]
epoch 4: eval=0.5768
epoch 5: loss=1.040088, train_acc=0.6327, time=10.8s
per-rank: rank0[cuda0,share=0.3998,tput=2.21] rank1[cuda1,share=0.3115,tput=5.43] rank2[cuda2,share=0.2888,tput=3.37]
epoch 5: eval=0.6767
epoch 6: loss=0.949179, train_acc=0.6652, time=10.1s
per-rank: rank0[cuda0,share=0.3949,tput=2.36] rank1[cuda1,share=0.3048,tput=2.71] rank2[cuda2,share=0.3002,tput=4.51]
epoch 6: eval=0.6700
epoch 7: loss=0.882748, train_acc=0.6903, time=10.9s
per-rank: rank0[cuda0,share=0.3940,tput=2.19] rank1[cuda1,share=0.3061,tput=4.98] rank2[cuda2,share=0.2999,tput=3.55]
epoch 7: eval=0.5626
epoch 8: loss=0.826505, train_acc=0.7116, time=10.1s
per-rank: rank0[cuda0,share=0.4061,tput=2.62] rank1[cuda1,share=0.3088,tput=4.28] rank2[cuda2,share=0.2852,tput=2.17]
epoch 8: eval=0.7002
epoch 9: loss=0.780881, train_acc=0.7305, time=9.1s
per-rank: rank0[cuda0,share=0.4124,tput=3.83] rank1[cuda1,share=0.3215,tput=3.53] rank2[cuda2,share=0.2660,tput=2.08]
epoch 9: eval=0.6377
epoch 10: loss=0.743592, train_acc=0.7446, time=9.0s
per-rank: rank0[cuda0,share=0.4039,tput=3.13] rank1[cuda1,share=0.3186,tput=2.40] rank2[cuda2,share=0.2775,tput=4.04]
epoch 10: eval=0.7226
epoch 11: loss=0.715141, train_acc=0.7524, time=10.7s
per-rank: rank0[cuda0,share=0.3933,tput=2.24] rank1[cuda1,share=0.3078,tput=3.67] rank2[cuda2,share=0.2989,tput=4.86]
epoch 11: eval=0.6658
epoch 12: loss=0.698979, train_acc=0.7580, time=10.0s
per-rank: rank0[cuda0,share=0.4146,tput=3.08] rank1[cuda1,share=0.2947,tput=3.57] rank2[cuda2,share=0.2907,tput=2.55]
epoch 12: eval=0.7353
epoch 13: loss=0.674090, train_acc=0.7661, time=9.5s
per-rank: rank0[cuda0,share=0.4038,tput=2.00] rank2[cuda2,share=0.3003,tput=2.80] rank1[cuda1,share=0.2959,tput=6.46]
epoch 13: eval=0.7454
epoch 14: loss=0.652084, train_acc=0.7756, time=9.3s
per-rank: rank0[cuda0,share=0.3661,tput=2.98] rank2[cuda2,share=0.3194,tput=3.43] rank1[cuda1,share=0.3145,tput=2.79]
epoch 14: eval=0.6575
epoch 15: loss=0.637970, train_acc=0.7798, time=9.1s
per-rank: rank0[cuda0,share=0.3761,tput=3.30] rank1[cuda1,share=0.3200,tput=2.51] rank2[cuda2,share=0.3039,tput=3.59]
epoch 15: eval=0.7598
epoch 16: loss=0.632588, train_acc=0.7819, time=10.7s
per-rank: rank0[cuda0,share=0.3929,tput=2.27] rank1[cuda1,share=0.3102,tput=5.62] rank2[cuda2,share=0.2969,tput=3.19]
epoch 16: eval=0.7397
epoch 17: loss=0.612126, train_acc=0.7893, time=11.2s
per-rank: rank0[cuda0,share=0.4077,tput=2.37] rank1[cuda1,share=0.3127,tput=2.90] rank2[cuda2,share=0.2796,tput=3.04]
epoch 17: eval=0.6974
epoch 18: loss=0.601918, train_acc=0.7928, time=11.1s
per-rank: rank0[cuda0,share=0.3988,tput=2.18] rank1[cuda1,share=0.3176,tput=4.82] rank2[cuda2,share=0.2837,tput=3.64]
epoch 18: eval=0.7734
epoch 19: loss=0.631205, train_acc=0.7832, time=10.1s
per-rank: rank0[cuda0,share=0.3936,tput=2.03] rank1[cuda1,share=0.3108,tput=4.07] rank2[cuda2,share=0.2956,tput=2.99]
epoch 19: eval=0.7150
epoch 20: loss=0.633477, train_acc=0.7820, time=8.9s
per-rank: rank0[cuda0,share=0.3926,tput=2.05] rank1[cuda1,share=0.3064,tput=6.35] rank2[cuda2,share=0.3010,tput=2.58]
epoch 20: eval=0.6940
epoch 21: loss=0.625134, train_acc=0.7866, time=9.2s
per-rank: rank0[cuda0,share=0.3883,tput=2.14] rank1[cuda1,share=0.3064,tput=2.54] rank2[cuda2,share=0.3053,tput=5.91]
epoch 21: eval=0.7568
epoch 22: loss=0.613891, train_acc=0.7912, time=9.1s
per-rank: rank0[cuda0,share=0.3855,tput=3.40] rank2[cuda2,share=0.3080,tput=3.60] rank1[cuda1,share=0.3064,tput=2.29]
epoch 22: eval=0.6934
epoch 23: loss=0.598429, train_acc=0.7946, time=9.0s
per-rank: rank0[cuda0,share=0.3839,tput=4.08] rank2[cuda2,share=0.3098,tput=2.79] rank1[cuda1,share=0.3063,tput=2.69]
epoch 23: eval=0.7388
epoch 24: loss=0.601021, train_acc=0.7922, time=9.1s
per-rank: rank0[cuda0,share=0.3841,tput=2.79] rank2[cuda2,share=0.3104,tput=2.26] rank1[cuda1,share=0.3054,tput=5.32]
epoch 24: eval=0.7902
epoch 25: loss=0.589064, train_acc=0.7984, time=8.9s
per-rank: rank0[cuda0,share=0.3832,tput=2.82] rank2[cuda2,share=0.3104,tput=4.76] rank1[cuda1,share=0.3064,tput=2.69]
epoch 25: eval=0.7416
epoch 26: loss=0.588999, train_acc=0.7968, time=8.9s
per-rank: rank0[cuda0,share=0.3843,tput=3.67] rank2[cuda2,share=0.3094,tput=2.37] rank1[cuda1,share=0.3064,tput=3.39]
epoch 26: eval=0.7518
epoch 27: loss=0.583636, train_acc=0.7992, time=11.0s
per-rank: rank0[cuda0,share=0.3869,tput=2.19] rank2[cuda2,share=0.3077,tput=2.83] rank1[cuda1,share=0.3055,tput=6.00]
epoch 27: eval=0.7750
epoch 28: loss=0.570420, train_acc=0.8051, time=10.1s
per-rank: rank0[cuda0,share=0.3890,tput=2.78] rank2[cuda2,share=0.3063,tput=3.52] rank1[cuda1,share=0.3047,tput=2.80]
epoch 28: eval=0.7713
epoch 29: loss=0.585085, train_acc=0.7989, time=10.7s
per-rank: rank0[cuda0,share=0.3909,tput=2.29] rank1[cuda1,share=0.3046,tput=3.96] rank2[cuda2,share=0.3046,tput=4.52]
epoch 29: eval=0.7699
epoch 30: loss=0.567956, train_acc=0.8038, time=9.7s
per-rank: rank0[cuda0,share=0.3934,tput=2.91] rank1[cuda1,share=0.3049,tput=2.82] rank2[cuda2,share=0.3017,tput=3.64]
epoch 30: eval=0.8271
epoch 31: loss=0.561760, train_acc=0.8064, time=10.2s
per-rank: rank0[cuda0,share=0.3976,tput=2.46] rank1[cuda1,share=0.3044,tput=3.26] rank2[cuda2,share=0.2980,tput=5.56]
epoch 31: eval=0.7327
epoch 32: loss=0.560346, train_acc=0.8085, time=9.4s
per-rank: rank0[cuda0,share=0.4017,tput=3.40] rank1[cuda1,share=0.3038,tput=2.35] rank2[cuda2,share=0.2944,tput=3.54]
epoch 32: eval=0.7743
epoch 33: loss=0.557052, train_acc=0.8095, time=8.9s
per-rank: rank0[cuda0,share=0.4017,tput=3.78] rank1[cuda1,share=0.3038,tput=3.23] rank2[cuda2,share=0.2944,tput=2.44]
epoch 33: eval=0.7504
epoch 34: loss=0.551612, train_acc=0.8122, time=11.1s
per-rank: rank0[cuda0,share=0.4103,tput=2.25] rank1[cuda1,share=0.3007,tput=3.81] rank2[cuda2,share=0.2890,tput=5.07]
epoch 34: eval=0.7622
epoch 35: loss=0.555559, train_acc=0.8101, time=10.1s
per-rank: rank0[cuda0,share=0.4103,tput=2.22] rank1[cuda1,share=0.3007,tput=2.86] rank2[cuda2,share=0.2890,tput=4.00]
epoch 35: eval=0.7514
epoch 36: loss=0.543254, train_acc=0.8145, time=10.7s
per-rank: rank0[cuda0,share=0.4147,tput=2.36] rank1[cuda1,share=0.2984,tput=3.98] rank2[cuda2,share=0.2869,tput=4.45]
epoch 36: eval=0.7375
epoch 37: loss=0.538055, train_acc=0.8155, time=10.2s
per-rank: rank0[cuda0,share=0.4175,tput=2.32] rank1[cuda1,share=0.2968,tput=2.78] rank2[cuda2,share=0.2857,tput=3.71]
epoch 37: eval=0.7330
epoch 38: loss=0.544743, train_acc=0.8118, time=9.0s
per-rank: rank0[cuda0,share=0.4177,tput=3.04] rank1[cuda1,share=0.2966,tput=2.54] rank2[cuda2,share=0.2857,tput=3.63]
epoch 38: eval=0.8076
epoch 39: loss=0.538106, train_acc=0.8129, time=9.1s
per-rank: rank0[cuda0,share=0.4179,tput=2.14] rank1[cuda1,share=0.2964,tput=6.16] rank2[cuda2,share=0.2857,tput=2.41]
epoch 39: eval=0.7875
epoch 40: loss=0.544632, train_acc=0.8138, time=9.0s
per-rank: rank0[cuda0,share=0.4159,tput=1.98] rank1[cuda1,share=0.2973,tput=2.56] rank2[cuda2,share=0.2868,tput=6.48]
epoch 40: eval=0.7883
epoch 41: loss=0.526885, train_acc=0.8176, time=8.9s
per-rank: rank0[cuda0,share=0.4139,tput=3.76] rank1[cuda1,share=0.2981,tput=3.42] rank2[cuda2,share=0.2880,tput=2.38]
epoch 41: eval=0.7760
epoch 42: loss=0.538031, train_acc=0.8158, time=9.0s
per-rank: rank0[cuda0,share=0.4128,tput=4.18] rank1[cuda1,share=0.2973,tput=2.26] rank2[cuda2,share=0.2899,tput=3.34]
epoch 42: eval=0.7896
epoch 43: loss=0.526955, train_acc=0.8206, time=9.1s
per-rank: rank0[cuda0,share=0.4117,tput=2.30] rank1[cuda1,share=0.2965,tput=3.01] rank2[cuda2,share=0.2918,tput=4.97]
epoch 43: eval=0.7853
epoch 44: loss=0.524385, train_acc=0.8199, time=9.0s
per-rank: rank0[cuda0,share=0.4091,tput=3.24] rank1[cuda1,share=0.2981,tput=2.70] rank2[cuda2,share=0.2928,tput=3.17]
epoch 44: eval=0.7985
epoch 45: loss=0.528811, train_acc=0.8186, time=10.7s
per-rank: rank0[cuda0,share=0.4064,tput=2.26] rank1[cuda1,share=0.2998,tput=5.47] rank2[cuda2,share=0.2937,tput=3.11]
epoch 45: eval=0.7467
epoch 46: loss=0.515583, train_acc=0.8221, time=10.0s
per-rank: rank0[cuda0,share=0.4038,tput=2.81] rank1[cuda1,share=0.3015,tput=3.46] rank2[cuda2,share=0.2947,tput=2.89]
epoch 46: eval=0.7565
epoch 47: loss=0.516785, train_acc=0.8241, time=8.9s
per-rank: rank0[cuda0,share=0.4010,tput=3.36] rank1[cuda1,share=0.3032,tput=3.31] rank2[cuda2,share=0.2957,tput=2.65]
epoch 47: eval=0.7747
epoch 48: loss=0.524270, train_acc=0.8189, time=11.0s
per-rank: rank0[cuda0,share=0.4005,tput=2.19] rank1[cuda1,share=0.3029,tput=3.54] rank2[cuda2,share=0.2966,tput=5.54]
epoch 48: eval=0.8210
epoch 49: loss=0.518116, train_acc=0.8214, time=10.1s
per-rank: rank0[cuda0,share=0.3986,tput=2.38] rank1[cuda1,share=0.3032,tput=3.92] rank2[cuda2,share=0.2982,tput=2.84]
epoch 49: eval=0.7877
epoch 50: loss=0.512866, train_acc=0.8244, time=9.0s
per-rank: rank0[cuda0,share=0.4006,tput=3.63] rank1[cuda1,share=0.3011,tput=3.16] rank2[cuda2,share=0.2983,tput=2.47]
epoch 50: eval=0.8141
epoch 51: loss=0.521288, train_acc=0.8216, time=11.1s
per-rank: rank0[cuda0,share=0.4020,tput=2.18] rank2[cuda2,share=0.2995,tput=3.71] rank1[cuda1,share=0.2985,tput=4.86]
epoch 51: eval=0.7234
epoch 52: loss=0.515755, train_acc=0.8232, time=10.1s
per-rank: rank0[cuda0,share=0.4023,tput=2.54] rank2[cuda2,share=0.3000,tput=2.69] rank1[cuda1,share=0.2977,tput=3.95]
epoch 52: eval=0.7190
epoch 53: loss=0.510816, train_acc=0.8256, time=8.8s
per-rank: rank0[cuda0,share=0.4027,tput=2.24] rank2[cuda2,share=0.3005,tput=6.14] rank1[cuda1,share=0.2968,tput=2.61]
epoch 53: eval=0.7857
epoch 54: loss=0.513161, train_acc=0.8258, time=8.9s
per-rank: rank0[cuda0,share=0.4037,tput=3.50] rank2[cuda2,share=0.3015,tput=2.29] rank1[cuda1,share=0.2948,tput=3.73]
epoch 54: eval=0.7947
epoch 55: loss=0.510996, train_acc=0.8256, time=9.2s
per-rank: rank0[cuda0,share=0.4047,tput=4.69] rank2[cuda2,share=0.3025,tput=2.28] rank1[cuda1,share=0.2928,tput=4.54]
epoch 55: eval=0.7684
epoch 56: loss=0.503911, train_acc=0.8266, time=11.3s
per-rank: rank0[cuda0,share=0.4067,tput=2.19] rank2[cuda2,share=0.3046,tput=3.42] rank1[cuda1,share=0.2887,tput=5.61]
epoch 56: eval=0.7892
epoch 57: loss=0.512099, train_acc=0.8236, time=10.2s
per-rank: rank0[cuda0,share=0.4067,tput=2.51] rank2[cuda2,share=0.3046,tput=2.46] rank1[cuda1,share=0.2887,tput=4.40]
epoch 57: eval=0.8051
epoch 58: loss=0.498894, train_acc=0.8286, time=10.8s
per-rank: rank0[cuda0,share=0.4093,tput=2.25] rank2[cuda2,share=0.3035,tput=5.09] rank1[cuda1,share=0.2872,tput=3.49]
epoch 58: eval=0.6926
epoch 59: loss=0.510566, train_acc=0.8265, time=9.9s
per-rank: rank0[cuda0,share=0.4086,tput=1.93] rank2[cuda2,share=0.3031,tput=4.02] rank1[cuda1,share=0.2883,tput=3.08]
epoch 59: eval=0.7699
epoch 60: loss=0.502518, train_acc=0.8282, time=9.0s
per-rank: rank0[cuda0,share=0.4080,tput=2.98] rank2[cuda2,share=0.3026,tput=2.52] rank1[cuda1,share=0.2894,tput=3.81]
epoch 60: eval=0.8165
epoch 61: loss=0.501672, train_acc=0.8266, time=9.0s
per-rank: rank0[cuda0,share=0.4074,tput=3.96] rank2[cuda2,share=0.3021,tput=2.45] rank1[cuda1,share=0.2905,tput=3.17]
epoch 61: eval=0.7444
epoch 62: loss=0.496498, train_acc=0.8296, time=8.9s
per-rank: rank0[cuda0,share=0.4068,tput=3.77] rank2[cuda2,share=0.3016,tput=3.17] rank1[cuda1,share=0.2916,tput=2.51]
epoch 62: eval=0.7924
epoch 63: loss=0.498582, train_acc=0.8283, time=9.0s
per-rank: rank0[cuda0,share=0.4061,tput=4.21] rank2[cuda2,share=0.3011,tput=2.14] rank1[cuda1,share=0.2927,tput=4.87]
epoch 63: eval=0.7837
epoch 64: loss=0.492236, train_acc=0.8316, time=9.0s
per-rank: rank0[cuda0,share=0.4055,tput=2.27] rank2[cuda2,share=0.3006,tput=5.90] rank1[cuda1,share=0.2938,tput=2.51]
epoch 64: eval=0.7708
epoch 65: loss=0.496056, train_acc=0.8300, time=9.3s
per-rank: rank0[cuda0,share=0.4049,tput=2.70] rank2[cuda2,share=0.3001,tput=2.54] rank1[cuda1,share=0.2950,tput=3.79]
epoch 65: eval=0.7989
epoch 66: loss=0.496117, train_acc=0.8302, time=9.2s
per-rank: rank0[cuda0,share=0.4028,tput=2.62] rank2[cuda2,share=0.3004,tput=2.21] rank1[cuda1,share=0.2968,tput=5.97]
epoch 66: eval=0.8035
epoch 67: loss=0.483407, train_acc=0.8338, time=10.1s
per-rank: rank0[cuda0,share=0.3992,tput=2.31] rank1[cuda1,share=0.3011,tput=5.01] rank2[cuda2,share=0.2996,tput=3.35]
epoch 67: eval=0.8049
epoch 68: loss=0.487626, train_acc=0.8337, time=9.8s
per-rank: rank0[cuda0,share=0.3984,tput=3.18] rank1[cuda1,share=0.3024,tput=3.81] rank2[cuda2,share=0.2992,tput=2.34]
epoch 68: eval=0.7961
epoch 69: loss=0.490891, train_acc=0.8333, time=8.8s
per-rank: rank0[cuda0,share=0.3991,tput=4.06] rank1[cuda1,share=0.3029,tput=2.79] rank2[cuda2,share=0.2980,tput=2.77]
epoch 69: eval=0.8064
epoch 70: loss=0.495550, train_acc=0.8298, time=8.9s
per-rank: rank0[cuda0,share=0.4011,tput=3.11] rank1[cuda1,share=0.3027,tput=2.83] rank2[cuda2,share=0.2961,tput=3.32]
epoch 70: eval=0.7798
epoch 71: loss=0.497243, train_acc=0.8291, time=9.0s
per-rank: rank0[cuda0,share=0.4032,tput=3.61] rank1[cuda1,share=0.3026,tput=4.32] rank2[cuda2,share=0.2943,tput=2.53]
epoch 71: eval=0.7844
epoch 72: loss=0.480946, train_acc=0.8354, time=11.8s
per-rank: rank0[cuda0,share=0.4030,tput=2.10] rank1[cuda1,share=0.3044,tput=4.07] rank2[cuda2,share=0.2926,tput=5.31]
epoch 72: eval=0.7911
epoch 73: loss=0.484512, train_acc=0.8343, time=10.7s
per-rank: rank0[cuda0,share=0.4035,tput=2.47] rank1[cuda1,share=0.3058,tput=2.48] rank2[cuda2,share=0.2907,tput=4.06]
epoch 73: eval=0.8198
epoch 74: loss=0.481874, train_acc=0.8341, time=9.0s
per-rank: rank0[cuda0,share=0.4050,tput=3.68] rank1[cuda1,share=0.3052,tput=2.16] rank2[cuda2,share=0.2898,tput=3.88]
epoch 74: eval=0.8038
epoch 75: loss=0.487757, train_acc=0.8328, time=10.8s
per-rank: rank0[cuda0,share=0.4075,tput=2.25] rank1[cuda1,share=0.3015,tput=4.47] rank2[cuda2,share=0.2910,tput=3.84]
epoch 75: eval=0.8272
epoch 76: loss=0.485556, train_acc=0.8339, time=10.1s
per-rank: rank0[cuda0,share=0.4092,tput=2.85] rank1[cuda1,share=0.2990,tput=3.24] rank2[cuda2,share=0.2919,tput=2.82]
epoch 76: eval=0.8190
epoch 77: loss=0.479848, train_acc=0.8345, time=11.6s
per-rank: rank0[cuda0,share=0.4094,tput=2.14] rank1[cuda1,share=0.2971,tput=3.87] rank2[cuda2,share=0.2935,tput=4.88]
epoch 77: eval=0.7923
epoch 78: loss=0.474489, train_acc=0.8362, time=10.2s
per-rank: rank0[cuda0,share=0.4081,tput=2.90] rank1[cuda1,share=0.2959,tput=3.21] rank2[cuda2,share=0.2959,tput=3.93]
epoch 78: eval=0.8046
epoch 79: loss=0.484423, train_acc=0.8336, time=10.9s
per-rank: rank0[cuda0,share=0.4085,tput=2.25] rank2[cuda2,share=0.2986,tput=3.57] rank1[cuda1,share=0.2928,tput=4.88]
epoch 79: eval=0.8282
epoch 80: loss=0.484680, train_acc=0.8339, time=10.1s
per-rank: rank0[cuda0,share=0.4103,tput=2.79] rank2[cuda2,share=0.2988,tput=3.60] rank1[cuda1,share=0.2909,tput=2.69]
epoch 80: eval=0.8233
epoch 81: loss=0.481846, train_acc=0.8344, time=9.3s
per-rank: rank0[cuda0,share=0.4114,tput=2.13] rank2[cuda2,share=0.3003,tput=6.11] rank1[cuda1,share=0.2884,tput=2.71]
epoch 81: eval=0.7385
epoch 82: loss=0.471889, train_acc=0.8390, time=13.5s
per-rank: rank0[cuda0,share=0.4145,tput=1.86] rank2[cuda2,share=0.2991,tput=4.49] rank1[cuda1,share=0.2863,tput=2.94]
epoch 82: eval=0.8177
epoch 83: loss=0.473378, train_acc=0.8374, time=12.0s
per-rank: rank0[cuda0,share=0.4145,tput=1.88] rank2[cuda2,share=0.2991,tput=3.45] rank1[cuda1,share=0.2863,tput=2.54]
epoch 83: eval=0.7632
epoch 84: loss=0.470529, train_acc=0.8384, time=13.7s
per-rank: rank0[cuda0,share=0.4142,tput=1.81] rank2[cuda2,share=0.2976,tput=4.31] rank1[cuda1,share=0.2882,tput=2.91]
epoch 84: eval=0.7266
epoch 85: loss=0.474856, train_acc=0.8368, time=11.2s
per-rank: rank0[cuda0,share=0.4138,tput=1.95] rank2[cuda2,share=0.2963,tput=3.71] rank1[cuda1,share=0.2900,tput=2.73]
epoch 85: eval=0.7897
epoch 86: loss=0.478570, train_acc=0.8365, time=9.4s
per-rank: rank0[cuda0,share=0.4123,tput=3.26] rank2[cuda2,share=0.2963,tput=3.44] rank1[cuda1,share=0.2915,tput=2.14]
epoch 86: eval=0.7841
epoch 87: loss=0.469091, train_acc=0.8393, time=10.4s
per-rank: rank0[cuda0,share=0.4084,tput=2.30] rank2[cuda2,share=0.2976,tput=4.91] rank1[cuda1,share=0.2940,tput=3.73]
epoch 87: eval=0.7980
epoch 88: loss=0.478405, train_acc=0.8362, time=9.9s
per-rank: rank0[cuda0,share=0.4060,tput=3.07] rank2[cuda2,share=0.2989,tput=3.60] rank1[cuda1,share=0.2951,tput=2.49]
epoch 88: eval=0.6828
epoch 89: loss=0.465744, train_acc=0.8420, time=11.7s
per-rank: rank0[cuda0,share=0.4042,tput=1.96] rank2[cuda2,share=0.3001,tput=4.89] rank1[cuda1,share=0.2957,tput=3.48]
epoch 89: eval=0.8156
epoch 90: loss=0.464132, train_acc=0.8423, time=10.0s
per-rank: rank0[cuda0,share=0.4025,tput=2.63] rank2[cuda2,share=0.3002,tput=2.53] rank1[cuda1,share=0.2972,tput=4.31]
epoch 90: eval=0.7877
epoch 91: loss=0.466236, train_acc=0.8407, time=11.1s
per-rank: rank0[cuda0,share=0.4011,tput=2.18] rank2[cuda2,share=0.2996,tput=3.31] rank1[cuda1,share=0.2993,tput=5.00]
epoch 91: eval=0.7905
epoch 92: loss=0.470244, train_acc=0.8378, time=10.0s
per-rank: rank0[cuda0,share=0.4007,tput=2.50] rank2[cuda2,share=0.2999,tput=2.70] rank1[cuda1,share=0.2994,tput=3.84]
epoch 92: eval=0.7579
epoch 93: loss=0.464862, train_acc=0.8395, time=8.9s
per-rank: rank0[cuda0,share=0.4031,tput=3.85] rank1[cuda1,share=0.2989,tput=2.13] rank2[cuda2,share=0.2980,tput=3.62]
epoch 93: eval=0.7462
epoch 94: loss=0.471216, train_acc=0.8377, time=9.0s
per-rank: rank0[cuda0,share=0.4046,tput=2.50] rank1[cuda1,share=0.2980,tput=5.80] rank2[cuda2,share=0.2973,tput=2.23]
epoch 94: eval=0.7784
epoch 95: loss=0.455436, train_acc=0.8443, time=9.0s
per-rank: rank0[cuda0,share=0.4077,tput=2.24] rank1[cuda1,share=0.2980,tput=6.61] rank2[cuda2,share=0.2943,tput=2.40]
epoch 95: eval=0.8153
epoch 96: loss=0.470611, train_acc=0.8387, time=11.3s
per-rank: rank0[cuda0,share=0.4070,tput=2.20] rank1[cuda1,share=0.2990,tput=5.55] rank2[cuda2,share=0.2940,tput=3.48]
epoch 96: eval=0.7795
epoch 97: loss=0.458980, train_acc=0.8447, time=10.5s
per-rank: rank0[cuda0,share=0.4070,tput=2.39] rank1[cuda1,share=0.2988,tput=4.02] rank2[cuda2,share=0.2941,tput=2.44]
epoch 97: eval=0.7817
epoch 98: loss=0.468038, train_acc=0.8400, time=10.8s
per-rank: rank0[cuda0,share=0.4078,tput=2.23] rank1[cuda1,share=0.2990,tput=4.98] rank2[cuda2,share=0.2932,tput=3.79]
epoch 98: eval=0.7594
epoch 99: loss=0.458060, train_acc=0.8409, time=10.1s
per-rank: rank0[cuda0,share=0.4084,tput=2.75] rank1[cuda1,share=0.2993,tput=3.58] rank2[cuda2,share=0.2922,tput=2.72]
epoch 99: eval=0.8030
epoch 100: loss=0.354913, train_acc=0.8785, time=11.2s
per-rank: rank0[cuda0,share=0.4087,tput=2.21] rank1[cuda1,share=0.2998,tput=3.29] rank2[cuda2,share=0.2915,tput=5.29]
epoch 100: eval=0.8948
epoch 101: loss=0.247343, train_acc=0.9149, time=10.0s
per-rank: rank0[cuda0,share=0.4073,tput=2.75] rank1[cuda1,share=0.2999,tput=3.04] rank2[cuda2,share=0.2928,tput=3.32]
epoch 101: eval=0.8965
epoch 102: loss=0.232020, train_acc=0.9191, time=10.6s
per-rank: rank0[cuda0,share=0.4080,tput=2.29] rank1[cuda1,share=0.3000,tput=5.67] rank2[cuda2,share=0.2920,tput=3.05]
epoch 102: eval=0.9031
epoch 103: loss=0.221361, train_acc=0.9229, time=9.8s
per-rank: rank0[cuda0,share=0.4094,tput=3.01] rank1[cuda1,share=0.3003,tput=2.93] rank2[cuda2,share=0.2903,tput=3.12]
epoch 103: eval=0.8983
epoch 104: loss=0.216323, train_acc=0.9258, time=8.9s
per-rank: rank0[cuda0,share=0.4141,tput=3.39] rank1[cuda1,share=0.2991,tput=3.66] rank2[cuda2,share=0.2869,tput=2.25]
epoch 104: eval=0.9051
epoch 105: loss=0.207813, train_acc=0.9272, time=9.1s
per-rank: rank0[cuda0,share=0.4140,tput=2.11] rank1[cuda1,share=0.2992,tput=6.07] rank2[cuda2,share=0.2867,tput=2.70]
epoch 105: eval=0.9027
epoch 106: loss=0.200205, train_acc=0.9313, time=9.0s
per-rank: rank0[cuda0,share=0.4142,tput=3.30] rank1[cuda1,share=0.3012,tput=3.35] rank2[cuda2,share=0.2846,tput=2.55]
epoch 106: eval=0.9074
epoch 107: loss=0.196732, train_acc=0.9320, time=11.8s
per-rank: rank0[cuda0,share=0.4121,tput=2.10] rank1[cuda1,share=0.3027,tput=4.80] rank2[cuda2,share=0.2851,tput=3.64]
epoch 107: eval=0.9053
epoch 108: loss=0.191800, train_acc=0.9342, time=10.3s
per-rank: rank0[cuda0,share=0.4072,tput=2.26] rank1[cuda1,share=0.3038,tput=3.06] rank2[cuda2,share=0.2889,tput=3.72]
epoch 108: eval=0.9101
epoch 109: loss=0.186074, train_acc=0.9346, time=8.9s
per-rank: rank0[cuda0,share=0.4005,tput=2.83] rank1[cuda1,share=0.3057,tput=6.04] rank2[cuda2,share=0.2938,tput=2.11]
epoch 109: eval=0.9081
epoch 110: loss=0.183055, train_acc=0.9364, time=9.0s
per-rank: rank0[cuda0,share=0.3975,tput=4.11] rank1[cuda1,share=0.3055,tput=2.97] rank2[cuda2,share=0.2970,tput=2.52]
epoch 110: eval=0.9076
epoch 111: loss=0.182916, train_acc=0.9367, time=9.2s
per-rank: rank0[cuda0,share=0.3976,tput=3.36] rank1[cuda1,share=0.3049,tput=2.34] rank2[cuda2,share=0.2975,tput=3.36]
epoch 111: eval=0.9108
epoch 112: loss=0.178248, train_acc=0.9392, time=9.0s
per-rank: rank0[cuda0,share=0.4032,tput=4.42] rank1[cuda1,share=0.3009,tput=2.93] rank2[cuda2,share=0.2959,tput=2.63]
epoch 112: eval=0.9085
epoch 113: loss=0.174899, train_acc=0.9399, time=9.1s
per-rank: rank0[cuda0,share=0.4081,tput=2.89] rank1[cuda1,share=0.2961,tput=3.60] rank2[cuda2,share=0.2958,tput=2.62]
epoch 113: eval=0.9124
epoch 114: loss=0.170402, train_acc=0.9405, time=9.0s
per-rank: rank0[cuda0,share=0.4092,tput=3.36] rank2[cuda2,share=0.2987,tput=3.64] rank1[cuda1,share=0.2921,tput=2.68]
epoch 114: eval=0.9058
epoch 115: loss=0.165168, train_acc=0.9432, time=11.2s
per-rank: rank0[cuda0,share=0.3997,tput=2.10] rank2[cuda2,share=0.3073,tput=4.55] rank1[cuda1,share=0.2930,tput=4.05]
epoch 115: eval=0.9097
epoch 116: loss=0.167760, train_acc=0.9415, time=10.1s
per-rank: rank0[cuda0,share=0.3927,tput=2.49] rank2[cuda2,share=0.3095,tput=2.49] rank1[cuda1,share=0.2978,tput=4.37]
epoch 116: eval=0.9127
epoch 117: loss=0.163337, train_acc=0.9429, time=10.3s
per-rank: rank0[cuda0,share=0.3851,tput=2.25] rank2[cuda2,share=0.3098,tput=3.54] rank1[cuda1,share=0.3051,tput=4.98]
epoch 117: eval=0.9092
epoch 118: loss=0.160351, train_acc=0.9433, time=9.9s
per-rank: rank0[cuda0,share=0.3865,tput=3.24] rank2[cuda2,share=0.3076,tput=3.56] rank1[cuda1,share=0.3060,tput=2.53]
epoch 118: eval=0.9100
epoch 119: loss=0.156417, train_acc=0.9446, time=9.0s
per-rank: rank0[cuda0,share=0.3956,tput=3.48] rank1[cuda1,share=0.3046,tput=4.11] rank2[cuda2,share=0.2998,tput=2.09]
epoch 119: eval=0.9104
epoch 120: loss=0.155919, train_acc=0.9445, time=11.9s
per-rank: rank0[cuda0,share=0.4068,tput=2.11] rank1[cuda1,share=0.3022,tput=4.17] rank2[cuda2,share=0.2910,tput=4.55]
epoch 120: eval=0.9111
epoch 121: loss=0.155609, train_acc=0.9449, time=10.5s
per-rank: rank0[cuda0,share=0.4020,tput=2.04] rank1[cuda1,share=0.3069,tput=2.89] rank2[cuda2,share=0.2911,tput=4.41]
epoch 121: eval=0.9125
epoch 122: loss=0.148856, train_acc=0.9465, time=9.2s
per-rank: rank0[cuda0,share=0.3946,tput=4.03] rank1[cuda1,share=0.3126,tput=2.10] rank2[cuda2,share=0.2928,tput=3.47]
epoch 122: eval=0.9114
epoch 123: loss=0.148580, train_acc=0.9481, time=9.1s
per-rank: rank0[cuda0,share=0.3854,tput=3.63] rank1[cuda1,share=0.3139,tput=2.36] rank2[cuda2,share=0.3007,tput=3.52]
epoch 123: eval=0.9133
epoch 124: loss=0.145336, train_acc=0.9497, time=9.0s
per-rank: rank0[cuda0,share=0.3915,tput=4.15] rank1[cuda1,share=0.3048,tput=2.25] rank2[cuda2,share=0.3037,tput=3.28]
epoch 124: eval=0.9097
epoch 125: loss=0.142573, train_acc=0.9495, time=9.1s
per-rank: rank0[cuda0,share=0.4134,tput=3.82] rank2[cuda2,share=0.2952,tput=2.93] rank1[cuda1,share=0.2914,tput=2.58]
epoch 125: eval=0.9103
epoch 126: loss=0.144005, train_acc=0.9498, time=8.9s
per-rank: rank0[cuda0,share=0.4254,tput=3.39] rank1[cuda1,share=0.2895,tput=2.74] rank2[cuda2,share=0.2851,tput=3.11]
epoch 126: eval=0.9076
epoch 127: loss=0.140779, train_acc=0.9507, time=11.3s
per-rank: rank0[cuda0,share=0.4301,tput=2.27] rank1[cuda1,share=0.2977,tput=5.56] rank2[cuda2,share=0.2723,tput=3.32]
epoch 127: eval=0.9081
epoch 128: loss=0.135934, train_acc=0.9522, time=10.2s
per-rank: rank0[cuda0,share=0.4260,tput=2.41] rank1[cuda1,share=0.3026,tput=2.87] rank2[cuda2,share=0.2714,tput=4.09]
epoch 128: eval=0.9102
epoch 129: loss=0.139038, train_acc=0.9509, time=10.0s
per-rank: rank0[cuda0,share=0.4185,tput=3.23] rank1[cuda1,share=0.3037,tput=1.99] rank2[cuda2,share=0.2779,tput=3.17]
epoch 129: eval=0.9088
epoch 130: loss=0.134990, train_acc=0.9521, time=9.1s
per-rank: rank0[cuda0,share=0.4247,tput=3.39] rank1[cuda1,share=0.2911,tput=3.32] rank2[cuda2,share=0.2842,tput=2.51]
epoch 130: eval=0.9112
epoch 131: loss=0.132819, train_acc=0.9538, time=9.3s
per-rank: rank0[cuda0,share=0.4230,tput=3.08] rank2[cuda2,share=0.2921,tput=3.46] rank1[cuda1,share=0.2850,tput=2.43]
epoch 131: eval=0.9086
epoch 132: loss=0.126913, train_acc=0.9559, time=11.8s
per-rank: rank0[cuda0,share=0.3992,tput=2.04] rank2[cuda2,share=0.3065,tput=4.97] rank1[cuda1,share=0.2944,tput=3.86]
epoch 132: eval=0.9038
epoch 133: loss=0.127422, train_acc=0.9551, time=10.5s
per-rank: rank0[cuda0,share=0.3937,tput=2.26] rank2[cuda2,share=0.3063,tput=2.69] rank1[cuda1,share=0.3000,tput=4.29]
epoch 133: eval=0.9164
epoch 134: loss=0.125454, train_acc=0.9559, time=9.3s
per-rank: rank0[cuda0,share=0.3812,tput=2.61] rank2[cuda2,share=0.3117,tput=2.51] rank1[cuda1,share=0.3072,tput=4.10]
epoch 134: eval=0.9095
epoch 135: loss=0.126876, train_acc=0.9547, time=9.2s
per-rank: rank0[cuda0,share=0.3693,tput=4.22] rank1[cuda1,share=0.3169,tput=3.38] rank2[cuda2,share=0.3138,tput=2.28]
epoch 135: eval=0.9091
epoch 136: loss=0.125287, train_acc=0.9551, time=10.9s
per-rank: rank0[cuda0,share=0.4113,tput=2.29] rank2[cuda2,share=0.2964,tput=3.41] rank1[cuda1,share=0.2923,tput=5.18]
epoch 136: eval=0.9066
epoch 137: loss=0.128115, train_acc=0.9546, time=10.0s
per-rank: rank0[cuda0,share=0.4219,tput=2.46] rank2[cuda2,share=0.2894,tput=3.77] rank1[cuda1,share=0.2886,tput=3.09]
epoch 137: eval=0.9129
epoch 138: loss=0.122390, train_acc=0.9562, time=10.8s
per-rank: rank0[cuda0,share=0.4257,tput=2.35] rank1[cuda1,share=0.2937,tput=5.12] rank2[cuda2,share=0.2805,tput=3.49]
epoch 138: eval=0.9050
epoch 139: loss=0.124393, train_acc=0.9559, time=10.2s
per-rank: rank0[cuda0,share=0.4273,tput=2.46] rank1[cuda1,share=0.2907,tput=3.87] rank2[cuda2,share=0.2820,tput=2.80]
epoch 139: eval=0.9078
epoch 140: loss=0.121797, train_acc=0.9572, time=9.2s
per-rank: rank0[cuda0,share=0.4176,tput=2.39] rank1[cuda1,share=0.2978,tput=2.62] rank2[cuda2,share=0.2846,tput=5.37]
epoch 140: eval=0.9144
epoch 141: loss=0.119562, train_acc=0.9577, time=9.1s
per-rank: rank0[cuda0,share=0.4121,tput=3.32] rank1[cuda1,share=0.3051,tput=5.01] rank2[cuda2,share=0.2828,tput=2.31]
epoch 141: eval=0.9051
epoch 142: loss=0.121573, train_acc=0.9568, time=11.5s
per-rank: rank0[cuda0,share=0.4092,tput=2.19] rank1[cuda1,share=0.3029,tput=3.67] rank2[cuda2,share=0.2879,tput=5.27]
epoch 142: eval=0.9038
epoch 143: loss=0.116189, train_acc=0.9581, time=10.6s
per-rank: rank0[cuda0,share=0.4071,tput=2.56] rank2[cuda2,share=0.3012,tput=3.93] rank1[cuda1,share=0.2918,tput=2.55]
epoch 143: eval=0.9115
epoch 144: loss=0.114344, train_acc=0.9597, time=9.4s
per-rank: rank0[cuda0,share=0.4230,tput=2.29] rank1[cuda1,share=0.2885,tput=7.30] rank2[cuda2,share=0.2885,tput=2.06]
epoch 144: eval=0.9070
epoch 145: loss=0.119576, train_acc=0.9574, time=12.3s
per-rank: rank0[cuda0,share=0.3918,tput=2.11] rank1[cuda1,share=0.3113,tput=5.22] rank2[cuda2,share=0.2969,tput=4.03]
epoch 145: eval=0.9080
epoch 146: loss=0.119076, train_acc=0.9571, time=11.3s
per-rank: rank0[cuda0,share=0.3978,tput=2.23] rank1[cuda1,share=0.3104,tput=3.04] rank2[cuda2,share=0.2918,tput=3.24]
epoch 146: eval=0.9014
epoch 147: loss=0.118477, train_acc=0.9587, time=9.3s
per-rank: rank0[cuda0,share=0.4081,tput=2.73] rank1[cuda1,share=0.3097,tput=2.40] rank2[cuda2,share=0.2823,tput=4.21]
epoch 147: eval=0.9035
epoch 148: loss=0.119682, train_acc=0.9570, time=9.2s
per-rank: rank0[cuda0,share=0.4103,tput=3.56] rank1[cuda1,share=0.3030,tput=2.63] rank2[cuda2,share=0.2867,tput=3.04]
epoch 148: eval=0.9099
epoch 149: loss=0.120817, train_acc=0.9568, time=9.1s
per-rank: rank0[cuda0,share=0.4158,tput=2.29] rank1[cuda1,share=0.3007,tput=5.89] rank2[cuda2,share=0.2835,tput=2.50]
epoch 149: eval=0.9144
epoch 150: loss=0.085417, train_acc=0.9709, time=9.1s
per-rank: rank0[cuda0,share=0.3987,tput=3.21] rank1[cuda1,share=0.3017,tput=2.60] rank2[cuda2,share=0.2996,tput=4.56]
epoch 150: eval=0.9184
epoch 151: loss=0.076628, train_acc=0.9752, time=10.5s
per-rank: rank0[cuda0,share=0.4074,tput=2.29] rank1[cuda1,share=0.3038,tput=4.34] rank2[cuda2,share=0.2888,tput=3.90]
epoch 151: eval=0.9194
epoch 152: loss=0.075942, train_acc=0.9755, time=9.8s
per-rank: rank0[cuda0,share=0.4133,tput=2.46] rank1[cuda1,share=0.3100,tput=2.90] rank2[cuda2,share=0.2766,tput=3.83]
epoch 152: eval=0.9200
epoch 153: loss=0.073201, train_acc=0.9755, time=11.1s
per-rank: rank0[cuda0,share=0.3944,tput=2.18] rank1[cuda1,share=0.3196,tput=5.16] rank2[cuda2,share=0.2860,tput=3.58]
epoch 153: eval=0.9218
epoch 154: loss=0.073556, train_acc=0.9753, time=10.2s
per-rank: rank0[cuda0,share=0.4050,tput=2.69] rank1[cuda1,share=0.3101,tput=3.46] rank2[cuda2,share=0.2849,tput=2.72]
epoch 154: eval=0.9203
epoch 155: loss=0.072450, train_acc=0.9765, time=11.1s
per-rank: rank0[cuda0,share=0.4109,tput=2.26] rank1[cuda1,share=0.3052,tput=4.12] rank2[cuda2,share=0.2839,tput=4.04]
epoch 155: eval=0.9206
epoch 156: loss=0.070064, train_acc=0.9773, time=10.1s
per-rank: rank0[cuda0,share=0.4165,tput=2.81] rank1[cuda1,share=0.2986,tput=3.75] rank2[cuda2,share=0.2849,tput=2.55]
epoch 156: eval=0.9214
epoch 157: loss=0.069014, train_acc=0.9776, time=11.2s
per-rank: rank0[cuda0,share=0.4205,tput=2.29] rank1[cuda1,share=0.2941,tput=5.66] rank2[cuda2,share=0.2854,tput=3.18]
epoch 157: eval=0.9191
epoch 158: loss=0.067713, train_acc=0.9783, time=10.6s
per-rank: rank0[cuda0,share=0.4234,tput=2.15] rank1[cuda1,share=0.2909,tput=4.41] rank2[cuda2,share=0.2857,tput=2.81]
epoch 158: eval=0.9215
epoch 159: loss=0.069009, train_acc=0.9771, time=9.1s
per-rank: rank0[cuda0,share=0.4234,tput=3.46] rank1[cuda1,share=0.2909,tput=1.96] rank2[cuda2,share=0.2857,tput=3.96]
epoch 159: eval=0.9207
epoch 160: loss=0.065299, train_acc=0.9792, time=12.4s
per-rank: rank0[cuda0,share=0.4236,tput=2.08] rank1[cuda1,share=0.2885,tput=4.24] rank2[cuda2,share=0.2879,tput=5.24]
epoch 160: eval=0.9215
epoch 161: loss=0.066303, train_acc=0.9787, time=11.6s
per-rank: rank0[cuda0,share=0.4236,tput=2.18] rank1[cuda1,share=0.2885,tput=2.71] rank2[cuda2,share=0.2879,tput=3.84]
epoch 161: eval=0.9228
epoch 162: loss=0.067166, train_acc=0.9781, time=9.4s
per-rank: rank0[cuda0,share=0.4237,tput=3.49] rank2[cuda2,share=0.2887,tput=2.50] rank1[cuda1,share=0.2877,tput=3.19]
epoch 162: eval=0.9206
epoch 163: loss=0.066946, train_acc=0.9779, time=11.2s
per-rank: rank0[cuda0,share=0.4220,tput=2.26] rank2[cuda2,share=0.2900,tput=4.81] rank1[cuda1,share=0.2880,tput=3.94]
epoch 163: eval=0.9206
epoch 164: loss=0.065814, train_acc=0.9781, time=10.2s
per-rank: rank0[cuda0,share=0.4211,tput=2.61] rank2[cuda2,share=0.2918,tput=2.79] rank1[cuda1,share=0.2871,tput=3.62]
epoch 164: eval=0.9221
epoch 165: loss=0.065334, train_acc=0.9790, time=10.7s
per-rank: rank0[cuda0,share=0.4199,tput=2.28] rank2[cuda2,share=0.2944,tput=3.12] rank1[cuda1,share=0.2857,tput=5.87]
epoch 165: eval=0.9221
epoch 166: loss=0.061524, train_acc=0.9806, time=10.0s
per-rank: rank0[cuda0,share=0.4195,tput=3.07] rank2[cuda2,share=0.2959,tput=2.70] rank1[cuda1,share=0.2847,tput=3.45]
epoch 166: eval=0.9200
epoch 167: loss=0.064112, train_acc=0.9794, time=9.0s
per-rank: rank0[cuda0,share=0.4180,tput=3.33] rank2[cuda2,share=0.2967,tput=3.50] rank1[cuda1,share=0.2853,tput=2.29]
epoch 167: eval=0.9210
epoch 168: loss=0.063653, train_acc=0.9794, time=9.1s
per-rank: rank0[cuda0,share=0.4166,tput=2.67] rank2[cuda2,share=0.2975,tput=2.40] rank1[cuda1,share=0.2859,tput=5.47]
epoch 168: eval=0.9223
epoch 169: loss=0.061734, train_acc=0.9799, time=9.0s
per-rank: rank0[cuda0,share=0.4151,tput=3.37] rank2[cuda2,share=0.2984,tput=3.40] rank1[cuda1,share=0.2865,tput=2.49]
epoch 169: eval=0.9205
epoch 170: loss=0.064220, train_acc=0.9791, time=8.9s
per-rank: rank0[cuda0,share=0.4150,tput=3.53] rank2[cuda2,share=0.2985,tput=3.81] rank1[cuda1,share=0.2864,tput=2.17]
epoch 170: eval=0.9202
epoch 171: loss=0.061702, train_acc=0.9796, time=9.0s
per-rank: rank0[cuda0,share=0.4150,tput=3.24] rank2[cuda2,share=0.2987,tput=3.33] rank1[cuda1,share=0.2863,tput=2.56]
epoch 171: eval=0.9216
epoch 172: loss=0.060158, train_acc=0.9802, time=10.8s
per-rank: rank0[cuda0,share=0.4136,tput=2.34] rank2[cuda2,share=0.2995,tput=3.63] rank1[cuda1,share=0.2869,tput=5.55]
epoch 172: eval=0.9225
epoch 173: loss=0.059702, train_acc=0.9808, time=9.6s
per-rank: rank0[cuda0,share=0.4138,tput=3.43] rank2[cuda2,share=0.2995,tput=3.37] rank1[cuda1,share=0.2867,tput=2.42]
epoch 173: eval=0.9213
epoch 174: loss=0.061350, train_acc=0.9800, time=9.1s
per-rank: rank0[cuda0,share=0.4133,tput=2.81] rank2[cuda2,share=0.2989,tput=5.28] rank1[cuda1,share=0.2878,tput=2.34]
epoch 174: eval=0.9228
epoch 175: loss=0.061156, train_acc=0.9802, time=9.4s
per-rank: rank0[cuda0,share=0.4127,tput=4.08] rank2[cuda2,share=0.2984,tput=3.17] rank1[cuda1,share=0.2889,tput=2.46]
epoch 175: eval=0.9212
epoch 176: loss=0.059557, train_acc=0.9805, time=9.1s
per-rank: rank0[cuda0,share=0.4134,tput=2.54] rank2[cuda2,share=0.2972,tput=5.45] rank1[cuda1,share=0.2893,tput=2.40]
epoch 176: eval=0.9215
epoch 177: loss=0.057627, train_acc=0.9817, time=8.9s
per-rank: rank0[cuda0,share=0.4142,tput=3.08] rank2[cuda2,share=0.2961,tput=2.47] rank1[cuda1,share=0.2897,tput=3.68]
epoch 177: eval=0.9214
epoch 178: loss=0.059677, train_acc=0.9797, time=10.9s
per-rank: rank0[cuda0,share=0.4149,tput=2.35] rank2[cuda2,share=0.2949,tput=5.53] rank1[cuda1,share=0.2902,tput=3.38]
epoch 178: eval=0.9212
epoch 179: loss=0.058468, train_acc=0.9812, time=9.9s
per-rank: rank0[cuda0,share=0.4149,tput=2.18] rank2[cuda2,share=0.2949,tput=4.09] rank1[cuda1,share=0.2902,tput=2.67]
epoch 179: eval=0.9214
epoch 180: loss=0.057417, train_acc=0.9814, time=11.7s
per-rank: rank0[cuda0,share=0.4129,tput=2.15] rank2[cuda2,share=0.2944,tput=5.15] rank1[cuda1,share=0.2928,tput=3.76]
epoch 180: eval=0.9212
epoch 181: loss=0.057348, train_acc=0.9817, time=10.9s
per-rank: rank0[cuda0,share=0.4129,tput=2.01] rank2[cuda2,share=0.2944,tput=3.60] rank1[cuda1,share=0.2928,tput=3.28]
epoch 181: eval=0.9216
epoch 182: loss=0.056388, train_acc=0.9815, time=12.2s
per-rank: rank0[cuda0,share=0.4093,tput=1.99] rank1[cuda1,share=0.2962,tput=3.69] rank2[cuda2,share=0.2945,tput=5.19]
epoch 182: eval=0.9210
epoch 183: loss=0.058115, train_acc=0.9808, time=10.9s
per-rank: rank0[cuda0,share=0.4093,tput=2.23] rank1[cuda1,share=0.2962,tput=4.19] rank2[cuda2,share=0.2945,tput=2.95]
epoch 183: eval=0.9214
epoch 184: loss=0.057192, train_acc=0.9803, time=12.0s
per-rank: rank0[cuda0,share=0.4031,tput=1.98] rank1[cuda1,share=0.3009,tput=3.56] rank2[cuda2,share=0.2960,tput=5.18]
epoch 184: eval=0.9207
epoch 185: loss=0.056582, train_acc=0.9812, time=10.4s
per-rank: rank0[cuda0,share=0.4005,tput=2.56] rank1[cuda1,share=0.3038,tput=4.05] rank2[cuda2,share=0.2957,tput=2.58]
epoch 185: eval=0.9208
epoch 186: loss=0.055860, train_acc=0.9818, time=10.8s
per-rank: rank0[cuda0,share=0.3956,tput=2.10] rank1[cuda1,share=0.3070,tput=5.06] rank2[cuda2,share=0.2973,tput=3.42]
epoch 186: eval=0.9213
epoch 187: loss=0.054985, train_acc=0.9816, time=10.0s
per-rank: rank0[cuda0,share=0.3915,tput=2.91] rank1[cuda1,share=0.3089,tput=3.45] rank2[cuda2,share=0.2996,tput=2.69]
epoch 187: eval=0.9215
epoch 188: loss=0.054972, train_acc=0.9825, time=9.0s
per-rank: rank0[cuda0,share=0.3873,tput=3.67] rank1[cuda1,share=0.3108,tput=4.36] rank2[cuda2,share=0.3019,tput=2.50]
epoch 188: eval=0.9212
epoch 189: loss=0.054408, train_acc=0.9823, time=9.1s
per-rank: rank0[cuda0,share=0.3849,tput=2.50] rank1[cuda1,share=0.3118,tput=5.67] rank2[cuda2,share=0.3033,tput=2.46]
epoch 189: eval=0.9205
epoch 190: loss=0.053268, train_acc=0.9826, time=9.0s
per-rank: rank0[cuda0,share=0.3832,tput=4.41] rank1[cuda1,share=0.3117,tput=2.26] rank2[cuda2,share=0.3052,tput=4.58]
epoch 190: eval=0.9216
epoch 191: loss=0.054690, train_acc=0.9824, time=10.4s
per-rank: rank0[cuda0,share=0.3829,tput=2.27] rank1[cuda1,share=0.3097,tput=3.07] rank2[cuda2,share=0.3074,tput=5.37]
epoch 191: eval=0.9214
epoch 192: loss=0.053914, train_acc=0.9824, time=9.8s
per-rank: rank0[cuda0,share=0.3857,tput=3.21] rank2[cuda2,share=0.3080,tput=3.75] rank1[cuda1,share=0.3062,tput=2.31]
epoch 192: eval=0.9206
epoch 193: loss=0.055781, train_acc=0.9813, time=9.2s
per-rank: rank0[cuda0,share=0.3892,tput=4.04] rank2[cuda2,share=0.3076,tput=3.03] rank1[cuda1,share=0.3032,tput=2.25]
epoch 193: eval=0.9201
epoch 194: loss=0.054100, train_acc=0.9816, time=9.0s
per-rank: rank0[cuda0,share=0.3922,tput=3.52] rank2[cuda2,share=0.3082,tput=3.27] rank1[cuda1,share=0.2996,tput=2.41]
epoch 194: eval=0.9191
epoch 195: loss=0.052957, train_acc=0.9830, time=9.1s
per-rank: rank0[cuda0,share=0.3951,tput=4.17] rank2[cuda2,share=0.3089,tput=4.29] rank1[cuda1,share=0.2960,tput=2.86]
epoch 195: eval=0.9212
epoch 196: loss=0.051990, train_acc=0.9830, time=9.2s
per-rank: rank0[cuda0,share=0.3973,tput=4.10] rank2[cuda2,share=0.3089,tput=2.42] rank1[cuda1,share=0.2939,tput=4.07]
epoch 196: eval=0.9200
epoch 197: loss=0.053841, train_acc=0.9826, time=11.6s
per-rank: rank0[cuda0,share=0.3984,tput=2.09] rank2[cuda2,share=0.3096,tput=3.39] rank1[cuda1,share=0.2919,tput=5.61]
epoch 197: eval=0.9180
epoch 198: loss=0.052112, train_acc=0.9829, time=10.3s
per-rank: rank0[cuda0,share=0.3984,tput=2.13] rank2[cuda2,share=0.3096,tput=2.67] rank1[cuda1,share=0.2919,tput=4.56]
epoch 198: eval=0.9195
epoch 199: loss=0.051794, train_acc=0.9828, time=9.5s
per-rank: rank0[cuda0,share=0.3965,tput=2.53] rank2[cuda2,share=0.3100,tput=5.19] rank1[cuda1,share=0.2935,tput=3.44]
final eval=0.9219
# total: 1802.7s (30m 3s)
