# gpu0: NVIDIA GeForce RTX 5060 Ti (15GB, sm_120)
# gpu1: NVIDIA GeForce GTX 1060 6GB (5GB, sm_61)
# gpu2: NVIDIA GeForce GTX 1060 6GB (5GB, sm_61)
epoch 0: loss=1.965697, train_acc=0.2582, time=11.7s
per-rank: rank0[cuda0,share=0.3944,tput=3.19] rank1[cuda1,share=0.3204,tput=3.82] rank2[cuda2,share=0.2852,tput=2.10]
epoch 0: eval=0.3569
epoch 1: loss=1.628004, train_acc=0.3938, time=11.3s
per-rank: rank0[cuda0,share=0.3873,tput=2.50] rank1[cuda1,share=0.3238,tput=4.15] rank2[cuda2,share=0.2890,tput=1.89]
epoch 1: eval=0.4519
epoch 2: loss=1.411465, train_acc=0.4857, time=10.7s
per-rank: rank0[cuda0,share=0.3839,tput=2.82] rank1[cuda1,share=0.3185,tput=3.09] rank2[cuda2,share=0.2976,tput=2.00]
epoch 2: eval=0.4944
epoch 3: loss=1.219294, train_acc=0.5635, time=10.2s
per-rank: rank0[cuda0,share=0.3785,tput=3.59] rank1[cuda1,share=0.3249,tput=2.86] rank2[cuda2,share=0.2966,tput=2.12]
epoch 3: eval=0.6080
epoch 4: loss=1.088086, train_acc=0.6129, time=10.0s
per-rank: rank0[cuda0,share=0.3820,tput=2.03] rank1[cuda1,share=0.3183,tput=5.33] rank2[cuda2,share=0.2997,tput=2.24]
epoch 4: eval=0.5975
epoch 5: loss=0.982978, train_acc=0.6534, time=10.0s
per-rank: rank0[cuda0,share=0.3901,tput=4.36] rank1[cuda1,share=0.3136,tput=2.11] rank2[cuda2,share=0.2963,tput=3.93]
epoch 5: eval=0.5841
epoch 6: loss=0.897442, train_acc=0.6841, time=10.0s
per-rank: rank0[cuda0,share=0.4055,tput=2.66] rank1[cuda1,share=0.3092,tput=3.39] rank2[cuda2,share=0.2854,tput=2.39]
epoch 6: eval=0.5849
epoch 7: loss=0.831107, train_acc=0.7092, time=9.9s
per-rank: rank0[cuda0,share=0.3980,tput=2.23] rank1[cuda1,share=0.3071,tput=4.69] rank2[cuda2,share=0.2948,tput=2.45]
epoch 7: eval=0.6974
epoch 8: loss=0.773305, train_acc=0.7318, time=13.0s
per-rank: rank0[cuda0,share=0.3778,tput=1.85] rank2[cuda2,share=0.3160,tput=3.34] rank1[cuda1,share=0.3062,tput=4.41]
epoch 8: eval=0.6774
epoch 9: loss=0.738643, train_acc=0.7440, time=11.3s
per-rank: rank0[cuda0,share=0.3879,tput=2.71] rank1[cuda1,share=0.3084,tput=4.05] rank2[cuda2,share=0.3037,tput=2.34]
epoch 9: eval=0.6756
epoch 10: loss=0.709088, train_acc=0.7544, time=12.4s
per-rank: rank0[cuda0,share=0.4079,tput=1.96] rank1[cuda1,share=0.3201,tput=5.49] rank2[cuda2,share=0.2720,tput=2.69]
epoch 10: eval=0.7253
epoch 11: loss=0.679096, train_acc=0.7656, time=11.2s
per-rank: rank0[cuda0,share=0.3935,tput=2.02] rank1[cuda1,share=0.3269,tput=3.46] rank2[cuda2,share=0.2796,tput=2.85]
epoch 11: eval=0.6562
epoch 12: loss=0.651557, train_acc=0.7732, time=10.2s
per-rank: rank0[cuda0,share=0.3879,tput=3.10] rank1[cuda1,share=0.3139,tput=2.32] rank2[cuda2,share=0.2982,tput=3.15]
epoch 12: eval=0.7288
epoch 13: loss=0.630511, train_acc=0.7833, time=10.0s
per-rank: rank0[cuda0,share=0.3792,tput=2.11] rank1[cuda1,share=0.3148,tput=2.37] rank2[cuda2,share=0.3060,tput=4.99]
epoch 13: eval=0.7332
epoch 14: loss=0.618133, train_acc=0.7879, time=10.0s
per-rank: rank0[cuda0,share=0.3785,tput=2.40] rank1[cuda1,share=0.3204,tput=2.28] rank2[cuda2,share=0.3011,tput=4.79]
epoch 14: eval=0.7564
epoch 15: loss=0.600639, train_acc=0.7935, time=9.9s
per-rank: rank0[cuda0,share=0.3830,tput=2.17] rank1[cuda1,share=0.3150,tput=2.29] rank2[cuda2,share=0.3020,tput=5.64]
epoch 15: eval=0.7618
epoch 16: loss=0.603695, train_acc=0.7904, time=10.0s
per-rank: rank0[cuda0,share=0.3803,tput=1.75] rank1[cuda1,share=0.3164,tput=2.50] rank2[cuda2,share=0.3034,tput=5.52]
epoch 16: eval=0.7932
epoch 17: loss=0.577936, train_acc=0.8000, time=9.8s
per-rank: rank0[cuda0,share=0.3592,tput=3.28] rank1[cuda1,share=0.3304,tput=2.44] rank2[cuda2,share=0.3104,tput=3.16]
epoch 17: eval=0.7239
epoch 18: loss=0.574492, train_acc=0.8009, time=10.1s
per-rank: rank0[cuda0,share=0.3811,tput=2.16] rank1[cuda1,share=0.3306,tput=2.25] rank2[cuda2,share=0.2884,tput=5.42]
epoch 18: eval=0.7798
epoch 19: loss=0.561806, train_acc=0.8072, time=10.0s
per-rank: rank0[cuda0,share=0.3757,tput=2.89] rank1[cuda1,share=0.3158,tput=2.07] rank2[cuda2,share=0.3085,tput=3.85]
epoch 19: eval=0.7752
epoch 20: loss=0.552048, train_acc=0.8090, time=10.9s
per-rank: rank0[cuda0,share=0.3873,tput=2.03] rank2[cuda2,share=0.3227,tput=3.24] rank1[cuda1,share=0.2900,tput=3.93]
epoch 20: eval=0.7692
epoch 21: loss=0.548339, train_acc=0.8092, time=10.4s
per-rank: rank0[cuda0,share=0.4125,tput=3.05] rank2[cuda2,share=0.3054,tput=3.10] rank1[cuda1,share=0.2821,tput=2.44]
epoch 21: eval=0.7659
epoch 22: loss=0.537359, train_acc=0.8158, time=9.9s
per-rank: rank0[cuda0,share=0.4257,tput=3.30] rank1[cuda1,share=0.2925,tput=3.05] rank2[cuda2,share=0.2819,tput=2.17]
epoch 22: eval=0.7878
epoch 23: loss=0.538189, train_acc=0.8135, time=10.4s
per-rank: rank0[cuda0,share=0.4115,tput=1.81] rank1[cuda1,share=0.3017,tput=2.66] rank2[cuda2,share=0.2868,tput=5.31]
epoch 23: eval=0.7849
epoch 24: loss=0.523130, train_acc=0.8202, time=10.2s
per-rank: rank0[cuda0,share=0.3884,tput=3.76] rank1[cuda1,share=0.3160,tput=3.10] rank2[cuda2,share=0.2956,tput=2.09]
epoch 24: eval=0.8001
epoch 25: loss=0.529146, train_acc=0.8187, time=12.7s
per-rank: rank0[cuda0,share=0.4181,tput=1.96] rank1[cuda1,share=0.3025,tput=3.41] rank2[cuda2,share=0.2794,tput=4.62]
epoch 25: eval=0.7034
epoch 26: loss=0.529300, train_acc=0.8176, time=11.4s
per-rank: rank0[cuda0,share=0.4076,tput=1.85] rank1[cuda1,share=0.3089,tput=3.74] rank2[cuda2,share=0.2835,tput=2.80]
epoch 26: eval=0.7711
epoch 27: loss=0.509084, train_acc=0.8245, time=10.1s
per-rank: rank0[cuda0,share=0.3934,tput=3.66] rank1[cuda1,share=0.3064,tput=2.85] rank2[cuda2,share=0.3002,tput=2.25]
epoch 27: eval=0.7916
epoch 28: loss=0.511412, train_acc=0.8229, time=9.9s
per-rank: rank0[cuda0,share=0.4140,tput=2.20] rank1[cuda1,share=0.3009,tput=2.69] rank2[cuda2,share=0.2852,tput=4.73]
epoch 28: eval=0.7812
epoch 29: loss=0.510496, train_acc=0.8228, time=9.9s
per-rank: rank0[cuda0,share=0.4133,tput=3.04] rank1[cuda1,share=0.3192,tput=2.52] rank2[cuda2,share=0.2675,tput=2.84]
epoch 29: eval=0.7615
epoch 30: loss=0.502726, train_acc=0.8254, time=12.6s
per-rank: rank0[cuda0,share=0.4119,tput=2.05] rank1[cuda1,share=0.3233,tput=4.87] rank2[cuda2,share=0.2648,tput=3.27]
epoch 30: eval=0.7572
epoch 31: loss=0.500089, train_acc=0.8276, time=11.5s
per-rank: rank0[cuda0,share=0.4182,tput=2.00] rank1[cuda1,share=0.3153,tput=2.74] rank2[cuda2,share=0.2665,tput=3.73]
epoch 31: eval=0.7881
epoch 32: loss=0.495245, train_acc=0.8288, time=10.0s
per-rank: rank0[cuda0,share=0.3992,tput=2.49] rank1[cuda1,share=0.3108,tput=2.39] rank2[cuda2,share=0.2900,tput=3.75]
epoch 32: eval=0.8003
epoch 33: loss=0.487678, train_acc=0.8309, time=10.1s
per-rank: rank0[cuda0,share=0.3756,tput=2.04] rank2[cuda2,share=0.3137,tput=2.17] rank1[cuda1,share=0.3106,tput=5.81]
epoch 33: eval=0.8536
epoch 34: loss=0.491664, train_acc=0.8306, time=12.4s
per-rank: rank0[cuda0,share=0.3886,tput=1.91] rank1[cuda1,share=0.3057,tput=5.46] rank2[cuda2,share=0.3057,tput=3.06]
epoch 34: eval=0.7645
epoch 35: loss=0.480119, train_acc=0.8336, time=11.3s
per-rank: rank0[cuda0,share=0.3838,tput=1.85] rank2[cuda2,share=0.3091,tput=2.79] rank1[cuda1,share=0.3071,tput=3.56]
epoch 35: eval=0.7205
epoch 36: loss=0.480521, train_acc=0.8323, time=10.0s
per-rank: rank0[cuda0,share=0.3806,tput=2.38] rank1[cuda1,share=0.3097,tput=5.68] rank2[cuda2,share=0.3097,tput=1.92]
epoch 36: eval=0.8254
epoch 37: loss=0.484460, train_acc=0.8317, time=9.7s
per-rank: rank0[cuda0,share=0.4002,tput=3.17] rank1[cuda1,share=0.3093,tput=2.41] rank2[cuda2,share=0.2905,tput=3.12]
epoch 37: eval=0.8214
epoch 38: loss=0.480612, train_acc=0.8355, time=10.0s
per-rank: rank0[cuda0,share=0.3852,tput=1.81] rank1[cuda1,share=0.3170,tput=5.58] rank2[cuda2,share=0.2978,tput=2.35]
epoch 38: eval=0.8094
epoch 39: loss=0.470271, train_acc=0.8366, time=9.9s
per-rank: rank0[cuda0,share=0.3779,tput=3.28] rank1[cuda1,share=0.3131,tput=3.02] rank2[cuda2,share=0.3091,tput=2.24]
epoch 39: eval=0.6999
epoch 40: loss=0.475247, train_acc=0.8364, time=9.8s
per-rank: rank0[cuda0,share=0.4033,tput=3.47] rank2[cuda2,share=0.3052,tput=3.26] rank1[cuda1,share=0.2915,tput=2.14]
epoch 40: eval=0.7262
epoch 41: loss=0.464470, train_acc=0.8385, time=9.9s
per-rank: rank0[cuda0,share=0.4113,tput=2.10] rank2[cuda2,share=0.2982,tput=1.96] rank1[cuda1,share=0.2904,tput=7.20]
epoch 41: eval=0.7494
epoch 42: loss=0.473476, train_acc=0.8380, time=9.9s
per-rank: rank0[cuda0,share=0.4150,tput=3.33] rank1[cuda1,share=0.3039,tput=3.30] rank2[cuda2,share=0.2811,tput=2.02]
epoch 42: eval=0.7801
epoch 43: loss=0.459176, train_acc=0.8428, time=12.9s
per-rank: rank0[cuda0,share=0.4171,tput=1.97] rank1[cuda1,share=0.2971,tput=2.97] rank2[cuda2,share=0.2857,tput=5.26]
epoch 43: eval=0.7264
epoch 44: loss=0.464217, train_acc=0.8403, time=11.9s
per-rank: rank0[cuda0,share=0.4051,tput=1.83] rank1[cuda1,share=0.3014,tput=2.70] rank2[cuda2,share=0.2935,tput=3.71]
epoch 44: eval=0.7893
epoch 45: loss=0.453526, train_acc=0.8435, time=10.1s
per-rank: rank0[cuda0,share=0.3823,tput=2.98] rank2[cuda2,share=0.3098,tput=2.41] rank1[cuda1,share=0.3078,tput=3.01]
epoch 45: eval=0.8095
epoch 46: loss=0.456970, train_acc=0.8431, time=9.9s
per-rank: rank0[cuda0,share=0.3678,tput=4.04] rank2[cuda2,share=0.3181,tput=3.39] rank1[cuda1,share=0.3141,tput=2.59]
epoch 46: eval=0.7834
epoch 47: loss=0.457918, train_acc=0.8417, time=9.9s
per-rank: rank0[cuda0,share=0.3893,tput=2.56] rank1[cuda1,share=0.3155,tput=2.02] rank2[cuda2,share=0.2952,tput=5.02]
epoch 47: eval=0.7596
epoch 48: loss=0.467151, train_acc=0.8391, time=9.9s
per-rank: rank0[cuda0,share=0.4113,tput=3.64] rank1[cuda1,share=0.2975,tput=2.23] rank2[cuda2,share=0.2912,tput=4.19]
epoch 48: eval=0.8037
epoch 49: loss=0.451305, train_acc=0.8427, time=9.7s
per-rank: rank0[cuda0,share=0.4177,tput=2.61] rank2[cuda2,share=0.2957,tput=4.89] rank1[cuda1,share=0.2865,tput=2.17]
epoch 49: eval=0.8253
epoch 50: loss=0.455872, train_acc=0.8431, time=10.5s
per-rank: rank0[cuda0,share=0.4186,tput=1.87] rank2[cuda2,share=0.2925,tput=2.34] rank1[cuda1,share=0.2888,tput=6.17]
epoch 50: eval=0.8193
epoch 51: loss=0.443727, train_acc=0.8461, time=10.1s
per-rank: rank0[cuda0,share=0.3920,tput=2.92] rank2[cuda2,share=0.3059,tput=2.24] rank1[cuda1,share=0.3021,tput=3.38]
epoch 51: eval=0.7881
epoch 52: loss=0.445413, train_acc=0.8465, time=9.9s
per-rank: rank0[cuda0,share=0.3862,tput=3.06] rank1[cuda1,share=0.3078,tput=2.46] rank2[cuda2,share=0.3059,tput=2.86]
epoch 52: eval=0.8499
epoch 53: loss=0.446538, train_acc=0.8468, time=10.0s
per-rank: rank0[cuda0,share=0.3716,tput=2.47] rank1[cuda1,share=0.3171,tput=3.53] rank2[cuda2,share=0.3113,tput=2.45]
epoch 53: eval=0.7909
epoch 54: loss=0.440780, train_acc=0.8484, time=11.2s
per-rank: rank0[cuda0,share=0.3854,tput=1.95] rank2[cuda2,share=0.3162,tput=4.57] rank1[cuda1,share=0.2984,tput=2.87]
epoch 54: eval=0.8489
epoch 55: loss=0.445255, train_acc=0.8475, time=10.4s
per-rank: rank0[cuda0,share=0.4063,tput=2.94] rank2[cuda2,share=0.3045,tput=2.08] rank1[cuda1,share=0.2892,tput=4.03]
epoch 55: eval=0.7953
epoch 56: loss=0.447909, train_acc=0.8460, time=10.0s
per-rank: rank0[cuda0,share=0.4037,tput=3.17] rank2[cuda2,share=0.2991,tput=3.47] rank1[cuda1,share=0.2972,tput=2.31]
epoch 56: eval=0.7796
epoch 57: loss=0.445647, train_acc=0.8464, time=9.9s
per-rank: rank0[cuda0,share=0.4014,tput=3.19] rank1[cuda1,share=0.3092,tput=2.72] rank2[cuda2,share=0.2893,tput=2.69]
epoch 57: eval=0.7857
epoch 58: loss=0.439890, train_acc=0.8470, time=12.2s
per-rank: rank0[cuda0,share=0.3932,tput=2.01] rank1[cuda1,share=0.3278,tput=4.96] rank2[cuda2,share=0.2790,tput=3.11]
epoch 58: eval=0.7945
epoch 59: loss=0.443010, train_acc=0.8464, time=11.2s
per-rank: rank0[cuda0,share=0.4026,tput=2.58] rank1[cuda1,share=0.3191,tput=3.34] rank2[cuda2,share=0.2783,tput=2.26]
epoch 59: eval=0.7933
epoch 60: loss=0.437094, train_acc=0.8503, time=10.0s
per-rank: rank0[cuda0,share=0.4172,tput=2.05] rank1[cuda1,share=0.3053,tput=2.52] rank2[cuda2,share=0.2775,tput=5.24]
epoch 60: eval=0.7629
epoch 61: loss=0.439613, train_acc=0.8497, time=10.0s
per-rank: rank0[cuda0,share=0.4116,tput=3.17] rank1[cuda1,share=0.3040,tput=3.14] rank2[cuda2,share=0.2844,tput=2.14]
epoch 61: eval=0.7927
epoch 62: loss=0.444661, train_acc=0.8464, time=12.4s
per-rank: rank0[cuda0,share=0.4067,tput=1.98] rank1[cuda1,share=0.3129,tput=3.85] rank2[cuda2,share=0.2805,tput=3.99]
epoch 62: eval=0.7157
epoch 63: loss=0.440804, train_acc=0.8478, time=11.4s
per-rank: rank0[cuda0,share=0.4096,tput=2.16] rank1[cuda1,share=0.3067,tput=2.87] rank2[cuda2,share=0.2837,tput=3.05]
epoch 63: eval=0.7545
epoch 64: loss=0.433587, train_acc=0.8507, time=10.0s
per-rank: rank0[cuda0,share=0.4102,tput=2.53] rank2[cuda2,share=0.2981,tput=4.35] rank1[cuda1,share=0.2917,tput=2.61]
epoch 64: eval=0.8582
epoch 65: loss=0.428134, train_acc=0.8518, time=9.8s
per-rank: rank0[cuda0,share=0.3979,tput=2.86] rank1[cuda1,share=0.3081,tput=3.25] rank2[cuda2,share=0.2940,tput=2.34]
epoch 65: eval=0.7388
epoch 66: loss=0.432223, train_acc=0.8523, time=11.4s
per-rank: rank0[cuda0,share=0.4068,tput=2.04] rank1[cuda1,share=0.3085,tput=3.24] rank2[cuda2,share=0.2847,tput=4.40]
epoch 66: eval=0.8094
epoch 67: loss=0.441638, train_acc=0.8486, time=10.7s
per-rank: rank0[cuda0,share=0.4159,tput=2.45] rank1[cuda1,share=0.3097,tput=2.73] rank2[cuda2,share=0.2743,tput=3.25]
epoch 67: eval=0.7653
epoch 68: loss=0.437340, train_acc=0.8500, time=12.6s
per-rank: rank0[cuda0,share=0.4133,tput=2.03] rank1[cuda1,share=0.3100,tput=3.18] rank2[cuda2,share=0.2767,tput=5.24]
epoch 68: eval=0.8379
epoch 69: loss=0.426619, train_acc=0.8543, time=11.3s
per-rank: rank0[cuda0,share=0.4091,tput=1.96] rank1[cuda1,share=0.3066,tput=3.92] rank2[cuda2,share=0.2842,tput=2.55]
epoch 69: eval=0.7289
epoch 70: loss=0.431616, train_acc=0.8514, time=11.7s
per-rank: rank0[cuda0,share=0.4010,tput=2.03] rank1[cuda1,share=0.3174,tput=5.08] rank2[cuda2,share=0.2816,tput=2.55]
epoch 70: eval=0.7897
epoch 71: loss=0.436951, train_acc=0.8497, time=11.0s
per-rank: rank0[cuda0,share=0.4000,tput=2.27] rank1[cuda1,share=0.3167,tput=3.35] rank2[cuda2,share=0.2833,tput=2.63]
epoch 71: eval=0.8054
epoch 72: loss=0.423986, train_acc=0.8536, time=9.9s
per-rank: rank0[cuda0,share=0.3982,tput=3.31] rank2[cuda2,share=0.3062,tput=3.46] rank1[cuda1,share=0.2956,tput=1.96]
epoch 72: eval=0.7348
epoch 73: loss=0.431823, train_acc=0.8520, time=10.0s
per-rank: rank0[cuda0,share=0.4066,tput=2.09] rank2[cuda2,share=0.3089,tput=2.05] rank1[cuda1,share=0.2845,tput=6.76]
epoch 73: eval=0.8423
epoch 74: loss=0.427941, train_acc=0.8520, time=11.9s
per-rank: rank0[cuda0,share=0.4044,tput=2.04] rank1[cuda1,share=0.3140,tput=3.72] rank2[cuda2,share=0.2816,tput=4.22]
epoch 74: eval=0.8139
epoch 75: loss=0.433883, train_acc=0.8496, time=11.1s
per-rank: rank0[cuda0,share=0.4097,tput=2.40] rank1[cuda1,share=0.3155,tput=3.06] rank2[cuda2,share=0.2748,tput=2.57]
epoch 75: eval=0.7842
epoch 76: loss=0.425432, train_acc=0.8544, time=10.1s
per-rank: rank0[cuda0,share=0.4168,tput=2.93] rank1[cuda1,share=0.2949,tput=2.71] rank2[cuda2,share=0.2883,tput=2.39]
epoch 76: eval=0.8192
epoch 77: loss=0.431124, train_acc=0.8505, time=10.0s
per-rank: rank0[cuda0,share=0.4019,tput=2.26] rank2[cuda2,share=0.2995,tput=4.48] rank1[cuda1,share=0.2986,tput=2.89]
epoch 77: eval=0.8083
epoch 78: loss=0.421618, train_acc=0.8529, time=12.0s
per-rank: rank0[cuda0,share=0.3941,tput=1.96] rank1[cuda1,share=0.3194,tput=4.27] rank2[cuda2,share=0.2865,tput=3.26]
epoch 78: eval=0.7956
epoch 79: loss=0.421968, train_acc=0.8549, time=11.0s
per-rank: rank0[cuda0,share=0.3982,tput=2.14] rank1[cuda1,share=0.3097,tput=2.51] rank2[cuda2,share=0.2920,tput=3.71]
epoch 79: eval=0.7810
epoch 80: loss=0.424603, train_acc=0.8531, time=11.4s
per-rank: rank0[cuda0,share=0.3993,tput=2.05] rank2[cuda2,share=0.3050,tput=3.43] rank1[cuda1,share=0.2957,tput=4.07]
epoch 80: eval=0.8242
epoch 81: loss=0.422035, train_acc=0.8549, time=10.8s
per-rank: rank0[cuda0,share=0.4132,tput=2.43] rank2[cuda2,share=0.3016,tput=3.46] rank1[cuda1,share=0.2852,tput=2.34]
epoch 81: eval=0.7941
epoch 82: loss=0.427148, train_acc=0.8542, time=10.3s
per-rank: rank0[cuda0,share=0.4066,tput=1.79] rank1[cuda1,share=0.2985,tput=2.58] rank2[cuda2,share=0.2949,tput=5.44]
epoch 82: eval=0.8278
epoch 83: loss=0.418485, train_acc=0.8543, time=10.1s
per-rank: rank0[cuda0,share=0.3765,tput=3.28] rank1[cuda1,share=0.3227,tput=2.14] rank2[cuda2,share=0.3008,tput=3.45]
epoch 83: eval=0.8299
epoch 84: loss=0.417120, train_acc=0.8581, time=10.0s
per-rank: rank0[cuda0,share=0.3915,tput=2.62] rank1[cuda1,share=0.3088,tput=5.10] rank2[cuda2,share=0.2997,tput=1.95]
epoch 84: eval=0.8323
epoch 85: loss=0.424840, train_acc=0.8551, time=10.0s
per-rank: rank0[cuda0,share=0.4048,tput=2.73] rank1[cuda1,share=0.3003,tput=2.32] rank2[cuda2,share=0.2949,tput=3.64]
epoch 85: eval=0.7977
epoch 86: loss=0.417701, train_acc=0.8548, time=11.7s
per-rank: rank0[cuda0,share=0.3932,tput=1.99] rank1[cuda1,share=0.3043,tput=4.38] rank2[cuda2,share=0.3025,tput=3.06]
epoch 86: eval=0.6916
epoch 87: loss=0.427480, train_acc=0.8530, time=10.9s
per-rank: rank0[cuda0,share=0.3980,tput=2.35] rank1[cuda1,share=0.3081,tput=2.57] rank2[cuda2,share=0.2939,tput=3.31]
epoch 87: eval=0.7912
epoch 88: loss=0.414952, train_acc=0.8581, time=10.0s
per-rank: rank0[cuda0,share=0.4028,tput=4.02] rank1[cuda1,share=0.3057,tput=2.01] rank2[cuda2,share=0.2915,tput=4.49]
epoch 88: eval=0.7756
epoch 89: loss=0.420482, train_acc=0.8536, time=9.9s
per-rank: rank0[cuda0,share=0.4109,tput=2.38] rank2[cuda2,share=0.3006,tput=5.80] rank1[cuda1,share=0.2884,tput=1.91]
epoch 89: eval=0.7531
epoch 90: loss=0.423445, train_acc=0.8550, time=9.9s
per-rank: rank0[cuda0,share=0.4225,tput=3.31] rank2[cuda2,share=0.2975,tput=2.15] rank1[cuda1,share=0.2800,tput=5.12]
epoch 90: eval=0.8508
epoch 91: loss=0.423740, train_acc=0.8536, time=10.0s
per-rank: rank0[cuda0,share=0.4111,tput=2.34] rank1[cuda1,share=0.2962,tput=2.61] rank2[cuda2,share=0.2927,tput=3.56]
epoch 91: eval=0.7998
epoch 92: loss=0.418309, train_acc=0.8561, time=10.0s
per-rank: rank0[cuda0,share=0.3986,tput=2.57] rank1[cuda1,share=0.3139,tput=2.43] rank2[cuda2,share=0.2875,tput=4.26]
epoch 92: eval=0.7653
epoch 93: loss=0.421918, train_acc=0.8547, time=9.9s
per-rank: rank0[cuda0,share=0.4071,tput=3.31] rank1[cuda1,share=0.3091,tput=2.90] rank2[cuda2,share=0.2838,tput=2.38]
epoch 93: eval=0.8136
epoch 94: loss=0.419858, train_acc=0.8578, time=12.4s
per-rank: rank0[cuda0,share=0.4117,tput=2.00] rank1[cuda1,share=0.2967,tput=5.06] rank2[cuda2,share=0.2916,tput=3.26]
epoch 94: eval=0.7795
epoch 95: loss=0.413623, train_acc=0.8561, time=11.2s
per-rank: rank0[cuda0,share=0.4124,tput=2.23] rank1[cuda1,share=0.2955,tput=3.76] rank2[cuda2,share=0.2921,tput=2.49]
epoch 95: eval=0.7464
epoch 96: loss=0.417835, train_acc=0.8555, time=9.8s
per-rank: rank0[cuda0,share=0.4168,tput=2.34] rank1[cuda1,share=0.2916,tput=2.17] rank2[cuda2,share=0.2916,tput=5.72]
epoch 96: eval=0.8133
epoch 97: loss=0.419088, train_acc=0.8562, time=12.6s
per-rank: rank0[cuda0,share=0.4256,tput=2.09] rank2[cuda2,share=0.2923,tput=3.33] rank1[cuda1,share=0.2820,tput=4.76]
epoch 97: eval=0.8053
epoch 98: loss=0.413710, train_acc=0.8577, time=11.5s
per-rank: rank0[cuda0,share=0.4271,tput=2.07] rank2[cuda2,share=0.2899,tput=3.21] rank1[cuda1,share=0.2830,tput=2.72]
epoch 98: eval=0.8214
epoch 99: loss=0.410534, train_acc=0.8593, time=9.9s
per-rank: rank0[cuda0,share=0.4136,tput=2.78] rank1[cuda1,share=0.2941,tput=2.44] rank2[cuda2,share=0.2923,tput=3.24]
epoch 99: eval=0.8168
epoch 100: loss=0.271079, train_acc=0.9068, time=12.4s
per-rank: rank0[cuda0,share=0.3977,tput=1.90] rank1[cuda1,share=0.3038,tput=4.60] rank2[cuda2,share=0.2985,tput=3.27]
epoch 100: eval=0.8977
epoch 101: loss=0.208773, train_acc=0.9296, time=11.2s
per-rank: rank0[cuda0,share=0.3912,tput=2.25] rank1[cuda1,share=0.3044,tput=2.54] rank2[cuda2,share=0.3044,tput=3.51]
epoch 101: eval=0.9053
epoch 102: loss=0.198576, train_acc=0.9317, time=12.4s
per-rank: rank0[cuda0,share=0.3868,tput=1.94] rank1[cuda1,share=0.3066,tput=4.51] rank2[cuda2,share=0.3066,tput=3.30]
epoch 102: eval=0.9043
epoch 103: loss=0.189929, train_acc=0.9345, time=11.2s
per-rank: rank0[cuda0,share=0.3890,tput=1.97] rank1[cuda1,share=0.3091,tput=2.65] rank2[cuda2,share=0.3020,tput=3.67]
epoch 103: eval=0.9067
epoch 104: loss=0.185553, train_acc=0.9350, time=11.6s
per-rank: rank0[cuda0,share=0.3869,tput=1.98] rank1[cuda1,share=0.3195,tput=3.63] rank2[cuda2,share=0.2936,tput=4.11]
epoch 104: eval=0.9057
epoch 105: loss=0.175599, train_acc=0.9384, time=11.0s
per-rank: rank0[cuda0,share=0.3866,tput=2.36] rank1[cuda1,share=0.3168,tput=2.29] rank2[cuda2,share=0.2967,tput=3.90]
epoch 105: eval=0.9089
epoch 106: loss=0.170773, train_acc=0.9413, time=12.2s
per-rank: rank0[cuda0,share=0.3814,tput=1.89] rank2[cuda2,share=0.3102,tput=4.62] rank1[cuda1,share=0.3084,tput=3.02]
epoch 106: eval=0.9123
epoch 107: loss=0.167513, train_acc=0.9414, time=11.0s
per-rank: rank0[cuda0,share=0.3821,tput=2.45] rank1[cuda1,share=0.3107,tput=2.58] rank2[cuda2,share=0.3071,tput=3.49]
epoch 107: eval=0.9104
epoch 108: loss=0.161023, train_acc=0.9435, time=9.8s
per-rank: rank0[cuda0,share=0.3926,tput=3.18] rank2[cuda2,share=0.3055,tput=3.43] rank1[cuda1,share=0.3019,tput=2.03]
epoch 108: eval=0.9100
epoch 109: loss=0.159995, train_acc=0.9446, time=13.7s
per-rank: rank0[cuda0,share=0.3797,tput=1.79] rank2[cuda2,share=0.3111,tput=2.97] rank1[cuda1,share=0.3092,tput=5.60]
epoch 109: eval=0.9112
epoch 110: loss=0.155677, train_acc=0.9460, time=11.7s
per-rank: rank0[cuda0,share=0.3697,tput=2.03] rank1[cuda1,share=0.3183,tput=2.65] rank2[cuda2,share=0.3119,tput=3.75]
epoch 110: eval=0.9120
epoch 111: loss=0.155090, train_acc=0.9469, time=12.4s
per-rank: rank0[cuda0,share=0.3893,tput=1.94] rank1[cuda1,share=0.3071,tput=5.12] rank2[cuda2,share=0.3036,tput=2.96]
epoch 111: eval=0.9122
epoch 112: loss=0.149558, train_acc=0.9479, time=11.3s
per-rank: rank0[cuda0,share=0.3991,tput=2.41] rank1[cuda1,share=0.3039,tput=2.43] rank2[cuda2,share=0.2969,tput=3.52]
epoch 112: eval=0.9129
epoch 113: loss=0.149688, train_acc=0.9473, time=12.5s
per-rank: rank0[cuda0,share=0.4067,tput=2.00] rank1[cuda1,share=0.3076,tput=3.78] rank2[cuda2,share=0.2857,tput=4.04]
epoch 113: eval=0.9112
epoch 114: loss=0.148283, train_acc=0.9481, time=11.2s
per-rank: rank0[cuda0,share=0.4072,tput=2.31] rank1[cuda1,share=0.3160,tput=3.75] rank2[cuda2,share=0.2769,tput=2.38]
epoch 114: eval=0.9119
epoch 115: loss=0.143405, train_acc=0.9497, time=9.9s
per-rank: rank0[cuda0,share=0.4080,tput=2.31] rank1[cuda1,share=0.3200,tput=2.37] rank2[cuda2,share=0.2720,tput=5.19]
epoch 115: eval=0.9093
epoch 116: loss=0.141130, train_acc=0.9514, time=9.9s
per-rank: rank0[cuda0,share=0.4124,tput=3.00] rank1[cuda1,share=0.3143,tput=2.21] rank2[cuda2,share=0.2733,tput=3.33]
epoch 116: eval=0.9103
epoch 117: loss=0.137819, train_acc=0.9514, time=9.9s
per-rank: rank0[cuda0,share=0.3993,tput=3.10] rank1[cuda1,share=0.3093,tput=2.32] rank2[cuda2,share=0.2913,tput=3.20]
epoch 117: eval=0.9091
epoch 118: loss=0.134447, train_acc=0.9526, time=9.9s
per-rank: rank0[cuda0,share=0.3821,tput=2.22] rank2[cuda2,share=0.3131,tput=5.41] rank1[cuda1,share=0.3048,tput=2.24]
epoch 118: eval=0.9098
epoch 119: loss=0.133084, train_acc=0.9532, time=10.3s
per-rank: rank0[cuda0,share=0.3764,tput=1.71] rank2[cuda2,share=0.3184,tput=2.35] rank1[cuda1,share=0.3052,tput=6.36]
epoch 119: eval=0.9106
epoch 120: loss=0.132166, train_acc=0.9532, time=10.1s
per-rank: rank0[cuda0,share=0.3668,tput=3.42] rank1[cuda1,share=0.3175,tput=2.30] rank2[cuda2,share=0.3157,tput=3.05]
epoch 120: eval=0.9023
epoch 121: loss=0.131552, train_acc=0.9544, time=9.9s
per-rank: rank0[cuda0,share=0.3896,tput=3.11] rank1[cuda1,share=0.3113,tput=3.22] rank2[cuda2,share=0.2990,tput=2.27]
epoch 121: eval=0.9051
epoch 122: loss=0.126680, train_acc=0.9564, time=10.2s
per-rank: rank0[cuda0,share=0.4116,tput=3.50] rank1[cuda1,share=0.2993,tput=2.93] rank2[cuda2,share=0.2891,tput=2.07]
epoch 122: eval=0.9083
epoch 123: loss=0.128904, train_acc=0.9547, time=10.1s
per-rank: rank0[cuda0,share=0.4114,tput=2.98] rank1[cuda1,share=0.2960,tput=2.35] rank2[cuda2,share=0.2926,tput=3.14]
epoch 123: eval=0.9086
epoch 124: loss=0.125206, train_acc=0.9557, time=10.4s
per-rank: rank0[cuda0,share=0.3993,tput=1.82] rank1[cuda1,share=0.3056,tput=2.76] rank2[cuda2,share=0.2951,tput=5.85]
epoch 124: eval=0.9086
epoch 125: loss=0.140056, train_acc=0.9507, time=10.4s
per-rank: rank0[cuda0,share=0.3895,tput=3.50] rank1[cuda1,share=0.3146,tput=3.05] rank2[cuda2,share=0.2959,tput=2.04]
epoch 125: eval=0.8971
epoch 126: loss=0.141444, train_acc=0.9505, time=9.8s
per-rank: rank0[cuda0,share=0.3869,tput=3.37] rank1[cuda1,share=0.3176,tput=1.95] rank2[cuda2,share=0.2955,tput=3.48]
epoch 126: eval=0.9040
epoch 127: loss=0.138498, train_acc=0.9508, time=9.6s
per-rank: rank0[cuda0,share=0.3880,tput=2.35] rank1[cuda1,share=0.3181,tput=2.28] rank2[cuda2,share=0.2939,tput=4.94]
epoch 127: eval=0.9050
epoch 128: loss=0.137344, train_acc=0.9512, time=9.8s
per-rank: rank0[cuda0,share=0.3890,tput=3.01] rank1[cuda1,share=0.3180,tput=3.87] rank2[cuda2,share=0.2930,tput=2.42]
epoch 128: eval=0.9027
epoch 129: loss=0.140815, train_acc=0.9494, time=11.8s
per-rank: rank0[cuda0,share=0.3917,tput=2.02] rank1[cuda1,share=0.3144,tput=4.72] rank2[cuda2,share=0.2940,tput=3.20]
epoch 129: eval=0.9103
epoch 130: loss=0.138283, train_acc=0.9516, time=11.0s
per-rank: rank0[cuda0,share=0.3917,tput=2.44] rank1[cuda1,share=0.3144,tput=3.66] rank2[cuda2,share=0.2940,tput=2.46]
epoch 130: eval=0.9015
epoch 131: loss=0.137735, train_acc=0.9519, time=10.0s
per-rank: rank0[cuda0,share=0.3933,tput=3.48] rank1[cuda1,share=0.3127,tput=1.89] rank2[cuda2,share=0.2941,tput=3.50]
epoch 131: eval=0.9011
epoch 132: loss=0.134996, train_acc=0.9527, time=9.9s
per-rank: rank0[cuda0,share=0.3946,tput=2.02] rank1[cuda1,share=0.3113,tput=5.48] rank2[cuda2,share=0.2941,tput=2.52]
epoch 132: eval=0.9001
epoch 133: loss=0.134987, train_acc=0.9508, time=9.8s
per-rank: rank0[cuda0,share=0.3960,tput=3.06] rank1[cuda1,share=0.3100,tput=2.20] rank2[cuda2,share=0.2940,tput=3.23]
epoch 133: eval=0.9001
epoch 134: loss=0.132667, train_acc=0.9532, time=10.3s
per-rank: rank0[cuda0,share=0.3978,tput=2.46] rank1[cuda1,share=0.3078,tput=2.51] rank2[cuda2,share=0.2944,tput=3.30]
epoch 134: eval=0.8980
epoch 135: loss=0.134635, train_acc=0.9526, time=9.9s
per-rank: rank0[cuda0,share=0.3988,tput=3.26] rank1[cuda1,share=0.3057,tput=2.55] rank2[cuda2,share=0.2955,tput=2.60]
epoch 135: eval=0.9031
epoch 136: loss=0.132750, train_acc=0.9524, time=9.8s
per-rank: rank0[cuda0,share=0.3993,tput=3.14] rank1[cuda1,share=0.3045,tput=3.20] rank2[cuda2,share=0.2962,tput=2.19]
epoch 136: eval=0.8996
epoch 137: loss=0.137552, train_acc=0.9511, time=9.9s
per-rank: rank0[cuda0,share=0.3986,tput=2.72] rank1[cuda1,share=0.3038,tput=3.40] rank2[cuda2,share=0.2975,tput=2.31]
epoch 137: eval=0.9022
epoch 138: loss=0.132537, train_acc=0.9528, time=9.9s
per-rank: rank0[cuda0,share=0.3979,tput=3.06] rank1[cuda1,share=0.3032,tput=2.17] rank2[cuda2,share=0.2988,tput=3.24]
epoch 138: eval=0.9040
epoch 139: loss=0.130191, train_acc=0.9544, time=9.8s
per-rank: rank0[cuda0,share=0.3965,tput=3.34] rank1[cuda1,share=0.3039,tput=2.16] rank2[cuda2,share=0.2996,tput=2.98]
epoch 139: eval=0.8977
epoch 140: loss=0.132995, train_acc=0.9544, time=11.5s
per-rank: rank0[cuda0,share=0.3951,tput=2.04] rank1[cuda1,share=0.3045,tput=4.07] rank2[cuda2,share=0.3004,tput=3.28]
epoch 140: eval=0.8907
epoch 141: loss=0.134817, train_acc=0.9529, time=10.7s
per-rank: rank0[cuda0,share=0.3937,tput=3.16] rank1[cuda1,share=0.3051,tput=2.09] rank2[cuda2,share=0.3012,tput=3.39]
epoch 141: eval=0.8990
epoch 142: loss=0.132546, train_acc=0.9532, time=11.8s
per-rank: rank0[cuda0,share=0.3937,tput=2.01] rank1[cuda1,share=0.3050,tput=2.96] rank2[cuda2,share=0.3012,tput=4.85]
epoch 142: eval=0.8982
epoch 143: loss=0.132184, train_acc=0.9537, time=11.0s
per-rank: rank0[cuda0,share=0.3938,tput=2.52] rank1[cuda1,share=0.3049,tput=2.29] rank2[cuda2,share=0.3013,tput=3.45]
epoch 143: eval=0.8891
epoch 144: loss=0.129718, train_acc=0.9544, time=9.8s
per-rank: rank0[cuda0,share=0.3932,tput=1.92] rank1[cuda1,share=0.3059,tput=2.41] rank2[cuda2,share=0.3009,tput=5.66]
epoch 144: eval=0.8874
epoch 145: loss=0.136887, train_acc=0.9516, time=10.0s
per-rank: rank0[cuda0,share=0.3941,tput=2.82] rank1[cuda1,share=0.3062,tput=3.46] rank2[cuda2,share=0.2997,tput=2.17]
epoch 145: eval=0.8900
epoch 146: loss=0.132635, train_acc=0.9533, time=9.8s
per-rank: rank0[cuda0,share=0.3956,tput=2.60] rank1[cuda1,share=0.3054,tput=3.81] rank2[cuda2,share=0.2989,tput=2.14]
epoch 146: eval=0.9005
epoch 147: loss=0.130728, train_acc=0.9539, time=9.9s
per-rank: rank0[cuda0,share=0.3971,tput=3.18] rank1[cuda1,share=0.3047,tput=2.35] rank2[cuda2,share=0.2982,tput=2.97]
epoch 147: eval=0.9042
epoch 148: loss=0.130844, train_acc=0.9538, time=9.8s
per-rank: rank0[cuda0,share=0.3978,tput=2.11] rank1[cuda1,share=0.3052,tput=2.58] rank2[cuda2,share=0.2970,tput=4.84]
epoch 148: eval=0.8992
epoch 149: loss=0.129760, train_acc=0.9539, time=9.9s
per-rank: rank0[cuda0,share=0.3986,tput=3.54] rank1[cuda1,share=0.3057,tput=2.23] rank2[cuda2,share=0.2957,tput=4.19]
epoch 149: eval=0.8943
epoch 150: loss=0.123642, train_acc=0.9561, time=12.1s
per-rank: rank0[cuda0,share=0.3993,tput=1.99] rank1[cuda1,share=0.3062,tput=2.88] rank2[cuda2,share=0.2945,tput=5.25]
epoch 150: eval=0.9180
epoch 151: loss=0.083655, train_acc=0.9725, time=10.9s
per-rank: rank0[cuda0,share=0.4001,tput=2.55] rank1[cuda1,share=0.3067,tput=2.21] rank2[cuda2,share=0.2933,tput=3.88]
epoch 151: eval=0.9200
epoch 152: loss=0.076577, train_acc=0.9754, time=12.2s
per-rank: rank0[cuda0,share=0.3994,tput=1.96] rank1[cuda1,share=0.3079,tput=4.94] rank2[cuda2,share=0.2928,tput=2.91]
epoch 152: eval=0.9226
epoch 153: loss=0.075204, train_acc=0.9749, time=10.9s
per-rank: rank0[cuda0,share=0.3987,tput=2.68] rank1[cuda1,share=0.3091,tput=2.52] rank2[cuda2,share=0.2922,tput=3.53]
epoch 153: eval=0.9208
epoch 154: loss=0.072338, train_acc=0.9760, time=9.9s
per-rank: rank0[cuda0,share=0.4000,tput=3.37] rank1[cuda1,share=0.3083,tput=2.84] rank2[cuda2,share=0.2917,tput=2.38]
epoch 154: eval=0.9206
epoch 155: loss=0.069152, train_acc=0.9773, time=10.2s
per-rank: rank0[cuda0,share=0.3998,tput=2.17] rank1[cuda1,share=0.3083,tput=2.60] rank2[cuda2,share=0.2918,tput=3.46]
epoch 155: eval=0.9229
epoch 156: loss=0.067707, train_acc=0.9777, time=10.2s
per-rank: rank0[cuda0,share=0.3998,tput=1.90] rank1[cuda1,share=0.3083,tput=2.18] rank2[cuda2,share=0.2918,tput=6.03]
epoch 156: eval=0.9226
epoch 157: loss=0.067824, train_acc=0.9779, time=10.0s
per-rank: rank0[cuda0,share=0.3997,tput=1.92] rank1[cuda1,share=0.3083,tput=5.56] rank2[cuda2,share=0.2920,tput=2.34]
epoch 157: eval=0.9199
epoch 158: loss=0.066272, train_acc=0.9786, time=9.9s
per-rank: rank0[cuda0,share=0.3996,tput=1.84] rank1[cuda1,share=0.3083,tput=5.60] rank2[cuda2,share=0.2921,tput=2.34]
epoch 158: eval=0.9203
epoch 159: loss=0.066197, train_acc=0.9783, time=9.7s
per-rank: rank0[cuda0,share=0.3982,tput=2.87] rank1[cuda1,share=0.3081,tput=2.14] rank2[cuda2,share=0.2937,tput=4.97]
epoch 159: eval=0.9215
epoch 160: loss=0.064670, train_acc=0.9791, time=9.7s
per-rank: rank0[cuda0,share=0.3969,tput=3.12] rank1[cuda1,share=0.3078,tput=2.45] rank2[cuda2,share=0.2953,tput=3.08]
epoch 160: eval=0.9217
epoch 161: loss=0.063710, train_acc=0.9784, time=9.9s
per-rank: rank0[cuda0,share=0.3955,tput=3.90] rank1[cuda1,share=0.3076,tput=2.37] rank2[cuda2,share=0.2969,tput=2.90]
epoch 161: eval=0.9198
epoch 162: loss=0.061636, train_acc=0.9800, time=9.9s
per-rank: rank0[cuda0,share=0.3941,tput=2.66] rank1[cuda1,share=0.3073,tput=2.47] rank2[cuda2,share=0.2986,tput=3.22]
epoch 162: eval=0.9200
epoch 163: loss=0.063300, train_acc=0.9789, time=9.9s
per-rank: rank0[cuda0,share=0.3927,tput=2.40] rank1[cuda1,share=0.3071,tput=1.97] rank2[cuda2,share=0.3002,tput=5.33]
epoch 163: eval=0.9199
epoch 164: loss=0.063420, train_acc=0.9795, time=11.9s
per-rank: rank0[cuda0,share=0.3890,tput=1.91] rank1[cuda1,share=0.3080,tput=3.55] rank2[cuda2,share=0.3030,tput=4.00]
epoch 164: eval=0.9209
epoch 165: loss=0.060656, train_acc=0.9804, time=10.8s
per-rank: rank0[cuda0,share=0.3890,tput=2.66] rank1[cuda1,share=0.3080,tput=3.66] rank2[cuda2,share=0.3030,tput=2.16]
epoch 165: eval=0.9197
epoch 166: loss=0.059845, train_acc=0.9805, time=9.8s
per-rank: rank0[cuda0,share=0.3882,tput=2.69] rank1[cuda1,share=0.3084,tput=4.70] rank2[cuda2,share=0.3034,tput=2.24]
epoch 166: eval=0.9191
epoch 167: loss=0.060265, train_acc=0.9802, time=12.0s
per-rank: rank0[cuda0,share=0.3866,tput=1.96] rank1[cuda1,share=0.3092,tput=4.35] rank2[cuda2,share=0.3042,tput=3.32]
epoch 167: eval=0.9202
epoch 168: loss=0.060183, train_acc=0.9799, time=10.9s
per-rank: rank0[cuda0,share=0.3866,tput=2.40] rank1[cuda1,share=0.3092,tput=3.86] rank2[cuda2,share=0.3042,tput=2.23]
epoch 168: eval=0.9173
epoch 169: loss=0.058391, train_acc=0.9813, time=9.8s
per-rank: rank0[cuda0,share=0.3903,tput=3.71] rank1[cuda1,share=0.3073,tput=1.97] rank2[cuda2,share=0.3024,tput=3.13]
epoch 169: eval=0.9196
epoch 170: loss=0.059589, train_acc=0.9810, time=12.0s
per-rank: rank0[cuda0,share=0.3928,tput=2.07] rank1[cuda1,share=0.3061,tput=3.02] rank2[cuda2,share=0.3011,tput=4.67]
epoch 170: eval=0.9191
epoch 171: loss=0.059203, train_acc=0.9801, time=10.9s
per-rank: rank0[cuda0,share=0.3928,tput=1.75] rank1[cuda1,share=0.3061,tput=2.78] rank2[cuda2,share=0.3011,tput=3.64]
epoch 171: eval=0.9198
epoch 172: loss=0.057193, train_acc=0.9811, time=9.6s
per-rank: rank0[cuda0,share=0.3953,tput=3.10] rank1[cuda1,share=0.3048,tput=3.29] rank2[cuda2,share=0.2999,tput=2.24]
epoch 172: eval=0.9220
epoch 173: loss=0.057033, train_acc=0.9813, time=9.8s
per-rank: rank0[cuda0,share=0.3977,tput=2.15] rank1[cuda1,share=0.3036,tput=5.10] rank2[cuda2,share=0.2987,tput=2.21]
epoch 173: eval=0.9193
epoch 174: loss=0.056260, train_acc=0.9819, time=13.3s
per-rank: rank0[cuda0,share=0.4014,tput=1.82] rank1[cuda1,share=0.3017,tput=3.54] rank2[cuda2,share=0.2969,tput=4.40]
epoch 174: eval=0.9202
epoch 175: loss=0.057437, train_acc=0.9810, time=12.0s
per-rank: rank0[cuda0,share=0.4014,tput=1.95] rank1[cuda1,share=0.3017,tput=2.37] rank2[cuda2,share=0.2969,tput=3.77]
epoch 175: eval=0.9205
epoch 176: loss=0.055932, train_acc=0.9825, time=10.0s
per-rank: rank0[cuda0,share=0.4013,tput=3.06] rank1[cuda1,share=0.3018,tput=3.08] rank2[cuda2,share=0.2969,tput=2.40]
epoch 176: eval=0.9212
epoch 177: loss=0.054916, train_acc=0.9827, time=9.8s
per-rank: rank0[cuda0,share=0.4012,tput=2.48] rank1[cuda1,share=0.3018,tput=5.33] rank2[cuda2,share=0.2970,tput=1.99]
epoch 177: eval=0.9208
epoch 178: loss=0.054794, train_acc=0.9822, time=11.9s
per-rank: rank0[cuda0,share=0.4011,tput=1.97] rank1[cuda1,share=0.3019,tput=3.68] rank2[cuda2,share=0.2970,tput=3.88]
epoch 178: eval=0.9198
epoch 179: loss=0.055240, train_acc=0.9819, time=10.7s
per-rank: rank0[cuda0,share=0.4023,tput=2.06] rank1[cuda1,share=0.3013,tput=4.13] rank2[cuda2,share=0.2964,tput=2.46]
epoch 179: eval=0.9213
epoch 180: loss=0.055141, train_acc=0.9821, time=9.7s
per-rank: rank0[cuda0,share=0.4022,tput=2.66] rank1[cuda1,share=0.3013,tput=2.56] rank2[cuda2,share=0.2965,tput=3.42]
epoch 180: eval=0.9209
epoch 181: loss=0.055536, train_acc=0.9815, time=12.4s
per-rank: rank0[cuda0,share=0.4014,tput=1.97] rank1[cuda1,share=0.3026,tput=4.88] rank2[cuda2,share=0.2960,tput=3.22]
epoch 181: eval=0.9197
epoch 182: loss=0.052365, train_acc=0.9830, time=11.3s
per-rank: rank0[cuda0,share=0.4006,tput=2.27] rank1[cuda1,share=0.3039,tput=2.40] rank2[cuda2,share=0.2955,tput=3.57]
epoch 182: eval=0.9200
epoch 183: loss=0.053808, train_acc=0.9827, time=10.3s
per-rank: rank0[cuda0,share=0.3984,tput=2.56] rank1[cuda1,share=0.3059,tput=2.54] rank2[cuda2,share=0.2957,tput=3.48]
epoch 183: eval=0.9203
epoch 184: loss=0.053558, train_acc=0.9827, time=10.0s
per-rank: rank0[cuda0,share=0.3963,tput=3.71] rank1[cuda1,share=0.3078,tput=2.14] rank2[cuda2,share=0.2959,tput=3.01]
epoch 184: eval=0.9204
epoch 185: loss=0.052298, train_acc=0.9824, time=9.7s
per-rank: rank0[cuda0,share=0.3941,tput=3.55] rank1[cuda1,share=0.3098,tput=2.19] rank2[cuda2,share=0.2961,tput=3.09]
epoch 185: eval=0.9195
epoch 186: loss=0.055904, train_acc=0.9814, time=9.8s
per-rank: rank0[cuda0,share=0.3933,tput=2.89] rank1[cuda1,share=0.3111,tput=3.08] rank2[cuda2,share=0.2956,tput=2.40]
epoch 186: eval=0.9196
epoch 187: loss=0.052665, train_acc=0.9822, time=9.8s
per-rank: rank0[cuda0,share=0.3925,tput=3.22] rank1[cuda1,share=0.3123,tput=2.40] rank2[cuda2,share=0.2952,tput=2.97]
epoch 187: eval=0.9187
epoch 188: loss=0.054059, train_acc=0.9826, time=11.1s
per-rank: rank0[cuda0,share=0.3939,tput=2.08] rank1[cuda1,share=0.3125,tput=3.31] rank2[cuda2,share=0.2936,tput=4.37]
epoch 188: eval=0.9190
epoch 189: loss=0.050544, train_acc=0.9839, time=10.6s
per-rank: rank0[cuda0,share=0.3940,tput=2.86] rank1[cuda1,share=0.3133,tput=2.94] rank2[cuda2,share=0.2928,tput=2.57]
epoch 189: eval=0.9189
epoch 190: loss=0.052325, train_acc=0.9833, time=11.5s
per-rank: rank0[cuda0,share=0.3948,tput=2.12] rank1[cuda1,share=0.3128,tput=2.65] rank2[cuda2,share=0.2924,tput=5.36]
epoch 190: eval=0.9192
epoch 191: loss=0.051274, train_acc=0.9829, time=10.8s
per-rank: rank0[cuda0,share=0.3963,tput=2.43] rank1[cuda1,share=0.3111,tput=4.22] rank2[cuda2,share=0.2926,tput=2.05]
epoch 191: eval=0.9194
epoch 192: loss=0.050975, train_acc=0.9838, time=9.8s
per-rank: rank0[cuda0,share=0.3978,tput=3.09] rank1[cuda1,share=0.3094,tput=2.51] rank2[cuda2,share=0.2928,tput=2.93]
epoch 192: eval=0.9194
epoch 193: loss=0.050807, train_acc=0.9833, time=9.9s
per-rank: rank0[cuda0,share=0.4007,tput=2.35] rank1[cuda1,share=0.3070,tput=2.22] rank2[cuda2,share=0.2923,tput=5.23]
epoch 193: eval=0.9187
epoch 194: loss=0.050769, train_acc=0.9830, time=9.8s
per-rank: rank0[cuda0,share=0.4029,tput=3.20] rank1[cuda1,share=0.3058,tput=3.49] rank2[cuda2,share=0.2914,tput=2.04]
epoch 194: eval=0.9201
epoch 195: loss=0.050121, train_acc=0.9831, time=12.0s
per-rank: rank0[cuda0,share=0.4063,tput=2.11] rank1[cuda1,share=0.3039,tput=2.73] rank2[cuda2,share=0.2898,tput=5.25]
epoch 195: eval=0.9175
epoch 196: loss=0.050173, train_acc=0.9836, time=11.0s
per-rank: rank0[cuda0,share=0.4097,tput=2.36] rank1[cuda1,share=0.3021,tput=2.45] rank2[cuda2,share=0.2882,tput=3.66]
epoch 196: eval=0.9191
epoch 197: loss=0.050396, train_acc=0.9836, time=11.7s
per-rank: rank0[cuda0,share=0.4137,tput=2.16] rank1[cuda1,share=0.2992,tput=4.02] rank2[cuda2,share=0.2871,tput=3.67]
epoch 197: eval=0.9188
epoch 198: loss=0.048415, train_acc=0.9846, time=11.0s
per-rank: rank0[cuda0,share=0.4137,tput=2.28] rank1[cuda1,share=0.2992,tput=2.51] rank2[cuda2,share=0.2871,tput=3.45]
epoch 198: eval=0.9184
epoch 199: loss=0.048799, train_acc=0.9843, time=9.9s
per-rank: rank0[cuda0,share=0.4157,tput=1.98] rank1[cuda1,share=0.2974,tput=2.57] rank2[cuda2,share=0.2869,tput=5.93]
final eval=0.9204
# total: 1967.6s (32m 48s)
