# gpu0: NVIDIA GeForce RTX 5060 Ti (15GB, sm_120)
# gpu1: NVIDIA GeForce GTX 1060 6GB (5GB, sm_61)
# gpu2: NVIDIA GeForce GTX 1060 6GB (5GB, sm_61)
epoch 0: loss=1.972788, eval=0.3177, train_acc=0.2620, time=11.9s
per-rank: rank0[cuda0,share=0.4185,tput=3.79] rank1[cuda1,share=0.2920,tput=4.00] rank2[cuda2,share=0.2895,tput=4.81]
epoch 1: loss=1.694108, train_acc=0.3704, time=13.0s
per-rank: rank0[cuda0,share=0.4099,tput=1.84] rank1[cuda1,share=0.3050,tput=3.37] rank2[cuda2,share=0.2850,tput=4.46]
epoch 1: eval=0.4107
epoch 2: loss=1.570488, train_acc=0.4217, time=12.3s
per-rank: rank0[cuda0,share=0.4064,tput=2.50] rank1[cuda1,share=0.3087,tput=2.41] rank2[cuda2,share=0.2849,tput=3.32]
epoch 2: eval=0.4559
epoch 3: loss=1.402920, train_acc=0.4896, time=10.9s
per-rank: rank0[cuda0,share=0.4043,tput=2.56] rank1[cuda1,share=0.3104,tput=1.92] rank2[cuda2,share=0.2853,tput=3.22]
epoch 3: eval=0.5102
epoch 4: loss=1.254361, train_acc=0.5485, time=10.6s
per-rank: rank0[cuda0,share=0.3987,tput=2.94] rank1[cuda1,share=0.3103,tput=3.02] rank2[cuda2,share=0.2911,tput=1.95]
epoch 4: eval=0.5819
epoch 5: loss=1.145415, train_acc=0.5870, time=10.7s
per-rank: rank0[cuda0,share=0.3968,tput=2.09] rank1[cuda1,share=0.3103,tput=4.67] rank2[cuda2,share=0.2929,tput=2.21]
epoch 5: eval=0.6023
epoch 6: loss=1.060328, train_acc=0.6242, time=13.3s
per-rank: rank0[cuda0,share=0.3913,tput=1.77] rank1[cuda1,share=0.3128,tput=4.53] rank2[cuda2,share=0.2959,tput=3.03]
epoch 6: eval=0.6056
epoch 7: loss=0.983293, train_acc=0.6528, time=11.4s
per-rank: rank0[cuda0,share=0.3895,tput=2.53] rank1[cuda1,share=0.3138,tput=2.36] rank2[cuda2,share=0.2966,tput=3.49]
epoch 7: eval=0.5521
epoch 8: loss=0.926852, train_acc=0.6734, time=10.0s
per-rank: rank0[cuda0,share=0.3864,tput=2.47] rank1[cuda1,share=0.3146,tput=4.76] rank2[cuda2,share=0.2991,tput=2.04]
epoch 8: eval=0.6165
epoch 9: loss=0.859414, train_acc=0.6998, time=10.0s
per-rank: rank0[cuda0,share=0.3848,tput=3.01] rank1[cuda1,share=0.3125,tput=3.45] rank2[cuda2,share=0.3026,tput=2.05]
epoch 9: eval=0.6829
epoch 10: loss=0.829777, train_acc=0.7117, time=12.2s
per-rank: rank0[cuda0,share=0.3849,tput=1.94] rank1[cuda1,share=0.3117,tput=3.67] rank2[cuda2,share=0.3033,tput=3.91]
epoch 10: eval=0.7078
epoch 11: loss=0.794168, train_acc=0.7223, time=11.1s
per-rank: rank0[cuda0,share=0.3859,tput=2.10] rank1[cuda1,share=0.3128,tput=2.76] rank2[cuda2,share=0.3013,tput=3.45]
epoch 11: eval=0.7074
epoch 12: loss=0.763710, train_acc=0.7314, time=12.2s
per-rank: rank0[cuda0,share=0.3868,tput=1.95] rank1[cuda1,share=0.3139,tput=4.24] rank2[cuda2,share=0.2993,tput=3.36]
epoch 12: eval=0.7233
epoch 13: loss=0.735684, train_acc=0.7448, time=11.1s
per-rank: rank0[cuda0,share=0.3921,tput=2.45] rank1[cuda1,share=0.3110,tput=2.21] rank2[cuda2,share=0.2970,tput=4.01]
epoch 13: eval=0.6795
epoch 14: loss=0.712900, train_acc=0.7529, time=12.5s
per-rank: rank0[cuda0,share=0.3946,tput=1.87] rank1[cuda1,share=0.3079,tput=3.40] rank2[cuda2,share=0.2974,tput=4.65]
epoch 14: eval=0.7449
epoch 15: loss=0.695297, train_acc=0.7587, time=11.5s
per-rank: rank0[cuda0,share=0.3976,tput=2.29] rank1[cuda1,share=0.3058,tput=4.28] rank2[cuda2,share=0.2966,tput=1.90]
epoch 15: eval=0.7599
epoch 16: loss=0.680112, train_acc=0.7649, time=9.9s
per-rank: rank0[cuda0,share=0.3981,tput=2.24] rank1[cuda1,share=0.3066,tput=2.19] rank2[cuda2,share=0.2954,tput=5.11]
epoch 16: eval=0.6849
epoch 17: loss=0.667332, train_acc=0.7682, time=10.1s
per-rank: rank0[cuda0,share=0.3985,tput=2.26] rank1[cuda1,share=0.3073,tput=3.44] rank2[cuda2,share=0.2941,tput=2.47]
epoch 17: eval=0.5816
epoch 18: loss=0.647249, train_acc=0.7774, time=10.0s
per-rank: rank0[cuda0,share=0.3984,tput=3.18] rank1[cuda1,share=0.3058,tput=1.82] rank2[cuda2,share=0.2958,tput=3.76]
epoch 18: eval=0.7137
epoch 19: loss=0.637218, train_acc=0.7790, time=10.0s
per-rank: rank0[cuda0,share=0.3951,tput=2.43] rank1[cuda1,share=0.3028,tput=4.52] rank2[cuda2,share=0.3020,tput=2.32]
epoch 19: eval=0.7316
epoch 20: loss=0.628424, train_acc=0.7831, time=9.8s
per-rank: rank0[cuda0,share=0.3951,tput=2.44] rank2[cuda2,share=0.3026,tput=4.57] rank1[cuda1,share=0.3023,tput=2.33]
epoch 20: eval=0.7451
epoch 21: loss=0.615568, train_acc=0.7873, time=10.0s
per-rank: rank0[cuda0,share=0.3951,tput=3.29] rank1[cuda1,share=0.3027,tput=3.38] rank2[cuda2,share=0.3022,tput=1.88]
epoch 21: eval=0.7533
epoch 22: loss=0.596502, train_acc=0.7942, time=10.0s
per-rank: rank0[cuda0,share=0.3969,tput=2.36] rank2[cuda2,share=0.3020,tput=1.83] rank1[cuda1,share=0.3011,tput=6.21]
epoch 22: eval=0.7489
epoch 23: loss=0.601088, train_acc=0.7920, time=9.9s
per-rank: rank0[cuda0,share=0.4023,tput=3.02] rank2[cuda2,share=0.3001,tput=2.84] rank1[cuda1,share=0.2976,tput=2.50]
epoch 23: eval=0.7916
epoch 24: loss=0.586954, train_acc=0.7979, time=12.4s
per-rank: rank0[cuda0,share=0.4091,tput=2.05] rank1[cuda1,share=0.2979,tput=4.17] rank2[cuda2,share=0.2930,tput=3.53]
epoch 24: eval=0.7546
epoch 25: loss=0.582234, train_acc=0.8000, time=11.3s
per-rank: rank0[cuda0,share=0.4123,tput=2.21] rank1[cuda1,share=0.2979,tput=2.42] rank2[cuda2,share=0.2897,tput=3.66]
epoch 25: eval=0.7652
epoch 26: loss=0.584664, train_acc=0.7979, time=12.6s
per-rank: rank0[cuda0,share=0.4164,tput=1.98] rank1[cuda1,share=0.2975,tput=4.89] rank2[cuda2,share=0.2860,tput=3.12]
epoch 26: eval=0.7935
epoch 27: loss=0.574209, train_acc=0.8034, time=11.5s
per-rank: rank0[cuda0,share=0.4173,tput=1.99] rank1[cuda1,share=0.2988,tput=3.98] rank2[cuda2,share=0.2839,tput=2.22]
epoch 27: eval=0.7528
epoch 28: loss=0.565290, train_acc=0.8046, time=10.1s
per-rank: rank0[cuda0,share=0.4179,tput=2.93] rank1[cuda1,share=0.2992,tput=2.81] rank2[cuda2,share=0.2829,tput=2.57]
epoch 28: eval=0.7779
epoch 29: loss=0.564310, train_acc=0.8060, time=10.3s
per-rank: rank0[cuda0,share=0.4143,tput=2.87] rank1[cuda1,share=0.2991,tput=3.34] rank2[cuda2,share=0.2866,tput=2.18]
epoch 29: eval=0.7898
epoch 30: loss=0.554317, train_acc=0.8089, time=10.1s
per-rank: rank0[cuda0,share=0.4069,tput=2.64] rank1[cuda1,share=0.3006,tput=2.60] rank2[cuda2,share=0.2924,tput=2.97]
epoch 30: eval=0.8087
epoch 31: loss=0.538463, train_acc=0.8139, time=9.9s
per-rank: rank0[cuda0,share=0.4004,tput=3.60] rank1[cuda1,share=0.3034,tput=2.08] rank2[cuda2,share=0.2962,tput=2.99]
epoch 31: eval=0.7704
epoch 32: loss=0.536041, train_acc=0.8143, time=11.7s
per-rank: rank0[cuda0,share=0.3971,tput=2.01] rank1[cuda1,share=0.3032,tput=4.27] rank2[cuda2,share=0.2996,tput=3.30]
epoch 32: eval=0.7988
epoch 33: loss=0.545798, train_acc=0.8134, time=11.6s
per-rank: rank0[cuda0,share=0.3989,tput=2.37] rank2[cuda2,share=0.3016,tput=3.67] rank1[cuda1,share=0.2996,tput=2.18]
epoch 33: eval=0.7630
epoch 34: loss=0.532232, train_acc=0.8172, time=10.2s
per-rank: rank0[cuda0,share=0.3981,tput=2.76] rank2[cuda2,share=0.3035,tput=3.31] rank1[cuda1,share=0.2984,tput=2.17]
epoch 34: eval=0.8079
epoch 35: loss=0.532839, train_acc=0.8172, time=10.3s
per-rank: rank0[cuda0,share=0.4029,tput=2.19] rank2[cuda2,share=0.3028,tput=4.90] rank1[cuda1,share=0.2944,tput=1.96]
epoch 35: eval=0.7903
epoch 36: loss=0.520151, train_acc=0.8211, time=10.0s
per-rank: rank0[cuda0,share=0.4062,tput=2.81] rank2[cuda2,share=0.3066,tput=4.78] rank1[cuda1,share=0.2872,tput=2.08]
epoch 36: eval=0.7921
epoch 37: loss=0.526227, train_acc=0.8182, time=12.4s
per-rank: rank0[cuda0,share=0.4015,tput=1.94] rank2[cuda2,share=0.3108,tput=3.28] rank1[cuda1,share=0.2876,tput=5.08]
epoch 37: eval=0.7515
epoch 38: loss=0.514386, train_acc=0.8233, time=11.4s
per-rank: rank0[cuda0,share=0.4035,tput=2.36] rank2[cuda2,share=0.3089,tput=3.40] rank1[cuda1,share=0.2876,tput=2.42]
epoch 38: eval=0.7808
epoch 39: loss=0.517005, train_acc=0.8224, time=12.4s
per-rank: rank0[cuda0,share=0.4072,tput=1.99] rank2[cuda2,share=0.3070,tput=4.81] rank1[cuda1,share=0.2858,tput=3.01]
epoch 39: eval=0.6935
epoch 40: loss=0.507584, train_acc=0.8252, time=11.3s
per-rank: rank0[cuda0,share=0.4114,tput=2.25] rank2[cuda2,share=0.3013,tput=2.17] rank1[cuda1,share=0.2873,tput=4.36]
epoch 40: eval=0.7769
epoch 41: loss=0.503939, train_acc=0.8259, time=12.5s
per-rank: rank0[cuda0,share=0.4118,tput=1.97] rank2[cuda2,share=0.2954,tput=3.79] rank1[cuda1,share=0.2928,tput=4.08]
epoch 41: eval=0.7041
epoch 42: loss=0.512098, train_acc=0.8245, time=11.3s
per-rank: rank0[cuda0,share=0.4111,tput=1.96] rank1[cuda1,share=0.2975,tput=3.82] rank2[cuda2,share=0.2915,tput=2.37]
epoch 42: eval=0.7952
epoch 43: loss=0.496820, train_acc=0.8293, time=10.1s
per-rank: rank0[cuda0,share=0.4069,tput=3.24] rank1[cuda1,share=0.3084,tput=2.45] rank2[cuda2,share=0.2847,tput=2.71]
epoch 43: eval=0.8101
epoch 44: loss=0.497223, train_acc=0.8283, time=12.6s
per-rank: rank0[cuda0,share=0.4064,tput=1.91] rank1[cuda1,share=0.3152,tput=3.46] rank2[cuda2,share=0.2784,tput=4.55]
epoch 44: eval=0.7766
epoch 45: loss=0.498798, train_acc=0.8287, time=11.6s
per-rank: rank0[cuda0,share=0.4064,tput=2.18] rank1[cuda1,share=0.3152,tput=2.34] rank2[cuda2,share=0.2784,tput=3.73]
epoch 45: eval=0.8243
epoch 46: loss=0.488773, train_acc=0.8331, time=12.2s
per-rank: rank0[cuda0,share=0.4154,tput=2.03] rank1[cuda1,share=0.3058,tput=3.18] rank2[cuda2,share=0.2788,tput=4.72]
epoch 46: eval=0.8066
epoch 47: loss=0.480524, train_acc=0.8315, time=11.1s
per-rank: rank0[cuda0,share=0.4163,tput=2.07] rank1[cuda1,share=0.3016,tput=3.80] rank2[cuda2,share=0.2822,tput=2.52]
epoch 47: eval=0.7496
epoch 48: loss=0.478032, train_acc=0.8355, time=10.1s
per-rank: rank0[cuda0,share=0.4116,tput=2.79] rank1[cuda1,share=0.2978,tput=2.25] rank2[cuda2,share=0.2906,tput=3.30]
epoch 48: eval=0.7378
epoch 49: loss=0.476214, train_acc=0.8370, time=10.1s
per-rank: rank0[cuda0,share=0.4051,tput=2.26] rank1[cuda1,share=0.2978,tput=2.25] rank2[cuda2,share=0.2971,tput=5.04]
epoch 49: eval=0.7630
epoch 50: loss=0.465753, train_acc=0.8395, time=13.1s
per-rank: rank0[cuda0,share=0.4087,tput=1.91] rank1[cuda1,share=0.2992,tput=3.45] rank2[cuda2,share=0.2921,tput=4.71]
epoch 50: eval=0.8067
epoch 51: loss=0.464003, train_acc=0.8400, time=11.7s
per-rank: rank0[cuda0,share=0.4056,tput=1.93] rank1[cuda1,share=0.3053,tput=2.90] rank2[cuda2,share=0.2891,tput=3.02]
epoch 51: eval=0.7727
epoch 52: loss=0.447797, train_acc=0.8460, time=10.2s
per-rank: rank0[cuda0,share=0.3991,tput=2.94] rank1[cuda1,share=0.3010,tput=2.94] rank2[cuda2,share=0.2999,tput=2.28]
epoch 52: eval=0.7441
epoch 53: loss=0.437463, train_acc=0.8506, time=10.2s
per-rank: rank0[cuda0,share=0.4304,tput=2.25] rank2[cuda2,share=0.2942,tput=5.08] rank1[cuda1,share=0.2754,tput=2.15]
epoch 53: eval=0.8214
epoch 54: loss=0.420437, train_acc=0.8566, time=10.2s
per-rank: rank0[cuda0,share=0.4328,tput=3.28] rank2[cuda2,share=0.2920,tput=3.30] rank1[cuda1,share=0.2752,tput=2.05]
epoch 54: eval=0.7383
epoch 55: loss=0.416279, train_acc=0.8563, time=12.9s
per-rank: rank0[cuda0,share=0.4376,tput=2.02] rank1[cuda1,share=0.2845,tput=3.23] rank2[cuda2,share=0.2779,tput=4.82]
epoch 55: eval=0.7783
epoch 56: loss=0.423072, eval=0.7766, train_acc=0.8547, time=12.5s
per-rank: rank0[cuda0,share=0.4286,tput=2.06] rank1[cuda1,share=0.2980,tput=4.23] rank2[cuda2,share=0.2734,tput=2.43]
epoch 57: loss=0.542564, train_acc=0.8147, time=10.4s
per-rank: rank0[cuda0,share=0.4374,tput=3.13] rank1[cuda1,share=0.2942,tput=2.37] rank2[cuda2,share=0.2684,tput=3.94]
epoch 57: eval=0.7719
epoch 58: loss=0.518682, train_acc=0.8204, time=10.0s
per-rank: rank0[cuda0,share=0.4392,tput=2.02] rank1[cuda1,share=0.2934,tput=6.33] rank2[cuda2,share=0.2673,tput=2.13]
epoch 58: eval=0.7544
epoch 59: loss=0.509247, train_acc=0.8272, time=10.0s
per-rank: rank0[cuda0,share=0.4354,tput=2.64] rank1[cuda1,share=0.2955,tput=3.16] rank2[cuda2,share=0.2691,tput=2.29]
epoch 59: eval=0.7920
epoch 60: loss=0.503918, train_acc=0.8276, time=12.9s
per-rank: rank0[cuda0,share=0.4331,tput=1.94] rank1[cuda1,share=0.2969,tput=2.93] rank2[cuda2,share=0.2700,tput=5.51]
epoch 60: eval=0.7314
epoch 61: loss=0.498069, train_acc=0.8294, time=12.3s
per-rank: rank0[cuda0,share=0.4292,tput=1.86] rank1[cuda1,share=0.2976,tput=2.35] rank2[cuda2,share=0.2732,tput=4.08]
epoch 61: eval=0.7575
epoch 62: loss=0.487840, train_acc=0.8335, time=10.2s
per-rank: rank0[cuda0,share=0.4263,tput=3.09] rank1[cuda1,share=0.2982,tput=2.48] rank2[cuda2,share=0.2755,tput=2.80]
epoch 62: eval=0.8015
epoch 63: loss=0.497563, train_acc=0.8300, time=10.1s
per-rank: rank0[cuda0,share=0.4242,tput=2.98] rank1[cuda1,share=0.2987,tput=2.41] rank2[cuda2,share=0.2772,tput=2.74]
epoch 63: eval=0.7511
epoch 64: loss=0.484564, train_acc=0.8325, time=12.5s
per-rank: rank0[cuda0,share=0.4224,tput=1.97] rank1[cuda1,share=0.2991,tput=5.07] rank2[cuda2,share=0.2785,tput=2.88]
epoch 64: eval=0.7588
epoch 65: loss=0.482518, train_acc=0.8350, time=11.4s
per-rank: rank0[cuda0,share=0.4211,tput=2.21] rank1[cuda1,share=0.2994,tput=3.49] rank2[cuda2,share=0.2795,tput=2.42]
epoch 65: eval=0.7794
epoch 66: loss=0.491540, train_acc=0.8322, time=10.0s
per-rank: rank0[cuda0,share=0.4187,tput=3.01] rank1[cuda1,share=0.3003,tput=3.13] rank2[cuda2,share=0.2810,tput=2.44]
epoch 66: eval=0.8385
epoch 67: loss=0.477923, train_acc=0.8353, time=10.0s
per-rank: rank0[cuda0,share=0.4151,tput=3.51] rank1[cuda1,share=0.3021,tput=2.19] rank2[cuda2,share=0.2828,tput=2.85]
epoch 67: eval=0.8194
epoch 68: loss=0.489730, train_acc=0.8308, time=10.0s
per-rank: rank0[cuda0,share=0.4114,tput=2.02] rank1[cuda1,share=0.3040,tput=2.44] rank2[cuda2,share=0.2846,tput=5.19]
epoch 68: eval=0.8151
epoch 69: loss=0.491863, train_acc=0.8306, time=10.1s
per-rank: rank0[cuda0,share=0.4102,tput=2.02] rank1[cuda1,share=0.3036,tput=4.93] rank2[cuda2,share=0.2862,tput=2.39]
epoch 69: eval=0.8074
epoch 70: loss=0.483315, train_acc=0.8329, time=10.0s
per-rank: rank0[cuda0,share=0.4076,tput=2.65] rank1[cuda1,share=0.3039,tput=2.46] rank2[cuda2,share=0.2886,tput=2.98]
epoch 70: eval=0.7858
epoch 71: loss=0.477240, train_acc=0.8361, time=10.0s
per-rank: rank0[cuda0,share=0.4064,tput=3.33] rank1[cuda1,share=0.3043,tput=2.46] rank2[cuda2,share=0.2893,tput=2.64]
epoch 71: eval=0.8149
epoch 72: loss=0.473676, train_acc=0.8373, time=12.0s
per-rank: rank0[cuda0,share=0.4045,tput=2.00] rank1[cuda1,share=0.3059,tput=3.63] rank2[cuda2,share=0.2896,tput=3.80]
epoch 72: eval=0.7619
epoch 73: loss=0.469571, train_acc=0.8381, time=11.2s
per-rank: rank0[cuda0,share=0.4026,tput=2.70] rank1[cuda1,share=0.3074,tput=3.41] rank2[cuda2,share=0.2900,tput=2.12]
epoch 73: eval=0.8014
epoch 74: loss=0.474524, train_acc=0.8372, time=10.1s
per-rank: rank0[cuda0,share=0.4022,tput=2.54] rank1[cuda1,share=0.3083,tput=3.84] rank2[cuda2,share=0.2895,tput=2.31]
epoch 74: eval=0.8189
epoch 75: loss=0.477771, train_acc=0.8348, time=10.1s
per-rank: rank0[cuda0,share=0.4028,tput=3.46] rank1[cuda1,share=0.3073,tput=2.34] rank2[cuda2,share=0.2899,tput=2.49]
epoch 75: eval=0.7351
epoch 76: loss=0.478567, train_acc=0.8351, time=10.2s
per-rank: rank0[cuda0,share=0.4054,tput=2.71] rank1[cuda1,share=0.3060,tput=2.31] rank2[cuda2,share=0.2885,tput=3.29]
epoch 76: eval=0.7942
epoch 77: loss=0.482357, train_acc=0.8350, time=10.2s
per-rank: rank0[cuda0,share=0.4061,tput=3.54] rank1[cuda1,share=0.3037,tput=2.38] rank2[cuda2,share=0.2902,tput=3.46]
epoch 77: eval=0.7820
epoch 78: loss=0.472014, train_acc=0.8384, time=10.1s
per-rank: rank0[cuda0,share=0.4055,tput=2.47] rank1[cuda1,share=0.3021,tput=2.68] rank2[cuda2,share=0.2925,tput=2.89]
epoch 78: eval=0.8066
epoch 79: loss=0.468142, train_acc=0.8380, time=9.9s
per-rank: rank0[cuda0,share=0.4039,tput=2.38] rank1[cuda1,share=0.3019,tput=2.37] rank2[cuda2,share=0.2942,tput=4.53]
epoch 79: eval=0.8319
epoch 80: loss=0.474054, train_acc=0.8375, time=12.9s
per-rank: rank0[cuda0,share=0.4024,tput=1.84] rank1[cuda1,share=0.3026,tput=4.99] rank2[cuda2,share=0.2951,tput=3.01]
epoch 80: eval=0.8375
epoch 81: loss=0.473495, train_acc=0.8364, time=11.5s
per-rank: rank0[cuda0,share=0.4024,tput=1.95] rank1[cuda1,share=0.3026,tput=3.98] rank2[cuda2,share=0.2951,tput=2.36]
epoch 81: eval=0.7798
epoch 82: loss=0.476302, train_acc=0.8367, time=9.8s
per-rank: rank0[cuda0,share=0.4023,tput=3.23] rank1[cuda1,share=0.3016,tput=2.30] rank2[cuda2,share=0.2961,tput=3.20]
epoch 82: eval=0.7670
epoch 83: loss=0.463546, train_acc=0.8391, time=10.0s
per-rank: rank0[cuda0,share=0.4006,tput=2.44] rank1[cuda1,share=0.3006,tput=5.37] rank2[cuda2,share=0.2989,tput=1.80]
epoch 83: eval=0.8479
epoch 84: loss=0.467309, train_acc=0.8409, time=12.3s
per-rank: rank0[cuda0,share=0.3983,tput=1.93] rank1[cuda1,share=0.3030,tput=3.40] rank2[cuda2,share=0.2987,tput=4.38]
epoch 84: eval=0.7558
epoch 85: loss=0.466341, train_acc=0.8395, time=10.9s
per-rank: rank0[cuda0,share=0.3953,tput=2.14] rank1[cuda1,share=0.3050,tput=3.60] rank2[cuda2,share=0.2997,tput=2.55]
epoch 85: eval=0.7941
epoch 86: loss=0.476588, train_acc=0.8371, time=10.1s
per-rank: rank0[cuda0,share=0.3938,tput=2.53] rank1[cuda1,share=0.3075,tput=2.11] rank2[cuda2,share=0.2987,tput=3.72]
epoch 86: eval=0.8174
epoch 87: loss=0.468734, train_acc=0.8408, time=13.1s
per-rank: rank0[cuda0,share=0.3944,tput=1.79] rank1[cuda1,share=0.3080,tput=3.25] rank2[cuda2,share=0.2975,tput=4.62]
epoch 87: eval=0.8219
epoch 88: loss=0.465420, train_acc=0.8408, time=12.4s
per-rank: rank0[cuda0,share=0.3925,tput=1.66] rank1[cuda1,share=0.3099,tput=2.42] rank2[cuda2,share=0.2976,tput=3.91]
epoch 88: eval=0.7841
epoch 89: loss=0.467324, train_acc=0.8385, time=10.4s
per-rank: rank0[cuda0,share=0.3902,tput=2.32] rank1[cuda1,share=0.3102,tput=2.41] rank2[cuda2,share=0.2997,tput=3.68]
epoch 89: eval=0.8124
epoch 90: loss=0.457174, train_acc=0.8429, time=10.2s
per-rank: rank0[cuda0,share=0.3854,tput=2.12] rank1[cuda1,share=0.3108,tput=2.21] rank2[cuda2,share=0.3039,tput=4.73]
epoch 90: eval=0.7745
epoch 91: loss=0.452715, train_acc=0.8428, time=9.8s
per-rank: rank0[cuda0,share=0.3835,tput=2.95] rank1[cuda1,share=0.3116,tput=1.94] rank2[cuda2,share=0.3050,tput=4.25]
epoch 91: eval=0.8010
epoch 92: loss=0.465293, train_acc=0.8402, time=9.9s
per-rank: rank0[cuda0,share=0.3830,tput=2.76] rank1[cuda1,share=0.3105,tput=2.19] rank2[cuda2,share=0.3065,tput=4.27]
epoch 92: eval=0.8500
epoch 93: loss=0.461626, train_acc=0.8410, time=10.0s
per-rank: rank0[cuda0,share=0.3832,tput=2.67] rank1[cuda1,share=0.3093,tput=3.76] rank2[cuda2,share=0.3075,tput=2.04]
epoch 93: eval=0.8103
epoch 94: loss=0.460839, train_acc=0.8412, time=9.9s
per-rank: rank0[cuda0,share=0.3834,tput=3.50] rank2[cuda2,share=0.3085,tput=2.27] rank1[cuda1,share=0.3081,tput=3.60]
epoch 94: eval=0.7405
epoch 95: loss=0.465265, train_acc=0.8408, time=10.0s
per-rank: rank0[cuda0,share=0.3829,tput=1.88] rank2[cuda2,share=0.3089,tput=5.55] rank1[cuda1,share=0.3083,tput=2.30]
epoch 95: eval=0.7985
epoch 96: loss=0.466116, train_acc=0.8399, time=10.0s
per-rank: rank0[cuda0,share=0.3829,tput=1.92] rank2[cuda2,share=0.3089,tput=5.39] rank1[cuda1,share=0.3081,tput=2.29]
epoch 96: eval=0.8005
epoch 97: loss=0.459687, train_acc=0.8433, time=13.2s
per-rank: rank0[cuda0,share=0.3836,tput=1.70] rank1[cuda1,share=0.3092,tput=3.08] rank2[cuda2,share=0.3073,tput=5.11]
epoch 97: eval=0.7887
epoch 98: loss=0.450338, train_acc=0.8446, time=11.5s
per-rank: rank0[cuda0,share=0.3841,tput=1.99] rank1[cuda1,share=0.3095,tput=3.85] rank2[cuda2,share=0.3065,tput=2.45]
epoch 98: eval=0.7345
epoch 99: loss=0.463168, train_acc=0.8426, time=10.2s
per-rank: rank0[cuda0,share=0.3839,tput=2.88] rank1[cuda1,share=0.3092,tput=3.38] rank2[cuda2,share=0.3069,tput=2.13]
epoch 99: eval=0.7885
epoch 100: loss=0.303145, train_acc=0.8958, time=11.8s
per-rank: rank0[cuda0,share=0.3791,tput=1.89] rank1[cuda1,share=0.3110,tput=4.67] rank2[cuda2,share=0.3099,tput=3.01]
epoch 100: eval=0.8986
epoch 101: loss=0.243020, train_acc=0.9151, time=10.9s
per-rank: rank0[cuda0,share=0.3734,tput=3.10] rank2[cuda2,share=0.3134,tput=3.37] rank1[cuda1,share=0.3132,tput=2.13]
epoch 101: eval=0.9012
epoch 102: loss=0.228978, train_acc=0.9207, time=10.1s
per-rank: rank0[cuda0,share=0.3716,tput=3.54] rank1[cuda1,share=0.3145,tput=3.02] rank2[cuda2,share=0.3138,tput=1.95]
epoch 102: eval=0.8992
epoch 103: loss=0.220668, train_acc=0.9239, time=12.5s
per-rank: rank0[cuda0,share=0.3757,tput=1.84] rank2[cuda2,share=0.3125,tput=4.77] rank1[cuda1,share=0.3118,tput=3.33]
epoch 103: eval=0.9031
epoch 104: loss=0.215225, train_acc=0.9257, time=11.4s
per-rank: rank0[cuda0,share=0.3794,tput=2.28] rank2[cuda2,share=0.3106,tput=3.43] rank1[cuda1,share=0.3100,tput=2.49]
epoch 104: eval=0.9053
epoch 105: loss=0.207171, train_acc=0.9287, time=9.9s
per-rank: rank0[cuda0,share=0.3831,tput=3.08] rank2[cuda2,share=0.3088,tput=1.96] rank1[cuda1,share=0.3081,tput=3.60]
epoch 105: eval=0.9030
epoch 106: loss=0.201354, train_acc=0.9304, time=10.0s
per-rank: rank0[cuda0,share=0.3904,tput=3.21] rank2[cuda2,share=0.3052,tput=2.22] rank1[cuda1,share=0.3045,tput=3.08]
epoch 106: eval=0.9074
epoch 107: loss=0.196540, train_acc=0.9319, time=9.9s
per-rank: rank0[cuda0,share=0.3947,tput=3.02] rank1[cuda1,share=0.3031,tput=2.36] rank2[cuda2,share=0.3022,tput=2.97]
epoch 107: eval=0.9046
epoch 108: loss=0.191091, train_acc=0.9330, time=13.1s
per-rank: rank0[cuda0,share=0.4008,tput=1.87] rank1[cuda1,share=0.3017,tput=3.18] rank2[cuda2,share=0.2975,tput=4.66]
epoch 108: eval=0.9059
epoch 109: loss=0.190023, train_acc=0.9340, time=11.5s
per-rank: rank0[cuda0,share=0.4020,tput=1.97] rank1[cuda1,share=0.3011,tput=2.65] rank2[cuda2,share=0.2969,tput=3.82]
epoch 109: eval=0.9076
epoch 110: loss=0.185387, train_acc=0.9363, time=9.9s
per-rank: rank0[cuda0,share=0.4025,tput=3.26] rank1[cuda1,share=0.3017,tput=2.45] rank2[cuda2,share=0.2958,tput=2.75]
epoch 110: eval=0.9047
epoch 111: loss=0.184428, train_acc=0.9361, time=10.0s
per-rank: rank0[cuda0,share=0.4023,tput=3.19] rank1[cuda1,share=0.3035,tput=3.11] rank2[cuda2,share=0.2943,tput=2.08]
epoch 111: eval=0.9057
epoch 112: loss=0.178049, train_acc=0.9371, time=10.5s
per-rank: rank0[cuda0,share=0.4022,tput=2.12] rank1[cuda1,share=0.3052,tput=2.23] rank2[cuda2,share=0.2926,tput=4.66]
epoch 112: eval=0.9054
epoch 113: loss=0.175793, train_acc=0.9394, time=13.1s
per-rank: rank0[cuda0,share=0.4020,tput=1.82] rank1[cuda1,share=0.3087,tput=4.79] rank2[cuda2,share=0.2893,tput=3.20]
epoch 113: eval=0.9079
epoch 114: loss=0.176312, train_acc=0.9382, time=12.0s
per-rank: rank0[cuda0,share=0.3998,tput=1.78] rank1[cuda1,share=0.3099,tput=2.66] rank2[cuda2,share=0.2903,tput=3.76]
epoch 114: eval=0.9033
epoch 115: loss=0.167182, train_acc=0.9420, time=10.3s
per-rank: rank0[cuda0,share=0.3966,tput=3.35] rank1[cuda1,share=0.3116,tput=2.03] rank2[cuda2,share=0.2917,tput=3.25]
epoch 115: eval=0.9051
epoch 116: loss=0.168289, train_acc=0.9409, time=10.1s
per-rank: rank0[cuda0,share=0.3959,tput=3.41] rank1[cuda1,share=0.3119,tput=3.11] rank2[cuda2,share=0.2922,tput=1.99]
epoch 116: eval=0.9042
epoch 117: loss=0.164124, train_acc=0.9439, time=10.1s
per-rank: rank0[cuda0,share=0.3968,tput=3.30] rank1[cuda1,share=0.3111,tput=2.29] rank2[cuda2,share=0.2921,tput=2.60]
epoch 117: eval=0.9066
epoch 118: loss=0.162931, train_acc=0.9427, time=12.7s
per-rank: rank0[cuda0,share=0.3993,tput=1.92] rank1[cuda1,share=0.3086,tput=4.08] rank2[cuda2,share=0.2921,tput=3.51]
epoch 118: eval=0.9045
epoch 119: loss=0.160794, train_acc=0.9439, time=11.5s
per-rank: rank0[cuda0,share=0.3996,tput=1.96] rank1[cuda1,share=0.3065,tput=2.42] rank2[cuda2,share=0.2939,tput=3.80]
epoch 119: eval=0.9029
epoch 120: loss=0.159716, train_acc=0.9443, time=10.3s
per-rank: rank0[cuda0,share=0.4013,tput=1.83] rank1[cuda1,share=0.3033,tput=5.89] rank2[cuda2,share=0.2955,tput=2.06]
epoch 120: eval=0.9028
epoch 121: loss=0.160940, eval=0.8987, train_acc=0.9428, time=10.8s
per-rank: rank0[cuda0,share=0.4030,tput=2.75] rank1[cuda1,share=0.3000,tput=3.81] rank2[cuda2,share=0.2970,tput=2.01]
epoch 122: loss=0.152070, train_acc=0.9473, time=11.4s
per-rank: rank0[cuda0,share=0.4022,tput=1.95] rank1[cuda1,share=0.3012,tput=4.41] rank2[cuda2,share=0.2966,tput=3.03]
epoch 122: eval=0.9030
epoch 123: loss=0.160246, train_acc=0.9433, time=10.5s
per-rank: rank0[cuda0,share=0.4015,tput=2.58] rank1[cuda1,share=0.3023,tput=2.23] rank2[cuda2,share=0.2962,tput=3.71]
epoch 123: eval=0.9064
epoch 124: loss=0.157779, train_acc=0.9447, time=13.1s
per-rank: rank0[cuda0,share=0.3988,tput=1.78] rank1[cuda1,share=0.3043,tput=3.14] rank2[cuda2,share=0.2970,tput=5.09]
epoch 124: eval=0.8993
epoch 125: loss=0.153085, train_acc=0.9459, time=11.6s
per-rank: rank0[cuda0,share=0.3963,tput=2.03] rank1[cuda1,share=0.3061,tput=3.65] rank2[cuda2,share=0.2976,tput=2.39]
epoch 125: eval=0.9036
epoch 126: loss=0.153578, train_acc=0.9469, time=11.9s
per-rank: rank0[cuda0,share=0.3950,tput=1.97] rank1[cuda1,share=0.3062,tput=3.38] rank2[cuda2,share=0.2988,tput=4.22]
epoch 126: eval=0.9016
epoch 127: loss=0.151863, train_acc=0.9474, time=11.1s
per-rank: rank0[cuda0,share=0.3943,tput=2.67] rank1[cuda1,share=0.3068,tput=2.99] rank2[cuda2,share=0.2989,tput=2.48]
epoch 127: eval=0.8982
epoch 128: loss=0.149630, train_acc=0.9478, time=10.1s
per-rank: rank0[cuda0,share=0.3932,tput=3.36] rank1[cuda1,share=0.3070,tput=1.83] rank2[cuda2,share=0.2998,tput=3.42]
epoch 128: eval=0.9013
epoch 129: loss=0.151611, train_acc=0.9471, time=10.2s
per-rank: rank0[cuda0,share=0.3942,tput=3.30] rank1[cuda1,share=0.3057,tput=2.13] rank2[cuda2,share=0.3001,tput=2.96]
epoch 129: eval=0.8984
epoch 130: loss=0.148776, train_acc=0.9474, time=10.1s
per-rank: rank0[cuda0,share=0.3951,tput=2.89] rank1[cuda1,share=0.3045,tput=3.84] rank2[cuda2,share=0.3004,tput=1.90]
epoch 130: eval=0.8991
epoch 131: loss=0.149547, train_acc=0.9469, time=9.9s
per-rank: rank0[cuda0,share=0.3959,tput=3.36] rank1[cuda1,share=0.3034,tput=3.58] rank2[cuda2,share=0.3006,tput=1.98]
epoch 131: eval=0.9021
epoch 132: loss=0.150724, train_acc=0.9472, time=12.4s
per-rank: rank0[cuda0,share=0.3980,tput=1.93] rank1[cuda1,share=0.3015,tput=3.50] rank2[cuda2,share=0.3005,tput=4.30]
epoch 132: eval=0.9025
epoch 133: loss=0.149527, train_acc=0.9474, time=11.6s
per-rank: rank0[cuda0,share=0.3994,tput=2.48] rank1[cuda1,share=0.3006,tput=3.50] rank2[cuda2,share=0.3000,tput=2.19]
epoch 133: eval=0.8987
epoch 134: loss=0.140901, train_acc=0.9504, time=10.1s
per-rank: rank0[cuda0,share=0.4009,tput=3.89] rank1[cuda1,share=0.2997,tput=2.56] rank2[cuda2,share=0.2994,tput=2.88]
epoch 134: eval=0.8982
epoch 135: loss=0.145805, train_acc=0.9490, time=10.1s
per-rank: rank0[cuda0,share=0.4023,tput=3.19] rank1[cuda1,share=0.2988,tput=2.23] rank2[cuda2,share=0.2988,tput=4.22]
epoch 135: eval=0.9019
epoch 136: loss=0.143926, train_acc=0.9488, time=10.1s
per-rank: rank0[cuda0,share=0.4031,tput=2.52] rank1[cuda1,share=0.2991,tput=2.44] rank2[cuda2,share=0.2978,tput=4.49]
epoch 136: eval=0.9001
epoch 137: loss=0.142901, train_acc=0.9496, time=12.0s
per-rank: rank0[cuda0,share=0.4048,tput=2.02] rank1[cuda1,share=0.2996,tput=3.51] rank2[cuda2,share=0.2956,tput=3.89]
epoch 137: eval=0.9055
epoch 138: loss=0.144379, train_acc=0.9482, time=11.2s
per-rank: rank0[cuda0,share=0.4048,tput=2.12] rank1[cuda1,share=0.2996,tput=2.57] rank2[cuda2,share=0.2956,tput=3.34]
epoch 138: eval=0.8973
epoch 139: loss=0.145894, train_acc=0.9485, time=12.6s
per-rank: rank0[cuda0,share=0.4049,tput=1.93] rank1[cuda1,share=0.3028,tput=5.02] rank2[cuda2,share=0.2923,tput=3.04]
epoch 139: eval=0.9054
epoch 140: loss=0.139691, train_acc=0.9504, time=11.4s
per-rank: rank0[cuda0,share=0.4049,tput=2.04] rank1[cuda1,share=0.3028,tput=3.19] rank2[cuda2,share=0.2923,tput=2.65]
epoch 140: eval=0.9003
epoch 141: loss=0.140783, train_acc=0.9505, time=9.9s
per-rank: rank0[cuda0,share=0.4043,tput=3.03] rank1[cuda1,share=0.3054,tput=2.42] rank2[cuda2,share=0.2903,tput=3.01]
epoch 141: eval=0.8994
epoch 142: loss=0.143117, train_acc=0.9486, time=10.4s
per-rank: rank0[cuda0,share=0.4037,tput=3.03] rank1[cuda1,share=0.3065,tput=1.94] rank2[cuda2,share=0.2899,tput=3.42]
epoch 142: eval=0.9027
epoch 143: loss=0.141447, train_acc=0.9498, time=10.1s
per-rank: rank0[cuda0,share=0.4020,tput=2.92] rank1[cuda1,share=0.3073,tput=2.18] rank2[cuda2,share=0.2907,tput=3.46]
epoch 143: eval=0.8921
epoch 144: loss=0.136378, train_acc=0.9525, time=12.0s
per-rank: rank0[cuda0,share=0.3986,tput=1.97] rank1[cuda1,share=0.3089,tput=5.01] rank2[cuda2,share=0.2924,tput=2.83]
epoch 144: eval=0.9032
epoch 145: loss=0.138958, train_acc=0.9515, time=11.1s
per-rank: rank0[cuda0,share=0.3969,tput=2.82] rank1[cuda1,share=0.3098,tput=2.12] rank2[cuda2,share=0.2933,tput=3.63]
epoch 145: eval=0.8988
epoch 146: loss=0.136684, train_acc=0.9520, time=10.2s
per-rank: rank0[cuda0,share=0.3973,tput=2.45] rank1[cuda1,share=0.3083,tput=4.14] rank2[cuda2,share=0.2944,tput=2.21]
epoch 146: eval=0.8954
epoch 147: loss=0.135951, train_acc=0.9522, time=10.0s
per-rank: rank0[cuda0,share=0.3977,tput=3.06] rank1[cuda1,share=0.3068,tput=2.15] rank2[cuda2,share=0.2954,tput=3.25]
epoch 147: eval=0.8976
epoch 148: loss=0.137986, train_acc=0.9513, time=10.0s
per-rank: rank0[cuda0,share=0.3981,tput=3.34] rank1[cuda1,share=0.3053,tput=2.37] rank2[cuda2,share=0.2965,tput=2.74]
epoch 148: eval=0.9013
epoch 149: loss=0.139084, train_acc=0.9508, time=10.2s
per-rank: rank0[cuda0,share=0.3998,tput=2.77] rank1[cuda1,share=0.3033,tput=3.34] rank2[cuda2,share=0.2969,tput=2.41]
epoch 149: eval=0.8825
epoch 150: loss=0.114901, train_acc=0.9598, time=10.6s
per-rank: rank0[cuda0,share=0.4022,tput=2.18] rank1[cuda1,share=0.3000,tput=3.41] rank2[cuda2,share=0.2978,tput=2.12]
epoch 150: eval=0.9158
epoch 151: loss=0.090603, train_acc=0.9702, time=10.3s
per-rank: rank0[cuda0,share=0.4018,tput=1.78] rank2[cuda2,share=0.2992,tput=2.21] rank1[cuda1,share=0.2990,tput=6.32]
epoch 151: eval=0.9163
epoch 152: loss=0.085720, train_acc=0.9711, time=10.1s
per-rank: rank0[cuda0,share=0.4031,tput=2.64] rank2[cuda2,share=0.2998,tput=3.10] rank1[cuda1,share=0.2971,tput=2.51]
epoch 152: eval=0.9175
epoch 153: loss=0.084101, train_acc=0.9721, time=10.0s
per-rank: rank0[cuda0,share=0.4014,tput=3.01] rank2[cuda2,share=0.3022,tput=3.69] rank1[cuda1,share=0.2964,tput=2.46]
epoch 153: eval=0.9168
epoch 154: loss=0.080646, train_acc=0.9733, time=9.9s
per-rank: rank0[cuda0,share=0.4002,tput=3.70] rank2[cuda2,share=0.3031,tput=2.71] rank1[cuda1,share=0.2968,tput=2.26]
epoch 154: eval=0.9169
epoch 155: loss=0.079930, train_acc=0.9743, time=12.4s
per-rank: rank0[cuda0,share=0.3965,tput=1.82] rank2[cuda2,share=0.3020,tput=4.22] rank1[cuda1,share=0.3015,tput=3.30]
epoch 155: eval=0.9180
epoch 156: loss=0.079350, train_acc=0.9736, time=11.2s
per-rank: rank0[cuda0,share=0.3965,tput=1.95] rank2[cuda2,share=0.3020,tput=3.69] rank1[cuda1,share=0.3015,tput=2.60]
epoch 156: eval=0.9164
epoch 157: loss=0.077662, train_acc=0.9742, time=14.1s
per-rank: rank0[cuda0,share=0.3904,tput=1.70] rank1[cuda1,share=0.3082,tput=3.38] rank2[cuda2,share=0.3015,tput=4.65]
epoch 157: eval=0.9169
epoch 158: loss=0.076533, train_acc=0.9748, time=12.2s
per-rank: rank0[cuda0,share=0.3857,tput=1.89] rank1[cuda1,share=0.3123,tput=3.39] rank2[cuda2,share=0.3020,tput=2.56]
epoch 158: eval=0.9167
epoch 159: loss=0.075453, train_acc=0.9750, time=10.2s
per-rank: rank0[cuda0,share=0.3844,tput=3.57] rank1[cuda1,share=0.3136,tput=1.95] rank2[cuda2,share=0.3020,tput=3.02]
epoch 159: eval=0.9178
epoch 160: loss=0.073492, train_acc=0.9758, time=12.0s
per-rank: rank0[cuda0,share=0.3837,tput=1.92] rank1[cuda1,share=0.3152,tput=3.48] rank2[cuda2,share=0.3011,tput=3.85]
epoch 160: eval=0.9187
epoch 161: loss=0.074932, train_acc=0.9750, time=11.0s
per-rank: rank0[cuda0,share=0.3866,tput=2.72] rank1[cuda1,share=0.3133,tput=3.38] rank2[cuda2,share=0.3000,tput=2.32]
epoch 161: eval=0.9168
epoch 162: loss=0.073756, train_acc=0.9752, time=10.1s
per-rank: rank0[cuda0,share=0.3902,tput=2.27] rank1[cuda1,share=0.3120,tput=1.98] rank2[cuda2,share=0.2978,tput=5.43]
epoch 162: eval=0.9171
epoch 163: loss=0.073828, train_acc=0.9755, time=10.1s
per-rank: rank0[cuda0,share=0.3929,tput=3.38] rank1[cuda1,share=0.3102,tput=1.76] rank2[cuda2,share=0.2969,tput=3.33]
epoch 163: eval=0.9151
epoch 164: loss=0.072723, train_acc=0.9759, time=9.8s
per-rank: rank0[cuda0,share=0.3980,tput=3.33] rank1[cuda1,share=0.3039,tput=2.86] rank2[cuda2,share=0.2981,tput=2.28]
epoch 164: eval=0.9151
epoch 165: loss=0.073186, train_acc=0.9752, time=10.1s
per-rank: rank0[cuda0,share=0.4028,tput=2.17] rank1[cuda1,share=0.2990,tput=5.27] rank2[cuda2,share=0.2982,tput=2.21]
epoch 165: eval=0.9152
epoch 166: loss=0.071128, train_acc=0.9759, time=10.3s
per-rank: rank0[cuda0,share=0.4077,tput=3.52] rank2[cuda2,share=0.2982,tput=2.30] rank1[cuda1,share=0.2940,tput=2.83]
epoch 166: eval=0.9170
epoch 167: loss=0.070611, train_acc=0.9767, time=10.8s
per-rank: rank0[cuda0,share=0.4116,tput=2.58] rank2[cuda2,share=0.2976,tput=2.04] rank1[cuda1,share=0.2908,tput=3.31]
epoch 167: eval=0.9170
epoch 168: loss=0.073218, train_acc=0.9756, time=12.8s
per-rank: rank0[cuda0,share=0.4155,tput=1.63] rank2[cuda2,share=0.2954,tput=1.95] rank1[cuda1,share=0.2891,tput=3.02]
epoch 168: eval=0.9149
epoch 169: loss=0.067905, train_acc=0.9773, time=11.0s
per-rank: rank0[cuda0,share=0.4163,tput=1.73] rank2[cuda2,share=0.2947,tput=5.25] rank1[cuda1,share=0.2891,tput=2.31]
epoch 169: eval=0.9154
epoch 170: loss=0.069316, train_acc=0.9770, time=13.0s
per-rank: rank0[cuda0,share=0.4106,tput=1.83] rank2[cuda2,share=0.2979,tput=2.95] rank1[cuda1,share=0.2915,tput=4.67]
epoch 170: eval=0.9159
epoch 171: loss=0.068130, train_acc=0.9773, time=11.7s
per-rank: rank0[cuda0,share=0.4080,tput=2.38] rank2[cuda2,share=0.2997,tput=3.43] rank1[cuda1,share=0.2924,tput=2.26]
epoch 171: eval=0.9180
epoch 172: loss=0.067541, train_acc=0.9776, time=10.1s
per-rank: rank0[cuda0,share=0.4042,tput=2.50] rank2[cuda2,share=0.3008,tput=1.97] rank1[cuda1,share=0.2950,tput=4.83]
epoch 172: eval=0.9164
epoch 173: loss=0.068123, train_acc=0.9770, time=12.4s
per-rank: rank0[cuda0,share=0.4005,tput=1.90] rank1[cuda1,share=0.3000,tput=4.84] rank2[cuda2,share=0.2995,tput=2.60]
epoch 173: eval=0.9154
epoch 174: loss=0.066909, train_acc=0.9784, time=11.5s
per-rank: rank0[cuda0,share=0.3987,tput=2.36] rank1[cuda1,share=0.3025,tput=3.52] rank2[cuda2,share=0.2988,tput=2.18]
epoch 174: eval=0.9160
epoch 175: loss=0.066728, train_acc=0.9781, time=10.1s
per-rank: rank0[cuda0,share=0.3968,tput=3.08] rank1[cuda1,share=0.3035,tput=2.13] rank2[cuda2,share=0.2998,tput=3.01]
epoch 175: eval=0.9188
epoch 176: loss=0.066595, train_acc=0.9778, time=12.2s
per-rank: rank0[cuda0,share=0.3993,tput=2.02] rank1[cuda1,share=0.3022,tput=4.90] rank2[cuda2,share=0.2985,tput=3.08]
epoch 176: eval=0.9148
epoch 177: loss=0.065437, train_acc=0.9781, time=11.5s
per-rank: rank0[cuda0,share=0.4021,tput=2.14] rank1[cuda1,share=0.3008,tput=2.34] rank2[cuda2,share=0.2971,tput=3.32]
epoch 177: eval=0.9175
epoch 178: loss=0.063374, train_acc=0.9793, time=13.4s
per-rank: rank0[cuda0,share=0.4057,tput=1.82] rank1[cuda1,share=0.2999,tput=3.11] rank2[cuda2,share=0.2944,tput=4.93]
epoch 178: eval=0.9182
epoch 179: loss=0.066394, train_acc=0.9781, time=12.7s
per-rank: rank0[cuda0,share=0.4066,tput=1.68] rank1[cuda1,share=0.3003,tput=2.52] rank2[cuda2,share=0.2931,tput=3.55]
epoch 179: eval=0.9176
epoch 180: loss=0.066122, train_acc=0.9784, time=10.7s
per-rank: rank0[cuda0,share=0.4007,tput=2.61] rank1[cuda1,share=0.3033,tput=3.39] rank2[cuda2,share=0.2960,tput=2.06]
epoch 180: eval=0.9173
epoch 181: loss=0.063193, train_acc=0.9786, time=10.3s
per-rank: rank0[cuda0,share=0.3977,tput=2.30] rank1[cuda1,share=0.3049,tput=4.82] rank2[cuda2,share=0.2975,tput=2.00]
epoch 181: eval=0.9187
epoch 182: loss=0.062641, train_acc=0.9792, time=10.5s
per-rank: rank0[cuda0,share=0.3926,tput=3.16] rank1[cuda1,share=0.3090,tput=2.99] rank2[cuda2,share=0.2984,tput=1.95]
epoch 182: eval=0.9168
epoch 183: loss=0.066519, train_acc=0.9782, time=10.4s
per-rank: rank0[cuda0,share=0.3880,tput=2.18] rank1[cuda1,share=0.3120,tput=2.10] rank2[cuda2,share=0.3000,tput=5.04]
epoch 183: eval=0.9163
epoch 184: loss=0.062604, eval=0.9156, train_acc=0.9788, time=11.2s
per-rank: rank0[cuda0,share=0.3872,tput=3.06] rank1[cuda1,share=0.3119,tput=4.31] rank2[cuda2,share=0.3009,tput=1.89]
epoch 185: loss=0.061029, train_acc=0.9797, time=10.6s
per-rank: rank0[cuda0,share=0.3908,tput=2.31] rank1[cuda1,share=0.3102,tput=4.79] rank2[cuda2,share=0.2991,tput=1.97]
epoch 185: eval=0.9161
epoch 186: loss=0.062359, train_acc=0.9799, time=10.3s
per-rank: rank0[cuda0,share=0.3957,tput=2.09] rank1[cuda1,share=0.3077,tput=5.24] rank2[cuda2,share=0.2966,tput=2.25]
epoch 186: eval=0.9165
epoch 187: loss=0.062468, train_acc=0.9792, time=10.3s
per-rank: rank0[cuda0,share=0.4000,tput=3.23] rank1[cuda1,share=0.3056,tput=2.05] rank2[cuda2,share=0.2945,tput=2.88]
epoch 187: eval=0.9171
epoch 188: loss=0.063279, train_acc=0.9787, time=10.5s
per-rank: rank0[cuda0,share=0.4038,tput=2.85] rank1[cuda1,share=0.3037,tput=3.18] rank2[cuda2,share=0.2925,tput=2.02]
epoch 188: eval=0.9180
epoch 189: loss=0.062667, train_acc=0.9788, time=10.5s
per-rank: rank0[cuda0,share=0.4038,tput=2.01] rank1[cuda1,share=0.3037,tput=3.60] rank2[cuda2,share=0.2925,tput=2.40]
epoch 189: eval=0.9151
epoch 190: loss=0.060978, train_acc=0.9800, time=13.0s
per-rank: rank0[cuda0,share=0.4041,tput=1.95] rank1[cuda1,share=0.3024,tput=3.40] rank2[cuda2,share=0.2935,tput=4.70]
epoch 190: eval=0.9146
epoch 191: loss=0.062379, train_acc=0.9784, time=11.9s
per-rank: rank0[cuda0,share=0.4041,tput=2.19] rank1[cuda1,share=0.3024,tput=2.44] rank2[cuda2,share=0.2935,tput=3.31]
epoch 191: eval=0.9139
epoch 192: loss=0.059368, train_acc=0.9806, time=10.3s
per-rank: rank0[cuda0,share=0.4043,tput=2.10] rank1[cuda1,share=0.3019,tput=2.37] rank2[cuda2,share=0.2939,tput=4.72]
epoch 192: eval=0.9168
epoch 193: loss=0.061336, train_acc=0.9794, time=12.4s
per-rank: rank0[cuda0,share=0.4034,tput=1.89] rank1[cuda1,share=0.3028,tput=3.42] rank2[cuda2,share=0.2938,tput=4.11]
epoch 193: eval=0.9146
epoch 194: loss=0.059481, train_acc=0.9802, time=11.5s
per-rank: rank0[cuda0,share=0.4034,tput=2.16] rank1[cuda1,share=0.3028,tput=3.07] rank2[cuda2,share=0.2938,tput=2.55]
epoch 194: eval=0.9151
epoch 195: loss=0.060419, train_acc=0.9801, time=12.9s
per-rank: rank0[cuda0,share=0.4013,tput=1.83] rank1[cuda1,share=0.3039,tput=4.00] rank2[cuda2,share=0.2948,tput=3.24]
epoch 195: eval=0.9153
epoch 196: loss=0.059011, train_acc=0.9802, time=11.4s
per-rank: rank0[cuda0,share=0.4013,tput=1.82] rank1[cuda1,share=0.3039,tput=3.47] rank2[cuda2,share=0.2948,tput=2.49]
epoch 196: eval=0.9150
epoch 197: loss=0.059486, train_acc=0.9805, time=13.9s
per-rank: rank0[cuda0,share=0.3970,tput=1.74] rank1[cuda1,share=0.3056,tput=4.67] rank2[cuda2,share=0.2974,tput=3.06]
epoch 197: eval=0.9169
epoch 198: loss=0.057576, train_acc=0.9810, time=12.9s
per-rank: rank0[cuda0,share=0.3970,tput=1.71] rank1[cuda1,share=0.3056,tput=2.53] rank2[cuda2,share=0.2974,tput=3.67]
epoch 198: eval=0.9145
epoch 199: loss=0.060114, train_acc=0.9805, time=10.5s
per-rank: rank0[cuda0,share=0.3930,tput=2.73] rank1[cuda1,share=0.3074,tput=3.05] rank2[cuda2,share=0.2996,tput=2.36]
final eval=0.9157
# total: 2010.9s (33m 31s)
