# gpu0: NVIDIA GeForce RTX 5060 Ti (15GB, sm_120)
# gpu1: NVIDIA GeForce GTX 1060 6GB (5GB, sm_61)
# gpu2: NVIDIA GeForce GTX 1060 6GB (5GB, sm_61)
epoch 0: loss=2.426430, train_acc=0.1302, time=25.5s
per-rank: rank0[cuda0,share=0.3501,tput=1.01] rank2[cuda2,share=0.3288,tput=2.02] rank1[cuda1,share=0.3212,tput=1.04]
epoch 0: eval=0.1918
epoch 1: loss=2.029835, train_acc=0.2201, time=25.8s
per-rank: rank0[cuda0,share=0.3418,tput=0.98] rank1[cuda1,share=0.3347,tput=0.81] rank2[cuda2,share=0.3235,tput=1.80]
epoch 1: eval=0.2696
epoch 2: loss=1.898262, train_acc=0.2730, time=26.0s
per-rank: rank0[cuda0,share=0.3495,tput=0.93] rank1[cuda1,share=0.3301,tput=0.80] rank2[cuda2,share=0.3204,tput=1.84]
epoch 2: eval=0.2886
epoch 3: loss=1.814925, train_acc=0.3123, time=25.1s
per-rank: rank0[cuda0,share=0.3497,tput=1.00] rank1[cuda1,share=0.3301,tput=2.00] rank2[cuda2,share=0.3203,tput=0.75]
epoch 3: eval=0.3590
epoch 4: loss=1.746736, train_acc=0.3450, time=25.3s
per-rank: rank0[cuda0,share=0.3456,tput=0.87] rank1[cuda1,share=0.3330,tput=2.06] rank2[cuda2,share=0.3214,tput=0.82]
epoch 4: eval=0.3807
epoch 5: loss=1.667270, train_acc=0.3796, time=23.8s
per-rank: rank0[cuda0,share=0.3471,tput=1.08] rank1[cuda1,share=0.3357,tput=2.02] rank2[cuda2,share=0.3173,tput=0.86]
epoch 5: eval=0.3949
epoch 6: loss=1.579612, train_acc=0.4149, time=27.5s
per-rank: rank0[cuda0,share=0.3547,tput=0.79] rank1[cuda1,share=0.3262,tput=1.26] rank2[cuda2,share=0.3191,tput=1.80]
epoch 6: eval=0.4517
epoch 7: loss=1.492673, train_acc=0.4486, time=26.3s
per-rank: rank0[cuda0,share=0.3630,tput=1.35] rank1[cuda1,share=0.3267,tput=1.35] rank2[cuda2,share=0.3103,tput=0.82]
epoch 7: eval=0.4559
epoch 8: loss=1.427922, train_acc=0.4803, time=27.8s
per-rank: rank0[cuda0,share=0.3629,tput=0.78] rank1[cuda1,share=0.3274,tput=1.70] rank2[cuda2,share=0.3097,tput=1.23]
epoch 8: eval=0.4984
epoch 9: loss=1.357754, train_acc=0.5056, time=26.5s
per-rank: rank0[cuda0,share=0.3613,tput=1.20] rank1[cuda1,share=0.3306,tput=0.97] rank2[cuda2,share=0.3081,tput=1.19]
epoch 9: eval=0.4558
epoch 10: loss=1.290757, train_acc=0.5312, time=24.9s
per-rank: rank0[cuda0,share=0.3663,tput=0.94] rank1[cuda1,share=0.3260,tput=1.94] rank2[cuda2,share=0.3077,tput=0.82]
epoch 10: eval=0.5566
epoch 11: loss=1.226681, train_acc=0.5559, time=28.7s
per-rank: rank0[cuda0,share=0.3581,tput=0.78] rank1[cuda1,share=0.3219,tput=1.18] rank2[cuda2,share=0.3200,tput=1.84]
epoch 11: eval=0.5089
epoch 12: loss=1.168356, train_acc=0.5777, time=27.0s
per-rank: rank0[cuda0,share=0.3534,tput=1.07] rank1[cuda1,share=0.3233,tput=1.38] rank2[cuda2,share=0.3233,tput=0.91]
epoch 12: eval=0.5858
epoch 13: loss=1.123074, train_acc=0.6006, time=24.7s
per-rank: rank0[cuda0,share=0.3483,tput=0.85] rank2[cuda2,share=0.3284,tput=0.88] rank1[cuda1,share=0.3234,tput=1.92]
epoch 13: eval=0.5858
epoch 14: loss=1.062217, train_acc=0.6242, time=26.9s
per-rank: rank0[cuda0,share=0.3362,tput=0.75] rank2[cuda2,share=0.3328,tput=1.09] rank1[cuda1,share=0.3310,tput=1.86]
epoch 14: eval=0.6030
epoch 15: loss=1.015133, train_acc=0.6404, time=26.1s
per-rank: rank0[cuda0,share=0.3456,tput=1.52] rank1[cuda1,share=0.3284,tput=1.19] rank2[cuda2,share=0.3260,tput=0.85]
epoch 15: eval=0.5943
epoch 16: loss=0.959079, train_acc=0.6636, time=24.3s
per-rank: rank0[cuda0,share=0.3622,tput=1.42] rank2[cuda2,share=0.3223,tput=0.86] rank1[cuda1,share=0.3155,tput=1.27]
epoch 16: eval=0.6386
epoch 17: loss=0.898994, train_acc=0.6830, time=24.7s
per-rank: rank0[cuda0,share=0.3683,tput=1.51] rank2[cuda2,share=0.3196,tput=0.76] rank1[cuda1,share=0.3121,tput=1.29]
epoch 17: eval=0.5900
epoch 18: loss=0.897399, train_acc=0.6881, time=28.3s
per-rank: rank0[cuda0,share=0.3719,tput=0.78] rank1[cuda1,share=0.3147,tput=1.78] rank2[cuda2,share=0.3134,tput=1.20]
epoch 18: eval=0.6471
epoch 19: loss=0.877549, train_acc=0.6940, time=25.6s
per-rank: rank0[cuda0,share=0.3726,tput=1.23] rank1[cuda1,share=0.3153,tput=0.85] rank2[cuda2,share=0.3121,tput=1.38]
epoch 19: eval=0.6999
epoch 20: loss=0.838385, train_acc=0.7106, time=24.3s
per-rank: rank0[cuda0,share=0.3732,tput=0.85] rank1[cuda1,share=0.3157,tput=2.27] rank2[cuda2,share=0.3112,tput=0.87]
epoch 20: eval=0.7188
epoch 21: loss=0.806150, train_acc=0.7211, time=24.3s
per-rank: rank0[cuda0,share=0.3732,tput=1.29] rank1[cuda1,share=0.3157,tput=0.92] rank2[cuda2,share=0.3112,tput=1.22]
epoch 21: eval=0.6952
epoch 22: loss=0.778845, train_acc=0.7316, time=30.3s
per-rank: rank0[cuda0,share=0.3694,tput=0.75] rank1[cuda1,share=0.3182,tput=1.31] rank2[cuda2,share=0.3125,tput=1.81]
epoch 22: eval=0.6811
epoch 23: loss=0.767363, train_acc=0.7342, time=26.8s
per-rank: rank0[cuda0,share=0.3694,tput=0.90] rank1[cuda1,share=0.3182,tput=1.49] rank2[cuda2,share=0.3125,tput=1.00]
epoch 23: eval=0.7274
epoch 24: loss=0.731695, train_acc=0.7470, time=27.8s
per-rank: rank0[cuda0,share=0.3641,tput=0.78] rank1[cuda1,share=0.3210,tput=1.18] rank2[cuda2,share=0.3149,tput=1.94]
epoch 24: eval=0.7156
epoch 25: loss=0.718745, train_acc=0.7509, time=26.2s
per-rank: rank0[cuda0,share=0.3621,tput=1.47] rank1[cuda1,share=0.3221,tput=0.88] rank2[cuda2,share=0.3158,tput=1.27]
epoch 25: eval=0.6959
epoch 26: loss=0.707079, train_acc=0.7563, time=24.2s
per-rank: rank0[cuda0,share=0.3602,tput=1.15] rank1[cuda1,share=0.3231,tput=1.84] rank2[cuda2,share=0.3168,tput=0.77]
epoch 26: eval=0.6956
epoch 27: loss=0.692587, train_acc=0.7633, time=24.4s
per-rank: rank0[cuda0,share=0.3571,tput=1.03] rank1[cuda1,share=0.3246,tput=0.89] rank2[cuda2,share=0.3183,tput=1.78]
epoch 27: eval=0.7160
epoch 28: loss=0.681849, train_acc=0.7648, time=24.2s
per-rank: rank0[cuda0,share=0.3546,tput=1.31] rank1[cuda1,share=0.3268,tput=1.37] rank2[cuda2,share=0.3186,tput=0.81]
epoch 28: eval=0.7217
epoch 29: loss=0.673547, train_acc=0.7676, time=24.3s
per-rank: rank0[cuda0,share=0.3521,tput=1.41] rank1[cuda1,share=0.3289,tput=0.83] rank2[cuda2,share=0.3189,tput=1.36]
epoch 29: eval=0.7250
epoch 30: loss=0.653977, train_acc=0.7751, time=27.4s
per-rank: rank0[cuda0,share=0.3496,tput=0.78] rank1[cuda1,share=0.3311,tput=1.20] rank2[cuda2,share=0.3193,tput=1.88]
epoch 30: eval=0.6482
epoch 31: loss=0.642327, train_acc=0.7780, time=25.9s
per-rank: rank0[cuda0,share=0.3496,tput=1.26] rank1[cuda1,share=0.3312,tput=0.83] rank2[cuda2,share=0.3192,tput=1.41]
epoch 31: eval=0.6860
epoch 32: loss=0.632197, train_acc=0.7814, time=24.3s
per-rank: rank0[cuda0,share=0.3508,tput=1.54] rank1[cuda1,share=0.3306,tput=0.84] rank2[cuda2,share=0.3186,tput=1.14]
epoch 32: eval=0.7564
epoch 33: loss=0.630381, train_acc=0.7835, time=24.7s
per-rank: rank0[cuda0,share=0.3521,tput=1.00] rank1[cuda1,share=0.3300,tput=0.79] rank2[cuda2,share=0.3179,tput=2.02]
epoch 33: eval=0.7172
epoch 34: loss=0.619646, train_acc=0.7857, time=24.1s
per-rank: rank0[cuda0,share=0.3534,tput=0.91] rank1[cuda1,share=0.3294,tput=0.92] rank2[cuda2,share=0.3172,tput=1.97]
epoch 34: eval=0.7619
epoch 35: loss=0.614292, train_acc=0.7872, time=28.4s
per-rank: rank0[cuda0,share=0.3540,tput=0.75] rank1[cuda1,share=0.3283,tput=1.81] rank2[cuda2,share=0.3177,tput=1.23]
epoch 35: eval=0.7229
epoch 36: loss=0.602791, train_acc=0.7930, time=26.3s
per-rank: rank0[cuda0,share=0.3546,tput=1.36] rank1[cuda1,share=0.3272,tput=1.30] rank2[cuda2,share=0.3182,tput=0.88]
epoch 36: eval=0.6547
epoch 37: loss=0.599579, train_acc=0.7950, time=26.9s
per-rank: rank0[cuda0,share=0.3557,tput=0.79] rank1[cuda1,share=0.3248,tput=1.28] rank2[cuda2,share=0.3195,tput=1.55]
epoch 37: eval=0.8052
epoch 38: loss=0.584099, train_acc=0.7994, time=25.7s
per-rank: rank0[cuda0,share=0.3563,tput=1.28] rank1[cuda1,share=0.3236,tput=0.96] rank2[cuda2,share=0.3201,tput=1.20]
epoch 38: eval=0.7627
epoch 39: loss=0.585499, train_acc=0.7979, time=24.7s
per-rank: rank0[cuda0,share=0.3562,tput=1.33] rank1[cuda1,share=0.3236,tput=1.31] rank2[cuda2,share=0.3202,tput=0.82]
epoch 39: eval=0.7722
epoch 40: loss=0.586626, train_acc=0.7989, time=24.6s
per-rank: rank0[cuda0,share=0.3561,tput=1.47] rank1[cuda1,share=0.3237,tput=0.86] rank2[cuda2,share=0.3202,tput=1.15]
epoch 40: eval=0.7604
epoch 41: loss=0.570349, train_acc=0.8039, time=28.3s
per-rank: rank0[cuda0,share=0.3560,tput=0.76] rank1[cuda1,share=0.3238,tput=1.80] rank2[cuda2,share=0.3203,tput=1.26]
epoch 41: eval=0.7273
epoch 42: loss=0.572822, train_acc=0.8057, time=26.6s
per-rank: rank0[cuda0,share=0.3559,tput=1.15] rank1[cuda1,share=0.3238,tput=0.86] rank2[cuda2,share=0.3203,tput=1.44]
epoch 42: eval=0.7132
epoch 43: loss=0.556781, train_acc=0.8080, time=29.0s
per-rank: rank0[cuda0,share=0.3545,tput=0.74] rank1[cuda1,share=0.3245,tput=1.28] rank2[cuda2,share=0.3210,tput=1.76]
epoch 43: eval=0.7867
epoch 44: loss=0.552450, train_acc=0.8110, time=26.5s
per-rank: rank0[cuda0,share=0.3551,tput=1.30] rank1[cuda1,share=0.3251,tput=0.94] rank2[cuda2,share=0.3199,tput=1.21]
epoch 44: eval=0.7896
epoch 45: loss=0.561352, train_acc=0.8050, time=27.4s
per-rank: rank0[cuda0,share=0.3550,tput=0.79] rank1[cuda1,share=0.3250,tput=1.29] rank2[cuda2,share=0.3200,tput=1.71]
epoch 45: eval=0.7584
epoch 46: loss=0.553247, train_acc=0.8101, time=25.8s
per-rank: rank0[cuda0,share=0.3549,tput=1.40] rank1[cuda1,share=0.3250,tput=1.24] rank2[cuda2,share=0.3201,tput=0.86]
epoch 46: eval=0.7092
epoch 47: loss=0.538885, train_acc=0.8143, time=24.2s
per-rank: rank0[cuda0,share=0.3548,tput=1.49] rank1[cuda1,share=0.3249,tput=1.38] rank2[cuda2,share=0.3203,tput=0.78]
epoch 47: eval=0.8092
epoch 48: loss=0.543031, train_acc=0.8141, time=26.5s
per-rank: rank0[cuda0,share=0.3547,tput=0.82] rank1[cuda1,share=0.3248,tput=1.75] rank2[cuda2,share=0.3204,tput=1.23]
epoch 48: eval=0.7314
epoch 49: loss=0.540331, train_acc=0.8134, time=25.1s
per-rank: rank0[cuda0,share=0.3547,tput=1.47] rank1[cuda1,share=0.3248,tput=0.84] rank2[cuda2,share=0.3205,tput=1.28]
epoch 49: eval=0.7516
epoch 50: loss=0.528081, train_acc=0.8183, time=24.4s
per-rank: rank0[cuda0,share=0.3565,tput=1.44] rank1[cuda1,share=0.3229,tput=1.23] rank2[cuda2,share=0.3206,tput=0.85]
epoch 50: eval=0.8113
epoch 51: loss=0.536461, train_acc=0.8150, time=24.4s
per-rank: rank0[cuda0,share=0.3583,tput=1.36] rank1[cuda1,share=0.3228,tput=0.85] rank2[cuda2,share=0.3189,tput=1.23]
epoch 51: eval=0.7646
epoch 52: loss=0.538865, train_acc=0.8137, time=29.3s
per-rank: rank0[cuda0,share=0.3595,tput=0.75] rank1[cuda1,share=0.3222,tput=1.27] rank2[cuda2,share=0.3183,tput=1.84]
epoch 52: eval=0.7729
epoch 53: loss=0.531182, train_acc=0.8184, time=27.4s
per-rank: rank0[cuda0,share=0.3590,tput=0.96] rank1[cuda1,share=0.3225,tput=1.49] rank2[cuda2,share=0.3185,tput=0.96]
epoch 53: eval=0.7395
epoch 54: loss=0.518678, train_acc=0.8225, time=24.3s
per-rank: rank0[cuda0,share=0.3581,tput=1.71] rank1[cuda1,share=0.3230,tput=0.86] rank2[cuda2,share=0.3189,tput=1.12]
epoch 54: eval=0.8146
epoch 55: loss=0.516485, train_acc=0.8223, time=24.4s
per-rank: rank0[cuda0,share=0.3576,tput=1.26] rank1[cuda1,share=0.3232,tput=0.90] rank2[cuda2,share=0.3192,tput=1.29]
epoch 55: eval=0.7566
epoch 56: loss=0.516750, train_acc=0.8234, time=27.6s
per-rank: rank0[cuda0,share=0.3571,tput=0.79] rank1[cuda1,share=0.3235,tput=1.25] rank2[cuda2,share=0.3194,tput=1.76]
epoch 56: eval=0.7605
epoch 57: loss=0.511995, train_acc=0.8239, time=26.3s
per-rank: rank0[cuda0,share=0.3561,tput=1.28] rank1[cuda1,share=0.3240,tput=1.32] rank2[cuda2,share=0.3199,tput=0.87]
epoch 57: eval=0.8063
epoch 58: loss=0.503114, train_acc=0.8289, time=24.2s
per-rank: rank0[cuda0,share=0.3555,tput=1.03] rank1[cuda1,share=0.3261,tput=0.89] rank2[cuda2,share=0.3184,tput=1.81]
epoch 58: eval=0.7189
epoch 59: loss=0.508741, train_acc=0.8270, time=24.5s
per-rank: rank0[cuda0,share=0.3544,tput=1.11] rank1[cuda1,share=0.3276,tput=1.69] rank2[cuda2,share=0.3180,tput=0.82]
epoch 59: eval=0.7211
epoch 60: loss=0.495411, train_acc=0.8298, time=24.4s
per-rank: rank0[cuda0,share=0.3545,tput=0.94] rank1[cuda1,share=0.3285,tput=0.91] rank2[cuda2,share=0.3170,tput=1.96]
epoch 60: eval=0.7598
epoch 61: loss=0.498852, train_acc=0.8289, time=28.6s
per-rank: rank0[cuda0,share=0.3558,tput=0.76] rank1[cuda1,share=0.3279,tput=1.29] rank2[cuda2,share=0.3164,tput=1.67]
epoch 61: eval=0.7903
epoch 62: loss=0.503009, train_acc=0.8265, time=26.1s
per-rank: rank0[cuda0,share=0.3571,tput=1.20] rank1[cuda1,share=0.3272,tput=0.96] rank2[cuda2,share=0.3157,tput=1.32]
epoch 62: eval=0.7938
epoch 63: loss=0.488737, train_acc=0.8326, time=24.4s
per-rank: rank0[cuda0,share=0.3585,tput=1.23] rank1[cuda1,share=0.3266,tput=0.81] rank2[cuda2,share=0.3149,tput=1.78]
epoch 63: eval=0.7914
epoch 64: loss=0.495672, train_acc=0.8297, time=24.5s
per-rank: rank0[cuda0,share=0.3592,tput=1.49] rank1[cuda1,share=0.3271,tput=1.19] rank2[cuda2,share=0.3137,tput=0.83]
epoch 64: eval=0.7927
epoch 65: loss=0.485102, train_acc=0.8338, time=28.4s
per-rank: rank0[cuda0,share=0.3619,tput=0.76] rank1[cuda1,share=0.3241,tput=1.58] rank2[cuda2,share=0.3140,tput=1.31]
epoch 65: eval=0.7640
epoch 66: loss=0.492573, train_acc=0.8321, time=26.5s
per-rank: rank0[cuda0,share=0.3629,tput=1.10] rank1[cuda1,share=0.3223,tput=1.38] rank2[cuda2,share=0.3149,tput=0.88]
epoch 66: eval=0.8213
epoch 67: loss=0.492593, train_acc=0.8321, time=24.4s
per-rank: rank0[cuda0,share=0.3618,tput=0.82] rank1[cuda1,share=0.3211,tput=0.97] rank2[cuda2,share=0.3172,tput=2.01]
epoch 67: eval=0.8055
epoch 68: loss=0.483845, train_acc=0.8346, time=28.0s
per-rank: rank0[cuda0,share=0.3609,tput=0.76] rank1[cuda1,share=0.3211,tput=1.22] rank2[cuda2,share=0.3181,tput=1.79]
epoch 68: eval=0.7868
epoch 69: loss=0.485180, train_acc=0.8344, time=26.4s
per-rank: rank0[cuda0,share=0.3567,tput=1.12] rank1[cuda1,share=0.3232,tput=1.41] rank2[cuda2,share=0.3201,tput=0.90]
epoch 69: eval=0.8345
epoch 70: loss=0.477277, train_acc=0.8366, time=24.6s
per-rank: rank0[cuda0,share=0.3562,tput=1.05] rank1[cuda1,share=0.3239,tput=0.80] rank2[cuda2,share=0.3199,tput=1.88]
epoch 70: eval=0.8150
epoch 71: loss=0.472809, train_acc=0.8391, time=27.5s
per-rank: rank0[cuda0,share=0.3542,tput=0.77] rank1[cuda1,share=0.3236,tput=1.15] rank2[cuda2,share=0.3222,tput=1.88]
epoch 71: eval=0.7938
epoch 72: loss=0.478673, train_acc=0.8363, time=25.8s
per-rank: rank0[cuda0,share=0.3527,tput=1.14] rank1[cuda1,share=0.3243,tput=0.89] rank2[cuda2,share=0.3230,tput=1.40]
epoch 72: eval=0.7717
epoch 73: loss=0.469825, train_acc=0.8381, time=24.3s
per-rank: rank0[cuda0,share=0.3516,tput=1.38] rank2[cuda2,share=0.3244,tput=1.30] rank1[cuda1,share=0.3240,tput=0.81]
epoch 73: eval=0.7328
epoch 74: loss=0.478103, train_acc=0.8364, time=28.2s
per-rank: rank0[cuda0,share=0.3522,tput=0.76] rank2[cuda2,share=0.3244,tput=1.18] rank1[cuda1,share=0.3234,tput=1.80]
epoch 74: eval=0.7999
epoch 75: loss=0.464930, train_acc=0.8402, time=25.5s
per-rank: rank0[cuda0,share=0.3533,tput=1.21] rank2[cuda2,share=0.3240,tput=1.29] rank1[cuda1,share=0.3228,tput=0.96]
epoch 75: eval=0.8007
epoch 76: loss=0.463569, train_acc=0.8414, time=24.6s
per-rank: rank0[cuda0,share=0.3541,tput=1.46] rank2[cuda2,share=0.3258,tput=1.15] rank1[cuda1,share=0.3201,tput=0.83]
epoch 76: eval=0.7981
epoch 77: loss=0.463082, train_acc=0.8405, time=26.9s
per-rank: rank0[cuda0,share=0.3535,tput=0.78] rank2[cuda2,share=0.3264,tput=1.07] rank1[cuda1,share=0.3201,tput=1.93]
epoch 77: eval=0.7810
epoch 78: loss=0.459043, train_acc=0.8425, time=25.5s
per-rank: rank0[cuda0,share=0.3555,tput=1.58] rank2[cuda2,share=0.3239,tput=0.81] rank1[cuda1,share=0.3206,tput=1.25]
epoch 78: eval=0.8514
epoch 79: loss=0.468862, train_acc=0.8397, time=24.6s
per-rank: rank0[cuda0,share=0.3564,tput=0.95] rank1[cuda1,share=0.3219,tput=1.99] rank2[cuda2,share=0.3217,tput=0.83]
epoch 79: eval=0.8217
epoch 80: loss=0.461202, train_acc=0.8424, time=24.4s
per-rank: rank0[cuda0,share=0.3586,tput=0.91] rank1[cuda1,share=0.3226,tput=2.21] rank2[cuda2,share=0.3188,tput=0.82]
epoch 80: eval=0.8173
epoch 81: loss=0.459816, train_acc=0.8431, time=24.5s
per-rank: rank0[cuda0,share=0.3609,tput=0.95] rank1[cuda1,share=0.3215,tput=1.82] rank2[cuda2,share=0.3176,tput=0.90]
epoch 81: eval=0.7761
epoch 82: loss=0.462259, train_acc=0.8408, time=23.9s
per-rank: rank0[cuda0,share=0.3615,tput=1.45] rank1[cuda1,share=0.3221,tput=0.95] rank2[cuda2,share=0.3164,tput=1.20]
epoch 82: eval=0.7880
epoch 83: loss=0.456825, train_acc=0.8414, time=24.2s
per-rank: rank0[cuda0,share=0.3636,tput=1.07] rank1[cuda1,share=0.3219,tput=0.80] rank2[cuda2,share=0.3145,tput=2.09]
epoch 83: eval=0.7877
epoch 84: loss=0.446249, train_acc=0.8469, time=24.6s
per-rank: rank0[cuda0,share=0.3638,tput=1.49] rank1[cuda1,share=0.3197,tput=1.25] rank2[cuda2,share=0.3165,tput=0.80]
epoch 84: eval=0.7785
epoch 85: loss=0.451625, train_acc=0.8448, time=24.5s
per-rank: rank0[cuda0,share=0.3632,tput=1.39] rank1[cuda1,share=0.3187,tput=0.95] rank2[cuda2,share=0.3181,tput=1.10]
epoch 85: eval=0.8308
epoch 86: loss=0.459585, train_acc=0.8425, time=28.6s
per-rank: rank0[cuda0,share=0.3641,tput=0.77] rank1[cuda1,share=0.3187,tput=1.83] rank2[cuda2,share=0.3173,tput=1.20]
epoch 86: eval=0.8096
epoch 87: loss=0.450530, train_acc=0.8455, time=26.5s
per-rank: rank0[cuda0,share=0.3635,tput=1.15] rank1[cuda1,share=0.3194,tput=1.01] rank2[cuda2,share=0.3171,tput=1.28]
epoch 87: eval=0.8248
epoch 88: loss=0.447634, train_acc=0.8456, time=24.6s
per-rank: rank0[cuda0,share=0.3633,tput=0.87] rank1[cuda1,share=0.3209,tput=2.05] rank2[cuda2,share=0.3158,tput=0.86]
epoch 88: eval=0.8419
epoch 89: loss=0.449616, train_acc=0.8440, time=24.6s
per-rank: rank0[cuda0,share=0.3610,tput=1.40] rank1[cuda1,share=0.3246,tput=0.84] rank2[cuda2,share=0.3144,tput=1.26]
epoch 89: eval=0.8568
epoch 90: loss=0.448321, train_acc=0.8456, time=28.0s
per-rank: rank0[cuda0,share=0.3588,tput=0.77] rank1[cuda1,share=0.3264,tput=1.94] rank2[cuda2,share=0.3148,tput=1.14]
epoch 90: eval=0.8278
epoch 91: loss=0.438250, train_acc=0.8490, time=26.3s
per-rank: rank0[cuda0,share=0.3564,tput=1.41] rank1[cuda1,share=0.3283,tput=1.39] rank2[cuda2,share=0.3153,tput=0.82]
epoch 91: eval=0.8292
epoch 92: loss=0.438567, train_acc=0.8484, time=24.5s
per-rank: rank0[cuda0,share=0.3578,tput=1.43] rank1[cuda1,share=0.3292,tput=0.84] rank2[cuda2,share=0.3129,tput=1.31]
epoch 92: eval=0.8356
epoch 93: loss=0.449723, train_acc=0.8465, time=28.5s
per-rank: rank0[cuda0,share=0.3583,tput=0.78] rank1[cuda1,share=0.3279,tput=1.26] rank2[cuda2,share=0.3138,tput=1.82]
epoch 93: eval=0.7983
epoch 94: loss=0.435326, train_acc=0.8522, time=26.7s
per-rank: rank0[cuda0,share=0.3609,tput=1.24] rank1[cuda1,share=0.3256,tput=0.89] rank2[cuda2,share=0.3135,tput=1.26]
epoch 94: eval=0.8042
epoch 95: loss=0.440523, train_acc=0.8488, time=24.5s
per-rank: rank0[cuda0,share=0.3627,tput=1.57] rank1[cuda1,share=0.3248,tput=1.19] rank2[cuda2,share=0.3124,tput=0.82]
epoch 95: eval=0.7691
epoch 96: loss=0.435766, train_acc=0.8499, time=24.5s
per-rank: rank0[cuda0,share=0.3673,tput=1.57] rank1[cuda1,share=0.3199,tput=1.22] rank2[cuda2,share=0.3128,tput=0.79]
epoch 96: eval=0.8231
epoch 97: loss=0.438798, train_acc=0.8498, time=28.6s
per-rank: rank0[cuda0,share=0.3709,tput=0.78] rank1[cuda1,share=0.3172,tput=1.33] rank2[cuda2,share=0.3120,tput=1.75]
epoch 97: eval=0.8439
epoch 98: loss=0.433209, train_acc=0.8513, time=26.7s
per-rank: rank0[cuda0,share=0.3715,tput=1.11] rank1[cuda1,share=0.3178,tput=1.39] rank2[cuda2,share=0.3107,tput=0.89]
epoch 98: eval=0.7890
epoch 99: loss=0.426185, train_acc=0.8563, time=24.6s
per-rank: rank0[cuda0,share=0.3687,tput=1.14] rank1[cuda1,share=0.3207,tput=1.29] rank2[cuda2,share=0.3106,tput=0.93]
epoch 99: eval=0.8341
epoch 100: loss=0.305721, train_acc=0.8961, time=24.6s
per-rank: rank0[cuda0,share=0.3637,tput=1.18] rank1[cuda1,share=0.3235,tput=0.91] rank2[cuda2,share=0.3127,tput=1.63]
epoch 100: eval=0.9039
epoch 101: loss=0.210833, train_acc=0.9277, time=28.0s
per-rank: rank0[cuda0,share=0.3560,tput=0.76] rank1[cuda1,share=0.3301,tput=1.26] rank2[cuda2,share=0.3140,tput=1.67]
epoch 101: eval=0.9076
epoch 102: loss=0.196352, train_acc=0.9325, time=25.9s
per-rank: rank0[cuda0,share=0.3532,tput=1.14] rank1[cuda1,share=0.3305,tput=0.98] rank2[cuda2,share=0.3163,tput=1.34]
epoch 102: eval=0.9117
epoch 103: loss=0.188451, train_acc=0.9342, time=24.3s
per-rank: rank0[cuda0,share=0.3534,tput=1.55] rank1[cuda1,share=0.3325,tput=1.29] rank2[cuda2,share=0.3141,tput=0.79]
epoch 103: eval=0.9122
epoch 104: loss=0.180058, train_acc=0.9385, time=24.8s
per-rank: rank0[cuda0,share=0.3561,tput=0.90] rank1[cuda1,share=0.3319,tput=1.86] rank2[cuda2,share=0.3120,tput=0.86]
epoch 104: eval=0.9122
epoch 105: loss=0.172072, train_acc=0.9405, time=24.2s
per-rank: rank0[cuda0,share=0.3540,tput=0.84] rank1[cuda1,share=0.3324,tput=0.90] rank2[cuda2,share=0.3136,tput=2.14]
epoch 105: eval=0.9146
epoch 106: loss=0.165876, train_acc=0.9416, time=27.2s
per-rank: rank0[cuda0,share=0.3475,tput=0.77] rank1[cuda1,share=0.3335,tput=1.27] rank2[cuda2,share=0.3190,tput=1.83]
epoch 106: eval=0.9155
epoch 107: loss=0.160230, train_acc=0.9442, time=26.0s
per-rank: rank0[cuda0,share=0.3475,tput=1.43] rank1[cuda1,share=0.3321,tput=0.88] rank2[cuda2,share=0.3204,tput=1.23]
epoch 107: eval=0.9116
epoch 108: loss=0.156840, train_acc=0.9448, time=26.2s
per-rank: rank0[cuda0,share=0.3466,tput=0.81] rank1[cuda1,share=0.3320,tput=1.21] rank2[cuda2,share=0.3214,tput=1.76]
epoch 108: eval=0.9160
epoch 109: loss=0.150697, train_acc=0.9487, time=25.2s
per-rank: rank0[cuda0,share=0.3492,tput=1.46] rank1[cuda1,share=0.3305,tput=1.37] rank2[cuda2,share=0.3203,tput=0.76]
epoch 109: eval=0.9168
epoch 110: loss=0.147789, train_acc=0.9487, time=24.1s
per-rank: rank0[cuda0,share=0.3518,tput=1.54] rank1[cuda1,share=0.3291,tput=1.18] rank2[cuda2,share=0.3190,tput=0.84]
epoch 110: eval=0.9149
epoch 111: loss=0.146722, train_acc=0.9496, time=24.2s
per-rank: rank0[cuda0,share=0.3546,tput=0.86] rank1[cuda1,share=0.3277,tput=1.94] rank2[cuda2,share=0.3177,tput=0.89]
epoch 111: eval=0.9161
epoch 112: loss=0.142422, train_acc=0.9511, time=28.4s
per-rank: rank0[cuda0,share=0.3568,tput=0.77] rank1[cuda1,share=0.3266,tput=1.23] rank2[cuda2,share=0.3166,tput=1.87]
epoch 112: eval=0.9143
epoch 113: loss=0.138574, train_acc=0.9512, time=26.7s
per-rank: rank0[cuda0,share=0.3590,tput=1.20] rank1[cuda1,share=0.3258,tput=0.93] rank2[cuda2,share=0.3152,tput=1.29]
epoch 113: eval=0.9137
epoch 114: loss=0.139217, train_acc=0.9512, time=27.4s
per-rank: rank0[cuda0,share=0.3596,tput=0.81] rank1[cuda1,share=0.3258,tput=1.30] rank2[cuda2,share=0.3146,tput=1.70]
epoch 114: eval=0.9151
epoch 115: loss=0.129085, train_acc=0.9562, time=26.3s
per-rank: rank0[cuda0,share=0.3605,tput=1.16] rank1[cuda1,share=0.3244,tput=0.87] rank2[cuda2,share=0.3151,tput=1.42]
epoch 115: eval=0.9121
epoch 116: loss=0.132921, train_acc=0.9532, time=24.3s
per-rank: rank0[cuda0,share=0.3615,tput=0.99] rank1[cuda1,share=0.3230,tput=0.85] rank2[cuda2,share=0.3155,tput=1.88]
epoch 116: eval=0.9157
epoch 117: loss=0.131353, train_acc=0.9540, time=24.5s
per-rank: rank0[cuda0,share=0.3632,tput=1.42] rank1[cuda1,share=0.3222,tput=0.90] rank2[cuda2,share=0.3146,tput=1.16]
epoch 117: eval=0.9053
epoch 118: loss=0.124531, train_acc=0.9558, time=30.2s
per-rank: rank0[cuda0,share=0.3648,tput=0.72] rank1[cuda1,share=0.3214,tput=1.97] rank2[cuda2,share=0.3138,tput=1.15]
epoch 118: eval=0.9132
epoch 119: loss=0.124225, train_acc=0.9569, time=27.2s
per-rank: rank0[cuda0,share=0.3630,tput=0.88] rank1[cuda1,share=0.3223,tput=1.02] rank2[cuda2,share=0.3147,tput=1.47]
epoch 119: eval=0.9131
epoch 120: loss=0.118630, train_acc=0.9596, time=26.7s
per-rank: rank0[cuda0,share=0.3611,tput=0.78] rank1[cuda1,share=0.3233,tput=1.13] rank2[cuda2,share=0.3156,tput=1.97]
epoch 120: eval=0.9109
epoch 121: loss=0.116600, train_acc=0.9594, time=25.8s
per-rank: rank0[cuda0,share=0.3592,tput=1.42] rank1[cuda1,share=0.3243,tput=0.82] rank2[cuda2,share=0.3165,tput=1.27]
epoch 121: eval=0.9156
epoch 122: loss=0.113249, train_acc=0.9603, time=26.9s
per-rank: rank0[cuda0,share=0.3560,tput=0.79] rank1[cuda1,share=0.3249,tput=1.12] rank2[cuda2,share=0.3191,tput=1.78]
epoch 122: eval=0.9122
epoch 123: loss=0.113293, train_acc=0.9603, time=25.9s
per-rank: rank0[cuda0,share=0.3560,tput=1.26] rank1[cuda1,share=0.3238,tput=0.92] rank2[cuda2,share=0.3202,tput=1.25]
epoch 123: eval=0.9163
epoch 124: loss=0.108714, train_acc=0.9621, time=24.7s
per-rank: rank0[cuda0,share=0.3554,tput=1.23] rank1[cuda1,share=0.3240,tput=1.35] rank2[cuda2,share=0.3206,tput=0.84]
epoch 124: eval=0.9144
epoch 125: loss=0.111505, train_acc=0.9608, time=25.0s
per-rank: rank0[cuda0,share=0.3547,tput=1.00] rank1[cuda1,share=0.3242,tput=2.09] rank2[cuda2,share=0.3211,tput=0.71]
epoch 125: eval=0.9187
epoch 126: loss=0.112256, train_acc=0.9606, time=28.0s
per-rank: rank0[cuda0,share=0.3540,tput=0.77] rank1[cuda1,share=0.3243,tput=1.90] rank2[cuda2,share=0.3217,tput=1.12]
epoch 126: eval=0.9094
epoch 127: loss=0.108718, train_acc=0.9613, time=26.1s
per-rank: rank0[cuda0,share=0.3533,tput=1.49] rank1[cuda1,share=0.3244,tput=0.89] rank2[cuda2,share=0.3223,tput=1.16]
epoch 127: eval=0.9119
epoch 128: loss=0.110399, train_acc=0.9601, time=24.2s
per-rank: rank0[cuda0,share=0.3567,tput=1.47] rank1[cuda1,share=0.3235,tput=0.92] rank2[cuda2,share=0.3198,tput=1.11]
epoch 128: eval=0.9179
epoch 129: loss=0.107849, train_acc=0.9621, time=24.2s
per-rank: rank0[cuda0,share=0.3583,tput=1.33] rank1[cuda1,share=0.3231,tput=0.90] rank2[cuda2,share=0.3186,tput=1.30]
epoch 129: eval=0.9228
epoch 130: loss=0.103487, train_acc=0.9636, time=24.1s
per-rank: rank0[cuda0,share=0.3599,tput=1.01] rank1[cuda1,share=0.3227,tput=1.91] rank2[cuda2,share=0.3174,tput=0.81]
epoch 130: eval=0.9181
epoch 131: loss=0.103287, train_acc=0.9643, time=28.6s
per-rank: rank0[cuda0,share=0.3607,tput=0.77] rank1[cuda1,share=0.3238,tput=1.15] rank2[cuda2,share=0.3156,tput=2.02]
epoch 131: eval=0.9140
epoch 132: loss=0.103680, train_acc=0.9633, time=26.2s
per-rank: rank0[cuda0,share=0.3599,tput=1.01] rank1[cuda1,share=0.3256,tput=0.97] rank2[cuda2,share=0.3145,tput=1.45]
epoch 132: eval=0.9157
epoch 133: loss=0.103313, train_acc=0.9635, time=24.5s
per-rank: rank0[cuda0,share=0.3599,tput=1.00] rank1[cuda1,share=0.3259,tput=1.85] rank2[cuda2,share=0.3142,tput=0.86]
epoch 133: eval=0.9107
epoch 134: loss=0.097773, train_acc=0.9662, time=27.4s
per-rank: rank0[cuda0,share=0.3599,tput=0.79] rank1[cuda1,share=0.3261,tput=1.25] rank2[cuda2,share=0.3139,tput=1.63]
epoch 134: eval=0.9102
epoch 135: loss=0.102146, train_acc=0.9635, time=25.7s
per-rank: rank0[cuda0,share=0.3594,tput=1.34] rank1[cuda1,share=0.3259,tput=1.42] rank2[cuda2,share=0.3147,tput=0.82]
epoch 135: eval=0.9147
epoch 136: loss=0.101188, train_acc=0.9646, time=24.7s
per-rank: rank0[cuda0,share=0.3589,tput=1.59] rank1[cuda1,share=0.3256,tput=1.19] rank2[cuda2,share=0.3155,tput=0.78]
epoch 136: eval=0.9125
epoch 137: loss=0.099587, train_acc=0.9652, time=24.6s
per-rank: rank0[cuda0,share=0.3582,tput=0.98] rank1[cuda1,share=0.3249,tput=0.88] rank2[cuda2,share=0.3170,tput=1.66]
epoch 137: eval=0.9113
epoch 138: loss=0.098476, train_acc=0.9654, time=24.2s
per-rank: rank0[cuda0,share=0.3581,tput=1.32] rank1[cuda1,share=0.3247,tput=1.33] rank2[cuda2,share=0.3172,tput=0.91]
epoch 138: eval=0.9123
epoch 139: loss=0.100694, train_acc=0.9645, time=24.7s
per-rank: rank0[cuda0,share=0.3579,tput=0.95] rank1[cuda1,share=0.3246,tput=0.84] rank2[cuda2,share=0.3175,tput=2.09]
epoch 139: eval=0.9125
epoch 140: loss=0.095863, train_acc=0.9665, time=30.6s
per-rank: rank0[cuda0,share=0.3578,tput=0.71] rank1[cuda1,share=0.3244,tput=1.22] rank2[cuda2,share=0.3178,tput=1.90]
epoch 140: eval=0.9068
epoch 141: loss=0.097090, train_acc=0.9652, time=26.8s
per-rank: rank0[cuda0,share=0.3559,tput=0.98] rank1[cuda1,share=0.3251,tput=1.48] rank2[cuda2,share=0.3189,tput=0.98]
epoch 141: eval=0.9081
epoch 142: loss=0.101033, train_acc=0.9647, time=24.5s
per-rank: rank0[cuda0,share=0.3563,tput=1.11] rank1[cuda1,share=0.3237,tput=1.66] rank2[cuda2,share=0.3200,tput=0.86]
epoch 142: eval=0.9096
epoch 143: loss=0.094181, train_acc=0.9673, time=28.1s
per-rank: rank0[cuda0,share=0.3554,tput=0.75] rank1[cuda1,share=0.3241,tput=1.84] rank2[cuda2,share=0.3206,tput=1.16]
epoch 143: eval=0.9137
epoch 144: loss=0.090918, train_acc=0.9680, time=26.5s
per-rank: rank0[cuda0,share=0.3549,tput=1.40] rank1[cuda1,share=0.3242,tput=0.91] rank2[cuda2,share=0.3209,tput=1.16]
epoch 144: eval=0.9097
epoch 145: loss=0.100203, train_acc=0.9654, time=24.6s
per-rank: rank0[cuda0,share=0.3545,tput=1.26] rank1[cuda1,share=0.3244,tput=1.34] rank2[cuda2,share=0.3212,tput=0.82]
epoch 145: eval=0.9065
epoch 146: loss=0.098374, train_acc=0.9656, time=27.1s
per-rank: rank0[cuda0,share=0.3540,tput=0.77] rank1[cuda1,share=0.3245,tput=1.74] rank2[cuda2,share=0.3215,tput=1.20]
epoch 146: eval=0.9077
epoch 147: loss=0.096852, train_acc=0.9648, time=25.8s
per-rank: rank0[cuda0,share=0.3534,tput=1.40] rank1[cuda1,share=0.3247,tput=1.32] rank2[cuda2,share=0.3219,tput=0.85]
epoch 147: eval=0.9056
epoch 148: loss=0.092500, train_acc=0.9679, time=24.5s
per-rank: rank0[cuda0,share=0.3523,tput=1.30] rank1[cuda1,share=0.3249,tput=1.35] rank2[cuda2,share=0.3228,tput=0.85]
epoch 148: eval=0.9236
epoch 149: loss=0.088309, train_acc=0.9694, time=24.6s
per-rank: rank0[cuda0,share=0.3537,tput=1.03] rank1[cuda1,share=0.3240,tput=1.77] rank2[cuda2,share=0.3223,tput=0.81]
epoch 149: eval=0.9149
epoch 150: loss=0.077876, train_acc=0.9730, time=24.8s
per-rank: rank0[cuda0,share=0.3543,tput=1.32] rank1[cuda1,share=0.3246,tput=1.27] rank2[cuda2,share=0.3211,tput=0.84]
epoch 150: eval=0.9263
epoch 151: loss=0.045226, train_acc=0.9860, time=27.4s
per-rank: rank0[cuda0,share=0.3549,tput=0.78] rank1[cuda1,share=0.3252,tput=1.26] rank2[cuda2,share=0.3199,tput=1.81]
epoch 151: eval=0.9288
epoch 152: loss=0.038965, train_acc=0.9886, time=25.7s
per-rank: rank0[cuda0,share=0.3555,tput=1.19] rank1[cuda1,share=0.3257,tput=0.99] rank2[cuda2,share=0.3187,tput=1.27]
epoch 152: eval=0.9287
epoch 153: loss=0.037017, train_acc=0.9888, time=27.4s
per-rank: rank0[cuda0,share=0.3568,tput=0.79] rank1[cuda1,share=0.3269,tput=1.22] rank2[cuda2,share=0.3163,tput=1.77]
epoch 153: eval=0.9303
epoch 154: loss=0.035611, train_acc=0.9892, time=25.8s
per-rank: rank0[cuda0,share=0.3580,tput=1.20] rank1[cuda1,share=0.3280,tput=1.36] rank2[cuda2,share=0.3141,tput=0.90]
epoch 154: eval=0.9302
epoch 155: loss=0.033577, train_acc=0.9897, time=29.3s
per-rank: rank0[cuda0,share=0.3572,tput=0.76] rank1[cuda1,share=0.3292,tput=1.24] rank2[cuda2,share=0.3136,tput=1.94]
epoch 155: eval=0.9287
epoch 156: loss=0.031505, train_acc=0.9907, time=26.5s
per-rank: rank0[cuda0,share=0.3572,tput=1.27] rank1[cuda1,share=0.3289,tput=0.88] rank2[cuda2,share=0.3139,tput=1.41]
epoch 156: eval=0.9280
epoch 157: loss=0.030622, train_acc=0.9913, time=24.7s
per-rank: rank0[cuda0,share=0.3572,tput=0.81] rank1[cuda1,share=0.3286,tput=0.90] rank2[cuda2,share=0.3142,tput=2.08]
epoch 157: eval=0.9283
epoch 158: loss=0.031456, train_acc=0.9906, time=27.0s
per-rank: rank0[cuda0,share=0.3561,tput=0.80] rank1[cuda1,share=0.3288,tput=1.22] rank2[cuda2,share=0.3151,tput=1.75]
epoch 158: eval=0.9298
epoch 159: loss=0.029003, train_acc=0.9915, time=26.0s
per-rank: rank0[cuda0,share=0.3560,tput=1.48] rank1[cuda1,share=0.3287,tput=1.22] rank2[cuda2,share=0.3153,tput=0.85]
epoch 159: eval=0.9300
epoch 160: loss=0.029485, train_acc=0.9913, time=28.0s
per-rank: rank0[cuda0,share=0.3559,tput=0.77] rank1[cuda1,share=0.3284,tput=1.21] rank2[cuda2,share=0.3157,tput=1.83]
epoch 160: eval=0.9285
epoch 161: loss=0.029413, train_acc=0.9915, time=26.6s
per-rank: rank0[cuda0,share=0.3558,tput=1.13] rank1[cuda1,share=0.3283,tput=1.36] rank2[cuda2,share=0.3159,tput=0.89]
epoch 161: eval=0.9300
epoch 162: loss=0.027860, train_acc=0.9919, time=24.7s
per-rank: rank0[cuda0,share=0.3557,tput=1.34] rank1[cuda1,share=0.3282,tput=1.21] rank2[cuda2,share=0.3161,tput=0.88]
epoch 162: eval=0.9286
epoch 163: loss=0.029015, train_acc=0.9913, time=24.1s
per-rank: rank0[cuda0,share=0.3558,tput=1.30] rank1[cuda1,share=0.3263,tput=0.89] rank2[cuda2,share=0.3179,tput=1.32]
epoch 163: eval=0.9284
epoch 164: loss=0.027818, train_acc=0.9917, time=29.8s
per-rank: rank0[cuda0,share=0.3557,tput=0.73] rank1[cuda1,share=0.3246,tput=1.30] rank2[cuda2,share=0.3197,tput=1.65]
epoch 164: eval=0.9294
epoch 165: loss=0.025085, train_acc=0.9931, time=27.0s
per-rank: rank0[cuda0,share=0.3549,tput=1.12] rank1[cuda1,share=0.3243,tput=0.98] rank2[cuda2,share=0.3208,tput=1.30]
epoch 165: eval=0.9296
epoch 166: loss=0.025829, train_acc=0.9923, time=24.7s
per-rank: rank0[cuda0,share=0.3541,tput=0.88] rank1[cuda1,share=0.3240,tput=2.08] rank2[cuda2,share=0.3219,tput=0.87]
epoch 166: eval=0.9280
epoch 167: loss=0.026047, train_acc=0.9925, time=24.3s
per-rank: rank0[cuda0,share=0.3543,tput=1.61] rank1[cuda1,share=0.3232,tput=1.29] rank2[cuda2,share=0.3224,tput=0.78]
epoch 167: eval=0.9288
epoch 168: loss=0.025944, train_acc=0.9921, time=24.5s
per-rank: rank0[cuda0,share=0.3536,tput=1.55] rank2[cuda2,share=0.3237,tput=1.09] rank1[cuda1,share=0.3227,tput=0.90]
epoch 168: eval=0.9293
epoch 169: loss=0.024888, train_acc=0.9926, time=24.4s
per-rank: rank0[cuda0,share=0.3535,tput=1.25] rank2[cuda2,share=0.3237,tput=0.87] rank1[cuda1,share=0.3228,tput=1.37]
epoch 169: eval=0.9282
epoch 170: loss=0.023085, train_acc=0.9936, time=29.8s
per-rank: rank0[cuda0,share=0.3534,tput=0.73] rank2[cuda2,share=0.3238,tput=1.27] rank1[cuda1,share=0.3228,tput=1.81]
epoch 170: eval=0.9288
epoch 171: loss=0.023347, train_acc=0.9933, time=26.9s
per-rank: rank0[cuda0,share=0.3533,tput=1.02] rank2[cuda2,share=0.3238,tput=0.91] rank1[cuda1,share=0.3229,tput=1.48]
epoch 171: eval=0.9300
epoch 172: loss=0.023154, train_acc=0.9930, time=24.2s
per-rank: rank0[cuda0,share=0.3532,tput=1.54] rank2[cuda2,share=0.3239,tput=1.09] rank1[cuda1,share=0.3229,tput=0.89]
epoch 172: eval=0.9291
epoch 173: loss=0.022364, train_acc=0.9931, time=29.2s
per-rank: rank0[cuda0,share=0.3518,tput=0.73] rank1[cuda1,share=0.3254,tput=1.19] rank2[cuda2,share=0.3228,tput=1.78]
epoch 173: eval=0.9284
epoch 174: loss=0.022440, train_acc=0.9938, time=26.9s
per-rank: rank0[cuda0,share=0.3511,tput=1.29] rank1[cuda1,share=0.3267,tput=0.91] rank2[cuda2,share=0.3222,tput=1.30]
epoch 174: eval=0.9302
epoch 175: loss=0.020784, train_acc=0.9940, time=26.2s
per-rank: rank0[cuda0,share=0.3518,tput=0.79] rank1[cuda1,share=0.3273,tput=1.67] rank2[cuda2,share=0.3209,tput=1.17]
epoch 175: eval=0.9291
epoch 176: loss=0.020676, train_acc=0.9943, time=25.3s
per-rank: rank0[cuda0,share=0.3524,tput=1.40] rank1[cuda1,share=0.3279,tput=0.88] rank2[cuda2,share=0.3197,tput=1.24]
epoch 176: eval=0.9308
epoch 177: loss=0.022138, train_acc=0.9938, time=27.1s
per-rank: rank0[cuda0,share=0.3538,tput=0.79] rank1[cuda1,share=0.3271,tput=1.14] rank2[cuda2,share=0.3190,tput=1.85]
epoch 177: eval=0.9305
epoch 178: loss=0.020390, train_acc=0.9944, time=26.2s
per-rank: rank0[cuda0,share=0.3551,tput=1.22] rank1[cuda1,share=0.3263,tput=1.37] rank2[cuda2,share=0.3185,tput=0.85]
epoch 178: eval=0.9297
epoch 179: loss=0.021444, train_acc=0.9936, time=24.2s
per-rank: rank0[cuda0,share=0.3565,tput=0.90] rank1[cuda1,share=0.3255,tput=0.88] rank2[cuda2,share=0.3180,tput=2.08]
epoch 179: eval=0.9285
epoch 180: loss=0.020911, train_acc=0.9943, time=27.3s
per-rank: rank0[cuda0,share=0.3592,tput=0.82] rank1[cuda1,share=0.3239,tput=1.20] rank2[cuda2,share=0.3170,tput=1.81]
epoch 180: eval=0.9289
epoch 181: loss=0.019790, train_acc=0.9946, time=25.7s
per-rank: rank0[cuda0,share=0.3605,tput=1.19] rank1[cuda1,share=0.3230,tput=0.96] rank2[cuda2,share=0.3165,tput=1.28]
epoch 181: eval=0.9299
epoch 182: loss=0.020485, train_acc=0.9939, time=24.8s
per-rank: rank0[cuda0,share=0.3620,tput=0.91] rank1[cuda1,share=0.3221,tput=1.84] rank2[cuda2,share=0.3159,tput=0.89]
epoch 182: eval=0.9308
epoch 183: loss=0.019790, train_acc=0.9947, time=24.8s
per-rank: rank0[cuda0,share=0.3635,tput=1.26] rank1[cuda1,share=0.3212,tput=0.84] rank2[cuda2,share=0.3153,tput=1.31]
epoch 183: eval=0.9281
epoch 184: loss=0.019507, train_acc=0.9943, time=24.8s
per-rank: rank0[cuda0,share=0.3644,tput=1.07] rank1[cuda1,share=0.3195,tput=1.69] rank2[cuda2,share=0.3160,tput=0.87]
epoch 184: eval=0.9290
epoch 185: loss=0.019242, train_acc=0.9944, time=24.7s
per-rank: rank0[cuda0,share=0.3639,tput=1.41] rank1[cuda1,share=0.3186,tput=1.25] rank2[cuda2,share=0.3175,tput=0.78]
epoch 185: eval=0.9305
epoch 186: loss=0.017552, train_acc=0.9953, time=24.4s
per-rank: rank0[cuda0,share=0.3618,tput=1.02] rank1[cuda1,share=0.3200,tput=2.07] rank2[cuda2,share=0.3182,tput=0.77]
epoch 186: eval=0.9294
epoch 187: loss=0.018439, train_acc=0.9945, time=27.9s
per-rank: rank0[cuda0,share=0.3604,tput=0.77] rank1[cuda1,share=0.3204,tput=1.91] rank2[cuda2,share=0.3192,tput=1.26]
epoch 187: eval=0.9278
epoch 188: loss=0.018334, train_acc=0.9946, time=26.5s
per-rank: rank0[cuda0,share=0.3590,tput=1.23] rank1[cuda1,share=0.3209,tput=1.34] rank2[cuda2,share=0.3201,tput=0.85]
epoch 188: eval=0.9292
epoch 189: loss=0.018317, train_acc=0.9948, time=24.8s
per-rank: rank0[cuda0,share=0.3576,tput=0.84] rank1[cuda1,share=0.3213,tput=2.14] rank2[cuda2,share=0.3211,tput=0.85]
epoch 189: eval=0.9277
epoch 190: loss=0.017126, train_acc=0.9954, time=26.3s
per-rank: rank0[cuda0,share=0.3559,tput=0.81] rank2[cuda2,share=0.3225,tput=1.74] rank1[cuda1,share=0.3216,tput=1.21]
epoch 190: eval=0.9287
epoch 191: loss=0.016498, train_acc=0.9953, time=25.2s
per-rank: rank0[cuda0,share=0.3558,tput=1.22] rank2[cuda2,share=0.3229,tput=1.36] rank1[cuda1,share=0.3214,tput=0.94]
epoch 191: eval=0.9301
epoch 192: loss=0.016935, train_acc=0.9954, time=24.5s
per-rank: rank0[cuda0,share=0.3548,tput=1.00] rank1[cuda1,share=0.3227,tput=0.86] rank2[cuda2,share=0.3225,tput=1.88]
epoch 192: eval=0.9266
epoch 193: loss=0.017548, train_acc=0.9948, time=24.8s
per-rank: rank0[cuda0,share=0.3566,tput=1.58] rank1[cuda1,share=0.3244,tput=0.89] rank2[cuda2,share=0.3190,tput=1.10]
epoch 193: eval=0.9288
epoch 194: loss=0.016227, train_acc=0.9956, time=24.2s
per-rank: rank0[cuda0,share=0.3572,tput=1.62] rank1[cuda1,share=0.3249,tput=1.18] rank2[cuda2,share=0.3179,tput=0.81]
epoch 194: eval=0.9285
epoch 195: loss=0.016226, train_acc=0.9955, time=24.7s
per-rank: rank0[cuda0,share=0.3578,tput=0.87] rank1[cuda1,share=0.3255,tput=2.07] rank2[cuda2,share=0.3167,tput=0.88]
epoch 195: eval=0.9268
epoch 196: loss=0.017471, train_acc=0.9952, time=24.2s
per-rank: rank0[cuda0,share=0.3584,tput=1.45] rank1[cuda1,share=0.3260,tput=0.90] rank2[cuda2,share=0.3155,tput=1.23]
epoch 196: eval=0.9310
epoch 197: loss=0.016148, train_acc=0.9953, time=28.2s
per-rank: rank0[cuda0,share=0.3597,tput=0.78] rank1[cuda1,share=0.3271,tput=1.92] rank2[cuda2,share=0.3132,tput=1.16]
epoch 197: eval=0.9288
epoch 198: loss=0.016029, train_acc=0.9956, time=26.3s
per-rank: rank0[cuda0,share=0.3583,tput=1.01] rank1[cuda1,share=0.3287,tput=0.97] rank2[cuda2,share=0.3130,tput=1.43]
epoch 198: eval=0.9282
epoch 199: loss=0.016327, train_acc=0.9956, time=24.6s
per-rank: rank0[cuda0,share=0.3577,tput=1.42] rank1[cuda1,share=0.3290,tput=1.21] rank2[cuda2,share=0.3133,tput=0.84]
final eval=0.9304
# total: 4856.7s (80m 57s)
