# gpu0: NVIDIA GeForce RTX 5060 Ti (15GB, sm_120)
# gpu1: NVIDIA GeForce GTX 1060 6GB (5GB, sm_61)
# gpu2: NVIDIA GeForce GTX 1060 6GB (5GB, sm_61)
epoch 0: loss=1.998405, train_acc=0.2474, time=9.4s
per-rank: rank0[cuda0,share=0.4051,tput=3.68] rank2[cuda2,share=0.3051,tput=4.16] rank1[cuda1,share=0.2898,tput=2.94]
epoch 0: eval=0.3189
epoch 1: loss=1.690203, train_acc=0.3642, time=11.1s
per-rank: rank0[cuda0,share=0.4085,tput=2.23] rank2[cuda2,share=0.3028,tput=5.92] rank1[cuda1,share=0.2887,tput=3.19]
epoch 1: eval=0.4368
epoch 2: loss=1.489102, train_acc=0.4526, time=10.3s
per-rank: rank0[cuda0,share=0.4133,tput=2.69] rank2[cuda2,share=0.3033,tput=3.89] rank1[cuda1,share=0.2834,tput=2.67]
epoch 2: eval=0.5055
epoch 3: loss=1.293067, train_acc=0.5314, time=9.2s
per-rank: rank0[cuda0,share=0.3980,tput=2.66] rank1[cuda1,share=0.3032,tput=2.42] rank2[cuda2,share=0.2988,tput=5.12]
epoch 3: eval=0.5672
epoch 4: loss=1.157010, train_acc=0.5832, time=9.1s
per-rank: rank0[cuda0,share=0.3877,tput=3.19] rank2[cuda2,share=0.3084,tput=3.83] rank1[cuda1,share=0.3040,tput=2.36]
epoch 4: eval=0.5871
epoch 5: loss=1.052779, train_acc=0.6258, time=9.0s
per-rank: rank0[cuda0,share=0.3869,tput=3.83] rank2[cuda2,share=0.3077,tput=2.24] rank1[cuda1,share=0.3054,tput=3.53]
epoch 5: eval=0.6145
epoch 6: loss=0.969284, train_acc=0.6562, time=9.0s
per-rank: rank0[cuda0,share=0.4010,tput=2.51] rank1[cuda1,share=0.3173,tput=2.86] rank2[cuda2,share=0.2816,tput=4.58]
epoch 6: eval=0.6942
epoch 7: loss=0.889590, train_acc=0.6899, time=11.3s
per-rank: rank0[cuda0,share=0.3948,tput=2.18] rank1[cuda1,share=0.3115,tput=4.63] rank2[cuda2,share=0.2938,tput=3.76]
epoch 7: eval=0.6955
epoch 8: loss=0.832144, train_acc=0.7070, time=10.3s
per-rank: rank0[cuda0,share=0.3968,tput=2.23] rank2[cuda2,share=0.3044,tput=2.84] rank1[cuda1,share=0.2988,tput=3.81]
epoch 8: eval=0.7243
epoch 9: loss=0.778287, train_acc=0.7305, time=10.5s
per-rank: rank0[cuda0,share=0.3881,tput=2.20] rank1[cuda1,share=0.3082,tput=3.72] rank2[cuda2,share=0.3037,tput=4.72]
epoch 9: eval=0.6256
epoch 10: loss=0.748126, train_acc=0.7393, time=10.0s
per-rank: rank0[cuda0,share=0.4154,tput=3.05] rank1[cuda1,share=0.3027,tput=4.26] rank2[cuda2,share=0.2818,tput=2.20]
epoch 10: eval=0.6976
epoch 11: loss=0.708188, train_acc=0.7543, time=9.1s
per-rank: rank0[cuda0,share=0.4193,tput=2.92] rank1[cuda1,share=0.3075,tput=3.68] rank2[cuda2,share=0.2733,tput=2.60]
epoch 11: eval=0.7023
epoch 12: loss=0.693679, train_acc=0.7602, time=12.2s
per-rank: rank0[cuda0,share=0.3841,tput=1.96] rank1[cuda1,share=0.3219,tput=4.04] rank2[cuda2,share=0.2940,tput=4.76]
epoch 12: eval=0.6914
epoch 13: loss=0.664652, train_acc=0.7688, time=11.0s
per-rank: rank0[cuda0,share=0.3636,tput=1.94] rank1[cuda1,share=0.3333,tput=4.29] rank2[cuda2,share=0.3030,tput=2.89]
epoch 13: eval=0.7186
epoch 14: loss=0.702520, train_acc=0.7574, time=9.1s
per-rank: rank0[cuda0,share=0.3692,tput=4.84] rank1[cuda1,share=0.3280,tput=3.00] rank2[cuda2,share=0.3028,tput=2.17]
epoch 14: eval=0.7570
epoch 15: loss=0.692663, train_acc=0.7604, time=10.4s
per-rank: rank0[cuda0,share=0.3760,tput=2.24] rank1[cuda1,share=0.3240,tput=5.30] rank2[cuda2,share=0.2999,tput=3.15]
epoch 15: eval=0.7348
epoch 16: loss=0.679451, train_acc=0.7651, time=9.5s
per-rank: rank0[cuda0,share=0.3760,tput=2.89] rank1[cuda1,share=0.3240,tput=2.81] rank2[cuda2,share=0.2999,tput=3.74]
epoch 16: eval=0.7666
epoch 17: loss=0.649525, train_acc=0.7744, time=11.2s
per-rank: rank0[cuda0,share=0.3835,tput=2.15] rank1[cuda1,share=0.3200,tput=3.85] rank2[cuda2,share=0.2966,tput=4.98]
epoch 17: eval=0.7354
epoch 18: loss=0.637536, train_acc=0.7783, time=10.0s
per-rank: rank0[cuda0,share=0.3835,tput=2.57] rank1[cuda1,share=0.3200,tput=3.82] rank2[cuda2,share=0.2966,tput=2.73]
epoch 18: eval=0.7345
epoch 19: loss=0.632162, train_acc=0.7833, time=9.1s
per-rank: rank0[cuda0,share=0.3857,tput=3.73] rank1[cuda1,share=0.3188,tput=2.50] rank2[cuda2,share=0.2954,tput=3.30]
epoch 19: eval=0.7643
epoch 20: loss=0.615198, train_acc=0.7891, time=9.0s
per-rank: rank0[cuda0,share=0.3878,tput=3.02] rank1[cuda1,share=0.3178,tput=3.67] rank2[cuda2,share=0.2944,tput=2.44]
epoch 20: eval=0.7247
epoch 21: loss=0.613762, train_acc=0.7891, time=8.9s
per-rank: rank0[cuda0,share=0.3895,tput=2.60] rank1[cuda1,share=0.3170,tput=5.87] rank2[cuda2,share=0.2936,tput=2.35]
epoch 21: eval=0.7771
epoch 22: loss=0.601018, train_acc=0.7929, time=10.9s
per-rank: rank0[cuda0,share=0.3916,tput=2.16] rank1[cuda1,share=0.3149,tput=3.22] rank2[cuda2,share=0.2935,tput=5.06]
epoch 22: eval=0.7422
epoch 23: loss=0.598224, train_acc=0.7958, time=10.0s
per-rank: rank0[cuda0,share=0.3934,tput=2.23] rank1[cuda1,share=0.3131,tput=4.24] rank2[cuda2,share=0.2935,tput=2.64]
epoch 23: eval=0.7679
epoch 24: loss=0.593020, train_acc=0.7956, time=11.3s
per-rank: rank0[cuda0,share=0.3972,tput=2.09] rank1[cuda1,share=0.3103,tput=4.31] rank2[cuda2,share=0.2926,tput=4.42]
epoch 24: eval=0.7647
epoch 25: loss=0.599045, train_acc=0.7951, time=9.7s
per-rank: rank0[cuda0,share=0.3972,tput=2.15] rank1[cuda1,share=0.3103,tput=3.25] rank2[cuda2,share=0.2926,tput=3.65]
epoch 25: eval=0.6667
epoch 26: loss=0.578063, train_acc=0.8016, time=11.3s
per-rank: rank0[cuda0,share=0.3976,tput=2.12] rank1[cuda1,share=0.3099,tput=3.93] rank2[cuda2,share=0.2926,tput=4.78]
epoch 26: eval=0.8019
epoch 27: loss=0.572141, train_acc=0.8025, time=10.3s
per-rank: rank0[cuda0,share=0.3976,tput=2.19] rank1[cuda1,share=0.3099,tput=4.09] rank2[cuda2,share=0.2926,tput=2.81]
epoch 27: eval=0.7650
epoch 28: loss=0.562936, train_acc=0.8062, time=10.8s
per-rank: rank0[cuda0,share=0.3971,tput=2.12] rank1[cuda1,share=0.3100,tput=3.33] rank2[cuda2,share=0.2929,tput=5.36]
epoch 28: eval=0.7688
epoch 29: loss=0.562244, train_acc=0.8069, time=10.0s
per-rank: rank0[cuda0,share=0.3953,tput=2.56] rank1[cuda1,share=0.3108,tput=3.69] rank2[cuda2,share=0.2939,tput=2.72]
epoch 29: eval=0.7893
epoch 30: loss=0.554767, train_acc=0.8083, time=8.8s
per-rank: rank0[cuda0,share=0.3934,tput=4.13] rank1[cuda1,share=0.3117,tput=3.65] rank2[cuda2,share=0.2949,tput=2.08]
epoch 30: eval=0.7329
epoch 31: loss=0.559896, train_acc=0.8076, time=10.3s
per-rank: rank0[cuda0,share=0.3911,tput=2.20] rank1[cuda1,share=0.3127,tput=5.01] rank2[cuda2,share=0.2962,tput=3.30]
epoch 31: eval=0.8383
epoch 32: loss=0.551714, train_acc=0.8082, time=9.7s
per-rank: rank0[cuda0,share=0.3911,tput=3.29] rank1[cuda1,share=0.3127,tput=3.56] rank2[cuda2,share=0.2962,tput=2.44]
epoch 32: eval=0.7603
epoch 33: loss=0.550775, train_acc=0.8106, time=10.8s
per-rank: rank0[cuda0,share=0.3900,tput=2.24] rank1[cuda1,share=0.3134,tput=3.60] rank2[cuda2,share=0.2967,tput=5.19]
epoch 33: eval=0.8377
epoch 34: loss=0.548974, train_acc=0.8115, time=9.8s
per-rank: rank0[cuda0,share=0.3900,tput=3.35] rank1[cuda1,share=0.3134,tput=3.09] rank2[cuda2,share=0.2967,tput=2.83]
epoch 34: eval=0.7215
epoch 35: loss=0.542312, train_acc=0.8141, time=10.6s
per-rank: rank0[cuda0,share=0.3943,tput=2.26] rank1[cuda1,share=0.3121,tput=6.06] rank2[cuda2,share=0.2937,tput=2.77]
epoch 35: eval=0.8371
epoch 36: loss=0.538024, train_acc=0.8161, time=9.9s
per-rank: rank0[cuda0,share=0.3943,tput=3.03] rank1[cuda1,share=0.3121,tput=3.08] rank2[cuda2,share=0.2937,tput=2.85]
epoch 36: eval=0.7978
epoch 37: loss=0.543722, train_acc=0.8135, time=10.8s
per-rank: rank0[cuda0,share=0.3970,tput=2.32] rank1[cuda1,share=0.3116,tput=3.67] rank2[cuda2,share=0.2915,tput=5.12]
epoch 37: eval=0.8028
epoch 38: loss=0.536296, train_acc=0.8161, time=10.0s
per-rank: rank0[cuda0,share=0.4012,tput=2.44] rank1[cuda1,share=0.3113,tput=2.95] rank2[cuda2,share=0.2876,tput=3.82]
epoch 38: eval=0.7126
epoch 39: loss=0.537609, train_acc=0.8140, time=8.9s
per-rank: rank0[cuda0,share=0.4065,tput=2.89] rank1[cuda1,share=0.3103,tput=5.66] rank2[cuda2,share=0.2832,tput=2.21]
epoch 39: eval=0.7613
epoch 40: loss=0.542101, train_acc=0.8145, time=9.0s
per-rank: rank0[cuda0,share=0.4101,tput=3.12] rank1[cuda1,share=0.3102,tput=2.59] rank2[cuda2,share=0.2797,tput=3.76]
epoch 40: eval=0.7791
epoch 41: loss=0.535643, train_acc=0.8149, time=9.0s
per-rank: rank0[cuda0,share=0.4101,tput=3.19] rank1[cuda1,share=0.3102,tput=2.17] rank2[cuda2,share=0.2797,tput=4.25]
epoch 41: eval=0.7099
epoch 42: loss=0.529702, train_acc=0.8179, time=11.1s
per-rank: rank0[cuda0,share=0.4149,tput=2.25] rank1[cuda1,share=0.3078,tput=2.82] rank2[cuda2,share=0.2773,tput=6.56]
epoch 42: eval=0.7918
epoch 43: loss=0.521255, train_acc=0.8210, time=10.0s
per-rank: rank0[cuda0,share=0.4167,tput=2.24] rank1[cuda1,share=0.3063,tput=2.66] rank2[cuda2,share=0.2771,tput=4.34]
epoch 43: eval=0.7635
epoch 44: loss=0.522206, train_acc=0.8200, time=8.9s
per-rank: rank0[cuda0,share=0.4165,tput=2.55] rank1[cuda1,share=0.3065,tput=2.70] rank2[cuda2,share=0.2770,tput=5.16]
epoch 44: eval=0.7912
epoch 45: loss=0.525980, train_acc=0.8194, time=9.0s
per-rank: rank0[cuda0,share=0.4164,tput=2.39] rank1[cuda1,share=0.3067,tput=6.35] rank2[cuda2,share=0.2770,tput=2.28]
epoch 45: eval=0.7788
epoch 46: loss=0.520509, train_acc=0.8204, time=8.9s
per-rank: rank0[cuda0,share=0.4150,tput=3.46] rank1[cuda1,share=0.3068,tput=3.78] rank2[cuda2,share=0.2782,tput=2.26]
epoch 46: eval=0.8148
epoch 47: loss=0.521544, train_acc=0.8209, time=9.0s
per-rank: rank0[cuda0,share=0.4150,tput=1.97] rank1[cuda1,share=0.3068,tput=6.40] rank2[cuda2,share=0.2782,tput=2.53]
epoch 47: eval=0.8013
epoch 48: loss=0.509097, train_acc=0.8236, time=12.3s
per-rank: rank0[cuda0,share=0.4104,tput=1.94] rank1[cuda1,share=0.3048,tput=3.85] rank2[cuda2,share=0.2847,tput=5.21]
epoch 48: eval=0.8266
epoch 49: loss=0.517390, train_acc=0.8214, time=11.0s
per-rank: rank0[cuda0,share=0.4104,tput=2.07] rank1[cuda1,share=0.3048,tput=2.97] rank2[cuda2,share=0.2847,tput=4.29]
epoch 49: eval=0.7836
epoch 50: loss=0.508254, train_acc=0.8254, time=9.3s
per-rank: rank0[cuda0,share=0.4058,tput=4.51] rank1[cuda1,share=0.3041,tput=4.61] rank2[cuda2,share=0.2901,tput=2.27]
epoch 50: eval=0.8000
epoch 51: loss=0.508575, train_acc=0.8245, time=10.6s
per-rank: rank0[cuda0,share=0.4016,tput=2.19] rank1[cuda1,share=0.3038,tput=4.89] rank2[cuda2,share=0.2946,tput=3.38]
epoch 51: eval=0.7930
epoch 52: loss=0.511645, train_acc=0.8241, time=9.7s
per-rank: rank0[cuda0,share=0.3988,tput=2.34] rank1[cuda1,share=0.3027,tput=2.78] rank2[cuda2,share=0.2985,tput=4.03]
epoch 52: eval=0.7509
epoch 53: loss=0.504484, train_acc=0.8252, time=8.9s
per-rank: rank0[cuda0,share=0.3946,tput=3.94] rank1[cuda1,share=0.3039,tput=3.36] rank2[cuda2,share=0.3015,tput=2.40]
epoch 53: eval=0.7796
epoch 54: loss=0.507409, train_acc=0.8263, time=8.9s
per-rank: rank0[cuda0,share=0.3921,tput=4.13] rank1[cuda1,share=0.3052,tput=2.07] rank2[cuda2,share=0.3027,tput=3.58]
epoch 54: eval=0.7872
epoch 55: loss=0.504324, train_acc=0.8262, time=10.3s
per-rank: rank0[cuda0,share=0.3930,tput=2.25] rank1[cuda1,share=0.3037,tput=4.70] rank2[cuda2,share=0.3032,tput=3.71]
epoch 55: eval=0.7784
epoch 56: loss=0.500993, train_acc=0.8279, time=9.9s
per-rank: rank0[cuda0,share=0.3940,tput=3.14] rank2[cuda2,share=0.3038,tput=2.88] rank1[cuda1,share=0.3022,tput=3.02]
epoch 56: eval=0.7607
epoch 57: loss=0.502106, train_acc=0.8265, time=9.0s
per-rank: rank0[cuda0,share=0.3948,tput=3.40] rank2[cuda2,share=0.3043,tput=3.46] rank1[cuda1,share=0.3008,tput=2.38]
epoch 57: eval=0.7667
epoch 58: loss=0.497822, train_acc=0.8290, time=11.2s
per-rank: rank0[cuda0,share=0.3991,tput=2.19] rank2[cuda2,share=0.3041,tput=2.83] rank1[cuda1,share=0.2968,tput=6.61]
epoch 58: eval=0.8421
epoch 59: loss=0.505969, train_acc=0.8263, time=10.1s
per-rank: rank0[cuda0,share=0.3991,tput=2.22] rank2[cuda2,share=0.3041,tput=3.15] rank1[cuda1,share=0.2968,tput=3.66]
epoch 59: eval=0.7715
epoch 60: loss=0.496226, train_acc=0.8306, time=9.0s
per-rank: rank0[cuda0,share=0.4017,tput=3.34] rank2[cuda2,share=0.3027,tput=1.88] rank1[cuda1,share=0.2956,tput=6.66]
epoch 60: eval=0.7780
epoch 61: loss=0.495771, train_acc=0.8294, time=9.0s
per-rank: rank0[cuda0,share=0.4041,tput=3.63] rank2[cuda2,share=0.3014,tput=3.28] rank1[cuda1,share=0.2945,tput=2.41]
epoch 61: eval=0.7969
epoch 62: loss=0.495563, train_acc=0.8293, time=8.9s
per-rank: rank0[cuda0,share=0.4058,tput=2.47] rank2[cuda2,share=0.2994,tput=5.32] rank1[cuda1,share=0.2948,tput=2.64]
epoch 62: eval=0.7551
epoch 63: loss=0.498024, train_acc=0.8291, time=8.9s
per-rank: rank0[cuda0,share=0.4074,tput=3.40] rank2[cuda2,share=0.2975,tput=2.33] rank1[cuda1,share=0.2951,tput=3.56]
epoch 63: eval=0.7502
epoch 64: loss=0.494202, train_acc=0.8286, time=11.6s
per-rank: rank0[cuda0,share=0.4090,tput=2.07] rank2[cuda2,share=0.2956,tput=3.76] rank1[cuda1,share=0.2954,tput=4.99]
epoch 64: eval=0.7670
epoch 65: loss=0.486972, train_acc=0.8323, time=10.8s
per-rank: rank0[cuda0,share=0.4095,tput=2.05] rank1[cuda1,share=0.2962,tput=4.01] rank2[cuda2,share=0.2943,tput=3.10]
epoch 65: eval=0.7827
epoch 66: loss=0.497351, train_acc=0.8297, time=9.3s
per-rank: rank0[cuda0,share=0.4078,tput=3.28] rank1[cuda1,share=0.2981,tput=3.35] rank2[cuda2,share=0.2941,tput=2.61]
epoch 66: eval=0.7940
epoch 67: loss=0.494302, train_acc=0.8289, time=8.9s
per-rank: rank0[cuda0,share=0.4055,tput=3.51] rank1[cuda1,share=0.3011,tput=2.39] rank2[cuda2,share=0.2934,tput=3.41]
epoch 67: eval=0.7735
epoch 68: loss=0.489300, train_acc=0.8330, time=11.1s
per-rank: rank0[cuda0,share=0.4040,tput=2.13] rank1[cuda1,share=0.3028,tput=5.07] rank2[cuda2,share=0.2932,tput=3.45]
epoch 68: eval=0.8029
epoch 69: loss=0.484907, train_acc=0.8340, time=10.2s
per-rank: rank0[cuda0,share=0.4010,tput=3.31] rank1[cuda1,share=0.3052,tput=3.80] rank2[cuda2,share=0.2938,tput=2.80]
epoch 69: eval=0.8135
epoch 70: loss=0.488006, train_acc=0.8340, time=10.4s
per-rank: rank0[cuda0,share=0.3995,tput=2.19] rank1[cuda1,share=0.3065,tput=3.19] rank2[cuda2,share=0.2940,tput=5.10]
epoch 70: eval=0.7832
epoch 71: loss=0.487296, train_acc=0.8326, time=9.8s
per-rank: rank0[cuda0,share=0.3972,tput=2.90] rank1[cuda1,share=0.3074,tput=2.88] rank2[cuda2,share=0.2954,tput=3.33]
epoch 71: eval=0.7797
epoch 72: loss=0.478777, train_acc=0.8351, time=10.5s
per-rank: rank0[cuda0,share=0.3944,tput=2.19] rank1[cuda1,share=0.3061,tput=5.66] rank2[cuda2,share=0.2996,tput=3.22]
epoch 72: eval=0.8069
epoch 73: loss=0.490810, train_acc=0.8320, time=9.9s
per-rank: rank0[cuda0,share=0.3944,tput=2.31] rank1[cuda1,share=0.3061,tput=2.86] rank2[cuda2,share=0.2996,tput=3.68]
epoch 73: eval=0.8093
epoch 74: loss=0.485796, train_acc=0.8331, time=10.9s
per-rank: rank0[cuda0,share=0.3904,tput=2.13] rank1[cuda1,share=0.3064,tput=3.54] rank2[cuda2,share=0.3032,tput=5.09]
epoch 74: eval=0.8058
epoch 75: loss=0.477496, train_acc=0.8353, time=9.9s
per-rank: rank0[cuda0,share=0.3902,tput=2.53] rank1[cuda1,share=0.3062,tput=2.79] rank2[cuda2,share=0.3036,tput=3.68]
epoch 75: eval=0.8076
epoch 76: loss=0.481482, train_acc=0.8343, time=9.0s
per-rank: rank0[cuda0,share=0.3888,tput=3.07] rank1[cuda1,share=0.3067,tput=2.74] rank2[cuda2,share=0.3046,tput=3.34]
epoch 76: eval=0.7717
epoch 77: loss=0.479065, train_acc=0.8341, time=8.9s
per-rank: rank0[cuda0,share=0.3864,tput=4.22] rank1[cuda1,share=0.3087,tput=3.47] rank2[cuda2,share=0.3049,tput=2.19]
epoch 77: eval=0.7708
epoch 78: loss=0.475260, train_acc=0.8382, time=8.9s
per-rank: rank0[cuda0,share=0.3864,tput=2.66] rank1[cuda1,share=0.3103,tput=2.52] rank2[cuda2,share=0.3033,tput=4.67]
epoch 78: eval=0.7902
epoch 79: loss=0.479047, train_acc=0.8366, time=8.9s
per-rank: rank0[cuda0,share=0.3857,tput=3.17] rank1[cuda1,share=0.3115,tput=4.02] rank2[cuda2,share=0.3028,tput=2.85]
epoch 79: eval=0.7558
epoch 80: loss=0.491446, train_acc=0.8306, time=8.9s
per-rank: rank0[cuda0,share=0.3850,tput=2.38] rank1[cuda1,share=0.3127,tput=5.87] rank2[cuda2,share=0.3024,tput=2.48]
epoch 80: eval=0.7523
epoch 81: loss=0.474382, train_acc=0.8356, time=9.0s
per-rank: rank0[cuda0,share=0.3852,tput=3.71] rank1[cuda1,share=0.3122,tput=2.05] rank2[cuda2,share=0.3026,tput=3.88]
epoch 81: eval=0.7771
epoch 82: loss=0.478643, train_acc=0.8371, time=10.6s
per-rank: rank0[cuda0,share=0.3839,tput=2.23] rank1[cuda1,share=0.3122,tput=3.90] rank2[cuda2,share=0.3039,tput=4.53]
epoch 82: eval=0.8052
epoch 83: loss=0.466455, train_acc=0.8407, time=9.8s
per-rank: rank0[cuda0,share=0.3836,tput=3.75] rank1[cuda1,share=0.3120,tput=2.61] rank2[cuda2,share=0.3044,tput=3.17]
epoch 83: eval=0.7909
epoch 84: loss=0.474815, train_acc=0.8368, time=9.0s
per-rank: rank0[cuda0,share=0.3833,tput=3.71] rank1[cuda1,share=0.3118,tput=3.62] rank2[cuda2,share=0.3049,tput=2.27]
epoch 84: eval=0.8234
epoch 85: loss=0.475232, train_acc=0.8374, time=8.9s
per-rank: rank0[cuda0,share=0.3845,tput=3.03] rank1[cuda1,share=0.3109,tput=2.81] rank2[cuda2,share=0.3047,tput=3.24]
epoch 85: eval=0.7821
epoch 86: loss=0.471997, train_acc=0.8358, time=12.0s
per-rank: rank0[cuda0,share=0.3874,tput=1.96] rank1[cuda1,share=0.3095,tput=3.86] rank2[cuda2,share=0.3031,tput=4.91]
epoch 86: eval=0.7546
epoch 87: loss=0.482171, train_acc=0.8338, time=10.5s
per-rank: rank0[cuda0,share=0.3872,tput=2.00] rank1[cuda1,share=0.3093,tput=3.12] rank2[cuda2,share=0.3035,tput=4.33]
epoch 87: eval=0.8173
epoch 88: loss=0.462164, train_acc=0.8414, time=9.2s
per-rank: rank0[cuda0,share=0.3869,tput=3.93] rank1[cuda1,share=0.3091,tput=2.15] rank2[cuda2,share=0.3040,tput=3.37]
epoch 88: eval=0.8233
epoch 89: loss=0.467954, train_acc=0.8387, time=8.9s
per-rank: rank0[cuda0,share=0.3857,tput=2.77] rank1[cuda1,share=0.3106,tput=2.33] rank2[cuda2,share=0.3038,tput=5.61]
epoch 89: eval=0.7731
epoch 90: loss=0.481233, train_acc=0.8363, time=8.9s
per-rank: rank0[cuda0,share=0.3851,tput=4.40] rank1[cuda1,share=0.3109,tput=4.04] rank2[cuda2,share=0.3040,tput=2.25]
epoch 90: eval=0.8060
epoch 91: loss=0.458433, train_acc=0.8422, time=10.1s
per-rank: rank0[cuda0,share=0.3890,tput=2.33] rank1[cuda1,share=0.3089,tput=3.67] rank2[cuda2,share=0.3020,tput=4.80]
epoch 91: eval=0.8157
epoch 92: loss=0.477584, train_acc=0.8348, time=9.7s
per-rank: rank0[cuda0,share=0.3924,tput=2.97] rank1[cuda1,share=0.3081,tput=2.42] rank2[cuda2,share=0.2996,tput=3.85]
epoch 92: eval=0.7984
epoch 93: loss=0.477730, train_acc=0.8361, time=10.9s
per-rank: rank0[cuda0,share=0.3983,tput=2.31] rank1[cuda1,share=0.3058,tput=5.64] rank2[cuda2,share=0.2959,tput=3.11]
epoch 93: eval=0.8466
epoch 94: loss=0.475831, train_acc=0.8374, time=10.2s
per-rank: rank0[cuda0,share=0.3983,tput=2.41] rank1[cuda1,share=0.3058,tput=3.79] rank2[cuda2,share=0.2959,tput=2.66]
epoch 94: eval=0.8001
epoch 95: loss=0.464967, train_acc=0.8386, time=11.2s
per-rank: rank0[cuda0,share=0.4051,tput=2.24] rank1[cuda1,share=0.3022,tput=3.74] rank2[cuda2,share=0.2927,tput=5.25]
epoch 95: eval=0.8041
epoch 96: loss=0.467108, train_acc=0.8404, time=9.8s
per-rank: rank0[cuda0,share=0.4077,tput=2.51] rank1[cuda1,share=0.3008,tput=2.98] rank2[cuda2,share=0.2915,tput=3.72]
epoch 96: eval=0.7130
epoch 97: loss=0.468648, train_acc=0.8400, time=9.1s
per-rank: rank0[cuda0,share=0.4104,tput=2.18] rank1[cuda1,share=0.2994,tput=5.86] rank2[cuda2,share=0.2902,tput=2.39]
epoch 97: eval=0.8075
epoch 98: loss=0.470889, train_acc=0.8374, time=9.0s
per-rank: rank0[cuda0,share=0.4116,tput=3.98] rank1[cuda1,share=0.2988,tput=4.84] rank2[cuda2,share=0.2896,tput=2.20]
epoch 98: eval=0.8131
epoch 99: loss=0.464280, train_acc=0.8401, time=10.7s
per-rank: rank0[cuda0,share=0.4126,tput=2.29] rank1[cuda1,share=0.3000,tput=3.89] rank2[cuda2,share=0.2874,tput=4.77]
epoch 99: eval=0.8406
epoch 100: loss=0.340806, train_acc=0.8813, time=10.0s
per-rank: rank0[cuda0,share=0.4111,tput=2.69] rank1[cuda1,share=0.3008,tput=4.09] rank2[cuda2,share=0.2882,tput=2.50]
epoch 100: eval=0.8957
epoch 101: loss=0.249584, train_acc=0.9140, time=8.8s
per-rank: rank0[cuda0,share=0.4095,tput=2.51] rank1[cuda1,share=0.3016,tput=2.49] rank2[cuda2,share=0.2889,tput=6.10]
epoch 101: eval=0.8990
epoch 102: loss=0.236899, train_acc=0.9181, time=9.1s
per-rank: rank0[cuda0,share=0.4079,tput=4.51] rank1[cuda1,share=0.3024,tput=3.79] rank2[cuda2,share=0.2896,tput=2.22]
epoch 102: eval=0.9012
epoch 103: loss=0.229597, train_acc=0.9202, time=12.1s
per-rank: rank0[cuda0,share=0.4027,tput=2.04] rank1[cuda1,share=0.3052,tput=3.67] rank2[cuda2,share=0.2921,tput=5.59]
epoch 103: eval=0.8981
epoch 104: loss=0.223485, train_acc=0.9215, time=10.1s
per-rank: rank0[cuda0,share=0.4019,tput=2.67] rank1[cuda1,share=0.3055,tput=2.63] rank2[cuda2,share=0.2926,tput=4.09]
epoch 104: eval=0.9016
epoch 105: loss=0.216417, train_acc=0.9259, time=9.1s
per-rank: rank0[cuda0,share=0.4010,tput=3.96] rank1[cuda1,share=0.3058,tput=3.48] rank2[cuda2,share=0.2932,tput=2.34]
epoch 105: eval=0.9049
epoch 106: loss=0.209002, train_acc=0.9270, time=10.8s
per-rank: rank0[cuda0,share=0.3995,tput=2.21] rank1[cuda1,share=0.3063,tput=3.46] rank2[cuda2,share=0.2942,tput=5.23]
epoch 106: eval=0.9038
epoch 107: loss=0.205693, train_acc=0.9295, time=10.1s
per-rank: rank0[cuda0,share=0.3979,tput=2.76] rank1[cuda1,share=0.3062,tput=2.61] rank2[cuda2,share=0.2959,tput=3.79]
epoch 107: eval=0.9009
epoch 108: loss=0.203032, train_acc=0.9303, time=11.2s
per-rank: rank0[cuda0,share=0.3947,tput=2.05] rank1[cuda1,share=0.3058,tput=3.66] rank2[cuda2,share=0.2995,tput=5.01]
epoch 108: eval=0.9031
epoch 109: loss=0.195658, train_acc=0.9325, time=10.1s
per-rank: rank0[cuda0,share=0.3937,tput=2.19] rank1[cuda1,share=0.3062,tput=2.86] rank2[cuda2,share=0.3002,tput=3.85]
epoch 109: eval=0.8990
epoch 110: loss=0.192800, train_acc=0.9334, time=10.5s
per-rank: rank0[cuda0,share=0.3912,tput=2.25] rank1[cuda1,share=0.3070,tput=3.51] rank2[cuda2,share=0.3018,tput=5.08]
epoch 110: eval=0.9037
epoch 111: loss=0.191305, train_acc=0.9342, time=9.8s
per-rank: rank0[cuda0,share=0.3893,tput=3.52] rank1[cuda1,share=0.3063,tput=3.08] rank2[cuda2,share=0.3044,tput=2.69]
epoch 111: eval=0.9093
epoch 112: loss=0.191404, train_acc=0.9336, time=11.0s
per-rank: rank0[cuda0,share=0.3908,tput=2.11] rank2[cuda2,share=0.3062,tput=4.86] rank1[cuda1,share=0.3030,tput=3.57]
epoch 112: eval=0.9036
epoch 113: loss=0.186438, train_acc=0.9354, time=10.1s
per-rank: rank0[cuda0,share=0.3934,tput=2.43] rank2[cuda2,share=0.3049,tput=3.72] rank1[cuda1,share=0.3017,tput=2.81]
epoch 113: eval=0.9084
epoch 114: loss=0.184383, train_acc=0.9366, time=9.1s
per-rank: rank0[cuda0,share=0.3945,tput=3.18] rank2[cuda2,share=0.3044,tput=2.31] rank1[cuda1,share=0.3011,tput=3.87]
epoch 114: eval=0.9047
epoch 115: loss=0.182053, train_acc=0.9365, time=8.9s
per-rank: rank0[cuda0,share=0.3960,tput=3.58] rank2[cuda2,share=0.3045,tput=3.11] rank1[cuda1,share=0.2994,tput=2.70]
epoch 115: eval=0.9021
epoch 116: loss=0.178223, train_acc=0.9371, time=11.3s
per-rank: rank0[cuda0,share=0.3982,tput=2.10] rank2[cuda2,share=0.3035,tput=4.36] rank1[cuda1,share=0.2983,tput=3.87]
epoch 116: eval=0.9055
epoch 117: loss=0.180234, train_acc=0.9370, time=10.1s
per-rank: rank0[cuda0,share=0.3993,tput=2.11] rank2[cuda2,share=0.3013,tput=2.86] rank1[cuda1,share=0.2995,tput=3.95]
epoch 117: eval=0.9051
epoch 118: loss=0.172114, train_acc=0.9393, time=9.0s
per-rank: rank0[cuda0,share=0.3998,tput=3.70] rank1[cuda1,share=0.3014,tput=2.06] rank2[cuda2,share=0.2988,tput=3.75]
epoch 118: eval=0.9045
epoch 119: loss=0.168316, train_acc=0.9406, time=10.3s
per-rank: rank0[cuda0,share=0.3978,tput=2.34] rank1[cuda1,share=0.3029,tput=3.71] rank2[cuda2,share=0.2994,tput=4.56]
epoch 119: eval=0.9034
epoch 120: loss=0.168733, train_acc=0.9408, time=10.1s
per-rank: rank0[cuda0,share=0.3993,tput=3.25] rank1[cuda1,share=0.3028,tput=4.39] rank2[cuda2,share=0.2979,tput=1.96]
epoch 120: eval=0.9017
epoch 121: loss=0.169357, train_acc=0.9404, time=11.5s
per-rank: rank0[cuda0,share=0.4037,tput=2.18] rank1[cuda1,share=0.3035,tput=5.48] rank2[cuda2,share=0.2928,tput=3.38]
epoch 121: eval=0.8990
epoch 122: loss=0.165307, train_acc=0.9420, time=10.4s
per-rank: rank0[cuda0,share=0.4067,tput=2.14] rank1[cuda1,share=0.3026,tput=2.75] rank2[cuda2,share=0.2907,tput=4.41]
epoch 122: eval=0.9026
epoch 123: loss=0.165712, train_acc=0.9417, time=12.2s
per-rank: rank0[cuda0,share=0.4063,tput=2.03] rank1[cuda1,share=0.3019,tput=3.80] rank2[cuda2,share=0.2919,tput=5.12]
epoch 123: eval=0.9083
epoch 124: loss=0.163852, train_acc=0.9429, time=10.5s
per-rank: rank0[cuda0,share=0.4065,tput=2.20] rank1[cuda1,share=0.3014,tput=3.94] rank2[cuda2,share=0.2921,tput=2.99]
epoch 124: eval=0.8992
epoch 125: loss=0.160622, train_acc=0.9444, time=9.1s
per-rank: rank0[cuda0,share=0.4038,tput=3.92] rank1[cuda1,share=0.3040,tput=3.70] rank2[cuda2,share=0.2922,tput=2.45]
epoch 125: eval=0.9054
epoch 126: loss=0.161228, train_acc=0.9439, time=9.0s
per-rank: rank0[cuda0,share=0.3974,tput=4.25] rank1[cuda1,share=0.3035,tput=3.28] rank2[cuda2,share=0.2990,tput=2.27]
epoch 126: eval=0.9081
epoch 127: loss=0.160086, train_acc=0.9442, time=9.0s
per-rank: rank0[cuda0,share=0.3909,tput=2.64] rank2[cuda2,share=0.3056,tput=2.36] rank1[cuda1,share=0.3034,tput=5.29]
epoch 127: eval=0.9043
epoch 128: loss=0.157185, train_acc=0.9444, time=9.1s
per-rank: rank0[cuda0,share=0.3896,tput=3.65] rank2[cuda2,share=0.3086,tput=2.43] rank1[cuda1,share=0.3018,tput=3.66]
epoch 128: eval=0.8979
epoch 129: loss=0.154262, train_acc=0.9449, time=11.4s
per-rank: rank0[cuda0,share=0.3901,tput=2.10] rank2[cuda2,share=0.3105,tput=3.68] rank1[cuda1,share=0.2994,tput=4.89]
epoch 129: eval=0.9010
epoch 130: loss=0.156186, train_acc=0.9451, time=10.0s
per-rank: rank0[cuda0,share=0.3905,tput=2.49] rank2[cuda2,share=0.3107,tput=2.80] rank1[cuda1,share=0.2988,tput=4.19]
epoch 130: eval=0.8962
epoch 131: loss=0.151757, train_acc=0.9460, time=8.9s
per-rank: rank0[cuda0,share=0.3906,tput=2.80] rank2[cuda2,share=0.3103,tput=2.37] rank1[cuda1,share=0.2991,tput=5.82]
epoch 131: eval=0.9138
epoch 132: loss=0.153211, train_acc=0.9457, time=10.4s
per-rank: rank0[cuda0,share=0.3947,tput=2.30] rank2[cuda2,share=0.3087,tput=4.65] rank1[cuda1,share=0.2966,tput=3.53]
epoch 132: eval=0.9015
epoch 133: loss=0.150973, train_acc=0.9472, time=9.7s
per-rank: rank0[cuda0,share=0.4009,tput=2.85] rank2[cuda2,share=0.3052,tput=3.07] rank1[cuda1,share=0.2940,tput=3.11]
epoch 133: eval=0.9038
epoch 134: loss=0.150955, train_acc=0.9466, time=8.9s
per-rank: rank0[cuda0,share=0.4073,tput=4.72] rank2[cuda2,share=0.3005,tput=4.41] rank1[cuda1,share=0.2922,tput=2.59]
epoch 134: eval=0.8972
epoch 135: loss=0.149764, train_acc=0.9467, time=11.1s
per-rank: rank0[cuda0,share=0.4174,tput=2.26] rank2[cuda2,share=0.2924,tput=5.00] rank1[cuda1,share=0.2902,tput=3.65]
epoch 135: eval=0.9008
epoch 136: loss=0.146682, train_acc=0.9486, time=10.3s
per-rank: rank0[cuda0,share=0.4196,tput=2.43] rank1[cuda1,share=0.2906,tput=2.74] rank2[cuda2,share=0.2898,tput=4.02]
epoch 136: eval=0.9076
epoch 137: loss=0.146482, train_acc=0.9477, time=12.1s
per-rank: rank0[cuda0,share=0.4189,tput=2.05] rank1[cuda1,share=0.2933,tput=3.55] rank2[cuda2,share=0.2878,tput=4.57]
epoch 137: eval=0.9010
epoch 138: loss=0.148757, train_acc=0.9483, time=11.1s
per-rank: rank0[cuda0,share=0.4155,tput=2.03] rank1[cuda1,share=0.2947,tput=4.19] rank2[cuda2,share=0.2898,tput=2.33]
epoch 138: eval=0.9027
epoch 139: loss=0.144450, train_acc=0.9490, time=9.8s
per-rank: rank0[cuda0,share=0.4120,tput=2.44] rank1[cuda1,share=0.3003,tput=5.88] rank2[cuda2,share=0.2877,tput=1.76]
epoch 139: eval=0.9023
epoch 140: loss=0.144866, train_acc=0.9499, time=9.8s
per-rank: rank0[cuda0,share=0.4109,tput=4.23] rank1[cuda1,share=0.3041,tput=3.05] rank2[cuda2,share=0.2850,tput=2.31]
epoch 140: eval=0.9067
epoch 141: loss=0.141719, train_acc=0.9496, time=9.6s
per-rank: rank0[cuda0,share=0.4132,tput=3.47] rank1[cuda1,share=0.3061,tput=2.46] rank2[cuda2,share=0.2807,tput=4.15]
epoch 141: eval=0.9017
epoch 142: loss=0.146014, train_acc=0.9480, time=9.7s
per-rank: rank0[cuda0,share=0.4169,tput=2.30] rank1[cuda1,share=0.3084,tput=2.44] rank2[cuda2,share=0.2747,tput=5.27]
epoch 142: eval=0.9000
epoch 143: loss=0.139184, train_acc=0.9512, time=9.2s
per-rank: rank0[cuda0,share=0.4232,tput=3.17] rank1[cuda1,share=0.3040,tput=2.49] rank2[cuda2,share=0.2728,tput=4.59]
epoch 143: eval=0.9050
epoch 144: loss=0.137310, train_acc=0.9515, time=9.0s
per-rank: rank0[cuda0,share=0.4173,tput=2.24] rank1[cuda1,share=0.3060,tput=5.48] rank2[cuda2,share=0.2767,tput=2.78]
epoch 144: eval=0.9098
epoch 145: loss=0.138226, train_acc=0.9513, time=9.0s
per-rank: rank0[cuda0,share=0.4040,tput=3.40] rank1[cuda1,share=0.3029,tput=2.25] rank2[cuda2,share=0.2931,tput=3.80]
epoch 145: eval=0.9092
epoch 146: loss=0.135508, train_acc=0.9520, time=10.5s
per-rank: rank0[cuda0,share=0.4028,tput=2.30] rank2[cuda2,share=0.3056,tput=4.57] rank1[cuda1,share=0.2917,tput=3.66]
epoch 146: eval=0.9104
epoch 147: loss=0.133169, train_acc=0.9539, time=9.7s
per-rank: rank0[cuda0,share=0.4131,tput=2.71] rank2[cuda2,share=0.3000,tput=3.54] rank1[cuda1,share=0.2869,tput=3.01]
epoch 147: eval=0.8970
epoch 148: loss=0.134406, train_acc=0.9521, time=13.1s
per-rank: rank0[cuda0,share=0.3906,tput=1.95] rank1[cuda1,share=0.3081,tput=3.89] rank2[cuda2,share=0.3013,tput=5.06]
epoch 148: eval=0.9076
epoch 149: loss=0.127490, train_acc=0.9549, time=10.9s
per-rank: rank0[cuda0,share=0.3694,tput=2.39] rank1[cuda1,share=0.3190,tput=3.05] rank2[cuda2,share=0.3116,tput=4.43]
epoch 149: eval=0.9088
epoch 150: loss=0.101432, train_acc=0.9655, time=9.1s
per-rank: rank0[cuda0,share=0.3635,tput=3.56] rank1[cuda1,share=0.3182,tput=3.67] rank2[cuda2,share=0.3182,tput=2.38]
epoch 150: eval=0.9168
epoch 151: loss=0.090058, train_acc=0.9697, time=10.8s
per-rank: rank0[cuda0,share=0.3973,tput=2.19] rank1[cuda1,share=0.3013,tput=5.30] rank2[cuda2,share=0.3013,tput=3.41]
epoch 151: eval=0.9188
epoch 152: loss=0.089179, train_acc=0.9701, time=10.0s
per-rank: rank0[cuda0,share=0.4021,tput=2.91] rank1[cuda1,share=0.3086,tput=4.25] rank2[cuda2,share=0.2893,tput=2.32]
epoch 152: eval=0.9184
epoch 153: loss=0.089238, train_acc=0.9704, time=9.0s
per-rank: rank0[cuda0,share=0.4099,tput=2.65] rank1[cuda1,share=0.3174,tput=2.95] rank2[cuda2,share=0.2727,tput=5.11]
epoch 153: eval=0.9181
epoch 154: loss=0.085127, train_acc=0.9712, time=8.9s
per-rank: rank0[cuda0,share=0.4140,tput=4.03] rank1[cuda1,share=0.3225,tput=2.37] rank2[cuda2,share=0.2635,tput=3.63]
epoch 154: eval=0.9199
epoch 155: loss=0.084233, train_acc=0.9720, time=9.1s
per-rank: rank0[cuda0,share=0.3978,tput=2.92] rank1[cuda1,share=0.3113,tput=2.61] rank2[cuda2,share=0.2909,tput=5.55]
epoch 155: eval=0.9206
epoch 156: loss=0.082602, train_acc=0.9721, time=11.1s
per-rank: rank0[cuda0,share=0.4125,tput=2.23] rank2[cuda2,share=0.2948,tput=5.24] rank1[cuda1,share=0.2926,tput=3.57]
epoch 156: eval=0.9193
epoch 157: loss=0.082381, train_acc=0.9732, time=10.2s
per-rank: rank0[cuda0,share=0.4056,tput=2.40] rank2[cuda2,share=0.2983,tput=3.80] rank1[cuda1,share=0.2960,tput=2.76]
epoch 157: eval=0.9193
epoch 158: loss=0.080173, train_acc=0.9729, time=9.2s
per-rank: rank0[cuda0,share=0.3971,tput=3.19] rank1[cuda1,share=0.3046,tput=2.46] rank2[cuda2,share=0.2983,tput=3.51]
epoch 158: eval=0.9204
epoch 159: loss=0.080561, train_acc=0.9728, time=9.1s
per-rank: rank0[cuda0,share=0.3856,tput=2.24] rank2[cuda2,share=0.3115,tput=2.48] rank1[cuda1,share=0.3029,tput=5.62]
epoch 159: eval=0.9207
epoch 160: loss=0.079208, train_acc=0.9732, time=9.0s
per-rank: rank0[cuda0,share=0.3908,tput=2.92] rank2[cuda2,share=0.3064,tput=5.21] rank1[cuda1,share=0.3029,tput=2.37]
epoch 160: eval=0.9181
epoch 161: loss=0.079941, train_acc=0.9738, time=9.0s
per-rank: rank0[cuda0,share=0.4086,tput=3.57] rank1[cuda1,share=0.2996,tput=4.01] rank2[cuda2,share=0.2918,tput=2.03]
epoch 161: eval=0.9170
epoch 162: loss=0.078443, train_acc=0.9741, time=10.0s
per-rank: rank0[cuda0,share=0.4134,tput=2.15] rank1[cuda1,share=0.3049,tput=6.57] rank2[cuda2,share=0.2817,tput=2.07]
epoch 162: eval=0.9210
epoch 163: loss=0.076658, train_acc=0.9746, time=10.3s
per-rank: rank0[cuda0,share=0.4097,tput=3.90] rank1[cuda1,share=0.3107,tput=2.10] rank2[cuda2,share=0.2795,tput=4.08]
epoch 163: eval=0.9209
epoch 164: loss=0.078159, train_acc=0.9743, time=10.4s
per-rank: rank0[cuda0,share=0.4087,tput=1.80] rank1[cuda1,share=0.3002,tput=2.38] rank2[cuda2,share=0.2911,tput=5.20]
epoch 164: eval=0.9206
epoch 165: loss=0.075708, train_acc=0.9745, time=9.9s
per-rank: rank0[cuda0,share=0.3969,tput=4.44] rank2[cuda2,share=0.3084,tput=3.24] rank1[cuda1,share=0.2947,tput=1.93]
epoch 165: eval=0.9211
epoch 166: loss=0.072662, train_acc=0.9756, time=9.9s
per-rank: rank0[cuda0,share=0.4176,tput=2.37] rank2[cuda2,share=0.2980,tput=2.05] rank1[cuda1,share=0.2843,tput=5.66]
epoch 166: eval=0.9196
epoch 167: loss=0.076829, train_acc=0.9744, time=9.8s
per-rank: rank0[cuda0,share=0.4239,tput=4.25] rank2[cuda2,share=0.2885,tput=2.41] rank1[cuda1,share=0.2876,tput=2.88]
epoch 167: eval=0.9195
epoch 168: loss=0.075521, train_acc=0.9741, time=11.9s
per-rank: rank0[cuda0,share=0.4192,tput=2.13] rank2[cuda2,share=0.2968,tput=4.70] rank1[cuda1,share=0.2840,tput=3.23]
epoch 168: eval=0.9209
epoch 169: loss=0.075426, train_acc=0.9738, time=10.3s
per-rank: rank0[cuda0,share=0.4138,tput=2.45] rank2[cuda2,share=0.2949,tput=2.65] rank1[cuda1,share=0.2912,tput=4.25]
epoch 169: eval=0.9210
epoch 170: loss=0.073508, train_acc=0.9758, time=10.7s
per-rank: rank0[cuda0,share=0.4242,tput=2.31] rank1[cuda1,share=0.2950,tput=5.28] rank2[cuda2,share=0.2808,tput=3.23]
epoch 170: eval=0.9210
epoch 171: loss=0.072596, train_acc=0.9753, time=9.8s
per-rank: rank0[cuda0,share=0.4258,tput=2.63] rank1[cuda1,share=0.3001,tput=4.02] rank2[cuda2,share=0.2741,tput=2.59]
epoch 171: eval=0.9197
epoch 172: loss=0.073464, train_acc=0.9755, time=10.9s
per-rank: rank0[cuda0,share=0.4244,tput=2.29] rank1[cuda1,share=0.3046,tput=5.72] rank2[cuda2,share=0.2710,tput=3.17]
epoch 172: eval=0.9201
epoch 173: loss=0.071730, train_acc=0.9752, time=10.2s
per-rank: rank0[cuda0,share=0.4314,tput=2.54] rank1[cuda1,share=0.2942,tput=3.66] rank2[cuda2,share=0.2743,tput=2.74]
epoch 173: eval=0.9189
epoch 174: loss=0.070917, train_acc=0.9767, time=12.0s
per-rank: rank0[cuda0,share=0.4051,tput=2.22] rank1[cuda1,share=0.3128,tput=6.36] rank2[cuda2,share=0.2821,tput=3.11]
epoch 174: eval=0.9206
epoch 175: loss=0.070280, train_acc=0.9763, time=10.6s
per-rank: rank0[cuda0,share=0.4064,tput=2.49] rank1[cuda1,share=0.3030,tput=3.58] rank2[cuda2,share=0.2906,tput=3.01]
epoch 175: eval=0.9190
epoch 176: loss=0.074109, train_acc=0.9754, time=9.0s
per-rank: rank0[cuda0,share=0.4167,tput=2.66] rank1[cuda1,share=0.2982,tput=6.32] rank2[cuda2,share=0.2851,tput=2.23]
epoch 176: eval=0.9179
epoch 177: loss=0.070142, train_acc=0.9769, time=11.2s
per-rank: rank0[cuda0,share=0.4207,tput=2.28] rank1[cuda1,share=0.2964,tput=3.30] rank2[cuda2,share=0.2830,tput=5.85]
epoch 177: eval=0.9187
epoch 178: loss=0.072805, train_acc=0.9750, time=10.4s
per-rank: rank0[cuda0,share=0.4228,tput=2.44] rank1[cuda1,share=0.2954,tput=3.09] rank2[cuda2,share=0.2818,tput=3.28]
epoch 178: eval=0.9192
epoch 179: loss=0.071190, train_acc=0.9763, time=9.0s
per-rank: rank0[cuda0,share=0.4241,tput=3.34] rank1[cuda1,share=0.2948,tput=3.83] rank2[cuda2,share=0.2811,tput=2.19]
epoch 179: eval=0.9202
epoch 180: loss=0.070040, train_acc=0.9766, time=11.4s
per-rank: rank0[cuda0,share=0.4248,tput=2.22] rank1[cuda1,share=0.2947,tput=5.64] rank2[cuda2,share=0.2805,tput=3.41]
epoch 180: eval=0.9186
epoch 181: loss=0.069411, train_acc=0.9763, time=10.2s
per-rank: rank0[cuda0,share=0.4248,tput=2.21] rank1[cuda1,share=0.2947,tput=3.28] rank2[cuda2,share=0.2805,tput=3.58]
epoch 181: eval=0.9175
epoch 182: loss=0.068523, train_acc=0.9767, time=11.6s
per-rank: rank0[cuda0,share=0.4217,tput=2.20] rank1[cuda1,share=0.2969,tput=3.97] rank2[cuda2,share=0.2814,tput=5.05]
epoch 182: eval=0.9215
epoch 183: loss=0.071065, train_acc=0.9758, time=10.4s
per-rank: rank0[cuda0,share=0.4217,tput=2.29] rank1[cuda1,share=0.2969,tput=3.27] rank2[cuda2,share=0.2814,tput=3.44]
epoch 183: eval=0.9188
epoch 184: loss=0.069512, train_acc=0.9763, time=9.0s
per-rank: rank0[cuda0,share=0.4206,tput=2.41] rank1[cuda1,share=0.2978,tput=5.98] rank2[cuda2,share=0.2815,tput=2.25]
epoch 184: eval=0.9219
epoch 185: loss=0.069234, train_acc=0.9769, time=9.0s
per-rank: rank0[cuda0,share=0.4197,tput=3.37] rank1[cuda1,share=0.2985,tput=3.68] rank2[cuda2,share=0.2818,tput=2.34]
epoch 185: eval=0.9183
epoch 186: loss=0.066618, train_acc=0.9777, time=10.9s
per-rank: rank0[cuda0,share=0.4189,tput=2.26] rank1[cuda1,share=0.2990,tput=3.88] rank2[cuda2,share=0.2821,tput=4.59]
epoch 186: eval=0.9209
epoch 187: loss=0.069134, train_acc=0.9766, time=10.0s
per-rank: rank0[cuda0,share=0.4174,tput=2.21] rank1[cuda1,share=0.2998,tput=2.71] rank2[cuda2,share=0.2828,tput=4.18]
epoch 187: eval=0.9208
epoch 188: loss=0.067358, train_acc=0.9778, time=9.0s
per-rank: rank0[cuda0,share=0.4174,tput=2.19] rank1[cuda1,share=0.2998,tput=2.36] rank2[cuda2,share=0.2828,tput=6.48]
epoch 188: eval=0.9189
epoch 189: loss=0.067629, train_acc=0.9772, time=11.8s
per-rank: rank0[cuda0,share=0.4128,tput=2.08] rank1[cuda1,share=0.3021,tput=3.71] rank2[cuda2,share=0.2851,tput=5.21]
epoch 189: eval=0.9184
epoch 190: loss=0.065959, train_acc=0.9780, time=10.9s
per-rank: rank0[cuda0,share=0.4128,tput=2.17] rank1[cuda1,share=0.3021,tput=2.97] rank2[cuda2,share=0.2851,tput=4.11]
epoch 190: eval=0.9178
epoch 191: loss=0.065695, train_acc=0.9781, time=11.7s
per-rank: rank0[cuda0,share=0.4053,tput=2.11] rank1[cuda1,share=0.3051,tput=3.74] rank2[cuda2,share=0.2896,tput=5.64]
epoch 191: eval=0.9185
epoch 192: loss=0.065445, train_acc=0.9782, time=10.5s
per-rank: rank0[cuda0,share=0.4053,tput=2.31] rank1[cuda1,share=0.3051,tput=4.21] rank2[cuda2,share=0.2896,tput=2.63]
epoch 192: eval=0.9202
epoch 193: loss=0.067399, train_acc=0.9772, time=8.9s
per-rank: rank0[cuda0,share=0.4034,tput=3.60] rank1[cuda1,share=0.3053,tput=3.10] rank2[cuda2,share=0.2913,tput=2.61]
epoch 193: eval=0.9217
epoch 194: loss=0.065197, train_acc=0.9780, time=9.8s
per-rank: rank0[cuda0,share=0.4014,tput=4.30] rank1[cuda1,share=0.3054,tput=3.40] rank2[cuda2,share=0.2932,tput=1.96]
epoch 194: eval=0.9189
epoch 195: loss=0.068698, train_acc=0.9771, time=9.1s
per-rank: rank0[cuda0,share=0.3994,tput=3.31] rank1[cuda1,share=0.3056,tput=3.72] rank2[cuda2,share=0.2950,tput=2.33]
epoch 195: eval=0.9202
epoch 196: loss=0.066242, train_acc=0.9776, time=9.1s
per-rank: rank0[cuda0,share=0.3973,tput=2.99] rank1[cuda1,share=0.3058,tput=2.59] rank2[cuda2,share=0.2969,tput=3.49]
epoch 196: eval=0.9206
epoch 197: loss=0.064825, train_acc=0.9785, time=8.9s
per-rank: rank0[cuda0,share=0.3951,tput=3.43] rank1[cuda1,share=0.3060,tput=2.70] rank2[cuda2,share=0.2989,tput=3.18]
epoch 197: eval=0.9201
epoch 198: loss=0.064530, train_acc=0.9780, time=9.0s
per-rank: rank0[cuda0,share=0.3929,tput=3.56] rank1[cuda1,share=0.3062,tput=3.56] rank2[cuda2,share=0.3009,tput=2.40]
epoch 198: eval=0.9187
epoch 199: loss=0.064709, train_acc=0.9780, time=9.0s
per-rank: rank0[cuda0,share=0.3924,tput=2.57] rank1[cuda1,share=0.3064,tput=5.83] rank2[cuda2,share=0.3012,tput=2.27]
final eval=0.9204
# total: 1795.5s (29m 56s)
