# gpu0: NVIDIA GeForce RTX 5060 Ti (15GB, sm_120)
# gpu1: NVIDIA GeForce GTX 1060 6GB (5GB, sm_61)
# gpu2: NVIDIA GeForce GTX 1060 6GB (5GB, sm_61)
epoch 0: loss=1.986379, train_acc=0.2530, time=10.2s
per-rank: rank0[cuda0,share=0.3768,tput=4.25] rank1[cuda1,share=0.3225,tput=3.96] rank2[cuda2,share=0.3007,tput=2.08]
epoch 0: eval=0.3350
epoch 1: loss=1.654853, train_acc=0.3851, time=9.6s
per-rank: rank0[cuda0,share=0.3963,tput=3.74] rank1[cuda1,share=0.3247,tput=2.40] rank2[cuda2,share=0.2790,tput=2.95]
epoch 1: eval=0.4537
epoch 2: loss=1.464175, train_acc=0.4668, time=9.5s
per-rank: rank0[cuda0,share=0.4013,tput=2.78] rank1[cuda1,share=0.3221,tput=2.44] rank2[cuda2,share=0.2766,tput=5.23]
epoch 2: eval=0.4936
epoch 3: loss=1.260845, train_acc=0.5448, time=12.3s
per-rank: rank0[cuda0,share=0.4141,tput=2.08] rank1[cuda1,share=0.3064,tput=5.11] rank2[cuda2,share=0.2795,tput=3.39]
epoch 3: eval=0.5883
epoch 4: loss=1.120161, eval=0.5496, train_acc=0.6040, time=11.7s
per-rank: rank0[cuda0,share=0.4200,tput=2.45] rank1[cuda1,share=0.3027,tput=3.84] rank2[cuda2,share=0.2773,tput=2.54]
epoch 5: loss=1.052380, train_acc=0.6272, time=11.2s
per-rank: rank0[cuda0,share=0.4371,tput=2.09] rank1[cuda1,share=0.2976,tput=3.24] rank2[cuda2,share=0.2653,tput=4.92]
epoch 5: eval=0.6447
epoch 6: loss=0.959983, train_acc=0.6635, time=10.1s
per-rank: rank0[cuda0,share=0.4368,tput=2.66] rank1[cuda1,share=0.2984,tput=2.53] rank2[cuda2,share=0.2648,tput=3.94]
epoch 6: eval=0.6265
epoch 7: loss=0.896934, train_acc=0.6856, time=9.4s
per-rank: rank0[cuda0,share=0.4362,tput=2.56] rank1[cuda1,share=0.2991,tput=2.48] rank2[cuda2,share=0.2647,tput=3.87]
epoch 7: eval=0.6179
epoch 8: loss=0.843775, train_acc=0.7042, time=9.4s
per-rank: rank0[cuda0,share=0.4321,tput=2.85] rank1[cuda1,share=0.2991,tput=2.95] rank2[cuda2,share=0.2688,tput=2.74]
epoch 8: eval=0.7108
epoch 9: loss=0.801308, train_acc=0.7224, time=11.7s
per-rank: rank0[cuda0,share=0.4271,tput=2.11] rank1[cuda1,share=0.2986,tput=5.05] rank2[cuda2,share=0.2743,tput=3.17]
epoch 9: eval=0.6406
epoch 10: loss=0.771558, train_acc=0.7323, time=10.6s
per-rank: rank0[cuda0,share=0.4251,tput=2.60] rank1[cuda1,share=0.2987,tput=3.93] rank2[cuda2,share=0.2763,tput=2.33]
epoch 10: eval=0.7323
epoch 11: loss=0.745047, train_acc=0.7432, time=9.6s
per-rank: rank0[cuda0,share=0.4237,tput=2.78] rank1[cuda1,share=0.2985,tput=3.90] rank2[cuda2,share=0.2778,tput=2.29]
epoch 11: eval=0.6742
epoch 12: loss=0.723755, train_acc=0.7497, time=9.3s
per-rank: rank0[cuda0,share=0.4216,tput=3.38] rank1[cuda1,share=0.2996,tput=2.60] rank2[cuda2,share=0.2788,tput=2.87]
epoch 12: eval=0.7152
epoch 13: loss=0.704775, train_acc=0.7559, time=12.1s
per-rank: rank0[cuda0,share=0.4114,tput=2.00] rank1[cuda1,share=0.3039,tput=4.62] rank2[cuda2,share=0.2847,tput=3.60]
epoch 13: eval=0.7233
epoch 14: loss=0.682233, train_acc=0.7643, time=10.8s
per-rank: rank0[cuda0,share=0.4080,tput=2.36] rank1[cuda1,share=0.3040,tput=2.39] rank2[cuda2,share=0.2880,tput=4.02]
epoch 14: eval=0.7403
epoch 15: loss=0.675269, train_acc=0.7661, time=11.3s
per-rank: rank0[cuda0,share=0.4045,tput=2.07] rank1[cuda1,share=0.3040,tput=3.25] rank2[cuda2,share=0.2914,tput=5.05]
epoch 15: eval=0.7559
epoch 16: loss=0.662979, train_acc=0.7708, time=10.4s
per-rank: rank0[cuda0,share=0.4033,tput=2.61] rank1[cuda1,share=0.3029,tput=2.58] rank2[cuda2,share=0.2937,tput=3.65]
epoch 16: eval=0.7911
epoch 17: loss=0.637657, train_acc=0.7797, time=9.3s
per-rank: rank0[cuda0,share=0.4027,tput=3.51] rank1[cuda1,share=0.3024,tput=2.47] rank2[cuda2,share=0.2949,tput=2.83]
epoch 17: eval=0.7277
epoch 18: loss=0.635618, train_acc=0.7806, time=9.3s
per-rank: rank0[cuda0,share=0.4021,tput=2.05] rank1[cuda1,share=0.3018,tput=6.21] rank2[cuda2,share=0.2961,tput=2.21]
epoch 18: eval=0.7614
epoch 19: loss=0.632630, train_acc=0.7822, time=12.3s
per-rank: rank0[cuda0,share=0.4005,tput=1.94] rank1[cuda1,share=0.3013,tput=5.07] rank2[cuda2,share=0.2982,tput=3.44]
epoch 19: eval=0.7737
epoch 20: loss=0.612819, train_acc=0.7912, time=11.0s
per-rank: rank0[cuda0,share=0.3990,tput=3.07] rank1[cuda1,share=0.3009,tput=2.54] rank2[cuda2,share=0.3002,tput=3.80]
epoch 20: eval=0.7429
epoch 21: loss=0.610167, train_acc=0.7863, time=9.2s
per-rank: rank0[cuda0,share=0.3987,tput=4.32] rank2[cuda2,share=0.3015,tput=2.21] rank1[cuda1,share=0.2997,tput=2.75]
epoch 21: eval=0.6993
epoch 22: loss=0.588641, train_acc=0.7972, time=10.6s
per-rank: rank0[cuda0,share=0.3988,tput=2.19] rank2[cuda2,share=0.3031,tput=3.54] rank1[cuda1,share=0.2981,tput=4.24]
epoch 22: eval=0.7394
epoch 23: loss=0.595512, train_acc=0.7943, time=10.4s
per-rank: rank0[cuda0,share=0.4014,tput=3.27] rank2[cuda2,share=0.3026,tput=2.33] rank1[cuda1,share=0.2960,tput=3.21]
epoch 23: eval=0.7606
epoch 24: loss=0.584248, train_acc=0.7996, time=9.5s
per-rank: rank0[cuda0,share=0.4067,tput=3.13] rank2[cuda2,share=0.3015,tput=2.93] rank1[cuda1,share=0.2918,tput=2.59]
epoch 24: eval=0.7880
epoch 25: loss=0.596144, train_acc=0.7948, time=9.4s
per-rank: rank0[cuda0,share=0.4078,tput=2.73] rank2[cuda2,share=0.3017,tput=2.20] rank1[cuda1,share=0.2905,tput=4.48]
epoch 25: eval=0.7533
epoch 26: loss=0.581321, train_acc=0.7998, time=9.4s
per-rank: rank0[cuda0,share=0.4088,tput=2.30] rank2[cuda2,share=0.3020,tput=2.38] rank1[cuda1,share=0.2892,tput=5.68]
epoch 26: eval=0.7727
epoch 27: loss=0.582269, train_acc=0.7986, time=9.3s
per-rank: rank0[cuda0,share=0.4085,tput=2.81] rank2[cuda2,share=0.3030,tput=2.37] rank1[cuda1,share=0.2885,tput=3.72]
epoch 27: eval=0.7763
epoch 28: loss=0.552672, train_acc=0.8081, time=10.7s
per-rank: rank0[cuda0,share=0.4104,tput=2.24] rank2[cuda2,share=0.3036,tput=4.08] rank1[cuda1,share=0.2860,tput=3.80]
epoch 28: eval=0.7035
epoch 29: loss=0.564089, train_acc=0.8055, time=10.1s
per-rank: rank0[cuda0,share=0.4099,tput=2.49] rank2[cuda2,share=0.3030,tput=2.51] rank1[cuda1,share=0.2871,tput=3.84]
epoch 29: eval=0.7540
epoch 30: loss=0.555115, train_acc=0.8079, time=11.6s
per-rank: rank0[cuda0,share=0.4039,tput=2.02] rank2[cuda2,share=0.3034,tput=4.73] rank1[cuda1,share=0.2927,tput=3.84]
epoch 30: eval=0.7397
epoch 31: loss=0.547416, train_acc=0.8100, time=10.6s
per-rank: rank0[cuda0,share=0.3995,tput=2.87] rank2[cuda2,share=0.3039,tput=3.50] rank1[cuda1,share=0.2966,tput=2.54]
epoch 31: eval=0.7669
epoch 32: loss=0.542873, train_acc=0.8117, time=9.3s
per-rank: rank0[cuda0,share=0.3925,tput=3.99] rank2[cuda2,share=0.3040,tput=2.31] rank1[cuda1,share=0.3035,tput=3.00]
epoch 32: eval=0.8011
epoch 33: loss=0.542725, train_acc=0.8125, time=9.3s
per-rank: rank0[cuda0,share=0.3904,tput=2.35] rank1[cuda1,share=0.3055,tput=5.90] rank2[cuda2,share=0.3041,tput=2.20]
epoch 33: eval=0.7879
epoch 34: loss=0.544180, train_acc=0.8134, time=11.5s
per-rank: rank0[cuda0,share=0.3934,tput=2.00] rank1[cuda1,share=0.3040,tput=3.15] rank2[cuda2,share=0.3026,tput=4.80]
epoch 34: eval=0.7929
epoch 35: loss=0.538533, train_acc=0.8163, time=10.3s
per-rank: rank0[cuda0,share=0.3933,tput=2.43] rank1[cuda1,share=0.3040,tput=2.67] rank2[cuda2,share=0.3027,tput=3.75]
epoch 35: eval=0.7901
epoch 36: loss=0.535809, train_acc=0.8154, time=9.4s
per-rank: rank0[cuda0,share=0.3938,tput=2.47] rank2[cuda2,share=0.3033,tput=5.34] rank1[cuda1,share=0.3029,tput=2.25]
epoch 36: eval=0.7824
epoch 37: loss=0.535129, train_acc=0.8163, time=9.3s
per-rank: rank0[cuda0,share=0.3950,tput=2.53] rank2[cuda2,share=0.3045,tput=2.00] rank1[cuda1,share=0.3005,tput=6.71]
epoch 37: eval=0.7860
epoch 38: loss=0.526848, train_acc=0.8176, time=9.3s
per-rank: rank0[cuda0,share=0.3972,tput=3.60] rank2[cuda2,share=0.3043,tput=4.02] rank1[cuda1,share=0.2984,tput=2.42]
epoch 38: eval=0.7432
epoch 39: loss=0.527341, train_acc=0.8170, time=12.3s
per-rank: rank0[cuda0,share=0.4010,tput=2.00] rank2[cuda2,share=0.3034,tput=4.51] rank1[cuda1,share=0.2957,tput=3.57]
epoch 39: eval=0.7596
epoch 40: loss=0.530025, train_acc=0.8161, time=11.2s
per-rank: rank0[cuda0,share=0.4017,tput=1.88] rank2[cuda2,share=0.3022,tput=2.66] rank1[cuda1,share=0.2961,tput=4.14]
epoch 40: eval=0.7993
epoch 41: loss=0.517084, train_acc=0.8218, time=9.5s
per-rank: rank0[cuda0,share=0.3988,tput=2.75] rank2[cuda2,share=0.3020,tput=2.36] rank1[cuda1,share=0.2992,tput=3.81]
epoch 41: eval=0.7565
epoch 42: loss=0.527634, train_acc=0.8174, time=9.2s
per-rank: rank0[cuda0,share=0.3958,tput=3.26] rank1[cuda1,share=0.3024,tput=2.52] rank2[cuda2,share=0.3018,tput=4.28]
epoch 42: eval=0.7948
epoch 43: loss=0.508559, train_acc=0.8250, time=10.8s
per-rank: rank0[cuda0,share=0.3931,tput=2.11] rank1[cuda1,share=0.3072,tput=4.45] rank2[cuda2,share=0.2997,tput=3.33]
epoch 43: eval=0.7763
epoch 44: loss=0.525432, train_acc=0.8191, time=10.2s
per-rank: rank0[cuda0,share=0.3933,tput=2.85] rank1[cuda1,share=0.3089,tput=3.55] rank2[cuda2,share=0.2978,tput=2.48]
epoch 44: eval=0.7658
epoch 45: loss=0.503845, train_acc=0.8247, time=9.4s
per-rank: rank0[cuda0,share=0.3940,tput=3.59] rank1[cuda1,share=0.3110,tput=3.09] rank2[cuda2,share=0.2950,tput=2.36]
epoch 45: eval=0.7770
epoch 46: loss=0.517896, train_acc=0.8221, time=9.2s
per-rank: rank0[cuda0,share=0.3945,tput=4.21] rank1[cuda1,share=0.3116,tput=2.79] rank2[cuda2,share=0.2939,tput=3.06]
epoch 46: eval=0.7704
epoch 47: loss=0.512413, train_acc=0.8247, time=9.1s
per-rank: rank0[cuda0,share=0.3957,tput=2.22] rank1[cuda1,share=0.3109,tput=2.86] rank2[cuda2,share=0.2934,tput=4.86]
epoch 47: eval=0.7667
epoch 48: loss=0.500738, train_acc=0.8267, time=9.2s
per-rank: rank0[cuda0,share=0.3997,tput=3.46] rank1[cuda1,share=0.3089,tput=2.56] rank2[cuda2,share=0.2914,tput=2.88]
epoch 48: eval=0.7438
epoch 49: loss=0.512864, train_acc=0.8224, time=9.4s
per-rank: rank0[cuda0,share=0.4025,tput=3.59] rank1[cuda1,share=0.3074,tput=2.88] rank2[cuda2,share=0.2901,tput=2.43]
epoch 49: eval=0.7754
epoch 50: loss=0.493890, train_acc=0.8282, time=9.4s
per-rank: rank0[cuda0,share=0.4079,tput=2.56] rank1[cuda1,share=0.3047,tput=4.83] rank2[cuda2,share=0.2875,tput=2.28]
epoch 50: eval=0.7707
epoch 51: loss=0.506892, train_acc=0.8259, time=11.7s
per-rank: rank0[cuda0,share=0.4113,tput=2.08] rank1[cuda1,share=0.3018,tput=3.28] rank2[cuda2,share=0.2869,tput=4.87]
epoch 51: eval=0.7730
epoch 52: loss=0.511887, train_acc=0.8227, time=11.1s
per-rank: rank0[cuda0,share=0.4131,tput=1.91] rank1[cuda1,share=0.2998,tput=2.87] rank2[cuda2,share=0.2871,tput=4.12]
epoch 52: eval=0.7465
epoch 53: loss=0.497398, train_acc=0.8293, time=9.9s
per-rank: rank0[cuda0,share=0.4102,tput=2.84] rank1[cuda1,share=0.3008,tput=3.52] rank2[cuda2,share=0.2890,tput=2.43]
epoch 53: eval=0.8295
epoch 54: loss=0.493246, train_acc=0.8299, time=9.3s
per-rank: rank0[cuda0,share=0.4088,tput=3.38] rank1[cuda1,share=0.3013,tput=3.71] rank2[cuda2,share=0.2899,tput=2.12]
epoch 54: eval=0.6997
epoch 55: loss=0.496140, train_acc=0.8279, time=9.3s
per-rank: rank0[cuda0,share=0.4062,tput=3.84] rank1[cuda1,share=0.3004,tput=2.07] rank2[cuda2,share=0.2934,tput=3.30]
epoch 55: eval=0.8016
epoch 56: loss=0.492085, train_acc=0.8305, time=9.4s
per-rank: rank0[cuda0,share=0.4055,tput=2.44] rank1[cuda1,share=0.2996,tput=2.48] rank2[cuda2,share=0.2949,tput=5.06]
epoch 56: eval=0.7459
epoch 57: loss=0.502032, train_acc=0.8261, time=9.5s
per-rank: rank0[cuda0,share=0.4079,tput=3.40] rank1[cuda1,share=0.2960,tput=2.81] rank2[cuda2,share=0.2960,tput=2.50]
epoch 57: eval=0.8354
epoch 58: loss=0.490650, train_acc=0.8299, time=9.5s
per-rank: rank0[cuda0,share=0.4042,tput=2.38] rank1[cuda1,share=0.2987,tput=3.88] rank2[cuda2,share=0.2971,tput=2.54]
epoch 58: eval=0.7842
epoch 59: loss=0.496600, train_acc=0.8293, time=9.5s
per-rank: rank0[cuda0,share=0.4008,tput=2.57] rank1[cuda1,share=0.3013,tput=2.53] rank2[cuda2,share=0.2980,tput=3.80]
epoch 59: eval=0.7786
epoch 60: loss=0.494275, train_acc=0.8310, time=9.3s
per-rank: rank0[cuda0,share=0.3974,tput=2.94] rank1[cuda1,share=0.3038,tput=3.42] rank2[cuda2,share=0.2988,tput=2.48]
epoch 60: eval=0.7949
epoch 61: loss=0.476306, train_acc=0.8355, time=10.7s
per-rank: rank0[cuda0,share=0.3904,tput=2.09] rank1[cuda1,share=0.3079,tput=3.30] rank2[cuda2,share=0.3017,tput=4.78]
epoch 61: eval=0.8216
epoch 62: loss=0.478467, train_acc=0.8345, time=10.0s
per-rank: rank0[cuda0,share=0.3884,tput=3.49] rank1[cuda1,share=0.3094,tput=4.02] rank2[cuda2,share=0.3022,tput=1.96]
epoch 62: eval=0.7664
epoch 63: loss=0.492344, train_acc=0.8316, time=11.3s
per-rank: rank0[cuda0,share=0.3857,tput=2.08] rank1[cuda1,share=0.3122,tput=3.37] rank2[cuda2,share=0.3022,tput=4.74]
epoch 63: eval=0.7557
epoch 64: loss=0.489467, train_acc=0.8310, time=10.4s
per-rank: rank0[cuda0,share=0.3841,tput=2.55] rank1[cuda1,share=0.3137,tput=3.96] rank2[cuda2,share=0.3022,tput=2.29]
epoch 64: eval=0.7938
epoch 65: loss=0.474896, train_acc=0.8368, time=9.6s
per-rank: rank0[cuda0,share=0.3838,tput=2.34] rank1[cuda1,share=0.3137,tput=2.36] rank2[cuda2,share=0.3025,tput=5.22]
epoch 65: eval=0.7730
epoch 66: loss=0.490206, train_acc=0.8327, time=9.5s
per-rank: rank0[cuda0,share=0.3850,tput=2.39] rank1[cuda1,share=0.3130,tput=2.43] rank2[cuda2,share=0.3020,tput=4.99]
epoch 66: eval=0.7486
epoch 67: loss=0.476591, train_acc=0.8361, time=9.3s
per-rank: rank0[cuda0,share=0.3898,tput=3.32] rank1[cuda1,share=0.3103,tput=2.54] rank2[cuda2,share=0.2999,tput=3.06]
epoch 67: eval=0.8129
epoch 68: loss=0.484687, train_acc=0.8328, time=9.4s
per-rank: rank0[cuda0,share=0.3925,tput=2.09] rank1[cuda1,share=0.3098,tput=5.25] rank2[cuda2,share=0.2976,tput=2.50]
epoch 68: eval=0.7595
epoch 69: loss=0.477167, train_acc=0.8359, time=12.0s
per-rank: rank0[cuda0,share=0.3921,tput=1.93] rank1[cuda1,share=0.3110,tput=5.16] rank2[cuda2,share=0.2969,tput=3.48]
epoch 69: eval=0.7446
epoch 70: loss=0.465932, train_acc=0.8390, time=10.6s
per-rank: rank0[cuda0,share=0.3914,tput=2.68] rank1[cuda1,share=0.3102,tput=3.60] rank2[cuda2,share=0.2984,tput=2.77]
epoch 70: eval=0.7829
epoch 71: loss=0.476850, train_acc=0.8355, time=9.3s
per-rank: rank0[cuda0,share=0.3869,tput=3.65] rank1[cuda1,share=0.3101,tput=2.28] rank2[cuda2,share=0.3030,tput=3.31]
epoch 71: eval=0.8218
epoch 72: loss=0.474052, train_acc=0.8364, time=11.7s
per-rank: rank0[cuda0,share=0.3877,tput=1.99] rank1[cuda1,share=0.3090,tput=3.38] rank2[cuda2,share=0.3032,tput=4.78]
epoch 72: eval=0.7772
epoch 73: loss=0.472698, train_acc=0.8381, time=10.3s
per-rank: rank0[cuda0,share=0.3887,tput=2.16] rank1[cuda1,share=0.3082,tput=4.32] rank2[cuda2,share=0.3031,tput=2.59]
epoch 73: eval=0.8041
epoch 74: loss=0.474632, train_acc=0.8375, time=10.9s
per-rank: rank0[cuda0,share=0.3908,tput=2.22] rank1[cuda1,share=0.3064,tput=5.29] rank2[cuda2,share=0.3028,tput=2.98]
epoch 74: eval=0.7882
epoch 75: loss=0.463937, train_acc=0.8384, time=10.3s
per-rank: rank0[cuda0,share=0.3918,tput=3.07] rank1[cuda1,share=0.3056,tput=3.04] rank2[cuda2,share=0.3026,tput=2.73]
epoch 75: eval=0.7522
epoch 76: loss=0.473621, train_acc=0.8376, time=11.2s
per-rank: rank0[cuda0,share=0.3979,tput=2.15] rank1[cuda1,share=0.3030,tput=3.45] rank2[cuda2,share=0.2991,tput=5.06]
epoch 76: eval=0.8282
epoch 77: loss=0.472372, train_acc=0.8388, time=10.5s
per-rank: rank0[cuda0,share=0.4018,tput=2.22] rank1[cuda1,share=0.3011,tput=2.81] rank2[cuda2,share=0.2971,tput=3.56]
epoch 77: eval=0.8286
epoch 78: loss=0.470085, train_acc=0.8387, time=11.4s
per-rank: rank0[cuda0,share=0.4076,tput=2.21] rank1[cuda1,share=0.2988,tput=6.05] rank2[cuda2,share=0.2936,tput=2.63]
epoch 78: eval=0.8166
epoch 79: loss=0.474616, train_acc=0.8374, time=10.3s
per-rank: rank0[cuda0,share=0.4084,tput=2.44] rank1[cuda1,share=0.2990,tput=4.03] rank2[cuda2,share=0.2926,tput=2.50]
epoch 79: eval=0.8064
epoch 80: loss=0.473246, train_acc=0.8370, time=11.5s
per-rank: rank0[cuda0,share=0.4100,tput=2.15] rank1[cuda1,share=0.2993,tput=3.56] rank2[cuda2,share=0.2906,tput=4.84]
epoch 80: eval=0.7948
epoch 81: loss=0.466058, train_acc=0.8400, time=10.4s
per-rank: rank0[cuda0,share=0.4108,tput=2.32] rank1[cuda1,share=0.2995,tput=3.52] rank2[cuda2,share=0.2896,tput=2.88]
epoch 81: eval=0.8020
epoch 82: loss=0.465677, train_acc=0.8409, time=9.3s
per-rank: rank0[cuda0,share=0.4125,tput=3.59] rank1[cuda1,share=0.2982,tput=2.81] rank2[cuda2,share=0.2893,tput=2.56]
epoch 82: eval=0.7822
epoch 83: loss=0.471777, eval=0.8076, train_acc=0.8364, time=10.0s
per-rank: rank0[cuda0,share=0.4129,tput=3.20] rank1[cuda1,share=0.2971,tput=2.45] rank2[cuda2,share=0.2901,tput=3.38]
epoch 84: loss=0.459251, train_acc=0.8420, time=10.9s
per-rank: rank0[cuda0,share=0.4116,tput=2.16] rank1[cuda1,share=0.2979,tput=3.70] rank2[cuda2,share=0.2905,tput=3.99]
epoch 84: eval=0.7576
epoch 85: loss=0.472314, train_acc=0.8380, time=10.0s
per-rank: rank0[cuda0,share=0.4104,tput=2.76] rank1[cuda1,share=0.2986,tput=2.94] rank2[cuda2,share=0.2909,tput=2.83]
epoch 85: eval=0.7122
epoch 86: loss=0.477209, train_acc=0.8367, time=11.9s
per-rank: rank0[cuda0,share=0.4090,tput=2.02] rank1[cuda1,share=0.3001,tput=3.97] rank2[cuda2,share=0.2910,tput=4.15]
epoch 86: eval=0.8022
epoch 87: loss=0.473265, train_acc=0.8383, time=10.7s
per-rank: rank0[cuda0,share=0.4076,tput=2.16] rank1[cuda1,share=0.3014,tput=3.95] rank2[cuda2,share=0.2910,tput=2.55]
epoch 87: eval=0.7536
epoch 88: loss=0.470653, train_acc=0.8381, time=9.1s
per-rank: rank0[cuda0,share=0.4063,tput=2.64] rank1[cuda1,share=0.3026,tput=4.95] rank2[cuda2,share=0.2911,tput=2.44]
epoch 88: eval=0.8040
epoch 89: loss=0.468425, train_acc=0.8383, time=9.3s
per-rank: rank0[cuda0,share=0.4066,tput=2.46] rank1[cuda1,share=0.3030,tput=2.06] rank2[cuda2,share=0.2904,tput=6.20]
epoch 89: eval=0.7704
epoch 90: loss=0.474638, train_acc=0.8383, time=12.3s
per-rank: rank0[cuda0,share=0.4063,tput=1.95] rank1[cuda1,share=0.3027,tput=3.14] rank2[cuda2,share=0.2910,tput=5.57]
epoch 90: eval=0.7993
epoch 91: loss=0.470745, train_acc=0.8393, time=11.2s
per-rank: rank0[cuda0,share=0.4053,tput=1.93] rank1[cuda1,share=0.3035,tput=3.85] rank2[cuda2,share=0.2912,tput=2.74]
epoch 91: eval=0.7924
epoch 92: loss=0.467897, train_acc=0.8386, time=9.6s
per-rank: rank0[cuda0,share=0.4038,tput=3.05] rank1[cuda1,share=0.3037,tput=3.31] rank2[cuda2,share=0.2925,tput=2.37]
epoch 92: eval=0.7337
epoch 93: loss=0.466273, train_acc=0.8392, time=9.3s
per-rank: rank0[cuda0,share=0.4035,tput=3.76] rank1[cuda1,share=0.3034,tput=3.18] rank2[cuda2,share=0.2931,tput=2.21]
epoch 93: eval=0.8214
epoch 94: loss=0.466523, train_acc=0.8408, time=9.3s
per-rank: rank0[cuda0,share=0.4025,tput=3.10] rank1[cuda1,share=0.3036,tput=2.58] rank2[cuda2,share=0.2939,tput=3.19]
epoch 94: eval=0.7508
epoch 95: loss=0.462260, train_acc=0.8413, time=9.2s
per-rank: rank0[cuda0,share=0.4015,tput=2.36] rank1[cuda1,share=0.3037,tput=6.27] rank2[cuda2,share=0.2948,tput=2.20]
epoch 95: eval=0.8116
epoch 96: loss=0.465412, train_acc=0.8399, time=11.7s
per-rank: rank0[cuda0,share=0.4016,tput=2.02] rank1[cuda1,share=0.3020,tput=5.10] rank2[cuda2,share=0.2964,tput=3.35]
epoch 96: eval=0.7720
epoch 97: loss=0.468012, train_acc=0.8394, time=10.7s
per-rank: rank0[cuda0,share=0.4017,tput=2.58] rank1[cuda1,share=0.3002,tput=3.49] rank2[cuda2,share=0.2981,tput=2.61]
epoch 97: eval=0.7874
epoch 98: loss=0.465551, train_acc=0.8386, time=11.5s
per-rank: rank0[cuda0,share=0.4006,tput=2.09] rank2[cuda2,share=0.3023,tput=3.46] rank1[cuda1,share=0.2971,tput=4.77]
epoch 98: eval=0.8004
epoch 99: loss=0.457693, train_acc=0.8428, time=10.4s
per-rank: rank0[cuda0,share=0.4006,tput=2.12] rank2[cuda2,share=0.3023,tput=2.56] rank1[cuda1,share=0.2971,tput=4.03]
epoch 99: eval=0.8121
epoch 100: loss=0.346055, train_acc=0.8823, time=9.3s
per-rank: rank0[cuda0,share=0.4000,tput=3.17] rank2[cuda2,share=0.3034,tput=3.13] rank1[cuda1,share=0.2966,tput=2.57]
epoch 100: eval=0.8939
epoch 101: loss=0.251017, train_acc=0.9133, time=12.1s
per-rank: rank0[cuda0,share=0.3993,tput=1.96] rank2[cuda2,share=0.3046,tput=3.09] rank1[cuda1,share=0.2960,tput=4.88]
epoch 101: eval=0.8989
epoch 102: loss=0.235786, train_acc=0.9185, time=10.5s
per-rank: rank0[cuda0,share=0.3993,tput=2.08] rank2[cuda2,share=0.3046,tput=2.54] rank1[cuda1,share=0.2960,tput=4.30]
epoch 102: eval=0.8949
epoch 103: loss=0.225132, train_acc=0.9222, time=11.7s
per-rank: rank0[cuda0,share=0.3979,tput=2.05] rank2[cuda2,share=0.3036,tput=4.01] rank1[cuda1,share=0.2985,tput=3.94]
epoch 103: eval=0.9008
epoch 104: loss=0.223651, train_acc=0.9227, time=10.4s
per-rank: rank0[cuda0,share=0.3979,tput=2.72] rank2[cuda2,share=0.3036,tput=2.39] rank1[cuda1,share=0.2985,tput=3.84]
epoch 104: eval=0.9042
epoch 105: loss=0.213957, train_acc=0.9264, time=11.1s
per-rank: rank0[cuda0,share=0.3966,tput=2.14] rank2[cuda2,share=0.3026,tput=4.32] rank1[cuda1,share=0.3009,tput=3.72]
epoch 105: eval=0.9019
epoch 106: loss=0.209690, train_acc=0.9272, time=10.3s
per-rank: rank0[cuda0,share=0.3973,tput=2.65] rank1[cuda1,share=0.3013,tput=3.64] rank2[cuda2,share=0.3013,tput=2.55]
epoch 106: eval=0.9064
epoch 107: loss=0.203235, train_acc=0.9296, time=11.1s
per-rank: rank0[cuda0,share=0.3981,tput=2.20] rank1[cuda1,share=0.3018,tput=4.69] rank2[cuda2,share=0.3001,tput=3.34]
epoch 107: eval=0.9059
epoch 108: loss=0.200010, train_acc=0.9310, time=10.3s
per-rank: rank0[cuda0,share=0.3989,tput=2.47] rank1[cuda1,share=0.3023,tput=2.73] rank2[cuda2,share=0.2989,tput=3.55]
epoch 108: eval=0.9079
epoch 109: loss=0.194165, train_acc=0.9315, time=9.3s
per-rank: rank0[cuda0,share=0.3996,tput=3.65] rank1[cuda1,share=0.3027,tput=2.72] rank2[cuda2,share=0.2977,tput=2.52]
epoch 109: eval=0.9064
epoch 110: loss=0.193049, train_acc=0.9329, time=11.4s
per-rank: rank0[cuda0,share=0.4013,tput=2.14] rank1[cuda1,share=0.3014,tput=3.25] rank2[cuda2,share=0.2972,tput=4.67]
epoch 110: eval=0.9057
epoch 111: loss=0.189497, train_acc=0.9344, time=10.4s
per-rank: rank0[cuda0,share=0.4031,tput=2.37] rank1[cuda1,share=0.3001,tput=4.07] rank2[cuda2,share=0.2968,tput=2.56]
epoch 111: eval=0.9069
epoch 112: loss=0.184077, train_acc=0.9353, time=9.4s
per-rank: rank0[cuda0,share=0.4061,tput=3.44] rank1[cuda1,share=0.2981,tput=2.06] rank2[cuda2,share=0.2958,tput=3.35]
epoch 112: eval=0.9077
epoch 113: loss=0.185050, train_acc=0.9348, time=9.3s
per-rank: rank0[cuda0,share=0.4077,tput=2.87] rank1[cuda1,share=0.2968,tput=2.45] rank2[cuda2,share=0.2955,tput=3.54]
epoch 113: eval=0.9091
epoch 114: loss=0.184588, train_acc=0.9363, time=9.3s
per-rank: rank0[cuda0,share=0.4092,tput=3.25] rank1[cuda1,share=0.2956,tput=3.21] rank2[cuda2,share=0.2952,tput=2.42]
epoch 114: eval=0.9055
epoch 115: loss=0.178564, train_acc=0.9379, time=11.6s
per-rank: rank0[cuda0,share=0.4114,tput=2.08] rank2[cuda2,share=0.2954,tput=3.45] rank1[cuda1,share=0.2932,tput=4.64]
epoch 115: eval=0.9061
epoch 116: loss=0.177388, train_acc=0.9379, time=10.3s
per-rank: rank0[cuda0,share=0.4122,tput=2.43] rank2[cuda2,share=0.2963,tput=2.41] rank1[cuda1,share=0.2915,tput=4.50]
epoch 116: eval=0.9069
epoch 117: loss=0.176825, train_acc=0.9392, time=9.4s
per-rank: rank0[cuda0,share=0.4123,tput=3.42] rank2[cuda2,share=0.2967,tput=2.61] rank1[cuda1,share=0.2910,tput=2.73]
epoch 117: eval=0.9004
epoch 118: loss=0.172652, train_acc=0.9385, time=9.4s
per-rank: rank0[cuda0,share=0.4125,tput=3.57] rank2[cuda2,share=0.2971,tput=1.87] rank1[cuda1,share=0.2905,tput=3.76]
epoch 118: eval=0.9031
epoch 119: loss=0.167462, train_acc=0.9417, time=9.1s
per-rank: rank0[cuda0,share=0.4133,tput=2.42] rank2[cuda2,share=0.2961,tput=4.98] rank1[cuda1,share=0.2907,tput=2.63]
epoch 119: eval=0.9082
epoch 120: loss=0.170426, train_acc=0.9399, time=12.0s
per-rank: rank0[cuda0,share=0.4127,tput=2.05] rank1[cuda1,share=0.2948,tput=3.20] rank2[cuda2,share=0.2925,tput=4.92]
epoch 120: eval=0.9079
epoch 121: loss=0.166232, train_acc=0.9419, time=11.0s
per-rank: rank0[cuda0,share=0.4127,tput=1.86] rank1[cuda1,share=0.2948,tput=2.99] rank2[cuda2,share=0.2925,tput=3.75]
epoch 121: eval=0.9031
epoch 122: loss=0.164560, train_acc=0.9434, time=9.4s
per-rank: rank0[cuda0,share=0.4117,tput=3.13] rank1[cuda1,share=0.2964,tput=2.49] rank2[cuda2,share=0.2919,tput=3.41]
epoch 122: eval=0.9053
epoch 123: loss=0.162450, train_acc=0.9429, time=11.9s
per-rank: rank0[cuda0,share=0.4123,tput=2.06] rank1[cuda1,share=0.2972,tput=4.39] rank2[cuda2,share=0.2905,tput=3.78]
epoch 123: eval=0.9011
epoch 124: loss=0.162067, train_acc=0.9433, time=10.7s
per-rank: rank0[cuda0,share=0.4110,tput=2.08] rank1[cuda1,share=0.2981,tput=2.26] rank2[cuda2,share=0.2909,tput=4.57]
epoch 124: eval=0.9035
epoch 125: loss=0.160835, train_acc=0.9431, time=9.3s
per-rank: rank0[cuda0,share=0.4090,tput=3.46] rank1[cuda1,share=0.3002,tput=2.14] rank2[cuda2,share=0.2908,tput=4.71]
epoch 125: eval=0.9003
epoch 126: loss=0.157476, train_acc=0.9443, time=12.4s
per-rank: rank0[cuda0,share=0.4059,tput=1.87] rank1[cuda1,share=0.3013,tput=3.32] rank2[cuda2,share=0.2929,tput=4.96]
epoch 126: eval=0.9027
epoch 127: loss=0.160306, train_acc=0.9448, time=10.9s
per-rank: rank0[cuda0,share=0.4059,tput=1.96] rank1[cuda1,share=0.3013,tput=4.30] rank2[cuda2,share=0.2929,tput=2.49]
epoch 127: eval=0.9007
epoch 128: loss=0.154036, train_acc=0.9457, time=9.3s
per-rank: rank0[cuda0,share=0.4005,tput=3.43] rank1[cuda1,share=0.3024,tput=4.20] rank2[cuda2,share=0.2971,tput=1.90]
epoch 128: eval=0.9094
epoch 129: loss=0.153481, train_acc=0.9457, time=11.0s
per-rank: rank0[cuda0,share=0.3971,tput=2.06] rank1[cuda1,share=0.3032,tput=3.83] rank2[cuda2,share=0.2997,tput=4.35]
epoch 129: eval=0.9000
epoch 130: loss=0.151437, train_acc=0.9464, time=10.2s
per-rank: rank0[cuda0,share=0.3929,tput=3.24] rank1[cuda1,share=0.3054,tput=2.34] rank2[cuda2,share=0.3018,tput=3.43]
epoch 130: eval=0.8981
epoch 131: loss=0.152606, train_acc=0.9464, time=10.3s
per-rank: rank0[cuda0,share=0.3911,tput=2.17] rank1[cuda1,share=0.3063,tput=2.92] rank2[cuda2,share=0.3026,tput=4.86]
epoch 131: eval=0.8920
epoch 132: loss=0.152975, train_acc=0.9460, time=9.7s
per-rank: rank0[cuda0,share=0.3893,tput=3.10] rank1[cuda1,share=0.3071,tput=3.68] rank2[cuda2,share=0.3035,tput=2.14]
epoch 132: eval=0.8971
epoch 133: loss=0.151635, train_acc=0.9469, time=9.4s
per-rank: rank0[cuda0,share=0.3911,tput=3.24] rank1[cuda1,share=0.3072,tput=4.65] rank2[cuda2,share=0.3018,tput=2.21]
epoch 133: eval=0.9043
epoch 134: loss=0.149888, train_acc=0.9467, time=9.3s
per-rank: rank0[cuda0,share=0.3927,tput=3.46] rank1[cuda1,share=0.3072,tput=2.92] rank2[cuda2,share=0.3001,tput=2.48]
epoch 134: eval=0.9004
epoch 135: loss=0.145529, train_acc=0.9488, time=11.3s
per-rank: rank0[cuda0,share=0.3977,tput=2.18] rank1[cuda1,share=0.3061,tput=4.44] rank2[cuda2,share=0.2962,tput=3.62]
epoch 135: eval=0.9032
epoch 136: loss=0.149192, train_acc=0.9474, time=10.4s
per-rank: rank0[cuda0,share=0.4009,tput=2.57] rank1[cuda1,share=0.3052,tput=2.60] rank2[cuda2,share=0.2940,tput=3.61]
epoch 136: eval=0.9061
epoch 137: loss=0.148390, train_acc=0.9476, time=9.3s
per-rank: rank0[cuda0,share=0.4053,tput=3.00] rank1[cuda1,share=0.3020,tput=2.40] rank2[cuda2,share=0.2927,tput=4.64]
epoch 137: eval=0.9051
epoch 138: loss=0.145358, train_acc=0.9493, time=9.5s
per-rank: rank0[cuda0,share=0.4076,tput=2.00] rank1[cuda1,share=0.2998,tput=5.83] rank2[cuda2,share=0.2925,tput=2.49]
epoch 138: eval=0.8971
epoch 139: loss=0.149253, train_acc=0.9471, time=12.5s
per-rank: rank0[cuda0,share=0.4107,tput=1.88] rank1[cuda1,share=0.2965,tput=3.24] rank2[cuda2,share=0.2928,tput=4.79]
epoch 139: eval=0.9024
epoch 140: loss=0.150202, train_acc=0.9469, time=11.2s
per-rank: rank0[cuda0,share=0.4094,tput=2.03] rank1[cuda1,share=0.2953,tput=2.96] rank2[cuda2,share=0.2953,tput=3.79]
epoch 140: eval=0.9056
epoch 141: loss=0.141299, train_acc=0.9502, time=9.6s
per-rank: rank0[cuda0,share=0.4076,tput=2.79] rank2[cuda2,share=0.2973,tput=2.47] rank1[cuda1,share=0.2951,tput=3.64]
epoch 141: eval=0.8973
epoch 142: loss=0.142146, train_acc=0.9502, time=9.4s
per-rank: rank0[cuda0,share=0.4044,tput=2.73] rank2[cuda2,share=0.2999,tput=4.98] rank1[cuda1,share=0.2956,tput=2.22]
epoch 142: eval=0.9033
epoch 143: loss=0.142201, train_acc=0.9496, time=9.4s
per-rank: rank0[cuda0,share=0.4012,tput=2.87] rank2[cuda2,share=0.3027,tput=2.11] rank1[cuda1,share=0.2961,tput=5.02]
epoch 143: eval=0.8966
epoch 144: loss=0.142988, train_acc=0.9494, time=9.4s
per-rank: rank0[cuda0,share=0.3952,tput=2.92] rank2[cuda2,share=0.3058,tput=5.25] rank1[cuda1,share=0.2990,tput=2.12]
epoch 144: eval=0.9048
epoch 145: loss=0.140971, train_acc=0.9506, time=9.1s
per-rank: rank0[cuda0,share=0.3941,tput=3.75] rank2[cuda2,share=0.3063,tput=3.12] rank1[cuda1,share=0.2995,tput=2.38]
epoch 145: eval=0.8992
epoch 146: loss=0.139665, train_acc=0.9491, time=11.5s
per-rank: rank0[cuda0,share=0.3924,tput=2.12] rank2[cuda2,share=0.3064,tput=3.85] rank1[cuda1,share=0.3013,tput=4.50]
epoch 146: eval=0.8980
epoch 147: loss=0.141322, train_acc=0.9499, time=10.6s
per-rank: rank0[cuda0,share=0.3929,tput=2.28] rank2[cuda2,share=0.3052,tput=3.31] rank1[cuda1,share=0.3018,tput=2.91]
epoch 147: eval=0.8878
epoch 148: loss=0.143648, train_acc=0.9493, time=9.2s
per-rank: rank0[cuda0,share=0.3935,tput=3.46] rank2[cuda2,share=0.3041,tput=3.04] rank1[cuda1,share=0.3024,tput=2.57]
epoch 148: eval=0.8993
epoch 149: loss=0.144393, train_acc=0.9486, time=11.5s
per-rank: rank0[cuda0,share=0.3983,tput=2.13] rank1[cuda1,share=0.3023,tput=6.01] rank2[cuda2,share=0.2993,tput=2.71]
epoch 149: eval=0.9091
epoch 150: loss=0.107335, train_acc=0.9631, time=10.4s
per-rank: rank0[cuda0,share=0.3983,tput=2.55] rank1[cuda1,share=0.3023,tput=2.95] rank2[cuda2,share=0.2993,tput=3.21]
epoch 150: eval=0.9135
epoch 151: loss=0.093269, train_acc=0.9681, time=9.2s
per-rank: rank0[cuda0,share=0.4058,tput=4.75] rank1[cuda1,share=0.3009,tput=3.18] rank2[cuda2,share=0.2933,tput=2.27]
epoch 151: eval=0.9142
epoch 152: loss=0.089529, train_acc=0.9696, time=11.5s
per-rank: rank0[cuda0,share=0.4079,tput=2.14] rank1[cuda1,share=0.3013,tput=5.20] rank2[cuda2,share=0.2907,tput=3.26]
epoch 152: eval=0.9151
epoch 153: loss=0.086866, train_acc=0.9712, time=10.5s
per-rank: rank0[cuda0,share=0.4100,tput=2.12] rank1[cuda1,share=0.3018,tput=3.83] rank2[cuda2,share=0.2882,tput=2.56]
epoch 153: eval=0.9151
epoch 154: loss=0.086861, train_acc=0.9706, time=11.4s
per-rank: rank0[cuda0,share=0.4101,tput=2.12] rank1[cuda1,share=0.3032,tput=4.94] rank2[cuda2,share=0.2866,tput=3.08]
epoch 154: eval=0.9157
epoch 155: loss=0.083219, train_acc=0.9724, time=10.3s
per-rank: rank0[cuda0,share=0.4111,tput=2.73] rank1[cuda1,share=0.3033,tput=2.48] rank2[cuda2,share=0.2857,tput=3.84]
epoch 155: eval=0.9161
epoch 156: loss=0.081346, train_acc=0.9726, time=11.8s
per-rank: rank0[cuda0,share=0.4107,tput=2.10] rank1[cuda1,share=0.3040,tput=2.91] rank2[cuda2,share=0.2853,tput=5.66]
epoch 156: eval=0.9151
epoch 157: loss=0.080496, train_acc=0.9733, time=10.5s
per-rank: rank0[cuda0,share=0.4104,tput=2.06] rank1[cuda1,share=0.3047,tput=2.75] rank2[cuda2,share=0.2849,tput=3.86]
epoch 157: eval=0.9145
epoch 158: loss=0.080584, train_acc=0.9734, time=9.6s
per-rank: rank0[cuda0,share=0.4099,tput=1.80] rank1[cuda1,share=0.3039,tput=5.91] rank2[cuda2,share=0.2861,tput=2.61]
epoch 158: eval=0.9145
epoch 159: loss=0.081232, train_acc=0.9736, time=9.5s
per-rank: rank0[cuda0,share=0.4082,tput=3.20] rank1[cuda1,share=0.3039,tput=2.99] rank2[cuda2,share=0.2879,tput=2.53]
epoch 159: eval=0.9158
epoch 160: loss=0.078718, train_acc=0.9737, time=11.8s
per-rank: rank0[cuda0,share=0.4023,tput=1.92] rank1[cuda1,share=0.3027,tput=3.42] rank2[cuda2,share=0.2950,tput=4.64]
epoch 160: eval=0.9157
epoch 161: loss=0.077470, train_acc=0.9741, time=10.5s
per-rank: rank0[cuda0,share=0.3983,tput=2.74] rank1[cuda1,share=0.3028,tput=2.94] rank2[cuda2,share=0.2989,tput=3.37]
epoch 161: eval=0.9154
epoch 162: loss=0.080148, train_acc=0.9723, time=9.3s
per-rank: rank0[cuda0,share=0.3962,tput=3.79] rank1[cuda1,share=0.3020,tput=2.45] rank2[cuda2,share=0.3018,tput=3.66]
epoch 162: eval=0.9137
epoch 163: loss=0.080153, train_acc=0.9727, time=9.4s
per-rank: rank0[cuda0,share=0.3940,tput=2.67] rank2[cuda2,share=0.3048,tput=5.02] rank1[cuda1,share=0.3012,tput=2.33]
epoch 163: eval=0.9151
epoch 164: loss=0.078235, train_acc=0.9732, time=12.0s
per-rank: rank0[cuda0,share=0.3880,tput=1.93] rank2[cuda2,share=0.3080,tput=3.20] rank1[cuda1,share=0.3040,tput=5.09]
epoch 164: eval=0.9139
epoch 165: loss=0.075576, train_acc=0.9748, time=10.5s
per-rank: rank0[cuda0,share=0.3880,tput=2.38] rank2[cuda2,share=0.3080,tput=3.84] rank1[cuda1,share=0.3040,tput=2.58]
epoch 165: eval=0.9157
epoch 166: loss=0.075914, train_acc=0.9751, time=9.3s
per-rank: rank0[cuda0,share=0.3828,tput=2.06] rank2[cuda2,share=0.3099,tput=6.01] rank1[cuda1,share=0.3072,tput=2.47]
epoch 166: eval=0.9151
epoch 167: loss=0.074572, train_acc=0.9752, time=9.3s
per-rank: rank0[cuda0,share=0.3823,tput=2.84] rank2[cuda2,share=0.3106,tput=5.44] rank1[cuda1,share=0.3071,tput=1.90]
epoch 167: eval=0.9146
epoch 168: loss=0.073679, train_acc=0.9755, time=10.6s
per-rank: rank0[cuda0,share=0.3824,tput=2.17] rank2[cuda2,share=0.3102,tput=3.51] rank1[cuda1,share=0.3075,tput=3.92]
epoch 168: eval=0.9117
epoch 169: loss=0.072958, train_acc=0.9758, time=10.0s
per-rank: rank0[cuda0,share=0.3839,tput=2.42] rank2[cuda2,share=0.3090,tput=3.46] rank1[cuda1,share=0.3071,tput=2.68]
epoch 169: eval=0.9127
epoch 170: loss=0.074944, train_acc=0.9745, time=11.5s
per-rank: rank0[cuda0,share=0.3872,tput=2.03] rank2[cuda2,share=0.3097,tput=3.40] rank1[cuda1,share=0.3031,tput=4.57]
epoch 170: eval=0.9129
epoch 171: loss=0.070840, train_acc=0.9759, time=10.4s
per-rank: rank0[cuda0,share=0.3879,tput=2.69] rank2[cuda2,share=0.3105,tput=3.29] rank1[cuda1,share=0.3016,tput=2.79]
epoch 171: eval=0.9143
epoch 172: loss=0.072885, train_acc=0.9754, time=11.4s
per-rank: rank0[cuda0,share=0.3885,tput=2.08] rank2[cuda2,share=0.3113,tput=3.16] rank1[cuda1,share=0.3002,tput=5.37]
epoch 172: eval=0.9140
epoch 173: loss=0.072157, train_acc=0.9757, time=10.4s
per-rank: rank0[cuda0,share=0.3891,tput=2.59] rank2[cuda2,share=0.3121,tput=2.44] rank1[cuda1,share=0.2988,tput=3.45]
epoch 173: eval=0.9128
epoch 174: loss=0.071939, train_acc=0.9755, time=11.2s
per-rank: rank0[cuda0,share=0.3930,tput=2.11] rank2[cuda2,share=0.3123,tput=3.47] rank1[cuda1,share=0.2946,tput=4.45]
epoch 174: eval=0.9146
epoch 175: loss=0.072333, train_acc=0.9757, time=10.3s
per-rank: rank0[cuda0,share=0.3955,tput=2.82] rank2[cuda2,share=0.3110,tput=3.21] rank1[cuda1,share=0.2936,tput=2.73]
epoch 175: eval=0.9129
epoch 176: loss=0.070309, train_acc=0.9763, time=9.3s
per-rank: rank0[cuda0,share=0.3967,tput=2.69] rank2[cuda2,share=0.3102,tput=4.87] rank1[cuda1,share=0.2931,tput=2.22]
epoch 176: eval=0.9139
epoch 177: loss=0.070145, train_acc=0.9758, time=9.5s
per-rank: rank0[cuda0,share=0.3992,tput=3.79] rank2[cuda2,share=0.3089,tput=3.98] rank1[cuda1,share=0.2920,tput=2.63]
epoch 177: eval=0.9132
epoch 178: loss=0.069785, train_acc=0.9763, time=9.3s
per-rank: rank0[cuda0,share=0.4010,tput=2.47] rank2[cuda2,share=0.3070,tput=2.24] rank1[cuda1,share=0.2919,tput=5.59]
epoch 178: eval=0.9125
epoch 179: loss=0.071886, train_acc=0.9756, time=9.2s
per-rank: rank0[cuda0,share=0.4020,tput=2.44] rank2[cuda2,share=0.3045,tput=1.90] rank1[cuda1,share=0.2934,tput=6.70]
epoch 179: eval=0.9127
epoch 180: loss=0.068901, train_acc=0.9768, time=9.2s
per-rank: rank0[cuda0,share=0.4030,tput=2.88] rank2[cuda2,share=0.3021,tput=2.45] rank1[cuda1,share=0.2949,tput=3.55]
epoch 180: eval=0.9155
epoch 181: loss=0.070297, train_acc=0.9763, time=9.3s
per-rank: rank0[cuda0,share=0.4034,tput=3.46] rank2[cuda2,share=0.2998,tput=3.00] rank1[cuda1,share=0.2968,tput=2.46]
epoch 181: eval=0.9125
epoch 182: loss=0.066171, train_acc=0.9778, time=9.3s
per-rank: rank0[cuda0,share=0.4050,tput=3.65] rank2[cuda2,share=0.2980,tput=3.64] rank1[cuda1,share=0.2970,tput=2.59]
epoch 182: eval=0.9135
epoch 183: loss=0.069842, train_acc=0.9764, time=10.8s
per-rank: rank0[cuda0,share=0.4047,tput=2.23] rank1[cuda1,share=0.2990,tput=5.09] rank2[cuda2,share=0.2963,tput=2.93]
epoch 183: eval=0.9146
epoch 184: loss=0.067883, train_acc=0.9768, time=10.1s
per-rank: rank0[cuda0,share=0.4057,tput=2.99] rank1[cuda1,share=0.3004,tput=2.67] rank2[cuda2,share=0.2939,tput=3.13]
epoch 184: eval=0.9138
epoch 185: loss=0.068193, train_acc=0.9772, time=9.3s
per-rank: rank0[cuda0,share=0.4067,tput=2.51] rank1[cuda1,share=0.3017,tput=4.83] rank2[cuda2,share=0.2916,tput=2.62]
epoch 185: eval=0.9145
epoch 186: loss=0.067160, train_acc=0.9773, time=12.2s
per-rank: rank0[cuda0,share=0.4066,tput=1.98] rank1[cuda1,share=0.3036,tput=2.99] rank2[cuda2,share=0.2899,tput=5.79]
epoch 186: eval=0.9152
epoch 187: loss=0.067133, train_acc=0.9780, time=10.6s
per-rank: rank0[cuda0,share=0.4053,tput=2.25] rank1[cuda1,share=0.3046,tput=3.50] rank2[cuda2,share=0.2900,tput=2.97]
epoch 187: eval=0.9156
epoch 188: loss=0.065705, train_acc=0.9774, time=9.3s
per-rank: rank0[cuda0,share=0.4049,tput=2.23] rank1[cuda1,share=0.3043,tput=5.64] rank2[cuda2,share=0.2908,tput=2.25]
epoch 188: eval=0.9134
epoch 189: loss=0.064894, train_acc=0.9777, time=9.2s
per-rank: rank0[cuda0,share=0.4033,tput=2.23] rank1[cuda1,share=0.3046,tput=2.32] rank2[cuda2,share=0.2921,tput=6.14]
epoch 189: eval=0.9136
epoch 190: loss=0.064844, train_acc=0.9784, time=9.3s
per-rank: rank0[cuda0,share=0.4040,tput=2.51] rank1[cuda1,share=0.3017,tput=2.09] rank2[cuda2,share=0.2943,tput=5.65]
epoch 190: eval=0.9143
epoch 191: loss=0.064484, train_acc=0.9786, time=11.9s
per-rank: rank0[cuda0,share=0.4030,tput=1.97] rank1[cuda1,share=0.3009,tput=3.70] rank2[cuda2,share=0.2961,tput=4.66]
epoch 191: eval=0.9139
epoch 192: loss=0.063166, train_acc=0.9786, time=10.6s
per-rank: rank0[cuda0,share=0.4026,tput=2.04] rank1[cuda1,share=0.2990,tput=4.42] rank2[cuda2,share=0.2984,tput=2.56]
epoch 192: eval=0.9147
epoch 193: loss=0.065522, train_acc=0.9773, time=11.0s
per-rank: rank0[cuda0,share=0.3982,tput=2.18] rank2[cuda2,share=0.3040,tput=3.79] rank1[cuda1,share=0.2978,tput=3.97]
epoch 193: eval=0.9134
epoch 194: loss=0.063905, train_acc=0.9787, time=10.4s
per-rank: rank0[cuda0,share=0.3982,tput=2.80] rank2[cuda2,share=0.3040,tput=2.16] rank1[cuda1,share=0.2978,tput=4.05]
epoch 194: eval=0.9139
epoch 195: loss=0.063800, train_acc=0.9787, time=9.5s
per-rank: rank0[cuda0,share=0.3966,tput=3.35] rank2[cuda2,share=0.3057,tput=2.48] rank1[cuda1,share=0.2978,tput=3.22]
epoch 195: eval=0.9125
epoch 196: loss=0.063495, train_acc=0.9788, time=9.5s
per-rank: rank0[cuda0,share=0.3963,tput=3.50] rank2[cuda2,share=0.3055,tput=3.38] rank1[cuda1,share=0.2982,tput=2.14]
epoch 196: eval=0.9135
epoch 197: loss=0.062812, train_acc=0.9785, time=9.3s
per-rank: rank0[cuda0,share=0.3974,tput=2.87] rank2[cuda2,share=0.3047,tput=3.21] rank1[cuda1,share=0.2979,tput=2.73]
epoch 197: eval=0.9133
epoch 198: loss=0.062211, train_acc=0.9797, time=11.6s
per-rank: rank0[cuda0,share=0.3978,tput=2.05] rank2[cuda2,share=0.3034,tput=3.85] rank1[cuda1,share=0.2988,tput=3.97]
epoch 198: eval=0.9123
epoch 199: loss=0.063926, train_acc=0.9789, time=10.7s
per-rank: rank0[cuda0,share=0.3983,tput=2.71] rank2[cuda2,share=0.3021,tput=2.36] rank1[cuda1,share=0.2996,tput=3.58]
final eval=0.9124
# total: 1855.1s (30m 55s)
