# gpu0: NVIDIA GeForce RTX 5060 Ti (15GB, sm_120)
# gpu1: NVIDIA GeForce GTX 1060 6GB (5GB, sm_61)
# gpu2: NVIDIA GeForce GTX 1060 6GB (5GB, sm_61)
epoch 0: loss=2.040248, train_acc=0.2330, time=9.3s
per-rank: rank0[cuda0,share=0.3785,tput=3.38] rank1[cuda1,share=0.3152,tput=5.01] rank2[cuda2,share=0.3063,tput=3.80]
epoch 0: eval=0.2921
epoch 1: loss=1.718034, train_acc=0.3528, time=8.9s
per-rank: rank0[cuda0,share=0.4167,tput=2.41] rank2[cuda2,share=0.2946,tput=2.47] rank1[cuda1,share=0.2888,tput=6.33]
epoch 1: eval=0.3903
epoch 2: loss=1.548809, train_acc=0.4282, time=11.5s
per-rank: rank0[cuda0,share=0.4074,tput=2.16] rank1[cuda1,share=0.2985,tput=5.45] rank2[cuda2,share=0.2941,tput=3.55]
epoch 2: eval=0.4486
epoch 3: loss=1.392597, train_acc=0.4940, time=10.2s
per-rank: rank0[cuda0,share=0.3931,tput=2.09] rank2[cuda2,share=0.3057,tput=3.17] rank1[cuda1,share=0.3011,tput=4.01]
epoch 3: eval=0.5274
epoch 4: loss=1.232836, train_acc=0.5563, time=9.1s
per-rank: rank0[cuda0,share=0.3957,tput=2.91] rank2[cuda2,share=0.3046,tput=5.43] rank1[cuda1,share=0.2998,tput=2.30]
epoch 4: eval=0.5445
epoch 5: loss=1.101763, train_acc=0.6061, time=9.2s
per-rank: rank0[cuda0,share=0.3898,tput=3.42] rank1[cuda1,share=0.3051,tput=2.55] rank2[cuda2,share=0.3051,tput=3.62]
epoch 5: eval=0.6397
epoch 6: loss=1.014368, train_acc=0.6438, time=9.0s
per-rank: rank0[cuda0,share=0.3731,tput=3.05] rank1[cuda1,share=0.3134,tput=3.98] rank2[cuda2,share=0.3134,tput=2.73]
epoch 6: eval=0.6686
epoch 7: loss=0.950896, train_acc=0.6656, time=11.3s
per-rank: rank0[cuda0,share=0.3731,tput=2.08] rank2[cuda2,share=0.3147,tput=3.48] rank1[cuda1,share=0.3122,tput=5.70]
epoch 7: eval=0.5819
epoch 8: loss=0.876883, train_acc=0.6930, time=9.9s
per-rank: rank0[cuda0,share=0.3769,tput=2.30] rank1[cuda1,share=0.3120,tput=4.65] rank2[cuda2,share=0.3111,tput=2.74]
epoch 8: eval=0.7074
epoch 9: loss=0.819737, train_acc=0.7143, time=8.7s
per-rank: rank0[cuda0,share=0.3871,tput=4.39] rank1[cuda1,share=0.3090,tput=3.37] rank2[cuda2,share=0.3039,tput=2.35]
epoch 9: eval=0.6626
epoch 10: loss=0.787811, train_acc=0.7270, time=8.8s
per-rank: rank0[cuda0,share=0.3892,tput=2.92] rank1[cuda1,share=0.3085,tput=4.07] rank2[cuda2,share=0.3023,tput=2.63]
epoch 10: eval=0.7098
epoch 11: loss=0.747962, train_acc=0.7431, time=8.9s
per-rank: rank0[cuda0,share=0.3708,tput=3.67] rank1[cuda1,share=0.3197,tput=2.59] rank2[cuda2,share=0.3095,tput=3.55]
epoch 11: eval=0.6861
epoch 12: loss=0.725344, train_acc=0.7488, time=8.8s
per-rank: rank0[cuda0,share=0.3837,tput=3.09] rank1[cuda1,share=0.3175,tput=2.55] rank2[cuda2,share=0.2988,tput=5.26]
epoch 12: eval=0.7386
epoch 13: loss=0.702256, train_acc=0.7579, time=8.8s
per-rank: rank0[cuda0,share=0.4135,tput=3.67] rank1[cuda1,share=0.3100,tput=3.55] rank2[cuda2,share=0.2765,tput=2.33]
epoch 13: eval=0.7626
epoch 14: loss=0.690990, train_acc=0.7606, time=8.8s
per-rank: rank0[cuda0,share=0.4108,tput=3.18] rank1[cuda1,share=0.3120,tput=2.81] rank2[cuda2,share=0.2772,tput=3.88]
epoch 14: eval=0.7468
epoch 15: loss=0.667809, train_acc=0.7675, time=10.4s
per-rank: rank0[cuda0,share=0.3972,tput=2.22] rank1[cuda1,share=0.3136,tput=3.71] rank2[cuda2,share=0.2892,tput=4.99]
epoch 15: eval=0.7263
epoch 16: loss=0.647537, train_acc=0.7781, time=9.6s
per-rank: rank0[cuda0,share=0.4058,tput=2.78] rank1[cuda1,share=0.3031,tput=3.94] rank2[cuda2,share=0.2911,tput=2.66]
epoch 16: eval=0.7430
epoch 17: loss=0.626826, train_acc=0.7834, time=8.8s
per-rank: rank0[cuda0,share=0.3962,tput=2.88] rank1[cuda1,share=0.3124,tput=5.85] rank2[cuda2,share=0.2914,tput=2.45]
epoch 17: eval=0.7295
epoch 18: loss=0.610028, train_acc=0.7883, time=10.3s
per-rank: rank0[cuda0,share=0.3895,tput=2.24] rank1[cuda1,share=0.3095,tput=3.44] rank2[cuda2,share=0.3010,tput=5.38]
epoch 18: eval=0.7243
epoch 19: loss=0.609535, train_acc=0.7899, time=9.7s
per-rank: rank0[cuda0,share=0.3984,tput=2.84] rank2[cuda2,share=0.3085,tput=3.88] rank1[cuda1,share=0.2932,tput=2.67]
epoch 19: eval=0.7867
epoch 20: loss=0.602918, train_acc=0.7929, time=8.7s
per-rank: rank0[cuda0,share=0.4016,tput=3.48] rank1[cuda1,share=0.2992,tput=4.32] rank2[cuda2,share=0.2992,tput=2.18]
epoch 20: eval=0.7494
epoch 21: loss=0.594175, train_acc=0.7941, time=8.9s
per-rank: rank0[cuda0,share=0.3884,tput=3.25] rank1[cuda1,share=0.3182,tput=2.45] rank2[cuda2,share=0.2934,tput=3.89]
epoch 21: eval=0.7144
epoch 22: loss=0.581079, train_acc=0.7988, time=8.8s
per-rank: rank0[cuda0,share=0.3923,tput=4.09] rank2[cuda2,share=0.3068,tput=3.45] rank1[cuda1,share=0.3009,tput=2.16]
epoch 22: eval=0.7780
epoch 23: loss=0.580975, train_acc=0.8006, time=11.1s
per-rank: rank0[cuda0,share=0.4125,tput=2.21] rank2[cuda2,share=0.3050,tput=5.56] rank1[cuda1,share=0.2825,tput=3.57]
epoch 23: eval=0.8137
epoch 24: loss=0.559915, train_acc=0.8056, time=10.0s
per-rank: rank0[cuda0,share=0.4112,tput=2.68] rank2[cuda2,share=0.3023,tput=4.14] rank1[cuda1,share=0.2866,tput=2.69]
epoch 24: eval=0.7449
epoch 25: loss=0.560238, train_acc=0.8073, time=9.0s
per-rank: rank0[cuda0,share=0.4103,tput=2.19] rank2[cuda2,share=0.3014,tput=6.27] rank1[cuda1,share=0.2882,tput=2.69]
epoch 25: eval=0.7912
epoch 26: loss=0.551273, train_acc=0.8117, time=8.9s
per-rank: rank0[cuda0,share=0.3796,tput=2.89] rank1[cuda1,share=0.3153,tput=2.76] rank2[cuda2,share=0.3052,tput=3.86]
epoch 26: eval=0.7319
epoch 27: loss=0.544959, train_acc=0.8116, time=8.8s
per-rank: rank0[cuda0,share=0.3953,tput=3.04] rank1[cuda1,share=0.3113,tput=2.42] rank2[cuda2,share=0.2934,tput=5.17]
epoch 27: eval=0.7780
epoch 28: loss=0.549218, train_acc=0.8092, time=11.6s
per-rank: rank0[cuda0,share=0.4204,tput=2.27] rank1[cuda1,share=0.3027,tput=6.31] rank2[cuda2,share=0.2770,tput=3.47]
epoch 28: eval=0.7714
epoch 29: loss=0.540080, train_acc=0.8148, time=10.4s
per-rank: rank0[cuda0,share=0.4134,tput=2.31] rank1[cuda1,share=0.3062,tput=3.00] rank2[cuda2,share=0.2804,tput=4.01]
epoch 29: eval=0.8202
epoch 30: loss=0.532787, train_acc=0.8149, time=9.0s
per-rank: rank0[cuda0,share=0.4231,tput=3.54] rank1[cuda1,share=0.2986,tput=3.71] rank2[cuda2,share=0.2783,tput=2.27]
epoch 30: eval=0.7814
epoch 31: loss=0.522709, train_acc=0.8196, time=8.7s
per-rank: rank0[cuda0,share=0.4310,tput=3.86] rank1[cuda1,share=0.2953,tput=2.84] rank2[cuda2,share=0.2737,tput=2.95]
epoch 31: eval=0.8216
epoch 32: loss=0.523221, train_acc=0.8191, time=8.7s
per-rank: rank0[cuda0,share=0.4150,tput=4.42] rank1[cuda1,share=0.3121,tput=5.06] rank2[cuda2,share=0.2729,tput=2.65]
epoch 32: eval=0.7677
epoch 33: loss=0.527439, train_acc=0.8179, time=11.2s
per-rank: rank0[cuda0,share=0.3868,tput=2.13] rank1[cuda1,share=0.3141,tput=3.53] rank2[cuda2,share=0.2991,tput=5.59]
epoch 33: eval=0.8099
epoch 34: loss=0.516200, train_acc=0.8219, time=10.0s
per-rank: rank0[cuda0,share=0.3848,tput=2.69] rank1[cuda1,share=0.3153,tput=4.40] rank2[cuda2,share=0.2999,tput=2.40]
epoch 34: eval=0.7869
epoch 35: loss=0.505684, train_acc=0.8259, time=8.7s
per-rank: rank0[cuda0,share=0.4079,tput=3.48] rank1[cuda1,share=0.3051,tput=3.21] rank2[cuda2,share=0.2869,tput=2.85]
epoch 35: eval=0.7918
epoch 36: loss=0.507625, train_acc=0.8253, time=8.9s
per-rank: rank0[cuda0,share=0.4015,tput=3.87] rank2[cuda2,share=0.3077,tput=5.09] rank1[cuda1,share=0.2908,tput=2.44]
epoch 36: eval=0.7567
epoch 37: loss=0.512742, train_acc=0.8232, time=8.7s
per-rank: rank0[cuda0,share=0.4088,tput=3.76] rank2[cuda2,share=0.2998,tput=2.22] rank1[cuda1,share=0.2914,tput=3.94]
epoch 37: eval=0.8102
epoch 38: loss=0.508322, train_acc=0.8252, time=11.0s
per-rank: rank0[cuda0,share=0.4129,tput=2.30] rank2[cuda2,share=0.2969,tput=4.06] rank1[cuda1,share=0.2902,tput=5.07]
epoch 38: eval=0.7817
epoch 39: loss=0.499852, train_acc=0.8272, time=10.2s
per-rank: rank0[cuda0,share=0.4012,tput=2.31] rank2[cuda2,share=0.3030,tput=2.74] rank1[cuda1,share=0.2959,tput=4.17]
epoch 39: eval=0.7840
epoch 40: loss=0.503621, train_acc=0.8259, time=10.9s
per-rank: rank0[cuda0,share=0.3983,tput=2.23] rank1[cuda1,share=0.3084,tput=5.50] rank2[cuda2,share=0.2934,tput=3.55]
epoch 40: eval=0.7526
epoch 41: loss=0.506902, train_acc=0.8261, time=9.9s
per-rank: rank0[cuda0,share=0.4103,tput=2.61] rank1[cuda1,share=0.3034,tput=2.75] rank2[cuda2,share=0.2863,tput=3.89]
epoch 41: eval=0.7638
epoch 42: loss=0.492768, train_acc=0.8301, time=8.7s
per-rank: rank0[cuda0,share=0.4023,tput=2.44] rank2[cuda2,share=0.2994,tput=2.66] rank1[cuda1,share=0.2983,tput=5.98]
epoch 42: eval=0.7283
epoch 43: loss=0.485672, train_acc=0.8309, time=8.9s
per-rank: rank0[cuda0,share=0.4113,tput=2.72] rank2[cuda2,share=0.2993,tput=4.99] rank1[cuda1,share=0.2894,tput=2.67]
epoch 43: eval=0.8075
epoch 44: loss=0.504681, train_acc=0.8258, time=8.8s
per-rank: rank0[cuda0,share=0.4293,tput=2.43] rank1[cuda1,share=0.2986,tput=3.07] rank2[cuda2,share=0.2721,tput=5.07]
epoch 44: eval=0.7455
epoch 45: loss=0.494826, train_acc=0.8288, time=11.6s
per-rank: rank0[cuda0,share=0.4065,tput=2.16] rank1[cuda1,share=0.3126,tput=3.53] rank2[cuda2,share=0.2809,tput=5.86]
epoch 45: eval=0.7806
epoch 46: loss=0.484526, train_acc=0.8343, time=10.1s
per-rank: rank0[cuda0,share=0.3929,tput=2.73] rank1[cuda1,share=0.3109,tput=2.92] rank2[cuda2,share=0.2962,tput=3.81]
epoch 46: eval=0.8310
epoch 47: loss=0.478555, train_acc=0.8362, time=8.8s
per-rank: rank0[cuda0,share=0.4049,tput=2.51] rank1[cuda1,share=0.3077,tput=2.38] rank2[cuda2,share=0.2874,tput=6.27]
epoch 47: eval=0.7789
epoch 48: loss=0.477681, train_acc=0.8365, time=8.8s
per-rank: rank0[cuda0,share=0.3823,tput=2.83] rank1[cuda1,share=0.3153,tput=3.78] rank2[cuda2,share=0.3024,tput=2.65]
epoch 48: eval=0.8163
epoch 49: loss=0.480828, train_acc=0.8357, time=9.8s
per-rank: rank0[cuda0,share=0.3879,tput=2.24] rank1[cuda1,share=0.3103,tput=3.47] rank2[cuda2,share=0.3017,tput=4.80]
epoch 49: eval=0.8280
epoch 50: loss=0.481827, train_acc=0.8333, time=9.2s
per-rank: rank0[cuda0,share=0.4114,tput=3.45] rank1[cuda1,share=0.3059,tput=2.91] rank2[cuda2,share=0.2827,tput=3.16]
epoch 50: eval=0.7680
epoch 51: loss=0.474538, train_acc=0.8361, time=8.8s
per-rank: rank0[cuda0,share=0.4160,tput=2.49] rank1[cuda1,share=0.3074,tput=2.55] rank2[cuda2,share=0.2766,tput=6.29]
epoch 51: eval=0.7718
epoch 52: loss=0.473494, train_acc=0.8363, time=10.9s
per-rank: rank0[cuda0,share=0.4157,tput=2.28] rank1[cuda1,share=0.2982,tput=5.16] rank2[cuda2,share=0.2860,tput=3.58]
epoch 52: eval=0.8090
epoch 53: loss=0.479206, train_acc=0.8350, time=9.9s
per-rank: rank0[cuda0,share=0.4139,tput=2.53] rank1[cuda1,share=0.3019,tput=2.91] rank2[cuda2,share=0.2842,tput=4.07]
epoch 53: eval=0.7280
epoch 54: loss=0.472613, train_acc=0.8384, time=8.9s
per-rank: rank0[cuda0,share=0.4079,tput=3.78] rank1[cuda1,share=0.2988,tput=2.47] rank2[cuda2,share=0.2933,tput=3.53]
epoch 54: eval=0.7738
epoch 55: loss=0.469310, train_acc=0.8399, time=8.8s
per-rank: rank0[cuda0,share=0.3910,tput=2.91] rank1[cuda1,share=0.3114,tput=4.42] rank2[cuda2,share=0.2976,tput=2.32]
epoch 55: eval=0.7415
epoch 56: loss=0.459765, train_acc=0.8422, time=8.8s
per-rank: rank0[cuda0,share=0.3700,tput=2.67] rank1[cuda1,share=0.3275,tput=2.45] rank2[cuda2,share=0.3025,tput=5.83]
epoch 56: eval=0.8059
epoch 57: loss=0.471274, train_acc=0.8390, time=9.0s
per-rank: rank0[cuda0,share=0.3882,tput=2.08] rank1[cuda1,share=0.3118,tput=6.58] rank2[cuda2,share=0.3000,tput=2.64]
epoch 57: eval=0.7456
epoch 58: loss=0.465580, train_acc=0.8399, time=8.8s
per-rank: rank0[cuda0,share=0.3987,tput=4.12] rank1[cuda1,share=0.3072,tput=2.21] rank2[cuda2,share=0.2941,tput=3.75]
epoch 58: eval=0.8111
epoch 59: loss=0.467178, train_acc=0.8384, time=11.1s
per-rank: rank0[cuda0,share=0.3941,tput=2.23] rank2[cuda2,share=0.3075,tput=5.13] rank1[cuda1,share=0.2984,tput=3.98]
epoch 59: eval=0.7473
epoch 60: loss=0.459644, train_acc=0.8428, time=10.1s
per-rank: rank0[cuda0,share=0.3991,tput=2.14] rank1[cuda1,share=0.3061,tput=3.21] rank2[cuda2,share=0.2948,tput=3.52]
epoch 60: eval=0.8162
epoch 61: loss=0.451851, train_acc=0.8443, time=10.5s
per-rank: rank0[cuda0,share=0.3929,tput=2.21] rank1[cuda1,share=0.3105,tput=4.87] rank2[cuda2,share=0.2966,tput=3.42]
epoch 61: eval=0.7808
epoch 62: loss=0.454107, train_acc=0.8426, time=9.8s
per-rank: rank0[cuda0,share=0.3918,tput=2.94] rank1[cuda1,share=0.3137,tput=4.26] rank2[cuda2,share=0.2945,tput=2.53]
epoch 62: eval=0.8016
epoch 63: loss=0.477648, train_acc=0.8342, time=10.2s
per-rank: rank0[cuda0,share=0.4002,tput=2.35] rank1[cuda1,share=0.3140,tput=4.21] rank2[cuda2,share=0.2858,tput=4.61]
epoch 63: eval=0.7283
epoch 64: loss=0.475588, train_acc=0.8357, time=9.6s
per-rank: rank0[cuda0,share=0.4114,tput=3.07] rank1[cuda1,share=0.3099,tput=3.80] rank2[cuda2,share=0.2786,tput=2.60]
epoch 64: eval=0.8198
epoch 65: loss=0.469696, train_acc=0.8384, time=8.9s
per-rank: rank0[cuda0,share=0.4295,tput=3.74] rank1[cuda1,share=0.2936,tput=3.02] rank2[cuda2,share=0.2768,tput=2.67]
epoch 65: eval=0.6575
epoch 66: loss=0.466545, train_acc=0.8410, time=12.1s
per-rank: rank0[cuda0,share=0.4298,tput=2.21] rank2[cuda2,share=0.2860,tput=3.55] rank1[cuda1,share=0.2842,tput=5.90]
epoch 66: eval=0.8460
epoch 67: loss=0.457569, train_acc=0.8430, time=11.2s
per-rank: rank0[cuda0,share=0.4117,tput=2.20] rank1[cuda1,share=0.2999,tput=4.48] rank2[cuda2,share=0.2884,tput=2.77]
epoch 67: eval=0.8229
epoch 68: loss=0.447541, train_acc=0.8464, time=9.0s
per-rank: rank0[cuda0,share=0.4037,tput=3.55] rank1[cuda1,share=0.3014,tput=3.60] rank2[cuda2,share=0.2949,tput=2.54]
epoch 68: eval=0.8337
epoch 69: loss=0.455118, train_acc=0.8448, time=8.8s
per-rank: rank0[cuda0,share=0.3883,tput=2.18] rank1[cuda1,share=0.3070,tput=2.70] rank2[cuda2,share=0.3047,tput=5.96]
epoch 69: eval=0.7950
epoch 70: loss=0.446973, train_acc=0.8462, time=8.8s
per-rank: rank0[cuda0,share=0.3917,tput=3.74] rank2[cuda2,share=0.3085,tput=2.43] rank1[cuda1,share=0.2998,tput=3.59]
epoch 70: eval=0.8300
epoch 71: loss=0.454192, train_acc=0.8433, time=8.7s
per-rank: rank0[cuda0,share=0.3953,tput=3.58] rank1[cuda1,share=0.3033,tput=5.78] rank2[cuda2,share=0.3014,tput=2.32]
epoch 71: eval=0.8023
epoch 72: loss=0.446040, train_acc=0.8470, time=11.4s
per-rank: rank0[cuda0,share=0.3773,tput=2.11] rank1[cuda1,share=0.3196,tput=3.65] rank2[cuda2,share=0.3031,tput=5.36]
epoch 72: eval=0.7947
epoch 73: loss=0.451474, train_acc=0.8442, time=10.1s
per-rank: rank0[cuda0,share=0.3799,tput=2.65] rank1[cuda1,share=0.3213,tput=2.87] rank2[cuda2,share=0.2988,tput=3.61]
epoch 73: eval=0.7957
epoch 74: loss=0.514988, train_acc=0.8238, time=8.8s
per-rank: rank0[cuda0,share=0.3867,tput=2.89] rank1[cuda1,share=0.3166,tput=3.43] rank2[cuda2,share=0.2967,tput=2.91]
epoch 74: eval=0.7525
epoch 75: loss=0.503090, train_acc=0.8260, time=11.1s
per-rank: rank0[cuda0,share=0.3905,tput=2.10] rank1[cuda1,share=0.3141,tput=3.73] rank2[cuda2,share=0.2955,tput=4.84]
epoch 75: eval=0.8037
epoch 76: loss=0.497869, train_acc=0.8303, time=9.9s
per-rank: rank0[cuda0,share=0.3903,tput=2.51] rank1[cuda1,share=0.3116,tput=3.96] rank2[cuda2,share=0.2982,tput=2.79]
epoch 76: eval=0.7997
epoch 77: loss=0.500016, train_acc=0.8294, time=10.2s
per-rank: rank0[cuda0,share=0.3902,tput=2.32] rank1[cuda1,share=0.3099,tput=5.80] rank2[cuda2,share=0.2999,tput=3.28]
epoch 77: eval=0.7922
epoch 78: loss=0.488788, train_acc=0.8328, time=9.5s
per-rank: rank0[cuda0,share=0.3898,tput=3.31] rank1[cuda1,share=0.3089,tput=4.13] rank2[cuda2,share=0.3014,tput=2.20]
epoch 78: eval=0.8168
epoch 79: loss=0.484643, train_acc=0.8328, time=8.7s
per-rank: rank0[cuda0,share=0.3916,tput=3.80] rank1[cuda1,share=0.3067,tput=2.59] rank2[cuda2,share=0.3017,tput=3.27]
epoch 79: eval=0.7892
epoch 80: loss=0.489047, train_acc=0.8324, time=8.7s
per-rank: rank0[cuda0,share=0.3931,tput=3.74] rank1[cuda1,share=0.3050,tput=2.29] rank2[cuda2,share=0.3020,tput=3.58]
epoch 80: eval=0.8235
epoch 81: loss=0.478873, train_acc=0.8344, time=8.6s
per-rank: rank0[cuda0,share=0.3959,tput=2.36] rank1[cuda1,share=0.3028,tput=7.27] rank2[cuda2,share=0.3013,tput=2.25]
epoch 81: eval=0.7513
epoch 82: loss=0.486123, train_acc=0.8345, time=8.6s
per-rank: rank0[cuda0,share=0.3972,tput=2.71] rank1[cuda1,share=0.3024,tput=6.96] rank2[cuda2,share=0.3004,tput=2.24]
epoch 82: eval=0.7509
epoch 83: loss=0.487828, train_acc=0.8321, time=10.7s
per-rank: rank0[cuda0,share=0.3981,tput=2.26] rank1[cuda1,share=0.3023,tput=4.09] rank2[cuda2,share=0.2996,tput=4.53]
epoch 83: eval=0.7847
epoch 84: loss=0.488608, train_acc=0.8337, time=9.7s
per-rank: rank0[cuda0,share=0.3994,tput=2.43] rank1[cuda1,share=0.3015,tput=3.15] rank2[cuda2,share=0.2991,tput=3.75]
epoch 84: eval=0.8369
epoch 85: loss=0.487274, train_acc=0.8322, time=8.7s
per-rank: rank0[cuda0,share=0.3994,tput=2.58] rank1[cuda1,share=0.3015,tput=2.73] rank2[cuda2,share=0.2991,tput=5.78]
epoch 85: eval=0.7838
epoch 86: loss=0.476745, train_acc=0.8373, time=10.8s
per-rank: rank0[cuda0,share=0.4042,tput=2.25] rank1[cuda1,share=0.3014,tput=4.06] rank2[cuda2,share=0.2944,tput=4.53]
epoch 86: eval=0.8264
epoch 87: loss=0.483684, train_acc=0.8346, time=9.8s
per-rank: rank0[cuda0,share=0.4042,tput=2.59] rank1[cuda1,share=0.3014,tput=4.34] rank2[cuda2,share=0.2944,tput=2.49]
epoch 87: eval=0.7963
epoch 88: loss=0.483421, train_acc=0.8324, time=8.7s
per-rank: rank0[cuda0,share=0.4071,tput=2.28] rank1[cuda1,share=0.3016,tput=6.57] rank2[cuda2,share=0.2914,tput=2.68]
epoch 88: eval=0.8200
epoch 89: loss=0.475769, train_acc=0.8356, time=10.9s
per-rank: rank0[cuda0,share=0.4082,tput=2.29] rank1[cuda1,share=0.3026,tput=3.87] rank2[cuda2,share=0.2892,tput=5.49]
epoch 89: eval=0.7879
epoch 90: loss=0.475200, train_acc=0.8369, time=10.0s
per-rank: rank0[cuda0,share=0.4078,tput=2.98] rank1[cuda1,share=0.3044,tput=2.90] rank2[cuda2,share=0.2877,tput=3.64]
epoch 90: eval=0.7901
epoch 91: loss=0.476090, train_acc=0.8368, time=8.6s
per-rank: rank0[cuda0,share=0.4075,tput=2.80] rank1[cuda1,share=0.3062,tput=2.26] rank2[cuda2,share=0.2863,tput=6.67]
epoch 91: eval=0.8066
epoch 92: loss=0.476195, train_acc=0.8364, time=8.6s
per-rank: rank0[cuda0,share=0.4065,tput=3.93] rank1[cuda1,share=0.3075,tput=3.20] rank2[cuda2,share=0.2859,tput=2.63]
epoch 92: eval=0.7739
epoch 93: loss=0.485638, train_acc=0.8331, time=10.3s
per-rank: rank0[cuda0,share=0.4063,tput=2.38] rank1[cuda1,share=0.3076,tput=5.21] rank2[cuda2,share=0.2861,tput=3.47]
epoch 93: eval=0.7858
epoch 94: loss=0.470873, train_acc=0.8386, time=9.7s
per-rank: rank0[cuda0,share=0.4072,tput=3.05] rank1[cuda1,share=0.3071,tput=4.04] rank2[cuda2,share=0.2856,tput=2.40]
epoch 94: eval=0.7553
epoch 95: loss=0.477264, train_acc=0.8379, time=11.2s
per-rank: rank0[cuda0,share=0.4082,tput=2.22] rank1[cuda1,share=0.3066,tput=3.97] rank2[cuda2,share=0.2852,tput=4.92]
epoch 95: eval=0.8010
epoch 96: loss=0.483967, train_acc=0.8327, time=10.5s
per-rank: rank0[cuda0,share=0.4075,tput=2.07] rank1[cuda1,share=0.3069,tput=4.35] rank2[cuda2,share=0.2856,tput=2.90]
epoch 96: eval=0.8244
epoch 97: loss=0.478125, train_acc=0.8351, time=8.9s
per-rank: rank0[cuda0,share=0.4068,tput=3.54] rank1[cuda1,share=0.3072,tput=2.89] rank2[cuda2,share=0.2861,tput=3.31]
epoch 97: eval=0.8360
epoch 98: loss=0.474145, train_acc=0.8379, time=10.6s
per-rank: rank0[cuda0,share=0.4060,tput=2.33] rank1[cuda1,share=0.3075,tput=3.82] rank2[cuda2,share=0.2865,tput=5.68]
epoch 98: eval=0.7741
epoch 99: loss=0.469551, train_acc=0.8391, time=9.5s
per-rank: rank0[cuda0,share=0.4071,tput=3.35] rank1[cuda1,share=0.3068,tput=2.65] rank2[cuda2,share=0.2861,tput=3.70]
epoch 99: eval=0.7872
epoch 100: loss=0.357424, train_acc=0.8764, time=8.8s
per-rank: rank0[cuda0,share=0.4068,tput=3.37] rank1[cuda1,share=0.3069,tput=3.61] rank2[cuda2,share=0.2863,tput=2.63]
epoch 100: eval=0.8929
epoch 101: loss=0.254351, train_acc=0.9121, time=10.5s
per-rank: rank0[cuda0,share=0.4072,tput=2.23] rank1[cuda1,share=0.3058,tput=4.99] rank2[cuda2,share=0.2870,tput=3.51]
epoch 101: eval=0.8969
epoch 102: loss=0.235702, train_acc=0.9188, time=9.4s
per-rank: rank0[cuda0,share=0.4068,tput=3.48] rank1[cuda1,share=0.3061,tput=2.38] rank2[cuda2,share=0.2872,tput=3.85]
epoch 102: eval=0.8995
epoch 103: loss=0.228707, train_acc=0.9206, time=11.4s
per-rank: rank0[cuda0,share=0.4070,tput=2.08] rank1[cuda1,share=0.3052,tput=3.85] rank2[cuda2,share=0.2878,tput=5.14]
epoch 103: eval=0.9004
epoch 104: loss=0.222930, train_acc=0.9234, time=9.9s
per-rank: rank0[cuda0,share=0.4046,tput=2.53] rank1[cuda1,share=0.3058,tput=3.13] rank2[cuda2,share=0.2897,tput=3.59]
epoch 104: eval=0.9031
epoch 105: loss=0.214491, train_acc=0.9264, time=8.7s
per-rank: rank0[cuda0,share=0.4027,tput=4.68] rank1[cuda1,share=0.3067,tput=2.22] rank2[cuda2,share=0.2906,tput=3.35]
epoch 105: eval=0.9058
epoch 106: loss=0.207877, train_acc=0.9287, time=8.7s
per-rank: rank0[cuda0,share=0.4031,tput=4.03] rank1[cuda1,share=0.3057,tput=2.25] rank2[cuda2,share=0.2912,tput=3.58]
epoch 106: eval=0.9039
epoch 107: loss=0.203893, train_acc=0.9288, time=10.9s
per-rank: rank0[cuda0,share=0.4036,tput=2.23] rank1[cuda1,share=0.3046,tput=5.27] rank2[cuda2,share=0.2918,tput=3.67]
epoch 107: eval=0.9075
epoch 108: loss=0.201740, train_acc=0.9298, time=10.0s
per-rank: rank0[cuda0,share=0.4040,tput=2.44] rank1[cuda1,share=0.3035,tput=2.99] rank2[cuda2,share=0.2925,tput=4.03]
epoch 108: eval=0.9077
epoch 109: loss=0.197490, train_acc=0.9314, time=8.9s
per-rank: rank0[cuda0,share=0.4052,tput=2.96] rank1[cuda1,share=0.3012,tput=4.11] rank2[cuda2,share=0.2936,tput=2.63]
epoch 109: eval=0.9055
epoch 110: loss=0.195086, train_acc=0.9323, time=9.0s
per-rank: rank0[cuda0,share=0.4057,tput=3.00] rank1[cuda1,share=0.2992,tput=4.09] rank2[cuda2,share=0.2951,tput=2.64]
epoch 110: eval=0.9067
epoch 111: loss=0.190719, train_acc=0.9331, time=8.8s
per-rank: rank0[cuda0,share=0.4056,tput=3.41] rank1[cuda1,share=0.2983,tput=2.38] rank2[cuda2,share=0.2961,tput=3.53]
epoch 111: eval=0.9045
epoch 112: loss=0.187898, train_acc=0.9348, time=8.6s
per-rank: rank0[cuda0,share=0.4055,tput=4.02] rank1[cuda1,share=0.2974,tput=3.94] rank2[cuda2,share=0.2971,tput=2.14]
epoch 112: eval=0.9067
epoch 113: loss=0.186192, train_acc=0.9360, time=8.6s
per-rank: rank0[cuda0,share=0.4047,tput=3.72] rank1[cuda1,share=0.2978,tput=2.79] rank2[cuda2,share=0.2976,tput=2.91]
epoch 113: eval=0.9080
epoch 114: loss=0.182097, train_acc=0.9369, time=8.6s
per-rank: rank0[cuda0,share=0.4059,tput=2.67] rank1[cuda1,share=0.2978,tput=2.81] rank2[cuda2,share=0.2963,tput=4.57]
epoch 114: eval=0.9096
epoch 115: loss=0.176124, train_acc=0.9394, time=11.5s
per-rank: rank0[cuda0,share=0.4058,tput=2.12] rank1[cuda1,share=0.2977,tput=3.92] rank2[cuda2,share=0.2965,tput=5.61]
epoch 115: eval=0.9106
epoch 116: loss=0.179102, train_acc=0.9372, time=10.7s
per-rank: rank0[cuda0,share=0.4051,tput=2.13] rank1[cuda1,share=0.2980,tput=4.05] rank2[cuda2,share=0.2969,tput=3.02]
epoch 116: eval=0.9104
epoch 117: loss=0.176045, train_acc=0.9375, time=8.7s
per-rank: rank0[cuda0,share=0.4043,tput=3.70] rank1[cuda1,share=0.2983,tput=2.63] rank2[cuda2,share=0.2974,tput=3.45]
epoch 117: eval=0.9074
epoch 118: loss=0.170637, train_acc=0.9394, time=8.9s
per-rank: rank0[cuda0,share=0.4010,tput=3.43] rank1[cuda1,share=0.3008,tput=2.54] rank2[cuda2,share=0.2982,tput=3.58]
epoch 118: eval=0.9064
epoch 119: loss=0.171110, train_acc=0.9397, time=8.5s
per-rank: rank0[cuda0,share=0.3998,tput=4.13] rank1[cuda1,share=0.3022,tput=2.59] rank2[cuda2,share=0.2980,tput=3.20]
epoch 119: eval=0.9035
epoch 120: loss=0.170511, train_acc=0.9410, time=8.7s
per-rank: rank0[cuda0,share=0.3998,tput=3.02] rank1[cuda1,share=0.3030,tput=2.25] rank2[cuda2,share=0.2972,tput=5.88]
epoch 120: eval=0.9073
epoch 121: loss=0.167940, train_acc=0.9414, time=8.7s
per-rank: rank0[cuda0,share=0.4012,tput=2.96] rank1[cuda1,share=0.3031,tput=5.90] rank2[cuda2,share=0.2957,tput=2.26]
epoch 121: eval=0.9045
epoch 122: loss=0.165626, train_acc=0.9429, time=8.7s
per-rank: rank0[cuda0,share=0.4033,tput=2.46] rank1[cuda1,share=0.3038,tput=2.40] rank2[cuda2,share=0.2930,tput=6.59]
epoch 122: eval=0.9024
epoch 123: loss=0.163725, train_acc=0.9422, time=11.0s
per-rank: rank0[cuda0,share=0.4079,tput=2.25] rank1[cuda1,share=0.3009,tput=3.42] rank2[cuda2,share=0.2912,tput=6.22]
epoch 123: eval=0.9074
epoch 124: loss=0.160155, train_acc=0.9429, time=9.7s
per-rank: rank0[cuda0,share=0.4083,tput=2.31] rank1[cuda1,share=0.3005,tput=2.92] rank2[cuda2,share=0.2912,tput=4.10]
epoch 124: eval=0.9069
epoch 125: loss=0.157285, train_acc=0.9449, time=10.2s
per-rank: rank0[cuda0,share=0.4094,tput=2.43] rank1[cuda1,share=0.2988,tput=5.35] rank2[cuda2,share=0.2918,tput=3.46]
epoch 125: eval=0.9082
epoch 126: loss=0.160416, train_acc=0.9438, time=9.4s
per-rank: rank0[cuda0,share=0.4105,tput=2.83] rank1[cuda1,share=0.2972,tput=3.86] rank2[cuda2,share=0.2923,tput=2.88]
epoch 126: eval=0.9022
epoch 127: loss=0.158660, train_acc=0.9430, time=8.7s
per-rank: rank0[cuda0,share=0.4135,tput=3.03] rank1[cuda1,share=0.2946,tput=3.22] rank2[cuda2,share=0.2919,tput=3.13]
epoch 127: eval=0.9042
epoch 128: loss=0.156839, train_acc=0.9451, time=8.7s
per-rank: rank0[cuda0,share=0.4153,tput=2.76] rank1[cuda1,share=0.2926,tput=6.01] rank2[cuda2,share=0.2922,tput=2.32]
epoch 128: eval=0.9036
epoch 129: loss=0.153479, train_acc=0.9469, time=8.5s
per-rank: rank0[cuda0,share=0.4163,tput=2.25] rank2[cuda2,share=0.2924,tput=2.33] rank1[cuda1,share=0.2913,tput=7.38]
epoch 129: eval=0.9085
epoch 130: loss=0.154026, train_acc=0.9454, time=8.8s
per-rank: rank0[cuda0,share=0.4146,tput=2.26] rank2[cuda2,share=0.2937,tput=5.74] rank1[cuda1,share=0.2917,tput=2.80]
epoch 130: eval=0.8913
epoch 131: loss=0.152971, train_acc=0.9467, time=11.0s
per-rank: rank0[cuda0,share=0.4119,tput=2.18] rank2[cuda2,share=0.2942,tput=5.25] rank1[cuda1,share=0.2939,tput=3.73]
epoch 131: eval=0.8984
epoch 132: loss=0.154624, train_acc=0.9464, time=9.9s
per-rank: rank0[cuda0,share=0.4092,tput=2.42] rank1[cuda1,share=0.2960,tput=2.94] rank2[cuda2,share=0.2948,tput=3.88]
epoch 132: eval=0.9050
epoch 133: loss=0.152483, train_acc=0.9463, time=8.5s
per-rank: rank0[cuda0,share=0.4035,tput=3.58] rank1[cuda1,share=0.3014,tput=3.90] rank2[cuda2,share=0.2951,tput=2.28]
epoch 133: eval=0.9065
epoch 134: loss=0.148590, train_acc=0.9473, time=8.6s
per-rank: rank0[cuda0,share=0.4003,tput=4.32] rank1[cuda1,share=0.3047,tput=2.81] rank2[cuda2,share=0.2950,tput=4.34]
epoch 134: eval=0.9031
epoch 135: loss=0.148369, train_acc=0.9467, time=8.7s
per-rank: rank0[cuda0,share=0.3977,tput=3.98] rank1[cuda1,share=0.3086,tput=2.59] rank2[cuda2,share=0.2937,tput=3.07]
epoch 135: eval=0.9088
epoch 136: loss=0.150868, train_acc=0.9466, time=8.6s
per-rank: rank0[cuda0,share=0.3960,tput=2.76] rank1[cuda1,share=0.3138,tput=5.34] rank2[cuda2,share=0.2902,tput=2.41]
epoch 136: eval=0.9090
epoch 137: loss=0.147385, train_acc=0.9473, time=10.8s
per-rank: rank0[cuda0,share=0.3955,tput=2.25] rank1[cuda1,share=0.3158,tput=3.76] rank2[cuda2,share=0.2887,tput=5.19]
epoch 137: eval=0.9006
epoch 138: loss=0.145013, train_acc=0.9492, time=9.8s
per-rank: rank0[cuda0,share=0.3969,tput=2.69] rank1[cuda1,share=0.3147,tput=2.48] rank2[cuda2,share=0.2885,tput=4.66]
epoch 138: eval=0.9066
epoch 139: loss=0.149608, train_acc=0.9467, time=11.8s
per-rank: rank0[cuda0,share=0.3961,tput=2.05] rank1[cuda1,share=0.3126,tput=3.62] rank2[cuda2,share=0.2913,tput=5.73]
epoch 139: eval=0.9031
epoch 140: loss=0.148635, train_acc=0.9468, time=10.9s
per-rank: rank0[cuda0,share=0.3962,tput=2.02] rank1[cuda1,share=0.3120,tput=4.58] rank2[cuda2,share=0.2918,tput=2.74]
epoch 140: eval=0.9044
epoch 141: loss=0.145903, train_acc=0.9488, time=9.1s
per-rank: rank0[cuda0,share=0.3947,tput=2.48] rank1[cuda1,share=0.3123,tput=2.77] rank2[cuda2,share=0.2930,tput=4.08]
epoch 141: eval=0.8991
epoch 142: loss=0.146894, train_acc=0.9483, time=8.7s
per-rank: rank0[cuda0,share=0.3932,tput=4.05] rank1[cuda1,share=0.3125,tput=3.62] rank2[cuda2,share=0.2943,tput=2.33]
epoch 142: eval=0.8845
epoch 143: loss=0.140794, train_acc=0.9496, time=8.6s
per-rank: rank0[cuda0,share=0.3886,tput=4.26] rank1[cuda1,share=0.3119,tput=2.45] rank2[cuda2,share=0.2995,tput=3.45]
epoch 143: eval=0.9019
epoch 144: loss=0.145793, train_acc=0.9491, time=8.8s
per-rank: rank0[cuda0,share=0.3828,tput=2.45] rank1[cuda1,share=0.3117,tput=6.02] rank2[cuda2,share=0.3055,tput=2.28]
epoch 144: eval=0.9079
epoch 145: loss=0.146087, train_acc=0.9483, time=10.7s
per-rank: rank0[cuda0,share=0.3793,tput=2.14] rank1[cuda1,share=0.3143,tput=4.11] rank2[cuda2,share=0.3065,tput=5.03]
epoch 145: eval=0.8963
epoch 146: loss=0.144661, train_acc=0.9496, time=9.7s
per-rank: rank0[cuda0,share=0.3761,tput=2.73] rank1[cuda1,share=0.3193,tput=4.18] rank2[cuda2,share=0.3046,tput=2.69]
epoch 146: eval=0.9074
epoch 147: loss=0.137738, train_acc=0.9511, time=8.7s
per-rank: rank0[cuda0,share=0.3763,tput=3.79] rank1[cuda1,share=0.3200,tput=2.49] rank2[cuda2,share=0.3037,tput=3.58]
epoch 147: eval=0.9028
epoch 148: loss=0.144428, train_acc=0.9490, time=10.0s
per-rank: rank0[cuda0,share=0.3828,tput=2.31] rank1[cuda1,share=0.3153,tput=2.82] rank2[cuda2,share=0.3020,tput=6.24]
epoch 148: eval=0.9023
epoch 149: loss=0.141492, train_acc=0.9499, time=9.6s
per-rank: rank0[cuda0,share=0.3864,tput=3.37] rank1[cuda1,share=0.3123,tput=3.99] rank2[cuda2,share=0.3014,tput=2.70]
epoch 149: eval=0.8997
epoch 150: loss=0.125470, train_acc=0.9559, time=8.7s
per-rank: rank0[cuda0,share=0.3898,tput=2.77] rank1[cuda1,share=0.3092,tput=4.20] rank2[cuda2,share=0.3010,tput=2.62]
epoch 150: eval=0.9147
epoch 151: loss=0.095233, train_acc=0.9677, time=9.9s
per-rank: rank0[cuda0,share=0.3906,tput=2.37] rank1[cuda1,share=0.3057,tput=3.41] rank2[cuda2,share=0.3037,tput=4.70]
epoch 151: eval=0.9174
epoch 152: loss=0.090677, train_acc=0.9704, time=9.4s
per-rank: rank0[cuda0,share=0.3906,tput=2.91] rank2[cuda2,share=0.3057,tput=2.44] rank1[cuda1,share=0.3037,tput=4.08]
epoch 152: eval=0.9183
epoch 153: loss=0.086457, train_acc=0.9706, time=8.7s
per-rank: rank0[cuda0,share=0.3942,tput=3.59] rank2[cuda2,share=0.3074,tput=2.99] rank1[cuda1,share=0.2984,tput=2.92]
epoch 153: eval=0.9179
epoch 154: loss=0.085861, train_acc=0.9710, time=8.7s
per-rank: rank0[cuda0,share=0.3947,tput=2.25] rank2[cuda2,share=0.3064,tput=5.79] rank1[cuda1,share=0.2989,tput=2.76]
epoch 154: eval=0.9162
epoch 155: loss=0.083310, train_acc=0.9725, time=11.1s
per-rank: rank0[cuda0,share=0.3916,tput=2.18] rank2[cuda2,share=0.3045,tput=5.13] rank1[cuda1,share=0.3039,tput=3.94]
epoch 155: eval=0.9168
epoch 156: loss=0.083669, train_acc=0.9722, time=9.8s
per-rank: rank0[cuda0,share=0.3918,tput=2.69] rank1[cuda1,share=0.3053,tput=2.87] rank2[cuda2,share=0.3029,tput=3.99]
epoch 156: eval=0.9174
epoch 157: loss=0.081367, train_acc=0.9723, time=10.8s
per-rank: rank0[cuda0,share=0.3916,tput=2.18] rank1[cuda1,share=0.3085,tput=3.51] rank2[cuda2,share=0.2999,tput=5.39]
epoch 157: eval=0.9153
epoch 158: loss=0.078952, train_acc=0.9737, time=9.8s
per-rank: rank0[cuda0,share=0.3923,tput=2.52] rank1[cuda1,share=0.3085,tput=2.80] rank2[cuda2,share=0.2991,tput=4.12]
epoch 158: eval=0.9170
epoch 159: loss=0.079815, train_acc=0.9734, time=8.7s
per-rank: rank0[cuda0,share=0.3901,tput=2.49] rank1[cuda1,share=0.3097,tput=7.13] rank2[cuda2,share=0.3001,tput=2.23]
epoch 159: eval=0.9177
epoch 160: loss=0.080341, train_acc=0.9729, time=10.5s
per-rank: rank0[cuda0,share=0.3906,tput=2.25] rank1[cuda1,share=0.3079,tput=4.11] rank2[cuda2,share=0.3015,tput=4.40]
epoch 160: eval=0.9183
epoch 161: loss=0.079174, train_acc=0.9733, time=9.7s
per-rank: rank0[cuda0,share=0.3933,tput=3.15] rank1[cuda1,share=0.3057,tput=2.53] rank2[cuda2,share=0.3010,tput=3.86]
epoch 161: eval=0.9177
epoch 162: loss=0.080085, train_acc=0.9735, time=8.7s
per-rank: rank0[cuda0,share=0.3963,tput=3.36] rank1[cuda1,share=0.3035,tput=3.61] rank2[cuda2,share=0.3002,tput=2.41]
epoch 162: eval=0.9170
epoch 163: loss=0.077533, train_acc=0.9739, time=8.7s
per-rank: rank0[cuda0,share=0.4016,tput=2.55] rank1[cuda1,share=0.3009,tput=2.75] rank2[cuda2,share=0.2975,tput=5.24]
epoch 163: eval=0.9171
epoch 164: loss=0.075672, train_acc=0.9750, time=8.6s
per-rank: rank0[cuda0,share=0.4060,tput=4.16] rank1[cuda1,share=0.2999,tput=3.44] rank2[cuda2,share=0.2941,tput=2.40]
epoch 164: eval=0.9172
epoch 165: loss=0.073605, train_acc=0.9758, time=10.9s
per-rank: rank0[cuda0,share=0.4113,tput=2.26] rank1[cuda1,share=0.2973,tput=5.01] rank2[cuda2,share=0.2914,tput=3.95]
epoch 165: eval=0.9183
epoch 166: loss=0.074338, train_acc=0.9749, time=9.7s
per-rank: rank0[cuda0,share=0.4144,tput=3.51] rank1[cuda1,share=0.2951,tput=4.36] rank2[cuda2,share=0.2904,tput=2.77]
epoch 166: eval=0.9178
epoch 167: loss=0.075562, train_acc=0.9748, time=10.9s
per-rank: rank0[cuda0,share=0.4177,tput=2.36] rank1[cuda1,share=0.2912,tput=3.33] rank2[cuda2,share=0.2912,tput=5.72]
epoch 167: eval=0.9171
epoch 168: loss=0.074714, train_acc=0.9745, time=9.8s
per-rank: rank0[cuda0,share=0.4184,tput=2.05] rank2[cuda2,share=0.2911,tput=3.79] rank1[cuda1,share=0.2905,tput=3.33]
epoch 168: eval=0.9174
epoch 169: loss=0.072914, train_acc=0.9757, time=12.4s
per-rank: rank0[cuda0,share=0.4057,tput=2.00] rank2[cuda2,share=0.2989,tput=5.11] rank1[cuda1,share=0.2954,tput=4.36]
epoch 169: eval=0.9176
epoch 170: loss=0.074901, train_acc=0.9750, time=10.6s
per-rank: rank0[cuda0,share=0.4000,tput=3.14] rank2[cuda2,share=0.3009,tput=2.67] rank1[cuda1,share=0.2991,tput=4.70]
epoch 170: eval=0.9184
epoch 171: loss=0.071448, train_acc=0.9766, time=8.7s
per-rank: rank0[cuda0,share=0.3929,tput=2.78] rank1[cuda1,share=0.3045,tput=5.92] rank2[cuda2,share=0.3026,tput=2.27]
epoch 171: eval=0.9153
epoch 172: loss=0.072279, train_acc=0.9762, time=10.1s
per-rank: rank0[cuda0,share=0.3881,tput=2.34] rank1[cuda1,share=0.3123,tput=3.67] rank2[cuda2,share=0.2996,tput=5.20]
epoch 172: eval=0.9156
epoch 173: loss=0.072932, train_acc=0.9764, time=9.5s
per-rank: rank0[cuda0,share=0.3903,tput=2.61] rank1[cuda1,share=0.3119,tput=2.76] rank2[cuda2,share=0.2979,tput=4.16]
epoch 173: eval=0.9175
epoch 174: loss=0.072895, train_acc=0.9761, time=8.7s
per-rank: rank0[cuda0,share=0.4016,tput=3.94] rank1[cuda1,share=0.3064,tput=2.46] rank2[cuda2,share=0.2920,tput=3.35]
epoch 174: eval=0.9159
epoch 175: loss=0.069465, train_acc=0.9770, time=8.8s
per-rank: rank0[cuda0,share=0.4128,tput=2.99] rank1[cuda1,share=0.2981,tput=2.28] rank2[cuda2,share=0.2890,tput=5.29]
epoch 175: eval=0.9167
epoch 176: loss=0.071295, train_acc=0.9759, time=11.1s
per-rank: rank0[cuda0,share=0.4237,tput=2.38] rank2[cuda2,share=0.2899,tput=4.20] rank1[cuda1,share=0.2865,tput=4.71]
epoch 176: eval=0.9167
epoch 177: loss=0.069520, train_acc=0.9771, time=10.5s
per-rank: rank0[cuda0,share=0.4302,tput=2.24] rank2[cuda2,share=0.2897,tput=3.78] rank1[cuda1,share=0.2801,tput=3.23]
epoch 177: eval=0.9160
epoch 178: loss=0.070968, train_acc=0.9764, time=9.0s
per-rank: rank0[cuda0,share=0.4286,tput=2.76] rank2[cuda2,share=0.2905,tput=3.35] rank1[cuda1,share=0.2808,tput=3.17]
epoch 178: eval=0.9171
epoch 179: loss=0.069803, train_acc=0.9762, time=8.8s
per-rank: rank0[cuda0,share=0.4153,tput=3.46] rank2[cuda2,share=0.2936,tput=3.67] rank1[cuda1,share=0.2911,tput=2.69]
epoch 179: eval=0.9167
epoch 180: loss=0.068503, train_acc=0.9772, time=10.9s
per-rank: rank0[cuda0,share=0.3873,tput=2.16] rank1[cuda1,share=0.3171,tput=3.58] rank2[cuda2,share=0.2956,tput=5.47]
epoch 180: eval=0.9171
epoch 181: loss=0.067379, train_acc=0.9783, time=9.9s
per-rank: rank0[cuda0,share=0.3859,tput=2.71] rank1[cuda1,share=0.3199,tput=2.79] rank2[cuda2,share=0.2942,tput=4.02]
epoch 181: eval=0.9164
epoch 182: loss=0.066028, train_acc=0.9780, time=8.6s
per-rank: rank0[cuda0,share=0.3937,tput=2.85] rank1[cuda1,share=0.3125,tput=5.70] rank2[cuda2,share=0.2938,tput=2.32]
epoch 182: eval=0.9166
epoch 183: loss=0.067433, train_acc=0.9772, time=8.7s
per-rank: rank0[cuda0,share=0.4130,tput=3.17] rank1[cuda1,share=0.3003,tput=6.34] rank2[cuda2,share=0.2866,tput=1.97]
epoch 183: eval=0.9168
epoch 184: loss=0.068083, train_acc=0.9775, time=8.7s
per-rank: rank0[cuda0,share=0.4279,tput=3.19] rank1[cuda1,share=0.2926,tput=2.31] rank2[cuda2,share=0.2795,tput=4.24]
epoch 184: eval=0.9157
epoch 185: loss=0.064865, train_acc=0.9788, time=8.7s
per-rank: rank0[cuda0,share=0.4263,tput=2.31] rank1[cuda1,share=0.2877,tput=2.73] rank2[cuda2,share=0.2861,tput=5.83]
epoch 185: eval=0.9158
epoch 186: loss=0.066596, train_acc=0.9773, time=10.5s
per-rank: rank0[cuda0,share=0.4091,tput=2.30] rank1[cuda1,share=0.2992,tput=5.73] rank2[cuda2,share=0.2917,tput=3.12]
epoch 186: eval=0.9174
epoch 187: loss=0.065293, train_acc=0.9784, time=9.8s
per-rank: rank0[cuda0,share=0.3986,tput=2.28] rank1[cuda1,share=0.3118,tput=2.94] rank2[cuda2,share=0.2896,tput=4.05]
epoch 187: eval=0.9175
epoch 188: loss=0.065210, train_acc=0.9777, time=10.1s
per-rank: rank0[cuda0,share=0.3859,tput=2.22] rank1[cuda1,share=0.3174,tput=5.34] rank2[cuda2,share=0.2967,tput=3.32]
epoch 188: eval=0.9176
epoch 189: loss=0.063114, train_acc=0.9787, time=9.6s
per-rank: rank0[cuda0,share=0.3889,tput=3.13] rank2[cuda2,share=0.3072,tput=4.26] rank1[cuda1,share=0.3039,tput=2.30]
epoch 189: eval=0.9154
epoch 190: loss=0.064770, train_acc=0.9790, time=8.8s
per-rank: rank0[cuda0,share=0.3911,tput=2.29] rank2[cuda2,share=0.3103,tput=2.51] rank1[cuda1,share=0.2986,tput=6.35]
epoch 190: eval=0.9169
epoch 191: loss=0.064754, train_acc=0.9773, time=9.8s
per-rank: rank0[cuda0,share=0.3791,tput=2.32] rank2[cuda2,share=0.3131,tput=3.82] rank1[cuda1,share=0.3077,tput=4.55]
epoch 191: eval=0.9185
epoch 192: loss=0.065396, train_acc=0.9776, time=9.4s
per-rank: rank0[cuda0,share=0.3769,tput=3.48] rank2[cuda2,share=0.3137,tput=3.35] rank1[cuda1,share=0.3094,tput=2.70]
epoch 192: eval=0.9174
epoch 193: loss=0.067220, train_acc=0.9769, time=8.7s
per-rank: rank0[cuda0,share=0.3751,tput=3.67] rank2[cuda2,share=0.3144,tput=3.36] rank1[cuda1,share=0.3105,tput=2.62]
epoch 193: eval=0.9174
epoch 194: loss=0.064934, train_acc=0.9790, time=10.3s
per-rank: rank0[cuda0,share=0.3769,tput=2.18] rank2[cuda2,share=0.3133,tput=3.26] rank1[cuda1,share=0.3098,tput=5.63]
epoch 194: eval=0.9166
epoch 195: loss=0.064570, train_acc=0.9784, time=9.4s
per-rank: rank0[cuda0,share=0.3782,tput=3.16] rank2[cuda2,share=0.3125,tput=3.49] rank1[cuda1,share=0.3092,tput=2.72]
epoch 195: eval=0.9151
epoch 196: loss=0.063330, train_acc=0.9787, time=8.8s
per-rank: rank0[cuda0,share=0.3792,tput=4.44] rank2[cuda2,share=0.3119,tput=3.37] rank1[cuda1,share=0.3088,tput=2.08]
epoch 196: eval=0.9165
epoch 197: loss=0.064964, train_acc=0.9783, time=8.5s
per-rank: rank0[cuda0,share=0.3800,tput=3.08] rank2[cuda2,share=0.3115,tput=2.22] rank1[cuda1,share=0.3085,tput=5.55]
epoch 197: eval=0.9167
epoch 198: loss=0.063651, train_acc=0.9784, time=8.8s
per-rank: rank0[cuda0,share=0.3831,tput=4.23] rank2[cuda2,share=0.3099,tput=2.55] rank1[cuda1,share=0.3070,tput=2.90]
epoch 198: eval=0.9159
epoch 199: loss=0.063331, train_acc=0.9792, time=8.8s
per-rank: rank0[cuda0,share=0.3865,tput=3.08] rank2[cuda2,share=0.3092,tput=2.47] rank1[cuda1,share=0.3044,tput=3.76]
final eval=0.9165
# total: 1738.0s (28m 58s)
