# gpu0: NVIDIA GeForce RTX 5060 Ti (15GB, sm_120)
# gpu1: NVIDIA GeForce GTX 1060 6GB (5GB, sm_61)
# gpu2: NVIDIA GeForce GTX 1060 6GB (5GB, sm_61)
epoch 0: loss=2.081769, train_acc=0.2189, time=9.5s
per-rank: rank2[cuda2,share=0.3875,tput=4.38] rank1[cuda1,share=0.3651,tput=2.81] rank0[cuda0,share=0.2475,tput=3.89]
epoch 0: eval=0.2818
epoch 1: loss=1.785876, train_acc=0.3284, time=8.7s
per-rank: rank2[cuda2,share=0.3875,tput=2.76] rank1[cuda1,share=0.3651,tput=4.84] rank0[cuda0,share=0.2475,tput=3.24]
epoch 1: eval=0.3762
epoch 2: loss=1.628203, eval=0.3681, train_acc=0.3919, time=9.9s
per-rank: rank2[cuda2,share=0.3875,tput=2.14] rank1[cuda1,share=0.3651,tput=4.56] rank0[cuda0,share=0.2475,tput=4.24]
epoch 3: loss=1.496319, train_acc=0.4510, time=9.3s
per-rank: rank2[cuda2,share=0.3875,tput=4.98] rank1[cuda1,share=0.3651,tput=5.14] rank0[cuda0,share=0.2475,tput=2.98]
epoch 3: eval=0.4643
epoch 4: loss=1.368145, train_acc=0.5010, time=8.7s
per-rank: rank2[cuda2,share=0.3875,tput=4.16] rank1[cuda1,share=0.3651,tput=4.79] rank0[cuda0,share=0.2475,tput=2.76]
epoch 4: eval=0.5093
epoch 5: loss=1.252403, train_acc=0.5498, time=8.6s
per-rank: rank2[cuda2,share=0.3875,tput=3.58] rank1[cuda1,share=0.3651,tput=3.18] rank0[cuda0,share=0.2475,tput=3.12]
epoch 5: eval=0.5678
epoch 6: loss=1.142192, eval=0.5508, train_acc=0.5926, time=9.5s
per-rank: rank2[cuda2,share=0.3875,tput=2.99] rank1[cuda1,share=0.3651,tput=2.08] rank0[cuda0,share=0.2475,tput=7.34]
epoch 7: loss=1.073984, train_acc=0.6188, time=9.0s
per-rank: rank2[cuda2,share=0.3875,tput=5.54] rank1[cuda1,share=0.3651,tput=3.96] rank0[cuda0,share=0.2475,tput=3.14]
epoch 7: eval=0.6133
epoch 8: loss=1.013232, eval=0.6407, train_acc=0.6440, time=10.2s
per-rank: rank2[cuda2,share=0.3875,tput=2.06] rank1[cuda1,share=0.3651,tput=3.32] rank0[cuda0,share=0.2475,tput=7.13]
epoch 9: loss=0.963121, train_acc=0.6626, time=9.3s
per-rank: rank2[cuda2,share=0.3875,tput=3.21] rank1[cuda1,share=0.3651,tput=4.29] rank0[cuda0,share=0.2475,tput=3.47]
epoch 9: eval=0.6492
epoch 10: loss=0.901274, eval=0.6448, train_acc=0.6842, time=10.4s
per-rank: rank2[cuda2,share=0.3875,tput=2.07] rank1[cuda1,share=0.3651,tput=3.18] rank0[cuda0,share=0.2475,tput=7.64]
epoch 11: loss=0.860042, train_acc=0.6993, time=9.6s
per-rank: rank2[cuda2,share=0.3875,tput=2.79] rank1[cuda1,share=0.3651,tput=3.72] rank0[cuda0,share=0.2475,tput=3.29]
epoch 11: eval=0.6457
epoch 12: loss=0.833232, train_acc=0.7096, time=8.8s
per-rank: rank2[cuda2,share=0.3875,tput=3.01] rank1[cuda1,share=0.3651,tput=4.49] rank0[cuda0,share=0.2475,tput=2.51]
epoch 12: eval=0.6738
epoch 13: loss=1.226708, train_acc=0.5619, time=8.8s
per-rank: rank2[cuda2,share=0.3795,tput=4.63] rank1[cuda1,share=0.3576,tput=4.18] rank0[cuda0,share=0.2630,tput=3.55]
epoch 13: eval=0.6147
epoch 14: loss=0.991046, train_acc=0.6513, time=8.7s
per-rank: rank2[cuda2,share=0.3795,tput=5.16] rank1[cuda1,share=0.3576,tput=5.98] rank0[cuda0,share=0.2630,tput=2.82]
epoch 14: eval=0.6153
epoch 15: loss=0.904851, train_acc=0.6851, time=8.7s
per-rank: rank2[cuda2,share=0.3795,tput=3.86] rank1[cuda1,share=0.3576,tput=3.38] rank0[cuda0,share=0.2630,tput=2.58]
epoch 15: eval=0.6797
epoch 16: loss=0.851191, train_acc=0.7036, time=9.2s
per-rank: rank2[cuda2,share=0.3795,tput=2.19] rank1[cuda1,share=0.3576,tput=3.46] rank0[cuda0,share=0.2630,tput=5.07]
epoch 16: eval=0.7196
epoch 17: loss=0.810068, train_acc=0.7196, time=8.8s
per-rank: rank2[cuda2,share=0.3795,tput=3.16] rank1[cuda1,share=0.3576,tput=4.57] rank0[cuda0,share=0.2630,tput=2.83]
epoch 17: eval=0.7007
epoch 18: loss=0.770408, train_acc=0.7320, time=8.5s
per-rank: rank2[cuda2,share=0.3795,tput=2.81] rank1[cuda1,share=0.3576,tput=4.89] rank0[cuda0,share=0.2630,tput=2.52]
epoch 18: eval=0.6452
epoch 19: loss=0.753707, train_acc=0.7390, time=8.5s
per-rank: rank2[cuda2,share=0.3795,tput=4.30] rank1[cuda1,share=0.3576,tput=2.24] rank0[cuda0,share=0.2630,tput=4.27]
epoch 19: eval=0.7401
epoch 20: loss=0.735226, train_acc=0.7475, time=8.6s
per-rank: rank2[cuda2,share=0.3795,tput=2.97] rank1[cuda1,share=0.3576,tput=4.83] rank0[cuda0,share=0.2630,tput=2.62]
epoch 20: eval=0.7543
epoch 21: loss=0.721278, train_acc=0.7504, time=9.1s
per-rank: rank2[cuda2,share=0.3795,tput=2.19] rank1[cuda1,share=0.3576,tput=3.75] rank0[cuda0,share=0.2630,tput=5.52]
epoch 21: eval=0.7337
epoch 22: loss=0.693234, train_acc=0.7610, time=9.0s
per-rank: rank2[cuda2,share=0.3795,tput=4.31] rank1[cuda1,share=0.3576,tput=2.25] rank0[cuda0,share=0.2630,tput=3.62]
epoch 22: eval=0.7668
epoch 23: loss=0.686856, train_acc=0.7621, time=9.0s
per-rank: rank2[cuda2,share=0.3795,tput=4.08] rank1[cuda1,share=0.3576,tput=2.10] rank0[cuda0,share=0.2630,tput=3.69]
epoch 23: eval=0.7295
epoch 24: loss=0.668882, train_acc=0.7683, time=9.2s
per-rank: rank2[cuda2,share=0.3795,tput=2.19] rank1[cuda1,share=0.3576,tput=3.95] rank0[cuda0,share=0.2630,tput=4.15]
epoch 24: eval=0.6880
epoch 25: loss=0.668234, train_acc=0.7686, time=8.9s
per-rank: rank2[cuda2,share=0.3733,tput=4.08] rank1[cuda1,share=0.3518,tput=3.57] rank0[cuda0,share=0.2749,tput=3.14]
epoch 25: eval=0.6875
epoch 26: loss=0.705854, train_acc=0.7568, time=8.8s
per-rank: rank2[cuda2,share=0.3733,tput=4.28] rank1[cuda1,share=0.3518,tput=2.08] rank0[cuda0,share=0.2749,tput=4.20]
epoch 26: eval=0.7084
epoch 27: loss=0.686449, train_acc=0.7645, time=8.8s
per-rank: rank2[cuda2,share=0.3733,tput=2.23] rank1[cuda1,share=0.3518,tput=5.09] rank0[cuda0,share=0.2749,tput=3.51]
epoch 27: eval=0.7504
epoch 28: loss=0.676074, train_acc=0.7661, time=8.8s
per-rank: rank2[cuda2,share=0.3733,tput=4.21] rank1[cuda1,share=0.3518,tput=3.41] rank0[cuda0,share=0.2749,tput=2.30]
epoch 28: eval=0.7624
epoch 29: loss=0.661546, train_acc=0.7718, time=8.7s
per-rank: rank2[cuda2,share=0.3733,tput=2.25] rank1[cuda1,share=0.3518,tput=3.14] rank0[cuda0,share=0.2749,tput=6.01]
epoch 29: eval=0.7569
epoch 30: loss=0.645959, train_acc=0.7766, time=8.8s
per-rank: rank2[cuda2,share=0.3733,tput=4.60] rank1[cuda1,share=0.3518,tput=4.52] rank0[cuda0,share=0.2749,tput=2.47]
epoch 30: eval=0.7689
epoch 31: loss=0.633784, train_acc=0.7824, time=9.4s
per-rank: rank2[cuda2,share=0.3733,tput=2.08] rank1[cuda1,share=0.3518,tput=5.14] rank0[cuda0,share=0.2749,tput=3.39]
epoch 31: eval=0.7576
epoch 32: loss=0.625129, train_acc=0.7853, time=9.0s
per-rank: rank2[cuda2,share=0.3733,tput=3.33] rank1[cuda1,share=0.3518,tput=2.62] rank0[cuda0,share=0.2749,tput=3.84]
epoch 32: eval=0.7759
epoch 33: loss=0.621424, eval=0.7544, train_acc=0.7867, time=10.3s
per-rank: rank2[cuda2,share=0.3733,tput=1.90] rank1[cuda1,share=0.3518,tput=5.54] rank0[cuda0,share=0.2749,tput=3.78]
epoch 34: loss=0.615138, train_acc=0.7864, time=9.2s
per-rank: rank2[cuda2,share=0.3733,tput=2.76] rank1[cuda1,share=0.3518,tput=2.59] rank0[cuda0,share=0.2749,tput=4.66]
epoch 34: eval=0.7557
epoch 35: loss=0.604256, train_acc=0.7922, time=8.6s
per-rank: rank2[cuda2,share=0.3733,tput=4.24] rank1[cuda1,share=0.3518,tput=2.23] rank0[cuda0,share=0.2749,tput=4.07]
epoch 35: eval=0.7706
epoch 36: loss=0.602497, train_acc=0.7912, time=8.7s
per-rank: rank2[cuda2,share=0.3733,tput=3.64] rank1[cuda1,share=0.3518,tput=3.27] rank0[cuda0,share=0.2749,tput=2.70]
epoch 36: eval=0.7742
epoch 37: loss=0.598443, train_acc=0.7932, time=8.7s
per-rank: rank2[cuda2,share=0.3733,tput=4.09] rank1[cuda1,share=0.3518,tput=2.25] rank0[cuda0,share=0.2749,tput=3.60]
epoch 37: eval=0.7680
epoch 38: loss=0.587493, eval=0.7470, train_acc=0.7987, time=9.8s
per-rank: rank2[cuda2,share=0.3733,tput=2.01] rank1[cuda1,share=0.3518,tput=5.18] rank0[cuda0,share=0.2749,tput=3.74]
epoch 39: loss=0.566469, train_acc=0.8025, time=9.2s
per-rank: rank2[cuda2,share=0.3654,tput=4.11] rank1[cuda1,share=0.3488,tput=2.26] rank0[cuda0,share=0.2859,tput=3.86]
epoch 39: eval=0.7339
epoch 40: loss=0.585284, train_acc=0.7991, time=8.6s
per-rank: rank2[cuda2,share=0.3654,tput=5.50] rank1[cuda1,share=0.3488,tput=2.45] rank0[cuda0,share=0.2859,tput=2.70]
epoch 40: eval=0.7346
epoch 41: loss=0.586006, train_acc=0.7973, time=8.9s
per-rank: rank2[cuda2,share=0.3654,tput=3.25] rank1[cuda1,share=0.3488,tput=5.12] rank0[cuda0,share=0.2859,tput=2.21]
epoch 41: eval=0.7734
epoch 42: loss=0.579514, train_acc=0.8027, time=8.7s
per-rank: rank2[cuda2,share=0.3654,tput=4.58] rank1[cuda1,share=0.3488,tput=2.11] rank0[cuda0,share=0.2859,tput=4.72]
epoch 42: eval=0.7945
epoch 43: loss=0.575815, train_acc=0.8027, time=8.5s
per-rank: rank2[cuda2,share=0.3654,tput=2.17] rank1[cuda1,share=0.3488,tput=5.41] rank0[cuda0,share=0.2859,tput=3.18]
epoch 43: eval=0.7656
epoch 44: loss=0.579564, train_acc=0.7989, time=8.6s
per-rank: rank2[cuda2,share=0.3654,tput=3.63] rank1[cuda1,share=0.3488,tput=4.76] rank0[cuda0,share=0.2859,tput=2.65]
epoch 44: eval=0.7250
epoch 45: loss=0.578465, train_acc=0.8005, time=8.7s
per-rank: rank2[cuda2,share=0.3654,tput=3.62] rank1[cuda1,share=0.3488,tput=3.72] rank0[cuda0,share=0.2859,tput=2.52]
epoch 45: eval=0.7627
epoch 46: loss=0.562200, train_acc=0.8046, time=8.8s
per-rank: rank2[cuda2,share=0.3654,tput=4.19] rank1[cuda1,share=0.3488,tput=4.45] rank0[cuda0,share=0.2859,tput=2.22]
epoch 46: eval=0.7929
epoch 47: loss=0.565647, train_acc=0.8055, time=8.8s
per-rank: rank2[cuda2,share=0.3654,tput=2.29] rank1[cuda1,share=0.3488,tput=3.39] rank0[cuda0,share=0.2859,tput=4.80]
epoch 47: eval=0.8034
epoch 48: loss=0.564107, train_acc=0.8060, time=8.8s
per-rank: rank2[cuda2,share=0.3654,tput=4.59] rank1[cuda1,share=0.3488,tput=2.23] rank0[cuda0,share=0.2859,tput=3.44]
epoch 48: eval=0.7956
epoch 49: loss=0.568408, train_acc=0.8033, time=9.1s
per-rank: rank2[cuda2,share=0.3654,tput=3.22] rank1[cuda1,share=0.3488,tput=5.21] rank0[cuda0,share=0.2859,tput=2.15]
epoch 49: eval=0.7697
epoch 50: loss=0.557933, train_acc=0.8086, time=8.8s
per-rank: rank2[cuda2,share=0.3654,tput=3.30] rank1[cuda1,share=0.3488,tput=2.65] rank0[cuda0,share=0.2859,tput=4.12]
epoch 50: eval=0.7809
epoch 51: loss=0.533941, train_acc=0.8158, time=8.5s
per-rank: rank2[cuda2,share=0.3607,tput=3.47] rank1[cuda1,share=0.3470,tput=4.91] rank0[cuda0,share=0.2923,tput=2.36]
epoch 51: eval=0.7653
epoch 52: loss=0.544194, train_acc=0.8114, time=9.2s
per-rank: rank2[cuda2,share=0.3607,tput=3.32] rank1[cuda1,share=0.3470,tput=5.14] rank0[cuda0,share=0.2923,tput=2.22]
epoch 52: eval=0.7156
epoch 53: loss=0.551407, train_acc=0.8103, time=9.0s
per-rank: rank2[cuda2,share=0.3607,tput=2.29] rank1[cuda1,share=0.3470,tput=3.78] rank0[cuda0,share=0.2923,tput=4.40]
epoch 53: eval=0.7405
epoch 54: loss=0.555613, train_acc=0.8084, time=8.6s
per-rank: rank2[cuda2,share=0.3607,tput=2.15] rank1[cuda1,share=0.3470,tput=5.36] rank0[cuda0,share=0.2923,tput=3.13]
epoch 54: eval=0.7769
epoch 55: loss=0.551338, train_acc=0.8108, time=8.9s
per-rank: rank2[cuda2,share=0.3607,tput=5.05] rank1[cuda1,share=0.3470,tput=3.25] rank0[cuda0,share=0.2923,tput=2.24]
epoch 55: eval=0.7792
epoch 56: loss=0.550728, train_acc=0.8109, time=9.0s
per-rank: rank2[cuda2,share=0.3607,tput=3.39] rank1[cuda1,share=0.3470,tput=2.04] rank0[cuda0,share=0.2923,tput=5.53]
epoch 56: eval=0.7978
epoch 57: loss=0.546673, train_acc=0.8131, time=8.7s
per-rank: rank2[cuda2,share=0.3607,tput=2.14] rank1[cuda1,share=0.3470,tput=5.54] rank0[cuda0,share=0.2923,tput=3.30]
epoch 57: eval=0.7897
epoch 58: loss=0.538217, train_acc=0.8149, time=8.7s
per-rank: rank2[cuda2,share=0.3607,tput=3.36] rank1[cuda1,share=0.3470,tput=2.56] rank0[cuda0,share=0.2923,tput=4.12]
epoch 58: eval=0.7422
epoch 59: loss=0.551286, train_acc=0.8111, time=8.8s
per-rank: rank2[cuda2,share=0.3607,tput=3.17] rank1[cuda1,share=0.3470,tput=2.36] rank0[cuda0,share=0.2923,tput=4.74]
epoch 59: eval=0.7859
epoch 60: loss=0.537397, train_acc=0.8150, time=8.7s
per-rank: rank2[cuda2,share=0.3607,tput=4.99] rank1[cuda1,share=0.3470,tput=2.21] rank0[cuda0,share=0.2923,tput=3.15]
epoch 60: eval=0.7996
epoch 61: loss=0.541021, train_acc=0.8121, time=9.1s
per-rank: rank2[cuda2,share=0.3607,tput=4.60] rank1[cuda1,share=0.3470,tput=3.72] rank0[cuda0,share=0.2923,tput=2.17]
epoch 61: eval=0.7694
epoch 62: loss=0.548026, train_acc=0.8114, time=8.8s
per-rank: rank2[cuda2,share=0.3607,tput=2.28] rank1[cuda1,share=0.3470,tput=3.01] rank0[cuda0,share=0.2923,tput=5.52]
epoch 62: eval=0.7519
epoch 63: loss=0.539561, train_acc=0.8134, time=8.6s
per-rank: rank2[cuda2,share=0.3493,tput=2.28] rank1[cuda1,share=0.3378,tput=2.82] rank0[cuda0,share=0.3129,tput=5.97]
epoch 63: eval=0.8255
epoch 64: loss=0.502152, train_acc=0.8258, time=8.5s
per-rank: rank2[cuda2,share=0.3493,tput=6.15] rank1[cuda1,share=0.3378,tput=2.36] rank0[cuda0,share=0.3129,tput=2.85]
epoch 64: eval=0.7555
epoch 65: loss=0.520448, train_acc=0.8228, time=8.5s
per-rank: rank2[cuda2,share=0.3493,tput=4.92] rank1[cuda1,share=0.3378,tput=2.89] rank0[cuda0,share=0.3129,tput=2.79]
epoch 65: eval=0.7663
epoch 66: loss=0.534657, train_acc=0.8168, time=10.8s
per-rank: rank2[cuda2,share=0.3493,tput=3.29] rank1[cuda1,share=0.3378,tput=5.50] rank0[cuda0,share=0.3129,tput=2.25]
epoch 66: eval=0.6322
epoch 67: loss=0.536316, train_acc=0.8165, time=9.6s
per-rank: rank2[cuda2,share=0.3493,tput=2.58] rank1[cuda1,share=0.3378,tput=4.54] rank0[cuda0,share=0.3129,tput=2.64]
epoch 67: eval=0.7851
epoch 68: loss=0.532442, train_acc=0.8169, time=10.8s
per-rank: rank2[cuda2,share=0.3493,tput=4.72] rank1[cuda1,share=0.3378,tput=3.95] rank0[cuda0,share=0.3129,tput=2.24]
epoch 68: eval=0.7926
epoch 69: loss=0.532491, train_acc=0.8174, time=9.8s
per-rank: rank2[cuda2,share=0.3493,tput=3.82] rank1[cuda1,share=0.3378,tput=2.99] rank0[cuda0,share=0.3129,tput=2.51]
epoch 69: eval=0.8113
epoch 70: loss=0.527833, train_acc=0.8190, time=10.1s
per-rank: rank2[cuda2,share=0.3493,tput=3.84] rank1[cuda1,share=0.3378,tput=4.79] rank0[cuda0,share=0.3129,tput=2.35]
epoch 70: eval=0.7466
epoch 71: loss=0.530969, train_acc=0.8172, time=9.5s
per-rank: rank2[cuda2,share=0.3493,tput=4.18] rank1[cuda1,share=0.3378,tput=2.50] rank0[cuda0,share=0.3129,tput=2.95]
epoch 71: eval=0.7495
epoch 72: loss=0.522504, train_acc=0.8202, time=8.6s
per-rank: rank2[cuda2,share=0.3493,tput=3.55] rank1[cuda1,share=0.3378,tput=2.96] rank0[cuda0,share=0.3129,tput=2.95]
epoch 72: eval=0.7870
epoch 73: loss=0.527143, train_acc=0.8190, time=10.9s
per-rank: rank2[cuda2,share=0.3493,tput=4.60] rank1[cuda1,share=0.3378,tput=4.31] rank0[cuda0,share=0.3129,tput=2.17]
epoch 73: eval=0.7856
epoch 74: loss=0.529323, train_acc=0.8163, time=9.8s
per-rank: rank2[cuda2,share=0.3493,tput=4.23] rank1[cuda1,share=0.3378,tput=3.07] rank0[cuda0,share=0.3129,tput=2.32]
epoch 74: eval=0.8308
epoch 75: loss=0.521037, train_acc=0.8209, time=10.6s
per-rank: rank2[cuda2,share=0.3493,tput=3.70] rank1[cuda1,share=0.3378,tput=5.76] rank0[cuda0,share=0.3129,tput=2.30]
epoch 75: eval=0.8102
epoch 76: loss=0.520793, train_acc=0.8224, time=9.8s
per-rank: rank2[cuda2,share=0.3493,tput=4.16] rank1[cuda1,share=0.3378,tput=2.57] rank0[cuda0,share=0.3129,tput=2.69]
epoch 76: eval=0.8023
epoch 77: loss=0.518308, train_acc=0.8228, time=8.7s
per-rank: rank2[cuda2,share=0.3493,tput=2.61] rank1[cuda1,share=0.3378,tput=3.35] rank0[cuda0,share=0.3129,tput=3.65]
epoch 77: eval=0.7874
epoch 78: loss=0.519696, train_acc=0.8214, time=8.5s
per-rank: rank2[cuda2,share=0.3493,tput=2.15] rank1[cuda1,share=0.3378,tput=4.09] rank0[cuda0,share=0.3129,tput=3.98]
epoch 78: eval=0.7565
epoch 79: loss=0.520219, train_acc=0.8221, time=8.7s
per-rank: rank2[cuda2,share=0.3493,tput=2.49] rank1[cuda1,share=0.3378,tput=4.00] rank0[cuda0,share=0.3129,tput=3.04]
epoch 79: eval=0.7233
epoch 80: loss=0.520871, train_acc=0.8189, time=10.1s
per-rank: rank2[cuda2,share=0.3493,tput=3.17] rank1[cuda1,share=0.3378,tput=5.75] rank0[cuda0,share=0.3129,tput=2.41]
epoch 80: eval=0.8176
epoch 81: loss=0.487613, train_acc=0.8326, time=9.6s
per-rank: rank2[cuda2,share=0.3415,tput=4.26] rank1[cuda1,share=0.3315,tput=2.17] rank0[cuda0,share=0.3270,tput=3.26]
epoch 81: eval=0.8219
epoch 82: loss=0.510049, train_acc=0.8248, time=10.9s
per-rank: rank2[cuda2,share=0.3415,tput=3.71] rank1[cuda1,share=0.3315,tput=5.38] rank0[cuda0,share=0.3270,tput=2.23]
epoch 82: eval=0.7469
epoch 83: loss=0.516416, train_acc=0.8226, time=9.7s
per-rank: rank2[cuda2,share=0.3415,tput=2.66] rank1[cuda1,share=0.3315,tput=4.86] rank0[cuda0,share=0.3270,tput=2.87]
epoch 83: eval=0.7750
epoch 84: loss=0.515516, train_acc=0.8225, time=10.5s
per-rank: rank2[cuda2,share=0.3415,tput=3.16] rank1[cuda1,share=0.3315,tput=6.22] rank0[cuda0,share=0.3270,tput=2.30]
epoch 84: eval=0.7995
epoch 85: loss=0.516382, train_acc=0.8218, time=9.8s
per-rank: rank2[cuda2,share=0.3415,tput=2.49] rank1[cuda1,share=0.3315,tput=3.94] rank0[cuda0,share=0.3270,tput=3.09]
epoch 85: eval=0.7861
epoch 86: loss=0.519370, train_acc=0.8219, time=8.7s
per-rank: rank2[cuda2,share=0.3415,tput=5.88] rank1[cuda1,share=0.3315,tput=2.71] rank0[cuda0,share=0.3270,tput=2.23]
epoch 86: eval=0.8013
epoch 87: loss=0.513773, train_acc=0.8210, time=8.7s
per-rank: rank2[cuda2,share=0.3415,tput=3.21] rank1[cuda1,share=0.3315,tput=2.80] rank0[cuda0,share=0.3270,tput=3.59]
epoch 87: eval=0.7762
epoch 88: loss=0.519320, train_acc=0.8212, time=8.7s
per-rank: rank2[cuda2,share=0.3415,tput=2.33] rank1[cuda1,share=0.3315,tput=3.97] rank0[cuda0,share=0.3270,tput=3.41]
epoch 88: eval=0.7904
epoch 89: loss=0.510637, train_acc=0.8225, time=8.7s
per-rank: rank2[cuda2,share=0.3415,tput=2.54] rank1[cuda1,share=0.3315,tput=3.65] rank0[cuda0,share=0.3270,tput=3.91]
epoch 89: eval=0.7569
epoch 90: loss=0.519424, train_acc=0.8227, time=8.7s
per-rank: rank2[cuda2,share=0.3415,tput=3.20] rank1[cuda1,share=0.3315,tput=2.84] rank0[cuda0,share=0.3270,tput=3.31]
epoch 90: eval=0.7938
epoch 91: loss=0.511131, train_acc=0.8234, time=8.6s
per-rank: rank2[cuda2,share=0.3415,tput=3.30] rank1[cuda1,share=0.3315,tput=2.60] rank0[cuda0,share=0.3270,tput=3.79]
epoch 91: eval=0.7760
epoch 92: loss=0.514663, train_acc=0.8225, time=10.1s
per-rank: rank2[cuda2,share=0.3415,tput=5.41] rank1[cuda1,share=0.3315,tput=3.52] rank0[cuda0,share=0.3270,tput=2.37]
epoch 92: eval=0.7598
epoch 93: loss=0.511180, train_acc=0.8236, time=9.4s
per-rank: rank2[cuda2,share=0.3415,tput=3.13] rank1[cuda1,share=0.3315,tput=3.03] rank0[cuda0,share=0.3270,tput=3.23]
epoch 93: eval=0.8163
epoch 94: loss=0.513732, train_acc=0.8244, time=8.7s
per-rank: rank2[cuda2,share=0.3415,tput=2.41] rank1[cuda1,share=0.3315,tput=3.63] rank0[cuda0,share=0.3270,tput=3.93]
epoch 94: eval=0.8120
epoch 95: loss=0.513372, train_acc=0.8221, time=8.7s
per-rank: rank2[cuda2,share=0.3415,tput=3.91] rank1[cuda1,share=0.3315,tput=2.18] rank0[cuda0,share=0.3270,tput=3.95]
epoch 95: eval=0.8031
epoch 96: loss=0.506555, train_acc=0.8261, time=8.7s
per-rank: rank2[cuda2,share=0.3415,tput=2.54] rank1[cuda1,share=0.3315,tput=3.31] rank0[cuda0,share=0.3270,tput=3.64]
epoch 96: eval=0.7679
epoch 97: loss=0.510614, train_acc=0.8250, time=10.1s
per-rank: rank2[cuda2,share=0.3415,tput=5.15] rank1[cuda1,share=0.3315,tput=3.59] rank0[cuda0,share=0.3270,tput=2.41]
epoch 97: eval=0.7559
epoch 98: loss=0.489347, train_acc=0.8313, time=9.4s
per-rank: rank0[cuda0,share=0.3372,tput=3.50] rank2[cuda2,share=0.3358,tput=1.89] rank1[cuda1,share=0.3270,tput=4.61]
epoch 98: eval=0.8383
epoch 99: loss=0.483785, train_acc=0.8342, time=10.1s
per-rank: rank0[cuda0,share=0.3372,tput=2.38] rank2[cuda2,share=0.3358,tput=4.23] rank1[cuda1,share=0.3270,tput=4.14]
epoch 99: eval=0.8097
epoch 100: loss=0.499214, train_acc=0.8282, time=9.5s
per-rank: rank0[cuda0,share=0.3372,tput=3.04] rank2[cuda2,share=0.3358,tput=2.17] rank1[cuda1,share=0.3270,tput=4.55]
epoch 100: eval=0.7393
epoch 101: loss=0.507524, train_acc=0.8253, time=8.6s
per-rank: rank0[cuda0,share=0.3372,tput=3.94] rank2[cuda2,share=0.3358,tput=2.16] rank1[cuda1,share=0.3270,tput=3.93]
epoch 101: eval=0.7922
epoch 102: loss=0.440093, train_acc=0.8470, time=8.7s
per-rank: rank0[cuda0,share=0.3372,tput=3.69] rank2[cuda2,share=0.3358,tput=2.23] rank1[cuda1,share=0.3270,tput=3.74]
epoch 102: eval=0.8615
epoch 103: loss=0.338654, train_acc=0.8837, time=10.2s
per-rank: rank0[cuda0,share=0.3372,tput=2.41] rank2[cuda2,share=0.3358,tput=2.86] rank1[cuda1,share=0.3270,tput=6.09]
epoch 103: eval=0.8774
epoch 104: loss=0.311758, train_acc=0.8921, time=9.5s
per-rank: rank0[cuda0,share=0.3372,tput=3.49] rank2[cuda2,share=0.3358,tput=3.03] rank1[cuda1,share=0.3270,tput=2.99]
epoch 104: eval=0.8804
epoch 105: loss=0.299593, train_acc=0.8971, time=10.8s
per-rank: rank0[cuda0,share=0.3372,tput=2.22] rank2[cuda2,share=0.3358,tput=3.68] rank1[cuda1,share=0.3270,tput=5.46]
epoch 105: eval=0.8799
epoch 106: loss=0.288077, train_acc=0.9000, time=9.7s
per-rank: rank0[cuda0,share=0.3372,tput=2.72] rank2[cuda2,share=0.3358,tput=4.18] rank1[cuda1,share=0.3270,tput=2.79]
epoch 106: eval=0.8801
epoch 107: loss=0.282444, train_acc=0.9023, time=10.4s
per-rank: rank0[cuda0,share=0.3372,tput=2.31] rank2[cuda2,share=0.3358,tput=3.70] rank1[cuda1,share=0.3270,tput=5.32]
epoch 107: eval=0.8846
epoch 108: loss=0.274255, train_acc=0.9064, time=9.7s
per-rank: rank0[cuda0,share=0.3372,tput=2.75] rank2[cuda2,share=0.3358,tput=2.84] rank1[cuda1,share=0.3270,tput=3.62]
epoch 108: eval=0.8854
epoch 109: loss=0.267546, train_acc=0.9071, time=10.7s
per-rank: rank0[cuda0,share=0.3372,tput=2.26] rank2[cuda2,share=0.3358,tput=5.87] rank1[cuda1,share=0.3270,tput=3.44]
epoch 109: eval=0.8844
epoch 110: loss=0.263942, train_acc=0.9093, time=9.9s
per-rank: rank0[cuda0,share=0.3372,tput=2.59] rank2[cuda2,share=0.3358,tput=3.00] rank1[cuda1,share=0.3270,tput=3.71]
epoch 110: eval=0.8907
epoch 111: loss=0.258857, train_acc=0.9111, time=8.7s
per-rank: rank0[cuda0,share=0.3372,tput=2.45] rank2[cuda2,share=0.3358,tput=2.69] rank1[cuda1,share=0.3270,tput=5.75]
epoch 111: eval=0.8904
epoch 112: loss=0.254478, train_acc=0.9115, time=10.7s
per-rank: rank0[cuda0,share=0.3372,tput=2.25] rank2[cuda2,share=0.3358,tput=3.75] rank1[cuda1,share=0.3270,tput=4.78]
epoch 112: eval=0.8913
epoch 113: loss=0.251021, train_acc=0.9140, time=9.8s
per-rank: rank0[cuda0,share=0.3372,tput=2.80] rank2[cuda2,share=0.3358,tput=4.16] rank1[cuda1,share=0.3270,tput=2.63]
epoch 113: eval=0.8880
epoch 114: loss=0.248055, train_acc=0.9146, time=8.6s
per-rank: rank0[cuda0,share=0.3372,tput=2.59] rank2[cuda2,share=0.3358,tput=5.81] rank1[cuda1,share=0.3270,tput=2.51]
epoch 114: eval=0.8875
epoch 115: loss=0.240816, train_acc=0.9167, time=10.3s
per-rank: rank0[cuda0,share=0.3449,tput=2.32] rank2[cuda2,share=0.3316,tput=5.03] rank1[cuda1,share=0.3235,tput=3.92]
epoch 115: eval=0.8992
epoch 116: loss=0.228761, train_acc=0.9197, time=9.6s
per-rank: rank0[cuda0,share=0.3449,tput=2.39] rank2[cuda2,share=0.3316,tput=3.40] rank1[cuda1,share=0.3235,tput=3.12]
epoch 116: eval=0.8985
epoch 117: loss=0.227260, train_acc=0.9210, time=11.4s
per-rank: rank0[cuda0,share=0.3449,tput=2.11] rank2[cuda2,share=0.3316,tput=3.62] rank1[cuda1,share=0.3235,tput=5.04]
epoch 117: eval=0.8966
epoch 118: loss=0.223815, train_acc=0.9215, time=10.3s
per-rank: rank0[cuda0,share=0.3449,tput=2.09] rank2[cuda2,share=0.3316,tput=4.03] rank1[cuda1,share=0.3235,tput=2.88]
epoch 118: eval=0.8968
epoch 119: loss=0.223026, train_acc=0.9234, time=8.9s
per-rank: rank0[cuda0,share=0.3449,tput=3.46] rank2[cuda2,share=0.3316,tput=2.42] rank1[cuda1,share=0.3235,tput=5.55]
epoch 119: eval=0.8953
epoch 120: loss=0.221459, train_acc=0.9229, time=8.6s
per-rank: rank0[cuda0,share=0.3449,tput=2.92] rank2[cuda2,share=0.3316,tput=2.40] rank1[cuda1,share=0.3235,tput=5.37]
epoch 120: eval=0.8969
epoch 121: loss=0.219177, train_acc=0.9234, time=10.5s
per-rank: rank0[cuda0,share=0.3449,tput=2.27] rank2[cuda2,share=0.3316,tput=3.57] rank1[cuda1,share=0.3235,tput=5.15]
epoch 121: eval=0.8925
epoch 122: loss=0.215712, train_acc=0.9242, time=9.6s
per-rank: rank0[cuda0,share=0.3449,tput=2.90] rank2[cuda2,share=0.3316,tput=3.64] rank1[cuda1,share=0.3235,tput=3.01]
epoch 122: eval=0.8920
epoch 123: loss=0.214895, train_acc=0.9247, time=8.5s
per-rank: rank0[cuda0,share=0.3449,tput=5.28] rank2[cuda2,share=0.3316,tput=2.24] rank1[cuda1,share=0.3235,tput=3.91]
epoch 123: eval=0.8951
epoch 124: loss=0.215861, train_acc=0.9249, time=8.8s
per-rank: rank0[cuda0,share=0.3449,tput=3.42] rank2[cuda2,share=0.3316,tput=2.60] rank1[cuda1,share=0.3235,tput=3.37]
epoch 124: eval=0.8981
epoch 125: loss=0.217769, train_acc=0.9231, time=11.1s
per-rank: rank0[cuda0,share=0.3449,tput=2.12] rank2[cuda2,share=0.3316,tput=5.49] rank1[cuda1,share=0.3235,tput=3.76]
epoch 125: eval=0.8944
epoch 126: loss=0.214955, train_acc=0.9249, time=9.9s
per-rank: rank0[cuda0,share=0.3449,tput=2.73] rank2[cuda2,share=0.3316,tput=4.51] rank1[cuda1,share=0.3235,tput=2.52]
epoch 126: eval=0.8912
epoch 127: loss=0.208573, train_acc=0.9270, time=8.7s
per-rank: rank0[cuda0,share=0.3449,tput=4.88] rank2[cuda2,share=0.3316,tput=3.84] rank1[cuda1,share=0.3235,tput=2.10]
epoch 127: eval=0.8949
epoch 128: loss=0.209324, train_acc=0.9270, time=10.5s
per-rank: rank0[cuda0,share=0.3449,tput=2.26] rank2[cuda2,share=0.3316,tput=3.55] rank1[cuda1,share=0.3235,tput=5.30]
epoch 128: eval=0.9000
epoch 129: loss=0.207074, train_acc=0.9280, time=9.4s
per-rank: rank0[cuda0,share=0.3449,tput=3.34] rank2[cuda2,share=0.3316,tput=2.87] rank1[cuda1,share=0.3235,tput=4.20]
epoch 129: eval=0.8911
epoch 130: loss=0.205614, train_acc=0.9277, time=8.5s
per-rank: rank0[cuda0,share=0.3449,tput=2.77] rank2[cuda2,share=0.3316,tput=2.45] rank1[cuda1,share=0.3235,tput=6.16]
epoch 130: eval=0.8979
epoch 131: loss=0.202729, train_acc=0.9305, time=8.7s
per-rank: rank0[cuda0,share=0.3449,tput=2.83] rank2[cuda2,share=0.3316,tput=2.41] rank1[cuda1,share=0.3235,tput=5.59]
epoch 131: eval=0.8973
epoch 132: loss=0.206404, train_acc=0.9287, time=8.7s
per-rank: rank0[cuda0,share=0.3449,tput=4.13] rank2[cuda2,share=0.3316,tput=2.25] rank1[cuda1,share=0.3235,tput=3.40]
epoch 132: eval=0.8935
epoch 133: loss=0.192577, train_acc=0.9331, time=10.0s
per-rank: rank0[cuda0,share=0.3510,tput=2.42] rank2[cuda2,share=0.3282,tput=3.52] rank1[cuda1,share=0.3208,tput=4.90]
epoch 133: eval=0.9003
epoch 134: loss=0.194458, train_acc=0.9323, time=9.4s
per-rank: rank0[cuda0,share=0.3510,tput=3.33] rank2[cuda2,share=0.3282,tput=3.41] rank1[cuda1,share=0.3208,tput=2.71]
epoch 134: eval=0.9002
epoch 135: loss=0.195907, train_acc=0.9311, time=10.2s
per-rank: rank0[cuda0,share=0.3510,tput=2.34] rank2[cuda2,share=0.3282,tput=3.41] rank1[cuda1,share=0.3208,tput=6.01]
epoch 135: eval=0.8925
epoch 136: loss=0.193844, train_acc=0.9309, time=9.6s
per-rank: rank0[cuda0,share=0.3510,tput=2.69] rank2[cuda2,share=0.3282,tput=3.50] rank1[cuda1,share=0.3208,tput=2.93]
epoch 136: eval=0.8982
epoch 137: loss=0.193031, train_acc=0.9324, time=10.0s
per-rank: rank0[cuda0,share=0.3510,tput=2.39] rank2[cuda2,share=0.3282,tput=3.03] rank1[cuda1,share=0.3208,tput=6.23]
epoch 137: eval=0.8921
epoch 138: loss=0.194888, train_acc=0.9311, time=9.5s
per-rank: rank0[cuda0,share=0.3510,tput=3.14] rank2[cuda2,share=0.3282,tput=2.58] rank1[cuda1,share=0.3208,tput=3.82]
epoch 138: eval=0.8956
epoch 139: loss=0.197876, train_acc=0.9312, time=8.7s
per-rank: rank0[cuda0,share=0.3510,tput=3.92] rank2[cuda2,share=0.3282,tput=3.52] rank1[cuda1,share=0.3208,tput=2.69]
epoch 139: eval=0.8952
epoch 140: loss=0.196365, train_acc=0.9322, time=8.5s
per-rank: rank0[cuda0,share=0.3510,tput=3.01] rank2[cuda2,share=0.3282,tput=5.80] rank1[cuda1,share=0.3208,tput=2.30]
epoch 140: eval=0.8888
epoch 141: loss=0.196634, train_acc=0.9324, time=8.6s
per-rank: rank0[cuda0,share=0.3510,tput=4.26] rank2[cuda2,share=0.3282,tput=3.25] rank1[cuda1,share=0.3208,tput=2.50]
epoch 141: eval=0.8950
epoch 142: loss=0.198462, train_acc=0.9309, time=8.6s
per-rank: rank0[cuda0,share=0.3510,tput=3.73] rank2[cuda2,share=0.3282,tput=2.43] rank1[cuda1,share=0.3208,tput=3.80]
epoch 142: eval=0.8940
epoch 143: loss=0.196083, train_acc=0.9318, time=10.0s
per-rank: rank0[cuda0,share=0.3510,tput=2.40] rank2[cuda2,share=0.3282,tput=5.17] rank1[cuda1,share=0.3208,tput=3.51]
epoch 143: eval=0.8950
epoch 144: loss=0.195790, train_acc=0.9326, time=9.3s
per-rank: rank0[cuda0,share=0.3510,tput=3.35] rank2[cuda2,share=0.3282,tput=2.43] rank1[cuda1,share=0.3208,tput=4.17]
epoch 144: eval=0.8892
epoch 145: loss=0.198135, train_acc=0.9300, time=10.9s
per-rank: rank0[cuda0,share=0.3510,tput=2.21] rank2[cuda2,share=0.3282,tput=4.63] rank1[cuda1,share=0.3208,tput=4.06]
epoch 145: eval=0.8877
epoch 146: loss=0.198216, train_acc=0.9292, time=9.7s
per-rank: rank0[cuda0,share=0.3510,tput=2.03] rank2[cuda2,share=0.3282,tput=4.29] rank1[cuda1,share=0.3208,tput=3.11]
epoch 146: eval=0.8932
epoch 147: loss=0.192420, train_acc=0.9317, time=8.6s
per-rank: rank0[cuda0,share=0.3510,tput=3.22] rank2[cuda2,share=0.3282,tput=3.83] rank1[cuda1,share=0.3208,tput=2.74]
epoch 147: eval=0.8924
epoch 148: loss=0.194562, train_acc=0.9311, time=8.8s
per-rank: rank0[cuda0,share=0.3510,tput=2.03] rank2[cuda2,share=0.3282,tput=5.89] rank1[cuda1,share=0.3208,tput=3.00]
epoch 148: eval=0.8896
epoch 149: loss=0.193992, train_acc=0.9320, time=8.8s
per-rank: rank0[cuda0,share=0.3510,tput=3.10] rank2[cuda2,share=0.3282,tput=2.51] rank1[cuda1,share=0.3208,tput=3.97]
epoch 149: eval=0.8893
epoch 150: loss=0.183831, train_acc=0.9357, time=11.9s
per-rank: rank0[cuda0,share=0.3652,tput=1.97] rank2[cuda2,share=0.3201,tput=3.56] rank1[cuda1,share=0.3146,tput=5.83]
epoch 150: eval=0.9130
epoch 151: loss=0.134450, train_acc=0.9540, time=11.1s
per-rank: rank0[cuda0,share=0.3652,tput=1.99] rank2[cuda2,share=0.3201,tput=2.81] rank1[cuda1,share=0.3146,tput=4.52]
epoch 151: eval=0.9133
epoch 152: loss=0.129620, train_acc=0.9553, time=9.3s
per-rank: rank0[cuda0,share=0.3652,tput=3.32] rank2[cuda2,share=0.3201,tput=3.79] rank1[cuda1,share=0.3146,tput=2.55]
epoch 152: eval=0.9125
epoch 153: loss=0.128017, train_acc=0.9567, time=8.6s
per-rank: rank0[cuda0,share=0.3652,tput=3.58] rank2[cuda2,share=0.3201,tput=2.61] rank1[cuda1,share=0.3146,tput=3.52]
epoch 153: eval=0.9145
epoch 154: loss=0.126297, train_acc=0.9572, time=10.7s
per-rank: rank0[cuda0,share=0.3652,tput=2.27] rank2[cuda2,share=0.3201,tput=3.74] rank1[cuda1,share=0.3146,tput=5.18]
epoch 154: eval=0.9127
epoch 155: loss=0.125303, train_acc=0.9571, time=9.7s
per-rank: rank0[cuda0,share=0.3652,tput=2.41] rank2[cuda2,share=0.3201,tput=2.75] rank1[cuda1,share=0.3146,tput=4.35]
epoch 155: eval=0.9136
epoch 156: loss=0.124060, train_acc=0.9568, time=10.8s
per-rank: rank0[cuda0,share=0.3652,tput=2.18] rank2[cuda2,share=0.3201,tput=3.62] rank1[cuda1,share=0.3146,tput=5.00]
epoch 156: eval=0.9129
epoch 157: loss=0.123029, train_acc=0.9589, time=9.8s
per-rank: rank0[cuda0,share=0.3652,tput=2.38] rank2[cuda2,share=0.3201,tput=2.70] rank1[cuda1,share=0.3146,tput=4.40]
epoch 157: eval=0.9143
epoch 158: loss=0.121534, train_acc=0.9586, time=8.6s
per-rank: rank0[cuda0,share=0.3652,tput=3.19] rank2[cuda2,share=0.3201,tput=3.75] rank1[cuda1,share=0.3146,tput=2.83]
epoch 158: eval=0.9164
epoch 159: loss=0.122011, train_acc=0.9587, time=8.8s
per-rank: rank0[cuda0,share=0.3652,tput=3.70] rank2[cuda2,share=0.3201,tput=2.19] rank1[cuda1,share=0.3146,tput=5.36]
epoch 159: eval=0.9150
epoch 160: loss=0.118842, train_acc=0.9586, time=8.7s
per-rank: rank0[cuda0,share=0.3652,tput=4.15] rank2[cuda2,share=0.3201,tput=3.39] rank1[cuda1,share=0.3146,tput=2.22]
epoch 160: eval=0.9135
epoch 161: loss=0.121702, train_acc=0.9576, time=8.5s
per-rank: rank0[cuda0,share=0.3652,tput=3.15] rank2[cuda2,share=0.3201,tput=2.17] rank1[cuda1,share=0.3146,tput=4.49]
epoch 161: eval=0.9145
epoch 162: loss=0.119767, train_acc=0.9594, time=8.5s
per-rank: rank0[cuda0,share=0.3652,tput=2.40] rank2[cuda2,share=0.3201,tput=5.37] rank1[cuda1,share=0.3146,tput=3.06]
epoch 162: eval=0.9145
epoch 163: loss=0.118209, train_acc=0.9595, time=8.7s
per-rank: rank0[cuda0,share=0.3652,tput=5.25] rank2[cuda2,share=0.3201,tput=2.87] rank1[cuda1,share=0.3146,tput=2.74]
epoch 163: eval=0.9121
epoch 164: loss=0.118907, train_acc=0.9597, time=8.7s
per-rank: rank0[cuda0,share=0.3652,tput=3.67] rank2[cuda2,share=0.3201,tput=3.65] rank1[cuda1,share=0.3146,tput=2.32]
epoch 164: eval=0.9113
epoch 165: loss=0.116013, train_acc=0.9606, time=10.5s
per-rank: rank0[cuda0,share=0.3652,tput=2.30] rank2[cuda2,share=0.3201,tput=3.43] rank1[cuda1,share=0.3146,tput=6.18]
epoch 165: eval=0.9152
epoch 166: loss=0.115881, train_acc=0.9599, time=9.7s
per-rank: rank0[cuda0,share=0.3652,tput=3.11] rank2[cuda2,share=0.3201,tput=4.02] rank1[cuda1,share=0.3146,tput=2.54]
epoch 166: eval=0.9134
epoch 167: loss=0.114226, train_acc=0.9611, time=8.5s
per-rank: rank0[cuda0,share=0.3652,tput=4.30] rank2[cuda2,share=0.3201,tput=3.13] rank1[cuda1,share=0.3146,tput=2.63]
epoch 167: eval=0.9124
epoch 168: loss=0.111006, train_acc=0.9619, time=8.7s
per-rank: rank0[cuda0,share=0.3767,tput=4.66] rank2[cuda2,share=0.3135,tput=3.25] rank1[cuda1,share=0.3098,tput=2.87]
epoch 168: eval=0.9113
epoch 169: loss=0.112522, train_acc=0.9615, time=8.6s
per-rank: rank0[cuda0,share=0.3767,tput=2.75] rank2[cuda2,share=0.3135,tput=2.17] rank1[cuda1,share=0.3098,tput=6.36]
epoch 169: eval=0.9143
epoch 170: loss=0.111662, train_acc=0.9614, time=8.6s
per-rank: rank0[cuda0,share=0.3767,tput=2.65] rank2[cuda2,share=0.3135,tput=2.39] rank1[cuda1,share=0.3098,tput=5.87]
epoch 170: eval=0.9153
epoch 171: loss=0.112533, train_acc=0.9602, time=8.6s
per-rank: rank0[cuda0,share=0.3767,tput=2.77] rank2[cuda2,share=0.3135,tput=1.97] rank1[cuda1,share=0.3098,tput=6.63]
epoch 171: eval=0.9135
epoch 172: loss=0.111491, train_acc=0.9616, time=8.7s
per-rank: rank0[cuda0,share=0.3767,tput=2.30] rank2[cuda2,share=0.3135,tput=2.37] rank1[cuda1,share=0.3098,tput=6.64]
epoch 172: eval=0.9133
epoch 173: loss=0.110900, train_acc=0.9614, time=8.6s
per-rank: rank0[cuda0,share=0.3767,tput=3.04] rank2[cuda2,share=0.3135,tput=3.79] rank1[cuda1,share=0.3098,tput=2.63]
epoch 173: eval=0.9130
epoch 174: loss=0.110099, train_acc=0.9620, time=8.5s
per-rank: rank0[cuda0,share=0.3767,tput=4.09] rank2[cuda2,share=0.3135,tput=3.77] rank1[cuda1,share=0.3098,tput=2.98]
epoch 174: eval=0.9117
epoch 175: loss=0.111223, train_acc=0.9622, time=8.6s
per-rank: rank0[cuda0,share=0.3767,tput=3.71] rank2[cuda2,share=0.3135,tput=3.12] rank1[cuda1,share=0.3098,tput=2.88]
epoch 175: eval=0.9109
epoch 176: loss=0.109380, train_acc=0.9629, time=8.7s
per-rank: rank0[cuda0,share=0.3767,tput=2.89] rank2[cuda2,share=0.3135,tput=3.52] rank1[cuda1,share=0.3098,tput=2.90]
epoch 176: eval=0.9119
epoch 177: loss=0.108656, train_acc=0.9620, time=8.7s
per-rank: rank0[cuda0,share=0.3767,tput=2.97] rank2[cuda2,share=0.3135,tput=3.74] rank1[cuda1,share=0.3098,tput=2.55]
epoch 177: eval=0.9126
epoch 178: loss=0.106440, train_acc=0.9626, time=8.6s
per-rank: rank0[cuda0,share=0.3767,tput=2.30] rank2[cuda2,share=0.3135,tput=2.55] rank1[cuda1,share=0.3098,tput=6.32]
epoch 178: eval=0.9118
epoch 179: loss=0.109385, train_acc=0.9627, time=8.7s
per-rank: rank0[cuda0,share=0.3767,tput=3.42] rank2[cuda2,share=0.3135,tput=3.47] rank1[cuda1,share=0.3098,tput=2.63]
epoch 179: eval=0.9134
epoch 180: loss=0.107400, train_acc=0.9628, time=8.6s
per-rank: rank0[cuda0,share=0.3767,tput=2.76] rank2[cuda2,share=0.3135,tput=5.92] rank1[cuda1,share=0.3098,tput=2.33]
epoch 180: eval=0.9110
epoch 181: loss=0.106311, train_acc=0.9630, time=8.7s
per-rank: rank0[cuda0,share=0.3767,tput=3.64] rank2[cuda2,share=0.3135,tput=3.27] rank1[cuda1,share=0.3098,tput=2.73]
epoch 181: eval=0.9122
epoch 182: loss=0.107086, train_acc=0.9631, time=10.1s
per-rank: rank0[cuda0,share=0.3767,tput=2.39] rank2[cuda2,share=0.3135,tput=3.47] rank1[cuda1,share=0.3098,tput=5.56]
epoch 182: eval=0.9113
epoch 183: loss=0.108300, train_acc=0.9631, time=9.4s
per-rank: rank0[cuda0,share=0.3767,tput=2.99] rank2[cuda2,share=0.3135,tput=3.98] rank1[cuda1,share=0.3098,tput=2.60]
epoch 183: eval=0.9088
epoch 184: loss=0.105048, train_acc=0.9645, time=10.5s
per-rank: rank0[cuda0,share=0.3767,tput=2.29] rank2[cuda2,share=0.3135,tput=5.75] rank1[cuda1,share=0.3098,tput=3.17]
epoch 184: eval=0.9115
epoch 185: loss=0.105149, train_acc=0.9641, time=9.6s
per-rank: rank0[cuda0,share=0.3767,tput=2.27] rank2[cuda2,share=0.3135,tput=2.82] rank1[cuda1,share=0.3098,tput=4.06]
epoch 185: eval=0.9138
epoch 186: loss=0.102982, train_acc=0.9639, time=8.7s
per-rank: rank0[cuda0,share=0.3863,tput=3.25] rank2[cuda2,share=0.3078,tput=3.64] rank1[cuda1,share=0.3058,tput=2.79]
epoch 186: eval=0.9123
epoch 187: loss=0.103480, train_acc=0.9643, time=10.7s
per-rank: rank0[cuda0,share=0.3863,tput=2.23] rank2[cuda2,share=0.3078,tput=3.92] rank1[cuda1,share=0.3058,tput=4.80]
epoch 187: eval=0.9128
epoch 188: loss=0.102536, train_acc=0.9644, time=9.6s
per-rank: rank0[cuda0,share=0.3863,tput=2.52] rank2[cuda2,share=0.3078,tput=2.63] rank1[cuda1,share=0.3058,tput=4.64]
epoch 188: eval=0.9147
epoch 189: loss=0.103418, train_acc=0.9645, time=8.6s
per-rank: rank0[cuda0,share=0.3863,tput=2.18] rank2[cuda2,share=0.3078,tput=5.86] rank1[cuda1,share=0.3058,tput=2.87]
epoch 189: eval=0.9125
epoch 190: loss=0.102699, train_acc=0.9642, time=11.0s
per-rank: rank0[cuda0,share=0.3863,tput=2.16] rank2[cuda2,share=0.3078,tput=3.59] rank1[cuda1,share=0.3058,tput=5.56]
epoch 190: eval=0.9123
epoch 191: loss=0.102043, train_acc=0.9651, time=9.8s
per-rank: rank0[cuda0,share=0.3863,tput=2.26] rank2[cuda2,share=0.3078,tput=2.66] rank1[cuda1,share=0.3058,tput=4.76]
epoch 191: eval=0.9137
epoch 192: loss=0.099259, train_acc=0.9655, time=10.7s
per-rank: rank0[cuda0,share=0.3863,tput=2.22] rank2[cuda2,share=0.3078,tput=3.00] rank1[cuda1,share=0.3058,tput=6.22]
epoch 192: eval=0.9139
epoch 193: loss=0.103828, train_acc=0.9640, time=9.6s
per-rank: rank0[cuda0,share=0.3863,tput=2.78] rank2[cuda2,share=0.3078,tput=3.51] rank1[cuda1,share=0.3058,tput=3.05]
epoch 193: eval=0.9099
epoch 194: loss=0.102070, train_acc=0.9645, time=8.5s
per-rank: rank0[cuda0,share=0.3863,tput=3.58] rank2[cuda2,share=0.3078,tput=2.53] rank1[cuda1,share=0.3058,tput=5.03]
epoch 194: eval=0.9122
epoch 195: loss=0.101481, train_acc=0.9651, time=8.7s
per-rank: rank0[cuda0,share=0.3863,tput=2.73] rank2[cuda2,share=0.3078,tput=5.92] rank1[cuda1,share=0.3058,tput=2.21]
epoch 195: eval=0.9112
epoch 196: loss=0.102262, train_acc=0.9647, time=10.3s
per-rank: rank0[cuda0,share=0.3863,tput=2.33] rank2[cuda2,share=0.3078,tput=5.75] rank1[cuda1,share=0.3058,tput=3.17]
epoch 196: eval=0.9102
epoch 197: loss=0.102654, train_acc=0.9642, time=9.7s
per-rank: rank0[cuda0,share=0.3863,tput=2.56] rank2[cuda2,share=0.3078,tput=2.92] rank1[cuda1,share=0.3058,tput=3.66]
epoch 197: eval=0.9092
epoch 198: loss=0.098930, train_acc=0.9652, time=8.8s
per-rank: rank0[cuda0,share=0.3863,tput=3.44] rank2[cuda2,share=0.3078,tput=3.58] rank1[cuda1,share=0.3058,tput=2.51]
epoch 198: eval=0.9125
epoch 199: loss=0.099608, train_acc=0.9652, time=8.4s
per-rank: rank0[cuda0,share=0.3863,tput=3.55] rank2[cuda2,share=0.3078,tput=2.35] rank1[cuda1,share=0.3058,tput=4.17]
final eval=0.9128
# total: 1715.3s (28m 35s)
