# gpu0: NVIDIA GeForce RTX 5060 Ti (15GB, sm_120)
# gpu1: NVIDIA GeForce GTX 1060 6GB (5GB, sm_61)
# gpu2: NVIDIA GeForce GTX 1060 6GB (5GB, sm_61)
epoch 0: loss=2.016128, train_acc=0.2460, time=9.7s
per-rank: rank0[cuda0,share=0.4069,tput=5.33] rank2[cuda2,share=0.3010,tput=3.40] rank1[cuda1,share=0.2921,tput=2.22]
epoch 0: eval=0.3364
epoch 1: loss=1.670681, train_acc=0.3747, time=11.7s
per-rank: rank0[cuda0,share=0.4067,tput=2.16] rank1[cuda1,share=0.3013,tput=4.85] rank2[cuda2,share=0.2920,tput=3.50]
epoch 1: eval=0.4421
epoch 2: loss=1.500180, train_acc=0.4466, time=10.4s
per-rank: rank0[cuda0,share=0.3995,tput=2.49] rank1[cuda1,share=0.3102,tput=4.07] rank2[cuda2,share=0.2903,tput=2.60]
epoch 2: eval=0.4554
epoch 3: loss=1.346206, train_acc=0.5087, time=8.9s
per-rank: rank0[cuda0,share=0.4061,tput=2.51] rank1[cuda1,share=0.3117,tput=2.70] rank2[cuda2,share=0.2821,tput=5.77]
epoch 3: eval=0.5414
epoch 4: loss=1.208494, train_acc=0.5645, time=11.4s
per-rank: rank0[cuda0,share=0.4181,tput=2.20] rank1[cuda1,share=0.2948,tput=4.69] rank2[cuda2,share=0.2871,tput=3.77]
epoch 4: eval=0.5798
epoch 5: loss=1.090164, train_acc=0.6125, time=10.1s
per-rank: rank0[cuda0,share=0.4071,tput=2.60] rank2[cuda2,share=0.3009,tput=2.70] rank1[cuda1,share=0.2920,tput=4.44]
epoch 5: eval=0.5551
epoch 6: loss=0.995495, train_acc=0.6499, time=11.0s
per-rank: rank0[cuda0,share=0.4191,tput=2.25] rank2[cuda2,share=0.2992,tput=4.03] rank1[cuda1,share=0.2817,tput=4.57]
epoch 6: eval=0.6070
epoch 7: loss=0.914480, train_acc=0.6804, time=10.2s
per-rank: rank0[cuda0,share=0.4173,tput=2.50] rank2[cuda2,share=0.3013,tput=3.79] rank1[cuda1,share=0.2814,tput=2.77]
epoch 7: eval=0.6274
epoch 8: loss=0.848456, train_acc=0.7017, time=11.9s
per-rank: rank0[cuda0,share=0.3920,tput=2.04] rank1[cuda1,share=0.3167,tput=3.99] rank2[cuda2,share=0.2913,tput=5.28]
epoch 8: eval=0.6495
epoch 9: loss=0.793868, train_acc=0.7240, time=10.7s
per-rank: rank0[cuda0,share=0.3891,tput=2.42] rank1[cuda1,share=0.3065,tput=2.22] rank2[cuda2,share=0.3043,tput=4.56]
epoch 9: eval=0.6750
epoch 10: loss=0.745506, train_acc=0.7415, time=9.0s
per-rank: rank0[cuda0,share=0.3858,tput=3.38] rank2[cuda2,share=0.3167,tput=2.37] rank1[cuda1,share=0.2976,tput=6.17]
epoch 10: eval=0.7392
epoch 11: loss=0.715770, train_acc=0.7549, time=11.0s
per-rank: rank0[cuda0,share=0.3673,tput=2.05] rank1[cuda1,share=0.3272,tput=5.40] rank2[cuda2,share=0.3055,tput=3.35]
epoch 11: eval=0.6329
epoch 12: loss=0.701887, train_acc=0.7557, time=10.0s
per-rank: rank0[cuda0,share=0.3862,tput=2.98] rank1[cuda1,share=0.3195,tput=2.72] rank2[cuda2,share=0.2942,tput=3.56]
epoch 12: eval=0.7374
epoch 13: loss=0.685690, train_acc=0.7637, time=12.0s
per-rank: rank0[cuda0,share=0.3969,tput=2.13] rank1[cuda1,share=0.3083,tput=5.27] rank2[cuda2,share=0.2948,tput=3.98]
epoch 13: eval=0.6446
epoch 14: loss=0.656157, train_acc=0.7735, time=11.0s
per-rank: rank0[cuda0,share=0.3963,tput=2.12] rank1[cuda1,share=0.3091,tput=4.37] rank2[cuda2,share=0.2946,tput=2.36]
epoch 14: eval=0.7709
epoch 15: loss=0.646540, train_acc=0.7774, time=9.2s
per-rank: rank0[cuda0,share=0.3827,tput=2.82] rank1[cuda1,share=0.3186,tput=2.67] rank2[cuda2,share=0.2987,tput=3.88]
epoch 15: eval=0.7746
epoch 16: loss=0.622402, train_acc=0.7849, time=9.0s
per-rank: rank0[cuda0,share=0.3753,tput=2.62] rank1[cuda1,share=0.3207,tput=6.06] rank2[cuda2,share=0.3040,tput=2.24]
epoch 16: eval=0.7834
epoch 17: loss=0.613666, train_acc=0.7861, time=11.2s
per-rank: rank0[cuda0,share=0.4081,tput=2.20] rank2[cuda2,share=0.2983,tput=5.00] rank1[cuda1,share=0.2936,tput=3.76]
epoch 17: eval=0.7454
epoch 18: loss=0.642730, train_acc=0.7779, time=10.1s
per-rank: rank0[cuda0,share=0.4043,tput=2.57] rank1[cuda1,share=0.3010,tput=3.27] rank2[cuda2,share=0.2947,tput=3.37]
epoch 18: eval=0.7445
epoch 19: loss=0.652350, train_acc=0.7770, time=10.5s
per-rank: rank0[cuda0,share=0.4023,tput=2.28] rank1[cuda1,share=0.3047,tput=3.10] rank2[cuda2,share=0.2930,tput=5.53]
epoch 19: eval=0.7406
epoch 20: loss=0.630583, train_acc=0.7841, time=9.9s
per-rank: rank0[cuda0,share=0.4013,tput=3.18] rank1[cuda1,share=0.3067,tput=2.22] rank2[cuda2,share=0.2920,tput=4.06]
epoch 20: eval=0.7121
epoch 21: loss=0.617955, train_acc=0.7894, time=8.9s
per-rank: rank0[cuda0,share=0.4025,tput=2.35] rank1[cuda1,share=0.3052,tput=2.41] rank2[cuda2,share=0.2923,tput=6.05]
epoch 21: eval=0.7281
epoch 22: loss=0.607724, train_acc=0.7904, time=8.8s
per-rank: rank0[cuda0,share=0.4033,tput=2.81] rank1[cuda1,share=0.3042,tput=2.53] rank2[cuda2,share=0.2925,tput=4.97]
epoch 22: eval=0.7469
epoch 23: loss=0.602776, train_acc=0.7927, time=9.0s
per-rank: rank0[cuda0,share=0.4039,tput=3.29] rank1[cuda1,share=0.3035,tput=2.43] rank2[cuda2,share=0.2927,tput=3.45]
epoch 23: eval=0.7848
epoch 24: loss=0.597415, train_acc=0.7942, time=9.0s
per-rank: rank0[cuda0,share=0.4042,tput=3.45] rank1[cuda1,share=0.3032,tput=2.75] rank2[cuda2,share=0.2927,tput=3.02]
epoch 24: eval=0.7647
epoch 25: loss=0.602807, train_acc=0.7932, time=8.9s
per-rank: rank0[cuda0,share=0.4042,tput=3.13] rank1[cuda1,share=0.3032,tput=2.67] rank2[cuda2,share=0.2927,tput=3.63]
epoch 25: eval=0.6869
epoch 26: loss=0.587446, train_acc=0.8002, time=11.4s
per-rank: rank0[cuda0,share=0.4030,tput=2.12] rank1[cuda1,share=0.3036,tput=3.85] rank2[cuda2,share=0.2935,tput=5.03]
epoch 26: eval=0.8126
epoch 27: loss=0.574605, train_acc=0.8029, time=10.2s
per-rank: rank0[cuda0,share=0.4030,tput=2.63] rank1[cuda1,share=0.3036,tput=4.06] rank2[cuda2,share=0.2935,tput=2.68]
epoch 27: eval=0.7717
epoch 28: loss=0.567315, train_acc=0.8048, time=9.0s
per-rank: rank0[cuda0,share=0.4019,tput=2.46] rank1[cuda1,share=0.3039,tput=5.82] rank2[cuda2,share=0.2942,tput=2.32]
epoch 28: eval=0.7531
epoch 29: loss=0.568030, train_acc=0.8061, time=8.9s
per-rank: rank0[cuda0,share=0.4009,tput=2.91] rank1[cuda1,share=0.3035,tput=2.79] rank2[cuda2,share=0.2956,tput=3.55]
epoch 29: eval=0.7357
epoch 30: loss=0.560644, train_acc=0.8047, time=11.5s
per-rank: rank0[cuda0,share=0.3994,tput=2.02] rank1[cuda1,share=0.3042,tput=5.71] rank2[cuda2,share=0.2963,tput=3.07]
epoch 30: eval=0.7819
epoch 31: loss=0.566185, train_acc=0.8053, time=10.0s
per-rank: rank0[cuda0,share=0.3979,tput=2.38] rank1[cuda1,share=0.3049,tput=4.12] rank2[cuda2,share=0.2971,tput=2.83]
epoch 31: eval=0.7577
epoch 32: loss=0.558518, train_acc=0.8068, time=8.9s
per-rank: rank0[cuda0,share=0.3957,tput=3.13] rank1[cuda1,share=0.3069,tput=4.72] rank2[cuda2,share=0.2974,tput=2.63]
epoch 32: eval=0.7534
epoch 33: loss=0.561122, train_acc=0.8089, time=8.8s
per-rank: rank0[cuda0,share=0.3941,tput=2.91] rank1[cuda1,share=0.3078,tput=4.80] rank2[cuda2,share=0.2982,tput=2.53]
epoch 33: eval=0.8117
epoch 34: loss=0.551948, train_acc=0.8112, time=10.6s
per-rank: rank0[cuda0,share=0.3924,tput=2.21] rank1[cuda1,share=0.3086,tput=4.79] rank2[cuda2,share=0.2990,tput=3.80]
epoch 34: eval=0.7184
epoch 35: loss=0.547098, train_acc=0.8122, time=9.8s
per-rank: rank0[cuda0,share=0.3915,tput=2.91] rank1[cuda1,share=0.3081,tput=2.63] rank2[cuda2,share=0.3004,tput=3.83]
epoch 35: eval=0.7801
epoch 36: loss=0.536370, train_acc=0.8151, time=8.9s
per-rank: rank0[cuda0,share=0.3906,tput=3.18] rank1[cuda1,share=0.3076,tput=2.72] rank2[cuda2,share=0.3018,tput=4.30]
epoch 36: eval=0.7951
epoch 37: loss=0.549368, train_acc=0.8116, time=11.1s
per-rank: rank0[cuda0,share=0.3915,tput=2.17] rank1[cuda1,share=0.3061,tput=4.22] rank2[cuda2,share=0.3023,tput=4.55]
epoch 37: eval=0.7755
epoch 38: loss=0.535695, train_acc=0.8167, time=10.2s
per-rank: rank0[cuda0,share=0.3924,tput=2.58] rank1[cuda1,share=0.3047,tput=4.38] rank2[cuda2,share=0.3029,tput=2.42]
epoch 38: eval=0.7462
epoch 39: loss=0.532631, train_acc=0.8160, time=10.5s
per-rank: rank0[cuda0,share=0.3926,tput=2.29] rank1[cuda1,share=0.3046,tput=6.53] rank2[cuda2,share=0.3028,tput=2.86]
epoch 39: eval=0.7262
epoch 40: loss=0.534553, train_acc=0.8166, time=9.9s
per-rank: rank0[cuda0,share=0.3955,tput=2.98] rank1[cuda1,share=0.3030,tput=2.91] rank2[cuda2,share=0.3014,tput=3.26]
epoch 40: eval=0.7844
epoch 41: loss=0.529167, train_acc=0.8170, time=11.0s
per-rank: rank0[cuda0,share=0.3985,tput=2.24] rank1[cuda1,share=0.3015,tput=5.37] rank2[cuda2,share=0.3000,tput=3.44]
epoch 41: eval=0.7919
epoch 42: loss=0.525164, train_acc=0.8188, time=10.1s
per-rank: rank0[cuda0,share=0.4015,tput=2.05] rank1[cuda1,share=0.2999,tput=2.88] rank2[cuda2,share=0.2986,tput=4.11]
epoch 42: eval=0.7766
epoch 43: loss=0.522464, train_acc=0.8201, time=8.9s
per-rank: rank0[cuda0,share=0.4038,tput=2.61] rank1[cuda1,share=0.2996,tput=5.70] rank2[cuda2,share=0.2967,tput=2.33]
epoch 43: eval=0.7440
epoch 44: loss=0.529559, train_acc=0.8185, time=11.8s
per-rank: rank0[cuda0,share=0.4061,tput=2.09] rank1[cuda1,share=0.2992,tput=5.55] rank2[cuda2,share=0.2947,tput=3.36]
epoch 44: eval=0.8158
epoch 45: loss=0.519381, train_acc=0.8210, time=10.9s
per-rank: rank0[cuda0,share=0.4059,tput=2.10] rank1[cuda1,share=0.3012,tput=2.97] rank2[cuda2,share=0.2930,tput=4.09]
epoch 45: eval=0.8004
epoch 46: loss=0.521615, train_acc=0.8204, time=9.1s
per-rank: rank0[cuda0,share=0.4057,tput=3.35] rank1[cuda1,share=0.3031,tput=3.56] rank2[cuda2,share=0.2912,tput=2.46]
epoch 46: eval=0.7608
epoch 47: loss=0.525643, train_acc=0.8196, time=8.9s
per-rank: rank0[cuda0,share=0.4048,tput=2.06] rank1[cuda1,share=0.3045,tput=2.51] rank2[cuda2,share=0.2907,tput=6.63]
epoch 47: eval=0.8236
epoch 48: loss=0.505270, train_acc=0.8276, time=9.0s
per-rank: rank0[cuda0,share=0.4040,tput=2.32] rank1[cuda1,share=0.3059,tput=2.40] rank2[cuda2,share=0.2901,tput=5.97]
epoch 48: eval=0.7726
epoch 49: loss=0.512937, train_acc=0.8241, time=8.9s
per-rank: rank0[cuda0,share=0.4034,tput=3.74] rank1[cuda1,share=0.3069,tput=3.43] rank2[cuda2,share=0.2897,tput=2.40]
epoch 49: eval=0.8004
epoch 50: loss=0.510773, train_acc=0.8246, time=8.9s
per-rank: rank0[cuda0,share=0.4011,tput=3.87] rank1[cuda1,share=0.3072,tput=4.75] rank2[cuda2,share=0.2917,tput=2.71]
epoch 50: eval=0.7851
epoch 51: loss=0.507752, train_acc=0.8258, time=8.9s
per-rank: rank0[cuda0,share=0.3973,tput=3.31] rank1[cuda1,share=0.3082,tput=2.59] rank2[cuda2,share=0.2945,tput=3.62]
epoch 51: eval=0.7890
epoch 52: loss=0.509607, train_acc=0.8254, time=8.9s
per-rank: rank0[cuda0,share=0.3945,tput=3.06] rank1[cuda1,share=0.3087,tput=4.72] rank2[cuda2,share=0.2968,tput=2.32]
epoch 52: eval=0.7647
epoch 53: loss=0.509073, train_acc=0.8258, time=8.8s
per-rank: rank0[cuda0,share=0.3916,tput=3.62] rank1[cuda1,share=0.3092,tput=3.48] rank2[cuda2,share=0.2992,tput=2.44]
epoch 53: eval=0.7751
epoch 54: loss=0.510544, train_acc=0.8240, time=8.6s
per-rank: rank0[cuda0,share=0.3887,tput=2.37] rank1[cuda1,share=0.3096,tput=2.69] rank2[cuda2,share=0.3017,tput=6.09]
epoch 54: eval=0.7944
epoch 55: loss=0.505214, train_acc=0.8280, time=10.6s
per-rank: rank0[cuda0,share=0.3863,tput=2.19] rank1[cuda1,share=0.3088,tput=5.52] rank2[cuda2,share=0.3049,tput=3.13]
epoch 55: eval=0.8302
epoch 56: loss=0.502524, train_acc=0.8263, time=9.7s
per-rank: rank0[cuda0,share=0.3863,tput=2.68] rank1[cuda1,share=0.3088,tput=2.82] rank2[cuda2,share=0.3049,tput=3.92]
epoch 56: eval=0.7932
epoch 57: loss=0.499743, train_acc=0.8300, time=9.9s
per-rank: rank0[cuda0,share=0.3861,tput=2.36] rank1[cuda1,share=0.3096,tput=3.35] rank2[cuda2,share=0.3044,tput=5.01]
epoch 57: eval=0.7527
epoch 58: loss=0.496947, train_acc=0.8301, time=9.5s
per-rank: rank0[cuda0,share=0.3871,tput=2.57] rank1[cuda1,share=0.3090,tput=3.70] rank2[cuda2,share=0.3039,tput=2.71]
epoch 58: eval=0.8259
epoch 59: loss=0.497493, train_acc=0.8285, time=9.0s
per-rank: rank0[cuda0,share=0.3874,tput=3.11] rank1[cuda1,share=0.3097,tput=2.44] rank2[cuda2,share=0.3030,tput=3.70]
epoch 59: eval=0.8010
epoch 60: loss=0.498917, train_acc=0.8299, time=11.0s
per-rank: rank0[cuda0,share=0.3898,tput=2.17] rank1[cuda1,share=0.3084,tput=3.87] rank2[cuda2,share=0.3017,tput=5.08]
epoch 60: eval=0.7901
epoch 61: loss=0.496010, train_acc=0.8305, time=10.1s
per-rank: rank0[cuda0,share=0.3897,tput=2.05] rank1[cuda1,share=0.3085,tput=2.98] rank2[cuda2,share=0.3018,tput=3.94]
epoch 61: eval=0.8053
epoch 62: loss=0.493589, train_acc=0.8296, time=9.0s
per-rank: rank0[cuda0,share=0.3895,tput=2.46] rank1[cuda1,share=0.3086,tput=5.53] rank2[cuda2,share=0.3019,tput=2.32]
epoch 62: eval=0.8139
epoch 63: loss=0.494531, train_acc=0.8289, time=8.8s
per-rank: rank0[cuda0,share=0.3893,tput=4.35] rank1[cuda1,share=0.3087,tput=3.30] rank2[cuda2,share=0.3019,tput=2.27]
epoch 63: eval=0.7524
epoch 64: loss=0.485343, train_acc=0.8346, time=8.9s
per-rank: rank0[cuda0,share=0.3897,tput=2.49] rank1[cuda1,share=0.3077,tput=5.28] rank2[cuda2,share=0.3026,tput=2.63]
epoch 64: eval=0.8099
epoch 65: loss=0.482763, train_acc=0.8350, time=9.5s
per-rank: rank0[cuda0,share=0.3909,tput=2.05] rank1[cuda1,share=0.3070,tput=2.44] rank2[cuda2,share=0.3021,tput=5.66]
epoch 65: eval=0.8175
epoch 66: loss=0.486368, train_acc=0.8327, time=9.3s
per-rank: rank0[cuda0,share=0.3915,tput=3.59] rank1[cuda1,share=0.3058,tput=2.08] rank2[cuda2,share=0.3027,tput=3.41]
epoch 66: eval=0.7603
epoch 67: loss=0.496295, train_acc=0.8295, time=10.7s
per-rank: rank0[cuda0,share=0.3927,tput=2.24] rank2[cuda2,share=0.3038,tput=3.38] rank1[cuda1,share=0.3035,tput=5.03]
epoch 67: eval=0.8123
epoch 68: loss=0.485241, train_acc=0.8326, time=9.9s
per-rank: rank0[cuda0,share=0.3939,tput=2.63] rank2[cuda2,share=0.3050,tput=3.47] rank1[cuda1,share=0.3011,tput=2.92]
epoch 68: eval=0.7757
epoch 69: loss=0.482730, train_acc=0.8350, time=10.8s
per-rank: rank0[cuda0,share=0.3965,tput=2.26] rank2[cuda2,share=0.3055,tput=4.64] rank1[cuda1,share=0.2980,tput=3.77]
epoch 69: eval=0.7968
epoch 70: loss=0.475219, train_acc=0.8366, time=9.9s
per-rank: rank0[cuda0,share=0.3987,tput=2.47] rank2[cuda2,share=0.3053,tput=3.64] rank1[cuda1,share=0.2960,tput=2.85]
epoch 70: eval=0.8109
epoch 71: loss=0.495109, train_acc=0.8310, time=8.9s
per-rank: rank0[cuda0,share=0.4008,tput=2.52] rank2[cuda2,share=0.3052,tput=5.04] rank1[cuda1,share=0.2940,tput=2.73]
epoch 71: eval=0.7324
epoch 72: loss=0.477617, train_acc=0.8346, time=8.9s
per-rank: rank0[cuda0,share=0.4036,tput=3.84] rank2[cuda2,share=0.3039,tput=3.55] rank1[cuda1,share=0.2925,tput=2.15]
epoch 72: eval=0.7706
epoch 73: loss=0.483938, train_acc=0.8333, time=8.9s
per-rank: rank0[cuda0,share=0.4056,tput=2.85] rank2[cuda2,share=0.3020,tput=2.57] rank1[cuda1,share=0.2924,tput=3.78]
epoch 73: eval=0.7941
epoch 74: loss=0.480201, train_acc=0.8370, time=11.0s
per-rank: rank0[cuda0,share=0.4049,tput=2.26] rank2[cuda2,share=0.3024,tput=4.71] rank1[cuda1,share=0.2927,tput=3.81]
epoch 74: eval=0.7987
epoch 75: loss=0.475324, train_acc=0.8358, time=10.1s
per-rank: rank0[cuda0,share=0.4045,tput=2.61] rank2[cuda2,share=0.3027,tput=2.78] rank1[cuda1,share=0.2928,tput=3.65]
epoch 75: eval=0.7512
epoch 76: loss=0.477702, train_acc=0.8356, time=9.1s
per-rank: rank0[cuda0,share=0.4041,tput=3.31] rank2[cuda2,share=0.3029,tput=2.29] rank1[cuda1,share=0.2930,tput=3.67]
epoch 76: eval=0.7955
epoch 77: loss=0.470444, train_acc=0.8386, time=10.7s
per-rank: rank0[cuda0,share=0.4033,tput=2.22] rank2[cuda2,share=0.3033,tput=4.98] rank1[cuda1,share=0.2933,tput=3.50]
epoch 77: eval=0.7715
epoch 78: loss=0.478370, train_acc=0.8361, time=9.9s
per-rank: rank0[cuda0,share=0.4036,tput=2.43] rank2[cuda2,share=0.3024,tput=2.63] rank1[cuda1,share=0.2940,tput=4.47]
epoch 78: eval=0.7821
epoch 79: loss=0.479574, train_acc=0.8368, time=8.9s
per-rank: rank0[cuda0,share=0.4039,tput=2.63] rank2[cuda2,share=0.3014,tput=2.37] rank1[cuda1,share=0.2947,tput=6.17]
epoch 79: eval=0.7753
epoch 80: loss=0.473247, train_acc=0.8373, time=9.1s
per-rank: rank0[cuda0,share=0.4031,tput=4.34] rank2[cuda2,share=0.3019,tput=4.26] rank1[cuda1,share=0.2950,tput=2.42]
epoch 80: eval=0.8066
epoch 81: loss=0.466729, train_acc=0.8397, time=8.9s
per-rank: rank0[cuda0,share=0.4045,tput=2.49] rank2[cuda2,share=0.3012,tput=2.11] rank1[cuda1,share=0.2943,tput=6.54]
epoch 81: eval=0.7952
epoch 82: loss=0.476959, train_acc=0.8359, time=9.0s
per-rank: rank0[cuda0,share=0.4059,tput=2.31] rank2[cuda2,share=0.3005,tput=5.76] rank1[cuda1,share=0.2936,tput=2.66]
epoch 82: eval=0.7800
epoch 83: loss=0.476718, train_acc=0.8372, time=9.2s
per-rank: rank0[cuda0,share=0.4066,tput=2.84] rank2[cuda2,share=0.2993,tput=3.72] rank1[cuda1,share=0.2941,tput=2.63]
epoch 83: eval=0.7913
epoch 84: loss=0.466500, train_acc=0.8406, time=11.2s
per-rank: rank0[cuda0,share=0.4053,tput=2.21] rank1[cuda1,share=0.2980,tput=3.83] rank2[cuda2,share=0.2967,tput=5.42]
epoch 84: eval=0.7883
epoch 85: loss=0.468745, train_acc=0.8388, time=10.3s
per-rank: rank0[cuda0,share=0.4047,tput=2.12] rank1[cuda1,share=0.3000,tput=3.10] rank2[cuda2,share=0.2953,tput=3.56]
epoch 85: eval=0.8104
epoch 86: loss=0.472051, train_acc=0.8375, time=9.1s
per-rank: rank0[cuda0,share=0.3996,tput=2.08] rank1[cuda1,share=0.3041,tput=5.94] rank2[cuda2,share=0.2963,tput=2.47]
epoch 86: eval=0.8555
epoch 87: loss=0.465586, train_acc=0.8408, time=9.1s
per-rank: rank0[cuda0,share=0.3970,tput=3.37] rank1[cuda1,share=0.3062,tput=2.47] rank2[cuda2,share=0.2968,tput=3.56]
epoch 87: eval=0.7860
epoch 88: loss=0.481671, train_acc=0.8351, time=10.3s
per-rank: rank0[cuda0,share=0.3933,tput=2.22] rank1[cuda1,share=0.3092,tput=3.10] rank2[cuda2,share=0.2975,tput=5.31]
epoch 88: eval=0.7894
epoch 89: loss=0.460032, train_acc=0.8408, time=9.9s
per-rank: rank0[cuda0,share=0.3923,tput=3.03] rank1[cuda1,share=0.3100,tput=2.85] rank2[cuda2,share=0.2977,tput=3.14]
epoch 89: eval=0.7618
epoch 90: loss=0.464589, train_acc=0.8414, time=9.1s
per-rank: rank0[cuda0,share=0.3918,tput=2.45] rank1[cuda1,share=0.3100,tput=2.29] rank2[cuda2,share=0.2982,tput=6.10]
epoch 90: eval=0.7832
epoch 91: loss=0.463799, train_acc=0.8414, time=8.9s
per-rank: rank0[cuda0,share=0.3929,tput=3.83] rank1[cuda1,share=0.3081,tput=3.15] rank2[cuda2,share=0.2990,tput=2.57]
epoch 91: eval=0.7708
epoch 92: loss=0.463475, train_acc=0.8412, time=9.0s
per-rank: rank0[cuda0,share=0.3965,tput=2.64] rank1[cuda1,share=0.3034,tput=6.92] rank2[cuda2,share=0.3000,tput=1.94]
epoch 92: eval=0.8385
epoch 93: loss=0.459487, train_acc=0.8435, time=9.0s
per-rank: rank0[cuda0,share=0.3997,tput=3.32] rank1[cuda1,share=0.3012,tput=3.96] rank2[cuda2,share=0.2990,tput=2.23]
epoch 93: eval=0.7917
epoch 94: loss=0.465425, train_acc=0.8405, time=9.0s
per-rank: rank0[cuda0,share=0.4055,tput=3.81] rank1[cuda1,share=0.2980,tput=2.67] rank2[cuda2,share=0.2965,tput=3.38]
epoch 94: eval=0.8328
epoch 95: loss=0.454553, train_acc=0.8443, time=8.8s
per-rank: rank0[cuda0,share=0.4062,tput=2.28] rank1[cuda1,share=0.2985,tput=6.09] rank2[cuda2,share=0.2953,tput=2.60]
epoch 95: eval=0.8147
epoch 96: loss=0.462149, train_acc=0.8421, time=11.7s
per-rank: rank0[cuda0,share=0.4042,tput=2.09] rank1[cuda1,share=0.2993,tput=3.61] rank2[cuda2,share=0.2965,tput=5.74]
epoch 96: eval=0.7652
epoch 97: loss=0.455893, train_acc=0.8433, time=10.4s
per-rank: rank0[cuda0,share=0.4038,tput=2.49] rank1[cuda1,share=0.3001,tput=4.24] rank2[cuda2,share=0.2961,tput=2.49]
epoch 97: eval=0.7663
epoch 98: loss=0.456367, train_acc=0.8441, time=8.8s
per-rank: rank0[cuda0,share=0.4015,tput=2.96] rank1[cuda1,share=0.3044,tput=2.37] rank2[cuda2,share=0.2941,tput=5.12]
epoch 98: eval=0.8101
epoch 99: loss=0.460229, train_acc=0.8426, time=9.0s
per-rank: rank0[cuda0,share=0.4006,tput=3.26] rank1[cuda1,share=0.3064,tput=2.26] rank2[cuda2,share=0.2930,tput=5.29]
epoch 99: eval=0.8190
epoch 100: loss=0.325551, train_acc=0.8882, time=9.0s
per-rank: rank0[cuda0,share=0.4015,tput=2.53] rank1[cuda1,share=0.3051,tput=2.19] rank2[cuda2,share=0.2935,tput=6.64]
epoch 100: eval=0.8957
epoch 101: loss=0.235233, train_acc=0.9199, time=11.7s
per-rank: rank0[cuda0,share=0.4060,tput=2.17] rank1[cuda1,share=0.3008,tput=4.06] rank2[cuda2,share=0.2932,tput=5.03]
epoch 101: eval=0.9037
epoch 102: loss=0.224820, train_acc=0.9229, time=10.6s
per-rank: rank0[cuda0,share=0.4079,tput=2.24] rank1[cuda1,share=0.2991,tput=2.89] rank2[cuda2,share=0.2930,tput=4.12]
epoch 102: eval=0.9049
epoch 103: loss=0.214787, train_acc=0.9259, time=9.1s
per-rank: rank0[cuda0,share=0.4092,tput=3.45] rank1[cuda1,share=0.2968,tput=2.33] rank2[cuda2,share=0.2940,tput=3.51]
epoch 103: eval=0.9031
epoch 104: loss=0.209241, train_acc=0.9284, time=11.3s
per-rank: rank0[cuda0,share=0.4117,tput=2.14] rank2[cuda2,share=0.2961,tput=4.80] rank1[cuda1,share=0.2921,tput=3.77]
epoch 104: eval=0.9040
epoch 105: loss=0.202923, train_acc=0.9290, time=10.2s
per-rank: rank0[cuda0,share=0.4100,tput=2.66] rank2[cuda2,share=0.2971,tput=2.27] rank1[cuda1,share=0.2930,tput=4.42]
epoch 105: eval=0.9045
epoch 106: loss=0.197256, train_acc=0.9304, time=9.0s
per-rank: rank0[cuda0,share=0.4045,tput=3.61] rank1[cuda1,share=0.2980,tput=2.44] rank2[cuda2,share=0.2974,tput=4.24]
epoch 106: eval=0.9046
epoch 107: loss=0.191771, train_acc=0.9343, time=10.8s
per-rank: rank0[cuda0,share=0.4039,tput=2.17] rank1[cuda1,share=0.3014,tput=3.39] rank2[cuda2,share=0.2948,tput=5.10]
epoch 107: eval=0.9049
epoch 108: loss=0.191367, train_acc=0.9333, time=10.0s
per-rank: rank0[cuda0,share=0.4038,tput=2.93] rank1[cuda1,share=0.3033,tput=2.47] rank2[cuda2,share=0.2929,tput=4.28]
epoch 108: eval=0.9044
epoch 109: loss=0.184523, train_acc=0.9350, time=9.0s
per-rank: rank0[cuda0,share=0.4069,tput=2.73] rank1[cuda1,share=0.3014,tput=2.07] rank2[cuda2,share=0.2917,tput=5.99]
epoch 109: eval=0.9087
epoch 110: loss=0.181422, train_acc=0.9364, time=12.3s
per-rank: rank0[cuda0,share=0.4117,tput=2.00] rank1[cuda1,share=0.2950,tput=5.01] rank2[cuda2,share=0.2934,tput=3.55]
epoch 110: eval=0.9079
epoch 111: loss=0.181808, train_acc=0.9372, time=10.7s
per-rank: rank0[cuda0,share=0.4123,tput=2.21] rank2[cuda2,share=0.2950,tput=3.70] rank1[cuda1,share=0.2927,tput=3.15]
epoch 111: eval=0.9073
epoch 112: loss=0.174522, train_acc=0.9390, time=9.1s
per-rank: rank0[cuda0,share=0.4076,tput=3.07] rank2[cuda2,share=0.3015,tput=3.47] rank1[cuda1,share=0.2908,tput=2.71]
epoch 112: eval=0.9058
epoch 113: loss=0.172832, train_acc=0.9394, time=9.0s
per-rank: rank0[cuda0,share=0.4043,tput=3.28] rank2[cuda2,share=0.3041,tput=3.39] rank1[cuda1,share=0.2916,tput=2.56]
epoch 113: eval=0.9062
epoch 114: loss=0.170276, train_acc=0.9398, time=11.0s
per-rank: rank0[cuda0,share=0.3861,tput=2.10] rank2[cuda2,share=0.3079,tput=5.08] rank1[cuda1,share=0.3060,tput=3.58]
epoch 114: eval=0.9085
epoch 115: loss=0.166661, train_acc=0.9413, time=10.1s
per-rank: rank0[cuda0,share=0.3841,tput=2.36] rank1[cuda1,share=0.3089,tput=3.02] rank2[cuda2,share=0.3070,tput=3.61]
epoch 115: eval=0.9060
epoch 116: loss=0.162973, train_acc=0.9435, time=9.0s
per-rank: rank0[cuda0,share=0.3814,tput=2.51] rank1[cuda1,share=0.3165,tput=6.18] rank2[cuda2,share=0.3021,tput=2.08]
epoch 116: eval=0.9086
epoch 117: loss=0.163003, train_acc=0.9429, time=8.9s
per-rank: rank0[cuda0,share=0.3808,tput=4.66] rank1[cuda1,share=0.3213,tput=2.50] rank2[cuda2,share=0.2979,tput=3.57]
epoch 117: eval=0.9059
epoch 118: loss=0.159597, train_acc=0.9437, time=9.0s
per-rank: rank0[cuda0,share=0.3826,tput=2.10] rank1[cuda1,share=0.3220,tput=5.50] rank2[cuda2,share=0.2954,tput=2.63]
epoch 118: eval=0.9057
epoch 119: loss=0.157199, train_acc=0.9452, time=9.0s
per-rank: rank0[cuda0,share=0.3829,tput=2.38] rank1[cuda1,share=0.3222,tput=6.23] rank2[cuda2,share=0.2949,tput=2.33]
epoch 119: eval=0.9093
epoch 120: loss=0.152572, train_acc=0.9465, time=9.1s
per-rank: rank0[cuda0,share=0.3796,tput=2.37] rank1[cuda1,share=0.3208,tput=5.50] rank2[cuda2,share=0.2995,tput=2.47]
epoch 120: eval=0.9103
epoch 121: loss=0.150143, train_acc=0.9465, time=8.9s
per-rank: rank0[cuda0,share=0.3781,tput=4.00] rank1[cuda1,share=0.3181,tput=2.29] rank2[cuda2,share=0.3038,tput=3.59]
epoch 121: eval=0.9083
epoch 122: loss=0.151771, train_acc=0.9466, time=10.6s
per-rank: rank0[cuda0,share=0.3850,tput=2.20] rank1[cuda1,share=0.3140,tput=3.85] rank2[cuda2,share=0.3010,tput=4.91]
epoch 122: eval=0.9087
epoch 123: loss=0.147249, train_acc=0.9479, time=9.8s
per-rank: rank0[cuda0,share=0.3925,tput=2.81] rank1[cuda1,share=0.3119,tput=3.12] rank2[cuda2,share=0.2956,tput=3.28]
epoch 123: eval=0.9079
epoch 124: loss=0.147582, train_acc=0.9480, time=9.0s
per-rank: rank0[cuda0,share=0.4021,tput=3.56] rank1[cuda1,share=0.3091,tput=2.87] rank2[cuda2,share=0.2888,tput=2.94]
epoch 124: eval=0.9018
epoch 125: loss=0.144669, train_acc=0.9498, time=8.9s
per-rank: rank0[cuda0,share=0.4047,tput=2.13] rank1[cuda1,share=0.3119,tput=6.27] rank2[cuda2,share=0.2834,tput=2.57]
epoch 125: eval=0.9107
epoch 126: loss=0.143185, train_acc=0.9513, time=10.5s
per-rank: rank0[cuda0,share=0.3999,tput=2.26] rank1[cuda1,share=0.3081,tput=4.58] rank2[cuda2,share=0.2920,tput=3.77]
epoch 126: eval=0.9066
epoch 127: loss=0.134388, train_acc=0.9529, time=9.9s
per-rank: rank0[cuda0,share=0.4027,tput=3.20] rank2[cuda2,share=0.2990,tput=2.55] rank1[cuda1,share=0.2983,tput=3.55]
epoch 127: eval=0.9060
epoch 128: loss=0.137866, train_acc=0.9512, time=9.0s
per-rank: rank0[cuda0,share=0.4183,tput=2.44] rank2[cuda2,share=0.2967,tput=5.90] rank1[cuda1,share=0.2850,tput=2.45]
epoch 128: eval=0.9049
epoch 129: loss=0.136653, train_acc=0.9500, time=11.4s
per-rank: rank0[cuda0,share=0.4137,tput=2.22] rank2[cuda2,share=0.2974,tput=3.79] rank1[cuda1,share=0.2889,tput=5.27]
epoch 129: eval=0.9090
epoch 130: loss=0.133800, train_acc=0.9535, time=10.4s
per-rank: rank0[cuda0,share=0.3976,tput=2.01] rank1[cuda1,share=0.3030,tput=4.50] rank2[cuda2,share=0.2994,tput=2.72]
epoch 130: eval=0.9106
epoch 131: loss=0.128712, train_acc=0.9551, time=9.0s
per-rank: rank0[cuda0,share=0.3817,tput=3.63] rank1[cuda1,share=0.3225,tput=2.82] rank2[cuda2,share=0.2958,tput=3.08]
epoch 131: eval=0.8943
epoch 132: loss=0.129528, train_acc=0.9546, time=10.9s
per-rank: rank0[cuda0,share=0.3830,tput=2.16] rank1[cuda1,share=0.3248,tput=3.38] rank2[cuda2,share=0.2922,tput=5.02]
epoch 132: eval=0.9087
epoch 133: loss=0.128851, train_acc=0.9538, time=9.8s
per-rank: rank0[cuda0,share=0.3981,tput=3.41] rank1[cuda1,share=0.3206,tput=4.19] rank2[cuda2,share=0.2813,tput=2.13]
epoch 133: eval=0.9004
epoch 134: loss=0.130428, train_acc=0.9533, time=13.0s
per-rank: rank0[cuda0,share=0.3826,tput=1.96] rank1[cuda1,share=0.3241,tput=3.47] rank2[cuda2,share=0.2934,tput=6.15]
epoch 134: eval=0.9061
epoch 135: loss=0.126159, train_acc=0.9560, time=10.8s
per-rank: rank0[cuda0,share=0.3687,tput=3.31] rank1[cuda1,share=0.3241,tput=4.39] rank2[cuda2,share=0.3072,tput=2.93]
epoch 135: eval=0.9057
epoch 136: loss=0.130431, train_acc=0.9527, time=9.1s
per-rank: rank0[cuda0,share=0.3982,tput=2.93] rank1[cuda1,share=0.3068,tput=2.38] rank2[cuda2,share=0.2950,tput=5.37]
epoch 136: eval=0.9014
epoch 137: loss=0.123715, train_acc=0.9557, time=9.1s
per-rank: rank0[cuda0,share=0.4052,tput=3.19] rank1[cuda1,share=0.2974,tput=2.69] rank2[cuda2,share=0.2974,tput=3.45]
epoch 137: eval=0.9012
epoch 138: loss=0.120963, train_acc=0.9568, time=10.8s
per-rank: rank0[cuda0,share=0.4053,tput=2.31] rank1[cuda1,share=0.2990,tput=5.19] rank2[cuda2,share=0.2957,tput=3.56]
epoch 138: eval=0.9026
epoch 139: loss=0.128084, train_acc=0.9546, time=10.1s
per-rank: rank0[cuda0,share=0.4278,tput=2.78] rank1[cuda1,share=0.2907,tput=4.24] rank2[cuda2,share=0.2815,tput=2.33]
epoch 139: eval=0.9125
epoch 140: loss=0.123496, train_acc=0.9569, time=11.8s
per-rank: rank0[cuda0,share=0.4221,tput=2.20] rank1[cuda1,share=0.2998,tput=3.74] rank2[cuda2,share=0.2781,tput=5.12]
epoch 140: eval=0.9073
epoch 141: loss=0.119805, train_acc=0.9577, time=11.2s
per-rank: rank0[cuda0,share=0.4070,tput=2.01] rank1[cuda1,share=0.3039,tput=4.28] rank2[cuda2,share=0.2891,tput=2.73]
epoch 141: eval=0.9095
epoch 142: loss=0.119031, train_acc=0.9579, time=9.4s
per-rank: rank0[cuda0,share=0.3974,tput=3.76] rank1[cuda1,share=0.3073,tput=2.46] rank2[cuda2,share=0.2953,tput=3.41]
epoch 142: eval=0.8978
epoch 143: loss=0.120442, train_acc=0.9572, time=9.0s
per-rank: rank0[cuda0,share=0.4033,tput=2.39] rank1[cuda1,share=0.3066,tput=2.77] rank2[cuda2,share=0.2901,tput=5.59]
epoch 143: eval=0.9084
epoch 144: loss=0.119699, train_acc=0.9580, time=10.8s
per-rank: rank0[cuda0,share=0.4169,tput=2.24] rank1[cuda1,share=0.3189,tput=4.26] rank2[cuda2,share=0.2642,tput=4.33]
epoch 144: eval=0.9061
epoch 145: loss=0.118770, train_acc=0.9573, time=10.1s
per-rank: rank0[cuda0,share=0.4156,tput=2.22] rank1[cuda1,share=0.3067,tput=2.40] rank2[cuda2,share=0.2778,tput=4.95]
epoch 145: eval=0.9042
epoch 146: loss=0.114303, train_acc=0.9585, time=9.1s
per-rank: rank0[cuda0,share=0.4097,tput=4.02] rank2[cuda2,share=0.2975,tput=2.25] rank1[cuda1,share=0.2928,tput=3.43]
epoch 146: eval=0.9078
epoch 147: loss=0.116338, train_acc=0.9587, time=9.0s
per-rank: rank0[cuda0,share=0.4270,tput=3.04] rank2[cuda2,share=0.2876,tput=2.10] rank1[cuda1,share=0.2854,tput=5.94]
epoch 147: eval=0.8948
epoch 148: loss=0.119602, train_acc=0.9573, time=9.1s
per-rank: rank0[cuda0,share=0.4253,tput=3.15] rank1[cuda1,share=0.2964,tput=5.14] rank2[cuda2,share=0.2783,tput=2.26]
epoch 148: eval=0.8993
epoch 149: loss=0.112839, train_acc=0.9601, time=11.0s
per-rank: rank0[cuda0,share=0.4183,tput=2.30] rank1[cuda1,share=0.3077,tput=4.31] rank2[cuda2,share=0.2740,tput=4.37]
epoch 149: eval=0.9151
epoch 150: loss=0.086709, train_acc=0.9709, time=10.2s
per-rank: rank0[cuda0,share=0.4137,tput=2.32] rank1[cuda1,share=0.2950,tput=3.57] rank2[cuda2,share=0.2913,tput=3.01]
epoch 150: eval=0.9146
epoch 151: loss=0.077112, train_acc=0.9751, time=9.3s
per-rank: rank0[cuda0,share=0.4020,tput=3.58] rank1[cuda1,share=0.3002,tput=2.95] rank2[cuda2,share=0.2978,tput=2.76]
epoch 151: eval=0.9149
epoch 152: loss=0.076408, train_acc=0.9749, time=9.2s
per-rank: rank0[cuda0,share=0.3855,tput=3.50] rank1[cuda1,share=0.3270,tput=2.46] rank2[cuda2,share=0.2875,tput=3.57]
epoch 152: eval=0.9149
epoch 153: loss=0.074193, train_acc=0.9755, time=9.0s
per-rank: rank0[cuda0,share=0.3944,tput=2.49] rank1[cuda1,share=0.3126,tput=2.51] rank2[cuda2,share=0.2930,tput=6.16]
epoch 153: eval=0.9155
epoch 154: loss=0.072301, train_acc=0.9755, time=9.0s
per-rank: rank0[cuda0,share=0.4019,tput=3.48] rank1[cuda1,share=0.3065,tput=3.70] rank2[cuda2,share=0.2916,tput=2.18]
epoch 154: eval=0.9160
epoch 155: loss=0.071400, train_acc=0.9760, time=8.9s
per-rank: rank0[cuda0,share=0.4162,tput=2.46] rank1[cuda1,share=0.3029,tput=2.41] rank2[cuda2,share=0.2810,tput=6.65]
epoch 155: eval=0.9155
epoch 156: loss=0.068244, train_acc=0.9781, time=8.9s
per-rank: rank0[cuda0,share=0.4142,tput=3.47] rank1[cuda1,share=0.3018,tput=3.72] rank2[cuda2,share=0.2840,tput=2.34]
epoch 156: eval=0.9170
epoch 157: loss=0.068250, train_acc=0.9776, time=8.9s
per-rank: rank0[cuda0,share=0.4218,tput=3.98] rank1[cuda1,share=0.3068,tput=2.77] rank2[cuda2,share=0.2714,tput=2.72]
epoch 157: eval=0.9155
epoch 158: loss=0.067186, train_acc=0.9786, time=11.5s
per-rank: rank0[cuda0,share=0.4235,tput=2.28] rank1[cuda1,share=0.2990,tput=4.41] rank2[cuda2,share=0.2776,tput=4.26]
epoch 158: eval=0.9154
epoch 159: loss=0.067169, train_acc=0.9779, time=10.5s
per-rank: rank0[cuda0,share=0.4233,tput=2.39] rank1[cuda1,share=0.2925,tput=4.28] rank2[cuda2,share=0.2842,tput=2.66]
epoch 159: eval=0.9154
epoch 160: loss=0.066341, train_acc=0.9777, time=9.0s
per-rank: rank0[cuda0,share=0.4270,tput=3.43] rank2[cuda2,share=0.2876,tput=2.33] rank1[cuda1,share=0.2854,tput=5.21]
epoch 160: eval=0.9171
epoch 161: loss=0.066114, train_acc=0.9776, time=9.1s
per-rank: rank0[cuda0,share=0.4208,tput=3.35] rank2[cuda2,share=0.2955,tput=2.39] rank1[cuda1,share=0.2837,tput=3.59]
epoch 161: eval=0.9153
epoch 162: loss=0.064720, train_acc=0.9792, time=9.5s
per-rank: rank0[cuda0,share=0.4044,tput=2.01] rank1[cuda1,share=0.3002,tput=2.86] rank2[cuda2,share=0.2953,tput=5.89]
epoch 162: eval=0.9152
epoch 163: loss=0.065632, train_acc=0.9789, time=9.3s
per-rank: rank0[cuda0,share=0.3735,tput=3.72] rank1[cuda1,share=0.3132,tput=3.48] rank2[cuda2,share=0.3132,tput=2.31]
epoch 163: eval=0.9149
epoch 164: loss=0.065620, train_acc=0.9786, time=9.0s
per-rank: rank0[cuda0,share=0.4062,tput=3.97] rank1[cuda1,share=0.2990,tput=2.33] rank2[cuda2,share=0.2948,tput=3.36]
epoch 164: eval=0.9172
epoch 165: loss=0.065381, train_acc=0.9782, time=8.9s
per-rank: rank0[cuda0,share=0.4046,tput=3.03] rank1[cuda1,share=0.2994,tput=3.91] rank2[cuda2,share=0.2960,tput=2.54]
epoch 165: eval=0.9163
epoch 166: loss=0.063344, train_acc=0.9796, time=11.5s
per-rank: rank0[cuda0,share=0.3897,tput=2.04] rank2[cuda2,share=0.3086,tput=3.45] rank1[cuda1,share=0.3017,tput=5.03]
epoch 166: eval=0.9172
epoch 167: loss=0.063012, train_acc=0.9786, time=10.3s
per-rank: rank0[cuda0,share=0.3680,tput=2.12] rank1[cuda1,share=0.3172,tput=4.05] rank2[cuda2,share=0.3148,tput=2.82]
epoch 167: eval=0.9160
epoch 168: loss=0.062680, train_acc=0.9793, time=10.6s
per-rank: rank0[cuda0,share=0.3684,tput=2.08] rank1[cuda1,share=0.3181,tput=5.14] rank2[cuda2,share=0.3135,tput=3.32]
epoch 168: eval=0.9158
epoch 169: loss=0.061283, train_acc=0.9804, time=9.4s
per-rank: rank0[cuda0,share=0.3810,tput=2.95] rank1[cuda1,share=0.3163,tput=2.99] rank2[cuda2,share=0.3028,tput=3.59]
epoch 169: eval=0.9170
epoch 170: loss=0.062823, train_acc=0.9792, time=11.5s
per-rank: rank0[cuda0,share=0.3862,tput=2.01] rank1[cuda1,share=0.3155,tput=5.26] rank2[cuda2,share=0.2983,tput=3.62]
epoch 170: eval=0.9121
epoch 171: loss=0.062792, train_acc=0.9786, time=10.3s
per-rank: rank0[cuda0,share=0.3896,tput=2.11] rank1[cuda1,share=0.3148,tput=3.93] rank2[cuda2,share=0.2956,tput=2.99]
epoch 171: eval=0.9151
epoch 172: loss=0.062573, train_acc=0.9800, time=10.5s
per-rank: rank0[cuda0,share=0.3887,tput=2.23] rank1[cuda1,share=0.3159,tput=3.45] rank2[cuda2,share=0.2953,tput=5.09]
epoch 172: eval=0.9151
epoch 173: loss=0.060512, train_acc=0.9798, time=9.8s
per-rank: rank0[cuda0,share=0.3881,tput=2.80] rank1[cuda1,share=0.3167,tput=2.84] rank2[cuda2,share=0.2951,tput=3.64]
epoch 173: eval=0.9161
epoch 174: loss=0.060730, train_acc=0.9800, time=10.4s
per-rank: rank0[cuda0,share=0.3877,tput=2.20] rank1[cuda1,share=0.3173,tput=3.49] rank2[cuda2,share=0.2950,tput=4.87]
epoch 174: eval=0.9155
epoch 175: loss=0.062051, train_acc=0.9796, time=9.6s
per-rank: rank0[cuda0,share=0.3881,tput=3.58] rank1[cuda1,share=0.3161,tput=2.47] rank2[cuda2,share=0.2958,tput=3.56]
epoch 175: eval=0.9140
epoch 176: loss=0.059218, train_acc=0.9807, time=10.4s
per-rank: rank0[cuda0,share=0.3908,tput=2.27] rank1[cuda1,share=0.3139,tput=3.74] rank2[cuda2,share=0.2952,tput=4.60]
epoch 176: eval=0.9143
epoch 177: loss=0.060344, train_acc=0.9798, time=9.6s
per-rank: rank0[cuda0,share=0.3931,tput=2.99] rank1[cuda1,share=0.3121,tput=2.45] rank2[cuda2,share=0.2948,tput=3.92]
epoch 177: eval=0.9148
epoch 178: loss=0.059095, train_acc=0.9808, time=11.2s
per-rank: rank0[cuda0,share=0.3952,tput=2.17] rank1[cuda1,share=0.3104,tput=3.84] rank2[cuda2,share=0.2945,tput=4.76]
epoch 178: eval=0.9146
epoch 179: loss=0.060317, train_acc=0.9801, time=9.8s
per-rank: rank0[cuda0,share=0.3952,tput=2.23] rank1[cuda1,share=0.3104,tput=3.14] rank2[cuda2,share=0.2945,tput=3.79]
epoch 179: eval=0.9145
epoch 180: loss=0.059751, train_acc=0.9801, time=11.7s
per-rank: rank0[cuda0,share=0.3972,tput=2.11] rank1[cuda1,share=0.3083,tput=3.73] rank2[cuda2,share=0.2945,tput=5.52]
epoch 180: eval=0.9161
epoch 181: loss=0.059088, train_acc=0.9805, time=10.7s
per-rank: rank0[cuda0,share=0.3972,tput=2.14] rank1[cuda1,share=0.3083,tput=2.97] rank2[cuda2,share=0.2945,tput=3.89]
epoch 181: eval=0.9153
epoch 182: loss=0.058087, train_acc=0.9807, time=8.9s
per-rank: rank0[cuda0,share=0.3983,tput=4.14] rank1[cuda1,share=0.3067,tput=2.07] rank2[cuda2,share=0.2950,tput=3.70]
epoch 182: eval=0.9167
epoch 183: loss=0.058538, train_acc=0.9795, time=11.5s
per-rank: rank0[cuda0,share=0.4007,tput=2.08] rank1[cuda1,share=0.3044,tput=3.68] rank2[cuda2,share=0.2949,tput=4.98]
epoch 183: eval=0.9163
epoch 184: loss=0.056125, train_acc=0.9815, time=10.2s
per-rank: rank0[cuda0,share=0.4015,tput=2.00] rank1[cuda1,share=0.3029,tput=3.99] rank2[cuda2,share=0.2956,tput=2.93]
epoch 184: eval=0.9144
epoch 185: loss=0.056302, train_acc=0.9817, time=11.1s
per-rank: rank0[cuda0,share=0.4023,tput=2.08] rank1[cuda1,share=0.3014,tput=3.76] rank2[cuda2,share=0.2964,tput=4.48]
epoch 185: eval=0.9155
epoch 186: loss=0.056627, train_acc=0.9812, time=10.0s
per-rank: rank0[cuda0,share=0.4023,tput=2.12] rank1[cuda1,share=0.3012,tput=4.46] rank2[cuda2,share=0.2965,tput=2.64]
epoch 186: eval=0.9148
epoch 187: loss=0.057769, train_acc=0.9810, time=9.0s
per-rank: rank0[cuda0,share=0.4001,tput=2.78] rank1[cuda1,share=0.3022,tput=6.32] rank2[cuda2,share=0.2977,tput=2.10]
epoch 187: eval=0.9152
epoch 188: loss=0.056799, train_acc=0.9814, time=8.9s
per-rank: rank0[cuda0,share=0.3978,tput=4.23] rank1[cuda1,share=0.3032,tput=2.08] rank2[cuda2,share=0.2990,tput=3.63]
epoch 188: eval=0.9150
epoch 189: loss=0.055799, train_acc=0.9813, time=10.5s
per-rank: rank0[cuda0,share=0.3955,tput=2.25] rank1[cuda1,share=0.3042,tput=2.84] rank2[cuda2,share=0.3003,tput=5.60]
epoch 189: eval=0.9151
epoch 190: loss=0.057079, train_acc=0.9813, time=9.7s
per-rank: rank0[cuda0,share=0.3939,tput=2.97] rank1[cuda1,share=0.3040,tput=2.60] rank2[cuda2,share=0.3021,tput=3.76]
epoch 190: eval=0.9151
epoch 191: loss=0.053541, train_acc=0.9827, time=10.9s
per-rank: rank0[cuda0,share=0.3943,tput=2.18] rank2[cuda2,share=0.3030,tput=5.09] rank1[cuda1,share=0.3027,tput=3.64]
epoch 191: eval=0.9158
epoch 192: loss=0.054132, train_acc=0.9820, time=10.0s
per-rank: rank0[cuda0,share=0.3938,tput=2.85] rank2[cuda2,share=0.3033,tput=2.34] rank1[cuda1,share=0.3028,tput=4.32]
epoch 192: eval=0.9150
epoch 193: loss=0.056154, train_acc=0.9811, time=8.9s
per-rank: rank0[cuda0,share=0.3934,tput=2.33] rank2[cuda2,share=0.3036,tput=2.35] rank1[cuda1,share=0.3030,tput=6.13]
epoch 193: eval=0.9148
epoch 194: loss=0.055224, train_acc=0.9820, time=8.8s
per-rank: rank0[cuda0,share=0.3948,tput=2.24] rank2[cuda2,share=0.3030,tput=2.61] rank1[cuda1,share=0.3022,tput=6.11]
epoch 194: eval=0.9139
epoch 195: loss=0.054672, train_acc=0.9819, time=8.8s
per-rank: rank0[cuda0,share=0.3961,tput=3.11] rank2[cuda2,share=0.3024,tput=2.40] rank1[cuda1,share=0.3014,tput=4.10]
epoch 195: eval=0.9161
epoch 196: loss=0.051625, train_acc=0.9834, time=8.9s
per-rank: rank0[cuda0,share=0.3975,tput=2.05] rank2[cuda2,share=0.3018,tput=5.77] rank1[cuda1,share=0.3007,tput=2.68]
epoch 196: eval=0.9146
epoch 197: loss=0.053284, train_acc=0.9820, time=8.9s
per-rank: rank0[cuda0,share=0.3989,tput=2.48] rank2[cuda2,share=0.3012,tput=5.17] rank1[cuda1,share=0.2999,tput=2.58]
epoch 197: eval=0.9165
epoch 198: loss=0.052769, train_acc=0.9831, time=8.9s
per-rank: rank0[cuda0,share=0.3987,tput=2.65] rank2[cuda2,share=0.3014,tput=5.71] rank1[cuda1,share=0.2999,tput=2.41]
epoch 198: eval=0.9167
epoch 199: loss=0.052117, train_acc=0.9826, time=8.9s
per-rank: rank0[cuda0,share=0.3985,tput=3.64] rank2[cuda2,share=0.3016,tput=3.46] rank1[cuda1,share=0.2999,tput=2.51]
final eval=0.9159
# total: 1778.4s (29m 38s)
