# gpu0: NVIDIA GeForce RTX 5060 Ti (15GB, sm_120)
# gpu1: NVIDIA GeForce GTX 1060 6GB (5GB, sm_61)
# gpu2: NVIDIA GeForce GTX 1060 6GB (5GB, sm_61)
epoch 0: loss=2.063026, train_acc=0.2239, time=9.6s
per-rank: rank0[cuda0,share=0.4086,tput=4.86] rank1[cuda1,share=0.3011,tput=2.70] rank2[cuda2,share=0.2903,tput=3.28]
epoch 0: eval=0.2415
epoch 1: loss=1.752974, train_acc=0.3417, time=9.2s
per-rank: rank0[cuda0,share=0.4176,tput=2.40] rank1[cuda1,share=0.2979,tput=2.46] rank2[cuda2,share=0.2845,tput=5.84]
epoch 1: eval=0.4289
epoch 2: loss=1.547115, train_acc=0.4287, time=9.3s
per-rank: rank0[cuda0,share=0.4177,tput=3.47] rank1[cuda1,share=0.2956,tput=3.21] rank2[cuda2,share=0.2867,tput=2.50]
epoch 2: eval=0.4413
epoch 3: loss=1.341776, train_acc=0.5106, time=12.4s
per-rank: rank0[cuda0,share=0.3815,tput=2.08] rank2[cuda2,share=0.3105,tput=4.92] rank1[cuda1,share=0.3081,tput=3.84]
epoch 3: eval=0.5430
epoch 4: loss=1.195499, train_acc=0.5725, time=10.7s
per-rank: rank0[cuda0,share=0.3804,tput=2.40] rank1[cuda1,share=0.3121,tput=2.94] rank2[cuda2,share=0.3075,tput=3.76]
epoch 4: eval=0.5960
epoch 5: loss=1.080146, train_acc=0.6172, time=9.0s
per-rank: rank0[cuda0,share=0.4258,tput=3.04] rank2[cuda2,share=0.2917,tput=5.71] rank1[cuda1,share=0.2825,tput=2.19]
epoch 5: eval=0.6057
epoch 6: loss=1.001198, train_acc=0.6428, time=11.9s
per-rank: rank0[cuda0,share=0.4216,tput=2.29] rank1[cuda1,share=0.3017,tput=6.61] rank2[cuda2,share=0.2768,tput=3.37]
epoch 6: eval=0.6517
epoch 7: loss=0.933223, train_acc=0.6701, time=11.1s
per-rank: rank0[cuda0,share=0.4214,tput=2.27] rank1[cuda1,share=0.3137,tput=3.01] rank2[cuda2,share=0.2650,tput=3.64]
epoch 7: eval=0.6655
epoch 8: loss=0.879573, train_acc=0.6902, time=9.1s
per-rank: rank0[cuda0,share=0.4300,tput=3.06] rank1[cuda1,share=0.3083,tput=3.33] rank2[cuda2,share=0.2617,tput=2.71]
epoch 8: eval=0.6711
epoch 9: loss=0.828536, train_acc=0.7115, time=8.9s
per-rank: rank0[cuda0,share=0.4202,tput=3.89] rank1[cuda1,share=0.2934,tput=2.24] rank2[cuda2,share=0.2864,tput=3.61]
epoch 9: eval=0.7234
epoch 10: loss=0.789186, train_acc=0.7260, time=9.0s
per-rank: rank0[cuda0,share=0.4248,tput=2.32] rank2[cuda2,share=0.2999,tput=2.64] rank1[cuda1,share=0.2753,tput=6.35]
epoch 10: eval=0.5910
epoch 11: loss=0.746404, train_acc=0.7398, time=11.8s
per-rank: rank0[cuda0,share=0.4043,tput=2.17] rank2[cuda2,share=0.2990,tput=3.62] rank1[cuda1,share=0.2967,tput=5.12]
epoch 11: eval=0.7071
epoch 12: loss=0.723980, train_acc=0.7490, time=10.3s
per-rank: rank0[cuda0,share=0.4042,tput=2.53] rank1[cuda1,share=0.3037,tput=4.30] rank2[cuda2,share=0.2921,tput=2.91]
epoch 12: eval=0.6686
epoch 13: loss=0.705745, train_acc=0.7561, time=9.0s
per-rank: rank0[cuda0,share=0.4186,tput=2.27] rank1[cuda1,share=0.2936,tput=2.75] rank2[cuda2,share=0.2877,tput=5.72]
epoch 13: eval=0.7107
epoch 14: loss=0.675426, train_acc=0.7682, time=9.2s
per-rank: rank0[cuda0,share=0.3941,tput=2.39] rank1[cuda1,share=0.3110,tput=5.85] rank2[cuda2,share=0.2949,tput=2.44]
epoch 14: eval=0.7244
epoch 15: loss=0.664613, train_acc=0.7719, time=9.1s
per-rank: rank0[cuda0,share=0.3952,tput=3.78] rank1[cuda1,share=0.3041,tput=3.20] rank2[cuda2,share=0.3007,tput=2.36]
epoch 15: eval=0.7459
epoch 16: loss=0.658735, train_acc=0.7726, time=9.1s
per-rank: rank0[cuda0,share=0.4041,tput=3.30] rank1[cuda1,share=0.3000,tput=3.89] rank2[cuda2,share=0.2959,tput=2.37]
epoch 16: eval=0.7519
epoch 17: loss=0.634833, train_acc=0.7807, time=9.2s
per-rank: rank0[cuda0,share=0.3899,tput=2.85] rank1[cuda1,share=0.3062,tput=3.61] rank2[cuda2,share=0.3040,tput=2.69]
epoch 17: eval=0.7999
epoch 18: loss=0.620809, train_acc=0.7849, time=9.1s
per-rank: rank0[cuda0,share=0.3827,tput=2.69] rank1[cuda1,share=0.3153,tput=2.69] rank2[cuda2,share=0.3020,tput=4.51]
epoch 18: eval=0.7201
epoch 19: loss=0.612609, train_acc=0.7889, time=9.1s
per-rank: rank0[cuda0,share=0.3851,tput=2.69] rank1[cuda1,share=0.3199,tput=3.54] rank2[cuda2,share=0.2950,tput=2.88]
epoch 19: eval=0.7361
epoch 20: loss=0.600183, train_acc=0.7930, time=9.3s
per-rank: rank0[cuda0,share=0.3934,tput=3.15] rank1[cuda1,share=0.3038,tput=4.40] rank2[cuda2,share=0.3028,tput=2.36]
epoch 20: eval=0.6469
epoch 21: loss=0.628532, train_acc=0.7851, time=10.5s
per-rank: rank0[cuda0,share=0.3806,tput=2.31] rank1[cuda1,share=0.3105,tput=3.97] rank2[cuda2,share=0.3090,tput=4.48]
epoch 21: eval=0.7420
epoch 22: loss=0.611442, train_acc=0.7892, time=9.7s
per-rank: rank0[cuda0,share=0.3814,tput=3.96] rank1[cuda1,share=0.3103,tput=2.52] rank2[cuda2,share=0.3083,tput=3.08]
epoch 22: eval=0.7474
epoch 23: loss=0.609297, train_acc=0.7896, time=9.0s
per-rank: rank0[cuda0,share=0.3819,tput=2.34] rank1[cuda1,share=0.3102,tput=5.73] rank2[cuda2,share=0.3079,tput=2.44]
epoch 23: eval=0.7804
epoch 24: loss=0.604476, train_acc=0.7911, time=8.9s
per-rank: rank0[cuda0,share=0.3817,tput=2.90] rank1[cuda1,share=0.3106,tput=2.30] rank2[cuda2,share=0.3077,tput=5.20]
epoch 24: eval=0.7531
epoch 25: loss=0.604361, train_acc=0.7917, time=10.9s
per-rank: rank0[cuda0,share=0.3845,tput=2.11] rank1[cuda1,share=0.3095,tput=5.21] rank2[cuda2,share=0.3060,tput=3.40]
epoch 25: eval=0.7750
epoch 26: loss=0.597815, train_acc=0.7927, time=9.8s
per-rank: rank0[cuda0,share=0.3863,tput=3.06] rank1[cuda1,share=0.3088,tput=3.01] rank2[cuda2,share=0.3049,tput=3.11]
epoch 26: eval=0.7889
epoch 27: loss=0.582195, train_acc=0.7978, time=10.5s
per-rank: rank0[cuda0,share=0.3878,tput=2.28] rank1[cuda1,share=0.3082,tput=4.19] rank2[cuda2,share=0.3040,tput=4.19]
epoch 27: eval=0.7482
epoch 28: loss=0.581381, train_acc=0.8009, time=9.5s
per-rank: rank0[cuda0,share=0.3878,tput=2.39] rank1[cuda1,share=0.3082,tput=3.11] rank2[cuda2,share=0.3040,tput=3.43]
epoch 28: eval=0.7443
epoch 29: loss=0.580430, train_acc=0.8002, time=11.2s
per-rank: rank0[cuda0,share=0.3902,tput=2.20] rank1[cuda1,share=0.3072,tput=3.66] rank2[cuda2,share=0.3026,tput=5.22]
epoch 29: eval=0.8115
epoch 30: loss=0.570689, train_acc=0.8031, time=10.3s
per-rank: rank0[cuda0,share=0.3902,tput=2.31] rank1[cuda1,share=0.3072,tput=2.35] rank2[cuda2,share=0.3026,tput=4.55]
epoch 30: eval=0.7787
epoch 31: loss=0.563429, train_acc=0.8061, time=10.9s
per-rank: rank0[cuda0,share=0.3935,tput=2.23] rank1[cuda1,share=0.3055,tput=3.14] rank2[cuda2,share=0.3010,tput=5.61]
epoch 31: eval=0.7700
epoch 32: loss=0.558596, train_acc=0.8084, time=10.0s
per-rank: rank0[cuda0,share=0.3966,tput=2.34] rank1[cuda1,share=0.3036,tput=2.42] rank2[cuda2,share=0.2998,tput=4.42]
epoch 32: eval=0.7594
epoch 33: loss=0.559426, train_acc=0.8071, time=9.0s
per-rank: rank0[cuda0,share=0.3985,tput=2.43] rank1[cuda1,share=0.3023,tput=5.38] rank2[cuda2,share=0.2992,tput=2.29]
epoch 33: eval=0.7923
epoch 34: loss=0.557418, train_acc=0.8089, time=9.0s
per-rank: rank0[cuda0,share=0.4004,tput=3.43] rank1[cuda1,share=0.3009,tput=4.02] rank2[cuda2,share=0.2987,tput=2.06]
epoch 34: eval=0.7816
epoch 35: loss=0.558389, train_acc=0.8072, time=11.4s
per-rank: rank0[cuda0,share=0.4023,tput=2.14] rank1[cuda1,share=0.2996,tput=6.14] rank2[cuda2,share=0.2981,tput=3.11]
epoch 35: eval=0.7555
epoch 36: loss=0.545296, train_acc=0.8134, time=10.1s
per-rank: rank0[cuda0,share=0.4021,tput=2.42] rank1[cuda1,share=0.2993,tput=4.35] rank2[cuda2,share=0.2985,tput=2.62]
epoch 36: eval=0.7702
epoch 37: loss=0.548765, train_acc=0.8107, time=10.4s
per-rank: rank0[cuda0,share=0.4020,tput=2.32] rank1[cuda1,share=0.2990,tput=4.33] rank2[cuda2,share=0.2990,tput=3.88]
epoch 37: eval=0.7720
epoch 38: loss=0.543251, train_acc=0.8148, time=9.8s
per-rank: rank0[cuda0,share=0.4018,tput=3.26] rank2[cuda2,share=0.2995,tput=3.39] rank1[cuda1,share=0.2987,tput=2.55]
epoch 38: eval=0.7253
epoch 39: loss=0.539758, train_acc=0.8128, time=10.9s
per-rank: rank0[cuda0,share=0.4016,tput=2.22] rank2[cuda2,share=0.3000,tput=3.20] rank1[cuda1,share=0.2984,tput=5.71]
epoch 39: eval=0.7913
epoch 40: loss=0.537344, train_acc=0.8146, time=10.1s
per-rank: rank0[cuda0,share=0.4015,tput=2.82] rank2[cuda2,share=0.3005,tput=2.75] rank1[cuda1,share=0.2981,tput=3.47]
epoch 40: eval=0.7903
epoch 41: loss=0.535785, train_acc=0.8147, time=8.8s
per-rank: rank0[cuda0,share=0.4013,tput=3.31] rank2[cuda2,share=0.3010,tput=3.73] rank1[cuda1,share=0.2978,tput=2.65]
epoch 41: eval=0.7659
epoch 42: loss=0.542928, train_acc=0.8140, time=8.9s
per-rank: rank0[cuda0,share=0.4019,tput=2.37] rank2[cuda2,share=0.2998,tput=2.52] rank1[cuda1,share=0.2982,tput=6.44]
epoch 42: eval=0.8147
epoch 43: loss=0.531905, train_acc=0.8171, time=10.8s
per-rank: rank0[cuda0,share=0.4026,tput=2.27] rank1[cuda1,share=0.2987,tput=4.74] rank2[cuda2,share=0.2987,tput=3.65]
epoch 43: eval=0.7635
epoch 44: loss=0.533198, train_acc=0.8162, time=10.1s
per-rank: rank0[cuda0,share=0.4041,tput=2.44] rank2[cuda2,share=0.2983,tput=2.83] rank1[cuda1,share=0.2976,tput=3.56]
epoch 44: eval=0.7794
epoch 45: loss=0.530208, train_acc=0.8169, time=9.1s
per-rank: rank0[cuda0,share=0.4041,tput=2.12] rank2[cuda2,share=0.2986,tput=6.54] rank1[cuda1,share=0.2973,tput=2.44]
epoch 45: eval=0.7794
epoch 46: loss=0.525462, train_acc=0.8178, time=8.9s
per-rank: rank0[cuda0,share=0.4042,tput=3.99] rank2[cuda2,share=0.2989,tput=3.66] rank1[cuda1,share=0.2969,tput=2.13]
epoch 46: eval=0.7911
epoch 47: loss=0.519956, train_acc=0.8210, time=8.9s
per-rank: rank0[cuda0,share=0.4042,tput=2.58] rank2[cuda2,share=0.2992,tput=2.46] rank1[cuda1,share=0.2966,tput=6.08]
epoch 47: eval=0.7886
epoch 48: loss=0.525620, train_acc=0.8198, time=8.9s
per-rank: rank0[cuda0,share=0.4042,tput=3.12] rank2[cuda2,share=0.2995,tput=4.96] rank1[cuda1,share=0.2962,tput=2.42]
epoch 48: eval=0.7935
epoch 49: loss=0.525778, train_acc=0.8195, time=8.9s
per-rank: rank0[cuda0,share=0.4042,tput=4.26] rank2[cuda2,share=0.2999,tput=3.04] rank1[cuda1,share=0.2959,tput=2.24]
epoch 49: eval=0.7972
epoch 50: loss=0.521909, train_acc=0.8210, time=8.8s
per-rank: rank0[cuda0,share=0.4050,tput=3.84] rank2[cuda2,share=0.3008,tput=3.30] rank1[cuda1,share=0.2942,tput=2.43]
epoch 50: eval=0.7835
epoch 51: loss=0.519863, train_acc=0.8220, time=8.9s
per-rank: rank0[cuda0,share=0.4064,tput=2.83] rank2[cuda2,share=0.3006,tput=2.18] rank1[cuda1,share=0.2930,tput=6.44]
epoch 51: eval=0.7636
epoch 52: loss=0.527438, train_acc=0.8178, time=9.0s
per-rank: rank0[cuda0,share=0.4071,tput=2.16] rank2[cuda2,share=0.3016,tput=2.52] rank1[cuda1,share=0.2912,tput=6.45]
epoch 52: eval=0.8061
epoch 53: loss=0.518998, train_acc=0.8214, time=11.5s
per-rank: rank0[cuda0,share=0.4077,tput=2.14] rank2[cuda2,share=0.3030,tput=3.70] rank1[cuda1,share=0.2893,tput=4.79]
epoch 53: eval=0.7793
epoch 54: loss=0.518344, train_acc=0.8214, time=10.2s
per-rank: rank0[cuda0,share=0.4077,tput=2.44] rank2[cuda2,share=0.3030,tput=3.95] rank1[cuda1,share=0.2893,tput=2.76]
epoch 54: eval=0.7616
epoch 55: loss=0.516099, train_acc=0.8223, time=11.2s
per-rank: rank0[cuda0,share=0.4105,tput=2.22] rank2[cuda2,share=0.3020,tput=4.15] rank1[cuda1,share=0.2875,tput=4.43]
epoch 55: eval=0.7587
epoch 56: loss=0.519031, train_acc=0.8207, time=10.0s
per-rank: rank0[cuda0,share=0.4105,tput=2.26] rank2[cuda2,share=0.3020,tput=2.61] rank1[cuda1,share=0.2875,tput=4.55]
epoch 56: eval=0.7818
epoch 57: loss=0.511261, train_acc=0.8244, time=10.6s
per-rank: rank0[cuda0,share=0.4125,tput=2.37] rank2[cuda2,share=0.3003,tput=4.46] rank1[cuda1,share=0.2872,tput=4.02]
epoch 57: eval=0.7776
epoch 58: loss=0.508510, train_acc=0.8258, time=10.4s
per-rank: rank0[cuda0,share=0.4131,tput=2.58] rank2[cuda2,share=0.2991,tput=2.65] rank1[cuda1,share=0.2878,tput=3.67]
epoch 58: eval=0.7962
epoch 59: loss=0.512613, train_acc=0.8233, time=8.9s
per-rank: rank0[cuda0,share=0.4135,tput=3.18] rank2[cuda2,share=0.2963,tput=2.37] rank1[cuda1,share=0.2902,tput=5.00]
epoch 59: eval=0.7968
epoch 60: loss=0.508249, train_acc=0.8241, time=9.0s
per-rank: rank0[cuda0,share=0.4133,tput=4.23] rank2[cuda2,share=0.2946,tput=4.56] rank1[cuda1,share=0.2921,tput=2.56]
epoch 60: eval=0.7958
epoch 61: loss=0.513260, train_acc=0.8230, time=9.0s
per-rank: rank0[cuda0,share=0.4131,tput=2.83] rank1[cuda1,share=0.2941,tput=3.91] rank2[cuda2,share=0.2928,tput=2.45]
epoch 61: eval=0.7791
epoch 62: loss=0.506557, train_acc=0.8253, time=8.9s
per-rank: rank0[cuda0,share=0.4111,tput=2.43] rank1[cuda1,share=0.2969,tput=6.54] rank2[cuda2,share=0.2920,tput=2.18]
epoch 62: eval=0.8131
epoch 63: loss=0.507199, train_acc=0.8263, time=8.9s
per-rank: rank0[cuda0,share=0.4091,tput=3.58] rank1[cuda1,share=0.2997,tput=3.71] rank2[cuda2,share=0.2911,tput=2.07]
epoch 63: eval=0.7932
epoch 64: loss=0.495961, train_acc=0.8291, time=10.8s
per-rank: rank0[cuda0,share=0.4072,tput=2.21] rank1[cuda1,share=0.3026,tput=5.62] rank2[cuda2,share=0.2902,tput=3.26]
epoch 64: eval=0.7902
epoch 65: loss=0.501740, train_acc=0.8269, time=9.9s
per-rank: rank0[cuda0,share=0.4052,tput=2.72] rank1[cuda1,share=0.3055,tput=2.68] rank2[cuda2,share=0.2894,tput=3.88]
epoch 65: eval=0.8035
epoch 66: loss=0.504150, train_acc=0.8266, time=8.9s
per-rank: rank0[cuda0,share=0.4032,tput=4.54] rank1[cuda1,share=0.3083,tput=2.11] rank2[cuda2,share=0.2885,tput=5.03]
epoch 66: eval=0.7642
epoch 67: loss=0.501835, train_acc=0.8263, time=10.5s
per-rank: rank0[cuda0,share=0.4033,tput=2.26] rank1[cuda1,share=0.3085,tput=4.62] rank2[cuda2,share=0.2882,tput=3.86]
epoch 67: eval=0.7906
epoch 68: loss=0.502940, train_acc=0.8275, time=9.8s
per-rank: rank0[cuda0,share=0.4038,tput=2.87] rank1[cuda1,share=0.3072,tput=2.66] rank2[cuda2,share=0.2890,tput=3.49]
epoch 68: eval=0.7963
epoch 69: loss=0.497764, train_acc=0.8294, time=8.8s
per-rank: rank0[cuda0,share=0.4042,tput=3.29] rank1[cuda1,share=0.3059,tput=2.70] rank2[cuda2,share=0.2899,tput=3.60]
epoch 69: eval=0.8049
epoch 70: loss=0.491588, train_acc=0.8304, time=9.0s
per-rank: rank0[cuda0,share=0.4031,tput=2.35] rank1[cuda1,share=0.3053,tput=5.62] rank2[cuda2,share=0.2916,tput=2.61]
epoch 70: eval=0.7591
epoch 71: loss=0.499240, train_acc=0.8294, time=9.0s
per-rank: rank0[cuda0,share=0.4039,tput=2.41] rank1[cuda1,share=0.3038,tput=5.43] rank2[cuda2,share=0.2924,tput=2.51]
epoch 71: eval=0.7939
epoch 72: loss=0.491344, train_acc=0.8307, time=8.9s
per-rank: rank0[cuda0,share=0.4053,tput=2.98] rank1[cuda1,share=0.3011,tput=2.40] rank2[cuda2,share=0.2936,tput=3.80]
epoch 72: eval=0.7923
epoch 73: loss=0.494127, train_acc=0.8303, time=9.0s
per-rank: rank0[cuda0,share=0.4050,tput=2.54] rank1[cuda1,share=0.2993,tput=2.24] rank2[cuda2,share=0.2957,tput=6.25]
epoch 73: eval=0.7537
epoch 74: loss=0.485978, train_acc=0.8327, time=9.0s
per-rank: rank0[cuda0,share=0.4063,tput=3.41] rank2[cuda2,share=0.2999,tput=3.53] rank1[cuda1,share=0.2938,tput=2.41]
epoch 74: eval=0.8187
epoch 75: loss=0.494014, train_acc=0.8296, time=10.6s
per-rank: rank0[cuda0,share=0.4063,tput=2.30] rank2[cuda2,share=0.3007,tput=4.39] rank1[cuda1,share=0.2929,tput=3.82]
epoch 75: eval=0.7659
epoch 76: loss=0.493946, train_acc=0.8284, time=9.8s
per-rank: rank0[cuda0,share=0.4069,tput=2.72] rank2[cuda2,share=0.3022,tput=2.38] rank1[cuda1,share=0.2909,tput=4.33]
epoch 76: eval=0.7955
epoch 77: loss=0.487251, train_acc=0.8329, time=11.2s
per-rank: rank0[cuda0,share=0.4065,tput=2.25] rank2[cuda2,share=0.3042,tput=5.26] rank1[cuda1,share=0.2894,tput=3.54]
epoch 77: eval=0.8024
epoch 78: loss=0.491337, train_acc=0.8316, time=10.6s
per-rank: rank0[cuda0,share=0.4080,tput=2.00] rank2[cuda2,share=0.3043,tput=2.76] rank1[cuda1,share=0.2877,tput=4.10]
epoch 78: eval=0.7976
epoch 79: loss=0.495528, train_acc=0.8300, time=12.2s
per-rank: rank0[cuda0,share=0.4076,tput=1.99] rank2[cuda2,share=0.3054,tput=4.56] rank1[cuda1,share=0.2870,tput=4.12]
epoch 79: eval=0.7739
epoch 80: loss=0.484240, train_acc=0.8329, time=10.8s
per-rank: rank0[cuda0,share=0.4065,tput=2.17] rank2[cuda2,share=0.3060,tput=2.52] rank1[cuda1,share=0.2875,tput=4.64]
epoch 80: eval=0.7793
epoch 81: loss=0.487552, train_acc=0.8327, time=9.0s
per-rank: rank0[cuda0,share=0.4081,tput=4.24] rank2[cuda2,share=0.3020,tput=2.97] rank1[cuda1,share=0.2899,tput=2.40]
epoch 81: eval=0.8106
epoch 82: loss=0.483017, train_acc=0.8345, time=9.0s
per-rank: rank0[cuda0,share=0.4075,tput=2.15] rank2[cuda2,share=0.3007,tput=5.48] rank1[cuda1,share=0.2918,tput=2.68]
epoch 82: eval=0.7976
epoch 83: loss=0.490106, train_acc=0.8304, time=9.0s
per-rank: rank0[cuda0,share=0.4070,tput=3.81] rank2[cuda2,share=0.2994,tput=2.18] rank1[cuda1,share=0.2936,tput=3.61]
epoch 83: eval=0.7630
epoch 84: loss=0.491846, train_acc=0.8302, time=10.6s
per-rank: rank0[cuda0,share=0.4031,tput=2.28] rank1[cuda1,share=0.2988,tput=3.54] rank2[cuda2,share=0.2981,tput=5.20]
epoch 84: eval=0.7581
epoch 85: loss=0.481458, train_acc=0.8352, time=9.9s
per-rank: rank0[cuda0,share=0.4011,tput=3.22] rank1[cuda1,share=0.3014,tput=2.34] rank2[cuda2,share=0.2975,tput=3.77]
epoch 85: eval=0.8026
epoch 86: loss=0.480981, train_acc=0.8347, time=8.8s
per-rank: rank0[cuda0,share=0.4005,tput=2.50] rank1[cuda1,share=0.3031,tput=5.95] rank2[cuda2,share=0.2964,tput=2.27]
epoch 86: eval=0.7764
epoch 87: loss=0.481478, train_acc=0.8345, time=11.1s
per-rank: rank0[cuda0,share=0.4035,tput=2.23] rank1[cuda1,share=0.3045,tput=3.93] rank2[cuda2,share=0.2920,tput=4.82]
epoch 87: eval=0.7500
epoch 88: loss=0.480278, train_acc=0.8358, time=10.1s
per-rank: rank0[cuda0,share=0.4043,tput=2.29] rank1[cuda1,share=0.3046,tput=3.91] rank2[cuda2,share=0.2911,tput=2.84]
epoch 88: eval=0.8117
epoch 89: loss=0.483406, train_acc=0.8326, time=11.8s
per-rank: rank0[cuda0,share=0.4040,tput=2.10] rank1[cuda1,share=0.3044,tput=5.13] rank2[cuda2,share=0.2916,tput=4.02]
epoch 89: eval=0.7912
epoch 90: loss=0.481236, train_acc=0.8346, time=10.6s
per-rank: rank0[cuda0,share=0.4045,tput=2.15] rank1[cuda1,share=0.3031,tput=2.81] rank2[cuda2,share=0.2924,tput=4.12]
epoch 90: eval=0.7944
epoch 91: loss=0.477141, train_acc=0.8362, time=9.0s
per-rank: rank0[cuda0,share=0.4058,tput=3.65] rank1[cuda1,share=0.3022,tput=2.43] rank2[cuda2,share=0.2921,tput=3.17]
epoch 91: eval=0.7920
epoch 92: loss=0.479492, train_acc=0.8335, time=9.0s
per-rank: rank0[cuda0,share=0.4083,tput=2.55] rank1[cuda1,share=0.3003,tput=2.32] rank2[cuda2,share=0.2914,tput=5.69]
epoch 92: eval=0.8049
epoch 93: loss=0.481586, train_acc=0.8333, time=10.8s
per-rank: rank0[cuda0,share=0.4078,tput=2.25] rank1[cuda1,share=0.3004,tput=3.88] rank2[cuda2,share=0.2918,tput=4.53]
epoch 93: eval=0.8423
epoch 94: loss=0.475445, train_acc=0.8373, time=10.0s
per-rank: rank0[cuda0,share=0.4076,tput=2.82] rank1[cuda1,share=0.3004,tput=2.58] rank2[cuda2,share=0.2920,tput=3.93]
epoch 94: eval=0.7923
epoch 95: loss=0.478409, train_acc=0.8372, time=11.8s
per-rank: rank0[cuda0,share=0.4110,tput=2.08] rank1[cuda1,share=0.2975,tput=3.65] rank2[cuda2,share=0.2915,tput=5.28]
epoch 95: eval=0.7820
epoch 96: loss=0.484608, train_acc=0.8328, time=10.5s
per-rank: rank0[cuda0,share=0.4140,tput=2.42] rank1[cuda1,share=0.2958,tput=3.11] rank2[cuda2,share=0.2903,tput=3.66]
epoch 96: eval=0.7936
epoch 97: loss=0.467475, train_acc=0.8409, time=9.0s
per-rank: rank0[cuda0,share=0.4142,tput=3.30] rank1[cuda1,share=0.2964,tput=2.19] rank2[cuda2,share=0.2894,tput=3.93]
epoch 97: eval=0.8115
epoch 98: loss=0.477633, train_acc=0.8349, time=9.2s
per-rank: rank0[cuda0,share=0.4123,tput=2.63] rank1[cuda1,share=0.2973,tput=3.81] rank2[cuda2,share=0.2904,tput=2.60]
epoch 98: eval=0.8172
epoch 99: loss=0.473857, train_acc=0.8364, time=11.5s
per-rank: rank0[cuda0,share=0.4075,tput=2.05] rank1[cuda1,share=0.2980,tput=3.64] rank2[cuda2,share=0.2945,tput=5.28]
epoch 99: eval=0.8170
epoch 100: loss=0.380285, train_acc=0.8689, time=10.4s
per-rank: rank0[cuda0,share=0.4033,tput=2.92] rank1[cuda1,share=0.3000,tput=4.47] rank2[cuda2,share=0.2967,tput=2.16]
epoch 100: eval=0.8897
epoch 101: loss=0.273573, train_acc=0.9059, time=8.9s
per-rank: rank0[cuda0,share=0.3995,tput=2.76] rank1[cuda1,share=0.3018,tput=5.70] rank2[cuda2,share=0.2987,tput=2.10]
epoch 101: eval=0.8922
epoch 102: loss=0.251034, train_acc=0.9129, time=9.0s
per-rank: rank0[cuda0,share=0.3972,tput=3.73] rank1[cuda1,share=0.3044,tput=2.71] rank2[cuda2,share=0.2985,tput=2.86]
epoch 102: eval=0.8985
epoch 103: loss=0.239001, train_acc=0.9168, time=10.7s
per-rank: rank0[cuda0,share=0.3969,tput=2.22] rank1[cuda1,share=0.3065,tput=5.24] rank2[cuda2,share=0.2966,tput=3.40]
epoch 103: eval=0.9007
epoch 104: loss=0.233281, train_acc=0.9194, time=9.9s
per-rank: rank0[cuda0,share=0.3985,tput=2.96] rank1[cuda1,share=0.3068,tput=4.02] rank2[cuda2,share=0.2947,tput=2.30]
epoch 104: eval=0.8991
epoch 105: loss=0.225106, train_acc=0.9221, time=9.1s
per-rank: rank0[cuda0,share=0.3999,tput=3.30] rank1[cuda1,share=0.3071,tput=3.62] rank2[cuda2,share=0.2930,tput=2.22]
epoch 105: eval=0.9017
epoch 106: loss=0.220140, train_acc=0.9230, time=9.0s
per-rank: rank0[cuda0,share=0.4026,tput=2.39] rank1[cuda1,share=0.3066,tput=2.74] rank2[cuda2,share=0.2908,tput=5.80]
epoch 106: eval=0.9037
epoch 107: loss=0.215384, train_acc=0.9254, time=9.0s
per-rank: rank0[cuda0,share=0.4026,tput=2.92] rank1[cuda1,share=0.3066,tput=3.85] rank2[cuda2,share=0.2908,tput=2.43]
epoch 107: eval=0.9035
epoch 108: loss=0.213509, train_acc=0.9254, time=11.3s
per-rank: rank0[cuda0,share=0.4041,tput=2.24] rank1[cuda1,share=0.3066,tput=4.10] rank2[cuda2,share=0.2892,tput=4.93]
epoch 108: eval=0.9014
epoch 109: loss=0.204944, train_acc=0.9290, time=10.3s
per-rank: rank0[cuda0,share=0.4052,tput=2.39] rank1[cuda1,share=0.3073,tput=3.12] rank2[cuda2,share=0.2876,tput=3.60]
epoch 109: eval=0.9020
epoch 110: loss=0.201378, train_acc=0.9300, time=11.1s
per-rank: rank0[cuda0,share=0.4073,tput=2.22] rank1[cuda1,share=0.3072,tput=3.62] rank2[cuda2,share=0.2855,tput=5.10]
epoch 110: eval=0.9039
epoch 111: loss=0.202467, train_acc=0.9298, time=10.1s
per-rank: rank0[cuda0,share=0.4082,tput=2.15] rank1[cuda1,share=0.3077,tput=2.94] rank2[cuda2,share=0.2841,tput=4.31]
epoch 111: eval=0.9043
epoch 112: loss=0.195187, train_acc=0.9317, time=9.1s
per-rank: rank0[cuda0,share=0.4098,tput=2.48] rank1[cuda1,share=0.3086,tput=6.07] rank2[cuda2,share=0.2816,tput=2.11]
epoch 112: eval=0.9024
epoch 113: loss=0.195451, train_acc=0.9314, time=9.1s
per-rank: rank0[cuda0,share=0.4098,tput=3.60] rank1[cuda1,share=0.3086,tput=3.25] rank2[cuda2,share=0.2816,tput=2.51]
epoch 113: eval=0.9005
epoch 114: loss=0.193337, train_acc=0.9325, time=11.1s
per-rank: rank0[cuda0,share=0.4113,tput=2.12] rank1[cuda1,share=0.3078,tput=3.67] rank2[cuda2,share=0.2808,tput=4.80]
epoch 114: eval=0.9041
epoch 115: loss=0.189219, train_acc=0.9327, time=9.9s
per-rank: rank0[cuda0,share=0.4113,tput=2.22] rank1[cuda1,share=0.3078,tput=4.17] rank2[cuda2,share=0.2808,tput=2.72]
epoch 115: eval=0.9035
epoch 116: loss=0.185279, train_acc=0.9354, time=11.3s
per-rank: rank0[cuda0,share=0.4080,tput=2.18] rank1[cuda1,share=0.3096,tput=3.64] rank2[cuda2,share=0.2824,tput=5.30]
epoch 116: eval=0.9098
epoch 117: loss=0.185187, train_acc=0.9353, time=10.4s
per-rank: rank0[cuda0,share=0.4046,tput=2.78] rank1[cuda1,share=0.3113,tput=2.61] rank2[cuda2,share=0.2840,tput=3.70]
epoch 117: eval=0.9061
epoch 118: loss=0.181120, train_acc=0.9374, time=9.1s
per-rank: rank0[cuda0,share=0.4021,tput=2.64] rank1[cuda1,share=0.3116,tput=5.06] rank2[cuda2,share=0.2863,tput=2.51]
epoch 118: eval=0.9014
epoch 119: loss=0.180511, train_acc=0.9364, time=9.0s
per-rank: rank0[cuda0,share=0.4011,tput=3.65] rank1[cuda1,share=0.3110,tput=2.34] rank2[cuda2,share=0.2878,tput=3.35]
epoch 119: eval=0.8997
epoch 120: loss=0.177647, train_acc=0.9384, time=8.9s
per-rank: rank0[cuda0,share=0.4002,tput=3.93] rank1[cuda1,share=0.3104,tput=2.52] rank2[cuda2,share=0.2894,tput=3.05]
epoch 120: eval=0.9020
epoch 121: loss=0.175025, train_acc=0.9385, time=11.6s
per-rank: rank0[cuda0,share=0.3992,tput=2.05] rank1[cuda1,share=0.3098,tput=3.69] rank2[cuda2,share=0.2910,tput=5.03]
epoch 121: eval=0.8996
epoch 122: loss=0.174207, train_acc=0.9396, time=10.5s
per-rank: rank0[cuda0,share=0.4000,tput=2.56] rank1[cuda1,share=0.3083,tput=2.51] rank2[cuda2,share=0.2918,tput=4.15]
epoch 122: eval=0.9080
epoch 123: loss=0.172726, train_acc=0.9390, time=9.0s
per-rank: rank0[cuda0,share=0.4015,tput=2.74] rank1[cuda1,share=0.3053,tput=4.99] rank2[cuda2,share=0.2932,tput=2.64]
epoch 123: eval=0.9071
epoch 124: loss=0.167961, train_acc=0.9410, time=11.0s
per-rank: rank0[cuda0,share=0.4023,tput=2.25] rank1[cuda1,share=0.3035,tput=4.08] rank2[cuda2,share=0.2942,tput=4.58]
epoch 124: eval=0.9001
epoch 125: loss=0.169173, train_acc=0.9401, time=10.1s
per-rank: rank0[cuda0,share=0.4031,tput=2.52] rank1[cuda1,share=0.3017,tput=3.20] rank2[cuda2,share=0.2952,tput=3.51]
epoch 125: eval=0.9026
epoch 126: loss=0.170043, train_acc=0.9401, time=8.9s
per-rank: rank0[cuda0,share=0.4056,tput=2.36] rank1[cuda1,share=0.2991,tput=2.89] rank2[cuda2,share=0.2954,tput=5.03]
epoch 126: eval=0.9012
epoch 127: loss=0.167757, train_acc=0.9399, time=11.4s
per-rank: rank0[cuda0,share=0.4074,tput=2.15] rank1[cuda1,share=0.2975,tput=4.05] rank2[cuda2,share=0.2951,tput=4.51]
epoch 127: eval=0.9022
epoch 128: loss=0.165296, train_acc=0.9413, time=10.4s
per-rank: rank0[cuda0,share=0.4082,tput=2.05] rank1[cuda1,share=0.2977,tput=2.88] rank2[cuda2,share=0.2941,tput=3.98]
epoch 128: eval=0.8992
epoch 129: loss=0.164952, train_acc=0.9419, time=11.3s
per-rank: rank0[cuda0,share=0.4091,tput=2.14] rank1[cuda1,share=0.2978,tput=3.45] rank2[cuda2,share=0.2931,tput=5.36]
epoch 129: eval=0.8932
epoch 130: loss=0.165830, train_acc=0.9413, time=10.2s
per-rank: rank0[cuda0,share=0.4099,tput=2.70] rank1[cuda1,share=0.2979,tput=2.93] rank2[cuda2,share=0.2921,tput=3.53]
epoch 130: eval=0.9007
epoch 131: loss=0.162780, train_acc=0.9430, time=11.2s
per-rank: rank0[cuda0,share=0.4096,tput=2.19] rank1[cuda1,share=0.2987,tput=3.40] rank2[cuda2,share=0.2917,tput=5.16]
epoch 131: eval=0.8995
epoch 132: loss=0.161006, train_acc=0.9431, time=10.2s
per-rank: rank0[cuda0,share=0.4110,tput=2.72] rank1[cuda1,share=0.2979,tput=3.32] rank2[cuda2,share=0.2912,tput=2.85]
epoch 132: eval=0.8972
epoch 133: loss=0.162433, train_acc=0.9427, time=11.6s
per-rank: rank0[cuda0,share=0.4109,tput=2.12] rank1[cuda1,share=0.2980,tput=5.75] rank2[cuda2,share=0.2911,tput=3.34]
epoch 133: eval=0.8993
epoch 134: loss=0.160461, train_acc=0.9438, time=10.7s
per-rank: rank0[cuda0,share=0.4108,tput=2.09] rank1[cuda1,share=0.2982,tput=3.13] rank2[cuda2,share=0.2911,tput=3.51]
epoch 134: eval=0.9025
epoch 135: loss=0.159204, train_acc=0.9437, time=9.0s
per-rank: rank0[cuda0,share=0.4107,tput=3.68] rank1[cuda1,share=0.2983,tput=2.46] rank2[cuda2,share=0.2910,tput=3.43]
epoch 135: eval=0.8989
epoch 136: loss=0.162473, train_acc=0.9424, time=10.0s
per-rank: rank0[cuda0,share=0.4105,tput=2.77] rank1[cuda1,share=0.2985,tput=2.99] rank2[cuda2,share=0.2910,tput=2.36]
epoch 136: eval=0.9013
epoch 137: loss=0.157311, train_acc=0.9440, time=9.1s
per-rank: rank0[cuda0,share=0.4094,tput=2.03] rank1[cuda1,share=0.2983,tput=6.62] rank2[cuda2,share=0.2923,tput=2.48]
epoch 137: eval=0.8982
epoch 138: loss=0.159944, train_acc=0.9432, time=8.9s
per-rank: rank0[cuda0,share=0.4083,tput=2.71] rank1[cuda1,share=0.2981,tput=2.31] rank2[cuda2,share=0.2936,tput=5.80]
epoch 138: eval=0.8971
epoch 139: loss=0.155393, train_acc=0.9454, time=9.1s
per-rank: rank0[cuda0,share=0.4071,tput=3.43] rank1[cuda1,share=0.2980,tput=2.61] rank2[cuda2,share=0.2949,tput=3.17]
epoch 139: eval=0.9015
epoch 140: loss=0.156254, train_acc=0.9454, time=10.7s
per-rank: rank0[cuda0,share=0.4067,tput=2.24] rank2[cuda2,share=0.2968,tput=3.66] rank1[cuda1,share=0.2966,tput=4.64]
epoch 140: eval=0.8980
epoch 141: loss=0.158095, train_acc=0.9436, time=10.1s
per-rank: rank0[cuda0,share=0.4082,tput=2.79] rank2[cuda2,share=0.2969,tput=2.61] rank1[cuda1,share=0.2949,tput=3.57]
epoch 141: eval=0.9039
epoch 142: loss=0.156304, train_acc=0.9454, time=10.9s
per-rank: rank0[cuda0,share=0.4074,tput=2.23] rank2[cuda2,share=0.2975,tput=5.05] rank1[cuda1,share=0.2952,tput=3.68]
epoch 142: eval=0.8954
epoch 143: loss=0.157547, train_acc=0.9439, time=10.5s
per-rank: rank0[cuda0,share=0.4069,tput=2.15] rank2[cuda2,share=0.2978,tput=2.79] rank1[cuda1,share=0.2953,tput=3.98]
epoch 143: eval=0.9027
epoch 144: loss=0.157623, train_acc=0.9448, time=11.4s
per-rank: rank0[cuda0,share=0.4065,tput=2.17] rank2[cuda2,share=0.2981,tput=3.57] rank1[cuda1,share=0.2954,tput=5.87]
epoch 144: eval=0.8999
epoch 145: loss=0.153983, train_acc=0.9446, time=10.3s
per-rank: rank0[cuda0,share=0.4061,tput=2.15] rank2[cuda2,share=0.2984,tput=3.64] rank1[cuda1,share=0.2955,tput=3.21]
epoch 145: eval=0.8939
epoch 146: loss=0.153809, train_acc=0.9456, time=9.0s
per-rank: rank0[cuda0,share=0.4061,tput=3.13] rank2[cuda2,share=0.2985,tput=3.50] rank1[cuda1,share=0.2954,tput=2.53]
epoch 146: eval=0.9015
epoch 147: loss=0.150973, train_acc=0.9468, time=9.1s
per-rank: rank0[cuda0,share=0.4061,tput=2.52] rank2[cuda2,share=0.2986,tput=5.90] rank1[cuda1,share=0.2953,tput=2.28]
epoch 147: eval=0.8963
epoch 148: loss=0.155751, train_acc=0.9444, time=10.5s
per-rank: rank0[cuda0,share=0.4061,tput=2.24] rank2[cuda2,share=0.2987,tput=3.46] rank1[cuda1,share=0.2952,tput=5.28]
epoch 148: eval=0.8986
epoch 149: loss=0.155863, train_acc=0.9447, time=9.8s
per-rank: rank0[cuda0,share=0.4060,tput=3.16] rank2[cuda2,share=0.2971,tput=2.67] rank1[cuda1,share=0.2969,tput=3.49]
epoch 149: eval=0.8943
epoch 150: loss=0.124338, train_acc=0.9576, time=10.8s
per-rank: rank0[cuda0,share=0.4062,tput=2.22] rank2[cuda2,share=0.2974,tput=5.55] rank1[cuda1,share=0.2964,tput=3.20]
epoch 150: eval=0.9126
epoch 151: loss=0.104757, train_acc=0.9638, time=10.0s
per-rank: rank0[cuda0,share=0.4062,tput=2.57] rank2[cuda2,share=0.2975,tput=3.78] rank1[cuda1,share=0.2962,tput=2.69]
epoch 151: eval=0.9152
epoch 152: loss=0.098586, train_acc=0.9672, time=9.1s
per-rank: rank0[cuda0,share=0.4063,tput=3.27] rank2[cuda2,share=0.2977,tput=3.12] rank1[cuda1,share=0.2960,tput=2.79]
epoch 152: eval=0.9142
epoch 153: loss=0.095660, train_acc=0.9683, time=9.1s
per-rank: rank0[cuda0,share=0.4048,tput=3.04] rank2[cuda2,share=0.2987,tput=3.26] rank1[cuda1,share=0.2965,tput=2.84]
epoch 153: eval=0.9172
epoch 154: loss=0.092554, train_acc=0.9695, time=8.9s
per-rank: rank0[cuda0,share=0.4033,tput=2.65] rank2[cuda2,share=0.2996,tput=6.01] rank1[cuda1,share=0.2971,tput=2.21]
epoch 154: eval=0.9142
epoch 155: loss=0.093973, train_acc=0.9688, time=10.8s
per-rank: rank0[cuda0,share=0.4038,tput=2.22] rank2[cuda2,share=0.2990,tput=4.62] rank1[cuda1,share=0.2972,tput=3.70]
epoch 155: eval=0.9168
epoch 156: loss=0.090132, train_acc=0.9704, time=9.8s
per-rank: rank0[cuda0,share=0.4044,tput=2.92] rank2[cuda2,share=0.2981,tput=2.44] rank1[cuda1,share=0.2975,tput=4.08]
epoch 156: eval=0.9160
epoch 157: loss=0.087113, train_acc=0.9708, time=10.7s
per-rank: rank0[cuda0,share=0.4054,tput=2.28] rank2[cuda2,share=0.2979,tput=4.78] rank1[cuda1,share=0.2967,tput=3.71]
epoch 157: eval=0.9145
epoch 158: loss=0.088779, train_acc=0.9703, time=10.0s
per-rank: rank0[cuda0,share=0.4056,tput=2.65] rank1[cuda1,share=0.2974,tput=2.77] rank2[cuda2,share=0.2970,tput=3.61]
epoch 158: eval=0.9153
epoch 159: loss=0.087255, train_acc=0.9702, time=11.0s
per-rank: rank0[cuda0,share=0.4059,tput=2.27] rank1[cuda1,share=0.2988,tput=3.96] rank2[cuda2,share=0.2952,tput=4.65]
epoch 159: eval=0.9158
epoch 160: loss=0.086204, train_acc=0.9718, time=10.0s
per-rank: rank0[cuda0,share=0.4061,tput=2.71] rank1[cuda1,share=0.2996,tput=2.73] rank2[cuda2,share=0.2943,tput=3.73]
epoch 160: eval=0.9174
epoch 161: loss=0.086295, train_acc=0.9716, time=11.3s
per-rank: rank0[cuda0,share=0.4080,tput=2.20] rank1[cuda1,share=0.2994,tput=4.54] rank2[cuda2,share=0.2926,tput=3.95]
epoch 161: eval=0.9166
epoch 162: loss=0.085417, train_acc=0.9714, time=10.3s
per-rank: rank0[cuda0,share=0.4112,tput=2.36] rank1[cuda1,share=0.2985,tput=2.98] rank2[cuda2,share=0.2903,tput=3.78]
epoch 162: eval=0.9156
epoch 163: loss=0.086975, train_acc=0.9712, time=9.2s
per-rank: rank0[cuda0,share=0.4145,tput=2.03] rank1[cuda1,share=0.2976,tput=6.00] rank2[cuda2,share=0.2879,tput=2.66]
epoch 163: eval=0.9164
epoch 164: loss=0.083826, train_acc=0.9724, time=11.2s
per-rank: rank0[cuda0,share=0.4144,tput=2.28] rank1[cuda1,share=0.2967,tput=3.68] rank2[cuda2,share=0.2888,tput=5.59]
epoch 164: eval=0.9180
epoch 165: loss=0.082133, train_acc=0.9725, time=9.6s
per-rank: rank0[cuda0,share=0.4144,tput=2.93] rank1[cuda1,share=0.2967,tput=2.35] rank2[cuda2,share=0.2888,tput=3.85]
epoch 165: eval=0.9169
epoch 166: loss=0.082424, train_acc=0.9726, time=11.0s
per-rank: rank0[cuda0,share=0.4123,tput=2.18] rank1[cuda1,share=0.2970,tput=3.68] rank2[cuda2,share=0.2907,tput=4.85]
epoch 166: eval=0.9185
epoch 167: loss=0.082942, train_acc=0.9713, time=10.1s
per-rank: rank0[cuda0,share=0.4123,tput=2.52] rank1[cuda1,share=0.2970,tput=4.09] rank2[cuda2,share=0.2907,tput=2.65]
epoch 167: eval=0.9170
epoch 168: loss=0.081538, train_acc=0.9727, time=11.7s
per-rank: rank0[cuda0,share=0.4100,tput=2.05] rank1[cuda1,share=0.2978,tput=3.32] rank2[cuda2,share=0.2922,tput=5.48]
epoch 168: eval=0.9165
epoch 169: loss=0.079869, train_acc=0.9737, time=10.3s
per-rank: rank0[cuda0,share=0.4077,tput=2.63] rank1[cuda1,share=0.2986,tput=2.56] rank2[cuda2,share=0.2936,tput=3.94]
epoch 169: eval=0.9166
epoch 170: loss=0.081359, train_acc=0.9728, time=11.1s
per-rank: rank0[cuda0,share=0.4056,tput=2.11] rank1[cuda1,share=0.2994,tput=3.54] rank2[cuda2,share=0.2950,tput=4.85]
epoch 170: eval=0.9147
epoch 171: loss=0.079905, train_acc=0.9737, time=10.0s
per-rank: rank0[cuda0,share=0.4036,tput=2.81] rank1[cuda1,share=0.3001,tput=3.03] rank2[cuda2,share=0.2963,tput=3.35]
epoch 171: eval=0.9140
epoch 172: loss=0.077435, train_acc=0.9745, time=8.9s
per-rank: rank0[cuda0,share=0.4006,tput=2.66] rank1[cuda1,share=0.3014,tput=2.56] rank2[cuda2,share=0.2980,tput=5.20]
epoch 172: eval=0.9146
epoch 173: loss=0.079663, train_acc=0.9729, time=8.9s
per-rank: rank0[cuda0,share=0.3978,tput=2.89] rank1[cuda1,share=0.3026,tput=5.49] rank2[cuda2,share=0.2996,tput=2.41]
epoch 173: eval=0.9133
epoch 174: loss=0.079239, train_acc=0.9731, time=10.3s
per-rank: rank0[cuda0,share=0.3966,tput=2.31] rank1[cuda1,share=0.3032,tput=5.86] rank2[cuda2,share=0.3002,tput=2.86]
epoch 174: eval=0.9172
epoch 175: loss=0.078967, train_acc=0.9739, time=9.6s
per-rank: rank0[cuda0,share=0.3960,tput=3.18] rank1[cuda1,share=0.3044,tput=3.05] rank2[cuda2,share=0.2997,tput=3.48]
epoch 175: eval=0.9164
epoch 176: loss=0.077038, train_acc=0.9744, time=8.9s
per-rank: rank0[cuda0,share=0.3967,tput=3.50] rank1[cuda1,share=0.3048,tput=3.63] rank2[cuda2,share=0.2985,tput=2.31]
epoch 176: eval=0.9165
epoch 177: loss=0.077997, train_acc=0.9734, time=9.0s
per-rank: rank0[cuda0,share=0.3975,tput=3.19] rank1[cuda1,share=0.3053,tput=2.72] rank2[cuda2,share=0.2973,tput=5.09]
epoch 177: eval=0.9160
epoch 178: loss=0.078225, train_acc=0.9735, time=8.8s
per-rank: rank0[cuda0,share=0.3975,tput=3.35] rank1[cuda1,share=0.3053,tput=2.65] rank2[cuda2,share=0.2973,tput=3.48]
epoch 178: eval=0.9154
epoch 179: loss=0.075889, train_acc=0.9748, time=11.7s
per-rank: rank0[cuda0,share=0.3984,tput=2.15] rank1[cuda1,share=0.3065,tput=4.07] rank2[cuda2,share=0.2951,tput=5.10]
epoch 179: eval=0.9148
epoch 180: loss=0.076486, train_acc=0.9748, time=10.6s
per-rank: rank0[cuda0,share=0.3984,tput=2.09] rank1[cuda1,share=0.3065,tput=2.49] rank2[cuda2,share=0.2951,tput=4.48]
epoch 180: eval=0.9171
epoch 181: loss=0.074817, train_acc=0.9746, time=11.8s
per-rank: rank0[cuda0,share=0.3961,tput=2.02] rank1[cuda1,share=0.3086,tput=4.14] rank2[cuda2,share=0.2953,tput=4.85]
epoch 181: eval=0.9170
epoch 182: loss=0.072244, train_acc=0.9757, time=10.5s
per-rank: rank0[cuda0,share=0.3961,tput=2.39] rank1[cuda1,share=0.3086,tput=2.53] rank2[cuda2,share=0.2953,tput=4.39]
epoch 182: eval=0.9158
epoch 183: loss=0.075980, train_acc=0.9740, time=8.9s
per-rank: rank0[cuda0,share=0.3946,tput=2.83] rank1[cuda1,share=0.3093,tput=2.29] rank2[cuda2,share=0.2960,tput=5.40]
epoch 183: eval=0.9148
epoch 184: loss=0.076308, train_acc=0.9736, time=10.4s
per-rank: rank0[cuda0,share=0.3923,tput=2.20] rank1[cuda1,share=0.3099,tput=5.51] rank2[cuda2,share=0.2979,tput=3.07]
epoch 184: eval=0.9167
epoch 185: loss=0.073656, train_acc=0.9752, time=9.6s
per-rank: rank0[cuda0,share=0.3929,tput=3.55] rank1[cuda1,share=0.3087,tput=2.26] rank2[cuda2,share=0.2984,tput=3.83]
epoch 185: eval=0.9169
epoch 186: loss=0.073685, train_acc=0.9755, time=9.0s
per-rank: rank0[cuda0,share=0.3920,tput=3.45] rank1[cuda1,share=0.3083,tput=2.53] rank2[cuda2,share=0.2997,tput=3.28]
epoch 186: eval=0.9168
epoch 187: loss=0.075539, train_acc=0.9747, time=8.9s
per-rank: rank0[cuda0,share=0.3911,tput=3.21] rank1[cuda1,share=0.3079,tput=2.73] rank2[cuda2,share=0.3010,tput=3.34]
epoch 187: eval=0.9165
epoch 188: loss=0.072528, train_acc=0.9759, time=10.6s
per-rank: rank0[cuda0,share=0.3919,tput=2.28] rank1[cuda1,share=0.3067,tput=5.29] rank2[cuda2,share=0.3015,tput=3.50]
epoch 188: eval=0.9154
epoch 189: loss=0.071688, train_acc=0.9766, time=9.7s
per-rank: rank0[cuda0,share=0.3927,tput=3.17] rank1[cuda1,share=0.3054,tput=2.36] rank2[cuda2,share=0.3019,tput=3.77]
epoch 189: eval=0.9171
epoch 190: loss=0.072730, train_acc=0.9755, time=9.0s
per-rank: rank0[cuda0,share=0.3950,tput=2.69] rank1[cuda1,share=0.3033,tput=5.25] rank2[cuda2,share=0.3017,tput=2.63]
epoch 190: eval=0.9142
epoch 191: loss=0.072068, train_acc=0.9756, time=9.1s
per-rank: rank0[cuda0,share=0.3979,tput=3.83] rank1[cuda1,share=0.3019,tput=2.13] rank2[cuda2,share=0.3002,tput=3.56]
epoch 191: eval=0.9161
epoch 192: loss=0.071036, train_acc=0.9764, time=10.9s
per-rank: rank0[cuda0,share=0.4018,tput=2.22] rank2[cuda2,share=0.2995,tput=3.92] rank1[cuda1,share=0.2987,tput=4.47]
epoch 192: eval=0.9167
epoch 193: loss=0.071712, train_acc=0.9759, time=10.0s
per-rank: rank0[cuda0,share=0.4043,tput=2.40] rank2[cuda2,share=0.2995,tput=3.77] rank1[cuda1,share=0.2962,tput=2.88]
epoch 193: eval=0.9180
epoch 194: loss=0.068160, train_acc=0.9770, time=9.1s
per-rank: rank0[cuda0,share=0.4068,tput=3.94] rank2[cuda2,share=0.2979,tput=2.24] rank1[cuda1,share=0.2952,tput=3.50]
epoch 194: eval=0.9152
epoch 195: loss=0.069644, train_acc=0.9771, time=9.0s
per-rank: rank0[cuda0,share=0.4071,tput=3.32] rank2[cuda2,share=0.2983,tput=3.33] rank1[cuda1,share=0.2946,tput=2.51]
epoch 195: eval=0.9177
epoch 196: loss=0.068246, train_acc=0.9773, time=9.0s
per-rank: rank0[cuda0,share=0.4073,tput=2.55] rank2[cuda2,share=0.2987,tput=5.17] rank1[cuda1,share=0.2940,tput=2.53]
epoch 196: eval=0.9162
epoch 197: loss=0.069315, train_acc=0.9766, time=9.0s
per-rank: rank0[cuda0,share=0.4076,tput=2.22] rank2[cuda2,share=0.2991,tput=5.10] rank1[cuda1,share=0.2933,tput=2.84]
epoch 197: eval=0.9166
epoch 198: loss=0.067799, train_acc=0.9770, time=8.9s
per-rank: rank0[cuda0,share=0.4084,tput=2.82] rank2[cuda2,share=0.2984,tput=2.00] rank1[cuda1,share=0.2931,tput=6.34]
epoch 198: eval=0.9164
epoch 199: loss=0.068892, train_acc=0.9771, time=9.7s
per-rank: rank0[cuda0,share=0.4093,tput=2.59] rank2[cuda2,share=0.2978,tput=3.53] rank1[cuda1,share=0.2930,tput=4.72]
final eval=0.9160
# total: 1787.6s (29m 48s)
