# gpu0: NVIDIA GeForce RTX 5060 Ti (15GB, sm_120)
# gpu1: NVIDIA GeForce GTX 1060 6GB (5GB, sm_61)
# gpu2: NVIDIA GeForce GTX 1060 6GB (5GB, sm_61)
epoch 0: loss=1.983723, train_acc=0.2535, time=9.8s
per-rank: rank0[cuda0,share=0.4085,tput=5.00] rank1[cuda1,share=0.2973,tput=3.88] rank2[cuda2,share=0.2942,tput=3.54]
epoch 0: eval=0.3710
epoch 1: loss=1.616282, train_acc=0.3962, time=9.4s
per-rank: rank0[cuda0,share=0.4027,tput=4.25] rank2[cuda2,share=0.3068,tput=4.29] rank1[cuda1,share=0.2904,tput=2.52]
epoch 1: eval=0.4642
epoch 2: loss=1.376243, train_acc=0.4997, time=9.4s
per-rank: rank0[cuda0,share=0.3829,tput=3.74] rank1[cuda1,share=0.3140,tput=2.40] rank2[cuda2,share=0.3030,tput=3.16]
epoch 2: eval=0.4754
epoch 3: loss=1.209505, train_acc=0.5643, time=11.7s
per-rank: rank0[cuda0,share=0.3923,tput=2.01] rank1[cuda1,share=0.3141,tput=3.65] rank2[cuda2,share=0.2936,tput=4.87]
epoch 3: eval=0.4616
epoch 4: loss=1.119556, train_acc=0.6018, time=10.3s
per-rank: rank0[cuda0,share=0.3874,tput=2.37] rank1[cuda1,share=0.3170,tput=2.93] rank2[cuda2,share=0.2956,tput=4.19]
epoch 4: eval=0.6106
epoch 5: loss=1.024982, train_acc=0.6389, time=10.3s
per-rank: rank0[cuda0,share=0.3977,tput=2.26] rank1[cuda1,share=0.3031,tput=4.54] rank2[cuda2,share=0.2992,tput=3.54]
epoch 5: eval=0.6244
epoch 6: loss=0.936104, train_acc=0.6733, time=9.9s
per-rank: rank0[cuda0,share=0.4249,tput=3.18] rank2[cuda2,share=0.2944,tput=3.40] rank1[cuda1,share=0.2807,tput=2.55]
epoch 6: eval=0.6716
epoch 7: loss=0.865179, train_acc=0.6985, time=12.7s
per-rank: rank0[cuda0,share=0.4132,tput=2.15] rank1[cuda1,share=0.3017,tput=5.74] rank2[cuda2,share=0.2851,tput=3.91]
epoch 7: eval=0.6490
epoch 8: loss=0.823077, train_acc=0.7134, time=11.2s
per-rank: rank0[cuda0,share=0.4049,tput=2.64] rank1[cuda1,share=0.2990,tput=4.06] rank2[cuda2,share=0.2961,tput=3.09]
epoch 8: eval=0.7431
epoch 9: loss=0.775922, train_acc=0.7285, time=9.1s
per-rank: rank0[cuda0,share=0.4086,tput=3.61] rank2[cuda2,share=0.3029,tput=2.56] rank1[cuda1,share=0.2885,tput=3.22]
epoch 9: eval=0.6790
epoch 10: loss=0.745265, train_acc=0.7402, time=9.2s
per-rank: rank0[cuda0,share=0.4104,tput=2.54] rank2[cuda2,share=0.3047,tput=2.37] rank1[cuda1,share=0.2849,tput=6.06]
epoch 10: eval=0.6749
epoch 11: loss=0.710942, train_acc=0.7522, time=11.4s
per-rank: rank0[cuda0,share=0.4139,tput=2.17] rank2[cuda2,share=0.2959,tput=4.72] rank1[cuda1,share=0.2903,tput=4.01]
epoch 11: eval=0.7690
epoch 12: loss=0.694049, train_acc=0.7583, time=10.4s
per-rank: rank0[cuda0,share=0.4081,tput=2.28] rank1[cuda1,share=0.2998,tput=2.97] rank2[cuda2,share=0.2921,tput=3.75]
epoch 12: eval=0.7519
epoch 13: loss=0.663867, train_acc=0.7726, time=9.1s
per-rank: rank0[cuda0,share=0.4093,tput=3.68] rank1[cuda1,share=0.3094,tput=3.82] rank2[cuda2,share=0.2813,tput=2.09]
epoch 13: eval=0.7658
epoch 14: loss=0.645994, train_acc=0.7761, time=9.1s
per-rank: rank0[cuda0,share=0.4173,tput=2.30] rank1[cuda1,share=0.3058,tput=5.36] rank2[cuda2,share=0.2769,tput=2.62]
epoch 14: eval=0.8097
epoch 15: loss=0.631719, train_acc=0.7805, time=11.2s
per-rank: rank0[cuda0,share=0.4030,tput=2.23] rank1[cuda1,share=0.3060,tput=4.05] rank2[cuda2,share=0.2909,tput=4.84]
epoch 15: eval=0.7652
epoch 16: loss=0.613340, train_acc=0.7883, time=10.4s
per-rank: rank0[cuda0,share=0.3980,tput=2.05] rank1[cuda1,share=0.3091,tput=2.81] rank2[cuda2,share=0.2928,tput=4.11]
epoch 16: eval=0.8168
epoch 17: loss=0.589207, train_acc=0.7958, time=9.1s
per-rank: rank0[cuda0,share=0.3834,tput=4.82] rank2[cuda2,share=0.3118,tput=4.10] rank1[cuda1,share=0.3048,tput=2.26]
epoch 17: eval=0.7788
epoch 18: loss=0.587351, train_acc=0.7954, time=9.2s
per-rank: rank0[cuda0,share=0.3857,tput=2.70] rank2[cuda2,share=0.3095,tput=3.38] rank1[cuda1,share=0.3048,tput=2.85]
epoch 18: eval=0.8010
epoch 19: loss=0.582151, train_acc=0.7994, time=10.4s
per-rank: rank0[cuda0,share=0.3873,tput=2.18] rank2[cuda2,share=0.3090,tput=5.40] rank1[cuda1,share=0.3038,tput=3.12]
epoch 19: eval=0.7522
epoch 20: loss=0.572692, train_acc=0.8037, time=9.7s
per-rank: rank0[cuda0,share=0.4033,tput=2.84] rank2[cuda2,share=0.3035,tput=2.62] rank1[cuda1,share=0.2933,tput=3.79]
epoch 20: eval=0.8289
epoch 21: loss=0.565128, train_acc=0.8046, time=11.1s
per-rank: rank0[cuda0,share=0.3992,tput=2.17] rank1[cuda1,share=0.3009,tput=6.04] rank2[cuda2,share=0.2999,tput=3.17]
epoch 21: eval=0.7838
epoch 22: loss=0.554340, train_acc=0.8095, time=10.3s
per-rank: rank0[cuda0,share=0.3966,tput=1.92] rank1[cuda1,share=0.3189,tput=2.96] rank2[cuda2,share=0.2846,tput=3.91]
epoch 22: eval=0.8165
epoch 23: loss=0.539836, train_acc=0.8146, time=9.2s
per-rank: rank0[cuda0,share=0.3806,tput=3.79] rank1[cuda1,share=0.3212,tput=3.37] rank2[cuda2,share=0.2982,tput=2.25]
epoch 23: eval=0.7439
epoch 24: loss=0.542398, train_acc=0.8133, time=12.0s
per-rank: rank0[cuda0,share=0.4006,tput=2.10] rank1[cuda1,share=0.3057,tput=3.91] rank2[cuda2,share=0.2937,tput=4.88]
epoch 24: eval=0.6997
epoch 25: loss=0.532415, train_acc=0.8172, time=10.7s
per-rank: rank0[cuda0,share=0.3938,tput=2.05] rank1[cuda1,share=0.3155,tput=4.29] rank2[cuda2,share=0.2907,tput=2.59]
epoch 25: eval=0.7012
epoch 26: loss=0.523283, train_acc=0.8204, time=9.2s
per-rank: rank0[cuda0,share=0.3885,tput=3.38] rank2[cuda2,share=0.3103,tput=3.79] rank1[cuda1,share=0.3011,tput=2.24]
epoch 26: eval=0.8201
epoch 27: loss=0.511593, train_acc=0.8236, time=11.2s
per-rank: rank0[cuda0,share=0.4010,tput=2.18] rank2[cuda2,share=0.3007,tput=3.30] rank1[cuda1,share=0.2983,tput=5.46]
epoch 27: eval=0.7806
epoch 28: loss=0.503848, train_acc=0.8269, time=10.3s
per-rank: rank0[cuda0,share=0.4081,tput=2.70] rank1[cuda1,share=0.3055,tput=3.07] rank2[cuda2,share=0.2864,tput=3.48]
epoch 28: eval=0.7232
epoch 29: loss=0.515671, train_acc=0.8228, time=11.6s
per-rank: rank0[cuda0,share=0.4228,tput=2.20] rank1[cuda1,share=0.2960,tput=3.33] rank2[cuda2,share=0.2812,tput=5.67]
epoch 29: eval=0.8422
epoch 30: loss=0.502328, train_acc=0.8261, time=10.6s
per-rank: rank0[cuda0,share=0.4240,tput=2.15] rank1[cuda1,share=0.2920,tput=4.09] rank2[cuda2,share=0.2840,tput=2.61]
epoch 30: eval=0.7169
epoch 31: loss=0.489096, train_acc=0.8312, time=9.1s
per-rank: rank0[cuda0,share=0.4017,tput=3.98] rank1[cuda1,share=0.3028,tput=3.79] rank2[cuda2,share=0.2955,tput=2.52]
epoch 31: eval=0.7598
epoch 32: loss=0.499422, train_acc=0.8269, time=9.2s
per-rank: rank0[cuda0,share=0.3978,tput=3.51] rank1[cuda1,share=0.3077,tput=3.71] rank2[cuda2,share=0.2945,tput=2.13]
epoch 32: eval=0.7835
epoch 33: loss=0.492007, train_acc=0.8305, time=9.1s
per-rank: rank0[cuda0,share=0.4154,tput=2.56] rank1[cuda1,share=0.2946,tput=2.29] rank2[cuda2,share=0.2900,tput=6.44]
epoch 33: eval=0.8367
epoch 34: loss=0.490496, train_acc=0.8311, time=9.4s
per-rank: rank0[cuda0,share=0.4248,tput=2.89] rank2[cuda2,share=0.2963,tput=5.66] rank1[cuda1,share=0.2789,tput=2.27]
epoch 34: eval=0.7571
epoch 35: loss=0.486900, train_acc=0.8338, time=9.5s
per-rank: rank0[cuda0,share=0.4135,tput=3.01] rank2[cuda2,share=0.3017,tput=2.45] rank1[cuda1,share=0.2848,tput=3.80]
epoch 35: eval=0.8464
epoch 36: loss=0.481516, train_acc=0.8340, time=9.2s
per-rank: rank0[cuda0,share=0.3983,tput=4.04] rank1[cuda1,share=0.3050,tput=2.56] rank2[cuda2,share=0.2966,tput=2.86]
epoch 36: eval=0.7496
epoch 37: loss=0.497315, train_acc=0.8299, time=9.2s
per-rank: rank0[cuda0,share=0.4065,tput=3.60] rank1[cuda1,share=0.3111,tput=4.64] rank2[cuda2,share=0.2824,tput=2.53]
epoch 37: eval=0.8348
epoch 38: loss=0.481887, train_acc=0.8337, time=9.1s
per-rank: rank0[cuda0,share=0.4102,tput=2.86] rank1[cuda1,share=0.3034,tput=2.49] rank2[cuda2,share=0.2864,tput=5.31]
epoch 38: eval=0.7709
epoch 39: loss=0.478435, train_acc=0.8365, time=11.5s
per-rank: rank0[cuda0,share=0.3874,tput=2.11] rank1[cuda1,share=0.3099,tput=3.71] rank2[cuda2,share=0.3026,tput=4.90]
epoch 39: eval=0.7415
epoch 40: loss=0.480282, train_acc=0.8339, time=10.4s
per-rank: rank0[cuda0,share=0.3892,tput=2.27] rank1[cuda1,share=0.3160,tput=3.02] rank2[cuda2,share=0.2947,tput=3.39]
epoch 40: eval=0.8249
epoch 41: loss=0.458911, train_acc=0.8422, time=9.2s
per-rank: rank0[cuda0,share=0.3808,tput=2.05] rank1[cuda1,share=0.3158,tput=5.86] rank2[cuda2,share=0.3034,tput=2.57]
epoch 41: eval=0.7745
epoch 42: loss=0.455795, train_acc=0.8455, time=10.3s
per-rank: rank0[cuda0,share=0.3805,tput=2.14] rank1[cuda1,share=0.3119,tput=3.35] rank2[cuda2,share=0.3077,tput=4.61]
epoch 42: eval=0.7764
epoch 43: loss=0.464406, train_acc=0.8406, time=9.7s
per-rank: rank0[cuda0,share=0.4046,tput=3.26] rank1[cuda1,share=0.3044,tput=2.91] rank2[cuda2,share=0.2910,tput=2.99]
epoch 43: eval=0.8321
epoch 44: loss=0.464294, train_acc=0.8404, time=9.1s
per-rank: rank0[cuda0,share=0.4117,tput=2.30] rank1[cuda1,share=0.3050,tput=6.21] rank2[cuda2,share=0.2833,tput=2.45]
epoch 44: eval=0.8076
epoch 45: loss=0.456991, train_acc=0.8420, time=11.8s
per-rank: rank0[cuda0,share=0.3975,tput=2.07] rank1[cuda1,share=0.3024,tput=3.65] rank2[cuda2,share=0.3001,tput=4.88]
epoch 45: eval=0.7622
epoch 46: loss=0.510536, train_acc=0.8251, time=10.3s
per-rank: rank0[cuda0,share=0.3971,tput=2.63] rank2[cuda2,share=0.3018,tput=2.77] rank1[cuda1,share=0.3011,tput=3.85]
epoch 46: eval=0.7590
epoch 47: loss=0.522872, train_acc=0.8203, time=11.8s
per-rank: rank0[cuda0,share=0.3974,tput=2.02] rank2[cuda2,share=0.3028,tput=3.19] rank1[cuda1,share=0.2998,tput=5.89]
epoch 47: eval=0.7281
epoch 48: loss=0.520671, train_acc=0.8228, time=11.3s
per-rank: rank0[cuda0,share=0.3973,tput=2.16] rank2[cuda2,share=0.3031,tput=3.52] rank1[cuda1,share=0.2996,tput=2.49]
epoch 48: eval=0.7850
epoch 49: loss=0.508808, train_acc=0.8255, time=9.6s
per-rank: rank0[cuda0,share=0.3972,tput=3.83] rank2[cuda2,share=0.3033,tput=2.21] rank1[cuda1,share=0.2995,tput=3.33]
epoch 49: eval=0.8163
epoch 50: loss=0.497482, train_acc=0.8296, time=9.1s
per-rank: rank0[cuda0,share=0.3972,tput=3.61] rank2[cuda2,share=0.3034,tput=2.28] rank1[cuda1,share=0.2994,tput=3.52]
epoch 50: eval=0.8050
epoch 51: loss=0.513165, train_acc=0.8243, time=11.0s
per-rank: rank0[cuda0,share=0.3971,tput=2.17] rank2[cuda2,share=0.3035,tput=3.11] rank1[cuda1,share=0.2993,tput=5.80]
epoch 51: eval=0.7777
epoch 52: loss=0.500122, train_acc=0.8268, time=10.2s
per-rank: rank0[cuda0,share=0.3971,tput=2.96] rank2[cuda2,share=0.3036,tput=2.57] rank1[cuda1,share=0.2993,tput=3.45]
epoch 52: eval=0.8095
epoch 53: loss=0.502104, train_acc=0.8285, time=9.3s
per-rank: rank0[cuda0,share=0.3973,tput=2.44] rank2[cuda2,share=0.3036,tput=5.46] rank1[cuda1,share=0.2992,tput=2.37]
epoch 53: eval=0.7567
epoch 54: loss=0.507906, train_acc=0.8259, time=11.2s
per-rank: rank0[cuda0,share=0.3989,tput=2.11] rank2[cuda2,share=0.3028,tput=3.16] rank1[cuda1,share=0.2983,tput=5.58]
epoch 54: eval=0.7804
epoch 55: loss=0.496100, train_acc=0.8300, time=10.2s
per-rank: rank0[cuda0,share=0.4003,tput=2.64] rank2[cuda2,share=0.3021,tput=2.64] rank1[cuda1,share=0.2976,tput=3.74]
epoch 55: eval=0.8293
epoch 56: loss=0.486360, train_acc=0.8342, time=10.6s
per-rank: rank0[cuda0,share=0.4017,tput=2.30] rank2[cuda2,share=0.3014,tput=5.02] rank1[cuda1,share=0.2969,tput=3.53]
epoch 56: eval=0.8108
epoch 57: loss=0.497955, train_acc=0.8299, time=9.7s
per-rank: rank0[cuda0,share=0.4017,tput=2.67] rank2[cuda2,share=0.3014,tput=3.60] rank1[cuda1,share=0.2969,tput=2.63]
epoch 57: eval=0.8083
epoch 58: loss=0.478533, train_acc=0.8343, time=12.6s
per-rank: rank0[cuda0,share=0.4040,tput=1.91] rank2[cuda2,share=0.2986,tput=4.97] rank1[cuda1,share=0.2974,tput=3.59]
epoch 58: eval=0.8357
epoch 59: loss=0.498865, train_acc=0.8291, time=11.5s
per-rank: rank0[cuda0,share=0.4040,tput=1.91] rank2[cuda2,share=0.2986,tput=3.57] rank1[cuda1,share=0.2974,tput=2.78]
epoch 59: eval=0.7899
epoch 60: loss=0.485298, train_acc=0.8339, time=12.0s
per-rank: rank0[cuda0,share=0.4043,tput=2.01] rank1[cuda1,share=0.2981,tput=3.21] rank2[cuda2,share=0.2976,tput=4.82]
epoch 60: eval=0.7590
epoch 61: loss=0.484274, train_acc=0.8335, time=11.0s
per-rank: rank0[cuda0,share=0.4046,tput=2.04] rank1[cuda1,share=0.2988,tput=2.58] rank2[cuda2,share=0.2966,tput=3.46]
epoch 61: eval=0.8026
epoch 62: loss=0.481467, train_acc=0.8358, time=9.1s
per-rank: rank0[cuda0,share=0.4036,tput=2.47] rank1[cuda1,share=0.3001,tput=2.44] rank2[cuda2,share=0.2963,tput=5.43]
epoch 62: eval=0.7681
epoch 63: loss=0.483772, train_acc=0.8347, time=9.0s
per-rank: rank0[cuda0,share=0.4025,tput=3.62] rank1[cuda1,share=0.3015,tput=2.56] rank2[cuda2,share=0.2960,tput=3.20]
epoch 63: eval=0.7943
epoch 64: loss=0.490205, train_acc=0.8317, time=9.1s
per-rank: rank0[cuda0,share=0.4014,tput=3.54] rank1[cuda1,share=0.3029,tput=3.59] rank2[cuda2,share=0.2957,tput=2.19]
epoch 64: eval=0.7369
epoch 65: loss=0.478335, train_acc=0.8361, time=9.2s
per-rank: rank0[cuda0,share=0.3990,tput=3.20] rank1[cuda1,share=0.3050,tput=3.44] rank2[cuda2,share=0.2960,tput=2.37]
epoch 65: eval=0.7858
epoch 66: loss=0.480617, train_acc=0.8351, time=9.0s
per-rank: rank0[cuda0,share=0.3965,tput=3.84] rank1[cuda1,share=0.3071,tput=2.41] rank2[cuda2,share=0.2964,tput=3.18]
epoch 66: eval=0.7930
epoch 67: loss=0.479904, train_acc=0.8358, time=9.1s
per-rank: rank0[cuda0,share=0.3939,tput=3.17] rank1[cuda1,share=0.3093,tput=2.78] rank2[cuda2,share=0.2967,tput=3.11]
epoch 67: eval=0.7302
epoch 68: loss=0.483267, train_acc=0.8341, time=11.0s
per-rank: rank0[cuda0,share=0.3913,tput=2.09] rank1[cuda1,share=0.3115,tput=3.61] rank2[cuda2,share=0.2972,tput=4.84]
epoch 68: eval=0.7930
epoch 69: loss=0.475480, train_acc=0.8382, time=10.2s
per-rank: rank0[cuda0,share=0.3905,tput=2.68] rank1[cuda1,share=0.3127,tput=3.96] rank2[cuda2,share=0.2968,tput=2.34]
epoch 69: eval=0.7413
epoch 70: loss=0.478600, train_acc=0.8364, time=11.4s
per-rank: rank0[cuda0,share=0.3896,tput=2.07] rank1[cuda1,share=0.3139,tput=3.28] rank2[cuda2,share=0.2964,tput=5.51]
epoch 70: eval=0.7655
epoch 71: loss=0.479101, train_acc=0.8364, time=10.2s
per-rank: rank0[cuda0,share=0.3888,tput=2.22] rank1[cuda1,share=0.3152,tput=3.42] rank2[cuda2,share=0.2960,tput=2.99]
epoch 71: eval=0.8127
epoch 72: loss=0.475286, train_acc=0.8383, time=9.1s
per-rank: rank0[cuda0,share=0.3890,tput=2.32] rank1[cuda1,share=0.3149,tput=2.50] rank2[cuda2,share=0.2961,tput=5.58]
epoch 72: eval=0.7946
epoch 73: loss=0.475897, train_acc=0.8385, time=9.0s
per-rank: rank0[cuda0,share=0.3891,tput=5.32] rank1[cuda1,share=0.3147,tput=4.62] rank2[cuda2,share=0.2962,tput=2.15]
epoch 73: eval=0.8017
epoch 74: loss=0.475674, train_acc=0.8364, time=10.8s
per-rank: rank0[cuda0,share=0.3893,tput=2.15] rank1[cuda1,share=0.3144,tput=5.05] rank2[cuda2,share=0.2963,tput=3.46]
epoch 74: eval=0.7460
epoch 75: loss=0.471212, train_acc=0.8386, time=9.9s
per-rank: rank0[cuda0,share=0.3895,tput=2.94] rank1[cuda1,share=0.3141,tput=4.11] rank2[cuda2,share=0.2964,tput=2.28]
epoch 75: eval=0.7863
epoch 76: loss=0.480527, train_acc=0.8344, time=11.6s
per-rank: rank0[cuda0,share=0.3896,tput=1.99] rank1[cuda1,share=0.3138,tput=3.73] rank2[cuda2,share=0.2965,tput=4.70]
epoch 76: eval=0.7766
epoch 77: loss=0.469967, train_acc=0.8396, time=11.1s
per-rank: rank0[cuda0,share=0.3904,tput=2.38] rank1[cuda1,share=0.3140,tput=2.39] rank2[cuda2,share=0.2956,tput=3.56]
epoch 77: eval=0.7802
epoch 78: loss=0.469981, train_acc=0.8393, time=9.4s
per-rank: rank0[cuda0,share=0.3905,tput=3.53] rank1[cuda1,share=0.3137,tput=3.25] rank2[cuda2,share=0.2958,tput=2.24]
epoch 78: eval=0.7961
epoch 79: loss=0.470145, train_acc=0.8379, time=9.5s
per-rank: rank0[cuda0,share=0.3906,tput=3.20] rank1[cuda1,share=0.3134,tput=3.05] rank2[cuda2,share=0.2961,tput=2.51]
epoch 79: eval=0.7750
epoch 80: loss=0.472669, train_acc=0.8377, time=12.4s
per-rank: rank0[cuda0,share=0.3909,tput=1.92] rank1[cuda1,share=0.3106,tput=3.69] rank2[cuda2,share=0.2985,tput=4.74]
epoch 80: eval=0.8487
epoch 81: loss=0.469935, train_acc=0.8399, time=10.8s
per-rank: rank0[cuda0,share=0.3909,tput=3.16] rank1[cuda1,share=0.3106,tput=2.81] rank2[cuda2,share=0.2985,tput=4.18]
epoch 81: eval=0.7608
epoch 82: loss=0.463266, train_acc=0.8408, time=11.4s
per-rank: rank0[cuda0,share=0.3905,tput=2.01] rank1[cuda1,share=0.3104,tput=3.92] rank2[cuda2,share=0.2991,tput=3.97]
epoch 82: eval=0.7807
epoch 83: loss=0.470726, train_acc=0.8391, time=10.4s
per-rank: rank0[cuda0,share=0.3905,tput=2.52] rank1[cuda1,share=0.3104,tput=3.50] rank2[cuda2,share=0.2991,tput=2.73]
epoch 83: eval=0.7902
epoch 84: loss=0.456225, train_acc=0.8426, time=10.6s
per-rank: rank0[cuda0,share=0.3899,tput=2.19] rank1[cuda1,share=0.3105,tput=3.52] rank2[cuda2,share=0.2995,tput=4.62]
epoch 84: eval=0.8340
epoch 85: loss=0.473675, train_acc=0.8376, time=9.7s
per-rank: rank0[cuda0,share=0.3910,tput=3.12] rank1[cuda1,share=0.3099,tput=2.52] rank2[cuda2,share=0.2991,tput=3.30]
epoch 85: eval=0.8429
epoch 86: loss=0.476751, train_acc=0.8366, time=9.2s
per-rank: rank0[cuda0,share=0.3910,tput=2.33] rank1[cuda1,share=0.3099,tput=2.59] rank2[cuda2,share=0.2991,tput=5.20]
epoch 86: eval=0.8127
epoch 87: loss=0.461913, train_acc=0.8415, time=11.5s
per-rank: rank0[cuda0,share=0.3918,tput=2.09] rank1[cuda1,share=0.3079,tput=3.43] rank2[cuda2,share=0.3003,tput=4.93]
epoch 87: eval=0.8530
epoch 88: loss=0.461441, train_acc=0.8427, time=10.3s
per-rank: rank0[cuda0,share=0.3918,tput=2.38] rank1[cuda1,share=0.3079,tput=3.77] rank2[cuda2,share=0.3003,tput=2.77]
epoch 88: eval=0.7985
epoch 89: loss=0.465250, train_acc=0.8398, time=12.0s
per-rank: rank0[cuda0,share=0.3922,tput=1.97] rank1[cuda1,share=0.3069,tput=3.78] rank2[cuda2,share=0.3008,tput=4.79]
epoch 89: eval=0.7827
epoch 90: loss=0.470966, train_acc=0.8394, time=10.5s
per-rank: rank0[cuda0,share=0.3919,tput=2.13] rank1[cuda1,share=0.3073,tput=2.91] rank2[cuda2,share=0.3008,tput=4.00]
epoch 90: eval=0.8176
epoch 91: loss=0.466529, train_acc=0.8393, time=11.1s
per-rank: rank0[cuda0,share=0.3929,tput=2.15] rank1[cuda1,share=0.3069,tput=5.15] rank2[cuda2,share=0.3001,tput=3.06]
epoch 91: eval=0.7155
epoch 92: loss=0.459771, train_acc=0.8417, time=10.4s
per-rank: rank0[cuda0,share=0.3940,tput=2.73] rank1[cuda1,share=0.3066,tput=3.55] rank2[cuda2,share=0.2994,tput=2.57]
epoch 92: eval=0.7988
epoch 93: loss=0.468943, train_acc=0.8400, time=9.6s
per-rank: rank0[cuda0,share=0.3950,tput=2.20] rank1[cuda1,share=0.3062,tput=5.37] rank2[cuda2,share=0.2988,tput=2.38]
epoch 93: eval=0.7565
epoch 94: loss=0.469918, train_acc=0.8389, time=9.5s
per-rank: rank0[cuda0,share=0.3954,tput=3.02] rank1[cuda1,share=0.3052,tput=2.36] rank2[cuda2,share=0.2994,tput=3.45]
epoch 94: eval=0.8337
epoch 95: loss=0.468805, train_acc=0.8386, time=9.4s
per-rank: rank0[cuda0,share=0.3966,tput=3.02] rank1[cuda1,share=0.3046,tput=2.45] rank2[cuda2,share=0.2988,tput=3.44]
epoch 95: eval=0.8316
epoch 96: loss=0.462130, train_acc=0.8406, time=9.5s
per-rank: rank0[cuda0,share=0.3966,tput=2.21] rank1[cuda1,share=0.3046,tput=2.38] rank2[cuda2,share=0.2988,tput=5.66]
epoch 96: eval=0.8202
epoch 97: loss=0.454400, train_acc=0.8447, time=11.3s
per-rank: rank0[cuda0,share=0.3953,tput=2.09] rank1[cuda1,share=0.3053,tput=3.25] rank2[cuda2,share=0.2994,tput=5.19]
epoch 97: eval=0.8213
epoch 98: loss=0.473580, train_acc=0.8379, time=10.7s
per-rank: rank0[cuda0,share=0.3953,tput=2.42] rank1[cuda1,share=0.3053,tput=2.51] rank2[cuda2,share=0.2994,tput=3.60]
epoch 98: eval=0.7857
epoch 99: loss=0.444356, train_acc=0.8489, time=12.0s
per-rank: rank0[cuda0,share=0.3935,tput=1.94] rank1[cuda1,share=0.3054,tput=3.47] rank2[cuda2,share=0.3012,tput=5.02]
epoch 99: eval=0.8903
epoch 100: loss=0.298729, train_acc=0.8980, time=10.7s
per-rank: rank0[cuda0,share=0.3935,tput=2.35] rank1[cuda1,share=0.3054,tput=2.52] rank2[cuda2,share=0.3012,tput=3.81]
epoch 100: eval=0.8972
epoch 101: loss=0.233860, train_acc=0.9193, time=11.3s
per-rank: rank0[cuda0,share=0.3923,tput=2.08] rank1[cuda1,share=0.3041,tput=3.21] rank2[cuda2,share=0.3036,tput=4.90]
epoch 101: eval=0.9001
epoch 102: loss=0.225472, train_acc=0.9230, time=10.5s
per-rank: rank0[cuda0,share=0.3923,tput=2.31] rank1[cuda1,share=0.3041,tput=3.99] rank2[cuda2,share=0.3036,tput=2.39]
epoch 102: eval=0.8987
epoch 103: loss=0.217747, train_acc=0.9262, time=11.8s
per-rank: rank0[cuda0,share=0.3911,tput=1.99] rank2[cuda2,share=0.3061,tput=4.59] rank1[cuda1,share=0.3027,tput=3.64]
epoch 103: eval=0.9023
epoch 104: loss=0.210255, train_acc=0.9283, time=10.7s
per-rank: rank0[cuda0,share=0.3911,tput=2.35] rank2[cuda2,share=0.3061,tput=2.72] rank1[cuda1,share=0.3027,tput=3.50]
epoch 104: eval=0.9036
epoch 105: loss=0.202813, train_acc=0.9293, time=11.5s
per-rank: rank0[cuda0,share=0.3914,tput=2.03] rank2[cuda2,share=0.3062,tput=4.67] rank1[cuda1,share=0.3023,tput=3.41]
epoch 105: eval=0.9067
epoch 106: loss=0.197654, train_acc=0.9313, time=10.7s
per-rank: rank0[cuda0,share=0.3915,tput=2.49] rank2[cuda2,share=0.3064,tput=2.57] rank1[cuda1,share=0.3021,tput=4.02]
epoch 106: eval=0.9092
epoch 107: loss=0.189612, train_acc=0.9330, time=11.4s
per-rank: rank0[cuda0,share=0.3930,tput=2.11] rank2[cuda2,share=0.3058,tput=3.08] rank1[cuda1,share=0.3012,tput=5.69]
epoch 107: eval=0.9057
epoch 108: loss=0.190270, train_acc=0.9353, time=10.4s
per-rank: rank0[cuda0,share=0.3944,tput=2.33] rank2[cuda2,share=0.3053,tput=3.62] rank1[cuda1,share=0.3003,tput=2.59]
epoch 108: eval=0.9075
epoch 109: loss=0.187735, train_acc=0.9343, time=9.2s
per-rank: rank0[cuda0,share=0.3950,tput=2.39] rank2[cuda2,share=0.3041,tput=5.40] rank1[cuda1,share=0.3008,tput=2.48]
epoch 109: eval=0.9115
epoch 110: loss=0.178486, train_acc=0.9379, time=11.3s
per-rank: rank0[cuda0,share=0.3957,tput=2.09] rank2[cuda2,share=0.3030,tput=4.60] rank1[cuda1,share=0.3013,tput=3.68]
epoch 110: eval=0.9054
epoch 111: loss=0.178363, train_acc=0.9376, time=10.1s
per-rank: rank0[cuda0,share=0.3964,tput=3.03] rank1[cuda1,share=0.3018,tput=2.57] rank2[cuda2,share=0.3018,tput=3.41]
epoch 111: eval=0.9073
epoch 112: loss=0.173900, train_acc=0.9384, time=9.0s
per-rank: rank0[cuda0,share=0.3970,tput=3.36] rank1[cuda1,share=0.3023,tput=4.89] rank2[cuda2,share=0.3007,tput=2.27]
epoch 112: eval=0.9068
epoch 113: loss=0.171833, train_acc=0.9394, time=9.1s
per-rank: rank0[cuda0,share=0.3977,tput=3.56] rank1[cuda1,share=0.3028,tput=3.21] rank2[cuda2,share=0.2995,tput=2.47]
epoch 113: eval=0.9089
epoch 114: loss=0.168204, train_acc=0.9420, time=9.1s
per-rank: rank0[cuda0,share=0.3989,tput=2.55] rank1[cuda1,share=0.3038,tput=2.55] rank2[cuda2,share=0.2973,tput=5.30]
epoch 114: eval=0.9057
epoch 115: loss=0.166268, train_acc=0.9425, time=11.2s
per-rank: rank0[cuda0,share=0.4007,tput=2.15] rank1[cuda1,share=0.3036,tput=3.92] rank2[cuda2,share=0.2956,tput=4.46]
epoch 115: eval=0.9103
epoch 116: loss=0.166155, train_acc=0.9416, time=10.1s
per-rank: rank0[cuda0,share=0.4025,tput=4.02] rank1[cuda1,share=0.3035,tput=3.61] rank2[cuda2,share=0.2940,tput=2.99]
epoch 116: eval=0.9053
epoch 117: loss=0.165495, train_acc=0.9429, time=12.0s
per-rank: rank0[cuda0,share=0.4030,tput=2.07] rank1[cuda1,share=0.3040,tput=4.86] rank2[cuda2,share=0.2930,tput=3.62]
epoch 117: eval=0.9073
epoch 118: loss=0.159372, train_acc=0.9440, time=10.5s
per-rank: rank0[cuda0,share=0.4035,tput=2.18] rank1[cuda1,share=0.3045,tput=2.94] rank2[cuda2,share=0.2920,tput=4.10]
epoch 118: eval=0.9084
epoch 119: loss=0.157141, train_acc=0.9457, time=9.1s
per-rank: rank0[cuda0,share=0.4030,tput=2.86] rank1[cuda1,share=0.3047,tput=3.71] rank2[cuda2,share=0.2923,tput=2.56]
epoch 119: eval=0.9099
epoch 120: loss=0.158127, train_acc=0.9436, time=10.6s
per-rank: rank0[cuda0,share=0.4025,tput=2.25] rank1[cuda1,share=0.3049,tput=3.48] rank2[cuda2,share=0.2926,tput=4.85]
epoch 120: eval=0.9088
epoch 121: loss=0.152884, train_acc=0.9473, time=10.0s
per-rank: rank0[cuda0,share=0.4026,tput=3.10] rank1[cuda1,share=0.3041,tput=2.27] rank2[cuda2,share=0.2933,tput=3.77]
epoch 121: eval=0.9102
epoch 122: loss=0.151349, train_acc=0.9477, time=11.4s
per-rank: rank0[cuda0,share=0.4034,tput=2.09] rank1[cuda1,share=0.3028,tput=4.47] rank2[cuda2,share=0.2938,tput=3.54]
epoch 122: eval=0.9113
epoch 123: loss=0.152523, train_acc=0.9457, time=10.2s
per-rank: rank0[cuda0,share=0.4034,tput=2.26] rank1[cuda1,share=0.3028,tput=4.04] rank2[cuda2,share=0.2938,tput=2.62]
epoch 123: eval=0.9082
epoch 124: loss=0.144860, train_acc=0.9499, time=11.3s
per-rank: rank0[cuda0,share=0.4030,tput=2.15] rank1[cuda1,share=0.3004,tput=3.49] rank2[cuda2,share=0.2965,tput=5.36]
epoch 124: eval=0.9083
epoch 125: loss=0.147228, train_acc=0.9479, time=10.4s
per-rank: rank0[cuda0,share=0.4026,tput=2.34] rank1[cuda1,share=0.2989,tput=3.75] rank2[cuda2,share=0.2985,tput=2.62]
epoch 125: eval=0.9142
epoch 126: loss=0.146356, train_acc=0.9481, time=11.9s
per-rank: rank0[cuda0,share=0.4021,tput=2.07] rank2[cuda2,share=0.3006,tput=4.88] rank1[cuda1,share=0.2973,tput=3.94]
epoch 126: eval=0.9055
epoch 127: loss=0.145476, train_acc=0.9487, time=10.1s
per-rank: rank0[cuda0,share=0.4016,tput=2.52] rank2[cuda2,share=0.3027,tput=3.80] rank1[cuda1,share=0.2957,tput=3.06]
epoch 127: eval=0.9011
epoch 128: loss=0.138900, train_acc=0.9511, time=9.0s
per-rank: rank0[cuda0,share=0.4017,tput=3.54] rank2[cuda2,share=0.3029,tput=1.99] rank1[cuda1,share=0.2955,tput=4.21]
epoch 128: eval=0.9056
epoch 129: loss=0.141363, train_acc=0.9508, time=10.6s
per-rank: rank0[cuda0,share=0.4017,tput=2.23] rank2[cuda2,share=0.3031,tput=3.18] rank1[cuda1,share=0.2952,tput=5.22]
epoch 129: eval=0.8985
epoch 130: loss=0.138485, train_acc=0.9509, time=9.9s
per-rank: rank0[cuda0,share=0.4011,tput=2.83] rank2[cuda2,share=0.3027,tput=2.44] rank1[cuda1,share=0.2962,tput=4.00]
epoch 130: eval=0.9020
epoch 131: loss=0.133068, train_acc=0.9533, time=9.0s
per-rank: rank0[cuda0,share=0.4031,tput=2.83] rank2[cuda2,share=0.2996,tput=1.86] rank1[cuda1,share=0.2973,tput=6.50]
epoch 131: eval=0.9117
epoch 132: loss=0.139311, train_acc=0.9514, time=9.2s
per-rank: rank0[cuda0,share=0.4050,tput=2.01] rank2[cuda2,share=0.2979,tput=2.59] rank1[cuda1,share=0.2970,tput=5.87]
epoch 132: eval=0.9141
epoch 133: loss=0.141115, train_acc=0.9496, time=9.1s
per-rank: rank0[cuda0,share=0.4039,tput=2.75] rank1[cuda1,share=0.2992,tput=2.44] rank2[cuda2,share=0.2969,tput=3.89]
epoch 133: eval=0.9096
epoch 134: loss=0.136120, train_acc=0.9519, time=10.8s
per-rank: rank0[cuda0,share=0.4027,tput=2.25] rank1[cuda1,share=0.3014,tput=4.61] rank2[cuda2,share=0.2959,tput=3.64]
epoch 134: eval=0.9037
epoch 135: loss=0.133864, train_acc=0.9539, time=10.1s
per-rank: rank0[cuda0,share=0.4038,tput=2.66] rank1[cuda1,share=0.3015,tput=3.48] rank2[cuda2,share=0.2947,tput=2.69]
epoch 135: eval=0.9085
epoch 136: loss=0.134147, train_acc=0.9522, time=9.3s
per-rank: rank0[cuda0,share=0.4042,tput=4.34] rank1[cuda1,share=0.3011,tput=3.58] rank2[cuda2,share=0.2947,tput=2.47]
epoch 136: eval=0.9057
epoch 137: loss=0.132908, train_acc=0.9533, time=9.1s
per-rank: rank0[cuda0,share=0.4069,tput=3.56] rank1[cuda1,share=0.2987,tput=2.51] rank2[cuda2,share=0.2944,tput=3.36]
epoch 137: eval=0.9181
epoch 138: loss=0.128907, train_acc=0.9555, time=9.7s
per-rank: rank0[cuda0,share=0.4086,tput=1.97] rank1[cuda1,share=0.2977,tput=2.43] rank2[cuda2,share=0.2938,tput=5.44]
epoch 138: eval=0.9092
epoch 139: loss=0.134173, train_acc=0.9533, time=9.3s
per-rank: rank0[cuda0,share=0.4096,tput=2.10] rank1[cuda1,share=0.2961,tput=2.53] rank2[cuda2,share=0.2943,tput=5.67]
epoch 139: eval=0.8974
epoch 140: loss=0.131194, train_acc=0.9543, time=9.4s
per-rank: rank0[cuda0,share=0.4079,tput=2.56] rank2[cuda2,share=0.2962,tput=5.68] rank1[cuda1,share=0.2958,tput=2.14]
epoch 140: eval=0.9030
epoch 141: loss=0.131917, train_acc=0.9531, time=9.5s
per-rank: rank0[cuda0,share=0.4062,tput=1.97] rank2[cuda2,share=0.2982,tput=2.20] rank1[cuda1,share=0.2956,tput=6.62]
epoch 141: eval=0.8988
epoch 142: loss=0.131520, train_acc=0.9540, time=11.5s
per-rank: rank0[cuda0,share=0.4051,tput=2.12] rank2[cuda2,share=0.3010,tput=5.16] rank1[cuda1,share=0.2939,tput=3.63]
epoch 142: eval=0.9046
epoch 143: loss=0.128468, train_acc=0.9541, time=10.3s
per-rank: rank0[cuda0,share=0.4037,tput=2.42] rank2[cuda2,share=0.3019,tput=3.80] rank1[cuda1,share=0.2944,tput=2.71]
epoch 143: eval=0.9066
epoch 144: loss=0.128071, train_acc=0.9560, time=9.2s
per-rank: rank0[cuda0,share=0.4037,tput=2.49] rank2[cuda2,share=0.3003,tput=2.25] rank1[cuda1,share=0.2961,tput=5.92]
epoch 144: eval=0.9024
epoch 145: loss=0.127070, train_acc=0.9541, time=9.1s
per-rank: rank0[cuda0,share=0.4029,tput=3.69] rank1[cuda1,share=0.2989,tput=2.59] rank2[cuda2,share=0.2981,tput=2.95]
epoch 145: eval=0.9045
epoch 146: loss=0.125220, train_acc=0.9564, time=9.0s
per-rank: rank0[cuda0,share=0.4022,tput=2.55] rank1[cuda1,share=0.3001,tput=2.45] rank2[cuda2,share=0.2976,tput=5.30]
epoch 146: eval=0.8979
epoch 147: loss=0.125596, train_acc=0.9560, time=11.1s
per-rank: rank0[cuda0,share=0.4008,tput=2.17] rank1[cuda1,share=0.3026,tput=3.57] rank2[cuda2,share=0.2966,tput=4.71]
epoch 147: eval=0.9050
epoch 148: loss=0.126684, train_acc=0.9543, time=10.0s
per-rank: rank0[cuda0,share=0.4001,tput=2.72] rank1[cuda1,share=0.3038,tput=2.95] rank2[cuda2,share=0.2961,tput=3.70]
epoch 148: eval=0.9112
epoch 149: loss=0.121359, train_acc=0.9573, time=10.0s
per-rank: rank0[cuda0,share=0.4014,tput=3.16] rank1[cuda1,share=0.3048,tput=2.43] rank2[cuda2,share=0.2938,tput=2.74]
epoch 149: eval=0.9025
epoch 150: loss=0.113676, train_acc=0.9596, time=9.3s
per-rank: rank0[cuda0,share=0.4027,tput=2.70] rank1[cuda1,share=0.3058,tput=3.83] rank2[cuda2,share=0.2916,tput=2.63]
epoch 150: eval=0.9175
epoch 151: loss=0.082839, train_acc=0.9728, time=9.2s
per-rank: rank0[cuda0,share=0.4015,tput=3.37] rank1[cuda1,share=0.3088,tput=3.54] rank2[cuda2,share=0.2897,tput=2.30]
epoch 151: eval=0.9183
epoch 152: loss=0.080264, train_acc=0.9729, time=9.2s
per-rank: rank0[cuda0,share=0.4005,tput=3.22] rank1[cuda1,share=0.3101,tput=3.78] rank2[cuda2,share=0.2894,tput=2.17]
epoch 152: eval=0.9196
epoch 153: loss=0.076136, train_acc=0.9752, time=11.7s
per-rank: rank0[cuda0,share=0.3994,tput=2.04] rank1[cuda1,share=0.3113,tput=3.25] rank2[cuda2,share=0.2893,tput=4.51]
epoch 153: eval=0.9185
epoch 154: loss=0.072858, train_acc=0.9756, time=10.4s
per-rank: rank0[cuda0,share=0.3998,tput=2.80] rank1[cuda1,share=0.3118,tput=3.34] rank2[cuda2,share=0.2884,tput=2.66]
epoch 154: eval=0.9180
epoch 155: loss=0.072864, train_acc=0.9761, time=11.4s
per-rank: rank0[cuda0,share=0.4009,tput=2.15] rank1[cuda1,share=0.3111,tput=3.38] rank2[cuda2,share=0.2880,tput=5.33]
epoch 155: eval=0.9169
epoch 156: loss=0.071075, train_acc=0.9770, time=10.8s
per-rank: rank0[cuda0,share=0.4020,tput=2.00] rank1[cuda1,share=0.3104,tput=2.81] rank2[cuda2,share=0.2876,tput=3.70]
epoch 156: eval=0.9169
epoch 157: loss=0.070481, train_acc=0.9773, time=13.1s
per-rank: rank0[cuda0,share=0.3999,tput=1.88] rank1[cuda1,share=0.3097,tput=3.45] rank2[cuda2,share=0.2904,tput=4.89]
epoch 157: eval=0.9170
epoch 158: loss=0.069126, train_acc=0.9771, time=11.1s
per-rank: rank0[cuda0,share=0.3988,tput=2.20] rank1[cuda1,share=0.3092,tput=3.17] rank2[cuda2,share=0.2919,tput=3.77]
epoch 158: eval=0.9181
epoch 159: loss=0.068462, train_acc=0.9774, time=9.5s
per-rank: rank0[cuda0,share=0.3982,tput=3.31] rank1[cuda1,share=0.3072,tput=2.94] rank2[cuda2,share=0.2945,tput=2.65]
epoch 159: eval=0.9179
epoch 160: loss=0.067663, train_acc=0.9779, time=11.3s
per-rank: rank0[cuda0,share=0.3996,tput=2.11] rank1[cuda1,share=0.3034,tput=2.96] rank2[cuda2,share=0.2970,tput=5.39]
epoch 160: eval=0.9167
epoch 161: loss=0.068392, train_acc=0.9772, time=10.5s
per-rank: rank0[cuda0,share=0.3991,tput=2.62] rank1[cuda1,share=0.3017,tput=3.62] rank2[cuda2,share=0.2992,tput=2.68]
epoch 161: eval=0.9176
epoch 162: loss=0.064968, train_acc=0.9797, time=9.1s
per-rank: rank0[cuda0,share=0.3967,tput=3.39] rank2[cuda2,share=0.3027,tput=2.27] rank1[cuda1,share=0.3006,tput=3.77]
epoch 162: eval=0.9198
epoch 163: loss=0.067763, train_acc=0.9781, time=11.3s
per-rank: rank0[cuda0,share=0.3990,tput=2.14] rank2[cuda2,share=0.3024,tput=3.26] rank1[cuda1,share=0.2987,tput=5.24]
epoch 163: eval=0.9198
epoch 164: loss=0.066496, train_acc=0.9784, time=10.3s
per-rank: rank0[cuda0,share=0.4020,tput=2.05] rank2[cuda2,share=0.3012,tput=2.63] rank1[cuda1,share=0.2967,tput=4.26]
epoch 164: eval=0.9177
epoch 165: loss=0.065091, train_acc=0.9788, time=11.8s
per-rank: rank0[cuda0,share=0.4064,tput=2.07] rank2[cuda2,share=0.2995,tput=4.42] rank1[cuda1,share=0.2941,tput=3.95]
epoch 165: eval=0.9177
epoch 166: loss=0.064283, train_acc=0.9791, time=10.4s
per-rank: rank0[cuda0,share=0.4055,tput=2.01] rank2[cuda2,share=0.2991,tput=2.62] rank1[cuda1,share=0.2954,tput=4.34]
epoch 166: eval=0.9182
epoch 167: loss=0.065153, train_acc=0.9790, time=9.5s
per-rank: rank0[cuda0,share=0.4049,tput=3.46] rank1[cuda1,share=0.2989,tput=2.23] rank2[cuda2,share=0.2962,tput=3.45]
epoch 167: eval=0.9168
epoch 168: loss=0.064131, train_acc=0.9790, time=11.8s
per-rank: rank0[cuda0,share=0.4043,tput=2.05] rank1[cuda1,share=0.3025,tput=5.26] rank2[cuda2,share=0.2932,tput=2.96]
epoch 168: eval=0.9177
epoch 169: loss=0.061274, train_acc=0.9804, time=10.6s
per-rank: rank0[cuda0,share=0.4043,tput=2.22] rank1[cuda1,share=0.3021,tput=2.48] rank2[cuda2,share=0.2935,tput=3.97]
epoch 169: eval=0.9184
epoch 170: loss=0.062496, train_acc=0.9798, time=9.4s
per-rank: rank0[cuda0,share=0.4032,tput=3.62] rank1[cuda1,share=0.3028,tput=3.74] rank2[cuda2,share=0.2940,tput=2.24]
epoch 170: eval=0.9192
epoch 171: loss=0.060633, train_acc=0.9805, time=9.5s
per-rank: rank0[cuda0,share=0.4009,tput=3.14] rank1[cuda1,share=0.3049,tput=2.29] rank2[cuda2,share=0.2942,tput=3.26]
epoch 171: eval=0.9181
epoch 172: loss=0.061132, train_acc=0.9799, time=11.3s
per-rank: rank0[cuda0,share=0.4021,tput=2.16] rank1[cuda1,share=0.3034,tput=3.24] rank2[cuda2,share=0.2946,tput=5.15]
epoch 172: eval=0.9177
epoch 173: loss=0.061508, train_acc=0.9810, time=10.3s
per-rank: rank0[cuda0,share=0.4054,tput=2.79] rank1[cuda1,share=0.2994,tput=2.34] rank2[cuda2,share=0.2952,tput=3.87]
epoch 173: eval=0.9185
epoch 174: loss=0.061500, train_acc=0.9802, time=11.6s
per-rank: rank0[cuda0,share=0.4085,tput=2.16] rank1[cuda1,share=0.2959,tput=3.47] rank2[cuda2,share=0.2956,tput=5.08]
epoch 174: eval=0.9185
epoch 175: loss=0.059876, train_acc=0.9808, time=10.8s
per-rank: rank0[cuda0,share=0.4101,tput=2.26] rank2[cuda2,share=0.2959,tput=2.69] rank1[cuda1,share=0.2940,tput=3.57]
epoch 175: eval=0.9206
epoch 176: loss=0.059668, train_acc=0.9805, time=13.5s
per-rank: rank0[cuda0,share=0.4167,tput=1.89] rank2[cuda2,share=0.2965,tput=4.40] rank1[cuda1,share=0.2868,tput=3.82]
epoch 176: eval=0.9191
epoch 177: loss=0.058499, train_acc=0.9808, time=11.8s
per-rank: rank0[cuda0,share=0.4167,tput=2.16] rank2[cuda2,share=0.2979,tput=2.59] rank1[cuda1,share=0.2854,tput=4.05]
epoch 177: eval=0.9191
epoch 178: loss=0.058110, train_acc=0.9808, time=9.1s
per-rank: rank0[cuda0,share=0.4147,tput=2.41] rank2[cuda2,share=0.2994,tput=2.37] rank1[cuda1,share=0.2859,tput=6.04]
epoch 178: eval=0.9191
epoch 179: loss=0.058129, train_acc=0.9818, time=11.7s
per-rank: rank0[cuda0,share=0.4052,tput=2.04] rank2[cuda2,share=0.3018,tput=4.83] rank1[cuda1,share=0.2930,tput=3.67]
epoch 179: eval=0.9193
epoch 180: loss=0.057819, train_acc=0.9819, time=10.7s
per-rank: rank0[cuda0,share=0.3943,tput=2.15] rank2[cuda2,share=0.3037,tput=2.73] rank1[cuda1,share=0.3019,tput=4.18]
epoch 180: eval=0.9178
epoch 181: loss=0.058324, train_acc=0.9809, time=9.2s
per-rank: rank0[cuda0,share=0.3855,tput=3.02] rank1[cuda1,share=0.3100,tput=2.61] rank2[cuda2,share=0.3044,tput=3.57]
epoch 181: eval=0.9205
epoch 182: loss=0.055582, train_acc=0.9823, time=9.3s
per-rank: rank0[cuda0,share=0.3810,tput=2.99] rank1[cuda1,share=0.3187,tput=2.36] rank2[cuda2,share=0.3003,tput=4.49]
epoch 182: eval=0.9185
epoch 183: loss=0.057907, train_acc=0.9813, time=10.4s
per-rank: rank0[cuda0,share=0.3922,tput=2.32] rank1[cuda1,share=0.3135,tput=3.66] rank2[cuda2,share=0.2943,tput=4.03]
epoch 183: eval=0.9178
epoch 184: loss=0.055079, train_acc=0.9827, time=10.0s
per-rank: rank0[cuda0,share=0.4025,tput=2.59] rank1[cuda1,share=0.3052,tput=3.66] rank2[cuda2,share=0.2924,tput=2.47]
epoch 184: eval=0.9168
epoch 185: loss=0.056702, train_acc=0.9818, time=11.9s
per-rank: rank0[cuda0,share=0.4201,tput=2.16] rank1[cuda1,share=0.2931,tput=6.27] rank2[cuda2,share=0.2869,tput=3.04]
epoch 185: eval=0.9167
epoch 186: loss=0.057541, train_acc=0.9812, time=11.3s
per-rank: rank0[cuda0,share=0.4236,tput=1.93] rank1[cuda1,share=0.2884,tput=3.69] rank2[cuda2,share=0.2880,tput=2.98]
epoch 186: eval=0.9178
epoch 187: loss=0.055550, train_acc=0.9817, time=9.6s
per-rank: rank0[cuda0,share=0.4134,tput=2.92] rank2[cuda2,share=0.2947,tput=3.73] rank1[cuda1,share=0.2919,tput=2.29]
epoch 187: eval=0.9180
epoch 188: loss=0.055035, train_acc=0.9828, time=9.3s
per-rank: rank0[cuda0,share=0.4018,tput=3.77] rank1[cuda1,share=0.2996,tput=3.16] rank2[cuda2,share=0.2986,tput=2.28]
epoch 188: eval=0.9162
epoch 189: loss=0.054511, train_acc=0.9827, time=11.7s
per-rank: rank0[cuda0,share=0.3901,tput=2.06] rank2[cuda2,share=0.3071,tput=3.31] rank1[cuda1,share=0.3028,tput=5.32]
epoch 189: eval=0.9172
epoch 190: loss=0.052832, train_acc=0.9829, time=10.6s
per-rank: rank0[cuda0,share=0.3914,tput=2.23] rank2[cuda2,share=0.3049,tput=3.91] rank1[cuda1,share=0.3038,tput=2.71]
epoch 190: eval=0.9175
epoch 191: loss=0.052697, train_acc=0.9830, time=11.5s
per-rank: rank0[cuda0,share=0.3877,tput=2.06] rank1[cuda1,share=0.3121,tput=3.62] rank2[cuda2,share=0.3002,tput=5.13]
epoch 191: eval=0.9179
epoch 192: loss=0.050690, train_acc=0.9841, time=10.4s
per-rank: rank0[cuda0,share=0.3912,tput=2.61] rank1[cuda1,share=0.3116,tput=2.79] rank2[cuda2,share=0.2972,tput=3.79]
epoch 192: eval=0.9189
epoch 193: loss=0.053985, train_acc=0.9826, time=9.1s
per-rank: rank0[cuda0,share=0.3929,tput=2.44] rank1[cuda1,share=0.3083,tput=2.26] rank2[cuda2,share=0.2988,tput=6.22]
epoch 193: eval=0.9198
epoch 194: loss=0.052063, train_acc=0.9836, time=11.4s
per-rank: rank0[cuda0,share=0.4122,tput=2.22] rank2[cuda2,share=0.2951,tput=4.90] rank1[cuda1,share=0.2928,tput=3.67]
epoch 194: eval=0.9173
epoch 195: loss=0.054137, train_acc=0.9823, time=10.4s
per-rank: rank0[cuda0,share=0.4124,tput=2.04] rank1[cuda1,share=0.2954,tput=4.26] rank2[cuda2,share=0.2921,tput=2.70]
epoch 195: eval=0.9185
epoch 196: loss=0.053448, train_acc=0.9827, time=9.4s
per-rank: rank0[cuda0,share=0.4082,tput=3.92] rank1[cuda1,share=0.2987,tput=2.18] rank2[cuda2,share=0.2931,tput=3.24]
epoch 196: eval=0.9190
epoch 197: loss=0.051670, train_acc=0.9834, time=9.2s
per-rank: rank0[cuda0,share=0.4168,tput=2.78] rank1[cuda1,share=0.2936,tput=2.77] rank2[cuda2,share=0.2895,tput=3.36]
epoch 197: eval=0.9180
epoch 198: loss=0.051597, train_acc=0.9833, time=11.5s
per-rank: rank0[cuda0,share=0.3859,tput=2.09] rank1[cuda1,share=0.3176,tput=3.63] rank2[cuda2,share=0.2965,tput=4.86]
epoch 198: eval=0.9191
epoch 199: loss=0.052505, train_acc=0.9823, time=10.4s
per-rank: rank0[cuda0,share=0.3829,tput=1.93] rank1[cuda1,share=0.3122,tput=3.98] rank2[cuda2,share=0.3049,tput=2.84]
final eval=0.9176
# total: 1837.5s (30m 38s)
